"Time" "S" "I" "R"
0 10000 1 0
1 9997.09454389 3.61477828572 0.290677826856
2 9986.60345391 13.0555781082 1.34096798146
3 9948.86152262 47.0099206052 5.12855677704
4 9814.86616347 167.441139107 18.6926974192
5 9360.57530949 574.32584645 66.0988440602
6 8032.28096469 1749.53464121 219.184394102
7 5376.6954033 4003.60101645 620.703580252
8 2583.79820643 6063.45838911 1353.74340446
9 1022.11953944 6697.46586669 2281.41459387
10 399.105281453 6379.78049667 3222.11422188
11 167.674079197 5743.74400186 4089.58191894
12 77.5293044195 5062.28540538 4861.1852902
13 39.4117751948 4423.60320819 5537.98501661
14 21.847420343 3850.98481596 6128.1677637
15 13.0790905307 3346.4710949 6641.44981457
16 8.37596737142 2905.35995298 7087.26407965
17 5.68944413094 2521.10254715 7474.20800872
18 4.06762361175 2187.01039579 7809.92198059
19 3.04041287211 1896.84023346 8101.11935366
20 2.36209173109 1644.97272513 8353.66518314
21 1.89794526367 1426.43343872 8572.66861602
22 1.56937237646 1236.85806415 8762.57256347
23 1.33115696435 1072.43538438 8927.23345866
24 1.15404799511 929.842687411 9070.00326459
25 1.01968728733 806.191526842 9193.78878587
26 0.915932187745 698.971819143 9301.11224867
27 0.83457999336 606.004143453 9394.16127655
28 0.769954411971 525.397147951 9474.83289764
29 0.717948025253 455.507345984 9544.77470599
30 0.67572423357 394.912128842 9605.41214692
31 0.641129029329 342.375828127 9657.98304284
32 0.612573210296 296.827261145 9703.56016564
33 0.588847641466 257.337365622 9743.07378674
34 0.569023690812 223.100533859 9777.33044245
35 0.552376789414 193.418069458 9807.02955375
36 0.538339702587 167.684377888 9832.77728241
37 0.526459465264 145.374228644 9855.09931189
38 0.516372336402 126.03220987 9874.45141779
39 0.507783864259 109.263497616 9891.22871852
40 0.500453796585 94.7257738357 9905.77377237
41 0.494184683861 82.1222387559 9918.38357656
42 0.48881310535 71.1955532881 9929.31563361
43 0.484203624954 61.7226820595 9938.79311432
44 0.480242627837 53.5101838423 9947.00957353
45 0.476834888021 46.3903691001 9954.13279601
46 0.473900179817 40.2178713028 9960.30822852
47 0.471370561023 34.8666407131 9965.66198873
48 0.469188457842 30.2274148212 9970.30339672
49 0.467304885895 26.2054628602 9974.32723225
50 0.465678050025 22.718647685 9977.81567426
51 0.464272262681 19.6957729859 9980.83995475
52 0.463056964436 17.075112411 9983.46183062
53 0.462005942309 14.8031444853 9985.73484957
54 0.461096698775 12.8334768513 9987.70542645
55 0.460309886415 11.1258877977 9989.41380232
56 0.459628850596 9.64550364849 9990.8948675
57 0.459039248544 8.36209605715 9992.17886469
58 0.458528709889 7.2494552374 9993.29201605
59 0.458086561095 6.28485823429 9994.2570552
60 0.457703589624 5.44860914723 9995.09368726
61 0.45737183454 4.72362914698 9995.81899902
62 0.457084416279 4.09511252951 9996.44780305
63 0.456835388008 3.55022565589 9996.99293896
64 0.456619604591 3.07783996804 9997.46554043
65 0.456432615185 2.66830853335 9997.87525885
66 0.456270568489 2.31326896405 9998.23046047
67 0.456130129838 2.00546997207 9998.5383999
68 0.456008412588 1.73862592648 9998.80536566
69 0.455902917254 1.50728791223 9999.03680917
70 0.455811478581 1.30673107366 9999.23745745
