"Time" "S" "I" "R"
0 10000 1 0
1 9997.09453 3.61479339648 0.290676602833
2 9986.60334612 13.0556871549 1.340966721
3 9948.86092146 47.0105074328 5.12857110872
4 9814.86328901 167.443888679 18.6928223073
5 9360.56339514 574.337081898 66.0995229651
6 8032.24314607 1749.56972079 219.187133145
7 5376.62673647 4003.66248896 620.710774568
8 2583.73946148 6063.50656275 1353.75397577
9 1022.08922569 6697.48702564 2281.42374867
10 399.091816426 6379.78918341 3222.11900017
11 167.667927892 5743.75022579 4089.58184632
12 77.5262517262 5062.29277842 4861.18096985
13 39.410116313 4423.61255464 5537.97732905
14 21.846439624 3850.99599043 6128.15756995
15 13.0784660372 3346.48366933 6641.43786463
16 8.37554340636 2905.37346203 7087.25099456
17 5.68914004985 2521.11657201 7474.19428794
18 4.067394894 2187.02458796 7809.90801715
19 3.04023376891 1896.85431548 8101.10545075
20 2.36194654641 1644.98648396 8353.65156949
21 1.8978240294 1426.44671639 8572.65545958
22 1.56926850725 1236.87074844 8762.55998305
23 1.33106602216 1072.4474002 8927.22153378
24 1.15396685528 929.853989423 9069.99204372
25 1.01961371585 806.20209317 9193.77829311
26 0.915864546701 698.981646076 9301.10248938
27 0.834517058265 606.013241083 9394.15224186
28 0.769895252499 525.405536673 9474.82456807
29 0.717891922737 455.515053553 9544.76705452
30 0.675670626504 394.919188149 9605.40514122
31 0.64107747287 342.382275317 9657.97664721
32 0.612523348727 296.833134199 9703.55434245
33 0.588799187646 257.342703231 9743.06849758
34 0.56897641107 223.105374566 9777.32564902
35 0.552330492421 193.422451025 9807.02521848
36 0.538294230479 167.688336809 9832.77336896
37 0.526414687312 145.377799832 9855.09578548
38 0.51632814384 126.035426428 9874.44824543
39 0.507740166206 109.266390695 9891.22586914
40 0.500410516872 94.7283725763 9905.77121691
41 0.494141758472 82.1245702704 9918.38128797
42 0.488770480344 71.1976426817 9929.31358684
43 0.484161254792 61.724552488 9938.79128626
44 0.480200474007 53.5118565835 9947.00794294
45 0.476792917934 46.3918636506 9954.13134343
46 0.473858365829 40.2192054671 9960.30693617
47 0.471328879679 34.8678307105 9965.66084041
48 0.469146889238 30.2284753994 9970.30237771
49 0.467263413102 26.2064073907 9974.3263292
50 0.465636658662 22.719488272 9977.81487507
51 0.464230940523 19.6965205703 9980.83924849
52 0.463015701076 17.0757768588 9983.46120744
53 0.461964728898 14.8037346847 9985.73430059
54 0.46105552779 12.8340007989 9987.70494367
55 0.460268751453 11.1263526738 9989.41337857
56 0.459587746207 9.64591589654 9990.89449636
57 0.458998170103 8.3624614533 9992.17854038
58 0.458487653452 7.24977895005 9993.2917334
59 0.458045523312 6.28514488697 9994.25680959
60 0.457662567653 5.44886287175 9995.09347456
61 0.457330825957 4.72385363036 9995.81881554
62 0.45704341903 4.09531106145 9996.44764552
63 0.45679440035 3.55040116837 9996.99280443
64 0.456578625042 3.0779950716 9997.4654263
65 0.456391642489 2.66844555207 9997.87516281
66 0.456229601579 2.31338996459 9998.23038043
67 0.45608916781 2.00557679103 9998.53833404
68 0.455967454678 1.73872019583 9998.80531235
69 0.455861962815 1.50737108037 9999.03676696
70 0.455770527062 1.30680442567 9999.23742505
