"Time" "S" "I" "R"
0 10000 1 0
1 9997.13198962 3.57911327175 0.288897107271
2 9986.87803383 12.7995010885 1.32246507798
3 9950.34775706 45.6389909147 5.01325202294
4 9821.84247689 161.052369126 18.1051539815
5 9389.1510295 548.3671689 63.4818016017
6 8122.57717345 1668.99557723 209.427249312
7 5541.39111804 3865.03993934 594.568942621
8 2724.9445939 5966.60455261 1309.45085349
9 1093.57414952 6678.43604667 2228.98980381
10 429.542792367 6401.28704091 3170.17016672
11 180.794679989 5778.47986292 4041.72545709
12 83.6150265044 5098.99850514 4818.38646836
13 42.4892648169 4458.30521787 5500.20551731
14 23.5394813893 3882.43404851 6095.0264701
15 14.0830316042 3374.44560276 6612.47136564
16 9.01322010742 2930.01547434 7061.97130555
17 6.11855609466 2542.72569299 7452.15575092
18 4.3721835549 2205.91990432 7790.70791213
19 3.26649365192 1913.34817349 8084.38533286
20 2.53662821936 1659.36814976 8339.09522202
21 2.03735933745 1438.97748907 8559.98515159
22 1.68418995043 1247.78319162 8751.53261843
23 1.42807045847 1081.9468827 8917.62504684
24 1.23774768672 938.121397256 9061.64085506
25 1.09338663912 813.395739793 9186.51087357
26 0.981927246459 705.239934298 9294.77813846
27 0.894546746087 611.457109726 9388.64834353
28 0.82513911284 530.140463761 9470.03439713
29 0.769301744065 459.633187558 9540.5975107
30 0.723967739186 398.500566914 9601.77546535
31 0.686827554677 345.496691258 9654.81648119
32 0.656173388576 299.541342337 9700.80248427
33 0.630706066931 259.697598041 9740.67169589
34 0.609427793239 225.152972991 9775.23759922
35 0.591560755636 195.202818497 9805.20562075
36 0.576494954747 169.236287129 9831.18721792
37 0.563744412784 146.723644869 9853.71261072
38 0.552918602754 127.205534268 9873.24154713
39 0.54370132974 110.283686867 9890.1726118
40 0.535834669556 95.612800052 9904.85136528
41 0.529106676277 82.8934723376 9917.57742099
42 0.52334193846 71.8661011351 9928.61055693
43 0.518395033947 62.3056768738 9938.17592809
44 0.514144053288 54.01704879 9946.46880716
45 0.510486830899 46.8310458675 9953.6584673
46 0.507337221499 40.6009958862 9959.89166689
47 0.504622330396 35.1997234593 9965.29565421
48 0.50228038569 30.5169929393 9969.98072668
49 0.500258800834 26.4572139999 9974.0425272
50 0.498512733859 22.9375100085 9977.56397726
51 0.497003893724 19.8860440076 9980.6169521
52 0.495699477753 17.2405235605 9983.26377696
53 0.494571362056 14.9469425618 9985.55848608
54 0.4935954063 12.9584864518 9987.54791814
55 0.492750844474 11.2345613544 9989.2726878
56 0.492019807112 9.73997540024 9990.76800479
57 0.491386902897 8.44422203892 9992.06439106
58 0.490838855194 7.32084741229 9993.18831373
59 0.490364211122 6.34691935418 9994.16271643
60 0.489953083808 5.50255855679 9995.00748836
61 0.489596929303 4.77052630344 9995.73987677
62 0.489288365156 4.13587934018 9996.37483229
63 0.489021008734 3.58566315727 9996.92531583
64 0.488789338004 3.10864438455 9997.40256628
65 0.488588576431 2.69508568996 9997.81632573
66 0.488414590149 2.33654508289 9998.17504033
67 0.488263800078 2.02570254036 9998.48603366
68 0.488133108121 1.75621300944 9998.75565388
69 0.488019831189 1.52257518243 9998.98940499
70 0.48792164521 1.32001912468 9999.19205923
