"Time" "S" "I" "R"
0 10000 1 0
1 9997.05646306 3.65109657964 0.292440358444
2 9986.32135371 13.3189427662 1.35970352584
3 9947.31952657 48.4336061082 5.24686732496
4 9807.56404509 174.133928719 19.3020261939
5 9330.51631919 601.649457283 68.8342235275
6 7938.01723136 1833.59601198 229.386756667
7 5210.07403778 4143.26797974 647.65798248
8 2446.82611345 6155.73762773 1398.43625882
9 954.578746422 6712.96205497 2333.45919861
10 370.640345864 6357.15047483 3273.2091793
11 155.44079819 5709.16331039 4136.39589142
12 71.8546602105 5026.25942752 4902.88591227
13 36.5384157871 4389.78723916 5574.67434505
14 20.2647130713 3820.47792043 6160.2573665
15 12.1381914909 3319.43171037 6669.43009814
16 7.77754283998 2881.60299079 7111.61946637
17 5.28566199927 2500.32772857 7495.38660943
18 3.78056208222 2168.89287611 7828.32656181
19 2.82694098694 1881.06619465 8117.10686436
20 2.19701594611 1631.25354852 8367.54943553
21 1.76585787335 1414.50986655 8584.72427557
22 1.46052293316 1226.5001616 8773.03931546
23 1.23911846425 1063.44056174 8936.3203198
24 1.07447168689 922.033592117 9077.8919362
25 0.949549720614 799.413193287 9200.63725699
26 0.853068560165 693.089099257 9307.05783218
27 0.77740806596 600.899240492 9399.32335144
28 0.717296662897 520.967552523 9479.31515081
29 0.668916962459 451.664042348 9548.66704069
30 0.629633521665 391.577682551 9608.79268393
31 0.597445328052 339.483005885 9660.91954879
32 0.570874377392 294.317669772 9706.11145585
33 0.548796649835 255.160303461 9745.29089989
34 0.530348626729 221.211988401 9779.25766297
35 0.51485631634 191.779837243 9808.70530644
36 0.501792457357 166.263315996 9834.23489155
37 0.490735593272 144.141567194 9856.36769721
38 0.481347275025 124.962981936 9875.55567079
39 0.473353602905 108.33604743 9892.19059897
40 0.466531046935 93.9213080819 9906.61216087
41 0.460695872905 81.4244526072 9919.11485152
42 0.455696050149 70.5903081141 9929.95399584
43 0.451405522437 61.1977054304 9939.35088905
44 0.447718593416 53.0548370497 9947.49744436
45 0.4445466001 45.9954152844 9954.56003812
46 0.441814900132 39.8753012547 9960.68288385
47 0.439460262705 34.5695112708 9965.99102847
48 0.43742908656 29.9696961612 9970.59287475
49 0.435675791681 25.9819285877 9974.58239562
50 0.43416147493 22.5247656455 9978.04107288
51 0.432852912792 19.5276079551 9981.03953913
52 0.431721667086 16.9292546247 9983.63902371
53 0.430743336379 14.6766355804 9985.89262108
54 0.429896977163 12.7237487001 9987.84635432
55 0.429164583767 11.0307157345 9989.54011968
56 0.428530652007 9.5629570535 9991.00851229
57 0.427981829969 8.29049902017 9992.28151915
58 0.427506604619 7.18735617373 9993.38513722
59 0.427095039651 6.23099732271 9994.34190764
60 0.426738559056 5.40189282634 9995.17136861
61 0.426429753377 4.68311027702 9995.89045997
62 0.4261622182 4.05996894169 9996.51386884
63 0.425930417754 3.51974391328 9997.05432567
64 0.425729563134 3.0514020457 9997.52286839
65 0.425555510923 2.64537785712 9997.92906663
66 0.425404676158 2.29338015055 9998.28121517
67 0.425273954948 1.98821971261 9998.58650633
68 0.425160660066 1.72366405445 9998.85117529
69 0.425062464959 1.49431085342 9999.08062668
70 0.424977354154 1.29547563289 9999.27954701
