"Time" "S" "I" "R"
0 10000 1 0
1 9997.05646306 3.65109657951 0.29244035844
2 9986.32135371 13.3189427653 1.35970352578
3 9947.31952657 48.4336061031 5.24686732456
4 9807.56404511 174.133928694 19.3020261917
5 9330.5163193 601.649457183 68.8342235179
6 7938.0172317 1833.59601167 229.386756631
7 5210.07403838 4143.26797924 647.657982386
8 2446.82611393 6155.7376274 1398.43625867
9 954.578746657 6712.96205491 2333.45919843
10 370.640345963 6357.1504749 3273.20917914
11 155.440798233 5709.16331049 4136.39589128
12 71.8546602305 5026.25942763 4902.88591214
13 36.5384157973 4389.78723926 5574.67434494
14 20.2647130769 3820.47792052 6160.25736641
15 12.1381914944 3319.43171044 6669.43009806
16 7.77754284216 2881.60299085 7111.6194663
17 5.28566200075 2500.32772862 7495.38660938
18 3.78056208329 2168.89287616 7828.32656176
19 2.82694098774 1881.06619469 8117.10686432
20 2.19701594673 1631.25354856 8367.5494355
21 1.76585787385 1414.50986658 8584.72427555
22 1.46052293358 1226.50016163 8773.03931544
23 1.23911846461 1063.44056176 8936.32031978
24 1.0744716872 922.033592133 9077.89193618
25 0.94954972089 799.4131933 9200.63725698
26 0.853068560416 693.089099268 9307.05783217
27 0.777408066191 600.899240501 9399.32335143
28 0.717296663108 520.96755253 9479.31515081
29 0.668916962659 451.664042354 9548.66704068
30 0.62963352185 391.577682556 9608.79268392
31 0.597445328231 339.483005889 9660.91954878
32 0.570874377561 294.317669775 9706.11145585
33 0.548796649999 255.160303464 9745.29089989
34 0.530348626891 221.211988403 9779.25766297
35 0.514856316495 191.779837245 9808.70530644
36 0.50179245751 166.263315997 9834.23489155
37 0.490735593419 144.141567195 9856.36769721
38 0.481347275172 124.962981937 9875.55567079
39 0.473353603049 108.336047431 9892.19059897
40 0.466531047075 93.9213080824 9906.61216087
41 0.460695873046 81.4244526075 9919.11485152
42 0.455696050287 70.5903081143 9929.95399584
43 0.451405522574 61.1977054306 9939.35088905
44 0.44771859355 53.0548370498 9947.49744436
45 0.444546600236 45.9954152845 9954.56003812
46 0.441814900265 39.8753012547 9960.68288385
47 0.439460262838 34.5695112708 9965.99102847
48 0.437429086693 29.9696961612 9970.59287475
49 0.435675791812 25.9819285876 9974.58239562
50 0.434161475063 22.5247656454 9978.04107288
51 0.432852912923 19.527607955 9981.03953913
52 0.431721667217 16.9292546246 9983.63902371
53 0.430743336508 14.6766355804 9985.89262108
54 0.429896977292 12.7237487 9987.84635432
55 0.429164583897 11.0307157344 9989.54011968
56 0.428530652134 9.56295705343 9991.00851229
57 0.427981830098 8.2904990201 9992.28151915
58 0.427506604747 7.18735617367 9993.38513722
59 0.427095039779 6.23099732265 9994.34190764
60 0.426738559183 5.40189282628 9995.17136861
61 0.426429753501 4.68311027697 9995.89045997
62 0.426162218328 4.05996894164 9996.51386884
63 0.425930417879 3.51974391323 9997.05432567
64 0.425729563261 3.05140204566 9997.52286839
65 0.425555511049 2.64537785708 9997.92906663
66 0.425404676287 2.29338015052 9998.28121517
67 0.425273955076 1.98821971258 9998.58650633
68 0.425160660194 1.72366405442 9998.85117529
69 0.425062465089 1.4943108534 9999.08062668
70 0.424977354283 1.29547563287 9999.27954701
