"Time" "S" "I" "R"
0 10000 1 0
1 9997.13224267 3.57882838969 0.288928944099
2 9986.88000593 12.7974654533 1.32252861336
3 9950.35872189 45.6281412156 5.01313689259
4 9821.89463721 161.001965373 18.1033974202
5 9389.36664735 548.162085771 63.4712668767
6 8123.26786106 1668.34898188 209.383157056
7 5542.68733914 3863.86133055 594.451330309
8 2726.10512869 5965.6130788 1309.28179251
9 1094.19318285 6677.94471755 2228.8620996
10 429.823342755 6401.0350639 3170.14159334
11 180.924703696 5778.27192269 4041.80337361
12 83.6803493741 5098.76359579 4818.55605484
13 42.5251578636 4458.02837794 5500.4464642
14 23.5609157811 3882.11985589 6095.31922833
15 14.0968024801 3374.10414673 6612.79905079
16 9.02264428298 2929.65732169 7062.32003403
17 6.12536264531 2542.36019967 7452.51443768
18 4.37733414836 2205.55475814 7791.06790771
19 3.27054788483 1912.9894166 8084.74003552
20 2.53992972645 1659.02034984 8339.43972043
21 2.04012695262 1438.6439643 8560.31590875
22 1.6865696648 1247.46622644 8751.8472039
23 1.43016002727 1081.64792718 8917.9219128
24 1.23961689687 937.841240949 9061.91914215
25 1.09508537682 813.134652301 9186.77026232
26 0.983492178901 704.997787268 9295.01872055
27 0.896005351336 611.233475753 9388.8705189
28 0.826512331934 529.934696622 9470.23879105
29 0.770605753831 459.444487292 9540.78490695
30 0.725215233764 398.328031587 9601.94675318
31 0.688028592764 345.339357649 9654.97261376
32 0.657336024004 299.398218018 9700.94444596
33 0.631836807253 259.567685942 9740.80047725
34 0.610531938502 225.035290212 9775.35417785
35 0.592642646876 195.096409818 9805.31094754
36 0.57755817806 169.140235559 9831.28220626
37 0.564791936602 146.637077731 9853.79813033
38 0.553952897295 127.127627813 9873.31841929
39 0.544724458981 110.213668789 9890.24160675
40 0.536848363088 95.5499502408 9904.9132014
41 0.530112387221 82.8371226963 9917.63276492
42 0.524340890159 71.8156344522 9928.66002466
43 0.519388259569 62.2605252433 9938.2200865
44 0.515132425215 53.9766912378 9946.50817634
45 0.511471086713 46.7950058431 9953.69352307
46 0.508317986676 40.5688389541 9959.92284306
47 0.505600134735 35.1710543388 9965.32334553
48 0.503255678344 30.4914526794 9970.00529164
49 0.501231963317 26.4344775579 9974.06429048
50 0.49948408984 22.9172834185 9977.58323249
51 0.497973717922 19.8680618162 9980.63396447
52 0.496668003645 17.2245466373 9983.27878536
53 0.495538787787 14.9327556166 9985.5717056
54 0.494561900121 12.9458959677 9987.55954213
55 0.493716549314 11.2233936865 9989.28288976
56 0.49298484423 9.73007479948 9990.77694036
57 0.492351375229 8.43544902209 9992.0721996
58 0.491802850098 7.31307720953 9993.19511994
59 0.491327802654 6.3400404022 9994.1686318
60 0.49091633478 5.49647124569 9995.01261242
61 0.490559892947 4.76514175969 9995.74429835
62 0.49025108655 4.13111830167 9996.37863061
63 0.489983526058 3.58145503354 9996.92856144
64 0.489751683566 3.10492633144 9997.40532198
65 0.489550777544 2.69180178079 9997.81864744
66 0.489376669913 2.33364561622 9998.17697771
67 0.489225777999 2.02314335153 9998.48763087
68 0.489095000654 1.75395486832 9998.75695013
69 0.488981652228 1.52058328956 9998.99043506
70 0.488883406459 1.31826260684 9999.19285399
