"Time" "S" "I" "R"
0 10000 1 0
1 9997.09428001 3.6150733632 0.290646629652
2 9986.60138262 13.0577076711 1.34090970767
3 9948.84991011 47.0213819538 5.12870793959
4 9814.81047821 167.494853988 18.6946678032
5 9360.34406667 574.545479319 66.1104540103
6 8031.54579695 1750.22169783 219.232505217
7 5375.35790865 4004.81268257 620.829408781
8 2582.64997504 6064.43031087 1353.91971409
9 1021.52350981 6697.93057378 2281.5459164
10 398.838323015 6380.01670579 3222.14497119
11 167.550915424 5743.942604 4089.50648058
12 77.4675445486 5062.51337336 4861.01908209
13 39.3778728937 4423.87374083 5537.74838628
14 21.827188973 3851.2927129 6127.88009813
15 13.0660990824 3346.80611463 6641.12778629
16 8.36708199147 2905.71154929 7086.92136872
17 5.68302995047 2521.46144653 7473.85552352
18 4.06277220112 2187.36900176 7809.56822604
19 3.03659552602 1897.19258714 8100.77081733
20 2.35898441549 1645.31432631 8353.32668928
21 1.89534121881 1426.7610218 8572.34363698
22 1.56713442185 1237.16938151 8762.26348406
23 1.32919223635 1072.72900864 8926.94179913
24 1.15229094913 930.117843851 9069.7298652
25 1.01809088969 806.44795079 9193.53395832
26 0.914461866127 699.209637068 9300.87590107
27 0.833209848051 606.223775592 9393.94301456
28 0.768664720021 525.599229881 9474.6321054
29 0.716723526008 455.692663486 9544.59061299
30 0.674552981995 395.081568601 9605.24387842
31 0.640001548949 342.53033661 9657.82966184
32 0.611481915987 296.967813493 9703.42070459
33 0.587786404274 257.464941443 9742.94727215
34 0.567987519124 223.21609879 9777.21591369
35 0.551361594316 193.522561808 9806.9260766
36 0.537342107789 167.778698545 9832.68395935
37 0.525476674677 145.459234817 9855.01528851
38 0.515402023304 126.108710684 9874.37588729
39 0.506824084447 109.332251649 9891.16092427
40 0.499502920678 94.787488382 9905.7130087
41 0.493241342843 82.1775700132 9918.32918864
42 0.48787614608 71.2451073889 9929.26701647
43 0.483272074152 61.7670168475 9938.74971108
44 0.479315662906 53.549810934 9946.9708734
45 0.475911813428 46.4257564796 9954.09833171
46 0.472980405844 40.2494456659 9960.27757393
47 0.470453587792 34.8947902199 9965.63475619
48 0.468273861519 30.2524919642 9970.27923417
49 0.466392306429 26.2277868673 9974.30582083
50 0.464767181773 22.7385072165 9977.7967256
51 0.463362846163 19.7134287098 9980.82320844
52 0.462148779072 17.0907991674 9983.44705205
53 0.46109880077 14.8170736624 9985.72182754
54 0.460190441992 12.8458384932 9987.69397106
55 0.459404379175 11.1368524141 9989.40374321
56 0.458723978105 9.65522415475 9990.88605187
57 0.458134913362 8.3707094453 9992.17115564
58 0.45762482924 7.2570840112 9993.28529116
59 0.457183064769 6.29161192418 9994.25120501
60 0.456800418071 5.45458558331 9995.088614
61 0.456468937226 4.72891558448 9995.81461548
62 0.456181750395 4.09978678643 9996.44403146
63 0.455932917284 3.55435705687 9996.98971003
64 0.455717298302 3.0814902121 9997.46279249
65 0.455530447336 2.6715325284 9997.87293702
66 0.455368517087 2.31611551734 9998.22851597
67 0.455228176286 2.00798244298 9998.53678938
68 0.455106541187 1.7408428305 9998.80405063
69 0.455001114744 1.50924342095 9999.03575546
70 0.454909733769 1.30845549701 9999.23663477
