"Time" "S" "I" "R"
0 10000 1 0
1 9995.84692051 4.85632143594 0.296758056396
2 9975.72014273 23.5431925021 1.73666477264
3 9879.12035285 113.191371926 8.68827522027
4 9436.14562409 523.392310279 41.4620656312
5 7762.13250318 2057.88976589 180.97773093
6 4247.43310123 5141.84620325 611.720695521
7 1440.90402755 7176.07718526 1384.01878719
8 412.557249543 7310.95123686 2277.49151359
9 124.246028434 6741.89727519 3134.85669638
10 41.8353260471 6046.63602693 3912.52864702
11 15.8344167559 5378.52168792 4606.64389532
12 6.68141354017 4771.22229448 5223.09629198
13 3.10928201585 4228.25765516 5769.63306283
14 1.57870844133 3745.55767107 6253.86362049
15 0.865987576326 3317.36272831 6682.77128411
16 0.508707234731 2937.86339554 7062.62789722
17 0.317618720346 2601.66086586 7399.02151542
18 0.209300945809 2303.87565502 7696.91504404
19 0.144696488409 2040.1463762 7960.70892731
20 0.104335892152 1806.5908032 8194.30486091
21 0.0780554272187 1599.76170588 8401.16023869
22 0.0604010561347 1416.60741891 8584.33218003
23 0.0481284870075 1254.41904943 8746.53282208
24 0.0393605224817 1110.79763908 8890.16300039
25 0.0329498708161 983.618758526 9017.3482916
26 0.0281724772449 871.001470152 9129.97035737
27 0.0244896272943 771.27607166 9229.69943871
28 0.02164648707 682.968873367 9318.00948015
29 0.0194018760085 604.772021143 9396.20857698
30 0.0176093948085 535.528164486 9465.45422612
31 0.0161613040618 474.212328442 9526.77151025
32 0.0149785216618 419.916810167 9581.06821131
33 0.0140036867124 371.837884605 9629.14811171
34 0.013193028366 329.263633937 9671.72317303
35 0.0125146141327 291.564005563 9709.42347982
36 0.0119431162875 258.18085911 9742.80719777
37 0.0114589792556 228.619965781 9772.36857524
38 0.0110466885544 202.443674392 9798.54527892
39 0.0106940143323 179.264485881 9821.7248201
40 0.0103911310616 158.739234652 9842.25037422
41 0.0101300931328 140.5640519 9860.42581801
42 0.00990439292218 124.469831157 9876.52026445
43 0.00970875128587 110.218375481 9890.77191577
44 0.0095387345209 97.5986603591 9903.39180091
45 0.00939068148909 86.4238885966 9914.56672072
46 0.00926149364386 76.5285772483 9924.46216126
47 0.00914858849319 67.7662630664 9933.22458835
48 0.00904975821686 60.0072001935 9940.98375005
49 0.00896313709382 53.1365364963 9947.85450037
50 0.00888712636151 47.0525449796 9953.93856789
51 0.00882035685936 41.6651480606 9959.32603158
52 0.00876165195768 36.8945993918 9964.09663896
53 0.00870999438303 32.6702593369 9968.32103067
54 0.00866450650574 28.9296026861 9972.06173281
55 0.00862442481775 25.6172354851 9975.37414009
56 0.00858908760165 22.6841297452 9978.30728117
57 0.00855791712638 20.0868539081 9980.90458817
58 0.00853041015398 17.7869608692 9983.20450872
59 0.00850612649629 15.750399936 9985.24109394
60 0.00848468094046 13.9470185083 9987.04449681
61 0.00846573606941 12.3501215158 9988.64141275
62 0.00844899558615 10.9360627276 9990.05548828
63 0.00843419956618 9.68391253176 9991.30765327
64 0.00842111922975 8.57512834974 9992.41645053
65 0.00840955354397 7.59329862047 9993.39829183
66 0.00839932533927 6.72388493763 9994.26771574
67 0.00839027863367 5.95401721147 9995.03759251
68 0.00838227589338 5.27229752844 9995.7193202
69 0.00837519581 4.66863252886 9996.32299228
70 0.00836893138694 4.13408631644 9996.85754475
