"Time" "S" "I" "R"
0 10000 1 0
1 9997.13225074 3.57882113025 0.288928134603
2 9986.88006359 12.7974135947 1.32252281381
3 9950.35902915 45.6278649991 5.01310584774
4 9821.89606421 161.000684507 18.1032512864
5 9389.37245324 548.156901998 63.4706447608
6 8123.28620688 1668.33290853 209.38088459
7 5542.7211633 3863.83364645 594.445190247
8 2726.13448568 5965.59455368 1309.27096065
9 1094.20802376 6677.94351226 2228.84846398
10 429.829553141 6401.04336928 3170.12707758
11 180.927300273 5778.28373336 4041.78896637
12 83.6815058975 5098.7763021 4818.542192
13 42.5257148166 4458.04094682 5500.43333837
14 23.5612053466 3882.13187158 6095.30692308
15 14.0969639137 3374.11544078 6612.7875953
16 9.02274006502 2929.66783273 7062.30942721
17 6.12542262647 2542.36991728 7452.50466009
18 4.37737358584 2205.56369803 7791.05892838
19 3.27057489119 1912.99760894 8084.73181617
20 2.53994889874 1659.02783269 8339.43221842
21 2.04014098612 1438.65077999 8560.30907903
22 1.68658025061 1247.47241917 8751.84100058
23 1.43016816537 1081.65354148 8917.91629036
24 1.23962329516 937.846320849 9061.91405586
25 1.09509049497 813.139240407 9186.7656691
26 0.983496335148 705.001924369 9295.0145793
27 0.896008770153 611.237200533 9388.8667907
28 0.826515175875 529.938045482 9470.23543934
29 0.770608146267 459.447494353 9540.7818975
30 0.725217262203 398.330728454 9601.94405428
31 0.688030325553 345.341773613 9654.97019606
32 0.657337514016 299.400380069 9700.94228242
33 0.631838095955 259.569618868 9740.79854304
34 0.610533058785 225.0370167 9775.35245024
35 0.592643625318 195.097950585 9805.30940579
36 0.577559035988 169.141609448 9831.28083152
37 0.564792691677 146.638301871 9853.79690544
38 0.553953564151 127.128717731 9873.3173287
39 0.544725049811 110.214638527 9890.24063642
40 0.536848888149 95.5508124841 9904.91233863
41 0.5301128552 82.8378888817 9917.63199826
42 0.524341308461 71.8163148773 9928.65934381
43 0.519388634504 62.2611291623 9938.2194822
44 0.51513276223 53.9772269626 9946.50764028
45 0.51147139053 46.7954808319 9953.69304778
46 0.508318261362 40.5692598831 9959.92242186
47 0.50560038384 35.1714271838 9965.32297243
48 0.503255904963 30.4917827859 9970.00496131
49 0.501232170143 26.434769697 9974.06399813
50 0.499484279242 22.9175418492 9977.58297387
51 0.497973891979 19.868290338 9980.63373577
52 0.496668164178 17.2247486329 9983.2785832
53 0.495538936395 14.9329340993 9985.57152696
54 0.494562038222 12.9460536192 9987.55938434
55 0.493716678142 11.2235328895 9989.28275043
56 0.49298496488 9.73019767264 9990.77681736
57 0.492351488667 8.4355574467 9992.07209106
58 0.491802957173 7.3131728548 9993.19502419
59 0.491327904117 6.34012474963 9994.16854735
60 0.490916431296 5.49654560841 9995.01253796
61 0.490559985097 4.76520730128 9995.74423271
62 0.490251174855 4.1311760533 9996.37857277
63 0.489983610971 3.58150590774 9996.92851048
64 0.489751765488 3.10497113584 9997.4052771
65 0.48955085683 2.69184123018 9997.81860791
66 0.489376746873 2.33368034231 9998.17694291
67 0.489225852916 2.02317391276 9998.48760023
68 0.48909507377 1.75398175839 9998.75692317
69 0.488981723756 1.52060694426 9998.99041133
70 0.48888347659 1.31828341104 9999.19283311
