"Time" "S" "I" "R"
0 10000 1 0
1 9997.09454213 3.61478189913 0.290675967262
2 9986.60343535 13.0556041961 1.34096045205
3 9948.86140626 47.0100611711 5.12853257053
4 9814.86557319 167.441800098 18.6926267085
5 9360.57277083 574.328576585 66.098652582
6 8032.27265415 1749.54345134 219.183894516
7 5376.67970951 4003.61813613 620.702154358
8 2583.78388343 6063.47664479 1353.73947178
9 1022.11137989 6697.48201331 2281.40660679
10 399.101179626 6379.7968763 3222.10194407
11 167.671945119 5743.76203639 4089.56601849
12 77.5281080326 5062.30519951 4861.16669246
13 39.4110516205 4423.62433885 5537.96460953
14 21.8469519463 3851.00674192 6128.14630614
15 13.0787688402 3346.49330962 6641.42792154
16 8.37573483885 2905.38203177 7087.24223339
17 5.68926843783 2521.12415457 7474.18657699
18 4.06748564977 2187.03127861 7809.90123574
19 3.04030087778 1896.86020906 8101.09949006
20 2.36199815786 1644.99166952 8353.64633232
21 1.89786510893 1426.45127534 8572.65085955
22 1.56930220844 1236.8747541 8762.55594369
23 1.33109438189 1072.4509181 8927.21798751
24 1.15399127194 929.857077846 9069.98893088
25 1.01963515232 806.2048037 9193.77556115
26 0.915883689937 698.984024297 9301.10009201
27 0.834534410116 606.015327276 9394.15013831
28 0.76991118456 525.40736632 9474.8227225
29 0.717906716653 455.51665792 9544.76543536
30 0.675684497688 394.920594727 9605.40372078
31 0.641090589141 342.383508294 9657.97540112
32 0.612535842671 296.834214838 9703.55324932
33 0.588811165007 257.343650224 9743.06753861
34 0.568987957035 223.106204329 9777.32480771
35 0.552341676346 193.423177981 9807.02448034
36 0.538305109068 167.688973613 9832.77272128
37 0.526425307451 145.378357599 9855.09521709
38 0.516338544488 126.035914913 9874.44774654
39 0.507750379889 109.266818456 9891.22543116
40 0.50042057089 94.7287471232 9905.77083231
41 0.494151675839 82.1248981896 9918.38095013
42 0.488780280528 71.1979297488 9929.31328997
43 0.484170954314 61.7248037674 9938.79102528
44 0.480210086936 53.5120765148 9947.0077134
45 0.476802456289 46.3920561283 9954.13114142
46 0.473867839877 40.2193739025 9960.30675826
47 0.471338298226 34.8679780925 9965.66068361
48 0.469156259847 30.2286043497 9970.30223939
49 0.467272742273 26.2065202043 9974.32620705
50 0.465645951994 22.7195869596 9977.81476709
51 0.464240202838 19.6966068945 9980.8391529
52 0.46302493654 17.0758523618 9983.4611227
53 0.461973941103 14.8038007177 9985.73422534
54 0.461064719844 12.8340585459 9987.70487673
55 0.460277926042 11.1264031701 9989.4133189
56 0.459596905654 9.64596004937 9990.89444304
57 0.459007316418 8.36250005712 9992.17849263
58 0.45849678838 7.24981269947 9993.29169051
59 0.458054648361 6.28517439038 9994.25677096
60 0.457671684131 5.44888866177 9995.09343965
61 0.457339934999 4.72387617262 9995.81878389
62 0.457052521619 4.09533076372 9996.44761671
63 0.456803497338 3.55041838736 9996.99277812
64 0.456587717168 3.07801011922 9997.46540216
65 0.456400730396 2.66845870138 9997.87514057
66 0.456238685823 2.31340145435 9998.23035986
67 0.456098248871 2.00558683001 9998.53831492
68 0.455976532981 1.73872896675 9998.8052945
69 0.455871038723 1.50737874292 9999.03675022
70 0.455779600887 1.3068111195 9999.23740928
