"Time" "S" "I" "R"
0 10000 1 0
1 9997.09940577 3.61047471334 0.29011951634
2 9986.63830747 13.0245467203 1.33714581249
3 9949.04836867 46.8431256533 5.10850567297
4 9815.73951363 166.661399903 18.5990864653
5 9364.14107216 571.157330515 65.7015973257
6 8043.45909175 1739.80153735 217.739370907
7 5396.68088021 3987.47958012 616.839539675
8 2600.41928657 6053.58499935 1346.99571408
9 1030.2634252 6697.82331258 2272.91326222
10 402.447239125 6385.57536382 3212.97739706
11 169.04961548 5751.55129589 4080.39908863
12 78.1320009907 5070.63015578 4852.23784323
13 39.6965169008 4431.88867393 5529.41480917
14 21.9920955037 3858.95795888 6120.04994562
15 13.1575721112 3354.01926139 6633.8231665
16 8.42101635426 2912.43394788 7080.14503577
17 5.71656662015 2527.68525471 7467.59817867
18 4.08464248776 2193.10260835 7803.81274916
19 3.05143669077 1902.45358881 8095.4949745
20 2.36940640082 1650.12555451 8348.50503908
21 1.90288000084 1431.14824037 8567.94887963
22 1.57273304624 1241.15979155 8758.2674754
23 1.33343224462 1076.35026761 8923.31630014
24 1.15556335315 933.397396284 9066.44704036
25 1.02065333354 809.412519823 9190.56682684
26 0.916492273071 701.884910286 9298.19859744
27 0.834834318082 608.634227673 9391.53093801
28 0.769973572462 527.767950234 9472.46207619
29 0.717783650531 457.641304473 9542.64091188
30 0.675413618259 396.830291062 9603.49429532
31 0.640700200272 344.097840137 9656.26145966
32 0.612047629671 298.371362492 9702.01658988
33 0.588241895297 258.720417797 9741.69134031
34 0.568350762464 224.338058468 9776.09359077
35 0.551647090855 194.524313867 9805.92403904
36 0.537561504178 168.672366679 9831.79007182
37 0.525639585594 146.255849196 9854.21851122
38 0.515516417709 126.818280341 9873.66620324
39 0.50689660368 109.963838372 9890.52926502
40 0.499539152188 95.3492844828 9905.15117636
41 0.49324602358 82.6769682181 9917.82978576
42 0.487853310731 71.6887679586 9928.82337873
43 0.483225177764 62.1609318652 9938.35584296
44 0.479247681957 53.8993642223 9946.6213881
45 0.475825333417 46.7357819469 9953.78839272
46 0.472877662201 40.5242741889 9960.00284815
47 0.470336530201 35.1382994934 9965.39136398
48 0.468144197583 30.4681528069 9970.063703
49 0.46625152651 26.418699211 9974.11504926
50 0.464616595073 22.9074390819 9977.62794432
51 0.463203605224 19.8628508248 9980.67394557
52 0.461981895683 17.2229124065 9983.3151057
53 0.460925167554 14.9338390777 9985.60523575
54 0.460010847008 12.9490023576 9987.5909868
55 0.459219516584 11.2279668526 9989.31281363
56 0.458534461635 9.73566950783 9990.80579603
57 0.457941285609 8.44171243177 9992.10034628
58 0.457427569052 7.31973302117 9993.22283941
59 0.456982595879 6.3468732573 9994.19614415
60 0.456597115146 5.50331635568 9995.04008653
61 0.456263131313 4.7718752587 9995.77186161
62 0.455973734439 4.13764861095 9996.40637765
63 0.455722950226 3.58771720091 9996.95655985
64 0.455505609003 3.11087630286 9997.43361809
65 0.455317238249 2.69741168092 9997.84727108
66 0.455153967067 2.33890076263 9998.20594527
67 0.455012443377 2.02803894202 9998.51694861
68 0.454889765118 1.75849348122 9998.78661675
69 0.454783418865 1.52477337235 9999.02044321
70 0.454691227043 1.32211661472 9999.22319216
