"Time" "S" "I" "R"
0 10000 1 0
1 9997.09446097 3.61484371463 0.290695311472
2 9986.60288227 13.0560501061 1.34106762883
3 9948.85852123 47.0124580958 5.12902066957
4 9814.85230523 167.452994049 18.6947007244
5 9360.51920614 574.373864839 66.106929021
6 8032.10655123 1749.68040477 219.213043997
7 5376.3875186 4003.83199728 620.780484113
8 2583.54785673 6063.56901856 1353.88312471
9 1022.00153015 6697.39626043 2281.60220942
10 399.059805458 6379.61013491 3222.33005963
11 167.65708771 5743.53035165 4089.81256064
12 77.5228686359 5062.05514199 4861.42198938
13 39.4093457001 4423.36891841 5538.22173589
14 21.8465747423 3850.75323441 6128.40019084
15 13.0788927493 3346.24624521 6641.67486204
16 8.37603868942 2905.1443772 7087.47958411
17 5.68962489448 2520.89785327 7474.41252184
18 4.06784409917 2186.81754507 7810.11461083
19 3.04064311221 1896.65971497 8101.29964192
20 2.36231891735 1644.80467852 8353.83300256
21 1.89816431642 1426.27774396 8572.82409173
22 1.56958178467 1236.71441058 8762.71600763
23 1.33135699407 1072.3033246 8927.36531841
24 1.15423935383 929.721679338 9070.12408131
25 1.0198710171 806.080967567 9193.89916142
26 0.916109329009 698.871070787 9301.21281988
27 0.834751494096 605.91255227 9394.25269624
28 0.770121133517 525.314060632 9474.91581823
29 0.718110711718 455.432121004 9544.84976828
30 0.675883533615 394.844144939 9605.47997153
31 0.64128549825 342.314490172 9658.04422433
32 0.612727315507 296.772004187 9703.6152685
33 0.588999778845 257.28765734 9743.12334288
34 0.569174195185 223.055875999 9777.37494981
35 0.552525940608 193.377998011 9807.06947605
36 0.538487739193 167.648463103 9832.81304916
37 0.526606585758 145.342073812 9855.1313196
38 0.516518706663 126.003450239 9874.48003105
39 0.507929623291 109.237798985 9891.25427139
40 0.500599060353 94.7028307938 9905.79657015
41 0.494329548768 82.1017729706 9918.40389748
42 0.488957651549 71.1773117349 9929.33373061
43 0.484347918829 61.7064351819 9938.8092169
44 0.480386724194 53.4957238158 9947.02388946
45 0.476978831535 46.3775080182 9954.14551315
46 0.474044007298 40.2064396815 9960.31951631
47 0.47151430238 34.8564858821 9965.67199982
48 0.469332137118 30.2183993622 9970.3122685
49 0.46744852255 26.1974633688 9974.33508811
50 0.465821659529 22.7115534271 9977.82262491
51 0.464415857177 19.689484665 9980.84609948
52 0.463200553475 17.0695411743 9983.46725827
53 0.462149533201 14.7982108418 9985.73963963
54 0.461240297011 12.829109743 9987.70964996
55 0.460453496076 11.1220238256 9989.41752268
56 0.459772474558 9.64208623987 9990.89814129
57 0.459182888733 8.35907476914 9992.18174234
58 0.458672367507 7.2467851718 9993.29454246
59 0.458230236743 6.28249941543 9994.25927035
60 0.457847283447 5.44652601199 9995.0956267
61 0.457515546339 4.72179010099 9995.82069435
62 0.457228145593 4.09348949513 9996.44928236
63 0.456979134189 3.54879370607 9996.99422716
64 0.456763366858 3.07657699171 9997.46665964
65 0.456576392668 2.66719491285 9997.87622869
66 0.456414360267 2.31228731383 9998.23129833
67 0.456273934971 2.0046048914 9998.53912117
68 0.456152230134 1.73786377118 9998.805984
69 0.456046746291 1.50661660906 9999.03733664
70 0.455955318204 1.30613994034 9999.23790474
