"Time" "S" "I" "R"
0 10000 1 0
1 9997.09446448 3.61483648542 0.290699029962
2 9986.6029194 13.055997912 1.34108268381
3 9948.85875407 47.0121768618 5.12906906494
4 9814.85348636 167.45167157 18.6948420693
5 9360.52428583 574.368402508 66.1073116655
6 8032.1231795 1749.66277844 219.214042062
7 5376.41891726 4003.79774975 620.783332986
8 2583.57650981 6063.53250533 1353.89098486
9 1022.01785182 6697.36397181 2281.61817637
10 399.068009872 6379.57738368 3222.35460644
11 167.661356066 5743.49429244 4089.84435149
12 77.5252614521 5062.01556467 4861.45917388
13 39.4107928515 4423.32666874 5538.26253841
14 21.8475115322 3850.70939457 6128.4430939
15 13.0795361289 3346.20182807 6641.7186358
16 8.37650375663 2905.10023195 7087.52326429
17 5.68997628574 2520.85465067 7474.45537305
18 4.06812003038 2186.77579147 7810.1560885
19 3.04086710969 1896.61977548 8101.33935741
20 2.36250607374 1644.76680106 8353.87069287
21 1.89832463659 1426.2420816 8572.85959376
22 1.56972213192 1236.68104109 8762.74923678
23 1.33148217056 1072.27226704 8927.39625079
24 1.15435281205 929.692907835 9070.15273935
25 1.01997529921 806.054422682 9193.92560202
26 0.916206336893 698.846668778 9301.23712489
27 0.834842672979 605.890192393 9394.27496493
28 0.770207600839 525.293631145 9474.93616125
29 0.718193341556 455.413503884 9544.86830277
30 0.675963018111 394.82721944 9605.49681754
31 0.641362391456 342.299135644 9658.05950196
32 0.612802063673 296.758102166 9703.62909577
33 0.589072744764 257.275093086 9743.13583417
34 0.569245675817 223.044539616 9777.38621471
35 0.552596179892 193.367785152 9807.07961867
36 0.538556939458 167.639275492 9832.82216757
37 0.526674914674 145.333819418 9855.13950567
38 0.516586303836 125.996043369 9874.48737033
39 0.507996605427 109.23116024 9891.26084315
40 0.500665525195 94.6968868952 9905.80244758
41 0.494395578309 82.0964565404 9918.40914788
42 0.489023314733 71.1725610303 9929.33841566
43 0.484413273683 61.70219378 9938.81339295
44 0.480451819611 53.4919402985 9947.02760788
45 0.47704370865 46.3741356186 9954.14882067
46 0.474108700857 40.2034359825 9960.32245532
47 0.47157884168 34.8538124806 9965.67460868
48 0.46939654684 30.2160215323 9970.31458192
49 0.467512823538 26.1953497887 9974.33713739
50 0.46588586936 22.7096758781 9977.82443825
51 0.464479990644 19.6878177496 9980.84770226
52 0.463264623064 17.0680620851 9983.46867329
53 0.462213549417 14.7968991086 9985.74088734
54 0.461304268691 12.8279470119 9987.71074872
55 0.460517430653 11.1209936723 9989.4184889
56 0.459836378275 9.64117396961 9990.89898965
57 0.459246766828 8.35826724644 9992.18248599
58 0.458736224378 7.2460706759 9993.2951931
59 0.458294076067 6.2818674873 9994.25983844
60 0.457911108299 5.44596732711 9995.09612156
61 0.45757935929 4.72129635803 9995.82112428
62 0.457291948785 4.09305330277 9996.44965475
63 0.457042929404 3.54840849014 9996.99454858
64 0.456827155578 3.07623691028 9997.46693593
65 0.456640176126 2.66689477429 9997.87646505
66 0.45647813948 2.31202250971 9998.23149935
67 0.456337710777 2.00437133313 9998.53929096
68 0.456216003229 1.73765783134 9998.80612617
69 0.45611051724 1.50643507323 9999.03745441
70 0.456019087476 1.30597996064 9999.23800095
