"Time" "S" "I" "R"
0 10000 1 0
1 9997.13225073 3.57882113282 0.288928135043
2 9986.88006357 12.7974136131 1.32252281657
3 9950.35902904 45.6278650967 5.01310586138
4 9821.89606369 161.000684959 18.1032513477
5 9389.37245116 548.156903827 63.4706450143
6 8123.28620032 1668.33291417 209.380885502
7 5542.72115127 3863.83365602 594.445192716
8 2726.13447532 5965.59455959 1309.2709651
9 1094.2080186 6677.94351161 2228.84846978
10 429.829551034 6401.04336495 3170.12708402
11 180.927299423 5778.28372756 4041.78897301
12 83.6815055368 5098.77629583 4818.54219863
13 42.5257146536 4458.04094051 5500.43334484
14 23.5612052685 3882.13186543 6095.3069293
15 14.0969638746 3374.11543489 6612.78760123
16 9.02274004485 2929.66782715 7062.30943281
17 6.12542261604 2542.36991204 7452.50466534
18 4.37737358061 2205.56369314 7791.05893328
19 3.27057488888 1912.9976044 8084.73182071
20 2.53994889813 1659.02782849 8339.43222261
21 2.04014098652 1438.65077613 8560.30908289
22 1.68658025161 1247.47241563 8751.84100412
23 1.43016816677 1081.65353824 8917.91629359
24 1.23962329681 937.846317894 9061.91405881
25 1.09509049678 813.139237719 9186.76567178
26 0.983496337065 705.001921929 9295.01458173
27 0.896008772144 611.237198323 9388.86679291
28 0.826515177918 529.938043483 9470.23544134
29 0.770608148347 459.447492549 9540.7818993
30 0.725217264306 398.330726828 9601.94405591
31 0.688030327676 345.34177215 9654.97019752
32 0.657337516153 299.400378754 9700.94228373
33 0.631838098107 259.569617687 9740.79854421
34 0.610533060948 225.037015641 9775.3524513
35 0.592643627491 195.097949637 9805.30940674
36 0.577559038169 169.1416086 9831.28083236
37 0.564792693867 146.638301113 9853.79690619
38 0.553953566348 127.128717054 9873.31732938
39 0.544725052016 110.214637923 9890.24063703
40 0.53684889036 95.5508119457 9904.91233916
41 0.530112857421 82.8378884021 9917.63199874
42 0.524341310684 71.8163144503 9928.65934424
43 0.519388636736 62.2611287824 9938.21948258
44 0.515132764467 53.9772266249 9946.50764061
45 0.511471392771 46.7954805319 9953.69304808
46 0.508318263604 40.5692596167 9959.92242212
47 0.50560038609 35.1714269474 9965.32297267
48 0.503255907217 30.4917825762 9970.00496152
49 0.501232172401 26.4347695111 9974.06399832
50 0.499484281503 22.9175416845 9977.58297403
51 0.497973894244 19.8682901921 9980.63373591
52 0.496668166445 17.2247485037 9983.27858333
53 0.495538938665 14.9329339851 9985.57152708
54 0.494562040492 12.9460535181 9987.55938444
55 0.493716680416 11.2235328001 9989.28275052
56 0.492984967155 9.73019759364 9990.77681744
57 0.492351490946 8.4355573769 9992.07209113
58 0.491802959454 7.31317279315 9993.19502425
59 0.4913279064 6.3401246952 9994.1685474
60 0.490916433579 5.49654556037 9995.01253801
61 0.490559987384 4.76520725889 9995.74423275
62 0.49025117714 4.13117601591 9996.37857281
63 0.489983613257 3.58150587476 9996.92851051
64 0.489751767775 3.10497110678 9997.40527713
65 0.489550859118 2.69184120456 9997.81860794
66 0.489376749163 2.33368031973 9998.17694293
67 0.489225855206 2.02317389288 9998.48760025
68 0.489095076062 1.75398174089 9998.75692318
69 0.488981726048 1.52060692884 9998.99041135
70 0.48888347888 1.31828339747 9999.19283312
