"Time" "S" "I" "R"
0 10000 1 0
1 9997.09427825 3.61507697804 0.290644770297
2 9986.60136405 13.0577337715 1.34090217912
3 9948.84979367 47.021522598 5.12868373591
4 9814.8098875 167.495515395 18.6945971035
5 9360.34152614 574.548211282 66.1102625787
6 8031.53748089 1750.23051332 219.232005787
7 5375.34220853 4004.82980838 620.827983095
8 2582.63565128 6064.4485674 1353.91578132
9 1021.51535188 6697.9467191 2281.53792902
10 398.83422262 6380.0330842 3222.13269318
11 167.548782325 5743.96063759 4089.49058008
12 77.4663488228 5062.53316682 4861.00048436
13 39.377149783 4423.8948711 5537.72797912
14 21.8267209157 3851.31463879 6127.8586403
15 13.0657776509 3346.82832963 6641.10589272
16 8.36684966395 2905.73362874 7086.8995216
17 5.68285442511 2521.48305497 7473.83409061
18 4.06263438033 2187.38988593 7809.54747969
19 3.03648365353 1897.21256441 8100.75095193
20 2.3588909497 1645.33327265 8353.3078364
21 1.89526116059 1426.7788606 8572.32587824
22 1.56706434194 1237.18607384 8762.24686182
23 1.32912973548 1072.74454488 8926.92632538
24 1.15223430238 930.132236916 9069.71552878
25 1.01803882701 806.461230349 9193.52073082
26 0.914413437356 699.221844957 9300.86374161
27 0.833164331207 606.234962156 9393.93187351
28 0.768621556865 525.60945097 9474.62192747
29 0.716682279932 455.701978097 9544.58133962
30 0.674513307225 395.090037097 9605.2354496
31 0.639963168715 342.538019311 9657.82201752
32 0.611444607375 296.974769629 9703.41378576
33 0.58774998606 257.471228387 9742.94102163
34 0.567951842961 223.221771495 9777.21027666
35 0.551326538354 193.527672455 9806.92100101
36 0.537307570952 167.783296281 9832.67939615
37 0.525442573204 145.463365668 9855.01119176
38 0.515368287459 126.112417509 9874.3722142
39 0.506790655925 109.335574158 9891.15763519
40 0.49946975065 94.7904632291 9905.71006702
41 0.493208390342 82.1802308999 9918.32656071
42 0.487843376668 71.2474852 9929.26467142
43 0.483239458832 61.7691398074 9938.74762073
44 0.479283177248 53.5517047647 9946.96901206
45 0.475879436883 46.4274445772 9954.09667599
46 0.472948121049 40.2509492511 9960.27610263
47 0.470421380107 34.8961285058 9965.63345011
48 0.46824171861 30.2536823251 9970.27807596
49 0.466360217879 26.2288449745 9974.30479481
50 0.464735138799 22.7394471896 9977.79581767
51 0.463330841372 19.7142632569 9980.8224059
52 0.462116806222 17.0915397011 9983.44634349
53 0.46106685461 14.8177304261 9985.72120272
54 0.460158518106 12.8464206717 9987.69342081
55 0.459372473844 11.1373682266 9989.4032593
56 0.458692088208 9.65568095544 9990.88562696
57 0.458103036282 8.37111380809 9992.17078316
58 0.457592962783 7.25744180218 9993.28496524
59 0.457151207091 6.29192837819 9994.25092041
60 0.456768567632 5.4548653674 9995.08836606
61 0.456437092742 4.7291628538 9995.81440005
62 0.456149910799 4.10000524075 9996.44384485
63 0.455901081679 3.55454998699 9996.98954893
64 0.455685465944 3.08166054242 9997.46265399
65 0.455498617615 2.67168285787 9997.87281852
66 0.455336689491 2.31624815298 9998.22841516
67 0.455196350395 2.00809943171 9998.53670422
68 0.455074716658 1.74094598838 9998.80397929
69 0.45496929129 1.50933435732 9999.03569635
70 0.454877911159 1.30853563777 9999.23658645
