"Time" "S" "I" "R"
0 10000 1 0
1 9997.13225 3.57882183088 0.288928173444
2 9986.88005821 12.7974186 1.32252319373
3 9950.35900017 45.627891663 5.01310816259
4 9821.89592886 161.000808208 18.103262933
5 9389.37190047 548.157403299 63.47069623
6 8123.28445441 1668.33446953 209.381076062
7 5542.71791808 3863.83637526 594.44570666
8 2726.131647 5965.59650505 1309.27184795
9 1094.20656869 6677.94390292 2228.8495284
10 429.828930947 6401.04292467 3170.12814438
11 180.927032267 5778.28300818 4041.78995955
12 83.6813819475 5098.77552883 4818.54308922
13 42.5256523843 4458.04020938 5500.43413824
14 23.5611711734 3882.13119719 6095.30763163
15 14.0969437365 3374.11483539 6612.78822087
16 9.02272731863 2929.66729424 7062.30997844
17 6.12541408505 2542.36944067 7452.50514524
18 4.37736755247 2205.56327742 7791.05935503
19 3.27057043375 1912.99723841 8084.73219116
20 2.53994547264 1659.02750667 8339.43254786
21 2.04013826134 1438.65049337 8560.30936837
22 1.68657801473 1247.47216735 8751.84125464
23 1.43016628569 1081.65332034 8917.91651338
24 1.2396216774 937.846126721 9061.9142516
25 1.09508907508 813.139070045 9186.76584088
26 0.983495067463 705.001774905 9295.01473003
27 0.896007621475 611.237069435 9388.86692294
28 0.826514121509 529.937930518 9470.23555536
29 0.770607167306 459.447393552 9540.78199928
30 0.72521634447 398.330640088 9601.94414357
31 0.688029457899 345.34169616 9654.97027438
32 0.657336687638 299.400312192 9700.94235112
33 0.631837303836 259.569559391 9740.79860331
34 0.610532295274 225.03696459 9775.35250311
35 0.592642885809 195.097904936 9805.30945218
36 0.577558316725 169.141569464 9831.28087222
37 0.564791989551 146.638266852 9853.79694116
38 0.553952876573 127.128687065 9873.31736006
39 0.544724374629 110.214611675 9890.24066395
40 0.536848223552 95.5507889747 9904.9123628
41 0.53011219966 82.8378683007 9917.6320195
42 0.524340660688 71.8162968617 9928.65936248
43 0.519387993405 62.2611133939 9938.21949861
44 0.515132126871 53.9772131625 9946.50765471
45 0.511470760113 46.7954687553 9953.69306048
46 0.508317635205 40.5692493158 9959.92243305
47 0.505599761362 35.171417938 9965.3229823
48 0.503255285663 30.491774697 9970.00497002
49 0.50123155359 26.4347626208 9974.06400583
50 0.499483665064 22.9175356596 9977.58298068
51 0.497973279857 19.8682849242 9980.6337418
52 0.496667553834 17.224743898 9983.27858855
53 0.495538327594 14.9329299586 9985.57153171
54 0.494561430753 12.9460499983 9987.55938857
55 0.493716071829 11.2235297235 9989.2827542
56 0.492984359573 9.73019490446 9990.77682074
57 0.492350884229 8.43555502658 9992.07209409
58 0.49180235349 7.31317073913 9993.19502691
59 0.491327301092 6.34012290024 9994.1685498
60 0.490915828837 5.49654399189 9995.01254018
61 0.490559383132 4.76520588842 9995.74423473
62 0.490250573315 4.1311748185 9996.37857461
63 0.489983009804 3.58150482864 9996.92851216
64 0.489751164641 3.10497019287 9997.40527864
65 0.489550256265 2.69184040621 9997.81860934
66 0.489376146552 2.33367962237 9998.17694423
67 0.489225252804 2.02317328376 9998.48760146
68 0.489094473842 1.75398120887 9998.75692432
69 0.488981123985 1.5206064642 9998.99041241
70 0.488882876956 1.3182829917 9999.19283413
