"Time" "S" "I" "R"
0 10000 1 0
1 9997.13223872 3.57883251053 0.288928765496
2 9986.87997612 12.7974948957 1.32252898481
3 9950.35855845 45.6282981045 5.01314344818
4 9821.89386574 161.002693797 18.1034404636
5 9389.36347451 548.165044706 63.4714807832
6 8123.25774121 1668.35826408 209.383994707
7 5542.66845101 3863.87797058 594.453578403
8 2726.08837709 5965.62624971 1309.2853732
9 1094.18438914 6677.94985752 2228.86575334
10 429.819446921 6401.03614737 3170.14440571
11 180.922947093 5778.27195422 4041.80509869
12 83.6794925949 5098.76374195 4818.55676545
13 42.524700738 4458.02896865 5500.44633061
14 23.5606502773 3882.12091756 6095.31843216
15 14.0966361785 3374.10560746 6612.79775636
16 9.02253302717 2929.65908614 7062.31838083
17 6.12528388929 2542.36217578 7452.51254033
18 4.37727558649 2205.55686605 7791.06585836
19 3.27050248951 1912.99159044 8084.73790707
20 2.53989324905 1659.02253717 8339.43756958
21 2.04009672792 1438.64612445 8560.31377882
22 1.68654393331 1247.46832882 8751.84512724
23 1.43013763389 1081.6499495 8917.91991287
24 1.23959701799 937.843167626 9061.91723536
25 1.09506743176 813.136473219 9186.76845935
26 0.983475744244 704.999496622 9295.01702763
27 0.895990112231 611.235071104 9388.86893878
28 0.826498049906 529.936178124 9470.23732383
29 0.770592245042 459.445857036 9540.78355072
30 0.725202355572 398.329293125 9601.94550452
31 0.688016232318 345.34051555 9654.97146822
32 0.657324091257 299.399277545 9700.94339836
33 0.631825229673 259.568652786 9740.79952198
34 0.610520657168 225.036170289 9775.35330905
35 0.592631613592 195.097209107 9805.31015928
36 0.57754735311 169.140959982 9831.28149266
37 0.564781287125 146.637733064 9853.79748565
38 0.553942395949 127.12821962 9873.31783798
39 0.544714082927 110.214202373 9890.24108354
40 0.536838093178 95.5504306205 9904.91273129
41 0.530102207362 82.8375545845 9917.63234321
42 0.52433078678 71.8160222492 9928.65964696
43 0.519378221203 62.2608730363 9938.21974874
44 0.515122442157 53.977002807 9946.50787475
45 0.511461150743 46.7952846717 9953.69325418
46 0.508308090804 40.5690882386 9959.92260367
47 0.505590273029 35.1712770048 9965.32313272
48 0.503245845757 30.4916513977 9970.00510276
49 0.501222155546 26.434654759 9974.06412309
50 0.499474303228 22.9174413104 9977.58308439
51 0.49796394935 19.8682024004 9980.63383365
52 0.496658250457 17.224671724 9983.27867003
53 0.495529047714 14.9328668411 9985.57160411
54 0.494552171229 12.9459948047 9987.55945302
55 0.49370682995 11.223481463 9989.28281171
56 0.492975132989 9.73015270913 9990.77687216
57 0.492341670912 8.43551813669 9992.07214019
58 0.491793151677 7.31313849011 9993.19506836
59 0.491318109258 6.34009471 9994.16858718
60 0.49090664566 5.49651935133 9995.012574
61 0.490550207469 4.76518435212 9995.74426544
62 0.490241404172 4.13115599646 9996.3786026
63 0.489973846317 3.58148837991 9996.92853777
64 0.489742006066 3.10495581919 9997.40530217
65 0.48954110195 2.69182784645 9997.81863105
66 0.489366995937 2.33366864837 9998.17696436
67 0.489216105401 2.02316369592 9998.4876202
68 0.489085329227 1.75397283252 9998.75694184
69 0.488971981793 1.52059914674 9998.99042887
70 0.488873736866 1.31827659965 9999.19284966
