"Time" "S" "I" "R"
0 10000 1 0
1 9997.13225074 3.57882112865 0.288928134807
2 9986.8800636 12.7974135833 1.32252281428
3 9950.35902921 45.6278649378 5.01310584751
4 9821.8960645 161.000684222 18.103251278
5 9389.37245445 548.15690084 63.4706447066
6 8123.28621077 1668.33290487 209.380884358
7 5542.72117061 3863.83363976 594.44518963
8 2726.13449223 5965.59454797 1309.27095979
9 1094.20802727 6677.94350932 2228.84846341
10 429.82955474 6401.04336764 3170.12707762
11 180.927301018 5778.28373193 4041.78896705
12 83.6815062741 5098.77630049 4818.54219323
13 42.5257150247 4458.04094496 5500.43334002
14 23.5612054715 3882.1318695 6095.30692503
15 14.0969639944 3374.11543855 6612.78759745
16 9.02274012043 2929.66783041 7062.30942947
17 6.12542266663 2542.36991493 7452.5046624
18 4.37737361632 2205.5636957 7791.05893069
19 3.27057491524 1912.99760665 8084.73181843
20 2.53994891837 1659.02783048 8339.4322206
21 2.0401410026 1438.65077787 8560.30908112
22 1.68658026481 1247.47241717 8751.84100257
23 1.43016817786 1081.65353959 8917.91629223
24 1.23962330634 937.846319083 9061.91405761
25 1.09509050515 813.139238764 9186.76567073
26 0.983496344525 705.001922847 9295.01458081
27 0.8960087789 611.237199129 9388.86679209
28 0.826515184115 529.938044191 9470.23544063
29 0.7706081541 459.44749317 9540.78189868
30 0.725217269699 398.330727373 9601.94405536
31 0.688030332774 345.341772628 9654.97019704
32 0.657337521008 299.400379174 9700.94228331
33 0.63183810276 259.569618055 9740.79854384
34 0.610533065434 225.037015964 9775.35245097
35 0.592643631835 195.09794992 9805.30940645
36 0.577559042393 169.141608848 9831.28083211
37 0.564792697989 146.638301331 9853.79690597
38 0.553953570385 127.128717245 9873.31732918
39 0.544725055979 110.21463809 9890.24063685
40 0.536848894262 95.5508120923 9904.91233901
41 0.530112861266 82.8378885306 9917.63199861
42 0.524341314485 71.8163145629 9928.65934412
43 0.519388640498 62.261128881 9938.21948248
44 0.515132768196 53.9772267113 9946.50764052
45 0.51147139647 46.7954806075 9953.693048
46 0.508318267281 40.569259683 9959.92242205
47 0.505600389741 35.1714270054 9965.3229726
48 0.503255910851 30.491782627 9970.00496146
49 0.501232176019 26.4347695556 9974.06399827
50 0.499484285107 22.9175417234 9977.58297399
51 0.497973897833 19.8682902262 9980.63373588
52 0.496668170024 17.2247485335 9983.2785833
53 0.495538942238 14.9329340112 9985.57152705
54 0.494562044054 12.9460535409 9987.55938442
55 0.49371668397 11.2235328201 9989.2827505
56 0.492984970704 9.73019761113 9990.77681742
57 0.492351494486 8.4355573922 9992.07209111
58 0.491802962993 7.31317280653 9993.19502423
59 0.491327909936 6.3401247069 9994.16854738
60 0.490916437111 5.4965455706 9995.01253799
61 0.490559990913 4.76520726784 9995.74423274
62 0.490251180669 4.13117602374 9996.3785728
63 0.489983616781 3.58150588161 9996.9285105
64 0.489751771296 3.10497111276 9997.40527712
65 0.48955086264 2.6918412098 9997.81860793
66 0.489376752681 2.33368032431 9998.17694292
67 0.489225858724 2.02317389688 9998.48760024
68 0.489095079576 1.75398174438 9998.75692318
69 0.488981729564 1.5206069319 9998.99041134
70 0.488883482394 1.31828340014 9999.19283312
