"Time" "S" "I" "R"
0 10000 1 0
1 9997.09454564 3.61477467052 0.290679685786
2 9986.60347249 13.0555520073 1.34097550728
3 9948.86163906 47.00977997 5.12858096746
4 9814.86675415 167.440477792 18.6927680625
5 9360.57784972 574.323115012 66.0990352725
6 8032.28928009 1749.52582716 219.184892758
7 5376.71110563 4003.58389074 620.705003638
8 2583.81253633 6063.44013118 1353.7473325
9 1022.12770217 6697.4497233 2281.42257453
10 399.10938446 6379.76412345 3222.12649209
11 167.676213685 5743.72597523 4089.59781108
12 77.5305009435 5062.2656198 4861.20387926
13 39.4124988083 4423.58208632 5538.00541487
14 21.8478887438 3850.96289877 6128.18921248
15 13.0794122129 3346.44888878 6641.471699
16 8.37619989203 2905.3378825 7087.2859176
17 5.68961981152 2521.08094769 7474.2294325
18 4.06776156182 2186.98952054 7809.9427179
19 3.04052485546 1896.82026499 8101.13921016
20 2.36218529429 1644.9537874 8353.6840273
21 1.89802540926 1426.41560832 8572.68636627
22 1.56944253606 1236.84137997 8762.58917749
23 1.33121953901 1072.41985599 8927.24892447
24 1.15410471101 929.828301892 9070.0175934
25 1.01973941549 806.178254498 9193.80200609
26 0.915980679069 698.959618124 9301.1244012
27 0.834625570413 605.992963405 9394.17241102
28 0.769997633442 525.386933021 9474.84306935
29 0.717989328117 455.498037177 9544.78397349
30 0.675763963885 394.903665798 9605.42057024
31 0.641167464097 342.368150533 9657.990682
32 0.61261057262 296.82030978 9703.56707965
33 0.58888411272 257.331083124 9743.08003276
34 0.569059419471 223.094865287 9777.33607529
35 0.55241189743 193.412962645 9807.03462546
36 0.538374291122 167.679783701 9832.78184201
37 0.526493618141 145.370101071 9855.10340531
38 0.516406123421 126.028506069 9874.45508781
39 0.507817343765 109.260177889 9891.23200477
40 0.500487017445 94.7228015457 9905.77671144
41 0.494217687072 82.1195802153 9918.3862021
42 0.488845925378 71.1931776262 9929.31797645
43 0.484236290817 61.7205610657 9938.79520264
44 0.480275163976 53.5082918077 9947.01143303
45 0.476867315005 46.3886826412 9954.13445004
46 0.473932515015 40.216369211 9960.30969827
47 0.471402819085 34.8653037863 9965.66329339
48 0.46922065111 30.2262256961 9970.30455365
49 0.467337024791 26.2044058751 9974.3282571
50 0.465710143337 22.71770873 9977.81658113
51 0.464304317806 19.6949393615 9980.84075632
52 0.463088987617 17.0743727129 9983.4625383
53 0.462037938794 14.8024884775 9985.73547358
54 0.461128672987 12.832895356 9987.70597597
55 0.460341842074 11.1253726022 9989.41428556
56 0.459660790819 9.64504740466 9990.8952918
57 0.459071175954 8.36169219649 9992.17923663
58 0.458560626683 7.24909789885 9993.29234147
59 0.458118469112 6.28454218766 9994.25733934
60 0.457735490405 5.44832972968 9995.09393478
61 0.45740372937 4.72338220724 9995.81921406
62 0.457116306225 4.09489437135 9996.44798932
63 0.456867273966 3.55003299172 9996.99309973
64 0.456651487302 3.07766987641 9997.46567864
65 0.456464495262 2.66815841799 9997.87537709
66 0.456302446442 2.31313652034 9998.23056103
67 0.456162006083 2.00535315531 9998.53848484
68 0.456040287479 1.73852292259 9998.80543679
69 0.455934791073 1.50719711369 9999.0368681
70 0.455843351558 1.30665105621 9999.23750559
