"Time" "S" "I" "R"
0 10000 1 0
1 9997.09454208 3.61477966479 0.290678258414
2 9986.60344157 13.0555880561 1.34097037249
3 9948.86145826 47.0099740783 5.12856766602
4 9814.86586748 167.441388831 18.6927436879
5 9360.57411453 574.326856775 66.0990286955
6 8032.27725912 1749.5376965 219.185044384
7 5376.68888463 4003.60578768 620.705327691
8 2583.79294054 6063.46045022 1353.74660924
9 1022.11708857 6697.46395377 2281.41895766
10 399.104358337 6379.77633061 3222.11931106
11 167.673747705 5743.73883305 4089.58741924
12 77.5291875197 5062.27982663 4861.19098585
13 39.4117371321 4423.59750977 5537.9907531
14 21.847411926 3850.97916019 6128.17342788
15 13.0790932943 3346.46558286 6641.45532385
16 8.37597414983 2905.35465085 7087.269375
17 5.68945208309 2521.0974983 7474.21304962
18 4.06763160841 2187.00562732 7809.92674108
19 3.04042050703 1896.83576035 8101.12381914
20 2.3620988869 1644.96855326 8353.66934785
21 1.89795193867 1426.42956713 8572.67248093
22 1.56937861347 1236.85448678 8762.57613461
23 1.3311628229 1072.43209146 8927.23674572
24 1.15405352948 929.83966656 9070.00627991
25 1.01969254913 806.188763949 9193.7915435
26 0.915937221411 698.969299044 9301.11476374
27 0.834584836161 606.001850438 9394.16356473
28 0.769959095587 525.395066199 9474.8349747
29 0.717952576033 455.505459868 9544.77658756
30 0.675728673708 394.910423154 9605.41384817
31 0.641133377398 342.374288243 9657.98457838
32 0.612577481697 296.825873141 9703.56154938
33 0.588851849079 257.336116341 9743.07503181
34 0.569027845424 223.09941096 9777.3315612
35 0.552380899986 193.417061423 9807.03055768
36 0.538343776703 167.683474033 9832.77818219
37 0.526463509219 145.373419091 9855.1001174
38 0.516376355454 126.031485527 9874.45213812
39 0.507787862813 109.262850139 9891.229362
40 0.500457778315 94.7251955935 9905.77434663
41 0.494188651835 82.1217227871 9918.38408856
42 0.488817062125 71.1950932585 9929.31608968
43 0.484207572657 61.7222722181 9938.79352021
44 0.480246568241 53.5098189784 9947.00993445
45 0.476838822578 46.3900444995 9954.13311668
46 0.473904109736 40.2175827108 9960.30851318
47 0.471374487299 34.8663842948 9965.66224122
48 0.469192381288 30.2271871233 9970.3036205
49 0.467308807174 26.2052607797 9974.32743041
50 0.465681969683 22.7184684364 9977.81584959
51 0.46427618115 19.6956140704 9980.84010975
52 0.463060882072 17.0749715915 9983.46196753
53 0.462009859388 14.8030197599 9985.73497038
54 0.461100615521 12.8333664296 9987.70553295
55 0.460313803002 11.1257900819 9989.41389612
56 0.459632767157 9.64541721241 9990.89495002
57 0.459043165181 8.36201962868 9992.17893721
58 0.458532626677 7.24938768396 9993.29207969
59 0.458090478089 6.2847985472 9994.25711097
60 0.457707506865 5.44855642894 9995.09373606
61 0.457375752047 4.7235825999 9995.81904165
62 0.457088334066 4.09507144466 9996.44784022
63 0.456839306084 3.55018940372 9996.99297129
64 0.456623522952 3.07780799 9997.46556849
65 0.456436533826 2.66828033376 9997.87528313
66 0.456274487402 2.31324410357 9998.23048141
67 0.456134049009 2.00544806143 9998.53841789
68 0.456012332006 1.73860662074 9998.80538105
69 0.455906836907 1.50727090614 9999.03682226
70 0.455815398451 1.30671609706 9999.2374685
