"Time" "S" "I" "R"
0 10000 1 0
1 9997.09454207 3.61478195845 0.290675973852
2 9986.60343488 13.0556046241 1.34096049967
3 9948.8614037 47.0100634731 5.12853282776
4 9814.8655612 167.441810866 18.6926279302
5 9360.5727218 574.328620376 66.0986578203
6 8032.27250035 1749.54358598 219.183913665
7 5376.67943466 4003.61835986 620.702205482
8 2583.78365482 6063.47678492 1353.73956027
9 1022.11126751 6697.48201575 2281.40671674
10 399.10113318 6379.79680639 3222.10206043
11 167.671925793 5743.76194049 4089.56613371
12 77.5280994404 5062.30509732 4861.16680323
13 39.4110474854 4423.62423812 5537.96471439
14 21.8469497971 3851.00664576 6128.14640444
15 13.078767642 3346.49321929 6641.42801307
16 8.37573412825 2905.38194773 7087.24231814
17 5.689267993 2521.12407688 7474.18665513
18 4.06748535745 2187.03120713 7809.90130751
19 3.04030067767 1896.86014357 8101.09955576
20 2.36199801592 1644.99160969 8353.64639229
21 1.89786500508 1426.45122084 8572.65091416
22 1.56930213033 1236.87470458 8762.55599329
23 1.33109432185 1072.4508732 8927.21803247
24 1.15399122481 929.857037215 9069.98897156
25 1.0196351147 806.204767 9193.77559788
26 0.91588365946 698.983991203 9301.10012514
27 0.834534385102 606.015297478 9394.15016814
28 0.769911163799 525.407339528 9474.82274931
29 0.717906699254 455.516633861 9544.76545944
30 0.675684482989 394.920573148 9605.40374237
31 0.641090576637 342.383488962 9657.97542046
32 0.612535831966 296.834197537 9703.55326663
33 0.588811155798 257.343634756 9743.06755409
34 0.568987949075 223.106190512 9777.32482154
35 0.55234166944 193.42316565 9807.02449268
36 0.538305103053 167.688962617 9832.77273228
37 0.526425302201 145.378347801 9855.0952269
38 0.516338539896 126.035906189 9874.44775527
39 0.507750375864 109.266810694 9891.22543893
40 0.500420567349 94.7287402214 9905.77083921
41 0.494151672723 82.1248920565 9918.38095627
42 0.488780277783 71.197924302 9929.31329542
43 0.484170951891 61.7247989329 9938.79103012
44 0.480210084796 53.5120722261 9947.00771769
45 0.476802454394 46.3920523257 9954.13114522
46 0.473867838198 40.2193705327 9960.30676163
47 0.471338296737 34.8679751076 9965.6606866
48 0.469156258525 30.2286017069 9970.30224203
49 0.4672727411 26.2065178654 9974.32620939
50 0.46564595095 22.7195848905 9977.81476916
51 0.464240201907 19.6966050648 9980.83915473
52 0.463024935711 17.0758507445 9983.46112432
53 0.461973940361 14.8037992886 9985.73422677
54 0.46106471918 12.8340572835 9987.704878
55 0.460277925447 11.1264020555 9989.41332002
56 0.459596905121 9.64595906551 9990.89444403
57 0.459007315938 8.36249918893 9992.1784935
58 0.458496787944 7.24981193359 9993.29169128
59 0.458054647968 6.28517371496 9994.25677164
60 0.457671683776 5.4488880663 9995.09344025
61 0.457339934675 4.72387564778 9995.81878442
62 0.457052521324 4.09533030125 9996.44761718
63 0.456803497067 3.55041797996 9996.99277852
64 0.456587716921 3.07800976042 9997.46540252
65 0.456400730167 2.66845838547 9997.87514088
66 0.456238685614 2.31340117625 9998.23036014
67 0.456098248678 2.00558658527 9998.53831517
68 0.455976532799 1.73872875141 9998.80529472
69 0.455871038554 1.50737855349 9999.03675041
70 0.455779600728 1.30681095289 9999.23740945
