"Time" "S" "I" "R"
0 10000 1 0
1 9997.0564623 3.65109729703 0.29244039799
2 9986.32134809 13.3189479942 1.35970391917
3 9947.31949573 48.4336345064 5.24686976454
4 9807.56389852 174.134062792 19.3020386843
5 9330.51571472 601.650005792 68.8342794855
6 7938.01534431 1833.59769085 229.386964832
7 5210.07075748 4143.2707136 647.658528913
8 2446.82347547 6155.73936532 1398.43715922
9 954.577464831 6712.96228751 2333.46024766
10 370.639810099 6357.14997391 3273.210216
11 155.440569158 5709.16258028 4136.39685056
12 71.854554457 5026.25866927 4902.88677627
13 36.538362486 4389.78652322 5574.67511429
14 20.2646838517 3820.47726865 6160.2580475
15 12.1381742078 3319.43112658 6669.43069922
16 7.777531903 2881.60247212 7111.61999598
17 5.28565465642 2500.32726978 7495.38707557
18 3.78055688941 2168.89247134 7828.32697177
19 2.82693714448 1881.06583813 8117.10722473
20 2.19701298909 1631.25323483 8367.54975218
21 1.76585551768 1414.50959076 8584.72455373
22 1.4605210008 1226.49991927 8773.03955973
23 1.23911683693 1063.44034889 8936.32053427
24 1.07447028539 922.033405243 9077.89212447
25 0.949548489854 799.413029266 9200.63742224
26 0.853067460717 693.088955331 9307.05797721
27 0.777407069178 600.899114229 9399.3234787
28 0.717295747383 520.967441774 9479.31526248
29 0.66891611225 451.663945228 9548.66713866
30 0.62963272434 391.577597396 9608.79276988
31 0.597444574012 339.482931233 9660.91962419
32 0.570873659037 294.317604337 9706.111522
33 0.548795961105 255.160246114 9745.29095793
34 0.53034796274 221.211938149 9779.25771389
35 0.51485567312 191.779793213 9808.70535111
36 0.501791831652 166.263277423 9834.23493075
37 0.49073498239 144.141533405 9856.36773161
38 0.481346676735 124.962952342 9875.55570098
39 0.473353015344 108.336021512 9892.19062547
40 0.466530468535 93.9212853867 9906.61218414
41 0.460695302345 81.4244327357 9919.11487196
42 0.455695486311 70.5902907169 9929.9540138
43 0.451404964373 61.1976902008 9939.35090483
44 0.447718040319 53.054823719 9947.49745824
45 0.444546051285 45.9954036169 9954.56005033
46 0.441814355005 39.8752910438 9960.6828946
47 0.439459720761 34.5695023355 9965.99103794
48 0.437428547368 29.9696883429 9970.59288311
49 0.435675254865 25.9819217472 9974.582403
50 0.434160940169 22.5247596611 9978.0410794
51 0.432852379812 19.5276027201 9981.0395449
52 0.431721135647 16.9292500456 9983.63902882
53 0.430742806273 14.6766315754 9985.89262562
54 0.429896448215 12.7237451974 9987.84635835
55 0.429164055822 11.0307126715 9989.54012327
56 0.428530124929 9.56295437507 9991.0085155
57 0.427981303646 8.29049667822 9992.28152202
58 0.42750607895 7.18735412615 9993.38513979
59 0.427094514545 6.23099553264 9994.34190995
60 0.426738034443 5.40189126148 9995.1713707
61 0.426429229188 4.68310890915 9995.89046186
62 0.426161694384 4.05996774609 9996.51387056
63 0.425929894256 3.51974286831 9997.05432724
64 0.425729039918 3.05140113246 9997.52286983
65 0.425554987947 2.64537705905 9997.92906795
66 0.425404153397 2.29337945316 9998.28121639
67 0.425273432371 1.98821910324 9998.58650746
68 0.425160137647 1.72366352203 9998.85117634
69 0.425061942678 1.49431038826 9999.08062767
70 0.424976831993 1.29547522652 9999.27954794
