"Time" "S" "I" "R"
0 10000 1 0
1 9997.09454564 3.61477467005 0.290679685732
2 9986.60347249 13.0555520038 1.34097550689
3 9948.86163908 47.0097799516 5.1285809654
4 9814.86675424 167.440477706 18.6927680527
5 9360.57785011 574.323114662 66.0990352305
6 8032.28928132 1749.52582608 219.184892604
7 5376.71110782 4003.58388895 620.705003228
8 2583.81253815 6063.44013006 1353.74733179
9 1022.12770307 6697.44972328 2281.42257365
10 399.109384831 6379.76412402 3222.12649115
11 167.676213839 5743.725976 4089.59781016
12 77.5305010119 5062.26562062 4861.20387836
13 39.4124988413 4423.58208713 5538.00541403
14 21.8478887609 3850.96289955 6128.18921169
15 13.0794122224 3346.44888951 6641.47169826
16 8.37619989766 2905.33788318 7087.28591692
17 5.68961981504 2521.08094832 7474.22943187
18 4.06776156413 2186.98952112 7809.94271732
19 3.04052485703 1896.82026551 8101.13920963
20 2.36218529541 1644.95378789 8353.68402682
21 1.89802541006 1426.41560876 8572.68636583
22 1.56944253666 1236.84138038 8762.58917709
23 1.33121953947 1072.41985636 8927.24892411
24 1.15410471137 929.828302221 9070.01759307
25 1.01973941578 806.178254795 9193.80200579
26 0.9159806793 698.959618392 9301.12440093
27 0.834625570602 605.992963647 9394.17241078
28 0.769997633595 525.386933239 9474.84306913
29 0.717989328241 455.498037372 9544.7839733
30 0.675763963985 394.903665974 9605.42057006
31 0.641167464182 342.36815069 9657.99068185
32 0.612610572693 296.82030992 9703.56707951
33 0.588884112785 257.33108325 9743.08003264
34 0.569059419526 223.094865399 9777.33607518
35 0.552411897479 193.412962745 9807.03462536
36 0.538374291164 167.67978379 9832.78184192
37 0.526493618177 145.370101151 9855.10340523
38 0.516406123452 126.02850614 9874.45508774
39 0.507817343792 109.260177952 9891.2320047
40 0.500487017471 94.7228016017 9905.77671138
41 0.494217687094 82.1195802651 9918.38620205
42 0.488845925396 71.1931776704 9929.3179764
43 0.484236290831 61.720561105 9938.7952026
44 0.480275163987 53.5082918426 9947.01143299
45 0.476867315016 46.3886826721 9954.13445001
46 0.473932515026 40.2163692384 9960.30969825
47 0.471402819096 34.8653038105 9965.66329337
48 0.469220651119 30.2262257175 9970.30455363
49 0.467337024798 26.2044058941 9974.32825708
50 0.465710143344 22.7177087468 9977.81658111
51 0.464304317809 19.6949393764 9980.84075631
52 0.463088987621 17.074372726 9983.46253829
53 0.462037938798 14.8024884891 9985.73547357
54 0.461128672991 12.8328953663 9987.70597596
55 0.460341842076 11.1253726113 9989.41428555
56 0.459660790824 9.64504741266 9990.8952918
57 0.459071175957 8.36169220355 9992.17923662
58 0.458560626686 7.24909790508 9993.29234147
59 0.458118469116 6.28454219316 9994.25733934
60 0.457735490409 5.44832973452 9995.09393478
61 0.457403729371 4.72338221151 9995.81921406
62 0.457116306226 4.09489437511 9996.44798932
63 0.456867273968 3.55003299503 9996.99309973
64 0.4566514873 3.07766987933 9997.46567863
65 0.456464495262 2.66815842056 9997.87537708
66 0.456302446442 2.3131365226 9998.23056103
67 0.456162006087 2.0053531573 9998.53848484
68 0.456040287479 1.73852292435 9998.80543679
69 0.455934791074 1.50719711523 9999.03686809
70 0.455843351561 1.30665105757 9999.23750559
