"Time" "S" "I" "R"
0 10000 1 0
1 9997.09454564 3.61477467004 0.290679685732
2 9986.60347249 13.0555520038 1.34097550689
3 9948.86163908 47.0097799512 5.12858096537
4 9814.86675424 167.440477705 18.6927680526
5 9360.57785012 574.323114655 66.0990352298
6 8032.28928134 1749.52582606 219.184892602
7 5376.71110787 4003.58388891 620.705003221
8 2583.81253819 6063.44013003 1353.74733177
9 1022.12770309 6697.44972328 2281.42257363
10 399.109384839 6379.76412402 3222.12649114
11 167.676213843 5743.72597601 4089.59781015
12 77.5305010136 5062.26562063 4861.20387835
13 39.4124988421 4423.58208714 5538.00541402
14 21.8478887613 3850.96289955 6128.18921168
15 13.0794122227 3346.44888952 6641.47169826
16 8.37619989784 2905.33788319 7087.28591691
17 5.68961981517 2521.08094832 7474.22943186
18 4.06776156422 2186.98952112 7809.94271732
19 3.0405248571 1896.82026552 8101.13920963
20 2.36218529545 1644.95378789 8353.68402681
21 1.89802541011 1426.41560876 8572.68636583
22 1.5694425367 1236.84138038 8762.58917709
23 1.3312195395 1072.41985636 8927.2489241
24 1.15410471139 929.828302222 9070.01759307
25 1.0197394158 806.178254796 9193.80200579
26 0.915980679321 698.959618393 9301.12440093
27 0.83462557062 605.992963647 9394.17241078
28 0.769997633612 525.386933239 9474.84306913
29 0.717989328257 455.498037373 9544.7839733
30 0.675763964 394.903665974 9605.42057006
31 0.641167464195 342.36815069 9657.99068185
32 0.612610572705 296.82030992 9703.56707951
33 0.588884112794 257.33108325 9743.08003264
34 0.569059419533 223.094865399 9777.33607518
35 0.552411897486 193.412962745 9807.03462536
36 0.538374291167 167.67978379 9832.78184192
37 0.526493618183 145.370101151 9855.10340523
38 0.516406123455 126.02850614 9874.45508774
39 0.507817343794 109.260177952 9891.2320047
40 0.500487017473 94.7228016018 9905.77671138
41 0.494217687095 82.1195802651 9918.38620205
42 0.488845925402 71.1931776704 9929.3179764
43 0.484236290835 61.720561105 9938.7952026
44 0.480275163995 53.5082918426 9947.01143299
45 0.476867315021 46.3886826721 9954.13445001
46 0.473932515031 40.2163692384 9960.30969825
47 0.471402819099 34.8653038105 9965.66329337
48 0.469220651124 30.2262257175 9970.30455363
49 0.467337024802 26.2044058941 9974.32825708
50 0.465710143348 22.7177087468 9977.81658111
51 0.464304317815 19.6949393764 9980.84075631
52 0.463088987626 17.074372726 9983.46253829
53 0.462037938803 14.8024884891 9985.73547357
54 0.461128672996 12.8328953663 9987.70597596
55 0.460341842081 11.1253726113 9989.41428555
56 0.459660790828 9.64504741265 9990.8952918
57 0.459071175963 8.36169220354 9992.17923662
58 0.45856062669 7.24909790507 9993.29234147
59 0.45811846912 6.28454219315 9994.25733934
60 0.457735490414 5.44832973451 9995.09393478
61 0.457403729375 4.7233822115 9995.81921406
62 0.457116306232 4.0948943751 9996.44798932
63 0.456867273973 3.55003299503 9996.99309973
64 0.456651487308 3.07766987933 9997.46567863
65 0.456464495268 2.66815842056 9997.87537708
66 0.456302446448 2.3131365226 9998.23056103
67 0.456162006089 2.0053531573 9998.53848484
68 0.456040287483 1.73852292434 9998.80543679
69 0.455934791078 1.50719711523 9999.03686809
70 0.455843351563 1.30665105756 9999.23750559
