"Time" "S" "I" "R"
0 10000 1 0
1 9997.1322398 3.5788294495 0.288930748496
2 9986.87998981 12.7974730118 1.32253717795
3 9950.35864803 45.6281812958 5.01317066985
4 9821.89432693 161.002148849 18.1035242171
5 9389.36547494 548.162799412 63.4717256462
6 8123.26440509 1668.35091081 209.3846841
7 5542.68157586 3863.86292776 594.455496389
8 2726.10107303 5965.60876702 1309.29015995
9 1094.1919921 6677.93311894 2228.87488896
10 429.823415224 6401.01853005 3170.15805473
11 180.925071565 5778.25239892 4041.82252952
12 83.6807097828 5098.74229491 4818.57699531
13 42.5254490775 4458.0061286 5500.46842232
14 23.5611407529 3882.09727259 6095.34158666
15 14.096976214 3374.08169677 6612.82132701
16 9.02278062073 2929.63535801 7062.34186137
17 6.12547203037 2542.33898267 7452.5355453
18 4.37742398514 2205.53447299 7791.08810302
19 3.2706233905 1912.97018771 8084.7591889
20 2.53999456128 1659.00225315 8339.45775229
21 2.04018372309 1438.62703754 8560.33277874
22 1.68662023677 1247.45047774 8751.86290203
23 1.43020580721 1081.63334215 8917.93645204
24 1.23965889596 937.82778829 9061.93255281
25 1.09512437291 813.1222886 9186.78258703
26 0.983528767003 704.986460725 9295.03001051
27 0.896039993986 611.223129142 9388.88083086
28 0.826545391741 529.925269621 9470.24818499
29 0.770637513519 459.43591821 9540.79344428
30 0.725245926234 398.320259015 9601.95449506
31 0.688058403739 345.332321299 9654.9796203
32 0.657365104385 299.391859559 9700.95077534
33 0.631865280464 259.56194953 9740.80618519
34 0.61055990611 225.030122877 9775.35931722
35 0.592670192495 195.091761657 9805.31556815
36 0.577585371504 169.136059907 9831.28635472
37 0.564818835661 146.633331133 9853.80185003
38 0.553979550134 127.124270013 9873.32175044
39 0.544750905878 110.210662651 9890.24458644
40 0.536874637748 95.5472616289 9904.91586373
41 0.530138517886 82.8347203315 9917.63514115
42 0.52436690049 71.8134897567 9928.66214334
43 0.519414169481 62.2586121844 9938.22197365
44 0.515158251383 53.9749861447 9946.5098556
45 0.511496843108 46.7934872361 9953.69501592
46 0.508343685053 40.5674873972 9959.92416892
47 0.505625784943 35.1698522652 9965.32452195
48 0.503281288622 30.4903842331 9970.00633448
49 0.501257540578 26.4335284631 9974.065214
50 0.499509639863 22.9164408309 9977.58404953
51 0.49799924553 19.8673141924 9980.63468656
52 0.496693512874 17.2238836261 9983.27942286
53 0.495564281988 14.9321679369 9985.57226778
54 0.494587382083 12.9453753094 9987.56003731
55 0.493742021356 11.2229326204 9989.28332536
56 0.493010308266 9.72966668423 9990.77732301
57 0.492376832848 8.43508792915 9992.07253524
58 0.491828302604 7.31275785185 9993.19541385
59 0.491353251122 6.33975806552 9994.16888868
60 0.490941780088 5.4962217323 9995.01283649
61 0.490585335814 4.76492133386 9995.74449333
62 0.490276527558 4.13092363954 9996.37879983
63 0.49000896568 3.58128318177 9996.92870785
64 0.489777122182 3.10477466648 9997.40544821
65 0.489576215454 2.69166797258 9997.81875581
66 0.489402107358 2.33352759825 9998.17707029
67 0.489251215171 2.02303929089 9998.48770949
68 0.489120437702 1.75386313976 9998.75701642
69 0.489007089263 1.52050245394 9998.99049046
70 0.488908843565 1.31819138942 9999.19289977
