"Time" "S" "I" "R"
0 10000 1 0
1 9997.05607886 3.65150894647 0.292412198268
2 9986.3183585 13.3219484933 1.35969300275
3 9947.30270327 48.4499398209 5.24735690872
4 9807.4830169 174.21112971 19.3058533942
5 9330.17916558 601.966336225 68.8544981958
6 7936.95649217 1834.57605986 229.467447967
7 5208.21073518 4144.92293538 647.866329436
8 2445.29935938 6156.96168197 1398.73895864
9 953.812806847 6713.46005366 2333.72713949
10 370.304816915 6357.32894279 3273.3662403
11 155.288663663 5709.28114335 4136.43019299
12 71.7795514997 5026.4079115 4902.812537
13 36.4977766712 4389.98701669 5574.51520663
14 20.2407781916 3820.72535082 6160.03387098
15 12.1230039317 3319.71609571 6669.16090036
16 7.76726350274 2881.91270171 7111.32003479
17 5.27830896243 2500.65228008 7495.06941096
18 3.77504591094 2169.22351738 7828.00143671
19 2.82263079922 1881.39593639 8116.78143281
20 2.19352872139 1631.57699398 8367.2294773
21 1.76295051712 1414.82298399 8584.4140655
22 1.45803622097 1226.80005433 8772.74190945
23 1.23694392144 1063.72525501 8936.03780107
24 1.07253382767 922.301855212 9077.62561096
25 0.947794457619 799.664380458 9200.38782508
26 0.851456256041 693.323019806 9306.82552394
27 0.775909152917 601.116052302 9399.10803855
28 0.715888680788 521.167674206 9479.11643711
29 0.667582587486 451.848081319 9548.48433609
30 0.628359221671 391.746379181 9608.6252616
31 0.596220390211 339.637187066 9660.76659254
32 0.569690239321 294.458213347 9705.97209641
33 0.547646401541 255.288110137 9745.16424346
34 0.529226648261 221.327960353 9779.142813
35 0.513758004594 191.884861728 9808.60138027
36 0.500714018495 166.358253585 9834.1410324
37 0.489673883623 144.227243114 9856.283083
38 0.480299679055 125.040180327 9875.47951999
39 0.47231793524 108.405507623 9892.12217444
40 0.465505475633 93.983722741 9906.55077178
41 0.459678858142 81.4804670457 9919.0598541
42 0.454686293671 70.6405205061 9929.9047932
43 0.450401928711 61.242668246 9939.30692983
44 0.446720234837 53.0950582791 9947.45822149
45 0.443552691451 46.0313607561 9954.52508655
46 0.440824775356 39.9073967983 9960.65177843
47 0.438473356078 34.5981449688 9965.96338168
48 0.43644491769 29.9952210903 9970.56833399
49 0.434693952006 26.0046651282 9974.56064092
50 0.433181616861 22.5450038964 9978.02181449
51 0.431874740676 19.5456102575 9981.022515
52 0.430744929165 16.9452576932 9983.62399738
53 0.429767818317 14.6908527101 9985.87937947
54 0.428922496534 12.7363718688 9987.83470563
55 0.428190985167 11.0419174021 9989.52989161
56 0.427557803128 9.57289201046 9990.99955019
57 0.427009618203 8.29930606949 9992.27368431
58 0.426534934048 7.19515956338 9993.3783055
59 0.426123828651 6.23790821336 9994.33596796
60 0.425767738183 5.40801059503 9995.16622167
61 0.425459263521 4.68852362004 9995.88601712
62 0.425192009094 4.06475700402 9996.51005099
63 0.424960446659 3.52397726918 9997.05106228
64 0.424759793708 3.05514353011 9997.52009668
65 0.424585912284 2.64868341637 9997.92673067
66 0.424435222089 2.29629956108 9998.27926522
67 0.424304623166 1.99079720338 9998.58489817
68 0.424191431668 1.72593893218 9998.84986964
69 0.424093323907 1.4963180194 9999.07958866
70 0.424008286847 1.29724604931 9999.27874566
