"Time" "S" "I" "R"
0 10000 1 0
1 9997.05646306 3.65109657947 0.292440358435
2 9986.32135371 13.3189427649 1.35970352574
3 9947.31952657 48.4336061013 5.24686732436
4 9807.56404512 174.133928686 19.3020261908
5 9330.51631934 601.649457149 68.8342235138
6 7938.01723182 1833.59601157 229.386756616
7 5210.07403858 4143.26797907 647.657982346
8 2446.82611409 6155.73762731 1398.4362586
9 954.578746735 6712.96205492 2333.45919835
10 370.640345995 6357.15047495 3273.20917905
11 155.440798246 5709.16331056 4136.39589119
12 71.8546602363 5026.25942771 4902.88591206
13 36.5384158001 4389.78723934 5574.67434486
14 20.2647130784 3820.47792059 6160.25736633
15 12.1381914952 3319.43171051 6669.43009799
16 7.77754284264 2881.60299092 7111.61946624
17 5.28566200105 2500.32772868 7495.38660932
18 3.78056208348 2168.89287621 7828.32656171
19 2.82694098788 1881.06619474 8117.10686427
20 2.19701594683 1631.2535486 8367.54943545
21 1.76585787392 1414.50986662 8584.7242755
22 1.46052293364 1226.50016166 8773.0393154
23 1.23911846465 1063.44056179 8936.32031974
24 1.07447168723 922.033592163 9077.89193615
25 0.949549720914 799.413193327 9200.63725695
26 0.853068560433 693.089099292 9307.05783215
27 0.777408066204 600.899240523 9399.32335141
28 0.717296663119 520.96755255 9479.31515079
29 0.668916962666 451.664042372 9548.66704067
30 0.629633521858 391.577682572 9608.79268391
31 0.597445328236 339.483005904 9660.91954877
32 0.570874377567 294.317669788 9706.11145583
33 0.548796650004 255.160303475 9745.29089987
34 0.530348626893 221.211988414 9779.25766296
35 0.514856316497 191.779837254 9808.70530643
36 0.50179245751 166.263316006 9834.23489154
37 0.490735593417 144.141567202 9856.3676972
38 0.481347275168 124.962981943 9875.55567078
39 0.473353603049 108.336047436 9892.19059896
40 0.466531047075 93.9213080876 9906.61216087
41 0.460695873044 81.4244526121 9919.11485151
42 0.455696050287 70.5903081184 9929.95399583
43 0.451405522574 61.1977054342 9939.35088904
44 0.447718593552 53.054837053 9947.49744435
45 0.444546600236 45.9954152873 9954.56003811
46 0.441814900265 39.8753012572 9960.68288384
47 0.439460262834 34.569511273 9965.99102846
48 0.437429086691 29.9696961632 9970.59287475
49 0.43567579181 25.9819285894 9974.58239562
50 0.434161475059 22.524765647 9978.04107288
51 0.432852912922 19.5276079564 9981.03953913
52 0.431721667215 16.9292546258 9983.63902371
53 0.430743336505 14.6766355814 9985.89262108
54 0.42989697729 12.7237487009 9987.84635432
55 0.429164583893 11.0307157353 9989.54011968
56 0.428530652134 9.56295705417 9991.00851229
57 0.427981830097 8.29049902075 9992.28151915
58 0.427506604747 7.18735617424 9993.38513722
59 0.427095039777 6.23099732315 9994.34190764
60 0.426738559181 5.40189282673 9995.17136861
61 0.426429753503 4.68311027736 9995.89045997
62 0.426162218328 4.05996894199 9996.51386884
63 0.425930417879 3.51974391354 9997.05432567
64 0.425729563261 3.05140204593 9997.52286839
65 0.425555511049 2.64537785732 9997.92906663
66 0.425404676287 2.29338015072 9998.28121517
67 0.425273955078 1.98821971276 9998.58650633
68 0.425160660196 1.72366405458 9998.85117529
69 0.425062465089 1.49431085354 9999.08062668
70 0.424977354285 1.29547563299 9999.27954701
