"Time" "S" "I" "R"
0 10000 1 0
1 9997.05646306 3.6510965795 0.292440358445
2 9986.32135371 13.3189427652 1.3597035258
3 9947.31952657 48.4336061026 5.24686732463
4 9807.56404512 174.133928692 19.302026192
5 9330.51631931 601.649457175 68.8342235184
6 7938.01723173 1833.59601164 229.386756632
7 5210.07403843 4143.26797918 647.65798239
8 2446.82611397 6155.73762735 1398.43625868
9 954.57874668 6712.96205486 2333.45919846
10 370.640345975 6357.15047485 3273.20917917
11 155.440798239 5709.16331044 4136.39589132
12 71.8546602338 5026.25942757 4902.88591219
13 36.5384157993 4389.7872392 5574.674345
14 20.2647130782 3820.47792045 6160.25736647
15 12.1381914952 3319.43171038 6669.43009813
16 7.77754284281 2881.60299079 7111.61946637
17 5.28566200124 2500.32772856 7495.38660944
18 3.78056208367 2168.8928761 7828.32656182
19 2.82694098805 1881.06619463 8117.10686438
20 2.19701594699 1631.2535485 8367.54943555
21 1.76585787407 1414.50986653 8584.7242756
22 1.46052293378 1226.50016158 8773.03931549
23 1.23911846478 1063.44056171 8936.32031982
24 1.07447168736 922.033592091 9077.89193622
25 0.949549721034 799.413193261 9200.63725702
26 0.853068560547 693.089099232 9307.05783221
27 0.777408066313 600.899240469 9399.32335147
28 0.717296663224 520.9675525 9479.31515084
29 0.668916962768 451.664042327 9548.66704071
30 0.629633521958 391.577682531 9608.79268395
31 0.597445328334 339.483005867 9660.9195488
32 0.570874377665 294.317669755 9706.11145587
33 0.5487966501 255.160303445 9745.2908999
34 0.53034862699 221.211988387 9779.25766299
35 0.514856316591 191.77983723 9808.70530645
36 0.501792457606 166.263315984 9834.23489156
37 0.490735593514 144.141567183 9856.36769722
38 0.481347275263 124.962981926 9875.5556708
39 0.473353603144 108.336047421 9892.19059898
40 0.466531047168 93.9213080738 9906.61216088
41 0.460695873137 81.4244525998 9919.11485153
42 0.455696050378 70.5903081074 9929.95399584
43 0.451405522663 61.1977054244 9939.35088905
44 0.447718593638 53.0548370443 9947.49744436
45 0.444546600322 45.9954152796 9954.56003812
46 0.441814900354 39.8753012503 9960.68288385
47 0.439460262925 34.5695112669 9965.99102847
48 0.43742908678 29.9696961578 9970.59287476
49 0.435675791899 25.9819285846 9974.58239562
50 0.434161475148 22.5247656427 9978.04107288
51 0.432852913011 19.5276079526 9981.03953913
52 0.431721667304 16.9292546224 9983.63902371
53 0.430743336594 14.6766355785 9985.89262108
54 0.429896977379 12.7237486983 9987.84635432
55 0.429164583982 11.030715733 9989.54011968
56 0.42853065222 9.56295705211 9991.0085123
57 0.427981830184 8.29049901893 9992.28151915
58 0.427506604832 7.18735617263 9993.38513722
59 0.427095039864 6.23099732173 9994.34190764
60 0.42673855927 5.40189282547 9995.17136862
61 0.426429753592 4.68311027625 9995.89045997
62 0.426162218415 4.05996894101 9996.51386884
63 0.425930417967 3.51974391267 9997.05432567
64 0.425729563349 3.05140204517 9997.52286839
65 0.425555511136 2.64537785665 9997.92906663
66 0.425404676374 2.29338015013 9998.28121517
67 0.425273955165 1.98821971224 9998.58650633
68 0.425160660281 1.72366405412 9998.85117529
69 0.425062465174 1.49431085314 9999.08062668
70 0.424977354371 1.29547563264 9999.27954701
