"Time" "S" "I" "R"
0 10000 1 0
1 9997.09454213 3.6147818993 0.29067596727
2 9986.60343535 13.0556041973 1.34096045214
3 9948.86140625 47.0100611776 5.12853257107
4 9814.86557316 167.441800128 18.6926267113
5 9360.5727707 574.328576709 66.0986525944
6 8032.27265372 1749.54345172 219.183894562
7 5376.67970874 4003.61813678 620.702154481
8 2583.78388278 6063.47664523 1353.73947199
9 1022.11137957 6697.4820134 2281.40660703
10 399.101179489 6379.7968762 3222.10194431
11 167.67194506 5743.76203623 4089.56601871
12 77.5281080052 5062.30519934 4861.16669265
13 39.4110516065 4423.62433869 5537.9646097
14 21.8469519386 3851.00674178 6128.14630628
15 13.0787688356 3346.49330949 6641.42792167
16 8.37573483594 2905.38203167 7087.2422335
17 5.68926843587 2521.12415448 7474.18657709
18 4.06748564837 2187.03127852 7809.90123583
19 3.04030087674 1896.86020899 8101.09949013
20 2.36199815705 1644.99166946 8353.64633238
21 1.89786510828 1426.45127528 8572.65085961
22 1.5693022079 1236.87475405 8762.55594374
23 1.33109438144 1072.45091806 8927.21798755
24 1.15399127155 929.857077811 9069.98893092
25 1.01963515198 806.20480367 9193.77556118
26 0.915883689628 698.984024271 9301.10009204
27 0.834534409838 606.015327254 9394.15013834
28 0.769911184301 525.407366301 9474.82272251
29 0.717906716411 455.516657903 9544.76543538
30 0.675684497461 394.920594712 9605.40372079
31 0.641090588924 342.383508281 9657.97540113
32 0.612535842462 296.834214827 9703.55324933
33 0.588811164807 257.343650214 9743.06753862
34 0.568987956842 223.106204321 9777.32480772
35 0.552341676161 193.423177974 9807.02448035
36 0.538305108883 167.688973607 9832.77272128
37 0.526425307273 145.378357593 9855.0952171
38 0.516338544314 126.035914908 9874.44774655
39 0.507750379718 109.266818452 9891.22543117
40 0.500420570719 94.7287471199 9905.77083231
41 0.494151675672 82.1248981867 9918.38095014
42 0.488780280362 71.1979297463 9929.31328997
43 0.484170954152 61.7248037653 9938.79102528
44 0.480210086775 53.5120765129 9947.0077134
45 0.476802456129 46.3920561267 9954.13114142
46 0.473867839715 40.2193739011 9960.30675826
47 0.471338298066 34.8679780913 9965.66068361
48 0.469156259689 30.2286043487 9970.30223939
49 0.467272742115 26.2065202034 9974.32620705
50 0.465645951836 22.7195869588 9977.81476709
51 0.46424020268 19.6966068938 9980.8391529
52 0.463024936382 17.0758523612 9983.4611227
53 0.461973940943 14.8038007172 9985.73422534
54 0.461064719684 12.8340585454 9987.70487673
55 0.460277925882 11.1264031698 9989.4133189
56 0.459596905495 9.64596004905 9990.89444305
57 0.45900731626 8.36250005684 9992.17849263
58 0.458496788218 7.24981269923 9993.29169051
59 0.458054648201 6.28517439017 9994.25677096
60 0.457671683969 5.44888866159 9995.09343965
61 0.457339934837 4.72387617247 9995.81878389
62 0.457052521459 4.09533076358 9996.44761671
63 0.45680349718 3.55041838724 9996.99277812
64 0.45658771701 3.07801011912 9997.46540216
65 0.456400730236 2.6684587013 9997.87514057
66 0.456238685665 2.31340145427 9998.23035986
67 0.456098248713 2.00558682995 9998.53831492
68 0.455976532821 1.7387289667 9998.8052945
69 0.455871038565 1.50737874288 9999.03675022
70 0.45577960073 1.30681111946 9999.23740928
