"Time" "S" "I" "R"
0 10000 1 0
1 9997.09454314 3.61477899501 0.29067786577
2 9986.60344841 13.055583226 1.34096836684
3 9948.86149272 47.0099481355 5.1285591493
4 9814.86602258 167.441267953 18.692709467
5 9360.57473116 574.326371156 66.0988976884
6 8032.27914445 1749.53626187 219.18459368
7 5376.69213546 4003.60375309 620.704111451
8 2583.79546591 6063.46023607 1353.74429802
9 1022.11817253 6697.46617801 2281.41564947
10 399.104703648 6379.78002478 3222.11527157
11 167.673831238 5743.74327637 4089.5828924
12 77.5291898109 5062.2846425 4861.18616769
13 39.4117174313 4423.60248476 5537.9857978
14 21.8473886922 3850.98415631 6128.168455
15 13.0790718173 3346.47050379 6641.45042439
16 8.37595553661 2905.35942785 7087.26461661
17 5.68943619083 2521.10208281 7474.208481
18 4.06761799701 2187.00998633 7809.92239567
19 3.04040871887 1896.83987301 8101.11971827
20 2.36208853589 1644.97240817 8353.66550329
21 1.89794271967 1426.43316023 8572.66889705
22 1.56937028875 1236.85781961 8762.5728101
23 1.33115520702 1072.43516974 8927.23367505
24 1.15404648171 929.842499084 9070.00345443
25 1.01968595831 806.191361651 9193.78895239
26 0.915931000627 698.971674284 9301.11239471
27 0.834578917094 606.00401645 9394.16140463
28 0.769953423571 525.397036624 9474.83300995
29 0.71794710729 455.507248416 9544.77480448
30 0.675723372713 394.912043346 9605.41223328
31 0.641128215204 342.375753219 9657.98311857
32 0.612572434688 296.827195524 9703.56023204
33 0.588846897834 257.337308145 9743.07384496
34 0.569022973881 223.100483521 9777.33049351
35 0.552376094893 193.418025377 9807.02959853
36 0.538339026965 167.68433929 9832.77732168
37 0.526458805638 145.374194852 9855.09934634
38 0.516371690361 126.032180288 9874.45144802
39 0.507783229787 109.263471723 9891.22874505
40 0.500453171993 94.7257511727 9905.77379566
41 0.494184067726 82.1222189224 9918.38359701
42 0.488812496465 71.1955359323 9929.31565157
43 0.484203022297 61.7226668734 9938.7931301
44 0.480242030537 53.5101705559 9947.00958741
45 0.476834295334 46.3903574766 9954.13280823
46 0.473899591107 40.217861135 9960.30823927
47 0.471369975745 34.8666318193 9965.6619982
48 0.469187875527 30.2274070426 9970.30340508
49 0.467304306141 26.2054560573 9974.32723964
50 0.465677472488 22.718641736 9977.81568079
51 0.46427168706 19.695767784 9980.83996053
52 0.463056390478 17.0751078627 9983.46183575
53 0.462005369785 14.8031405088 9985.73485412
54 0.461096127498 12.8334733748 9987.7054305
55 0.460309316217 11.1258847587 9989.41380593
56 0.459628281331 9.64550099211 9990.89487073
57 0.459038680092 8.36209373534 9992.17886758
58 0.45852814214 7.24945320817 9993.29201865
59 0.458085993956 6.28485646087 9994.25705755
60 0.457703023016 5.44860759748 9995.09368938
61 0.45737126839 4.72362779278 9995.81900094
62 0.457083850528 4.09511134625 9996.4478048
63 0.456834822604 3.55022462206 9996.99294056
64 0.456619039489 3.07783906483 9997.4655419
65 0.456432050343 2.66830774429 9997.87526021
66 0.456270003873 2.31326827477 9998.23046172
67 0.456129565413 2.00546936998 9998.53840106
68 0.456007848337 1.73862540057 9998.80536675
69 0.455902353151 1.5072874529 9999.03681019
70 0.455810914607 1.30673067249 9999.23745841
