"Time" "S" "I" "R"
0 10000 1 0
1 9997.09454389 3.61477828458 0.290677826497
2 9986.60345392 13.0555780999 1.34096797948
3 9948.86152267 47.0099205608 5.12855676799
4 9814.86616372 167.441138899 18.6926973808
5 9360.57531048 574.325845611 66.0988439068
6 8032.28096777 1749.53463867 219.184393562
7 5376.69540871 4003.60101249 620.703578801
8 2583.7982108 6063.4583874 1353.7434018
9 1022.11954148 6697.46586828 2281.41459025
10 399.10528222 6379.78050013 3222.11421765
11 167.674079472 5743.74400616 4089.58191437
12 77.5293045166 5062.28541001 4861.18528547
13 39.4117752264 4423.60321293 5537.98501185
14 21.84742035 3850.98482066 6128.16775899
15 13.0790905284 3346.47109948 6641.44980999
16 8.37596736579 2905.35995738 7087.26407525
17 5.68944412433 2521.10255134 7474.20800453
18 4.0676236051 2187.01039975 7809.92197664
19 3.04041286576 1896.84023718 8101.11934996
20 2.36209172514 1644.97272859 8353.66517968
21 1.89794525813 1426.43344193 8572.66861281
22 1.56937237128 1236.85806712 8762.57256051
23 1.33115695948 1072.43538711 8927.23345593
24 1.15404799052 929.84268992 9070.00326209
25 1.01968728296 806.191529136 9193.78878358
26 0.915932183567 698.971821236 9301.11224658
27 0.834579989338 606.004145357 9394.16127465
28 0.769954408082 525.397149679 9474.83289591
29 0.717948021473 455.50734755 9544.77470443
30 0.675724229877 394.912130259 9605.41214551
31 0.641129025717 342.375829405 9657.98304157
32 0.612573206747 296.827262298 9703.5601645
33 0.588847637971 257.33736666 9743.0737857
34 0.569023687362 223.100534792 9777.33044152
35 0.552376786 193.418070295 9807.02955292
36 0.538339699206 167.684378638 9832.77728166
37 0.526459461909 145.374229316 9855.09931122
38 0.516372333068 126.032210472 9874.4514172
39 0.507783860941 109.263498154 9891.22871799
40 0.500453793282 94.725774316 9905.77377189
41 0.49418468057 82.1222391844 9918.38357613
42 0.488813102067 71.1955536701 9929.31563323
43 0.48420362168 61.7226823999 9938.79311398
44 0.48024262457 53.5101841454 9947.00957323
45 0.476834884759 46.3903693697 9954.13279575
46 0.473900176557 40.2178715425 9960.30822828
47 0.471370557767 34.866640926 9965.66198852
48 0.46918845459 30.2274150103 9970.30339654
49 0.467304882643 26.205463028 9974.32723209
50 0.465678046774 22.7186478339 9977.81567412
51 0.464272259429 19.6957731179 9980.83995462
52 0.463056961187 17.075112528 9983.46183051
53 0.462005939056 14.8031445889 9985.73484947
54 0.461096695522 12.833476943 9987.70542636
55 0.460309883163 11.1258878788 9989.41380224
56 0.459628847342 9.64550372027 9990.89486743
57 0.45903924529 8.36209612062 9992.17886463
58 0.458528706635 7.24945529351 9993.292016
59 0.458086557839 6.28485828386 9994.25705516
60 0.457703586369 5.44860919101 9995.09368722
61 0.457371831288 4.72362918564 9995.81899898
62 0.457084413025 4.09511256363 9996.44780302
63 0.456835384754 3.55022568599 9996.99293893
64 0.456619601337 3.0778399946 9997.4655404
65 0.456432611933 2.66830855677 9997.87525883
66 0.456270565235 2.3132689847 9998.23046045
67 0.45613012658 2.00546999027 9998.53839988
68 0.456008409332 1.73862594251 9998.80536565
69 0.455902913998 1.50728792636 9999.03680916
70 0.455811475324 1.30673108609 9999.23745744
