"Time" "S" "I" "R"
0 10000 1 0
1 9997.13706448 3.57456392262 0.288371601616
2 9986.91422997 12.7670203948 1.31874963805
3 9950.54041193 45.4660827399 4.99350532955
4 9822.73642276 160.250976634 18.0126006088
5 9392.78614801 545.125025189 63.0888268035
6 8134.06564602 1658.94088684 207.993467141
7 5562.60274888 3847.70539504 590.691856074
8 2743.38881402 5955.01880784 1302.59237814
9 1102.90350795 6677.77208907 2220.32440298
10 433.442978627 6406.64653945 3160.91048192
11 182.42188416 5786.07594094 4032.5021749
12 84.3375821913 5107.17938979 4809.48302802
13 42.8358832488 4466.41293816 5491.75117859
14 23.7188497978 3890.20066732 6087.08048288
15 14.1824779555 3381.76010523 6605.05741681
16 9.0718477154 2936.83532404 7055.09282825
17 6.1550000727 2549.04135743 7445.80364249
18 4.39594470328 2211.73906674 7784.86498856
19 3.28260873683 1918.68825314 8079.02913812
20 2.54794424575 1664.25205212 8334.20000363
21 2.04553916661 1443.43122839 8555.52323245
22 1.69027538341 1251.83428046 8747.47544416
23 1.43267277315 1085.62328953 8913.9440377
24 1.24130022429 941.450977978 9058.3077218
25 1.09616937615 816.405600218 9183.49823041
26 0.984133305808 707.956139379 9292.05972732
27 0.896311788438 613.904468943 9386.19921927
28 0.826561088923 532.342398136 9467.83104078
29 0.770455090613 461.611715808 9538.6178291
30 0.724904602581 400.276125856 9599.99896954
31 0.687588807386 347.088265578 9653.22414561
32 0.656790521085 300.96645663 9699.37675285
33 0.631203718176 260.972374641 9739.39642164
34 0.609825466345 226.292188984 9774.09798555
35 0.591874192252 196.219987053 9804.18813876
36 0.576736753348 170.1437142 9830.27954905
37 0.563925006549 147.532529184 9852.90354581
38 0.553046631481 127.926037796 9872.52091557
39 0.543783992338 110.925009892 9889.53120612
40 0.535878021839 96.1832600181 9904.28086196
41 0.529115849891 83.4005748594 9917.07030929
42 0.523321312761 72.316609607 9928.16006908
43 0.518348343334 62.7056735936 9937.77597806
44 0.514074527297 54.3720008149 9946.11392466
45 0.510397271928 47.1458616809 9953.34374105
46 0.507230048333 40.8800720637 9959.61269789
47 0.504499656687 35.4469977108 9965.04850263
48 0.502144061327 30.7359895174 9969.76186642
49 0.500110439212 26.6510801002 9973.84880946
50 0.498353753697 23.1090565716 9977.39258967
51 0.496835542974 20.0377796568 9980.4653848
52 0.495522852043 17.3746829186 9983.12979423
53 0.494387428544 15.0655172318 9985.44009534
54 0.4934050178 13.0632492043 9987.44334578
55 0.492554752867 11.3270883477 9989.1803569
56 0.491818677261 9.82166854968 9990.68651277
57 0.491181321866 8.5163265426 9991.99249214
58 0.490629341655 7.38446863045 9993.12490203
59 0.490151224007 6.40303867262 9994.1068101
60 0.489737028563 5.5520460555 9994.95821692
61 0.489378164433 4.81415329114 9995.69646854
62 0.489067207885 4.17432955797 9996.33660323
63 0.488797739306 3.61954183976 9996.89166042
64 0.488564204234 3.1384873865 9997.37294841
65 0.488361797519 2.72136739507 9997.79027081
66 0.488186359671 2.35968483289 9998.15212881
67 0.488034289157 2.04607118929 9998.46589452
68 0.487902468025 1.77413847468 9998.73795906
69 0.487788195431 1.53834698729 9998.97386482
70 0.487689131753 1.33389306212 9999.17841781
