"Time" "S" "I" "R"
0 10000 1 0
1 9997.05646301 3.65109662426 0.292440360904
2 9986.32135336 13.3189430914 1.3597035503
3 9947.31952465 48.4336078744 5.24686747668
4 9807.56403597 174.133937057 19.3020269707
5 9330.5162816 601.649491396 68.8342270077
6 7938.017114 1833.59611639 229.386769613
7 5210.07383377 4143.26814976 647.658016464
8 2446.82594939 6155.7377358 1398.43631482
9 954.578666716 6712.96206943 2333.45926385
10 370.640312544 6357.15044368 3273.20924378
11 155.440783946 5709.16326498 4136.39595108
12 71.8546536334 5026.25938036 4902.885966
13 36.5384124721 4389.78719463 5574.67439289
14 20.264711254 3820.47787989 6160.25740885
15 12.1381904161 3319.43167406 6669.43013552
16 7.77754215977 2881.60295853 7111.61949931
17 5.28566154259 2500.32770003 7495.38663842
18 3.78056175926 2168.89285094 7828.32658731
19 2.82694074797 1881.06617248 8117.10688677
20 2.1970157622 1631.25352901 8367.54945522
21 1.76585772684 1414.5098494 8584.72429287
22 1.46052281298 1226.50014653 8773.03933065
23 1.23911836305 1063.4405485 8936.32033313
24 1.07447159973 922.033580495 9077.89194791
25 0.949549644069 799.413183086 9200.63726727
26 0.85306849179 693.089090306 9307.0578412
27 0.777408003971 600.899232639 9399.32335936
28 0.717296605959 520.967545635 9479.31515776
29 0.668916909583 451.664036308 9548.66704678
30 0.629633472077 391.577677255 9608.79268927
31 0.597445281155 339.483001242 9660.91955348
32 0.570874332716 294.317665702 9706.11145997
33 0.548796607001 255.160299894 9745.2909035
34 0.530348585435 221.211985276 9779.25766614
35 0.514856276337 191.779834505 9808.70530922
36 0.501792418443 166.263313597 9834.23489398
37 0.490735555277 144.141565092 9856.36769935
38 0.481347237814 124.962980096 9875.55567267
39 0.473353566364 108.336045818 9892.19060062
40 0.466531010963 93.9213066704 9906.61216232
41 0.460695837422 81.4244513713 9919.11485279
42 0.455696015082 70.5903070321 9929.95399695
43 0.451405487729 61.1977044832 9939.35089003
44 0.447718559019 53.0548362206 9947.49744522
45 0.44454656597 45.9954145588 9954.56003888
46 0.44181486623 39.8753006196 9960.68288451
47 0.439460228998 34.5695107151 9965.99102906
48 0.437429053027 29.969695675 9970.59287527
49 0.435675758294 25.9819281622 9974.58239608
50 0.434161441672 22.5247652733 9978.04107329
51 0.432852879643 19.5276076295 9981.03953949
52 0.431721634035 16.9292543399 9983.63902403
53 0.430743303408 14.6766353313 9985.89262137
54 0.429896944264 12.7237484822 9987.84635457
55 0.429164550933 11.030715544 9989.54011991
56 0.428530619223 9.56295688692 9991.00851249
57 0.427981797235 8.29049887452 9992.28151933
58 0.427506571923 7.18735604638 9993.38513738
59 0.427095006989 6.23099721138 9994.34190778
60 0.426738526425 5.40189272901 9995.17136874
61 0.426429720772 4.68311019195 9995.89046009
62 0.426162185619 4.05996886733 9996.51386895
63 0.42593038519 3.51974384829 9997.05432577
64 0.425729530591 3.05140198891 9997.52286848
65 0.425555478392 2.64537780749 9997.92906671
66 0.425404643645 2.29338010718 9998.28121525
67 0.425273922447 1.98821967471 9998.5865064
68 0.425160627576 1.72366402133 9998.85117535
69 0.425062432478 1.49431082449 9999.08062674
70 0.42497732168 1.29547560762 9999.27954707
