"Time" "S" "I" "R"
0 10000 1 0
1 9997.09454559 3.61477470967 0.290679698134
2 9986.60347213 13.0555522896 1.3409755756
3 9948.86163723 47.0097814879 5.12858127828
4 9814.86674574 167.440484881 18.6927693822
5 9360.57781578 574.323143688 66.0990405355
6 8032.28917486 1749.52591385 219.184911288
7 5376.71092055 4003.58402602 620.705053436
8 2583.81238687 6063.44018926 1353.74742387
9 1022.12763266 6697.44966831 2281.42269903
10 399.109358312 6379.7640043 3222.12663739
11 167.676204317 5743.72582748 4089.5979682
12 77.5304976543 5062.26546032 4861.20404203
13 39.4124977483 4423.58192339 5538.00557886
14 21.8478885195 3850.96273703 6128.18937445
15 13.0794123021 3346.44873112 6641.47185657
16 8.37620009263 2905.33773082 7087.28606908
17 5.68962004369 2521.08080324 7474.22957672
18 4.06776179401 2186.98938409 7809.94285411
19 3.0405250765 1896.82013698 8101.13933795
20 2.3621855011 1644.95366801 8353.68414649
21 1.89802560193 1426.41549751 8572.68647689
22 1.56944271593 1236.84127758 8762.58927971
23 1.33121970786 1072.41976173 8927.24901856
24 1.15410487044 929.828215415 9070.01767971
25 1.01973956701 806.178175402 9193.80208503
26 0.915980823975 698.959545975 9301.1244732
27 0.834625709789 605.992897755 9394.17247653
28 0.769997768208 525.386873418 9474.84312881
29 0.717989459035 455.497983174 9544.78402737
30 0.6757640916 394.903616959 9605.42061895
31 0.64116758915 342.36810644 9657.99072597
32 0.612610695456 296.820270035 9703.56711927
33 0.588884233714 257.331047351 9743.08006842
34 0.56905953893 223.094833132 9777.33610733
35 0.552412015617 193.412933778 9807.03465421
36 0.538374408252 167.679757817 9832.78186777
37 0.5264937344 145.370077888 9855.10342838
38 0.516406238958 126.028485325 9874.45510844
39 0.507817458711 109.260159347 9891.23202319
40 0.500487131905 94.7227849856 9905.77672788
41 0.494217801133 82.1195654384 9918.38621676
42 0.488846039114 71.1931644512 9929.31798951
43 0.484236404287 61.720549328 9938.79521427
44 0.480275277238 53.508281358 9947.01144336
45 0.476867428095 46.3886733446 9954.13445923
46 0.473932627972 40.2163609456 9960.30970643
47 0.471402931938 34.8652964422 9965.66330063
48 0.46922076388 30.2262191745 9970.30456006
49 0.467337137494 26.2044000873 9974.32826278
50 0.465710255992 22.717703596 9977.81658615
51 0.464304430427 19.6949348099 9980.84076076
52 0.463089100214 17.0743686795 9983.46254222
53 0.462038051375 14.8024849051 9985.73547704
54 0.461128785557 12.8328921933 9987.70597902
55 0.460341954638 11.1253698034 9989.41428824
56 0.459660903383 9.6450449289 9990.89529417
57 0.45907128852 8.36169000736 9992.1792387
58 0.458560739253 7.24909596392 9993.2923433
59 0.458118581688 6.28454047804 9994.25734094
60 0.457735602989 5.44832821965 9995.09393618
61 0.457403841958 4.72338087397 9995.81921528
62 0.457116418822 4.09489319453 9996.44799039
63 0.456867386571 3.55003195332 9996.99310066
64 0.456651599914 3.07766896044 9997.46567944
65 0.456464607882 2.66815761024 9997.87537778
66 0.456302559069 2.31313580823 9998.23056163
67 0.45616211872 2.0053525277 9998.53848535
68 0.456040400122 1.73852236959 9998.80543723
69 0.455934903721 1.50719662656 9999.03686847
70 0.455843464213 1.30665062722 9999.23750591
