"Time" "S" "I" "R"
0 10000 1 0
1 9997.09454534 3.61477490334 0.290679758742
2 9986.6034704 13.0555536867 1.3409759114
3 9948.86162819 47.0097889977 5.12858280755
4 9814.86670417 167.440519952 18.6927758802
5 9360.57764796 574.323285579 66.099066466
6 8032.28865444 1749.52634294 219.185002615
7 5376.71000505 4003.5846961 620.705298849
8 2583.81164731 6063.44047873 1353.74787395
9 1022.12728845 6697.44939966 2281.42331189
10 399.109228666 6379.76341922 3222.12735212
11 167.676157761 5743.72510156 4089.59874068
12 77.5304812364 5062.26467683 4861.20484193
13 39.4124924026 4423.5811231 5538.0063845
14 21.8478873373 3850.96194273 6128.19016994
15 13.0794126903 3346.44795701 6641.4726303
16 8.37620104461 2905.33698619 7087.28681277
17 5.68962116053 2521.08009417 7474.23028467
18 4.06776291711 2186.9887144 7809.94352268
19 3.04052614879 1896.81950877 8101.13996508
20 2.3621865061 1644.95308211 8353.68473139
21 1.89802653941 1426.41495378 8572.68701968
22 1.5694435919 1236.84077517 8762.58978124
23 1.33122053067 1072.41929927 8927.2494802
24 1.15410564772 929.827791167 9070.01810319
25 1.01974030602 806.177787382 9193.80247231
26 0.915981530938 698.959192053 9301.12482642
27 0.834626389948 605.992575726 9394.17279788
28 0.769998426011 525.386581058 9474.84342052
29 0.717990098186 455.497718289 9544.78429161
30 0.675764715212 394.903377414 9605.42085787
31 0.641168199832 342.367890181 9657.99094162
32 0.61261129537 296.820075105 9703.5673136
33 0.58888482467 257.330871903 9743.08024327
34 0.569060122443 223.094675433 9777.33626444
35 0.552412592946 193.412792212 9807.0347952
36 0.538374980461 167.679630881 9832.78199414
37 0.526494302372 145.369964196 9855.1035415
38 0.516406803434 126.0283836 9874.4552096
39 0.507818020302 109.260068416 9891.23211356
40 0.500487691135 94.7227037786 9905.77680853
41 0.494218358432 82.119492977 9918.38628866
42 0.488846594842 71.1930998458 9929.31805356
43 0.48423695874 61.7204917709 9938.79527127
44 0.480275830663 53.5082301176 9947.01149405
45 0.4768679807 46.3886277586 9954.13450426
46 0.473933179926 40.2163204166 9960.3097464
47 0.47140348338 34.8652604317 9965.66333608
48 0.469221314923 30.2261871974 9970.30459149
49 0.467337688237 26.2043717078 9974.3282906
50 0.465710806509 22.717678423 9977.81661077
51 0.464304980775 19.6949124924 9980.84078253
52 0.463089650442 17.0743489034 9983.46256145
53 0.462038601527 14.8024673891 9985.73549401
54 0.461129335661 12.8328766861 9987.70599398
55 0.460342504721 11.1253560806 9989.41430141
56 0.459661453462 9.64503279018 9990.89530576
57 0.45907183861 8.36167927408 9992.17924889
58 0.458561289366 7.24908647702 9993.29235223
59 0.458119131828 6.28453209586 9994.25734877
60 0.457736153163 5.44832081615 9995.09394303
61 0.457404392169 4.72337433713 9995.81922127
62 0.457116969073 4.09488742478 9996.44799561
63 0.456867936862 3.55002686226 9996.9931052
64 0.456652150246 3.07766446961 9997.46568338
65 0.456465158255 2.66815365005 9997.87538119
66 0.45630310948 2.31313231697 9998.23056457
67 0.456162669165 2.0053494507 9998.53848788
68 0.456040950599 1.73851965841 9998.80543939
69 0.455935454236 1.50719423833 9999.03687031
70 0.455844014756 1.30664852399 9999.23750746
