"Time" "S" "I" "R"
0 10000 1 0
1 9997.09454213 3.61478189912 0.29067596726
2 9986.60343535 13.0556041961 1.34096045204
3 9948.86140626 47.0100611709 5.12853257049
4 9814.86557319 167.441800097 18.6926267084
5 9360.57277084 574.328576581 66.0986525813
6 8032.27265416 1749.54345132 219.183894514
7 5376.67970954 4003.61813611 620.702154351
8 2583.78388345 6063.47664478 1353.73947177
9 1022.1113799 6697.48201332 2281.40660678
10 399.10117963 6379.79687632 3222.10194405
11 167.671945121 5743.76203641 4089.56601847
12 77.5281080331 5062.30519953 4861.16669244
13 39.4110516206 4423.62433887 5537.96460951
14 21.8469519464 3851.00674194 6128.14630611
15 13.0787688402 3346.49330964 6641.42792152
16 8.37573483882 2905.3820318 7087.24223336
17 5.68926843781 2521.12415459 7474.18657697
18 4.06748564974 2187.03127863 7809.90123573
19 3.04030087775 1896.86020908 8101.09949004
20 2.36199815783 1644.99166954 8353.6463323
21 1.8978651089 1426.45127535 8572.65085954
22 1.56930220841 1236.87475411 8762.55594368
23 1.33109438187 1072.45091812 8927.2179875
24 1.15399127191 929.857077858 9069.98893087
25 1.0196351523 806.204803711 9193.77556114
26 0.915883689917 698.984024307 9301.100092
27 0.834534410096 606.015327285 9394.1501383
28 0.769911184541 525.407366329 9474.82272249
29 0.717906716633 455.516657927 9544.76543536
30 0.675684497668 394.920594733 9605.40372077
31 0.641090589119 342.3835083 9657.97540111
32 0.612535842649 296.834214844 9703.55324931
33 0.588811164986 257.343650229 9743.06753861
34 0.568987957013 223.106204333 9777.32480771
35 0.552341676326 193.423177985 9807.02448034
36 0.538305109045 167.688973616 9832.77272127
37 0.526425307429 145.378357602 9855.09521709
38 0.516338544467 126.035914916 9874.44774654
39 0.507750379869 109.266818459 9891.22543116
40 0.500420570868 94.7287471255 9905.7708323
41 0.494151675817 82.1248981917 9918.38095013
42 0.488780280506 71.1979297506 9929.31328997
43 0.484170954292 61.7248037691 9938.79102528
44 0.480210086913 53.5120765162 9947.0077134
45 0.476802456267 46.3920561296 9954.13114141
46 0.473867839855 40.2193739037 9960.30675826
47 0.471338298203 34.8679780936 9965.66068361
48 0.469156259825 30.2286043506 9970.30223939
49 0.467272742251 26.2065202051 9974.32620705
50 0.465645951972 22.7195869603 9977.81476709
51 0.464240202817 19.6966068951 9980.8391529
52 0.463024936516 17.0758523624 9983.4611227
53 0.461973941079 14.8038007182 9985.73422534
54 0.461064719822 12.8340585463 9987.70487673
55 0.460277926019 11.1264031705 9989.4133189
56 0.459596905632 9.64596004972 9990.89444304
57 0.459007316394 8.36250005742 9992.17849263
58 0.458496788353 7.24981269974 9993.29169051
59 0.458054648336 6.28517439062 9994.25677096
60 0.457671684106 5.44888866198 9995.09343965
61 0.457339934972 4.72387617281 9995.81878389
62 0.457052521593 4.09533076388 9996.44761671
63 0.456803497313 3.5504183875 9996.99277812
64 0.456587717143 3.07801011935 9997.46540216
65 0.456400730371 2.66845870149 9997.87514057
66 0.456238685796 2.31340145445 9998.23035986
67 0.456098248846 2.0055868301 9998.53831492
68 0.455976532954 1.73872896683 9998.8052945
69 0.455871038694 1.50737874299 9999.03675022
70 0.455779600861 1.30681111956 9999.23740928
