"Time" "S" "I" "R"
0 10000 1 0
1 9994.45549738 5.98711163367 0.557390989907
2 9961.37504914 35.7355295564 3.88942130021
3 9767.93893516 209.463458336 23.597606501
4 8756.87737946 1110.70980962 133.41281092
5 5486.68798411 3911.03508561 603.276930286
6 1877.5502258 6442.42794623 1681.02182797
7 503.482962585 6493.7056307 3003.81140672
8 149.964320873 5629.99096372 4221.04471541
9 53.7465570667 4694.93869395 5252.31474899
10 22.9694211047 3871.30893577 6106.72164313
11 11.4130845524 3179.87929202 6809.70762343
12 6.42848742492 2607.92518186 7386.64633072
13 4.01577950948 2137.35112434 7859.63309615
14 2.73090179915 1751.06835418 8247.20074402
15 1.99151915467 1434.31755595 8564.69092489
16 1.53712816187 1174.72701325 8824.73585858
17 1.24353941151 962.048678491 9037.7077821
18 1.04537950485 787.83659257 9212.11802793
19 0.906880257084 645.150451818 9354.94266792
20 0.807295581502 528.295021477 9471.89768294
21 0.733912780654 432.597422282 9567.66866494
22 0.678825430057 354.230575952 9646.09059862
23 0.63680973231 290.057405937 9710.30578433
24 0.604349567016 237.508239185 9762.88741125
25 0.579005240081 194.47814277 9805.94285199
26 0.559045955008 159.243223456 9841.19773059
27 0.543216719876 130.391618494 9870.06516479
28 0.530589781203 106.767023976 9893.70238624
29 0.520469509287 87.4225815848 9913.05694891
30 0.512326591415 71.5828770874 9928.90479632
31 0.505754056185 58.6130220935 9941.88122385
32 0.500435235212 47.9930798289 9952.50648494
33 0.496121809645 39.2972973636 9961.20658083
34 0.492617636573 32.1770641853 9968.33031818
35 0.489766825522 26.3469227025 9974.16331047
36 0.487444843546 21.5731277728 9978.93942738
37 0.485551783831 17.6642888728 9982.85015934
38 0.484007205858 14.4636885905 9986.0523042
39 0.482746150961 11.8430024043 9988.67425144
40 0.481716035569 9.69715842018 9990.82112554
41 0.480874205476 7.94012053716 9992.57900526
42 0.480186003373 6.50144115595 9994.01837284
43 0.479623231109 5.32343719709 9995.19693957
44 0.479162919506 4.35887674048 9996.16196034
45 0.478786341388 3.56908589443 9996.95212776
46 0.478478216412 2.92239812763 9997.59912366
47 0.478226068728 2.39288448107 9998.12888945
48 0.47801970701 1.95931406965 9998.56266622
49 0.477850802612 1.60430287933 9998.91784632
50 0.477712546717 1.31361666618 9999.20867079
51 0.477599371417 1.07560031567 9999.44680031
52 0.47750672252 0.880710542883 9999.64178273
53 0.477430874224 0.72113317233 9999.80143595
54 0.477368777982 0.590469884913 9999.93216134
55 0.477317939072 0.483481687313 10000.0392004
56 0.477276315782 0.395878849727 10000.1268448
57 0.477242236986 0.324148908374 10000.1986089
58 0.477214334793 0.265415829042 10000.2573698
59 0.477191489461 0.217324690079 10000.3054838
60 0.477172784322 0.177947255849 10000.34488
61 0.477157468875 0.145704541572 10000.377138
62 0.477144928898 0.119304086701 10000.403551
63 0.477134661318 0.0976872003013 10000.4251781
64 0.477126254289 0.0799870839548 10000.4428867
65 0.477119370647 0.0654940685816 10000.4573866
66 0.477113734349 0.0536270884768 10000.4692592
67 0.477109119347 0.0439102984403 10000.4789806
68 0.477105340582 0.0359541169185 10000.4869405
69 0.477102246521 0.0294395319525 10000.4934582
70 0.477099713093 0.0241053324539 10000.498795
