"Time" "S" "I" "R"
0 10000 1 0
1 9997.13225074 3.57882112751 0.288928134451
2 9986.88006361 12.7974135752 1.32252281232
3 9950.35902927 45.6278648947 5.01310583868
4 9821.89606474 161.000684023 18.1032512408
5 9389.3724554 548.156900036 63.4706445594
6 8123.28621374 1668.33290242 209.380883841
7 5542.721176 3863.83363577 594.445188226
8 2726.13449678 5965.59454604 1309.27095718
9 1094.20802946 6677.94351073 2228.84845981
10 429.829555576 6401.04337102 3170.1270734
11 180.927301322 5778.2837362 4041.78896248
12 83.6815063826 5098.77630512 4818.54218849
13 42.5257150609 4458.0409497 5500.43333524
14 23.5612054803 3882.13187422 6095.3069203
15 14.0969639927 3374.11544315 6612.78759286
16 9.02274011489 2929.66783483 7062.30942505
17 6.1254226599 2542.36991915 7452.5046582
18 4.37737360945 2205.56369968 7791.05892671
19 3.27057490863 1912.99761039 8084.7318147
20 2.53994891215 1659.02783396 8339.43221713
21 2.04014099678 1438.65078111 8560.30907789
22 1.68658025936 1247.47242016 8751.84099958
23 1.43016817273 1081.65354234 8917.91628948
24 1.23962330149 937.846321608 9061.91405509
25 1.09509050053 813.139241074 9186.76566843
26 0.983496340106 705.001924954 9295.01457871
27 0.896008774647 611.237201046 9388.86679018
28 0.826515179999 529.938045931 9470.23543889
29 0.770608150098 459.447494747 9540.7818971
30 0.725217265792 398.3307288 9601.94405393
31 0.688030328947 345.341773916 9654.97019576
32 0.657337517247 299.400380335 9700.94228215
33 0.631838099052 259.5696191 9740.7985428
34 0.610533061772 225.037016904 9775.35245003
35 0.59264362821 195.097950763 9805.30940561
36 0.5775590388 169.141609605 9831.28083136
37 0.564792694422 146.638302008 9853.7969053
38 0.553953566838 127.128717851 9873.31732858
39 0.544725052452 110.214638632 9890.24063632
40 0.53684889075 95.5508125761 9904.91233853
41 0.530112857767 82.8378889623 9917.63199818
42 0.524341310995 71.8163149478 9928.65934374
43 0.519388637014 62.261129224 9938.21948214
44 0.515132764716 53.9772270166 9946.50764022
45 0.511471392998 46.7954808792 9953.69304773
46 0.508318263812 40.5692599245 9959.92242181
47 0.505600386274 35.17142722 9965.32297239
48 0.503255907386 30.4917828176 9970.00496128
49 0.501232172555 26.4347697247 9974.0639981
50 0.499484281645 22.9175418735 9977.58297384
51 0.497973894375 19.8682903592 9980.63373575
52 0.496668166566 17.2247486514 9983.27858318
53 0.495538938778 14.9329341155 9985.57152695
54 0.494562040596 12.9460536333 9987.55938433
55 0.493716680512 11.2235329019 9989.28275042
56 0.492984967248 9.73019768348 9990.77681735
57 0.492351491032 8.43555745617 9992.07209105
58 0.491802959534 7.31317286307 9993.19502418
59 0.491327906479 6.34012475686 9994.16854734
60 0.490916433653 5.49654561473 9995.01253795
61 0.490559987455 4.76520730681 9995.74423271
62 0.490251177207 4.13117605813 9996.37857276
63 0.489983613323 3.58150591196 9996.92851047
64 0.489751767838 3.10497113953 9997.40527709
65 0.489550859182 2.69184123341 9997.81860791
66 0.489376749225 2.33368034512 9998.17694291
67 0.489225855265 2.02317391522 9998.48760023
68 0.489095076118 1.75398176054 9998.75692316
69 0.488981726103 1.52060694614 9998.99041133
70 0.488883478936 1.31828341268 9999.19283311
