"Time" "S" "I" "R"
0 10000 1 0
1 9997.09454389 3.61477828458 0.290677826499
2 9986.60345392 13.0555780999 1.34096797949
3 9948.86152267 47.0099205611 5.12855676804
4 9814.86616372 167.4411389 18.692697381
5 9360.57531048 574.325845615 66.0988439076
6 8032.28096775 1749.53463868 219.184393565
7 5376.69540869 4003.60101251 620.703578807
8 2583.79821078 6063.4583874 1353.74340181
9 1022.11954147 6697.46586827 2281.41459027
10 399.105282216 6379.78050011 3222.11421767
11 167.674079471 5743.74400614 4089.58191439
12 77.5293045161 5062.28540999 4861.18528549
13 39.4117752262 4423.6032129 5537.98501187
14 21.84742035 3850.98482063 6128.16775902
15 13.0790905284 3346.47109946 6641.44981001
16 8.37596736582 2905.35995736 7087.26407527
17 5.68944412436 2521.10255132 7474.20800455
18 4.06762360514 2187.01039974 7809.92197666
19 3.04041286579 1896.84023716 8101.11934997
20 2.36209172517 1644.97272857 8353.6651797
21 1.89794525815 1426.43344192 8572.66861282
22 1.5693723713 1236.85806711 8762.57256052
23 1.33115695951 1072.4353871 8927.23345594
24 1.15404799054 929.842689908 9070.0032621
25 1.01968728298 806.191529125 9193.78878359
26 0.915932183585 698.971821226 9301.11224659
27 0.834579989354 606.004145348 9394.16127466
28 0.769954408099 525.397149671 9474.83289592
29 0.717948021489 455.507347543 9544.77470444
30 0.675724229895 394.912130252 9605.41214552
31 0.641129025735 342.375829399 9657.98304157
32 0.612573206765 296.827262292 9703.5601645
33 0.588847637988 257.337366655 9743.07378571
34 0.569023687378 223.100534788 9777.33044153
35 0.552376786016 193.418070291 9807.02955292
36 0.538339699222 167.684378635 9832.77728167
37 0.526459461924 145.374229313 9855.09931123
38 0.516372333082 126.032210469 9874.4514172
39 0.507783860956 109.263498151 9891.22871799
40 0.500453793295 94.7257743137 9905.77377189
41 0.494184680581 82.1222391824 9918.38357614
42 0.48881310208 71.1955536683 9929.31563323
43 0.484203621691 61.7226823983 9938.79311398
44 0.480242624581 53.5101841439 9947.00957323
45 0.476834884768 46.3903693684 9954.13279575
46 0.473900176568 40.2178715414 9960.30822828
47 0.47137055778 34.866640925 9965.66198852
48 0.469188454603 30.2274150094 9970.30339654
49 0.467304882653 26.2054630272 9974.32723209
50 0.465678046785 22.7186478332 9977.81567412
51 0.46427225944 19.6957731172 9980.83995462
52 0.463056961196 17.0751125274 9983.46183051
53 0.462005939065 14.8031445884 9985.73484947
54 0.461096695532 12.8334769425 9987.70542636
55 0.460309883172 11.1258878784 9989.41380224
56 0.459628847353 9.64550371993 9990.89486743
57 0.459039245301 8.36209612032 9992.17886463
58 0.458528706647 7.24945529324 9993.292016
59 0.458086557852 6.28485828362 9994.25705516
60 0.457703586384 5.4486091908 9995.09368722
61 0.4573718313 4.72362918545 9995.81899898
62 0.457084413038 4.09511256346 9996.44780302
63 0.456835384766 3.55022568585 9996.99293893
64 0.456619601349 3.07783999447 9997.4655404
65 0.456432611942 2.66830855665 9997.87525883
66 0.456270565248 2.3132689846 9998.23046045
67 0.456130126593 2.00546999018 9998.53839988
68 0.456008409345 1.73862594243 9998.80536565
69 0.455902914011 1.50728792629 9999.03680916
70 0.455811475338 1.30673108603 9999.23745744
