"Time" "S" "I" "R"
0 10000 1 0
1 9997.09454213 3.61478189912 0.29067596726
2 9986.60343535 13.0556041961 1.34096045205
3 9948.86140626 47.0100611709 5.12853257049
4 9814.86557319 167.441800097 18.6926267084
5 9360.57277084 574.328576581 66.0986525813
6 8032.27265416 1749.54345133 219.183894514
7 5376.67970953 4003.61813611 620.702154352
8 2583.78388345 6063.47664478 1353.73947177
9 1022.1113799 6697.48201332 2281.40660678
10 399.101179629 6379.79687632 3222.10194405
11 167.67194512 5743.76203641 4089.56601847
12 77.528108033 5062.30519953 4861.16669244
13 39.4110516206 4423.62433887 5537.96460951
14 21.8469519463 3851.00674194 6128.14630612
15 13.0787688402 3346.49330964 6641.42792152
16 8.37573483882 2905.3820318 7087.24223337
17 5.6892684378 2521.12415459 7474.18657697
18 4.06748564974 2187.03127862 7809.90123573
19 3.04030087775 1896.86020908 8101.09949004
20 2.36199815783 1644.99166954 8353.6463323
21 1.8978651089 1426.45127535 8572.65085954
22 1.56930220841 1236.87475411 8762.55594368
23 1.33109438187 1072.45091812 8927.2179875
24 1.15399127191 929.857077857 9069.98893087
25 1.0196351523 806.20480371 9193.77556114
26 0.915883689917 698.984024306 9301.100092
27 0.834534410098 606.015327285 9394.15013831
28 0.76991118454 525.407366328 9474.82272249
29 0.717906716634 455.516657927 9544.76543536
30 0.67568449767 394.920594733 9605.40372077
31 0.641090589124 342.3835083 9657.97540111
32 0.612535842653 296.834214844 9703.55324931
33 0.588811164989 257.343650229 9743.06753861
34 0.568987957016 223.106204333 9777.32480771
35 0.55234167633 193.423177985 9807.02448034
36 0.538305109048 167.688973616 9832.77272127
37 0.526425307431 145.378357602 9855.09521709
38 0.51633854447 126.035914915 9874.44774654
39 0.507750379873 109.266818459 9891.22543116
40 0.500420570872 94.7287471255 9905.7708323
41 0.494151675819 82.1248981916 9918.38095013
42 0.48878028051 71.1979297506 9929.31328997
43 0.484170954296 61.724803769 9938.79102528
44 0.480210086918 53.5120765162 9947.0077134
45 0.476802456269 46.3920561296 9954.13114141
46 0.473867839857 40.2193739036 9960.30675826
47 0.471338298205 34.8679780935 9965.66068361
48 0.469156259825 30.2286043506 9970.30223939
49 0.467272742253 26.2065202051 9974.32620705
50 0.465645951974 22.7195869603 9977.81476709
51 0.464240202817 19.6966068951 9980.8391529
52 0.463024936522 17.0758523624 9983.4611227
53 0.461973941085 14.8038007181 9985.73422534
54 0.461064719826 12.8340585463 9987.70487673
55 0.460277926022 11.1264031705 9989.4133189
56 0.459596905634 9.64596004971 9990.89444304
57 0.459007316396 8.36250005742 9992.17849263
58 0.45849678836 7.24981269973 9993.29169051
59 0.458054648341 6.28517439061 9994.25677096
60 0.457671684111 5.44888866197 9995.09343965
61 0.457339934979 4.7238761728 9995.81878389
62 0.457052521599 4.09533076388 9996.44761671
63 0.45680349732 3.5504183875 9996.99277812
64 0.45658771715 3.07801011934 9997.46540216
65 0.456400730378 2.66845870149 9997.87514057
66 0.456238685805 2.31340145444 9998.23035986
67 0.456098248855 2.0055868301 9998.53831492
68 0.455976532963 1.73872896683 9998.8052945
69 0.455871038703 1.50737874299 9999.03675022
70 0.455779600868 1.30681111956 9999.23740928
