"Time" "S" "I" "R"
0 10000 1 0
1 9997.09454138 3.61478260955 0.290676006533
2 9986.60342984 13.0556093222 1.34096083941
3 9948.8613763 47.0100887457 5.12853495179
4 9814.86543205 167.441929151 18.6926387945
5 9360.57219151 574.329102128 66.0987063627
6 8032.27083084 1749.54507453 219.18409463
7 5376.67643629 4003.62087671 620.702687
8 2583.78113856 6063.47849345 1353.74036798
9 1022.11001096 6697.48232305 2281.40766599
10 399.100601063 6379.79640097 3222.10299797
11 167.67169689 5743.76130662 4089.56699649
12 77.5279933289 5062.30443202 4861.16757465
13 39.4109938264 4423.62361071 5537.96539546
14 21.8469202891 3851.00607759 6128.14700212
15 13.0787501295 3346.49271395 6641.42853592
16 8.37572300991 2905.38150226 7087.24277473
17 5.68926050451 2521.12368605 7474.18705344
18 4.0674800418 2187.0308652 7809.90165476
19 3.04029673099 1896.85984491 8101.09985836
20 2.36199496868 1644.99134912 8353.64665591
21 1.89786257054 1426.45099365 8572.65114378
22 1.56930012597 1236.8745066 8762.55619327
23 1.33109262948 1072.45070074 8927.21820663
24 1.15398976317 929.85688702 9069.98912322
25 1.01963382771 806.204636223 9193.77572995
26 0.915882507032 698.983877353 9301.10024014
27 0.834533337904 606.015198376 9394.15026829
28 0.769910200077 525.407253272 9474.82283653
29 0.717905802499 455.516558791 9544.76553541
30 0.675683640553 394.920507819 9605.40380854
31 0.641089778655 342.383432113 9657.97547811
32 0.612535070637 296.83414807 9703.55331686
33 0.588810424895 257.343591713 9743.06759786
34 0.568987243578 223.106153061 9777.3248597
35 0.552340985261 193.423133065 9807.02452595
36 0.538304436846 167.688934267 9832.7727613
37 0.526424651202 145.378323137 9855.09525221
38 0.516337901801 126.035884731 9874.44777737
39 0.507749748756 109.266792027 9891.22545822
40 0.500419949623 94.7287239817 9905.77085607
41 0.494151063016 82.1248779291 9918.38097101
42 0.488779674946 71.1979120123 9929.31330831
43 0.484170354954 61.7247882421 9938.7910414
44 0.480209492925 53.5120629264 9947.00772758
45 0.476801866886 46.3920442361 9954.1311539
46 0.473867254444 40.2193634958 9960.30676925
47 0.471337716222 34.8679689866 9965.6606933
48 0.469155680808 30.2285963826 9970.30224794
49 0.467272165795 26.2065132342 9974.3262146
50 0.46564537773 22.7195808622 9977.81477376
51 0.46423963049 19.696601561 9980.83915881
52 0.463024365852 17.0758476969 9983.46112794
53 0.46197337185 14.8037966379 9985.73422999
54 0.461064151836 12.834054978 9987.70488087
55 0.460277359112 11.1264000503 9989.41332259
56 0.459596339662 9.64595732145 9990.89444634
57 0.459006751238 8.36249767203 9992.17849558
58 0.458496223901 7.24981061431 9993.29169316
59 0.458054084495 6.28517256755 9994.25677335
60 0.457671120794 5.44888706837 9995.09344181
61 0.457339372122 4.72387477988 9995.81878585
62 0.45705195914 4.09532954644 9996.44761849
63 0.456802935205 3.55041732351 9996.99277974
64 0.456587155337 3.07800918953 9997.46540366
65 0.456400168825 2.66845788898 9997.87514194
66 0.45623812448 2.31340074447 9998.23036113
67 0.456097687726 2.00558620977 9998.5383161
68 0.455975972005 1.73872842486 9998.8052956
69 0.455870477892 1.50737826951 9999.03675125
70 0.455779040187 1.30681070594 9999.23741025
