"Time" "S" "I" "R"
0 10000 1 0
1 9997.09454389 3.61477828735 0.29067782665
2 9986.6034539 13.0555781199 1.34096798099
3 9948.86152255 47.0099206684 5.12855677728
4 9814.86616317 167.441139402 18.6926974279
5 9360.57530822 574.32584766 66.0988441165
6 8032.28096066 1749.534645 219.184394343
7 5376.69539595 4003.60102317 620.703580877
8 2583.7982001 6063.4583946 1353.7434053
9 1022.11953614 6697.46586948 2281.41459438
10 399.105279964 6379.78049827 3222.11422176
11 167.674078504 5743.74400331 4089.58191819
12 77.5293040693 5062.28540702 4861.18528891
13 39.411775001 4423.60321009 5537.98501491
14 21.8474202266 3850.98481807 6128.16776171
15 13.0790904554 3346.47109716 6641.44981239
16 8.37596731968 2905.35995532 7087.26407736
17 5.68944409341 2521.10254952 7474.20800639
18 4.06762358324 2187.01039814 7809.92197827
19 3.04041284959 1896.84023576 8101.11935139
20 2.36209171271 1644.97272734 8353.66518095
21 1.89794524823 1426.43344083 8572.66861392
22 1.56937236316 1236.85806616 8762.57256148
23 1.33115695265 1072.43538627 8927.23345678
24 1.15404798463 929.842689176 9070.00326284
25 1.01968727779 806.191528483 9193.78878424
26 0.915932178952 698.971820663 9301.11224716
27 0.834579985158 606.004144854 9394.16127516
28 0.769954404243 525.397149239 9474.83289636
29 0.717948017907 455.507347164 9544.77470482
30 0.675724226538 394.91212992 9605.41214585
31 0.641129022557 342.375829108 9657.98304187
32 0.612573203738 296.827262037 9703.56016476
33 0.588847635085 257.337366432 9743.07378593
34 0.569023684578 223.100534592 9777.33044172
35 0.552376783304 193.41807012 9807.0295531
36 0.538339696583 167.684378485 9832.77728182
37 0.526459459348 145.374229182 9855.09931136
38 0.51637233056 126.032210354 9874.45141732
39 0.507783858478 109.263498051 9891.22871809
40 0.500453790857 94.7257742257 9905.77377198
41 0.494184678177 82.1222391054 9918.38357622
42 0.488813099704 71.195553601 9929.3156333
43 0.484203619339 61.7226823394 9938.79311404
44 0.480242622249 53.5101840924 9947.00957329
45 0.476834882458 46.3903693233 9954.13279579
46 0.473900174271 40.2178715019 9960.30822832
47 0.471370555493 34.8666408905 9965.66198855
48 0.469188452329 30.2274149793 9970.30339657
49 0.467304880391 26.2054630008 9974.32723212
50 0.465678044531 22.7186478101 9977.81567415
51 0.464272257193 19.6957730971 9980.83995465
52 0.463056958957 17.0751125098 9983.46183053
53 0.462005936832 14.803144573 9985.73484949
54 0.461096693305 12.833476929 9987.70542638
55 0.460309880948 11.1258878667 9989.41380225
56 0.45962884513 9.64550370964 9990.89486745
57 0.459039243084 8.36209611133 9992.17886465
58 0.45852870443 7.24945528538 9993.29201601
59 0.458086555638 6.28485827675 9994.25705517
60 0.45770358417 5.4486091848 9995.09368723
61 0.457371829087 4.72362918021 9995.81899899
62 0.457084410826 4.09511255888 9996.44780303
63 0.456835382558 3.55022568184 9996.99293894
64 0.456619599139 3.07783999097 9997.46554041
65 0.456432609735 2.6683085536 9997.87525884
66 0.45627056304 2.31326898193 9998.23046046
67 0.456130124388 2.00546998785 9998.53839989
68 0.45600840714 1.7386259404 9998.80536565
69 0.455902911808 1.50728792451 9999.03680916
70 0.455811473132 1.30673108448 9999.23745744
