"Time" "S" "I" "R"
0 10000 1 0
1 9997.09453574 3.61478561969 0.290678641501
2 9986.60339511 13.055631023 1.34097386806
3 9948.86120622 47.0102052046 5.12858857702
4 9814.86468109 167.442470458 18.6928484557
5 9360.56924786 574.33126047 66.0994916713
6 8032.26195065 1749.55128784 219.186761509
7 5376.66142297 4003.62867637 620.70990066
8 2583.76994213 6063.4757142 1353.75434367
9 1022.10564531 6697.46616851 2281.42818619
10 399.099539069 6379.77185419 3222.12860674
11 167.671689815 5743.73214671 4089.59616347
12 77.5282420969 5062.27277303 4861.19898488
13 39.4112639365 4423.59075629 5537.99797977
14 21.8471546143 3850.97292928 6128.17991611
15 13.0789423861 3346.45992907 6641.46112854
16 8.37587950834 2905.34956391 7087.27455658
17 5.68938912637 2521.09294311 7474.21766776
18 4.06758746531 2187.00156039 7809.93085214
19 3.04038812673 1896.83213656 8101.12747532
20 2.36207417887 1644.96532899 8353.67259683
21 1.89793242111 1426.42670156 8572.67536602
22 1.56936271686 1236.85194234 8762.57869494
23 1.33114953832 1072.42983392 8927.23901654
24 1.15404216632 929.837664926 9070.00829291
25 1.01968263401 806.186990293 9193.79332707
26 0.915928417746 698.967728286 9301.1163433
27 0.834576898804 606.000460065 9394.16496304
28 0.769951843644 525.393836079 9474.83621208
29 0.717945872741 455.504372006 9544.77768212
30 0.675722414777 394.909461504 9605.41481608
31 0.641127481778 342.373438499 9657.98543402
32 0.612571885467 296.825122564 9703.56230555
33 0.588846501341 257.335453595 9743.0756999
34 0.569022705242 223.098825969 9777.33215133
35 0.552375934054 193.416545232 9807.03107883
36 0.538338957838 167.683018697 9832.77864235
37 0.526458814946 145.373017558 9855.10052363
38 0.516371767095 126.031131541 9874.45249669
39 0.507783364779 109.262538159 9891.22967848
40 0.500453357525 94.7249207086 9905.77462593
41 0.494184297253 82.1214806498 9918.38433505
42 0.488812764408 71.1948800217 9929.31630721
43 0.484203323871 61.7220844785 9938.7937122
44 0.480242361622 53.5096537271 9947.01010391
45 0.476834652345 46.3898990751 9954.13326627
46 0.473899970935 40.2174547632 9960.30864527
47 0.471370375684 34.8662717486 9965.66235788
48 0.4691882932 30.2270881445 9970.30372356
49 0.467304739464 26.2051737507 9974.32752151
50 0.465677919638 22.71839193 9977.81593015
51 0.464272146424 19.6955468265 9980.84018103
52 0.463056860637 17.0749125003 9983.46203064
53 0.462005849493 14.8029678423 9985.73502631
54 0.461096615645 12.8333208225 9987.70558256
55 0.460309811831 11.1257500255 9989.41394016
56 0.45962878355 9.645382037 9990.89498918
57 0.45903918815 8.36198874428 9992.17897207
58 0.458528655359 7.24936057166 9993.29211077
59 0.45808651174 6.28477474997 9994.25713874
60 0.457703544835 5.44853554446 9995.09376091
61 0.457371793776 4.7235642745 9995.81906393
62 0.457084379063 4.09505536703 9996.44786025
63 0.456835353922 3.55017530009 9996.99298935
64 0.456619573264 3.07779561978 9997.46558481
65 0.45643258629 2.66826948531 9997.87529793
66 0.456270541737 2.31323459093 9998.23049487
67 0.456130104973 2.00543972123 9998.53843017
68 0.456008389387 1.73859930934 9998.8053923
69 0.455902895521 1.50726449744 9999.03683261
70 0.455811458136 1.3067104803 9999.23747806
