"Time" "S" "I" "R"
0 10000 1 0
1 9997.09447289 3.61486902489 0.290658089259
2 9986.6028637 13.0562330278 1.34090326837
3 9948.8581292 47.0134464338 5.12842436314
4 9814.84966957 167.45767824 18.692652195
5 9360.50621611 574.393660478 66.1001234093
6 8032.05965467 1749.74863191 219.191713424
7 5376.28880734 4003.98928724 620.721905414
8 2583.44328573 6063.80091213 1353.75580214
9 1021.93032215 6697.68057036 2281.38910749
10 399.017460434 6379.94573325 3222.03680632
11 167.631902923 5743.91219217 4089.4559049
12 77.5072885124 5062.47223636 4861.02047513
13 39.3992310439 4423.80872587 5537.79204309
14 21.8396833103 3851.20414312 6127.95617357
15 13.0739786887 3346.69846564 6641.22755567
16 8.37238526415 2905.59009519 7087.03751954
17 5.68680451444 2521.33108564 7473.98210985
18 4.0655922816 2187.2338945 7809.70051322
19 3.03879091195 1897.05610718 8100.90510191
20 2.36075491549 1645.17911694 8353.46012815
21 1.89681304117 1426.62909317 8572.47409378
22 1.56839052927 1237.04221194 8762.38939753
23 1.33028825503 1072.60764091 8927.06207083
24 1.15326592408 930.002968327 9069.84376575
25 1.01897261692 806.33997695 9193.64105043
26 0.915270663081 699.108754138 9300.9759752
27 0.833960865302 606.130003047 9394.03603609
28 0.769369436963 525.512457753 9474.71817281
29 0.717390792652 455.61268675 9544.66992246
30 0.67518969786 395.008113231 9605.31669707
31 0.640613170846 342.463081835 9657.89630499
32 0.612072802083 296.906408784 9703.48151841
33 0.588360068503 257.409020026 9743.00261991
34 0.568546818185 223.165288117 9777.26616507
35 0.551908865986 193.476491499 9806.97159963
36 0.53787927928 167.737006444 9832.72511428
37 0.526005341651 145.421571253 9855.0524234
38 0.515923513271 126.074741567 9874.40933492
39 0.507339506501 109.301660529 9891.19099996
40 0.500013204546 94.7599776282 9905.74000917
41 0.493747270115 82.1528614114 9918.35339132
42 0.488378375536 71.2229422581 9929.28867937
43 0.483771162346 61.7471557388 9938.7690731
44 0.479812080772 53.5320331143 9946.9881548
45 0.476405959847 46.4098591284 9954.11373491
46 0.473472619455 40.2352430899 9960.29128429
47 0.470944156188 34.8821128689 9965.64694297
48 0.468763029086 30.2411853596 9970.29005161
49 0.466880281179 26.217710673 9974.31540905
50 0.465254140723 22.7295341796 9977.80521168
51 0.463848940002 19.7054436265 9980.83070743
52 0.462634136222 17.0836979969 9983.45366787
53 0.461583530627 14.8107625505 9985.72765392
54 0.460674637749 12.8402328929 9987.69909247
55 0.459888120289 11.1318763215 9989.40823556
56 0.459207332282 9.65080929001 9990.88998338
57 0.458617938286 8.3667945393 9992.17458752
58 0.458107574095 7.25361418733 9993.28827824
59 0.457665571446 6.28853804751 9994.25379638
60 0.457282722256 5.45186370844 9995.09085357
61 0.456951069331 4.72650646441 9995.81654247
62 0.456663736302 4.0976553775 9996.44568089
63 0.456414779039 3.55247210439 9996.99111312
64 0.456199054666 3.07982386853 9997.46397708
65 0.456012114277 2.67005998648 9997.8739279
66 0.455850108188 2.31481470422 9998.22933519
67 0.455709703097 2.00683373117 9998.53745657
68 0.455588013529 1.73982877016 9998.80458322
69 0.45548254096 1.50834851693 9999.03616894
70 0.455391120944 1.30766599414 9999.23694288
