"Time" "S" "I" "R"
0 10000 1 0
1 9997.13215115 3.5789107279 0.288938123849
2 9986.87935196 12.7980536526 1.32259438606
3 9950.3552368 45.6312742076 5.01348898926
4 9821.87845136 161.016493782 18.1050548557
5 9389.30079314 548.220883849 63.4783230071
6 8123.05977232 1668.5312958 209.408931888
7 5542.30370053 3864.17532828 594.520971183
8 2725.77217445 5965.82318167 1309.40464388
9 1094.02486868 6677.95838619 2229.01674512
10 429.752909783 6400.94087381 3170.3062164
11 180.895255269 5778.13798242 4041.96676231
12 83.6672327461 5098.61950081 4818.71326645
13 42.518841084 4457.88584363 5500.59531528
14 23.557631537 3881.98359668 6095.45877178
15 14.0949714467 3373.97607257 6612.92895598
16 9.02155785364 2929.53812821 7062.44031394
17 6.12468226832 2542.25000465 7452.62531308
18 4.37688678192 2205.45338317 7791.16973005
19 3.27024151751 1912.89651939 8084.83323909
20 2.53971221864 1658.93549861 8339.52478917
21 2.03996773379 1438.56667879 8560.39335347
22 1.68644955391 1247.39600533 8751.91754511
23 1.43006768165 1081.5842655 8917.98566682
24 1.23954428708 937.783639305 9061.97681641
25 1.09502728886 813.082627463 9186.82234525
26 0.983445002825 704.950876645 9295.06567835
27 0.8959665408 611.191240661 9388.9127928
28 0.826480042988 529.896724254 9470.2767957
29 0.770578586986 459.4103907 9540.81903071
30 0.72519219634 398.29745237 9601.97735543
31 0.68800890939 345.311963647 9655.00002744
32 0.657319094857 299.373703172 9700.96897773
33 0.631822161929 259.545769154 9740.82240868
34 0.610519203861 225.015714231 9775.37376657
35 0.592631521391 195.078939717 9805.32842876
36 0.577548419749 169.124657665 9831.29779392
37 0.564783345118 146.623197819 9853.81201884
38 0.553945306634 127.115269826 9873.33078487
39 0.544717730783 110.202673484 9890.25260879
40 0.536842380989 95.5401737876 9904.92298383
41 0.530107052675 82.8284354114 9917.64145754
42 0.524336119162 71.8079195712 9928.66774431
43 0.519383980509 62.2536778329 9938.22693819
44 0.515128576289 53.9706170486 9946.51425438
45 0.511467614395 46.7896203099 9953.69891208
46 0.508314844808 40.5640663758 9959.92761878
47 0.505597283083 35.1668269575 9965.32757576
48 0.503253081764 30.4877098843 9970.00903703
49 0.501229591206 26.4311652509 9974.06760516
50 0.49948191536 22.9143533088 9977.58616478
51 0.49797171751 19.8654708222 9980.63655746
52 0.496666156658 17.2222564047 9983.28107744
53 0.495537076045 14.9307319778 9985.57373095
54 0.494560307627 12.9441085187 9987.56133117
55 0.493715061988 11.2218154092 9989.28446953
56 0.492983449658 9.72868167208 9990.77833488
57 0.492350062461 8.43421971419 9992.07343022
58 0.491801609487 7.3119927949 9993.1962056
59 0.491326625681 6.33908408321 9994.16958929
60 0.490915213928 5.49562813367 9995.01345665
61 0.490558821584 4.76439866168 9995.74504252
62 0.490250058821 4.13046352617 9996.37928642
63 0.489982536797 3.58087823399 9996.92913923
64 0.489750728215 3.10441835081 9997.40583092
65 0.489549852073 2.69135451477 9997.81909563
66 0.489375770772 2.33325190257 9998.17737233
67 0.48922490206 2.0227968583 9998.48797824
68 0.489094145149 1.7536499981 9998.75725586
69 0.488980814718 1.52031510148 9998.99070408
70 0.488882584794 1.318026737 9999.19309068
