"Time" "S" "I" "R"
0 10000 1 0
1 9997.09454389 3.61477828475 0.290677826507
2 9986.60345392 13.0555781011 1.34096797957
3 9948.86152266 47.0099205676 5.12855676857
4 9814.86616369 167.441138931 18.6926973837
5 9360.57531034 574.325845739 66.0988439199
6 8032.28096732 1749.53463907 219.184393611
7 5376.69540791 4003.60101316 620.70357893
8 2583.79821013 6063.45838785 1353.74340202
9 1022.11954114 6697.46586835 2281.41459051
10 399.105282079 6379.78050001 3222.11421791
11 167.674079411 5743.74400598 4089.58191461
12 77.5293044886 5062.28540983 4861.18528568
13 39.4117752123 4423.60321275 5537.98501204
14 21.8474203423 3850.98482049 6128.16775916
15 13.0790905238 3346.47109933 6641.44981014
16 8.37596736292 2905.35995726 7087.26407538
17 5.6894441224 2521.10255123 7474.20800465
18 4.06762360374 2187.01039965 7809.92197674
19 3.04041286475 1896.84023709 8101.11935005
20 2.36209172436 1644.97272851 8353.66517976
21 1.89794525751 1426.43344186 8572.66861288
22 1.56937237077 1236.85806706 8762.57256057
23 1.33115695906 1072.43538706 8927.23345598
24 1.15404799015 929.842689873 9070.00326214
25 1.01968728263 806.191529096 9193.78878362
26 0.915932183276 698.971821201 9301.11224662
27 0.834579989074 606.004145326 9394.16127469
28 0.76995440784 525.397149652 9474.83289594
29 0.717948021247 455.507347526 9544.77470445
30 0.675724229666 394.912130238 9605.41214553
31 0.641129025516 342.375829387 9657.98304159
32 0.612573206556 296.827262281 9703.56016451
33 0.588847637788 257.337366646 9743.07378572
34 0.569023687183 223.10053478 9777.33044153
35 0.552376785829 193.418070285 9807.02955293
36 0.538339699038 167.684378629 9832.77728167
37 0.526459461746 145.374229308 9855.09931123
38 0.516372332908 126.032210465 9874.4514172
39 0.507783860783 109.263498147 9891.22871799
40 0.500453793129 94.7257743103 9905.7737719
41 0.494184680418 82.1222391795 9918.38357614
42 0.488813101916 71.1955536658 9929.31563323
43 0.48420362153 61.7226823961 9938.79311398
44 0.480242624422 53.510184142 9947.00957323
45 0.476834884612 46.3903693668 9954.13279575
46 0.473900176412 40.21787154 9960.30822828
47 0.471370557621 34.8666409238 9965.66198852
48 0.469188454445 30.2274150084 9970.30339654
49 0.467304882499 26.2054630263 9974.32723209
50 0.46567804663 22.7186478324 9977.81567412
51 0.464272259287 19.6957731166 9980.83995462
52 0.463056961044 17.0751125268 9983.46183051
53 0.462005938914 14.8031445879 9985.73484947
54 0.461096695379 12.8334769421 9987.70542636
55 0.460309883021 11.1258878781 9989.41380224
56 0.459628847204 9.64550371961 9990.89486743
57 0.459039245152 8.36209612004 9992.17886463
58 0.458528706497 7.249455293 9993.292016
59 0.458086557701 6.28485828341 9994.25705516
60 0.457703586235 5.44860919062 9995.09368722
61 0.457371831148 4.7236291853 9995.81899898
62 0.457084412887 4.09511256333 9996.44780302
63 0.456835384617 3.55022568573 9996.99293893
64 0.456619601198 3.07783999437 9997.4655404
65 0.456432611792 2.66830855657 9997.87525883
66 0.456270565097 2.31326898453 9998.23046045
67 0.456130126444 2.00546999012 9998.53839988
68 0.456008409194 1.73862594238 9998.80536565
69 0.455902913864 1.50728792624 9999.03680916
70 0.455811475187 1.30673108599 9999.23745744
