"Time" "S" "I" "R"
0 10000 1 0
1 9997.09454213 3.61478189916 0.290675967271
2 9986.60343535 13.0556041963 1.3409604521
3 9948.86140626 47.0100611722 5.12853257075
4 9814.86557319 167.441800103 18.6926267095
5 9360.57277081 574.328576605 66.0986525857
6 8032.27265407 1749.5434514 219.183894529
7 5376.67970938 4003.61813623 620.702154393
8 2583.78388333 6063.47664483 1353.73947185
9 1022.11137984 6697.48201327 2281.40660688
10 399.101179608 6379.79687622 3222.10194417
11 167.671945113 5743.76203629 4089.5660186
12 77.5281080303 5062.3051994 4861.16669257
13 39.4110516197 4423.62433873 5537.96460965
14 21.8469519462 3851.0067418 6128.14630625
15 13.0787688403 3346.49330951 6641.42792165
16 8.37573483898 2905.38203167 7087.24223349
17 5.68926843799 2521.12415447 7474.18657709
18 4.06748564993 2187.03127851 7809.90123584
19 3.04030087794 1896.86020898 8101.09949015
20 2.361998158 1644.99166944 8353.6463324
21 1.89786510907 1426.45127526 8572.65085963
22 1.56930220856 1236.87475403 8762.55594376
23 1.33109438201 1072.45091804 8927.21798758
24 1.15399127205 929.857077786 9069.98893094
25 1.01963515243 806.204803645 9193.7755612
26 0.915883690037 698.984024247 9301.10009206
27 0.834534410213 606.01532723 9394.15013836
28 0.769911184652 525.407366279 9474.82272254
29 0.717906716744 455.516657882 9544.7654354
30 0.675684497777 394.920594693 9605.40372081
31 0.641090589228 342.383508263 9657.97540115
32 0.612535842756 296.834214811 9703.55324935
33 0.588811165089 257.343650199 9743.06753864
34 0.568987957116 223.106204307 9777.32480774
35 0.552341676428 193.423177961 9807.02448036
36 0.538305109147 167.688973595 9832.7727213
37 0.526425307529 145.378357582 9855.09521711
38 0.516338544565 126.035914898 9874.44774656
39 0.507750379968 109.266818443 9891.22543118
40 0.500420570967 94.7287471117 9905.77083232
41 0.494151675915 82.1248981794 9918.38095014
42 0.488780280604 71.1979297397 9929.31328998
43 0.484170954391 61.7248037593 9938.79102529
44 0.480210087013 53.5120765075 9947.00771341
45 0.476802456364 46.3920561219 9954.13114142
46 0.473867839952 40.2193738968 9960.30675826
47 0.471338298301 34.8679780875 9965.66068361
48 0.469156259924 30.2286043452 9970.30223939
49 0.467272742349 26.2065202003 9974.32620706
50 0.465645952068 22.719586956 9977.81476709
51 0.464240202913 19.6966068913 9980.83915291
52 0.463024936616 17.075852359 9983.4611227
53 0.461973941176 14.8038007152 9985.73422534
54 0.461064719917 12.8340585437 9987.70487674
55 0.460277926115 11.1264031682 9989.41331891
56 0.459596905728 9.64596004766 9990.89444305
57 0.459007316491 8.3625000556 9992.17849263
58 0.458496788451 7.24981269813 9993.29169051
59 0.458054648432 6.28517438919 9994.25677096
60 0.457671684204 5.44888866072 9995.09343966
61 0.457339935072 4.72387617169 9995.81878389
62 0.457052521691 4.0953307629 9996.44761672
63 0.456803497411 3.55041838664 9996.99277812
64 0.456587717241 3.07801011858 9997.46540216
65 0.456400730469 2.66845870082 9997.87514057
66 0.456238685894 2.31340145385 9998.23035986
67 0.456098248944 2.00558682958 9998.53831492
68 0.455976533054 1.73872896637 9998.8052945
69 0.455871038794 1.50737874259 9999.03675022
70 0.455779600959 1.3068111192 9999.23740928
