"Time" "S" "I" "R"
0 10000 1 0
1 9997.13225074 3.57882112752 0.288928134453
2 9986.88006361 12.7974135752 1.32252281233
3 9950.35902927 45.6278648949 5.01310583872
4 9821.89606474 161.000684024 18.103251241
5 9389.3724554 548.15690004 63.47064456
6 8123.28621373 1668.33290243 209.380883843
7 5542.72117598 3863.83363579 594.445188232
8 2726.13449676 5965.59454605 1309.27095719
9 1094.20802945 6677.94351072 2228.84845983
10 429.829555572 6401.04337101 3170.12707342
11 180.927301321 5778.28373618 4041.7889625
12 83.6815063822 5098.7763051 4818.54218851
13 42.5257150608 4458.04094968 5500.43333526
14 23.5612054803 3882.13187419 6095.30692033
15 14.0969639927 3374.11544313 6612.78759288
16 9.02274011494 2929.66783481 7062.30942507
17 6.12542265994 2542.36991913 7452.50465821
18 4.37737360949 2205.56369966 7791.05892673
19 3.27057490867 1912.99761037 8084.73181472
20 2.53994891218 1659.02783395 8339.43221714
21 2.04014099681 1438.65078109 8560.30907791
22 1.68658025939 1247.47242014 8751.8409996
23 1.43016817275 1081.65354233 8917.9162895
24 1.23962330152 937.846321596 9061.9140551
25 1.09509050055 813.139241063 9186.76566844
26 0.983496340128 705.001924944 9295.01457872
27 0.896008774669 611.237201037 9388.86679019
28 0.826515180021 529.938045923 9470.2354389
29 0.77060815012 459.44749474 9540.78189711
30 0.725217265814 398.330728793 9601.94405394
31 0.688030328969 345.34177391 9654.97019576
32 0.657337517268 299.400380329 9700.94228215
33 0.631838099072 259.569619095 9740.79854281
34 0.61053306179 225.037016899 9775.35245004
35 0.592643628228 195.097950759 9805.30940561
36 0.577559038818 169.141609601 9831.28083136
37 0.56479269444 146.638302005 9853.7969053
38 0.553953566858 127.128717848 9873.31732859
39 0.544725052468 110.214638629 9890.24063632
40 0.536848890766 95.5508125738 9904.91233854
41 0.530112857783 82.8378889602 9917.63199818
42 0.524341311011 71.816314946 9928.65934374
43 0.519388637029 62.2611292223 9938.21948214
44 0.515132764733 53.9772270152 9946.50764022
45 0.511471393014 46.7954808779 9953.69304773
46 0.508318263828 40.5692599233 9959.92242181
47 0.50560038629 35.1714272189 9965.32297239
48 0.503255907402 30.4917828167 9970.00496128
49 0.501232172572 26.4347697239 9974.0639981
50 0.499484281663 22.9175418727 9977.58297385
51 0.497973894391 19.8682903586 9980.63373575
52 0.496668166583 17.2247486508 9983.27858318
53 0.495538938796 14.9329341151 9985.57152695
54 0.494562040614 12.9460536329 9987.55938433
55 0.49371668053 11.2235329015 9989.28275042
56 0.492984967266 9.73019768313 9990.77681735
57 0.49235149105 8.43555745587 9992.07209105
58 0.49180295955 7.3131728628 9993.19502418
59 0.491327906493 6.34012475663 9994.16854734
60 0.49091643367 5.49654561452 9995.01253795
61 0.490559987469 4.76520730662 9995.74423271
62 0.490251177223 4.13117605797 9996.37857276
63 0.489983613337 3.58150591181 9996.92851047
64 0.489751767853 3.10497113941 9997.40527709
65 0.489550859194 2.69184123329 9997.81860791
66 0.489376749238 2.33368034502 9998.17694291
67 0.489225855279 2.02317391514 9998.48760023
68 0.489095076131 1.75398176047 9998.75692316
69 0.488981726117 1.52060694607 9998.99041133
70 0.488883478947 1.31828341262 9999.19283311
