"Time" "S" "I" "R"
0 10000 1 0
1 9997.09454564 3.61477467118 0.29067968609
2 9986.60347248 13.055552012 1.34097550887
3 9948.86163903 47.0097799956 5.1285809744
4 9814.866754 167.440477912 18.692768091
5 9360.57784912 574.323115493 66.099035383
6 8032.28927827 1749.52582859 219.184893141
7 5376.71110246 4003.58389287 620.705004671
8 2583.81253382 6063.44013175 1353.74733443
9 1022.12770106 6697.44972169 2281.42257725
10 399.109384073 6379.76412056 3222.12649536
11 167.676213568 5743.72597172 4089.59781471
12 77.5305009166 5062.265616 4861.20388308
13 39.4124988105 4423.58208241 5538.00541878
14 21.8478887544 3850.96289486 6128.18921639
15 13.079412225 3346.44888494 6641.47170283
16 8.37619990347 2905.33787879 7087.28592131
17 5.68961982177 2521.08094413 7474.22943605
18 4.06776157085 2186.98951716 7809.94272127
19 3.04052486343 1896.82026181 8101.13921333
20 2.36218530139 1644.95378443 8353.68403027
21 1.89802541565 1426.41560555 8572.68636904
22 1.56944254187 1236.84137741 8762.58918005
23 1.33121954436 1072.41985362 8927.24892683
24 1.15410471599 929.828299715 9070.01759557
25 1.01973942017 806.178252503 9193.80200808
26 0.915980683498 698.959616301 9301.12440302
27 0.834625574638 605.992961744 9394.17241268
28 0.769997637501 525.386931512 9474.84307085
29 0.717989332035 455.498035808 9544.78397486
30 0.675763967687 394.903664558 9605.42057147
31 0.641167467806 342.368149412 9657.99068312
32 0.612610576251 296.820308769 9703.56708066
33 0.588884116289 257.331082213 9743.08003367
34 0.569059422984 223.094864467 9777.33607611
35 0.552411900901 193.412961909 9807.03462619
36 0.538374294554 167.67978304 9832.78184267
37 0.526493621544 145.370100479 9855.1034059
38 0.516406126801 126.028505539 9874.45508833
39 0.507817347123 109.260177415 9891.23200524
40 0.500487020787 94.7228011219 9905.77671186
41 0.494217690397 82.1195798369 9918.38620247
42 0.488845928692 71.1931772887 9929.31797678
43 0.484236294118 61.7205607649 9938.79520294
44 0.480275167271 53.5082915398 9947.01143329
45 0.476867318293 46.3886824028 9954.13445028
46 0.4739325183 40.2163689989 9960.30969848
47 0.471402822368 34.8653035977 9965.66329358
48 0.46922065439 30.2262255286 9970.30455382
49 0.467337028065 26.2044057264 9974.32825725
50 0.465710146607 22.7177085981 9977.81658126
51 0.464304321073 19.6949392445 9980.84075643
52 0.463088990882 17.0743726092 9983.4625384
53 0.462037942061 14.8024883856 9985.73547367
54 0.461128676252 12.8328952747 9987.70597605
55 0.460341845337 11.1253725302 9989.41428562
56 0.459660794084 9.64504734092 9990.89529186
57 0.459071179219 8.36169214012 9992.17923668
58 0.458560629948 7.24909784901 9993.29234152
59 0.458118472376 6.28454214362 9994.25733938
60 0.45773549367 5.44832969076 9995.09393482
61 0.457403732633 4.72338217287 9995.81921409
62 0.45711630949 4.09489434101 9996.44798935
63 0.456867277229 3.55003296495 9996.99309976
64 0.456651490564 3.07766985279 9997.46567866
65 0.456464498526 2.66815839715 9997.8753771
66 0.456302449704 2.31313650197 9998.23056105
67 0.456162009345 2.00535313912 9998.53848485
68 0.456040290739 1.73852290832 9998.8054368
69 0.455934794336 1.50719710112 9999.0368681
70 0.455843354819 1.30665104514 9999.2375056
