"Time" "S" "I" "R"
0 10000 1 0
1 9997.13225074 3.57882112754 0.288928134461
2 9986.88006361 12.7974135754 1.32252281238
3 9950.35902927 45.6278648959 5.01310583893
4 9821.89606473 161.000684028 18.1032512419
5 9389.37245538 548.156900059 63.4706445636
6 8123.28621365 1668.33290249 209.380883855
7 5542.72117585 3863.83363589 594.445188266
8 2726.13449666 5965.59454609 1309.27095725
9 1094.20802939 6677.94351069 2228.84845992
10 429.829555552 6401.04337093 3170.12707352
11 180.927301313 5778.28373608 4041.78896261
12 83.6815063796 5098.77630499 4818.54218863
13 42.5257150599 4458.04094957 5500.43333537
14 23.5612054801 3882.13187408 6095.30692044
15 14.0969639927 3374.11544302 6612.78759299
16 9.02274011507 2929.66783471 7062.30942518
17 6.1254226601 2542.36991902 7452.50465832
18 4.37737360966 2205.56369956 7791.05892683
19 3.27057490883 1912.99761028 8084.73181481
20 2.53994891233 1659.02783386 8339.43221723
21 2.04014099695 1438.65078102 8560.30907799
22 1.68658025952 1247.47242007 8751.84099967
23 1.43016817288 1081.65354227 8917.91628956
24 1.23962330163 937.846321536 9061.91405516
25 1.09509050066 813.139241008 9186.76566849
26 0.983496340232 705.001924894 9295.01457877
27 0.896008774769 611.237200991 9388.86679023
28 0.826515180115 529.938045882 9470.23543894
29 0.770608150213 459.447494702 9540.78189715
30 0.725217265903 398.330728759 9601.94405398
31 0.688030329056 345.341773879 9654.97019579
32 0.657337517354 299.400380301 9700.94228218
33 0.631838099156 259.56961907 9740.79854283
34 0.610533061874 225.037016877 9775.35245006
35 0.592643628313 195.097950739 9805.30940563
36 0.577559038902 169.141609583 9831.28083138
37 0.564792694524 146.638301988 9853.79690532
38 0.55395356694 127.128717833 9873.3173286
39 0.544725052554 110.214638616 9890.24063633
40 0.536848890848 95.5508125622 9904.91233855
41 0.530112857865 82.8378889499 9917.63199819
42 0.524341311093 71.8163149368 9928.65934375
43 0.519388637111 62.2611292141 9938.21948215
44 0.515132764815 53.9772270079 9946.50764023
45 0.511471393096 46.7954808714 9953.69304774
46 0.508318263908 40.5692599175 9959.92242182
47 0.505600386372 35.1714272138 9965.3229724
48 0.503255907484 30.4917828121 9970.00496128
49 0.501232172655 26.4347697198 9974.06399811
50 0.499484281745 22.9175418692 9977.58297385
51 0.497973894473 19.8682903554 9980.63373575
52 0.496668166663 17.224748648 9983.27858319
53 0.495538938878 14.9329341126 9985.57152695
54 0.494562040694 12.9460536307 9987.55938433
55 0.493716680608 11.2235328996 9989.28275042
56 0.492984967343 9.7301976814 9990.77681735
57 0.492351491128 8.43555745434 9992.07209105
58 0.49180295963 7.31317286145 9993.19502418
59 0.491327906573 6.34012475543 9994.16854734
60 0.49091643375 5.49654561347 9995.01253795
61 0.490559987549 4.76520730569 9995.74423271
62 0.490251177303 4.13117605714 9996.37857277
63 0.489983613419 3.58150591109 9996.92851048
64 0.489751767935 3.10497113877 9997.40527709
65 0.489550859278 2.69184123273 9997.81860791
66 0.489376749321 2.33368034453 9998.17694291
67 0.489225855361 2.0231739147 9998.48760023
68 0.489095076213 1.75398176008 9998.75692316
69 0.488981726199 1.52060694573 9998.99041133
70 0.488883479029 1.31828341232 9999.19283311
