"Time" "S" "I" "R"
0 10000 1 0
1 9997.09454389 3.61477828458 0.290677826497
2 9986.60345392 13.0555780999 1.34096797948
3 9948.86152267 47.0099205609 5.128556768
4 9814.86616372 167.441138899 18.6926973808
5 9360.57531048 574.325845612 66.0988439069
6 8032.28096777 1749.53463867 219.184393563
7 5376.69540871 4003.60101249 620.703578801
8 2583.7982108 6063.4583874 1353.7434018
9 1022.11954147 6697.46586828 2281.41459025
10 399.105282219 6379.78050013 3222.11421765
11 167.674079472 5743.74400615 4089.58191437
12 77.5293045165 5062.28541001 4861.18528547
13 39.4117752264 4423.60321292 5537.98501185
14 21.84742035 3850.98482065 6128.167759
15 13.0790905284 3346.47109948 6641.44981
16 8.3759673658 2905.35995738 7087.26407525
17 5.68944412434 2521.10255134 7474.20800454
18 4.06762360511 2187.01039975 7809.92197664
19 3.04041286577 1896.84023718 8101.11934996
20 2.36209172514 1644.97272859 8353.66517969
21 1.89794525813 1426.43344193 8572.66861281
22 1.56937237128 1236.85806712 8762.57256051
23 1.33115695949 1072.43538711 8927.23345593
24 1.15404799052 929.842689919 9070.00326209
25 1.01968728296 806.191529135 9193.78878358
26 0.915932183567 698.971821235 9301.11224658
27 0.834579989338 606.004145356 9394.16127465
28 0.769954408082 525.397149679 9474.83289591
29 0.717948021471 455.50734755 9544.77470443
30 0.675724229875 394.912130258 9605.41214551
31 0.641129025715 342.375829405 9657.98304157
32 0.612573206745 296.827262297 9703.5601645
33 0.588847637968 257.337366659 9743.0737857
34 0.56902368736 223.100534792 9777.33044152
35 0.552376785996 193.418070295 9807.02955292
36 0.538339699202 167.684378638 9832.77728166
37 0.526459461908 145.374229316 9855.09931122
38 0.516372333066 126.032210472 9874.4514172
39 0.507783860938 109.263498154 9891.22871799
40 0.50045379328 94.7257743158 9905.77377189
41 0.494184680567 82.1222391843 9918.38357614
42 0.488813102065 71.1955536699 9929.31563323
43 0.484203621674 61.7226823997 9938.79311398
44 0.480242624564 53.5101841452 9947.00957323
45 0.476834884756 46.3903693696 9954.13279575
46 0.473900176552 40.2178715424 9960.30822828
47 0.471370557761 34.8666409259 9965.66198852
48 0.469188454585 30.2274150103 9970.30339654
49 0.467304882637 26.2054630279 9974.32723209
50 0.46567804677 22.7186478338 9977.81567412
51 0.464272259425 19.6957731178 9980.83995462
52 0.463056961182 17.0751125279 9983.46183051
53 0.462005939051 14.8031445889 9985.73484947
54 0.461096695519 12.8334769429 9987.70542636
55 0.460309883159 11.1258878788 9989.41380224
56 0.459628847339 9.64550372024 9990.89486743
57 0.459039245286 8.3620961206 9992.17886463
58 0.458528706631 7.24945529348 9993.292016
59 0.458086557835 6.28485828383 9994.25705516
60 0.457703586368 5.44860919099 9995.09368722
61 0.457371831282 4.72362918562 9995.81899898
62 0.457084413019 4.09511256361 9996.44780302
63 0.45683538475 3.55022568598 9996.99293893
64 0.456619601331 3.07783999458 9997.4655404
65 0.456432611925 2.66830855676 9997.87525883
66 0.45627056523 2.31326898469 9998.23046045
67 0.456130126575 2.00546999026 9998.53839988
68 0.456008409328 1.7386259425 9998.80536565
69 0.455902913995 1.50728792635 9999.03680916
70 0.455811475318 1.30673108609 9999.23745744
