"Time" "S" "I" "R"
0 10000 1 0
1 9997.13225074 3.57882112755 0.288928134456
2 9986.88006361 12.7974135755 1.32252281236
3 9950.35902926 45.6278648963 5.01310583886
4 9821.89606473 161.00068403 18.1032512417
5 9389.37245537 548.156900067 63.4706445631
6 8123.28621363 1668.33290252 209.380883854
7 5542.7211758 3863.83363594 594.445188262
8 2726.13449661 5965.59454615 1309.27095724
9 1094.20802937 6677.94351074 2228.84845989
10 429.829555539 6401.04337097 3170.12707349
11 180.927301307 5778.28373613 4041.78896257
12 83.6815063758 5098.77630505 4818.54218857
13 42.5257150576 4458.04094963 5500.43333532
14 23.5612054786 3882.13187414 6095.30692038
15 14.0969639917 3374.11544308 6612.78759292
16 9.02274011433 2929.66783477 7062.30942511
17 6.12542265954 2542.36991909 7452.50465825
18 4.37737360922 2205.56369962 7791.05892677
19 3.27057490847 1912.99761034 8084.73181475
20 2.53994891204 1659.02783392 8339.43221717
21 2.0401409967 1438.65078107 8560.30907794
22 1.6865802593 1247.47242012 8751.84099962
23 1.43016817268 1081.65354231 8917.91628952
24 1.23962330146 937.846321578 9061.91405512
25 1.0950905005 813.139241046 9186.76566845
26 0.983496340084 705.00192493 9295.01457873
27 0.896008774627 611.237201024 9388.8667902
28 0.826515179984 529.938045912 9470.23543891
29 0.770608150087 459.44749473 9540.78189712
30 0.725217265781 398.330728784 9601.94405395
31 0.688030328938 345.341773902 9654.97019577
32 0.657337517241 299.400380322 9700.94228216
33 0.631838099045 259.569619089 9740.79854281
34 0.610533061765 225.037016893 9775.35245004
35 0.592643628204 195.097950754 9805.30940562
36 0.577559038795 169.141609596 9831.28083136
37 0.564792694417 146.638302001 9853.79690531
38 0.553953566834 127.128717844 9873.31732859
39 0.544725052445 110.214638626 9890.24063632
40 0.536848890742 95.550812571 9904.91233854
41 0.530112857761 82.8378889577 9917.63199818
42 0.524341310989 71.8163149438 9928.65934375
43 0.519388637009 62.2611292204 9938.21948214
44 0.515132764713 53.9772270134 9946.50764022
45 0.511471392994 46.7954808763 9953.69304773
46 0.50831826381 40.569259922 9959.92242181
47 0.505600386274 35.1714272177 9965.3229724
48 0.503255907386 30.4917828156 9970.00496128
49 0.501232172557 26.4347697229 9974.0639981
50 0.499484281645 22.9175418719 9977.58297385
51 0.497973894373 19.8682903579 9980.63373575
52 0.496668166565 17.2247486502 9983.27858318
53 0.495538938778 14.9329341145 9985.57152695
54 0.494562040594 12.9460536324 9987.55938433
55 0.49371668051 11.2235329011 9989.28275042
56 0.492984967244 9.73019768275 9990.77681735
57 0.492351491028 8.43555745553 9992.07209105
58 0.491802959532 7.31317286251 9993.19502418
59 0.491327906477 6.34012475636 9994.16854734
60 0.49091643365 5.49654561429 9995.01253795
61 0.490559987449 4.76520730642 9995.74423271
62 0.490251177203 4.13117605779 9996.37857277
63 0.489983613317 3.58150591166 9996.92851048
64 0.489751767833 3.10497113927 9997.40527709
65 0.489550859174 2.69184123317 9997.81860791
66 0.489376749218 2.33368034492 9998.17694291
67 0.489225855257 2.02317391504 9998.48760023
68 0.489095076111 1.75398176038 9998.75692316
69 0.488981726097 1.52060694599 9998.99041133
70 0.488883478927 1.31828341256 9999.19283311
