"Time" "S" "I" "R"
0 10000 1 0
1 9997.05646306 3.65109657967 0.292440358496
2 9986.32135371 13.3189427664 1.35970352608
3 9947.31952656 48.4336061091 5.24686732594
4 9807.56404508 174.133928723 19.3020261976
5 9330.51631916 601.649457298 68.834223541
6 7938.01723128 1833.59601201 229.386756712
7 5210.07403766 4143.26797974 647.657982601
8 2446.82611338 6155.73762756 1398.43625906
9 954.578746412 6712.96205462 2333.45919897
10 370.640345876 6357.15047435 3273.20917977
11 155.440798203 5709.16330983 4136.39589197
12 71.8546602216 5026.25942692 4902.88591286
13 36.5384157954 4389.78723853 5574.67434567
14 20.2647130775 3820.47791979 6160.25736713
15 12.1381914956 3319.43170974 6669.43009877
16 7.77754284361 2881.60299017 7111.61946698
17 5.28566200215 2500.32772797 7495.38661003
18 3.78056208457 2168.89287554 7828.32656238
19 2.82694098891 1881.06619411 8117.1068649
20 2.19701594779 1631.25354802 8367.54943604
21 1.76585787482 1414.50986608 8584.72427605
22 1.46052293447 1226.50016116 8773.0393159
23 1.23911846543 1063.44056133 8936.3203202
24 1.07447168797 922.033591739 9077.89193657
25 0.949549721616 799.41319294 9200.63725734
26 0.853068561106 693.089098939 9307.0578325
27 0.777408066848 600.899240202 9399.32335173
28 0.717296663741 520.967552258 9479.31515108
29 0.668916963272 451.664042108 9548.66704093
30 0.629633522447 391.577682332 9608.79268415
31 0.597445328813 339.483005688 9660.91954898
32 0.570874378134 294.317669593 9706.11145603
33 0.548796650563 255.1603033 9745.29090005
34 0.530348627444 221.211988256 9779.25766312
35 0.514856317042 191.779837112 9808.70530657
36 0.501792458052 166.263315879 9834.23489166
37 0.490735593958 144.141567089 9856.36769732
38 0.481347275703 124.962981842 9875.55567088
39 0.47335360358 108.336047346 9892.19059905
40 0.466531047605 93.9213080065 9906.61216095
41 0.460695873571 81.4244525398 9919.11485159
42 0.455696050811 70.5903080539 9929.9539959
43 0.451405523096 61.1977053767 9939.3508891
44 0.447718594074 53.0548370019 9947.4974444
45 0.444546600758 45.9954152418 9954.56003816
46 0.441814900787 39.8753012168 9960.68288388
47 0.439460263357 34.569511237 9965.9910285
48 0.437429087213 29.9696961313 9970.59287478
49 0.435675792331 25.981928561 9974.58239565
50 0.434161475579 22.5247656218 9978.0410729
51 0.432852913442 19.5276079341 9981.03953915
52 0.431721667734 16.9292546061 9983.63902373
53 0.430743337023 14.6766355639 9985.8926211
54 0.429896977808 12.7237486855 9987.84635434
55 0.429164584411 11.0307157216 9989.54011969
56 0.428530652647 9.56295704205 9991.00851231
57 0.427981830611 8.29049901004 9992.28151916
58 0.42750660526 7.18735616477 9993.38513723
59 0.427095040292 6.23099731479 9994.34190764
60 0.426738559696 5.40189281934 9995.17136862
61 0.426429754018 4.68311027084 9995.89045998
62 0.426162218842 4.05996893623 9996.51386884
63 0.425930418394 3.51974390846 9997.05432567
64 0.425729563778 3.05140204145 9997.52286839
65 0.425555511565 2.64537785337 9997.92906664
66 0.425404676802 2.29338014724 9998.28121518
67 0.425273955592 1.98821970969 9998.58650633
68 0.425160660709 1.72366405187 9998.85117529
69 0.425062465602 1.49431085116 9999.08062668
70 0.424977354798 1.2954756309 9999.27954701
