"Time" "S" "I" "R"
0 10000 1 0
1 9997.09454564 3.61477467008 0.290679685737
2 9986.60347249 13.0555520041 1.34097550692
3 9948.86163908 47.0097799529 5.12858096555
4 9814.86675423 167.440477712 18.6927680534
5 9360.57785008 574.323114687 66.0990352335
6 8032.28928123 1749.52582615 219.184892615
7 5376.71110767 4003.58388907 620.705003258
8 2583.81253803 6063.44013014 1353.74733184
9 1022.12770301 6697.44972328 2281.42257371
10 399.109384806 6379.76412397 3222.12649122
11 167.676213829 5743.72597594 4089.59781023
12 77.5305010073 5062.26562056 4861.20387843
13 39.4124988391 4423.58208707 5538.00541409
14 21.8478887598 3850.96289949 6128.18921175
15 13.0794122218 3346.44888946 6641.47169832
16 8.37619989731 2905.33788313 7087.28591697
17 5.68961981483 2521.08094827 7474.22943192
18 4.06776156399 2186.98952107 7809.94271737
19 3.04052485694 1896.82026547 8101.13920967
20 2.36218529535 1644.95378785 8353.68402686
21 1.89802541002 1426.41560872 8572.68636587
22 1.56944253664 1236.84138034 8762.58917712
23 1.33121953945 1072.41985633 8927.24892414
24 1.15410471136 929.828302194 9070.0175931
25 1.01973941577 806.178254771 9193.80200581
26 0.915980679294 698.95961837 9301.12440095
27 0.834625570596 605.992963627 9394.1724108
28 0.769997633595 525.386933221 9474.84306915
29 0.717989328245 455.498037356 9544.78397332
30 0.675763963991 394.903665959 9605.42057008
31 0.641167464188 342.368150677 9657.99068186
32 0.612610572694 296.820309908 9703.56707952
33 0.588884112785 257.331083239 9743.08003265
34 0.569059419528 223.09486539 9777.33607519
35 0.552411897481 193.412962737 9807.03462537
36 0.538374291164 167.679783782 9832.78184193
37 0.526493618177 145.370101144 9855.10340524
38 0.516406123452 126.028506134 9874.45508774
39 0.507817343792 109.260177947 9891.23200471
40 0.500487017471 94.722801597 9905.77671139
41 0.494217687095 82.1195802609 9918.38620205
42 0.488845925398 71.1931776667 9929.31797641
43 0.484236290833 61.7205611017 9938.79520261
44 0.480275163989 53.5082918396 9947.011433
45 0.476867315017 46.3886826695 9954.13445002
46 0.473932515028 40.2163692361 9960.30969825
47 0.471402819097 34.8653038085 9965.66329337
48 0.469220651121 30.2262257157 9970.30455363
49 0.467337024798 26.2044058925 9974.32825708
50 0.465710143344 22.7177087454 9977.81658111
51 0.464304317811 19.6949393751 9980.84075631
52 0.463088987623 17.0743727249 9983.46253829
53 0.4620379388 14.8024884881 9985.73547357
54 0.461128672992 12.8328953654 9987.70597596
55 0.460341842077 11.1253726105 9989.41428555
56 0.459660790824 9.64504741197 9990.8952918
57 0.459071175959 8.36169220295 9992.17923662
58 0.458560626686 7.24909790455 9993.29234147
59 0.458118469116 6.28454219268 9994.25733934
60 0.45773549041 5.4483297341 9995.09393478
61 0.45740372937 4.72338221114 9995.81921406
62 0.457116306228 4.09489437479 9996.44798932
63 0.456867273968 3.55003299475 9996.99309973
64 0.456651487302 3.07766987908 9997.46567863
65 0.456464495262 2.66815842034 9997.87537708
66 0.456302446442 2.31313652241 9998.23056103
67 0.456162006085 2.00535315713 9998.53848484
68 0.456040287478 1.73852292419 9998.80543679
69 0.455934791074 1.5071971151 9999.03686809
70 0.455843351559 1.30665105745 9999.23750559
