"Time" "S" "I" "R"
0 10000 1 0
1 9997.05646306 3.65109658489 0.292440359034
2 9986.32135367 13.3189428044 1.35970353011
3 9947.31952634 48.4336063157 5.24686734818
4 9807.564044 174.133929698 19.302026305
5 9330.51631471 601.649461282 68.8342240067
6 7938.01721743 1833.59602415 229.386758418
7 5210.07401369 4143.26799922 647.657987098
8 2446.82609424 6155.73763909 1398.43626667
9 954.578737233 6712.96205451 2333.45920825
10 370.640342114 6357.15046841 3273.20918947
11 155.440796638 5709.16330187 4136.39590149
12 71.8546595229 5026.25941852 4902.88592195
13 36.538415457 4389.78723031 5574.67435423
14 20.2647129001 3820.47791198 6160.25737512
15 12.1381913958 3319.43170243 6669.43010617
16 7.77754278374 2881.6029834 7111.61947381
17 5.28566196418 2500.32772173 7495.3866163
18 3.78056205928 2168.89286982 7828.32656812
19 2.82694097132 1881.06618888 8117.10687014
20 2.1970159351 1631.25354325 8367.54944081
21 1.76585786534 1414.50986175 8584.72428039
22 1.4605229272 1226.50015723 8773.03931984
23 1.23911845971 1063.44055778 8936.32032376
24 1.07447168336 922.033588529 9077.89193979
25 0.949549717832 799.413190044 9200.63726024
26 0.853068557943 693.089096331 9307.05783511
27 0.777408064167 600.899237857 9399.32335408
28 0.717296661433 520.967550153 9479.31515319
29 0.66891696126 451.664040219 9548.66704282
30 0.629633520673 391.577680641 9608.79268584
31 0.597445327234 339.483004173 9660.9195505
32 0.570874376714 294.317668239 9706.11145738
33 0.548796649273 255.160302091 9745.29090126
34 0.530348626266 221.211987177 9779.2576642
35 0.514856315956 191.77983615 9808.70530753
36 0.501792457046 166.263315021 9834.23489252
37 0.490735593015 144.141566325 9856.36769808
38 0.481347274821 124.962981162 9875.55567156
39 0.473353602747 108.336046741 9892.19059966
40 0.466531046812 93.9213074696 9906.61216148
41 0.460695872816 81.424452063 9919.11485206
42 0.455696050089 70.5903076307 9929.95399632
43 0.451405522399 61.1977050013 9939.35088948
44 0.447718593403 53.054836669 9947.49744474
45 0.444546600105 45.9954149468 9954.56003845
46 0.441814900156 39.8753009554 9960.68288414
47 0.439460262742 34.5695110057 9965.99102873
48 0.437429086611 29.9696959265 9970.59287499
49 0.435675791743 25.9819283799 9974.58239583
50 0.434161475005 22.5247654617 9978.04107306
51 0.432852912874 19.5276077925 9981.03953929
52 0.431721667177 16.9292544809 9983.63902385
53 0.430743336476 14.6766354534 9985.89262121
54 0.429896977266 12.7237485879 9987.84635443
55 0.429164583877 11.0307156355 9989.54011978
56 0.428530652121 9.56295696605 9991.00851238
57 0.427981830089 8.29049894299 9992.28151923
58 0.427506604743 7.18735610564 9993.38513729
59 0.427095039777 6.23099726266 9994.3419077
60 0.426738559185 5.40189277339 9995.17136867
61 0.426429753506 4.68311023035 9995.89046002
62 0.426162218335 4.05996890056 9996.51386888
63 0.425930417887 3.51974387705 9997.05432571
64 0.425729563272 3.05140201379 9997.52286842
65 0.425555511061 2.64537782902 9997.92906666
66 0.4254046763 2.29338012581 9998.2812152
67 0.425273955092 1.98821969084 9998.58650635
68 0.425160660212 1.72366403529 9998.8511753
69 0.425062465103 1.49431083657 9999.0806267
70 0.424977354298 1.29547561807 9999.27954703
