"Time" "S" "I" "R"
0 10000 1 0
1 9997.09454389 3.61477828458 0.290677826498
2 9986.60345392 13.0555780999 1.34096797948
3 9948.86152267 47.009920561 5.12855676801
4 9814.86616372 167.4411389 18.6926973809
5 9360.57531048 574.325845614 66.0988439072
6 8032.28096776 1749.53463868 219.184393564
7 5376.69540869 4003.6010125 620.703578804
8 2583.79821079 6063.4583874 1353.74340181
9 1022.11954147 6697.46586828 2281.41459026
10 399.105282216 6379.78050012 3222.11421766
11 167.674079471 5743.74400615 4089.58191438
12 77.529304516 5062.28541001 4861.18528548
13 39.4117752261 4423.60321292 5537.98501185
14 21.8474203499 3850.98482065 6128.167759
15 13.0790905283 3346.47109947 6641.44981
16 8.37596736575 2905.35995738 7087.26407526
17 5.68944412431 2521.10255134 7474.20800454
18 4.06762360509 2187.01039975 7809.92197665
19 3.04041286575 1896.84023717 8101.11934996
20 2.36209172513 1644.97272859 8353.66517969
21 1.89794525813 1426.43344193 8572.66861281
22 1.56937237127 1236.85806712 8762.57256051
23 1.33115695948 1072.43538711 8927.23345593
24 1.15404799051 929.842689917 9070.00326209
25 1.01968728296 806.191529134 9193.78878358
26 0.915932183565 698.971821234 9301.11224658
27 0.834579989336 606.004145355 9394.16127466
28 0.769954408081 525.397149678 9474.83289591
29 0.717948021471 455.507347549 9544.77470443
30 0.675724229875 394.912130257 9605.41214551
31 0.641129025715 342.375829404 9657.98304157
32 0.612573206745 296.827262296 9703.5601645
33 0.588847637968 257.337366659 9743.0737857
34 0.56902368736 223.100534791 9777.33044152
35 0.552376785998 193.418070295 9807.02955292
36 0.538339699204 167.684378638 9832.77728166
37 0.526459461908 145.374229315 9855.09931122
38 0.516372333066 126.032210471 9874.4514172
39 0.507783860938 109.263498153 9891.22871799
40 0.50045379328 94.7257743155 9905.77377189
41 0.494184680565 82.122239184 9918.38357614
42 0.488813102063 71.1955536697 9929.31563323
43 0.484203621676 61.7226823996 9938.79311398
44 0.480242624564 53.5101841451 9947.00957323
45 0.476834884754 46.3903693694 9954.13279575
46 0.473900176554 40.2178715423 9960.30822828
47 0.471370557761 34.8666409258 9965.66198852
48 0.469188454585 30.2274150102 9970.30339654
49 0.467304882637 26.2054630278 9974.32723209
50 0.465678046769 22.7186478337 9977.81567412
51 0.464272259424 19.6957731178 9980.83995462
52 0.46305696118 17.0751125279 9983.46183051
53 0.462005939049 14.8031445888 9985.73484947
54 0.461096695515 12.8334769429 9987.70542636
55 0.460309883156 11.1258878787 9989.41380224
56 0.459628847339 9.64550372021 9990.89486743
57 0.459039245286 8.36209612057 9992.17886463
58 0.458528706631 7.24945529346 9993.292016
59 0.458086557837 6.28485828381 9994.25705516
60 0.457703586368 5.44860919097 9995.09368722
61 0.457371831282 4.7236291856 9995.81899898
62 0.457084413021 4.0951125636 9996.44780302
63 0.45683538475 3.55022568597 9996.99293893
64 0.456619601331 3.07783999457 9997.4655404
65 0.456432611925 2.66830855675 9997.87525883
66 0.456270565232 2.31326898468 9998.23046045
67 0.456130126579 2.00546999025 9998.53839988
68 0.45600840933 1.7386259425 9998.80536565
69 0.455902913996 1.50728792634 9999.03680916
70 0.45581147532 1.30673108608 9999.23745744
