"Time" "S" "I" "R"
0 10000 1 0
1 9997.09454213 3.61478189917 0.290675967265
2 9986.60343535 13.0556041964 1.34096045208
3 9948.86140626 47.0100611726 5.12853257068
4 9814.86557319 167.441800105 18.6926267093
5 9360.5727708 574.328576613 66.0986525852
6 8032.27265405 1749.54345142 219.183894528
7 5376.67970933 4003.61813628 620.702154389
8 2583.78388328 6063.47664488 1353.73947183
9 1022.11137982 6697.48201332 2281.40660686
10 399.101179595 6379.79687627 3222.10194414
11 167.671945106 5743.76203634 4089.56601855
12 77.5281080268 5062.30519946 4861.16669252
13 39.4110516176 4423.6243388 5537.96460959
14 21.8469519448 3851.00674187 6128.14630619
15 13.0787688393 3346.49330957 6641.42792159
16 8.3757348383 2905.38203173 7087.24223343
17 5.68926843747 2521.12415453 7474.18657703
18 4.06748564952 2187.03127857 7809.90123578
19 3.0403008776 1896.86020903 8101.09949009
20 2.36199815772 1644.9916695 8353.64633235
21 1.89786510883 1426.45127531 8572.65085958
22 1.56930220836 1236.87475408 8762.55594371
23 1.33109438183 1072.45091808 8927.21798753
24 1.15399127188 929.857077828 9069.9889309
25 1.01963515227 806.204803684 9193.77556116
26 0.915883689893 698.984024282 9301.10009203
27 0.83453441008 606.015327263 9394.15013833
28 0.769911184525 525.407366309 9474.82272251
29 0.717906716623 455.51665791 9544.76543537
30 0.675684497661 394.920594717 9605.40372078
31 0.641090589117 342.383508286 9657.97540113
32 0.612535842649 296.834214831 9703.55324933
33 0.588811164984 257.343650217 9743.06753862
34 0.568987957013 223.106204323 9777.32480772
35 0.552341676324 193.423177976 9807.02448035
36 0.538305109045 167.688973608 9832.77272128
37 0.526425307431 145.378357594 9855.0952171
38 0.516338544468 126.035914909 9874.44774655
39 0.507750379873 109.266818453 9891.22543117
40 0.500420570872 94.7287471204 9905.77083231
41 0.494151675823 82.1248981872 9918.38095014
42 0.488780280513 71.1979297466 9929.31328997
43 0.484170954298 61.7248037655 9938.79102528
44 0.48021008692 53.5120765131 9947.0077134
45 0.476802456273 46.3920561268 9954.13114142
46 0.473867839861 40.2193739012 9960.30675826
47 0.471338298208 34.8679780914 9965.66068361
48 0.469156259831 30.2286043487 9970.30223939
49 0.467272742257 26.2065202034 9974.32620705
50 0.465645951976 22.7195869588 9977.81476709
51 0.46424020282 19.6966068938 9980.8391529
52 0.463024936522 17.0758523612 9983.4611227
53 0.461973941085 14.8038007171 9985.73422534
54 0.461064719828 12.8340585454 9987.70487673
55 0.460277926022 11.1264031697 9989.4133189
56 0.459596905635 9.64596004899 9990.89444305
57 0.459007316398 8.36250005678 9992.17849263
58 0.45849678836 7.24981269917 9993.29169051
59 0.458054648341 6.28517439012 9994.25677096
60 0.457671684111 5.44888866154 9995.09343965
61 0.457339934979 4.72387617242 9995.81878389
62 0.457052521599 4.09533076354 9996.44761671
63 0.456803497318 3.5504183872 9996.99277812
64 0.45658771715 3.07801011908 9997.46540216
65 0.456400730374 2.66845870126 9997.87514057
66 0.456238685803 2.31340145424 9998.23035986
67 0.456098248855 2.00558682992 9998.53831492
68 0.455976532961 1.73872896667 9998.8052945
69 0.455871038703 1.50737874285 9999.03675022
70 0.455779600867 1.30681111944 9999.23740928
