"Time" "S" "I" "R"
0 10000 1 0
1 9997.09454389 3.61477828462 0.290677826502
2 9986.60345392 13.0555781002 1.34096797951
3 9948.86152267 47.0099205625 5.12855676818
4 9814.86616371 167.441138907 18.6926973817
5 9360.57531045 574.325845644 66.0988439107
6 8032.28096765 1749.53463877 219.184393577
7 5376.69540851 4003.60101265 620.703578838
8 2583.79821063 6063.4583875 1353.74340187
9 1022.11954139 6697.46586828 2281.41459033
10 399.105282185 6379.78050008 3222.11421774
11 167.674079458 5743.74400609 4089.58191446
12 77.5293045102 5062.28540994 4861.18528555
13 39.4117752233 4423.60321285 5537.98501193
14 21.8474203484 3850.98482059 6128.16775907
15 13.0790905275 3346.47109941 6641.44981006
16 8.37596736527 2905.35995732 7087.26407531
17 5.689444124 2521.10255128 7474.20800459
18 4.06762360489 2187.0103997 7809.92197669
19 3.04041286562 1896.84023713 8101.11935
20 2.36209172504 1644.97272855 8353.66517973
21 1.89794525805 1426.43344189 8572.66861285
22 1.56937237122 1236.85806709 8762.57256054
23 1.33115695944 1072.43538708 8927.23345596
24 1.15404799048 929.84268989 9070.00326212
25 1.01968728294 806.191529109 9193.78878361
26 0.915932183547 698.971821212 9301.1122466
27 0.834579989321 606.004145335 9394.16127468
28 0.76995440807 525.39714966 9474.83289593
29 0.717948021462 455.507347533 9544.77470445
30 0.675724229872 394.912130243 9605.41214553
31 0.641129025711 342.375829391 9657.98304158
32 0.612573206739 296.827262285 9703.56016451
33 0.588847637964 257.337366648 9743.07378571
34 0.569023687356 223.100534782 9777.33044153
35 0.552376785994 193.418070286 9807.02955293
36 0.5383396992 167.68437863 9832.77728167
37 0.526459461902 145.374229309 9855.09931123
38 0.516372333062 126.032210465 9874.4514172
39 0.507783860934 109.263498148 9891.22871799
40 0.500453793275 94.7257743109 9905.7737719
41 0.494184680563 82.1222391799 9918.38357614
42 0.488813102062 71.1955536661 9929.31563323
43 0.484203621672 61.7226823963 9938.79311398
44 0.480242624561 53.5101841422 9947.00957323
45 0.47683488475 46.3903693669 9954.13279575
46 0.47390017655 40.21787154 9960.30822828
47 0.47137055776 34.8666409238 9965.66198852
48 0.469188454581 30.2274150084 9970.30339654
49 0.467304882633 26.2054630263 9974.32723209
50 0.465678046767 22.7186478324 9977.81567412
51 0.464272259422 19.6957731165 9980.83995462
52 0.463056961176 17.0751125268 9983.46183051
53 0.462005939047 14.8031445879 9985.73484947
54 0.461096695513 12.833476942 9987.70542636
55 0.460309883154 11.125887878 9989.41380224
56 0.459628847335 9.64550371955 9990.89486743
57 0.459039245285 8.36209611998 9992.17886463
58 0.458528706627 7.24945529294 9993.292016
59 0.458086557832 6.28485828336 9994.25705516
60 0.457703586366 5.44860919057 9995.09368722
61 0.45737183128 4.72362918525 9995.81899898
62 0.457084413018 4.09511256328 9996.44780302
63 0.45683538475 3.55022568569 9996.99293893
64 0.456619601333 3.07783999433 9997.4655404
65 0.456432611925 2.66830855653 9997.87525883
66 0.45627056523 2.31326898449 9998.23046045
67 0.456130126575 2.00546999009 9998.53839988
68 0.456008409326 1.73862594235 9998.80536565
69 0.455902913995 1.50728792622 9999.03680916
70 0.45581147532 1.30673108597 9999.23745744
