"Time" "S" "I" "R"
0 10000 1 0
1 9997.09454213 3.61478189961 0.290675967314
2 9986.60343535 13.0556041996 1.34096045243
3 9948.86140624 47.0100611897 5.12853257259
4 9814.8655731 167.441800185 18.6926267183
5 9360.57277044 574.328576939 66.0986526241
6 8032.27265291 1749.54345242 219.18389467
7 5376.67970729 4003.61813794 620.702154769
8 2583.78388158 6063.47664592 1353.73947249
9 1022.11137899 6697.48201334 2281.40660767
10 399.10117925 6379.79687575 3222.101945
11 167.671944963 5743.76203563 4089.56601941
12 77.5281079629 5062.3051987 4861.16669334
13 39.4110515868 4423.62433805 5537.96461037
14 21.8469519288 3851.00674115 6128.14630692
15 13.0787688304 3346.4933089 6641.42792227
16 8.37573483302 2905.38203111 7087.24223406
17 5.68926843418 2521.12415396 7474.18657761
18 4.06748564735 2187.03127804 7809.90123631
19 3.04030087611 1896.86020855 8101.09949058
20 2.36199815667 1644.99166905 8353.64633279
21 1.89786510806 1426.45127491 8572.65085999
22 1.56930220777 1236.87475371 8762.55594408
23 1.33109438138 1072.45091775 8927.21798787
24 1.15399127153 929.857077526 9069.9889312
25 1.01963515199 806.204803411 9193.77556144
26 0.915883689664 698.984024036 9301.10009227
27 0.834534409889 606.015327042 9394.15013855
28 0.769911184369 525.40736611 9474.82272271
29 0.717906716493 455.516657731 9544.76543555
30 0.675684497552 394.920594557 9605.40372095
31 0.641090589021 342.383508142 9657.97540127
32 0.612535842565 296.834214702 9703.55324946
33 0.588811164915 257.343650102 9743.06753873
34 0.568987956953 223.10620422 9777.32480782
35 0.552341676277 193.423177884 9807.02448044
36 0.538305109003 167.688973526 9832.77272136
37 0.526425307395 145.378357522 9855.09521717
38 0.516338544439 126.035914844 9874.44774661
39 0.507750379846 109.266818395 9891.22543122
40 0.500420570848 94.7287470691 9905.77083236
41 0.494151675803 82.1248981416 9918.38095018
42 0.488780280495 71.1979297061 9929.31329001
43 0.484170954283 61.7248037295 9938.79102532
44 0.480210086906 53.5120764812 9947.00771343
45 0.476802456262 46.3920560985 9954.13114145
46 0.47386783985 40.2193738761 9960.30675828
47 0.471338298201 34.8679780692 9965.66068363
48 0.469156259825 30.228604329 9970.30223941
49 0.467272742253 26.206520186 9974.32620707
50 0.465645951972 22.7195869434 9977.8147671
51 0.464240202818 19.6966068802 9980.83915292
52 0.46302493652 17.0758523491 9983.46112271
53 0.461973941081 14.8038007065 9985.73422535
54 0.461064719826 12.834058536 9987.70487674
55 0.46027792602 11.1264031614 9989.41331891
56 0.459596905635 9.64596004168 9990.89444305
57 0.4590073164 8.36250005033 9992.17849263
58 0.458496788358 7.24981269348 9993.29169052
59 0.458054648341 6.2851743851 9994.25677097
60 0.457671684111 5.44888865711 9995.09343966
61 0.457339934977 4.72387616851 9995.8187839
62 0.457052521597 4.0953307601 9996.44761672
63 0.456803497318 3.55041838417 9996.99277812
64 0.456587717148 3.07801011641 9997.46540217
65 0.456400730378 2.66845869891 9997.87514057
66 0.456238685803 2.31340145217 9998.23035986
67 0.456098248855 2.0055868281 9998.53831492
68 0.455976532963 1.73872896507 9998.8052945
69 0.455871038705 1.50737874144 9999.03675022
70 0.455779600868 1.3068111182 9999.23740928
