"Time" "S" "I" "R"
0 10000 1 0
1 9997.09454389 3.61477828477 0.290677826558
2 9986.60345392 13.0555781013 1.34096797982
3 9948.86152266 47.0099205684 5.12855676953
4 9814.86616368 167.441138935 18.6926973873
5 9360.57531031 574.325845754 66.0988439329
6 8032.28096724 1749.5346391 219.184393654
7 5376.69540779 4003.60101316 620.703579047
8 2583.79821006 6063.45838769 1353.74340225
9 1022.11954113 6697.46586801 2281.41459086
10 399.105282089 6379.78049954 3222.11421837
11 167.674079425 5743.74400543 4089.58191515
12 77.5293045001 5062.28540923 4861.18528627
13 39.411775221 4423.60321212 5537.98501266
14 21.8474203488 3850.98481986 6128.16775979
15 13.0790905288 3346.4710987 6641.44981077
16 8.37596736675 2905.35995664 7087.264076
17 5.68944412545 2521.10255063 7474.20800524
18 4.06762360623 2187.01039908 7809.92197731
19 3.04041286684 1896.84023655 8101.11935059
20 2.36209172615 1644.972728 8353.66518027
21 1.89794525907 1426.43344139 8572.66861335
22 1.56937237216 1236.85806662 8762.57256101
23 1.33115696031 1072.43538665 8927.23345639
24 1.1540479913 929.842689493 9070.00326252
25 1.0196872837 806.191528747 9193.78878397
26 0.915932184276 698.971820881 9301.11224693
27 0.834579990022 606.004145034 9394.16127498
28 0.769954408743 525.397149386 9474.83289621
29 0.717948022117 455.507347284 9544.77470469
30 0.675724230505 394.912130018 9605.41214575
31 0.64112902633 342.375829188 9657.98304179
32 0.612573207349 296.827262102 9703.56016469
33 0.588847638563 257.337366484 9743.07378588
34 0.569023687945 223.100534634 9777.33044168
35 0.552376786578 193.418070153 9807.02955306
36 0.538339699777 167.684378511 9832.77728179
37 0.526459462475 145.374229202 9855.09931134
38 0.516372333632 126.03221037 9874.4514173
39 0.507783861502 109.263498063 9891.22871808
40 0.50045379384 94.7257742344 9905.77377197
41 0.494184681125 82.1222391116 9918.38357621
42 0.488813102622 71.1955536052 9929.31563329
43 0.484203622231 61.7226823421 9938.79311404
44 0.480242625119 53.5101840939 9947.00957328
45 0.476834885309 46.3903693239 9954.13279579
46 0.473900177105 40.2178715018 9960.30822832
47 0.471370558313 34.8666408898 9965.66198855
48 0.469188455134 30.2274149782 9970.30339657
49 0.467304883186 26.2054629995 9974.32723212
50 0.465678047318 22.7186478086 9977.81567414
51 0.464272259975 19.6957730955 9980.83995464
52 0.463056961729 17.0751125081 9983.46183053
53 0.4620059396 14.8031445713 9985.73484949
54 0.461096696066 12.8334769274 9987.70542638
55 0.460309883709 11.125887865 9989.41380225
56 0.459628847888 9.64550370808 9990.89486744
57 0.459039245839 8.36209610984 9992.17886464
58 0.458528707182 7.24945528398 9993.29201601
59 0.458086558387 6.28485827544 9994.25705517
60 0.457703586919 5.44860918357 9995.09368723
61 0.457371831835 4.72362917907 9995.81899899
62 0.457084413572 4.09511255783 9996.44780303
63 0.456835385301 3.55022568088 9996.99293893
64 0.456619601884 3.07783999008 9997.46554041
65 0.456432612478 2.66830855279 9997.87525883
66 0.456270565783 2.31326898119 9998.23046045
67 0.456130127128 2.00546998718 9998.53839989
68 0.456008409879 1.73862593979 9998.80536565
69 0.455902914548 1.50728792396 9999.03680916
70 0.455811475871 1.30673108398 9999.23745744
