"Time" "S" "I" "R"
0 10000 1 0
1 9997.09454213 3.61478189912 0.290675967261
2 9986.60343535 13.0556041961 1.34096045205
3 9948.86140626 47.0100611709 5.1285325705
4 9814.86557319 167.441800097 18.6926267084
5 9360.57277084 574.328576581 66.0986525814
6 8032.27265416 1749.54345133 219.183894514
7 5376.67970953 4003.61813612 620.702154352
8 2583.78388345 6063.47664478 1353.73947177
9 1022.1113799 6697.48201332 2281.40660678
10 399.101179629 6379.79687631 3222.10194406
11 167.67194512 5743.76203641 4089.56601847
12 77.528108033 5062.30519953 4861.16669244
13 39.4110516206 4423.62433887 5537.96460951
14 21.8469519463 3851.00674194 6128.14630612
15 13.0787688402 3346.49330963 6641.42792153
16 8.37573483882 2905.38203179 7087.24223337
17 5.68926843781 2521.12415459 7474.18657697
18 4.06748564974 2187.03127862 7809.90123573
19 3.04030087776 1896.86020908 8101.09949004
20 2.36199815783 1644.99166954 8353.64633231
21 1.8978651089 1426.45127535 8572.65085954
22 1.56930220842 1236.87475411 8762.55594368
23 1.33109438187 1072.45091812 8927.2179875
24 1.15399127192 929.857077856 9069.98893087
25 1.0196351523 806.204803709 9193.77556114
26 0.915883689917 698.984024305 9301.100092
27 0.834534410098 606.015327284 9394.15013831
28 0.769911184541 525.407366327 9474.82272249
29 0.717906716636 455.516657926 9544.76543536
30 0.675684497672 394.920594732 9605.40372077
31 0.641090589126 342.383508299 9657.97540111
32 0.612535842654 296.834214843 9703.55324931
33 0.588811164995 257.343650228 9743.06753861
34 0.568987957022 223.106204333 9777.32480771
35 0.552341676335 193.423177984 9807.02448034
36 0.538305109052 167.688973616 9832.77272128
37 0.526425307438 145.378357601 9855.09521709
38 0.516338544478 126.035914915 9874.44774654
39 0.507750379878 109.266818458 9891.22543116
40 0.500420570879 94.7287471252 9905.7708323
41 0.494151675828 82.1248981914 9918.38095013
42 0.488780280517 71.1979297504 9929.31328997
43 0.484170954305 61.7248037688 9938.79102528
44 0.480210086926 53.512076516 9947.0077134
45 0.476802456278 46.3920561294 9954.13114141
46 0.473867839866 40.2193739035 9960.30675826
47 0.471338298217 34.8679780934 9965.66068361
48 0.469156259838 30.2286043505 9970.30223939
49 0.467272742266 26.206520205 9974.32620705
50 0.465645951985 22.7195869602 9977.81476709
51 0.464240202829 19.696606895 9980.8391529
52 0.463024936531 17.0758523623 9983.4611227
53 0.461973941092 14.8038007181 9985.73422534
54 0.461064719833 12.8340585462 9987.70487673
55 0.460277926029 11.1264031705 9989.4133189
56 0.459596905645 9.64596004967 9990.89444304
57 0.459007316407 8.36250005738 9992.17849263
58 0.458496788369 7.2498126997 9993.29169051
59 0.458054648352 6.28517439058 9994.25677096
60 0.457671684122 5.44888866195 9995.09343965
61 0.457339934987 4.72387617278 9995.81878389
62 0.457052521608 4.09533076386 9996.44761671
63 0.456803497327 3.55041838748 9996.99277812
64 0.456587717157 3.07801011933 9997.46540216
65 0.456400730385 2.66845870148 9997.87514057
66 0.456238685812 2.31340145443 9998.23035986
67 0.456098248862 2.00558683009 9998.53831492
68 0.455976532972 1.73872896682 9998.8052945
69 0.455871038712 1.50737874298 9999.03675022
70 0.455779600878 1.30681111955 9999.23740928
