"Time" "S" "I" "R"
0 10000 1 0
1 9997.09444333 3.61486878485 0.290687881978
2 9986.6027283 13.0562310697 1.34104063342
3 9948.8576182 47.013432562 5.12894923538
4 9814.84787045 167.45756815 18.6945613991
5 9360.50050724 574.392656429 66.1068363316
6 8032.04632859 1749.74006098 219.213610427
7 5376.27609755 4003.94232267 620.781579777
8 2583.44945321 6063.67214407 1353.87840272
9 1021.9481063 6697.46955928 2281.58233442
10 399.034430617 6379.67382316 3222.29174623
11 167.644599051 5743.5976859 4089.75771504
12 77.5161977841 5062.1294984 4861.35430382
13 39.4054675923 4423.44952725 5538.14500516
14 21.8441420359 3850.83810938 6128.31774858
15 13.0772629285 3346.33328355 6641.58945353
16 8.37488348334 2905.23172713 7087.39338938
17 5.6887656215 2520.98400935 7474.32722503
18 4.06717775175 2186.90134381 7810.03147844
19 3.04010766163 1896.74029563 8101.2195967
20 2.36187525713 1644.88143606 8353.75668868
21 1.89778688746 1426.3502827 8572.75193041
22 1.56925326455 1236.78250288 8762.64824385
23 1.33106540399 1072.36687489 8927.30205971
24 1.15397613691 929.780694385 9070.06532948
25 1.01962992836 806.135531519 9193.84483855
26 0.915885724213 698.921324854 9301.16278942
27 0.834541861012 605.958678477 9394.20677966
28 0.769922770189 525.356268558 9474.87380867
29 0.717921512236 455.470637193 9544.81144129
30 0.675701836681 394.879204918 9605.44509325
31 0.641109977892 342.346332016 9658.01255801
32 0.612556905899 296.80086374 9703.58657935
33 0.588833615213 257.313764622 9743.09740176
34 0.569011570793 223.079452561 9777.35153587
35 0.552366275444 193.399255185 9807.04837854
36 0.538330552859 167.667600705 9832.79406874
37 0.526451480237 145.359279576 9855.11426894
38 0.51636535061 126.018899467 9874.46473518
39 0.50777773976 109.251654503 9891.24056776
40 0.500448417355 94.7152432052 9905.78430838
41 0.494179951576 82.112881015 9918.39293903
42 0.488808936359 71.1872427673 9929.3239483
43 0.484199947632 61.7153057617 9938.80049429
44 0.480239380604 53.5036403115 9947.01612031
45 0.476832017472 46.3845672957 9954.13860069
46 0.473897639815 40.2127296988 9960.31337266
47 0.471368311417 34.8620863572 9965.66654533
48 0.469186463537 30.2233824474 9970.30743109
49 0.467303116295 26.2018942019 9974.33080268
50 0.465676478321 22.7154907409 9977.81883278
51 0.464270865315 19.6929813589 9980.84274778
52 0.463055720764 17.0726447876 9983.46429949
53 0.462004834149 14.8009640699 9985.7370311
54 0.461095710119 12.8315508903 9987.7073534
55 0.460309003181 11.1241871892 9989.41550381
56 0.459628060358 9.64400252198 9990.89636942
57 0.459038540339 8.36077142774 9992.18019003
58 0.458528074054 7.24828671957 9993.29318521
59 0.458085989098 6.28382773595 9994.25808627
60 0.457703073935 5.44770062324 9995.0945963
61 0.457371368513 4.72282838646 9995.81980025
62 0.457083994044 4.09440693849 9996.44850907
63 0.456835004388 3.54960408412 9996.99356091
64 0.456619255012 3.07729255109 9997.46608819
65 0.456432295612 2.66782654043 9997.87574116
66 0.456270275357 2.31284467656 9998.23088505
67 0.456129860006 2.00509656839 9998.53877357
68 0.456008163283 1.73829737596 9998.80569446
69 0.455902686032 1.50699889018 9999.03709842
70 0.455811263277 1.30647687838 9999.23771186
