"Time" "S" "I" "R"
0 10000 1 0
1 9997.05646123 3.65109797354 0.292440793056
2 9986.32134112 13.3189529216 1.35970595345
3 9947.31946029 48.433661229 5.24687848134
4 9807.5637376 174.134188373 19.3020740318
5 9330.51507184 601.650512301 68.8344158563
6 7938.01339534 1833.59916957 229.38743509
7 5210.06750814 4143.27270429 647.659787567
8 2446.82106384 6155.73941786 1398.4395183
9 954.57646422 6712.95994413 2333.46359165
10 370.639499768 6357.14622241 3273.21427782
11 155.440497731 5709.15811332 4136.40138895
12 71.8545556869 5026.25384672 4902.8915976
13 36.5383826912 4389.78155099 5574.68006632
14 20.2647065846 3820.47228115 6160.26301227
15 12.1381949042 3319.4262181 6669.43558699
16 7.77754970436 2881.59771013 7111.62474016
17 5.28566978702 2500.3227019 7495.39162832
18 3.7805698149 2168.88812987 7828.33130032
19 2.82694831684 1881.06174339 8117.11130829
20 2.19702278547 1631.24939782 8367.55357939
21 1.76586423202 1414.50601524 8584.72812053
22 1.46052886586 1226.49660347 8773.04286766
23 1.23912402628 1063.43728693 8936.32358904
24 1.07447693527 922.030588225 9077.89493484
25 0.949554706183 799.410446187 9200.63999911
26 0.853073325818 693.086593786 9307.06033289
27 0.777412648271 600.896960982 9399.32562637
28 0.717301091843 520.965483178 9479.31721573
29 0.668921264365 451.662167611 9548.66891113
30 0.629637717419 391.57598726 9608.79437502
31 0.597449435554 339.481475479 9660.92107509
32 0.57087841141 294.316290386 9706.1128312
33 0.548800622735 255.159062001 9745.29213738
34 0.530352548805 221.210872584 9779.25877487
35 0.514860196216 191.778835613 9808.70630419
36 0.501796302229 166.262417921 9834.23578578
37 0.490739409175 144.14076285 9856.36849774
38 0.481351066996 124.96226228 9875.55638665
39 0.473357375155 108.335404165 9892.19123846
40 0.466534802978 93.9207336212 9906.61273158
41 0.460699615674 81.4239400287 9919.11536036
42 0.455699782098 70.5898511223 9929.9544491
43 0.451409245596 61.1972983062 9939.35129245
44 0.447722309482 53.0544746147 9947.49780308
45 0.444550310474 45.9950928537 9954.56035684
46 0.44181860597 39.8750145986 9960.6831668
47 0.439463964962 34.5692565788 9965.99127946
48 0.437432786024 29.9694700018 9970.59309721
49 0.435679488988 25.9817278768 9974.58259263
50 0.434165170609 22.5245876156 9978.04124721
51 0.432856607262 19.5274501234 9981.03969327
52 0.431725360691 16.9291147682 9983.63915987
53 0.43074702939 14.6765117103 9985.89274126
54 0.429900669797 12.7236390378 9987.84646029
55 0.429168276198 11.0306186924 9989.54021303
56 0.428534344363 9.56287121485 9991.00859444
57 0.427985522354 8.29042312129 9992.28159136
58 0.427510297106 7.18728908943 9993.38520061
59 0.4270987323 6.23093805113 9994.34196322
60 0.426742251904 5.40184047585 9995.17141727
61 0.42643344645 4.68306405535 9995.8905025
62 0.426165911518 4.05992814475 9996.51390594
63 0.425934111317 3.51970791561 9997.05435797
64 0.425733256952 3.05137029258 9997.52289645
65 0.425559204989 2.64534985633 9997.92909094
66 0.425408370467 2.2933554656 9998.28123616
67 0.42527764949 1.98819795694 9998.58652439
68 0.42516435483 1.72364488554 9998.85119076
69 0.425066159933 1.49429396804 9999.08063987
70 0.424981049324 1.29546076278 9999.27955819
