"Time" "S" "I" "R"
0 10000 1 0
1 9997.09430746 3.61500428229 0.290688260501
2 9986.60170945 13.0572088409 1.34108170909
3 9948.85202867 47.0186933135 5.12927801421
4 9814.8213887 167.482201029 18.6964102687
5 9360.39140758 574.49310327 66.1154891509
6 8031.70186348 1750.05159443 219.246542096
7 5375.65511815 4004.47598599 620.868895858
8 2582.92479055 6064.05520285 1354.0200066
9 1021.68296491 6697.57888584 2281.73814925
10 398.920121228 6379.64805826 3222.43182051
11 167.59426387 5743.53359939 4089.87213674
12 77.4922126376 5062.06496406 4861.4428233
13 39.3929655509 4423.39642463 5538.21060981
14 21.8370451229 3850.79880255 6128.36415233
15 13.0729134911 3346.30686223 6641.62022428
16 8.372033066 2905.21628941 7087.41167753
17 5.68678576168 2520.97750495 7474.33570929
18 4.06573067419 2186.90187887 7810.03239046
19 3.03900316664 1896.74622496 8101.21477187
20 2.36100012371 1644.89137886 8353.74762102
21 1.89707073268 1426.36310365 8572.73982562
22 1.56865051159 1236.79728323 8762.63406626
23 1.33054597311 1072.38288052 8927.28657351
24 1.15351911207 929.797346615 9070.04913427
25 1.01922062169 806.152381049 9193.82839833
26 0.915513504515 698.938028637 9301.14645786
27 0.834198865336 605.974979528 9394.19082161
28 0.769603094801 525.371980246 9474.85841666
29 0.717620635884 455.485628872 9544.79675049
30 0.67541626021 394.893390984 9605.43119276
31 0.640836949795 342.359662063 9657.99950099
32 0.612294237644 296.813314863 9703.5743909
33 0.588579549367 257.325335022 9743.08608543
34 0.568764683527 223.090156408 9777.34107891
35 0.552125403754 193.409118376 9807.03875622
36 0.538094740981 167.676657589 9832.78524767
37 0.526219937181 145.367570185 9855.10620988
38 0.516137418612 126.026467428 9874.45739515
39 0.507552869431 109.25854539 9891.23390174
40 0.500226147948 94.7215032441 9905.77827061
41 0.493959895359 82.1185561068 9918.387484
42 0.488590766106 71.1923777616 9929.31903147
43 0.483983386401 61.7199439273 9938.79607269
44 0.480024193543 53.5078229605 9947.01215285
45 0.47661800501 46.3883335364 9954.13504846
46 0.473684632101 40.2161162987 9960.31019907
47 0.4711561637 34.8651276689 9965.66371617
48 0.46897505229 30.2261104021 9970.30491455
49 0.467092336006 26.2043383464 9974.32856932
50 0.465466238791 22.7176783053 9977.81685546
51 0.464061089373 19.6949373528 9980.84100156
52 0.46284634234 17.0743921062 9983.46276155
53 0.46179579666 14.8025236152 9985.73568059
54 0.46088696508 12.8329416981 9987.70617134
55 0.460100509024 11.1254265517 9989.41447294
56 0.459419781446 9.64510611748 9990.8954741
57 0.458830446105 8.36175344527 9992.17941611
58 0.458320138276 7.24915997345 9993.29251989
59 0.457878189285 6.2846037838 9994.25751803
60 0.457495390781 5.44838987363 9995.09411474
61 0.457163785451 4.72344019724 9995.81939602
62 0.456876496863 4.09494971503 9996.44817379
63 0.456627580885 3.55008536614 9996.99328705
64 0.45641189472 3.0777190931 9997.46586901
65 0.456224989543 2.66820438919 9997.87557062
66 0.456063015799 2.31317923846 9998.23075775
67 0.455922640336 2.00539267276 9998.53868469
68 0.455800977827 1.73855933415 9998.80563969
69 0.455695529912 1.50723054653 9999.03707392
70 0.455604132316 1.30668165863 9999.23771421
