"Time" "S" "I" "R"
0 10000 1 0
1 9997.09454389 3.61477828461 0.290677826508
2 9986.60345392 13.0555781001 1.34096797953
3 9948.86152267 47.0099205621 5.12855676825
4 9814.86616371 167.441138905 18.6926973819
5 9360.57531045 574.325845635 66.0988439112
6 8032.28096768 1749.53463874 219.184393578
7 5376.69540856 4003.6010126 620.703578842
8 2583.79821068 6063.45838744 1353.74340188
9 1022.11954142 6697.46586823 2281.41459035
10 399.105282198 6379.78050003 3222.11421777
11 167.674079464 5743.74400603 4089.5819145
12 77.5293045138 5062.28540988 4861.18528561
13 39.4117752255 4423.60321279 5537.98501198
14 21.8474203498 3850.98482052 6128.16775913
15 13.0790905285 3346.47109935 6641.44981012
16 8.37596736596 2905.35995726 7087.26407538
17 5.68944412452 2521.10255122 7474.20800465
18 4.0676236053 2187.01039964 7809.92197675
19 3.04041286594 1896.84023707 8101.11935006
20 2.36209172531 1644.97272849 8353.66517978
21 1.89794525829 1426.43344184 8572.6686129
22 1.56937237143 1236.85806704 8762.57256059
23 1.33115695962 1072.43538704 8927.233456
24 1.15404799065 929.842689848 9070.00326216
25 1.01968728308 806.19152907 9193.78878365
26 0.915932183683 698.971821176 9301.11224664
27 0.834579989451 606.004145302 9394.16127471
28 0.769954408192 525.39714963 9474.83289596
29 0.71794802158 455.507347505 9544.77470447
30 0.675724229985 394.912130218 9605.41214555
31 0.641129025818 342.375829369 9657.98304161
32 0.612573206847 296.827262265 9703.56016453
33 0.588847638068 257.33736663 9743.07378573
34 0.569023687456 223.100534765 9777.33044155
35 0.552376786094 193.418070271 9807.02955294
36 0.538339699298 167.684378617 9832.77728168
37 0.526459462 145.374229297 9855.09931124
38 0.516372333157 126.032210455 9874.45141721
39 0.50778386103 109.263498138 9891.228718
40 0.500453793369 94.7257743022 9905.7737719
41 0.494184680658 82.1222391721 9918.38357615
42 0.488813102154 71.1955536591 9929.31563324
43 0.484203621767 61.7226823901 9938.79311399
44 0.480242624659 53.5101841367 9947.00957324
45 0.476834884848 46.3903693619 9954.13279575
46 0.473900176647 40.2178715356 9960.30822829
47 0.471370557854 34.8666409199 9965.66198852
48 0.469188454679 30.2274150049 9970.30339654
49 0.46730488273 26.2054630232 9974.32723209
50 0.465678046863 22.7186478296 9977.81567412
51 0.464272259518 19.6957731141 9980.83995463
52 0.463056961275 17.0751125246 9983.46183051
53 0.462005939144 14.8031445859 9985.73484947
54 0.461096695612 12.8334769403 9987.70542636
55 0.46030988325 11.1258878765 9989.41380224
56 0.459628847429 9.64550371821 9990.89486743
57 0.459039245381 8.3620961188 9992.17886464
58 0.458528706724 7.2494552919 9993.292016
59 0.45808655793 6.28485828243 9994.25705516
60 0.457703586462 5.44860918975 9995.09368722
61 0.457371831377 4.72362918453 9995.81899898
62 0.457084413114 4.09511256265 9996.44780302
63 0.456835384844 3.55022568513 9996.99293893
64 0.456619601428 3.07783999383 9997.4655404
65 0.456432612022 2.66830855609 9997.87525883
66 0.456270565326 2.31326898411 9998.23046045
67 0.456130126673 2.00546998975 9998.53839988
68 0.456008409425 1.73862594205 9998.80536565
69 0.455902914093 1.50728792595 9999.03680916
70 0.455811475416 1.30673108574 9999.23745744
