"Time" "S" "I" "R"
0 10000 1 0
1 9997.13225074 3.57882112751 0.288928134451
2 9986.88006361 12.7974135752 1.32252281233
3 9950.35902927 45.6278648947 5.01310583868
4 9821.89606474 161.000684023 18.1032512408
5 9389.3724554 548.156900036 63.4706445594
6 8123.28621374 1668.33290242 209.380883841
7 5542.721176 3863.83363577 594.445188226
8 2726.13449678 5965.59454604 1309.27095718
9 1094.20802946 6677.94351073 2228.84845981
10 429.829555576 6401.04337102 3170.1270734
11 180.927301322 5778.2837362 4041.78896248
12 83.6815063826 5098.77630512 4818.54218849
13 42.5257150609 4458.0409497 5500.43333524
14 23.5612054803 3882.13187421 6095.30692031
15 14.0969639927 3374.11544315 6612.78759286
16 9.02274011491 2929.66783483 7062.30942505
17 6.1254226599 2542.36991914 7452.5046582
18 4.37737360946 2205.56369968 7791.05892671
19 3.27057490864 1912.99761039 8084.7318147
20 2.53994891216 1659.02783396 8339.43221713
21 2.04014099678 1438.65078111 8560.3090779
22 1.68658025937 1247.47242016 8751.84099958
23 1.43016817274 1081.65354234 8917.91628948
24 1.2396233015 937.846321607 9061.91405509
25 1.09509050054 813.139241073 9186.76566843
26 0.983496340114 705.001924953 9295.01457871
27 0.896008774655 611.237201045 9388.86679018
28 0.826515180004 529.938045931 9470.23543889
29 0.770608150104 459.447494747 9540.7818971
30 0.725217265795 398.330728799 9601.94405393
31 0.688030328951 345.341773915 9654.97019576
32 0.65733751725 299.400380334 9700.94228215
33 0.631838099056 259.5696191 9740.7985428
34 0.610533061774 225.037016903 9775.35245003
35 0.592643628212 195.097950763 9805.30940561
36 0.577559038802 169.141609604 9831.28083136
37 0.564792694424 146.638302008 9853.7969053
38 0.553953566839 127.128717851 9873.31732858
39 0.544725052454 110.214638632 9890.24063632
40 0.536848890752 95.5508125759 9904.91233853
41 0.530112857768 82.8378889621 9917.63199818
42 0.524341310997 71.8163149477 9928.65934374
43 0.519388637016 62.2611292238 9938.21948214
44 0.51513276472 53.9772270165 9946.50764022
45 0.511471393 46.7954808791 9953.69304773
46 0.508318263814 40.5692599244 9959.92242181
47 0.505600386276 35.1714272199 9965.32297239
48 0.503255907386 30.4917828175 9970.00496128
49 0.501232172559 26.4347697246 9974.0639981
50 0.499484281649 22.9175418734 9977.58297384
51 0.497973894377 19.8682903592 9980.63373575
52 0.496668166568 17.2247486513 9983.27858318
53 0.49553893878 14.9329341155 9985.57152695
54 0.4945620406 12.9460536333 9987.55938433
55 0.493716680518 11.2235329019 9989.28275042
56 0.492984967252 9.73019768345 9990.77681735
57 0.492351491033 8.43555745615 9992.07209105
58 0.491802959537 7.31317286305 9993.19502418
59 0.49132790648 6.34012475684 9994.16854734
60 0.490916433655 5.49654561472 9995.01253795
61 0.490559987455 4.76520730679 9995.74423271
62 0.490251177209 4.13117605812 9996.37857276
63 0.489983613323 3.58150591195 9996.92851047
64 0.48975176784 3.10497113952 9997.40527709
65 0.489550859182 2.6918412334 9997.81860791
66 0.489376749225 2.33368034511 9998.17694291
67 0.489225855265 2.02317391522 9998.48760023
68 0.48909507612 1.75398176054 9998.75692316
69 0.488981726105 1.52060694613 9998.99041133
70 0.488883478936 1.31828341268 9999.19283311
