"Time" "S" "I" "R"
0 10000 1 0
1 9997.09454316 3.61477894143 0.29067789948
2 9986.60344865 13.0555828391 1.34096850679
3 9948.86149433 47.0099460504 5.12855961645
4 9814.86603095 167.441258139 18.6927109093
5 9360.57476758 574.326330505 66.0989019133
6 8032.27926481 1749.53612958 219.184605609
7 5376.69236532 4003.60348976 620.704144915
8 2583.79567936 6063.459939 1353.74438164
9 1022.11829708 6697.46589517 2281.41580775
10 399.104767922 6379.77972589 3222.11550618
11 167.673865479 5743.74294415 4089.58319037
12 77.5292093771 5062.28427838 4861.18651224
13 39.4117294405 4423.60209744 5537.98617312
14 21.8473965535 3850.98375579 6128.16884765
15 13.0790772623 3346.47009918 6641.45082356
16 8.37595949819 2905.35902666 7087.26501384
17 5.68943919929 2521.10169093 7474.20886987
18 4.0676203688 2187.0096082 7809.92277144
19 3.04041065039 1896.83951177 8101.12007758
20 2.36209015388 1644.97206596 8353.66584388
21 1.89794410858 1426.43283834 8572.66921755
22 1.56937150673 1236.85751865 8762.57310984
23 1.33115629492 1072.43488983 8927.23395387
24 1.15404746896 929.842239935 9070.0037126
25 1.01968686665 806.191122686 9193.78919045
26 0.915931846339 698.971454715 9301.11261344
27 0.83457971258 606.003815342 9394.16160495
28 0.769954178439 525.396852949 9474.83319287
29 0.717947829055 455.507081092 9544.77497108
30 0.675724067338 394.911891274 9605.41238466
31 0.641128887459 342.375615301 9657.98325581
32 0.612573088427 296.827070686 9703.56035623
33 0.588847536184 257.337195346 9743.07395712
34 0.56902359941 223.100381768 9777.33059463
35 0.552376709707 193.417933727 9807.02968956
36 0.538339632816 167.684256856 9832.77740351
37 0.526459403973 145.374120804 9855.09941979
38 0.516372282384 126.032113854 9874.45151386
39 0.507783816509 109.263412187 9891.228804
40 0.500453754259 94.7256978759 9905.77384837
41 0.494184646241 82.1221712581 9918.3836441
42 0.488813071828 71.1954933452 9929.31569358
43 0.484203595008 61.7226288563 9938.79316755
44 0.480242601019 53.5101366467 9947.00962075
45 0.476834863945 46.390327255 9954.13283788
46 0.473900158142 40.2178342201 9960.30826562
47 0.47137054146 34.8666078663 9965.66202159
48 0.469188440135 30.2273857397 9970.30342582
49 0.467304869819 26.2054371233 9974.32725801
50 0.465678035387 22.7186249178 9977.81569705
51 0.464272249308 19.6957528536 9980.8399749
52 0.463056952178 17.0750946156 9983.46184843
53 0.462005931033 14.8031287613 9985.73486531
54 0.461096688367 12.8334629624 9987.70544035
55 0.460309876775 11.1258755341 9989.41381459
56 0.459628841629 9.64549282359 9990.89487833
57 0.459039240175 8.36208650512 9992.17887425
58 0.458528702044 7.2494468112 9993.29202449
59 0.458086553712 6.28485080343 9994.25706264
60 0.457703582653 5.44860259599 9995.09369382
61 0.457371827928 4.72362337287 9995.8190048
62 0.457084409985 4.09510744169 9996.44780815
63 0.456835381994 3.55022117395 9996.99294344
64 0.456619598823 3.07783602085 9997.46554438
65 0.456432609635 2.66830505793 9997.87526233
66 0.456270563132 2.31326590475 9998.23046353
67 0.456130124647 2.00546727969 9998.5384026
68 0.456008407547 1.73862355752 9998.80536803
69 0.455902912345 1.5072858283 9999.03681126
70 0.455811473787 1.30672924085 9999.23745929
