"Time" "S" "I" "R"
0 10000 1 0
1 9997.09454564 3.61477467004 0.290679685732
2 9986.60347249 13.0555520038 1.34097550689
3 9948.86163908 47.0097799512 5.12858096536
4 9814.86675424 167.440477704 18.6927680525
5 9360.57785012 574.323114654 66.0990352296
6 8032.28928134 1749.52582605 219.184892601
7 5376.71110787 4003.58388891 620.70500322
8 2583.8125382 6063.44013003 1353.74733177
9 1022.12770309 6697.44972328 2281.42257363
10 399.10938484 6379.76412402 3222.12649114
11 167.676213843 5743.72597602 4089.59781014
12 77.5305010137 5062.26562064 4861.20387835
13 39.4124988421 4423.58208714 5538.00541401
14 21.8478887613 3850.96289956 6128.18921168
15 13.0794122227 3346.44888952 6641.47169825
16 8.37619989784 2905.33788319 7087.28591691
17 5.68961981516 2521.08094832 7474.22943186
18 4.06776156421 2186.98952112 7809.94271731
19 3.04052485709 1896.82026552 8101.13920962
20 2.36218529545 1644.95378789 8353.68402681
21 1.8980254101 1426.41560876 8572.68636583
22 1.56944253669 1236.84138038 8762.58917708
23 1.3312195395 1072.41985636 8927.2489241
24 1.15410471139 929.828302224 9070.01759306
25 1.0197394158 806.178254798 9193.80200579
26 0.915980679314 698.959618395 9301.12440093
27 0.834625570613 605.992963649 9394.17241078
28 0.769997633608 525.386933241 9474.84306913
29 0.717989328255 455.498037374 9544.7839733
30 0.675763963996 394.903665975 9605.42057006
31 0.641167464191 342.368150691 9657.99068184
32 0.612610572702 296.820309921 9703.56707951
33 0.588884112793 257.331083251 9743.08003264
34 0.569059419529 223.0948654 9777.33607518
35 0.552411897483 193.412962746 9807.03462536
36 0.538374291167 167.679783791 9832.78184192
37 0.526493618181 145.370101151 9855.10340523
38 0.516406123455 126.02850614 9874.45508774
39 0.507817343794 109.260177953 9891.2320047
40 0.500487017473 94.7228016022 9905.77671138
41 0.494217687095 82.1195802655 9918.38620205
42 0.4888459254 71.1931776708 9929.3179764
43 0.484236290833 61.7205611053 9938.7952026
44 0.480275163991 53.5082918429 9947.01143299
45 0.476867315019 46.3886826724 9954.13445001
46 0.473932515029 40.2163692386 9960.30969825
47 0.471402819097 34.8653038107 9965.66329337
48 0.469220651119 30.2262257177 9970.30455363
49 0.4673370248 26.2044058943 9974.32825708
50 0.465710143344 22.7177087469 9977.81658111
51 0.464304317811 19.6949393765 9980.84075631
52 0.463088987621 17.0743727261 9983.46253829
53 0.4620379388 14.8024884892 9985.73547357
54 0.461128672991 12.8328953664 9987.70597596
55 0.460341842077 11.1253726113 9989.41428555
56 0.459660790822 9.64504741272 9990.8952918
57 0.459071175959 8.3616922036 9992.17923662
58 0.458560626686 7.24909790512 9993.29234147
59 0.458118469118 6.28454219319 9994.25733934
60 0.457735490409 5.44832973455 9995.09393478
61 0.457403729373 4.72338221154 9995.81921406
62 0.457116306228 4.09489437513 9996.44798932
63 0.456867273972 3.55003299506 9996.99309973
64 0.456651487306 3.07766987935 9997.46567863
65 0.456464495268 2.66815842058 9997.87537708
66 0.456302446446 2.31313652262 9998.23056103
67 0.456162006087 2.00535315732 9998.53848484
68 0.456040287481 1.73852292436 9998.80543679
69 0.455934791074 1.50719711524 9999.03686809
70 0.455843351561 1.30665105758 9999.23750559
