"Time" "S" "I" "R"
0 10000 1 0
1 9997.09454208 3.61478193875 0.290675979662
2 9986.603435 13.055604482 1.34096052076
3 9948.86140441 47.0100627076 5.12853288341
4 9814.86556469 167.441807273 18.692628038
5 9360.5727365 574.328605614 66.0986578871
6 8032.27254767 1749.54353912 219.183913201
7 5376.67952221 4003.61827322 620.702204567
8 2583.78373213 6063.47670401 1353.73956387
9 1022.11130947 6697.48195835 2281.40673218
10 399.101153102 6379.7967566 3222.1020903
11 167.671935595 5743.76188788 4089.56617653
12 77.5281046738 5062.30503921 4861.16685611
13 39.4110505268 4423.62417511 5537.96477436
14 21.8469517045 3851.00657941 6128.14646889
15 13.0787689196 3346.49315124 6641.42807984
16 8.37573503361 2905.38187943 7087.24238554
17 5.68926866632 2521.1240095 7474.18672183
18 4.06748587953 2187.03114159 7809.90137253
19 3.04030109715 1896.86008054 8101.09961837
20 2.36199836346 1644.99154965 8353.64645199
21 1.89786530072 1426.45116409 8572.65097061
22 1.56930238764 1236.87465131 8762.5560463
23 1.33109455022 1072.45082349 8927.21808196
24 1.15399143095 929.856991046 9069.98901752
25 1.0196353035 806.204724312 9193.77564038
26 0.915883834565 698.983951885 9301.10016428
27 0.83453454926 606.015261389 9394.15020406
28 0.769911319128 525.407306504 9474.82278218
29 0.717906847405 455.516603725 9544.76548943
30 0.675684625263 394.920545716 9605.40376966
31 0.641090714069 342.383464047 9657.97544524
32 0.612535965394 296.834174956 9703.55328908
33 0.588811285899 257.343614327 9743.06757439
34 0.568988076404 223.106172064 9777.32483986
35 0.552341794451 193.423149016 9807.02450919
36 0.53830522612 167.688947641 9832.77274713
37 0.526425423641 145.378334337 9855.09524024
38 0.516338659962 126.035894099 9874.44776724
39 0.507750494773 109.266799851 9891.22544965
40 0.500420685292 94.728730508 9905.77084881
41 0.494151789846 82.1248833638 9918.38096485
42 0.488780394213 71.1979165303 9929.31330308
43 0.484171067739 61.724791991 9938.79103694
44 0.48021020015 53.5120660307 9947.00772377
45 0.476802569336 46.3920468012 9954.13115063
46 0.473867952787 40.2193656101 9960.30676644
47 0.471338411031 34.8679707246 9965.66069086
48 0.469156372572 30.228597807 9970.30224582
49 0.467272854938 26.2065143977 9974.32621275
50 0.465646064609 22.719581809 9977.81477213
51 0.464240315419 19.6966023282 9980.83915736
52 0.463025049095 17.0758483154 9983.46112664
53 0.461974053642 14.8037971337 9985.73422881
54 0.461064832374 12.834055373 9987.70487979
55 0.460278038567 11.1264003623 9989.4133216
56 0.459597018178 9.64595756568 9990.89444542
57 0.459007428944 8.36249786098 9992.17849471
58 0.45849690091 7.24981075835 9993.29169234
59 0.458054760898 6.2851726753 9994.25677256
60 0.457671796674 5.44888714693 9995.09344106
61 0.457340047549 4.72387483511 9995.81878512
62 0.457052634178 4.09532958316 9996.44761778
63 0.456803609904 3.55041734566 9996.99277904
64 0.456587829744 3.07800920034 9997.46540297
65 0.456400842979 2.66845789107 9997.87514127
66 0.456238798413 2.31340073999 9998.23036046
67 0.456098361472 2.00558620041 9998.53831544
68 0.455976645588 1.73872841201 9998.80529494
69 0.455871151333 1.50737825426 9999.03675059
70 0.455779713504 1.30681068915 9999.2374096
