"Time" "S" "I" "R"
0 10000 1 0
1 9997.05646233 3.65109724292 0.292440431901
2 9986.32134834 13.3189475996 1.35970406103
3 9947.3194974 48.4336323583 5.24687024216
4 9807.56390724 174.13405259 19.3020401725
5 9330.51575281 601.649963307 68.8342838854
6 7938.01546919 1833.59755343 229.386977379
7 5210.07098885 4143.2704468 647.658564349
8 2446.8236823 6155.73907069 1398.43724701
9 954.577582952 6712.96200571 2333.46041134
10 370.639870613 6357.14967355 3273.21045584
11 155.440601342 5709.16224571 4136.39715294
12 71.8545728454 5026.2583029 4902.88712426
13 36.5383737736 4389.78613411 5574.67549212
14 20.2646912415 3820.47686688 6160.25844188
15 12.1381793265 3319.43072122 6669.43109946
16 7.77753562729 2881.60207062 7111.62039375
17 5.28565748467 2500.32687795 7495.38746456
18 3.78055911899 2168.89209354 7828.32734734
19 2.8269389601 1881.06547744 8117.1075836
20 2.19701450992 1631.25289332 8367.55009217
21 1.76585682309 1414.50926967 8584.72487351
22 1.46052214553 1226.49961918 8773.03985867
23 1.23911785931 1063.44006989 8936.32081225
24 1.07447121315 922.033147017 9077.89238177
25 0.949549343417 799.412791218 9200.63765944
26 0.85306825539 693.088736658 9307.05819509
27 0.777407816626 600.898913986 9399.3236782
28 0.717296456602 520.967258925 9479.31544462
29 0.668916790357 451.663778688 9548.66730452
30 0.629633376917 391.57744606 9608.79292056
31 0.597445205549 339.482794004 9660.91976079
32 0.570874273153 294.317480139 9706.11164559
33 0.548796560754 255.160133909 9745.29106953
34 0.530348550323 221.211836943 9779.25781451
35 0.514856250624 191.779702067 9808.70544168
36 0.501792400713 166.26319545 9834.23501215
37 0.490735544376 144.141459779 9856.36780468
38 0.481347232781 124.962886292 9875.55576648
39 0.473353566396 108.335962326 9892.19068411
40 0.466531015389 93.9212324067 9906.61223658
41 0.460695845668 81.4243853583 9919.1149188
42 0.455696026664 70.5902483893 9929.95405558
43 0.451405502228 61.1976524178 9939.35094208
44 0.447718576073 53.0547900207 9947.4974914
45 0.44454658527 45.9953735852 9954.56007983
46 0.441814887507 39.8752642995 9960.68292081
47 0.439460252015 34.5694785356 9965.99106121
48 0.437429077576 29.9696671773 9970.59290375
49 0.435675784196 25.9819029362 9974.58242128
50 0.434161468766 22.5247429529 9978.04109558
51 0.432852907794 19.527587888 9981.0395592
52 0.431721663115 16.9292368863 9983.63904145
53 0.430743333311 14.6766199063 9985.89263676
54 0.429896974894 12.7237348549 9987.84636817
55 0.429164582203 11.0307035091 9989.54013191
56 0.428530651063 9.56294626195 9991.00852309
57 0.427981829576 8.29048949731 9992.28152867
58 0.427506604708 7.18734777302 9993.38514562
59 0.427095040168 6.23098991415 9994.34191505
60 0.426738559951 5.40188629459 9995.17137515
61 0.426429754603 4.68310451995 9995.89046573
62 0.426162219721 4.05996386878 9996.51387391
63 0.425930419531 3.51973944437 9997.05433014
64 0.425729565141 3.05139810989 9997.52287232
65 0.425555513129 2.64537439166 9997.9290701
66 0.425404678545 2.29337709994 9998.28121822
67 0.425273957489 1.98821702782 9998.58650901
68 0.425160662746 1.72366169214 9998.85117765
69 0.425062467761 1.4943087753 9999.08062876
70 0.424977357063 1.29547380516 9999.27954884
