"Time" "S" "I" "R"
0 10000 1 0
1 9997.13225074 3.57882112752 0.288928134452
2 9986.88006361 12.7974135752 1.32252281233
3 9950.35902927 45.6278648948 5.0131058387
4 9821.89606474 161.000684023 18.1032512409
5 9389.3724554 548.156900039 63.4706445597
6 8123.28621373 1668.33290243 209.380883842
7 5542.72117598 3863.83363579 594.445188229
8 2726.13449677 5965.59454605 1309.27095718
9 1094.20802945 6677.94351073 2228.84845982
10 429.829555573 6401.04337102 3170.12707341
11 180.927301321 5778.28373619 4041.78896249
12 83.6815063821 5098.77630512 4818.5421885
13 42.5257150606 4458.04094969 5500.43333524
14 23.5612054802 3882.13187421 6095.30692031
15 14.0969639926 3374.11544315 6612.78759286
16 9.02274011486 2929.66783483 7062.30942506
17 6.12542265987 2542.36991914 7452.5046582
18 4.37737360944 2205.56369967 7791.05892672
19 3.27057490862 1912.99761038 8084.73181471
20 2.53994891214 1659.02783396 8339.43221713
21 2.04014099677 1438.65078111 8560.3090779
22 1.68658025936 1247.47242015 8751.84099959
23 1.43016817273 1081.65354234 8917.91628949
24 1.2396233015 937.846321606 9061.91405509
25 1.09509050053 813.139241071 9186.76566843
26 0.983496340108 705.001924952 9295.01457871
27 0.896008774649 611.237201044 9388.86679018
28 0.826515180002 529.93804593 9470.23543889
29 0.770608150102 459.447494746 9540.7818971
30 0.725217265794 398.330728799 9601.94405394
31 0.688030328951 345.341773915 9654.97019576
32 0.657337517248 299.400380333 9700.94228215
33 0.631838099056 259.569619099 9740.7985428
34 0.610533061774 225.037016903 9775.35245004
35 0.592643628213 195.097950763 9805.30940561
36 0.5775590388 169.141609604 9831.28083136
37 0.564792694424 146.638302007 9853.7969053
38 0.553953566839 127.12871785 9873.31732858
39 0.544725052452 110.214638631 9890.24063632
40 0.53684889075 95.5508125756 9904.91233853
41 0.530112857767 82.8378889619 9917.63199818
42 0.524341310995 71.8163149475 9928.65934374
43 0.519388637013 62.2611292237 9938.21948214
44 0.515132764715 53.9772270163 9946.50764022
45 0.511471392996 46.7954808789 9953.69304773
46 0.50831826381 40.5692599242 9959.92242181
47 0.505600386274 35.1714272198 9965.32297239
48 0.503255907384 30.4917828174 9970.00496128
49 0.501232172555 26.4347697245 9974.0639981
50 0.499484281645 22.9175418733 9977.58297385
51 0.497973894375 19.8682903591 9980.63373575
52 0.496668166565 17.2247486513 9983.27858318
53 0.495538938778 14.9329341155 9985.57152695
54 0.494562040596 12.9460536333 9987.55938433
55 0.493716680512 11.2235329018 9989.28275042
56 0.492984967244 9.73019768341 9990.77681735
57 0.49235149103 8.43555745612 9992.07209105
58 0.491802959534 7.31317286302 9993.19502418
59 0.491327906477 6.34012475682 9994.16854734
60 0.490916433651 5.4965456147 9995.01253795
61 0.490559987453 4.76520730678 9995.74423271
62 0.490251177207 4.1311760581 9996.37857276
63 0.489983613319 3.58150591193 9996.92851047
64 0.489751767836 3.10497113951 9997.40527709
65 0.489550859178 2.69184123339 9997.81860791
66 0.489376749221 2.3336803451 9998.17694291
67 0.489225855263 2.02317391521 9998.48760023
68 0.489095076116 1.75398176053 9998.75692316
69 0.488981726099 1.52060694612 9998.99041133
70 0.488883478931 1.31828341267 9999.19283311
