"Time" "S" "I" "R"
0 10000 1 0
1 9997.0945456 3.61477471438 0.290679688183
2 9986.60347215 13.0555523237 1.34097553107
3 9948.86163721 47.0097816725 5.12858111401
4 9814.86674543 167.44048576 18.692768807
5 9360.57781395 574.323147459 66.0990385868
6 8032.28916753 1749.52592738 219.184905093
7 5376.71090355 4003.58405998 620.705036469
8 2583.81236685 6063.44024543 1353.74738772
9 1022.12761764 6697.44974261 2281.42263975
10 399.109348724 6379.76409435 3222.12655693
11 167.676198348 5743.72593046 4089.59787119
12 77.5304938535 5062.26557273 4861.20393342
13 39.4124952344 4423.58204169 5538.00546307
14 21.8478867852 3850.96285809 6128.18925513
15 13.0794110547 3346.44885234 6641.47173661
16 8.37619915942 2905.33785014 7087.2859507
17 5.68961931992 2521.08091908 7474.2294616
18 4.06776121413 2186.98949532 7809.94274347
19 3.04052459823 1896.82024279 8101.13923261
20 2.36218509637 1644.95376789 8353.68404701
21 1.89802525164 1426.41559118 8572.68638357
22 1.56944240669 1236.84136493 8762.58919266
23 1.3312194301 1072.41984279 8927.24893778
24 1.1541046172 929.828290311 9070.01760507
25 1.01973933311 806.178244343 9193.80201632
26 0.915980605472 698.959609221 9301.12441017
27 0.834625503679 605.992955602 9394.17241889
28 0.769997572152 525.386926183 9474.84307624
29 0.717989271187 455.498031186 9544.78397954
30 0.675763910489 394.90366055 9605.42057554
31 0.641167413596 342.368145935 9657.99068665
32 0.612610524506 296.820305753 9703.56708372
33 0.588884066588 257.331079598 9743.08003634
34 0.569059374991 223.0948622 9777.33607843
35 0.55241185434 193.412959942 9807.0346282
36 0.538374249201 167.679781334 9832.78184442
37 0.526493577214 145.370099 9855.10340742
38 0.516406083334 126.028504256 9874.45508966
39 0.507817304395 109.260176303 9891.23200639
40 0.50048697869 94.7228001575 9905.77671286
41 0.49421764884 82.1195790006 9918.38620335
42 0.488845887598 71.1931765635 9929.31797755
43 0.48423625342 61.7205601361 9938.79520361
44 0.480275126911 53.5082909945 9947.01143388
45 0.476867278225 46.38868193 9954.13445079
46 0.473932478484 40.2163685889 9960.30969893
47 0.471402782769 34.8653032422 9965.66329398
48 0.469220614976 30.2262252203 9970.30455416
49 0.467336988813 26.2044054591 9974.32825755
50 0.465710107495 22.7177083663 9977.81658153
51 0.464304282083 19.6949390436 9980.84075667
52 0.463088951998 17.0743724349 9983.46253861
53 0.462037903262 14.8024882345 9985.73547386
54 0.461128637535 12.8328951436 9987.70597622
55 0.460341806687 11.1253724166 9989.41428578
56 0.45966075549 9.64504724241 9990.895292
57 0.459071140678 8.3616920547 9992.1792368
58 0.458560591451 7.24909777495 9993.29234163
59 0.458118433919 6.2845420794 9994.25733949
60 0.457735455244 5.44832963508 9995.09393491
61 0.457403694234 4.72338212459 9995.81921418
62 0.457116271116 4.09489429914 9996.44798943
63 0.456867238878 3.55003292864 9996.99309983
64 0.456651452232 3.07766982131 9997.46567873
65 0.456464460209 2.66815836986 9997.87537717
66 0.456302411401 2.3131364783 9998.23056111
67 0.456161971058 2.0053531186 9998.53848491
68 0.456040252464 1.73852289053 9998.80543686
69 0.455934756066 1.50719708569 9999.03686816
70 0.455843316562 1.30665103176 9999.23750565
