"Time" "S" "I" "R"
0 10000 1 0
1 9997.09453461 3.61478307559 0.290682316127
2 9986.60339728 13.0556126372 1.34099008048
3 9948.86124679 47.0101058745 5.12864733504
4 9814.86495014 167.441999797 18.6930500659
5 9360.57056671 574.329272679 66.1001606063
6 8032.2666955 1749.54444834 219.188856153
7 5376.67137599 4003.61296993 620.715654081
8 2583.78044214 6063.45269261 1353.76686525
9 1022.11276478 6697.43806385 2281.44917137
10 399.103758349 6379.73873151 3222.15751015
11 167.674193361 5743.69447171 4089.63133493
12 77.5297884933 5062.23161779 4861.23859371
13 39.4122668442 4423.54735492 5538.04037823
14 21.8478374582 3850.92842736 6128.22373518
15 13.0794290675 3346.41529339 6641.50527754
16 8.37624121375 2905.30556656 7087.31819223
17 5.68966828561 2521.05017546 7474.26015625
18 4.06781030606 2186.9604572 7809.9717325
19 3.0405713942 1896.79300188 8101.16642673
20 2.36222891244 1644.92836039 8353.7094107
21 1.89806609645 1426.39201149 8572.70992241
22 1.56948055348 1236.81957639 8762.61094306
23 1.3312552495 1072.39978612 8927.26895863
24 1.15413844552 929.809890272 9070.03597128
25 1.0197714886 806.16141511 9193.8188134
26 0.916011361584 698.944258541 9301.1397301
27 0.834655089533 605.978987886 9394.18635702
28 0.770026182285 525.374245134 9474.85572868
29 0.718017067284 455.486541665 9544.79544127
30 0.67579102866 394.893269974 9605.430939
31 0.641193967671 342.358765268 9658.00004076
32 0.612636608897 296.811850198 9703.57551319
33 0.588909760207 257.32346904 9743.0876212
34 0.569084743887 223.088021475 9777.34289378
35 0.552436953416 193.406818914 9807.04074413
36 0.538399124878 167.67427493 9832.78732594
37 0.526518268063 145.365167059 9855.10831467
38 0.516430621559 126.024091388 9874.45947799
39 0.507841716957 109.256231695 9891.23592659
40 0.50051128811 94.7192773242 9905.78021139
41 0.49424187389 82.1164355368 9918.38932259
42 0.488870043939 71.1903738851 9929.32075607
43 0.484260354093 61.7180632094 9938.79767644
44 0.480299182747 53.5060680787 9947.01363274
45 0.476891298142 46.386704307 9954.13640439
46 0.47395646989 40.2146103398 9960.31143319
47 0.471426751757 34.8637410057 9965.66483224
48 0.469244566524 30.2248379577 9970.30591748
49 0.467360927014 26.2031742678 9974.32946481
50 0.465734035664 22.7166162764 9977.81764969
51 0.464328202897 19.6939708316 9980.84170097
52 0.463112867623 17.0735144727 9983.46337266
53 0.46206181542 14.8017283252 9985.73620986
54 0.461152547581 12.8322223806 9987.70662507
55 0.460365715697 11.124777065 9989.41485722
56 0.459684664291 9.64452061327 9990.89579472
57 0.45909504989 8.36122639791 9992.17967855
58 0.458584501543 7.24868619034 9993.29272931
59 0.458142345231 6.28417842166 9994.25767923
60 0.457759368011 5.44800843584 9995.0942322
61 0.457427608608 4.7230985245 9995.81947387
62 0.457140187182 4.09464397874 9996.44821583
63 0.456891156675 3.54981205232 9996.99329679
64 0.456675371754 3.077474986 9997.46584964
65 0.456488381424 2.66798655565 9997.87552506
66 0.456326334261 2.31298500837 9998.23068866
67 0.456185895486 2.00521962128 9998.53859448
68 0.456064178385 1.7384052643 9998.80553056
69 0.455958683393 1.50709347065 9999.03694785
70 0.455867245204 1.30655978201 9999.23757297
