"Time" "S" "I" "R"
0 10000 1 0
1 9997.09453398 3.61478923424 0.290676782262
2 9986.60337654 13.0556571192 1.34096634061
3 9948.86108981 47.0103458155 5.12856437943
4 9814.86409056 167.443131661 18.6927777829
5 9360.56670819 574.333991464 66.0993003446
6 8032.25363698 1749.56010056 219.186262457
7 5376.64572377 4003.64580003 620.708476195
8 2583.75561488 6063.49397152 1353.7504136
9 1022.09748382 6697.48231351 2281.42020266
10 399.09543653 6379.78823037 3222.1163331
11 167.669555489 5743.75017697 4089.58026754
12 77.5270456276 5062.29256254 4861.18039183
13 39.4105403389 4423.61188222 5537.97757744
14 21.8466862156 3850.99485054 6128.15846325
15 13.0786207011 3346.4821392 6641.4392401
16 8.37564698351 2905.37163828 7087.25271474
17 5.68921344135 2521.11454631 7474.19624025
18 4.06744951104 2187.02243921 7809.91011128
19 3.04027613955 1896.8521084 8101.10761546
20 2.3619806122 1644.98426988 8353.65374951
21 1.89785227239 1426.44453491 8572.65761281
22 1.5692925544 1236.86862927 8762.56207817
23 1.33108696104 1072.44536486 8927.22354818
24 1.15398544801 929.852052799 9069.99396175
25 1.01963050359 806.200264803 9193.78010469
26 0.915879924305 698.979931294 9301.10418878
27 0.834531319748 606.011641933 9394.15382675
28 0.769908620265 525.404052671 9474.82603871
29 0.717904568048 455.513682328 9544.7684131
30 0.6756826827 394.917925926 9605.40639139
31 0.641089045303 342.381117345 9657.97779361
32 0.61253452148 296.832075064 9703.55539041
33 0.588810028459 257.341737121 9743.06945285
34 0.568986974988 223.104495469 9777.32651756
35 0.552340824474 193.421652883 9807.02600629
36 0.538304367765 167.68761364 9832.77408199
37 0.526424660547 145.377145811 9855.09642953
38 0.516337978574 126.034835954 9874.44882607
39 0.507749883785 109.265858436 9891.22639168
40 0.500420135189 94.7278934926 9905.77168637
41 0.494151292574 82.1241396336 9918.38170907
42 0.488779942918 71.1972560807 9929.31396398
43 0.484170656557 61.7242058279 9938.79162352
44 0.480209824036 53.51154608 9947.0082441
45 0.47680222392 46.3915858185 9954.13161196
46 0.4738676343 40.2189571093 9960.30717526
47 0.471338116186 34.8676089025 9965.66105298
48 0.469156098499 30.2282774723 9970.30256643
49 0.467272599139 26.2062309165 9974.32649648
50 0.465645824897 22.7193310461 9977.81502313
51 0.464240089872 19.6963805944 9980.83937932
52 0.463024836032 17.0756523263 9983.46132284
53 0.461973851576 14.8036239639 9985.73440218
54 0.461064640003 12.8339024189 9987.70503294
55 0.460277854747 11.1262653109 9989.41345683
56 0.459596841898 9.64583836081 9990.8945648
57 0.459007259309 8.36239267601 9992.17860006
58 0.458496737134 7.24971797332 9993.29178529
59 0.458054602292 6.28509085261 9994.25685455
60 0.457671642627 5.44881501173 9995.09351335
61 0.457339897519 4.72381125833 9995.81884884
62 0.457052487687 4.09527356429 9996.44767395
63 0.456803466539 3.55036799891 9996.99282853
64 0.456587689128 3.07796574212 9997.46544657
65 0.456400704787 2.66841962787 9997.87517967
66 0.456238662358 2.31336705874 9998.23039428
67 0.456098227294 2.00555655932 9998.53834521
68 0.455976513067 1.73870233211 9998.80532115
69 0.455871020275 1.50735531268 9999.03677367
70 0.45577958373 1.30679051252 9999.2374299
