"Time" "S" "I" "R"
0 10000 1 0
1 9997.09454564 3.61477467004 0.290679685732
2 9986.60347249 13.0555520038 1.34097550689
3 9948.86163908 47.0097799514 5.12858096538
4 9814.86675424 167.440477705 18.6927680526
5 9360.57785011 574.323114657 66.09903523
6 8032.28928133 1749.52582606 219.184892603
7 5376.71110785 4003.58388892 620.705003223
8 2583.81253818 6063.44013004 1353.74733178
9 1022.12770308 6697.44972328 2281.42257364
10 399.109384837 6379.76412402 3222.12649115
11 167.676213842 5743.72597601 4089.59781015
12 77.5305010131 5062.26562063 4861.20387836
13 39.4124988419 4423.58208714 5538.00541402
14 21.8478887612 3850.96289955 6128.18921169
15 13.0794122226 3346.44888952 6641.47169826
16 8.37619989779 2905.33788319 7087.28591692
17 5.68961981513 2521.08094832 7474.22943187
18 4.06776156419 2186.98952112 7809.94271732
19 3.04052485708 1896.82026552 8101.13920963
20 2.36218529544 1644.95378789 8353.68402682
21 1.8980254101 1426.41560876 8572.68636583
22 1.56944253669 1236.84138038 8762.58917709
23 1.33121953949 1072.41985636 8927.2489241
24 1.15410471139 929.828302221 9070.01759307
25 1.01973941579 806.178254795 9193.80200579
26 0.915980679316 698.959618392 9301.12440093
27 0.834625570616 605.992963647 9394.17241078
28 0.76999763361 525.386933239 9474.84306913
29 0.717989328257 455.498037372 9544.7839733
30 0.675763964004 394.903665973 9605.42057006
31 0.641167464197 342.36815069 9657.99068185
32 0.612610572707 296.82030992 9703.56707951
33 0.588884112796 257.331083249 9743.08003264
34 0.569059419535 223.094865399 9777.33607518
35 0.552411897486 193.412962745 9807.03462536
36 0.538374291171 167.67978379 9832.78184192
37 0.526493618185 145.370101151 9855.10340523
38 0.516406123457 126.02850614 9874.45508774
39 0.507817343798 109.260177952 9891.2320047
40 0.500487017474 94.7228016016 9905.77671138
41 0.494217687099 82.119580265 9918.38620205
42 0.488845925403 71.1931776703 9929.3179764
43 0.484236290835 61.7205611049 9938.7952026
44 0.480275163993 53.5082918425 9947.01143299
45 0.476867315019 46.3886826721 9954.13445001
46 0.473932515031 40.2163692383 9960.30969825
47 0.471402819099 34.8653038105 9965.66329337
48 0.469220651124 30.2262257175 9970.30455363
49 0.467337024804 26.2044058941 9974.32825708
50 0.465710143348 22.7177087468 9977.81658111
51 0.464304317815 19.6949393764 9980.84075631
52 0.463088987628 17.074372726 9983.46253829
53 0.462037938802 14.8024884891 9985.73547357
54 0.461128672994 12.8328953663 9987.70597596
55 0.460341842081 11.1253726112 9989.41428555
56 0.459660790828 9.64504741264 9990.8952918
57 0.459071175963 8.36169220353 9992.17923662
58 0.45856062669 7.24909790506 9993.29234147
59 0.45811846912 6.28454219314 9994.25733934
60 0.457735490414 5.4483297345 9995.09393478
61 0.457403729375 4.72338221149 9995.81921406
62 0.45711630623 4.0948943751 9996.44798932
63 0.45686727397 3.55003299502 9996.99309973
64 0.456651487306 3.07766987932 9997.46567863
65 0.456464495266 2.66815842055 9997.87537708
66 0.456302446444 2.31313652259 9998.23056103
67 0.456162006087 2.0053531573 9998.53848484
68 0.456040287481 1.73852292434 9998.80543679
69 0.455934791076 1.50719711523 9999.03686809
70 0.455843351559 1.30665105756 9999.23750559
