"Time" "S" "I" "R"
0 10000 1 0
1 9997.09940402 3.61047832358 0.290117658203
2 9986.63828895 13.0245727546 1.33713829485
3 9949.04825271 46.8432657663 5.10848152466
4 9815.73892595 166.662058066 18.5990159813
5 9364.13854614 571.160047254 65.7014066015
6 8043.4508152 1739.81031097 217.738873838
7 5396.66519368 3987.49668312 616.838123198
8 2600.4049037 6053.60329182 1346.99180447
9 1030.25521044 6697.83948392 2272.90530564
10 402.4431068 6385.59174687 3212.96514633
11 169.047465876 5751.56932799 4080.38320614
12 78.1307964141 5070.64995091 4852.21925267
13 39.6957887394 4431.90981253 5529.39439873
14 21.9916243839 3858.97990047 6120.02847514
15 13.1572487179 3354.041499 6633.80125228
16 8.42078270957 2912.4560559 7080.12316139
17 5.71639017341 2527.70689662 7467.5767132
18 4.08450399877 2193.12352984 7803.79196616
19 3.05132431869 1902.47360624 8095.47506944
20 2.36931255135 1650.14454296 8348.48614448
21 1.90279964091 1431.16612244 8567.93107792
22 1.57266272463 1241.17652763 8758.25080964
23 1.33336954582 1076.36584754 8923.30078292
24 1.15550654217 933.411832481 9066.43266098
25 1.0206011327 809.425841582 9190.55355728
26 0.916443726705 701.897159143 9298.18639713
27 0.834788699656 608.64545373 9391.51975757
28 0.769930320519 527.77820916 9472.45186052
29 0.717742326886 457.650655161 9542.63160251
30 0.675373874717 396.838793783 9603.48583234
31 0.640661758616 344.105555169 9656.25378307
32 0.612010265781 298.378349052 9702.00964068
33 0.58820542699 258.726733272 9741.6850613
34 0.568315040591 224.343757841 9776.08792712
35 0.551611992938 194.52944937 9805.91893864
36 0.537526928563 168.676987518 9831.78548555
37 0.525605448076 146.260001466 9854.21439309
38 0.515482648163 126.822006979 9873.66251037
39 0.506863143475 109.96717917 9890.52595769
40 0.499505952217 95.3522761772 9905.14821787
41 0.493213042633 82.6796445948 9917.82714236
42 0.487820514172 71.691159988 9928.8210195
43 0.483192536416 62.1630678528 9938.35373961
44 0.479215171237 53.9012699719 9946.61951486
45 0.475792932644 46.7374809335 9953.78672613
46 0.472845353901 40.5257877074 9960.00136694
47 0.470304299633 35.1396468295 9965.39004887
48 0.468112032328 30.4693514033 9970.06253656
49 0.466219416077 26.419764803 9974.11401578
50 0.464584530619 22.9083858502 9977.62702962
51 0.463171579297 19.8636915345 9980.67313689
52 0.46194990199 17.2236585231 9983.31439157
53 0.460893200805 14.9345008944 9985.6046059
54 0.459978902751 12.9495891053 9987.59043199
55 0.459187591072 11.2284867929 9989.31232562
56 0.458502551719 9.7361300348 9990.80536741
57 0.457909388646 8.44212015522 9992.09997046
58 0.457395682819 7.32009384079 9993.22251048
59 0.456950718526 6.347192439 9994.19585684
60 0.456565245124 5.50359859419 9995.03983616
61 0.456231267317 4.77212473516 9995.771644
62 0.455941875387 4.13786904893 9996.40618908
63 0.455691095223 3.58791191239 9996.95639699
64 0.455473757293 3.11104823198 9997.43347801
65 0.455285389213 2.6975634446 9997.84715117
66 0.455122120187 2.33903468393 9998.2058432
67 0.45498059823 2.02815708265 9998.51686232
68 0.454857921352 1.75859767068 9998.78654441
69 0.454751576193 1.52486523195 9999.02038319
70 0.454659385225 1.32219758136 9999.22314303
