"Time" "S" "I" "R"
0 10000 1 0
1 9997.0945311 3.6147903047 0.290678597653
2 9986.60336014 13.0556648298 1.34097502562
3 9948.86101396 47.0103870962 5.1285989401
4 9814.86376908 167.443322201 18.6929087217
5 9360.56548738 574.33473466 66.0997779585
6 8032.25006817 1749.56207376 219.187858068
7 5376.63997761 4003.64721718 620.712805211
8 2583.75178762 6063.48920715 1353.75900522
9 1022.0964418 6697.47035369 2281.43320451
10 399.095553247 6379.77148365 3222.1329631
11 167.669924689 5743.73053195 4089.59954336
12 77.5273955351 5062.27119647 4861.20140799
13 39.4108196322 4423.58960637 5537.999574
14 21.8469006467 3850.9722694 6128.18082995
15 13.0787856853 3346.4597131 6641.46150121
16 8.37577615362 2905.3497147 7087.27450914
17 5.68931690636 2521.09338123 7474.21730186
18 4.06753438932 2187.00221417 7809.93025144
19 3.04034741239 1896.83294488 8101.1267077
20 2.36204177227 1644.96624146 8353.67171676
21 1.89790579267 1426.4276775 8572.67441671
22 1.56934022262 1236.85294955 8762.57771023
23 1.33113008931 1072.43084731 8927.2380226
24 1.1540250035 929.838665344 9070.00730965
25 1.01966722257 806.187963475 9193.7923693
26 0.915914369669 698.968663923 9301.11542171
27 0.834563926517 606.001351011 9394.16408506
28 0.76993973073 525.394677733 9474.83538254
29 0.717934453185 455.505161751 9544.7769038
30 0.675711559861 394.910198289 9605.41409015
31 0.641117090132 342.374122458 9657.98476045
32 0.612561876382 296.825754726 9703.5616834
33 0.588836809937 257.336035648 9743.07512754
34 0.569013278904 223.099360062 9777.33162666
35 0.552366729793 193.417033829 9807.03059944
36 0.538329940291 167.683464455 9832.7782056
37 0.526449954841 145.373423229 9855.10012682
38 0.516363040093 126.031499904 9874.45213706
39 0.507774750551 109.262871961 9891.22935329
40 0.500444839023 94.7252226266 9905.77433253
41 0.494175860125 82.1217532596 9918.38407088
42 0.488804396557 71.195125778 9929.31606983
43 0.484195015059 61.7223057016 9938.79349928
44 0.480234103174 53.5098525949 9947.0099133
45 0.47682643689 46.3900776204 9954.13309594
46 0.473891792213 40.2176148735 9960.30849333
47 0.471362228356 34.8664151687 9965.6622226
48 0.46918017272 30.2272164815 9970.30360335
49 0.467296641951 26.2052884793 9974.32741488
50 0.465669841777 22.7184943995 9977.81583576
51 0.464264085384 19.6956382681 9980.84009765
52 0.463048813996 17.0749940345 9983.46195715
53 0.461997815177 14.8030404868 9985.7349617
54 0.461088591886 12.8333854995 9987.70552591
55 0.460301797111 11.125807569 9989.41389063
56 0.45962077657 9.6454332004 9990.89494602
57 0.459031187796 8.36203420671 9992.17893461
58 0.458520660683 7.24940094434 9993.29207839
59 0.45807852192 6.28481058247 9994.2571109
60 0.457695559176 5.44856733029 9995.09373711
61 0.45736381168 4.72359245608 9995.81904373
62 0.457076400016 4.09508034079 9996.44784326
63 0.456827377488 3.55019742076 9996.9929752
64 0.456611599062 3.07781520443 9997.4655732
65 0.456424614002 2.66828681721 9997.87528857
66 0.456262571084 2.31324992284 9998.23048751
67 0.456122135718 2.00545327849 9998.53842459
68 0.456000421331 1.73861129282 9998.80538829
69 0.455894928486 1.50727508589 9999.03682999
70 0.455803491977 1.30671983281 9999.23747668
