"Time" "S" "I" "R"
0 10000 1 0
1 9997.13225074 3.57882112799 0.288928134505
2 9986.88006361 12.7974135786 1.32252281271
3 9950.35902925 45.6278649129 5.01310584073
4 9821.89606464 161.000684107 18.1032512505
5 9389.37245502 548.156900379 63.4706446005
6 8123.28621253 1668.33290348 209.380883991
7 5542.72117377 3863.8336376 594.445188631
8 2726.13449485 5965.59454726 1309.27095789
9 1094.20802848 6677.94351081 2228.84846071
10 429.829555166 6401.04337047 3170.12707436
11 180.92730115 5778.28373542 4041.78896343
12 83.6815063062 5098.77630429 4818.54218941
13 42.5257150241 4458.04094887 5500.43333611
14 23.5612054612 3882.13187342 6095.30692112
15 14.096963982 3374.11544241 6612.78759361
16 9.02274010857 2929.66783414 7062.30942575
17 6.12542265594 2542.3699185 7452.50465884
18 4.37737360685 2205.56369909 7791.05892731
19 3.27057490685 1912.99760985 8084.73181525
20 2.53994891088 1659.02783347 8339.43221762
21 2.04014099585 1438.65078066 8560.30907835
22 1.68658025866 1247.47241975 8751.84099999
23 1.43016817219 1081.65354197 8917.91628985
24 1.23962330107 937.846321273 9061.91405543
25 1.09509050019 813.139240771 9186.76566873
26 0.983496339835 705.001924681 9295.01457898
27 0.896008774424 611.2372008 9388.86679043
28 0.826515179813 529.93804571 9470.23543911
29 0.770608149944 459.447494549 9540.7818973
30 0.725217265661 398.330728622 9601.94405411
31 0.688030328838 345.341773756 9654.97019591
32 0.657337517154 299.400380192 9700.94228229
33 0.631838098972 259.569618973 9740.79854293
34 0.610533061703 225.03701679 9775.35245015
35 0.59264362815 195.097950662 9805.30940571
36 0.577559038747 169.141609514 9831.28083145
37 0.564792694377 146.638301927 9853.79690538
38 0.553953566799 127.128717779 9873.31732865
39 0.544725052418 110.214638568 9890.24063638
40 0.536848890719 95.5508125191 9904.91233859
41 0.530112857739 82.8378889117 9917.63199823
42 0.524341310971 71.8163149029 9928.65934379
43 0.519388636994 62.2611291841 9938.21948218
44 0.515132764698 53.9772269812 9946.50764025
45 0.511471392983 46.7954808478 9953.69304776
46 0.508318263797 40.5692598967 9959.92242184
47 0.505600386265 35.1714271953 9965.32297242
48 0.503255907377 30.4917827958 9970.0049613
49 0.501232172546 26.4347697054 9974.06399812
50 0.499484281638 22.9175418564 9977.58297386
51 0.497973894366 19.8682903441 9980.63373576
52 0.496668166557 17.224748638 9983.2785832
53 0.495538938772 14.9329341038 9985.57152696
54 0.494562040591 12.9460536229 9987.55938434
55 0.493716680507 11.2235328927 9989.28275043
56 0.492984967243 9.73019767536 9990.77681736
57 0.492351491026 8.43555744901 9992.07209106
58 0.491802959528 7.31317285675 9993.19502418
59 0.491327906471 6.34012475129 9994.16854734
60 0.490916433648 5.49654560982 9995.01253796
61 0.490559987447 4.76520730248 9995.74423271
62 0.490251177202 4.13117605431 9996.37857277
63 0.489983613315 3.5815059086 9996.92851048
64 0.489751767833 3.10497113657 9997.4052771
65 0.489550859176 2.6918412308 9997.81860791
66 0.489376749219 2.33368034283 9998.17694291
67 0.489225855257 2.0231739132 9998.48760023
68 0.489095076113 1.75398175877 9998.75692317
69 0.488981726099 1.52060694457 9998.99041133
70 0.488883478929 1.31828341131 9999.19283311
