"Time" "S" "I" "R"
0 10000 1 0
1 9997.09454564 3.61477467023 0.290679685793
2 9986.60347249 13.0555520052 1.34097550723
3 9948.86163907 47.0097799588 5.1285809669
4 9814.8667542 167.44047774 18.6927680591
5 9360.57784995 574.323114797 66.0990352557
6 8032.28928082 1749.52582649 219.184892693
7 5376.71110695 4003.58388958 620.705003466
8 2583.81253745 6063.44013032 1353.74733222
9 1022.12770275 6697.44972301 2281.42257424
10 399.10938471 6379.76412343 3222.12649186
11 167.676213796 5743.72597529 4089.59781092
12 77.5305009972 5062.26561985 4861.20387915
13 39.4124988368 4423.58208634 5538.00541482
14 21.8478887602 3850.96289876 6128.18921248
15 13.0794122231 3346.44888874 6641.47169903
16 8.37619989879 2905.33788244 7087.28591766
17 5.68961981629 2521.08094761 7474.22943257
18 4.06776156534 2186.98952045 7809.94271798
19 3.04052485817 1896.82026489 8101.13921025
20 2.36218529646 1644.9537873 8353.6840274
21 1.89802541105 1426.41560822 8572.68636637
22 1.56944253757 1236.84137987 8762.58917759
23 1.33121954032 1072.41985589 8927.24892457
24 1.15410471217 929.828301797 9070.01759349
25 1.01973941654 806.178254408 9193.80200618
26 0.915980680025 698.959618039 9301.12440128
27 0.8346255713 605.992963325 9394.1724111
28 0.769997634272 525.386932947 9474.84306942
29 0.717989328901 455.498037108 9544.78397356
30 0.675763964629 394.903665734 9605.4205703
31 0.641167464812 342.368150474 9657.99068206
32 0.612610573309 296.820309725 9703.5670797
33 0.588884113393 257.331083074 9743.08003281
34 0.569059420124 223.094865242 9777.33607534
35 0.552411898072 193.412962603 9807.0346255
36 0.538374291749 167.679783663 9832.78184205
37 0.526493618758 145.370101037 9855.10340534
38 0.516406124028 126.028506038 9874.45508784
39 0.507817344365 109.260177861 9891.23200479
40 0.50048701804 94.7228015205 9905.77671146
41 0.494217687661 82.1195801926 9918.38620212
42 0.488845925964 71.1931776058 9929.31797647
43 0.484236291397 61.7205610474 9938.79520266
44 0.480275164553 53.5082917913 9947.01143304
45 0.476867315578 46.3886826265 9954.13445006
46 0.473932515586 40.2163691978 9960.30969829
47 0.471402819656 34.8653037745 9965.66329341
48 0.469220651679 30.2262256855 9970.30455366
49 0.467337025357 26.2044058657 9974.32825711
50 0.465710143901 22.7177087216 9977.81658113
51 0.464304318368 19.6949393541 9980.84075633
52 0.463088988179 17.0743727062 9983.46253831
53 0.462037939355 14.8024884716 9985.73547359
54 0.461128673547 12.8328953508 9987.70597598
55 0.460341842632 11.1253725975 9989.41428556
56 0.459660791381 9.64504740051 9990.89529181
57 0.459071176516 8.3616921928 9992.17923663
58 0.458560627243 7.24909789558 9993.29234148
59 0.458118469674 6.28454218476 9994.25733935
60 0.457735490965 5.44832972711 9995.09393478
61 0.457403729928 4.72338220496 9995.81921407
62 0.457116306785 4.09489436933 9996.44798932
63 0.456867274526 3.55003298994 9996.99309974
64 0.456651487861 3.07766987483 9997.46567864
65 0.456464495821 2.66815841659 9997.87537709
66 0.456302446999 2.31313651911 9998.23056103
67 0.456162006643 2.00535315422 9998.53848484
68 0.456040288036 1.73852292163 9998.80543679
69 0.455934791633 1.50719711284 9999.0368681
70 0.455843352118 1.30665105546 9999.23750559
