"Time" "S" "I" "R"
0 10000 1 0
1 9997.09416539 3.61518293598 0.290651670253
2 9986.60053687 13.0584983717 1.34096476177
3 9948.84530681 47.0256358899 5.12905730146
4 9814.78876683 167.514766333 18.6964668405
5 9360.25488827 574.626591014 66.1185207186
6 8031.26498687 1750.47238719 219.262625938
7 5374.85355984 4005.23691656 620.909523595
8 2582.22663166 6064.71963808 1354.05373026
9 1021.31193342 6697.98542675 2281.70263983
10 398.748592551 6379.95264107 3222.29876638
11 167.512235433 5743.84078847 4089.64697609
12 77.4495683874 5062.40671413 4861.14371748
13 39.3687564738 4423.77371306 5537.85753047
14 21.8221601275 3851.2027569 6127.97508297
15 13.063104892 3346.72671527 6641.21017984
16 8.36517479473 2905.64211572 7086.99270949
17 5.6817411944 2521.40103212 7473.91722668
18 4.06185446431 2187.31658875 7809.62155679
19 3.03591203015 1897.14719678 8100.81689119
20 2.3584551198 1645.27506303 8353.36648185
21 1.89491715599 1426.727085 8572.37799785
22 1.56678437158 1237.14006487 8762.29315076
23 1.32889593744 1072.70369327 8926.9674108
24 1.15203445784 930.095990086 9069.75197546
25 1.01786456328 806.429089809 9193.55304563
26 0.91425880345 699.19336233 9300.89237887
27 0.833024993957 606.209734417 9393.95724059
28 0.768494319911 525.587117284 9474.6443884
29 0.716564727458 455.682215559 9544.60121971
30 0.674403597586 395.072557448 9605.25303895
31 0.63985987094 342.522565285 9657.83757484
32 0.61134659311 296.961111906 9703.4275415
33 0.587656357064 257.459162707 9742.95318094
34 0.56786187688 223.211116139 9777.22102198
35 0.551239647577 193.518265775 9806.93049458
36 0.537223275884 167.774994756 9832.68778197
37 0.525360477312 145.456041781 9855.01859774
38 0.515288061315 126.105958088 9874.37875385
39 0.506712024557 109.329878855 9891.16340912
40 0.499392483222 94.785443073 9905.71516444
41 0.49313229214 82.1758070618 9918.33106065
42 0.487768282903 71.2435878822 9929.26864383
43 0.483165229491 61.7657072263 9938.75112754
44 0.479209693021 53.5486822624 9946.97210804
45 0.475806595661 46.4247837821 9954.09940962
46 0.472875835474 40.2486074259 9960.27851674
47 0.47034957516 34.8940678884 9965.63558254
48 0.468170329716 30.2518695287 9970.27996014
49 0.466289189466 26.227250538 9974.30646027
50 0.464664422916 22.7380451041 9977.79729047
51 0.463260396573 19.7130305534 9980.82370905
52 0.462046596705 17.0904561344 9983.44749727
53 0.460996849382 14.8167781341 9985.72222502
54 0.460088690312 12.8455838967 9987.69432741
55 0.45930280022 11.1366330932 9989.40406411
56 0.458622548573 9.65503523013 9990.88634222
57 0.45803361312 8.37054670793 9992.17141968
58 0.457523640896 7.25694383981 9993.28553252
59 0.457081973278 6.29149119467 9994.25142683
60 0.456699410419 5.45448160222 9995.08881899
61 0.456368002167 4.72882603379 9995.81480596
62 0.456080878192 4.09970966638 9996.44420946
63 0.455832099511 3.55429064462 9996.98987726
64 0.455616527664 3.08143302433 9997.46295045
65 0.455429717525 2.67148328554 9997.873087
66 0.455267822636 2.31607311769 9998.22865906
67 0.455127512463 2.00794593771 9998.53692655
68 0.455005903896 1.74081140119 9998.80418269
69 0.454900500434 1.50921636333 9999.03588314
70 0.454809139372 1.30843220436 9999.23675866
