"Time" "S" "I" "R"
0 10000 1 0
1 9997.05645081 3.65110819229 0.292440998578
2 9986.32126271 13.3190273945 1.35970989283
3 9947.31902738 48.4340658015 5.24690681535
4 9807.5616726 174.136099019 19.3022283822
5 9330.50653443 601.658336228 68.8351293431
6 7937.98668504 1833.62318864 229.390126321
7 5210.02093848 4143.31223371 647.666827809
8 2446.78341185 6155.7657543 1398.45083385
9 954.558001109 6712.96581901 2333.47617988
10 370.631673351 6357.14236613 3273.22596052
11 155.437090821 5709.15149191 4136.41141727
12 71.8529483652 5026.24715347 4902.89989816
13 36.5375529963 4389.77565007 5574.68679694
14 20.2642400898 3820.46736987 6160.26839004
15 12.1379117258 3319.42226036 6669.43982791
16 7.77736580153 2881.59459489 7111.6280393
17 5.28554313965 2500.32030202 7495.39415484
18 3.78047802544 2168.88632401 7828.33319797
19 2.82687878846 1881.06042343 8117.11269778
20 2.19696808052 1631.24847064 8367.55456128
21 1.76581974172 1414.50540215 8584.72877811
22 1.46049165368 1226.49623882 8773.04326953
23 1.23909212244 1063.43711634 8936.32379153
24 1.07444900059 922.03056713 9077.89498387
25 0.949529798103 799.410538232 9200.63993197
26 0.853050763209 693.086769489 9307.06017975
27 0.777391930849 600.897196633 9399.32541144
28 0.717281843314 520.965759807 9479.31695835
29 0.668903199941 451.662470242 9548.66862656
30 0.629620615211 391.576304125 9608.79407526
31 0.597433122219 339.481797474 9660.9207694
32 0.57086274918 294.316610563 9706.11252669
33 0.548785501198 255.159375166 9745.29183933
34 0.530337878567 221.211174947 9779.25848717
35 0.514845904383 191.779124516 9808.70602958
36 0.501782328876 166.2626916 9834.23552607
37 0.490725704771 144.141020247 9856.36825405
38 0.481337590345 124.962502886 9875.55615952
39 0.473344091852 108.335627896 9892.19102801
40 0.46652168416 93.9209407082 9906.61253761
41 0.46068663704 81.4241309417 9919.11518242
42 0.455686923127 70.590026501 9929.95428658
43 0.451396488897 61.1974589045 9939.35114461
44 0.447709640306 53.0546212622 9947.4976691
45 0.444537716261 45.9952264198 9954.56023586
46 0.441806076018 39.8751359682 9960.68305796
47 0.439451490141 34.5693666336 9965.99118188
48 0.437420358523 29.9695696038 9970.59301004
49 0.435667102131 25.9818178594 9974.58251504
50 0.434152818672 22.5246687755 9978.04117841
51 0.432844285342 19.5275232153 9981.0396325
52 0.43171306458 16.9291805023 9983.63910643
53 0.430734755473 14.6765707507 9985.89269449
54 0.429888414976 12.7236920019 9987.84641958
55 0.429156037804 11.030666152 9989.54017781
56 0.428522120106 9.56291369708 9991.00856418
57 0.427973310265 8.29046111043 9992.28156558
58 0.427498095494 7.18732302908 9993.38517888
59 0.427086539701 6.23096834635 9994.34194511
60 0.426730067065 5.40186749557 9995.17140244
61 0.426421268294 4.6830881349 9995.8904906
62 0.426153739112 4.05994958817 9996.51389667
63 0.425921943866 3.5197269981 9997.05435106
64 0.425721093765 3.05138726278 9997.52289164
65 0.425547045472 2.6453649385 9997.92908802
66 0.425396214112 2.29336886173 9998.28123492
67 0.425265495856 1.98820984869 9998.58652466
68 0.425152203539 1.72365543608 9998.85119236
69 0.425054010659 1.49430332375 9999.08064267
70 0.424968901785 1.29546905482 9999.27956204
