"Time" "S" "I" "R"
0 10000 1 0
1 9997.09454491 3.61477532689 0.290679758715
2 9986.60346722 13.055556743 1.34097603421
3 9948.86161075 47.0098054406 5.12858381383
4 9814.86662148 167.440596943 18.6927815811
5 9360.57730722 574.323599546 66.0990932362
6 8032.28757839 1749.52731696 219.185104648
7 5376.70806448 4003.58636618 620.705569336
8 2583.81000674 6063.44168165 1353.74831161
9 1022.12645869 6697.44975018 2281.42379114
10 399.108870538 6379.76334979 3222.12777967
11 167.675999847 5743.72491401 4089.59908614
12 77.530405873 5062.26448901 4861.20510512
13 39.4124530555 4423.58097166 5538.00657528
14 21.8478649644 3850.9618347 6128.19030034
15 13.0793989563 3346.44788922 6641.47271182
16 8.37619203004 2905.33695247 7087.2868555
17 5.68961488999 2521.08008792 7474.23029719
18 4.06775832781 2186.98872957 7809.9435121
19 3.04052264164 1896.81954012 8101.13993724
20 2.36218372413 1644.95312527 8353.68469101
21 1.89802426051 1426.41500517 8572.68697057
22 1.5694416721 1236.84083192 8762.58972641
23 1.3312188749 1072.41935908 8927.24942204
24 1.15410418981 929.827852245 9070.01804357
25 1.01973899946 806.177848353 9193.80241265
26 0.91598034207 698.959251879 9301.12476778
27 0.834625293845 605.992633639 9394.17274107
28 0.769997403951 525.386636515 9474.84336608
29 0.717989135828 455.497770921 9544.78423994
30 0.675763801448 394.903426994 9605.4208092
31 0.641167325926 342.367936591 9657.99089608
32 0.612610454375 296.820118313 9703.56727123
33 0.588884011004 257.330911941 9743.08020405
34 0.569059331579 223.094712379 9777.33622829
35 0.552411821189 193.412826181 9807.034762
36 0.538374224774 167.679662012 9832.78196376
37 0.526493560244 145.369992642 9855.1035138
38 0.516406072769 126.028409525 9874.4551844
39 0.50781729936 109.260091988 9891.23209071
40 0.500486978448 94.7227251643 9905.77678786
41 0.494217652769 82.1195123411 9918.38627001
42 0.488845895163 71.1931173478 9929.31803676
43 0.484236264163 61.7205075635 9938.79525617
44 0.480275140442 53.5082443457 9947.01148051
45 0.476867294205 46.3886405592 9954.13449215
46 0.473932496612 40.2163319175 9960.30973559
47 0.47140280279 34.8652707522 9965.66332644
48 0.469220636665 30.2261964481 9970.30458292
49 0.467337011976 26.2043799906 9974.328283
50 0.465710131957 22.7176858318 9977.81660404
51 0.46430430769 19.694919113 9980.84077658
52 0.463088978617 17.0743548145 9983.46255621
53 0.46203793078 14.8024726623 9985.73548941
54 0.461128665838 12.8328813864 9987.70598995
55 0.460341835689 11.1253602672 9989.4142979
56 0.459660785111 9.64503651652 9990.8953027
57 0.459071170841 8.36168258853 9992.17924624
58 0.458560622094 7.24908942322 9993.29234995
59 0.458118464987 6.28453471312 9994.25734682
60 0.457735486687 5.44832313985 9995.09394137
61 0.45740372601 4.72337639906 9995.81921987
62 0.457116303185 4.09488925346 9996.44799444
63 0.456867271207 3.55002848325 9996.99310425
64 0.456651484787 3.07766590581 9997.46568261
65 0.456464492965 2.66815492193 9997.87538059
66 0.456302444338 2.31313344283 9998.23056411
67 0.456162004148 2.00535044688 9998.53848755
68 0.456040285691 1.7385205395 9998.80543917
69 0.455934789417 1.50719501731 9999.03687019
70 0.455843350017 1.30664921244 9999.23750744
