"Time" "S" "I" "R"
0 10000 1 0
1 9997.056463 3.65109663939 0.29244036507
2 9986.32135322 13.3189432016 1.35970357409
3 9947.31952394 48.4336084728 5.24686758789
4 9807.56403267 174.133939877 19.3020274536
5 9330.51626817 601.649502865 68.8342289665
6 7938.01707262 1833.59615083 229.386776555
7 5210.07376314 4143.26820195 647.658034912
8 2446.82589446 6155.73775767 1398.43634787
9 954.578641624 6712.96205047 2333.45930791
10 370.640303059 6357.15040257 3273.20929437
11 155.440780462 5709.16321439 4136.39600515
12 71.8546523433 5026.25932612 4902.88602154
13 36.5384120043 4389.78713951 5574.67444848
14 20.2647111061 3820.47782542 6160.25746348
15 12.1381903961 3319.43162116 6669.43018844
16 7.77754219097 2881.6029078 7111.61955001
17 5.28566159314 2500.32765184 7495.38668656
18 3.78056181574 2168.89280552 7828.32663267
19 2.82694080473 1881.06612995 8117.10692924
20 2.19701581705 1631.25348942 8367.54949477
21 1.76585777901 1414.50981271 8584.72432952
22 1.46052286246 1226.50011267 8773.03936447
23 1.23911840997 1063.44051736 8936.32036423
24 1.07447164441 922.033551958 9077.8919764
25 0.949549686819 799.413157009 9200.6372933
26 0.853068532882 693.089066539 9307.05786493
27 0.777408043661 600.899211031 9399.32338093
28 0.717296644467 520.96752603 9479.31517733
29 0.668916947103 451.664018557 9548.6670645
30 0.629633508768 391.57766121 9608.79270528
31 0.597445317155 339.482986765 9660.91956792
32 0.570874368137 294.317652659 9706.11147297
33 0.548796641944 255.16028816 9745.2909152
34 0.530348619979 221.211974733 9779.25767665
35 0.514856310549 191.779825044 9808.70531865
36 0.501792452382 166.263305117 9834.23490243
37 0.49073558899 144.1415575 9856.36770691
38 0.481347271341 124.962973304 9875.55567942
39 0.47335359974 108.336039749 9892.19060665
40 0.466531044214 93.9213012521 9906.6121677
41 0.460695870572 81.4244465378 9919.11485759
42 0.455696048151 70.5903027237 9929.95400123
43 0.451405520735 61.1977006458 9939.35089383
44 0.44771859197 53.0548328051 9947.4974486
45 0.444546598883 45.9954115208 9954.56004188
46 0.441814899112 39.8752979192 9960.68288718
47 0.439460261856 34.5695083162 9965.99103142
48 0.437429085867 29.9696935452 9970.59287737
49 0.435675791123 25.9819262724 9974.58239794
50 0.43416147449 22.5247635973 9978.04107493
51 0.432852912458 19.5276061438 9981.03954094
52 0.431721666844 16.9292530236 9983.63902531
53 0.430743336216 14.6766341657 9985.8926225
54 0.429896977073 12.7237474504 9987.84635557
55 0.429164583742 11.030714631 9989.54012079
56 0.428530652036 9.56295607942 9991.00851327
57 0.427981830049 8.2904981606 9992.28152001
58 0.427506604741 7.18735541545 9993.38513798
59 0.427095039811 6.23099665398 9994.34190831
60 0.42673855925 5.40189223675 9995.1713692
61 0.426429753601 4.68310975736 9995.89046049
62 0.426162218453 4.05996848378 9996.5138693
63 0.425930418029 3.51974350989 9997.05432607
64 0.425729563431 3.05140169043 9997.52286875
65 0.425555511238 2.6453775443 9997.92906694
66 0.425404676493 2.29337987518 9998.28121545
67 0.425273955294 1.98821947026 9998.58650657
68 0.425160660427 1.72366384121 9998.8511755
69 0.425062465329 1.49431066584 9999.08062687
70 0.424977354534 1.29547546791 9999.27954718
