"Time" "S" "I" "R"
0 10000 1 0
1 9997.09453285 3.61478669014 0.290680456891
2 9986.60337871 13.0556387335 1.34098255306
3 9948.86113038 47.0102464851 5.12862313764
4 9814.86435961 167.442660997 18.6929793941
5 9360.56802705 574.332003663 66.0999692837
6 8032.25838185 1749.55326103 219.188357115
7 5376.6556768 4003.63009354 620.714229661
8 2583.76611486 6063.47094987 1353.76293527
9 1022.10460327 6697.45420875 2281.44118799
10 399.099655783 6379.75510754 3222.14523668
11 167.672059015 5743.71250177 4089.61543921
12 77.5285920074 5062.25140706 4861.22000093
13 39.4115432332 4423.56848056 5538.0199762
14 21.8473690486 3850.95034829 6128.20228266
15 13.0791073733 3346.43750315 6641.48338948
16 8.37600868115 2905.32764052 7087.2963508
17 5.68949259382 2521.07177823 7474.23872917
18 4.06767234582 2186.98133556 7809.95099209
19 3.04045940164 1896.81297326 8101.14656734
20 2.36213534086 1644.9473008 8353.69056386
21 1.89798594318 1426.40984437 8572.69216969
22 1.56941038678 1236.83626284 8762.59432677
23 1.33119266821 1072.41531659 8927.25349074
24 1.15408172337 929.824277687 9070.02164059
25 1.0197193545 806.174689175 9193.80559147
26 0.915962864578 698.956461118 9301.12757602
27 0.834609507006 605.990169338 9394.17522115
28 0.769982955513 525.384461328 9474.84555572
29 0.717975759264 455.495851608 9544.78617263
30 0.675751293305 394.901734036 9605.42251467
31 0.641155527963 342.366443773 9657.9924007
32 0.612599241711 296.818802378 9703.56859838
33 0.588873284152 257.329752264 9743.08137445
34 0.569049010483 223.093690694 9777.3372603
35 0.552401840698 193.411926302 9807.03567186
36 0.538364531682 167.678869628 9832.78276584
37 0.526484110553 145.369295084 9855.10422081
38 0.516396829929 126.02779559 9874.45580758
39 0.50780823286 109.259551776 9891.23263999
40 0.500478062671 94.7222499276 9905.77727201
41 0.494208866116 82.1190943541 9918.38669678
42 0.488837219358 71.192749791 9929.31841299
43 0.484227683688 61.7201844182 9938.7955879
44 0.480266642071 53.5079603027 9947.01177306
45 0.476858866628 46.3883909324 9954.1347502
46 0.473924130161 40.216112578 9960.30996329
47 0.471394489166 34.8650780611 9965.66352745
48 0.469212368733 30.2260271958 9970.30476044
49 0.467328783592 26.2042313519 9974.32843986
50 0.465701937832 22.7175553182 9977.81674274
51 0.464296143253 19.6948045319 9980.84089932
52 0.463080839922 17.0742542373 9983.46266492
53 0.462029814411 14.8023843913 9985.73558579
54 0.461120568847 12.8328039266 9987.7060755
55 0.460333755516 11.125292305 9989.41437394
56 0.459652719539 9.6449768959 9990.89537038
57 0.459063117951 8.36163029243 9992.17930659
58 0.458552580223 7.24904355842 9993.29240386
59 0.458110432684 6.28449449402 9994.25739507
60 0.457727462703 5.44828787582 9995.09398466
61 0.457395709253 4.72334548376 9995.81925881
62 0.457108292709 4.09486215389 9996.44802955
63 0.456859266189 3.55000473125 9996.993136
64 0.456643484518 3.07764509046 9997.46571143
65 0.456456496822 2.66813668216 9997.87540682
66 0.456294451782 2.31311746178 9998.23058809
67 0.456154014713 2.00533644645 9998.53850954
68 0.456032298969 1.73850827548 9998.80545943
69 0.455926805053 1.50718427551 9999.03688892
70 0.455835367702 1.30663980494 9999.23752483
