"Time" "S" "I" "R"
0 10000 1 0
1 9997.09454564 3.61477467281 0.290679685885
2 9986.60347247 13.0555520237 1.3409755084
3 9948.86163897 47.0097800587 5.12858097464
4 9814.86675369 167.440478208 18.6927680997
5 9360.57784786 574.323116703 66.0990354394
6 8032.28927424 1749.52583238 219.184893382
7 5376.71109511 4003.58389959 620.705005297
8 2583.81252749 6063.44013724 1353.74733527
9 1022.12769775 6697.44972449 2281.42257776
10 399.109382584 6379.76412217 3222.12649525
11 167.676212875 5743.72597317 4089.59781396
12 77.5305005664 5062.26561764 4861.20388179
13 39.4124986168 4423.58208431 5538.00541708
14 21.8478886379 3850.96289697 6128.18921439
15 13.0794121498 3346.4488872 6641.47170065
16 8.37619985171 2905.33788113 7087.28591902
17 5.68961978423 2521.0809465 7474.22943372
18 4.06776154234 2186.98951951 7809.94271895
19 3.04052484092 1896.8202641 8101.13921106
20 2.36218528302 1644.95378664 8353.68402807
21 1.8980254002 1426.41560767 8572.68636693
22 1.56944252857 1236.84137941 8762.58917806
23 1.33121953266 1072.41985551 8927.24892496
24 1.15410470551 929.82830148 9070.01759381
25 1.01973941063 806.178254145 9193.80200644
26 0.915980674703 698.959617821 9301.1244015
27 0.834625566435 605.992963146 9394.17241129
28 0.76999762977 525.3869328 9474.84306957
29 0.717989324688 455.498036987 9544.78397369
30 0.675763960657 394.903665636 9605.4205704
31 0.641167461034 342.368150394 9657.99068214
32 0.612610569693 296.820309661 9703.56707977
33 0.588884109908 257.331083022 9743.08003287
34 0.56905941675 223.0948652 9777.33607538
35 0.552411894791 193.412962571 9807.03462553
36 0.538374288548 167.679783637 9832.78184207
37 0.526493615624 145.370101017 9855.10340537
38 0.516406120951 126.028506023 9874.45508786
39 0.507817341335 109.26017785 9891.23200481
40 0.500487015051 94.7228015119 9905.77671147
41 0.494217684707 82.1195801864 9918.38620213
42 0.488845923041 71.1931776016 9929.31797648
43 0.484236288497 61.7205610447 9938.79520267
44 0.480275161677 53.5082917898 9947.01143305
45 0.476867312722 46.388682626 9954.13445006
46 0.47393251275 40.216369198 9960.30969829
47 0.471402816833 34.8653037752 9965.66329341
48 0.469220648869 30.2262256866 9970.30455366
49 0.467337022557 26.2044058671 9974.32825711
50 0.465710141109 22.7177087231 9977.81658114
51 0.464304315585 19.6949393557 9980.84075633
52 0.463088985402 17.0743727079 9983.46253831
53 0.462037936586 14.8024884733 9985.73547359
54 0.461128670782 12.8328953524 9987.70597598
55 0.460341839871 11.1253725991 9989.41428556
56 0.459660788621 9.64504740206 9990.89529181
57 0.459071173758 8.36169219429 9992.17923663
58 0.458560624489 7.24909789698 9993.29234148
59 0.458118466919 6.28454218608 9994.25733935
60 0.457735488215 5.44832972833 9995.09393478
61 0.45740372718 4.7233822061 9995.81921407
62 0.457116304036 4.09489437038 9996.44798933
63 0.45686727178 3.5500329909 9996.99309974
64 0.456651485114 3.07766987572 9997.46567864
65 0.456464493078 2.6681584174 9997.87537709
66 0.456302444258 2.31313651984 9998.23056104
67 0.456162003898 2.00535315489 9998.53848484
68 0.456040285295 1.73852292224 9998.80543679
69 0.45593478889 1.5071971134 9999.0368681
70 0.455843349375 1.30665105596 9999.23750559
