"Time" "S" "I" "R"
0 10000 1 0
1 9997.09454388 3.61477828994 0.290677827093
2 9986.60345388 13.0555781386 1.34096798378
3 9948.86152244 47.0099207689 5.12855679125
4 9814.86616264 167.441139873 18.6926974912
5 9360.57530605 574.32584957 66.0988443804
6 8032.28095386 1749.53465084 219.184395293
7 5376.69538387 4003.60103271 620.703583422
8 2583.79819014 6063.45840006 1353.7434098
9 1022.11953132 6697.4658685 2281.41460019
10 399.105278021 6379.78049381 3222.11422817
11 167.674077725 5743.74399749 4089.58192479
12 77.5293037399 5062.28540078 4861.18529548
13 39.4117748526 4423.60320382 5537.98502133
14 21.8474201558 3850.98481196 6128.16776788
15 13.0790904201 3346.47109131 6641.44981827
16 8.37596730157 2905.35994979 7087.26408291
17 5.68944408412 2521.10254432 7474.2080116
18 4.06762357869 2187.01039329 7809.92198313
19 3.04041284768 1896.84023126 8101.1193559
20 2.36209171232 1644.97272318 8353.66518511
21 1.89794524875 1426.43343701 8572.66861775
22 1.56937236422 1236.85806264 8762.57256499
23 1.33115695406 1072.43538306 8927.23345999
24 1.15404798626 929.842686246 9070.00326577
25 1.01968727956 806.191525818 9193.7887869
26 0.915932180815 698.971818244 9301.11224957
27 0.834579987082 606.004142663 9394.16127735
28 0.769954406211 525.397147257 9474.83289834
29 0.717948019907 455.507345375 9544.7747066
30 0.675724228555 394.912128308 9605.41214746
31 0.641129024592 342.375827658 9657.98304332
32 0.612573205784 296.827260733 9703.56016606
33 0.588847637144 257.337365261 9743.0737871
34 0.569023686645 223.100533543 9777.33044277
35 0.552376785379 193.418069181 9807.02955403
36 0.538339698667 167.684377644 9832.77728266
37 0.526459461438 145.37422843 9855.09931211
38 0.516372332657 126.032209683 9874.45141798
39 0.507783860581 109.263497452 9891.22871869
40 0.500453792967 94.7257736919 9905.77377252
41 0.494184680292 82.1222386299 9918.38357669
42 0.488813101822 71.1955531776 9929.31563372
43 0.484203621463 61.7226819628 9938.79311442
44 0.48024262438 53.5101837576 9947.00957362
45 0.476834884592 46.3903690259 9954.13279609
46 0.47390017641 40.2178712378 9960.30822859
47 0.471370557636 34.8666406561 9965.66198879
48 0.469188454474 30.2274147714 9970.30339677
49 0.467304882537 26.2054628165 9974.3272323
50 0.465678046681 22.7186476468 9977.81567431
51 0.464272259349 19.6957729525 9980.83995479
52 0.463056961114 17.0751123817 9983.46183066
53 0.462005938993 14.8031444597 9985.7348496
54 0.461096695464 12.8334768288 9987.70542648
55 0.460309883112 11.125887778 9989.41380234
56 0.459628847297 9.64550363132 9990.89486752
57 0.459039245252 8.36209604213 9992.17886471
58 0.458528706598 7.24945522426 9993.29201607
59 0.458086557808 6.28485822279 9994.25705522
60 0.457703586344 5.44860913717 9995.09368728
61 0.457371831264 4.72362913818 9995.81899903
62 0.457084413003 4.09511252181 9996.44780307
63 0.456835384735 3.55022564916 9996.99293897
64 0.45661960132 3.07783996216 9997.46554044
65 0.456432611916 2.6683085282 9997.87525886
66 0.456270565221 2.31326895956 9998.23046048
67 0.456130126568 2.00546996814 9998.53839991
68 0.456008409321 1.73862592304 9998.80536567
69 0.455902913989 1.50728790923 9999.03680918
70 0.455811475314 1.30673107103 9999.23745745
