"Time" "S" "I" "R"
0 10000 1 0
1 9997.09454213 3.61478190449 0.290675967856
2 9986.60343531 13.0556042348 1.34096045635
3 9948.86140603 47.010061379 5.12853259374
4 9814.86557211 167.44180107 18.6926268188
5 9360.57276641 574.328580539 66.0986530548
6 8032.27264026 1749.5434635 219.183896245
7 5376.67968469 4003.61815634 620.702158973
8 2583.78386279 6063.47665745 1353.73947977
9 1022.11136974 6697.48201354 2281.40661672
10 399.101175431 6379.79687 3222.10195457
11 167.671943374 5743.76202774 4089.56602888
12 77.5281072564 5062.30519029 4861.16670245
13 39.4110512468 4423.62432976 5537.96461899
14 21.8469517521 3851.00673325 6128.146315
15 13.0787687319 3346.49330147 6641.4279298
16 8.37573477459 2905.3820242 7087.24224103
17 5.6892683976 2521.12414757 7474.18658404
18 4.06748562332 2187.03127216 7809.90124221
19 3.04030085967 1896.86020316 8101.09949598
20 2.361998145 1644.99166413 8353.64633773
21 1.89786509952 1426.45127042 8572.65086448
22 1.56930220135 1236.87474964 8762.55594816
23 1.33109437644 1072.45091406 8927.21799157
24 1.15399126765 929.857074184 9069.98893455
25 1.0196351489 806.204800393 9193.77556446
26 0.915883687159 698.984021314 9301.100095
27 0.834534407835 606.015324591 9394.150141
28 0.769911182662 525.407363906 9474.82272491
29 0.717906715061 455.516655752 9544.76543753
30 0.67568449634 394.920592782 9605.40372272
31 0.641090587991 342.383506552 9657.97540286
32 0.612535841683 296.834213279 9703.55325088
33 0.588811164153 257.34364883 9743.06754001
34 0.568987956296 223.106203084 9777.32480896
35 0.552341675704 193.42317687 9807.02448145
36 0.538305108503 167.688972622 9832.77272227
37 0.526425306956 145.378356716 9855.09521798
38 0.516338544054 126.035914127 9874.44774733
39 0.507750379509 109.266817757 9891.22543186
40 0.500420570554 94.7287465015 9905.77083293
41 0.494151675541 82.1248976371 9918.38095069
42 0.488780280262 71.1979292581 9929.31329046
43 0.484170954078 61.7248033319 9938.79102571
44 0.480210086727 53.5120761285 9947.00771378
45 0.4768024561 46.3920557858 9954.13114176
46 0.473867839708 40.219373599 9960.30675856
47 0.471338298075 34.8679778237 9965.66068388
48 0.469156259711 30.2286041117 9970.30223963
49 0.467272742151 26.2065199936 9974.32620726
50 0.465645951883 22.7195867732 9977.81476727
51 0.464240202737 19.6966067297 9980.83915307
52 0.463024936447 17.0758522161 9983.46112285
53 0.461973941015 14.8038005889 9985.73422547
54 0.461064719766 12.8340584322 9987.70487685
55 0.460277925969 11.1264030697 9989.413319
56 0.459596905588 9.64595996076 9990.89444313
57 0.459007316356 8.36249997892 9992.1784927
58 0.458496788322 7.24981263049 9993.29169058
59 0.458054648307 6.28517432955 9994.25677102
60 0.45767168408 5.44888860813 9995.09343971
61 0.457339934952 4.72387612535 9995.81878394
62 0.457052521575 4.09533072206 9996.44761676
63 0.456803497296 3.55041835067 9996.99277815
64 0.456587717128 3.0780100869 9997.4654022
65 0.456400730358 2.66845867293 9997.8751406
66 0.456238685785 2.3134014293 9998.23035988
67 0.456098248836 2.00558680797 9998.53831494
68 0.455976532945 1.73872894736 9998.80529452
69 0.455871038686 1.50737872586 9999.03675024
70 0.455779600852 1.30681110449 9999.23740929
