"Time" "S" "I" "R"
0 10000 1 0
1 9997.13217031 3.57888232835 0.288947358439
2 9986.87952086 12.7978506823 1.32262845983
3 9950.3562256 45.6301917772 5.01358262372
4 9821.88328447 161.011456739 18.1052587957
5 9389.321119 548.20028573 63.4785952723
6 8123.12582742 1668.46534018 209.4088324
7 5542.42995368 3864.04904856 594.520997757
8 2725.88870431 5965.6991173 1309.41217839
9 1094.09009608 6677.86708111 2229.04282281
10 429.784401879 6400.86068642 3170.3549117
11 180.910904628 5778.05328073 4042.03581465
12 83.6756485372 5098.52619481 4818.79815666
13 42.5237591555 4457.78487763 5500.69136321
14 23.5607295345 3881.87741733 6095.56185314
15 14.0970539006 3373.86727674 6613.03566936
16 9.02303801759 2929.42900556 7062.54795642
17 6.1257857502 2542.14241824 7452.73179601
18 4.37774409138 2205.34877309 7791.27348282
19 3.2709314634 1912.79595083 8084.93311771
20 2.54028463541 1658.83971971 8339.61999565
21 2.04045522588 1438.4761781 8560.48336668
22 1.68687427352 1247.31106285 8752.00206287
23 1.43044495705 1081.50499737 8918.06455768
24 1.23988508374 937.710034712 9062.0500802
25 1.09533961878 813.014579551 9186.89008083
26 0.983734828422 704.888207781 9295.12805739
27 0.896238382713 611.133722795 9388.97003882
28 0.826737378293 529.844095212 9470.32916741
29 0.770824110032 459.362366873 9540.86680902
30 0.72542805613 398.253739688 9602.02083226
31 0.688236812543 345.27226475 9655.03949844
32 0.65754041475 299.337723623 9701.00473596
33 0.632038012967 259.513221848 9740.85474014
34 0.610730496956 224.986322695 9775.40294681
35 0.592839003983 195.052440244 9805.35472075
36 0.577752711632 169.100801011 9831.32144628
37 0.564984959312 146.6017498 9853.83326524
38 0.554144670294 127.096011791 9873.34984354
39 0.544915200928 110.185402359 9890.26968244
40 0.537038256654 95.5247017605 9904.93825998
41 0.530301584828 82.8145894766 9917.65510894
42 0.524529518747 71.7955409061 9928.67992958
43 0.519576425448 62.24262113 9938.23780244
44 0.515320216384 53.9607496742 9946.52393011
45 0.511658575868 46.7808214851 9953.70751994
46 0.508505234446 40.5562264557 9959.93526831
47 0.505787190961 35.1598465503 9965.33436626
48 0.503442583902 30.4814990377 9970.01505838
49 0.501418751928 26.4256427705 9974.07293848
50 0.499670788948 22.9094459739 9977.59088324
51 0.498160349771 19.861112688 9980.64072696
52 0.496854586328 17.2183882165 9983.2847572
53 0.495725335775 14.927300509 9985.57697416
54 0.494748424953 12.9410660277 9987.56418555
55 0.493903060145 11.2191191448 9989.2869778
56 0.493171348198 9.72629335951 9990.78053529
57 0.492537877852 8.43210513629 9992.07535699
58 0.49198935558 7.31012139544 9993.19788925
59 0.49151431411 6.33742858196 9994.1710571
60 0.491102854465 5.49416420954 9995.01473294
61 0.490746422422 4.76310464542 9995.74614893
62 0.490437626817 4.12932011691 9996.38024226
63 0.490170077694 3.57986826432 9996.92996166
64 0.489938246808 3.10352655536 9997.4065352
65 0.489737352362 2.69056732343 9997.81969532
66 0.489563256086 2.33255726903 9998.17787947
67 0.489412375169 2.02218408911 9998.48840354
68 0.489281608352 1.75310960365 9998.75760879
69 0.489168269918 1.51983867204 9998.99099306
70 0.489070033567 1.31760681824 9999.19332315
