"Time" "S" "I" "R"
0 10000 1 0
1 9997.05646306 3.65109658227 0.292440358589
2 9986.32135369 13.3189427853 1.35970352728
3 9947.31952645 48.433606212 5.24686733388
4 9807.56404455 174.133929209 19.3020262395
5 9330.51631698 601.649459289 68.8342237321
6 7938.01722446 1833.59601811 229.386757428
7 5210.07402579 4143.26798973 647.657984478
8 2446.8261038 6155.73763408 1398.43626211
9 954.578741736 6712.96205582 2333.45920244
10 370.640343906 6357.150473 3273.20918309
11 155.440797353 5709.16330772 4136.39589493
12 71.8546598239 5026.25942475 4902.88591543
13 36.5384155922 4389.78723654 5574.67434786
14 20.2647129644 3820.47791804 6160.25736899
15 12.1381914278 3319.43170823 6669.43010034
16 7.77754279999 2881.60298889 7111.61946831
17 5.28566197242 2500.32772689 7495.38661114
18 3.78056206323 2168.89287463 7828.32656331
19 2.82694097289 1881.06619335 8117.10686568
20 2.19701593529 1631.25354738 8367.54943669
21 1.76585786474 1414.50986555 8584.72427659
22 1.4605229261 1226.50016072 8773.03931636
23 1.2391184583 1063.44056096 8936.32032058
24 1.07447168177 922.033591434 9077.89193688
25 0.949549716119 799.413192687 9200.6372576
26 0.853068556149 693.089098731 9307.05783271
27 0.77740806232 600.899240031 9399.32335191
28 0.71729665955 520.967552118 9479.31515122
29 0.668916959352 451.664041993 9548.66704105
30 0.629633518749 391.577682239 9608.79268424
31 0.597445325297 339.483005612 9660.91954906
32 0.570874374765 294.317669532 9706.11145609
33 0.548796647317 255.160303251 9745.2909001
34 0.530348624305 221.211988217 9779.25766316
35 0.514856313992 191.779837082 9808.7053066
36 0.501792455072 166.263315855 9834.23489169
37 0.490735591038 144.14156707 9856.36769734
38 0.481347272838 124.962981828 9875.5556709
39 0.473353600761 108.336047335 9892.19059906
40 0.466531044822 93.9213079989 9906.61216096
41 0.460695870821 81.4244525345 9919.11485159
42 0.455696048086 70.5903080505 9929.9539959
43 0.451405520394 61.1977053747 9939.3508891
44 0.447718591393 53.054837001 9947.49744441
45 0.444546598095 45.9954152417 9954.56003816
46 0.441814898139 39.8753012173 9960.68288388
47 0.439460260721 34.5695112381 9965.9910285
48 0.437429084588 29.9696961326 9970.59287478
49 0.435675789717 25.9819285627 9974.58239565
50 0.434161472973 22.5247656236 9978.0410729
51 0.432852910842 19.5276079359 9981.03953915
52 0.431721665143 16.9292546079 9983.63902373
53 0.430743334437 14.6766355658 9985.8926211
54 0.429896975225 12.7237486873 9987.84635434
55 0.429164581834 11.0307157233 9989.54011969
56 0.428530650075 9.56295704371 9991.00851231
57 0.427981828041 8.29049901161 9992.28151916
58 0.427506602693 7.18735616624 9993.38513723
59 0.427095037725 6.23099731616 9994.34190765
60 0.426738557131 5.40189282062 9995.17136862
61 0.426429751455 4.68311027202 9995.89045998
62 0.426162216279 4.05996893732 9996.51386885
63 0.425930415833 3.51974390946 9997.05432567
64 0.425729561219 3.05140204237 9997.5228684
65 0.425555509006 2.6453778542 9997.92906664
66 0.425404674244 2.293380148 9998.28121518
67 0.425273953035 1.98821971038 9998.58650634
68 0.425160658153 1.7236640525 9998.85117529
69 0.425062463048 1.49431085172 9999.08062669
70 0.424977352242 1.29547563141 9999.27954702
