"Time" "S" "I" "R"
0 10000 1 0
1 9997.13225074 3.57882112768 0.288928134461
2 9986.88006361 12.7974135764 1.32252281242
3 9950.35902926 45.6278649012 5.01310583924
4 9821.8960647 161.000684053 18.1032512437
5 9389.37245527 548.156900159 63.4706445719
6 8123.28621331 1668.3329028 209.380883887
7 5542.72117521 3863.83363644 594.445188352
8 2726.13449609 5965.59454651 1309.27095739
9 1094.2080291 6677.94351083 2228.84846007
10 429.829555424 6401.04337091 3170.12707366
11 180.927301256 5778.28373602 4041.78896272
12 83.6815063524 5098.77630494 4818.54218871
13 42.5257150457 4458.04094952 5500.43333543
14 23.561205472 3882.13187405 6095.30692048
15 14.0969639878 3374.115443 6612.78759301
16 9.02274011179 2929.6678347 7062.30942519
17 6.12542265782 2542.36991903 7452.50465831
18 4.37737360798 2205.56369957 7791.05892682
19 3.27057490754 1912.9976103 8084.73181479
20 2.53994891132 1659.02783388 8339.43221721
21 2.04014099611 1438.65078104 8560.30907797
22 1.68658025882 1247.4724201 8751.84099964
23 1.43016817227 1081.65354229 8917.91628954
24 1.2396233011 937.846321561 9061.91405514
25 1.09509050018 813.139241032 9186.76566847
26 0.983496339799 705.001924918 9295.01457874
27 0.896008774369 611.237201014 9388.86679021
28 0.826515179742 529.938045903 9470.23543892
29 0.77060814986 459.447494723 9540.78189713
30 0.725217265566 398.330728778 9601.94405396
31 0.688030328733 345.341773897 9654.97019577
32 0.657337517045 299.400380318 9700.94228216
33 0.631838098856 259.569619086 9740.79854282
34 0.610533061585 225.037016891 9775.35245005
35 0.592643628028 195.097950752 9805.30940562
36 0.577559038624 169.141609595 9831.28083137
37 0.564792694251 146.638301999 9853.79690531
38 0.553953566668 127.128717843 9873.31732859
39 0.544725052287 110.214638625 9890.24063632
40 0.536848890584 95.5508125704 9904.91233854
41 0.530112857607 82.8378889573 9917.63199819
42 0.524341310835 71.8163149434 9928.65934375
43 0.519388636856 62.2611292201 9938.21948214
44 0.515132764562 53.9772270133 9946.50764022
45 0.511471392845 46.7954808762 9953.69304773
46 0.508318263659 40.5692599219 9959.92242181
47 0.505600386123 35.1714272177 9965.3229724
48 0.503255907235 30.4917828156 9970.00496128
49 0.501232172406 26.434769723 9974.0639981
50 0.499484281496 22.9175418719 9977.58297385
51 0.497973894226 19.8682903579 9980.63373575
52 0.496668166417 17.2247486502 9983.27858318
53 0.49553893863 14.9329341145 9985.57152695
54 0.494562040451 12.9460536325 9987.55938433
55 0.493716680365 11.2235329011 9989.28275042
56 0.492984967101 9.7301976828 9990.77681735
57 0.492351490886 8.43555745558 9992.07209105
58 0.491802959386 7.31317286256 9993.19502418
59 0.491327906329 6.34012475641 9994.16854734
60 0.490916433508 5.49654561434 9995.01253795
61 0.490559987307 4.76520730647 9995.74423271
62 0.490251177062 4.13117605783 9996.37857277
63 0.489983613175 3.5815059117 9996.92851048
64 0.489751767693 3.10497113931 9997.40527709
65 0.489550859034 2.69184123321 9997.81860791
66 0.489376749078 2.33368034495 9998.17694291
67 0.489225855119 2.02317391507 9998.48760023
68 0.489095075971 1.75398176041 9998.75692316
69 0.488981725957 1.52060694602 9998.99041133
70 0.488883478789 1.31828341258 9999.19283311
