"Time" "S" "I" "R"
0 10000 1 0
1 9997.09446273 3.61484010002 0.290697170718
2 9986.60290083 13.056024009 1.34107515633
3 9948.85863765 47.0123174786 5.12904486732
4 9814.85289579 167.452332808 18.6947713972
5 9360.52174599 574.371133668 66.1071203446
6 8032.11486538 1749.67159159 219.213543035
7 5376.40321794 4003.8148735 620.781908565
8 2583.56218325 6063.55076193 1353.88705482
9 1022.00969096 6697.38011609 2281.61019294
10 399.06390765 6379.59375925 3222.3423331
11 167.659221878 5743.51232199 4089.82845613
12 77.5240650372 5062.03535326 4861.44058171
13 39.4100692708 4423.34779349 5538.24213724
14 21.8470431334 3850.7313144 6128.42164247
15 13.079214436 3346.22403654 6641.69674902
16 8.37627122049 2905.12230447 7087.50142431
17 5.68980058796 2520.87625185 7474.43394756
18 4.0679820629 2186.79666815 7810.13534979
19 3.04075510929 1896.6397451 8101.31949979
20 2.36241249405 1644.78573967 8353.85184784
21 1.89824447513 1426.25991266 8572.84184287
22 1.56965195702 1236.69772571 8762.73262233
23 1.33141958112 1072.2877957 8927.38078472
24 1.15429608181 929.707293466 9070.13841045
25 1.01992315707 806.067695007 9193.91238184
26 0.916157831902 698.858869668 9301.2249725
27 0.834797082522 605.901372221 9394.2638307
28 0.770164366188 525.303845783 9474.92598985
29 0.718152025667 455.422812344 9544.85903563
30 0.675923274914 394.835682094 9605.48839463
31 0.641323943915 342.306812818 9658.05186324
32 0.612764688663 296.765053092 9703.62218222
33 0.589036260886 257.281375133 9743.12958861
34 0.569209934589 223.050207733 9777.38058233
35 0.552561059341 193.372891512 9807.07454743
36 0.538522338422 167.643869233 9832.81760843
37 0.526640749315 145.337946555 9855.1354127
38 0.516552504352 125.999746748 9874.48370075
39 0.507963113463 109.234479561 9891.25755733
40 0.500632291882 94.6998587967 9905.79950891
41 0.494362562647 82.0991147114 9918.40652273
42 0.488990482248 71.1749363421 9929.33607318
43 0.484380595362 61.7043144437 9938.81130496
44 0.480419271009 53.493832023 9947.02574871
45 0.477011269199 46.3758217871 9954.14716694
46 0.474076353185 40.2049378034 9960.32098584
47 0.471546571136 34.8551491552 9965.67330427
48 0.469364341086 30.2172104235 9970.31342524
49 0.46748067215 26.1964065571 9974.33611277
50 0.46585376355 22.7106146329 9977.8235316
51 0.464447923017 19.6886511894 9980.84690089
52 0.463232587377 17.0688016134 9983.4679658
53 0.462181540417 14.7975549604 9985.7402635
54 0.461272281957 12.8285283641 9987.71019935
55 0.460485462472 11.1215087369 9989.4180058
56 0.459804425525 9.64163009381 9990.89856548
57 0.459214826889 8.35867099791 9992.18211418
58 0.458704295052 7.24642791494 9993.29486779
59 0.458262155515 6.28218344332 9994.2595544
60 0.457879194983 5.4462466623 9995.09587414
61 0.457547451924 4.72154322298 9995.82090933
62 0.457260046296 4.09327139308 9996.44946856
63 0.457011030905 3.54860109282 9996.99438788
64 0.456795260327 3.07640694625 9997.46679779
65 0.456608283503 2.6670448393 9997.87634688
66 0.456446248982 2.31215490794 9998.23139884
67 0.456305821981 2.00448810883 9998.53920607
68 0.45618411579 1.73776079818 9998.80605509
69 0.456078630872 1.50652583839 9999.03739553
70 0.455987201947 1.30605994802 9999.23795285
