"Time" "S" "I" "R"
0 10000 1 0
1 9997.13225002 3.57882177783 0.288928206954
2 9986.88005845 12.7974182208 1.3225233318
3 9950.35900174 45.6278896389 5.01310861952
4 9821.8959369 161.000798766 18.103264331
5 9389.3719353 548.157364412 63.4707002871
6 8123.28457028 1668.33434232 209.381087404
7 5542.71814594 3863.83611581 594.445738242
8 2726.13186689 5965.59620564 1309.27192747
9 1094.20669995 6677.94361881 2228.84968124
10 429.82899922 6401.04262713 3170.12837365
11 180.927068705 5778.28267831 4041.79025298
12 83.6814027728 5098.77516702 4818.54343021
13 42.5256651641 4458.03982391 5500.43451093
14 23.5611795378 3882.13079798 6095.30802248
15 14.0969495293 3374.11443157 6612.7886189
16 9.02273153319 2929.66689339 7062.31037508
17 6.12541728562 2542.36904877 7452.50553394
18 4.37737007573 2205.56289897 7791.05973095
19 3.27057248866 1912.99687664 8084.73255087
20 2.53994719408 1659.02716376 8339.43288904
21 2.04013973913 1438.65017067 8560.30968959
22 1.68657931062 1247.47186551 8751.84155517
23 1.43016744331 1081.65303951 8917.91679305
24 1.23962272797 937.845866639 9061.91451063
25 1.09509004171 813.138830152 9186.76607981
26 0.983495967475 705.001554427 9295.01494961
27 0.896008468093 611.236867448 9388.86712408
28 0.826514924958 529.937746003 9470.23573907
29 0.770607935516 459.447225432 9540.78216663
30 0.725217083826 398.330487266 9601.94429565
31 0.688030173475 345.341557541 9654.97041229
32 0.657337383531 299.400186701 9700.94247592
33 0.631837983372 259.569445987 9740.79871603
34 0.610532961184 225.036862279 9775.35260476
35 0.592643540333 195.097812773 9805.30954369
36 0.577558961722 169.14148656 9831.28095448
37 0.564792626561 146.638192375 9853.797015
38 0.553953506882 127.128620239 9873.31742625
39 0.544724999309 110.214551783 9890.24072322
40 0.536848843498 95.5507353544 9904.9124158
41 0.530112815628 82.8378203436 9917.63206684
42 0.524341273309 71.8162540098 9928.65940472
43 0.519388603212 62.2610751378 9938.21953626
44 0.515132734316 53.9771790379 9946.50768823
45 0.511471365569 46.7954383399 9953.69309029
46 0.508318238994 40.5692222268 9959.92245953
47 0.505600363749 35.1713938286 9965.32300581
48 0.503255886875 30.4917532539 9970.00499086
49 0.501232153818 26.4347435613 9974.06402428
50 0.499484264468 22.9175187289 9977.58299701
51 0.497973878571 19.8682698933 9980.63375623
52 0.496668151975 17.2247305611 9983.27860129
53 0.495538925255 14.932918131 9985.57154294
54 0.494562028014 12.9460395145 9987.55939846
55 0.493716668763 11.2235204352 9989.2827629
56 0.492984956229 9.73018667926 9990.77682836
57 0.492351480658 8.43554774594 9992.07210077
58 0.491802949731 7.31316429734 9993.19503275
59 0.491327897176 6.34011720294 9994.1685549
60 0.490916424797 5.49653895501 9995.01254462
61 0.490559978987 4.76520143709 9995.74423858
62 0.490251169087 4.13117088606 9996.37857794
63 0.489983605506 3.58150135581 9996.92851504
64 0.489751760291 3.10496712699 9997.40528111
65 0.489550851868 2.69183770044 9997.81861145
66 0.489376742118 2.33367723516 9998.17694602
67 0.489225848341 2.02317117825 9998.48760297
68 0.489095069357 1.75397935235 9998.75692558
69 0.488981719485 1.5206048277 9998.99041345
70 0.488883472441 1.31828154952 9999.19283498
