"Time" "S" "I" "R"
0 10000 1 0
1 9997.05246077 3.65274185313 0.294797373193
2 9986.29793624 13.3309177382 1.37114602527
3 9947.20846223 48.4983992442 5.29313852906
4 9807.08364927 174.436194637 19.4801560909
5 9328.66696038 602.840033198 69.4930064196
6 7932.6134854 1836.78399714 231.602517456
7 5201.56850448 4145.80628894 653.625206573
8 2441.26913691 6149.66423737 1410.06662572
9 952.962355358 6697.2709301 2350.76671454
10 370.647961193 6335.26292036 3295.08911845
11 155.832047856 5683.61000728 4161.55794487
12 72.2525202755 4998.57892934 4930.16855039
13 36.8635969219 4361.02304836 5603.11335472
14 20.5173694829 3791.39902746 6189.08360305
15 12.3340382302 3290.61880526 6698.0471565
16 7.93167278554 2853.49127039 7139.57705682
17 5.40960456509 2473.23537604 7522.3550194
18 3.88257691116 2143.04346204 7854.07396105
19 2.91283422077 1856.60732546 8141.47984032
20 2.27089184232 1608.27247337 8390.45663479
21 1.83062856511 1393.04654303 8606.1228284
22 1.51832415525 1206.55803169 8792.92364415
23 1.29148965761 1044.9953968 8954.71311354
24 1.12257239302 905.040768261 9094.83665935
25 0.994257568058 783.813468245 9216.19227419
26 0.895052922575 678.81320698 9321.2917401
27 0.817191066735 587.871681379 9412.31112755
28 0.755284089373 509.109303313 9491.1354126
29 0.705438161987 440.895140523 9559.39942131
30 0.664946570476 381.818562535 9618.51649089
31 0.631761211971 330.655990499 9669.71224829
32 0.604363903032 286.347821748 9714.04781435
33 0.581599693296 247.97608771 9752.4423126
34 0.56258006019 214.745684671 9785.69173527
35 0.546611189031 185.96782191 9814.4855669
36 0.533149441166 161.046147065 9839.42070349
37 0.521760163065 139.464012845 9861.01422699
38 0.512093992582 120.773955265 9879.71395074
39 0.503868046211 104.588487084 9895.90764487
40 0.496851342363 90.572006776 9909.93114188
41 0.490853924812 78.4338685602 9922.07527751
42 0.485718679423 67.922371732 9932.59190959
43 0.481315119441 58.8195652661 9941.69911961
44 0.477534025513 50.936676618 9949.58578936
45 0.474283651583 44.1102084679 9956.41550788
46 0.471486788223 38.1985971749 9962.32991604
47 0.469078101441 33.0792479355 9967.45167396
48 0.467002162013 28.6459780625 9971.88701978
49 0.465211871187 24.8068467104 9975.72794142
50 0.463667065031 21.482231805 9979.05410113
51 0.462333435482 18.6031752703 9981.93449129
52 0.461181643552 16.1099703204 9984.42884804
53 0.460186534785 13.9509039305 9986.58890953
54 0.459326524 12.0811927123 9988.45948076
55 0.458583073636 10.4620623161 9990.07935461
56 0.4579402335 9.05992819306 9991.48213157
57 0.457384274498 7.84570720392 9992.69690852
58 0.456903372276 6.79421799163 9993.74887864
59 0.456487329493 5.8836498767 9994.65986279
60 0.456127350853 5.09511604039 9995.44875661
61 0.455815847019 4.41226305372 9996.1319211
62 0.455546263012 3.82092638743 9996.72352735
63 0.455312937562 3.30884078784 9997.23584627
64 0.455110979647 2.86538608229 9997.67950294
65 0.454936160631 2.48136342635 9998.06370041
66 0.454784825211 2.14880765593 9998.39640752
67 0.454653812874 1.86082181988 9998.68452437
68 0.454540389379 1.61143201009 9998.9340276
69 0.454442189855 1.39546560381 9999.15009221
70 0.454357168443 1.20844353926 9999.33719929
