"Time" "S" "I" "R"
0 10000 1 0
1 9997.13225073 3.57882113418 0.288928136546
2 9986.88006355 12.7974136228 1.32252282384
3 9950.35902896 45.6278651483 5.01310589064
4 9821.89606334 161.000685197 18.1032514596
5 9389.37244981 548.156904764 63.4706454258
6 8123.28619626 1668.33291685 209.380886886
7 5542.72114426 3863.83365925 594.445196487
8 2726.13447 5965.59455744 1309.27097257
9 1094.2080166 6677.9435024 2228.84848099
10 429.829550655 6401.04335111 3170.12709823
11 180.927299535 5778.28371108 4041.78898938
12 83.6815057442 5098.77627787 4818.54221639
13 42.5257148477 4458.04092179 5500.43336336
14 23.5612054284 3882.13184648 6095.30694809
15 14.0969640025 3374.1154161 6612.78761989
16 9.02274014737 2929.6678088 7062.30945105
17 6.12542269947 2542.36989435 7452.50468295
18 4.37737364983 2205.56367625 7791.0589501
19 3.27057494749 1912.99758841 8084.73183664
20 2.53994894874 1659.02781346 8339.43223759
21 2.04014103102 1438.65076208 8560.30909689
22 1.6865802914 1247.47240257 8751.84101714
23 1.43016820289 1081.65352615 8917.91630564
24 1.23962333002 937.846306754 9061.91406992
25 1.09509052768 813.139227486 9186.76568199
26 0.983496366098 705.00191256 9295.01459107
27 0.896008799669 611.237189767 9388.86680143
28 0.826515204217 529.938035691 9470.2354491
29 0.770608173634 459.447485469 9540.78190636
30 0.725217288762 398.330720408 9601.9440623
31 0.68803035145 345.34176634 9654.97020331
32 0.65733753936 299.400373505 9700.94228896
33 0.631838120838 259.569612953 9740.79854893
34 0.610533083287 225.037011378 9775.35245554
35 0.592643649503 195.097945803 9805.30941055
36 0.577559059906 169.141605156 9831.28083578
37 0.564792715375 146.638298024 9853.79690926
38 0.553953587665 127.128714286 9873.31733213
39 0.544725073174 110.214635445 9890.24063948
40 0.536848911386 95.55080973 9904.91234136
41 0.530112878332 82.8378864226 9917.6320007
42 0.524341331507 71.8163126834 9928.65934599
43 0.519388657478 62.2611272066 9938.21948414
44 0.515132785145 53.9772252205 9946.50764199
45 0.511471413396 46.7954792812 9953.69304931
46 0.508318284186 40.5692585038 9959.92242321
47 0.505600406632 35.1714259576 9965.32297364
48 0.50325592773 30.4917816966 9970.00496238
49 0.50123219289 26.4347687298 9974.06399908
50 0.49948430197 22.917540991 9977.58297471
51 0.497973914693 19.8682895768 9980.63373651
52 0.496668186881 17.2247479581 9983.27858386
53 0.49553895909 14.9329335014 9985.57152754
54 0.494562060909 12.9460530897 9987.55938485
55 0.493716700821 11.2235324208 9989.28275088
56 0.492984987555 9.73019725787 9990.77681775
57 0.492351511341 8.43555707984 9992.07209141
58 0.491802979846 7.31317253044 9993.19502449
59 0.491327926791 6.34012446296 9994.16854761
60 0.490916453969 5.49654535514 9995.01253819
61 0.490560007773 4.7652070776 9995.74423291
62 0.490251197527 4.13117585581 9996.37857295
63 0.489983633643 3.58150573344 9996.92851063
64 0.48975178816 3.10497098206 9997.40527723
65 0.489550879502 2.69184109453 9997.81860803
66 0.489376769548 2.33368022269 9998.17694301
67 0.48922587559 2.02317380732 9998.48760032
68 0.489095096444 1.75398166547 9998.75692324
69 0.48898174643 1.52060686238 9998.99041139
70 0.488883499262 1.31828333892 9999.19283316
