"Time" "S" "I" "R"
0 10000 1 0
1 9997.09454212 3.61478190586 0.290675969369
2 9986.60343529 13.0556042447 1.34096046373
3 9948.86140594 47.0100614321 5.12853262369
4 9814.86557175 167.441801317 18.6926269344
5 9360.572765 574.328581516 66.0986534833
6 8032.27263606 1749.54346625 219.18389769
7 5376.67967769 4003.61815942 620.702162888
8 2583.78385773 6063.47665485 1353.73948743
9 1022.11136793 6697.48200398 2281.40662809
10 399.10117512 6379.79685596 3222.10196891
11 167.671943501 5743.76201116 4089.56604534
12 77.528107462 5062.30517228 4861.16672026
13 39.4110514347 4423.62431103 5537.96463753
14 21.8469519052 3851.00671431 6128.14633379
15 13.0787688537 3346.49328271 6641.42794844
16 8.37573487194 2905.38200589 7087.24225923
17 5.68926847665 2521.12412993 7474.1866016
18 4.0674856888 2187.03125533 7809.90125898
19 3.04030091505 1896.86018723 8101.09951185
20 2.36199819278 1644.99164916 8353.64635265
21 1.89786514151 1426.45125644 8572.65087842
22 1.56930223888 1236.87473664 8762.55596112
23 1.33109441049 1072.45090203 8927.21800356
24 1.15399129895 929.8570631 9069.9889456
25 1.019635178 806.204790213 9193.77557461
26 0.915883714504 698.984011995 9301.10010429
27 0.834534433754 606.015316083 9394.15014948
28 0.769911207421 525.407356159 9474.82273263
29 0.717906738866 455.516648713 9544.76544455
30 0.675684519359 394.9205864 9605.40372908
31 0.641090610363 342.383500777 9657.97540861
32 0.612535863516 296.834208063 9703.55325607
33 0.588811185542 257.343644125 9743.06754469
34 0.568987977311 223.106198848 9777.32481318
35 0.55234169641 193.42317306 9807.02448524
36 0.538305128948 167.688969201 9832.77272567
37 0.526425327187 145.378353647 9855.09522103
38 0.516338564103 126.035911377 9874.44775006
39 0.507750399403 109.266815295 9891.22543431
40 0.500420590321 94.7287443006 9905.77083511
41 0.494151695204 82.124895671 9918.38095263
42 0.488780299838 71.1979275032 9929.3132922
43 0.484170973581 61.7248017668 9938.79102726
44 0.480210106163 53.5120747337 9947.00771516
45 0.476802475489 46.3920545438 9954.13114298
46 0.473867859053 40.2193724938 9960.30675965
47 0.471338317384 34.8679768409 9965.66068484
48 0.469156278992 30.2286032382 9970.30224048
49 0.467272761407 26.2065192179 9974.32620802
50 0.465645971119 22.7195860846 9977.81476794
51 0.464240221958 19.6966061187 9980.83915366
52 0.463024955654 17.0758516744 9983.46112337
53 0.461973960213 14.8038001088 9985.73422593
54 0.461064738955 12.8340580068 9987.70487725
55 0.460277945149 11.1264026931 9989.41331936
56 0.459596924762 9.64595962744 9990.89444345
57 0.459007335527 8.36249968403 9992.17849298
58 0.458496807487 7.24981236971 9993.29169082
59 0.45805466747 6.28517409902 9994.25677123
60 0.457671703241 5.44888840442 9995.09343989
61 0.45733995411 4.7238759454 9995.8187841
62 0.457052540731 4.09533056316 9996.4476169
63 0.456803516452 3.55041821039 9996.99277827
64 0.456587736284 3.07800996312 9997.4654023
65 0.456400749514 2.66845856372 9997.87514069
66 0.456238704945 2.31340133299 9998.23035996
67 0.456098267994 2.00558672305 9998.53831501
68 0.455976552103 1.73872887251 9998.80529458
69 0.455871057844 1.50737865991 9999.03675028
70 0.45577962001 1.30681104639 9999.23740933
