"Time" "S" "I" "R"
0 10000 1 0
1 9997.09454389 3.61477828458 0.290677826497
2 9986.60345392 13.0555780999 1.34096797948
3 9948.86152267 47.0099205609 5.12855676799
4 9814.86616372 167.441138899 18.6926973808
5 9360.57531048 574.325845611 66.0988439069
6 8032.28096777 1749.53463867 219.184393563
7 5376.69540871 4003.60101249 620.703578801
8 2583.7982108 6063.4583874 1353.7434018
9 1022.11954147 6697.46586828 2281.41459025
10 399.105282219 6379.78050013 3222.11421765
11 167.674079472 5743.74400616 4089.58191437
12 77.5293045165 5062.28541001 4861.18528547
13 39.4117752264 4423.60321293 5537.98501185
14 21.84742035 3850.98482066 6128.16775899
15 13.0790905284 3346.47109948 6641.44980999
16 8.37596736579 2905.35995738 7087.26407525
17 5.68944412433 2521.10255134 7474.20800453
18 4.06762360511 2187.01039975 7809.92197664
19 3.04041286576 1896.84023718 8101.11934996
20 2.36209172514 1644.97272859 8353.66517968
21 1.89794525813 1426.43344193 8572.66861281
22 1.56937237128 1236.85806712 8762.57256051
23 1.33115695948 1072.43538711 8927.23345593
24 1.15404799051 929.842689919 9070.00326209
25 1.01968728296 806.191529136 9193.78878358
26 0.915932183565 698.971821236 9301.11224658
27 0.834579989336 606.004145357 9394.16127465
28 0.769954408081 525.397149679 9474.83289591
29 0.717948021473 455.50734755 9544.77470443
30 0.675724229877 394.912130259 9605.41214551
31 0.641129025715 342.375829405 9657.98304157
32 0.612573206747 296.827262297 9703.5601645
33 0.588847637968 257.33736666 9743.0737857
34 0.569023687358 223.100534792 9777.33044152
35 0.552376785996 193.418070295 9807.02955292
36 0.538339699202 167.684378638 9832.77728166
37 0.526459461906 145.374229316 9855.09931122
38 0.516372333064 126.032210472 9874.4514172
39 0.507783860936 109.263498154 9891.22871799
40 0.500453793276 94.7257743159 9905.77377189
41 0.494184680565 82.1222391844 9918.38357614
42 0.488813102062 71.1955536701 9929.31563323
43 0.484203621672 61.7226823999 9938.79311398
44 0.480242624564 53.5101841453 9947.00957323
45 0.476834884754 46.3903693697 9954.13279575
46 0.473900176554 40.2178715425 9960.30822828
47 0.471370557761 34.866640926 9965.66198852
48 0.469188454586 30.2274150103 9970.30339654
49 0.467304882639 26.205463028 9974.32723209
50 0.46567804677 22.7186478339 9977.81567412
51 0.464272259427 19.6957731179 9980.83995462
52 0.463056961182 17.075112528 9983.46183051
53 0.462005939051 14.8031445889 9985.73484947
54 0.461096695519 12.833476943 9987.70542636
55 0.460309883159 11.1258878788 9989.41380224
56 0.45962884734 9.64550372027 9990.89486743
57 0.459039245288 8.36209612062 9992.17886463
58 0.458528706631 7.2494552935 9993.292016
59 0.458086557839 6.28485828385 9994.25705516
60 0.457703586371 5.44860919101 9995.09368722
61 0.457371831284 4.72362918563 9995.81899898
62 0.457084413021 4.09511256362 9996.44780302
63 0.456835384752 3.55022568599 9996.99293893
64 0.456619601333 3.07783999459 9997.4655404
65 0.456432611929 2.66830855676 9997.87525883
66 0.456270565232 2.3132689847 9998.23046045
67 0.456130126577 2.00546999027 9998.53839988
68 0.45600840933 1.73862594251 9998.80536565
69 0.455902913996 1.50728792636 9999.03680916
70 0.45581147532 1.30673108609 9999.23745744
