"Time" "S" "I" "R"
0 10000 1 0
1 9997.05646306 3.65109657947 0.292440358436
2 9986.32135371 13.318942765 1.35970352575
3 9947.31952657 48.4336061015 5.24686732441
4 9807.56404512 174.133928687 19.302026191
5 9330.51631933 601.649457154 68.8342235146
6 7938.0172318 1833.59601158 229.386756619
7 5210.07403856 4143.26797909 647.657982354
8 2446.82611407 6155.73762731 1398.43625861
9 954.578746725 6712.96205491 2333.45919837
10 370.640345992 6357.15047494 3273.20917907
11 155.440798245 5709.16331054 4136.39589121
12 71.8546602359 5026.25942768 4902.88591208
13 36.5384157999 4389.78723931 5574.67434489
14 20.2647130783 3820.47792056 6160.25736636
15 12.1381914952 3319.43171049 6669.43009802
16 7.77754284267 2881.6029909 7111.61946626
17 5.28566200108 2500.32772866 7495.38660934
18 3.78056208351 2168.89287619 7828.32656173
19 2.82694098791 1881.06619472 8117.10686429
20 2.19701594685 1631.25354858 8367.54943547
21 1.76585787395 1414.50986661 8584.72427552
22 1.46052293366 1226.50016165 8773.03931542
23 1.23911846467 1063.44056178 8936.32031976
24 1.07447168725 922.033592151 9077.89193616
25 0.949549720932 799.413193316 9200.63725696
26 0.853068560453 693.089099282 9307.05783216
27 0.77740806622 600.899240514 9399.32335142
28 0.717296663137 520.967552541 9479.3151508
29 0.668916962684 451.664042364 9548.66704067
30 0.629633521876 391.577682565 9608.79268391
31 0.597445328254 339.483005897 9660.91954877
32 0.570874377587 294.317669782 9706.11145584
33 0.548796650024 255.16030347 9745.29089988
34 0.530348626911 221.211988409 9779.25766296
35 0.514856316515 191.77983725 9808.70530643
36 0.50179245753 166.263316002 9834.23489154
37 0.490735593437 144.141567199 9856.36769721
38 0.481347275188 124.96298194 9875.55567078
39 0.473353603069 108.336047434 9892.19059896
40 0.466531047095 93.9213080852 9906.61216087
41 0.460695873064 81.42445261 9919.11485152
42 0.455696050301 70.5903081165 9929.95399583
43 0.45140552259 61.1977054325 9939.35088904
44 0.447718593567 53.0548370515 9947.49744435
45 0.444546600251 45.995415286 9954.56003811
46 0.441814900283 39.875301256 9960.68288384
47 0.439460262851 34.5695112719 9965.99102847
48 0.437429086707 29.9696961622 9970.59287475
49 0.435675791827 25.9819285885 9974.58239562
50 0.434161475076 22.5247656462 9978.04107288
51 0.432852912938 19.5276079557 9981.03953913
52 0.431721667232 16.9292546252 9983.63902371
53 0.430743336523 14.6766355809 9985.89262108
54 0.429896977308 12.7237487005 9987.84635432
55 0.429164583913 11.0307157349 9989.54011968
56 0.428530652152 9.56295705381 9991.00851229
57 0.427981830117 8.29049902044 9992.28151915
58 0.427506604763 7.18735617396 9993.38513722
59 0.427095039797 6.23099732291 9994.34190764
60 0.426738559201 5.40189282651 9995.17136861
61 0.426429753519 4.68311027717 9995.89045997
62 0.426162218346 4.05996894182 9996.51386884
63 0.425930417898 3.51974391339 9997.05432567
64 0.42572956328 3.0514020458 9997.52286839
65 0.425555511067 2.6453778572 9997.92906663
66 0.425404676305 2.29338015062 9998.28121517
67 0.425273955096 1.98821971267 9998.58650633
68 0.425160660214 1.7236640545 9998.85117529
69 0.425062465105 1.49431085347 9999.08062668
70 0.4249773543 1.29547563293 9999.27954701
