"Time" "S" "I" "R"
0 10000 1 0
1 9997.13225069 3.57882116675 0.288928146776
2 9986.88006326 12.7974138554 1.32252288005
3 9950.35902747 45.6278663864 5.01310614434
4 9821.89605654 161.000690929 18.1032525278
5 9389.37242249 548.15692785 63.4706496564
6 8123.28611092 1668.33298732 209.380901758
7 5542.7209893 3863.83377388 594.445236826
8 2726.1343392 5965.59461309 1309.27104771
9 1094.20795384 6677.94346174 2228.84858442
10 429.829526626 6401.0432539 3170.12721947
11 180.927290809 5778.28358845 4041.78912074
12 83.6815026268 5098.77614477 4818.5423526
13 42.5257138069 4458.04078553 5500.43350067
14 23.5612051751 3882.13171108 6095.30708375
15 14.0969640503 3374.11528405 6612.7877519
16 9.02274030588 2929.66768171 7062.30957798
17 6.12542289267 2542.36977329 7452.50480382
18 4.37737384696 2205.56356188 7791.05906427
19 3.27057513721 1912.9974811 8084.73194377
20 2.53994912738 1659.02771335 8339.43233752
21 2.04014119823 1438.65066916 8560.30918964
22 1.68658044784 1247.4723167 8751.84110285
23 1.43016835017 1081.6534471 8917.91638455
24 1.23962346931 937.846234227 9061.9141423
25 1.09509066023 813.139161146 9186.76574819
26 0.983496492991 705.001852043 9295.01465146
27 0.896008921838 611.237134699 9388.86685638
28 0.826515322438 529.937985694 9470.23549898
29 0.770608288538 459.447440166 9540.78195155
30 0.725217400917 398.330679437 9601.94410316
31 0.688030461311 345.341729349 9654.97024019
32 0.657337647312 299.400340161 9700.94232219
33 0.631838227202 259.56958294 9740.79857883
34 0.610533188332 225.036984399 9775.35248241
35 0.592643753451 195.097921583 9805.30943466
36 0.577559162946 169.141583439 9831.2808574
37 0.564792817668 146.638278571 9853.79692861
38 0.553953689338 127.12869688 9873.31734943
39 0.544725174339 110.214619886 9890.24065494
40 0.536849012136 95.5507958339 9904.91235515
41 0.530112978742 82.8378740227 9917.632013
42 0.524341431636 71.8163016274 9928.65935694
43 0.519388757386 62.2611173565 9938.21949389
44 0.515132884875 53.9772164512 9946.50765066
45 0.511471512984 46.7954714794 9953.69305701
46 0.508318383661 40.5692515672 9959.92243005
47 0.505600506016 35.1714197943 9965.3229797
48 0.503256027047 30.4917762234 9970.00496775
49 0.501232292156 26.4347638723 9974.06400384
50 0.499484401198 22.9175366822 9977.58297892
51 0.497974013895 19.8682857567 9980.63374023
52 0.496668286063 17.2247445729 9983.27858714
53 0.495539058262 14.9329305031 9985.57153044
54 0.494562160071 12.9460504351 9987.5593874
55 0.493716799981 11.2235300717 9989.28275313
56 0.492985086717 9.73019517987 9990.77681973
57 0.492351610506 8.4355552424 9992.07209315
58 0.491803079016 7.31317090634 9993.19502601
59 0.491328025966 6.34012302795 9994.16854895
60 0.49091655315 5.49654408766 9995.01253936
61 0.49056010696 4.76520595847 9995.74423393
62 0.490251296724 4.131174868 9996.37857384
63 0.489983732847 3.58150486181 9996.92851141
64 0.489751887371 3.10497021318 9997.4052779
65 0.489550978724 2.6918404165 9997.8186086
66 0.489376868776 2.33367962493 9998.17694351
67 0.489225974825 2.02317328048 9998.48760074
68 0.489095195686 1.75398120126 9998.7569236
69 0.488981845676 1.52060645346 9998.9904117
70 0.488883598517 1.3182829788 9999.19283342
