"Time" "S" "I" "R"
0 10000 1 0
1 9997.09416188 3.61519016589 0.290647951475
2 9986.60049972 13.0585505758 1.34094970403
3 9948.84507391 47.0259172041 5.12900889073
4 9814.78758527 167.516089304 18.696325427
5 9360.24980651 574.632055682 66.1181378049
6 8031.24835285 1750.49002025 219.261626901
7 5374.82215892 4005.27116948 620.906671604
8 2582.19798695 6064.7561498 1354.04586325
9 1021.29562029 6698.01771664 2281.68666307
10 398.740393341 6379.98539832 3222.27420834
11 167.507970082 5743.87685661 4089.61517331
12 77.4471774136 5062.44630206 4861.10652053
13 39.3673105418 4423.81597449 5537.81671497
14 21.8212242008 3851.24660942 6127.93216638
15 13.0624621587 3346.77114585 6641.166392
16 8.36471023388 2905.68627504 7086.94901472
17 5.68139021532 2521.44424932 7473.87436046
18 4.06157887941 2187.35835733 7809.58006379
19 3.03568833151 1897.1871515 8100.77716017
20 2.3582682272 1645.31295584 8353.32877593
21 1.89475707319 1426.76276268 8572.34248025
22 1.56664424137 1237.17344956 8762.25990619
23 1.32877096229 1072.73476579 8926.93646325
24 1.15192118859 930.124776232 9069.72330258
25 1.01776046031 806.455648932 9193.52659061
26 0.914161966857 699.217778109 9300.86805992
27 0.832933980048 606.232107544 9393.93495848
28 0.76840801244 525.607559461 9474.62403253
29 0.716482253369 455.70084478 9544.58267297
30 0.674324265479 395.089494441 9605.23618129
31 0.63978312739 342.537930689 9657.82228618
32 0.611271992375 296.975024183 9703.41370382
33 0.587583536766 257.471736602 9742.94067986
34 0.567790540395 223.222461559 9777.2097479
35 0.551169551247 193.52848708 9806.92034337
36 0.537154217596 167.78419024 9832.67865554
37 0.525292289591 145.464303497 9855.01040421
38 0.515220604702 126.113371751 9874.37140764
39 0.506645182473 109.336523889 9891.15683093
40 0.499326158029 94.7913927833 9905.70928106
41 0.493066401921 82.1811288517 9918.32580475
42 0.48770275879 71.2483435211 9929.26395372
43 0.483100013504 61.7699531627 9938.74694682
44 0.479144736319 53.5524699403 9946.96838532
45 0.475741857141 46.4281599935 9954.09609815
46 0.472811280419 40.2516146119 9960.27557411
47 0.470285174297 34.8967444755 9965.63297035
48 0.468106058384 30.2542502651 9970.27764368
49 0.466225026828 26.2293667666 9974.30440821
50 0.464600351415 22.7399250637 9977.79547458
51 0.463196401422 19.7146996604 9980.82210394
52 0.461982665427 17.0919372138 9983.44608012
53 0.460932971473 14.8180916728 9985.72097536
54 0.460024856944 12.8467482643 9987.69322688
55 0.459239003962 11.1376647282 9989.40309627
56 0.458558783179 9.65594884075 9990.88549238
57 0.457969873354 8.37135544211 9992.17067468
58 0.457459922363 7.25765942976 9993.28488065
59 0.457018272302 6.29212411009 9994.25085762
60 0.456635723924 5.45504117723 9995.0883231
61 0.456304327583 4.72932057873 9995.81437509
62 0.456017213375 4.10014658084 9996.44383621
63 0.455768442676 3.55467651019 9996.98955505
64 0.455552877333 3.08177368986 9997.46267343
65 0.455366072461 2.67178394896 9997.87284998
66 0.455204181826 2.31633839308 9998.22845743
67 0.455063875064 2.00817991891 9998.53675621
68 0.454942269216 1.74101772038 9998.80404001
69 0.454836867904 1.5093982392 9999.03576489
70 0.454745508523 1.3085924887 9999.236662
