"Time" "S" "I" "R"
0 10000 1 0
1 9997.09454213 3.61478189913 0.290675967261
2 9986.60343535 13.0556041962 1.34096045205
3 9948.86140626 47.0100611713 5.12853257053
4 9814.86557319 167.441800099 18.6926267085
5 9360.57277083 574.328576589 66.0986525821
6 8032.27265413 1749.54345135 219.183894517
7 5376.67970949 4003.61813615 620.702154359
8 2583.78388341 6063.47664481 1353.73947178
9 1022.11137988 6697.48201332 2281.40660679
10 399.101179621 6379.79687631 3222.10194407
11 167.671945117 5743.7620364 4089.56601848
12 77.5281080314 5062.30519952 4861.16669245
13 39.4110516197 4423.62433886 5537.96460952
14 21.8469519459 3851.00674193 6128.14630612
15 13.0787688399 3346.49330963 6641.42792153
16 8.37573483864 2905.38203179 7087.24223337
17 5.68926843768 2521.12415458 7474.18657698
18 4.06748564965 2187.03127862 7809.90123573
19 3.04030087769 1896.86020908 8101.09949005
20 2.36199815778 1644.99166953 8353.64633231
21 1.89786510887 1426.45127535 8572.65085954
22 1.56930220839 1236.87475411 8762.55594368
23 1.33109438185 1072.45091811 8927.2179875
24 1.15399127189 929.857077855 9069.98893087
25 1.01963515228 806.204803708 9193.77556114
26 0.915883689897 698.984024304 9301.10009201
27 0.83453441008 606.015327283 9394.15013831
28 0.769911184525 525.407366327 9474.82272249
29 0.71790671662 455.516657926 9544.76543536
30 0.675684497657 394.920594732 9605.40372077
31 0.64109058911 342.383508299 9657.97540111
32 0.61253584264 296.834214843 9703.55324931
33 0.588811164977 257.343650228 9743.06753861
34 0.568987957004 223.106204333 9777.32480771
35 0.552341676317 193.423177984 9807.02448034
36 0.538305109036 167.688973616 9832.77272128
37 0.526425307422 145.378357601 9855.09521709
38 0.516338544461 126.035914915 9874.44774654
39 0.50775037986 109.266818458 9891.22543116
40 0.500420570861 94.7287471252 9905.7708323
41 0.494151675808 82.1248981914 9918.38095013
42 0.488780280499 71.1979297504 9929.31328997
43 0.484170954285 61.7248037688 9938.79102528
44 0.480210086904 53.512076516 9947.0077134
45 0.476802456256 46.3920561294 9954.13114141
46 0.473867839844 40.2193739035 9960.30675826
47 0.471338298192 34.8679780934 9965.66068361
48 0.469156259813 30.2286043505 9970.30223939
49 0.467272742238 26.206520205 9974.32620705
50 0.465645951957 22.7195869602 9977.81476709
51 0.464240202802 19.696606895 9980.8391529
52 0.463024936505 17.0758523623 9983.4611227
53 0.461973941068 14.8038007181 9985.73422534
54 0.461064719808 12.8340585462 9987.70487673
55 0.460277926004 11.1264031705 9989.4133189
56 0.459596905617 9.64596004968 9990.89444304
57 0.45900731638 8.36250005739 9992.17849263
58 0.458496788338 7.2498126997 9993.29169051
59 0.458054648321 6.28517439059 9994.25677096
60 0.457671684091 5.44888866195 9995.09343965
61 0.457339934959 4.72387617278 9995.81878389
62 0.457052521579 4.09533076386 9996.44761671
63 0.456803497296 3.55041838749 9996.99277812
64 0.456587717128 3.07801011933 9997.46540216
65 0.456400730354 2.66845870148 9997.87514057
66 0.456238685781 2.31340145443 9998.23035986
67 0.456098248829 2.00558683009 9998.53831492
68 0.45597653294 1.73872896682 9998.8052945
69 0.455871038681 1.50737874299 9999.03675022
70 0.455779600847 1.30681111955 9999.23740928
