"Time" "S" "I" "R"
0 10000 1 0
1 9997.05646306 3.65109657947 0.292440358435
2 9986.32135371 13.3189427649 1.35970352574
3 9947.31952657 48.4336061013 5.24686732437
4 9807.56404512 174.133928686 19.3020261908
5 9330.51631934 601.64945715 68.834223514
6 7938.01723181 1833.59601157 229.386756616
7 5210.07403858 4143.26797907 647.657982348
8 2446.82611409 6155.73762731 1398.4362586
9 954.578746733 6712.96205491 2333.45919835
10 370.640345994 6357.15047495 3273.20917905
11 155.440798246 5709.16331056 4136.39589119
12 71.8546602363 5026.2594277 4902.88591206
13 36.5384158 4389.78723933 5574.67434487
14 20.2647130784 3820.47792058 6160.25736634
15 12.1381914952 3319.43171051 6669.430098
16 7.77754284265 2881.60299091 7111.61946624
17 5.28566200106 2500.32772868 7495.38660932
18 3.78056208349 2168.89287621 7828.32656171
19 2.82694098788 1881.06619474 8117.10686427
20 2.19701594683 1631.2535486 8367.54943545
21 1.76585787392 1414.50986662 8584.72427551
22 1.46052293364 1226.50016166 8773.0393154
23 1.23911846465 1063.44056179 8936.32031975
24 1.07447168724 922.033592161 9077.89193615
25 0.949549720915 799.413193325 9200.63725695
26 0.853068560436 693.08909929 9307.05783215
27 0.777408066206 600.899240522 9399.32335141
28 0.717296663121 520.967552548 9479.31515079
29 0.668916962668 451.664042371 9548.66704067
30 0.629633521859 391.57768257 9608.79268391
31 0.597445328236 339.483005902 9660.91954877
32 0.570874377569 294.317669787 9706.11145584
33 0.548796650006 255.160303474 9745.29089988
34 0.530348626897 221.211988413 9779.25766296
35 0.514856316502 191.779837253 9808.70530643
36 0.501792457515 166.263316005 9834.23489154
37 0.490735593425 144.141567201 9856.36769721
38 0.481347275174 124.962981943 9875.55567078
39 0.473353603054 108.336047436 9892.19059896
40 0.466531047083 93.9213080871 9906.61216087
41 0.460695873053 81.4244526117 9919.11485152
42 0.45569605029 70.590308118 9929.95399583
43 0.451405522579 61.1977054339 9939.35088904
44 0.447718593558 53.0548370528 9947.49744435
45 0.44454660024 45.9954152871 9954.56003811
46 0.44181490027 39.875301257 9960.68288384
47 0.43946026284 34.5695112728 9965.99102846
48 0.437429086696 29.969696163 9970.59287475
49 0.435675791818 25.9819285892 9974.58239562
50 0.434161475065 22.5247656468 9978.04107288
51 0.432852912927 19.5276079562 9981.03953913
52 0.431721667219 16.9292546257 9983.63902371
53 0.430743336508 14.6766355813 9985.89262108
54 0.429896977294 12.7237487009 9987.84635432
55 0.429164583898 11.0307157352 9989.54011968
56 0.428530652136 9.5629570541 9991.00851229
57 0.4279818301 8.2904990207 9992.28151915
58 0.42750660475 7.18735617419 9993.38513722
59 0.427095039782 6.23099732311 9994.34190764
60 0.426738559187 5.40189282669 9995.17136861
61 0.426429753506 4.68311027733 9995.89045997
62 0.426162218333 4.05996894196 9996.51386884
63 0.425930417885 3.51974391351 9997.05432567
64 0.425729563267 3.05140204591 9997.52286839
65 0.425555511054 2.6453778573 9997.92906663
66 0.425404676293 2.2933801507 9998.28121517
67 0.425273955083 1.98821971274 9998.58650633
68 0.425160660201 1.72366405457 9998.85117529
69 0.425062465092 1.49431085353 9999.08062668
70 0.424977354289 1.29547563298 9999.27954701
