"Time" "S" "I" "R"
0 10000 1 0
1 9997.09454389 3.61477828506 0.290677826551
2 9986.60345392 13.0555781034 1.34096797987
3 9948.86152265 47.0099205797 5.1285567701
4 9814.86616362 167.441138987 18.6926973908
5 9360.57531008 574.325845969 66.0988439496
6 8032.28096651 1749.53463977 219.184393719
7 5376.69540647 4003.60101432 620.703579218
8 2583.79820893 6063.45838854 1353.74340253
9 1022.11954056 6697.4658683 2281.41459115
10 399.10528184 6379.78049956 3222.1142186
11 167.674079314 5743.74400537 4089.58191531
12 77.5293044463 5062.28540918 4861.18528637
13 39.4117751926 4423.6032121 5537.9850127
14 21.8474203325 3850.98481987 6128.1677598
15 13.0790905186 3346.47109874 6641.44981074
16 8.37596735999 2905.3599567 7087.26407594
17 5.68944412071 2521.10255071 7474.20800517
18 4.06762360272 2187.01039917 7809.92197723
19 3.04041286413 1896.84023664 8101.11935049
20 2.36209172398 1644.9727281 8353.66518017
21 1.89794525728 1426.43344149 8572.66861326
22 1.56937237064 1236.85806672 8762.57256091
23 1.33115695899 1072.43538675 8927.23345629
24 1.15404799013 929.842689588 9070.00326242
25 1.01968728265 806.191528836 9193.78878388
26 0.915932183316 698.971820966 9301.11224685
27 0.834579989134 606.004145114 9394.1612749
28 0.769954407913 525.39714946 9474.83289613
29 0.717948021331 455.507347354 9544.77470462
30 0.675724229759 394.912130083 9605.41214569
31 0.641129025615 342.375829247 9657.98304173
32 0.612573206661 296.827262156 9703.56016464
33 0.588847637897 257.337366533 9743.07378583
34 0.569023687296 223.100534679 9777.33044163
35 0.552376785945 193.418070195 9807.02955302
36 0.538339699158 167.684378548 9832.77728175
37 0.526459461866 145.374229236 9855.0993113
38 0.51637233303 126.032210401 9874.45141727
39 0.507783860907 109.26349809 9891.22871805
40 0.500453793253 94.7257742596 9905.77377195
41 0.494184680543 82.1222391343 9918.38357619
42 0.488813102043 71.1955536256 9929.31563327
43 0.484203621658 61.7226823604 9938.79311402
44 0.480242624551 53.5101841103 9947.00957327
45 0.476834884743 46.3903693386 9954.13279578
46 0.473900176541 40.217871515 9960.30822831
47 0.471370557752 34.8666409016 9965.66198854
48 0.469188454577 30.2274149887 9970.30339656
49 0.467304882628 26.2054630089 9974.32723211
50 0.465678046763 22.718647817 9977.81567414
51 0.46427225942 19.6957731029 9980.83995464
52 0.463056961176 17.0751125147 9983.46183052
53 0.462005939047 14.8031445772 9985.73484948
54 0.461096695515 12.8334769326 9987.70542637
55 0.460309883158 11.1258878697 9989.41380225
56 0.459628847337 9.64550371223 9990.89486744
57 0.459039245286 8.36209611353 9992.17886464
58 0.458528706631 7.24945528725 9993.29201601
59 0.458086557837 6.28485827834 9994.25705516
60 0.457703586368 5.44860918614 9995.09368723
61 0.457371831284 4.72362918135 9995.81899899
62 0.457084413023 4.09511255985 9996.44780303
63 0.456835384752 3.55022568266 9996.99293893
64 0.456619601335 3.07783999166 9997.46554041
65 0.456432611929 2.66830855418 9997.87525883
66 0.456270565233 2.31326898243 9998.23046045
67 0.45613012658 2.00546998827 9998.53839989
68 0.456008409332 1.73862594075 9998.80536565
69 0.455902913998 1.50728792481 9999.03680916
70 0.455811475322 1.30673108473 9999.23745744
