"Time" "S" "I" "R"
0 10000 1 0
1 9997.09425692 3.61509052204 0.29065255597
2 9986.60122652 13.0578314524 1.34094202709
3 9948.84909944 47.0220473085 5.12885325593
4 9814.80676004 167.497960639 18.6952793219
5 9360.3290843 574.558038179 66.1128775191
6 8031.49942104 1750.25957063 219.241008326
7 5375.2765478 4004.87117983 620.852272367
8 2582.58458059 6064.45353284 1353.96188657
9 1021.49335959 6697.90281286 2281.60382755
10 398.827160308 6379.95977983 3222.21305986
11 167.547030486 5743.8724093 4089.58056022
12 77.4662573715 5062.43755163 4861.096191
13 39.3775160909 4423.79612232 5537.82636159
14 21.8271675701 3851.21549674 6127.95733569
15 13.0661947508 3346.73070184 6641.20310341
16 8.36721289013 2905.63887484 7086.99391227
17 5.68316540647 2521.39213366 7473.92470094
18 4.06290119198 2187.30344815 7809.63365066
19 3.0367149987 1897.13102077 8100.83226423
20 2.35909426219 1645.25684651 8353.38405923
21 1.89544235072 1426.70763049 8572.39692716
22 1.56722803343 1237.12000772 8762.31276425
23 1.32927954365 1072.68352798 8926.98719247
24 1.15237297588 930.07609396 9069.77153306
25 1.01816853966 806.409743757 9193.5720877
26 0.914535890599 699.174769107 9300.910695
27 0.833280863286 606.192034288 9393.97468485
28 0.768733239496 525.570400319 9474.66086644
29 0.71678997155 455.66653264 9544.61667739
30 0.674617704864 395.057928633 9605.26745366
31 0.640064840674 342.508987231 9657.85094793
32 0.611544017189 296.948563629 9703.43989235
33 0.587847515144 257.447610307 9742.96454218
34 0.568047806642 223.200516565 9777.23143563
35 0.551421197024 193.508569866 9806.94000894
36 0.537401142479 167.766149578 9832.69644928
37 0.525535238346 145.447992527 9855.02647224
38 0.515460196908 126.09864949 9874.38589031
39 0.506881935753 109.323256277 9891.16986179
40 0.499560506314 94.7794533149 9905.72098618
41 0.493298710062 82.1703989432 9918.33630235
42 0.487933334356 71.238712646 9929.27335402
43 0.4833291164 61.7613187947 9938.75535209
44 0.479372586529 53.5447373908 9946.97589002
45 0.475968641082 46.4212421157 9954.10278924
46 0.473037156393 40.245431499 9960.28153134
47 0.470510276817 34.8912230707 9965.63826665
48 0.468330501817 30.2493239273 9970.28234557
49 0.466448908563 26.2249748888 9974.3085762
50 0.464823754379 22.7360126351 9977.79916361
51 0.463419396261 19.7112168341 9980.82536377
52 0.462205312384 17.088838935 9983.44895575
53 0.461155321904 14.8153372669 9985.72350741
54 0.46024695463 12.8443010645 9987.69545198
55 0.459460886261 11.1354917506 9989.40504736
56 0.458780481955 9.65402043539 9990.88719908
57 0.458191415779 8.36964498845 9992.1721636
58 0.45768133162 7.25614307152 9993.2861756
59 0.457239568159 6.29078047652 9994.25197996
60 0.456856923243 5.45385114582 9995.08929193
61 0.456525444741 4.72826706361 9995.81520749
62 0.456238260627 4.09921431984 9996.44454742
63 0.455989430471 3.55385188589 9996.99015868
64 0.455773814572 3.0810445647 9997.46318162
65 0.455586966731 2.67113950679 9997.87327353
66 0.455425039587 2.31576900669 9998.22880595
67 0.45528470182 2.00767702488 9998.53703827
68 0.45516306965 1.74057370315 9998.80426323
69 0.455057646004 1.50900633429 9999.03593602
70 0.454966267678 1.30824668956 9999.23678704
