"Time" "S" "I" "R"
0 10000 1 0
1 9997.09425868 3.61508690719 0.290654415324
2 9986.60124509 13.0578053518 1.34094955563
3 9948.84921588 47.0219066627 5.12887745952
4 9814.80735076 167.497299223 18.695350021
5 9360.33162488 574.555306173 66.113068947
6 8031.50773722 1750.25075503 219.241507741
7 5375.29224796 4004.85405402 620.853698019
8 2582.59890416 6064.43527655 1353.96581929
9 1021.50151735 6697.88666781 2281.61181483
10 398.831260624 6379.94340169 3222.22533769
11 167.549163557 5743.854376 4089.59646044
12 77.4674530898 5062.41775856 4861.11478835
13 39.3782392033 4423.77499254 5537.84676825
14 21.8276356328 3851.19357143 6127.97879293
15 13.0665161891 3346.70848752 6641.2249963
16 8.36744522483 2905.61679614 7087.01575864
17 5.68334093892 2521.37052602 7473.94613304
18 4.06303901961 2187.28256483 7809.65439615
19 3.03682687773 1897.11104438 8100.85212875
20 2.35918773424 1645.23790107 8353.4029112
21 1.89552241493 1426.6897926 8572.41468499
22 1.56729811911 1237.10331631 8762.32938558
23 1.32934205009 1072.66799263 8927.00266532
24 1.15242962802 930.061701778 9069.78586859
25 1.0182206076 806.39646506 9193.58531433
26 0.914584324517 699.162562052 9300.92285362
27 0.833326385187 606.180848527 9393.98582509
28 0.768776407633 525.560179999 9474.67104359
29 0.716831222551 455.657218762 9544.62595002
30 0.674657384516 395.049460832 9605.27588178
31 0.640103225751 342.501305189 9657.85859159
32 0.611581330619 296.941608113 9703.44681056
33 0.587883938155 257.441323945 9742.97079212
34 0.568083487586 223.194844405 9777.23707211
35 0.551456257757 193.503459728 9806.94508401
36 0.537435684078 167.761552317 9832.701012
37 0.525569344574 145.443862116 9855.03056854
38 0.51549393751 126.094943074 9874.38956299
39 0.506915369029 109.319934145 9891.17315049
40 0.499593681097 94.776478816 9905.7239275
41 0.493331667318 82.1677383772 9918.33892996
42 0.487966108523 71.2363351297 9929.27569876
43 0.48336173648 61.7591961054 9938.75744216
44 0.479405076949 53.5428438081 9946.97775111
45 0.476001022391 46.4195542451 9954.10444473
46 0.473069445956 40.2439281212 9960.28300243
47 0.470542489275 34.889884974 9965.63957254
48 0.468362649499 30.2481337389 9970.28350361
49 0.466481001891 26.2239169386 9974.30960206
50 0.464855802134 22.7350728047 9977.80007139
51 0.463451405838 19.7103824166 9980.82616618
52 0.462237290019 17.0880985189 9983.44966419
53 0.461187272853 14.8146806098 9985.72413212
54 0.460278883307 12.8437189825 9987.69600213
55 0.459492796384 11.1349760254 9989.40553118
56 0.458812376646 9.65356371363 9990.88762391
57 0.458223297655 8.36924069694 9992.17253601
58 0.457713202877 7.25578534485 9993.28650145
59 0.45727143064 6.2904640805 9994.25226449
60 0.456888778483 5.45357141397 9995.08953981
61 0.456557294025 4.72801984133 9995.81542286
62 0.456270105025 4.09899590783 9996.44473399
63 0.45602127088 3.55365899382 9996.99031974
64 0.455805651731 3.08087426857 9997.46332008
65 0.455618801256 2.67098920801 9997.87339199
66 0.455456871987 2.31563639859 9998.22890673
67 0.455316532514 2.00756006085 9998.53712341
68 0.455194898985 1.74047056741 9998.80433453
69 0.455089474266 1.50891541774 9999.03599511
70 0.4549980951 1.30816656656 9999.23683534
