"Time" "S" "I" "R"
0 10000 1 0
1 9997.131464 3.57955168825 0.288984310332
2 9986.87437613 12.8026331255 1.32299074935
3 9950.32853659 45.6556714579 5.01579195544
4 9821.75394531 161.129675256 18.1163794327
5 9388.79284911 548.679397854 63.5277530405
6 8121.45113616 1669.95714121 209.591722625
7 5539.32977221 3866.65604051 595.014187287
8 2723.17807843 5967.56265101 1310.25927056
9 1092.70100683 6678.24041617 2230.058577
10 429.190444091 6400.43702901 3171.3725269
11 180.655039137 5777.36214146 4042.98281941
12 83.5572951802 5097.78940003 4819.65330479
13 42.4641345117 4457.08244415 5501.45342134
14 23.5280862835 3881.23526623 6096.23664748
15 14.0777756347 3373.29103142 6613.63119295
16 9.01085670317 2928.91663104 7063.07251226
17 6.11762108913 2541.68908687 7453.19329204
18 4.37197551977 2204.94884604 7791.67917844
19 3.26666868696 1912.44376851 8085.2895628
20 2.53700745777 1658.52995216 8339.93304038
21 2.03784833885 1438.20394102 8560.75821065
22 1.68473471694 1247.07195611 8752.24330917
23 1.42864591408 1081.29509291 8918.27626117
24 1.23833645412 937.525829757 9062.23583379
25 1.09398018254 812.852977428 9187.05304239
26 0.982520938234 704.746472985 9295.27100608
27 0.895138293428 611.009442188 9389.09541952
28 0.825727484193 529.735142538 9470.43912998
29 0.769886329661 459.266864166 9540.9632495
30 0.724548837617 398.170042761 9602.1054084
31 0.687405488066 345.198925256 9655.11366926
32 0.656748569711 299.273469131 9701.0697823
33 0.631278934878 259.456934379 9740.91178669
34 0.609998779468 224.937020801 9775.45298042
35 0.59213024388 195.009261774 9805.39860798
36 0.577063314631 169.062990329 9831.35994636
37 0.564311949885 146.568643233 9853.86704482
38 0.553485576716 127.067027096 9873.37948733
39 0.54426796006 110.160029038 9890.295703
40 0.536401137068 95.502492059 9904.9611068
41 0.529673127072 82.7951508227 9917.67517605
42 0.523908487885 71.7785291128 9928.6975624
43 0.518961774431 62.2277347144 9938.25330351
44 0.514711053058 53.9477242963 9946.53756465
45 0.511054138142 46.7694253531 9953.71952051
46 0.507904871445 40.5462567131 9959.94583842
47 0.505190344446 35.151125431 9965.34368422
48 0.502848774353 30.4738706989 9970.02328053
49 0.500827567488 26.4189708737 9974.08020156
50 0.49908187487 22.9036110732 9977.59730705
51 0.497573400191 19.8560101152 9980.64641648
52 0.496269337566 17.2139264467 9983.28980422
53 0.495141560046 14.9233993465 9985.58145909
54 0.494165925409 12.9376552574 9987.56817882
55 0.49332166665 11.216137366 9989.29054097
56 0.4925909135 9.7236867849 9990.7837223
57 0.491958274501 8.42982670424 9992.07821502
58 0.491410473231 7.30812994549 9993.20045958
59 0.490936057146 6.33568807095 9994.17337587
60 0.490525140043 5.49264311908 9995.01683174
61 0.490169178736 4.7617754065 9995.74805541
62 0.489860791602 4.12815859532 9996.38198061
63 0.489593596962 3.57885336601 9996.93155304
64 0.489362073731 3.10263982963 9997.4079981
65 0.489161446312 2.68979262233 9997.82104593
66 0.488987581823 2.33188048451 9998.17913193
67 0.488836902112 2.02159288165 9998.48957022
68 0.488706309956 1.75259317659 9998.75870051
69 0.488593123157 1.51938759592 9998.99201928
70 0.488495018444 1.31721284601 9999.19429214
