"Time" "S" "I" "R"
0 10000 1 0
1 9997.09374943 3.61551618268 0.290734388145
2 9986.5976541 13.0609027863 1.34144311146
3 9948.83012647 47.0385647562 5.13130877114
4 9814.71854683 167.575186358 18.7062668127
5 9359.97025654 574.871457181 66.1582862764
6 8030.37929046 1751.21676611 219.403943436
7 5373.28852663 4006.42286289 621.288610486
8 2580.95138065 6065.3093257 1354.73929365
9 1020.70792016 6697.67506975 2282.61701009
10 398.513741163 6379.14256205 3223.34369679
11 167.42315311 5742.81952176 4090.75732513
12 77.4149633924 5061.30692011 4862.2781165
13 39.3550872036 4422.65693427 5538.98797852
14 21.8169196875 3850.10122293 6129.08185738
15 13.0614061844 3345.65927502 6642.27931879
16 8.36501015445 2904.62044513 7088.01454472
17 5.68224632874 2520.43236815 7474.88538552
18 4.06264081957 2186.40514015 7810.53221903
19 3.03680465303 1896.29498499 8101.66821035
20 2.35937364199 1644.48250487 8354.15812149
21 1.8958252186 1425.99341327 8573.11076151
22 1.56766685651 1236.46364973 8762.96868342
23 1.32974877707 1072.082291 8927.58796023
24 1.15285733086 929.526937068 9070.3202056
25 1.01865980736 805.909457605 9194.07188259
26 0.915029461663 698.720075938 9301.3648946
27 0.833774157296 605.779658913 9394.38656693
28 0.769225017173 525.197132199 9475.03364278
29 0.71727968013 455.329266025 9544.95345429
30 0.675105250832 394.753692152 9605.5712026
31 0.640550362816 342.234962638 9658.124487
32 0.612027745596 296.702097759 9703.6858745
33 0.588329730263 257.226220822 9743.18544945
34 0.568528801225 223.001894082 9777.42957712
35 0.551901239814 193.33057501 9807.11752375
36 0.537880494388 167.606810125 9832.85530938
37 0.52601412014 145.305495288 9855.16849059
38 0.515938796034 125.971333392 9874.51272781
39 0.507360410904 109.209604349 9891.28303524
40 0.500038987748 94.6780833301 9905.82187768
41 0.493777301859 82.0800545727 9918.42616813
42 0.488412118788 71.1582545665 9929.35333331
43 0.483808156301 61.6897156375 9938.82647621
44 0.479851928281 53.4810573264 9947.03909075
45 0.476448315259 46.3646441763 9954.15890751
46 0.473517183393 40.1951584873 9960.33132433
47 0.470990667203 34.8465940007 9965.68241533
48 0.468811257724 30.2097267369 9970.32146201
49 0.466930026807 26.1898607066 9974.34320927
50 0.465305226804 22.7048895771 9977.8298052
51 0.463901210815 19.6836443461 9980.85245444
52 0.462687454812 17.0644232547 9983.47288929
53 0.461637775959 14.7937264904 9985.74463573
54 0.460729702767 12.8251809309 9987.71408937
55 0.459943910533 11.118582142 9989.42147395
56 0.459263764093 9.63907161433 9990.90166462
57 0.45867493757 8.35643446209 9992.1848906
58 0.458165075372 7.24447296616 9993.29736196
59 0.457723516674 6.28047474333 9994.26180174
60 0.457341060028 5.44475327979 9995.09790566
61 0.457009754173 4.72023812279 9995.82275212
62 0.456722727919 4.09213090604 9996.45114637
63 0.45647404175 3.54760451553 9996.99592144
64 0.456258556911 3.07553618076 9997.46820526
65 0.456071828092 2.66628404442 9997.87764413
66 0.455910008835 2.31149023537 9998.23259976
67 0.455769768705 2.00390745213 9998.54032278
68 0.45564822473 1.73725356312 9998.80709821
69 0.45554288064 1.50608276802 9999.03837435
70 0.455451573973 1.30567294928 9999.23887548
