"Time" "S" "I" "R"
0 10000 1 0
1 9997.09451749 3.61481721605 0.290665292519
2 9986.60321942 13.0558591208 1.34092146036
3 9948.86013783 47.0114339109 5.12842825738
4 9814.85933907 167.448243905 18.6924170245
5 9360.54647213 574.355053097 66.0984747715
6 8032.18791851 1749.62754324 219.184538245
7 5376.52284366 4003.77387828 620.703278067
8 2583.6452135 6063.62282739 1353.73195911
9 1022.03599138 6697.58675552 2281.3772531
10 399.06531229 6379.88850486 3222.04618285
11 167.65426215 5743.85909935 4089.4866385
12 77.5186478864 5062.41235331 4861.0689988
13 39.4055446635 4423.74041711 5537.85403822
14 21.8434937263 3851.12887915 6128.02762712
15 13.0764499385 3346.6184897 6641.30506036
16 8.37409006311 2905.50760417 7087.11830577
17 5.68804431855 2521.24796697 7474.06398872
18 4.06653594083 2187.15166915 7809.78179491
19 3.03953744664 1896.9759495 8100.98451305
20 2.36136540693 1645.1018976 8353.536737
21 1.89732668275 1426.55542831 8572.54724501
22 1.56883345674 1236.97250951 8762.45865703
23 1.33067825145 1072.54214231 8927.12717944
24 1.15361557817 929.941783425 9069.904601
25 1.0192909998 806.283113753 9193.69759525
26 0.91556446194 699.056143363 9301.02829217
27 0.834235101753 606.081518101 9394.0842468
28 0.769627944885 525.467930883 9474.76244117
29 0.717636543974 455.571922304 9544.71044115
30 0.675425023532 394.970897692 9605.35367728
31 0.640839922969 342.429192094 9657.92996798
32 0.612292464733 296.875618385 9703.51208915
33 0.588573842137 257.381103964 9743.03032219
34 0.568755681361 223.140026466 9777.29121785
35 0.552113620697 193.453671982 9806.9942144
36 0.538080588281 167.716426364 9832.74549305
37 0.526203753861 145.403038602 9855.07075764
38 0.516119485512 126.058075794 9874.42580472
39 0.50753342053 109.286692912 9891.20577367
40 0.500205380258 94.7465512885 9905.75324333
41 0.493937976222 82.1408311589 9918.36523086
42 0.488567838296 71.2121742678 9929.29925789
43 0.483959572643 61.7375270811 9938.77851335
44 0.47999959984 53.523431238 9946.99656916
45 0.476592723899 46.4021812362 9954.12122604
46 0.473658743907 40.2283955842 9960.29794567
47 0.471129738778 34.8760107118 9965.65285955
48 0.468948152597 30.2357514135 9970.29530043
49 0.467065015859 26.2128751539 9974.32005983
50 0.465438546136 22.7252340458 9977.80932741
51 0.464033066646 19.7016219992 9980.83434493
52 0.462818026968 17.0803036758 9983.4568783
53 0.461767221825 14.807749483 9985.7304833
54 0.460858160217 12.8375597051 9987.70158213
55 0.460071500185 11.1295059172 9989.41042258
56 0.459390591766 9.64870842113 9990.89190099
57 0.458801096136 8.36493343676 9992.17626547
58 0.458290646227 7.25196624528 9993.28974311
59 0.457848571337 6.28707948955 9994.25507194
60 0.457465661302 5.45057330811 9995.09196103
61 0.457133957187 4.72536529848 9995.81750074
62 0.456846581128 4.09664657648 9996.44650684
63 0.456597587727 3.55158064607 9996.99182177
64 0.456381833035 3.07903638837 9997.46458178
65 0.45619486724 2.66936459516 9997.87444054
66 0.456032839887 2.31420083714 9998.22976632
67 0.455892417023 2.00629200605 9998.53781558
68 0.455770712615 1.73935085543 9998.80487843
69 0.455665227681 1.50792702295 9999.03640775
70 0.455573797379 1.30729436824 9999.23713183
