"Time" "S" "I" "R"
0 10000 1 0
1 9997.09453692 3.61477481725 0.290688263533
2 9986.60343188 13.055553001 1.34101511847
3 9948.86148305 47.009784356 5.1287325921
4 9814.86619405 167.440485336 18.6933206184
5 9360.57603252 574.322985987 66.1009814898
6 8032.28489509 1749.52385634 219.191248573
7 5376.70645682 4003.57122224 620.722320942
8 2583.81347521 6063.40367341 1353.78285138
9 1022.13239966 6697.38915181 2281.47844853
10 399.114088393 6379.68580395 3222.20010765
11 167.679789141 5743.63533158 4089.68487928
12 77.5330281062 5062.16684802 4861.30012387
13 39.4142747233 4423.47859427 5538.10713101
14 21.8491613751 3850.85746139 6128.29337724
15 13.0803510396 3346.3437176 6641.57593136
16 8.37691477538 2905.23469099 7087.38839424
17 5.69018141995 2520.98102164 7474.32879694
18 4.06821585242 2186.89378788 7810.03799627
19 3.0409023114 1896.72936029 8101.2297374
20 2.36250655759 1644.86810901 8353.76938444
21 1.89830474035 1426.33536731 8572.76632795
22 1.56969005138 1236.76664133 8762.66366862
23 1.33144254094 1072.35057288 8927.31798458
24 1.15430853674 929.764343512 9070.08134795
25 1.01992808315 806.119429048 9193.86064287
26 0.916157238911 698.905691142 9301.17815162
27 0.834792366921 605.943672051 9394.22153558
28 0.770156501074 525.341997903 9474.8878456
29 0.718141713622 455.457171399 9544.82468689
30 0.675911023049 394.866581776 9605.4575072
31 0.641310128172 342.334565247 9658.02412462
32 0.612749595077 296.789948618 9703.59730179
33 0.589020108795 257.303682618 9743.10729727
34 0.569192894594 223.070175052 9777.36063205
35 0.552543267595 193.390746478 9807.05671025
36 0.538503902464 167.659820367 9832.80167573
37 0.52662175763 145.352184362 9855.12119388
38 0.516533030104 126.012444762 9874.47102221
39 0.507943217532 109.245795442 9891.24626134
40 0.500612025628 94.7099355342 9905.78945244
41 0.494341969899 82.1080817169 9918.39757631
42 0.488969600596 71.182910515 9929.32811988
43 0.484359457354 61.7114012269 9938.80423932
44 0.480397904999 53.5001263662 9947.01947573
45 0.476989700237 46.3814091216 9954.14160118
46 0.474054603199 40.2098948287 9960.31605057
47 0.471524659557 34.8595446676 9965.66893067
48 0.469342285238 30.2211061056 9970.30955161
49 0.467458487372 26.1998575932 9974.33268392
50 0.465831463545 22.7136703702 9977.82049817
51 0.46442552006 19.691355737 9980.84421874
52 0.463210092401 17.071194318 9983.46559559
53 0.462158963224 14.799670923 9985.73817011
54 0.461249631342 12.830398878 9987.70835149
55 0.460462746283 11.1231616491 9989.4163756
56 0.459781650809 9.64309019391 9990.89712816
57 0.459191999964 8.35996033925 9992.18084766
58 0.45868142156 7.24756608273 9993.2937525
59 0.458239240519 6.28318784009 9994.25857292
60 0.457856243011 5.44713273949 9995.09501102
61 0.457524467023 4.72232468119 9995.82015085
62 0.457237032093 4.09396038662 9996.44880258
63 0.456987990632 3.54920839374 9996.99380362
64 0.456772196872 3.07694209375 9997.46628571
65 0.456585199454 2.66751628401 9997.87589852
66 0.456423146632 2.31257012759 9998.23100673
67 0.456282703386 2.00485371789 9998.53886358
68 0.456160982778 1.73808264882 9998.80575637
69 0.456055485076 1.50680910201 9999.03713541
70 0.455964044813 1.30630919438 9999.23772676
