"Time" "S" "I" "R"
0 10000 1 0
1 9997.09455973 3.61475536975 0.290684904308
2 9986.60359333 13.0554126964 1.3409939778
3 9948.86234301 47.0090298732 5.12862712136
4 9814.87019914 167.436957708 18.6928431493
5 9360.59234346 574.308663083 66.0989934543
6 8032.33587496 1749.48003766 219.18408738
7 5376.79711857 4003.49972806 620.703153367
8 2583.88821459 6063.36288571 1353.7488997
9 1022.16854728 6697.3968345 2281.43461822
10 399.128641327 6379.71966529 3222.15169339
11 167.685617995 5743.67942906 4089.63495295
12 77.5354883538 5062.21414249 4861.25036915
13 39.4153803849 4423.52607165 5538.05854796
14 21.8496870953 3850.90371382 6128.24659908
15 13.0806120169 3346.38802314 6641.53136485
16 8.37704742268 2905.27666159 7087.34629098
17 5.69024848618 2521.02045532 7474.28929619
18 4.06824798998 2186.93059818 7810.00115383
19 3.04091500593 1896.76353818 8101.19554682
20 2.36250806556 1644.89969865 8353.73779329
21 1.8982996439 1426.36444987 8572.73725048
22 1.56968097818 1236.79332329 8762.63699573
23 1.33143098347 1072.37497736 8927.29359165
24 1.15429543328 929.786603751 9070.05910082
25 1.01991398837 806.139683261 9193.84040275
26 0.916142499598 698.924078776 9301.15977872
27 0.834777205459 605.960331167 9394.20489163
28 0.77014105588 525.357062869 9474.87279608
29 0.718126074577 455.470771462 9544.81110246
30 0.675895245788 394.878839999 9605.44526475
31 0.641294247813 342.345597898 9658.01310785
32 0.612733634634 296.799864787 9703.58740158
33 0.589004082831 257.312584081 9743.09841184
34 0.569176812209 223.078156257 9777.35266693
35 0.552527135011 193.39789473 9807.04957813
36 0.538487723152 167.666215994 9832.79529628
37 0.526605534265 145.357901089 9855.11549338
38 0.51651676475 126.017550025 9874.46593321
39 0.507926911829 109.250350741 9891.24172235
40 0.500595681066 94.713996836 9905.78540748
41 0.494325587957 82.111699833 9918.39397458
42 0.488953182758 71.1861314765 9929.32491534
43 0.48434300515 61.7142666631 9938.80139033
44 0.480381420008 53.5026738557 9947.01694472
45 0.476973184166 46.3836725511 9954.13935426
46 0.474038057735 40.2119046863 9960.31405726
47 0.471508086412 34.8613283533 9965.66716356
48 0.469325686156 30.2226882304 9970.30798608
49 0.467441864055 26.2012602134 9974.33129792
50 0.465814817666 22.7149132409 9977.81927194
51 0.464408853255 19.6924565423 9980.8431346
52 0.46319340624 17.0721688556 9983.46463774
53 0.462142259212 14.8005333045 9985.73732444
54 0.461232910919 12.8311616999 9987.70760539
55 0.460446010806 11.1238361346 9989.41571785
56 0.459764901554 9.64368634484 9990.89654875
57 0.459175238133 8.36048706302 9992.1803377
58 0.458664648266 7.24803129812 9993.29330405
59 0.458222456802 6.28359859011 9994.25817895
60 0.457839449837 5.44749528323 9995.09466527
61 0.45750766528 4.72264457353 9995.81984776
62 0.457220222595 4.09424255958 9996.44853722
63 0.456971174131 3.54945722192 9996.9935716
64 0.456755374058 3.07716145415 9997.46608317
65 0.456568370946 2.66770961366 9997.87572202
66 0.456406313009 2.31274047002 9998.23085322
67 0.456265865165 2.00500376706 9998.53873037
68 0.456144140431 1.73821478978 9998.80564107
69 0.456038639028 1.50692544368 9999.03703592
70 0.455947195453 1.30641160147 9999.2376412
