"Time" "S" "I" "R"
0 10000 1 0
1 9997.0940922 3.61525133615 0.290656465003
2 9986.60000131 13.0589919615 1.34100673329
3 9948.84240427 47.0282912612 5.12930447013
4 9814.77511054 167.527193688 18.6976957721
5 9360.19888806 574.67718291 66.1239290322
6 8031.08891087 1750.62844404 219.282645088
7 5374.5379645 4005.49918769 620.962847816
8 2581.96268395 6064.89312992 1354.14418613
9 1021.18084038 6698.0079842 2281.81117542
10 398.693518011 6379.89759728 3222.40888471
11 167.488792084 5743.75982571 4089.75138221
12 77.4388395844 5062.32116833 4861.23999209
13 39.3634104047 4423.69139798 5537.94519161
14 21.8192673609 3851.12635212 6128.05438052
15 13.0614172985 3346.65694833 6641.28163437
16 8.36412229235 2905.57894734 7087.05693036
17 5.6810450578 2521.34411891 7473.97483603
18 4.06136917134 2187.2654741 7809.67315672
19 3.03555810837 1897.10139208 8100.86304982
20 2.35818660164 1645.23408611 8353.40772729
21 1.89470623274 1426.69047695 8572.41481681
22 1.56661351071 1237.10739754 8762.32598895
23 1.32875390062 1072.67457154 8926.99667456
24 1.15191357193 930.070052118 9069.77803431
25 1.01775958443 806.406006231 9193.57623418
26 0.914166012262 699.172834428 9300.91299956
27 0.832941687 606.191491617 9393.9755667
28 0.768418507218 525.570915586 9474.66066591
29 0.716494907474 455.66783515 9544.61566994
30 0.674338627619 395.059800844 9605.26586053
31 0.639798864462 342.511255188 9657.84894595
32 0.611288851842 296.951089392 9703.43762176
33 0.587601325731 257.450285464 9742.96211321
34 0.567809109372 223.203256927 9777.22893396
35 0.551188781183 193.511310872 9806.93750035
36 0.537174014828 167.768842734 9832.69398325
37 0.525312577083 145.45060214 9855.02408528
38 0.515241318803 126.101150179 9874.3836085
39 0.506666270237 109.325630893 9891.16770284
40 0.499347574767 94.7816911745 9905.71896125
41 0.493088109453 82.1724944276 9918.33441746
42 0.487724724313 71.2406640506 9929.27161123
43 0.483122208565 61.763127385 9938.75375041
44 0.479167136065 53.5464066457 9946.97442622
45 0.475764439547 46.4227770948 9954.10145847
46 0.47283402615 40.2468383945 9960.28032758
47 0.470308066177 34.8925088048 9965.63718313
48 0.46812908104 30.2504958326 9970.28137509
49 0.466248166616 26.2260405014 9974.30771133
50 0.464623596103 22.7369794989 9977.79839691
51 0.463219740022 19.71209236 9980.8246879
52 0.462006088126 17.0896303172 9983.44836359
53 0.460956469451 14.8160513989 9985.72299213
54 0.460048422263 12.8449444917 9987.69500709
55 0.459262629516 11.1360706488 9989.40466672
56 0.458582462583 9.6545405864 9990.88687695
57 0.457993600865 8.3701117761 9992.17189462
58 0.457483692844 7.25656148964 9993.28595482
59 0.457042081129 6.29115513323 9994.25180279
60 0.456659566958 5.45418627887 9995.08915415
61 0.456328201117 4.72856655881 9995.81510524
62 0.456041114085 4.09948172775 9996.44447716
63 0.455792367587 3.55409044332 9996.99011719
64 0.455576823781 3.0812572154 9997.46316596
65 0.455390038071 2.67132892147 9997.87328104
66 0.45522816447 2.31593760422 9998.22883423
67 0.45508787285 2.00782699179 9998.53708514
68 0.454966280446 1.74070701247 9998.80432671
69 0.45486089107 1.50912476396 9999.03601434
70 0.454769542281 1.30835183925 9999.23687862
