"Time" "S" "I" "R"
0 10000 1 0
1 9997.09456148 3.61475175544 0.290686763544
2 9986.60361189 13.0553866021 1.34100150522
3 9948.86245941 47.0088892742 5.12865131879
4 9814.87078961 167.436296567 18.6929138216
5 9360.59488286 574.305932358 66.0991847807
6 8032.34418782 1749.47122574 219.184586432
7 5376.8128167 4003.4826055 620.704577804
8 2583.90254145 6063.34462891 1353.75282964
9 1022.17670878 6697.38068974 2281.44260148
10 399.132743961 6379.70328938 3222.16396666
11 167.687752406 5743.66139917 4089.65084842
12 77.5366848908 5062.19435346 4861.26896165
13 39.4161040351 4423.50494632 5538.07894965
14 21.8501555355 3850.88179327 6128.2680512
15 13.0809337354 3346.36581381 6641.55325246
16 8.37727997519 2905.2545881 7087.36813192
17 5.69042419467 2520.99885307 7474.31072273
18 4.06838596459 2186.90972037 7810.02189367
19 3.0410270111 1896.74356738 8101.21540561
20 2.36260164842 1644.88075883 8353.75663952
21 1.89837980741 1426.3466176 8572.75500259
22 1.56975115433 1236.77663745 8762.65361139
23 1.33149357358 1072.35944751 8927.30905892
24 1.15435216375 929.772216947 9070.07343089
25 1.01996613039 806.126409797 9193.85362407
26 0.916191004202 698.911876785 9301.17193221
27 0.834822795325 605.949150282 9394.21602692
28 0.770184289775 525.346847222 9474.88296849
29 0.718167389554 455.461462044 9544.82037057
30 0.675934987959 394.870376438 9605.45368857
31 0.641332694227 342.33791987 9658.02074744
32 0.612771008438 296.792913059 9703.59431593
33 0.589040565426 257.306301282 9743.10465815
34 0.569212552095 223.072487438 9777.35830001
35 0.552562254161 193.392787717 9807.05465003
36 0.538522322739 167.661621647 9832.79985603
37 0.526639698133 145.353773391 9855.11958691
38 0.516550562712 126.013846126 9874.46960331
39 0.507960402238 109.247030941 9891.24500866
40 0.500628912798 94.7110244934 9905.78834659
41 0.494358602014 82.1090412566 9918.39660014
42 0.488986013614 71.1837557928 9929.32725819
43 0.484375681823 61.7121456587 9938.80347866
44 0.480413966945 53.5007818195 9947.01880421
45 0.47700562194 46.381986098 9954.14100828
46 0.474070403716 40.2104026058 9960.31552699
47 0.471540355253 34.8599914422 9965.6684682
48 0.469357890201 30.2214991241 9970.30914299
49 0.467474013725 26.2002032496 9974.33232274
50 0.465846921747 22.7139743086 9977.82017877
51 0.46444091915 19.6916229415 9980.84393614
52 0.463225440191 17.0714291814 9983.46534538
53 0.462174266473 14.7998773206 9985.73794841
54 0.461264895906 12.8305802283 9987.70815488
55 0.46047797724 11.1233209622 9989.41620106
56 0.459796852556 9.64323012332 9990.89697302
57 0.459207176322 8.36008322376 9992.1807096
58 0.458696575843 7.24767397998 9993.29362944
59 0.458254375602 6.28328256284 9994.25846306
60 0.457871361399 5.44721588392 9995.09491275
61 0.457539570889 4.72239765093 9995.82006278
62 0.457252123324 4.09402441746 9996.44872346
63 0.457003070869 3.54926457271 9996.99373236
64 0.456787267547 3.07699137642 9997.46622136
65 0.456600261805 2.66755951118 9997.87584023
66 0.456438201743 2.3126080382 9998.23095376
67 0.456297752198 2.00488696127 9998.53881529
68 0.456176026108 1.73811179599 9998.80571218
69 0.456070523631 1.5068346544 9999.03709482
70 0.455979079215 1.30633159252 9999.23768933
