"Time" "S" "I" "R"
0 10000 1 0
1 9997.09456148 3.61475175524 0.290686763532
2 9986.60361189 13.0553866007 1.3410015051
3 9948.86245942 47.0088892666 5.1286513181
4 9814.87078965 167.436296532 18.6929138181
5 9360.59488302 574.305932213 66.0991847655
6 8032.34418833 1749.4712253 219.184586376
7 5376.8128176 4003.48260475 620.704577653
8 2583.9025422 6063.34462841 1353.75282939
9 1022.17670916 6697.38068967 2281.44260117
10 399.132744119 6379.70328953 3222.16396636
11 167.687752474 5743.66139939 4089.65084813
12 77.5366849218 5062.1943537 4861.26896138
13 39.4161040506 4423.50494654 5538.07894941
14 21.8501555439 3850.88179347 6128.26805098
15 13.0809337403 3346.36581399 6641.55325226
16 8.37727997829 2905.25458827 7087.36813175
17 5.69042419673 2520.99885323 7474.31072258
18 4.06838596604 2186.9097205 7810.02189353
19 3.04102701216 1896.7435675 8101.21540549
20 2.36260164923 1644.88075894 8353.75663941
21 1.89837980805 1426.3466177 8572.75500249
22 1.56975115485 1236.77663754 8762.65361131
23 1.33149357401 1072.35944759 8927.30905884
24 1.15435216412 929.772217014 9070.07343082
25 1.01996613071 806.126409856 9193.85362401
26 0.916191004484 698.911876837 9301.17193216
27 0.834822795579 605.949150328 9394.21602688
28 0.770184290008 525.346847263 9474.88296845
29 0.718167389768 455.461462081 9544.82037053
30 0.675934988161 394.87037647 9605.45368854
31 0.641332694417 342.337919898 9658.02074741
32 0.612771008615 296.792913084 9703.59431591
33 0.589040565595 257.306301304 9743.10465813
34 0.569212552258 223.072487458 9777.35829999
35 0.552562254323 193.392787735 9807.05465001
36 0.538522322897 167.661621663 9832.79985601
37 0.526639698286 145.353773405 9855.1195869
38 0.516550562861 126.013846138 9874.4696033
39 0.507960402383 109.247030951 9891.24500865
40 0.500628912941 94.7110245026 9905.78834658
41 0.494358602156 82.1090412647 9918.39660013
42 0.488986013752 71.1837557999 9929.32725819
43 0.484375681961 61.712145665 9938.80347865
44 0.480413967083 53.5007818251 9947.01880421
45 0.477005622075 46.3819861029 9954.14100828
46 0.474070403852 40.2104026101 9960.31552699
47 0.471540355386 34.859991446 9965.6684682
48 0.469357890333 30.2214991275 9970.30914298
49 0.467474013856 26.2002032525 9974.33232273
50 0.465846921881 22.7139743112 9977.82017877
51 0.464440919284 19.6916229438 9980.84393614
52 0.463225440326 17.0714291834 9983.46534538
53 0.46217426661 14.7998773224 9985.73794841
54 0.461264896041 12.8305802299 9987.70815487
55 0.460477977373 11.1233209636 9989.41620106
56 0.459796852687 9.64323012451 9990.89697302
57 0.459207176455 8.3600832248 9992.1807096
58 0.458696575974 7.24767398089 9993.29362944
59 0.458254375733 6.28328256364 9994.25846306
60 0.45787136153 5.44721588463 9995.09491275
61 0.457539571022 4.72239765155 9995.82006278
62 0.457252123455 4.094024418 9996.44872346
63 0.457003071004 3.54926457318 9996.99373236
64 0.456787267682 3.07699137683 9997.46622136
65 0.456600261939 2.66755951154 9997.87584023
66 0.45643820188 2.31260803852 9998.23095376
67 0.456297752333 2.00488696155 9998.53881529
68 0.456176026242 1.73811179624 9998.80571218
69 0.456070523765 1.50683465462 9999.03709482
70 0.45597907935 1.30633159271 9999.23768933
