"Time" "S" "I" "R"
0 10000 1 0
1 9997.09456141 3.61475182338 0.290686767963
2 9986.60361136 13.0553870923 1.34100154532
3 9948.86245653 47.0088919111 5.12865155822
4 9814.87077607 167.436308907 18.69291502
5 9360.59482733 574.305982597 66.0991900738
6 8032.34401315 1749.47138079 219.184606059
7 5376.81250336 4003.48286656 620.704630075
8 2583.90227905 6063.34480286 1353.75291809
9 1022.17657825 6697.38071467 2281.44270708
10 399.132689 6379.70323787 3222.16407313
11 167.687728946 5743.66132238 4089.65094868
12 77.5366741176 5062.19427243 4861.26905345
13 39.4160986458 4423.50486868 5538.07903267
14 21.8501526066 3850.88172159 6128.26812581
15 13.0809320187 3346.36574871 6641.55331927
16 8.37727889928 2905.25452949 7087.36819161
17 5.69042347944 2520.99880054 7474.31077598
18 4.06838546343 2186.90967343 7810.02194111
19 3.04102664372 1896.74352552 8101.21544783
20 2.36260136828 1644.88072157 8353.75667707
21 1.89837958626 1426.34658446 8572.75503595
22 1.56975097431 1236.776608 8762.65364102
23 1.33149342323 1072.35942137 8927.30908521
24 1.15435203522 929.772193751 9070.07345421
25 1.0199660183 806.126389231 9193.85364475
26 0.916190904722 698.911858562 9301.17195053
27 0.834822705674 605.949134143 9394.21604315
28 0.770184207902 525.346832936 9474.88298286
29 0.718167313906 455.461449404 9544.82038328
30 0.675934917354 394.870365259 9605.45369982
31 0.641332627743 342.337909987 9658.02075739
32 0.612770945347 296.792904326 9703.59432473
33 0.589040505154 257.306293567 9743.10466593
34 0.569212494178 223.072480626 9777.35830688
35 0.552562198223 193.392781704 9807.0546561
36 0.538522268471 167.661616341 9832.79986139
37 0.526639645279 145.35376871 9855.11959164
38 0.516550511058 126.013841998 9874.46960749
39 0.507960351608 109.247027301 9891.24501235
40 0.500628863045 94.7110212853 9905.78834985
41 0.494358553013 82.1090384298 9918.39660302
42 0.488985965258 71.1837533025 9929.32726073
43 0.484375634021 61.7121434655 9938.8034809
44 0.480413919624 53.5007798885 9947.01880619
45 0.47700557503 46.3819843982 9954.14101003
46 0.474070357164 40.2104011099 9960.31552853
47 0.47154030901 34.859990126 9965.66846956
48 0.469357844224 30.2214979663 9970.30914419
49 0.467473967979 26.2002022312 9974.3323238
50 0.465846876203 22.7139734132 9977.82017971
51 0.46444087378 19.6916221543 9980.84393697
52 0.463225394973 17.0714284895 9983.46534612
53 0.462174221388 14.7998767126 9985.73794907
54 0.461264850936 12.8305796941 9987.70815545
55 0.460477932369 11.1233204929 9989.41620157
56 0.459796807771 9.64322971108 9990.89697348
57 0.459207131609 8.36008286174 9992.18071001
58 0.458696531196 7.24767366211 9993.29362981
59 0.458254331013 6.28328228378 9994.25846339
60 0.457871316861 5.44721563897 9995.09491304
61 0.457539526396 4.72239743596 9995.82006304
62 0.457252078868 4.09402422882 9996.44872369
63 0.457003026448 3.5492644072 9996.99373257
64 0.456787223155 3.07699123123 9997.46622155
65 0.456600217438 2.66755938383 9997.8758404
66 0.456438157398 2.31260792651 9998.23095392
67 0.456297707873 2.00488686333 9998.53881543
68 0.456175981797 1.73811171012 9998.80571231
69 0.456070479335 1.50683457912 9999.03709494
70 0.455979034932 1.30633152653 9999.23768944
