"Time" "S" "I" "R"
0 10000 1 0
1 9997.09455797 3.61475898429 0.290683045084
2 9986.60357476 13.0554387924 1.34098645049
3 9948.86222659 47.009170481 5.12860292457
4 9814.86960863 167.437618891 18.6927724801
5 9360.58980387 574.311393983 66.0988021422
6 8032.32756151 1749.4888501 219.18358838
7 5376.78141942 4003.51685151 620.701729069
8 2583.87388693 6063.38114308 1353.74496999
9 1022.1603854 6697.41297939 2281.42663521
10 399.124538546 6379.73604112 3222.13942034
11 167.683483529 5743.69745881 4089.61905766
12 77.5342917959 5062.2339314 4861.23177681
13 39.4146567274 4423.5471969 5538.03814637
14 21.8492186535 3850.92563434 6128.22514701
15 13.0802902991 3346.41023246 6641.50947724
16 8.37681487177 2905.29873511 7087.32445001
17 5.69007277969 2521.04205764 7474.26786958
18 4.0681100175 2186.95147608 7809.9804139
19 3.04080300289 1896.78350909 8101.17568791
20 2.3624144848 1644.91863859 8353.71894693
21 1.89821948243 1426.38228228 8572.71949823
22 1.569610804 1236.81000928 8762.62037992
23 1.33136839528 1072.39050738 8927.27812423
24 1.15423870468 929.800990722 9070.04477057
25 1.01986184818 806.152956895 9193.82718126
26 0.916093996782 698.936280936 9301.14762507
27 0.834731617351 605.971512219 9394.19375616
28 0.770097823715 525.36727868 9474.8626235
29 0.718084761309 455.48008104 9544.8018342
30 0.675855505307 394.887303715 9605.43684078
31 0.641255803075 342.353276075 9658.00546812
32 0.612696262499 296.806816657 9703.58048708
33 0.588967601892 257.318867014 9743.09216538
34 0.569141073976 223.083825203 9777.34703372
35 0.552492017508 193.403001863 9807.04450612
36 0.538453125206 167.670810454 9832.79073642
37 0.526571372035 145.362028894 9855.11139973
38 0.516482968425 126.021254022 9874.46226301
39 0.507893423051 109.253670632 9891.23843594
40 0.500562450965 94.7169692639 9905.78246829
41 0.494292575531 82.1143584885 9918.39134894
42 0.488920353533 71.1885072334 9929.32257241
43 0.484310330106 61.716387735 9938.79930193
44 0.480348874702 53.5045659539 9947.01508517
45 0.476940748027 46.3853590614 9954.13770019
46 0.474005713388 40.2134068192 9960.31258747
47 0.471475819208 34.8626653125 9965.66585887
48 0.469293483753 30.2238773806 9970.30682914
49 0.467409716026 26.2023172174 9974.33027307
50 0.465782715224 22.7158522098 9977.81836507
51 0.464376789003 19.6932901764 9980.84233303
52 0.463161373933 17.07290856 9983.46393007
53 0.462110253598 14.8011893158 9985.73670043
54 0.461200927579 12.8317431965 9987.70705588
55 0.46041404602 11.1243513297 9989.41523462
56 0.4597329522 9.6441425869 9990.89612446
57 0.459143301594 8.36089092086 9992.17996578
58 0.458632722342 7.24838863308 9993.29297864
59 0.458190539655 6.28391463257 9994.25789483
60 0.457807539928 5.44777469624 9995.09441776
61 0.457475761323 4.7228915085 9995.81963273
62 0.45718832352 4.09446071285 9996.44835096
63 0.456939279045 3.54964988118 9996.99341084
64 0.456723482219 3.07733154092 9997.46594498
65 0.456536481741 2.66785972427 9997.87560379
66 0.456374425929 2.31287290913 9998.23075266
67 0.456233979789 2.00512057941 9998.53864544
68 0.45611225641 1.73831778946 9998.80556995
69 0.456006756078 1.50701623823 9999.03697701
70 0.455915313343 1.30649161516 9999.23759307
