"Time" "S" "I" "R"
0 10000 1 0
1 9997.09455841 3.6147566086 0.290684984885
2 9986.60358366 13.0554216351 1.34099470908
3 9948.86229056 47.0090779555 5.12863148721
4 9814.86995228 167.437182722 18.6928650015
5 9360.59133086 574.309579174 66.0990899697
6 8032.33268986 1749.48286489 219.184445256
7 5376.79140506 4003.50448845 620.704106494
8 2583.88343003 6063.36605755 1353.75051242
9 1022.16616702 6697.39728911 2281.43654387
10 399.127639159 6379.71872601 3222.15363483
11 167.685190213 5743.67802874 4089.63678104
12 77.5352919139 5062.21266493 4861.25204315
13 39.4152821158 4423.52465605 5538.06006183
14 21.84963369 3850.90240674 6128.24795957
15 13.0805807152 3346.38683615 6641.53258313
16 8.37702780464 2905.27559274 7087.34737946
17 5.69023544469 2521.01949744 7474.29026712
18 4.06823885185 2186.9297423 7810.00201885
19 3.0409083073 1896.76277498 8101.19631671
20 2.36250295748 1644.89901911 8353.73847794
21 1.89829561146 1426.36384551 8572.73785888
22 1.56967769587 1236.7927863 8762.637536
23 1.33142824213 1072.37450062 8927.29407114
24 1.15429308976 929.786180793 9070.05952612
25 1.01991194458 806.139308258 9193.8407798
26 0.916140685826 698.923746485 9301.16011283
27 0.834775570938 605.960036877 9394.20518755
28 0.770139563157 525.356802365 9474.87305807
29 0.71812469535 455.470540969 9544.81133434
30 0.675893958471 394.878636151 9605.44546989
31 0.641293035642 342.345417688 9658.01328928
32 0.612732484386 296.799705537 9703.58756198
33 0.589002983974 257.312443406 9743.09855361
34 0.56917575628 223.078032035 9777.35279221
35 0.552526115123 193.397785074 9807.04968881
36 0.538486733685 167.666119229 9832.79539404
37 0.526604570568 145.357815726 9855.1155797
38 0.516515822967 126.017474743 9874.46600943
39 0.507925988732 109.250284369 9891.24178964
40 0.500594773952 94.7139383365 9905.78546689
41 0.494324694544 82.111648286 9918.39402702
42 0.488952301113 71.1860860676 9929.32496163
43 0.484342133634 61.7142266717 9938.80143119
44 0.480380557221 53.5026386442 9947.0169808
45 0.476972328916 46.3836415555 9954.13938612
46 0.474037208993 40.2118774081 9960.31408538
47 0.471507243299 34.8613043522 9965.6671884
48 0.469324847918 30.2226671171 9970.30800803
49 0.467441030041 26.2012416444 9974.33131733
50 0.465813987312 22.714896913 9977.8192891
51 0.464408026079 19.6924421877 9980.84314979
52 0.463192581819 17.0721562384 9983.46465118
53 0.462141437187 14.8005222165 9985.73733635
54 0.461232090973 12.8311519575 9987.70761595
55 0.460445192664 11.1238275761 9989.41572723
56 0.459764084981 9.64367882762 9990.89655709
57 0.459174422924 8.36048046147 9992.18034512
58 0.458663834243 7.24802550171 9993.29331066
59 0.45822164381 6.28359350145 9994.25818485
60 0.457838637743 5.44749081656 9995.09467055
61 0.457506853963 4.72264065347 9995.81985249
62 0.457219411959 4.09423911973 9996.44854147
63 0.456970364086 3.54945420388 9996.99357543
64 0.456754564524 3.07715880659 9997.46608663
65 0.45656756186 2.66770729141 9997.87572515
66 0.456405504314 2.31273843338 9998.23085606
67 0.45626505681 2.00500198115 9998.53873296
68 0.456143332371 1.73821322393 9998.80564344
69 0.456037831224 1.50692407095 9999.0370381
70 0.45594638787 1.30641039819 9999.23764321
