"Time" "S" "I" "R"
0 10000 1 0
1 9997.13196674 3.57913025999 0.288902996864
2 9986.87788064 12.7996224266 1.32249693754
3 9950.34696919 45.6396368308 5.01339397747
4 9821.83889515 161.055358925 18.1057459246
5 9389.13666942 548.379200869 63.4841297155
6 8122.53238936 1669.03220958 209.435401065
7 5541.31001186 3865.09892632 594.59106182
8 2724.87646648 5966.63125088 1309.49228264
9 1093.54175343 6678.4109475 2229.04729908
10 429.530589346 6401.23129387 3170.23811679
11 180.790377699 5778.41004666 4041.79957564
12 83.6135758153 5098.92269339 4818.46373079
13 42.488844815 4458.2274325 5500.28372268
14 23.5394372211 3882.35657394 6095.10398884
15 14.0831213602 3374.36988196 6612.54699668
16 9.01335209342 2929.942466 7062.0441819
17 6.11869557402 2542.65603497 7452.22526946
18 4.3723176678 2205.85400422 7790.77367811
19 3.26661859213 1913.28626607 8084.44711533
20 2.53674349752 1659.31033925 8339.15291725
21 2.03746575642 1438.92378061 8560.03875363
22 1.68428856014 1247.73351647 8751.58219497
23 1.42816259707 1081.90111815 8917.67071926
24 1.23783433856 938.079381418 9061.68278424
25 1.09346873041 813.357284959 9186.54924631
26 0.98200555216 705.204836484 9294.81315796
27 0.894621914224 611.425156271 9388.68022181
28 0.82521167819 530.11143921 9470.06334911
29 0.769372130246 459.606877739 9540.62375013
30 0.724036323387 398.476763336 9601.79920034
31 0.686894640467 345.475192687 9654.83791267
32 0.656239227932 299.521956756 9700.82180402
33 0.630770869486 259.680143712 9740.68908542
34 0.609491733951 225.137279165 9775.2532291
35 0.591623979544 195.188725617 9805.2196504
36 0.576557584684 169.223647043 9831.19979537
37 0.563806550399 146.712320446 9853.723873
38 0.552980332946 127.195399146 9873.25162052
39 0.543762723593 110.274625039 9890.18161224
40 0.535895786463 95.6047053196 9904.85939889
41 0.529167565805 82.8862477638 9917.58458467
42 0.523402641898 71.859658453 9928.61693891
43 0.518455585883 62.2999359272 9938.18160849
44 0.514204482368 54.011936898 9946.47385862
45 0.510547160799 46.8264972434 9953.6629556
46 0.507397471973 40.5969511458 9959.89565138
47 0.504682517694 35.1961290443 9965.29918844
48 0.502340523159 30.5138006026 9969.98385887
49 0.500318899485 26.454380385 9974.04530072
50 0.498572802666 22.9349961725 9977.56643102
51 0.497063939974 19.883815007 9980.61912105
52 0.495759507376 17.238548109 9983.26569238
53 0.494631379805 14.9451926458 9985.56017597
54 0.493655415972 12.9569370208 9987.54940756
55 0.492810849095 11.2331900419 9989.27399911
56 0.492079809037 9.73876223408 9990.76915796
57 0.491446903967 8.44314921005 9992.06540389
58 0.490898856811 7.3198990552 9993.18920209
59 0.490424214333 6.34608133554 9994.16349445
60 0.490013089378 5.50181830378 9995.00816861
61 0.489656937767 4.76987263665 9995.74047043
62 0.489348376874 4.13530232072 9996.3753493
63 0.489081023912 3.58515396145 9996.92576501
64 0.488849356743 3.10819517969 9997.40295546
65 0.488648598744 2.69468952445 9997.81666188
66 0.488474615982 2.33619579578 9998.17532959
67 0.488323829337 2.02539467066 9998.4862815
68 0.488193140665 1.7559417177 9998.75586514
69 0.48807986686 1.52233618607 9998.98958395
70 0.487981683831 1.31980863247 9999.19220968
