"Time" "S" "I" "R"
0 10000 1 0
1 9997.13226639 3.57879844059 0.288935171067
2 9986.88020009 12.7972514392 1.3225484736
3 9950.35982498 45.6270002882 5.01317473235
4 9821.89994596 160.996661181 18.103392862
5 9389.38875689 548.140455333 63.4707877777
6 8123.3391352 1668.28030172 209.380563079
7 5542.8222003 3863.73325068 594.444549023
8 2726.22754963 5965.49684589 1309.27560449
9 1094.25994766 6677.872943 2228.86710934
10 429.854519802 6400.98240434 3170.16307585
11 180.939654187 5778.21966495 4041.84068086
12 83.6881235942 5098.7056927 4818.6061837
13 42.5295692556 4457.96441308 5500.50601766
14 23.5636267116 3882.05125596 6095.38511733
15 14.0985879435 3374.03272842 6612.86868364
16 9.02389233591 2929.58478336 7062.3913243
17 6.12628042004 2542.28796707 7452.58575251
18 4.37803923866 2205.48395969 7791.13800107
19 3.27111008078 1912.9209075 8084.80798242
20 2.54039256907 1658.95474946 8339.50485797
21 2.04051858258 1438.58169648 8560.37778494
22 1.68690904623 1247.40755621 8751.90553474
23 1.43046009388 1081.5929935 8917.97654641
24 1.23988689279 937.790084295 9061.97002881
25 1.09533199257 813.087237476 9186.81743053
26 0.983720367027 704.954022455 9295.06225718
27 0.896218848193 611.193227901 9388.91055325
28 0.826714000166 529.897803827 9470.27548217
29 0.770797808746 459.41076858 9540.81843361
30 0.725399430279 398.297295125 9601.97730545
31 0.688206323231 345.311406499 9655.00038718
32 0.657508406544 299.372854945 9700.96963665
33 0.63200474756 259.544716925 9740.82327833
34 0.610696175776 225.014527104 9775.37477672
35 0.592803787202 195.077672134 9805.32952408
36 0.577716723228 169.123351898 9831.29893138
37 0.564948301975 146.621886405 9853.81316529
38 0.55410742863 127.113977344 9873.33191523
39 0.544877445225 110.20141807 9890.25370448
40 0.537000046306 95.5389684347 9904.92403152
41 0.530262970662 82.8272890045 9917.64244802
42 0.524490544765 71.8068377553 9928.6686717
43 0.519537129609 62.2526636921 9938.22779918
44 0.515280632286 53.9696717164 9946.51504765
45 0.511618733428 46.788743435 9953.69963783
46 0.50846515993 40.5632564658 9959.92827837
47 0.505746907951 35.1660817108 9965.32817138
48 0.503402113605 30.487026436 9970.00957145
49 0.501378113237 26.4305403436 9974.06808154
50 0.499629998918 22.9137834617 9977.58658654
51 0.498119423806 19.8649524495 9980.63692813
52 0.496813538235 17.2217858928 9983.28140057
53 0.495684178049 14.9303057679 9985.57401005
54 0.494707168866 12.9437231523 9987.56156968
55 0.493861715837 11.2214675611 9989.28467072
56 0.493129924833 9.72836818124 9990.77850189
57 0.492496383687 8.43393759607 9992.07356602
58 0.49194779804 7.31173925005 9993.19631295
59 0.491472699887 6.33885650309 9994.1696708
60 0.491061189576 5.49542409726 9995.01351471
61 0.490704712276 4.76421593246 9995.74507936
62 0.490395876277 4.13030004668 9996.37930408
63 0.490128291114 3.58073211643 9996.92913959
64 0.489896428102 3.10428786908 9997.4058157
65 0.489695505034 2.69123809509 9997.8190664
66 0.489521383275 2.33314811273 9998.1773305
67 0.48937047968 2.02270439839 9998.48792512
68 0.489239692695 1.75356769073 9998.75719262
69 0.489126336337 1.52024188173 9998.99063178
70 0.489028084055 1.3179616437 9999.19301027
