"Time" "S" "I" "R"
0 10000 1 0
1 9997.13180365 3.57928947499 0.288906872496
2 9986.87667937 12.8007600199 1.32256060994
3 9950.34046766 45.6456981608 5.01383417506
4 9821.80842806 161.083488711 18.108083234
5 9389.01196338 548.493288872 63.4947477506
6 8122.13631506 1669.38827364 209.4754113
7 5540.57499407 3865.726184 594.698821929
8 2724.23102306 5967.09501127 1309.67396567
9 1093.20849265 6678.53409779 2229.25740956
10 429.386459663 6401.17518733 3170.438353
11 180.727345921 5778.29752548 4041.9751286
12 83.5838867542 5098.80410137 4818.61201188
13 42.47358076 4458.11982963 5500.40658961
14 23.5308968964 3882.26451379 6095.20458931
15 14.0779631953 3374.29341347 6612.62862334
16 9.01001843195 2929.88010389 7062.10987768
17 6.11641073729 2542.60587749 7452.27771177
18 4.37066821509 2205.81416455 7790.81516723
19 3.26537417145 1913.25502325 8084.47960258
20 2.53576779907 1659.28618841 8339.17804379
21 2.03667507377 1438.90543228 8560.05789264
22 1.68362848305 1247.71988176 8751.59648975
23 1.42759845757 1081.89128582 8917.68111572
24 1.23734146997 938.072590871 9061.69006766
25 1.09303011893 813.352907995 9186.55406189
26 0.981608954402 705.202356005 9294.81603504
27 0.894258342314 611.424148556 9388.6815931
28 0.824874396372 530.111558743 9470.06356686
29 0.769055964534 459.607842999 9540.62310104
30 0.723737338092 398.478348674 9601.79791399
31 0.686609730161 345.477216734 9654.83617354
32 0.655965930908 299.524275269 9700.8197588
33 0.630507213466 259.682642871 9740.68684992
34 0.609236124377 225.139870157 9775.25089372
35 0.591375115213 195.191339902 9805.21728498
36 0.576314399064 169.226232785 9831.19745282
37 0.563568160595 146.714839063 9853.72159278
38 0.552746005089 127.197822794 9873.2494312
39 0.543531844916 110.276934471 9890.17953368
40 0.535667842976 95.6068880682 9904.85744409
41 0.528942124749 82.8882966885 9917.58276119
42 0.523179337732 71.8615705413 9928.61525012
43 0.518234109093 62.301711357 9938.18005453
44 0.513984570047 54.0135782028 9946.47243723
45 0.510328589149 46.8280086811 9953.66166273
46 0.507180050319 40.5983382371 9959.89448171
47 0.504466083181 35.1973981317 9965.29813579
48 0.502124936505 30.5149585288 9969.98291653
49 0.500104041505 26.455434274 9974.04446168
50 0.498358571207 22.9359532147 9977.56568821
51 0.496850247404 19.8846823146 9980.61846744
52 0.495546278496 17.2393326251 9983.2651211
53 0.494418550019 14.9459010483 9985.5596804
54 0.493442929766 12.9575756757 9987.54898139
55 0.492598658739 11.2337649718 9989.27363637
56 0.491867873478 9.73927909044 9990.76885304
57 0.491235187874 8.44361326917 9992.06515154
58 0.490687329782 7.32031521832 9993.18899745
59 0.490212850189 6.34645413261 9994.16333302
60 0.489801865579 5.50215190814 9995.00804623
61 0.489445834897 4.77017087876 9995.74038329
62 0.489137378208 4.13556870471 9996.37529392
63 0.488870115048 3.5853916857 9996.9257382
64 0.488638525267 3.10840715528 9997.40295432
65 0.488437833958 2.69487839473 9997.81668377
66 0.488263908672 2.33636395695 9998.17537213
67 0.488113171557 2.02554429011 9998.48634254
68 0.487982525572 1.75607475253 9998.75594272
69 0.487869288552 1.52245440104 9998.98967631
70 0.48777113723 1.3199136162 9999.19231525
