"Time" "S" "I" "R"
0 10000 1 0
1 9997.05647908 3.65107343825 0.292447477985
2 9986.32149608 13.318774056 1.35972986853
3 9947.32037211 48.4326887042 5.24693918574
4 9807.56823983 174.129583861 19.3021763132
5 9330.53410811 601.631511759 68.8343801348
6 7938.07412618 1833.53940381 229.386470007
7 5210.1761931 4143.16600854 647.657798366
8 2446.91299395 6155.64436058 1398.44264547
9 954.624968108 6712.89442057 2333.48061132
10 370.662202475 6357.08968948 3273.24810804
11 155.451578521 5709.09820122 4136.45022026
12 71.8604407386 5026.18750516 4902.9520541
13 36.5417888445 4389.70950337 5574.74870779
14 20.2668357213 3820.39633734 6160.33682694
15 12.1396171609 3319.34828415 6669.51209869
16 7.77855542037 2881.51946039 7111.70198419
17 5.28641642996 2500.24549611 7495.46808746
18 3.78114783233 2168.81301845 7828.40583371
19 2.82741215485 1880.98950324 8117.18308461
20 2.19740666698 1631.18057528 8367.62201805
21 1.76619049711 1414.44096796 8584.79284154
22 1.46081260433 1226.43553778 8773.10364961
23 1.23937568868 1063.38029019 8936.38033412
24 1.07470396937 921.977655617 9077.94764041
25 0.949762542901 799.361503249 9200.68873421
26 0.853265998494 693.041514569 9307.10521943
27 0.777593208981 600.855582888 9399.3668239
28 0.717471879747 520.92761856 9479.35490956
29 0.669084113941 451.627613797 9548.70330209
30 0.629794064786 391.544533181 9608.82567275
31 0.597600430498 339.452907815 9660.94949175
32 0.571024977267 294.290397745 9706.13857728
33 0.54894350888 255.135638202 9745.31541829
34 0.530492366979 221.189718961 9779.27978867
35 0.514997449285 191.759762712 9808.72523984
36 0.501931405484 166.245246506 9834.25282209
37 0.490872707431 144.125324562 9856.38380273
38 0.481482847235 124.948399897 9875.57011726
39 0.473487877223 108.322971639 9892.20354048
40 0.466664227808 93.9095958595 9906.62373991
41 0.460828131918 81.413972574 9919.12519929
42 0.455827531801 70.5809397471 9929.96323272
43 0.45153634819 61.1893384149 9939.35912524
44 0.447848865937 53.0473707919 9947.50478034
45 0.444676405883 45.9887582064 9954.56656539
46 0.441944312228 39.8693701961 9960.68868549
47 0.439589342897 34.5642309054 9965.99617975
48 0.437557887 29.9649983265 9970.59744379
49 0.435804356461 25.977751746 9974.5864439
50 0.434289841338 22.521054336 9978.04465582
51 0.432981112303 19.5243122336 9981.04270665
52 0.431849726312 16.926329606 9983.64182067
53 0.430871277787 14.6740409685 9985.89508775
54 0.430024819716 12.7214483478 9987.84852683
55 0.42929234347 11.0286772753 9989.54203038
56 0.428658342351 9.56115152276 9991.01019013
57 0.428109462317 8.2889005162 9992.28299002
58 0.427634188545 7.18594157323 9993.38642424
59 0.427222583206 6.22974598859 9994.34303143
60 0.426866069007 5.40078635121 9995.17234758
61 0.426557235405 4.68213226909 9995.8913105
62 0.426289677076 4.05910480428 9996.51460552
63 0.426057857463 3.51898065554 9997.05496149
64 0.425856987025 3.05072812378 9997.52341489
65 0.425682921781 2.64478301058 9997.92953407
66 0.425532076319 2.29285526561 9998.28161266
67 0.425401346349 1.98775670478 9998.58684195
68 0.425288044324 1.72325574966 9998.85145621
69 0.425189843409 1.49395089093 9999.08085927
70 0.42510472791 1.29515837798 9999.27973689
