"Time" "S" "I" "R"
0 10000 1 0
1 9997.09409395 3.61524772113 0.290658324409
2 9986.60001988 13.0589658585 1.3410142623
3 9948.84252073 47.0281505968 5.12932867624
4 9814.77570136 167.526532158 18.6977664817
5 9360.20142913 574.674450368 66.1241204984
6 8031.09722842 1750.61962694 219.283144638
7 5374.55366514 4005.48206093 620.964273934
8 2581.97700549 6064.87487456 1354.14811995
9 1021.18899617 6697.99183962 2281.81916421
10 398.697617182 6379.88121873 3222.42116408
11 167.490924536 5743.74179164 4089.76728383
12 77.4400349519 5062.30137441 4861.25859064
13 39.3641333029 4423.67026741 5537.96559929
14 21.8197352834 3851.10442611 6128.0758386
15 13.0617386392 3346.63473339 6641.30352797
16 8.36435455547 2905.55686811 7087.07877733
17 5.68122053536 2521.32251081 7473.99626865
18 4.0615069552 2187.24459037 7809.69390268
19 3.03566995134 1897.08141531 8100.88291474
20 2.35828004314 1645.21514033 8353.42657963
21 1.89478627042 1426.67263875 8572.43257498
22 1.5666835729 1237.09070584 8762.34261059
23 1.32881638585 1072.65903592 8927.0121477
24 1.15197020466 930.055659679 9069.79237012
25 1.01781163436 806.392727289 9193.58946108
26 0.914214429278 699.160627139 9300.92515843
27 0.832987192884 606.180305633 9393.98670717
28 0.768461660045 525.560695053 9474.67084329
29 0.716536143762 455.658521069 9544.62494279
30 0.67437829303 395.05133285 9605.27428886
31 0.639837235691 342.503572961 9657.8565898
32 0.611326151746 296.9441337 9703.44454015
33 0.587637735483 257.443998935 9742.96836333
34 0.567844777273 223.197584608 9777.23457061
35 0.551223829059 193.506200585 9806.94257559
36 0.537208543725 167.764245332 9832.69854612
37 0.525346670733 145.446471597 9855.02818173
38 0.515275046931 126.097443638 9874.38728132
39 0.506699691132 109.322308644 9891.17099166
40 0.499380737239 94.7787165668 9905.7219027
41 0.493121054458 82.1698337602 9918.33704519
42 0.487757486284 71.23828644 9929.27395607
43 0.483154816488 61.7610046082 9938.75584058
44 0.479199614359 53.5445129818 9946.9762874
45 0.47579680876 46.4210891491 9954.10311404
46 0.472866303642 40.2453349474 9960.28179875
47 0.47034026658 34.8911706442 9965.63848909
48 0.468161216686 30.2493055854 9970.2825332
49 0.46628024792 26.224982497 9974.30873726
50 0.464655631842 22.7360396189 9977.79930475
51 0.463251737592 19.7112578971 9980.82549037
52 0.462038053764 17.0888898595 9983.44907209
53 0.460988408408 14.8153947038 9985.72361689
54 0.460080338951 12.844362375 9987.69555729
55 0.459294527654 11.135554892 9989.40515058
56 0.458614345293 9.65408383586 9990.88730182
57 0.458025470763 8.3697074584 9992.17226707
58 0.457515552125 7.25620373919 9993.28628071
59 0.457073931633 6.29083871562 9994.25208735
60 0.456691410225 5.45390652745 9995.08940206
61 0.45636003843 4.72831931879 9995.81532064
62 0.456072946514 4.09926329968 9996.44466375
63 0.455824196024 3.55389753672 9996.99027827
64 0.45560864897 3.08108690614 9997.46330444
65 0.455421860626 2.67117861085 9997.87339953
66 0.455259984899 2.31580498542 9998.22893503
67 0.455119691571 2.00771001812 9998.53717029
68 0.454998097808 1.74060386804 9998.80439803
69 0.454892707359 1.5090338396 9999.03607345
70 0.454801357726 1.30827170923 9999.23692693
