"Time" "S" "I" "R"
0 10000 1 0
1 9997.10012683 3.60983303128 0.290040139204
2 9986.64348293 13.0199229214 1.33659415091
3 9949.07612305 46.8182886506 5.10558830321
4 9815.86924062 166.545354183 18.5854052011
5 9364.67076523 570.685845409 65.6433893607
6 8045.12110519 1738.35157883 217.527315981
7 5399.6604459 3985.06740346 616.272150636
8 2602.90673105 6052.08733785 1346.0059311
9 1031.48639291 6697.84351758 2271.67008951
10 402.950735296 6386.4024806 3211.64678411
11 169.257636277 5752.67501158 4079.06735214
12 78.2235782866 5071.83123018 4850.94519154
13 39.7400403999 4433.07914754 5528.18081206
14 22.0143734662 3860.10113234 6118.8844942
15 13.1697676422 3355.09923214 6632.73100021
16 8.42809515889 2913.44410091 7079.12780394
17 5.72088725329 2528.62358785 7466.6555249
18 4.08739945655 2193.96963955 7802.942961
19 3.05325998367 1903.25132766 8094.69541235
20 2.37064819264 1650.85690615 8347.77244566
21 1.90374603838 1431.81664985 8567.27960411
22 1.57334897785 1241.76900604 8757.65764498
23 1.33387432114 1076.9041752 8922.76195048
24 1.15588291277 933.899915272 9065.94420182
25 1.02088375959 809.867510007 9190.11160623
26 0.916656427929 702.296116955 9297.78722662
27 0.834948253634 609.005246321 9391.15980543
28 0.770048695262 528.102195193 9472.12775611
29 0.717828386507 457.941996197 9542.34017542
30 0.675434052537 397.100441217 9603.22412473
31 0.640700953567 344.340254157 9656.01904489
32 0.612032256444 298.588639899 9701.79932784
33 0.588213157513 258.914957709 9741.49682913
34 0.568310832281 224.512066044 9775.91962312
35 0.551597715728 194.679810681 9805.7685916
36 0.537504077533 168.811198494 9831.65129743
37 0.525575257883 146.379698944 9854.0947258
38 0.515446141388 126.928678139 9873.55587572
39 0.506821171923 110.062172018 9890.43100681
40 0.4994592328 95.436810688 9905.06373008
41 0.49316218373 82.7548227706 9917.75201505
42 0.487766034868 71.7579756075 9928.75425836
43 0.483134881551 62.2224157025 9938.29444942
44 0.479154725243 53.9539547223 9946.56689055
45 0.475730030434 46.7842256108 9953.74004436
46 0.472780285534 40.5672405322 9959.95997918
47 0.470237319016 35.1763886229 9965.35337406
48 0.468043362585 30.5019023668 9970.03005427
49 0.466149252448 26.4485898197 9974.08526093
50 0.464513045234 22.933900288 9977.60158667
51 0.46309892422 19.8862663484 9980.65063473
52 0.461876211095 17.2436243183 9983.29449947
53 0.460818592624 14.9521524104 9985.587029
54 0.459903482277 12.9651889231 9987.57490759
55 0.459111451053 11.2422684048 9989.29862014
56 0.458425774441 9.74830119546 9990.79327303
57 0.457832047061 8.45286555275 9992.0893024
58 0.457317841508 7.32957742344 9993.21310474
59 0.456872434803 6.35555982298 9994.18756774
60 0.456486569801 5.51097897502 9995.03253446
61 0.456152245421 4.77863264492 9995.76521511
62 0.455862546864 4.14360605372 9996.4005314
63 0.455611495465 3.59296797177 9996.95142053
64 0.455393917666 3.11550299768 9997.42910308
65 0.455205337532 2.70148745543 9997.84330721
66 0.455041881074 2.34249032607 9998.20246779
67 0.454900193494 2.03119953337 9998.51390027
68 0.454777370316 1.761275735 9998.78394689
69 0.45467089595 1.52722201904 9999.01810709
70 0.454578590905 1.32427118203 9999.22115023
