"Time" "S" "I" "R"
0 10000 1 0
1 9997.05617309 3.65141195308 0.292414954059
2 9986.31908099 13.3212415118 1.3596774966
3 9947.30672937 48.4460982388 5.2471723872
4 9807.50232353 174.192978134 19.30469834
5 9330.25926676 601.891908124 68.8488251153
6 7937.2078483 1834.34664655 229.445505149
7 5208.65067659 4144.54003601 647.809287403
8 2445.65757213 6156.69098244 1398.65144543
9 953.990659514 6713.37066218 2333.63867831
10 370.381601736 6357.32242327 3273.29597499
11 155.322871337 5709.29427071 4136.38285795
12 71.796119827 5026.41738273 4902.78649745
13 36.5065700035 4389.98647235 5574.50695764
14 20.2458621574 3820.71441803 6160.03971981
15 12.1261749071 3319.69631076 6669.17751434
16 7.76937644052 2881.88604137 7111.34458219
17 5.27979937659 2500.62064223 7495.09955839
18 3.77615019253 2169.18855113 7828.03529868
19 2.82348424634 1881.35900679 8116.81750897
20 2.19421257387 1631.53919634 8367.26659109
21 1.76351585853 1414.78517556 8584.45130858
22 1.45851615658 1226.76289012 8772.77859372
23 1.23736087399 1063.68922268 8936.07341644
24 1.07290326523 922.267304421 9077.65979231
25 0.948127390606 799.631550198 9200.42032241
26 0.851760712158 693.292060891 9306.8561784
27 0.776191086979 601.08704585 9399.13676306
28 0.716152600166 521.14064738 9479.14320002
29 0.667831945408 451.823019806 9548.50914825
30 0.62859671313 391.723237777 9608.64816551
31 0.596448138789 339.615897986 9660.78765388
32 0.569909938957 294.438692993 9705.99139707
33 0.547859416012 255.270264465 9745.18187612
34 0.529434084987 221.311689104 9779.15887681
35 0.513960769222 191.87006173 9808.6159775
36 0.500912856814 166.344821277 9834.15426587
37 0.489869413077 144.215076477 9856.29505411
38 0.480492413277 125.029180296 9875.49032729
39 0.472508303348 108.395579103 9892.13191259
40 0.465693837437 93.9747752981 9906.55953086
41 0.459865516261 81.4724153494 9919.06771913
42 0.454871503369 70.6332845801 9929.91184392
43 0.450585905723 61.2361735265 9939.31324057
44 0.44690316195 53.0892356201 9947.46386122
45 0.443734723687 46.0261462847 9954.53011899
46 0.44100604443 39.9027317396 9960.65626222
47 0.438653974046 34.5939754352 9965.96737059
48 0.436624979931 29.9914977974 9970.57187722
49 0.434873539813 26.0013431369 9974.56378332
50 0.433360799556 22.5420423337 9978.02459687
51 0.43205357739 19.5429720147 9981.02497441
52 0.430923470381 16.9429091607 9983.62616737
53 0.429946107144 14.6887635 9985.88129039
54 0.429100569783 12.7345145452 9987.83638489
55 0.428368874294 11.040267245 9989.53136388
56 0.42773553501 9.57142677243 9991.00083769
57 0.427187215795 8.29800575132 9992.27480703
58 0.42671241698 7.19400621945 9993.37928136
59 0.426301213696 6.23688575302 9994.33681303
60 0.425945039668 5.40710460399 9995.16695036
61 0.425636493692 4.68772120721 9995.8866423
62 0.425369178414 4.06404664562 9996.51058418
63 0.425137564063 3.52334867182 9997.05151376
64 0.424936866835 3.05458751355 9997.52047562
65 0.424762947658 2.64819179437 9997.92704526
66 0.424612225273 2.29586503962 9998.27952274
67 0.42448159892 1.99041329189 9998.58510511
68 0.42436838405 1.72559985498 9998.85003176
69 0.424270256382 1.49601864163 9999.0797111
70 0.42418520237 1.29698181003 9999.27883299
