"Time" "S" "I" "R"
0 10000 1 0
1 9997.05643635 3.65113590202 0.292427750874
2 9986.32111416 13.3192294488 1.3596563924
3 9947.31809884 48.4351650899 5.2467360676
4 9807.55694952 174.141312995 19.3017374899
5 9330.48619491 601.679966934 68.8338381511
6 7937.92079393 1833.69235319 229.386852878
7 5209.90067618 4143.44208939 647.657234436
8 2446.67838122 6155.89836749 1398.42325129
9 954.499913781 6713.08063287 2333.41945335
10 370.602931555 6357.25843823 3273.13863021
11 155.422275541 5709.27933404 4136.29839042
12 71.8446948748 5026.38749818 4902.76780694
13 36.5325844129 4389.92545903 5574.54195655
14 20.2610349979 3820.6227863 6160.1161787
15 12.1357165758 3319.57968744 6669.28459599
16 7.77578243912 2881.75102411 7111.47319345
17 5.28434884033 2500.47336066 7495.24229049
18 3.77954154736 2169.03422317 7828.18623528
19 2.82611944145 1881.20187501 8116.97200555
20 2.19633423078 1631.38260131 8367.42106446
21 1.76527721439 1414.63167397 8584.60304881
22 1.46001702889 1226.61438007 8772.9256029
23 1.23866905889 1063.54706255 8936.21426839
24 1.07406572928 922.132412414 9077.79352186
25 0.949177672381 799.504495039 9200.54632729
26 0.852723325606 693.173136172 9306.9741405
27 0.777084266128 600.976331043 9399.24658469
28 0.716990170749 521.038058935 9479.24495089
29 0.66862453489 451.72835237 9548.60302309
30 0.629352619128 391.636197579 9608.7344498
31 0.597173914623 339.536129839 9660.86669625
32 0.570610817205 294.365801606 9706.06358758
33 0.54853961435 255.203831303 9745.24762908
34 0.53009703094 221.25128546 9779.21861751
35 0.514609267972 191.815258826 9808.67013191
36 0.501549219356 166.295197772 9834.20325301
37 0.490495553517 144.170224083 9856.33928036
38 0.481109924029 124.988707729 9875.53018235
39 0.473118514872 108.359114793 9892.16776669
40 0.466297865158 93.9419690289 9906.59173311
41 0.460464298034 81.4429391557 9919.09659655
42 0.455465830093 70.6068330792 9929.93770109
43 0.451176445316 61.2124635766 9939.33635998
44 0.447490480148 53.0680059592 9947.48450356
45 0.444319299835 46.0071566062 9954.54852409
46 0.441588285465 39.8857617666 9960.67264995
47 0.439234225896 34.5788239117 9965.98194186
48 0.437203536701 29.9779812184 9970.58481524
49 0.435450651894 25.9892946491 9974.5752547
50 0.433936680231 22.5313105705 9978.03475275
51 0.432628408336 19.5334198636 9981.03395173
52 0.431497406507 16.9344127062 9983.63408989
53 0.430519280533 14.6812109247 9985.88826979
54 0.42967309304 12.727805074 9987.84252183
55 0.428940843502 11.0343102336 9989.53674892
56 0.428307032109 9.56614076978 9991.0055522
57 0.427758310672 8.29331764128 9992.27892405
58 0.427283169267 7.18985048502 9993.38286635
59 0.426871674243 6.23320372317 9994.3399246
60 0.426515251835 5.40384378129 9995.16964097
61 0.426206494467 4.68483469598 9995.88895881
62 0.425938999322 4.06149256754 9996.51256843
63 0.42570723198 3.52108965629 9997.05320311
64 0.425506404665 3.05259026374 9997.52190333
65 0.425332374914 2.64642664433 9997.92824098
66 0.425181558578 2.29430557859 9998.28051286
67 0.425050852433 1.98903603779 9998.58591311
68 0.42493756982 1.72438392743 9998.8506785
69 0.424839384666 1.4949454904 9999.08021512
70 0.424754281892 1.29603496968 9999.27921075
