"Time" "S" "I" "R"
0 10000 1 0
1 9997.13226639 3.57879844078 0.28893517108
2 9986.88020009 12.7972514406 1.32254847371
3 9950.35982497 45.6270002955 5.01317473302
4 9821.89994592 160.996661215 18.1033928653
5 9389.38875674 548.140455471 63.4707877923
6 8123.33913472 1668.28030215 209.380563133
7 5542.8221994 3863.73325143 594.444549169
8 2726.22754885 5965.49684642 1309.27560474
9 1094.25994726 6677.8729431 2228.86710964
10 429.854519631 6400.9824042 3170.16307616
11 180.939654114 5778.21966473 4041.84068115
12 83.6881235606 5098.70569247 4818.60618397
13 42.5295692388 4457.96441286 5500.50601791
14 23.5636267024 3882.05125575 6095.38511755
15 14.0985879382 3374.03272823 6612.86868383
16 9.02389233256 2929.58478319 7062.39132448
17 6.12628041781 2542.28796692 7452.58575266
18 4.3780392371 2205.48395955 7791.13800121
19 3.27111007964 1912.92090737 8084.80798255
20 2.5403925682 1658.95474935 8339.50485808
21 2.04051858189 1438.58169638 8560.37778504
22 1.68690904567 1247.40755612 8751.90553483
23 1.43046009341 1081.59299342 8917.97654649
24 1.2398868924 937.790084227 9061.97002888
25 1.09533199222 813.087237416 9186.81743059
26 0.983720366718 704.954022401 9295.06225723
27 0.896218847914 611.193227854 9388.9105533
28 0.82671399991 529.897803785 9470.27548222
29 0.770797808505 459.410768543 9540.81843365
30 0.725399430059 398.297295092 9601.97730548
31 0.688206323024 345.31140647 9655.00038721
32 0.65750840635 299.372854919 9700.96963667
33 0.632004747371 259.544716903 9740.82327835
34 0.610696175592 225.014527084 9775.37477674
35 0.592803787024 195.077672117 9805.3295241
36 0.577716723055 169.123351882 9831.29893139
37 0.564948301806 146.621886392 9853.81316531
38 0.554107428465 127.113977332 9873.33191524
39 0.544877445063 110.20141806 9890.2537045
40 0.537000046146 95.5389684253 9904.92403153
41 0.530262970506 82.8272889962 9917.64244803
42 0.524490544611 71.806837748 9928.66867171
43 0.519537129452 62.2526636857 9938.22779918
44 0.515280632131 53.9696717107 9946.51504766
45 0.511618733277 46.78874343 9953.69963784
46 0.508465159777 40.5632564615 9959.92827838
47 0.505746907798 35.1660817069 9965.32817139
48 0.503402113454 30.4870264326 9970.00957145
49 0.501378113086 26.4305403406 9974.06808155
50 0.499629998769 22.9137834591 9977.58658654
51 0.498119423659 19.8649524472 9980.63692813
52 0.496813538088 17.2217858908 9983.28140057
53 0.495684177902 14.9303057661 9985.57401006
54 0.49470716872 12.9437231508 9987.56156968
55 0.493861715691 11.2214675597 9989.28467072
56 0.493129924689 9.72836818003 9990.7785019
57 0.492496383542 8.43393759501 9992.07356602
58 0.491947797897 7.31173924912 9993.19631295
59 0.491472699745 6.33885650227 9994.1696708
60 0.491061189436 5.49542409654 9995.01351471
61 0.490704712136 4.76421593183 9995.74507936
62 0.490395876135 4.13030004613 9996.37930408
63 0.490128290974 3.58073211595 9996.92913959
64 0.48989642796 3.10428786866 9997.4058157
65 0.489695504893 2.69123809472 9997.8190664
66 0.489521383135 2.33314811241 9998.1773305
67 0.489370479538 2.02270439811 9998.48792512
68 0.489239692553 1.75356769048 9998.75719262
69 0.489126336195 1.52024188151 9998.99063178
70 0.489028083915 1.31796164351 9999.19301027
