"Time" "S" "I" "R"
0 10000 1 0
1 9997.05647776 3.65107468575 0.292447558881
2 9986.32148624 13.3187831471 1.35973060891
3 9947.32031827 48.4327380845 5.24694364559
4 9807.56798419 174.129816974 19.3021988326
5 9330.53305452 601.632465198 68.834480277
6 7938.07083903 1833.54231968 229.386841283
7 5210.17048354 4143.17074267 647.658773793
8 2446.9084091 6155.64732847 1398.44426243
9 954.622746442 6712.89473813 2333.48251543
10 370.661277362 6357.08870725 3273.25001539
11 155.451185122 5709.0968035 4136.45201138
12 71.8602602478 5026.18604735 4902.9536924
13 36.541698538 4389.70811271 5574.75018875
14 20.2667866099 3820.39505568 6160.33815771
15 12.1395883573 3319.34712123 6669.51329041
16 7.77853735247 2881.51841361 7111.70304904
17 5.28640440723 2500.24455813 7495.46903746
18 3.78113940527 2168.81218036 7828.40668023
19 2.82740597363 1880.98875586 8117.18383817
20 2.19740195073 1631.17990976 8367.62268829
21 1.76618677078 1414.44037599 8584.79343724
22 1.46080957188 1226.43501173 8773.1041787
23 1.23937315408 1063.37982308 8936.38080376
24 1.07470180203 921.97724115 9077.94805705
25 0.949760652349 799.361135722 9200.68910363
26 0.853264320216 693.041188854 9307.10554683
27 0.77759169628 600.855294382 9399.36711392
28 0.717470497837 520.927363135 9479.35516637
29 0.669082836996 451.627387771 9548.70352939
30 0.629792872738 391.544333256 9608.82587387
31 0.597599307886 339.452731051 9660.94966964
32 0.571023911876 294.29024152 9706.13873457
33 0.548942490994 255.135500183 9745.31555733
34 0.53049138877 221.18959707 9779.27991154
35 0.514996504402 191.759655102 9808.72534839
36 0.501930488717 166.245151535 9834.25291798
37 0.490871814489 144.125240773 9856.38388741
38 0.481481974555 124.948325996 9875.57019203
39 0.473487021822 108.322906478 9892.2036065
40 0.466663387188 93.9095384216 9906.62379819
41 0.46082730397 81.4139219576 9919.12525074
42 0.455826714735 70.5808951542 9929.96327813
43 0.451535540491 61.1892991385 9939.35916532
44 0.447848066311 53.047336207 9947.50481573
45 0.444675613224 45.9887277599 9954.56659663
46 0.44194352559 39.8693433989 9960.68871308
47 0.439588561467 34.5642073256 9965.99620411
48 0.437557110075 29.9649775823 9970.59746531
49 0.435803583443 25.9777335003 9974.58646292
50 0.434289071705 22.5210382913 9978.04467264
51 0.432980345608 19.5242981271 9981.04272153
52 0.431848962164 16.926317206 9983.64183383
53 0.430870515856 14.6740300707 9985.89509941
54 0.430024059706 12.7214387719 9987.84853717
55 0.429291585127 11.0286688624 9989.54203955
56 0.428657585458 9.56114413306 9991.01019828
57 0.428108706688 8.28889402627 9992.28299727
58 0.42763343401 7.18593587449 9993.38643069
59 0.427221829628 6.2297409854 9994.34303718
60 0.426865316258 5.40078195934 9995.17235272
61 0.426556483377 4.68212841446 9995.8913151
62 0.426288925675 4.05910142168 9996.51460965
63 0.42605710661 3.51897768758 9997.05496521
64 0.425856236643 3.05072552002 9997.52341824
65 0.425682171814 2.64478072665 9997.9295371
66 0.425531326711 2.29285326248 9998.28161541
67 0.425400597056 1.98775494818 9998.58684445
68 0.425287295302 1.72325420944 9998.8514585
69 0.425189094625 1.49394954061 9999.08086136
70 0.425103979333 1.29515719429 9999.27973883
