"Time" "S" "I" "R"
0 10000 1 0
1 9997.09455973 3.61475536996 0.290684904322
2 9986.60359332 13.0554126979 1.34099397793
3 9948.862343 47.0090298812 5.12862712209
4 9814.8701991 167.436957746 18.6928431529
5 9360.59234329 574.308663236 66.0989934704
6 8032.33587443 1749.48003813 219.184087439
7 5376.79711762 4003.49972886 620.703153527
8 2583.88821379 6063.36288624 1353.74889997
9 1022.16854688 6697.39683458 2281.43461854
10 399.128641159 6379.71966513 3222.15169371
11 167.685617924 5743.67942882 4089.63495325
12 77.535488321 5062.21414224 4861.25036943
13 39.4153803685 4423.52607141 5538.05854822
14 21.8496870864 3850.90371361 6128.24659931
15 13.0806120117 3346.38802294 6641.53136505
16 8.3770474194 2905.27666142 7087.34629116
17 5.69024848399 2521.02045517 7474.28929635
18 4.06824798846 2186.93059804 7810.00115398
19 3.04091500481 1896.76353805 8101.19554695
20 2.36250806471 1644.89969853 8353.7377934
21 1.89829964323 1426.36444977 8572.73725059
22 1.56968097763 1236.7933232 8762.63699583
23 1.33143098302 1072.37497728 8927.29359173
24 1.1542954329 929.78660368 9070.05910089
25 1.01991398804 806.139683199 9193.84040281
26 0.9161424993 698.92407872 9301.15977878
27 0.834777205191 605.960331117 9394.20489168
28 0.770141055635 525.357062826 9474.87279612
29 0.718126074349 455.470771424 9544.8111025
30 0.675895245573 394.878839965 9605.44526479
31 0.641294247613 342.345597868 9658.01310788
32 0.612733634445 296.79986476 9703.58740161
33 0.589004082651 257.312584057 9743.09841186
34 0.569176812036 223.078156236 9777.35266695
35 0.552527134847 193.397894712 9807.04957815
36 0.538487722992 167.666215978 9832.7952963
37 0.526605534111 145.357901075 9855.11549339
38 0.516516764601 126.017550012 9874.46593322
39 0.50792691168 109.250350729 9891.24172236
40 0.50059568092 94.7139968262 9905.78540749
41 0.494325587815 82.1116998244 9918.39397459
42 0.488953182617 71.1861314689 9929.32491535
43 0.484343005011 61.7142666564 9938.80139034
44 0.480381419871 53.5026738498 9947.01694473
45 0.47697318403 46.383672546 9954.13935427
46 0.474038057599 40.2119046817 9960.31405726
47 0.471508086279 34.8613283493 9965.66716356
48 0.469325686025 30.2226882269 9970.30798609
49 0.467441863924 26.2012602104 9974.33129793
50 0.465814817535 22.7149132382 9977.81927194
51 0.464408853126 19.6924565399 9980.84313461
52 0.463193406113 17.0721688535 9983.46463774
53 0.462142259086 14.8005333026 9985.73732444
54 0.461232910793 12.8311616983 9987.70760539
55 0.46044601068 11.1238361332 9989.41571786
56 0.45976490143 9.64368634359 9990.89654875
57 0.459175238009 8.36048706191 9992.1803377
58 0.458664648142 7.24803129715 9993.29330405
59 0.458222456678 6.28359858926 9994.25817895
60 0.457839449715 5.44749528248 9995.09466527
61 0.457507665158 4.72264457288 9995.81984776
62 0.457220222474 4.09424255901 9996.44853722
63 0.456971174008 3.54945722142 9996.9935716
64 0.456755373934 3.07716145371 9997.46608317
65 0.456568370822 2.66770961327 9997.87572202
66 0.456406312889 2.31274046968 9998.23085322
67 0.456265865045 2.00500376676 9998.53873037
68 0.456144140309 1.73821478952 9998.80564107
69 0.456038638908 1.50692544345 9999.03703592
70 0.455947195333 1.30641160127 9999.2376412
