"Time" "S" "I" "R"
0 10000 1 0
1 9997.09455797 3.61475898427 0.290683045083
2 9986.60357476 13.0554387923 1.34098645049
3 9948.86222659 47.0091704806 5.12860292453
4 9814.86960863 167.437618889 18.6927724799
5 9360.58980388 574.311393975 66.0988021414
6 8032.32756154 1749.48885008 219.183588377
7 5376.78141948 4003.51685146 620.70172906
8 2583.87388697 6063.38114305 1353.74496998
9 1022.16038543 6697.41297939 2281.42663519
10 399.124538555 6379.73604113 3222.13942032
11 167.683483533 5743.69745882 4089.61905765
12 77.5342917977 5062.23393141 4861.23177679
13 39.4146567283 4423.54719691 5538.03814636
14 21.849218654 3850.92563435 6128.225147
15 13.0802902994 3346.41023247 6641.50947723
16 8.37681487195 2905.29873512 7087.32445
17 5.6900727798 2521.04205765 7474.26786957
18 4.06811001758 2186.95147609 7809.98041389
19 3.04080300295 1896.7835091 8101.1756879
20 2.36241448484 1644.9186386 8353.71894692
21 1.89821948247 1426.38228229 8572.71949823
22 1.56961080403 1236.81000928 8762.62037991
23 1.33136839531 1072.39050738 8927.27812422
24 1.15423870471 929.800990726 9070.04477057
25 1.0198618482 806.152956898 9193.82718125
26 0.916093996797 698.936280939 9301.14762506
27 0.834731617366 605.971512222 9394.19375616
28 0.770097823728 525.367278682 9474.86262349
29 0.71808476132 455.480081042 9544.8018342
30 0.675855505317 394.887303717 9605.43684078
31 0.641255803082 342.353276077 9658.00546812
32 0.612696262509 296.806816658 9703.58048708
33 0.5889676019 257.318867015 9743.09216538
34 0.569141073984 223.083825204 9777.34703372
35 0.552492017514 193.403001864 9807.04450612
36 0.538453125209 167.670810455 9832.79073642
37 0.52657137204 145.362028894 9855.11139973
38 0.516482968431 126.021254022 9874.46226301
39 0.507893423059 109.253670633 9891.23843594
40 0.500562450972 94.7169692645 9905.78246828
41 0.494292575539 82.114358489 9918.39134894
42 0.48892035354 71.1885072338 9929.32257241
43 0.484310330115 61.7163877354 9938.79930193
44 0.480348874711 53.5045659543 9947.01508517
45 0.476940748036 46.3853590617 9954.13770019
46 0.474005713395 40.2134068194 9960.31258747
47 0.471475819213 34.8626653127 9965.66585887
48 0.469293483759 30.2238773808 9970.30682914
49 0.467409716031 26.2023172176 9974.33027307
50 0.46578271523 22.71585221 9977.81836507
51 0.464376789008 19.6932901765 9980.84233303
52 0.463161373938 17.0729085601 9983.46393007
53 0.462110253606 14.8011893159 9985.73670043
54 0.461200927586 12.8317431966 9987.70705588
55 0.460414046025 11.1243513298 9989.41523462
56 0.459732952208 9.64414258697 9990.89612446
57 0.459143301599 8.36089092092 9992.17996578
58 0.45863272235 7.24838863313 9993.29297864
59 0.458190539661 6.28391463262 9994.25789483
60 0.457807539935 5.44777469628 9995.09441776
61 0.45747576133 4.72289150854 9995.81963273
62 0.457188323526 4.09446071288 9996.44835096
63 0.456939279051 3.54964988121 9996.99341084
64 0.456723482223 3.07733154095 9997.46594498
65 0.456536481746 2.66785972429 9997.87560379
66 0.45637442593 2.31287290915 9998.23075266
67 0.45623397979 2.00512057942 9998.53864544
68 0.456112256414 1.73831778947 9998.80556995
69 0.456006756081 1.50701623824 9999.03697701
70 0.455915313345 1.30649161517 9999.23759307
