"Time" "S" "I" "R"
0 10000 1 0
1 9997.09375119 3.6155125674 0.290736247592
2 9986.59767268 13.0608766796 1.3414506408
3 9948.83024296 47.0384240612 5.13133297853
4 9814.71913783 167.574524641 18.7063375249
5 9359.97279849 574.868723771 66.158477739
6 8030.38761034 1751.20794671 219.404442953
7 5373.30422797 4006.40573537 621.290036665
8 2580.96569864 6065.29107348 1354.74322788
9 1020.71607269 6697.65892807 2282.62499924
10 398.517838618 6379.1261856 3223.35597578
11 167.425284761 5742.80148998 4090.77322526
12 77.4161583938 5061.28712925 4862.29671235
13 39.3558099387 4422.63580774 5539.00838232
14 21.8173875448 3850.07930194 6129.10331052
15 13.0617275088 3345.63706598 6642.30120651
16 8.36524242639 2904.59837256 7088.03638501
17 5.68242182827 2520.41076734 7474.90681083
18 4.06277863229 2186.38426418 7810.55295719
19 3.03691652847 1896.27501635 8101.68806712
20 2.35946711778 1644.46356743 8354.17696545
21 1.89590529142 1425.97558352 8573.12851119
22 1.56773695418 1236.44696649 8762.98529656
23 1.3298112978 1072.06676377 8927.60342493
24 1.15291399902 929.512552877 9070.33453312
25 1.0187118926 805.896186709 9194.0851014
26 0.915077913865 698.707876446 9301.37704564
27 0.833819698211 605.768480437 9394.39769986
28 0.769268204896 525.186918857 9475.04381294
29 0.717320951298 455.319958801 9544.96272025
30 0.675144951072 394.745230666 9605.57962438
31 0.640588768849 342.227286563 9658.13212467
32 0.612065080299 296.695147863 9703.69278706
33 0.58836617483 257.219939734 9743.19169409
34 0.568564503976 222.996226855 9777.43520864
35 0.551936322583 193.325469474 9807.1225942
36 0.537915058225 167.602217145 9832.8598678
37 0.526048248787 145.301368851 9855.1725829
38 0.515972559215 125.967630655 9874.51639679
39 0.507393866908 109.206285616 9891.28632052
40 0.500072185392 94.6751119663 9905.82481585
41 0.493810282094 82.077396892 9918.42879283
42 0.488444916045 71.1558797014 9929.35567538
43 0.483840799565 61.6875953798 9938.82856382
44 0.479884441967 53.4791659704 9947.04094959
45 0.476480719917 46.3629583418 9954.16056094
46 0.473549496373 40.1936569688 9960.33279353
47 0.471022903139 34.8452575994 9965.6837195
48 0.468843428942 30.2085380927 9970.32261848
49 0.466962143717 26.188804161 9974.3442337
50 0.465337298187 22.703951023 9977.83071168
51 0.463933244057 19.682811087 9980.85325567
52 0.462719456151 17.0636838889 9983.47359665
53 0.461669750639 14.7930707846 9985.74525946
54 0.4607616552 12.8245997098 9987.71463863
55 0.459975844436 11.1180671951 9989.42195696
56 0.459295682584 9.63861559566 9990.90208872
57 0.458706843267 8.35603080517 9992.18526235
58 0.458196970463 7.24411581178 9993.29768722
59 0.457755403002 6.28015886307 9994.26208573
60 0.45737293913 5.44447401234 9995.09815305
61 0.457041627329 4.71999131838 9995.82296705
62 0.4567545962 4.09191286982 9996.45133253
63 0.45650590605 3.54741196112 9996.99608213
64 0.456290417964 3.07536618786 9997.46834339
65 0.456103686516 2.66613401782 9997.8777623
66 0.455941865142 2.31135787138 9998.23270026
67 0.45580162331 2.00379070694 9998.54040767
68 0.455680077977 1.73715062345 9998.8071693
69 0.455574732816 1.50599202705 9999.03843324
70 0.455483425312 1.30559298343 9999.23892359
