"Time" "S" "I" "R"
0 10000 1 0
1 9997.09453341 3.61478204634 0.290684545071
2 9986.60339474 13.0556051933 1.34100006373
3 9948.86125023 47.0100655757 5.12868419792
4 9814.86501299 167.441807728 18.6931792777
5 9360.57095323 574.32844791 66.1005988573
6 8032.26826789 1749.54148157 219.190250546
7 5376.6750585 4003.60546925 620.719472242
8 2583.78482052 6063.44018777 1353.77499171
9 1022.11607648 6697.42144134 2281.46248218
10 399.105883144 6379.71855559 3222.17556127
11 167.675520368 5743.67139112 4089.65308851
12 77.5306350755 5062.20642585 4861.26293907
13 39.4128274566 4423.52084472 5538.06632783
14 21.8482245206 3850.90130229 6128.25047319
15 13.0797076225 3346.38813605 6641.53215632
16 8.37644968609 2905.27883778 7087.34471253
17 5.68983001571 2521.02422597 7474.28594401
18 4.06793991379 2186.93554335 7809.99651673
19 3.04067831008 1896.76930175 8101.19001994
20 2.36231939971 1644.90598852 8353.73169208
21 1.89814442028 1426.37103175 8572.73082383
22 1.56954970534 1236.80001292 8762.63043738
23 1.33131736644 1072.38163252 8927.28705011
24 1.15419508111 929.793117067 9070.05268785
25 1.01982380408 806.145975935 9193.83420026
26 0.916060234407 698.930095093 9301.15384467
27 0.834701191683 605.966033799 9394.19926501
28 0.770070037599 525.362429183 9474.86750078
29 0.718059087834 455.475790228 9544.80615068
30 0.675831542752 394.883508897 9605.44065956
31 0.641233239292 342.349921308 9658.00884545
32 0.612674851345 296.803852081 9703.58347307
33 0.588947147409 257.316248225 9743.09480463
34 0.569121418577 223.081512702 9777.34936588
35 0.552473033 193.400960518 9807.04656645
36 0.538434706948 167.669009076 9832.79255622
37 0.526553433523 145.360439775 9855.11300679
38 0.516465437786 126.019852575 9874.46368199
39 0.507876240297 109.252435058 9891.2396887
40 0.500545565728 94.7158802367 9905.7835742
41 0.494275945333 82.1133988869 9918.39232517
42 0.488903942423 71.1876618993 9929.32343416
43 0.48429410754 61.715643252 9938.80006264
44 0.480332814646 53.5039104542 9947.01575673
45 0.47692482821 46.3847820429 9954.13829313
46 0.473989914746 40.212899004 9960.31311108
47 0.471460125382 34.8622185034 9965.66632137
48 0.469277880655 30.223484331 9970.30723779
49 0.467394191533 26.201971533 9974.33063428
50 0.46576725888 22.7155482461 9977.8186845
51 0.464361391767 19.693022949 9980.84261566
52 0.463146027998 17.072673676 9983.4641803
53 0.462094952203 14.8009828997 9985.73692215
54 0.461185664866 12.8315618295 9987.70725251
55 0.460398816915 11.1241920016 9989.41540918
56 0.459717752305 9.64400264408 9990.8962796
57 0.459128127086 8.36076802432 9992.18010385
58 0.458617569913 7.24828072504 9993.29310171
59 0.45817540642 6.28381990015 9994.25800469
60 0.457792423389 5.44769154315 9995.09451603
61 0.457460659309 4.72281853101 9995.81972081
62 0.457173234137 4.09439667509 9996.44843009
63 0.456924200655 3.54959369602 9996.9934821
64 0.456708413391 3.07728225271 9997.46600933
65 0.456521421236 2.66781649215 9997.87566209
66 0.456359372663 2.31283499412 9998.23080563
67 0.456218932823 2.00508733209 9998.53869374
68 0.45609721493 1.73828863878 9998.80561415
69 0.455991719369 1.5069906827 9999.0370176
70 0.455900280789 1.30646921423 9999.2376305
