"Time" "S" "I" "R"
0 10000 1 0
1 9997.09456148 3.61475175523 0.290686763531
2 9986.60361189 13.0553866006 1.3410015051
3 9948.86245942 47.0088892662 5.12865131807
4 9814.87078965 167.43629653 18.6929138179
5 9360.59488303 574.305932205 66.0991847646
6 8032.34418836 1749.47122527 219.184586373
7 5376.81281765 4003.4826047 620.704577645
8 2583.90254224 6063.34462838 1353.75282937
9 1022.17670918 6697.38068966 2281.44260116
10 399.132744128 6379.70328953 3222.16396634
11 167.687752478 5743.66139941 4089.65084811
12 77.5366849236 5062.19435371 4861.26896137
13 39.4161040515 4423.50494655 5538.0789494
14 21.8501555444 3850.88179349 6128.26805097
15 13.0809337406 3346.36581401 6641.55325225
16 8.37727997847 2905.25458828 7087.36813174
17 5.69042419684 2520.99885323 7474.31072257
18 4.06838596612 2186.90972051 7810.02189353
19 3.04102701222 1896.7435675 8101.21540548
20 2.36260164927 1644.88075895 8353.7566394
21 1.89837980808 1426.3466177 8572.75500249
22 1.56975115488 1236.77663754 8762.6536113
23 1.33149357404 1072.35944759 8927.30905884
24 1.15435216414 929.772217017 9070.07343082
25 1.01996613073 806.126409859 9193.85362401
26 0.9161910045 698.91187684 9301.17193216
27 0.834822795592 605.949150331 9394.21602687
28 0.770184290021 525.346847266 9474.88296844
29 0.718167389781 455.461462083 9544.82037053
30 0.675934988172 394.870376472 9605.45368854
31 0.641332694428 342.3379199 9658.02074741
32 0.612771008626 296.792913086 9703.59431591
33 0.589040565608 257.306301306 9743.10465813
34 0.569212552267 223.072487459 9777.35829999
35 0.55256225433 193.392787735 9807.05465001
36 0.538522322904 167.661621664 9832.79985601
37 0.526639698293 145.353773405 9855.1195869
38 0.516550562868 126.013846139 9874.4696033
39 0.50796040239 109.247030952 9891.24500865
40 0.500628912947 94.7110245032 9905.78834658
41 0.49435860216 82.1090412652 9918.39660013
42 0.488986013757 71.1837558003 9929.32725819
43 0.484375681965 61.7121456653 9938.80347865
44 0.480413967087 53.5007818254 9947.01880421
45 0.47700562208 46.3819861031 9954.14100827
46 0.474070403856 40.2104026103 9960.31552699
47 0.471540355396 34.8599914462 9965.6684682
48 0.469357890339 30.2214991276 9970.30914298
49 0.467474013865 26.2002032526 9974.33232273
50 0.465846921888 22.7139743113 9977.82017877
51 0.464440919292 19.6916229439 9980.84393614
52 0.463225440333 17.0714291835 9983.46534538
53 0.462174266615 14.7998773225 9985.73794841
54 0.461264896048 12.83058023 9987.70815487
55 0.46047797738 11.1233209637 9989.41620106
56 0.459796852698 9.64323012457 9990.89697302
57 0.459207176464 8.36008322486 9992.1807096
58 0.458696575981 7.24767398094 9993.29362944
59 0.458254375741 6.28328256369 9994.25846306
60 0.457871361537 5.44721588467 9995.09491275
61 0.457539571029 4.72239765158 9995.82006278
62 0.457252123464 4.09402441803 9996.44872346
63 0.457003071011 3.54926457321 9996.99373236
64 0.456787267689 3.07699137686 9997.46622136
65 0.456600261947 2.66755951156 9997.87584023
66 0.456438201887 2.31260803854 9998.23095376
67 0.456297752338 2.00488696156 9998.53881529
68 0.456176026248 1.73811179625 9998.80571218
69 0.456070523773 1.50683465463 9999.03709482
70 0.455979079356 1.30633159272 9999.23768933
