"Time" "S" "I" "R"
0 10000 1 0
1 9997.09455965 3.6147554379 0.290684908741
2 9986.60359279 13.0554131881 1.34099401803
3 9948.86234012 47.0090325181 5.12862736152
4 9814.87018556 167.436970086 18.6928443513
5 9360.59228776 574.308713476 66.0989987635
6 8032.33569976 1749.48019318 219.184107066
7 5376.79680428 4003.49998992 620.703205797
8 2583.8879514 6063.36306019 1353.74898842
9 1022.16841635 6697.39685951 2281.43472415
10 399.128586199 6379.71961362 3222.15180018
11 167.685594464 5743.67935203 4089.63505351
12 77.5354775479 5062.21406121 4861.25046124
13 39.4153749793 4423.52599378 5538.05863124
14 21.8496841576 3850.90364192 6128.24667392
15 13.0806102951 3346.38795784 6641.53143186
16 8.37704634351 2905.2766028 7087.34635086
17 5.69024776877 2521.02040263 7474.2893496
18 4.0682474873 2186.9305511 7810.00120141
19 3.04091463745 1896.76349619 8101.19558917
20 2.36250778458 1644.89966127 8353.73783095
21 1.89829942208 1426.36441663 8572.73728395
22 1.56968079763 1236.79329375 8762.63702545
23 1.33143083268 1072.37495114 8927.29361803
24 1.15429530438 929.786580485 9070.05912421
25 1.01991387595 806.139662633 9193.84042349
26 0.91614239983 698.924060497 9301.1597971
27 0.834777115551 605.960314978 9394.20490791
28 0.770140973771 525.357048539 9474.87281049
29 0.71812599871 455.470758783 9544.81111522
30 0.675895174976 394.878828786 9605.44527604
31 0.641294181136 342.345587985 9658.01311783
32 0.612733571365 296.799856027 9703.5874104
33 0.589004022386 257.312576342 9743.09841964
34 0.569176754128 223.078149424 9777.35267382
35 0.552527078911 193.397888698 9807.04958422
36 0.538487668724 167.666210671 9832.79530166
37 0.526605481256 145.357896394 9855.11549812
38 0.516516712945 126.017545884 9874.4659374
39 0.50792686105 109.25034709 9891.24172605
40 0.500595631167 94.713993618 9905.78541075
41 0.494325538813 82.1116969975 9918.39397746
42 0.488953134261 71.1861289786 9929.32491789
43 0.484342957212 61.7142644632 9938.80139258
44 0.48038137255 53.5026719187 9947.01694671
45 0.476973137123 46.3836708461 9954.13935602
46 0.474038011047 40.2119031858 9960.3140588
47 0.471508040036 34.8613270331 9965.66716493
48 0.46932564005 30.222687069 9970.30798729
49 0.46744181818 26.201259192 9974.33129899
50 0.465814771993 22.7149123428 9977.81927289
51 0.464408807758 19.6924557527 9980.84313544
52 0.463193360896 17.0721681615 9983.46463848
53 0.462142214001 14.8005326945 9985.73732509
54 0.461232865822 12.831161164 9987.70760597
55 0.460445965808 11.1238356638 9989.41571837
56 0.459764856643 9.64368593133 9990.89654921
57 0.459175193297 8.36048669987 9992.18033811
58 0.458664603497 7.24803097927 9993.29330442
59 0.458222412088 6.28359831019 9994.25817928
60 0.457839405173 5.44749503752 9995.09466556
61 0.457507620662 4.7226443579 9995.81984802
62 0.457220178014 4.09424237036 9996.44853745
63 0.456971129581 3.54945705591 9996.99357181
64 0.456755329535 3.07716130852 9997.46608336
65 0.45656832645 2.66770948592 9997.87572219
66 0.456406268533 2.31274035798 9998.23085337
67 0.456265820711 2.00500366882 9998.53873051
68 0.456144095991 1.73821470365 9998.8056412
69 0.456038594601 1.50692536817 9999.03703604
70 0.455947151038 1.30641153528 9999.23764131
