"Time" "S" "I" "R"
0 10000 1 0
1 9997.09374767 3.61551979796 0.290732528696
2 9986.59763552 13.0609288932 1.3414355821
3 9948.83000998 47.0387054517 5.13128456362
4 9814.71795582 167.575848077 18.7061960999
5 9359.96771458 574.874190604 66.1580948111
6 8030.37097055 1751.22558555 219.403443908
7 5373.27282528 4006.43999044 621.287184277
8 2580.9370627 6065.32757794 1354.73535936
9 1020.69976768 6697.69121147 2282.60902085
10 398.509643738 6379.15893858 3223.33141768
11 167.421021478 5742.83755365 4090.74142487
12 77.4137684046 5061.3267111 4862.2595205
13 39.3543644785 4422.67806097 5538.96757455
14 21.8164518378 3850.12314411 6129.06040405
15 13.0610848662 3345.68148426 6642.25743087
16 8.36477788757 2904.64251791 7087.9927042
17 5.68207083349 2520.45396919 7474.86395998
18 4.06250301059 2186.42601635 7810.51148064
19 3.0366927809 1896.31495389 8101.64835333
20 2.3592801692 1644.50144256 8354.13927727
21 1.89574514853 1426.01124327 8573.09301158
22 1.56759676139 1236.48033322 8762.95207002
23 1.32968625873 1072.09781847 8927.57249527
24 1.15280066498 929.5413215 9070.30587783
25 1.0186077243 805.922728736 9194.05866354
26 0.914981011554 698.732275658 9301.35274333
27 0.833728618407 605.790837608 9394.37543377
28 0.769181831429 525.207345751 9475.02347242
29 0.717238410904 455.33857345 9544.94418814
30 0.675065552499 394.762153828 9605.56278062
31 0.640511958658 342.242638892 9658.11684915
32 0.611990412744 296.709047825 9703.67896176
33 0.588293287528 257.232502069 9743.17920464
34 0.568493100298 223.007561457 9777.42394544
35 0.551866158861 193.335680685 9807.11245316
36 0.537845932362 167.611403235 9832.85075083
37 0.525979993301 145.309621845 9855.16439816
38 0.515905034654 125.97503624 9874.50905873
39 0.507326956698 109.212923184 9891.27974986
40 0.500005791899 94.6810547896 9905.81893942
41 0.493744323416 82.0827123414 9918.42354334
42 0.488379323318 71.1606295128 9929.35099116
43 0.483775514826 61.6918359697 9938.82438852
44 0.479819416376 53.4829487508 9947.03723183
45 0.476415912384 46.3663300733 9954.15725401
46 0.473484872196 40.196660063 9960.32985506
47 0.47095843305 34.8479304541 9965.68111111
48 0.468779088289 30.2109154288 9970.32030548
49 0.466897911678 26.1909172956 9974.34218479
50 0.465273157206 22.7058281706 9977.82889867
51 0.463869179357 19.684477641 9980.85165318
52 0.46265545526 17.065162653 9983.47218189
53 0.461605803062 14.7943822256 9985.74401197
54 0.460697752116 12.8257621786 9987.71354007
55 0.459911978412 11.119097113 9989.42099091
56 0.459231847382 9.63952765486 9990.9012405
57 0.45864303366 8.35683813875 9992.18451883
58 0.458133182059 7.24483013836 9993.29703668
59 0.457691632128 6.28079063966 9994.26151773
60 0.45730918271 5.44503256173 9995.09765826
61 0.456977882801 4.72048494026 9995.82253718
62 0.456690861423 4.09234895401 9996.45096018
63 0.45644217924 3.5477970805 9996.99576074
64 0.456226697641 3.07570618315 9997.46806712
65 0.456039971452 2.66643407954 9997.87752595
66 0.45587815432 2.31162260701 9998.23249924
67 0.455737915887 2.00402420418 9998.54023788
68 0.455616373267 1.73735650894 9998.80702712
69 0.455511030246 1.5061735145 9999.03831546
70 0.455419724422 1.30575292008 9999.23882736
