"Time" "S" "I" "R"
0 10000 1 0
1 9997.09451574 3.61482083064 0.290663433261
2 9986.60320085 13.0558852175 1.34091393273
3 9948.86002142 47.0115745255 5.12840405872
4 9814.85874852 167.44890513 18.6923463467
5 9360.54393238 574.3577842 66.0982834242
6 8032.17960459 1749.63635629 219.184039116
7 5376.50714434 4003.79100228 620.701853371
8 2583.63088659 6063.64108485 1353.72802856
9 1022.02783029 6697.60290085 2281.36926886
10 399.06121001 6379.90488166 3222.03390833
11 167.652127989 5743.87713046 4089.47074155
12 77.5174515278 5062.43214387 4861.0504046
13 39.4048211454 4423.76154426 5537.8336346
14 21.8430253878 3851.15080177 6128.00617284
15 13.0761283012 3346.64070131 6641.28317039
16 8.37385757738 2905.52968013 7087.09646229
17 5.68786866653 2521.26957185 7474.04255949
18 4.06639801513 2187.17254971 7809.76105227
19 3.0394254847 1896.99592314 8100.96465137
20 2.36127186298 1645.1208403 8353.51788783
21 1.89724655482 1426.57326349 8572.52948995
22 1.56876331356 1236.98919826 8762.44203843
23 1.33061569226 1072.55767505 8927.11170926
24 1.15355887699 929.956173061 9069.89026806
25 1.01923888577 806.29638998 9193.68437113
26 0.915515984285 699.068348032 9301.01613598
27 0.834189537989 606.092701568 9394.07310889
28 0.769584736399 525.478149006 9474.75226626
29 0.717595253858 455.581234086 9544.70117066
30 0.675385305773 394.979363501 9605.34525119
31 0.640801500605 342.436872251 9657.92232625
32 0.612255114687 296.882572122 9703.50517276
33 0.588537383059 257.387388651 9743.02407397
34 0.568719964804 223.145697055 9777.28558298
35 0.552078524721 193.458780651 9806.98914082
36 0.538046011739 167.721022254 9832.74093173
37 0.526169612942 145.407167735 9855.06666265
38 0.516085710427 126.061781023 9874.42213327
39 0.507499952939 109.290013944 9891.2024861
40 0.500172171298 94.74952477 9905.75030306
41 0.493904984898 82.1434907855 9918.36260423
42 0.488535030148 71.2145509182 9929.29691405
43 0.48392691866 61.7396489737 9938.77642411
44 0.479967075578 53.525324089 9946.99470884
45 0.476560308793 46.4038684358 9954.11957126
46 0.473626420586 40.2298983474 9960.29647523
47 0.471097492593 34.8773482465 9965.65155426
48 0.468915971211 30.2369410886 9970.29414294
49 0.467032888844 26.213932636 9974.31903448
50 0.465406464709 22.7261734497 9977.80842009
51 0.464001023409 19.7024560286 9980.83354295
52 0.462786015678 17.0810437391 9983.45617025
53 0.461735237228 14.8084058198 9985.72985894
54 0.460826197897 12.8381414965 9987.70103231
55 0.460039556421 11.1300213791 9989.40993906
56 0.459358663435 9.6491649045 9990.89147643
57 0.458769180621 8.36533751264 9992.17589331
58 0.45825874133 7.25232377707 9993.28941748
59 0.457816675218 6.28739570958 9994.25478762
60 0.457433772424 5.45085288116 9995.09171335
61 0.457102074264 4.7256123776 9995.81728555
62 0.456814703088 4.0968648595 9996.44632044
63 0.456565713675 3.55177342203 9996.99166086
64 0.456349962236 3.07920658003 9997.46444346
65 0.456162999075 2.6695148 9997.8743222
66 0.456000973845 2.31433336085 9998.22966567
67 0.455860552685 2.00640889429 9998.53773055
68 0.455738849638 1.73945392316 9998.80480723
69 0.455633365777 1.50801787849 9999.03634876
70 0.455541936317 1.30737443655 9999.23708363
