"Time" "S" "I" "R"
0 10000 1 0
1 9997.05647909 3.65107343467 0.292447477752
2 9986.3214961 13.3187740299 1.35972986641
3 9947.32037226 48.4326885624 5.24693917293
4 9807.56824056 174.129583192 19.3021762485
5 9330.53411113 601.631509021 68.8343798472
6 7938.07413562 1833.53939544 229.386468941
7 5210.17620949 4143.16599494 647.657795565
8 2446.91300712 6155.64435206 1398.44264083
9 954.624974488 6712.89441966 2333.48060585
10 370.662205131 6357.0896923 3273.24810256
11 155.451579651 5709.09820523 4136.45021512
12 71.8604412569 5026.18750935 4902.95204939
13 36.5417891038 4389.70950736 5574.74870354
14 20.2668358623 3820.39634102 6160.33682312
15 12.1396172436 3319.34828748 6669.51209527
16 7.77855547226 2881.5194634 7111.70198113
17 5.28641646449 2500.24549881 7495.46808473
18 3.78114785653 2168.81302086 7828.40583128
19 2.8274121726 1880.98950539 8117.18308244
20 2.19740668053 1631.1805772 8367.62201612
21 1.76619050781 1414.44096966 8584.79283983
22 1.46081261304 1226.43553929 8773.1036481
23 1.23937569595 1063.38029153 8936.38033277
24 1.0747039756 921.977656807 9077.94763922
25 0.949762548329 799.361504304 9200.68873315
26 0.853266003312 693.041515505 9307.10521849
27 0.777593213325 600.855583716 9399.36682307
28 0.717471883716 520.927619293 9479.35490882
29 0.669084117606 451.627614446 9548.70330144
30 0.629794068209 391.544533756 9608.82567218
31 0.597600433723 339.452908323 9660.94949124
32 0.571024980327 294.290398193 9706.13857683
33 0.548943511803 255.135638598 9745.31541789
34 0.530492369793 221.189719311 9779.27978832
35 0.514997452003 191.759763021 9808.72523953
36 0.501931408118 166.245246779 9834.25282181
37 0.490872709997 144.125324803 9856.38380249
38 0.481482849746 124.948400109 9875.57011704
39 0.473487879684 108.322971826 9892.20354029
40 0.466664230225 93.9095960244 9906.62373975
41 0.460828134303 81.4139727194 9919.12519915
42 0.455827534153 70.5809398751 9929.96323259
43 0.451536350516 61.1893385277 9939.35912512
44 0.447848868238 53.0473708912 9947.50478024
45 0.444676408164 45.9887582939 9954.5665653
46 0.441944314493 39.869370273 9960.68868541
47 0.439589345147 34.5642309731 9965.99617968
48 0.437557889236 29.964998386 9970.59744372
49 0.435804358687 25.9777517984 9974.58644384
50 0.434289843553 22.5210543821 9978.04465577
51 0.432981114509 19.5243122741 9981.04270661
52 0.431849728509 16.9263296416 9983.64182063
53 0.430871279981 14.6740409998 9985.89508772
54 0.430024821902 12.7214483753 9987.8485268
55 0.429292345652 11.0286772994 9989.54203035
56 0.428658344528 9.56115154398 9991.01019011
57 0.428109464492 8.28890053484 9992.28299
58 0.427634190715 7.18594158959 9993.38642422
59 0.427222585375 6.22974600295 9994.34303141
60 0.426866071171 5.40078636382 9995.17234757
61 0.42655723757 4.68213228016 9995.89131048
62 0.426289679237 4.059104814 9996.51460551
63 0.426057859622 3.51898066406 9997.05496148
64 0.425856989183 3.05072813125 9997.52341488
65 0.42568292394 2.64478301713 9997.92953406
66 0.425532078472 2.29285527136 9998.28161265
67 0.425401348504 1.98775670982 9998.58684194
68 0.425288046476 1.72325575408 9998.8514562
69 0.425189845562 1.49395089481 9999.08085926
70 0.425104730064 1.29515838138 9999.27973689
