"Time" "S" "I" "R"
0 10000 1 0
1 9997.09456016 3.61475299408 0.290686844108
2 9986.60360222 13.0553955393 1.34100223638
3 9948.86240697 47.0089373484 5.12865568393
4 9814.87054279 167.436521542 18.6929356703
5 9360.59387043 574.306848291 66.0992812802
6 8032.34100326 1749.47405249 219.18494425
7 5376.80710414 4003.48736508 620.705530775
8 2583.89775767 6063.34780024 1353.7544421
9 1022.17432891 6697.38114428 2281.44452682
10 399.131741952 6379.70235025 3222.16590779
11 167.687324691 5743.65999909 4089.65267622
12 77.5364884811 5062.19287615 4861.27063537
13 39.4160057809 4423.50353095 5538.08046327
14 21.8501021381 3850.8804864 6128.26941146
15 13.0809024382 3346.36462702 6641.55447054
16 8.37726035997 2905.25351943 7087.36922021
17 5.69041115501 2520.99789535 7474.3116935
18 4.06837682772 2186.90886463 7810.02275854
19 3.04102031337 1896.74280431 8101.21617537
20 2.36259654101 1644.88007941 8353.75732405
21 1.89837577549 1426.34601335 8572.75561088
22 1.56974787244 1236.77610056 8762.65415157
23 1.33149083258 1072.35897085 8927.30953831
24 1.15434982051 929.771794064 9070.07385612
25 1.01996408684 806.12603486 9193.85400105
26 0.916189190641 698.911544553 9301.17226626
27 0.834821160986 605.948856046 9394.21632279
28 0.77018279722 525.346586765 9474.88323044
29 0.718166010476 455.461231593 9544.8206024
30 0.675933700782 394.870172627 9605.45389367
31 0.641331482182 342.337739693 9658.02092882
32 0.612769858304 296.792753839 9703.5944763
33 0.58903946668 257.306160633 9743.1047999
34 0.569211496269 223.07236324 9777.35842526
35 0.552561234375 193.392678082 9807.05476068
36 0.53852133337 167.6615249 9832.79995377
37 0.526638734535 145.353688044 9855.11967322
38 0.516549621021 126.013770859 9874.46967952
39 0.507959479231 109.246964582 9891.24507594
40 0.500628005773 94.7109660053 9905.78840599
41 0.494357708689 82.1089897196 9918.39665257
42 0.488985132055 71.1837103928 9929.32730448
43 0.484374810392 61.7121056751 9938.80351951
44 0.480413104246 53.500746615 9947.01884028
45 0.477004766772 46.3819551085 9954.14104012
46 0.474069555057 40.210375333 9960.31555511
47 0.471539512226 34.8599674459 9965.66849304
48 0.469357052045 30.221478015 9970.30916493
49 0.467473179791 26.2001846843 9974.33234214
50 0.465846091476 22.713957984 9977.82019592
51 0.464440092053 19.6916085899 9980.84395132
52 0.463224615851 17.0714165669 9983.46535882
53 0.462173444526 14.799866235 9985.73796032
54 0.461264076039 12.830570488 9987.70816544
55 0.460477159175 11.1233124055 9989.41621044
56 0.459796036061 9.64322260769 9990.89698136
57 0.459206361189 8.36007662361 9992.18071702
58 0.458695761894 7.2476681848 9993.29363605
59 0.458253562687 6.28327747526 9994.25846896
60 0.457870549379 5.44721141822 9995.09491803
61 0.457538759651 4.72239373171 9995.82006751
62 0.457251312764 4.09402097835 9996.44872771
63 0.4570022609 3.54926155532 9996.99373618
64 0.456786458091 3.07698872943 9997.46622481
65 0.456599452798 2.66755718944 9997.87584336
66 0.456437393126 2.31260600201 9998.2309566
67 0.456296943916 2.00488517576 9998.53881788
68 0.45617521812 1.73811023049 9998.80571455
69 0.456069715898 1.50683328198 9999.037097
70 0.455978271706 1.30633038951 9999.23769134
