"Time" "S" "I" "R"
0 10000 1 0
1 9997.09456148 3.61475175899 0.290686763775
2 9986.60361186 13.0553866277 1.34100150731
3 9948.86245926 47.0088894119 5.12865133129
4 9814.8707889 167.436297211 18.6929138841
5 9360.59487996 574.30593498 66.099185057
6 8032.34417871 1749.47123384 219.184587457
7 5376.81280034 4003.48261913 620.704580532
8 2583.90252775 6063.34463799 1353.75283426
9 1022.17670197 6697.38069104 2281.44260699
10 399.132741092 6379.70328669 3222.16397222
11 167.687751182 5743.66139516 4089.65085365
12 77.5366843284 5062.19434923 4861.26896644
13 39.4161037537 4423.50494226 5538.07895398
14 21.8501553826 3850.88178953 6128.26805509
15 13.0809336458 3346.36581041 6641.55325594
16 8.37727991903 2905.25458504 7087.36813504
17 5.69042415733 2520.99885033 7474.31072551
18 4.06838593843 2186.90971792 7810.02189615
19 3.04102699192 1896.74356519 8101.21540782
20 2.36260163379 1644.88075689 8353.75664148
21 1.89837979586 1426.34661587 8572.75500433
22 1.56975114493 1236.77663591 8762.65361294
23 1.33149356573 1072.35944615 8927.30906029
24 1.15435215704 929.772215736 9070.07343211
25 1.01996612454 806.126408723 9193.85362515
26 0.916190999003 698.911875833 9301.17193317
27 0.834822790639 605.949149439 9394.21602777
28 0.770184285495 525.346846477 9474.88296924
29 0.718167385599 455.461461384 9544.82037123
30 0.675934984267 394.870375855 9605.45368916
31 0.641332690751 342.337919354 9658.02074796
32 0.612771005139 296.792912603 9703.59431639
33 0.589040562274 257.306300879 9743.10465856
34 0.569212549066 223.072487083 9777.35830037
35 0.552562251236 193.392787403 9807.05465035
36 0.538522319903 167.66162137 9832.79985631
37 0.526639695372 145.353773147 9855.11958716
38 0.516550560011 126.013845911 9874.46960353
39 0.507960399587 109.247030751 9891.24500885
40 0.500628910197 94.7110243259 9905.78834676
41 0.494358599453 82.109041109 9918.39660029
42 0.488986011085 71.1837556628 9929.32725833
43 0.484375679325 61.7121455442 9938.80347878
44 0.480413964473 53.5007817187 9947.01880432
45 0.477005619487 46.3819860092 9954.14100837
46 0.474070401282 40.2104025277 9960.31552707
47 0.471540352835 34.8599913735 9965.66846827
48 0.469357887796 30.2214990637 9970.30914305
49 0.467474011333 26.2002031964 9974.33232279
50 0.465846919366 22.7139742619 9977.82017882
51 0.464440916778 19.6916229004 9980.84393618
52 0.463225437827 17.0714291453 9983.46534542
53 0.462174264117 14.7998772889 9985.73794845
54 0.461264893558 12.8305802005 9987.70815491
55 0.460477974893 11.1233209377 9989.41620109
56 0.459796850213 9.6432301018 9990.89697305
57 0.459207173983 8.36008320486 9992.18070962
58 0.458696573507 7.24767396338 9993.29362946
59 0.458254373272 6.28328254827 9994.25846308
60 0.457871359071 5.44721587113 9995.09491277
61 0.457539568564 4.72239763971 9995.82006279
62 0.457252121001 4.09402440761 9996.44872347
63 0.457003068548 3.54926456407 9996.99373237
64 0.456787265228 3.07699136884 9997.46622137
65 0.456600259487 2.66755950453 9997.87584024
66 0.456438199428 2.31260803237 9998.23095377
67 0.456297749883 2.00488695615 9998.53881529
68 0.456176023792 1.73811179151 9998.80571218
69 0.456070521317 1.50683465047 9999.03709483
70 0.455979076902 1.30633158907 9999.23768933
