"Time" "S" "I" "R"
0 10000 1 0
1 9997.09455797 3.61475898448 0.290683045097
2 9986.60357476 13.0554387938 1.34098645061
3 9948.86222659 47.0091704886 5.12860292526
4 9814.86960859 167.437618927 18.6927724836
5 9360.58980371 574.311394128 66.0988021575
6 8032.32756101 1749.48885055 219.183588437
7 5376.78141852 4003.51685226 620.70172922
8 2583.87388617 6063.38114358 1353.74497024
9 1022.16038503 6697.41297946 2281.42663551
10 399.124538388 6379.73604097 3222.13942064
11 167.683483461 5743.69745859 4089.61905795
12 77.5342917649 5062.23393117 4861.23177707
13 39.4146567119 4423.54719668 5538.03814661
14 21.849218645 3850.92563413 6128.22514723
15 13.0802902941 3346.41023227 6641.50947743
16 8.37681486868 2905.29873495 7087.32445019
17 5.69007277763 2521.04205749 7474.26786974
18 4.06811001605 2186.95147595 7809.98041404
19 3.04080300183 1896.78350897 8101.17568803
20 2.36241448399 1644.91863848 8353.71894703
21 1.89821948179 1426.38228219 8572.71949833
22 1.56961080349 1236.81000919 8762.62038
23 1.33136839485 1072.3905073 8927.2781243
24 1.15423870432 929.800990655 9070.04477064
25 1.01986184786 806.152956836 9193.82718132
26 0.916093996497 698.936280884 9301.14762512
27 0.834731617093 605.971512173 9394.19375621
28 0.770097823481 525.367278639 9474.86262354
29 0.718084761089 455.480081003 9544.80183424
30 0.6758555051 394.887303683 9605.43684081
31 0.641255802881 342.353276047 9658.00546815
32 0.612696262315 296.806816632 9703.58048711
33 0.588967601714 257.318866992 9743.09216541
34 0.569141073804 223.083825183 9777.34703374
35 0.552492017343 193.403001846 9807.04450614
36 0.538453125044 167.670810439 9832.79073644
37 0.526571371876 145.36202888 9855.11139975
38 0.516482968273 126.02125401 9874.46226302
39 0.507893422902 109.253670622 9891.23843596
40 0.500562450819 94.7169692547 9905.78246829
41 0.494292575388 82.1143584804 9918.39134894
42 0.488920353391 71.1885072262 9929.32257242
43 0.48431032997 61.7163877287 9938.79930194
44 0.480348874566 53.5045659484 9947.01508518
45 0.476940747893 46.3853590565 9954.1377002
46 0.474005713251 40.2134068149 9960.31258747
47 0.471475819071 34.8626653087 9965.66585887
48 0.469293483618 30.2238773773 9970.30682914
49 0.46740971589 26.2023172145 9974.33027307
50 0.46578271509 22.7158522073 9977.81836508
51 0.46437678887 19.6932901741 9980.84233304
52 0.4631613738 17.072908558 9983.46393007
53 0.462110253467 14.8011893141 9985.73670043
54 0.461200927448 12.831743195 9987.70705588
55 0.460414045889 11.1243513283 9989.41523463
56 0.459732952071 9.64414258572 9990.89612446
57 0.459143301463 8.36089091982 9992.17996578
58 0.458632722215 7.24838863216 9993.29297865
59 0.458190539526 6.28391463177 9994.25789483
60 0.4578075398 5.44777469554 9995.09441776
61 0.457475761197 4.72289150789 9995.81963273
62 0.457188323395 4.09446071231 9996.44835096
63 0.456939278918 3.5496498807 9996.99341084
64 0.456723482092 3.0773315405 9997.46594498
65 0.456536481614 2.6678597239 9997.87560379
66 0.456374425801 2.31287290881 9998.23075267
67 0.456233979661 2.00512057913 9998.53864544
68 0.456112256285 1.73831778921 9998.80556995
69 0.456006755952 1.50701623802 9999.03697701
70 0.455915313218 1.30649161497 9999.23759307
