"Time" "S" "I" "R"
0 10000 1 0
1 9997.13226632 3.57879850805 0.288935175468
2 9986.88019957 12.7972519211 1.3225485132
3 9950.35982218 45.6270028553 5.0131749667
4 9821.89993289 160.99667309 18.1033940247
5 9389.38870354 548.140503581 63.4707928775
6 8123.33896617 1668.28045185 209.380581983
7 5542.82188751 3863.73351246 594.444600027
8 2726.22727639 5965.49703103 1309.27569258
9 1094.25980794 6677.87297601 2228.86721606
10 429.854460276 6400.98235553 3170.16318419
11 180.939628674 5778.21958815 4041.84078317
12 83.6881118665 5098.70561063 4818.60627751
13 42.52956339 4457.96433408 5500.50610253
14 23.5636235257 3882.05118286 6095.38519361
15 14.098586078 3374.03266198 6612.86875195
16 9.02389116743 2929.5847235 7062.39138533
17 6.12627964386 2542.28791342 7452.58580693
18 4.37803869515 2205.48391175 7791.13804955
19 3.27110968268 1912.92086475 8084.80802557
20 2.54039226566 1658.95471141 8339.50489633
21 2.04051834325 1438.58166263 8560.37781902
22 1.68690885134 1247.40752614 8751.905565
23 1.43045993127 1081.59296681 8917.97657326
24 1.23988675383 937.790060621 9061.97005262
25 1.09533187141 813.08721649 9186.81745164
26 0.983720259528 704.954003861 9295.06227588
27 0.89621875135 611.193211437 9388.91056981
28 0.826713911751 529.897789255 9470.27549683
29 0.770797727053 459.410755688 9540.81844658
30 0.725399354049 398.297283725 9601.97731692
31 0.688206251461 345.311396422 9655.00039733
32 0.657508338449 299.372846041 9700.96964562
33 0.632004682513 259.544709061 9740.82328626
34 0.610696113275 225.014520161 9775.37478373
35 0.592803726837 195.077666006 9805.32953027
36 0.577716664669 169.12334649 9831.29893685
37 0.564948244944 146.621881635 9853.81317012
38 0.554107372895 127.113973138 9873.33191949
39 0.544877390599 110.201414362 9890.25370825
40 0.536999992628 95.5389651668 9904.92403484
41 0.530262917795 82.8272861252 9917.64245096
42 0.524490492597 71.8068352192 9928.66867429
43 0.519537078038 62.2526614587 9938.22780146
44 0.515280581234 53.9696697501 9946.51504967
45 0.511618682824 46.7887417043 9953.69963961
46 0.508465109708 40.5632549428 9959.92827995
47 0.505746858065 35.1660803709 9965.32817277
48 0.503402064011 30.4870252574 9970.00957268
49 0.501378063889 26.430539307 9974.06808263
50 0.499629949791 22.9137825503 9977.5865875
51 0.498119374866 19.8649516483 9980.63692898
52 0.496813489459 17.2217851887 9983.28140132
53 0.495684129415 14.9303051491 9985.57401072
54 0.494707120355 12.9437226087 9987.56157027
55 0.493861667435 11.2214670835 9989.28467125
56 0.493129876526 9.72836776182 9990.77850236
57 0.492496335459 8.43393722776 9992.07356644
58 0.491947749882 7.31173892668 9993.19631332
59 0.491472651791 6.33885621922 9994.16967113
60 0.491061141534 5.4954238481 9995.01351501
61 0.49070466428 4.7642157138 9995.74507962
62 0.490395828323 4.13029985482 9996.37930432
63 0.490128243195 3.58073194811 9996.92913981
64 0.489896380212 3.10428772143 9997.4058159
65 0.489695457174 2.69123796559 9997.81906658
66 0.489521335438 2.33314799916 9998.17733067
67 0.489370431862 2.02270429881 9998.48792527
68 0.489239644896 1.75356760342 9998.75719275
69 0.48912628855 1.52024180519 9998.99063191
70 0.489028036285 1.31796157661 9999.19301039
