"Time" "S" "I" "R"
0 10000 1 0
1 9997.0556608 3.65184188856 0.29249730884
2 9986.31543933 13.3243746973 1.36018597083
3 9947.28720023 48.4631128758 5.24968688948
4 9807.41072609 174.273222175 19.3160517327
5 9329.88488638 602.219025974 68.8960876462
6 7936.04875308 1835.33599849 229.615248424
7 5206.65947548 4146.08176134 648.258763183
8 2444.09026487 6157.47108935 1399.43864577
9 953.257535069 6713.08914838 2334.65331655
10 370.092858482 6356.48441353 3274.42272799
11 155.20947568 5708.23729907 4137.55322525
12 71.7493647561 5025.28969339 4903.96094186
13 36.4862127118 4388.85309201 5575.66069528
14 20.2366113092 3819.60707117 6161.15631752
15 12.1218904462 3318.63214796 6670.24596159
16 7.7674355854 2880.87484197 7112.35772245
17 5.2790169198 2499.66788231 7496.05310077
18 3.77596126586 2168.29691896 7828.92711977
19 2.82360777114 1880.52926587 8117.64712636
20 2.19450390286 1630.77074326 8368.03475284
21 1.76389696779 1414.07643352 8585.15966951
22 1.45894613618 1226.11159747 8773.4294564
23 1.23781563051 1063.09264959 8936.66953478
24 1.07336994275 921.722428671 9078.20420139
25 0.948598876324 799.135182205 9200.91621892
26 0.852232978727 692.840941161 9307.30682586
27 0.776662098748 600.677923545 9399.54541436
28 0.716621269077 520.770330688 9479.51304804
29 0.668298109087 451.488429191 9548.8432727
30 0.629060312536 391.421421307 9608.94951838
31 0.596909414417 339.344058412 9661.05903217
32 0.570369202243 294.194198178 9706.23543262
33 0.548316949482 255.050648168 9745.40103488
34 0.529890227735 221.114660444 9779.35544933
35 0.51441582115 191.693498328 9808.79208585
36 0.501367083345 166.186765333 9834.31186758
37 0.490323049884 144.07372895 9856.435948
38 0.480945658697 124.902893083 9875.61616126
39 0.472961324289 108.282847046 9892.24419163
40 0.466146771194 93.8742269814 9906.65962625
41 0.460318472937 81.3828042671 9919.15687726
42 0.455324572486 70.5534806413 9929.99119479
43 0.451039153255 61.1651531221 9939.38380772
44 0.447356640265 53.026074452 9947.52656891
45 0.444188468737 45.9700102034 9954.58580133
46 0.441460080439 39.8528693678 9960.70567055
47 0.439108316341 34.5497113147 9966.01118037
48 0.437079635041 29.9522248243 9970.61069554
49 0.435328508296 25.9665167247 9974.59815477
50 0.433816077206 22.5111746026 9978.05500932
51 0.432509155822 19.5156259931 9981.05186485
52 0.431379338645 16.9186941863 9983.64992648
53 0.430402252241 14.6673305438 9985.9022672
54 0.429556977188 12.7155519079 9987.85489111
55 0.428825528808 11.0234970356 9989.54767744
56 0.428192420981 9.55660129967 9991.01520628
57 0.427644317439 8.28490433667 9992.28745135
58 0.4271697188 7.18243257728 9993.3903977
59 0.426758700565 6.22666528821 9994.34657601
60 0.426402696969 5.39808207361 9995.17551523
61 0.426094307524 4.6797588006 9995.89414689
62 0.425827135585 4.05702199319 9996.51715087
63 0.42559565213 3.51715315928 9997.05725119
64 0.425395074182 3.04912488684 9997.52548004
65 0.425221263451 2.64337670949 9997.93140203
66 0.425070639454 2.29162186799 9998.28330749
67 0.424940102217 1.98667510486 9998.58838479
68 0.424826967917 1.72230738646 9998.85286565
69 0.424728912974 1.49311945413 9999.08215163
70 0.424643924514 1.29442954663 9999.28092653
