"Time" "S" "I" "R"
0 10000 1 0
1 9997.05647909 3.65107343447 0.29244747774
2 9986.32149611 13.3187740285 1.35972986629
3 9947.32037227 48.4326885546 5.24693917223
4 9807.5682406 174.129583155 19.3021762449
5 9330.5341113 601.63150887 68.8343798313
6 7938.07413614 1833.53939497 229.386468882
7 5210.1762104 4143.16599419 647.657795411
8 2446.91300784 6155.64435159 1398.44264057
9 954.624974839 6712.89441961 2333.48060555
10 370.662205278 6357.08969246 3273.24810226
11 155.451579713 5709.09820545 4136.45021484
12 71.8604412855 5026.18750958 4902.95204914
13 36.5417891181 4389.70950758 5574.7487033
14 20.2668358701 3820.39634122 6160.33682291
15 12.1396172481 3319.34828767 6669.51209508
16 7.77855547512 2881.51946357 7111.70198096
17 5.28641646639 2500.24549896 7495.46808458
18 3.78114785786 2168.81302099 7828.40583115
19 2.82741217358 1880.9895055 8117.18308232
20 2.19740668127 1631.1805773 8367.62201602
21 1.7661905084 1414.44096975 8584.79283974
22 1.46081261352 1226.43553938 8773.10364801
23 1.23937569636 1063.3802916 8936.3803327
24 1.07470397594 921.977656873 9077.94763915
25 0.949762548631 799.361504363 9200.68873309
26 0.853266003582 693.041515556 9307.10521844
27 0.77759321357 600.855583762 9399.36682302
28 0.717471883941 520.927619333 9479.35490878
29 0.669084117813 451.627614482 9548.7033014
30 0.629794068402 391.544533787 9608.82567214
31 0.597600433905 339.452908351 9660.94949122
32 0.571024980502 294.290398218 9706.1385768
33 0.548943511973 255.13563862 9745.31541787
34 0.530492369953 221.189719331 9779.2797883
35 0.514997452157 191.759763038 9808.72523951
36 0.501931408269 166.245246794 9834.2528218
37 0.490872710141 144.125324816 9856.38380247
38 0.481482849887 124.948400121 9875.57011703
39 0.473487879823 108.322971836 9892.20354028
40 0.466664230362 93.9095960335 9906.62373974
41 0.460828134435 81.4139727274 9919.12519914
42 0.455827534284 70.5809398822 9929.96323258
43 0.451536350643 61.1893385339 9939.35912512
44 0.447848868369 53.0473708967 9947.50478023
45 0.444676408293 45.9887582987 9954.56656529
46 0.44194431462 39.8693702773 9960.68868541
47 0.439589345273 34.5642309768 9965.99617968
48 0.437557889361 29.9649983893 9970.59744372
49 0.435804358813 25.9777518013 9974.58644384
50 0.434289843679 22.5210543846 9978.04465577
51 0.432981114634 19.5243122763 9981.04270661
52 0.431849728635 16.9263296436 9983.64182063
53 0.430871280105 14.6740410015 9985.89508772
54 0.430024822026 12.7214483769 9987.8485268
55 0.429292345776 11.0286773008 9989.54203035
56 0.42865834465 9.56115154515 9991.01019011
57 0.428109464614 8.28890053587 9992.28299
58 0.427634190837 7.18594159049 9993.38642422
59 0.427222585497 6.22974600375 9994.34303141
60 0.426866071293 5.40078636452 9995.17234756
61 0.426557237692 4.68213228077 9995.89131048
62 0.426289679359 4.05910481453 9996.51460551
63 0.426057859744 3.51898066453 9997.05496148
64 0.425856989305 3.05072813166 9997.52341488
65 0.42568292406 2.6447830175 9997.92953406
66 0.425532078596 2.29285527168 9998.28161265
67 0.425401348626 1.9877567101 9998.58684194
68 0.425288046597 1.72325575433 9998.8514562
69 0.425189845682 1.49395089502 9999.08085926
70 0.425104730184 1.29515838157 9999.27973689
