"Time" "S" "I" "R"
0 10000 1 0
1 9997.13226639 3.57879844058 0.288935171066
2 9986.88020009 12.7972514391 1.32254847359
3 9950.35982498 45.6270002878 5.01317473231
4 9821.89994596 160.996661179 18.1033928618
5 9389.3887569 548.140455325 63.4707877768
6 8123.33913523 1668.28030169 209.380563076
7 5542.82220035 3863.73325064 594.444549014
8 2726.22754967 5965.49684585 1309.27560447
9 1094.25994768 6677.872943 2228.86710932
10 429.854519812 6400.98240435 3170.16307584
11 180.939654191 5778.21966497 4041.84068084
12 83.6881235962 5098.70569272 4818.60618369
13 42.5295692566 4457.9644131 5500.50601765
14 23.5636267121 3882.05125597 6095.38511732
15 14.0985879438 3374.03272843 6612.86868363
16 9.0238923361 2929.58478337 7062.39132429
17 6.12628042017 2542.28796708 7452.5857525
18 4.37803923875 2205.4839597 7791.13800107
19 3.27111008084 1912.9209075 8084.80798242
20 2.54039256912 1658.95474947 8339.50485796
21 2.04051858262 1438.58169648 8560.37778494
22 1.68690904626 1247.40755621 8751.90553474
23 1.4304600939 1081.5929935 8917.97654641
24 1.23988689282 937.790084299 9061.97002881
25 1.09533199259 813.08723748 9186.81743053
26 0.983720367043 704.954022458 9295.06225718
27 0.896218848207 611.193227904 9388.91055325
28 0.826714000177 529.897803829 9470.27548217
29 0.770797808755 459.410768582 9540.81843361
30 0.725399430292 398.297295127 9601.97730544
31 0.688206323244 345.311406501 9655.00038718
32 0.657508406557 299.372854946 9700.96963665
33 0.632004747571 259.544716926 9740.82327833
34 0.610696175787 225.014527105 9775.37477672
35 0.592803787209 195.077672135 9805.32952408
36 0.577716723239 169.123351899 9831.29893138
37 0.564948301984 146.621886406 9853.81316529
38 0.554107428638 127.113977345 9873.33191523
39 0.544877445232 110.201418071 9890.25370448
40 0.537000046314 95.5389684352 9904.92403152
41 0.530262970669 82.8272890049 9917.64244802
42 0.524490544773 71.8068377557 9928.6686717
43 0.519537129614 62.2526636924 9938.22779918
44 0.515280632289 53.9696717167 9946.51504765
45 0.511618733433 46.7887434353 9953.69963783
46 0.508465159935 40.5632564661 9959.92827837
47 0.505746907958 35.166081711 9965.32817138
48 0.503402113613 30.4870264362 9970.00957145
49 0.501378113244 26.4305403437 9974.06808154
50 0.499629998923 22.9137834618 9977.58658654
51 0.498119423813 19.8649524496 9980.63692813
52 0.496813538241 17.2217858929 9983.28140057
53 0.495684178055 14.930305768 9985.57401005
54 0.494707168871 12.9437231524 9987.56156968
55 0.493861715844 11.2214675611 9989.28467072
56 0.49312992484 9.72836818131 9990.77850189
57 0.492496383693 8.43393759613 9992.07356602
58 0.491947798044 7.3117392501 9993.19631295
59 0.49147269989 6.33885650313 9994.1696708
60 0.491061189581 5.4954240973 9995.01351471
61 0.49070471228 4.76421593249 9995.74507936
62 0.490395876281 4.13030004671 9996.37930408
63 0.490128291121 3.58073211646 9996.92913959
64 0.489896428106 3.1042878691 9997.4058157
65 0.489695505039 2.69123809512 9997.8190664
66 0.489521383281 2.33314811275 9998.1773305
67 0.489370479683 2.02270439841 9998.48792512
68 0.489239692701 1.75356769075 9998.75719262
69 0.489126336341 1.52024188174 9998.99063178
70 0.489028084063 1.31796164371 9999.19301027
