"Time" "S" "I" "R"
0 10000 1 0
1 9997.13226638 3.5787984443 0.288935171309
2 9986.88020006 12.7972514657 1.32254847577
3 9950.35982483 45.6270004292 5.01317474522
4 9821.89994524 160.996661835 18.1033929259
5 9389.38875396 548.140457983 63.4707880578
6 8123.33912592 1668.28030996 209.380564117
7 5542.82218312 3863.73326506 594.444551824
8 2726.22753462 5965.49685605 1309.27560932
9 1094.25993999 6677.87294482 2228.8671152
10 429.854516533 6400.98240166 3170.1630818
11 180.939652786 5778.21966073 4041.84068648
12 83.6881229501 5098.70568819 4818.60618886
13 42.5295689334 4457.96440874 5500.50602232
14 23.5636265366 3882.05125195 6095.38512152
15 14.0985878411 3374.03272477 6612.86868739
16 9.02389227173 2929.58478007 7062.39132766
17 6.1262803774 2542.28796413 7452.5857555
18 4.37803920882 2205.48395705 7791.13800374
19 3.27111005891 1912.92090515 8084.80798479
20 2.54039255241 1658.95474737 8339.50486008
21 2.04051856943 1438.58169462 8560.37778681
22 1.68690903554 1247.40755456 8751.90553641
23 1.43046008495 1081.59299203 8917.97654788
24 1.23988688517 937.790082995 9061.97003012
25 1.09533198592 813.087236324 9186.81743169
26 0.98372036113 704.954021433 9295.06225821
27 0.89621884288 611.193226997 9388.91055416
28 0.826713995313 529.897803026 9470.27548298
29 0.77079780426 459.410767872 9540.81843432
30 0.725399426095 398.297294499 9601.97730608
31 0.688206319293 345.311405945 9655.00038774
32 0.657508402808 299.372854456 9700.96963714
33 0.632004743991 259.544716493 9740.82327876
34 0.610696172347 225.014526723 9775.3747771
35 0.592803783889 195.077671798 9805.32952442
36 0.577716720016 169.123351601 9831.29893168
37 0.564948298847 146.621886143 9853.81316556
38 0.554107425571 127.113977113 9873.33191546
39 0.544877442226 110.201417867 9890.25370469
40 0.53700004336 95.5389682552 9904.9240317
41 0.530262967759 82.8272888463 9917.64244819
42 0.524490541902 71.806837616 9928.66867184
43 0.519537126775 62.2526635694 9938.2277993
44 0.515280629479 53.9696716084 9946.51504776
45 0.511618730648 46.7887433399 9953.69963793
46 0.508465157167 40.5632563822 9959.92827846
47 0.505746905208 35.1660816372 9965.32817146
48 0.503402110879 30.4870263713 9970.00957152
49 0.501378110521 26.4305402866 9974.0680816
50 0.499629996219 22.9137834116 9977.58658659
51 0.498119421116 19.8649524055 9980.63692817
52 0.496813535554 17.2217858541 9983.28140061
53 0.495684175377 14.9303057339 9985.57401009
54 0.494707166201 12.9437231225 9987.56156971
55 0.493861713179 11.2214675348 9989.28467075
56 0.493129922179 9.7283681582 9990.77850192
57 0.492496381035 8.43393757584 9992.07356604
58 0.491947795392 7.31173923229 9993.19631297
59 0.491472697244 6.33885648749 9994.16967082
60 0.491061186936 5.49542408357 9995.01351473
61 0.490704709639 4.76421592045 9995.74507937
62 0.490395873639 4.13030003614 9996.37930409
63 0.490128288484 3.58073210719 9996.9291396
64 0.48989642547 3.10428786097 9997.40581571
65 0.489695502405 2.69123808798 9997.81906641
66 0.489521380647 2.33314810649 9998.17733051
67 0.489370477053 2.02270439292 9998.48792513
68 0.489239690069 1.75356768594 9998.75719262
69 0.48912633371 1.52024187753 9998.99063179
70 0.489028081431 1.31796164002 9999.19301028
