"Time" "S" "I" "R"
0 10000 1 0
1 9997.05647909 3.65107343446 0.292447477739
2 9986.32149611 13.3187740284 1.35972986628
3 9947.32037227 48.4326885542 5.24693917219
4 9807.5682406 174.129583153 19.3021762448
5 9330.53411131 601.631508862 68.8343798305
6 7938.07413617 1833.53939495 229.386468879
7 5210.17621045 4143.16599415 647.657795402
8 2446.91300788 6155.64435156 1398.44264056
9 954.624974859 6712.89441961 2333.48060553
10 370.662205286 6357.08969247 3273.24810225
11 155.451579717 5709.09820546 4136.45021482
12 71.860441287 5026.18750959 4902.95204912
13 36.5417891189 4389.70950759 5574.74870329
14 20.2668358705 3820.39634123 6160.3368229
15 12.1396172484 3319.34828768 6669.51209507
16 7.77855547527 2881.51946357 7111.70198095
17 5.28641646649 2500.24549896 7495.46808457
18 3.78114785794 2168.813021 7828.40583114
19 2.82741217363 1880.98950551 8117.18308232
20 2.19740668131 1631.18057731 8367.62201601
21 1.76619050843 1414.44096976 8584.79283973
22 1.46081261355 1226.43553938 8773.10364801
23 1.23937569638 1063.38029161 8936.3803327
24 1.07470397596 921.977656876 9077.94763915
25 0.949762548646 799.361504366 9200.68873309
26 0.853266003596 693.041515559 9307.10521844
27 0.777593213579 600.855583765 9399.36682302
28 0.717471883949 520.927619336 9479.35490878
29 0.669084117822 451.627614484 9548.7033014
30 0.629794068411 391.544533789 9608.82567214
31 0.597600433912 339.452908352 9660.94949121
32 0.571024980507 294.290398219 9706.1385768
33 0.548943511976 255.135638621 9745.31541787
34 0.530492369957 221.189719332 9779.2797883
35 0.514997452161 191.759763039 9808.72523951
36 0.501931408273 166.245246795 9834.2528218
37 0.490872710145 144.125324817 9856.38380247
38 0.481482849889 124.948400122 9875.57011703
39 0.473487879824 108.322971837 9892.20354028
40 0.466664230365 93.909596034 9906.62373974
41 0.460828134439 81.4139727278 9919.12519914
42 0.455827534288 70.5809398826 9929.96323258
43 0.451536350649 61.1893385343 9939.35912512
44 0.447848868373 53.047370897 9947.50478023
45 0.444676408297 45.988758299 9954.56656529
46 0.441944314623 39.8693702775 9960.68868541
47 0.439589345277 34.564230977 9965.99617968
48 0.437557889363 29.9649983895 9970.59744372
49 0.435804358814 25.9777518015 9974.58644384
50 0.434289843681 22.5210543847 9978.04465577
51 0.432981114638 19.5243122765 9981.04270661
52 0.431849728639 16.9263296437 9983.64182063
53 0.43087128011 14.6740410016 9985.89508772
54 0.43002482203 12.7214483769 9987.8485268
55 0.42929234578 11.0286773008 9989.54203035
56 0.428658344654 9.56115154521 9991.01019011
57 0.428109464618 8.28890053592 9992.28299
58 0.427634190841 7.18594159054 9993.38642422
59 0.4272225855 6.22974600379 9994.34303141
60 0.426866071297 5.40078636456 9995.17234756
61 0.426557237693 4.6821322808 9995.89131048
62 0.426289679364 4.05910481456 9996.51460551
63 0.42605785975 3.51898066456 9997.05496148
64 0.425856989308 3.05072813169 9997.52341488
65 0.425682924064 2.64478301752 9997.92953406
66 0.4255320786 2.2928552717 9998.28161265
67 0.425401348632 1.98775671012 9998.58684194
68 0.425288046603 1.72325575434 9998.8514562
69 0.42518984569 1.49395089504 9999.08085926
70 0.42510473019 1.29515838158 9999.27973689
