"Time" "S" "I" "R"
0 10000 1 0
1 9997.05645428 3.65109672812 0.29244898826
2 9986.32131253 13.3189437807 1.35974369088
3 9947.31936695 48.4336106023 5.24702244821
4 9807.56346733 174.133935932 19.3025967362
5 9330.51443833 601.649311938 68.8362497338
6 7938.01275708 1833.59384141 229.393401509
7 5210.06960019 4143.25439086 647.67600895
8 2446.82739954 6155.69976758 1398.47283288
9 954.583492222 6712.90034836 2333.51615942
10 370.644931769 6357.07135168 3273.28371655
11 155.444234242 5709.072107 4136.48365876
12 71.8570712012 5026.16028902 4902.98263978
13 36.5401029348 4389.68354105 5574.77635602
14 20.2659188737 3820.37241003 6160.36167109
15 12.1390794345 3319.3265736 6669.53434697
16 7.77821811472 2881.49991786 7111.72186402
17 5.28619198009 2500.22798485 7495.48582317
18 3.78099050932 2168.79737204 7828.42163745
19 2.8272967589 1880.97555034 8117.1971529
20 2.19731862029 1631.16815049 8367.63453089
21 1.76612093098 1414.42991642 8584.80396265
22 1.46075599208 1226.42571691 8773.1135271
23 1.23932837075 1063.3715698 8936.38910183
24 1.07466350753 921.969917896 9077.9554186
25 0.949727248464 799.354641857 9200.69563089
26 0.853234666905 693.03543376 9307.11133157
27 0.777564968503 600.850196758 9399.37223827
28 0.717446081017 520.922850027 9479.35970389
29 0.669060274811 451.623394097 9548.70754563
30 0.629771810578 391.540800757 9608.82942743
31 0.597579472555 339.449607785 9660.95281274
32 0.571005087564 294.287481175 9706.14151374
33 0.548924506016 255.133061516 9745.31801398
34 0.53047410482 221.187443369 9779.28208253
35 0.514979809259 191.757753733 9808.72726646
36 0.501914290378 166.243473492 9834.25461222
37 0.490856037126 144.123760299 9856.38538366
38 0.481466555137 124.94702023 9875.57151322
39 0.473471907721 108.321755146 9892.20477295
40 0.46664853421 93.9085235476 9906.62482792
41 0.460812674837 81.4130276129 9919.12615971
42 0.455812277929 70.5801072396 9929.96408048
43 0.451521269164 61.1886051616 9939.35987357
44 0.447833937638 53.0467251248 9947.50544094
45 0.44466160766 45.9881897991 9954.56714859
46 0.441929626397 39.8688699181 9960.68920046
47 0.439574754288 34.5637906943 9965.99663455
48 0.437543382548 29.9646110531 9970.59784556
49 0.435789924923 25.9774111163 9974.58679896
50 0.434275473011 22.5207547959 9978.04496973
51 0.432966798806 19.524048878 9981.04298432
52 0.4318354604 16.9260981094 9983.64206643
53 0.430857053192 14.6738375161 9985.89530543
54 0.430010631004 12.7212695741 9987.84871979
55 0.429278185937 11.0285202156 9989.5422016
56 0.428644211914 9.5610135642 9991.01034222
57 0.428095355433 8.28877935543 9992.28312529
58 0.42762010214 7.18583518318 9993.38654471
59 0.427208514609 6.2296525839 9994.3431389
60 0.426852015897 5.40070435919 9995.17244362
61 0.426543195768 4.68206030682 9995.8913965
62 0.426275649159 4.05904165442 9996.5146827
63 0.426043839745 3.51892524656 9997.05503091
64 0.425842978175 3.05067951413 9997.52347751
65 0.425668920652 2.64474037186 9997.92959071
66 0.425518081907 2.29281786919 9998.28166405
67 0.425387357785 1.98772391075 9998.58688873
68 0.425274060844 1.72322699529 9998.85149894
69 0.42517586436 1.4939256817 9999.08089845
70 0.425090752715 1.2951362797 9999.27977297
