"Time" "S" "I" "R"
0 10000 1 0
1 9997.0945579 3.61475905242 0.290683049516
2 9986.60357423 13.055439284 1.34098649071
3 9948.86222371 47.0091731255 5.12860316469
4 9814.86959505 167.437631267 18.692773682
5 9360.58974818 574.311444368 66.0988074505
6 8032.32738634 1749.4890056 219.183608063
7 5376.78110519 4003.51711332 620.70178149
8 2583.87362378 6063.38131753 1353.74505869
9 1022.16025449 6697.41300439 2281.42674111
10 399.124483428 6379.73598946 3222.13952711
11 167.683460001 5743.69738179 4089.61915821
12 77.534280992 5062.23385013 4861.23186887
13 39.4146513228 4423.54711904 5538.03822964
14 21.8492157163 3850.92556245 6128.22522184
15 13.0802885775 3346.41016718 6641.50954425
16 8.37681379281 2905.29867633 7087.32450988
17 5.69007206241 2521.04200495 7474.26792298
18 4.06810951492 2186.95142901 7809.98046148
19 3.04080263448 1896.78346711 8101.17573025
20 2.36241420387 1644.91860122 8353.71898458
21 1.89821926066 1426.38224904 8572.7195317
22 1.56961062349 1236.80997974 8762.62040963
23 1.33136824452 1072.39048116 8927.2781506
24 1.1542385758 929.80096746 9070.04479396
25 1.01986173578 806.15293627 9193.82720199
26 0.916093897031 698.93626266 9301.14764344
27 0.834731527459 605.971496033 9394.19377244
28 0.770097741621 525.367264352 9474.86263791
29 0.718084685454 455.480068363 9544.80184695
30 0.675855434507 394.887292503 9605.43685206
31 0.641255736406 342.353266164 9658.0054781
32 0.612696199238 296.806807898 9703.5804959
33 0.588967541456 257.318859277 9743.09217318
34 0.5691410159 223.083818371 9777.34704061
35 0.552491961414 193.402995832 9807.04451221
36 0.538453070785 167.670805132 9832.7907418
37 0.526571319031 145.362024199 9855.11140448
38 0.51648291663 126.021249881 9874.4622672
39 0.507893372283 109.253666982 9891.23843965
40 0.500562401077 94.7169660464 9905.78247155
41 0.494292526395 82.1143556534 9918.39135182
42 0.488920305044 71.1885047359 9929.32257496
43 0.484310282178 61.7163855354 9938.79930418
44 0.480348827254 53.5045640173 9947.01508716
45 0.476940700994 46.3853573566 9954.13770194
46 0.474005666709 40.2134053188 9960.31258901
47 0.47147577284 34.8626639924 9965.66586023
48 0.469293437653 30.2238762194 9970.30683034
49 0.467409670156 26.2023161961 9974.33027413
50 0.465782669555 22.7158513118 9977.81836602
51 0.46437674351 19.6932893868 9980.84233387
52 0.463161328593 17.0729078661 9983.46393081
53 0.462110208389 14.801188706 9985.73670109
54 0.461200882484 12.8317426606 9987.70705646
55 0.460414001023 11.1243508589 9989.41523514
56 0.459732907291 9.64414217344 9990.89612492
57 0.459143256759 8.36089055776 9992.17996619
58 0.458632677573 7.24838831426 9993.29297901
59 0.458190494943 6.28391435269 9994.25789515
60 0.457807495262 5.44777445057 9995.09441805
61 0.457475716703 4.72289129289 9995.81963299
62 0.457188278935 4.09446052365 9996.4483512
63 0.456939234493 3.54964971518 9996.99341105
64 0.456723437695 3.0773313953 9997.46594517
65 0.456536437241 2.66785959654 9997.87560397
66 0.456374381452 2.31287279711 9998.23075282
67 0.456233935331 2.00512048118 9998.53864558
68 0.45611221197 1.73831770333 9998.80557008
69 0.456006711653 1.50701616273 9999.03697713
70 0.455915268929 1.30649154897 9999.23759318
