Time S I R
0.0  10000 1 0
1 9998.8604046 2.11300288146 0.0265925172976 
2 9996.45302523 4.46419596809 0.0827788045896 
3 9991.3694948 9.42903643494 0.201468762829 
4 9980.64393501 19.9039782549 0.45208673228 
5 9958.05466376 41.9645368764 0.980799361863 
6 9910.65672891 88.2491910033 2.09408008896 
7 9811.98013 184.59089527 4.42897472862 
8 9609.85718169 381.856980849 9.28583745822 
9 9209.27223956 772.506743415 19.22101703 
10 8464.80142285 1497.3085655 38.8900116498 
11 7233.11066671 2692.30777988 75.5815534101 
12 5540.07890003 4323.11780928 137.803290686 
13 3720.25095567 6050.02640531 230.722639026 
14 2212.40545257 7436.60405521 351.99049222 
15 1206.90501714 8300.69802571 493.396957151 
16 627.248522352 8727.64187944 646.109598204 
17 319.172045302 8878.07122902 803.756725682 
18 161.583690053 8876.82461911 962.591690834 
19 82.0811978236 8798.28517945 1120.63362272 
20 42.0159406275 8682.09001827 1276.8940411 
21 21.7161669572 8548.38337641 1430.90045663 
22 11.3430584584 8407.2169039 1582.44003764 
23 5.9899167092 8263.58085176 1731.42923153 
24 3.19813702342 8119.9532533 1877.84860967 
25 1.72637652794 7977.56304113 2021.71058234 
26 0.942052858298 7837.01463943 2163.04330771 
27 0.51910780684 7698.59828139 2301.8826108 
28 0.289243880705 7562.44280298 2438.26795314 
29 0.163229781878 7428.59652774 2572.24024248 
30 0.0933214714478 7297.06582915 2703.84084938 
31 0.0536224127318 7167.83534836 2833.11102923 
32 0.030849036646 7040.87747593 2960.09167504 
33 0.018009159774 6916.15885637 3084.82313447 
34 0.0106224264709 6793.64426377 3207.34511381 
35 0.00630155192266 6673.29701891 3327.69667954 
36 0.00378071745217 6555.07997839 3445.91624089 
37 0.00229233508981 6438.95615969 3562.04154797 
38 0.00140508152617 6324.88891772 3676.10967719 
39 0.000868808696396 6212.84206574 3788.15706545 
40 0.00054873398949 6102.78011554 3898.21933573 
41 0.000361675320164 5994.66830465 4006.33133368 
42 0.000201330585696 5888.47152997 4112.5282687 
43 4.82079885842e-05 5784.15589278 4216.84405901 
44 0 5681.68856992 4319.31143008 
45 0 5581.03602957 4419.96397043 
46 0 5482.16666555 4518.83333445 
47 0 5385.04905422 4615.95094578 
48 0 5289.65210595 4711.34789405 
49 0 5195.94421919 4805.05578081 
50 0 5103.8969807 4897.1030193 
51 0 5013.47990859 4987.52009141 
52 0 4924.66445947 5076.33554053 
53 0 4837.42215434 5163.57784566 
54 0 4751.72521107 5249.27478893 
55 0 4667.54661338 5333.45338662 
56 0 4584.85931213 5416.14068787 
57 0 4503.63647601 5497.36352399 
58 0 4423.85233742 5577.14766258 
59 0 4345.4817254 5655.5182746 
60 0 4268.49999196 5732.50000804 
61 0 4192.88213197 5808.11786803 
62 0 4118.60380991 5882.39619009 
63 0 4045.64132417 5955.35867583 
64 0 3973.9714293 6027.0285707 
65 0 3903.57126427 6097.42873573 
66 0 3834.41820304 6166.58179696 
67 0 3766.49015581 6234.50984419 
68 0 3699.76546467 6301.23453533 
69 0 3634.22302116 6366.77697884 
70 0 3569.84149922 6431.15850078 
