Time S I R
0  997 3 0
1 996.449129412 3.30361660057 0.247253987127 
2 995.842889707 3.63759227007 0.519518023053 
3 995.175828041 4.00488300644 0.819288952827 
4 994.441973804 4.40871816995 1.14930802597 
5 993.634800907 4.852618731 1.5125803615 
6 992.747178562 5.34042111535 1.91240032296 
7 991.771325706 5.87629876538 2.35237552887 
8 990.698760323 6.46478542746 2.83645424926 
9 989.520236075 7.1108039567 3.3689599686 
10 988.22570233 7.81968269045 3.95461497944 
11 986.804240233 8.59718219163 4.59857757553 
12 985.244008003 9.44951626375 5.30647573315 
13 983.532183809 10.383372216 6.08444397447 
14 981.654912082 11.4059268709 6.93916104708 
15 979.597253167 12.5248575312 7.87788930226 
16 977.34312964 13.7483579268 8.90851243312 
17 974.87529472 15.0851274043 10.0395778757 
18 972.17528882 16.5443741383 11.2803370422 
19 969.223430422 18.1357876971 12.6407818807 
20 965.998800787 19.8695145721 14.1316846411 
21 962.479261126 21.7561097233 15.7646291509 
22 958.641490519 23.8064669094 17.5520425718 
23 954.461020878 26.0317575375 19.507221585 
24 949.9123891 28.4432710312 21.644339869 
25 944.96922788 31.0523124575 23.9784596624 
26 939.604420027 33.8700475055 26.5255324673 
27 933.790377369 36.9072580846 29.3023645459 
28 927.49925111 40.1741518165 32.3265970731 
29 920.703322106 43.6800470467 35.616630847 
30 913.375351315 47.4330911422 39.1915575427 
31 905.489033736 51.4399099442 43.0710563194 
32 897.019547132 55.705211456 47.2752414122 
33 887.944052161 60.2314181547 51.8245296838 
34 878.242398674 65.0182007625 56.7394005631 
35 867.897703217 70.062085659 62.0402111242 
36 856.897099623 75.3560131667 67.7468872104 
37 845.232440871 80.8889176442 73.8786414846 
38 832.900882283 86.6454477512 80.4536699661 
39 819.905621154 92.6056065877 87.4887722579 
40 806.256391758 98.7446113456 94.9989968962 
41 791.969968224 105.032778856 102.99725292 
42 777.070478583 111.435596608 111.493924809 
43 761.58956458 117.913925982 120.496509439 
44 745.566377458 124.424369466 130.009253076 
45 729.047327495 130.919816082 140.032856423 
46 712.085675377 137.350142009 150.564182614 
47 694.740856835 143.66305617 161.596086995 
48 677.077642737 149.805110596 173.117246667 
49 659.165130277 155.722718396 185.112151327 
50 641.075525503 161.363376246 197.561098251 
51 622.882969573 166.676675228 210.440355199 
52 604.662088804 171.615566526 223.72234467 
53 586.486851545 176.137188193 237.375960263 
54 568.429101204 180.203965436 251.36693336 
55 550.557605941 183.784131911 265.658262148 
56 532.936807939 186.852473526 280.210718535 
57 515.626159821 189.39049988 294.983340299 
58 498.679270091 191.386723092 309.934006817 
59 482.143556334 192.836496036 325.01994763 
60 466.059852116 193.741841904 340.198305981 
61 450.462373997 194.111005476 355.426620527 
62 435.378730822 193.957957058 370.66331212 
63 420.830172709 193.301729165 385.868098125 
64 406.831862325 192.165776849 401.002360826 
65 393.393385354 190.57712825 416.029486395 
66 380.519164065 188.565731645 430.91510429 
67 368.208988894 186.163748027 445.627263079 
68 356.458641976 183.404746087 460.136611938 
69 345.260318304 180.323211875 474.416469821 
70 334.603338017 176.953788298 488.442873685 
71 324.474458532 173.330957377 502.194584091 
72 314.858546252 169.488429472 515.653024275 
73 305.738847777 165.458901911 528.802250312 
74 297.097510425 161.27368425 541.628805325 
75 288.915840861 156.962501921 554.121657218 
76 281.174659329 152.553325229 566.272015442 
77 273.854540155 148.072228614 578.073231231 
78 266.936032263 143.543354941 589.520612796 
79 260.399850565 138.988859028 600.611290407 
80 254.227017569 134.428919676 611.344062755 
81 248.398991286 129.881775099 621.719233615 
82 242.897749584 125.363793337 631.738457079 
83 237.705871709 120.889521554 641.404606737 
84 232.806577432 116.471793745 650.721628824 
85 228.183774979 112.121811276 659.694413745 
86 223.822068342 107.849262837 668.32866882 
87 219.70678028 103.662412265 676.630807455 
88 215.823939287 99.5682222197 684.607838494 
89 212.160283998 95.5724456337 692.267270368 
90 208.703238709 91.6797422302 699.617019061 
91 205.440905351 87.8937681891 706.66532646 
92 202.362038834 84.2172757801 713.420685386 
93 199.456027358 80.6522000038 719.891772638 
94 196.712838023 77.1997733056 726.087388672 
95 194.12300953 73.8605839154 732.016406554 
96 191.677666242 70.6345992766 737.687734481 
97 189.368428884 67.5213408236 743.110230292 
98 187.187407188 64.5199165981 748.292676214 
99 185.127188778 61.6289814097 753.243829812 
100 183.180800604 58.8468920094 757.972307387 
