Time S I R
0  997 3 0
1 995.149864574 4.55200585568 0.298129570202 
2 992.350743487 6.89902310424 0.750233408467 
3 988.12705185 10.4380998388 1.43484831113 
4 981.779072088 15.7516162792 2.46931163239 
5 972.295227109 23.6774510207 4.02732187023 
6 958.251993025 35.3855182728 6.36248870177 
7 937.72887413 52.4336760598 9.83744981012 
8 908.303662482 76.741591948 14.9547455701 
9 867.247783808 110.373389848 22.3788263441 
10 812.079404296 154.992223489 32.9283722154 
11 741.559248676 210.931497227 47.5092540967 
12 656.907878606 276.127687291 66.9644341025 
13 562.545394984 345.60004909 91.8545559258 
14 465.506588026 412.247449612 122.245962362 
15 373.434984245 468.946016894 157.61899886 
16 292.258658391 510.781400784 196.959940824 
17 224.927966084 536.082155347 238.98987857 
18 171.61111456 545.974202555 282.414682886 
19 130.717921526 543.179235036 326.102843438 
20 99.9580334504 530.876506953 369.165459597 
21 77.0421483013 511.996345668 410.96150603 
22 60.0098083289 488.926466684 451.063724987 
23 47.3152681792 463.472134057 489.212597764 
24 37.794846284 436.932931571 525.272222145 
25 30.594822196 410.211035912 559.194141892 
26 25.0967210398 383.913584976 590.989693984 
27 20.8545433135 358.435579436 620.70987725 
28 17.546616375 334.022405215 648.43097841 
29 14.9398914659 310.815592488 674.244516046 
30 12.8644976108 288.88520471 698.250297679 
31 11.1956683577 268.25265876 720.551672882 
32 9.84098344312 248.906709343 741.252307214 
33 8.73137685639 230.814579245 760.454043899 
34 7.81476393686 213.929729713 778.25550635 
35 7.0514853069 198.197294449 794.751220244 
36 6.41114723248 183.557722992 810.031129775 
37 5.87016897632 169.94952974 824.180301283 
38 5.41013602896 157.311006084 837.278857887 
39 5.01654927321 145.581433664 849.402017062 
40 4.67789900558 134.701896668 860.620204327 
41 4.38497756161 124.615809866 870.999212572 
42 4.13036601584 115.269224449 880.600409535 
43 3.90804487376 106.611001823 889.480953304 
44 3.71308996379 98.5928905744 897.694019462 
45 3.54147890099 91.1694791258 905.289041973 
46 3.38985982056 84.2982164898 912.31192369 
47 3.25545577323 77.9392721616 918.805272065 
48 3.1359408676 72.0554488868 924.808610246 
49 3.0293577113 66.6120581906 930.358584098 
50 2.93405521408 61.5767856927 935.489159093 
51 2.84862717566 56.919571455 940.231801369 
52 2.77187582554 52.6124684202 944.615655754 
53 2.70277424512 48.6295157198 948.667710035 
54 2.64043766418 44.9466145945 952.412947741 
55 2.58409962452 41.5414075131 955.874492862 
56 2.53309458462 38.3931612293 959.073744186 
57 2.4868557794 35.4826430037 962.030501217 
58 2.44487677866 32.7920512508 964.763071971 
59 2.40671234888 30.3048813311 967.28840632 
60 2.37197304026 28.0058369963 969.622189963 
61 2.34031890933 25.8807895879 971.778891503 
62 2.31144069806 23.9166205465 973.771938755 
63 2.28506835073 22.1012049488 975.6137267 
64 2.26096577769 20.4233349516 977.315699271 
65 2.23892033389 18.8726330421 978.888446624 
66 2.21874014473 17.4394904145 980.341769441 
67 2.20025360824 16.1150190939 981.684727298 
68 2.18330820408 14.8910062928 982.925685503 
69 2.16776585717 13.7598502966 984.072383846 
70 2.15350271108 12.7145267663 985.131970523 
71 2.14040644292 11.7485340589 986.111059498 
72 2.12837614235 10.8558670018 987.015756856 
73 2.11731992769 10.0309661068 987.851713966 
74 2.10715502076 9.26869923323 988.624145746 
75 2.09780586999 8.56431494816 989.337879182 
76 2.08920419194 7.91342749859 989.997368309 
77 2.08128754409 7.31197586307 990.606736593 
78 2.07399898639 6.75620634101 991.169794673 
79 2.06728689045 6.24265471356 991.690058396 
80 2.06110471059 5.76812689773 992.170768392 
81 2.05540913679 5.32965797368 992.61493289 
82 2.05016034295 4.92450345433 993.025336203 
83 2.04532233364 4.55013427653 993.40454339 
84 2.04086235582 4.20421666558 993.754920979 
85 2.03675014234 3.88458943938 994.078660418 
86 2.03295791677 3.58925507039 994.377787013 
87 2.02946027166 3.31636818776 994.654171541 
88 2.02623389966 3.06422310677 994.909542994 
89 2.02325738621 2.83124391055 995.145498703 
90 2.02051107651 2.61597515759 995.363513766 
91 2.01797689567 2.41707106941 995.564952035 
92 2.01563822638 2.23328776973 995.751074004 
93 2.01347978706 2.06347606887 995.923044144 
94 2.01148752345 1.90657428556 996.081938191 
95 2.00964848882 1.76160079205 996.228750719 
96 2.00795077695 1.62764904213 996.364400181 
97 2.00638344866 1.50388238014 996.489734171 
98 2.00493638855 1.38952600439 996.605537607 
99 2.00360028675 1.28386431942 996.712535394 
100 2.00236658444 1.18623687999 996.811396536 
