Time S I R
0  997 3 0
1 994.766232235 4.98771295765 0.246054806934 
2 991.06658802 8.27861461221 0.654797368284 
3 984.96465865 13.7030477261 1.33229362406 
4 974.969560818 22.5792707144 2.45116846802 
5 958.780311863 36.9316907396 4.28799739775 
6 933.029203164 59.6961958276 7.27460100845 
7 893.224862659 94.7178699405 12.0572674008 
8 834.335586115 146.125400601 19.539013284 
9 752.605385692 216.546246726 30.8483675825 
10 648.637926245 304.205177158 47.1568965963 
11 529.977299194 400.702147249 69.3205535566 
12 409.971894138 492.542830813 97.4852750488 
13 302.23096329 566.836986737 130.932049973 
14 214.977273907 616.720848752 168.301877341 
15 149.660267343 642.30878763 208.030945027 
16 103.285287038 647.999259466 248.715453496 
17 71.3592094883 639.362117165 289.278673347 
18 49.6904978501 621.329489858 328.980012292 
19 35.0235215903 597.624546607 367.351931803 
20 25.0483665186 570.82759226 404.124041222 
21 18.2001734834 542.640626935 439.159199582 
22 13.4415498766 514.151661406 472.406788718 
23 10.0898269129 486.039297391 503.870875696 
24 7.69536416339 458.715408695 533.589227142 
25 5.96013543049 432.420141 561.619723569 
26 4.68480531361 407.28355508 588.031639607 
27 3.73454386146 383.365404637 612.900051502 
28 3.01708969134 360.680628793 636.302281516 
29 2.46852250721 339.215845866 658.315631627 
30 2.04400972978 318.940027868 679.015962402 
31 1.71175435168 299.811425436 698.476820212 
32 1.4488634471 281.782233054 716.768903499 
33 1.23871638734 264.801485853 733.95979776 
34 1.06910593803 248.817056612 750.11383745 
35 0.930977030499 233.776946252 765.292076717 
36 0.817513377073 219.630166033 779.55232059 
37 0.723545456033 206.327242955 792.949211589 
38 0.645128227723 193.820531694 805.534340078 
39 0.579223807367 182.064413785 817.356362407 
40 0.523464491238 171.015407444 828.461128065 
41 0.47598790706 160.632194279 838.891817814 
42 0.435322045917 150.875595533 848.689082421 
43 0.400299558345 141.708524724 857.891175718 
44 0.369990226107 133.095909649 866.534100125 
45 0.343606397315 125.004730436 874.651663167 
46 0.320515276614 117.403740321 882.275744402 
47 0.300238095207 110.263550186 889.436211719 
48 0.282384876178 103.556532639 896.161082485 
49 0.266585107164 97.2565383281 902.476876565 
50 0.252549784554 91.3390175993 908.408432616 
51 0.240042468944 85.7808979783 913.979059553 
52 0.228860664287 80.5604445857 919.21069475 
53 0.218835350583 75.6572492912 924.123915358 
54 0.20981976529 71.0520784442 928.738101791 
55 0.201692520278 66.7269067612 933.071400719 
56 0.194346046466 62.6647281661 937.140925787 
57 0.187691815803 58.8496284762 940.962679708 
58 0.1816507611 55.2665940201 944.551755219 
59 0.17615492472 51.9015522893 947.922292786 
60 0.171147349725 48.7412857858 951.087566864 
61 0.166573672817 45.7733083691 954.060117958 
62 0.162387459317 42.9859133766 956.851699164 
63 0.158552299214 40.3681704866 959.473277214 
64 0.15503400398 37.9097757832 961.935190213 
65 0.151800911369 35.6010245609 964.247174528 
66 0.148825976932 33.4328175193 966.418356504 
67 0.146085334611 31.3966083752 968.45730629 
68 0.14355761426 29.484369451 970.372072935 
69 0.141223664014 27.6885585543 972.170217782 
70 0.139066448409 26.0020929956 973.858840556 
71 0.137070617949 24.4183173436 975.444612038 
72 0.13522245217 22.9309839469 976.933793601 
73 0.133509548442 21.5342227269 978.332267725 
74 0.131920761358 20.2225224184 979.64555682 
75 0.130445945727 18.9907027943 980.87885126 
76 0.129075916915 17.8338999825 982.037024101 
77 0.127802426003 16.7475494151 983.124648159 
78 0.126618010814 15.7273651941 984.146016795 
79 0.125515717146 14.7693155892 985.105168694 
80 0.124489330561 13.8696190796 986.00589159 
81 0.123533116989 13.0247218893 986.851744994 
82 0.122641839596 12.2312867413 987.646071419 
83 0.121810718275 11.4861800859 988.392009196 
84 0.121035352502 10.7864585856 989.092506062 
85 0.120311718306 10.129359021 989.750329261 
86 0.119636106311 9.51228552417 990.36807837 
87 0.119005106318 8.93280034732 990.948194546 
88 0.118415579025 8.38861428477 991.492970136 
89 0.11786462333 7.87757729134 992.004558085 
90 0.117349566933 7.3976706125 992.484979821 
91 0.116867930258 6.94699744169 992.936134628 
92 0.116417426901 6.52377715077 993.359805422 
93 0.115995953207 6.12633881444 993.757665232 
94 0.115601555428 5.75311269782 994.131285747 
95 0.115232400426 5.40262237294 994.482145227 
96 0.114886805438 5.07348325122 994.811629943 
97 0.114563215188 4.76439588166 995.121040903 
98 0.114260168541 4.47413791354 995.411601918 
99 0.113976310548 4.2015618914 995.684461798 
100 0.11371038862 3.94559132704 995.940698284 
