Time S I R
0.0  10000 1 0
1 9999.36329636 1.25656061341 0.380143026439 
2 9998.56331473 1.57888000558 0.857805262671 
3 9997.55824492 1.9837769931 1.45797808948 
4 9996.29561465 2.49234787889 2.21203747604 
5 9994.70957898 3.1310472282 3.15937379392 
6 9992.7175566 3.93302513789 4.34941826277 
7 9990.2160169 4.93979589025 5.84418720865 
8 9987.0752818 6.20328750657 7.72143069515 
9 9983.13301613 7.78839247936 10.0785913939 
10 9978.18621019 9.77608536817 13.0377044384 
11 9971.98136352 12.2672009668 16.7514355105 
12 9964.20241104 15.3870209759 21.4105679837 
13 9954.45608782 19.2907365327 27.253175651 
14 9942.25435317 24.1698545678 34.5757922627 
15 9926.99351087 30.2595612395 43.7469278949 
16 9907.92987858 37.8469110316 55.2232103912 
17 9884.152084 47.2795162922 69.5683997089 
18 9854.55058334 58.9740743723 87.4753422927 
19 9817.78581864 73.4235581651 109.790623193 
20 9772.25764821 91.2011784923 137.541173301 
21 9716.08048637 112.958233712 171.961279917 
22 9647.0709735 139.41174981 214.517276685 
23 9562.75791732 171.316503195 266.925579482 
24 9460.42732477 209.414963889 331.157711341 
25 9337.2177095 254.358576882 409.423713621 
26 9190.28096767 306.595676841 504.123355494 
27 9017.01971824 366.226551288 617.753730473 
28 8815.40061822 432.835873877 752.763507904 
29 8584.32326464 505.326871914 911.34986345 
30 8323.99775846 581.797214625 1095.20502692 
31 8036.25717516 659.507808604 1305.23501624 
32 7724.71644574 734.992976007 1541.29057825 
33 7394.7002457 804.336425353 1801.96332895 
34 7052.90606227 863.592682118 2084.50125562 
35 6706.83638351 909.281661395 2384.88195509 
36 6364.10138993 938.848036437 2698.05057363 
37 6031.73115028 950.977289988 3018.29155974 
38 5715.62723585 945.7002178 3339.67254635 
39 5420.23413309 924.279935398 3656.48593151 
40 5148.44547784 888.932331553 3963.62219061 
41 4901.70586962 842.462311994 4256.83181838 
42 4680.23945591 787.8986214 4532.86192269 
43 4483.33455924 728.187475798 4789.47796496 
44 4309.62853215 665.975051113 5025.39641674 
45 4157.35804163 603.482370672 5240.1595877 
46 4024.55906569 542.458897041 5433.98203727 
47 3909.21472914 484.193775611 5607.59149525 
48 3809.35654737 429.563069124 5762.08038351 
49 3723.12820757 379.095041355 5898.77675107 
50 3648.82119431 333.04034677 6019.13845892 
51 3584.89057297 291.438720259 6124.67070677 
52 3529.95747965 254.177674773 6216.86484557 
53 3482.80317533 221.041344122 6297.15548055 
54 3442.35853819 191.749199873 6366.89226194 
55 3407.69092083 165.985810834 6427.32326834 
56 3377.99025312 143.422639568 6479.58710732 
57 3352.55526676 123.733475666 6524.71125757 
58 3330.78045947 106.60481871 6563.61472182 
59 3312.14405788 91.7423986312 6597.11354349 
60 3296.19714861 78.8748084147 6625.92804297 
61 3282.55403026 67.7552849368 6650.6906848 
62 3270.88355693 58.1617181775 6671.95472489 
63 3260.90167324 49.8959532181 6690.20237354 
64 3252.36489776 42.782481453 6705.85262079 
65 3245.06461187 36.6667246553 6719.26866348 
66 3238.82213425 31.4131784658 6730.76468728 
67 3233.48449501 26.9035401167 6740.61196487 
68 3228.9207546 23.0348488824 6749.04439652 
69 3225.0188582 19.7177487769 6756.26339303 
70 3221.68293611 16.8748685718 6762.44219532 
