Time S I R
0  997 3 0
1 992.831740307 6.90099648444 0.267263208442 
2 983.336856659 15.78286782 0.880275520613 
3 962.09971703 35.6271800929 2.27310287671 
4 916.477795871 78.1500311906 5.37217293857 
5 826.42662234 161.603345551 11.9700321083 
6 674.99446554 300.123483468 24.8820509922 
7 477.607164403 475.443870969 46.948964628 
8 290.112638844 631.1364385 78.7509226561 
9 157.40585482 724.837970759 117.756174421 
10 80.7718228028 758.90970799 160.318469207 
11 40.9534830829 755.400270837 203.64624608 
12 21.0307040881 732.808031505 246.161264407 
13 11.0679276752 701.819871868 287.112200457 
14 5.99832566648 667.809964596 326.191709737 
15 3.35230220665 633.338177803 363.30951999 
16 1.9316900548 599.590807848 398.477502097 
17 1.14655825921 567.099217617 431.754224124 
18 0.700158226471 536.08128018 463.218561593 
19 0.439306017288 506.60370838 492.956985603 
20 0.282790482744 478.6597884 521.057421117 
21 0.186524595212 452.207192291 547.606283114 
22 0.125887861384 427.187081412 572.687030727 
23 0.0868482272974 403.533612212 596.379539561 
24 0.0611261059362 381.179025865 618.759848029 
25 0.0438658920575 360.055990325 639.900143783 
26 0.0320786620587 340.099102821 659.868818517 
27 0.0238653797671 321.245537636 678.730596984 
28 0.0180489694767 303.435245888 696.546705143 
29 0.0138589222718 286.611047562 713.375093516 
30 0.010805332413 270.71893332 729.270261347 
31 0.00854032377151 255.707381041 744.284078635 
32 0.00683869276531 241.52781178 758.465349527 
33 0.00554330902105 228.134217939 771.860238752 
34 0.00454279264329 215.483098288 784.512358919 
35 0.00376395154433 203.53331955 796.462916498 
36 0.00315085778573 192.246069631 807.750779511 
37 0.00266694699894 181.584757543 818.41257551 
38 0.00227824721787 171.514624938 828.483096815 
39 0.00196245367044 162.002886084 837.995151463 
40 0.00170453581995 153.018617619 846.979677845 
41 0.00149190667412 144.532552011 855.465956083 
42 0.00131590096339 136.517070912 863.481613187 
43 0.00116933413335 128.946067413 871.052763253 
44 0.00104609523089 121.794967011 878.203986894 
45 0.00094322640075 115.040533138 884.958523635 
46 0.000856806187585 108.660727933 891.338415261 
47 0.0007799253234 102.634621399 897.364598676 
48 0.000713390862416 96.9426800178 903.056606591 
49 0.000655647290614 91.5663971594 908.432947193 
50 0.000604823470212 86.4882458876 913.511149289 
51 0.000560748216117 81.6917294941 918.307709758 
52 0.000522461847822 77.1612361399 922.838241398 
53 0.000488633671011 72.8819936897 927.117517677 
54 0.000458268189732 68.8400519616 931.15948977 
55 0.000430300211747 65.0222250509 934.977344649 
56 0.000405857618375 61.4161446131 938.583449529 
57 0.000384324775268 58.0100599469 941.989555728 
58 0.000365351058008 54.7928755434 945.206759105 
59 0.000348464140529 51.7541189215 948.245532614 
60 0.000333221279107 48.8838896491 951.11577713 
61 0.000319393034147 46.1728396422 953.826840965 
62 0.000306810238271 43.6121351258 956.387558064 
63 0.000295363589203 41.1934477572 958.806256879 
64 0.000284960443992 38.9089072058 961.090807834 
65 0.00027549051174 36.7510767029 963.248647807 
66 0.000266847494458 34.7129257415 965.286807411 
67 0.00025892753149 32.7878058314 967.211935241 
68 0.000251654886142 30.9694484223 969.030299923 
69 0.000244961853582 29.2519250855 970.747829953 
70 0.000238802983176 27.62964969 972.370111507 
71 0.000233129200751 26.0973416559 973.902425215 
72 0.000227901521839 24.650016016 975.349756082 
73 0.000223074586415 23.2829590756 976.71681785 
74 0.000218611840182 21.9917208349 978.008060553 
75 0.000214475681673 20.7720923567 979.227693168 
76 0.000210638675412 19.620104484 980.379684877 
77 0.000207074734021 18.5320014903 981.467791435 
78 0.000203761886837 17.5042426957 982.495553542 
79 0.000200682875175 16.5334805702 983.466318747 
80 0.000197818160473 15.6165555162 984.383246666 
81 0.000195151734147 14.7504821436 985.249322705 
82 0.000192666576368 13.9324402771 986.067367056 
83 0.000190349349964 13.1597679682 986.840041682 
84 0.000188185780303 12.4299468435 987.569864971 
85 0.000186164096135 11.7406016342 988.259212202 
86 0.000184273933201 11.089486276 988.91032945 
87 0.000182505513067 10.474480454 989.52533704 
88 0.000180850491688 9.89358182328 990.106237326 
89 0.00017930116644 9.34489823179 990.654922467 
90 0.000177850055707 8.82664400244 991.173178148 
91 0.000176490589638 8.33713093623 991.662692573 
92 0.000175216300704 7.87476609583 992.125058688 
93 0.000174021162479 7.43804294205 992.561783037 
94 0.000172899897279 7.02554058574 992.974286514 
95 0.000171847240381 6.63591436716 993.363913786 
96 0.000170858770844 6.26789699904 993.731932142 
97 0.000169930231436 5.92028852172 994.079541548 
98 0.000169057725202 5.59195852911 994.407872413 
99 0.0001682377723 5.28183647964 994.717995283 
100 0.000167466952234 4.98891391766 995.010918615 
