Time S I R
0  997 3 0
1 994.598241541 5.0922088368 0.309549622459 
2 990.538637692 8.626888805 0.834473502833 
3 983.709977697 14.5677020869 1.72232021616 
4 972.316458624 24.4660507839 3.21749059197 
5 953.561682801 40.7210600027 5.71725719576 
6 923.364998272 66.787725511 9.8472762173 
7 876.432616805 107.025118811 16.5422643845 
8 807.335488964 165.582666392 27.0818446442 
9 713.270651773 243.748623608 42.9807246189 
10 597.893381376 336.479979451 65.6266391729 
11 472.949466997 431.337082555 95.7134504487 
12 354.257584398 512.942242352 132.800173251 
13 254.247704974 570.378836252 175.373458774 
14 177.64951143 600.966701519 221.383787052 
15 122.731920254 608.421836705 268.846243041 
16 84.8712958987 598.940945762 316.187758339 
17 59.245228576 578.433731139 362.321040285 
18 41.9679622945 551.460828393 406.571209313 
19 30.2566198634 521.179299116 448.56408102 
20 22.2304176424 489.642480337 488.127102021 
21 16.651278204 458.13242904 525.216292756 
22 12.7116328277 427.421760195 559.866606977 
23 9.88398102799 397.956294526 592.159724446 
24 7.82116133855 369.975316009 622.203522652 
25 6.29234392497 343.588492208 650.119163867 
26 5.14194168753 318.825081968 676.032976344 
27 4.26372844602 295.664784504 700.07148705 
28 3.5840721305 274.057575654 722.358352215 
29 3.05132574404 253.93608322 743.012591036 
30 2.62869962972 235.223762574 762.147537796 
31 2.28966138528 217.839988347 779.870350268 
32 2.01485391195 201.703313705 796.281832383 
33 1.7899122969 186.733647934 811.476439769 
34 1.60412213148 172.85341458 825.542463289 
35 1.44938310717 159.988366467 838.562250426 
36 1.31949993962 148.068021763 850.612478297 
37 1.2096866355 137.025849441 861.764463923 
38 1.11623191797 126.79930896 872.084459122 
39 1.03620596217 117.329779293 881.634014744 
40 0.967283751397 108.562497056 890.470219193 
41 0.907561690843 100.446414959 898.64602335 
42 0.8555773308 92.9338967322 906.210525937 
43 0.810171704783 85.9807588386 913.209069457 
44 0.770310697808 79.5457698357 919.683919466 
45 0.735176165636 73.5906874443 925.67413639 
46 0.704104421942 68.0800621507 931.215833427 
47 0.676530770627 62.9809618624 936.342507367 
48 0.651984204506 58.2628412032 941.085174592 
49 0.630071648309 53.8974165704 945.472511781 
50 0.610457603408 49.8584491283 949.531093268 
51 0.592858913775 46.1216356184 953.285505468 
52 0.577032228603 42.6644717982 956.758495973 
53 0.562772575967 39.4661266095 959.971100815 
54 0.549892112819 36.5072066358 962.942901251 
55 0.538237598677 33.7698521197 965.691910282 
56 0.527679042647 31.2375572309 968.234763726 
57 0.518096562531 28.8949727468 970.586930691 
58 0.509387428648 26.7279129948 972.762699577 
59 0.501461918121 24.7232520283 974.775286054 
60 0.494240691647 22.8688405577 976.636918751 
61 0.487653751518 21.1534345109 978.358911738 
62 0.481639066595 19.5666261855 979.951734748 
63 0.476141655073 18.0987877896 981.425070555 
64 0.471112624482 16.741011693 982.787875682 
65 0.466508147416 15.4850499292 984.048441923 
66 0.462289192045 14.3232761152 985.214434693 
67 0.458420727346 13.2486315637 986.292947709 
68 0.454871346202 12.2545882488 987.290540405 
69 0.451612733378 11.3351037874 988.213283479 
70 0.448619416667 10.4845906311 989.066789952 
71 0.445868355587 9.69787693289 989.856254712 
72 0.443338750239 8.97018054831 990.586480701 
73 0.441011730453 8.29707535401 991.261912916 
74 0.43887020559 7.67446862053 991.886661174 
75 0.436898632959 7.09857250753 992.46452886 
76 0.435082889111 6.56588410799 992.999033003 
77 0.433410118527 6.07316284682 993.493427035 
78 0.431868580475 5.6174095303 993.950721889 
79 0.430447590756 5.19585205468 994.373700355 
80 0.42913743082 4.8059282658 994.764934303 
81 0.427929133601 4.44526264269 995.126808224 
82 0.426814554977 4.11166127689 995.461524168 
83 0.425786205514 3.80309290198 995.771120893 
84 0.424837238184 3.51767956874 996.057483193 
85 0.423961371218 3.25368386099 996.322354768 
86 0.423152844411 3.00949902837 996.567348127 
87 0.42240637049 2.78363880432 996.793954825 
88 0.421717090641 2.57472802867 997.003554881 
89 0.421080543142 2.38149493913 997.197424518 
90 0.420492622956 2.20276302466 997.376744352 
91 0.419949557445 2.03744431039 997.542606132 
92 0.419447869801 1.8845317877 997.696020342 
93 0.418984366368 1.74309482456 997.837920809 
94 0.418556110632 1.61227312756 997.969170762 
95 0.418160384292 1.49126924929 998.090570366 
96 0.417794690355 1.37934653853 998.202858771 
97 0.417456729731 1.27582389985 998.30671937 
98 0.417144375434 1.18007034794 998.402785277 
99 0.416855671608 1.0915030266 998.491641302 
100 0.416588815497 1.00958299539 998.573828189 
