Time S I R
0.0  10000 1 0
1 9994.97470703 5.99776446062 0.0275285065021 
2 9964.92512023 35.8824505111 0.1924292566 
3 9788.34256436 211.485825417 1.17161022368 
4 8847.82475988 1146.47111649 6.70412362841 
5 5615.75968145 4353.63985262 31.6004659329 
6 1768.30658218 8137.8077016 94.8857162234 
7 351.417912265 9466.20491692 183.377170819 
8 62.3016422851 9660.57485238 278.123505335 
9 10.9592029558 9616.74752858 373.293268468 
10 1.95234841648 9531.28063211 467.767019472 
11 0.35340259471 9439.29140251 561.355194894 
12 0.0657330922513 9346.90224847 654.032018433 
13 0.0117894664909 9255.18789191 745.800318621 
14 0.00239738655364 9164.32964113 836.667961482 
15 0.000528729970029 9074.35598446 926.643486813 
16 0.000315909572237 8985.2643967 1015.73528739 
17 0 8897.04749151 1103.95250849 
18 0 8809.6963203 1191.3036797 
19 0 8723.20267685 1277.79732315 
20 0 8637.55823488 1363.44176512 
21 0 8552.75466266 1448.24533734 
22 0 8468.78368324 1532.21631676 
23 0 8385.63713101 1615.36286899 
24 0 8303.30691197 1697.69308803 
25 0 8221.78501442 1779.21498558 
26 0 8141.06349492 1859.93650508 
27 0 8061.13452966 1939.86547034 
28 0 7981.99034213 2019.00965787 
29 0 7903.62319695 2097.37680305 
30 0 7826.0254446 2174.9745554 
31 0 7749.18952141 2251.81047859 
32 0 7673.1079496 2327.8920504 
33 0 7597.77333642 2403.22666358 
34 0 7523.17831689 2477.82168311 
35 0 7449.31560617 2551.68439383 
36 0 7376.17802659 2624.82197341 
37 0 7303.75848126 2697.24151874 
38 0 7232.04995412 2768.95004588 
39 0 7161.04550988 2839.95449012 
40 0 7090.73828961 2910.26171039 
41 0 7021.12137619 2979.87862381 
42 0 6952.18794343 3048.81205657 
43 0 6883.93128295 3117.06871705 
44 0 6816.344756 3184.655244 
45 0 6749.42179351 3251.57820649 
46 0 6683.15589603 3317.84410397 
47 0 6617.54063033 3383.45936967 
48 0 6552.56957347 3448.43042653 
49 0 6488.23638433 3512.76361567 
50 0 6424.53480273 3576.46519727 
51 0 6361.45863358 3639.54136642 
52 0 6299.00174699 3701.99825301 
53 0 6237.15807814 3763.84192186 
54 0 6175.92168367 3825.07831633 
55 0 6115.28640754 3885.71359246 
56 0 6055.24644922 3945.75355078 
57 0 5995.79595867 4005.20404133 
58 0 5936.92914951 4064.07085049 
59 0 5878.64029841 4122.35970159 
60 0 5820.92374443 4180.07625557 
61 0 5763.77387729 4237.22612271 
62 0 5707.18507242 4293.81492758 
63 0 5651.15180931 4349.84819069 
64 0 5595.66863715 4405.33136285 
65 0 5540.73016082 4460.26983918 
66 0 5486.33104011 4514.66895989 
67 0 5432.46598892 4568.53401108 
68 0 5379.12977447 4621.87022553 
69 0 5326.31721658 4674.68278342 
70 0 5274.0231868 4726.9768132 
