Time S I R
0.0  10000 1 0
1 9998.58678593 1.56176079536 0.851453278726 
2 9996.38030307 2.43860986662 2.18108706711 
3 9992.93650386 3.80657778364 4.25691835466 
4 9987.56452996 5.93903856274 7.49643147308 
5 9979.19212454 9.25907618736 12.5487992716 
6 9966.16105355 14.4180456689 20.4209007789 
7 9945.92179601 22.4102865098 32.667917478 
8 9914.58964488 34.7337383685 51.6766167518 
9 9866.32888711 53.5976432143 81.0734696743 
10 9792.56685281 82.1503408994 126.28280629 
11 9681.14929384 124.629392638 195.22131352 
12 9515.80051064 186.193848305 299.005641058 
13 9276.69723745 271.984981437 452.317781113 
14 8943.46929911 384.824230729 672.706470162 
15 8501.84373973 521.365536004 977.790724268 
16 7953.20764812 668.120204088 1379.67214779 
17 7322.27202292 801.100894573 1877.62708251 
18 6655.42874806 892.67485948 2452.89639246 
19 6007.2687186 923.545869886 3070.18541151 
20 5422.96512737 891.376853272 3686.65801936 
21 4927.73127533 809.680219257 4263.58850541 
22 4527.0964541 699.449414517 4774.45413138 
23 4213.50488847 580.565174046 5206.92993749 
24 3973.44731657 467.219474063 5560.33320937 
25 3792.33470756 367.274586182 5841.39070626 
26 3656.96421087 283.662739615 6060.37304951 
27 3556.38500092 216.225503642 6228.38949544 
28 3481.94046739 163.222382204 6355.8371504 
29 3426.97569609 122.327530812 6451.6967731 
30 3386.45912228 91.1928654308 6523.34801229 
31 3356.62504496 67.7169252939 6576.65802974 
32 3334.67297316 50.1397379955 6616.18728885 
33 3318.52862179 37.0464184051 6645.42495981 
34 3306.6596189 27.3296136895 6667.01076741 
35 3297.93591821 20.1383115695 6682.92577022 
36 3291.52513339 14.8267812664 6694.64808534 
37 3286.81463413 10.9094272357 6703.27593863 
38 3283.35377148 8.02341893297 6709.62280959 
39 3280.81120679 5.89891223468 6714.28988098 
40 3278.94336719 4.335884923 6717.72074789 
41 3277.5712493 3.18643663709 6720.24231407 
42 3276.56331496 2.34139861508 6722.09528643 
43 3275.82291646 1.72029569714 6723.45678784 
44 3275.27904964 1.26386245387 6724.45708791 
45 3274.87955128 0.92848270663 6725.19196601 
46 3274.5861007 0.682073190433 6725.73182611 
47 3274.37054863 0.501043969915 6726.1284074 
48 3274.21221709 0.368054190192 6726.41972871 
49 3274.09591646 0.270359079238 6726.63372446 
50 3274.01048939 0.198593605747 6726.79091701 
51 3273.94774024 0.145876757304 6726.90638301 
52 3273.90164874 0.107152937357 6726.99119832 
53 3273.86779298 0.0787082194861 6727.0534988 
54 3273.84292483 0.0578142505345 6727.09926092 
55 3273.82465835 0.0424667124078 6727.13287494 
56 3273.81124102 0.03119332459 6727.15756565 
57 3273.80138554 0.0229125755026 6727.17570188 
58 3273.79414638 0.0168300700736 6727.18902355 
59 3273.78882898 0.012362251626 6727.19880877 
60 3273.78492317 0.00908047826297 6727.20599635 
61 3273.78205423 0.0066699063923 6727.21127587 
62 3273.77994699 0.0048993359637 6727.21515368 
63 3273.77839911 0.0035987545077 6727.21800214 
64 3273.77726211 0.00264341016449 6727.22009448 
65 3273.77642695 0.00194168102053 6727.22163137 
66 3273.77581352 0.00142626124979 6727.22276021 
67 3273.77536291 0.00104763976686 6727.22358945 
68 3273.77503189 0.000769501684427 6727.22419861 
69 3273.77478875 0.000565212856273 6727.22464603 
70 3273.77461018 0.000415167071091 6727.22497466 
