Time S I R
0  997 3 0
1 995.950305482 3.94781973913 0.101874778875 
2 994.570913521 5.19317580785 0.235910671165 
3 992.759727959 6.8280853675 0.412186673849 
4 990.384127104 8.97198962709 0.643883268665 
5 987.272556256 11.7792412107 0.948202533146 
6 983.204455687 15.4480215819 1.34752273121 
7 977.898463391 20.2306933782 1.87084323093 
8 970.999411467 26.4450421422 2.55554639056 
9 962.06519439 34.485308482 3.44949712791 
10 950.55582519 44.8307441054 4.61343070444 
11 935.828512619 58.0479676456 6.1235197351 
12 917.144852562 74.7812990611 8.07384837646 
13 893.698588202 95.7230854748 10.5783263232 
14 864.673742998 121.554934107 13.7713228948 
15 829.341780033 152.85217973 17.8060402361 
16 787.199689795 189.950824591 22.8494856148 
17 738.135905233 232.790958076 29.0731366917 
18 682.590496373 280.770490646 36.6390129811 
19 621.655735638 332.662045275 45.6822190875 
20 557.059634982 386.647699546 56.2926654725 
21 491.001250421 440.498806021 68.4999435585 
22 425.859258167 491.87533387 82.2654079623 
23 363.851534688 538.664545172 97.4839201401 
24 306.745362694 579.259714706 113.994922599 
25 255.693146342 612.706955677 131.599897981 
26 211.213423585 638.704614019 150.081962396 
27 173.285370743 657.490966408 169.223662849 
28 141.500640496 669.678827416 188.820532088 
29 115.221188473 676.089169924 208.689641603 
30 93.711022181 677.615332417 228.673645402 
31 76.2292158821 675.129370697 248.641413421 
32 62.0873384994 669.426138842 268.486522658 
33 50.677430954 661.198052107 288.124516939 
34 41.4811569836 651.029073974 307.489769042 
35 34.0671834801 639.400468513 326.532348007 
36 28.0825947054 626.702263306 345.215141988 
37 23.2420186176 613.246612508 363.511368874 
38 19.3165483591 599.280978891 381.40247275 
39 16.1234911974 585.000113051 398.876395752 
40 13.517420225 570.556404661 415.926175114 
41 11.382728172 556.068444484 432.548827344 
42 9.62756565988 541.627973165 448.744461175 
43 8.17886191734 527.305573245 464.515564837 
44 6.97840947881 513.155135991 479.86645453 
45 5.97971533903 499.217452334 494.802832327 
46 5.14561017511 485.522937226 509.331452599 
47 4.4462333394 472.093928677 523.459837984 
48 3.85753707654 458.946391703 537.19607122 
49 3.36007688706 446.091296599 550.548626514 
50 2.93813459527 433.535617742 563.526247663 
51 2.57892266222 421.283242241 576.137835097 
52 2.27200118817 409.335633368 588.392365444 
53 2.00884660999 397.692320906 600.298832484 
54 1.78242213218 386.351389973 611.866187895 
55 1.58690878239 375.309784458 623.103306759 
56 1.4175404173 364.563491977 634.018967606 
57 1.27035371666 354.107827173 644.62181911 
58 1.1420329377 343.937605734 654.920361328 
59 1.02982869552 334.047233693 664.922937612 
60 0.931407436342 324.430875721 674.637716843 
61 0.844837492174 315.082464424 684.072698083 
62 0.768467506188 305.995836234 693.23569626 
63 0.700917914365 297.164736762 702.134345323 
64 0.641013565241 288.58289292 710.776093515 
65 0.587764580766 280.244030089 719.168205331 
66 0.540273914153 272.14197355 727.317752536 
67 0.497829188819 264.270536742 735.231634069 
68 0.459810079694 256.623623237 742.916566683 
69 0.425661641845 249.195252837 750.379085521 
70 0.394937514945 241.979507621 757.625554864 
71 0.367225343313 234.970611935 764.662162722 
72 0.342177273145 228.162893631 771.494929096 
73 0.31949487037 221.550796623 778.129708507 
74 0.298905021923 215.128903431 784.572191547 
75 0.280183856093 208.891903074 790.82791307 
76 0.263128483246 202.834618922 796.902252595 
77 0.247560069445 196.952001118 802.800438812 
78 0.233327621615 191.23912042 808.527551958 
79 0.220290529915 185.69117861 814.08853086 
80 0.208335141316 180.303487741 819.488177118 
81 0.197353792045 175.071491952 824.731154256 
82 0.1872458336 169.990766158 829.821988009 
83 0.17792008299 165.057012879 834.765067038 
84 0.169299963596 160.266024 839.564676036 
85 0.161322021719 155.613691803 844.224986175 
86 0.153930632139 151.096048356 848.750021012 
87 0.147080848353 146.709244311 853.14367484 
88 0.140731198524 142.44953295 857.409735851 
89 0.134825101642 138.313229037 861.551945862 
90 0.129324269797 134.296782777 865.573892953 
91 0.124198127172 130.39675639 869.479045483 
92 0.119421575119 126.609817595 873.27076083 
93 0.114960286593 122.932680404 876.952359309 
94 0.110785657426 119.362165318 880.527049024 
95 0.106876165032 115.895204797 883.997919038 
96 0.103213984961 112.52882964 887.367956375 
97 0.0997813142602 109.260141103 890.640077583 
98 0.0965536797743 106.086260164 893.817186156 
99 0.093519267186 103.004474083 896.90200665 
100 0.0906648494035 100.012129703 899.897205448 
