Time S I R
0  997 3 0
1 996.221317593 3.71768669244 0.0609957147915 
2 995.257294676 4.60612972885 0.136575594886 
3 994.064334786 5.70545954476 0.230205669025 
4 992.588862983 7.06497259339 0.346164423302 
5 990.765206009 8.74506824402 0.489725747311 
6 988.513039186 10.8195755566 0.667385257082 
7 985.7345091 13.3783660035 0.887124896187 
8 982.310898297 16.5303676978 1.15873400481 
9 978.098957807 20.4068558589 1.49418633461 
10 972.927013329 25.1649090717 1.90807759961 
11 966.591053697 30.9908163728 2.41812993047 
12 958.851254172 38.1029966863 3.04574914159 
13 949.429498734 46.7538703307 3.81663093494 
14 938.008844115 57.2297720798 4.76138380518 
15 924.236169778 69.8477068913 5.91612333073 
16 907.729591043 84.9474413134 7.32296764312 
17 888.09246024 102.877206704 9.03033305601 
18 864.935738097 123.971363932 11.0928979713 
19 837.909963325 148.51895617 13.571080505 
20 806.746883869 176.723267551 16.5298485802 
21 771.308168031 208.655088566 20.0367434035 
22 731.6360339 244.204941203 24.1590248971 
23 687.997095126 283.042907427 28.9599974467 
24 640.908444689 324.596798871 34.4947564397 
25 591.135355132 368.05886105 40.8057838178 
26 539.653955326 412.427068581 47.918976093 
27 487.579731296 456.57953165 55.8407370549 
28 436.071669661 499.371673863 64.5566564758 
29 386.22911056 539.738849625 74.0320398149 
30 339.000268022 576.785521609 84.2142103691 
31 295.117932392 609.845872654 95.036194954 
32 255.069790643 638.509015707 106.421193649 
33 219.102163746 662.610640063 118.287196191 
34 187.249340926 682.199456821 130.551202253 
35 159.37781735 697.489498242 143.132684408 
36 135.235095289 708.808771208 155.956133503 
37 114.495365099 716.551940206 168.952694695 
38 96.7976467403 721.141340252 182.061013008 
39 81.7746077464 722.997938211 195.227454042 
40 69.0724791333 722.521634005 208.405886862 
41 58.3636644603 720.079146127 221.557189413 
42 49.3529720558 715.998456475 234.648571469 
43 41.7800072945 710.567143413 247.652849293 
44 35.4186819425 704.033591875 260.547726183 
45 30.0750057358 696.609899287 273.315094978 
46 25.5840421135 688.475548655 285.940409232 
47 21.8065581003 679.781311113 298.412130787 
48 18.6255583336 670.65320584 310.721235826 
49 15.943172881 661.1960262 322.860800919 
50 13.6776731062 651.496682546 334.825644348 
51 11.7609708751 641.627001567 346.612027558 
52 10.1363350165 631.646262996 358.217401988 
53 8.756574389 621.603223471 369.64020214 
54 7.58241209442 611.537917965 380.879669941 
55 6.58113795878 601.483153301 391.935708741 
56 5.72548849978 591.465748398 402.808763103 
57 4.99271727005 581.50756279 413.49971994 
58 4.36381215279 571.626363156 424.009824691 
59 3.82291038472 561.836469813 434.340619803 
60 3.35670239694 552.149418103 444.4938795 
61 2.95398145621 542.574456047 454.471562497 
62 2.60537028119 533.118847371 464.275782348 
63 2.30293132498 523.788302677 473.908765998 
64 2.04001046035 514.587152698 483.372836842 
65 1.81096913641 505.518645587 492.670385276 
66 1.61102080586 496.585128451 501.803850744 
67 1.43612350271 487.788165997 510.7757105 
68 1.2828311233 479.128705584 519.588463293 
69 1.14823928547 470.607137315 528.2446234 
70 1.02977122118 462.223531286 536.746697493 
71 0.925315401941 453.977484438 545.09720016 
72 0.833047409279 445.868318134 553.298634457 
73 0.75137226917 437.895142058 561.353485673 
74 0.678971264439 430.056802113 569.264226622 
75 0.614653388769 422.352044987 577.033301624 
76 0.557428826339 414.77943651 584.663134663 
77 0.506419468335 407.33746075 592.156119781 
78 0.460864117155 400.024513271 599.514622611 
79 0.42012173381 392.838896776 606.74098149 
80 0.383614611934 385.778884457 613.837500931 
81 0.350855947807 378.84268883 620.806455222 
82 0.321409869101 372.028505622 627.650084508 
83 0.294903235008 365.334500056 634.370596709 
84 0.271009984776 358.758823828 640.970166187 
85 0.249426286884 352.299642364 647.450931349 
86 0.229898926595 345.955102269 653.814998804 
87 0.212214495054 339.723342863 660.064442642 
88 0.196171247702 333.602527226 666.201301526 
89 0.181596410414 327.590822344 672.227581246 
90 0.168341452334 321.686403835 678.145254713 
91 0.156266871954 315.887472295 683.956260833 
92 0.145252118648 310.192241736 689.662506145 
93 0.135193807104 304.59894103 695.265865163 
94 0.125994313647 299.105826083 700.768179603 
95 0.11756866096 293.711171506 706.171259833 
96 0.109844351343 288.413270212 711.476885437 
97 0.102753310437 283.210441948 716.686804742 
98 0.0962350315278 278.101029175 721.802735794 
99 0.0902383005307 273.083395447 726.826366252 
100 0.0847131872961 268.155932109 731.759354704 
