Time S I R
0  997 3 0
1 994.733215758 5.1536681877 0.113116054184 
2 990.854485065 8.8382449499 0.307269985251 
3 984.247527278 15.1127278854 0.639744836743 
4 973.07972535 25.7134360216 1.20683862851 
5 954.446256146 43.3860598538 2.16768400065 
6 924.019502736 72.2027730326 3.77772423146 
7 876.041535273 117.531001148 6.42746357922 
8 804.400381873 184.932335398 10.6672827284 
9 705.663644218 277.161071928 17.175283854 
10 583.57256658 389.811550604 26.6158828152 
11 451.235086934 509.36833069 39.3965823761 
12 326.610323141 617.930472889 55.4592039703 
13 223.636308013 702.082608979 74.2810830079 
14 147.12871984 757.782386318 95.088893842 
15 94.4602321057 788.429559406 117.110208488 
16 59.931198834 800.34806636 139.720734806 
17 37.9125972998 799.61014939 162.477253311 
18 24.0530788777 790.857157354 185.089763768 
19 15.3597438087 777.261525663 207.378730529 
20 9.89358354799 760.868596936 229.237819516 
21 6.4358258432 742.957023189 250.607150968 
22 4.23073411581 724.313595064 271.45567082 
23 2.81118874916 705.418854297 291.769956954 
24 1.88824116723 686.564398128 311.547360705 
25 1.281979701 667.926281109 330.79173919 
26 0.879621910191 649.609514968 349.510863122 
27 0.609834864129 631.675350419 367.714814717 
28 0.427101549404 614.157897438 385.415001013 
29 0.302108685197 597.07435141 402.623539905 
30 0.21570651355 580.431422819 419.352870668 
31 0.155478989663 564.228988598 435.615532412 
32 0.113117725081 548.462891093 451.423991182 
33 0.0830273568747 533.126420721 466.790551922 
34 0.0614382803589 518.211255045 481.727306674 
35 0.0458790764967 503.708018834 496.246102089 
36 0.0345536826469 489.606943214 510.358503103 
37 0.0262263966017 475.897980553 524.07579305 
38 0.0200525632877 462.570977498 537.408969939 
39 0.0154514686128 449.615802514 550.368746018 
40 0.0119963027823 437.022471543 562.965532154 
41 0.00938965382352 424.781178988 575.209431358 
42 0.00740030217707 412.882217713 587.110381984 
43 0.00587520732597 401.316212874 598.677911919 
44 0.00468146316587 390.073888125 609.921430411 
45 0.00376182113496 379.146380169 620.84985801 
46 0.00302859106728 368.524647977 631.472323432 
47 0.00245849421322 358.200413437 641.797128068 
48 0.00200073134738 348.165269338 651.832729931 
49 0.00162759037244 338.411147612 661.587224798 
50 0.00133185633979 328.930235905 671.068432239 
51 0.00109794683226 319.714878726 680.284023328 
52 0.000906962103045 310.757604238 689.2414888 
53 0.000763250245427 302.051265182 697.947971568 
54 0.000664367368699 293.588878926 706.410456707 
55 0.000586292489743 285.363548528 714.635865179 
56 0.000519173117823 277.368653578 722.630827249 
57 0.000455873030887 269.597759419 730.401784708 
58 0.000396691177457 262.044564962 737.955038346 
59 0.000342077008781 254.702978343 745.29667958 
60 0.000294421633498 247.567092754 752.432612825 
61 0.000251356722856 240.631108582 759.368640062 
62 0.000215472977402 233.889438889 766.110345638 
63 0.000188918492995 227.336651498 772.663159584 
64 0.000170138288809 220.967444695 779.032385167 
65 0.000157104913455 214.776673737 785.223169158 
66 0.000147030843436 208.759347388 791.240505581 
67 0.000135116484785 202.910613617 797.089251267 
68 0.000122915192378 197.225755422 802.774121663 
69 0.000112113111072 191.700181956 808.299705931 
70 0.000101924866044 186.32942081 813.670477265 
71 9.11319372108e-05 181.109112461 818.890796407 
72 8.0149135556e-05 176.0350475 823.964872351 
73 6.99886574012e-05 171.103142103 828.896787908 
74 6.1136648128e-05 166.309411752 833.690527111 
75 5.42472266716e-05 161.649981224 838.349964529 
76 4.93158693189e-05 157.121088678 842.878862006 
77 4.57733437997e-05 152.719080791 847.280873436 
78 4.31113986679e-05 148.440402715 851.559554174 
79 4.04664644975e-05 144.281598177 855.718361357 
80 3.75147953946e-05 140.239309071 859.760653414 
81 3.47035179402e-05 136.310273034 863.689692262 
82 3.19881439736e-05 132.491316491 867.508651521 
83 2.94291182854e-05 128.779353339 871.220617232 
84 2.70673367595e-05 125.171385209 874.828587723 
85 2.48173350883e-05 121.664501332 878.335473851 
86 2.2770611622e-05 118.255869252 881.744107977 
87 2.10841143371e-05 114.942734799 885.057244117 
88 1.98492731442e-05 111.722421527 888.277558624 
89 1.88789256299e-05 108.592331396 891.407649725 
90 1.80736366246e-05 105.54993662 894.450045306 
91 1.72738727997e-05 102.592779352 897.407203374 
92 1.63409052902e-05 99.7184706555 900.281513004 
93 1.54052933112e-05 96.9246913699 903.075293225 
94 1.4493079334e-05 94.2091852828 905.790800224 
95 1.36485792837e-05 91.569758441 908.43022791 
96 1.2919189885e-05 89.0042782791 910.995708802 
97 1.22659963608e-05 86.5106745847 913.489313149 
98 1.16691719541e-05 84.0869341418 915.913054189 
99 1.11285337425e-05 81.7310987774 918.268890094 
100 1.06416027847e-05 79.44126528 920.558724078 
