Time S I R
0  997 3 0
1 996.272548304 3.43681148073 0.290640215158 
2 995.439902733 3.93652793481 0.623569332542 
3 994.487141925 4.507990354 1.00486772141 
4 993.397314874 5.16121641457 1.44146871098 
5 992.151196593 5.90753360758 1.94126979961 
6 990.72702808 6.75971852389 2.51325339643 
7 989.100203871 7.73216018574 3.16763594277 
8 987.242988834 8.84100197322 3.9160091931 
9 985.12418793 10.1043012118 4.77151085847 
10 982.708818102 11.5421774103 5.749004488 
11 979.957785116 13.1769424107 6.86527247309 
12 976.82756922 15.0332146017 8.1392161779 
13 973.269950123 17.1379776423 9.59207223508 
14 969.231781559 19.5205939588 11.247624482 
15 964.654842181 22.212739385 13.1324184336 
16 959.475831694 25.2482063381 15.2759619676 
17 953.62650648 28.6625911731 17.7109023467 
18 947.034006039 32.4928196261 20.4731743351 
19 939.621512622 36.7764042259 23.602083152 
20 931.309200378 41.550485258 27.1403143641 
21 922.015490779 46.8506410999 31.1338681213 
22 911.659002078 52.7091926768 35.6318052452 
23 900.160657673 59.1534294298 40.685912897 
24 887.44653246 66.2033370223 46.3501305174 
25 873.451090581 73.8691279982 52.6797814212 
26 858.120847896 82.1485808427 59.7305712617 
27 841.418324041 91.0243343469 67.5573416122 
28 823.326091246 100.461325916 76.2125828378 
29 803.850651443 110.404619488 85.7447290687 
30 783.025805131 120.777909257 96.1962856117 
31 760.915175208 131.482959101 107.601865691 
32 737.613536143 142.400238027 119.98622583 
33 713.246639852 153.390939982 133.362420166 
34 687.969359901 164.300440771 147.730199328 
35 661.962075125 174.963141511 163.074783364 
36 635.425330576 185.20852623 179.366143194 
37 608.573274027 194.867859738 196.558866236 
38 581.626139016 203.781226108 214.592634876 
39 554.802605845 211.804087853 233.393306302 
40 528.312322822 218.813097745 252.874579433 
41 502.349209378 224.710654523 272.940136099 
42 477.086047916 229.427840052 293.486112032 
43 452.670624158 232.925611467 314.403764375 
44 429.223529866 235.194327337 335.582142797 
45 406.837443798 236.251871083 356.910685119 
46 385.577794666 236.140568402 378.281636932 
47 365.484731875 234.923289442 399.591978683 
48 346.575461443 232.679386242 420.745152315 
49 328.84762762 229.499999154 441.652373226 
50 312.282253636 225.484290187 462.233456177 
51 296.847261545 220.735328484 482.417409971 
52 282.50048464 215.356909929 502.142605431 
53 269.192360054 209.450888163 521.356751783 
54 256.868524474 203.11490302 540.016572505 
55 245.471721914 196.440888191 558.087389895 
56 234.943562801 189.513876267 575.542560932 
57 225.225844534 182.411440433 592.362715033 
58 216.261557816 175.20321158 608.535230604 
59 207.995575611 167.951058093 624.053366296 
60 200.375313305 160.709006996 638.915679699 
61 193.350913486 153.52385791 653.125228604 
62 186.875594219 146.435375892 666.689029889 
63 180.905586588 139.477039221 679.617374191 
64 175.400252037 132.676418175 691.923329788 
65 170.32192432 126.055871084 703.622204596 
66 165.63585502 119.63302669 714.73111829 
67 161.310040102 113.421366971 725.268592927 
68 157.315081297 107.430721796 735.254196907 
69 153.62404173 101.667717967 744.708240303 
70 150.212159734 96.1363276212 753.651512645 
71 147.056783471 90.8381492493 762.105067279 
72 144.137245636 85.7727639802 770.089990384 
73 141.434564109 80.938229841 777.62720605 
74 138.931438528 76.3310749533 784.737486519 
75 136.612036055 71.9467577812 791.441206164 
76 134.461861378 67.7798615663 797.758277056 
77 132.467649747 63.8242769148 803.708073339 
78 130.617267223 60.0733145717 809.309418206 
79 128.89959885 56.5199001104 814.58050104 
80 127.304459169 53.1566833052 819.538857526 
81 125.82251453 49.9761326152 824.201352855 
82 124.445198538 46.9706417318 828.584159731 
83 123.164653765 44.1325766197 832.702769616 
84 121.973655364 41.4543661485 836.571978487 
85 120.865569566 38.9285235954 840.205906839 
86 119.834290264 36.5477087285 843.618001008 
87 118.874196183 34.3047553762 846.821048441 
88 117.980119306 32.1926702071 849.827210487 
89 117.147287369 30.2046997971 852.648012834 
90 116.371302627 28.3343138118 855.294383562 
91 115.648104838 26.575225232 857.77666993 
92 114.973944264 24.9213932083 860.104662528 
93 114.345355846 23.367026982 862.287617172 
94 113.759135507 21.9065864573 864.334278035 
95 113.212318778 20.5347817107 866.252899511 
96 112.702161531 19.24657083 868.051267639 
97 112.226122105 18.0371540228 869.736723872 
98 111.781844511 16.9019688274 871.316186661 
99 111.367144121 15.8366839 872.796171979 
100 110.979993957 14.8371921439 874.182813899 
