Time S I R
0  997 3 0
1 994.76423457 4.85283500434 0.382930425302 
2 991.16124774 7.83690588918 1.00184637115 
3 985.378040731 12.621962453 1.99999681567 
4 976.154346673 20.2415093471 3.60414398014 
5 961.591938044 32.2401663356 6.16789562074 
6 938.964654534 50.8057889698 10.229556496 
7 904.661572176 78.7607993479 16.577628476 
8 854.546486802 119.155132574 26.2983806244 
9 785.132391962 174.118862093 40.7487459445 
10 695.713897943 242.91320956 61.3728924968 
11 590.579987289 320.102142178 89.3178705335 
12 479.229445252 395.816182341 124.954372408 
13 373.254541949 459.162359047 167.583099003 
14 281.736341836 502.701293554 215.56236461 
15 208.651448574 524.563310852 266.785240574 
16 153.449998542 527.350575969 319.199425489 
17 113.171988143 515.695949064 371.132062793 
18 84.2914770347 494.321516843 421.387006122 
19 63.686387521 467.113806513 469.199805966 
20 48.9352371678 436.924055814 514.140707019 
21 38.2824512955 405.700790044 556.01675866 
22 30.4979284545 374.709189565 594.79288198 
23 24.7324854702 344.73320395 630.53431058 
24 20.4019058153 316.23114009 663.366954094 
25 17.1030091683 289.446174614 693.450816218 
26 14.5553631785 264.482021231 720.96261559 
27 12.56198789 241.353382091 746.084630019 
28 10.9829339433 220.019451212 768.997614845 
29 9.7175679758 200.405972338 789.876459686 
30 8.69263556634 182.419732223 808.887632211 
31 7.85419473985 165.957993121 826.187812139 
32 7.16203145597 150.914710548 841.923257997 
33 6.58581322174 137.184498389 856.229688389 
34 6.10241840734 124.665088712 869.23249288 
35 5.69403258284 113.258850067 881.04711735 
36 5.34679271823 102.873636901 891.779570381 
37 5.0498066792 93.4231985175 901.526994803 
38 4.79443127441 84.8273112897 910.378257436 
39 4.57377828229 77.0116659454 918.414555772 
40 4.38227464765 69.9077428306 925.709982522 
41 4.21539606877 63.4525075747 932.332096357 
42 4.06944225894 57.5881049164 938.342452825 
43 3.94136311862 52.2615341734 943.797102708 
44 3.82862693471 47.4243188434 948.747054222 
45 3.7291214212 43.0321691329 953.238709446 
46 3.64107411924 39.0446626365 957.314263244 
47 3.56298615255 35.4249408221 961.012073025 
48 3.49358490303 32.1394180038 964.366997093 
49 3.43179677082 29.1575000905 967.410703139 
50 3.37668937405 26.4513531543 970.171957472 
51 3.32746380849 23.9956340676 972.676902124 
52 3.28343195244 21.7673172214 974.949250826 
53 3.24399188274 19.7454444039 977.010563713 
54 3.2086266562 17.9109898341 978.88038351 
55 3.17687984229 16.2466441402 980.576476017 
56 3.14835562445 14.7366997435 982.114944632 
57 3.12270362141 13.3668744489 983.51042193 
58 3.09961728457 12.124209069 984.776173646 
59 3.07882470768 10.996927561 985.924247731 
60 3.06008622631 9.97434429499 986.965569479 
61 3.04318883141 9.04675486326 987.910056305 
62 3.0279436354 8.2053522718 988.766704093 
63 3.01418242509 7.44214263887 989.543674936 
64 3.00175530247 6.7498699467 990.248374751 
65 2.99052852578 6.12195148296 990.887519991 
66 2.98038243883 5.55241081319 991.467206748 
67 2.97121009772 5.03582865589 991.992961246 
68 2.96291551176 4.56728368429 992.469800804 
69 2.95541275407 4.142315303 992.902271943 
70 2.94862449653 3.75687182575 993.294503678 
71 2.94248142101 3.40728230759 993.650236271 
72 2.93692101487 3.09021158866 993.972867396 
73 2.93188717048 2.80263893255 994.265473897 
74 2.92732920396 2.5418193851 994.530851411 
75 2.92320157334 2.30526746286 994.771530964 
76 2.91946308489 2.09072425552 994.98981266 
77 2.91607668647 1.89614481164 995.187778502 
78 2.91300882971 1.7196704101 995.36732076 
79 2.91022931117 1.55961861492 995.530152074 
80 2.9077107631 1.41446015297 995.677829084 
81 2.90542852511 1.28281086655 995.811760608 
82 2.90336024058 1.16341265791 995.933227102 
83 2.90148574781 1.05512676983 996.043387482 
84 2.89978676306 0.956918288877 996.143294948 
85 2.89824678415 0.867850340237 996.233902876 
86 2.89685084439 0.787071678329 996.316077477 
87 2.89558542421 0.713811502053 996.390603074 
88 2.89443826295 0.647369698944 996.458192038 
89 2.893398276 0.587112087926 996.519489636 
90 2.89245541297 0.532462887439 996.5750817 
91 2.89160058018 0.482900326108 996.625499094 
92 2.89082553445 0.437950884555 996.671223581 
93 2.89012281184 0.397185285217 996.712691903 
94 2.88948564825 0.360214113202 996.750300239 
95 2.888907915 0.326684195637 996.784407889 
96 2.8883840595 0.296275285871 996.815340655 
97 2.88790904798 0.268696837392 996.843394115 
98 2.88747832049 0.243685462404 996.868836217 
99 2.88708774154 0.221002145264 996.891910113 
100 2.88673356461 0.200430220736 996.912836215 
