Time S I R
0.0  10000 1 0
1 9999.78525814 0.578987617345 0.635754246903 
2 9999.66092811 0.335226010825 1.00384588179 
3 9999.58894315 0.194090118062 1.21696673471 
4 9999.54726552 0.112374999609 1.34035947987 
5 9999.52313496 0.065063258069 1.41180177817 
6 9999.50916381 0.0376705319622 1.45316566259 
7 9999.50107481 0.0218107199082 1.47711446785 
8 9999.49639138 0.0126280712826 1.49098054593 
9 9999.49367978 0.00731151813796 1.499008701 
10 9999.49210978 0.00423327498206 1.50365694019 
11 9999.49120077 0.0024509928961 1.50634823925 
12 9999.49067444 0.00141904412869 1.50790651259 
13 9999.49036974 0.000821615356493 1.50880864779 
14 9999.4901933 0.000475675725681 1.5093310269 
15 9999.49009115 0.000275400946082 1.50963344777 
16 9999.49003201 0.00015944508744 1.50980854455 
17 9999.48999778 9.23213119576e-05 1.50990990345 
18 9999.48997792 5.3396122383e-05 1.50996868164 
19 9999.48996647 3.09378885202e-05 1.51000259424 
20 9999.48995983 1.7930769216e-05 1.51002223537 
21 9999.489956 1.04041978168e-05 1.51003360072 
22 9999.48995378 6.06613632752e-06 1.51004015132 
23 9999.48995247 3.49518079072e-06 1.51004403354 
24 9999.4899517 1.99270509737e-06 1.51004630232 
25 9999.48995126 1.12838537574e-06 1.51004760747 
26 9999.48995102 6.52388586475e-07 1.51004832624 
27 9999.48995089 3.89480792678e-07 1.51004872324 
28 9999.48995081 2.33208828672e-07 1.51004895921 
29 9999.48995076 1.37868075587e-07 1.51004910318 
30 9999.48995073 8.09718175696e-08 1.5100491891 
31 9999.48995071 4.76922340838e-08 1.51004923935 
32 9999.4899507 2.27842763587e-08 1.51004927696 
33 9999.48995069 -2.15121184003e-09 1.51004931461 
34 9999.48995068 -1.94019253586e-08 1.51004934066 
35 9999.48995067 -2.89678641969e-08 1.51004935511 
36 9999.48995067 -3.08490283551e-08 1.51004935795 
37 9999.48995068 -2.50454178332e-08 1.51004934919 
38 9999.48995068 -2.42883605568e-08 1.51004934804 
39 9999.48995068 -2.60699630503e-08 1.51004935073 
40 9999.48995068 -2.58417504436e-08 1.51004935039 
41 9999.48995068 -2.36037227369e-08 1.51004934701 
42 9999.48995068 -1.935587993e-08 1.51004934059 
43 9999.48995068 -1.38145874028e-08 1.51004933223 
44 9999.48995068 -1.19719763791e-08 1.51004932944 
45 9999.48995068 -1.01293653553e-08 1.51004932666 
46 9999.48995068 -8.28675433159e-09 1.51004932388 
47 9999.48995069 -6.44414330785e-09 1.5100493211 
48 9999.48995069 -4.60153228411e-09 1.51004931831 
49 9999.48995069 -3.35263439026e-09 1.51004931643 
50 9999.48995069 -3.29517375786e-09 1.51004931634 
51 9999.48995069 -3.23771312546e-09 1.51004931626 
52 9999.48995069 -3.18025249306e-09 1.51004931617 
53 9999.48995069 -3.12279186067e-09 1.51004931608 
54 9999.48995069 -3.06533122827e-09 1.510049316 
55 9999.48995069 -3.00787059587e-09 1.51004931591 
56 9999.48995069 -2.95040996347e-09 1.51004931582 
57 9999.48995069 -2.89294933108e-09 1.51004931573 
58 9999.48995069 -2.83548869868e-09 1.51004931565 
59 9999.48995069 -2.77802806628e-09 1.51004931556 
60 9999.48995069 -2.72056743388e-09 1.51004931547 
61 9999.48995069 -2.66310680148e-09 1.51004931539 
62 9999.48995069 -2.60564616909e-09 1.5100493153 
63 9999.48995069 -2.54818553669e-09 1.51004931521 
64 9999.48995069 -2.49072490429e-09 1.51004931513 
65 9999.48995069 -2.43326427189e-09 1.51004931504 
66 9999.48995069 -2.3758036395e-09 1.51004931495 
67 9999.48995069 -2.3183430071e-09 1.51004931487 
68 9999.48995069 -2.2608823747e-09 1.51004931478 
69 9999.48995069 -2.2034217423e-09 1.51004931469 
70 9999.48995069 -2.14596110991e-09 1.51004931461 
