Time S I R
0  997 3 0
1 994.124339137 5.74380060693 0.131860256215 
2 988.649274692 10.9667541597 0.38397114822 
3 978.306242683 20.8296856724 0.864071644338 
4 959.052331905 39.176196269 1.77147182557 
5 924.172075175 72.3652216333 3.46270319142 
6 863.98623701 129.476893808 6.53686918192 
7 768.356699582 219.751521749 11.8917786697 
8 634.626509334 344.752578849 20.6209118168 
9 477.407498143 488.976437767 33.6160640898 
10 325.981892773 622.985029616 51.0330776114 
11 205.322511534 722.542142257 72.1353462085 
12 122.511378275 781.780707997 95.7079137278 
13 71.0306801192 808.377720389 120.591599492 
14 40.765872587 813.294018469 145.940108944 
15 23.4300756062 805.34738477 171.222539624 
16 13.5760385564 790.289420749 196.134540694 
17 7.95894772198 771.528804121 220.512248157 
18 4.72947610255 750.997368862 244.273155036 
19 2.85096651905 729.768638934 267.380394547 
20 1.74379150078 708.433868113 289.822340387 
21 1.08219249637 687.316565069 311.601242435 
22 0.681286441486 666.591811221 332.726902338 
23 0.434949883186 646.351881034 353.213169083 
24 0.281507958094 626.642515359 373.075976683 
25 0.184582408191 607.483184449 392.332233142 
26 0.122608280459 588.878184631 410.999207089 
27 0.0824731012069 570.823375355 429.094151544 
28 0.0561828641523 553.309722866 446.63409427 
29 0.0387589032346 536.325496959 463.635744138 
30 0.027040676953 519.857536476 480.115422847 
31 0.0190504229275 503.891918121 496.089031456 
32 0.0135675825222 488.414402983 511.572029435 
33 0.00976697269209 473.410801965 526.579431062 
34 0.00710322854547 458.867093308 541.125803463 
35 0.00521669816112 444.769499649 555.225283652 
36 0.00386810018347 431.104550966 568.891580934 
37 0.00290327293078 417.859190363 582.137906364 
38 0.0021897695425 405.020524701 594.977285529 
39 0.00166356434988 392.57621355 607.422122886 
40 0.00126999489567 380.514087911 619.484642094 
41 0.000979637639603 368.822528561 631.176491801 
42 0.000763058545658 357.49011853 642.509118411 
43 0.000599348633273 346.505846076 653.493554576 
44 0.000471336109172 335.85897087 664.140557794 
45 0.000369871029079 325.539161321 674.460468808 
46 0.000292988826686 315.536460724 684.463246288 
47 0.000232540719708 305.841043753 694.158723706 
48 0.000187638086686 296.443512602 703.55629976 
49 0.000159483658535 287.334803135 712.665037381 
50 0.000138956221008 278.505961434 721.49389961 
51 0.000121307137306 269.948400335 730.051478357 
52 0.000104187155785 261.653789684 738.346106129 
53 8.80654987441e-05 253.614032848 746.385879087 
54 7.3709976391e-05 245.821325293 754.178600997 
55 6.0764195041e-05 238.268046868 761.731892367 
56 5.02632543657e-05 230.946851858 769.053097878 
57 4.31836190273e-05 223.850620171 776.149336646 
58 3.87243858313e-05 216.972417921 783.027543355 
59 3.63864551218e-05 210.305548252 789.694415362 
60 3.52944828137e-05 203.843531747 796.156432959 
61 3.364174745e-05 197.580089141 802.419877217 
62 3.17974041764e-05 191.509129122 808.490839081 
63 3.0737492807e-05 185.624738179 814.375231083 
64 2.97841315842e-05 179.921170761 820.078799455 
65 2.774813629e-05 174.392837932 825.60713432 
66 2.38669097143e-05 169.034330566 830.965645567 
67 1.97172275875e-05 163.840473683 836.1595066 
68 1.5771133576e-05 158.806209627 841.193774602 
69 1.2611377656e-05 153.926630128 846.07335726 
70 1.09240299935e-05 149.19697463 850.803014446 
71 1.02840403997e-05 144.612644659 855.387345057 
72 1.03181439499e-05 140.169178691 859.830810991 
73 1.06360746486e-05 135.862247486 864.137741878 
74 1.05935801002e-05 131.687652231 868.312337176 
75 1.00829836356e-05 127.641327779 872.358662138 
76 9.46650254718e-06 123.719337277 876.280653256 
77 8.74088505043e-06 119.917859054 880.082132205 
78 7.97581776624e-06 116.233186322 883.766805703 
79 7.2615132467e-06 112.661726297 887.338266441 
80 6.51587879474e-06 109.200006845 890.799986639 
81 5.7903449715e-06 105.844656424 894.155337786 
82 5.18505999025e-06 102.592404944 897.407589871 
83 4.82876691876e-06 99.4400810061 900.559914165 
84 4.66781887098e-06 96.3846164268 903.615378905 
85 4.6094131676e-06 93.4230368937 906.576958497 
86 4.54668304428e-06 90.5524572479 909.447538205 
87 4.3354839363e-06 87.7700802669 912.229915398 
88 4.05160938044e-06 85.0731974514 914.926798497 
89 3.74440730866e-06 82.4591821552 917.5408141 
90 3.46034494214e-06 79.9254868192 920.07450972 
91 3.25737346429e-06 77.4696416191 922.530355124 
92 3.08942026095e-06 75.0892568996 924.910740011 
93 2.94566302728e-06 72.7820142569 927.217982797 
94 2.81816835468e-06 70.5456652683 929.454331913 
95 2.6979573704e-06 68.3780306539 931.621966648 
96 2.59100670519e-06 66.2770010001 933.722996409 
97 2.49259630891e-06 64.2405296713 935.759467836 
98 2.39481221342e-06 62.2666319389 937.733365666 
99 2.29326656154e-06 60.3533846444 939.646613062 
100 2.19360526899e-06 58.4989258781 941.501071928 
