Time S I R
0.0  10000 1 0
1 9997.43978012 2.0855867162 1.47463316209 
2 9992.10408443 4.3468191478 4.54909641831 
3 9981.00004613 9.04736963175 10.95258424 
4 9957.96057648 18.7776575762 24.2617659442 
5 9910.45149518 38.7447355223 51.8037693001 
6 9813.72011146 78.9884866033 108.291401937 
7 9621.74532644 157.188839792 222.065833768 
8 9259.26160928 298.517015573 443.221375148 
9 8634.23567544 521.048316902 845.716007656 
10 7704.68442907 794.605489946 1501.71008099 
11 6576.43338439 1010.98903353 2413.57758207 
12 5481.50855272 1057.11872271 3462.37272456 
13 4605.0290855 930.193278324 4465.77763618 
14 3989.50425021 719.398177757 5292.09757204 
15 3587.77992146 509.894530464 5903.32554808 
16 3334.7965517 341.764185724 6324.43926258 
17 3178.01445991 221.218331556 6601.76720854 
18 3081.51949991 140.139398118 6779.34110197 
19 3022.30367433 87.6093848621 6891.08694081 
20 2986.0108845 54.326928211 6960.66218729 
21 2963.77983362 33.5211640954 7003.69900229 
22 2950.16619175 20.6205875458 7030.2132207 
23 2941.83060602 12.6611427227 7046.50825126 
24 2936.7270933 7.76512589006 7056.50778081 
25 2933.60256414 4.75905245428 7062.63838341 
26 2931.68966912 2.91545487261 7066.39487601 
27 2930.518575 1.78557581824 7068.69584919 
28 2929.80162497 1.09340388226 7070.10497115 
29 2929.36270616 0.669484051562 7070.96780978 
30 2929.09399967 0.409896110682 7071.49610422 
31 2928.92949752 0.250952420715 7071.81955006 
32 2928.82878936 0.153638181687 7072.01757246 
33 2928.76713587 0.0940590811545 7072.13880505 
34 2928.72939169 0.0575835880062 7072.21302472 
35 2928.70628477 0.0352528773354 7072.25846235 
36 2928.69213874 0.0215818686903 7072.28627939 
37 2928.68347856 0.013212427226 7072.30330901 
38 2928.67817681 0.00808864294421 7072.31373455 
39 2928.67493109 0.00495186116756 7072.32011705 
40 2928.67294405 0.00303151285912 7072.32402444 
41 2928.6717277 0.00185598366573 7072.32641632 
42 2928.67098293 0.00113621347214 7072.32788085 
43 2928.67052701 0.000695594761504 7072.32877739 
44 2928.67024788 0.000425825022939 7072.3293263 
45 2928.67007691 0.000260598770314 7072.32966249 
46 2928.66997236 0.000159558278752 7072.32986808 
47 2928.66990835 9.76951422624e-05 7072.32999395 
48 2928.66986924 5.989737498e-05 7072.33007086 
49 2928.66984525 3.67115689684e-05 7072.33011804 
50 2928.66983034 2.2306489121e-05 7072.33014735 
51 2928.66982138 1.3644353058e-05 7072.33016497 
52 2928.66981581 8.26321263605e-06 7072.33017592 
53 2928.66981254 5.09812641798e-06 7072.33018236 
54 2928.66981058 3.20510273737e-06 7072.33018622 
55 2928.66980935 2.01783534407e-06 7072.33018863 
56 2928.66980857 1.25892718707e-06 7072.33019018 
57 2928.66980807 7.81803072749e-07 7072.33019115 
58 2928.66980777 4.86046293245e-07 7072.33019175 
59 2928.66980758 3.02873384621e-07 7072.33019212 
60 2928.66980746 1.88788572656e-07 7072.33019235 
61 2928.66980738 1.17595897067e-07 7072.3301925 
62 2928.66980734 7.32626967548e-08 7072.33019259 
63 2928.66980731 4.56631473531e-08 7072.33019264 
64 2928.66980729 2.19300193336e-08 7072.33019269 
65 2928.66980726 -1.45565450828e-09 7072.33019274 
66 2928.66980724 -1.84099376608e-08 7072.33019277 
67 2928.66980723 -2.89328301239e-08 7072.3301928 
68 2928.66980723 -3.30243318977e-08 7072.3301928 
69 2928.66980723 -3.06844429821e-08 7072.3301928 
70 2928.66980724 -2.34844949307e-08 7072.33019278 
