Time S I R
0  997 3 0
1 996.35298015 3.58874373829 0.0582761115938 
2 995.579587207 4.29242865582 0.127984136948 
3 994.655416611 5.13323017917 0.21135321019 
4 993.551453043 6.13750401869 0.311042938053 
5 992.233270528 7.33650724275 0.430222229265 
6 990.660101564 8.76723579898 0.572662636559 
7 988.783724382 10.4734228584 0.742852759586 
8 986.54729694 12.5065807066 0.946122353227 
9 983.883991049 14.9272158863 1.18879306484 
10 980.715525471 17.8061252945 1.47834923494 
11 976.950609504 21.2257587968 1.8236316993 
12 972.483339423 25.2816030024 2.23505757452 
13 967.191645023 30.0834913218 2.72486365495 
14 960.935925076 35.7567052226 3.30736970125 
15 953.558040742 42.442699012 3.99926024642 
16 944.880936367 50.2991899568 4.81987367651 
17 934.709229509 59.4992861008 5.79148439025 
18 922.831186033 70.229255581 6.93955838601 
19 909.0225745 82.6844717496 8.2929537501 
20 893.0529282 97.0630423628 9.88402943672 
21 874.69471363 113.55666921 11.7486171595 
22 853.735764192 132.338431607 13.9258042016 
23 829.995020304 153.547505705 16.4574739909 
24 803.341284946 177.27117392 19.3875411344 
25 773.713617934 203.525513871 22.7608681947 
26 741.14171713 232.236451423 26.6218314467 
27 705.763627046 263.22380134 31.0125716136 
28 667.837526723 296.191460006 35.9710132708 
29 627.74445382 330.726758761 41.5287874192 
30 585.979597908 366.311159831 47.7092422611 
31 543.131472708 402.342778275 54.5257490175 
32 499.850016214 438.169482513 61.9805012734 
33 456.807000207 473.129026265 70.063973528 
34 414.653979416 506.59090065 78.7551199337 
35 373.983272173 537.99444977 88.0222780572 
36 335.296453999 566.878857144 97.8246888574 
37 298.983959842 592.901587706 108.114452452 
38 265.316839391 615.844464657 118.838695952 
39 234.44945095 635.608801149 129.941747901 
40 206.430644272 652.202203072 141.367152656 
41 181.220875573 665.71972796 153.059396466 
42 158.711662663 676.323064029 164.965273308 
43 138.745016174 684.220100553 177.034883273 
44 121.131201609 689.646511765 189.222286626 
45 105.663799568 692.850344844 201.485855587 
46 92.1315080778 694.080111775 213.788380147 
47 80.3267822793 693.576225666 226.096992055 
48 70.0522275543 691.564796627 238.382975818 
49 61.1242210089 688.25430882 250.621470171 
50 53.3749671343 683.833892929 262.791139937 
51 46.6533271064 678.472844618 274.873828276 
52 40.8246637527 672.321125575 286.854210673 
53 35.7700589826 665.510483539 298.719457479 
54 31.3852172821 658.155859929 310.458922789 
55 27.5791896624 650.356945486 322.063864851 
56 24.2729729345 642.19984163 333.527185436 
57 21.3981586573 633.758637662 344.843203681 
58 18.895766067 625.096773454 356.007460478 
59 16.7148736437 616.26859129 367.016535066 
60 14.8117198527 607.320379276 377.867900871 
61 13.1485951474 598.291618718 388.559786134 
62 11.6931094185 589.215823654 399.091066927 
63 10.4174256465 580.121404855 409.461169498 
64 9.29760389847 571.032413761 419.66998234 
65 8.31305556872 561.969156713 429.717787718 
66 7.44605303106 552.948749798 439.605197171 
67 6.68133657297 543.985560734 449.333102693 
68 6.00574196459 535.091629493 458.902628542 
69 5.40790221015 526.27700453 468.31509326 
70 4.87803025316 517.549986646 477.571983101 
71 4.40764693779 508.917437359 486.674915703 
72 3.98937934408 500.385005413 495.625615243 
73 3.61686943412 491.957229756 504.42590081 
74 3.28456476508 483.637775566 513.077659669 
75 2.9876651479 475.429494236 521.582840616 
76 2.72198086979 467.334583257 529.943435873 
77 2.48386638183 459.354661446 538.161472172 
78 2.270131355 451.490869309 546.238999336 
79 2.07798993372 443.743925929 554.178084137 
80 1.90500309987 436.11419402 561.98080288 
81 1.7490472368 428.601715395 569.649237368 
82 1.60824841269 421.206285041 577.185466547 
83 1.48090321532 413.927540364 584.591556421 
84 1.36558479443 406.764840756 591.86957445 
85 1.2610238316 399.717402127 599.021574042 
86 1.16606192743 392.784349418 606.049588654 
87 1.07972265709 385.964636055 612.955641288 
88 1.00111928939 379.257147987 619.741732724 
89 0.929449513628 372.660709415 626.409841071 
90 0.864033704262 366.174039277 632.961927018 
91 0.804244988931 359.795830098 639.399924914 
92 0.749521621491 353.524733401 645.725744978 
93 0.699384601337 347.35933889 651.941276509 
94 0.653389630842 341.298229156 658.048381213 
95 0.611142290577 335.339961958 664.048895752 
96 0.572297412851 329.483070585 669.944632002 
97 0.536535516139 323.726090109 675.737374375 
98 0.503580059062 318.067537363 681.428882578 
99 0.473182970495 312.505927013 687.020890017 
100 0.445109129564 307.039788823 692.515102047 
