Time S I R
0  997 3 0
1 993.92747364 5.77902306283 0.293503296908 
2 988.044666928 11.0973337961 0.857999276403 
3 976.878946539 21.1823211788 1.93873228268 
4 956.032469144 39.9775882731 3.98994258307 
5 918.281733284 73.8973043093 7.82096240631 
6 853.545137314 131.682148405 14.7727142805 
7 752.229155546 220.982606127 26.7882383267 
8 614.204330806 339.731073623 46.0645955702 
9 457.541256976 468.393331189 74.0654118351 
10 312.049305865 577.493212788 110.457481347 
11 199.262719032 647.627753952 153.109527016 
12 122.718015076 678.078121358 199.203863565 
13 74.7754503329 678.912186725 246.312362942 
14 45.8689193792 661.347281778 292.783798842 
15 28.6151642303 633.73199945 337.65283632 
16 18.2501355568 601.328526587 380.421337856 
17 11.9265582982 567.199626472 420.87381523 
18 7.99079195092 533.053381866 458.955826183 
19 5.48698325455 499.81158032 494.701436426 
20 3.85820495875 467.950151182 528.191643859 
21 2.77497534844 437.694174354 559.530850297 
22 2.039081023 409.127218626 588.833700351 
23 1.52892968757 382.25346138 616.217608932 
24 1.16832657775 357.033084461 641.798588962 
25 0.908781977503 333.40221758 665.689000442 
26 0.718760501006 311.284938567 687.996300932 
27 0.577418533221 290.600093277 708.822488189 
28 0.47067982376 271.265446698 728.263873478 
29 0.388914078373 253.199974494 746.411111428 
30 0.325464922113 236.325194738 763.34934034 
31 0.275621602493 220.566006882 779.158371516 
32 0.2360089778 205.851047725 793.912943297 
33 0.204196953663 192.11281723 807.682985816 
34 0.178405541344 179.287679605 820.533914853 
35 0.157276041939 167.315886813 832.526837145 
36 0.139782639465 156.141300839 843.718916522 
37 0.125227637136 145.711356045 854.163416318 
38 0.11301040337 135.976749852 863.910239744 
39 0.102699075739 126.891476751 873.005824173 
40 0.093922346052 118.412378756 881.493698898 
41 0.0864139132198 110.499247539 889.414338548 
42 0.0799468065688 103.114382049 896.805671145 
43 0.0743554690852 96.2226796591 903.702964872 
44 0.0694938210339 89.7912550513 910.139251128 
45 0.065245974435 83.7894588974 916.145295128 
46 0.0615228413174 78.1886457499 921.749831409 
47 0.0582287489475 72.9619452537 926.979825997 
48 0.0553122430534 68.0844688511 931.860218906 
49 0.0527269522701 63.5329519038 936.414321144 
50 0.0504234315138 59.2856026391 940.663973929 
51 0.04836379721 55.3221074606 944.629528742 
52 0.0465178605382 51.6235141387 948.329968001 
53 0.044859023606 48.1721321799 951.783008796 
54 0.0433644914405 44.9514470171 955.005188492 
55 0.0420148542109 41.9460474208 958.011937725 
56 0.0407933181572 39.1415478444 960.817658837 
57 0.0396855094771 36.5245252786 963.435789212 
58 0.0386789567922 34.0824542939 965.878866749 
59 0.0377627330919 31.8036403021 968.158596965 
60 0.0369272074316 29.6771666443 970.285906148 
61 0.0361640904987 27.6928543138 972.270981596 
62 0.0354663990418 25.8412114332 974.123322168 
63 0.0348274504385 24.1133633722 975.851809177 
64 0.0342416556804 22.5010379152 977.464720429 
65 0.0337039482578 20.9965119282 978.969784124 
66 0.0332098083195 19.5925779161 980.374212276 
67 0.0327552574906 18.2825115864 981.684733156 
68 0.0323367065449 17.0600372326 982.907626061 
69 0.0319509749473 15.9193007142 984.048748311 
70 0.0315951842113 14.8548366931 985.113568123 
71 0.0312667598231 13.861546002 986.107187238 
72 0.0309633759699 12.9346699885 987.034366636 
73 0.0306829328098 12.0697683783 987.899548689 
74 0.0304235313356 11.262697518 988.706878951 
75 0.0301834400572 10.5095894366 989.460227123 
76 0.0299611091829 9.80683777044 990.16320112 
77 0.0297551383255 9.15107838788 990.819166474 
78 0.0295642127084 8.53916610005 991.431269687 
79 0.0293871553977 7.96816946064 992.002443384 
80 0.0292229014843 7.43535470391 992.535422395 
81 0.0290704572617 6.93816686616 993.032762677 
82 0.0289289207308 6.47422347275 993.496847607 
83 0.0287974740311 6.04130344488 993.929899081 
84 0.0286753564345 5.63733142187 994.333993222 
85 0.0285618695432 5.26037105579 994.711067075 
86 0.0284563778262 4.90861763406 995.062925988 
87 0.0283582930465 4.58038568369 995.391256023 
88 0.0282670705599 4.27410125201 995.697631677 
89 0.0281822128214 3.98829743545 995.983520352 
90 0.0281032606256 3.7216052522 996.250291487 
91 0.0280297864205 3.47274564763 996.499224566 
92 0.0279613983482 3.24052664793 996.731511954 
93 0.0278977349218 3.0238364051 996.94826586 
94 0.0278384588845 2.82163552455 997.150526017 
95 0.0277832598424 2.6329552561 997.339261484 
96 0.0277318513015 2.45689227162 997.515375877 
97 0.0276839660701 2.29260223018 997.679713804 
98 0.0276393571593 2.13929776718 997.833062876 
99 0.0275977963761 1.99624486333 997.97615734 
100 0.0275590711411 1.86275771972 998.109683209 
