Time S I R
0  997 3 0
1 994.295112397 5.56615735097 0.138730251668 
2 989.302024646 10.3021617173 0.39581363654 
3 980.147116167 18.9823145608 0.87056927194 
4 963.567601692 34.6906481481 1.74175015977 
5 934.203110263 62.4747198795 3.32216985797 
6 884.186803337 109.681119162 6.13207750087 
7 804.400308713 184.638285619 10.9614056682 
8 689.510308297 291.658326309 18.8313653937 
9 546.218873976 423.053453569 30.7276724545 
10 396.190682093 556.683199033 47.1261188738 
11 264.993383005 667.342397961 67.6642190333 
12 166.77577648 741.914132204 91.3100913162 
13 101.135061417 782.012423822 116.852514761 
14 60.277915497 796.443544075 143.278540429 
15 35.7982243692 794.314250263 169.887525368 
16 21.3642769491 782.389200391 196.24652266 
17 12.875219841 765.017966857 222.106813302 
18 7.856097322 744.810015993 247.333886685 
19 4.85983786474 723.2795718 271.860590336 
20 3.04955976355 701.291896682 295.658543554 
21 1.94132988722 679.337240031 318.721430081 
22 1.25360379198 657.690995223 341.055400985 
23 0.820937888292 636.505501109 362.673561003 
24 0.545008892771 615.862179696 383.592811411 
25 0.366676054393 595.801298849 403.832025096 
26 0.249885023644 576.339133575 423.410981402 
27 0.172411709522 557.477838381 442.34974991 
28 0.120439654915 539.211235148 460.668325197 
29 0.0851266916453 521.528473528 478.38639978 
30 0.0608163546995 504.41592755 495.523256096 
31 0.0439718107398 487.858327266 512.097700924 
32 0.0321429166015 471.839850174 528.128006909 
33 0.0237293674979 456.344356529 543.631914103 
34 0.0176895663021 441.355679749 558.626630685 
35 0.01332139581 426.857874993 573.128803612 
36 0.0101367746556 412.835343917 587.154519308 
37 0.00778518124207 399.272732311 600.719482508 
38 0.00602918295658 386.15520244 613.838768377 
39 0.0047000330801 373.468280965 626.527019002 
40 0.00369272037324 361.197899617 638.798407663 
41 0.00292428210003 349.330451547 650.666624171 
42 0.00232853178693 337.852704535 662.144966933 
43 0.00185500817997 326.751914629 673.246230363 
44 0.00148715229068 316.015769492 683.982743356 
45 0.00120310865054 305.632295957 694.366500934 
46 0.000977528969543 295.589871716 704.409150755 
47 0.000818662101892 285.877440527 714.121740811 
48 0.000707053320525 276.484145722 723.515147224 
49 0.00061737164026 267.399462074 732.599920554 
50 0.000536478599656 258.613293393 741.386170128 
51 0.000461439818082 250.115808241 749.883730319 
52 0.000392988781982 241.897519086 758.102087926 
53 0.000334131854515 233.949284384 766.050381484 
54 0.0002821962604 226.262184024 773.73753378 
55 0.000240384977133 218.827657481 781.172102134 
56 0.000210760333744 211.63742239 788.362366849 
57 0.000190071820271 204.683432644 795.316377285 
58 0.000175127285274 197.957933683 802.04189119 
59 0.000159693282512 191.453427903 808.546412404 
60 0.000143360837683 185.162664404 814.837192235 
61 0.00012904410903 179.078622491 820.921248465 
62 0.000115636113264 173.194491377 826.805392987 
63 0.000101792149508 167.50367105 832.496227158 
64 8.88160042223e-05 161.999835237 838.000075947 
65 7.74644447574e-05 156.676845218 843.323077318 
66 6.84310972474e-05 151.528753883 848.471177686 
67 6.18934733438e-05 146.549813383 853.450124724 
68 5.71180922861e-05 141.734471801 858.265471081 
69 5.33086356427e-05 137.07735335 862.922593342 
70 4.92633612339e-05 132.573257232 867.426693505 
71 4.5245062438e-05 128.217158185 871.78279657 
72 4.14311664372e-05 124.00419399 875.995764579 
73 3.79072781698e-05 119.929658864 880.070303229 
74 3.47711815039e-05 115.989002458 884.010962771 
75 3.18908489589e-05 112.17782938 887.822138729 
76 2.93460548164e-05 108.491884703 891.508085951 
77 2.7313159876e-05 104.927050946 895.072921741 
78 2.57409097912e-05 101.47935087 898.520623389 
79 2.45329757718e-05 98.1449373685 901.855038099 
80 2.35829148778e-05 94.9200871126 905.079889305 
81 2.26569895858e-05 91.8011980765 908.198779267 
82 2.14804233565e-05 88.7847861411 911.215192378 
83 2.03799221481e-05 85.8674840363 914.132495584 
84 1.94152665927e-05 83.0460353001 916.953945285 
85 1.85484871054e-05 80.3172922785 919.682689173 
86 1.7671772639e-05 77.6782139923 922.321768336 
87 1.6757987396e-05 75.1258561526 924.874127089 
88 1.59756698395e-05 72.6573627415 927.342621283 
89 1.53187525029e-05 70.2699782022 929.730006479 
90 1.4735899299e-05 67.961038537 932.038946727 
91 1.41183877531e-05 65.7279685781 934.272017304 
92 1.35119767037e-05 63.5682741312 936.431712357 
93 1.29725397073e-05 61.479542629 938.520444398 
94 1.24867998466e-05 59.4594423665 940.540545147 
95 1.2031231222e-05 57.5057185974 942.494269371 
96 1.15779678254e-05 55.6161908785 944.383797544 
97 1.1141595337e-05 53.7887490091 946.211239849 
98 1.07253165424e-05 52.0213528198 947.978636455 
99 1.033386161e-05 50.3120295955 949.687960071 
100 9.98065422664e-06 48.6588718259 951.341118193 
