Time S I R
0.0  10000 1 0
1 9997.65603411 2.27663941692 1.06732647011 
2 9992.32319556 5.18023366644 3.49657077714 
3 9980.20708373 11.7723240398 9.02059223195 
4 9952.76612053 26.6774685317 21.5564109401 
5 9891.0577153 60.0689807972 49.8733038985 
6 9754.47995633 133.340218662 113.179825004 
7 9462.51943806 286.944942653 251.535619289 
8 8881.92494385 579.243644157 539.831411989 
9 7874.83516628 1038.40219253 1087.76264119 
10 6471.49772361 1548.15145633 1981.35082006 
11 4986.97670408 1846.26765898 3167.75563693 
12 3773.25904904 1790.20592588 4437.53502508 
13 2940.18309283 1487.46580103 5573.35110614 
14 2415.2332898 1116.95366338 6468.81304682 
15 2093.42385054 787.709241987 7119.86690747 
16 1896.31670749 534.582409158 7570.10088335 
17 1774.64646786 354.333631862 7872.01990028 
18 1698.88347475 231.449723365 8070.66680189 
19 1651.36630222 149.80663728 8199.82706051 
20 1621.40728262 96.4071254369 8283.18559194 
21 1602.44973921 61.8173808261 8336.73287996 
22 1590.4245358 39.5469718623 8371.02849234 
23 1582.78451821 25.2628342988 8392.9526475 
24 1577.92549698 16.1230728348 8406.95143019 
25 1574.83311726 10.2838833848 8415.88299936 
26 1572.86422149 6.55697274469 8421.57880577 
27 1571.61029352 4.1797038984 8425.21000258 
28 1570.81156734 2.66392229234 8427.52451037 
29 1570.30273811 1.69767864182 8428.99958325 
30 1569.97856445 1.08183834402 8429.93959721 
31 1569.7720253 0.689369885962 8430.53860481 
32 1569.64043006 0.439269743072 8430.92030019 
33 1569.55658335 0.279900223574 8431.16351642 
34 1569.50315906 0.178348571526 8431.31849237 
35 1569.46911886 0.113640467238 8431.41724067 
36 1569.44742955 0.0724094270332 8431.48016103 
37 1569.43360968 0.0461376391041 8431.52025268 
38 1569.42480408 0.0293978542699 8431.54579807 
39 1569.41919337 0.0187316103224 8431.56207502 
40 1569.41561837 0.0119353253015 8431.5724463 
41 1569.41334046 0.00760486599799 8431.57905467 
42 1569.41188909 0.00484570956569 8431.5832652 
43 1569.41096429 0.00308760883023 8431.5859481 
44 1569.41037502 0.0019673536321 8431.58765763 
45 1569.40999957 0.00125360001469 8431.58874683 
46 1569.4097603 0.000798738277459 8431.58944096 
47 1569.40960785 0.000508920864694 8431.58988322 
48 1569.40951072 0.000324265821078 8431.59016501 
49 1569.40944883 0.000206606241351 8431.59034456 
50 1569.40940941 0.000131655615972 8431.59045894 
51 1569.40938424 8.38061732283e-05 8431.59053196 
52 1569.40936824 5.33952279825e-05 8431.59057837 
53 1569.40935804 3.39962894833e-05 8431.59060797 
54 1569.40935158 2.1718664436e-05 8431.5906267 
55 1569.40934745 1.38721672914e-05 8431.59063868 
56 1569.40934483 8.89090973149e-06 8431.59064628 
57 1569.40934313 5.65379800846e-06 8431.59065122 
58 1569.40934201 3.52716152083e-06 8431.59065446 
59 1569.40934133 2.24533666828e-06 8431.59065642 
60 1569.40934089 1.40129118356e-06 8431.59065771 
61 1569.40934062 8.944709258e-07 8431.59065848 
62 1569.40934046 5.8496366001e-07 8431.59065895 
63 1569.40934035 3.8376546437e-07 8431.59065926 
64 1569.40934028 2.49689559902e-07 8431.59065947 
65 1569.40934024 1.61029407247e-07 8431.5906596 
66 1569.40934021 1.0385756232e-07 8431.59065969 
67 1569.40934019 6.72165983481e-08 8431.59065974 
68 1569.40934018 4.35707784457e-08 8431.59065978 
69 1569.40934017 2.82101215731e-08 8431.5906598 
70 1569.40934016 9.04894724848e-09 8431.59065983 
