Time S I R
0  997 3 0
1 992.689737004 7.06310721748 0.247155778494 
2 982.646284536 16.5264668 0.827248663887 
3 959.704559418 38.1205598858 2.17488069667 
4 909.597660291 85.1684900192 5.23384968979 
5 810.107508848 178.050747029 11.8417441235 
6 645.195849304 329.978118387 24.8260323088 
7 438.97736349 514.227953148 46.7946833615 
8 254.842791899 667.341027527 77.8161805738 
9 132.618993606 752.304790896 115.076215498 
10 65.6981295266 779.156305045 155.145565428 
11 32.309008554 772.058364536 195.63262691 
12 16.1278584502 748.604293032 235.267848518 
13 8.25485835913 718.270386229 273.474755412 
14 4.34942027509 685.621698839 310.028880886 
15 2.36143704447 652.766882503 344.871680453 
16 1.32075235921 620.658711187 378.020536454 
17 0.760267801983 589.713041873 409.526690325 
18 0.449901568221 560.094415633 439.455682798 
19 0.27337759677 531.848475954 467.878146449 
20 0.170333122526 504.964235468 494.865431409 
21 0.108699288837 479.403768027 520.487532684 
22 0.0709744002934 455.116918582 544.812107018 
23 0.0473336758043 432.048620641 567.904045683 
24 0.0322120497741 410.142455432 589.825332518 
25 0.0223707282621 389.342606004 610.635023268 
26 0.0158221989648 369.594879047 630.389298754 
27 0.0113981984139 350.847145968 649.141455834 
28 0.0083587399705 333.049306724 666.942334536 
29 0.00621790540515 316.153590265 683.84019183 
30 0.00469327616838 300.114516736 699.880789988 
31 0.00359187652816 284.888737088 715.107671036 
32 0.00277605301221 270.434998596 729.562225351 
33 0.00217670683833 256.714429948 743.283393345 
34 0.00173008186096 243.689830867 756.308439051 
35 0.0013993829848 231.326035188 768.672565429 
36 0.00114247206625 219.58947439 780.409383138 
37 0.000939318349879 208.448328391 791.550732291 
38 0.000779864256629 197.872420222 802.126799914 
39 0.000653715445878 187.833064617 812.166281668 
40 0.00055446091983 178.303032718 821.696412821 
41 0.000476277690723 169.256489869 830.743033853 
42 0.00041182212874 160.668973613 839.330614565 
43 0.00036112543728 152.517228552 847.482410323 
44 0.000320410460745 144.779104619 855.220574971 
45 0.000279899549469 137.433493657 862.566226444 
46 0.000242511744659 130.460529098 869.539228391 
47 0.000213193837567 123.841358936 876.158427871 
48 0.000191778595877 117.558044632 882.441763589 
49 0.000174353595867 111.593526762 888.406298884 
50 0.000158223972335 105.931618433 894.068223343 
51 0.000143946866388 100.556978332 899.442877721 
52 0.000131313036945 95.455026812 904.544841875 
53 0.000120096548926 90.6119334544 909.387946449 
54 0.000110662232146 86.0145617267 913.985327611 
55 0.000102786067828 81.6504470504 918.349450164 
56 9.58447262747e-05 77.5077541444 922.492150011 
57 8.94107643035e-05 73.5752465617 926.424664028 
58 8.36582169086e-05 69.8422638972 930.157652445 
59 7.85406335808e-05 66.2986820654 933.701239394 
60 7.37637614066e-05 62.9349031282 937.065023108 
61 6.92805299423e-05 59.7418015115 940.258129208 
62 6.52562781625e-05 56.7107038044 943.289230939 
63 6.19393662191e-05 53.8333710612 946.166566999 
64 5.84933169421e-05 51.1020077372 948.89793377 
65 5.47935770783e-05 48.5092103838 951.490734823 
66 5.13226427756e-05 46.0479621357 953.951986542 
67 4.91451011158e-05 43.7116173757 956.288333479 
68 4.78074957755e-05 41.4938300904 958.506122102 
69 4.68055058036e-05 39.3885739556 960.611379239 
70 4.54584668432e-05 37.3901229063 962.609831635 
71 4.37685417864e-05 35.4930567288 964.506899503 
72 4.19943671659e-05 33.6922362699 966.307721736 
73 4.05257945886e-05 31.9827870314 968.017172443 
74 3.94407119302e-05 30.3600747557 969.639885804 
75 3.85332432415e-05 28.8196945665 971.1802669 
76 3.76710106593e-05 27.3574696665 972.642492662 
77 3.6767706888e-05 25.9694347785 974.030528454 
78 3.59152890042e-05 24.6518252333 975.348138851 
79 3.5119035374e-05 23.4010665927 976.598898288 
80 3.43897330595e-05 22.2137657211 977.786199889 
81 3.37050807957e-05 21.0867033324 978.913262963 
82 3.30675399027e-05 20.0168244548 979.983142478 
83 3.24844091892e-05 19.0012301862 980.998737329 
84 3.19467500276e-05 18.0371647078 981.962803345 
85 3.14467841918e-05 17.1220131764 982.877955377 
86 3.09730628487e-05 16.2532934843 983.746675543 
87 3.0526285741e-05 15.4286496166 984.571319857 
88 3.01067303781e-05 14.6458453659 985.354124527 
89 2.97155859244e-05 13.9027584558 986.097211829 
90 2.93461835099e-05 13.1973721037 986.80259855 
91 2.89946218572e-05 12.5277726627 987.472198343 
92 2.86614134666e-05 11.8921451899 988.107826149 
93 2.83503194396e-05 11.288768628 988.711203022 
94 2.80667611605e-05 10.7160103139 989.283961619 
95 2.78054880027e-05 10.1723141605 989.827658034 
96 2.75628351574e-05 9.65620441111 990.343768026 
97 2.73329910669e-05 9.16627981238 990.833692855 
98 2.71106313221e-05 8.70121025647 991.298762633 
99 2.68988961807e-05 8.25973529046 991.740237811 
100 2.66980739525e-05 7.84065833366 992.159314968 
