Time S I R
0  997 3 0
1 994.720335577 5.07314984306 0.206514579995 
2 990.880495651 8.56406666275 0.555437686712 
3 984.441382904 14.415016295 1.14360080109 
4 973.723493374 24.145325399 2.13118122734 
5 956.102403711 40.1188792148 3.77871707383 
6 927.711058453 65.7907241637 6.49821738318 
7 883.420387163 105.668162145 10.9114506913 
8 817.685314901 164.427503429 17.88718167 
9 726.976673204 244.528410102 28.4949166943 
10 613.559644726 342.643467314 43.7968879599 
11 487.869951437 447.653289647 64.476758916 
12 365.661320267 543.849254763 90.48942497 
13 260.714751904 618.277993799 121.007254297 
14 179.418198944 665.860615517 154.721185539 
15 121.001285286 688.740189007 190.258525708 
16 80.99986176 692.533432214 226.466706026 
17 54.3243767664 683.170403227 262.505220007 
18 36.7283591114 665.454234748 297.817406141 
19 25.1275542379 642.810966066 332.061479696 
20 17.4330183293 617.523372227 365.043609444 
21 12.2783366433 591.055023988 396.666639369 
22 8.78256749313 564.322764613 426.894667894 
23 6.37981834019 537.890329006 455.729852654 
24 4.70519373482 512.097273766 483.197532499 
25 3.52166769087 487.141496466 509.336835844 
26 2.67353036619 463.131758902 534.194710732 
27 2.05752790975 440.12024727 557.82222482 
28 1.60431565034 418.123510722 580.272173628 
29 1.26659855954 397.135834007 601.597567433 
30 1.011916256 377.137344637 621.850739107 
31 0.81765188238 358.099608373 641.082739745 
32 0.667831610413 339.989188939 659.342979451 
33 0.551080292142 322.769875704 676.679044004 
34 0.459221120048 306.404190303 693.136588577 
35 0.386212881587 290.854502581 708.759284537 
36 0.327674645574 276.08347173 723.588853625 
37 0.280342689662 262.054573517 737.665083793 
38 0.241757150812 248.732366489 751.02587636 
39 0.210055555904 236.082637654 763.70730679 
40 0.183819762955 224.072482323 775.743697914 
41 0.16195915814 212.670356973 787.167683869 
42 0.143629278382 201.846077008 798.010293714 
43 0.12816002432 191.570835276 808.3010047 
44 0.114998950946 181.817184737 818.067816312 
45 0.103747376761 172.558897699 827.337354924 
46 0.0941016190527 163.771071247 836.134827134 
47 0.0857715365389 155.429944054 844.48428441 
48 0.0785579390118 147.512997273 852.408444788 
49 0.0722702801256 139.998735898 859.928993822 
50 0.0667724804121 132.866821118 867.066406401 
51 0.0619380998271 126.097822246 873.840239654 
52 0.0576766067201 119.673379676 880.268943718 
53 0.0539068196169 113.575995747 886.370097434 
54 0.050558871887 107.789057276 892.160383852 
55 0.0475739871887 102.296802337 897.655623676 
56 0.0449096561292 97.0842678901 902.870822454 
57 0.0425153433712 92.1371817841 907.820302873 
58 0.0403584097425 87.4420525798 912.517589011 
59 0.0384130255926 82.9860807226 916.975506252 
60 0.0366530441169 78.7570925569 921.206254399 
61 0.0350579612825 74.7435452014 925.221396837 
62 0.0336082830004 70.934468921 929.031922796 
63 0.0322878995212 67.3194572871 932.648254813 
64 0.0310829461029 63.8886314234 936.08028563 
65 0.0299807731968 60.6326082807 939.337410946 
66 0.0289709898061 57.542491947 942.428537063 
67 0.0280441277069 54.6098306572 945.362125215 
68 0.0271920674659 51.8266099662 948.146197966 
69 0.0264076134301 49.1852220195 950.788370367 
70 0.0256841065683 46.678435939 953.295879954 
71 0.0250155014959 44.2993822569 955.675602242 
72 0.0243964320224 42.0415533506 957.934050217 
73 0.0238223661864 39.8987757393 960.077401894 
74 0.0232898815277 37.865196957 962.111513161 
75 0.0227966378371 35.9352727159 964.041930646 
76 0.0223388088879 34.1037139583 965.873947233 
77 0.0219130057178 32.3655019166 967.612585078 
78 0.0215159941804 30.715870807 969.262613199 
79 0.0211455109405 29.1503075852 970.828546904 
80 0.0207996436815 27.6645310254 972.314669331 
81 0.020476868442 26.2544812381 973.725041894 
82 0.0201753589007 24.9162982261 975.063526415 
83 0.0198933764109 23.6463182659 976.333788358 
84 0.0196293618227 22.4410661125 977.539304526 
85 0.0193819918725 21.2972431019 978.683374906 
86 0.019150100042 20.2117182098 979.76913169 
87 0.0189326022077 19.1815196628 980.799547735 
88 0.0187284845216 18.2038274114 981.777444104 
89 0.0185368024559 17.2759658055 982.705497392 
90 0.0183567074118 16.3953966191 983.586246673 
91 0.018187414553 15.559710132 984.422102453 
92 0.0180281939689 14.7666179505 985.215353856 
93 0.0178783783304 14.0139491401 985.968172482 
94 0.0177373508449 13.2996433313 986.682619318 
95 0.0176045390299 12.6217451443 987.360650317 
96 0.0174794166113 11.9783992548 988.004121329 
97 0.017361494405 11.3678445809 988.614793925 
98 0.0172503129357 10.7884087401 989.194340947 
99 0.0171454521635 10.2385059086 989.744348639 
100 0.0170465264466 9.71663212743 990.266321346 
