Time S I R
0  997 3 0
1 994.579573574 5.12237329506 0.298053131387 
2 990.464397689 8.72913436637 0.806467944872 
3 983.502377089 14.8261936907 1.67142921979 
4 971.822105768 25.0414615841 3.13643264775 
5 952.497818255 41.9028861361 5.59929560852 
6 921.253322732 69.0575891051 9.68908816244 
7 872.562089237 111.090284515 16.3476262476 
8 800.859200003 172.278502378 26.8622976198 
9 703.568194161 253.687481733 42.7443241058 
10 585.134545448 349.519052887 65.3464016652 
11 458.372997307 446.341212085 95.2857906086 
12 339.688568442 528.281233119 132.030198439 
13 241.2055244 584.780986039 174.013489562 
14 166.855869707 613.942243196 219.201887097 
15 114.217293635 620.103673659 265.679032706 
16 78.3118055167 609.730884866 311.957309618 
17 54.2264339819 588.748570771 357.024995247 
18 38.1132985232 561.624204875 400.262496601 
19 27.2661866207 531.40305695 441.330756429 
20 19.8792900025 500.044325576 480.076384421 
21 14.7751790172 468.761537854 516.463283129 
22 11.1916719778 438.281478854 550.526849168 
23 8.63395578129 409.021487606 582.344556613 
24 6.77829341121 381.204317182 612.017389407 
25 5.41038790519 354.93146504 639.658147055 
26 4.3864802921 330.229324651 665.384195057 
27 3.60888774479 307.078094179 689.313018076 
28 3.01013592474 285.43040016 711.559463915 
29 2.5431112772 265.222708974 732.234179749 
30 2.17438561392 246.382944183 751.442670203 
31 1.87994888879 228.835190214 769.284860897 
32 1.64236487846 212.502700384 785.854934738 
33 1.44870501722 197.309970598 801.241324385 
34 1.28939987927 183.18371178 815.526888341 
35 1.15722980578 170.053681836 828.789088358 
36 1.04669362185 157.853074222 841.100232156 
37 0.953558848667 146.518695637 852.527745514 
38 0.874549157992 135.991012007 863.134438835 
39 0.807101460237 126.214081184 872.978817356 
40 0.749167828165 117.135549119 882.115283052 
41 0.699084685459 108.706445629 890.594469686 
42 0.65559480713 100.880996857 898.463408336 
43 0.617692012608 93.6165966297 905.765711358 
44 0.584480729999 86.8734088655 912.542110404 
45 0.555255032965 80.6143682023 918.830376765 
46 0.529448272399 74.8050347781 924.665516949 
47 0.506575108179 69.413304275 930.080120617 
48 0.486235200589 64.4093330303 935.104431769 
49 0.468094426983 59.7654052488 939.766500324 
50 0.45186689015 55.4557133714 944.092419738 
51 0.437314918393 51.4563216125 948.106363469 
52 0.424232652683 47.7449632043 951.830804143 
53 0.412447288123 44.3009924882 955.286560224 
54 0.401805952468 41.1051674182 958.493026629 
55 0.392172666864 38.1395952629 961.46823207 
56 0.383442007398 35.3877881389 964.228769854 
57 0.375516500552 32.8343736204 966.790109879 
58 0.368308742207 30.4650534259 969.166637832 
59 0.361744880585 28.2665828858 971.371672234 
60 0.355759435255 26.2266614492 973.417579116 
61 0.350294532892 24.3338705396 975.315834928 
62 0.34529916782 22.5776116639 977.077089168 
63 0.34072805988 20.9480461578 978.711225782 
64 0.336541023477 19.4360445141 980.227414462 
65 0.33270232985 18.0331357103 981.63416196 
66 0.329179834122 16.7314505182 982.939369648 
67 0.325944982407 15.5236935994 984.150361418 
68 0.3229720538 14.4030900063 985.27393794 
69 0.320238000825 13.363356463 986.316405536 
70 0.317722007739 12.3986590019 987.28361899 
71 0.31540532847 11.5035862323 988.181008439 
72 0.313271000257 10.6731149819 989.013614018 
73 0.311303671427 9.90258501118 989.786111317 
74 0.309489425479 9.18767190057 990.502838674 
75 0.307815608226 8.52436213039 991.167822261 
76 0.306270735697 7.9089330345 991.78479623 
77 0.304844321537 7.33792823048 992.357227448 
78 0.303526833476 6.80814297025 992.888330196 
79 0.302309547756 6.3166011957 993.381089257 
80 0.30118449024 5.86054223899 993.838273271 
81 0.300144424386 5.43740861652 994.262446959 
82 0.299182666759 5.04482279257 994.655994541 
83 0.298293105722 4.6805795007 995.021127394 
84 0.297470145405 4.34263326904 995.359896586 
85 0.296708632905 4.02908515182 995.674206215 
86 0.296003849261 3.73817432065 995.96582183 
87 0.295351448601 3.4682663353 996.236382216 
88 0.294747440658 3.21784549274 996.487407067 
89 0.294188148935 2.98550490487 996.720306946 
90 0.293670189368 2.76993926125 996.936390549 
91 0.293190444513 2.56993750717 997.136872048 
92 0.292746039638 2.3843759754 997.322877985 
93 0.292334325389 2.21221227429 997.4954534 
94 0.291952853451 2.05247863807 997.655568508 
95 0.291599369963 1.90427804848 997.804122582 
96 0.291271796885 1.76677867772 997.941949525 
97 0.290968204287 1.63920704593 998.06982475 
98 0.290686815111 1.52084645665 998.188466728 
99 0.290425989423 1.41103232693 998.298541684 
100 0.290184205121 1.30914701331 998.400668782 
