Time S I R
0  997 3 0
1 994.437600465 5.23617442835 0.32622510688 
2 989.985858428 9.11915073604 0.894990835832 
3 982.294958093 15.8213891595 1.88365274759 
4 969.135864085 27.2707964544 3.59333946093 
5 946.988474136 46.4875942236 6.52393163992 
6 910.72538942 77.800986551 11.4736240289 
7 853.938463286 126.426353747 19.6351829675 
8 770.913052339 196.485599339 32.6013483227 
9 660.877913021 286.997820728 52.1242662502 
10 532.397748927 388.073625469 79.5286256045 
11 402.447285164 482.551053638 115.001661198 
12 288.231289167 554.451986468 157.316724365 
13 198.994602016 596.723455102 204.281942882 
14 134.934493052 611.536155964 253.529350984 
15 91.2721539729 605.639623258 303.088222769 
16 62.2640219427 586.163807461 351.572170596 
17 43.1291563838 558.751464889 398.119378727 
18 30.4487042927 527.297063102 442.254232605 
19 21.947448584 494.294923453 483.757627963 
20 16.1590989041 461.269851397 522.571049699 
21 12.1489101309 429.118701357 558.732388512 
22 9.32014145171 398.344724915 592.335133633 
23 7.28865630566 369.208321408 623.503022287 
24 5.80417775053 341.821393392 652.374428857 
25 4.7011932451 316.205965921 679.092840834 
26 3.86870137911 292.330128364 703.801170257 
27 3.23095200176 270.130719892 726.638328106 
28 2.73558370154 249.527088179 747.73732812 
29 2.34580039987 230.429974224 767.224225376 
30 2.03539725641 212.746931804 785.21767094 
31 1.78545601555 196.385747445 801.828796539 
32 1.58206990485 181.256614919 817.161315176 
33 1.41498179295 167.273221657 831.31179655 
34 1.2764896244 154.353545945 844.369964431 
35 1.16075286519 142.420186078 856.419061057 
36 1.06329690968 131.400467557 867.536235534 
37 0.980664369801 121.226404057 877.792931573 
38 0.910152353127 111.834574925 887.255272722 
39 0.849570859764 103.166064689 895.984364452 
40 0.797239733004 95.1659840618 904.036776205 
41 0.751867965742 87.7835991123 911.464532922 
42 0.712307732766 80.9716861747 918.316006093 
43 0.677659978494 74.6865759919 924.63576403 
44 0.647201027446 68.8878960827 930.46490289 
45 0.62032326714 63.5382661746 935.841410558 
46 0.596523757469 58.6031218507 940.800354392 
47 0.575382179202 54.050507638 945.374110183 
48 0.556549826101 49.8509463059 949.592503868 
49 0.539728821856 45.9771560203 953.483115158 
50 0.524667653059 42.4039823075 957.071350039 
51 0.511153165538 39.1081732557 960.380673579 
52 0.498992058432 36.0681741469 963.432833795 
53 0.488033307355 33.2642413432 966.247725349 
54 0.47814136582 30.6780962892 968.843762345 
55 0.469195630233 28.292835437 971.237968933 
56 0.461093892474 26.092888475 973.446017633 
57 0.453746249613 24.0638826062 975.482371144 
58 0.44707378636 22.1925550362 977.360371177 
59 0.441007217157 20.4666674896 979.092325293 
60 0.435485448423 18.8749301639 980.689584388 
61 0.430454481157 17.4069284653 982.162617054 
62 0.425866369679 16.0530523263 983.521081304 
63 0.421678430402 14.8044354004 984.773886169 
64 0.417852756415 13.6529018177 985.929245426 
65 0.414355423501 12.5909084699 986.994736107 
66 0.4111560809 11.6114974082 987.977346511 
67 0.408227509937 10.7082513722 988.883521118 
68 0.405545234243 9.8752496253 989.71920514 
69 0.403087246329 9.10703318948 990.489879564 
70 0.400833668371 8.39856463419 991.200601697 
71 0.39876658143 7.74520031638 991.856033102 
72 0.396869742228 7.14265441632 992.460475841 
73 0.395128465877 6.58697651705 993.017895017 
74 0.39352942314 6.07452170896 993.531948868 
75 0.392060490538 5.6019274242 994.006012085 
76 0.390710704064 5.16609638953 994.443192906 
77 0.389470064796 4.76417032239 994.846359613 
78 0.388329437719 4.39351102432 995.218159538 
79 0.387280524119 4.05168724707 995.561032229 
80 0.386315727215 3.73645536443 995.877228908 
81 0.385428127008 3.44574733903 996.168824534 
82 0.384611390772 3.17765533464 996.437733275 
83 0.383859735903 2.93042067125 996.685719593 
84 0.383167864247 2.70242061396 996.914411522 
85 0.382530929564 2.49215895323 997.125310117 
86 0.381944489296 2.29825565291 997.319799858 
87 0.381404474429 2.11943832621 997.499157199 
88 0.380907149396 1.95453294473 997.664559906 
89 0.380449091295 1.80245731032 997.817093598 
90 0.380027166151 1.66221434654 997.957758487 
91 0.379638483539 1.5328827359 998.087478781 
92 0.379280394506 1.41361356332 998.207106042 
93 0.378950469258 1.30362443995 998.317425091 
94 0.378646467304 1.20219273917 998.419160794 
95 0.378366334749 1.10865289185 998.512980773 
96 0.378108184038 1.0223912289 998.599500587 
97 0.377870274207 0.942840973981 998.679288752 
98 0.377651008683 0.869480305342 998.752868686 
99 0.377448917501 0.801827769828 998.820723313 
100 0.377262645699 0.739438902496 998.883298452 
