Time S I R
0  997 3 0
1 993.215538908 6.51862459037 0.265836501589 
2 985.061280256 14.0966343208 0.842085423666 
3 967.743888001 30.1742447737 2.08186722502 
4 932.069815879 63.2228708609 4.70731326004 
5 862.977030151 126.931947115 10.091022734 
6 743.806345085 235.714919372 20.4787355424 
7 574.048558734 387.363800848 38.5876404181 
8 387.580490484 546.37558027 66.0439292459 
9 232.232538499 665.921717038 101.845744463 
10 128.949738233 728.080881586 142.969380181 
11 69.3753757653 744.324443999 186.300180236 
12 37.290458805 733.015608217 229.693932978 
13 20.3694213559 707.667701675 271.962876969 
14 11.3998015676 676.064565804 312.535632629 
15 6.5586080226 642.263561249 351.177830728 
16 3.88245634596 608.290570835 387.826972819 
17 2.36405388458 575.130576876 422.505369239 
18 1.47931121587 543.244744694 455.27594409 
19 0.950227113708 512.829722002 486.220050884 
20 0.625734278892 483.948083377 515.426182344 
21 0.421862654805 456.593857061 542.984280284 
22 0.290825872636 430.726370275 568.982803852 
23 0.204782322919 406.287950788 593.507266889 
24 0.147077486649 383.213380374 616.639542139 
25 0.107617881159 361.434791695 638.457590424 
26 0.0801704012886 340.884439152 659.035390447 
27 0.0607302037615 321.496284482 678.442985314 
28 0.0467080421035 303.206661246 696.746630712 
29 0.0364861397247 285.954604384 714.008909476 
30 0.0289093792858 269.682165706 730.288924914 
31 0.0232080131401 254.334321689 745.642470298 
32 0.0188558070457 239.85879429 760.122349903 
33 0.0155144978341 226.206685509 773.777799993 
34 0.0129051226151 213.330991625 786.656103252 
35 0.0108473443412 201.187805796 798.801346859 
36 0.00920809941147 189.735531332 810.255260568 
37 0.00788816457157 178.93491132 821.057200516 
38 0.00681695884509 168.748899319 831.244283722 
39 0.00593964573034 159.142564011 840.851496343 
40 0.00521758519403 150.083052377 849.911730038 
41 0.00461726666003 141.539197592 858.456185142 
42 0.00411421517492 133.481650762 866.514235023 
43 0.00369025879979 125.88276306 874.113546681 
44 0.00333050216466 118.716424701 881.280244797 
45 0.00302344837667 111.957992823 888.038983729 
46 0.00276018243653 105.584272473 894.412967345 
47 0.00253323300342 99.5734437152 900.424023052 
48 0.00233812854628 93.9048847766 906.092777095 
49 0.00216890494005 88.5590534583 911.438777637 
50 0.00201784827698 83.5174208886 916.480561263 
51 0.00188352679913 78.7627348317 921.235381642 
52 0.0017661931787 74.2787707801 925.719463027 
53 0.00166312678709 70.0501055188 929.948231354 
54 0.00157111614362 66.0621586429 933.936270241 
55 0.00148875888567 62.3012338927 937.697277348 
56 0.00141505254624 58.7544132343 941.244171713 
57 0.00134889878962 55.4095107884 944.589140313 
58 0.00128937174964 52.2550322823 947.743678346 
59 0.00123567714422 49.2801390755 950.718625247 
60 0.00118707870911 46.4746044164 953.524208505 
61 0.00114298141295 43.8287876365 956.170069382 
62 0.00110289752672 41.3335966266 958.665300476 
63 0.00106638947773 38.9804592106 961.0184744 
64 0.00103307089194 36.7612884958 963.237678433 
65 0.00100260044019 34.6684505475 965.330546852 
66 0.000974692487716 32.6947605841 967.304264723 
67 0.000949084541617 30.8334322358 969.16561868 
68 0.000925548379769 29.0780682834 970.921006168 
69 0.000903888811536 27.4226401532 972.576455958 
70 0.000883925305175 25.8614532991 974.137662776 
71 0.00086550320168 24.3891468606 975.609987636 
72 0.000848482056426 23.0006597594 976.998491759 
73 0.000832735621429 21.6912176818 978.307949583 
74 0.000818154261424 20.4563248028 979.542857043 
75 0.000804636537737 19.2917334841 980.707461879 
76 0.000792093000427 18.1934430194 981.805764888 
77 0.000780443092708 17.1576798293 982.841539728 
78 0.000769612888348 16.1808810878 983.818349299 
79 0.000759537027761 15.2596926797 984.739547783 
80 0.000750155608898 14.3909478496 985.608301995 
81 0.000741414126651 13.5716593588 986.427599227 
82 0.000733262713311 12.7990108958 987.200255841 
83 0.000725657401517 12.0703499304 987.928924412 
84 0.000718558356539 11.383175523 988.616105919 
85 0.000711926765007 10.7351218463 989.264166227 
86 0.000705728815205 10.1239625498 989.875331721 
87 0.000699933558053 9.54759801275 990.451702054 
88 0.000694511751249 9.0040459125 990.995259576 
89 0.000689437106757 8.4914384981 991.507872065 
90 0.000684685417468 8.00801425354 991.991301061 
91 0.000680234210336 7.55211131153 992.447208454 
92 0.000676062942148 7.12216337315 992.877160564 
93 0.000672152617881 6.71669302867 993.282634819 
94 0.000668485610845 6.33430633961 993.665025175 
95 0.000665045710775 5.97368922811 994.025645726 
96 0.000661817879859 5.63360227815 994.365735904 
97 0.000658788149167 5.31287654714 994.686464665 
98 0.000655943621382 5.01041006643 994.98893399 
99 0.000653272266845 4.72516300671 995.274183721 
100 0.00065076290025 4.45615464735 995.54319459 
