Time S I R
0  997 3 0
1 996.161356432 3.54320710571 0.295436462717 
2 995.171884463 4.18378893191 0.644326604629 
3 994.004952855 4.938811648 1.05623549738 
4 992.629416196 5.82818358544 1.54240021899 
5 991.008935427 6.87506229699 2.11600227572 
6 989.101216505 8.1063022826 2.79248121195 
7 986.857160921 9.55294138128 3.58989769766 
8 984.219996576 11.2506787107 4.52932471372 
9 981.124335066 13.2403675408 5.63529739275 
10 977.495244109 15.5684558232 6.9363000678 
11 973.247361059 18.2873540436 8.46528489745 
12 968.284131279 21.4556402399 10.260228481 
13 962.497278193 25.138033761 12.3646880464 
14 955.766634026 29.4050220339 14.8283439403 
15 947.960510312 34.332002757 17.7074869312 
16 938.936818174 39.9977817156 21.0654001109 
17 928.54518106 46.4822497246 24.9725692152 
18 916.630291009 53.8630680959 29.5066408946 
19 903.036781907 62.211191904 34.7520261887 
20 887.615788864 71.5851686931 40.7990424426 
21 870.233240028 82.0242704451 47.7424895272 
22 850.779770348 93.5406720007 55.6795576516 
23 829.181841495 106.11115703 64.707001475 
24 805.413320913 119.669109518 74.9175695691 
25 779.506425648 134.097813861 86.3957604907 
26 751.560742097 149.226179956 99.2130779474 
27 721.748190946 164.828784618 113.423024436 
28 690.313673123 180.629920581 129.056406296 
29 657.569341157 196.313519759 146.117139084 
30 623.882906547 211.53784511 164.579248343 
31 589.660525556 225.954119888 184.385354556 
32 555.325906039 239.22712706 205.446966901 
33 521.297945537 251.055418077 227.646636386 
34 487.969420767 261.188747512 250.841831722 
35 455.689010733 269.440797948 274.870191319 
36 424.748277564 275.696055184 299.555667252 
37 395.37434836 279.91063707 324.71501457 
38 367.728205068 282.107700528 350.164094404 
39 341.907299541 282.369084614 375.723615845 
40 317.953224652 280.822866751 401.223908597 
41 295.859117196 277.632361396 426.508521408 
42 275.579809684 272.983297877 451.43689244 
43 257.041274615 267.072841423 475.885883961 
44 240.149348864 260.100282755 499.75036838 
45 224.7972717 252.259677509 522.943050791 
46 210.871800259 243.734418683 545.393781058 
47 198.258074341 234.693581544 567.048344115 
48 186.843189814 225.289699814 587.867110372 
49 176.51860436 215.657949808 607.823445831 
50 167.181929913 205.915873487 626.9021966 
51 158.737812443 196.164133577 645.09805398 
52 151.098360344 186.487547975 662.414091681 
53 144.183322149 176.956275933 678.860401918 
54 137.919796721 167.62739387 694.452809409 
55 132.24192299 158.546305742 709.211771268 
56 127.090451684 149.748168444 723.161379872 
57 122.412230968 141.259270835 736.328498196 
58 118.159571955 133.098411094 748.742016951 
59 114.289866729 125.277881091 760.43225218 
60 110.765043067 117.804636138 771.430320795 
61 107.551109846 110.681057862 781.767832292 
62 104.617680773 103.905961857 791.47635737 
63 101.937642032 97.4750504402 800.587307528 
64 99.4867147483 91.3817777392 809.131507513 
65 97.2432291711 85.6175870409 817.139183788 
66 95.18774028 80.172609069 824.639650651 
67 93.3028667818 75.0357978596 831.661335359 
68 91.5729813298 70.1954348628 838.231583807 
69 89.9840761411 65.6392350311 844.376688828 
70 88.5235383579 61.3546650929 850.121796549 
71 87.1800209625 57.3290563328 855.490922705 
72 85.9432937418 53.5497728273 860.506933431 
73 84.8041182381 50.0043266312 865.191555131 
74 83.7541530234 46.6804485438 869.565398433 
75 82.7858381872 43.5661911801 873.647970633 
76 81.8923360615 40.6499439261 877.457720012 
77 81.0674298144 37.9205147043 881.012055481 
78 80.3054850173 35.3671175111 884.327397472 
79 79.6013652671 32.9794289233 887.41920581 
80 78.9504041362 30.747566106 890.302029758 
81 78.3483391233 28.6621181912 892.989542686 
82 77.7912813307 26.7141242524 895.494594417 
83 77.2756956747 24.895085005 897.82921932 
84 76.7983199015 23.1969406611 900.004739437 
85 76.3561880326 21.6120623035 902.031749664 
86 75.9465751258 20.1332519497 903.920172925 
87 75.5669827759 18.7537335573 905.679283667 
88 75.2151161241 17.4670902797 907.317793596 
89 74.8888842261 16.2672997063 908.843816068 
90 74.5863412803 15.1486888206 910.264969899 
91 74.3057162031 14.1059424288 911.588341368 
92 74.0453630536 13.1340533027 912.820583644 
93 73.803778882 12.228338769 913.967882349 
94 73.5795698409 11.3843990615 915.036031098 
95 73.3714499897 10.5981089295 916.030441081 
96 73.1782394913 9.86561681019 916.956143699 
97 72.9988488046 9.18331716118 917.817834034 
98 72.8322641181 8.54782455382 918.619911328 
99 72.677552627 7.95598000958 919.366467363 
100 72.5338513318 7.40482936408 920.061319304 
