Time S I R
0  997 3 0
1 995.891734151 3.94102029788 0.167245550883 
2 994.438010474 5.17508387775 0.386905648346 
3 992.532807044 6.79192110904 0.675271847436 
4 990.038790146 8.90761300829 1.05359684535 
5 986.778878202 11.6715793342 1.54954246375 
6 982.52624026 15.2747750432 2.19898469699 
7 976.992758892 19.9589885861 3.04825252218 
8 969.816603392 26.0265701939 4.15682641359 
9 960.550187765 33.8493099217 5.60050231342 
10 948.651054733 43.8740369881 7.47490827923 
11 933.479806898 56.6210463206 9.89914678135 
12 914.311349117 72.6695787032 13.0190721801 
13 890.367801912 92.6228015538 17.0093965338 
14 860.882145214 117.044413044 22.073441742 
15 825.19941171 146.361567342 28.4390209474 
16 782.914230273 180.736964666 36.3488050615 
17 734.028015673 219.927898255 46.0440860724 
18 679.089425064 263.168504062 57.7420708739 
19 619.265732695 309.125239014 71.609028291 
20 556.295704459 355.970275655 87.7340198858 
21 492.306096006 401.584547569 106.109356424 
22 429.524499795 443.852105994 126.62339421 
23 369.967966675 480.963814173 149.068219152 
24 315.197071136 511.64249187 173.160436994 
25 266.192469352 535.237705542 198.569825106 
26 223.361012297 551.689679218 224.949308485 
27 186.635265069 561.403934561 251.960800371 
28 155.614934469 565.091147185 279.293918347 
29 129.707354649 563.615623998 306.677021353 
30 108.241448661 557.876919756 333.881631583 
31 90.5470797681 548.730847473 360.722072758 
32 76.0029222714 536.944897085 387.052180644 
33 64.0592916043 523.180334644 412.760373752 
34 54.2459129432 507.989541522 437.764545535 
35 46.1691677806 491.823946198 462.006886021 
36 39.5045677911 475.046180263 485.449251946 
37 33.9873810461 457.943415042 508.069203912 
38 29.4030499612 440.740290697 529.856659342 
39 25.5783643827 423.610490627 550.811144991 
40 22.3737765669 406.686650445 570.939572988 
41 19.6768066432 390.068715273 590.254478084 
42 17.3968751941 373.830546398 608.772578407 
43 15.4608022432 358.025543268 626.513654489 
44 13.8093546831 342.690975326 643.499669991 
45 12.394466387 327.851456906 659.754076707 
46 11.1769909498 313.521737848 675.301271202 
47 10.1249406882 299.708889454 690.166169858 
48 9.21208814139 286.414029976 704.373881883 
49 8.41684962059 273.633693579 717.9494568 
50 7.72138413555 261.360930548 730.917685317 
51 7.11089697261 249.586148249 743.302954778 
52 6.57307177265 238.29779045 755.129137777 
53 6.09760756787 227.482883893 766.419508539 
54 5.67585630114 217.127458505 777.196685194 
55 5.30058275159 207.21681376 787.482603489 
56 4.96561192999 197.735928784 797.298459286 
57 4.66574776887 188.669527917 806.664724314 
58 4.39653706531 180.002341994 815.60112094 
59 4.15420022708 171.719160756 824.126639017 
60 3.93548109754 163.804986754 832.259532149 
61 3.73759183385 156.245072109 840.017336057 
62 3.55811972661 149.025004918 847.416875355 
63 3.39498173225 142.130732181 854.474286087 
64 3.2463683097 135.548598872 861.205032819 
65 3.11070521753 129.265366841 867.623927941 
66 2.98661782232 123.268230137 873.74515204 
67 2.87289897243 117.544826498 879.582274529 
68 2.76849495366 112.08322737 885.148277677 
69 2.67248494363 106.871937198 890.455577858 
70 2.58404038634 101.899919412 895.516040202 
71 2.50244072422 97.1565512426 900.341008033 
72 2.42704088362 92.6316406243 904.941318492 
73 2.35726923996 88.3154058323 909.327324928 
74 2.29261974477 84.1984632299 913.508917025 
75 2.23263518228 80.2718269053 917.495537912 
76 2.17691131003 76.5268831898 921.2962055 
77 2.12508299857 72.9553888234 924.919528178 
78 2.076822979 69.5494539277 928.373723093 
79 2.03183768558 66.301528977 931.666633337 
80 1.98986055037 63.2043953324 934.805744117 
81 1.95065250585 60.2511489455 937.798198549 
82 1.91399622016 57.4351917849 940.650811995 
83 1.87969468724 54.7502179657 943.370087347 
84 1.84756792075 52.1902037345 945.962228345 
85 1.81745056428 49.7493963164 948.433153119 
86 1.78919540256 47.4222976269 950.788506971 
87 1.76267068817 45.2036540105 953.033675301 
88 1.73775882412 43.0884451822 955.173795994 
89 1.71434344206 41.0718950792 957.213761479 
90 1.69231840471 39.1494413291 959.158240266 
91 1.6715885638 37.3167202811 961.011691155 
92 1.65206568959 35.5695611493 962.778373161 
93 1.63366811932 33.903981461 964.46235042 
94 1.61632338911 32.3162042005 966.06747241 
95 1.59996301544 30.8026178617 967.597419123 
96 1.58452255878 29.3597748498 969.055702591 
97 1.56994365941 27.9843859903 970.44567035 
98 1.55617320439 26.6733119264 971.770514869 
99 1.54316051901 25.4235535123 973.033285969 
100 1.53085816451 24.2322468671 974.236894968 
