Time S I R
0.0  10000 1 0
1 9996.44453679 3.16803533684 1.38742787152 
2 9985.19617313 10.0237624319 5.78006443627 
3 9949.75996833 31.5892328863 19.6507987789 
4 9839.59257171 98.3162946314 63.0911336581 
5 9510.68921211 294.574905066 195.735882829 
6 8635.83666825 792.944704063 572.218627687 
7 6870.27408993 1666.15811328 1464.56779679 
8 4647.60762374 2363.8985993 2989.49377696 
9 2957.44577433 2290.45773336 4753.09649231 
10 2014.5599455 1735.43816957 6251.00188494 
11 1535.36617161 1154.84748479 7310.7863436 
12 1289.29460266 719.420607927 7992.28478941 
13 1158.5621318 433.016731506 8409.42113669 
14 1087.0086064 255.845878303 8658.1455153 
15 1047.02951169 149.624551152 8804.34593716 
16 1024.39865534 87.0011918603 8889.6001528 
17 1011.48630952 50.4226617244 8939.09102875 
18 1004.08434054 29.1684393395 8967.74722012 
19 999.82950725 16.8551885256 8984.31530422 
20 997.379787455 9.73386520211 8993.88634734 
21 995.968062942 5.61930289579 8999.41263416 
22 995.154076951 3.24332494301 9002.60259811 
23 994.684594665 1.87174627562 9004.44365906 
24 994.4137631 1.08012438215 9005.50611252 
25 994.257511658 0.623280534319 9006.11920781 
26 994.167359731 0.359652852595 9006.47298742 
27 994.115343224 0.207528459255 9006.67712832 
28 994.08532977 0.119748026568 9006.7949222 
29 994.068011877 0.0690967168853 9006.86289141 
30 994.058019299 0.0398699245611 9006.90211078 
31 994.052253468 0.0230055528537 9006.92474098 
32 994.048926512 0.0132745411475 9006.93779895 
33 994.047006815 0.00765960079774 9006.94533358 
34 994.045899124 0.00441969955582 9006.94968118 
35 994.045259976 0.00255024156353 9006.95218978 
36 994.044891194 0.00147158496725 9006.95363722 
37 994.044678367 0.000849082445773 9006.95447255 
38 994.044555587 0.000489959099884 9006.95495445 
39 994.044484696 0.000282608971209 9006.9552327 
40 994.044443829 0.000163075526051 9006.9553931 
41 994.04442025 9.41107146129e-05 9006.95548564 
42 994.044406669 5.43873986734e-05 9006.95553894 
43 994.044398822 3.14345792575e-05 9006.95556974 
44 994.044394223 1.79838837331e-05 9006.95558779 
45 994.044391607 1.03310923007e-05 9006.95559806 
46 994.044390095 5.90738585003e-06 9006.955604 
47 994.044389263 3.47531891663e-06 9006.95560726 
48 994.044388783 2.07226433121e-06 9006.95560914 
49 994.044388494 1.22634640627e-06 9006.95561028 
50 994.044388321 7.19099441878e-07 9006.95561096 
51 994.044388219 4.21464657441e-07 9006.95561136 
52 994.04438816 2.48001093054e-07 9006.95561159 
53 994.044388125 1.46181802802e-07 9006.95561173 
54 994.044388104 8.60571931393e-08 9006.95561181 
55 994.044388092 5.05898689339e-08 9006.95561186 
56 994.044388085 2.97407414214e-08 9006.95561189 
57 994.044388077 5.20041619761e-09 9006.95561192 
58 994.04438807 -1.33978294885e-08 9006.95561194 
59 994.044388066 -2.55225680229e-08 9006.95561196 
60 994.044388064 -3.11737994057e-08 9006.95561197 
61 994.044388065 -3.03515236369e-08 9006.95561197 
62 994.044388067 -2.30557407165e-08 9006.95561196 
63 994.044388067 -2.33759820291e-08 9006.95561196 
64 994.044388066 -2.45890146616e-08 9006.95561196 
65 994.044388067 -2.42114611287e-08 9006.95561196 
66 994.044388067 -2.22433214304e-08 9006.95561195 
67 994.044388069 -1.86845955666e-08 9006.95561195 
68 994.04438807 -1.35352835375e-08 9006.95561194 
69 994.044388071 -1.04551872005e-08 9006.95561194 
70 994.044388072 -9.01274972071e-09 9006.95561194 
