Time S I R
0  997 3 0
1 996.407541831 3.36156476003 0.230893408825 
2 995.744136013 3.76626437774 0.489599609368 
3 995.001437906 4.21913037877 0.77943171507 
4 994.170153341 4.72575594732 1.10409071167 
5 993.23995075 5.29234500531 1.46770424507 
6 992.199349405 5.92577433217 1.87487626328 
7 991.035619552 6.63364791506 2.33073253279 
8 989.734640971 7.42437289061 2.84098613793 
9 988.280798589 8.30721314807 3.41198826332 
10 986.656843118 9.29235989229 4.05079698928 
11 984.843756894 10.3909963486 4.76524675762 
12 982.820617469 11.6153597805 5.56402275086 
13 980.564463791 12.9787962298 6.45673997886 
14 978.050164272 14.4958119351 7.45402379292 
15 975.250301084 16.1821015288 8.56759738683 
16 972.135056685 18.0545751187 9.810368196 
17 968.672150965 20.1313324243 11.1965166104 
18 964.826772234 22.4316473696 12.7415803961 
19 960.56159433 24.9758672617 14.4625384081 
20 955.836826072 27.7852919976 16.3778819309 
21 950.610309983 30.8820062881 18.5076837284 
22 944.837797103 34.2885692268 20.8736336704 
23 938.473170478 38.0277494141 23.4990801077 
24 931.468983834 42.1220071099 26.4090090565 
25 923.776974821 46.59300954 29.6300156391 
26 915.348788016 51.4609816031 33.1902303809 
27 906.1369764 56.743869207 37.1191543929 
28 896.095901435 62.4565788866 41.4475196783 
29 885.183191683 68.6098449171 46.2069634001 
30 873.360977658 75.2092790216 51.4297433207 
31 860.597527903 82.2541666489 57.1483054481 
32 846.868901814 89.7363456469 63.3947525392 
33 832.160562469 97.639099813 70.2003377181 
34 816.469124654 105.936170374 77.5947049716 
35 799.803790586 114.590949428 85.6052599863 
36 782.187764064 123.555902872 94.2563330631 
37 763.659048706 132.772546267 103.568405027 
38 744.271369901 142.171322269 113.55730783 
39 724.093684524 151.672869029 124.233446447 
40 703.209927288 161.188941874 135.601130838 
41 681.717916346 170.624096234 147.65798742 
42 659.727404888 179.878086846 160.394508267 
43 637.357808056 188.848377391 173.793814553 
44 614.73547601 197.432949385 187.831574604 
45 591.990604842 205.533257741 202.476137416 
46 569.253952873 213.057120923 217.688926204 
47 546.653692832 219.921317796 233.424989372 
48 524.312411311 226.053936942 249.633651747 
49 502.344318356 231.396136664 266.259544981 
50 480.853246613 235.903224448 283.243528938 
51 459.930665601 239.545605871 300.523728528 
52 439.654942103 242.308364399 318.036693497 
53 420.090551641 244.191054654 335.718393704 
54 401.288019956 245.206695746 353.505284298 
55 383.284638558 245.380176658 371.335184785 
56 366.104901995 244.746962752 389.148135253 
57 349.761818383 243.351102997 406.887078619 
58 334.258101519 241.24351012 424.498388361 
59 319.587444799 238.480173184 441.932382017 
60 305.73602988 235.12044036 459.143529761 
61 292.68375865 231.225585484 476.090655866 
62 280.405623812 226.857167844 492.737208343 
63 268.872760562 222.076276395 509.050963043 
64 258.053707945 216.942151063 525.004140992 
65 247.915030833 211.511840151 540.573129015 
66 238.422408192 205.839183145 555.738408663 
67 229.540969072 199.974824151 570.484206777 
68 221.23614445 193.965525559 584.798329991 
69 213.473779407 187.854398039 598.671822554 
70 206.220762264 181.680504324 612.098733412 
71 199.44499104 175.479202901 625.075806059 
72 193.115807024 169.281980665 637.602212311 
73 187.203882959 163.116825563 649.679291478 
74 181.681496371 157.008228788 661.310274841 
75 176.522385775 150.977537263 672.500076963 
76 171.701901302 145.043069463 683.255029235 
77 167.196858056 139.220421776 693.582720168 
78 162.985595373 133.522652616 703.491752011 
79 159.047837822 127.9605336 712.991628579 
80 155.36473311 122.542763117 722.092503773 
81 151.918691326 117.276166877 730.805141797 
82 148.693351701 112.165926512 739.140721787 
83 145.673520313 107.21573752 747.110742167 
84 142.845077527 102.427979578 754.726942895 
85 140.194926044 97.8039174366 762.00115652 
86 137.71091027 93.3437714944 768.945318236 
87 135.381751573 89.0469491072 775.57129932 
88 133.19699631 84.9120621931 781.890941497 
89 131.146939755 80.9371301592 787.915930086 
90 129.222587619 77.1196058588 793.657806523 
91 127.415590869 73.4565068333 799.127902297 
92 125.71820211 69.9444824927 804.337315397 
93 124.123234893 66.5798645979 809.296900509 
94 122.62400726 63.3587734927 814.017219247 
95 121.214324531 60.2771111928 818.508564276 
96 119.888417644 57.3306759806 822.780906375 
97 118.640934831 54.5151424662 826.843922703 
98 117.466889358 51.8261478952 830.706962747 
99 116.361646901 49.2592889314 834.379064168 
100 115.320890382 46.8101672801 837.868942337 
