Time S I R
0  997 3 0
1 993.131029064 6.79621703155 0.0727539047755 
2 984.443345611 15.3194951152 0.237159274156 
3 965.244233845 34.1500773535 0.605688801207 
4 924.272164384 74.310536555 1.41729906135 
5 842.998389554 153.862063762 3.13954668435 
6 702.845112073 290.613036399 6.54185152787 
7 510.833118047 476.654252753 12.5126291998 
8 316.412471104 662.112089699 21.4754391969 
9 171.07799543 795.940303728 32.9817008428 
10 84.8873584505 869.017827222 46.0948143276 
11 40.3925154291 899.615907716 59.9915768548 
12 18.9384407147 906.896910426 74.1646488595 
13 8.87300275324 902.775616107 88.35138114 
14 4.18196706109 893.391131165 102.426901774 
15 1.98873831841 881.676657221 116.334604461 
16 0.955612963808 868.994366153 130.050020883 
17 0.464103586338 855.972365546 143.563530868 
18 0.227888720415 842.899741608 156.872369671 
19 0.113055368777 829.910023354 169.976921277 
20 0.0567550952072 817.064215517 182.879029388 
21 0.0288549788099 804.389952414 195.581192607 
22 0.0148035867826 791.898994963 208.08620145 
23 0.00762189902639 779.595411151 220.39696695 
24 0.00397668999244 767.479589791 232.516433519 
25 0.00207895166147 755.550386716 244.447534332 
26 0.00109980558113 743.805721609 256.193178586 
27 0.000589566531289 732.243171454 267.756238979 
28 0.000318469996955 720.860133195 279.139548335 
29 0.000173597038156 709.653899521 290.345926882 
30 9.55180387336e-05 698.621784974 301.378119508 
31 5.38089991551e-05 687.761184377 312.238761814 
32 3.06950942104e-05 677.069270567 322.930698738 
33 2.08235613854e-05 666.543996945 333.455982231 
34 1.27643805854e-05 656.182317776 343.81766946 
35 6.16349211668e-07 645.98146068 354.018538704 
36 0 635.939163893 364.060836107 
37 0 626.05298473 373.94701527 
38 0 616.320509954 383.679490046 
39 0 606.739322322 393.260677678 
40 0 597.307092833 402.692907167 
41 0 588.021505817 411.978494183 
42 0 578.880238417 421.119761583 
43 0 569.881093505 430.118906495 
44 0 561.021838489 438.978161511 
45 0 552.300302742 447.699697258 
46 0 543.714340003 456.285659997 
47 0 535.261851566 464.738148434 
48 0 526.940768711 473.059231289 
49 0 518.74902506 481.25097494 
50 0 510.6846171 489.3153829 
51 0 502.745582072 497.254417928 
52 0 494.929991512 505.070008488 
53 0 487.235905256 512.764094744 
54 0 479.661427099 520.338572901 
55 0 472.204699528 527.795300472 
56 0 464.863896002 535.136103998 
57 0 457.637212152 542.362787848 
58 0 450.522869777 549.477130223 
59 0 443.519123882 556.480876118 
60 0 436.624258533 563.375741467 
61 0 429.836585212 570.163414788 
62 0 423.154425126 576.845574874 
63 0 416.576143827 583.423856173 
64 0 410.100127912 589.899872088 
65 0 403.724789528 596.275210472 
66 0 397.44854631 602.55145369 
67 0 391.269852964 608.730147036 
68 0 385.187194201 614.812805799 
69 0 379.19907953 620.80092047 
70 0 373.304042749 626.695957251 
71 0 367.500641442 632.499358558 
72 0 361.787456471 638.212543529 
73 0 356.163091473 643.836908527 
74 0 350.626172349 649.373827651 
75 0 345.175346763 654.824653237 
76 0 339.809283633 660.190716367 
77 0 334.52667221 665.47332779 
78 0 329.326211461 670.673788539 
79 0 324.206622625 675.793377375 
80 0 319.166649307 680.833350693 
81 0 314.205053201 685.794946799 
82 0 309.320613547 690.679386453 
83 0 304.512126598 695.487873402 
84 0 299.778405081 700.221594919 
85 0 295.118277657 704.881722343 
86 0 290.530588392 709.469411608 
87 0 286.014196209 713.985803791 
88 0 281.567974359 718.432025641 
89 0 277.190809977 722.809190023 
90 0 272.881635663 727.118364337 
91 0 268.639464427 731.360535573 
92 0 264.463263065 735.536736935 
93 0 260.351968608 739.648031392 
94 0 256.304585732 743.695414268 
95 0 252.320125147 747.679874853 
96 0 248.397606258 751.602393742 
97 0 244.536066095 755.463933905 
98 0 240.73455666 759.26544334 
99 0 236.99214474 763.00785526 
100 0 233.307911607 766.692088393 
