Time S I R
0  997 3 0
1 993.256148036 6.52151513964 0.222336824622 
2 985.184894153 14.1105752664 0.704530581058 
3 968.030423925 30.2269426282 1.74263344731 
4 932.649126503 63.4077585235 3.94311497368 
5 863.986132181 127.551400247 8.46246757202 
6 745.179785984 237.615349715 17.2048643004 
7 575.204346109 392.290376441 32.5052774507 
8 387.666075928 556.509661898 55.8242621735 
9 231.025994094 682.559892978 86.4141129284 
10 126.995183774 751.227892684 121.776923542 
11 67.3142431132 773.39488817 159.290868717 
12 35.4833204815 767.384524556 197.132154962 
13 18.925274061 746.79568568 234.279040259 
14 10.3005292917 719.470528897 270.228941811 
15 5.74235266189 689.494549373 304.763097965 
16 3.28293686301 658.909624559 337.807438578 
17 1.92488160853 628.715563591 369.359554801 
18 1.15682270091 599.391374741 399.451802558 
19 0.71203798801 571.155061918 428.132900094 
20 0.448435231193 544.092910747 455.458654022 
21 0.288703845734 518.224023126 481.487273028 
22 0.189789914779 493.533245268 506.276964817 
23 0.127289963895 469.987985144 529.884724892 
24 0.0870148364666 447.547269687 552.365715477 
25 0.0605831251385 426.166428309 573.772988566 
26 0.0428795313489 405.799752468 594.157368001 
27 0.0308689439414 386.401683055 613.567448001 
28 0.0225715060412 367.927784046 632.049644448 
29 0.0167652296441 350.335161593 649.648073178 
30 0.0126335645555 333.582445438 666.404920997 
31 0.00965739064782 317.629939203 682.360403407 
32 0.00747039209443 302.43966209 697.552867518 
33 0.00584906311769 287.975400499 712.018750438 
34 0.00463225708677 274.202532957 725.792834786 
35 0.00370024338963 261.087990294 738.908309462 
36 0.00298985771246 248.600541426 751.396468717 
37 0.00243952942287 236.71016618 763.28739429 
38 0.0020188161443 225.388502255 774.609478929 
39 0.00168585481833 214.60827556 785.390038585 
40 0.00141759977441 204.34361455 795.65496785 
41 0.00120120257429 194.569876117 805.42892268 
42 0.00102543840421 185.263573024 814.735401538 
43 0.000882826314069 176.402374456 823.596742717 
44 0.000766754452911 167.964956376 832.034276869 
45 0.000672064406217 159.93108259 840.068245345 
46 0.000592242512653 152.281512355 847.717895402 
47 0.000527806368495 144.997889601 855.001582592 
48 0.000475201769177 138.062679522 861.936845276 
49 0.000425178223168 131.459103581 868.540471241 
50 0.000377687931859 125.17131098 874.828311332 
51 0.000337080283543 119.184259143 880.815403777 
52 0.000306059064087 113.483601901 886.516092039 
53 0.000280921836293 108.0556205 891.944098578 
54 0.000258281042079 102.887251255 897.112490463 
55 0.000237767260842 97.9660835988 902.033678634 
56 0.000219461106894 93.2802971472 906.719483392 
57 0.000203177338904 88.8186320494 911.181164773 
58 0.000188668399119 84.5703723807 915.429438951 
59 0.000176151397795 80.5253078732 919.474515975 
60 0.00016528003971 76.6737228394 923.326111881 
61 0.000155549418537 73.0063616526 926.993482798 
62 0.000146581713693 69.5144105629 930.485442855 
63 0.000138484946206 66.1894836002 933.810377915 
64 0.000131227424049 63.0235889445 936.976279828 
65 0.000124631769268 60.0091256647 939.990749703 
66 0.000118612476058 57.1388497488 942.861031639 
67 0.000113174888838 54.4058576618 945.594029163 
68 0.000108236900019 51.8035770344 948.196314729 
69 0.000103529993339 49.3257578566 950.674138613 
70 9.91004691286e-05 46.966450888 953.033450012 
71 9.52697124603e-05 44.7200006034 955.279904127 
72 9.17887687137e-05 42.5810031376 957.418905074 
73 8.84567615458e-05 40.5443133693 959.455598174 
74 8.53864167993e-05 38.605040859 961.394873755 
75 8.27603953439e-05 36.7585306738 963.241386566 
76 8.03583195648e-05 35.0003405736 964.999579068 
77 7.8132518297e-05 33.3262452202 966.673676647 
78 7.60654155556e-05 31.732223054 968.267700881 
79 7.41410868841e-05 30.2144439395 969.785481919 
80 7.23454462559e-05 28.7692598731 971.230667781 
81 7.06720647941e-05 27.3931995476 972.60672978 
82 6.91202590133e-05 26.0829590726 973.916971807 
83 6.76786845588e-05 24.8353890464 975.164543275 
84 6.63366167828e-05 23.6474911516 976.352442512 
85 6.50833932241e-05 22.5164114154 977.483523501 
86 6.39084072418e-05 21.4394323738 978.560503718 
87 6.28088196208e-05 20.4139655874 979.585971604 
88 6.17790587967e-05 19.4375472779 980.562390943 
89 6.08143745922e-05 18.5078322838 981.492106902 
90 5.99091943059e-05 17.6225858792 982.377354212 
91 5.90581912547e-05 16.7796798266 983.220261115 
92 5.82579106094e-05 15.9770894499 984.022852292 
93 5.75063484121e-05 15.2128882851 984.787054209 
94 5.68022543348e-05 14.4852426245 985.514700573 
95 5.61403049915e-05 13.7924007988 986.207543061 
96 5.55172366603e-05 13.1326974599 986.867247023 
97 5.49304094193e-05 12.50454798 987.49539709 
98 5.43773651316e-05 11.9064444665 988.093501156 
99 5.38558722383e-05 11.3369494802 988.662996664 
100 5.336391132e-05 10.7946929701 989.205253666 
