Time S I R
0.0  10000 1 0
1 9994.96405425 6.00859488847 0.0273508647955 
2 9964.79674668 36.0117708445 0.191482474366 
3 9787.22222958 212.609968542 1.16780187486 
4 8840.48544156 1153.82273131 6.69182713296 
5 5593.63607625 4375.81947613 31.5444476247 
6 1752.65396315 8153.78932567 94.5567111798 
7 347.157776822 9471.37162067 182.470602506 
8 61.4063677906 9663.06357317 276.530059038 
9 10.7790644248 9619.22130343 370.999632149 
10 1.91613526201 9534.30205248 464.781812256 
11 0.346088433946 9442.96275231 557.691159259 
12 0.0642180253144 9351.23325835 649.702523623 
13 0.011491632511 9260.16981412 740.818694252 
14 0.00233314281832 9169.95029841 831.04736845 
15 0.00051654030176 9080.60259391 920.396889555 
16 0.000284209978417 8992.12421927 1008.87549652 
17 0 8904.5078826 1096.4921174 
18 0 8817.7449034 1183.2550966 
19 0 8731.82724924 1269.17275076 
20 0 8646.74676192 1354.25323808 
21 0 8562.49528184 1438.50471816 
22 0 8479.0647194 1521.9352806 
23 0 8396.44708099 1604.55291901 
24 0 8314.63444514 1686.36555486 
25 0 8233.61896948 1767.38103052 
26 0 8153.39288717 1847.60711283 
27 0 8073.94854305 1927.05145695 
28 0 7995.2783084 2005.7216916 
29 0 7917.37461337 2083.62538663 
30 0 7840.22997153 2160.77002847 
31 0 7763.83697989 2237.16302011 
32 0 7688.18831886 2312.81168114 
33 0 7613.27674711 2387.72325289 
34 0 7539.09504124 2461.90495876 
35 0 7465.63607955 2535.36392045 
36 0 7392.89283356 2608.10716644 
37 0 7320.85835341 2680.14164659 
38 0 7249.52576778 2751.47423222 
39 0 7178.88828396 2822.11171604 
40 0 7108.93917212 2892.06082788 
41 0 7039.67163437 2961.32836563 
42 0 6971.07900221 3029.92099779 
43 0 6903.15470218 3097.84529782 
44 0 6835.89222866 3165.10777134 
45 0 6769.28514385 3231.71485615 
46 0 6703.32707784 3297.67292216 
47 0 6638.01172017 3362.98827983 
48 0 6573.3327685 3427.6672315 
49 0 6509.28401267 3491.71598733 
50 0 6445.85931511 3555.14068489 
51 0 6383.0526017 3617.9473983 
52 0 6320.85786177 3680.14213823 
53 0 6259.26914816 3741.73085184 
54 0 6198.28062139 3802.71937861 
55 0 6137.8862552 3863.1137448 
56 0 6078.08035418 3922.91964582 
57 0 6018.85718027 3982.14281973 
58 0 5960.21105733 4040.78894267 
59 0 5902.13637059 4098.86362941 
60 0 5844.627566 4156.372434 
61 0 5787.67913231 4213.32086769 
62 0 5731.28554856 4269.71445144 
63 0 5675.44140197 4325.55859803 
64 0 5620.14134265 4380.85865735 
65 0 5565.3800749 4435.6199251 
66 0 5511.15235648 4489.84764352 
67 0 5457.45299787 4543.54700213 
68 0 5404.27686145 4596.72313855 
69 0 5351.61886083 4649.38113917 
70 0 5299.47396003 4701.52603997 
