Time S I R
0.0  10000 1 0
1 9998.18011327 1.56397357161 1.25591316232 
2 9995.33499403 2.44520330203 3.21980266581 
3 9990.88954779 3.82098906704 6.2894631455 
4 9983.94964128 5.96603349685 11.0843252279 
5 9973.13025336 9.3035277292 18.5662189129 
6 9956.29824673 14.4796027927 30.2221504767 
7 9930.19795645 22.4667792291 48.3352643162 
8 9889.9306891 34.6957206183 76.3735902846 
9 9828.28940091 53.193921282 119.51667781 
10 9735.04304998 80.6596295472 185.297320473 
11 9596.48049173 120.300159959 284.219348307 
12 9395.90545297 175.121642904 429.972904127 
13 9116.204558 246.288824849 638.506617153 
14 8745.52165327 330.523081128 924.955265605 
15 8285.39308991 417.69997431 1297.90693578 
16 7757.19154196 491.34452758 1752.46393046 
17 7200.58333397 534.15838847 2266.25827756 
18 6661.95243301 536.285079612 2802.76248738 
19 6179.43346532 499.989159546 3321.57737513 
20 5774.02971143 437.155713365 3789.8145752 
21 5449.90276858 362.628353023 4188.46887839 
22 5200.01947306 288.637269633 4512.34325731 
23 5012.27652757 222.636547541 4766.08692489 
24 4873.72304936 167.756700931 4959.52024971 
25 4772.72357278 124.254301201 5104.02212602 
26 4699.7207722 90.8937684342 5210.38545937 
27 4647.26144629 65.89595285 5287.84260086 
28 4609.71682916 47.4665711702 5343.81659967 
29 4582.92212495 34.0344740087 5384.04340105 
30 4563.83699859 24.323481717 5412.83951969 
31 4550.26195263 17.3427720095 5433.39527536 
32 4540.61553991 12.3449836291 5448.03947646 
33 4533.76549926 8.77709588942 5458.45740485 
34 4528.90357129 6.23516077042 5465.86126794 
35 4525.45389844 4.42676441376 5471.11933715 
36 4523.00685344 3.14153825374 5474.85160831 
37 4521.27130646 2.22877992763 5477.49991361 
38 4520.04055265 1.58088598934 5479.37856136 
39 4519.16784166 1.12116287 5480.71099547 
40 4518.54905082 0.795042831871 5481.65590635 
41 4518.11031882 0.563740466794 5482.32594072 
42 4517.7992619 0.399709807157 5482.80102829 
43 4517.57872999 0.283396164251 5483.13787385 
44 4517.42238036 0.200923782365 5483.37669586 
45 4517.31153513 0.142449366514 5483.5460155 
46 4517.23295103 0.100991213453 5483.66605775 
47 4517.17723901 0.0715982839404 5483.7511627 
48 4517.13774225 0.0507596725882 5483.81149808 
49 4517.10974123 0.0359859339407 5483.85427284 
50 4517.08989013 0.0255120469918 5483.88459782 
51 4517.07581687 0.0180865976329 5483.90609653 
52 4517.06583975 0.0128223453504 5483.92133791 
53 4517.05876657 0.00909029140893 5483.93214313 
54 4517.05375211 0.00644447583361 5483.93980341 
55 4517.05019716 0.00456874674785 5483.94523409 
56 4517.04767685 0.00323893140919 5483.94908421 
57 4517.04589029 0.00229626689412 5483.95181344 
58 4517.04462371 0.00162796763854 5483.95374832 
59 4517.04372565 0.00115411642688 5483.95512023 
60 4517.04308898 0.000818183350045 5483.95609283 
61 4517.04263767 0.000580051660956 5483.95678228 
62 4517.0423177 0.000411221289589 5483.95727108 
63 4517.04209067 0.000291430666865 5483.9576179 
64 4517.04192986 0.000206579658231 5483.95786356 
65 4517.04181596 0.00014648274643 5483.95803756 
66 4517.04173518 0.000103857581827 5483.95816097 
67 4517.04167795 7.36632952268e-05 5483.95824839 
68 4517.04163745 5.22908081654e-05 5483.95831026 
69 4517.04160874 3.71431836983e-05 5483.95835412 
70 4517.04158819 2.62997059896e-05 5483.95838551 
