Time S I R
0  997 3 0
1 996.042465673 3.81520501975 0.142329307404 
2 994.826254029 4.85043979598 0.323306174611 
3 993.282470718 6.16418338892 0.553345893442 
4 991.324491784 7.82988826743 0.845619948616 
5 988.843770573 9.93947386301 1.21675556434 
6 985.704851757 12.6074487088 1.68769953445 
7 981.739693989 15.9755502259 2.28475578521 
8 976.741298044 20.2178639831 3.0408379729 
9 970.457039377 25.5460258965 3.99693472657 
10 962.582278336 32.213930095 5.2037915687 
11 952.755354325 40.5208920482 6.72375362704 
12 940.555609729 50.8117003528 8.63268991832 
13 925.506924165 63.4712634645 11.0218123704 
14 907.089974477 78.91091777 13.9991077534 
15 884.767045894 97.5429938497 17.6899602567 
16 858.02304015 119.740558946 22.2364009036 
17 826.424660029 145.780997883 27.7943420884 
18 789.696262186 175.775626413 34.5281114011 
19 747.804391824 209.593715575 42.6018926008 
20 701.035771756 246.796123112 52.1681051328 
21 650.047091515 286.599349507 63.3535589777 
22 595.864249444 327.890640046 76.2451105099 
23 539.817097205 369.305651944 90.8772508513 
24 483.412991964 409.362805199 107.224202837 
25 428.172667693 446.628898678 125.198433629 
26 375.465504388 479.878372293 144.656123319 
27 326.381019485 508.210446137 165.408534378 
28 281.659615696 531.103376717 187.237007587 
29 241.685899756 548.405224704 209.90887554 
30 206.531390064 560.27670182 233.191908117 
31 176.025262411 567.108980801 256.865756788 
32 149.832623098 569.43757112 280.729805782 
33 127.525672291 567.866734849 304.60759286 
34 108.640202771 563.011386381 328.348410848 
35 92.7156051355 555.457532468 351.826862396 
36 79.3201575046 545.738719747 374.941122748 
37 68.0642377435 534.325356883 397.610405374 
38 58.6059923598 521.621706172 419.772301468 
39 50.6512141055 507.968748666 441.380037228 
40 43.9502269026 493.649859055 462.399914043 
41 38.293289904 478.89768426 482.809025836 
42 33.5055056257 463.901193684 502.593300691 
43 29.4416412995 448.81256265 521.74579605 
44 25.9814702765 433.75324021 540.265289514 
45 23.0256525214 418.819246846 558.155100633 
46 20.492065391 404.085793769 575.42214084 
47 18.3128825253 389.611022806 592.076094669 
48 16.4320040198 375.439198386 608.128797594 
49 14.8029371059 361.603370757 623.593692137 
50 13.3870711383 348.12752168 638.485407182 
51 12.1523016476 335.028274139 652.819424213 
52 11.0718347831 322.316374008 666.611791209 
53 10.1232644958 309.99783046 679.878905045 
54 9.28780802585 298.07485857 692.637333405 
55 8.5496549079 286.546676148 704.903668945 
56 7.89547553452 275.410103251 716.694421214 
57 7.31399517122 264.66007892 728.025925909 
58 6.79563884365 254.29008883 738.914272327 
59 6.33226297049 244.292484053 749.375252976 
60 5.91691213592 234.658768089 759.424319775 
61 5.5436191349 225.379829759 769.076551106 
62 5.20730629196 216.446048916 778.346644792 
63 4.90355656516 207.847567 787.248876435 
64 4.62857723871 199.57431461 795.797108151 
65 4.37907538883 191.616149468 804.004775143 
66 4.15219336084 183.962919773 811.884886866 
67 3.94545030404 176.604520195 819.4500295 
68 3.75667017498 169.530964586 826.712365239 
69 3.583962433 162.732393746 833.683643821 
70 3.42565522066 156.199144712 840.375200067 
71 3.2802900823 149.921739759 846.797970159 
72 3.14657271257 143.890931675 852.962495613 
73 3.0233671887 138.097696167 858.878936644 
74 2.90966244554 132.533259459 864.557078095 
75 2.80456453773 127.189092856 870.006342607 
76 2.70727420382 122.056926643 875.235799153 
77 2.61708263104 117.128741502 880.254175867 
78 2.5333648569 112.396763313 885.06987183 
79 2.45554857063 107.853489759 889.69096167 
80 2.38312579745 103.491662674 894.125211529 
81 2.31564378438 99.3042672398 898.380088976 
82 2.2526884974 95.2845407037 902.462770799 
83 2.1938915871 91.4259523375 906.380156075 
84 2.13892070534 87.7222044193 910.138874875 
85 2.0874714713 84.1672315563 913.745296972 
86 2.03927164287 80.7551851859 917.205543171 
87 1.99407301062 77.4804339365 920.525493053 
88 1.95164897572 74.3375571803 923.710793844 
89 1.91179509501 71.3213351325 926.766869772 
90 1.87432368031 68.4267461166 929.698930203 
91 1.83906348213 65.6489586841 932.511977834 
92 1.80585879456 62.9833245633 935.210816642 
93 1.77456613967 60.4253749586 937.800058902 
94 1.74505413541 57.9708125986 940.284133266 
95 1.71720200952 55.6155066539 942.667291337 
96 1.69089652089 53.3554887795 944.9536147 
97 1.66603573585 51.1869427739 947.14702149 
98 1.64252714094 49.1061998574 949.251273002 
99 1.62028713228 47.1097325861 951.269980282 
100 1.59923952665 45.1941507173 953.206609756 
