Time S I R
0.0  10000 1 0
1 9999.8669458 0.66424923884 0.468804957824 
2 9999.77856504 0.441224572081 0.780210389869 
3 9999.71985988 0.29308337143 0.987056747607 
4 9999.68086495 0.194679842424 1.12445520328 
5 9999.65496273 0.129315401703 1.21572186574 
6 9999.63775739 0.0858974619187 1.27634514997 
7 9999.62632878 0.057057143831 1.31661407609 
8 9999.61873737 0.0379000382913 1.34336259442 
9 9999.61369487 0.0251751581561 1.361129976 
10 9999.61034533 0.0167225220917 1.37293214496 
11 9999.60812043 0.0111079239635 1.38077164355 
12 9999.60664255 0.00737844147719 1.38597901011 
13 9999.6056609 0.00490121144138 1.38943789328 
14 9999.60500878 0.00325557109785 1.39173565224 
15 9999.60457562 0.00216249491411 1.39326188217 
16 9999.60428789 0.00143639860545 1.39427570894 
17 9999.60409679 0.000954134641645 1.39494907982 
18 9999.60396984 0.000633771856656 1.39539639289 
19 9999.60388551 0.000420965340298 1.39569352832 
20 9999.6038295 0.000279620668134 1.39589088369 
21 9999.60379229 0.000185724171221 1.39602198859 
22 9999.60376758 0.000123371006985 1.39610905046 
23 9999.60375116 8.19416709956e-05 1.39616689702 
24 9999.60374024 5.43812715328e-05 1.39620537878 
25 9999.60373301 3.61239786768e-05 1.3962308709 
26 9999.60372821 2.40255318529e-05 1.3962477636 
27 9999.60372502 1.59654939815e-05 1.39625901759 
28 9999.6037229 1.06226579966e-05 1.39626647764 
29 9999.6037215 7.08694061161e-06 1.39627141446 
30 9999.60372056 4.71894437273e-06 1.39627472082 
31 9999.60371993 3.11666508821e-06 1.39627695803 
32 9999.6037195 2.04231227822e-06 1.39627845812 
33 9999.60371922 1.34081908298e-06 1.39627943759 
34 9999.60371904 8.79092066529e-07 1.39628008229 
35 9999.60371892 5.85319228419e-07 1.39628049248 
36 9999.60371885 3.98910427681e-07 1.39628075275 
37 9999.6037188 2.72166486641e-07 1.39628092972 
38 9999.60371876 1.84223707533e-07 1.39628105251 
39 9999.60371874 1.24023542919e-07 1.39628113657 
40 9999.60371872 8.33784209866e-08 1.39628119332 
41 9999.60371871 5.59823743977e-08 1.39628123157 
42 9999.60371871 3.76609947921e-08 1.39628125716 
43 9999.6037187 1.85497377911e-08 1.39628128384 
44 9999.60371869 3.92593774429e-10 1.39628130919 
45 9999.60371868 -1.36257317662e-08 1.39628132877 
46 9999.60371868 -2.35052388307e-08 1.39628134256 
47 9999.60371868 -2.92459274191e-08 1.39628135058 
48 9999.60371868 -3.08477975314e-08 1.39628135281 
49 9999.60371868 -2.83108491676e-08 1.39628134927 
50 9999.60371868 -2.16350823277e-08 1.39628133995 
51 9999.60371868 -2.39459335207e-08 1.39628134318 
52 9999.60371868 -2.53462122701e-08 1.39628134513 
53 9999.60371868 -2.56746964536e-08 1.39628134559 
54 9999.60371868 -2.49313860711e-08 1.39628134455 
55 9999.60371868 -2.31162811226e-08 1.39628134202 
56 9999.60371868 -2.02293816081e-08 1.39628133799 
57 9999.60371868 -1.62706875277e-08 1.39628133246 
58 9999.60371869 -1.29194874757e-08 1.39628132778 
59 9999.60371869 -1.16066964457e-08 1.39628132595 
60 9999.60371869 -1.02939054157e-08 1.39628132411 
61 9999.60371869 -8.98111438568e-09 1.39628132228 
62 9999.60371869 -7.66832335565e-09 1.39628132045 
63 9999.60371869 -6.35553232563e-09 1.39628131861 
64 9999.60371869 -5.04274129561e-09 1.39628131678 
65 9999.60371869 -3.72995026559e-09 1.39628131495 
66 9999.60371869 -3.18455507362e-09 1.39628131419 
67 9999.60371869 -3.14411995929e-09 1.39628131413 
68 9999.60371869 -3.10368484496e-09 1.39628131407 
69 9999.60371869 -3.06324973063e-09 1.39628131402 
70 9999.60371869 -3.02281461631e-09 1.39628131396 
