Time S I R
0  997 3 0
1 994.246802344 5.66424684967 0.0889508067016 
2 989.075793457 10.667522054 0.256684488625 
3 979.432879902 19.9952893507 0.571830747613 
4 961.688193486 37.1518553512 1.1599511627 
5 929.819301973 67.9367227258 2.24397530073 
6 875.005485806 120.796079614 4.19843458042 
7 787.379616722 205.027724578 7.59265870039 
8 662.43764183 324.411807648 13.1505505218 
9 510.460076006 468.006260735 21.5336632591 
10 357.457756798 609.547634331 32.9946088709 
11 229.881678812 722.923627843 47.1946933451 
12 138.932612029 797.674389156 63.3929988147 
13 80.8707236554 838.329675934 80.7996004109 
14 46.2187525546 854.985286034 98.7959614116 
15 26.2657667085 856.760109129 116.974124162 
16 14.955431483 849.954368519 135.090199998 
17 8.5684953446 838.424856016 153.006648639 
18 4.95130856787 824.399584739 170.649106693 
19 2.88899043766 809.131807747 187.979201816 
20 1.70302934959 793.318289936 204.978680714 
21 1.01452548252 777.34500842 221.640466097 
22 0.610763445578 761.425580357 237.963656197 
23 0.371553801694 745.677680158 253.95076604 
24 0.228378741781 730.165436618 269.60618464 
25 0.141814300403 714.922873848 284.935311852 
26 0.0888761350222 699.967054839 299.944069026 
27 0.0562935556932 685.305071426 314.638635019 
28 0.0360021164067 670.938731566 329.025266317 
29 0.0232606553018 656.866519171 343.110220174 
30 0.015205431954 643.085088415 356.899706153 
31 0.00999644128638 629.590157232 370.399846326 
32 0.00659871154198 616.376732401 383.616668887 
33 0.00439592760256 603.439510832 396.55609324 
34 0.00296090636061 590.773113084 409.223926009 
35 0.00201386635172 578.372134607 421.625851527 
36 0.00138013730145 566.231176251 433.767443612 
37 0.000953486865001 554.344884641 445.654161873 
38 0.000664441124172 542.707985378 457.291350181 
39 0.000466000150027 531.315286305 468.684247695 
40 0.00032910998948 520.161688963 479.837981927 
41 0.000234255324585 509.242193581 490.757572164 
42 0.000167284419035 498.551903404 501.447929312 
43 0.000115806734811 488.086031226 511.913852968 
44 7.32223048772e-05 477.839848546 522.160078231 
45 4.01067452458e-05 467.808734135 532.191225758 
46 2.30720851278e-05 457.988178619 542.011798309 
47 1.0807937997e-05 448.373745225 551.626243967 
48 0 438.961106172 561.038893828 
49 0 429.74604841 570.25395159 
50 0 420.724475367 579.275524633 
51 0 411.892327129 588.107672871 
52 0 403.245578158 596.754421842 
53 0 394.780341153 605.219658847 
54 0 386.492817811 613.507182189 
55 0 378.379288045 621.620711955 
56 0 370.436075063 629.563924937 
57 0 362.659602855 637.340397145 
58 0 355.046379744 644.953620256 
59 0 347.592993277 652.407006723 
60 0 340.296071956 659.703928044 
61 0 333.152323027 666.847676973 
62 0 326.158537148 673.841462852 
63 0 319.311579286 680.688420714 
64 0 312.608364788 687.391635212 
65 0 306.045858816 693.954141184 
66 0 299.621111429 700.378888571 
67 0 293.331240554 706.668759446 
68 0 287.17342439 712.82657561 
69 0 281.144871174 718.855128826 
70 0 275.242866134 724.757133866 
71 0 269.464759313 730.535240687 
72 0 263.807961782 736.192038218 
73 0 258.26991662 741.73008338 
74 0 252.848122101 747.151877899 
75 0 247.540142031 752.459857969 
76 0 242.343596515 757.656403485 
77 0 237.256149141 762.743850859 
78 0 232.275493884 767.724506116 
79 0 227.399390726 772.600609274 
80 0 222.625651455 777.374348545 
81 0 217.952144428 782.047855572 
82 0 213.376729461 786.623270539 
83 0 208.897363316 791.102636684 
84 0 204.512030938 795.487969062 
85 0 200.218766002 799.781233998 
86 0 196.015631041 803.984368959 
87 0 191.900724943 808.099275057 
88 0 187.872198184 812.127801816 
89 0 183.928240791 816.071759209 
90 0 180.067080864 819.932919136 
91 0 176.286983111 823.713016889 
92 0 172.586248336 827.413751664 
93 0 168.963214391 831.036785609 
94 0 165.416250085 834.583749915 
95 0 161.943755399 838.056244601 
96 0 158.544160272 841.455839728 
97 0 155.215923192 844.784076808 
98 0 151.957531482 848.042468518 
99 0 148.767534136 851.232465864 
100 0 145.644504769 854.355495231 
