Time S I R
0  997 3 0
1 992.462964239 7.09896388611 0.438071875149 
2 981.84531026 16.6835564803 1.47113326007 
3 957.529349115 38.590938767 3.87971211774 
4 904.494964241 86.1526690021 9.35236675715 
5 800.173781656 178.703664195 21.1225541489 
6 630.959550544 325.098653734 43.9417957223 
7 426.170899877 492.198748786 81.6303513375 
8 249.102143002 617.693228512 133.204628487 
9 133.491279004 673.388137057 193.120583938 
10 69.7502519656 674.784242253 255.465505782 
11 36.9793076187 646.608207634 316.412484748 
12 20.2852219388 605.630365943 374.084412118 
13 11.6008986891 560.643425968 427.755675343 
14 6.92764730858 515.799235466 477.273117225 
15 4.31487220385 472.938682199 522.746445597 
16 2.79663960226 432.805368022 564.397992375 
17 1.88105424658 395.627117329 602.491828424 
18 1.30923087062 361.390311629 637.3004575 
19 0.940339334641 329.970283762 669.089376903 
20 0.69513190089 301.194788937 698.110079162 
21 0.527640493967 274.875068405 724.597291101 
22 0.410256694324 250.821518492 748.768224813 
23 0.326094357803 228.850971437 770.822934205 
24 0.264464149963 208.790480425 790.945055425 
25 0.218456116723 190.478705479 809.302838404 
26 0.183527419783 173.766210229 826.050262351 
27 0.156528406881 158.515403531 841.328068062 
28 0.13535509174 144.599769614 855.264875294 
29 0.118552367878 131.903328657 867.978118975 
30 0.10506354466 120.319960545 879.57497591 
31 0.0941020197208 109.752536514 890.153361466 
32 0.0851008960574 100.112249112 899.802649992 
33 0.0776528874974 91.3180710705 908.604276042 
34 0.071431322006 83.2958864701 916.632682208 
35 0.0662024698158 75.9781082839 923.955689246 
36 0.0617514886108 69.3027818655 930.635466646 
37 0.0579542010246 63.2136980363 936.728347763 
38 0.054697794381 57.6594426263 942.285859579 
39 0.0518855860203 52.5930476234 947.355066791 
40 0.049446932616 47.9717029722 951.978850095 
41 0.0473227034786 43.7563408424 956.196336454 
42 0.0454648397741 39.9113151769 960.043219983 
43 0.0438338805156 36.4041045849 963.552061535 
44 0.0423973338595 33.2050429277 966.752559738 
45 0.0411281049492 30.2870634825 969.671808413 
46 0.0400033325924 27.6254684278 972.33452824 
47 0.0390043462585 25.1977493949 974.763246259 
48 0.0381149036709 22.9833573093 976.978527787 
49 0.0373214084342 20.963553139 978.999125453 
50 0.0366120558029 19.1212375192 980.842150425 
51 0.035976815061 17.4408161811 982.523207004 
52 0.0354070177535 15.9080652691 984.056527713 
53 0.0348951694141 14.510009894 985.455094937 
54 0.0344347621638 13.234814296 986.730750942 
55 0.0340201143697 12.0716823602 987.894297525 
56 0.0336462577359 11.0107664947 988.955587248 
57 0.0333088210904 10.0430829338 989.923608245 
58 0.0330040087021 9.16044397527 990.806552016 
59 0.0327284147506 8.35537320154 991.611898384 
60 0.0324790489053 7.62105486323 992.346466088 
61 0.0322532613114 6.95127185358 993.016474885 
62 0.0320486806772 6.34035069001 993.627600629 
63 0.0318632183601 5.78312128868 994.185015493 
64 0.0316949886155 5.27486256654 994.693442445 
65 0.0315423203912 4.81127285374 995.157184826 
66 0.0314037116152 4.38842606366 995.580170225 
67 0.03127781474 4.00274090664 995.965981279 
68 0.0311634248459 3.65095267261 996.317883903 
69 0.0310594516865 3.33008079427 996.638859754 
70 0.0309649201173 3.03740974672 996.931625333 
71 0.0308789472336 2.77046017175 997.198660881 
72 0.0308007383874 2.52697183062 997.442227431 
73 0.0307295764043 2.30488320464 997.664387219 
74 0.0306648115093 2.10231277638 997.867022412 
75 0.030605858253 1.91754606981 998.051848072 
76 0.0305521847512 1.7490175609 998.220430254 
77 0.030503310727 1.59530069262 998.374195997 
78 0.0304588003701 1.45509360264 998.514447597 
79 0.0304182584048 1.32720873662 998.642373005 
80 0.030381326894 1.21056361507 998.759055058 
81 0.0303476801168 1.10416985008 998.86548247 
82 0.0303170231138 1.00712694646 998.96255603 
83 0.030289087442 0.918612798664 999.051098114 
84 0.0302636294037 0.837877910396 999.13185846 
85 0.0302404275599 0.764238740976 999.205520831 
86 0.0302192802995 0.697071386819 999.272709333 
87 0.0302000046121 0.635807367391 999.333992628 
88 0.0301824336891 0.579927584949 999.389889981 
89 0.0301664159743 0.528958991117 999.440874593 
90 0.0301518134468 0.482469926985 999.48737826 
91 0.0301385004357 0.440066612623 999.529794887 
92 0.0301263626524 0.401390133814 999.568483504 
93 0.0301152958575 0.366112757116 999.603771947 
94 0.0301052052716 0.333935891315 999.635958903 
95 0.0300960044647 0.304586953216 999.665317042 
96 0.0300876147436 0.277817414909 999.69209497 
97 0.0300799644364 0.253400639122 999.716519396 
98 0.0300729881743 0.23112974843 999.738797263 
99 0.0300666264729 0.210816250956 999.759117123 
100 0.0300608250491 0.192288029214 999.777651146 
