Time S I R
0  997 3 0
1 992.58213554 7.03113015278 0.386734307593 
2 982.337773556 16.3720489255 1.29017751808 
3 959.06435277 37.5574859761 3.37816125405 
4 908.563553023 83.3476949381 8.088752039 
5 809.097744907 172.716708912 18.1855461816 
6 645.741532137 316.434023645 37.8244442182 
7 443.028563141 486.337236017 70.6342008428 
8 262.244139418 621.459285498 116.296575085 
9 141.11060659 688.624941327 170.264452084 
10 73.341185391 699.405481697 227.253332912 
11 38.3755270536 677.96757133 283.656901617 
12 20.6511743617 641.731622258 337.61720338 
13 11.5321925141 600.113749683 388.354057803 
14 6.70045380854 557.662586594 435.636959598 
15 4.0493226984 516.456609011 479.494068291 
16 2.54118171061 477.389832926 520.068985363 
17 1.65237789072 440.79503528 557.55258683 
18 1.11067174036 406.738613791 592.150714469 
19 0.769867600411 375.161277053 624.068855346 
20 0.54905845067 345.945956256 653.504985293 
21 0.402070413591 318.95154873 680.646380856 
22 0.301665446898 294.029929612 705.668404941 
23 0.231472603698 271.034174079 728.734353317 
24 0.181333593795 249.822943938 749.995722469 
25 0.144794743456 230.262445765 769.592759492 
26 0.117688596222 212.227178095 787.655133309 
27 0.0972032636673 195.600199676 804.30259706 
28 0.0814803790136 180.272823314 819.645696307 
29 0.0692552312554 166.144327008 833.786417761 
30 0.0596252721925 153.121552106 846.818822622 
31 0.0519406419514 141.118402035 858.829657323 
32 0.0457393882618 130.05533859 869.898922022 
33 0.0406873597954 119.858956555 880.100356085 
34 0.0365313682406 110.461535348 889.501933284 
35 0.0330751435 101.800534928 898.166389929 
36 0.0301774340212 93.8183301303 906.151492436 
37 0.0277322408682 86.4617933393 913.51047442 
38 0.0256547745612 79.6819332412 920.292411984 
39 0.0238784004952 73.4335825491 926.54253905 
40 0.0223501109277 67.6750967755 932.302553114 
41 0.0210285637515 62.3680971792 937.610874257 
42 0.0198807178583 57.4772216843 942.502897598 
43 0.0188784940144 52.9698358904 947.011285616 
44 0.0179977951525 48.8158378174 951.166164387 
45 0.0172199257468 44.987539272 954.995240802 
46 0.0165343866878 41.45945775 958.524007863 
47 0.015929793944 38.2080723199 961.775997886 
48 0.0153918434149 35.2116512615 964.772956895 
49 0.0149105038921 32.4501887309 967.534900765 
50 0.0144803169514 29.905278759 970.080240924 
51 0.0140956929395 27.5599481606 972.425956146 
52 0.0137503004664 25.3985436843 974.587706015 
53 0.0134392688233 23.4066435778 976.579917153 
54 0.0131588499148 21.570953062 978.415888088 
55 0.0129056306154 19.8792201971 980.107874172 
56 0.012676585325 18.3201593002 981.667164114 
57 0.0124691201626 16.8833692511 983.104161629 
58 0.012280933195 15.5592592401 984.428459827 
59 0.012110016251 14.3389921512 985.648897833 
60 0.0119546086005 13.2144245672 986.773620824 
61 0.0118131518296 12.1780508295 987.810136019 
62 0.0116842567056 11.222952813 988.76536293 
63 0.0115667259645 10.3427621394 989.645671135 
64 0.0114594667155 9.53160314353 990.45693739 
65 0.0113614967297 8.78405962976 991.204578874 
66 0.0112719563399 8.0951453634 991.89358268 
67 0.0111900611518 7.46025954278 992.528550396 
68 0.0111151139638 6.8751650801 993.113719806 
69 0.0110464935046 6.33595956919 993.652993937 
70 0.0109836283423 5.83904118685 994.149975185 
71 0.010926010504 5.38109508776 994.607978902 
72 0.0108731806325 4.95906585922 995.03006096 
73 0.0108247191808 4.57013456151 995.419040719 
74 0.0107802504152 4.21170675517 995.777512994 
75 0.0107394312575 3.8813895487 996.10787102 
76 0.0107019497567 3.57697767288 996.412320377 
77 0.0106675244053 3.296441109 996.692891367 
78 0.0106358968756 3.03790621059 996.951457893 
79 0.0106068326708 2.79964743978 997.189745728 
80 0.0105801187277 2.58007559683 997.409344284 
81 0.0105555592495 2.37772392889 997.611720512 
82 0.0105329764203 2.19124234549 997.798224678 
83 0.0105122077149 2.0193865045 997.970101288 
84 0.0104931039422 1.8610085747 998.128498321 
85 0.0104755293021 1.71505224887 998.274472222 
86 0.0104593591238 1.58054314223 998.408997499 
87 0.0104444791539 1.45658311526 998.532972406 
88 0.0104307850586 1.34234539336 998.647223822 
89 0.0104181808359 1.23706702479 998.752514794 
90 0.0104065785895 1.14004534118 998.84954808 
91 0.0103958978196 1.05063320722 998.938970895 
92 0.010386064384 0.968233338107 999.021380598 
93 0.0103770104083 0.89229597964 999.09732701 
94 0.0103686735575 0.822314450931 999.167316876 
95 0.0103609964458 0.757821307963 999.231817696 
96 0.010353926495 0.698386365509 999.291259708 
97 0.0103474153096 0.643612840558 999.346039744 
98 0.0103414183895 0.593135010317 999.396523571 
99 0.010335894905 0.546616222683 999.443047882 
100 0.0103308072241 0.503745793638 999.485923399 
