Time S I R
0  997 3 0
1 996.614214217 3.35203007705 0.0337557059989 
2 996.183341399 3.74518667964 0.0714719218515 
3 995.702169058 4.18422058375 0.113610358157 
4 995.164884668 4.67442848455 0.160686847094 
5 994.565015014 5.22170792748 0.213277058994 
6 993.895366375 5.83261139067 0.272022234821 
7 993.14793832 6.51442427283 0.337637406942 
8 992.313840415 7.27524007612 0.410919509139 
9 991.383214503 8.12403046084 0.492755036201 
10 990.345105872 9.07076125999 0.584132868178 
11 989.187381238 10.1264659858 0.686152776103 
12 987.896608574 11.3033535283 0.800037898183 
13 986.457933397 12.6149186465 0.927147957025 
14 984.854946301 14.0760598258 1.06899387295 
15 983.069549686 15.703197317 1.22725299664 
16 981.081816203 17.5143978495 1.40378594735 
17 978.869842099 19.5295029165 1.60065498422 
18 976.409604376 21.7702527679 1.82014285579 
19 973.674806704 24.2604179336 2.06477536266 
20 970.636749781 27.0259082145 2.3373420042 
21 967.264195684 30.0948845085 2.64091980753 
22 963.523265047 33.4978373512 2.97889760214 
23 959.377336942 37.2676615391 3.35500151891 
24 954.787013052 41.4396666283 3.77332032023 
25 949.710090514 46.0515778369 4.2383316489 
26 944.101634472 51.1434389176 4.75492661009 
27 937.914086081 56.7574795935 5.32843432581 
28 931.097484038 62.9378721091 5.9646438532 
29 923.599792299 69.730385047 6.66982265446 
30 915.367329164 77.1819382704 7.45073256591 
31 906.345395522 85.3399678254 8.31463665256 
32 896.478986887 94.2517090067 9.26930410596 
33 885.713782198 103.963218596 10.3229992057 
34 873.997214517 114.518317839 11.4844676436 
35 861.279838499 125.957260199 12.7629013027 
36 847.516790104 138.315311333 14.167898563 
37 832.669490591 151.621113511 15.7093958985 
38 816.707489859 165.894918748 17.397591393 
39 799.610240911 181.146910034 19.2428490552 
40 781.369183646 197.375240341 21.2555760133 
41 761.989390644 214.564516813 23.4460925424 
42 741.491453164 232.684075155 25.8244716812 
43 719.912659899 251.686961767 28.4003783335 
44 697.308195408 271.508923436 31.1828811565 
45 673.751429252 292.068292084 34.1802786641 
46 649.333927117 313.266171281 37.3999016024 
47 624.164576148 334.987475776 40.8479480758 
48 598.36803381 357.102659941 44.5293062495 
49 572.082668038 379.469907692 48.4474242698 
50 545.457439184 401.938374487 52.6041863297 
51 518.648944266 424.351217089 56.9998386444 
52 491.817169157 446.549883854 61.6329469894 
53 465.122204583 468.377404106 66.5003913114 
54 438.719803948 489.682778223 71.5974178294 
55 412.758210875 510.324087602 76.9177015232 
56 387.374607355 530.171910013 82.4534826319 
57 362.692550523 549.11175862 88.1956908571 
58 338.819987887 567.045876526 94.1341355874 
59 315.847667392 583.894658577 100.257674031 
60 293.848806523 599.596775116 106.554418361 
61 272.87870096 614.109374344 113.011924696 
62 252.975626811 627.406987128 119.617386061 
63 234.16159837 639.480586421 126.357815209 
64 216.443927734 650.335866711 133.220205555 
65 199.816800196 659.991514847 140.191684957 
66 184.26303431 668.477327281 147.25963841 
67 169.755986276 675.832194171 154.411819553 
68 156.261251057 682.102312791 161.636436152 
69 143.738450937 687.339331886 168.922217177 
70 132.14275301 691.598781974 176.258465016 
71 121.42627831 694.938636966 183.635084723 
72 111.539368594 697.418023463 191.042607943 
73 102.43156831 699.09623653 198.47219516 
74 94.0525683441 700.031795862 205.915635794 
75 86.352725273 700.281942661 213.365332066 
76 79.2839341528 699.901778024 220.814287823 
77 72.799752875 698.944165147 228.256081978 
78 66.8558767024 697.459283416 235.684839882 
79 61.4102446772 695.494548087 243.095207236 
80 56.4232158614 693.094466584 250.482317555 
81 51.8576220089 690.300615351 257.84176264 
82 47.6787537212 687.151684906 265.169561373 
83 43.8543405387 683.683530596 272.462128865 
84 40.3544846586 679.92926613 279.716249211 
85 37.1515367569 675.91942158 286.929041663 
86 34.2200282981 671.682033343 294.097938359 
87 31.5365228213 667.242820506 301.220656672 
88 29.079523646 662.625299277 308.295177077 
89 26.8293178516 657.85096368 315.319718468 
90 24.7678675671 652.939414199 322.292718234 
91 22.8786748733 647.908512469 329.212812658 
92 21.1466742775 642.774506372 336.07881935 
93 19.5581618634 637.552115591 342.889722545 
94 18.1005874851 632.254758968 349.644653547 
95 16.7625268656 626.89459286 356.342880274 
96 15.5336023248 621.482602399 362.983795277 
97 14.404320732 616.02877951 369.566899758 
98 13.3660529078 610.542149625 376.091797467 
99 12.4109459437 605.030870331 382.558183725 
100 11.5318486621 599.502316 388.965835338 
