Time S I R
0  997 3 0
1 994.821787037 4.86447592101 0.313737041644 
2 991.302726168 7.87521747004 0.822056361503 
3 985.639245938 12.7168212742 1.64393278749 
4 976.580671595 20.4509587422 2.9683696631 
5 962.233770332 32.6748812377 5.09134843064 
6 939.861607992 51.6725265101 8.46586549758 
7 905.805387857 80.4344502527 13.7601618899 
8 855.813372273 122.282783305 21.9038444224 
9 786.194962001 179.730259024 34.0747789751 
10 695.99371802 252.450742171 51.55553981 
11 589.34947092 335.237028025 75.4135010547 
12 475.902822815 418.014155471 106.083021714 
13 367.694933786 489.218760008 143.086306206 
14 274.318847385 540.570838592 185.110314023 
15 200.050403588 569.550768581 230.398827831 
16 144.358066175 578.441071267 277.200862559 
17 104.127800852 571.810999032 324.061200116 
18 75.6379024087 554.446606732 369.915490859 
19 55.6018852342 530.338268709 414.059846057 
20 41.4851144303 502.44201459 456.07287098 
21 31.4638203597 472.801103068 495.735076572 
22 24.2716399399 442.764941601 532.963418459 
23 19.0431570853 413.193418088 567.763424826 
24 15.1895467381 384.614278391 600.196174871 
25 12.309265312 357.334664298 630.35607039 
26 10.1264748887 331.517340381 658.356184731 
27 8.44993498194 307.23131554 684.318749478 
28 7.14559468903 284.485428472 708.368976839 
29 6.11838986384 263.25047826 730.631131876 
30 5.30008564615 243.473845045 751.226069309 
31 4.64112821484 225.089117411 770.269754374 
32 4.10514071905 208.022436691 787.87242259 
33 3.66505587122 192.196806162 804.138137967 
34 3.30054128195 177.534785157 819.164673561 
35 2.99615854118 163.960286154 833.043555305 
36 2.74006284162 151.399726053 845.860211105 
37 2.52308291941 139.782702408 857.694214673 
38 2.33804516577 129.042399308 868.619555527 
39 2.1793008296 119.115755005 878.704944166 
40 2.04235815142 109.943524746 888.014117102 
41 1.9236146148 101.470240311 896.606145074 
42 1.82016216087 93.6440994109 904.535738428 
43 1.72963454958 86.4168257196 911.853539731 
44 1.65009547403 79.7435009781 918.606403548 
45 1.57994931929 73.5823897461 924.837660935 
46 1.51787216586 67.8947548122 930.587373022 
47 1.46275981019 62.6446741688 935.892566021 
48 1.41367981084 57.7988677553 940.787452434 
49 1.36985255143 53.3265081042 945.303639344 
50 1.3306330836 49.1990447579 949.470322158 
51 1.29544930055 45.3901032619 953.314447438 
52 1.26381552587 41.8752489609 956.860935513 
53 1.23532003112 38.6319121746 960.132767794 
54 1.20960653749 35.6392445472 963.151148915 
55 1.18635311891 32.8779340081 965.935712873 
56 1.16529589439 30.330185585 968.504518521 
57 1.14620330264 27.9795495322 970.874247165 
58 1.12886985691 25.8108335668 973.060296576 
59 1.11311146531 23.8099884252 975.076900109 
60 1.09876971749 21.9640622762 976.937168006 
61 1.08570360036 20.2610860597 978.65321034 
62 1.0737886039 18.6900194925 980.236191904 
63 1.06291337321 17.2406623356 981.696424291 
64 1.0529792691 15.9036067948 983.043413936 
65 1.04389787896 14.6701630367 984.285939084 
66 1.03559029942 13.5323158026 985.432093898 
67 1.02798569665 12.4826655097 986.489348794 
68 1.02102045211 11.5143849516 987.464594596 
69 1.0146373665 10.6211741694 988.364188464 
70 1.00878463957 9.79721416942 989.194001191 
71 1.00341555359 9.03714024869 989.959444198 
72 0.998488626186 8.33601414601 990.665497228 
73 0.993965732728 7.68926906908 991.316765198 
74 0.989811807955 7.09268198622 991.917506206 
75 0.985995400986 6.54236399456 992.471640604 
76 0.982488221535 6.03473325892 992.98277852 
77 0.97926429557 5.5664807187 993.454254986 
78 0.976299893324 5.13455245117 993.889147656 
79 0.973573457614 4.73613186968 994.290294673 
80 0.971065337249 4.36862026914 994.660314394 
81 0.968757567676 4.02962061238 995.00162182 
82 0.966633746718 3.71692264777 995.316443606 
83 0.964678864094 3.42848627329 995.606834863 
84 0.962879188925 3.16242936457 995.874691447 
85 0.961222147608 2.91701593978 996.121761913 
86 0.959696225025 2.69064476785 996.349659007 
87 0.95829085201 2.48183783854 996.559871309 
88 0.956996357943 2.28923302244 996.75377062 
89 0.955803897029 2.11157534295 996.93262076 
90 0.954705306426 1.94770441005 997.097590284 
91 0.953693092257 1.79654974851 997.249757159 
92 0.952760375651 1.65712412477 997.3901155 
93 0.951900846142 1.52851761394 997.51958154 
94 0.951108716547 1.40989170617 997.638999577 
95 0.950378649956 1.30047175064 997.749149599 
96 0.949705739912 1.19954329453 997.850750966 
97 0.949085477767 1.10644759216 997.94446693 
98 0.94851371172 1.02057656675 998.030909722 
99 0.947986625931 0.941369634146 998.11064374 
100 0.947500706091 0.868309543278 998.184189751 
