Time S I R
0  997 3 0
1 993.493736458 6.08779937685 0.418464164979 
2 986.430922146 12.3031811537 1.26589670069 
3 972.367767547 24.6607458143 2.97148663826 
4 944.999939212 48.6374889934 6.36257179459 
5 894.034472979 93.0177166797 12.9478103417 
6 806.442897248 168.361727868 25.1953748848 
7 674.699629991 278.918713414 46.3816565949 
8 511.192417402 409.461804031 79.3457785671 
9 349.702100352 525.855514261 124.442385387 
10 221.277725752 599.918705147 178.803569101 
11 134.447717861 627.567214045 237.985068094 
12 81.0844644718 620.865015278 298.05052025 
13 49.6106923661 593.983895523 356.405412111 
14 31.1606925849 557.195373451 411.643933964 
15 20.1987479889 516.661805614 463.139446397 
16 13.5327814351 475.755646131 510.711572434 
17 9.36666141684 436.215826967 554.417511617 
18 6.68764834919 398.878778263 594.433573388 
19 4.91597737181 364.093537088 630.990485541 
20 3.71260418425 331.948744973 664.338650843 
21 2.87446440721 302.395853998 694.729681595 
22 2.27698042113 275.316224333 722.406795246 
23 1.84180857394 250.558167314 747.600024112 
24 1.51854007299 227.957326102 770.524133825 
25 1.27402361133 207.347976794 791.377999595 
26 1.08598915593 188.56920928 810.344801565 
27 0.939215600266 171.468121758 827.592662642 
28 0.823053783382 155.901456327 843.27548989 
29 0.729957891818 141.736096641 857.533945468 
30 0.654493188186 128.849090287 870.496416525 
31 0.592695056028 117.127331931 882.279973013 
32 0.541597951481 106.467104419 892.991297629 
33 0.498984146674 96.7734642741 902.727551579 
34 0.46316451172 87.9596406468 911.577194841 
35 0.432841217307 79.9464236967 919.620735086 
36 0.407006774269 72.6615769802 926.931416246 
37 0.384866580037 66.03926371 933.57586971 
38 0.365789985551 60.0195053515 939.614704663 
39 0.349273199365 54.5476891799 945.103037621 
40 0.334909802817 49.5741049973 950.0909852 
41 0.322369032207 45.0535162208 954.624114747 
42 0.31137968905 40.944765282 958.743855029 
43 0.301717568922 37.2103983494 962.487884082 
44 0.293197588144 33.816395732 965.89040668 
45 0.285664149341 30.7317793874 968.982556463 
46 0.278985469898 27.9283573286 971.792657202 
47 0.273051446464 25.3805372861 974.346411267 
48 0.267768337811 23.0650441382 976.667187524 
49 0.263055934963 20.9607132772 978.776230788 
50 0.258845396084 19.0482999643 980.69285464 
51 0.255077520924 17.3103163126 982.434606166 
52 0.251701151978 15.7308686303 984.017430218 
53 0.248671606607 14.2954964756 985.455831918 
54 0.245949722973 12.9910497507 986.763000526 
55 0.243501865438 11.8056015417 987.950896593 
56 0.241299078026 10.7283257679 989.030375154 
57 0.23931459156 9.74933743379 990.011347975 
58 0.237525095207 8.85966212602 990.902812779 
59 0.235910596546 8.05116489159 991.712924512 
60 0.234453014056 7.31644062736 992.449106359 
61 0.233136224117 6.64875811205 993.118105664 
62 0.231946013885 6.04200043398 993.726053552 
63 0.230869693298 5.49060830009 994.278522007 
64 0.229895932297 4.98953265195 994.780571416 
65 0.229014600386 4.53418259039 995.236802809 
66 0.228216630973 4.12038516763 995.651398201 
67 0.227493896652 3.74434913779 996.028156966 
68 0.226839100047 3.40262823393 996.370532666 
69 0.226245690711 3.09209141212 996.681662897 
70 0.225707794321 2.80989569569 996.96439651 
71 0.225220093091 2.55345276638 997.221327141 
72 0.224777818823 2.32041350084 997.45480868 
73 0.224376661339 2.10864149907 997.66698184 
74 0.224012734641 1.91619586895 997.859791396 
75 0.223682536954 1.74131377701 998.035003686 
76 0.22338289434 1.5823913594 998.194225746 
77 0.223110949363 1.43797334273 998.338915708 
78 0.222864110216 1.3067353791 998.470400511 
79 0.222640035893 1.18747472194 998.589885242 
80 0.222436608003 1.0790983905 998.698465001 
81 0.222251906288 0.980612669643 998.797135424 
82 0.222084195936 0.891115626329 998.886800178 
83 0.221931901022 0.809786359159 998.96828174 
84 0.221793596499 0.735879775107 999.042326628 
85 0.221667989492 0.668718375557 999.109613635 
86 0.221553907559 0.607686397317 999.170759695 
87 0.22145028898 0.552224732309 999.226324979 
88 0.221356168902 0.501824660059 999.276819171 
89 0.221270673933 0.456024556456 999.32270477 
90 0.221193010432 0.414404448655 999.364402541 
91 0.221122458627 0.376582840217 999.402294701 
92 0.221058365633 0.342213170862 999.436728464 
93 0.221000138096 0.310980207841 999.468019654 
94 0.220947238358 0.282597874298 999.496454887 
95 0.220899177491 0.256805852002 999.522294971 
96 0.220855512119 0.233367808857 999.545776679 
97 0.220815839538 0.212068922739 999.567115238 
98 0.220779793847 0.192713877787 999.586506328 
99 0.220747043167 0.175125363036 999.604127594 
100 0.220717285575 0.159142010952 999.620140703 
