Time S I R
0  997 3 0
1 993.310061955 6.27717835827 0.412759686775 
2 985.650763211 13.074784187 1.27445260181 
3 969.959479669 26.979645719 3.06087461163 
4 938.659879807 54.627865743 6.71225444995 
5 879.416438035 106.613918234 13.9696437314 
6 777.61931364 194.716457248 27.664229112 
7 628.528628861 320.11232218 51.3590489593 
8 453.840096683 458.551307732 87.6085955847 
9 294.493305685 569.754081687 135.752612628 
10 177.772014378 630.286801523 191.9411841 
11 104.119292825 644.38769698 251.493010196 
12 61.1079854887 628.077778099 310.814236413 
13 36.6323866199 595.590561131 367.777052249 
14 22.6413960152 556.02047764 421.338126344 
15 14.4800428583 514.421466063 471.098491078 
16 9.58676770794 473.408335152 517.00489714 
17 6.56351396796 434.257930763 559.178555269 
18 4.63841689758 397.538644345 597.822938757 
19 3.37634483691 363.44837941 633.175275753 
20 2.52585254713 331.992867014 665.481280439 
21 1.93782385472 303.080038796 694.982137349 
22 1.52150069178 276.57051235 721.907986958 
23 1.22020080199 252.304873548 746.47492565 
24 0.997729554665 230.118362961 768.883907484 
25 0.83041962907 209.848935285 789.320645086 
26 0.702428609428 191.341488686 807.956082705 
27 0.603004529932 174.449832908 824.947162562 
28 0.524675835817 159.037642246 840.437681918 
29 0.462169284906 144.978598732 854.559231983 
30 0.411714050481 132.156149106 867.432136844 
31 0.370535428567 120.46315813 879.166306441 
32 0.336553512833 109.801257887 889.8621886 
33 0.308326461535 100.08049486 899.611178679 
34 0.28466962815 91.2183455437 908.496984828 
35 0.264689326386 83.1394144607 916.595896213 
36 0.247703587041 75.7748413466 923.977455066 
37 0.233174870304 69.0617256817 930.705099448 
38 0.220677374876 62.9426400696 936.836682556 
39 0.209872003199 57.3651717644 942.424956232 
40 0.200486842242 52.2815027178 947.51801044 
41 0.192301654988 47.6480417561 952.159656589 
42 0.185132749538 43.4249317565 956.389935494 
43 0.178829710249 39.575860191 960.245310099 
44 0.17327387901 36.0678054985 963.758920622 
45 0.168360588583 32.8705603318 966.96107908 
46 0.164004271064 29.9566192107 969.879376518 
47 0.160132417325 27.3009026305 972.538964952 
48 0.156683490507 24.880546026 974.962770483 
49 0.153605052249 22.6747031654 977.171691782 
50 0.15085225606 20.6643745488 979.184773195 
51 0.148386529211 18.8322406937 981.019372777 
52 0.146174424693 17.1625080436 982.691317532 
53 0.144187191312 15.6407926531 984.215020156 
54 0.142399711093 14.2539788715 985.603621417 
55 0.140790058812 12.9901119519 986.869097989 
56 0.139338982927 11.8382939482 988.022367069 
57 0.138029608757 10.7885936303 989.073376761 
58 0.136847055306 9.83195981489 990.03119313 
59 0.135778186658 8.96014335143 990.904078462 
60 0.134811371306 8.16562540294 991.699563226 
61 0.133936281427 7.44155338051 992.424510338 
62 0.133143731553 6.78168189355 993.085174375 
63 0.132425528041 6.18031831931 993.687256153 
64 0.131774400544 5.63227873739 994.235946862 
65 0.131183796126 5.13283352365 994.73598268 
66 0.130647870441 4.67767490139 995.191677228 
67 0.130161380259 4.26287651496 995.606962105 
68 0.129719602529 3.88485857253 995.985421825 
69 0.129318313146 3.54036159341 996.330320093 
70 0.128953686255 3.2264116792 996.644634635 
71 0.128622291371 2.94030163295 996.931076076 
72 0.1283210258 2.67956245276 997.192116521 
73 0.128047089258 2.44194419864 997.430008712 
74 0.127797956482 2.22539736173 997.646804682 
75 0.12757133661 2.02805253745 997.844376126 
76 0.127365164656 1.8482080347 998.024426801 
77 0.127177565242 1.68431134061 998.188511094 
78 0.12700684271 1.53494861093 998.338044546 
79 0.126851459788 1.398831154 998.474317386 
80 0.126710020954 1.27478403426 998.598505945 
81 0.126581262961 1.16173744778 998.711681289 
82 0.126464036483 1.058715356 998.814820608 
83 0.126357300465 0.96482924769 998.908813452 
84 0.126260108161 0.879268794653 998.994471097 
85 0.126171599762 0.801295650228 999.07253275 
86 0.126090994622 0.730237227895 999.143671777 
87 0.12601758204 0.665480018024 999.2085024 
88 0.125950717154 0.606465557109 999.267583726 
89 0.125889812571 0.552684353507 999.321425834 
90 0.125834334672 0.50367244551 999.37049322 
91 0.125783797912 0.459006923177 999.415209279 
92 0.125737760289 0.418302230921 999.455960009 
93 0.125695820112 0.381207309209 999.493096871 
94 0.12565761124 0.347401861556 999.526940527 
95 0.125622800919 0.316594317448 999.557782882 
96 0.125591085953 0.288518759805 999.585890154 
97 0.125562190408 0.262932909874 999.6115049 
98 0.125535863184 0.239616057843 999.634848079 
99 0.12551187539 0.218366883633 999.656121241 
100 0.125490018878 0.199002120882 999.67550786 
