Time S I R
0  997 3 0
1 995.718915276 3.96192718738 0.319157536988 
2 994.030050052 5.22941618331 0.740533764339 
3 991.806069209 6.89741446802 1.29651632274 
4 988.881726214 9.08878808673 2.02948569912 
5 985.043842549 11.9614326262 2.99472482522 
6 980.019740549 15.7162580001 4.2640014513 
7 973.46445632 20.605610397 5.92993328342 
8 964.948042152 26.940865639 8.11109220951 
9 953.945333628 35.096965255 10.9577011171 
10 939.832277924 45.5102554034 14.6574666724 
11 921.895291089 58.6640134521 19.4406954586 
12 899.361989084 75.0547525656 25.5832583507 
13 871.463445362 95.1313396359 33.4052150023 
14 837.534805589 119.202748727 43.2624456834 
15 797.154224586 147.317477165 55.5282982494 
16 750.302438264 179.133971968 70.5635897681 
17 697.50513115 213.819381524 88.6754873254 
18 639.903905603 250.02579245 110.070301947 
19 579.203095838 285.987465768 134.809438394 
20 517.479448601 319.740420144 162.780131255 
21 456.890472765 349.418957293 193.690569942 
22 399.366967529 373.540506653 227.092525818 
23 346.379476582 391.194142691 262.426380727 
24 298.83239126 402.090271219 299.077337522 
25 257.084049121 406.485901665 336.430049213 
26 221.052511841 405.035012211 373.912475948 
27 190.354528572 398.620714174 411.024757254 
28 164.437857008 388.208883044 447.353259947 
29 142.685579274 374.741296733 482.573123994 
30 124.486212176 359.071210626 516.442577198 
31 109.274779939 341.93202856 548.793191501 
32 96.5523139505 323.929371189 579.51831486 
33 85.8911249976 305.547380772 608.561494231 
34 76.9318690188 287.162280058 635.905850923 
35 69.3765635883 269.058522065 661.564914347 
36 62.9803573498 251.444901041 685.574741609 
37 57.542838833 234.469359582 707.987801585 
38 52.9004763934 218.23162504 728.867898566 
39 48.9198846666 202.793877564 748.286237769 
40 45.4921646737 188.189465115 766.318370211 
41 42.5282363619 174.42989782 783.041865818 
42 39.95503572 161.51039582 798.53456846 
43 37.7124384786 149.414261712 812.873299809 
44 35.7507908219 138.116283422 826.132925756 
45 34.0289268384 127.585374738 838.385698423 
46 32.5125751884 117.786614678 849.700810134 
47 31.1730854624 108.682799661 860.144114877 
48 29.9864049867 100.235620515 869.777974498 
49 28.9322549483 92.4065462618 878.66119879 
50 27.9934557513 85.1574914664 886.849052782 
51 27.1554395953 78.4512153462 894.393345058 
52 26.4057481545 72.2517652035 901.342486642 
53 25.7337115242 66.5246506324 907.741637843 
54 25.130150272 61.2369978329 913.632851895 
55 24.5871409621 56.3576297873 919.055229251 
56 24.0978193544 51.8571092769 924.045071369 
57 23.6562185295 47.7077375881 928.636043882 
58 23.2571310178 43.8835337263 932.859335256 
59 22.8960056044 40.3601776555 936.74381674 
60 22.5688486601 37.1149602878 940.316191052 
61 22.2721414825 34.1267252231 943.601133294 
62 22.002781242 31.3757822956 946.621436462 
63 21.7580210608 28.8438379406 949.398140999 
64 21.5354250321 26.5139135759 951.950661392 
65 21.3328272425 24.370269142 954.296903616 
66 21.1482974465 22.3983270939 956.45337546 
67 20.9801128659 20.5845978574 958.435289277 
68 20.8267313495 18.9166077841 960.256660866 
69 20.6867715087 17.3828293067 961.930399185 
70 20.5589921641 15.9726169223 963.468390914 
71 20.4422777964 14.6761439546 964.881578249 
72 20.3356217474 13.4843448169 966.180033436 
73 20.2381190525 12.3888578278 967.37302312 
74 20.1489526784 11.3819742979 968.469073024 
75 20.0673798357 10.4565917278 969.476028437 
76 19.9927320324 9.60616638875 970.401101579 
77 19.9244005673 8.82467080147 971.250928631 
78 19.8618346292 8.10655558534 972.031609785 
79 19.8045343413 7.44671204194 972.748753617 
80 19.7520438986 6.84043743219 973.407518669 
81 19.7039503953 6.28340568394 974.012643921 
82 19.6598766704 5.77163506538 974.568488264 
83 19.6194798243 5.30146390959 975.079056266 
84 19.5824474101 4.8695243295 975.54802826 
85 19.5484938641 4.47271787049 975.978788265 
86 19.5173593535 4.10819700764 976.374443639 
87 19.4888060425 3.77334202792 976.73785193 
88 19.462617013 3.46574546405 977.071637523 
89 19.4385940735 3.18319419707 977.378211729 
90 19.4165557778 2.92365307519 977.659791147 
91 19.3963365519 2.68525286055 977.918410588 
92 19.3777846185 2.46627429835 978.155941083 
93 19.3607612564 2.26513814657 978.374100597 
94 19.3451394904 2.08039312682 978.574467383 
95 19.3308029369 1.91070505199 978.758492011 
96 19.3176451898 1.7548489386 978.927505872 
97 19.3055686156 1.61169829953 979.082733085 
98 19.2944838551 1.48021871004 979.225297435 
99 19.2843090172 1.35945974544 979.356231237 
100 19.2749689806 1.24854782171 979.476483198 
