Time S I R
0  997 3 0
1 992.232512695 7.43825462957 0.329232674945 
2 980.554156233 18.3033969645 1.14244680203 
3 952.652860561 44.2219133378 3.12522610144 
4 889.78844043 102.397357034 7.81420253603 
5 765.075584034 216.738019416 18.1863965501 
6 569.925795651 391.661937733 38.412266616 
7 353.928280139 574.936609755 71.1351101061 
8 188.495239376 697.096126256 114.408634368 
9 92.5136529916 744.192650097 163.293696912 
10 44.5270429021 741.951944239 213.521012859 
11 21.7686170327 715.556909459 262.674473509 
12 10.9826775567 679.351537989 309.665784455 
13 5.75166535707 640.154454361 354.093880282 
14 3.13057754916 600.996099157 395.873323294 
15 1.76964206996 563.173687229 435.056670701 
16 1.03719041131 527.208585087 471.754224502 
17 0.629145345856 493.272746571 506.098108083 
18 0.394101673889 461.379912061 538.225986265 
19 0.254459657811 431.471815474 568.273724868 
20 0.169047911789 403.458896855 596.372055233 
21 0.115281953535 377.239530417 622.645187629 
22 0.0806086154482 352.709019051 647.210372333 
23 0.0576929317253 329.764472049 670.17783502 
24 0.0421735404345 308.306816598 691.651009862 
25 0.0314849631566 288.241712056 711.726802981 
26 0.0239596736673 269.480095842 730.495944485 
27 0.0185557155952 251.938098895 748.04334539 
28 0.0146126455379 235.536939687 764.448447667 
29 0.0116894832244 220.202790139 779.785520378 
30 0.00948784172147 205.866455801 794.124056357 
31 0.00780590062504 192.463113408 807.529080691 
32 0.00650209174069 179.932112451 820.061385457 
33 0.00548027450895 168.216724457 831.777795268 
34 0.00467169240642 157.264016915 842.731311393 
35 0.0040246465187 147.024373441 852.971601912 
36 0.00350081055967 137.451363084 862.545136105 
37 0.00307295719108 128.501614053 871.49531299 
38 0.00272033854731 120.134550225 879.862729436 
39 0.00242744633408 112.312204606 887.685367948 
40 0.00218268497542 104.999166711 894.998650604 
41 0.00197703970616 98.162392487 901.835630473 
42 0.00180480189681 91.7708786276 908.22731657 
43 0.00165580177736 85.7954366915 914.202907507 
44 0.0015246191133 80.2089235548 919.789551826 
45 0.00141239618745 74.9862031563 925.012384447 
46 0.00131623635116 70.1035981202 929.895085643 
47 0.00123174955002 65.5388897428 934.459878508 
48 0.00115745121138 61.2713960801 938.727446469 
49 0.00109209255481 57.2817699743 942.717137933 
50 0.00103434264042 53.5519224388 946.447043219 
51 0.000983171976031 50.064940056 949.934076772 
52 0.000937620782679 46.8050068495 953.19405553 
53 0.00089692009351 43.7573386142 956.241764466 
54 0.000860472192926 40.9081150491 959.091024479 
55 0.000827743484024 38.2444196908 961.754752566 
56 0.000798272888119 35.7541658521 964.245035875 
57 0.000771673221266 33.4260614011 966.573166926 
58 0.000747609013388 31.2495498884 968.749702503 
59 0.000725786979388 29.2147573534 970.78451686 
60 0.000705963753489 27.3124610781 972.686832958 
61 0.000687919814936 25.5340280021 974.465284078 
62 0.000671469382837 23.8713987993 976.127929731 
63 0.00065644505537 22.3170277809 977.682315774 
64 0.00064270362077 20.8638699839 979.135487312 
65 0.000630116985349 19.5053325038 980.494037379 
66 0.000618572825601 18.2352551374 981.76412629 
67 0.000607971848012 17.0478783786 982.95151365 
68 0.000598225124463 15.9378152538 984.061586521 
69 0.000589254447618 14.9000338017 985.099376944 
70 0.000580989388254 13.9298252296 986.069593781 
71 0.000573366459435 13.0227878117 986.976638822 
72 0.000566330127072 12.1748111991 987.824622471 
73 0.000559831019928 11.3820540143 988.617386155 
74 0.000553822214897 10.6409160501 989.358530128 
75 0.000548263286078 9.94803792128 990.051413815 
76 0.000543116927361 9.30027645841 990.699180425 
77 0.000538349322483 8.69469323963 991.304768411 
78 0.000533930108531 8.1285423937 991.870923676 
79 0.000529831424842 7.59925567868 992.40021449 
80 0.000526028106378 7.10443342153 992.89504055 
81 0.000522497149404 6.64183154043 993.357645962 
82 0.000519217529813 6.20935167317 993.790129109 
83 0.000516170108085 5.80503256484 994.194451265 
84 0.000513337281973 5.42704026177 994.572446401 
85 0.000510702980023 5.07366077296 994.925828524 
86 0.000508252416125 4.74329115029 995.256200597 
87 0.000505971989469 4.43443257918 995.565061449 
88 0.00050384930239 4.14568524377 995.853810907 
89 0.000501872970062 3.87574076968 996.123757357 
90 0.000500032312402 3.62337330746 996.37612666 
91 0.000498317596339 3.38743843385 996.612063249 
92 0.000496719887565 3.16686695462 996.832636325 
93 0.000495230840897 2.96065772422 997.038847045 
94 0.000493842770197 2.76787528683 997.23163087 
95 0.00049254861608 2.5876460562 997.411861395 
96 0.000491341811312 2.41915258134 997.580356077 
97 0.00049021624784 2.26163008984 997.737879694 
98 0.000489166306238 2.11436460829 997.885146225 
99 0.000488186781581 1.97668877421 998.022823039 
100 0.000487272805117 1.84797743707 998.15153529 
