Time S I R
0  997 3 0
1 995.474923509 4.45280778624 0.0722687046051 
2 993.216479343 6.60402755798 0.179493098726 
3 989.878298366 9.78327398963 0.338427644684 
4 984.957861251 14.4684635814 0.573675167467 
5 977.734831904 21.344019816 0.921148280158 
6 967.195159838 31.3720336855 1.43280647681 
7 951.949853722 45.8672894861 2.18285679183 
8 930.17458933 66.5501389655 3.27527170412 
9 899.626218092 95.5220730932 4.85170881494 
10 857.832524643 135.070026956 7.09744840004 
11 802.573250729 187.185879808 10.2408694629 
12 732.712768743 252.74711067 14.5401205869 
13 649.220840628 330.527707944 20.2514514289 
14 555.865119414 416.554417163 27.5804634229 
15 458.904725338 504.465667986 36.6296066757 
16 365.564550053 587.070547494 47.3649024529 
17 281.983760372 658.396267271 59.6199723566 
18 211.781521335 715.082996897 73.1354817679 
19 155.844436845 756.541563336 87.6139998188 
20 113.053361255 784.17883001 102.767808735 
21 81.2745235725 800.377529294 118.347947134 
22 58.1484930557 807.696493952 134.155012992 
23 41.5364093077 808.425869312 150.037721381 
24 29.6918891925 804.422521387 165.88558942 
25 21.2758817994 797.103857671 181.620260529 
26 15.2995294483 787.513066129 197.187404423 
27 11.04964416 776.40018544 212.5501704 
28 8.0190546723 764.296763088 227.684182239 
29 5.84989082605 751.576244144 242.57386503 
30 4.29053721229 738.499642614 257.209820174 
31 3.16413349192 725.248926466 271.586940043 
32 2.34637139979 711.950507027 285.703121573 
33 1.74960281761 698.692054564 299.558342618 
34 1.31180522895 685.534174466 313.154020305 
35 0.988926965601 672.518507809 326.492565225 
36 0.749541302176 659.673391191 339.577067506 
37 0.571125457461 647.017797864 352.411076678 
38 0.437455365389 634.564098577 364.998446057 
39 0.336802540752 622.319973334 377.343224126 
40 0.260629381217 610.289795442 389.449575177 
41 0.202633082881 598.475645588 401.32172133 
42 0.158325264846 586.877757927 412.963916808 
43 0.124311460648 575.495285653 424.380402887 
44 0.0980680775331 564.326537439 435.575394483 
45 0.0777181255016 553.369214675 446.553067199 
46 0.0618627038084 542.620589108 457.317548188 
47 0.0494441256743 532.077648187 467.872907687 
48 0.0397205058248 521.737121715 478.223157779 
49 0.0320481573693 511.595711972 488.37223987 
50 0.0259650172427 501.65000353 498.324031453 
51 0.0211205740484 491.896536916 508.082342509 
52 0.0172427058981 482.331841728 517.650915566 
53 0.0141351371637 472.952436585 527.033428278 
54 0.0116350353135 463.754887037 536.233477927 
55 0.00961669272704 454.735789117 545.25459419 
56 0.00798303536203 445.891772905 554.10024406 
57 0.00664912982245 437.219476304 562.773874566 
58 0.00556326126457 428.715664491 571.278772248 
59 0.00466430217489 420.377066656 579.618269041 
60 0.0039196729731 412.200526032 587.795554295 
61 0.0033057935558 404.182921678 595.813772528 
62 0.00279629702425 396.321165395 603.676038308 
63 0.00237241309173 388.612245681 611.385381906 
64 0.00201977586255 381.05320053 618.944779695 
65 0.00172155460712 373.641123815 626.357154631 
66 0.00146650453689 366.373167861 633.625365634 
67 0.00124874890912 359.246536981 640.75221427 
68 0.00106857413437 352.25851195 647.740419476 
69 0.00091874741986 345.40638924 654.592692013 
70 0.000789636776062 338.687503763 661.3117066 
71 0.000681430796817 332.099283137 667.900035432 
72 0.000597304376925 325.639217333 674.360185362 
73 0.000536938928917 319.304831046 680.694632015 
74 0.000488107356205 313.093647807 686.905864086 
75 0.00044663787321 307.003275118 692.996278244 
76 0.000408845980701 301.031372178 698.968218976 
77 0.000371691753571 295.175644185 704.823984123 
78 0.000335699922857 289.433819331 710.565844969 
79 0.000300916616879 283.80368065 716.196018433 
80 0.000267720567535 278.283059632 721.716672647 
81 0.000237833758092 272.869839724 727.129922443 
82 0.000209033835745 267.561905233 732.437885733 
83 0.000183171227263 262.357218804 737.642598025 
84 0.000160989811206 257.253771363 742.746067647 
85 0.000143737580288 252.249597688 747.750258574 
86 0.000131352408516 247.342765864 752.657102784 
87 0.000122425344216 242.531376749 757.468500826 
88 0.000116410011515 237.813576065 762.186307525 
89 0.000112252353347 233.18754636 766.812341387 
90 0.000108242190663 228.651505839 771.348385918 
91 0.000102161359109 224.203707138 775.796190701 
92 9.58129630817e-05 219.842435196 780.157468991 
93 9.00648740298e-05 215.566007085 784.43390285 
94 8.46352240842e-05 211.372770857 788.627144508 
95 7.91306375731e-05 207.261104134 792.738816735 
96 7.30172512249e-05 203.229412923 796.77051406 
97 6.59738147988e-05 199.276136109 800.723797917 
98 5.88854304624e-05 195.399759481 804.600181634 
99 5.20371369248e-05 191.598788103 808.401159859 
100 4.57166065644e-05 187.871754523 812.128199761 
