Time S I R
0.0  10000 1 0
1 9998.70977372 2.16361979177 0.126606486437 
2 9995.91902352 4.68046517592 0.400511307243 
3 9989.88566505 10.1214038326 0.992931114703 
4 9976.85617355 21.8702985225 2.27352792715 
5 9948.78363607 47.1780481235 5.03831580872 
6 9888.60333437 101.40497165 10.9916939817 
7 9760.96978426 216.291458024 23.7387577179 
8 9496.33113284 453.96031919 50.7085479735 
9 8972.43728256 922.172275508 106.390441933 
10 8023.99714035 1760.99102321 216.011836438 
11 6554.34857312 3032.13297129 414.518455588 
12 4743.74953056 4525.50542316 731.745046275 
13 3040.99866087 5791.96959651 1168.03174262 
14 1787.98089706 6523.86807463 1689.15102831 
15 1010.42507874 6741.42960364 2249.14531762 
16 569.424981162 6619.70596317 2811.86905567 
17 327.068123508 6318.02313509 3355.9087414 
18 193.534939679 5936.70761773 3870.75744259 
19 118.478166387 5530.25742348 4352.26441013 
20 75.0993320057 5126.2870216 4799.6136464 
21 49.2470110671 4738.11042317 5213.64256576 
22 33.355358445 4371.68126437 5595.96337719 
23 23.2877586346 4029.19952065 5948.51272071 
24 16.7253946704 3710.95168366 6273.32292167 
25 12.3313877353 3416.263507 6572.40510527 
26 9.31483654477 3143.99328241 6847.69188104 
27 7.19548962247 2892.79445436 7101.01005602 
28 5.67435453511 2661.25571911 7334.06992636 
29 4.56097765548 2447.97571463 7548.46330771 
30 3.73065919274 2251.6031776 7745.66616321 
31 3.10110701382 2070.85494427 7927.04394872 
32 2.61633215957 1904.52615206 8093.85751578 
33 2.23767046375 1751.49242382 8247.26990572 
34 1.93806791694 1610.70876137 8388.35317071 
35 1.69828163753 1481.20661798 8518.09510038 
36 1.50366378721 1362.09145641 8637.40487981 
37 1.34435115623 1252.53612265 8747.1195262 
38 1.21297239592 1151.77863862 8848.00838898 
39 1.10351676683 1059.11539037 8940.78109286 
40 1.01159944148 973.898748092 9026.08965247 
41 0.933847653094 895.532108591 9104.53404376 
42 0.867644102655 823.466298611 9176.66605729 
43 0.810923941055 757.195938949 9242.99313711 
44 0.76204759452 696.255709908 9303.9822425 
45 0.719719014869 640.217634022 9360.06264696 
46 0.682883912381 588.688111309 9411.62900478 
47 0.650697659252 541.304827993 9459.04447435 
48 0.622408936522 497.733403824 9502.64418724 
49 0.59748974333 457.668277275 9542.73423298 
50 0.575462704823 420.827472619 9579.59706468 
51 0.555922981106 386.951487414 9613.4925896 
52 0.538542401235 355.801896355 9644.65956124 
53 0.523041013832 327.159392781 9673.31756621 
54 0.509181658505 300.822280962 9699.66853738 
55 0.496762215456 276.605050884 9723.8981869 
56 0.485610088976 254.337136164 9746.17725375 
57 0.475576995994 233.861691637 9766.66273137 
58 0.466534192301 215.034411819 9785.49905399 
59 0.458370600616 197.722659338 9802.81897006 
60 0.450990911006 181.804538347 9818.74447074 
61 0.444310093229 167.167838147 9833.38785176 
62 0.438254735107 153.709439114 9846.85230615 
63 0.43275971826 141.334480098 9859.23276018 
64 0.427767944509 129.955751971 9870.61648008 
65 0.423228885382 119.493067887 9881.08370323 
66 0.419097782536 109.872691766 9890.70821045 
67 0.415334876858 101.026817392 9899.55784773 
68 0.41190473903 92.8930954171 9907.69499984 
69 0.408775764254 85.4141985974 9915.17702564 
70 0.40591959638 78.5373982048 9922.0566822 
