Time S I R
0  997 3 0
1 996.583990109 3.20051645486 0.215493436172 
2 996.140377716 3.41423814672 0.445384136809 
3 995.667374924 3.64200662846 0.690618447875 
4 995.163082185 3.88471404762 0.952203767156 
5 994.625482931 4.14330529423 1.23121177524 
6 994.052438819 4.41877980809 1.52878137274 
7 993.441683068 4.71219420482 1.84612272693 
8 992.790812778 5.02466524475 2.1845219776 
9 992.097282569 5.35737216367 2.54534526717 
10 991.358401604 5.71155776601 2.93004062967 
11 990.571319812 6.08853318747 3.34014700036 
12 989.733021681 6.48968027996 3.77729803932 
13 988.840324467 6.91645134324 4.24322418944 
14 987.889867214 7.3703732068 4.73975957883 
15 986.878104301 7.853048288 5.26884741114 
16 985.801298412 8.36615687707 5.83254471123 
17 984.655513778 8.91145787264 6.43302834959 
18 983.43660923 9.49079056181 7.0726002078 
19 982.140232874 10.1060742679 7.75369285764 
20 980.761815643 10.7593092227 8.47887513401 
21 979.296567989 11.452574333 9.25085767801 
22 977.739473595 12.1880278933 10.0724985114 
23 976.085282649 12.9679088934 10.9468084577 
24 974.328520291 13.7945236925 11.8769560162 
25 972.463476091 14.6702507522 12.8662731571 
26 970.484200842 15.5975387868 13.918260371 
27 968.384528177 16.5788840166 15.0365878065 
28 966.15805724 17.6168396452 16.2251031149 
29 963.798160855 18.7140048869 17.4878342585 
30 961.29802077 19.8729933526 18.8289858772 
31 958.650601942 21.096447859 20.2529501988 
32 955.848681664 22.3870145725 21.764303764 
33 952.884895663 23.7473054348 23.367798902 
34 949.7517059 25.1799159318 25.0683781685 
35 946.44146217 26.6873782951 26.8711595345 
36 942.946447952 28.2721256824 28.7814263659 
37 939.258852918 29.93650491 30.8046421718 
38 935.370875193 31.6827062737 32.9464185337 
39 931.274752035 33.5127382307 35.2125097346 
40 926.962755801 35.4284236516 37.6088205473 
41 922.427332991 37.4313126498 40.1413543597 
42 917.661115075 39.5226683079 42.8162166167 
43 912.65695064 41.7034411706 45.6396081897 
44 907.408069396 43.9741768284 48.617753776 
45 901.90807729 46.3350065929 51.7569161167 
46 896.151030861 48.7856019649 55.0633671744 
47 890.131603101 51.325094751 58.543302148 
48 883.845079578 53.9520588681 62.202861554 
49 877.287465882 56.6644592189 66.0480748991 
50 870.455626972 59.4596015084 70.0847715198 
51 863.347310806 62.3340882937 74.3186009007 
52 855.961255961 65.2837937528 78.7549502863 
53 848.297287243 68.3038461591 83.3988665977 
54 840.356388501 71.3885516204 88.2550598789 
55 832.140751312 74.5314405105 93.3278081778 
56 823.653845129 77.7252558903 98.6208989807 
57 814.900527054 80.9618697715 104.137603175 
58 805.886990134 84.2324138903 109.880595976 
59 796.620821542 87.5272767912 115.851901666 
60 787.111047588 90.8361006762 122.052851736 
61 777.368065791 94.1478906231 128.484043585 
62 767.403727855 97.4509952638 135.145276881 
63 757.231153181 100.733309236 142.035537583 
64 746.864809222 103.982254407 149.152936371 
65 736.320344801 107.184945331 156.494709868 
66 725.614514915 110.328293184 164.057191901 
67 714.765132344 113.399083 171.835784656 
68 703.79081351 116.384182274 179.825004216 
69 692.710999533 119.270582453 188.018418014 
70 681.545662606 122.045599852 196.408737542 
71 670.315247053 124.696973787 204.98777916 
72 659.040461709 127.212996177 213.746542114 
73 647.742111385 129.582646066 222.675242548 
74 636.440992543 131.795708967 231.76329849 
75 625.15764352 133.842833428 240.999523051 
76 613.912226391 135.71569183 250.372081779 
77 602.724386365 137.40704072 259.868572914 
78 591.613132772 138.910681312 269.476185915 
79 580.596637238 140.221690549 279.181672213 
80 569.692215541 141.3362876 288.971496859 
81 558.916203021 142.251877678 298.831919301 
82 548.283777838 142.967183812 308.749038349 
83 537.809097906 143.481985376 318.708916718 
84 527.505068715 143.797286287 328.697644998 
85 517.383343879 143.915237524 338.701418597 
86 507.454467873 143.838921666 348.70661046 
87 497.727627202 143.572509129 358.699863668 
88 488.210833316 143.121039557 368.668127127 
89 478.910941215 142.490336365 378.59872242 
90 469.833591621 141.686980451 388.479427928 
91 460.983295601 140.718216219 398.29848818 
92 452.363520828 139.591818474 408.044660698 
93 443.976806053 138.315923987 417.70726996 
94 435.824680468 136.899099015 427.276220517 
95 427.907725897 135.350256999 436.742017104 
96 420.225726381 133.678487648 446.095785971 
97 412.777745544 131.892954608 455.329299848 
98 405.562181774 130.002844971 464.434973254 
99 398.576795804 128.017346424 473.405857771 
100 391.818788163 125.945575344 482.235636493 
