Time S I R
0.0  10000 1 0
1 9999.21982248 1.23900181683 0.541175699446 
2 9998.25329605 1.53503173504 1.21167221363 
3 9997.05601354 1.90164825894 2.04233820362 
4 9995.57305234 2.35560373306 3.07134392431 
5 9993.73649192 2.91758931064 4.34591877112 
6 9991.46240672 3.6131323889 5.92446089602 
7 9988.64714033 4.47370095508 7.87915871968 
8 9985.16284407 5.53801540546 10.2991405264 
9 9980.85188662 6.85367297879 13.2944404016 
10 9975.52024379 8.47904252495 17.0007136838 
11 9968.92949538 10.4855157352 21.5849888843 
12 9960.78723426 12.9601411154 27.2526246286 
13 9950.73574164 16.0086334735 34.2556248898 
14 9938.33878267 19.7587273671 42.9024899672 
15 9923.0664407 24.3637895529 53.5697697486 
16 9904.27811357 30.0064784367 66.7154079947 
17 9881.20409487 36.9021264344 82.8937786965 
18 9852.92654028 45.3012481485 102.772211574 
19 9818.36133701 55.4903208739 127.148342114 
20 9776.24326138 67.7895610687 156.967177548 
21 9725.1180225 82.5459645261 193.336012975 
22 9663.34623157 100.11938984 237.534378594 
23 9589.12585463 120.859110174 291.015035198 
24 9500.54101841 145.068236959 355.390744627 
25 9395.64542545 172.954146627 432.400427923 
26 9272.58723004 204.564967791 523.847802166 
27 9129.77786413 239.715626519 631.506509355 
28 8966.09936558 277.912216345 756.988418078 
29 8781.13283181 318.289587636 901.577580558 
30 8575.37581569 359.582783326 1066.04140099 
31 8350.40603741 400.153412812 1250.44054978 
32 8108.94540498 438.086691314 1453.96790371 
33 7854.78577908 471.360895108 1674.85332581 
34 7592.56676187 498.069457305 1910.36378083 
35 7327.42676395 516.656213081 2156.91702297 
36 7064.5838876 526.113877407 2410.30223499 
37 6808.91965244 526.101505005 2665.97884255 
38 6564.6350476 516.957684168 2919.40726823 
39 6335.02494016 499.613731065 3166.36132877 
40 6122.38593087 475.434706053 3403.17936308 
41 5928.04273959 446.028452347 3626.92880807 
42 5752.46057569 413.061095518 3835.47832879 
43 5595.40564589 378.106460967 4027.48789314 
44 5456.12062671 342.542523794 4202.3368495 
45 5333.49057416 307.495700193 4360.01372565 
46 5226.18585426 273.825535256 4500.98861048 
47 5132.77573017 242.138301994 4626.08596783 
48 5051.81259529 212.817807559 4736.36959715 
49 4981.89207637 186.064569707 4833.04335393 
50 4921.69103171 161.936965339 4917.37200295 
51 4869.98958073 140.388427768 4990.6219915 
52 4825.68175378 121.300002689 5054.01824353 
53 4787.77745116 104.506611044 5108.7159378 
54 4755.39950252 89.8175847938 5155.78291268 
55 4727.77630558 77.0316772777 5196.19201715 
56 4704.23420883 65.9480020874 5230.81778909 
57 4684.18771195 56.3731826785 5260.43910537 
58 4667.13062955 48.1262126792 5285.74315777 
59 4652.62592898 41.0404350026 5307.33363602 
60 4640.29819918 34.9651630086 5325.73663781 
61 4629.82531581 29.7655326581 5341.40915153 
62 4620.931455 25.3220012608 5354.74654374 
63 4613.38093575 21.5294635466 5366.08960071 
64 4606.97254039 18.2960314111 5375.7314282 
65 4601.53471427 15.541786038 5383.9234997 
66 4596.92133502 13.1975264017 5390.88113858 
67 4593.00803571 11.2035326649 5396.78843163 
68 4589.68902357 9.50840719966 5401.80256923 
69 4586.87436946 8.06803047604 5406.05760007 
70 4584.48766356 6.84460639123 5409.66773004 
