Time S I R
0  997 3 0
1 995.532159145 4.17987262091 0.287968234527 
2 993.491373036 5.81958096929 0.689045994624 
3 990.658391029 8.09442625588 1.24718271548 
4 986.734161384 11.2428857933 2.0229528223 
5 981.314506339 15.5860560132 3.09943764738 
6 973.860261338 21.5499410401 4.5897976214 
7 963.665322677 29.6879847352 6.64669258761 
8 949.829018837 40.6976422331 9.4733389297 
9 931.245501057 55.4192064466 13.3352924959 
10 906.631739526 74.7974659432 18.5707945307 
11 874.624748779 99.779626829 25.5956243919 
12 833.980496729 131.123312584 34.8961906873 
13 783.888423109 169.108449991 47.0031268998 
14 724.362287004 213.198788589 62.4389244067 
15 656.585036775 261.774943674 81.6400195512 
16 583.019101252 312.114813596 104.866085152 
17 507.130293935 360.747288944 132.122417121 
18 432.744648692 404.130081794 163.125269513 
19 363.275225547 439.397780805 197.326993648 
20 301.135501665 464.870613171 233.993885165 
21 247.528348849 480.162404624 272.309246527 
22 202.585746055 485.943995309 311.470258635 
23 165.695833846 483.546254892 350.757911263 
24 135.850589894 474.575059857 389.574350249 
25 111.916853352 460.630191381 427.452955266 
26 92.8061010202 443.143333028 464.050565951 
27 77.5585618505 423.310933582 499.130504567 
28 65.3713943713 402.085533367 532.543072262 
29 55.5945398621 380.198937394 564.206522744 
30 47.7122830827 358.197155313 594.090561604 
31 41.3204488188 336.476740403 622.202810778 
32 36.1043532091 315.317592157 648.578054634 
33 31.8195682808 294.91046508 673.269966639 
34 28.2762560935 275.378929729 696.344814177 
35 25.3266568295 256.796600546 717.876742624 
36 22.8553374752 239.200375667 737.944286858 
37 20.7717290311 222.600441166 756.627829803 
38 19.0044062135 206.987831019 774.007762767 
39 17.4967291441 192.340101108 790.163169748 
40 16.2035266392 178.625552136 805.170921224 
41 15.0885610187 165.806383023 819.105055959 
42 14.1225899409 153.841023156 832.036386903 
43 13.2818652771 142.685869571 844.032265152 
44 12.5470238449 132.296491968 855.156484187 
45 11.902150627 122.62861604 865.469233333 
46 11.3341124128 113.638741112 875.027146475 
47 10.8320042016 105.284612069 883.883383729 
48 10.3867231866 97.5255305697 892.087746244 
49 9.99063986269 90.3225468179 899.686813319 
50 9.63732344073 83.6385924433 906.724084116 
51 9.32132599994 77.4385377849 913.240136215 
52 9.03801567061 71.6892009878 919.272783342 
53 8.78343339188 66.3593359038 924.857230704 
54 8.55418128824 61.4195875219 930.02623119 
55 8.34734370275 56.8424165328 934.810239764 
56 8.16038535844 52.6020657586 939.237548883 
57 7.99111337554 48.6744498928 943.334436732 
58 7.83761470254 45.0370886116 947.125296686 
59 7.69821875899 41.6690161475 950.632765094 
60 7.57146030691 38.5506996458 953.877840047 
61 7.45605003511 35.6639564173 956.879993548 
62 7.35085186587 32.9918713305 959.657276804 
63 7.25485931998 30.518719401 962.226421279 
64 7.16718116642 28.2298877524 964.602931081 
65 7.087023469 26.1118063381 966.801170193 
66 7.01367912013 24.1518770261 968.834443854 
67 6.94651455086 22.3384097664 970.715075683 
68 6.8849675656 20.6605576609 972.454474774 
69 6.82853027426 19.1082627661 974.06320696 
70 6.77674478658 17.6722009661 975.551054247 
71 6.72920255401 16.3437288703 976.927068576 
72 6.68553095101 15.114836347 978.199632702 
73 6.6453956874 13.9781025038 979.376501809 
74 6.6084942165 12.9266526013 980.464853182 
75 6.57455069434 11.954118338 981.471330968 
76 6.54331670319 11.0546038123 982.402079485 
77 6.514565158 10.2226480055 983.262786836 
78 6.48808987686 9.45319583957 984.058714284 
79 6.46370357842 8.74156850792 984.794727914 
80 6.44123454436 8.08343285374 985.475332602 
81 6.420526864 7.47478045511 986.104692681 
82 6.40143776279 6.91190041384 986.686661823 
83 6.38383662123 6.39135848477 987.224804894 
84 6.36760429615 5.90997821047 987.722417493 
85 6.35263124203 5.46481846602 988.182550292 
86 6.33881738014 5.05315955855 988.608023061 
87 6.32607094999 4.67248521235 989.001443838 
88 6.31430753408 4.32046622331 989.365226243 
89 6.30344989565 3.99494950296 989.701600601 
90 6.29342693359 3.69394211699 990.012630949 
91 6.28417334277 3.41560084818 990.300225809 
92 6.27562918895 3.15822156752 990.566149244 
93 6.26773919464 2.92022663138 990.812034174 
94 6.26045261142 2.70015790662 991.039389482 
95 6.25372271171 2.49666652381 991.249610764 
96 6.24750642044 2.30850437884 991.443989201 
97 6.24176414617 2.1345180729 991.623717781 
98 6.23645935043 1.97364008707 991.789900562 
99 6.23155838413 1.82488345404 991.943558162 
100 6.22703026023 1.68733579911 992.085633941 
