Time S I R
0.0  10000 1 0
1 9996.91199648 3.97812931078 0.109874211551 
2 9984.6428378 15.8104036271 0.546758569194 
3 9936.12139839 62.5987992015 2.27980241094 
4 9747.70199309 244.207205373 9.09080154163 
5 9064.85216443 901.21955823 34.9282773441 
6 7098.81503448 2780.28320281 121.901762707 
7 3848.0418575 5813.20472265 339.753419853 
8 1412.17208277 7892.45416353 696.373753699 
9 432.543701295 8451.15152772 1117.30477098 
10 129.585053057 8325.29915547 1546.11579148 
11 40.2289496056 7998.49983409 1962.2712163 
12 13.1403666817 7627.53213457 2360.32749874 
13 4.52705562126 7257.06517561 2739.40776877 
14 1.64280971175 6899.43859876 3099.91859153 
15 0.62692594092 6557.76040283 3442.61267123 
16 0.251700369561 6232.43002901 3768.31827062 
17 0.10523209617 5923.03537988 4077.85938802 
18 0.0459623868155 5628.92236065 4372.03167696 
19 0.0209009123173 5349.3833851 4651.59571399 
20 0.00990116719368 5083.71408045 4917.27601839 
21 0.0048456525401 4831.23367664 5169.76147771 
22 0.00228389244148 4591.29038301 5409.7073331 
23 0.00113655344467 4363.26182779 5637.73703566 
24 0.00100757185101 4146.55773609 5854.44125634 
25 0.00112810508654 3940.61627807 6060.38259383 
26 0.000925958511289 3744.90337901 6256.09569503 
27 0.000415945994973 3558.91062155 6442.0889625 
28 0.000123102534417 3382.15598564 6618.84389126 
29 0.000109998651169 3214.17979846 6786.82009154 
30 7.37724603823e-05 3054.54642237 6946.45350385 
31 4.36280206486e-05 2902.84130694 7098.15864943 
32 3.32460585923e-05 2758.6701214 7242.32984535 
33 2.56393959717e-05 2621.65888966 7379.3410847 
34 1.66015706782e-05 2491.45225777 7509.54772562 
35 1.1176787666e-05 2367.71285076 7633.28713806 
36 8.02497561381e-06 2250.11903633 7750.88095565 
37 5.83628207096e-06 2138.36557883 7862.63441533 
38 4.17902811023e-06 2032.16239436 7968.83760146 
39 2.46446506935e-06 1931.23341269 8069.76658485 
40 0 1835.31640603 8165.68359397 
41 0 1744.16320282 8256.83679718 
42 0 1657.53824052 8343.46175948 
43 0 1575.21693126 8425.78306874 
44 0 1496.98522983 8504.01477017 
45 0 1422.63869056 8578.36130944 
46 0 1351.98261016 8649.01738984 
47 0 1284.83568466 8716.16431534 
48 0 1221.0236092 8779.9763908 
49 0 1160.38079571 8840.61920429 
50 0 1102.74984158 8898.25015842 
51 0 1047.98116081 8953.01883919 
52 0 995.932596845 9005.06740315 
53 0 946.469053602 9054.5309464 
54 0 899.46214459 9101.53785541 
55 0 854.789866827 9146.21013317 
56 0 812.33629501 9188.66370499 
57 0 771.991226581 9229.00877342 
58 0 733.649884268 9267.35011573 
59 0 697.212739161 9303.78726084 
60 0 662.585236879 9338.41476312 
61 0 629.677520048 9371.32247995 
62 0 598.404216697 9402.5957833 
63 0 568.684089603 9432.3159104 
64 0 540.440003515 9460.55999648 
65 0 513.598715159 9487.40128484 
66 0 488.090557253 9512.90944275 
67 0 463.849267539 9537.15073246 
68 0 440.811930932 9560.18806907 
69 0 418.918768096 9582.0812319 
70 0 398.11292975 9602.88707025 
