Time S I R
0.0  10000 1 0
1 9999.34064274 1.35470311054 0.304654146677 
2 9998.44750071 1.83513936885 0.717359921777 
3 9997.23777214 2.48581410315 1.27641375206 
4 9995.59941992 3.3669240916 2.03365598583 
5 9993.38088989 4.55985731959 3.05925279478 
6 9990.37730963 6.17455957911 4.44813079583 
7 9986.31198746 8.35938124743 6.32863128886 
8 9980.81153998 11.3142616088 8.87419840856 
9 9973.37296443 15.3080860856 12.3189494875 
10 9963.31993026 20.7015471632 16.9785225741 
11 9949.74554141 27.9767516066 23.277706983 
12 9931.43822433 37.7749481064 31.7868275654 
13 9906.78746702 50.9433812291 43.269151752 
14 9873.66706527 68.5912309565 58.7417037742 
15 9829.2960482 92.1523106333 79.5516411691 
16 9770.08321395 123.447605495 107.469180552 
17 9691.47174271 164.73293462 144.79532267 
18 9587.8184106 218.704311967 194.477277436 
19 9452.36925646 288.415745 260.214998541 
20 9277.42663453 377.045151852 346.52821362 
21 9054.83509071 487.430779944 458.73412935 
22 8776.91550222 621.317486804 602.767010977 
23 8437.9072294 778.328562095 784.764208508 
24 8035.79841994 954.837127953 1010.36445211 
25 7574.12914293 1143.13158327 1283.7392738 
26 7063.07528542 1331.41985152 1606.50486306 
27 6519.10470118 1505.10149422 1976.7938046 
28 5962.9104851 1649.26245846 2388.82705644 
29 5416.09775638 1751.67797184 2833.22427178 
30 4897.73226629 1805.22398558 3298.04374814 
31 4421.87899839 1808.84633551 3770.27466611 
32 3996.6982551 1766.93195278 4237.36979212 
33 3624.93883866 1687.60540721 4688.45575413 
34 3305.23758926 1580.7177141 5115.04469664 
35 3033.61626024 1456.13312703 5511.25061273 
36 2804.77543112 1322.59314241 5873.63142647 
37 2613.02958721 1187.15898242 6200.81143037 
38 2452.8877317 1055.09130155 6493.02096675 
39 2319.36054176 929.997961094 6751.64149715 
40 2208.08266058 814.108492226 6978.80884719 
41 2115.32592949 708.580187078 7177.09388343 
42 2037.95313616 613.785590579 7349.26127326 
43 1973.35039447 529.552872872 7498.09673266 
44 1919.35086043 455.357554274 7626.2915853 
45 1874.16296426 390.466352655 7736.37068309 
46 1836.30680725 334.041040795 7830.65215195 
47 1804.55957304 285.210417892 7911.23000906 
48 1777.90975391 243.118049066 7979.97219702 
49 1755.51935816 206.952000382 8038.52864146 
50 1736.69293945 175.961753145 8088.3453074 
51 1720.85230174 149.466274812 8130.68142345 
52 1707.51587011 126.856148408 8166.62798148 
53 1696.28186423 107.591882432 8197.12625334 
54 1686.81456943 91.1999061877 8222.98552438 
55 1678.83298738 77.26735404 8244.89965858 
56 1672.10169831 65.4361662335 8263.46213545 
57 1666.42320502 55.3972193166 8279.17957567 
58 1661.63166342 46.8845887639 8292.48374782 
59 1657.58768452 39.6701885495 8303.74212693 
60 1654.17403928 33.5588749737 8313.26708575 
61 1651.29201548 28.3839964318 8321.32398809 
62 1648.85850867 24.0035080203 8328.13798331 
63 1646.80349081 20.2964935069 8333.90001568 
64 1645.06793268 17.1601453117 8338.771922 
65 1643.60205737 14.5071392231 8342.89080341 
66 1642.36387663 12.2633623846 8346.37276099 
67 1641.31796299 10.3659580317 8349.31607898 
68 1640.43441815 8.76164733995 8351.80393451 
69 1639.68800525 7.40529206605 8353.90670268 
70 1639.05741837 6.25866596173 8355.68391567 
