Time S I R
0  997 3 0
1 996.05899431 3.63978935881 0.301216330931 
2 994.918669473 4.41471413923 0.666616387508 
3 993.537562811 5.35270458175 1.10973260704 
4 991.865944884 6.48717339031 1.64688172584 
5 989.844347501 7.85795062837 2.29770187085 
6 987.401862732 9.51234179732 3.08579547073 
7 984.454335635 11.5062180704 4.03944629444 
8 980.902376273 13.9051660424 5.19245768425 
9 976.629338977 16.7855737537 6.58508726906 
10 971.499376633 20.2355540816 8.26506928573 
11 965.355773522 24.3555106336 10.2887158446 
12 958.019859468 29.2581031267 12.722037405 
13 949.290908796 35.067268351 15.6418228535 
14 938.947563968 41.9158652736 19.1365707581 
15 926.751439604 49.9414355141 23.3071248823 
16 912.453647791 59.2795347966 28.2668174122 
17 895.804977602 70.0541466397 34.1408757587 
18 876.570293369 82.3648943985 41.0648122326 
19 854.547308615 96.2711842329 49.1815071516 
20 829.589184718 111.774078875 58.6367364069 
21 801.62939738 128.797596103 69.5730065171 
22 770.706127823 147.172112875 82.1217593022 
23 736.982385954 166.623321389 96.3942926564 
24 700.757358758 186.77058125 112.472059992 
25 662.464821446 207.13778676 130.397391794 
26 622.656746365 227.177450252 150.165803383 
27 581.971628293 246.30727608 171.721095628 
28 541.091551329 263.954294966 194.954153705 
29 500.693757781 279.600379006 219.705863212 
30 461.40409327 292.821939719 245.773967011 
31 423.759023648 303.317875336 272.923101016 
32 388.180835641 310.922539242 300.896625116 
33 354.967312765 315.603718694 329.428968541 
34 324.294609667 317.448196118 358.257194215 
35 296.230098446 316.639062934 387.130838621 
36 270.751229054 313.429286457 415.819484489 
37 247.766670209 308.115505983 444.117823808 
38 227.136880469 301.014289444 471.848830087 
39 208.692357629 292.443327234 498.864315137 
40 192.248347293 282.707142466 525.044510241 
41 177.61618952 272.087427284 550.296383196 
42 164.611386541 260.837344036 574.551269424 
43 153.058936678 249.178922352 597.76214097 
44 142.796474578 237.302787717 619.900737705 
45 133.675844441 225.36939129 640.954764269 
46 125.563566456 213.511195039 660.925238505 
47 118.340498257 201.835436413 679.82406533 
48 111.901011639 190.427098185 697.671890175 
49 106.152029794 179.351826256 714.49614395 
50 101.011700342 168.658798715 730.329500943 
51 96.4083111841 158.383234883 745.208453932 
52 92.2791095427 148.548742498 759.172147959 
53 88.5692151339 139.169362529 772.261422337 
54 85.2306569578 130.251302533 784.518040509 
55 82.2214838337 121.794486985 795.984029181 
56 79.5049776431 113.793855662 806.701166695 
57 77.0489708585 106.240443015 816.710586126 
58 74.8252539336 99.1222773044 826.052468762 
59 72.809042976 92.4251614736 834.76579555 
60 70.9785272086 86.1332985699 842.888174222 
61 69.3144846546 80.2297916395 850.455723706 
62 67.7999311564 74.6970865943 857.502982249 
63 66.4198785396 69.517209976 864.062911484 
64 65.1610076633 64.6722010853 870.166791251 
65 64.0115055224 60.1442099667 875.844284511 
66 62.960856044 55.9157040157 881.12343994 
67 61.9996853153 51.9695833579 886.030731327 
68 61.1196235374 48.2892726896 890.591103773 
69 60.3131815294 44.8588031149 894.828015356 
70 59.573646815 41.6628517992 898.763501386 
71 58.8949927345 38.6867722892 902.418234976 
72 58.2717978133 35.9166161725 905.811586014 
73 57.6991803343 33.3391307774 908.961688888 
74 57.1727335031 30.9417651442 911.885501353 
75 56.688475958 28.712653038 914.598871004 
76 56.2428049229 26.6405985115 917.116596566 
77 55.8324548075 24.7150580389 919.452487154 
78 55.4544632609 22.9261152529 921.619421486 
79 55.1061378395 21.2644591472 923.629403013 
80 54.7850301954 19.7213552493 925.493614555 
81 54.488909965 18.2886208116 927.222469223 
82 54.2157442754 16.9585963563 928.825659368 
83 53.9636774228 15.7241194091 930.312203168 
84 53.7310132793 14.578498605 931.690488116 
85 53.5162033524 13.5154830574 932.96831359 
86 53.317831822 12.5292395515 934.152928626 
87 53.1345989754 11.6143334085 935.251067616 
88 52.9653120114 10.7656927369 936.268995252 
89 52.8088812343 9.97859800768 937.212520758 
90 52.6643042501 9.24865296923 938.087042781 
91 52.5306570857 8.57176246384 938.89758045 
92 52.4070980855 7.94412295617 939.648778958 
93 52.2928469782 7.36218977656 940.344963245 
94 52.1871888127 6.82267102824 940.990140159 
95 52.0894664995 6.32250764483 941.588025856 
96 51.9990714498 5.85885169645 942.142076854 
97 51.9154471787 5.42906424423 942.655488577 
98 51.8380782154 5.03068910141 943.131232683 
99 51.7664889208 4.66144472043 943.572066359 
100 51.7002427192 4.31921688782 943.980540393 
