Time S I R
0  997 3 0
1 995.13647036 4.70639879746 0.157130842222 
2 992.221667897 7.37483711927 0.403494983759 
3 987.675521301 11.5352871919 0.789191506645 
4 980.61636797 17.9920067439 1.39162528638 
5 969.730233704 27.9405561351 2.32921016048 
6 953.119110797 43.1005406358 3.78034856706 
7 928.176895788 65.8156150524 6.00748915939 
8 891.614909716 99.0023143192 9.38277596453 
9 839.862681802 145.732442831 14.4048753673 
10 770.115526652 208.198079634 21.6863937137 
11 682.058331106 286.057080921 31.8845879738 
12 579.561227132 374.877331946 45.5614409222 
13 470.86279314 466.131155837 63.0060510224 
14 366.251215827 549.641134878 84.1076492943 
15 274.380057894 617.256372019 108.363570087 
16 199.761138082 665.218430113 135.020431806 
17 142.718025996 694.020620607 163.261353396 
18 100.940477115 706.709916682 192.349606203 
19 71.1729293407 707.130665833 221.696404826 
20 50.2880990212 698.842975685 250.868925294 
21 35.7325585241 684.699545202 279.567896274 
22 25.5934379744 666.809902978 307.596659048 
23 18.5051176446 646.662268274 334.832614082 
24 13.5183337612 625.277006152 361.204660087 
25 9.98179552557 603.341524186 386.676680289 
26 7.45098096761 581.313026007 411.235993025 
27 5.62241533792 559.492169158 434.885415504 
28 4.2881527991 538.073950618 457.637896583 
29 3.30492149313 517.182174372 479.512904135 
30 2.57315418249 496.892879528 500.53396629 
31 2.02325549028 477.249682701 520.727061808 
32 1.60612255047 458.274382074 540.119495375 
33 1.286818844 439.974030524 558.739150632 
34 1.0401479272 422.345879924 576.613972149 
35 0.847965872365 405.380375955 593.771658173 
36 0.696997880351 389.063591615 610.239410504 
37 0.577444809784 373.378771264 626.043783927 
38 0.482043627434 358.307353455 641.210602917 
39 0.405356838932 343.829744825 655.764898336 
40 0.343283224961 329.925840774 669.730876001 
41 0.292660072974 316.575441356 683.131898571 
42 0.251113970958 303.758385639 695.99050039 
43 0.216810357274 291.454805096 708.328384547 
44 0.188310757039 279.645253106 720.166436137 
45 0.164491781655 268.310765631 731.524742587 
46 0.144473682641 257.432907627 742.42261869 
47 0.127565348375 246.993811596 752.878623055 
48 0.113206551025 236.976201825 762.910591624 
49 0.100961326655 227.363381578 772.535657095 
50 0.0904517380566 218.139290856 781.770257406 
51 0.0813823696935 209.288414934 790.630202696 
52 0.0735341064006 200.795818919 799.130646975 
53 0.0667249057033 192.647143091 807.286132003 
54 0.0607808287216 184.828562855 815.110656317 
55 0.055583600409 177.326820286 822.617596113 
56 0.0510133953462 170.129133605 829.819852999 
57 0.0469846219119 163.223268597 836.729746781 
58 0.0434156768093 156.597419557 843.359164767 
59 0.0402465609272 150.24029014 849.719463299 
60 0.0374269476097 144.141032937 855.821540115 
61 0.0349092522138 138.289203258 861.67588749 
62 0.0326530026748 132.674792226 867.292554771 
63 0.0306267940471 127.2881963 872.681176906 
64 0.0288038389476 122.120190248 877.851005913 
65 0.0271533703121 117.16189657 882.81095006 
66 0.0256575658061 112.404827257 887.569515177 
67 0.0243002008451 107.840831842 892.134867957 
68 0.0230651977677 103.462080794 896.514854008 
69 0.0219397904942 99.261067051 900.716993158 
70 0.0209118207104 95.2305822615 904.748505918 
71 0.0199706856338 91.3637097971 908.616319517 
72 0.0191077647676 87.653815363 912.327076872 
73 0.0183148508467 84.0945290006 915.887156149 
74 0.0175849771388 80.679741083 919.30267394 
75 0.0169121454597 77.4035900353 922.579497819 
76 0.016290869858 74.2604497331 925.723259397 
77 0.0157166946419 71.2449326538 928.739350652 
78 0.0151853584725 68.3518620637 931.632952578 
79 0.0146928532731 65.5762658886 934.409041258 
80 0.0142354301323 62.9133685281 937.072396042 
81 0.0138095984386 60.3585817685 939.627608633 
82 0.013412186948 57.9075016402 942.079086173 
83 0.0130404995662 55.5559263517 944.431033149 
84 0.0126924038893 53.2998205405 946.687487056 
85 0.0123665527708 51.1353182847 948.852315163 
86 0.01206264601 49.058721991 950.929215363 
87 0.0117802123249 47.0664799181 952.92173987 
88 0.0115165431711 45.1551527139 954.833330743 
89 0.0112696033855 43.3214453634 956.667285033 
90 0.011036701757 41.5621838085 958.42677949 
91 0.0108167002713 39.8743440907 960.114839209 
92 0.0106092038512 38.2550348193 961.734355977 
93 0.0104137871734 36.7014804371 963.288105776 
94 0.0102304486446 35.2110237998 964.778745752 
95 0.0100578956091 33.781095648 966.208846456 
96 0.00989523275598 32.4092364508 967.580868316 
97 0.0097415852598 31.0930868341 968.897171581 
98 0.00959620670108 29.8303835362 970.160020257 
99 0.00945874192519 28.6189577682 971.37158349 
100 0.00932869222765 27.4567265689 972.533944739 
