Time S I R
0  997 3 0
1 994.092039415 5.58281737317 0.325143212088 
2 988.710655374 10.3599845835 0.929360042597 
3 978.827200727 19.1251174312 2.04768184192 
4 960.925213746 34.9724226751 4.10236357847 
5 929.298239302 62.8740871436 7.82767355452 
6 875.806994513 109.766234535 14.4267709515 
7 791.656513394 182.672060487 25.6714261189 
8 673.187504037 283.096772821 43.7157231417 
9 529.845563324 399.785980637 70.3684560388 
10 384.590053798 509.375831346 106.034114856 
11 260.883480826 589.881367187 149.235151988 
12 169.431692689 633.28766695 197.280640361 
13 108.000700373 644.592738563 247.406561064 
14 68.8744900708 633.64435775 297.481152179 
15 44.4891702592 609.381358449 346.129471291 
16 29.3120180374 578.113299578 392.574682385 
17 19.7657834714 543.797389636 436.436826893 
18 13.6585114141 508.764390872 477.577097714 
19 9.67185833082 474.332158299 515.99598337 
20 7.0134141447 441.215250377 551.771335479 
21 5.20235584927 409.775788772 585.021855379 
22 3.94259366424 380.171572669 615.885833667 
23 3.04864729182 352.442486003 644.508866705 
24 2.40217430957 326.561040288 671.036785402 
25 1.92630764519 302.462031651 695.611660703 
26 1.57014225312 280.060271437 718.36958631 
27 1.29938179149 259.261044815 739.439573394 
28 1.09054982522 239.966374349 758.943075826 
29 0.92733318443 222.078774932 776.993891884 
30 0.798125687779 205.503592598 793.698281714 
31 0.694656780277 190.150074479 809.155268741 
32 0.610908816966 175.932129746 823.456961437 
33 0.542444335869 162.768630084 836.68892558 
34 0.485955198932 150.583462324 848.930582477 
35 0.438950483218 139.305451795 860.255597722 
36 0.399542648858 128.868167015 870.732290336 
37 0.366228926215 119.209863222 880.423907852 
38 0.337856399659 110.272979966 889.389163635 
39 0.313592564689 102.004254089 897.682153346 
40 0.29270844278 94.3540646957 905.353226862 
41 0.274627104553 87.2764171105 912.448955785 
42 0.258899936604 80.728731238 919.012368825 
43 0.24515528549 74.6714904169 925.083354298 
44 0.233092759302 69.0681072972 930.698799944 
45 0.222465300994 63.8847069056 935.892827793 
46 0.213067052098 59.0898884748 940.697044473 
47 0.204729175269 54.6546117236 945.140659101 
48 0.197308421058 50.5519795868 949.250711992 
49 0.190687080548 46.7571231617 953.052189758 
50 0.18475861759 43.2469155863 956.568325796 
51 0.179437764496 40.0000469149 959.820515321 
52 0.174654143781 36.996834265 962.828511591 
53 0.170343156976 34.2189933041 965.610663539 
54 0.166450466447 31.6496280139 968.18392152 
55 0.16292932334 29.2731090861 970.563961591 
56 0.159738923933 27.0749757135 972.765285363 
57 0.156843748059 25.0418488811 974.801307371 
58 0.154212694961 23.1613488547 976.68443845 
59 0.151818528465 21.4220259897 978.426155482 
60 0.149637277339 19.8132886916 980.037074031 
61 0.147647713296 18.3253350435 981.527017243 
62 0.145831022931 16.9490983156 982.905070661 
63 0.144170705118 15.6761995554 984.179629739 
64 0.14265191914 14.498881563 985.358466518 
65 0.141261459737 13.4099699201 986.44876862 
66 0.139987505468 12.4028277619 987.457184733 
67 0.138819463197 11.4713160525 988.389864484 
68 0.137747823678 10.6097566039 989.252495572 
69 0.136764037856 9.81289811879 990.050337843 
70 0.135860395981 9.07588277691 990.788256827 
71 0.135029940724 8.39421720798 991.470752851 
72 0.134266377717 7.76374524103 992.101988381 
73 0.133564008548 7.18062298117 992.68581301 
74 0.132917654011 6.64129399483 993.225788351 
75 0.132322620848 6.14246982907 993.72520755 
76 0.131774665991 5.68111120954 994.187114124 
77 0.131269885179 5.2544029034 994.614327211 
78 0.13080473525 4.85974260801 995.009452657 
79 0.130375999531 4.49472504923 995.374898951 
80 0.129980713315 4.15712236532 995.712896921 
81 0.129616182447 3.84487597889 996.025507839 
82 0.129279947959 3.55608263033 996.314637422 
83 0.128969741607 3.28897948919 996.582050769 
84 0.12868349794 3.04193825376 996.829378248 
85 0.128419323263 2.81345282001 997.058127857 
86 0.128175471787 2.6021284304 997.269696098 
87 0.127950349437 2.40667680027 997.46537285 
88 0.127742489635 2.2259058009 997.646351709 
89 0.127550541785 2.0587122189 997.813737239 
90 0.127373269351 1.90407698483 997.968549746 
91 0.127209531947 1.76105664935 998.111733819 
92 0.127058279808 1.62877849796 998.244163222 
93 0.126918549665 1.50643628888 998.366645161 
94 0.12678945176 1.39328337771 998.479927171 
95 0.126670167191 1.28862942414 998.584700409 
96 0.126559943067 1.19183651022 998.681603547 
97 0.126458083321 1.10231379347 998.771228123 
98 0.126363947315 1.01951523474 998.854120818 
99 0.126276945111 0.942936132392 998.930786922 
100 0.126196530975 0.872108954033 999.001694515 
