Time S I R
0.0  10000 1 0
1 9999.2811376 1.44242852592 0.276433871296 
2 9998.24435079 2.08049069502 0.675158517766 
3 9996.74918344 3.00057784298 1.25023871228 
4 9994.59329379 4.32710488781 2.07960131722 
5 9991.48535873 6.23911409974 3.27552716563 
6 9987.00634794 8.99395798592 4.99969407236 
7 9980.55421401 12.9610238353 7.48476215405 
8 9971.26565012 18.6692332834 11.0651165919 
9 9957.90592326 26.8734891891 16.2205875488 
10 9938.71583499 38.6460738253 23.6380911823 
11 9911.20279359 55.4995326735 34.2976737358 
12 9871.86328554 79.5459241871 49.5907902707 
13 9815.82984241 113.690984116 71.4791734782 
14 9736.45388167 161.845427756 102.70069057 
15 9624.87724925 229.101728199 147.021022554 
16 9469.72504408 321.763013916 209.511942001 
17 9257.18316012 447.016417672 296.800422207 
18 8971.88525203 611.941251354 417.173496615 
19 8599.13045664 821.5219378 580.347605564 
20 8128.75910244 1075.58462688 796.656270676 
21 7560.23128968 1365.30343088 1075.46527944 
22 6907.10295662 1671.00317509 1422.89386829 
23 6198.04377515 1963.55240281 1839.40382204 
24 5472.34560508 2210.40921012 2318.2451848 
25 4770.96159259 2384.37488978 2845.66351764 
26 4127.21927756 2470.7654482 3403.01527424 
27 3561.41264486 2469.59685028 3969.99050486 
28 3080.56779695 2392.70669482 4527.72550823 
29 2681.71107426 2258.37782393 5060.9111018 
30 2356.10995129 2086.23040844 5558.65964027 
31 2092.78779528 1893.82718542 6014.3850193 
32 1880.77104762 1695.10758814 6425.12136424 
33 1710.22394662 1500.13053972 6790.64551366 
34 1572.85015775 1315.51874803 7112.63109422 
35 1461.89334486 1145.16558792 7393.94106722 
36 1371.96010096 990.953383593 7638.08651545 
37 1298.78949145 853.371291333 7848.83921722 
38 1239.02899848 732.000030941 8029.97097058 
39 1190.04170044 625.869294057 8185.0890055 
40 1149.74863826 533.711042128 8317.54031961 
41 1116.50413053 454.131249446 8430.36462003 
42 1088.99922871 385.721540389 8526.27923091 
43 1066.18737277 327.128254346 8607.68437288 
44 1047.22733569 277.091961408 8676.6807029 
45 1031.43945019 234.467139407 8735.0934104 
46 1018.27189327 198.228847687 8784.49925904 
47 1007.27461388 167.471251256 8826.25413487 
48 998.079056298 141.401287613 8861.51965609 
49 990.382278214 119.329741921 8891.28797987 
50 983.93445532 100.661108997 8916.40443568 
51 978.528968864 84.8832370117 8937.58779412 
52 973.994504431 71.5573110941 8955.44818448 
53 970.188708822 60.3085080518 8970.50278313 
54 966.993065261 50.8174534395 8983.1894813 
55 964.308742323 42.8125803362 8993.87867734 
56 962.053208965 36.0633636407 9002.88342739 
57 960.157463959 30.3743867424 9010.4681493 
58 958.563758757 25.5801895722 9016.85605167 
59 957.22370639 21.5408145106 9022.2354791 
60 956.096751782 18.1379724834 9026.76527573 
61 955.148879426 15.2717410282 9030.57937955 
62 954.35154043 12.8577736398 9033.79068593 
63 953.680768488 10.824908593 9036.49432292 
64 953.116423694 9.11311268862 9038.77046362 
65 952.641586885 7.67177250668 9040.68664061 
66 952.242043079 6.45823577453 9042.29972115 
67 951.905831669 5.43653565016 9043.65763268 
68 951.622903648 4.57638480704 9044.80071154 
69 951.384807215 3.85226610191 9045.76292668 
70 951.184431917 3.24268157648 9046.57288651 
