Time S I R
0.0  10000 1 0
1 9999.46782934 1.45641065957 0.0757599998038 
2 9998.69283509 2.12106924396 0.186095661208 
3 9997.5642889 3.08892941222 0.346781685972 
4 9995.92105478 4.49816215608 0.580783066394 
5 9993.52872656 6.54974699428 0.921526445104 
6 9990.04653209 9.5358207906 1.41764711743 
7 9984.97940972 13.8807031236 2.13988715161 
8 9977.60910142 20.1998332267 3.19106535399 
9 9966.89531005 29.38420196 4.72048799494 
10 9951.33518418 42.720147354 6.94466846438 
11 9928.76578309 62.057266376 10.1769505331 
12 9896.09113421 90.039365225 14.8695005686 
13 9848.91513612 130.412801684 21.6720621957 
14 9781.0685222 188.418906773 31.5125710254 
15 9684.04225441 271.253169427 45.7045761657 
16 9546.39759413 388.518716233 66.0836896342 
17 9353.33870353 552.493427395 95.1678690745 
18 9086.82591615 777.854216426 136.319867425 
19 8726.85567857 1080.28319214 193.86112929 
20 8254.68676653 1473.26773414 273.045499327 
21 7658.48392027 1962.75006759 379.766012137 
22 6940.6152808 2540.50625299 519.878466214 
23 6123.70341948 3179.15423131 698.142349203 
24 5251.01114103 3832.97803653 917.01082244 
25 4378.40157074 4446.87297645 1175.72545282 
26 3560.33047523 4970.50782063 1470.16170414 
27 2836.8451616 5370.61561363 1793.53922477 
28 2227.65133755 5635.67023995 2137.6784225 
29 1734.01900138 5772.69049759 2494.29050104 
30 1345.02490219 5800.05569194 2855.91940587 
31 1044.11927693 5740.45837452 3216.42234855 
32 813.869123227 5616.0559608 3571.07491598 
33 638.541767155 5446.00872591 3916.44950694 
34 505.092538068 5245.70988432 4250.19757761 
35 403.234768329 5026.94868786 4570.81654381 
36 325.098058745 4798.46093924 4877.44100202 
37 264.765568277 4566.5624332 5169.67199853 
38 217.831094514 4335.72440469 5447.4445008 
39 181.024614246 4109.04790526 5710.92748049 
40 151.9197933 3888.62968316 5960.45052354 
41 128.71131747 3675.83859671 6196.45008582 
42 110.0502147 3471.51895913 6419.43082617 
43 94.9228014275 3276.13950756 6629.93769102 
44 82.5625962497 3089.90133577 6828.53606798 
45 72.3859824962 2912.81640095 7015.79761655 
46 63.9455664032 2744.76405861 7192.29037498 
47 56.8959905322 2585.53216378 7358.57184569 
48 50.9686079111 2434.84718223 7515.18420986 
49 45.9530035761 2292.39575353 7662.65124289 
50 41.6832582634 2157.84038976 7801.47635197 
51 38.0275078445 2030.83108453 7932.14140762 
52 34.8806237804 1911.0130469 8055.10632932 
53 32.1578379812 1798.03330162 8170.80886039 
54 29.7905685933 1691.54455208 8279.66487932 
55 27.7229065382 1591.20825015 8382.06884331 
56 25.909124436 1496.69644084 8478.39443472 
57 24.3115795982 1407.69319185 8568.99522855 
58 22.8990882268 1323.89543415 8654.20547762 
59 21.6458021591 1245.01325607 8734.34094177 
60 20.5298510049 1170.77046691 8809.69968209 
61 19.5330063396 1100.90404561 8880.56294805 
62 18.6398332517 1035.16415285 8947.1960139 
63 17.8373245519 973.31373173 9009.84894372 
64 17.1142872461 915.128292873 9068.75741988 
65 16.4612597747 860.395283207 9124.14345702 
66 15.8700147631 808.913788394 9176.21619684 
67 15.3335510019 760.493888373 9225.17256063 
68 14.8457375785 714.956272396 9271.19799003 
69 14.4013098942 672.131679689 9314.46701042 
70 13.9956532053 631.860443157 9355.14390364 
