Time S I R
0.0  10000 1 0
1 9996.33739681 4.52233806972 0.140265125146 
2 9979.80173881 20.4240966666 0.774164522347 
3 9905.68552308 91.6860794306 3.62839748509 
4 9583.94418587 400.784312773 16.271501353 
5 8359.90619714 1572.50267012 68.5911327433 
6 5326.15920471 4433.63421585 241.206579433 
7 2073.45076857 7325.11278385 602.436447577 
8 594.046975572 8325.89340086 1081.05962357 
9 160.526021946 8258.3917802 1582.08219786 
10 45.1459430782 7888.03306074 2067.82099618 
11 13.5388260056 7458.49588222 2528.96529178 
12 4.34350099283 7032.39387002 2964.26262899 
13 1.48719983121 6625.02638902 3374.48641115 
14 0.541915166996 6239.57207997 3760.88600486 
15 0.209770010297 5876.00528931 4124.78494068 
16 0.0858008368832 5533.44052716 4467.47367201 
17 0.0371019979593 5210.78159164 4790.18130636 
18 0.0166768330237 4906.9126883 5094.07063486 
19 0.00790170851906 4620.75524297 5380.23685532 
20 0.0035921435956 4351.28191022 5649.71449764 
21 0.00167796390087 4097.52209253 5903.47622951 
22 0.000903417556401 3858.55907459 6142.440022 
23 0.00048712147327 3633.5297563 6367.46975658 
24 0.000160678664543 3421.62351289 6579.37632643 
25 0 3222.07428205 6778.92571795 
26 2.1998934244e-05 3034.16478397 6966.83519403 
27 4.19430216425e-05 2857.21408901 7143.78586905 
28 2.0492110707e-05 2690.58278419 7310.41719532 
29 9.64680657489e-06 2533.66961755 7467.3303728 
30 4.20331343776e-06 2385.90728797 7615.09270783 
31 1.15595175885e-05 2246.76241614 7754.2375723 
32 2.87873408524e-05 2115.73221722 7885.267754 
33 3.11557214445e-05 1992.34446319 8008.65550565 
34 4.21108834416e-05 1876.1539922 8124.84596569 
35 4.27525974374e-05 1766.73920174 8234.26075551 
36 2.05618998734e-05 1663.70368736 8337.29629208 
37 7.31286309019e-06 1566.67717792 8434.32281477 
38 1.24018042698e-05 1475.30984705 8525.69014055 
39 1.70101957337e-05 1389.27099911 8611.72898388 
40 1.46590246004e-05 1308.24971641 8692.75026893 
41 1.12124289444e-05 1231.95351603 8769.04647276 
42 8.25924689707e-06 1160.10685272 8840.89313902 
43 7.0535697887e-06 1092.4502413 8908.54975165 
44 7.68813333707e-06 1028.73934486 8972.26064745 
45 7.38968810765e-06 968.74400853 9032.25598408 
46 5.85700581723e-06 912.247556879 9088.75243726 
47 4.80245944345e-06 859.045930164 9141.95406503 
48 4.23876372224e-06 808.947013668 9192.05298209 
49 3.93325171899e-06 761.769836555 9239.23015951 
50 3.58845136361e-06 717.343912528 9283.65608388 
51 2.64839582087e-06 675.508795568 9325.49120178 
52 2.03022864298e-06 636.113531155 9364.88646681 
53 1.29396539705e-06 599.015806915 9401.98419179 
54 3.02155967802e-07 564.081585657 9436.91841404 
55 2.59082298726e-07 531.18474642 9469.81525332 
56 3.95046299673e-07 500.20642237 9500.79357724 
57 4.71616658615e-07 471.034730848 9529.96526868 
58 4.29747160524e-07 443.564307281 9557.43569229 
59 3.52001734427e-07 417.695931261 9583.30406839 
60 3.22492269333e-07 393.336193431 9607.66380625 
61 3.12027623295e-07 370.397098448 9630.60290124 
62 3.0536466511e-07 348.795795775 9652.20420392 
63 2.97479346045e-07 328.454265287 9672.54573442 
64 2.92700860882e-07 309.299033828 9691.70096588 
65 2.80500898953e-07 291.260923943 9709.73907578 
66 2.66840288532e-07 274.274759377 9726.72524036 
67 2.53199686995e-07 258.279191049 9742.7208087 
68 2.41025190917e-07 243.216487716 9757.78351204 
69 2.30997102335e-07 229.032268963 9771.96773081 
70 2.19861249207e-07 215.675246207 9785.32475357 
