Time S I R
0  997 3 0
1 995.579758993 4.12820323603 0.292037771434 
2 993.629381379 5.6768538716 0.693764749892 
3 990.954809818 7.79924927187 1.24594091012 
4 987.294362078 10.7015623005 2.00407562169 
5 982.298074581 14.6584928124 3.04343260692 
6 975.503413425 20.0311733332 4.46541324146 
7 966.308966752 27.2855642638 6.40546898439 
8 953.950556192 37.0070274903 9.04241631758 
9 937.488518162 49.9029539677 12.60852787 
10 915.82117963 66.7799118247 17.3989085457 
11 887.746479031 88.4762338851 23.7772870841 
12 852.097353363 115.728989988 32.1736566497 
13 807.968480307 148.963764949 43.0677547439 
14 755.022306642 188.025262547 56.9524308111 
15 693.805869622 231.919579464 74.274550914 
16 625.950566993 278.690281195 95.3591518121 
17 554.110322749 325.556150954 120.333526297 
18 481.577508604 369.347299938 149.075191458 
19 411.674599983 407.120645687 181.20475433 
20 347.149906773 436.721017699 216.129075527 
21 289.798840297 457.080216577 253.120943126 
22 240.395376533 468.194648818 291.409974649 
23 198.867535619 470.871269526 330.261194855 
24 164.581258867 466.390586856 369.028154277 
25 136.616457554 456.204450181 407.179092266 
26 113.974003706 441.724313795 444.301682498 
27 95.7037361753 424.202061264 480.094202561 
28 80.9673450164 404.6827795 514.349875484 
29 69.0593596931 384.00105245 546.939587857 
30 59.4034057656 362.801451612 577.795142622 
31 51.5373981046 341.567862994 606.894738902 
32 45.0950947956 320.653924546 634.250980658 
33 39.7880494599 300.310683062 659.901267478 
34 35.3896648864 280.710006459 683.900328655 
35 31.7219490751 261.963553189 706.314497736 
36 28.6448850761 244.137741653 727.217373271 
37 26.0479486752 227.265468891 746.686582434 
38 23.8435640541 211.355037174 764.801398772 
39 21.9620151812 196.396972604 781.641012215 
40 20.3475222616 182.369203544 797.283274195 
41 18.9552205958 169.240947781 811.803831623 
42 17.7488279509 156.975640945 825.275531104 
43 16.6988419574 145.53312154 837.768036503 
44 15.7811382123 134.871260754 849.347601034 
45 14.9758795963 124.947163925 860.076956478 
46 14.2666984598 115.718000746 870.015300794 
47 13.6399748777 107.141717001 879.218308122 
48 13.0843364113 99.1774395012 887.738224087 
49 12.5902482153 91.7857709719 895.623980813 
50 12.1496660783 84.9290099897 902.921323932 
51 11.7557742943 78.5712698654 909.67295584 
52 11.4027769513 72.6785316107 915.918691438 
53 11.0857201052 67.2186659986 921.695613896 
54 10.8003512109 62.1614208437 927.038227945 
55 10.5430044717 57.4783813336 931.978614195 
56 10.3105170516 53.1429008985 936.54658205 
57 10.1001395082 49.1300514358 940.769809056 
58 9.9094767651 45.4165431635 944.673980071 
59 9.73643372671 41.9806458602 948.282920413 
60 9.57917695545 38.8021008719 951.618722173 
61 9.43609017745 35.8620483658 954.701861457 
62 9.30575084286 33.1429376448 957.551311512 
63 9.18689775037 30.6284559935 960.184646256 
64 9.07841495847 28.3034455295 962.618139512 
65 8.97930796836 26.15383322 964.866858812 
66 8.88869222259 24.1665569664 966.944750811 
67 8.8057761401 22.3295013713 968.864722489 
68 8.72985115803 20.6314319946 970.638716847 
69 8.66028097651 19.0619357328 972.277783291 
70 8.59649847023 17.6113619034 973.792139626 
71 8.53798795512 16.2707721661 975.191239879 
72 8.48428520289 15.0318889933 976.483825804 
73 8.43497344072 13.8870481242 977.677978435 
74 8.38967174589 12.8291542087 978.781174045 
75 8.34803785306 11.8516415748 979.800320572 
76 8.30976058532 10.9484340071 980.741805408 
77 8.27455621421 10.1139091586 981.611534627 
78 8.24216842224 9.34286771205 982.414963866 
79 8.21236246236 8.63049858105 983.157138957 
80 8.18492494982 7.97235348454 983.842721566 
81 8.15966166561 7.36431972632 984.476018608 
82 8.13639436143 6.80259224052 985.061013398 
83 8.11496095617 6.28365526279 985.601383781 
84 8.09521290382 5.80425737842 986.100529718 
85 8.07701415091 5.36139266341 986.561593186 
86 8.06024050925 4.95228416797 986.987475323 
87 8.04477777129 4.57436330464 987.380858924 
88 8.03052142637 4.22525716059 987.744221413 
89 8.01737561727 3.90277272882 988.079851654 
90 8.00525223179 3.60488255789 988.38986521 
91 7.9940705596 3.32971436371 988.676215077 
92 7.98375629592 3.07553688318 988.940706821 
93 7.97424121318 2.84075086967 989.185007917 
94 7.96546263345 2.62387897197 989.410658395 
95 7.95736281127 2.42355526201 989.619081927 
96 7.94988872704 2.23851867232 989.811592601 
97 7.94299152917 2.06760345823 989.989405013 
98 7.93662625898 1.90973271518 990.153641026 
99 7.93075156394 1.76391197289 990.305336463 
100 7.92532929725 1.6292217389 990.445448964 
