Time S I R
0  997 3 0
1 993.857082757 6.0144586965 0.128458546409 
2 987.596226709 12.0182034391 0.385569851689 
3 975.243813438 23.8585304767 0.897656085622 
4 951.329608868 46.7626363249 1.90775480709 
5 906.681214676 89.4552861378 3.86349918573 
6 828.695177688 163.78212534 7.52269697274 
7 707.088214676 278.932434034 13.9793512899 
8 547.291448745 428.306633987 24.4019172679 
9 378.445670113 582.143084778 39.4112451096 
10 236.180228439 705.226223584 58.593547977 
11 137.01443312 782.238633972 80.7469329081 
12 76.3124331162 819.129468668 104.558098216 
13 41.817154836 829.150895115 129.031950049 
14 22.8904142356 823.560883011 153.548702753 
15 12.6236449561 809.613873879 177.762481165 
16 7.0448695365 791.461925097 201.493205367 
17 3.98715959555 771.359704841 224.653135563 
18 2.29060712518 750.50529707 247.204095805 
19 1.33617768685 729.529681307 269.134141006 
20 0.791383150489 708.763510053 290.445106797 
21 0.475796602943 688.378183138 311.146020259 
22 0.290289218438 668.460112474 331.249598308 
23 0.179667492336 649.049960635 350.770371873 
24 0.112705266026 630.163625288 369.723669446 
25 0.0717058708976 611.803216158 388.125077971 
26 0.0462255071625 593.963658938 405.990115555 
27 0.0302223308465 576.6356995 423.334078169 
28 0.0200210365024 559.808012376 440.171966588 
29 0.0133832154643 543.468190137 456.518426647 
30 0.00904956057457 527.603221414 472.387729025 
31 0.0061932655658 512.200044822 487.793761912 
32 0.00428977675097 497.245703544 502.750006679 
33 0.00300300874881 482.727421733 517.269575258 
34 0.00212697622067 468.632689005 531.365184019 
35 0.00152174264599 454.949274062 545.049204196 
36 0.00109516648877 441.665248125 558.333656708 
37 0.000792581789028 428.768970709 571.230236709 
38 0.000581144087619 416.249215862 583.750202994 
39 0.000429928374388 404.09492115 595.904648922 
40 0.000320004363402 392.295490347 607.704189648 
41 0.00023487935232 380.840563089 619.159202031 
42 0.000167014617773 369.720055144 630.279777842 
43 0.000118243787028 358.924258716 641.075623041 
44 7.96773624643e-05 348.443616754 651.556303569 
45 5.00314707779e-05 338.26893628 661.731013688 
46 3.70827430061e-05 328.391405325 671.608557592 
47 3.99407799705e-05 318.802374386 681.197585674 
48 4.60685282633e-05 309.493319192 690.506634739 
49 5.10240481617e-05 300.456087421 699.543861555 
50 5.10385127654e-05 291.682772025 708.317176936 
51 4.74229711926e-05 283.165624504 716.834328073 
52 4.07554259709e-05 274.897169106 725.102790139 
53 3.23450130963e-05 266.870192945 733.12977471 
54 2.27854825425e-05 259.077573194 740.922404021 
55 1.42929022786e-05 251.512492844 748.487492863 
56 9.36846458899e-06 244.168317289 755.831673343 
57 9.33991100283e-06 237.038605608 762.961385052 
58 1.21607771462e-05 230.117068803 769.882919036 
59 1.68373808265e-05 223.39763699 776.602346172 
60 2.13214099176e-05 216.874419166 783.125559512 
61 2.25591668368e-05 210.541693236 789.458284205 
62 2.21876643991e-05 204.393909455 795.606068357 
63 2.12286964825e-05 198.425669199 801.574309572 
64 1.95760933366e-05 192.631714485 807.368265939 
65 1.71935207618e-05 187.006921329 812.993061478 
66 1.41841354662e-05 181.546330121 818.453655695 
67 1.08807687411e-05 176.245189826 823.754799293 
68 7.7028096257e-06 171.098845209 828.901147088 
69 5.23375501871e-06 166.102772531 833.897222235 
70 4.18035904204e-06 161.252577016 838.747418803 
71 4.21300148901e-06 156.544005259 843.455990528 
72 4.91767241328e-06 151.972926264 848.027068818 
73 5.92840467561e-06 147.535324665 852.464669407 
74 6.63382854782e-06 143.227300262 856.772693104 
75 6.61637091071e-06 139.045067906 860.954925478 
76 6.38396636532e-06 134.984959917 865.015033699 
77 5.95214214627e-06 131.043409859 868.956584189 
78 5.38338099432e-06 127.216953286 872.783041331 
79 4.79650248053e-06 123.502225671 876.497769533 
80 4.21602589995e-06 119.895965401 880.104030383 
81 3.58146996859e-06 116.395010327 883.604986091 
82 3.00624174088e-06 112.99628424 887.003712754 
83 2.6361979053e-06 109.696799501 890.303197862 
84 2.56440262092e-06 106.49365702 893.506340416 
85 2.67442476343e-06 103.384048838 896.615948488 
86 2.95026950425e-06 100.365243788 899.634753262 
87 3.34128003487e-06 97.4345893227 902.565407336 
88 3.7356987832e-06 94.5895094019 905.410486862 
89 3.93814855215e-06 91.8275022587 908.172493803 
90 3.8614253981e-06 89.1461398573 910.853856281 
91 3.80291305646e-06 86.5430681368 913.45692806 
92 3.7792732428e-06 84.0160008161 915.983995405 
93 3.77859362288e-06 81.5627198445 918.437276377 
94 3.76331081497e-06 79.1810742861 920.818921951 
95 3.65863206753e-06 76.8689792917 923.13101705 
96 3.44569775734e-06 74.6244066001 925.375589954 
97 3.26565566411e-06 72.4453741884 927.554622546 
98 3.13100440508e-06 70.3299678416 929.670029027 
99 3.03814067593e-06 68.2763301836 931.723666778 
100 2.96590553717e-06 66.2826589966 933.717338037 
