Time S I R
0  997 3 0
1 995.800603319 3.88117148871 0.318225191929 
2 994.251431909 5.01874739657 0.729820694622 
3 992.252384147 6.48572426227 1.261891591 
4 989.676006214 8.37478476507 1.94920902116 
5 986.360817729 10.8029210204 2.83626125058 
6 982.103657657 13.9166007067 3.97974163676 
7 976.651172205 17.8972766487 5.4515511467 
8 969.691098059 22.966606438 7.3422955035 
9 960.844446619 29.3903298139 9.76522356699 
10 949.66059358 37.4790123251 12.8603940951 
11 935.618344748 47.5829891578 16.7986660939 
12 918.137240182 60.0779401986 21.7848196191 
13 896.604690854 75.3365957702 28.0587133755 
14 870.424254212 93.6827201849 35.8930256028 
15 839.088715071 115.32547234 45.5858125892 
16 802.276400358 140.277502065 57.4460975773 
17 759.959192107 168.269200237 71.7716076556 
18 712.500019862 198.680866305 88.8191138334 
19 660.70756318 230.522037596 108.770399224 
20 605.817305989 262.483113628 131.699580383 
21 549.385177658 293.065901333 157.548921009 
22 493.107277863 320.772895913 186.119826224 
23 438.608651622 344.309045238 217.082303139 
24 387.25591753 362.742232688 250.001849782 
25 340.037332909 375.584981351 284.377685741 
26 297.526444287 382.789071303 319.68448441 
27 259.917952991 384.671868486 355.410178523 
28 227.106853612 381.808046955 391.085099433 
29 198.782765368 374.916774803 426.300459829 
30 174.517336096 364.765212796 460.717451108 
31 153.833345904 352.098767758 494.067886337 
32 136.252938183 337.596964148 526.150097669 
33 121.327392415 321.850999871 556.821607715 
34 108.652686495 305.356812168 585.990501337 
35 97.875284307 288.518068305 613.606647388 
36 88.6918572793 271.654659485 639.653483236 
37 80.8456182788 255.013640596 664.140741125 
38 74.1212193433 238.78063101 687.098149647 
39 68.3390144938 223.090704256 708.57028125 
40 63.3496572743 208.03803983 728.612302896 
41 59.0291847628 193.684246665 747.286568573 
42 55.2747038261 180.065371567 764.659924607 
43 52.0007285684 167.19766499 780.801606441 
44 49.1361094626 155.082264064 795.781626474 
45 46.6214893084 143.708962232 809.669548459 
46 44.4072130425 133.059207028 822.53357993 
47 42.4516081792 123.108484324 834.439907497 
48 40.7195857074 113.828180984 845.452233309 
49 39.1814826832 105.187058621 855.631458696 
50 37.8121996176 97.1522634887 865.035536894 
51 36.5903378159 89.6903690245 873.71929316 
52 35.4976235723 82.767932844 881.734443584 
53 34.5183974708 76.3519836714 889.129618858 
54 33.6391906974 70.4103865762 895.950422726 
55 32.8483792231 64.9121060735 902.239514703 
56 32.1358939857 59.8273779752 908.036728039 
57 31.4929824628 55.1278288621 913.379188675 
58 30.9120316586 50.7865057488 918.301462593 
59 30.3863674358 46.7779680224 922.835664542 
60 29.910149958 43.0782316874 927.011618355 
61 29.4782341446 39.6647843445 930.856981511 
62 29.0860894675 36.5165230302 934.397387502 
63 28.7297069686 33.6137223615 937.65657067 
64 28.4055344846 30.9379725607 940.656492955 
65 28.1104173309 28.4721205655 943.417462104 
66 27.841544781 26.200208213 945.958247006 
67 27.5964111131 24.1074026539 948.296186233 
68 27.3727738896 22.1799380168 950.447288094 
69 27.1686250712 20.4050471534 952.426327775 
70 26.9821612024 18.7709018595 954.246936938 
71 26.8117694004 17.2665414144 955.921689185 
72 26.6559899769 15.881837044 957.462172979 
73 26.5135060649 14.6074125711 958.879081364 
74 26.3831331121 13.4346097996 960.182257088 
75 26.2637965509 12.3554274374 961.380776012 
76 26.154523599 11.3624767825 962.482999618 
77 26.0544370641 10.4489430748 963.496619861 
78 25.9627352632 9.60852995691 964.42873478 
79 25.8786965246 8.83544150397 965.285861971 
80 25.8016596155 8.12432246873 966.074017916 
81 25.7310267527 7.47024532343 966.798727924 
82 25.6662516483 6.86866288165 967.46508547 
83 25.6068368362 6.31538687855 968.077776285 
84 25.5523298121 5.80656166703 968.641108521 
85 25.5023167341 5.33863202871 969.159051237 
86 25.4564192654 4.90832483372 969.635255901 
87 25.4142948144 4.51263282171 970.073072364 
88 25.3756301065 4.14878648107 970.475583412 
89 25.3401350843 3.81422708257 970.845637833 
90 25.307545336 3.50660171787 971.185852946 
91 25.277621031 3.22375096723 971.498628002 
92 25.2501423471 2.96368700226 971.786170651 
93 25.2249069241 2.72457774789 972.050515328 
94 25.2017297474 2.50473845631 972.293531796 
95 25.1804415293 2.30261933914 972.516939132 
96 25.1608870675 2.11679455649 972.722318376 
97 25.1429241225 1.94595318373 972.911122694 
98 25.126422333 1.7888895585 973.084688108 
99 25.1112620504 1.64449389414 973.244244055 
100 25.0973335705 1.51174570344 973.390920726 
