Time S I R
0  997 3 0
1 995.660902376 4.20009661663 0.139001007597 
2 993.789709865 5.8767421577 0.3335479773 
3 991.178541268 8.21581565974 0.605643072419 
4 987.541689843 11.4724945014 0.985815655163 
5 982.489631221 15.9941141816 1.51625459784 
6 975.497380297 22.2476988437 2.2549208593 
7 965.868802825 30.8503944323 3.28080274298 
8 952.702093539 42.5975708279 4.70033563304 
9 934.867756038 58.4775412962 6.65470266622 
10 911.019840568 79.653013628 9.32714580422 
11 879.672566489 107.379007339 12.9484261722 
12 839.381469603 142.821265393 17.7972650036 
13 789.058005471 186.750683013 24.191311516 
14 728.398994479 239.136960036 32.4640454846 
15 658.322475159 298.752015551 42.92550929 
16 581.204741259 362.984307853 55.8109508882 
17 500.704237208 428.065986637 71.2297761551 
18 421.117182457 489.750372051 89.132445492 
19 346.477161096 544.213568562 109.309270342 
20 279.778707577 588.79882495 131.422467473 
21 222.616243984 622.324498124 155.059257893 
22 175.272924778 644.939306057 179.787769165 
23 137.086949851 657.711687437 205.201362712 
24 106.878309407 662.176186246 230.945504347 
25 83.2951567697 659.976324629 256.728518601 
26 65.0353012777 652.64357886 282.321119862 
27 50.9573866464 641.492939097 307.549674256 
28 40.1169294418 627.596018157 332.287052401 
29 31.7605757717 611.79607643 356.443347798 
30 25.3014305851 594.740976849 379.957592566 
31 20.2890049189 576.920133391 402.79086169 
32 16.3806341442 558.698583851 424.920782005 
33 13.3167086543 540.346034183 446.337257163 
34 10.9009232526 522.059845261 467.039231487 
35 8.98476691075 503.98300215 487.03223094 
36 7.45562984775 486.217848656 506.326521496 
37 6.22784148949 468.836422559 524.935735951 
38 5.2360468663 451.888088446 542.875864687 
39 4.43002878738 435.40550787 560.164463343 
40 3.77108667211 419.408806897 576.820106431 
41 3.22926507715 403.908766133 592.86196879 
42 2.78122718111 388.909271033 608.309501786 
43 2.40871752067 374.409076726 623.182205753 
44 2.09736038219 360.403186197 637.499453421 
45 1.83572822519 346.883913073 651.280358702 
46 1.61477966197 333.841516406 664.543703932 
47 1.42730405335 321.264830333 677.307865614 
48 1.26748080061 309.141759013 689.590760186 
49 1.13060568119 297.459577509 701.409816809 
50 1.01288096653 286.205153768 712.781965266 
51 0.911200416312 275.365181929 723.723617654 
52 0.823026072248 264.926307282 734.250666646 
53 0.746283564896 254.875229146 744.378487289 
54 0.679190773938 245.198881378 754.121927848 
55 0.620353181193 235.884301276 763.495345543 
56 0.568556396146 226.918853411 772.512590193 
57 0.522821564609 218.290148988 781.187029448 
58 0.482296562112 209.986153076 789.531550362 
59 0.446284936197 201.995135963 797.558579101 
60 0.414180035397 194.305731225 805.28008874 
61 0.385480030483 186.906901703 812.707618267 
62 0.359748384518 179.787966928 819.852284687 
63 0.336622900784 172.938587366 826.724789733 
64 0.315781183903 166.348771472 833.335447344 
65 0.296961557267 160.00884742 839.694191023 
66 0.279925752072 153.909493426 845.810580822 
67 0.26445780855 148.041739204 851.693802987 
68 0.250371404814 142.396923999 857.352704596 
69 0.237516128263 136.966623743 862.795860129 
70 0.225766305013 131.742780801 868.031452894 
71 0.215024310805 126.717661095 873.067314595 
72 0.205184916773 121.883760895 877.911054188 
73 0.196144656342 117.233830214 882.57002513 
74 0.187826371671 112.760933767 887.051239862 
75 0.180157941195 108.458364992 891.361477066 
76 0.173074945091 104.319662155 895.507262899 
77 0.166526627206 100.338644262 899.494829111 
78 0.160462900177 96.5093235626 903.330213537 
79 0.154837476199 92.8259272877 907.019235236 
80 0.149614038628 89.2829402466 910.567445715 
81 0.144756899172 85.8750211338 913.980221967 
82 0.140233095868 82.5970234739 917.26274343 
83 0.136016765235 79.4440430539 920.419940181 
84 0.132079978201 76.411285496 923.456634526 
85 0.128400921392 73.494194034 926.377405045 
86 0.124959566884 70.6883816598 929.186658773 
87 0.121737123133 67.9896082615 931.888654615 
88 0.11871632667 65.3937900522 934.487493621 
89 0.115881911788 62.8970129136 936.987105175 
90 0.113219445608 60.4955074136 939.391273141 
91 0.110717268101 58.1856546291 941.703628103 
92 0.108364055039 55.9639630254 943.92767292 
93 0.106148032981 53.8270562601 946.066795707 
94 0.104057505538 51.7716738247 948.12426867 
95 0.102084640893 49.7947222243 950.103193135 
96 0.10022218795 47.8932243488 952.006553463 
97 0.0984635715851 46.0643173106 953.837219118 
98 0.0968016749633 44.3052297886 955.597968536 
99 0.0952298605938 42.6132944525 957.291475687 
100 0.0937418920006 40.9859434533 958.920314655 
