Time S I R
0  997 3 0
1 994.221865519 5.37885319865 0.399281282184 
2 989.266557736 9.61919233518 1.1142499287 
3 980.486378791 17.1236972402 2.3899239686 
4 965.110479979 30.2378603293 4.65165969155 
5 938.728730662 52.6536677258 8.61760161249 
6 895.008868219 89.5490587819 15.4420729992 
7 826.552866669 146.619288345 26.8278449857 
8 728.292866547 226.769550062 44.9375833913 
9 603.371969065 324.764973072 71.8630578627 
10 466.583585335 424.764746587 108.651668079 
11 338.650113353 506.841414623 154.508472024 
12 234.719963392 558.317903263 206.962133346 
13 158.789462663 578.326359693 262.884177644 
14 106.913214456 573.600950586 319.485834958 
15 72.6555563191 552.583517721 374.76092596 
16 50.2674933626 522.259959905 427.472546732 
17 35.5698591663 487.467490508 476.962650325 
18 25.7924382824 451.252608752 522.954952966 
19 19.1711755583 415.422168527 565.406655915 
20 14.5971871195 380.99257398 604.410238901 
21 11.3723448131 348.495604397 640.132050789 
22 9.05264182389 318.17229844 672.775059736 
23 7.35165638589 290.091659489 702.556684125 
24 6.0815697505 264.222674233 729.695756016 
25 5.11704520896 240.477929521 754.40502527 
26 4.37302331672 218.739925528 776.887051155 
27 3.79077355699 198.87713739 797.332089053 
28 3.32904227636 180.753733304 815.91722442 
29 2.958415032 164.235306252 832.806278716 
30 2.65759521658 149.192291154 848.15011363 
31 2.41094993054 135.50183219 862.087217879 
32 2.20683920769 123.048750628 874.744410164 
33 2.03651223829 111.725867242 886.23762052 
34 1.89328150508 101.434052342 896.672666153 
35 1.77199448346 92.0819686464 906.14603687 
36 1.6686360245 83.5857215189 914.745642457 
37 1.58004683942 75.8684345473 922.551518613 
38 1.50371779681 68.8597883962 929.636493807 
39 1.43763805666 62.4955531202 936.066808823 
40 1.38017366838 56.7171373875 941.902688944 
41 1.33001518703 51.4711069316 947.198877881 
42 1.28608545833 46.7088096391 952.005104903 
43 1.24747878529 42.3859414691 956.366579746 
44 1.21345408084 38.462196174 960.324349745 
45 1.18338474994 34.9009184313 963.915696819 
46 1.15673776146 31.6687555918 967.174506647 
47 1.13307902626 28.7354307952 970.131490179 
48 1.11203312303 26.0734166958 972.814550181 
49 1.09327411993 23.6576805774 975.249045303 
50 1.07652733989 21.4655074569 977.457965203 
51 1.06155427059 19.4762521775 979.462193552 
52 1.04814921289 17.6711751052 981.280675682 
53 1.03613312843 16.0332562441 982.930610627 
54 1.02534994739 14.5470385704 984.427611482 
55 1.01566358574 13.1984969906 985.785839424 
56 1.00695422862 11.9748899269 987.018155844 
57 0.999116973223 10.8646607183 988.136222308 
58 0.992058888139 9.85730836378 989.150632748 
59 0.985698037513 8.94330960068 990.070992362 
60 0.979962852469 8.11403609733 990.90600105 
61 0.974788402575 7.36163120652 991.663580391 
62 0.970117189775 6.67896873217 992.350914078 
63 0.965898599386 6.05959376955 992.974507631 
64 0.962087151606 5.49764250359 993.540270345 
65 0.958642161022 4.98779294352 994.053564895 
66 0.955527332458 4.52521626333 994.519256404 
67 0.952710136193 4.10553076747 994.941759096 
68 0.950161411338 3.72476211161 995.325076477 
69 0.947854970494 3.37930250878 995.672842521 
70 0.945767289866 3.06587836762 995.988354343 
71 0.94387721586 2.78151983952 996.274602945 
72 0.942165695092 2.52353120099 996.534303104 
73 0.940615597464 2.28946828958 996.769916113 
74 0.9392115023 2.0771144241 996.983674074 
75 0.937939440359 1.88445455731 997.177606002 
76 0.936786868801 1.70966384713 997.353549284 
77 0.935742427934 1.55108441354 997.513173159 
78 0.934795865992 1.40721260934 997.657991525 
79 0.933937941151 1.2766854706 997.789376588 
80 0.933160267519 1.15826418632 997.908575546 
81 0.93245529333 1.05082713266 998.016717574 
82 0.931816172589 0.953355304925 998.114828522 
83 0.931236711294 0.864924111724 998.203839177 
84 0.93071131567 0.784695625929 998.284593058 
85 0.930234907505 0.711908345176 998.357856747 
86 0.92980290277 0.645872641213 998.424324456 
87 0.929411144389 0.585962194301 998.484626661 
88 0.929055866191 0.53160865546 998.539335478 
89 0.928733663653 0.482297102757 998.588969234 
90 0.928441443603 0.437559395617 998.633999161 
91 0.928176409801 0.396971512285 998.674852078 
92 0.927936026167 0.360148498305 998.711915476 
93 0.927717993186 0.326740984746 998.745541022 
94 0.927520230801 0.29643249864 998.776047271 
95 0.927340848606 0.268935300933 998.80372385 
96 0.927178136188 0.243988749714 998.828833114 
97 0.927030542115 0.221356271255 998.851613187 
98 0.926896658591 0.20082308257 998.872280259 
99 0.926775211609 0.182194639075 998.891030149 
100 0.926665043428 0.165294103123 998.908040853 
