Time S I R
0.0  10000 1 0
1 9996.9215106 2.66910326858 1.40938612947 
2 9988.71323674 7.11736363978 5.16939962237 
3 9966.88574552 18.9311509147 15.1831035668 
4 9909.25220003 50.0186318177 41.7291681563 
5 9759.87927857 129.864985416 111.255736016 
6 9390.62337704 322.575305686 287.801317275 
7 8574.46968086 722.534346026 703.995973109 
8 7136.98473202 1320.06016581 1543.95510217 
9 5357.21603862 1786.79848593 2856.98547546 
10 3849.20269949 1781.60146795 4370.19583255 
11 2872.21539387 1418.38812128 5710.39648485 
12 2311.75154745 985.181286978 6704.06716557 
13 1999.86742437 633.675283008 7367.45729262 
14 1825.54036094 390.513141239 7784.94649782 
15 1726.93705662 234.943719114 8039.11922426 
16 1670.58201812 139.430355226 8190.98762665 
17 1638.13757097 82.1006956296 8280.7617334 
18 1619.37120987 48.1251664957 8333.50362363 
19 1608.4852503 28.1358611594 8364.37888854 
20 1602.1596268 16.4243359315 8382.41603727 
21 1598.4801658 9.57924803186 8392.94058617 
22 1596.33862763 5.58407939488 8399.07729298 
23 1595.0917604 3.25418104205 8402.65405856 
24 1594.36564788 1.89607775262 8404.73827436 
25 1593.94274582 1.10465461545 8405.95259957 
26 1593.69642215 0.643533592211 8406.66004426 
27 1593.55294247 0.374887450137 8407.07217008 
28 1593.4693658 0.218384416219 8407.31224978 
29 1593.42068157 0.127214065857 8407.45210437 
30 1593.39232277 0.0741049392168 8407.53357229 
31 1593.37580338 0.0431674656 8407.58102915 
32 1593.36618065 0.025145813961 8407.60867353 
33 1593.36057527 0.0146478601781 8407.62477687 
34 1593.35731004 0.00853260336566 8407.63415735 
35 1593.35540803 0.00497042701006 8407.63962154 
36 1593.35430008 0.0028953948435 8407.64280453 
37 1593.35365466 0.00168662893782 8407.64465871 
38 1593.3532787 0.000982511561752 8407.64573879 
39 1593.35305967 0.000572304681859 8407.64636802 
40 1593.3529321 0.000333368280043 8407.64673454 
41 1593.35285778 0.000194184048522 8407.64694804 
42 1593.35281449 0.000113103751847 8407.64707241 
43 1593.35278924 6.58220045e-05 8407.64714494 
44 1593.35277459 3.83834363155e-05 8407.64718703 
45 1593.35276604 2.23768717454e-05 8407.64721158 
46 1593.35276108 1.30722227664e-05 8407.64722585 
47 1593.35275819 7.66635808505e-06 8407.64723414 
48 1593.35275646 4.43592777913e-06 8407.6472391 
49 1593.35275546 2.54589339661e-06 8407.647242 
50 1593.35275487 1.44874576247e-06 8407.64724368 
51 1593.35275455 8.45122570089e-07 8407.64724461 
52 1593.35275437 5.08310006474e-07 8407.64724512 
53 1593.35275426 3.05975642096e-07 8407.64724543 
54 1593.35275419 1.81823427511e-07 8407.64724563 
55 1593.35275415 1.07420751784e-07 8407.64724574 
56 1593.35275413 6.36636274489e-08 8407.64724581 
57 1593.35275412 3.78789804525e-08 8407.64724585 
58 1593.35275411 1.84801330177e-08 8407.64724588 
59 1593.35275409 -2.04972561289e-09 8407.64724591 
60 1593.35275409 -1.68744838391e-08 8407.64724593 
61 1593.35275408 -2.59941416611e-08 8407.64724594 
62 1593.35275408 -2.94086990787e-08 8407.64724595 
63 1593.35275408 -2.71181560919e-08 8407.64724595 
64 1593.35275409 -1.9734562058e-08 8407.64724593 
65 1593.35275408 -2.19660580216e-08 8407.64724594 
66 1593.35275408 -2.28023756207e-08 8407.64724594 
67 1593.35275408 -2.22435148553e-08 8407.64724594 
68 1593.35275409 -2.02894757253e-08 8407.64724594 
69 1593.35275409 -1.69402582309e-08 8407.64724593 
70 1593.35275409 -1.21958623718e-08 8407.64724592 
