Time S I R
0  997 3 0
1 996.134581163 3.74597808935 0.119440748132 
2 995.055161909 4.67627583588 0.268562255271 
3 993.709521658 5.83578950524 0.454688837044 
4 992.033094898 7.27998287033 0.686922231391 
5 989.946282532 9.07716283601 0.976554631792 
6 987.351228415 11.3111917264 1.33757985845 
7 984.12821718 14.0844926454 1.78729017443 
8 980.131540334 17.5214586571 2.34700100883 
9 975.185070713 21.7720358889 3.04289339849 
10 969.077733733 27.0152785585 3.90698770843 
11 961.559330144 33.4624339139 4.97823594232 
12 952.3374109 41.3588856102 6.30370348994 
13 941.076239247 50.9839713568 7.9397893963 
14 927.399328212 62.6472914906 9.95338029768 
15 910.897441456 76.6797724169 12.4227861275 
16 891.144274214 93.4174905316 15.4382352542 
17 867.721998229 113.176366107 19.1016356642 
18 840.258136005 136.216603273 23.5252607227 
19 808.473620019 162.697393079 28.8289869027 
20 772.23889705 192.625309881 35.135793069 
21 731.631012992 225.803569197 42.5654178119 
22 686.980675142 261.79294589 51.2263789682 
23 638.895833367 299.897164652 61.2070019814 
24 588.249651738 339.183814131 72.5665341311 
25 536.126923312 378.54536061 85.3277160782 
26 483.73320063 416.794628763 99.4721706071 
27 432.281782358 452.778642944 114.939574697 
28 382.88062699 485.488495126 131.630877885 
29 336.441046945 514.143923031 149.415030023 
30 293.622847595 538.239104637 168.138047768 
31 254.819835283 557.547199571 187.632965147 
32 220.179806012 572.090884453 207.729309535 
33 189.647341883 582.091545908 228.261112209 
34 163.016639473 587.910425617 249.07293491 
35 139.98390956 589.992266952 270.023823489 
36 120.1926815 588.817915047 290.989403453 
37 103.269021971 584.868486182 311.862491848 
38 88.8463923578 578.60096669 332.552640952 
39 76.581499182 570.433498557 352.985002261 
40 66.1627909089 560.738442209 373.098766882 
41 57.3142404913 549.840226842 392.845532667 
42 49.7953905281 538.017007014 412.187602458 
43 43.3994096877 525.504197495 431.096392817 
44 37.9500656595 512.498939364 449.550994976 
45 33.2982247911 499.16487212 467.536903089 
46 29.3182870181 485.636811863 485.044901119 
47 25.9048341467 472.025047683 502.07011817 
48 22.9695698315 458.419204732 518.611225437 
49 20.4384614559 444.891754781 534.669783763 
50 18.2496921673 431.500669203 550.24963863 
51 16.3514704767 418.292034448 565.356495075 
52 14.7003632101 405.302143468 579.997493322 
53 13.2600589605 392.558989091 594.180951949 
54 11.9998817568 380.084097239 607.916021005 
55 10.8941695906 367.893276674 621.212553735 
56 9.92117345604 355.997969017 634.080857527 
57 9.06254314893 344.405869859 646.531586992 
58 8.30275069238 333.121630396 658.575618912 
59 7.62855527023 322.147506559 670.223938171 
60 7.02874740214 311.483665591 681.487587007 
61 6.49370968098 301.128717872 692.377572447 
62 6.01524371558 291.079921784 702.904834501 
63 5.58632839284 281.333473029 713.080198578 
64 5.20087181276 271.884801561 722.914326626 
65 4.85366710876 262.728616457 732.417716434 
66 4.54020092857 253.859133246 741.600665826 
67 4.25657739017 245.270160188 750.473262422 
68 3.9993955023 236.955240543 759.045363954 
69 3.76571007635 228.907692069 767.326597854 
70 3.55293914007 221.120712717 775.326348143 
71 3.35883577762 213.587405999 783.053758224 
72 3.18142202603 206.300853957 790.517724017 
73 3.01896810689 199.254135086 797.726896807 
74 2.86994527572 192.440373758 804.689680966 
75 2.73301939965 185.852740129 811.414240471 
76 2.60699373159 179.484512092 817.908494176 
77 2.49079214639 173.329087778 824.180120076 
78 2.38350192101 167.379925272 830.236572807 
79 2.28428209185 161.63064669 836.085071218 
80 2.19238999099 156.074999378 841.732610631 
81 2.10717203158 150.706859818 847.18596815 
82 2.02802646621 145.520270558 852.451702976 
83 1.95442879913 140.509404246 857.536166955 
84 1.88590309224 135.668590222 862.445506686 
85 1.82201611928 130.992314856 867.185669024 
86 1.76238816761 126.475202875 871.762408957 
87 1.70666398971 122.112038765 876.181297245 
88 1.65454229796 117.897754501 880.447703201 
89 1.60572851998 113.827426119 884.566845361 
90 1.55996613027 109.896279876 888.543753994 
91 1.51702726585 106.099672718 892.383300017 
92 1.47669768536 102.433112642 896.090189673 
93 1.43877895047 98.8922557454 899.668965304 
94 1.40309017355 95.4729038082 903.124006018 
95 1.36946781152 92.1709663225 906.459565866 
96 1.33776570073 88.9824669097 909.67976739 
97 1.30785526344 85.9035813671 912.788563369 
98 1.27962304428 82.9306151261 915.78976183 
99 1.25294589129 80.0599623305 918.687091778 
100 1.22771681019 77.2881484653 921.484134724 
