Time S I R
0.0  10000 1 0
1 9997.7580956 2.20211170838 1.03979269487 
2 9992.82419357 4.84685415576 3.32895227917 
3 9981.97922244 10.6561590333 8.36461852414 
4 9958.2059702 23.3715619307 19.4224678709 
5 9906.40079196 50.9884427934 43.6107652472 
6 9794.95266764 109.968801263 96.0785310935 
7 9561.67059125 231.465732834 207.863675917 
8 9100.01287865 463.63073592 437.356385426 
9 8278.88876843 846.203911024 875.90732055 
10 7056.38295555 1327.75312345 1616.863921 
11 5627.79802427 1707.27457033 2665.9274054 
12 4332.72696086 1789.55040672 3878.72263241 
13 3370.17476346 1587.02249882 5043.80273772 
14 2732.70377564 1252.14087353 6016.15535083 
15 2330.69408365 916.209908021 6754.09600833 
16 2080.28865774 639.521404386 7281.18993788 
17 1923.88635384 433.460776509 7643.65286965 
18 1825.51586272 288.434246575 7887.0498907 
19 1763.22049431 189.713142882 8048.06636281 
20 1723.55579474 123.863645132 8153.58056013 
21 1698.20096234 80.4907841795 8222.30825348 
22 1681.94925213 52.1482984355 8266.90244944 
23 1671.51331404 33.7205721629 8295.76611379 
24 1664.80379808 21.7776214329 8314.41858049 
25 1660.48666225 14.0533289502 8326.46000879 
26 1657.70742713 9.06410256623 8334.2284703 
27 1655.91764103 5.84421977026 8339.2381392 
28 1654.76479671 3.76734829562 8342.467855 
29 1654.02211753 2.42820567415 8344.5496768 
30 1653.54362878 1.56493612615 8345.89143509 
31 1653.23533329 1.00851652971 8346.75615018 
32 1653.03668774 0.649910564898 8347.31340169 
33 1652.90869024 0.418806895686 8347.67250286 
34 1652.82621361 0.269877918467 8347.90390847 
35 1652.77306816 0.173906480273 8348.05302536 
36 1652.73882271 0.112062597781 8348.1491147 
37 1652.71675597 0.0722112093684 8348.21103282 
38 1652.7025367 0.0465315048288 8348.2509318 
39 1652.69337415 0.0299839614757 8348.27664189 
40 1652.68747002 0.0193210224817 8348.29320896 
41 1652.68366554 0.0124500546355 8348.30388441 
42 1652.68121401 0.0080225349047 8348.31076346 
43 1652.67963433 0.00516958792309 8348.31519608 
44 1652.67861643 0.00333122443105 8348.31805235 
45 1652.67796049 0.00214658229202 8348.31989293 
46 1652.67753782 0.0013832199862 8348.32107896 
47 1652.67726546 0.000891333841769 8348.32184321 
48 1652.67708994 0.000574336687382 8348.32233573 
49 1652.67697684 0.000370083760273 8348.32265307 
50 1652.67690396 0.000238460035022 8348.32285758 
51 1652.67685701 0.000153667393367 8348.32298932 
52 1652.67682674 9.89845428522e-05 8348.32307428 
53 1652.67680722 6.37368391968e-05 8348.32312904 
54 1652.67679468 4.10991794408e-05 8348.32316422 
55 1652.6767866 2.65051124502e-05 8348.32318689 
56 1652.67678139 1.70944683713e-05 8348.32320151 
57 1652.67677805 1.10512861528e-05 8348.3232109 
58 1652.67677589 7.16259964521e-06 8348.32321694 
59 1652.67677447 4.59255025742e-06 8348.32322094 
60 1652.67677354 2.91222066047e-06 8348.32322355 
61 1652.67677296 1.85950262605e-06 8348.32322518 
62 1652.67677258 1.18022728791e-06 8348.32322624 
63 1652.67677235 7.63000659442e-07 8348.32322689 
64 1652.67677221 5.05451067659e-07 8348.32322729 
65 1652.67677211 3.35220912936e-07 8348.32322755 
66 1652.67677205 2.20348492168e-07 8348.32322773 
67 1652.67677201 1.43519444818e-07 8348.32322785 
68 1652.67677198 9.35461288697e-08 8348.32322793 
69 1652.67677196 6.12289907699e-08 8348.32322798 
70 1652.67677195 4.01312184286e-08 8348.32322801 
