Time S I R
0  997 3 0
1 995.020219675 4.83714248675 0.142637838331 
2 991.838415345 7.78911068788 0.372473967135 
3 986.741578758 12.5162387311 0.742182511184 
4 978.619924835 20.0448087666 1.33526639829 
5 965.786167388 31.9312726057 2.28256000608 
6 945.771978614 50.4427417828 3.78527960323 
7 915.192355796 78.6638167831 6.14382742058 
8 869.899380454 120.314499746 9.78611979997 
9 805.804474023 178.917172896 15.2783530809 
10 720.705775701 256.006755893 23.2874684059 
11 616.764560894 348.77182844 34.4636106665 
12 501.923712734 448.827296571 49.2489906944 
13 388.146756961 544.157321235 67.6959218043 
14 286.780987159 623.803995069 89.4150177728 
15 204.455218308 681.848472403 113.696309289 
16 142.269438269 718.01223011 139.718331621 
17 97.6496584686 735.626093266 166.724248266 
18 66.6707056111 739.219938731 194.109355658 
19 45.5579104173 733.007944046 221.434145537 
20 31.2872329862 720.313197699 248.399569315 
21 21.6528651601 703.534807864 274.812326976 
22 15.1261093657 684.320372625 300.553518009 
23 10.6762602342 663.769151637 325.554588129 
24 7.61734758174 642.602370508 349.780281911 
25 5.49493622226 621.28798361 373.217080168 
26 4.00766124001 600.126839287 395.865499473 
27 2.95486999719 579.310084067 417.735045936 
28 2.20196983568 558.957149701 438.840880464 
29 1.658022015 539.140320011 459.201657974 
30 1.26111318033 519.900781483 478.838105337 
31 0.968707364918 501.259220536 497.772072099 
32 0.751161385082 483.222945506 516.025893109 
33 0.58781079781 465.790181651 533.622007551 
34 0.464081227053 448.953242484 550.582676289 
35 0.369545605477 432.700661975 566.929792419 
36 0.296698230972 417.018528091 582.684773678 
37 0.240122246875 401.891382358 597.868495395 
38 0.195844736312 387.302914481 612.501240783 
39 0.160885845438 373.236441308 626.602672847 
40 0.133113104338 359.675044803 640.191842093 
41 0.110898329587 346.601932002 653.287169668 
42 0.0930120496882 334.000532427 665.906455523 
43 0.0785115681094 321.854599303 678.066889128 
44 0.0666783039833 310.148253677 689.785068019 
45 0.0569455961884 298.866040565 701.077013839 
46 0.0489250081295 287.992908102 711.95816689 
47 0.0422712422735 277.51429461 722.443434148 
48 0.0367216243473 267.4161022 732.547176175 
49 0.0320629431016 257.684683959 742.283253098 
50 0.0281334933642 248.30685205 751.665014457 
51 0.0248009971133 239.269856964 760.705342039 
52 0.0219567959265 230.561236807 769.416806397 
53 0.0195388757752 222.169573651 777.810887473 
54 0.0174560290832 214.082958232 785.899585739 
55 0.0156601519668 206.290490257 793.693849591 
56 0.014104364267 198.781499104 801.204396532 
57 0.0127516274832 191.545692662 808.44155571 
58 0.0115709844513 184.57315357 815.415275446 
59 0.0105364540032 177.854312649 822.135150897 
60 0.00962623773137 171.379947813 828.61042595 
61 0.00882384742761 165.141186596 834.849989557 
62 0.00811334878802 159.129434163 840.862452488 
63 0.00748257441319 153.33646668 846.656050746 
64 0.00692257840069 147.75439768 852.238679741 
65 0.00642246871462 142.375492946 857.618084585 
66 0.00597489338065 137.192376461 862.801648646 
67 0.00557306201631 132.197917075 867.796509863 
68 0.00521129273113 127.385249716 872.609538992 
69 0.00488513193091 122.747776153 877.247338715 
70 0.004589984831 118.279099764 881.716310251 
71 0.00432255938881 113.97309678 886.02258066 
72 0.00407960937275 109.823829177 890.172091214 
73 0.00385841961543 105.825585062 894.170556518 
74 0.00365679193112 101.97288449 898.023458718 
75 0.00347263727781 98.2604512362 901.736076127 
76 0.0033040557621 94.68319889 905.313497054 
77 0.00315022216864 91.2362125495 908.760637228 
78 0.00300965038514 87.914744819 912.082245531 
79 0.00288045210937 84.7142009241 915.282918624 
80 0.00276025502217 81.6301257147 918.36711403 
81 0.00264773466915 78.6582625766 921.339089689 
82 0.00254305546332 75.7945664902 924.202890454 
83 0.00244619277623 73.0351280195 926.962425788 
84 0.00235719946318 70.3761812305 929.62146157 
85 0.00227487304244 67.8140477737 932.183677353 
86 0.00219838778094 65.3451939567 934.652607655 
87 0.00212681758364 62.9662077173 937.031665465 
88 0.00205992784936 60.6738260597 939.324114012 
89 0.00199742595009 58.4648996405 941.533102934 
90 0.00193901126488 56.336390033 943.661670956 
91 0.00188435739733 54.285370415 945.712745228 
92 0.00183315018546 52.3090206379 947.689146212 
93 0.00178513229389 50.4046222135 949.593592654 
94 0.00174006702855 48.5695558362 951.428704097 
95 0.0016977304532 46.8012984826 953.197003787 
96 0.00165791061841 45.0974167856 954.900925304 
97 0.00162040930047 43.4555652875 956.542814303 
98 0.00158507266167 41.8734878664 958.124927061 
99 0.00155175131795 40.3490084504 959.649439798 
100 0.0015203073915 38.8800291926 961.1184505 
