Time S I R
0  997 3 0
1 995.06739678 4.7976862511 0.134916969386 
2 991.986422941 7.66303137916 0.350545680013 
3 987.090031159 12.2153567173 0.69461212413 
4 979.346952391 19.4108348311 1.24221277811 
5 967.197601304 30.6921809468 2.11021774956 
6 948.366477048 48.1561381432 3.47738480898 
7 919.725251054 74.6650292401 5.60971970548 
8 877.390525799 113.723113883 8.88636031759 
9 817.382281563 168.805200038 13.8125183981 
10 737.173343118 241.832400619 20.9942562635 
11 637.95167623 331.002181454 31.0461423155 
12 526.261992078 429.30906799 44.4289399322 
13 413.022196831 525.70087116 61.2769320087 
14 309.589343039 609.090249124 81.3204078373 
15 223.547355612 672.490384646 103.962259742 
16 157.175816219 714.367961679 128.456222101 
17 108.730442714 737.190431514 154.079125772 
18 74.6471892278 745.121878628 180.230932144 
19 51.1892477386 742.348555251 206.46219701 
20 35.2214602341 732.3194229 232.459116866 
21 24.3892796969 717.597038612 258.013681691 
22 17.0284792396 699.977379853 282.994140908 
23 12.0014362827 680.677285159 307.321278558 
24 8.54371401434 660.505175526 330.95111046 
25 6.14531875243 639.991758534 353.862922714 
26 4.46643265099 619.482355366 376.051211983 
27 3.27995022004 599.199717632 397.520332148 
28 2.43337229598 579.285657223 418.280970481 
29 1.82339838399 559.828809837 438.347791779 
30 1.37967976075 540.882391676 457.737928563 
31 1.05387159024 522.476180633 476.469947777 
32 0.812487906029 504.624337593 494.563174501 
33 0.631954274079 487.330822002 512.037223723 
34 0.495779197492 470.592486036 528.911734766 
35 0.39221540311 454.401635541 545.206149056 
36 0.312793052137 438.747633886 560.939573062 
37 0.251406159835 423.617887677 576.130706163 
38 0.203602419107 408.99861617 590.797781411 
39 0.16610035317 394.875367835 604.958531812 
40 0.136424435164 381.233404694 618.63017087 
41 0.112824690082 368.057776468 631.829398842 
42 0.0939261334413 355.333687937 644.57238593 
43 0.0786920436337 343.046524888 656.874783069 
44 0.0663340012877 331.181936727 668.751729272 
45 0.0562448990623 319.725887835 680.217867266 
46 0.0479438688947 308.664700732 691.287355399 
47 0.041109881279 297.985028493 701.973861626 
48 0.0354390171312 287.673953289 712.290607694 
49 0.0307131729105 277.718936994 722.250349833 
50 0.0267468695704 268.107827299 731.865425831 
51 0.0234048429334 258.828858465 741.147736692 
52 0.0205724764695 249.870636699 750.108790824 
53 0.0181590082834 241.222026217 758.759814774 
54 0.0161084789967 232.87272737 767.111164151 
55 0.014345073267 224.812100387 775.17355454 
56 0.0128266769236 217.030315639 782.956857684 
57 0.01151322879 209.517752078 790.470734694 
58 0.0103730106939 202.265112992 797.724513998 
59 0.00937947768318 195.263423422 804.7271971 
60 0.00851038663995 188.504010375 811.487479239 
61 0.00774695765449 181.978498891 818.013754151 
62 0.0070750008183 175.678808398 824.314116601 
63 0.00648137098392 169.597116387 830.396402242 
64 0.00595483598761 163.725884966 836.268160198 
65 0.00548845880098 158.05792001 841.936591532 
66 0.005073093899 152.586144673 847.408782233 
67 0.00470186699533 147.303764252 852.691533882 
68 0.00436943839327 142.204237172 857.79139339 
69 0.00407056938775 137.281219162 862.714710269 
70 0.0038016345178 132.528625102 867.467573264 
71 0.00355869029625 127.940535283 872.055906027 
72 0.00333888057276 123.511267231 876.485393889 
73 0.00313970033221 119.235334178 880.761526122 
74 0.00295865439034 115.10740401 884.889637335 
75 0.00279383927295 111.122357473 888.874848688 
76 0.00264361699226 107.275264844 892.722091539 
77 0.00250636656983 103.561369585 896.436124048 
78 0.00238075520656 99.9760761874 900.021543057 
79 0.00226628169185 96.5149367753 903.482796943 
80 0.00216174503362 93.1736471419 906.824191113 
81 0.00206562661901 89.9480340874 910.049900286 
82 0.00197598767613 86.8340450228 913.16397899 
83 0.00189187320939 83.8278038112 916.170304316 
84 0.00181353535652 80.9256157825 919.072570682 
85 0.00174099122046 78.1239010421 921.874357967 
86 0.00167445334546 75.4192098685 924.579115678 
87 0.00161300947548 72.8081682005 927.19021879 
88 0.00155600837388 70.2875261194 929.710917872 
89 0.00150271093207 67.854140336 932.144356953 
90 0.00145279324556 65.5049909392 934.493556268 
91 0.00140613593896 63.2371686946 936.761425169 
92 0.00136250290564 61.0478578199 938.950779677 
93 0.00132169244557 58.9343401597 941.064338148 
94 0.00128345074597 56.8939930574 943.104723492 
95 0.00124758515653 54.9242836474 945.074468767 
96 0.00121392643314 53.0227659718 946.976020102 
97 0.0011823100532 51.1870801624 948.811737528 
98 0.00115257915752 49.4149474195 950.583900001 
99 0.00112458263982 47.7041660899 952.294709327 
100 0.00109818567705 46.0526112232 953.946290591 
