Time S I R
0.0  10000 1 0
1 9998.27749246 2.3162561772 0.406251366533 
2 9994.28946593 5.36344268938 1.34709138267 
3 9985.06420047 12.4108791071 3.52492041856 
4 9963.76668226 28.6729498846 8.56036785524 
5 9914.82577137 66.0016814103 20.172547218 
6 9803.54516378 150.664040608 46.7907956157 
7 9556.48530704 337.530868884 106.983824078 
8 9035.80803029 726.086033033 239.105936672 
9 8048.88849687 1440.2432639 511.868239234 
10 6501.3182852 2484.25102379 1015.43069101 
11 4658.27099322 3541.13827423 1801.59073255 
12 3035.09393384 4154.02427754 2811.88178862 
13 1909.90001964 4186.88013679 3904.21984357 
14 1226.52618785 3825.85051086 4948.62330128 
15 828.522158732 3298.70553696 5873.77230431 
16 594.322525189 2749.43439577 6657.24307904 
17 451.893146132 2245.75018623 7303.35666764 
18 361.808482369 1811.51615711 7827.67536053 
19 302.632539064 1449.51287472 8248.85458622 
20 262.435822498 1153.6263248 8584.9378527 
21 234.346086379 914.742520062 8851.91139356 
22 214.252084633 723.427486097 9063.32042927 
23 199.601832468 571.044279276 9230.35388826 
24 188.755818649 450.133376184 9362.11080517 
25 180.627476342 354.456712658 9465.915811 
26 174.476314808 278.898857218 9547.62482797 
27 169.785360375 219.3174453 9611.89719433 
28 166.186026991 172.386463187 9662.42750982 
29 163.411124457 135.450932584 9702.13794296 
30 161.263608466 106.400546573 9733.33584496 
31 159.596650011 83.5632267238 9757.84012327 
32 158.29967336 65.6169764294 9777.08335021 
33 157.288693729 51.5184134327 9792.19289284 
34 156.499496252 40.4450909788 9804.05541277 
35 155.882715293 31.7493545041 9813.3679302 
36 155.400270078 24.9217604293 9820.67796949 
37 155.02262808 19.5614965842 9826.41587534 
38 154.726858387 15.3535677826 9830.91957383 
39 154.495111509 12.050473859 9834.45441463 
40 154.313466267 9.45777239252 9837.22876134 
41 154.171053611 7.42277016398 9839.40617623 
42 154.059376348 5.82555275125 9841.1150709 
43 153.971786725 4.57197148459 9842.45624179 
44 153.903080444 3.58811417191 9843.50880538 
45 153.849180903 2.81595677733 9844.33486232 
46 153.806893821 2.20995522741 9844.98315095 
47 153.773715236 1.73435957916 9845.49192518 
48 153.747681939 1.36111056561 9845.8912075 
49 153.727254343 1.06818522762 9846.20456043 
50 153.7112249 0.838298847409 9846.45047625 
51 153.698646371 0.657885820804 9846.64346781 
52 153.688775633 0.516299411495 9846.79492496 
53 153.681029667 0.405184026667 9846.91378631 
54 153.674951024 0.317982091249 9847.00706688 
55 153.67018077 0.249547221882 9847.08027201 
56 153.666437256 0.195840546334 9847.1377222 
57 153.663499464 0.153692268021 9847.18280827 
58 153.661193979 0.120615043531 9847.21819098 
59 153.659384702 0.0946566254656 9847.24595867 
60 153.657964825 0.07428486231 9847.26775031 
61 153.656850541 0.0582974675703 9847.28485199 
62 153.655976076 0.0457508347239 9847.29827309 
63 153.655289814 0.0359044426734 9847.30880574 
64 153.65475125 0.0281771748864 9847.31707158 
65 153.654328596 0.0221129484503 9847.32355846 
66 153.653996905 0.0173538472204 9847.32864925 
67 153.653736601 0.0136189924428 9847.33264441 
68 153.653532319 0.0106879424428 9847.33577974 
69 153.653372002 0.00838770622497 9847.33824029 
70 153.653246189 0.00658252259023 9847.34017129 
