Time S I R
0  997 3 0
1 995.288430297 4.42897231142 0.282597391668 
2 992.768205128 6.53219704139 0.699597830236 
3 989.065486341 9.62033393211 1.31417972642 
4 983.643132048 14.138514604 2.21835334793 
5 975.740246618 20.7146335398 3.54511984216 
6 964.301640843 30.2137261422 5.4846330151 
7 947.910299913 43.7852890741 8.30441101296 
8 924.755023184 62.8729706001 12.3720062156 
9 892.695097106 89.1296541815 18.1752487125 
10 849.515355487 124.154965441 26.3296790716 
11 793.463516832 168.980132343 37.556350825 
12 724.062807133 223.326743709 52.6104491579 
13 642.950879453 284.897655569 72.1514649789 
14 554.224059632 349.200257684 96.5756826834 
15 463.80153702 410.327896277 125.870566703 
16 377.889624455 462.546505528 159.563870017 
17 301.328260618 501.870795411 196.800943971 
18 236.68729806 526.798114992 236.514586948 
19 184.35652807 538.032386614 277.611085317 
20 143.245452782 537.644975218 319.109572 
21 111.569680039 528.217139137 360.213180825 
22 87.4247522496 512.251606714 400.323641036 
23 69.0957762555 491.881902401 439.022321343 
24 55.1712633265 468.791123733 476.03761294 
25 44.5489776668 444.240022726 511.210999607 
26 36.3936024562 419.139338379 544.467059165 
27 30.082755384 394.127677354 575.789567262 
28 25.1565339333 369.640221347 605.20324472 
29 21.2757848618 345.963879782 632.760335356 
30 18.1902151402 323.27893971 658.53084515 
31 15.7142671937 301.690149107 682.595583699 
32 13.7096247018 281.249115976 705.041259323 
33 12.0724874285 261.970463681 725.95704889 
34 10.7243748178 243.843413447 745.432211735 
35 9.60549209408 226.840033878 763.554474028 
36 8.66991671187 210.921138947 780.408944342 
37 7.88208951194 196.040495012 796.077415476 
38 7.21427799096 182.147771381 810.637950628 
39 6.64468607133 169.190663525 824.164650404 
40 6.15603724051 157.116408848 836.727553912 
41 5.7345451138 145.872802396 848.39265249 
42 5.36912656359 135.408910531 859.221962906 
43 5.050817623 125.675539096 869.273643281 
44 4.77231798514 116.625544299 878.602137716 
45 4.52764512741 108.214008789 887.258346084 
46 4.31186280941 100.398342089 895.289795102 
47 4.12087276758 93.1383071157 902.740820117 
48 3.95128017819 86.3959662405 909.652753581 
49 3.80021419419 80.135699718 916.064086088 
50 3.6652682647 74.3240791185 922.010652617 
51 3.544399506 68.9298060908 927.525794403 
52 3.43587126705 63.923607504 932.640521229 
53 3.33820060591 59.2781355852 937.383663809 
54 3.25011199596 54.9678722222 941.782015782 
55 3.17050932738 50.9690189395 945.860471733 
56 3.09844162226 47.2594012597 949.642157118 
57 3.03308505159 43.8183671145 953.148547834 
58 2.97371994964 40.6266949746 956.399585076 
59 2.91971417163 37.6665046429 959.413781185 
60 2.8705192544 34.9211615657 962.20831918 
61 2.82565634756 32.3751993312 964.799144321 
62 2.78469208264 30.014257814 967.201050103 
63 2.74724600492 27.824971291 969.427782704 
64 2.71298320342 25.7949433313 971.492073465 
65 2.68160383472 23.9126585037 973.405737662 
66 2.65283613948 22.1674053009 975.17975856 
67 2.62644528994 20.5492702521 976.824284458 
68 2.60221526338 19.0490256112 978.348759125 
69 2.57995225444 17.6581093001 979.761938445 
70 2.55948512404 16.3685918885 981.071922987 
71 2.54065820546 15.1731070685 982.286234726 
72 2.52333044327 14.0648189204 983.411850636 
73 2.50737352273 13.0373784589 984.455248018 
74 2.49267257827 12.084907747 985.422419675 
75 2.47912253359 11.2019457576 986.318931709 
76 2.46662844761 10.3834341249 987.149937427 
77 2.45510345648 9.62467475475 987.920221789 
78 2.44446883686 8.92131608701 988.634215076 
79 2.43465249064 8.26931739374 989.296030116 
80 2.42558880425 7.66493549954 989.909475696 
81 2.41721769004 7.10469685614 990.478085454 
82 2.40948425428 6.58538224762 991.005133498 
83 2.40233822013 6.10400603297 991.493655747 
84 2.39573337322 5.65779656281 991.946470064 
85 2.38962737453 5.24418639644 992.366186229 
86 2.38398166774 4.86079992323 992.755218409 
87 2.37876088497 4.50543508032 993.115804035 
88 2.37393204659 4.17604156758 993.450026386 
89 2.36946487646 3.87071925086 993.759815873 
90 2.3653317765 3.58771160634 994.046956617 
91 2.36150737485 3.32539094056 994.313101685 
92 2.35796814055 3.08224519907 994.55978666 
93 2.35469241863 2.85687331446 994.788434267 
94 2.35166027727 2.64797662762 995.000363095 
95 2.34885333622 2.45435102897 995.196795635 
96 2.34625463344 2.27488055868 995.378864808 
97 2.34384852898 2.10853129404 995.547620177 
98 2.34162057648 1.95434427865 995.704035145 
99 2.33955743603 1.81143040543 995.849012159 
100 2.33764678803 1.67896562965 995.983387582 
