Time S I R
0  997 3 0
1 993.714764412 6.02566465638 0.259570931569 
2 987.160655483 12.0593507627 0.779993754274 
3 974.219380463 23.9628107713 1.81780876537 
4 949.179315169 46.9550689001 3.86561593137 
5 902.574392933 89.6005069359 7.8251001312 
6 821.774881172 163.024382286 15.2007365425 
7 697.480270192 274.421922122 28.0978076862 
8 537.339892975 414.048376731 48.6117302938 
9 371.803753668 550.622504232 77.5737421007 
10 234.687443064 651.553702458 113.758854478 
11 139.660664414 705.76092392 154.578411665 
12 80.9954141372 721.578691225 197.425894637 
13 46.8876649292 712.696404051 240.415931019 
14 27.485277734 690.094546104 282.420176162 
15 16.4387783208 660.717410367 322.843811312 
16 10.0667341019 628.521718652 361.411547246 
17 6.31969052091 595.654637335 398.025672144 
18 4.06727375758 563.249154654 432.683571589 
19 2.68204570671 531.885739617 465.432214676 
20 1.81038880291 501.84619043 496.343420767 
21 1.24960236438 473.249853585 525.500544051 
22 0.881027298417 446.127812557 552.991160145 
23 0.633720206716 420.463161168 578.903118626 
24 0.464576988608 396.213004565 603.322418447 
25 0.346736710959 373.321227633 626.332035656 
26 0.263220663279 351.725397443 648.011381894 
27 0.203017870668 331.360938158 668.436043971 
28 0.158957401224 312.163292422 687.677750177 
29 0.12623840123 294.069359733 705.804401866 
30 0.101600105349 277.01821398 722.880185915 
31 0.0828097120967 260.951468804 738.965721483 
32 0.0683115768917 245.813463503 754.118224921 
33 0.0569631406704 231.551385518 768.391651341 
34 0.0479963512297 218.115113973 781.836889675 
35 0.0408475878514 205.457244292 794.501908121 
36 0.0350981282995 193.533003009 806.431898863 
37 0.0304231861935 182.30009148 817.669485334 
38 0.0265892443816 171.718598723 828.254812033 
39 0.0234213478252 161.750874193 838.225704459 
40 0.0207802016909 152.36138279 847.617837009 
41 0.0185689061882 143.516698981 856.464732113 
42 0.0167009233912 135.185235241 864.798063835 
43 0.0151138628228 127.33726757 872.647618567 
44 0.0137570740637 119.944771013 880.041471913 
45 0.012590466305 112.981323876 887.006085658 
46 0.0115826296449 106.422070444 893.566346926 
47 0.0107068765939 100.243530275 899.745762848 
48 0.00994305233064 94.4236595156 905.566397432 
49 0.00927375616845 88.9416217376 911.049104506 
50 0.00868466805218 83.7778359431 916.213479389 
51 0.00816508448588 78.9138617758 921.07797314 
52 0.0077041056943 74.3322490277 925.660046867 
53 0.00729271497926 70.0165753655 929.97613192 
54 0.00692542533579 65.9514497036 934.041624871 
55 0.00659626168954 62.1223208459 937.871082892 
56 0.0063006324167 58.5155015034 941.478197864 
57 0.00603426415989 55.1180809186 944.875884817 
58 0.00579368124625 51.9179078346 948.076298484 
59 0.00557585717127 48.9035302322 951.090893911 
60 0.00537812424932 46.0641572193 953.930464656 
61 0.00519830867199 43.3896367463 956.605164945 
62 0.00503442880722 40.870394323 959.124571248 
63 0.00488482530136 38.4974237748 961.4976914 
64 0.00474798724667 36.2622291968 963.733022816 
65 0.00462255882746 34.1567991871 965.838578254 
66 0.00450733581511 32.1735969823 967.821895682 
67 0.00440132230767 30.3055297841 969.690068894 
68 0.00430380900252 28.5459311854 971.449765006 
69 0.00421409836508 26.8885136341 973.107272268 
70 0.00413135637211 25.3273323062 974.668536337 
71 0.00405484141299 23.8567877568 976.139157402 
72 0.00398400344636 22.471617554 977.524398443 
73 0.00391839695726 21.1668696888 978.829211914 
74 0.00385763788438 19.9378813529 980.058261009 
75 0.00380128213101 18.7802502447 981.215948473 
76 0.00374894727372 17.6898332001 982.306417853 
77 0.0037002999776 16.66272765 983.33357205 
78 0.00365505261129 15.6952573163 984.301087631 
79 0.00361294094125 14.783958809 985.21242825 
80 0.00357371840141 13.925570611 986.070855671 
81 0.00353716262032 13.117021752 986.879441085 
82 0.00350307207702 12.3554198557 987.641077072 
83 0.0034712612927 11.6380380781 988.358490661 
84 0.00344156182757 10.9623086906 989.034249748 
85 0.00341381914598 10.3258130882 989.670773093 
86 0.00338789165801 9.72627337822 990.27033873 
87 0.00336364971099 9.161544038 990.835092312 
88 0.00334097256336 8.6296023092 991.367056718 
89 0.00331975039785 8.12854443307 991.868135817 
90 0.00329988344299 7.65657890911 992.340121207 
91 0.00328128120668 7.21202011214 992.784698607 
92 0.00326385640403 6.79327530848 993.203460835 
93 0.00324752844062 6.39884430858 993.597908163 
94 0.00323222268776 6.02731396031 993.969453817 
95 0.00321787058613 5.6773538356 994.319428294 
96 0.00320440941925 5.34771189081 994.6490837 
97 0.0031917813252 5.03720952559 994.959598693 
98 0.00317993286797 4.74473704814 995.252083019 
99 0.00316881270658 4.46924622327 995.527584964 
100 0.00315837379901 4.20975107905 995.787090547 
