Time S I R
0.0  10000 1 0
1 9999.29812103 1.48723164855 0.214647322959 
2 9998.25438477 2.21174655803 0.533868668436 
3 9996.70244399 3.28897264781 1.00858336712 
4 9994.39520363 4.89032759553 1.71446877796 
5 9990.96585522 7.27018759758 2.76395718344 
6 9985.8704391 10.8055808148 4.32398008779 
7 9978.30332393 16.0544630649 6.64221300104 
8 9967.07400554 23.8403674294 10.0856270276 
9 9950.42868336 35.3743408565 15.1969757866 
10 9925.79591276 52.4273114941 22.7767757453 
11 9889.43180757 77.567291188 34.0009012459 
12 9835.94243088 114.471438072 50.5861310488 
13 9757.67792057 168.305542636 75.0165367965 
14 9644.04393788 246.117412844 110.838649273 
15 9480.88886566 357.094254133 163.016880203 
16 9250.3394118 512.360560865 238.300027337 
17 8931.7668067 723.759868344 345.473324956 
18 8504.83211941 1000.91094528 495.256935311 
19 7955.35492669 1346.14187563 699.503197678 
20 7283.38820346 1748.23627424 969.375522304 
21 6510.25149617 2178.20144042 1312.54706341 
22 5679.2153143 2591.61116146 1730.17352424 
23 4846.52906926 2939.43880887 2215.03212187 
24 4066.02398699 3182.95574529 2752.02026771 
25 3375.71540418 3304.2868277 3320.99776811 
26 2792.82122346 3307.5087378 3900.67003874 
27 2316.94366287 3212.12685472 4471.92948241 
28 1936.92142047 3044.29602344 5019.78255608 
29 1637.2104892 2829.9241074 5533.8654034 
30 1402.06087508 2590.91187312 6008.02725179 
31 1217.56487817 2343.93996137 6439.49516046 
32 1072.31735595 2100.71500119 6827.96764286 
33 957.33826335 1868.84442516 7174.81731149 
34 865.715649669 1652.8232594 7482.46109093 
35 792.186370755 1454.91821589 7753.89541336 
36 732.757214453 1275.87191974 7992.37086581 
37 684.394812509 1115.43097244 8201.17421505 
38 644.785118297 972.725286437 8383.48959527 
39 612.151984397 846.533073298 8542.3149423 
40 585.122106057 735.460476708 8680.41741723 
41 562.625254503 638.060353044 8800.31439245 
42 543.820616197 552.908070179 8904.27131362 
43 528.042275862 478.647687307 8994.31003683 
44 514.758753142 414.017883205 9072.22336365 
45 503.542579227 357.86467757 9139.5927432 
46 494.047560635 309.144868687 9197.80757068 
47 485.991468949 266.924138401 9248.08439265 
48 479.142828673 230.37164575 9291.48552558 
49 473.310724123 198.752741748 9328.93653413 
50 468.33691408 171.420744617 9361.2423413 
51 464.08965255 147.808478125 9389.10186933 
52 460.458772208 127.420030764 9413.12119703 
53 457.351838094 109.822816446 9433.82534546 
54 454.691030675 94.6402682351 9451.66870109 
55 452.41065169 81.545147794 9467.04420052 
56 450.455095512 70.2534727361 9480.29143175 
57 448.777194159 60.5190968474 9491.70370899 
58 447.336856703 52.1288834295 9501.53425987 
59 446.099959884 44.8984380275 9510.00160209 
60 445.037401883 38.6683420678 9517.29425605 
61 444.124338412 33.3008549361 9523.57480665 
62 443.339536078 28.6770295381 9528.98343438 
63 442.664829153 24.6941937648 9533.64097708 
64 442.084663232 21.2637570739 9537.65157969 
65 441.585709073 18.3093016221 9541.1049893 
66 441.15653805 15.7649298822 9544.07853207 
67 440.787345593 13.5738298535 9546.63882455 
68 440.469716445 11.6870327985 9548.84325076 
69 440.196424298 10.0623358565 9550.74123985 
70 439.961261935 8.66337360748 9552.37536446 
