Time S I R
0  997 3 0
1 995.426450464 4.30800758227 0.265541953242 
2 993.172109534 6.18118826283 0.64670220286 
3 989.948372729 8.85835500891 1.19327226196 
4 985.350504761 12.673587522 1.97590771693 
5 978.817328597 18.0884012571 3.09427014548 
6 969.583524172 25.7287479085 4.68772791931 
7 956.630337671 36.4208658744 6.94879645486 
8 938.649474858 51.2117682722 10.1387568699 
9 914.049487891 71.3470729952 14.6034391137 
10 881.052838991 98.162641517 20.7845194918 
11 837.944634625 132.837304447 29.2180609278 
12 783.516025371 175.975292077 40.5086825521 
13 717.66165448 227.070399556 55.2679459647 
14 641.934520614 284.050809675 74.0146697108 
15 559.720890233 343.224657076 97.0544526916 
16 475.757938088 399.863984175 124.378077737 
17 395.0643641 449.311576893 155.624059007 
18 321.762369144 488.110502488 190.127128367 
19 258.341450489 514.625217796 227.033331716 
20 205.583585044 528.98098826 265.435426696 
21 162.971186187 532.544032079 304.484781735 
22 129.248949068 527.291843318 343.459207613 
23 102.898855826 515.312842605 381.788301569 
24 82.4430106325 498.507524123 419.049465245 
25 66.5910919087 478.46052198 454.948386112 
26 54.2861498453 456.419084641 489.294765513 
27 44.6947996856 433.326729236 521.978471078 
28 37.1749222944 409.8759697 552.949108006 
29 31.2382423932 386.562159824 582.199597783 
30 26.5159011546 363.730633799 609.753465046 
31 22.7296735066 341.615016332 635.655310161 
32 19.6696364967 320.366650687 659.963712816 
33 17.1767796533 300.077165007 682.746055339 
34 15.1301172865 280.79510726 704.074775453 
35 13.4370779181 262.538232391 724.024689691 
36 12.0263781581 245.302553954 742.671067888 
37 10.8427692047 229.068931574 760.088299221 
38 9.84313425845 213.807903657 776.348962085 
39 8.99359286837 199.483204784 791.523202348 
40 8.26732243982 186.054349273 805.678328287 
41 7.64299433383 173.478416009 818.878589657 
42 7.10348111069 161.711489638 831.185029252 
43 6.63496621111 150.709577762 842.655456026 
44 6.22623044257 140.429301716 853.344467842 
45 5.86809828487 130.828387899 863.303513816 
46 5.55303351977 121.865976965 872.580989515 
47 5.27480803716 113.50284563 881.222346333 
48 5.02824270173 105.701537259 889.27022004 
49 4.80901058118 98.4264281385 896.76456128 
50 4.61347322368 91.6437562053 903.742770571 
51 4.43857319897 85.3215864078 910.239840393 
52 4.28171068617 79.4298075489 916.288481765 
53 4.14067315711 73.9400686354 921.919258207 
54 4.01356382203 68.8257235981 927.16071258 
55 3.89876052096 64.0617470895 932.03949239 
56 3.7948577448 59.6246786678 936.580463587 
57 3.70064439143 55.492530406 940.806825203 
58 3.61506392622 51.6447247574 944.740211316 
59 3.53719857218 48.0620075782 948.40079385 
60 3.46624309853 44.7263792401 951.807377661 
61 3.40149275084 41.621018896 954.977488353 
62 3.3423255385 38.7302166039 957.927457858 
63 3.28819058332 36.039306992 960.672502425 
64 3.23860318695 33.5346000293 963.226796784 
65 3.1931383944 31.2033182619 965.603543344 
66 3.15140921408 29.0335569503 967.815033836 
67 3.11307215391 27.0142001879 969.872727658 
68 3.07782126492 25.1348876292 971.787291106 
69 3.04538347802 23.3859752503 973.568641272 
70 3.01550855132 21.7584527948 975.226038654 
71 2.98797623195 20.2439438962 976.768079872 
72 2.9625870465 18.8346394152 978.202773538 
73 2.93915785349 17.5232518383 979.537590308 
74 2.91752719472 16.3030159877 980.779456818 
75 2.8975457719 15.1676132204 981.934841008 
76 2.87907834872 14.1111624901 983.009759161 
77 2.86200353352 13.1281982852 984.009798181 
78 2.8462086413 12.2136141359 984.940177223 
79 2.83159210153 11.3626670957 985.805740803 
80 2.81806141594 10.5709429419 986.610995642 
81 2.8055317768 9.8343302927 987.360137931 
82 2.79392536693 9.14899972043 988.057074913 
83 2.78317077256 8.51138480783 988.70544442 
84 2.77320294651 7.9181718529 989.308625201 
85 2.76396185354 7.36627169029 989.869766456 
86 2.75539259221 6.85281359799 990.39179381 
87 2.74744446698 6.37512179916 990.877433734 
88 2.74007101452 5.93070957766 991.329219408 
89 2.73322932929 5.51725997262 991.749510698 
90 2.72687994796 5.13261855758 992.140501494 
91 2.72098647602 4.77478014185 992.504233382 
92 2.71551532124 4.44187849131 992.842606187 
93 2.7104355237 4.13217811904 993.157386357 
94 2.7057184071 3.84406170885 993.450219884 
95 2.70133748166 3.57602508866 993.72263743 
96 2.69726834844 3.32667073123 993.97606092 
97 2.69348857447 3.09470110728 994.211810318 
98 2.68997717934 2.8789036378 994.431119183 
99 2.68671472233 2.67814938475 994.635135893 
100 2.68368327891 2.49138981388 994.824926907 
