Time S I R
0  997 3 0
1 996.672594741 3.15588985032 0.171515408604 
2 996.328300125 3.31976057576 0.351939299638 
3 995.966261739 3.49200936092 0.541728900072 
4 995.585588494 3.67304972789 0.741361778331 
5 995.185345373 3.86331480212 0.95133982492 
6 994.764552304 4.06325769609 1.1721899998 
7 994.322183193 4.27335184032 1.40446496686 
8 993.857164498 4.49409150152 1.64874400058 
9 993.368372376 4.7259929268 1.90563469678 
10 992.854630691 4.9695950498 2.17577425885 
11 992.314708942 5.22546022621 2.45983083187 
12 991.747322728 5.49417408971 2.75850318268 
13 991.151129107 5.77634710712 3.07252378586 
14 990.524723362 6.07261570819 3.40266092978 
15 989.866637807 6.38364278833 3.74971940422 
16 989.175342382 6.71011699985 4.11454061799 
17 988.449240399 7.05275444098 4.49800516048 
18 987.6866662 7.41229929478 4.90103450548 
19 986.885883931 7.78952362901 5.32459243969 
20 986.045084984 8.18522861207 5.7696864043 
21 985.16238625 8.60024435212 6.2373693982 
22 984.235828156 9.03543020285 6.7287416407 
23 983.26337256 9.49167554956 7.24495189074 
24 982.242901868 9.96989872256 7.78719940991 
25 981.172216616 10.4710479365 8.35673544804 
26 980.049034321 10.9961008117 8.95486486751 
27 978.870989666 11.5460624897 9.58294784409 
28 977.635630275 12.1219682842 10.2424014404 
29 976.340415913 12.7248828342 10.9347012523 
30 974.982723147 13.3558942616 11.6613825911 
31 973.55984246 14.0161153343 12.4240422059 
32 972.068973534 14.706686327 13.224340139 
33 970.507228105 15.4287710937 14.0640008012 
34 968.871641202 16.1835465838 14.9448122138 
35 967.159158843 16.9722114084 15.8686297488 
36 965.366639818 17.7959830057 16.8373771763 
37 963.490866722 18.6560879293 17.8530453483 
38 961.528554022 19.553754419 18.9176915591 
39 959.476332659 20.4902225446 20.0334447964 
40 957.330759444 21.4667358592 21.2025046971 
41 955.088344028 22.4845211548 22.4271348169 
42 952.745535013 23.5447966741 23.7096683129 
43 950.298719444 24.6487709979 25.0525095579 
44 947.744241194 25.7976292428 26.4581295627 
45 945.078433545 26.9925101958 27.9290562588 
46 942.297588364 28.2345247979 29.4678868379 
47 939.397973316 29.5247433121 31.0772833715 
48 936.375873288 30.8641682581 32.7599584543 
49 933.227593344 32.2537307104 34.5186759459 
50 929.949444918 33.6942967603 36.3562583216 
51 926.537774148 35.1866488149 38.2755770376 
52 922.989021309 36.7314504193 40.2795282715 
53 919.299687162 38.3292623449 42.371050493 
54 915.466352161 39.9805295621 44.5531182774 
55 911.485721293 41.6855561358 46.8287225708 
56 907.354664883 43.4444824169 49.2008526997 
57 903.070186421 45.257296739 51.6725168401 
58 898.629461437 47.1238137934 54.2467247701 
59 894.029901867 49.0436468707 56.9264512627 
60 889.269148858 51.0162043745 59.7146467678 
61 884.345084565 53.0406799032 62.6142355313 
62 879.255872146 55.1160358369 65.6280920172 
63 874.000007388 57.24098985 68.7590027618 
64 868.576306818 59.4140018049 72.0096913766 
65 862.98394204 61.6332604299 75.38279753 
66 857.222471142 63.8966881546 78.880840703 
67 851.291863305 66.2019280361 82.506208659 
68 845.192519481 68.5463175181 86.2611630014 
69 838.925295792 70.9268906896 90.1478135184 
70 832.491496602 73.3404225862 94.1680808115 
71 825.892926212 75.7833715926 98.3237021954 
72 819.131909181 78.2518763785 102.616214441 
73 812.211279194 80.7417890848 107.046931722 
74 805.134353263 83.2487228685 111.616923869 
75 797.905006916 85.7679856488 116.327007435 
76 790.527641809 88.2946268418 121.177731349 
77 783.007158599 90.8234736058 126.169367795 
78 775.349015212 93.3490977195 131.301887069 
79 767.55917536 95.865871837 136.574952803 
80 759.644053215 98.3680290869 141.987917698 
81 751.610587916 100.849616043 147.539796041 
82 743.466168151 103.304562686 153.229269163 
83 735.21856256 105.726744766 159.054692674 
84 726.875986518 108.109953159 165.014060323 
85 718.447013713 110.447964487 171.105021801 
86 709.940497591 112.734603163 177.324899246 
87 701.365623218 114.963728088 183.670648694 
88 692.731813984 117.129296582 190.138889435 
89 684.0486515 119.225418294 196.725930206 
90 675.325904915 121.246365171 203.427729914 
91 666.573440634 123.186619097 210.239940269 
92 657.801152019 125.040910497 217.157937484 
93 649.018968164 126.804253732 224.176778104 
94 640.236785254 128.471980253 231.291234493 
95 631.464381759 130.039736917 238.495881323 
96 622.711406573 131.503554472 245.785038955 
97 613.987328135 132.859877953 253.152793912 
98 605.301405946 134.105527968 260.593066086 
99 596.662643828 135.237731621 268.099624551 
100 588.079727184 136.254200886 275.66607193 
