Time S I R
0  997 3 0
1 993.668176075 5.99577326867 0.336050656174 
2 987.054790904 11.938775507 1.0064335889 
3 974.064397696 23.5991860434 2.33641626056 
4 949.064016256 45.9893050779 4.94667866568 
5 902.78633428 87.2484464609 9.96521925947 
6 822.970601497 157.771526841 19.2578716625 
7 700.689608942 263.904225143 35.4061659145 
8 543.378561037 395.690156031 60.9312829319 
9 380.33335532 522.920320705 96.7463239745 
10 244.245997854 614.547796277 141.206205869 
11 148.751400736 660.258948593 190.989650671 
12 88.8005883608 668.419982995 242.779428644 
13 53.2130899676 652.598790047 294.188119985 
14 32.4619582661 623.733631287 343.804410447 
15 20.3046640447 588.786291258 390.909044697 
16 13.0614706668 551.739016046 435.199513287 
17 8.64704645789 514.747705127 476.605248415 
18 5.88834851182 478.932670852 515.178980636 
19 4.11981967563 444.844076034 551.03610429 
20 2.95724563931 412.721332572 584.321421789 
21 2.17446145007 382.634424101 615.191114449 
22 1.63526918606 354.561866438 643.802864376 
23 1.255797831 328.433604142 670.310598027 
24 0.983369765291 304.1548881 694.861742135 
25 0.784100397336 281.620036544 717.595863059 
26 0.635838574429 260.719998478 738.644162948 
27 0.52367804396 241.346943491 758.129378465 
28 0.437567172875 223.396415617 776.16601721 
29 0.370537120436 206.768810843 792.860652036 
30 0.317676578004 191.369996981 808.312326441 
31 0.275505559379 177.111509381 822.612985059 
32 0.241500602558 163.910533364 835.847966033 
33 0.213777399158 151.689880568 848.096342033 
34 0.190912478482 140.377601988 859.431485533 
35 0.17194927674 129.906862926 869.921187797 
36 0.156077050157 120.21546096 879.62846199 
37 0.142717151924 111.245872422 888.611410427 
38 0.131377016332 102.944553164 896.92406982 
39 0.121681616388 95.2618980649 904.616420319 
40 0.113350904829 88.1519925822 911.734656513 
41 0.106150980636 81.5722448056 918.321604214 
42 0.0998963640857 75.4832146459 924.41688899 
43 0.0944379369878 69.8483992939 930.057162769 
44 0.0896531594504 64.6339691854 935.276377655 
45 0.0854425422219 59.8086141676 940.10594329 
46 0.0817231085309 55.3433549793 944.574921912 
47 0.0784273858966 51.2113650509 948.710207563 
48 0.0754944734932 47.38771735 952.536788177 
49 0.0728784221369 43.8494638948 956.077657683 
50 0.0705383468578 40.5753181028 959.35414355 
51 0.0684400359546 37.5455837865 962.385976178 
52 0.0665540221947 34.7420258719 965.191420106 
53 0.0648551471875 32.1477661244 967.787378728 
54 0.063321790651 29.7471882001 970.189490009 
55 0.0619352280581 27.5258376045 972.412227167 
56 0.0606793384305 25.4703441468 974.468976515 
57 0.0595398961846 23.5683208928 976.372139211 
58 0.0585043723198 21.8083026726 978.133192955 
59 0.0575620230167 20.1796945309 979.762743446 
60 0.056703894376 18.6727084315 981.270587674 
61 0.0559213956163 17.2782573505 982.665821254 
62 0.0552068404925 15.9879283718 983.956864788 
63 0.0545536920475 14.7939483259 985.151497982 
64 0.0539562704315 13.6891300002 986.256913729 
65 0.0534093274383 12.6668151741 987.279775498 
66 0.0529081572488 11.7208434257 988.226248417 
67 0.0524485948696 10.8455141485 989.102037257 
68 0.0520269134249 10.035551691 989.912421396 
69 0.0516397441796 9.28607488707 990.662285369 
70 0.0512840578924 8.59256872644 991.356147216 
71 0.0509571174941 7.95085351742 991.998189365 
72 0.0506564513598 7.35706145422 992.592282094 
73 0.0503798198658 6.80761367915 993.142006501 
74 0.0501251937956 6.29919897472 993.650675831 
75 0.0498907247638 5.82875181568 994.12135746 
76 0.049674737822 5.39343698744 994.556888275 
77 0.0494757207764 4.99063410241 994.959890177 
78 0.0492922784758 4.61791390196 995.33279382 
79 0.0491231378188 4.27302838727 995.677848475 
80 0.0489671494261 3.95390086434 995.997131986 
81 0.0488232544961 3.65860728311 996.292569462 
82 0.0486904798825 3.38536605456 996.565943466 
83 0.0485679440631 3.13253162831 996.818900428 
84 0.0484548367619 2.89858033822 997.052964825 
85 0.0483504094881 2.68210033701 997.269549254 
86 0.0482539818765 2.48178794295 997.469958075 
87 0.0481649292516 2.29643674164 997.655398329 
88 0.0480826727653 2.12492772863 997.826989599 
89 0.0480066844616 1.96622756649 997.985765749 
90 0.0479364795877 1.81938042981 998.132683091 
91 0.047871608713 1.68349992563 998.268628466 
92 0.0478116605617 1.55776729861 998.394421041 
93 0.0477562574089 1.44142558754 998.510818155 
94 0.0477050488947 1.33377249894 998.618522452 
95 0.0476577135012 1.23415919049 998.718183096 
96 0.0476139557732 1.14198598921 998.810400055 
97 0.0475735017795 1.05669661601 998.895729882 
98 0.0475360994667 0.977776825533 998.974687075 
99 0.0475015170522 0.904751429973 999.047747053 
100 0.0474695398175 0.837179860447 999.1153506 
