Time S I R
0.0  10000 1 0
1 9999.31831095 1.33536278186 0.346326267463 
2 9998.40810453 1.78310983612 0.808785632727 
3 9997.19287007 2.3808400822 1.42628984786 
4 9995.57056931 3.17867464751 2.25075604235 
5 9993.405152 4.24340105354 3.35144694674 
6 9990.51534317 5.66393594195 4.82072089057 
7 9986.65983555 7.55851482758 6.78164962346 
8 9981.51765043 10.0841825272 9.39816703952 
9 9974.66252675 13.4490905421 12.8883827121 
10 9965.52943556 17.9284336595 17.5421307775 
11 9953.37126722 23.8848095815 23.7439231962 
12 9937.2035103 31.7937665815 32.0027231172 
13 9915.73467132 42.2751182169 42.9902104604 
14 9887.28082638 56.1299205535 57.5892530629 
15 9849.66423347 74.3816445709 76.9541219583 
16 9800.0993506 98.3174929573 102.583156446 
17 9735.07583522 129.521345773 136.402819011 
18 9650.25881002 169.88270973 180.858480248 
19 9540.44224724 221.556423192 239.001329568 
20 9399.6126874 286.835888114 314.551424481 
21 9221.2027787 367.893140606 411.904080697 
22 8998.62448232 466.342206301 536.033311381 
23 8726.15285389 582.611196745 692.235949363 
24 8400.15023473 715.184041069 885.665724201 
25 8020.46508508 859.892487551 1120.64242737 
26 7591.64202713 1009.56429451 1399.79367836 
27 7123.4378364 1154.37305646 1723.18910713 
28 6630.22022082 1283.06980749 2087.70997169 
29 6129.17981375 1384.91924419 2486.90094206 
30 5637.80366488 1451.75750863 2911.43882649 
31 5171.38045322 1479.47696182 3350.14258496 
32 4741.27594509 1468.44738593 3791.27666898 
33 4354.30326602 1422.88036764 4223.81636634 
34 4013.06578957 1349.52428796 4638.40992247 
35 3716.87978761 1256.20374094 5027.91647144 
36 3462.86645161 1150.5977894 5387.53575898 
37 3246.93150019 1039.4342854 5714.63421441 
38 3064.50833457 928.100804739 6008.39086069 
39 2911.0484663 820.568587926 6269.38294577 
40 2782.30821393 719.516746389 6499.17503968 
41 2674.48550142 626.54839999 6699.96609859 
42 2584.26310463 542.433842489 6874.30305289 
43 2508.79669792 467.33620805 7024.86709403 
44 2445.67534306 401.003004649 7154.32165229 
45 2392.8700007 342.917756478 7265.21224282 
46 2348.68129941 292.41351762 7359.90518297 
47 2311.68960626 248.754741117 7440.55565262 
48 2280.71068386 211.193187103 7509.09612903 
49 2254.75717996 179.004344826 7567.23847521 
50 2233.00591216 151.50947572 7616.48461212 
51 2214.77032929 128.08754715 7658.14212356 
52 2199.47751036 108.18002867 7693.34246097 
53 2186.64908218 91.2912672891 7723.05965053 
54 2175.88533879 76.9858622668 7748.12879894 
55 2166.85209138 64.8844543395 7769.26345428 
56 2159.26974408 54.6586459055 7787.07161001 
57 2152.90426658 46.0255969021 7802.07013652 
58 2147.55965605 38.7427858129 7814.69755814 
59 2143.07167943 32.6029619888 7825.32535858 
60 2139.302666 27.4295138272 7834.26782017 
61 2136.13717757 23.0722983794 7841.79052405 
62 2133.47838588 19.4039188414 7848.11769528 
63 2131.24505021 16.3164521454 7853.43849765 
64 2129.36898887 13.7185943156 7857.91241682 
65 2127.79299016 11.5331930477 7861.67381679 
66 2126.46901124 9.69510714825 7864.83588161 
67 2125.35671589 8.14938082404 7867.49390328 
68 2124.42223545 6.8496833668 7869.72808118 
69 2123.63712837 5.75697745871 7871.60589417 
70 2122.97750555 4.83838252231 7873.18411193 
