Time S I R
0.0  10000 1 0
1 9996.21122173 4.65162724874 0.137151017429 
2 9978.61876399 21.6065689445 0.774667063423 
3 9897.57620963 99.697710367 3.72608000377 
4 9537.43497553 446.424085751 17.1409387201 
5 8160.93258794 1766.51477347 73.5526385901 
6 4912.6673751 4831.08869164 257.243933267 
7 1777.642558 7598.20745375 625.149988249 
8 485.31879455 8420.66712634 1095.01407911 
9 127.168556811 8294.09038255 1579.74106064 
10 34.8543915165 7917.94401251 2048.20159598 
11 10.19161913 7497.58125569 2493.22712518 
12 3.18607778125 7083.74814304 2914.06577918 
13 1.06207801954 6688.41484599 3311.52307599 
14 0.377132135061 6313.86854007 3686.75432779 
15 0.141757736164 5959.89930734 4040.95893493 
16 0.0562378132327 5625.64231732 4375.30144486 
17 0.0234499139187 5310.08554602 4690.89100406 
18 0.010292257386 5012.21182689 4988.77788085 
19 0.00467358764581 4731.04113071 5269.9541957 
20 0.00207648969808 4465.64045787 5535.35746564 
21 0.0010605377156 4215.12576241 5785.87317705 
22 0.00120408571092 3978.66410119 6022.33469473 
23 0.00116401646301 3755.46777857 6245.53105742 
24 0.000627319033811 3544.79098406 6456.20838862 
25 0.000161358822879 3345.93646934 6655.0633693 
26 0.000124536829389 3158.23570473 6842.76417074 
27 8.08611639513e-05 2981.06490787 7019.93501127 
28 4.72615920444e-05 2813.83304171 7187.16691103 
29 3.63113413187e-05 2655.98165164 7345.01831205 
30 2.39660148509e-05 2506.98528135 7494.01469468 
31 1.51708281919e-05 2366.34758994 7634.65239489 
32 1.03412003227e-05 2233.59956132 7767.40042834 
33 7.40132600185e-06 2108.29845917 7892.70153343 
34 5.20556204719e-06 1990.02650684 8010.97348795 
35 2.62729736278e-06 1878.38880489 8122.61119248 
36 0 1773.01327025 8227.98672975 
37 0 1673.5498119 8327.4501881 
38 0 1579.66753963 8421.33246037 
39 0 1491.0530088 8509.9469912 
40 0 1407.40882594 8593.59117406 
41 0 1328.4550994 8672.5449006 
42 0 1253.93030079 8747.06969921 
43 0 1183.58709228 8817.41290772 
44 0 1117.19029917 8883.80970083 
45 0 1054.51794866 8946.48205134 
46 0 995.361370073 9005.63862993 
47 0 939.523324683 9061.47667532 
48 0 886.81770294 9114.18229706 
49 0 837.068783081 9163.93121692 
50 0 790.110729379 9210.88927062 
51 0 745.786936178 9255.21306382 
52 0 703.949604031 9297.05039597 
53 0 664.459284616 9336.54071538 
54 0 627.184305118 9373.81569488 
55 0 592.000451333 9408.99954867 
56 0 558.790297281 9442.20970272 
57 0 527.443173487 9473.55682651 
58 0 497.854594403 9503.1454056 
59 0 469.925828587 9531.07417141 
60 0 443.563856775 9557.43614323 
61 0 418.68073396 9582.31926604 
62 0 395.193492442 9605.80650756 
63 0 373.023877496 9627.9761225 
64 0 352.097901156 9648.90209884 
65 0 332.345851388 9668.65414861 
66 0 313.701865747 9687.29813425 
67 0 296.103745093 9704.89625491 
68 0 279.492875033 9721.50712497 
69 0 263.813828467 9737.18617153 
70 0 249.014337676 9751.98566232 
