Time S I R
0  997 3 0
1 994.567273979 5.25670093089 0.17602508969 
2 990.323068308 9.19277463573 0.484157055955 
3 982.957049745 16.0208674033 1.02208285197 
4 970.28803326 27.7551918355 1.95677490471 
5 948.83316986 47.5989726264 3.567857514 
6 913.434691808 80.2579521509 6.30735604104 
7 857.466759641 131.67007506 10.8631652989 
8 774.662434065 207.157164384 18.1804015513 
9 663.411579769 307.237671258 29.3507489724 
10 531.724263391 422.98196689 45.2937697196 
11 397.11440691 536.559757333 66.3258357575 
12 278.32820631 629.73705921 91.9347344807 
13 185.988327336 693.031602011 120.980070652 
14 120.689614772 727.170508709 152.139876519 
15 77.2730221587 738.460619556 184.266358285 
16 49.3878239631 734.092391804 216.519784233 
17 31.7516868217 719.899037197 248.349275981 
18 20.6294032873 699.950497249 279.420099464 
19 13.5807082127 676.87685716 309.542434627 
20 9.07127308423 652.3105382 338.618188715 
21 6.15139521675 627.243032147 366.605572636 
22 4.23531106246 602.267923579 393.496765358 
23 2.96028193252 577.735560119 419.304157948 
24 2.09977411715 553.8482688 444.051957082 
25 1.51081321921 530.718104849 467.771081932 
26 1.10215526454 508.401792918 490.496051817 
27 0.814841602287 486.922093435 512.263064963 
28 0.6101361127 466.281053237 533.10881065 
29 0.462505579702 446.467712154 553.069782267 
30 0.354753380022 427.463445977 572.181800643 
31 0.275193279571 409.245044832 590.479761888 
32 0.215811069484 391.786700802 607.997488128 
33 0.170993788458 375.061370784 624.767635428 
34 0.13681731663 359.04151447 640.821668213 
35 0.110526550189 343.699624863 656.189848587 
36 0.0901106944063 329.008650527 670.901238779 
37 0.0741084962979 314.942161771 684.983729733 
38 0.061447666546 301.474472848 698.464079485 
39 0.0513521899401 288.5807121 711.36793571 
40 0.0432599218741 276.236865565 723.719874513 
41 0.0367156054219 264.419845978 735.543438417 
42 0.0313772458826 253.107431836 746.861190918 
43 0.0269971798612 242.278279026 757.694723794 
44 0.0233748902638 231.911887365 768.064737745 
45 0.0203658794561 221.988587861 777.991046259 
46 0.017849749423 212.489564435 787.492585816 
47 0.0157338569974 203.396738745 796.587527398 
48 0.013943577479 194.692789381 805.293267042 
49 0.0124210985765 186.361123961 813.626454941 
50 0.0111194980821 178.385840892 821.60303961 
51 0.0100004252655 170.751713026 829.238286549 
52 0.00903485720153 163.444172526 836.546792617 
53 0.00819721470316 156.449231238 843.542571547 
54 0.00746866226928 149.753599093 850.238932245 
55 0.00683293245004 143.34450244 856.648664628 
56 0.00627505367129 137.209647647 862.7840773 
57 0.00578382264393 131.337313688 868.656902489 
58 0.00534946548578 125.716262801 874.278387734 
59 0.00496445992383 120.335763441 879.6592721 
60 0.00462175495159 115.185507295 884.80987095 
61 0.00431602726962 110.255658786 889.740025186 
62 0.00404226726437 105.536754583 894.45920315 
63 0.00379667996845 101.019790197 898.976413123 
64 0.003575796836 96.6961589048 903.300265298 
65 0.00337673339754 92.5576167877 907.439006479 
66 0.0031978751789 88.5962482518 911.400553873 
67 0.00303645709096 84.8044493486 915.192514194 
68 0.0028889138365 81.174895214 918.822215872 
69 0.00275234831383 77.7005881876 922.296659464 
70 0.00262686737085 74.3749438713 925.622429261 
71 0.00251256645038 71.1916517746 928.805835659 
72 0.00240875942177 68.1446382376 931.852953003 
73 0.00231374396242 65.2280459447 934.769640311 
74 0.00222602884492 62.4362696008 937.56150437 
75 0.00214495291857 59.7639715438 940.233883503 
76 0.00207006770461 57.2060454548 942.791884477 
77 0.00200087514975 54.7575963031 945.240402822 
78 0.00193681748408 52.4139401923 947.58412299 
79 0.00187742992625 50.1705926634 949.827529907 
80 0.00182230850317 48.023260474 951.974917217 
81 0.00177107814568 45.9678357013 954.030393221 
82 0.00172338609286 44.000382682 955.997893932 
83 0.00167892270804 42.1171352653 957.881185812 
84 0.0016374359177 40.3144918652 959.683870699 
85 0.00159868660501 38.5890014902 961.409399823 
86 0.00156245800588 36.9373636981 963.061073844 
87 0.00152855234262 35.3564188212 964.642052626 
88 0.00149678734704 33.8431385764 966.155364636 
89 0.00146699727952 32.3946243321 967.603908671 
90 0.00143904035997 31.0081088157 968.990452144 
91 0.0014127806329 29.6809377677 970.317649452 
92 0.00138809085684 28.4105680985 971.588043811 
93 0.00136486169936 27.1945711905 972.804063948 
94 0.00134299219417 26.0306211676 973.96803584 
95 0.00132238665788 24.9164883487 975.082189265 
96 0.00130295801796 23.8500395652 976.148657477 
97 0.00128462931673 22.8292370169 977.169478354 
98 0.00126732702438 21.8521260716 978.146606601 
99 0.00125098254227 20.9168343228 979.081914695 
100 0.00123553527658 20.021574284 979.977190181 
