Time S I R
0  997 3 0
1 996.056888697 3.73186623658 0.211245066603 
2 994.885122766 4.64089254891 0.473984685016 
3 993.430120897 5.76921506792 0.800664035135 
4 991.624747379 7.16857730872 1.206675312 
5 989.386685285 8.90229339503 1.71102131949 
6 986.615347884 11.0475279379 2.33712417852 
7 983.188470928 13.6977655793 3.11376349285 
8 978.958305575 16.965498837 4.07619558783 
9 973.747673499 20.9848947972 5.26743170389 
10 967.346130781 25.9141825217 6.73968669757 
11 959.506764855 31.9372878178 8.55594732714 
12 949.944350337 39.2640407906 10.7916088729 
13 938.335953199 48.1279921185 13.5360546822 
14 924.325419789 58.7805903762 16.8939898347 
15 907.533498253 71.4802463702 20.9862553765 
16 887.575474856 86.4747728429 25.9497523014 
17 864.087937644 103.976049485 31.9360128709 
18 836.765259523 124.126794466 39.1079460104 
19 805.4047219 146.961038511 47.6342395898 
20 769.956041719 172.362745901 57.6812123801 
21 730.567997607 200.029831646 69.4021707473 
22 687.621844841 229.453236248 82.9249189114 
23 641.740443305 259.920868026 98.3386886693 
24 593.764742132 290.552970981 115.682286887 
25 544.695810576 320.368709154 134.93548027 
26 495.609483135 348.375164704 156.015352162 
27 447.558642154 373.662789847 178.778567999 
28 401.481797038 395.488834074 203.029368888 
29 358.134312996 413.333661563 228.532025442 
30 318.051557512 426.922675862 255.025766626 
31 281.544540421 436.21543375 282.24002583 
32 248.721611002 441.370213933 309.908175065 
33 219.526266629 442.695184836 337.778548535 
34 193.781102755 440.59664645 365.622250795 
35 171.230178789 435.531999375 393.237821836 
36 151.575116355 427.971677283 420.453206362 
37 134.502997919 418.371355901 447.12564618 
38 119.706083502 407.15378566 473.140130838 
39 106.894547673 394.698461056 498.406991271 
40 95.8032732523 381.337814352 522.858912396 
41 86.195342931 367.356576427 546.448080642 
42 77.8622369233 352.994578104 569.143184973 
43 70.6225662042 338.450729017 590.926704779 
44 64.3199307178 323.887590651 611.792478632 
45 58.8203072565 309.436116683 631.74357606 
46 54.0092742719 295.200286694 650.790439034 
47 49.7894205463 281.261259955 668.949319498 
48 46.0779577225 267.68108027 686.240962008 
49 42.8045343334 254.505957283 702.689508383 
50 39.9093577424 241.769056406 718.321585851 
51 37.3416133547 229.492815874 733.165570771 
52 35.0580197557 217.691022844 747.2509574 
53 33.0216671738 206.370444115 760.607888711 
54 31.2010252959 195.532228513 773.266746191 
55 29.5690888552 185.173076048 785.257835096 
56 28.1026960512 175.286157375 796.611146574 
57 26.7819138633 165.861942653 807.356143483 
58 25.5895567399 156.888820911 817.521622349 
59 24.5107741471 148.353625486 827.135600367 
60 23.5326867775 140.242090065 836.225223158 
61 22.6441064088 132.539180179 844.816713412 
62 21.8352890617 125.229378897 852.935332042 
63 21.0977202346 118.296928523 860.605351243 
64 20.4239458617 111.726005859 867.850048279 
65 19.8074228088 105.500871497 874.691705695 
66 19.2423911909 99.6059892668 881.151619542 
67 18.7237704943 94.0261132796 887.250116226 
68 18.2470678935 88.7463595669 893.00657254 
69 17.808299917 83.7522600655 898.439440017 
70 17.4039246302 79.0298038276 903.566271542 
71 17.0307919381 74.5654538744 908.403754187 
72 16.6860962785 70.3461631522 912.967740569 
73 16.3673143605 66.3594152214 917.273270418 
74 16.0721989482 62.5931841146 921.334616937 
75 15.7987207611 59.0359720483 925.165307191 
76 15.5450600128 55.6767779025 928.778162085 
77 15.3095745279 52.5051006853 932.185324787 
78 15.090778827 49.5109294819 935.398291691 
79 14.8873331174 46.6847215371 938.427945346 
80 14.6980177618 44.017402997 941.284579241 
81 14.5217298905 41.5003394627 943.977930647 
82 14.3574632886 39.1253308408 946.517205871 
83 14.2043030005 36.8845889415 948.911108058 
84 14.0614140808 34.7707236764 951.167862243 
85 13.9280328478 32.776727473 953.295239679 
86 13.8034616078 30.8959564733 955.300581919 
87 13.6870588758 29.1221183462 957.190822778 
88 13.5782394599 27.4492501325 958.972510408 
89 13.4764666172 25.871705867 960.651827516 
90 13.3812416828 24.3841478884 962.234610429 
91 13.2921089754 22.9815230322 963.726367992 
92 13.2086488224 21.659051807 965.132299371 
93 13.1304713382 20.4122171154 966.457311546 
94 13.0572185445 19.2367474112 967.706034044 
95 12.9885596047 18.1286056386 968.882834757 
96 12.924186459 17.0839784437 969.991835097 
97 12.8638152299 16.0992626036 971.036922166 
98 12.8071827637 15.1710548153 972.021762421 
99 12.7540437773 14.296141632 972.949814591 
100 12.7041714674 13.471488834 973.824339699 
