Time S I R
0  997 3 0
1 996.535983538 3.42392833238 0.0400881294305 
2 996.006675581 3.90748457743 0.0858398412849 
3 995.402987012 4.45896252792 0.13805045999 
4 994.714577092 5.08779595947 0.197626948361 
5 993.92970464 5.80469352144 0.265601838687 
6 993.035049223 6.62180064499 0.343150132065 
7 992.015509104 7.55288228575 0.431608610144 
8 990.853990721 8.61351291843 0.532496360348 
9 989.531137116 9.82132124353 0.647541640594 
10 988.025097952 11.1961965645 0.778705483313 
11 986.311226493 12.7605602246 0.928213282209 
12 984.361771793 14.5396401208 1.09858808572 
13 982.145554005 16.5617587094 1.29268728568 
14 979.627622804 18.8586338866 1.51374330937 
15 976.768909827 21.4656832361 1.76540693644 
16 973.525870873 24.4223315833 2.05179754405 
17 969.850154097 27.7722923756 2.37755352741 
18 965.688286639 31.5638256864 2.74788767501 
19 960.981422808 35.8499319588 3.16864523366 
20 955.665156803 40.6884788852 3.64636431213 
21 949.66944575 46.1422170818 4.18833716788 
22 942.91870926 52.2786209275 4.80266981235 
23 935.332102625 59.1695578111 5.4983395636 
24 926.82405045 66.8907024821 6.28524706815 
25 917.305133038 75.5206097374 7.1742572248 
26 906.683307499 85.1394637708 8.17722873064 
27 894.86559429 95.8273808132 9.30702489684 
28 881.760295028 107.662207576 10.5774973958 
29 867.279683741 120.71687233 12.0034439296 
30 851.343304802 135.056167418 13.6005277795 
31 833.881737876 150.733110591 15.3851515327 
32 814.840916934 167.784800099 17.3742829666 
33 794.186486968 186.228277261 19.5852357708 
34 771.908516012 206.056097564 22.035386424 
35 748.02576176 227.232392851 24.7418453888 
36 722.589435138 249.689484403 27.7210804585 
37 695.686072381 273.32543062 30.9884969989 
38 667.438827265 298.003160457 34.5580122778 
39 638.007330128 323.551062456 38.4416074156 
40 607.585357398 349.765722814 42.6489197881 
41 576.396732477 376.416401641 47.1868658823 
42 544.688984517 403.2516741 52.0593413827 
43 512.725946916 430.007043952 57.2670091323 
44 480.778421439 456.41438414 62.8071944212 
45 449.115447929 482.210660149 68.6738919219 
46 417.994655096 507.147451754 74.8578931504 
47 387.654340046 530.998643077 81.3470168773 
48 358.306348516 553.567224155 88.126427329 
49 330.131193676 574.68976562 95.1790407045 
50 303.274609382 594.239443478 102.48594714 
51 277.846749433 612.126359138 110.026891429 
52 253.922356749 628.296926823 117.780716427 
53 231.543174403 642.731013849 125.725811748 
54 210.720977708 655.438518909 133.840503384 
55 191.441505464 666.455083347 142.103411188 
56 173.668846564 675.83742265 150.493730786 
57 157.349721167 683.658796535 158.991482299 
58 142.417715427 690.004609121 167.577675452 
59 128.797108689 694.968444235 176.234447076 
60 116.406260984 698.648604333 184.945134684 
61 105.160433474 701.145247526 193.694319 
62 94.9742646915 702.557902946 202.467832362 
63 85.763358962 702.983906176 211.252734862 
64 77.4460815623 702.516635205 220.037283232 
65 69.9442909861 701.244834665 228.810874349 
66 63.1842020741 699.251819447 237.563978479 
67 57.0966928507 696.615234069 246.28807308 
68 51.6176216455 693.406810825 254.975567529 
69 46.6878085208 689.692459124 263.619732355 
70 42.2529927776 685.532380858 272.214626364 
71 38.2636444774 680.981328484 280.755027038 
72 34.6747293851 676.088908856 289.236361758 
73 31.4454439997 670.899908037 297.654647963 
74 28.5389368667 665.454627359 306.006435774 
75 25.9219810245 659.789266871 314.288752105 
76 23.5646915953 653.936255888 322.499052517 
77 21.4402053531 647.924619292 330.635175355 
78 19.5244857823 641.780209971 338.695304247 
79 17.795950771 635.526122927 346.677926302 
80 16.2352835038 629.182914907 354.581801589 
81 14.8252241286 622.768842474 362.405933397 
82 13.5502939634 616.30016805 370.149537987 
83 12.3966750563 609.791299587 377.812025356 
84 11.3520105283 603.255015976 385.392973495 
85 10.4052602065 596.702626419 392.892113375 
86 9.5465475784 590.144145356 400.309307065 
87 8.76704269265 583.588422262 407.644535045 
88 8.05884600665 577.043272246 414.897881747 
89 7.41488751399 570.515589605 422.069522881 
90 6.82884267567 564.01144134 429.159715984 
91 6.29504144552 557.536169838 436.168788716 
92 5.80841026158 551.094457282 443.097132456 
93 5.36438779394 544.690420712 449.945191495 
94 4.95889905635 538.327640241 456.713460703 
95 4.58829572309 532.009226226 463.402478051 
96 4.24927906986 525.737906564 470.012814366 
97 3.93888066683 519.516047134 476.545072199 
98 3.65443964012 513.345677756 482.999882604 
99 3.39357469409 507.22852364 489.377901665 
100 3.15410801112 501.166090486 495.679801503 
