Time S I R
0  997 3 0
1 995.958551278 3.94095303137 0.100495690643 
2 994.592356814 5.17515566345 0.232487522567 
3 992.801572188 6.79265274064 0.405775071448 
4 990.456706784 8.91014109108 0.633152124438 
5 987.390510459 11.6782007034 0.931288838074 
6 983.388256143 15.2899061876 1.32183766937 
7 978.17635587 19.9908280252 1.83281610513 
8 971.409790198 26.0899181167 2.50029168499 
9 962.659345745 33.9702628064 3.37039144906 
10 951.400817678 44.0975919536 4.50159036812 
11 937.00975635 57.0230622383 5.96718141194 
12 918.767445914 73.3748760091 7.85767807725 
13 895.886069636 93.8312104347 10.2827199289 
14 867.562452236 119.065735836 13.3718119285 
15 833.06884622 149.658167977 17.2729858025 
16 791.883506734 185.968196389 22.1482968774 
17 743.850018746 227.984722224 28.1652590296 
18 689.335370679 275.180769584 35.4838597378 
19 629.336670613 326.423319768 44.240009619 
20 565.480556892 379.991607979 54.5278351288 
21 499.880955064 433.734536825 66.3845081112 
22 434.868902388 485.349556852 79.7815407592 
23 372.663072977 532.711760677 94.6251663454 
24 315.076407142 574.157725789 110.76586707 
25 263.336575804 608.648883616 128.01454058 
26 218.047055455 635.791619247 146.161325298 
27 179.264815407 655.741957371 164.993227222 
28 146.64234279 669.049713348 184.307943862 
29 119.582503087 676.49457607 203.922920843 
30 97.3721163496 678.94793221 223.67995144 
31 79.2791605912 677.274540081 243.446299328 
32 64.614641536 672.271793778 263.113564686 
33 52.7644143922 664.640379615 282.595205993 
34 43.2011367961 654.975307468 301.823555736 
35 35.483581434 643.769633331 320.746785235 
36 29.249141257 631.42479989 339.326058853 
37 24.2036061199 618.263332243 357.533061637 
38 20.1102634016 604.541854089 375.347882509 
39 16.7798040292 590.462920149 392.757275822 
40 14.0612545456 576.185508623 409.753236831 
41 11.8343897671 561.833747082 426.331863151 
42 10.0035851487 547.503960527 442.492454325 
43 8.49269512221 533.27052355 458.236781328 
44 7.24100408896 519.190476732 473.568519179 
45 6.20000319157 505.307199381 488.492797427 
46 5.33085557887 491.653296512 503.015847909 
47 4.60240758359 478.252864055 517.144728362 
48 3.98951097246 465.123400701 530.887088327 
49 3.47186106484 452.277129828 544.251009107 
50 3.03302816773 439.722101746 557.244870086 
51 2.65964571621 427.463119423 569.877234861 
52 2.3407977727 415.502436338 582.156765889 
53 2.06757019372 403.840265877 594.092163929 
54 1.83265799978 392.47522792 605.69211408 
55 1.62992675267 381.404846783 616.965226464 
56 1.45444024241 370.625515317 627.92004444 
57 1.30202084366 360.132995028 638.564984128 
58 1.16924492028 349.922418155 648.908336924 
59 1.05321562644 339.988543922 658.958240451 
60 0.951521877076 330.325802147 668.722675976 
61 0.862131307808 320.928410009 678.209458683 
62 0.783333429588 311.790432552 687.426234018 
63 0.713685884412 302.90584085 696.380473265 
64 0.651959606631 294.268570097 705.079470296 
65 0.597131480229 285.872523247 713.530345273 
66 0.548289408436 277.711675614 721.740034978 
67 0.504650132481 269.780049157 729.71530071 
68 0.465594790325 262.071666217 737.462738993 
69 0.430544417282 254.580688705 744.988766877 
70 0.399024580626 247.301339701 752.299635718 
71 0.370622157939 240.227948095 759.401429747 
72 0.344963749778 233.354968844 766.300067406 
73 0.321745982583 226.676944745 773.001309273 
74 0.300689106108 220.188554386 779.510756508 
75 0.281552562043 213.884589928 785.833857509 
76 0.264132796553 207.759955176 791.975912028 
77 0.248240885275 201.809685466 797.942073649 
78 0.233724338177 196.028927867 803.737347795 
79 0.220436073653 190.412955954 809.366607973 
80 0.208253420139 184.957158251 814.834588329 
81 0.197072128579 179.657033818 820.145894053 
82 0.186790110099 174.508213008 825.304996882 
83 0.177314169861 169.506448869 830.316236961 
84 0.168561147628 164.647609961 835.183828892 
85 0.16046452319 159.927632977 839.9119025 
86 0.152965684745 155.342585372 844.504448943 
87 0.146015359384 150.888655101 848.96532954 
88 0.139574395737 146.562143607 853.298281997 
89 0.133593957974 142.359422637 857.506983405 
90 0.128026286205 138.2769577 861.595016014 
91 0.122838292097 134.311337716 865.565823992 
92 0.118002992153 130.459256336 869.422740672 
93 0.113494395544 126.717491623 873.169013982 
94 0.109278155106 123.082868895 876.80785295 
95 0.105330818951 119.552337242 880.342331939 
96 0.101633040315 116.122942533 883.775424427 
97 0.0981710952864 112.79184073 887.109988175 
98 0.0949165723966 109.5561454 890.348938027 
99 0.0918584270635 106.413168371 893.494973202 
100 0.0889821394871 103.360263252 896.550754608 
