Time S I R
0  997 3 0
1 996.528844697 3.19451270833 0.276642594675 
2 996.02740322 3.40138508638 0.571211693846 
3 995.493787795 3.62136808509 0.8848441201 
4 994.925999791 3.85525408891 1.21874611963 
5 994.321923612 4.10387880265 1.57419758506 
6 993.679324133 4.3681217509 1.95255411606 
7 992.99583943 4.6489084685 2.35525210188 
8 992.268974422 4.94721213507 2.78381344313 
9 991.496097195 5.26405448713 3.23984831828 
10 990.674434462 5.60050684823 3.72505868938 
11 989.801060225 5.95769252649 4.24124724821 
12 988.872892043 6.33678784649 4.79032011097 
13 987.886690599 6.73902077872 5.37428862256 
14 986.839049277 7.16567379724 5.99527692558 
15 985.72639142 7.61808243335 6.65552614637 
16 984.544964406 8.09763653443 7.35739905963 
17 983.290836441 8.60577850604 8.10338505315 
18 981.959891766 9.14400336513 8.89610486933 
19 980.547828549 9.71385649123 9.73831495996 
20 979.050156453 10.3169314773 10.6329120702 
21 977.462195078 10.9548676157 11.5829373066 
22 975.779075681 11.6293445796 12.591579739 
23 973.995733673 12.3420844378 13.6621818897 
24 972.106924127 13.094836321 14.7982395517 
25 970.107218414 13.8893751164 16.0034064696 
26 967.991002288 14.7274993135 17.2814983988 
27 965.752505518 15.6110071675 18.6364873147 
28 963.385788592 16.5417017497 20.0725096582 
29 960.88476097 17.5213754511 21.5938635789 
30 958.243216648 18.5517836165 23.2049997355 
31 955.454815177 19.634652403 24.9105324203 
32 952.513133294 20.7716439523 26.715222754 
33 949.411686096 21.9643395972 28.623974307 
34 946.143924789 23.2142368473 30.6418383634 
35 942.703318028 24.5227001782 32.7739817936 
36 939.083349505 25.8909570503 35.0256934447 
37 935.277553361 27.3200745274 37.4023721112 
38 931.279608077 28.810907129 39.9094847936 
39 927.083319712 30.3640981999 42.5525820883 
40 922.682706777 31.980035197 45.3372580262 
41 918.072076044 33.658809332 48.2691146235 
42 913.246022599 35.4002064147 51.3537709862 
43 908.199551835 37.2036547788 54.5967933859 
44 902.928118948 39.0681989829 58.0036820694 
45 897.427675279 40.992473415 61.5798513063 
46 891.694786774 42.9746661507 65.3305470755 
47 885.726662166 45.0124886814 69.2608491529 
48 879.521230524 47.1031532103 73.3756162654 
49 873.07722802 49.2433593975 77.6794125821 
50 866.394247389 51.4292474027 82.176505208 
51 859.472797931 53.6564182874 86.8707837818 
52 852.314371239 55.9199157412 91.7657130202 
53 844.921510014 58.2141879026 96.8643020838 
54 837.297796959 60.5331712218 102.16903182 
55 829.447949719 62.8702345196 107.681815762 
56 821.377845463 65.2182005653 113.403953972 
57 813.094441609 67.5694697087 119.336088682 
58 804.605920555 69.9159298417 125.478149603 
59 795.921586271 72.2490826271 131.829331101 
60 787.051802144 74.5601339276 138.388063928 
61 778.008113632 76.8399379937 145.151948374 
62 768.802999225 79.0792075196 152.117793255 
63 759.449911786 81.2685272119 159.281561002 
64 749.963263123 83.3983995519 166.638337325 
65 740.358125661 85.4594502143 174.182424124 
66 730.650338606 87.4424175221 181.907243872 
67 720.856333135 89.3382729818 189.805393883 
68 710.992899126 91.1383598396 197.868741034 
69 701.077247302 92.8344297329 206.088322965 
70 691.126750799 94.4187463199 214.454502881 
71 681.15882903 95.8841765585 222.956994411 
72 671.19088027 97.2242760283 231.584843702 
73 661.240089265 98.4332928047 240.326617931 
74 651.323325565 99.5062952909 249.170379144 
75 641.457031285 100.439209353 258.103759362 
76 631.657134852 101.228747616 267.114117531 
77 621.938887567 101.872590643 276.18852179 
78 612.316837243 102.36928772 285.313875037 
79 602.804764516 102.718225963 294.477009521 
80 593.415506832 102.91976625 303.664726919 
81 584.161067163 102.975033978 312.863898858 
82 575.052472781 102.885985832 322.061541387 
83 566.099704754 102.655410413 331.244884834 
84 557.311863319 102.28671821 340.401418471 
85 548.696968131 101.784041048 349.518990821 
86 540.262035506 101.152118521 358.585845973 
87 532.013191742 100.396164154 367.590644104 
88 523.955512444 99.5219086634 376.522578892 
89 516.093201237 98.5354563506 385.371342413 
90 508.429592493 97.4432255001 394.127182007 
91 500.967119872 96.2519070419 402.780973086 
92 493.707481804 94.9683751396 411.324143057 
93 486.651606332 93.5996258192 419.748767849 
94 479.799712452 92.1527224826 428.047565066 
95 473.151418138 90.6347600505 436.213821812 
96 466.705713362 89.0527606455 444.241525992 
97 460.461036117 87.4136373092 452.125326574 
98 454.41538394 85.7242453929 459.860370667 
99 448.566310766 83.9912314406 467.442457794 
100 442.910984356 82.2209949788 474.868020665 
