Time S I R
0.0  10000 1 0
1 9999.91695429 0.662758592672 0.420287120244 
2 9999.861915 0.439246935738 0.698838060049 
3 9999.82543815 0.291115505781 0.883446339786 
4 9999.80126267 0.192939188771 1.00579814234 
5 9999.78524017 0.127871895068 1.08688793034 
6 9999.77462121 0.0847482437238 1.14063054661 
7 9999.76758339 0.0561676127214 1.17624899503 
8 9999.76291902 0.0372255546346 1.19985542352 
9 9999.75982772 0.0246717187928 1.2155005661 
10 9999.75777888 0.0163513895263 1.22586972587 
11 9999.75642101 0.0108370598705 1.23274192539 
12 9999.75552107 0.00718238671815 1.23729653927 
13 9999.75492465 0.00476029193464 1.2403150599 
14 9999.75452933 0.00315487840755 1.24231579655 
15 9999.75426733 0.00209091382472 1.2436417558 
16 9999.75409369 0.00138573748348 1.24452057743 
17 9999.75397861 0.000918418855697 1.24510297036 
18 9999.75390234 0.000608680554778 1.24548897979 
19 9999.75385179 0.000403393127721 1.24574481797 
20 9999.75381829 0.000267347824216 1.24591436358 
21 9999.75379608 0.00017717502992 1.24602674086 
22 9999.75378137 0.000117428784691 1.24610119925 
23 9999.75377162 7.78177538543e-05 1.24615056425 
24 9999.75376514 5.15294449418e-05 1.24618332589 
25 9999.75376087 3.41552656953e-05 1.24620497835 
26 9999.75375803 2.2618073724e-05 1.2462193565 
27 9999.75375616 1.50272637177e-05 1.2462288165 
28 9999.75375491 9.9776853588e-06 1.24623510951 
29 9999.75375409 6.64337016472e-06 1.24623926488 
30 9999.75375354 4.41036075469e-06 1.24624204775 
31 9999.75375317 2.90486601516e-06 1.24624392397 
32 9999.75375292 1.90070350474e-06 1.2462451754 
33 9999.75375276 1.24268572648e-06 1.24624599545 
34 9999.75375266 8.14783714971e-07 1.24624652872 
35 9999.75375259 5.41929161212e-07 1.24624686876 
36 9999.75375255 3.68757869312e-07 1.24624708457 
37 9999.75375252 2.51148130117e-07 1.24624723114 
38 9999.7537525 1.69582825782e-07 1.24624733279 
39 9999.75375248 1.13728206665e-07 1.2462474024 
40 9999.75375247 7.62859825104e-08 1.24624744907 
41 9999.75375247 5.11882421684e-08 1.24624748034 
42 9999.75375246 3.43438155828e-08 1.24624750134 
43 9999.75375246 1.50246356745e-08 1.24624752541 
44 9999.75375246 -2.12109210843e-09 1.24624754678 
45 9999.75375245 -1.52492149844e-08 1.24624756314 
46 9999.75375245 -2.43597329532e-08 1.24624757449 
47 9999.75375245 -2.94526460151e-08 1.24624758084 
48 9999.75375245 -3.05279541699e-08 1.24624758218 
49 9999.75375245 -2.75856574176e-08 1.24624757851 
50 9999.75375245 -2.13643305284e-08 1.24624757076 
51 9999.75375245 -2.36473604035e-08 1.24624757361 
52 9999.75375245 -2.49004813349e-08 1.24624757517 
53 9999.75375245 -2.51236933224e-08 1.24624757545 
54 9999.75375245 -2.43169963662e-08 1.24624757444 
55 9999.75375245 -2.24803904661e-08 1.24624757215 
56 9999.75375245 -1.96138756223e-08 1.24624756858 
57 9999.75375245 -1.57174518346e-08 1.24624756372 
58 9999.75375245 -1.23782507845e-08 1.24624755956 
59 9999.75375245 -1.1123890914e-08 1.246247558 
60 9999.75375245 -9.86953104355e-09 1.24624755644 
61 9999.75375245 -8.61517117304e-09 1.24624755487 
62 9999.75375245 -7.36081130254e-09 1.24624755331 
63 9999.75375245 -6.10645143204e-09 1.24624755175 
64 9999.75375245 -4.85209156154e-09 1.24624755018 
65 9999.75375245 -3.59773169104e-09 1.24624754862 
66 9999.75375246 -3.027921271e-09 1.24624754791 
67 9999.75375246 -2.98977196808e-09 1.24624754786 
68 9999.75375246 -2.95162266515e-09 1.24624754781 
69 9999.75375246 -2.91347336222e-09 1.24624754777 
70 9999.75375246 -2.87532405929e-09 1.24624754772 
