Time S I R
0  997 3 0
1 995.256985663 4.49499055023 0.248023786392 
2 992.652399642 6.72814395223 0.619456406186 
3 988.769507407 10.0554945351 1.17499805745 
4 983.001145895 14.9945113059 2.00434279862 
5 974.476166527 22.2848597933 3.23897367959 
6 961.973382223 32.9572511492 5.06936662827 
7 943.841075907 48.3922941842 7.76662990914 
8 917.966826432 70.3265221299 11.7066514384 
9 881.883810376 100.725432808 17.3907568161 
10 833.139522393 141.410229829 25.450247778 
11 770.034134796 193.350928228 36.6149369765 
12 692.662035299 255.713326311 51.6246383897 
13 603.82787948 325.092582398 71.0795381222 
14 509.110257111 395.624955762 95.2647871266 
15 415.617434612 460.357637741 124.024927647 
16 329.911101772 513.32901761 156.759880618 
17 256.293041063 551.156340932 192.550618005 
18 196.300735521 573.349190499 230.35007398 
19 149.287584834 581.556490118 269.155925048 
20 113.409379961 578.473225702 308.117394337 
21 86.4612124397 566.964762904 346.574024656 
22 66.3748986423 549.576501536 384.048599822 
23 51.4262208217 528.355550256 420.218228923 
24 40.2701635421 504.849468007 454.880368451 
25 31.8969038667 480.181566926 487.921529207 
26 25.5642129282 455.143839259 519.291947813 
27 20.7325255409 430.281218346 548.986256113 
28 17.0110137443 405.95966562 577.029320636 
29 14.116593118 382.41738047 603.466026412 
30 11.8433511958 359.80261408 628.354034724 
31 10.0407017507 338.200589201 651.758709048 
32 8.59776229976 317.652664487 673.749573214 
33 7.43225195709 298.169904766 694.397843277 
34 6.48262482257 279.742635681 713.774739497 
35 5.70245823384 262.347209616 731.95033215 
36 5.05642341637 245.95080648 748.992770103 
37 4.51747284353 230.514725071 764.967802085 
38 4.06466990284 215.996882908 779.938447189 
39 3.68169811831 202.353469105 793.964832777 
40 3.35575047754 189.540123469 807.104126054 
41 3.07668735533 177.512785409 819.410527235 
42 2.83642894666 166.228266243 830.93530481 
43 2.62849340766 155.644635753 841.726870839 
44 2.44764662717 145.721476768 851.830876604 
45 2.28962886214 136.420055293 861.290315845 
46 2.15095665136 127.703399813 870.145643536 
47 2.02877309245 119.536329701 878.434897207 
48 1.92070394363 111.885483978 886.193812078 
49 1.82477438775 104.719280061 893.455945551 
50 1.73933795402 98.0078655621 900.252796484 
51 1.6630056937 91.7230768155 906.613917491 
52 1.5946069604 85.8383659 912.56702714 
53 1.53314841226 80.3287368619 918.138114726 
54 1.47778228447 75.1706742218 923.351543494 
55 1.42778487422 70.3420683385 928.230146787 
56 1.38253215753 65.8221476139 932.795320229 
57 1.34148253269 61.5914093149 937.067108152 
58 1.30417325006 57.6315391602 941.06428759 
59 1.2702097459 53.9253440517 944.804446202 
60 1.23923396758 50.4567201681 948.304045864 
61 1.21093581088 47.2105468522 951.578517337 
62 1.18504409201 44.172645746 954.642310162 
63 1.161323819 41.3297502456 957.508925935 
64 1.13955921903 38.6694017329 960.191039048 
65 1.1195632984 36.1799374741 962.700499227 
66 1.10117460789 33.8504406432 965.048384749 
67 1.08424193284 31.6706610198 967.245097047 
68 1.068635406 29.6310201283 969.300344466 
69 1.05423842538 27.7225437797 971.223217795 
70 1.04094309895 25.936811416 973.022245485 
71 1.02865648916 24.265963358 974.705380153 
72 1.01729305928 22.7026268154 976.280080125 
73 1.00677460195 21.2398918967 977.753333501 
74 0.997032826051 19.8713114682 979.131655706 
75 0.988004104263 18.5908318151 980.421164081 
76 0.979630865516 17.3927890204 981.627580114 
77 0.971861818251 16.2718940535 982.756244128 
78 0.964649080693 15.2231795479 983.812171371 
79 0.957949604813 14.2420066222 984.800043773 
80 0.951724242382 13.324035559 985.724240199 
81 0.945936587203 12.4651932845 986.588870128 
82 0.940553911351 11.6616809753 987.397765113 
83 0.935546022847 10.9099386355 988.154515342 
84 0.930884956993 10.2066285594 988.862486484 
85 0.926545472707 9.54863950186 989.524815025 
86 0.922504077204 8.93305173057 990.144444192 
87 0.918739101966 8.35713202009 990.724128878 
88 0.915230839145 7.81833128576 991.266437875 
89 0.911960870832 7.31425554241 991.773783587 
90 0.908912279269 6.84266815724 992.248419563 
91 0.906069517811 6.40147942954 992.692451053 
92 0.903418063255 5.98872747886 993.107854458 
93 0.900944595985 5.60258222908 993.496473175 
94 0.898636770438 5.24133042682 993.860032803 
95 0.896483072567 4.90336504407 994.200151883 
96 0.894472935324 4.58718835331 994.518338711 
97 0.892596505322 4.29139584366 994.816007651 
98 0.89084461235 4.0146718215 995.094483566 
99 0.88920881758 3.75579005285 995.35500113 
100 0.887681223791 3.51359927268 995.598719504 
