Time S I R
0  997 3 0
1 994.243070188 5.62974953979 0.127180271809 
2 989.096551365 10.5379071716 0.365541463195 
3 979.557124717 19.6322161468 0.810659135765 
4 962.105321868 36.2583661188 1.63631201309 
5 930.930220351 65.9205751028 3.14920454666 
6 877.538752053 116.599318964 5.86192898373 
7 792.369912802 197.079129561 10.5509576369 
8 670.759498187 311.036956385 18.2035454281 
9 521.909223822 448.362824998 29.7279511795 
10 370.3653931 584.152714903 45.4818919972 
11 242.103884644 692.888686916 65.0074284397 
12 149.10456074 763.625558056 87.2698812043 
13 88.6631921072 800.192917836 111.143890057 
14 51.9073585807 812.358904439 135.733736981 
15 30.3111546702 809.247393585 160.441451745 
16 17.7935390462 797.299401818 184.907059135 
17 10.5469451863 780.525209459 208.927845355 
18 6.32729441491 761.276720547 232.395985038 
19 3.8463422264 740.895140304 255.25851747 
20 2.37029408545 720.136166983 277.493538932 
21 1.48092295552 699.422454111 299.096622934 
22 0.93797257702 678.988952873 320.07307455 
23 0.602102172563 658.964318263 340.433579564 
24 0.391601273695 639.416665294 360.191733432 
25 0.257985342979 620.379385682 379.362628975 
26 0.172022738997 601.865940041 397.96203722 
27 0.11612549819 583.877916809 416.005957693 
28 0.0793221206495 566.410360479 433.5103174 
29 0.0548239343125 549.454355888 450.490820178 
30 0.038348481509 532.998781384 466.962870134 
31 0.0271017727263 517.031382316 482.941515911 
32 0.0193326912687 501.539242007 498.441425302 
33 0.013932705724 486.509200195 513.4768671 
34 0.0101428813821 471.928147755 528.061709364 
35 0.00745541838251 457.78312786 542.209416722 
36 0.00553076006179 444.061402911 555.933066329 
37 0.00413999515081 430.75050869 569.245351315 
38 0.00313362599672 417.838350695 582.158515679 
39 0.00238660969262 405.313005457 594.684607933 
40 0.00182805267036 393.162996441 606.835175506 
41 0.00140721124671 381.377042069 618.62155072 
42 0.00109304738237 369.94435789 630.054549063 
43 0.000856740013091 358.854296074 641.144847186 
44 0.000677537657339 348.096644406 651.902678056 
45 0.000537670027143 337.661372187 662.338090143 
46 0.000426098824505 327.538850939 672.460722962 
47 0.000338977538377 317.719768038 682.279892985 
48 0.000271644569693 308.195030987 691.804697369 
49 0.000218547256168 298.955767379 701.044014074 
50 0.000182185588073 289.993525384 710.00629243 
51 0.000157473456397 281.299979878 718.699862648 
52 0.000137885441291 272.867040828 727.132821286 
53 0.000119732846656 264.686917534 735.312962734 
54 0.000102564318354 256.75201409 743.247883346 
55 8.66720106387e-05 249.054980871 750.944932457 
56 7.27899590629e-05 241.588706333 758.411220877 
57 6.05373203371e-05 234.34624344 765.653696022 
58 5.09582846462e-05 227.320897556 772.679051486 
59 4.45662253696e-05 220.506164968 779.493790466 
60 4.04368636282e-05 213.895710579 786.104248984 
61 3.81833270922e-05 207.483419403 792.516542414 
62 3.68240092712e-05 201.2633646 798.736598576 
63 3.46671790794e-05 195.22979698 804.770168353 
64 3.2783023471e-05 189.377133751 810.622833466 
65 3.16340672271e-05 183.699950709 816.300017656 
66 3.0534621942e-05 178.192973009 821.806996457 
67 2.8312332006e-05 172.85106532 827.148906368 
68 2.44314020392e-05 167.669261421 832.330714148 
69 2.03901483928e-05 162.642802442 837.357177168 
70 1.65715124467e-05 157.767031612 842.232951817 
71 1.34777613994e-05 153.037427368 846.962559154 
72 1.17154261261e-05 148.449600555 851.550387729 
73 1.09456445898e-05 143.999308142 856.000680913 
74 1.08214135253e-05 139.682431295 860.317557883 
75 1.10183041215e-05 135.494969723 864.505019259 
76 1.09980239813e-05 131.433040797 868.566948205 
77 1.04693644971e-05 127.492880335 872.507109196 
78 9.8495512475e-06 123.670843382 876.329146768 
79 9.1352715117e-06 119.963388076 880.036602789 
80 8.37223842609e-06 116.367076512 883.632915116 
81 7.66175310218e-06 112.878571869 887.121420469 
82 6.94689003922e-06 109.494647 890.505346053 
83 6.23326900495e-06 106.212168979 893.787824788 
84 5.59474028705e-06 103.02809555 896.971898855 
85 5.13665679591e-06 99.9394739244 900.060520939 
86 4.90077559334e-06 96.9434416645 903.056553435 
87 4.7822787792e-06 94.0372270421 905.962768176 
88 4.72307533528e-06 91.2181373147 908.781857962 
89 4.6235084028e-06 88.4835593146 911.516436062 
90 4.39182053924e-06 85.8309581347 914.169037473 
91 4.12053225318e-06 83.257879138 916.742116741 
92 3.8338196191e-06 80.7619384204 919.238057746 
93 3.56506654953e-06 78.3408221603 921.659174275 
94 3.36126686307e-06 75.9922850071 924.007711632 
95 3.19095420309e-06 73.7141536898 926.285843119 
96 3.0418169672e-06 71.5043183348 928.495678623 
97 2.91085927984e-06 69.3607307466 930.639266343 
98 2.79095706901e-06 67.2814030857 932.718594123 
99 2.68285941729e-06 65.2644102398 934.735587077 
100 2.58641000528e-06 63.3078847819 936.692112632 
