Time S I R
0  997 3 0
1 996.0506139 3.73249765123 0.216888448768 
2 994.870862853 4.64244486695 0.486692279941 
3 993.405720721 5.77206971502 0.822209564122 
4 991.587500782 7.17322873974 1.23927047873 
5 989.333208057 8.90937179563 1.75742014738 
6 986.541430725 11.0578193988 2.40074987613 
7 983.088910875 13.7122271979 3.19886192721 
8 978.826722241 16.9852589814 4.18801877726 
9 973.576318786 21.0112265149 5.41245469874 
10 967.125711015 25.948428904 6.92586008117 
11 959.226306214 31.9807099223 8.79298386358 
12 949.591152306 39.3175469122 11.0913007818 
13 937.895698104 48.1916920009 13.9126098955 
14 923.782524382 58.8531080474 17.3643675707 
15 906.871810865 71.5577199391 21.5704691962 
16 886.779422884 86.5494824508 26.6710946649 
17 863.144201844 104.034658246 32.8211399098 
18 835.664972587 124.148275552 40.1867518611 
19 804.146062469 146.914495799 48.9394417323 
20 768.546898522 172.205515421 59.2475860572 
21 729.028185657 199.706413871 71.2654004723 
22 685.984221373 228.895686329 85.1200922979 
23 640.050310482 259.051160265 100.898529252 
24 592.077200563 289.287505343 118.635294094 
25 543.071218653 318.6245888 138.304192547 
26 494.107730187 346.077316992 159.814952822 
27 446.233332034 370.750662542 183.016005425 
28 400.375482874 391.921442199 207.703074927 
29 357.275600994 409.092184013 233.632214993 
30 317.454357229 422.010426 260.535216771 
31 281.209208039 430.655608165 288.135183797 
32 248.637388979 435.202176433 316.160434589 
33 219.674325904 435.970119219 344.355554877 
34 194.137592762 433.373275722 372.489131516 
35 171.768887508 427.872832434 400.358280058 
36 152.269547677 419.940005155 427.790447169 
37 135.327833636 410.029034967 454.643131397 
38 120.638096812 398.559730227 480.802172961 
39 107.91308361 385.907709903 506.179206487 
40 96.8903822194 372.401077681 530.708540099 
41 87.3357408043 358.320033423 554.344225773 
42 79.0431218765 343.899917796 577.056960327 
43 71.8333677968 329.335319478 598.831312725 
44 65.5520100869 314.784749331 619.663240582 
45 60.0666900187 300.375382713 639.557927268 
46 55.2643979603 286.207713383 658.527888657 
47 51.0488980688 272.359711778 676.591390154 
48 47.3383744473 258.890514767 693.771110786 
49 44.0632606436 245.843696568 710.093042789 
50 41.164423049 233.250016255 725.585560696 
51 38.5915654557 221.129743364 740.278691181 
52 36.3018283261 209.494697213 754.203474461 
53 34.2586351331 198.34987284 767.391492027 
54 32.4307240787 187.694809161 779.874466761 
55 30.7912986034 177.524760009 791.683941387 
56 29.3173569775 167.831597247 802.851045776 
57 27.9890959283 158.604612308 813.406291764 
58 26.7894228417 149.83114569 823.379431469 
59 25.7035588635 141.497087048 832.799354088 
60 24.7186767561 133.587327092 841.693996152 
61 23.8236241518 126.086080821 850.090295027 
62 23.0086810871 118.977163917 858.014154996 
63 22.2653472324 112.244228122 865.490424645 
64 21.5861743739 105.870930623 872.542895003 
65 20.9646199946 99.8410752797 879.194304726 
66 20.3949199207 94.1387280889 885.46635199 
67 19.8719854533 88.7482992362 891.379715311 
68 19.391313446 83.6546086189 896.954077935 
69 18.9489077842 78.84293687 902.208155346 
70 18.5412122658 74.2990623388 907.159725395 
71 18.1650642534 70.0092698725 911.825665874 
72 17.8176396411 65.9603754286 916.22198493 
73 17.4964017632 62.1397475844 920.363850652 
74 17.1990873637 58.5352760396 924.265636597 
75 16.9236506598 55.1354039162 927.940945424 
76 16.6682584816 51.9290886727 931.402652846 
77 16.4312517193 48.9058129398 934.662935341 
78 16.2111325509 46.055561022 937.733306427 
79 16.0065457562 43.3688061005 940.624648143 
80 15.8162594112 40.8365003528 943.347240236 
81 15.6391578903 38.4500489016 945.910793208 
82 15.4742224076 36.20130226 948.324475332 
83 15.3205271817 34.0825306378 950.59694218 
84 15.177225848 32.0864122371 952.736361915 
85 15.0435449281 30.2060128691 954.750442203 
86 14.9187756708 28.4347704872 956.646453842 
87 14.8022683501 26.7664769944 958.431254656 
88 14.6934311723 25.195255903 960.111312925 
89 14.5917178383 23.7155570712 961.692725091 
90 14.4966234188 22.3221378465 963.181238735 
91 14.4076834165 21.0100390582 964.582277525 
92 14.3244715716 19.7745818442 965.900946584 
93 14.2465943512 18.6113495427 967.142056106 
94 14.1736846108 17.5161675255 968.310147864 
95 14.1054065153 16.4851009999 969.409492485 
96 14.0414496617 15.5144374631 970.444112875 
97 13.9815231336 14.6006692038 971.417807663 
98 13.9253601129 13.7404935655 972.334146322 
99 13.8727130461 12.9307957395 973.196491214 
100 13.8233498903 12.1686338779 974.008016232 
