Time S I R
0  997 3 0
1 994.941747339 4.8237464187 0.234506242199 
2 991.643485471 7.74520852147 0.61130600773 
3 986.376486079 12.4078893835 1.21562453758 
4 978.011993309 19.8060034847 2.18200320624 
5 964.844380366 31.4354430893 3.72017654486 
6 944.398814359 49.4505578492 6.15062779174 
7 913.320423481 76.7318551815 9.94772133727 
8 867.570952521 116.649879696 15.7791677821 
9 803.299605986 172.18707549 24.5133185234 
10 718.669110968 244.184722907 37.1461661248 
11 616.188927662 329.206976794 54.6040955432 
12 503.844767876 418.710120701 77.4451114225 
13 393.14320398 501.25903908 105.59775694 
14 294.662356199 567.020011697 138.317632104 
15 214.394768006 611.201192946 174.404039048 
16 153.213219867 634.256228461 212.530551672 
17 108.67291435 639.818889833 251.508195817 
18 77.1336838267 632.4583646 290.407951573 
19 55.1041714951 616.324414897 328.571413607 
20 39.7736483043 594.659605913 365.566745783 
21 29.07239543 569.795941698 401.131662872 
22 21.5470821882 543.330120877 435.122796934 
23 16.201773747 516.321294235 467.476932018 
24 12.3606788895 489.455909989 498.183411122 
25 9.56620406271 463.168492743 527.265303194 
26 7.5073193326 437.725946758 554.76673391 
27 5.9712052304 413.284277227 580.744517543 
28 4.81089020301 389.926508575 605.262601222 
29 3.92389534915 367.687666385 628.388438266 
30 3.23799089587 346.571414951 650.190594153 
31 2.70170984763 326.561098422 670.73719173 
32 2.27798245175 307.627106527 690.094911021 
33 1.93984051557 289.731797866 708.328361618 
34 1.66742645791 272.832879777 725.499693765 
35 1.44598849897 256.885618025 741.668393476 
36 1.26445536919 241.844363352 756.891181279 
37 1.11443809633 227.663573675 771.221988229 
38 0.989523185389 214.298490623 784.711986192 
39 0.884756771029 201.705595037 797.409648192 
40 0.79631612314 189.842843728 809.360840149 
41 0.721172448843 178.669922175 820.608905376 
42 0.656945162989 168.148274259 831.194780578 
43 0.601733200552 158.241163503 841.157103296 
44 0.554018769402 148.91365548 850.532325751 
45 0.512578962192 140.132601174 859.354819864 
46 0.476418293851 131.86659523 867.656986476 
47 0.44472837632 124.085912062 875.469359562 
48 0.416846967764 116.762446089 882.820706943 
49 0.392198630082 109.869665993 889.738135377 
50 0.370342778921 103.382492299 896.247164922 
51 0.350886227256 97.2772717713 902.371842001 
52 0.333515065525 91.5316882944 908.13479664 
53 0.317954781894 86.1246987933 913.557346425 
54 0.303977311063 81.0364699096 918.659552779 
55 0.29138737377 76.2483079567 923.46030467 
56 0.280016902525 71.7426002822 927.977382815 
57 0.26972449582 67.5027545083 932.227520996 
58 0.260385143098 63.5131383535 936.226476503 
59 0.251893951695 59.7590361631 939.989069885 
60 0.244156710743 56.2265810674 943.529262222 
61 0.237093824162 52.9027244859 946.86018169 
62 0.230635445544 49.7751790829 949.994185472 
63 0.224719619619 46.832374704 952.942905676 
64 0.219292088081 44.0634200537 955.717287858 
65 0.214305193439 41.4580629068 958.3276319 
66 0.209716794238 39.0066538668 960.783629339 
67 0.205489412641 36.7001088806 963.094401707 
68 0.201589866845 34.5298796544 965.268530479 
69 0.197988491384 32.4879192397 967.314092269 
70 0.194658864784 30.5666555417 969.238685593 
71 0.191577417422 28.7589647674 971.049457815 
72 0.188722890961 27.0581399431 972.753137166 
73 0.186075902912 25.4578619523 974.356062145 
74 0.183619042733 23.9521882689 975.864192688 
75 0.181336802816 22.53553221 977.283130987 
76 0.17921555313 21.2026408794 978.618143567 
77 0.177242680424 19.9485670813 979.874190238 
78 0.175406145864 18.7686465579 981.055947296 
79 0.173695627016 17.6585001748 982.167804198 
80 0.172101733194 16.6140071891 983.213891078 
81 0.170615431573 15.6312822632 984.198102305 
82 0.169228754775 14.7066740741 985.124097171 
83 0.167934446567 13.8367474988 985.995318055 
84 0.166725717893 13.0182684889 986.815005793 
85 0.165596421213 12.2481962261 987.586207353 
86 0.16454094086 11.523670905 988.311788154 
87 0.1635540328 10.8419980061 988.994447961 
88 0.162630901172 10.2006434976 989.636725601 
89 0.161767149247 9.59722380983 990.241009041 
90 0.160958679347 9.02949512652 990.809546194 
91 0.160201717174 8.4953467183 991.344451565 
92 0.15949279201 7.99279350783 991.8477137 
93 0.158828662206 7.51996614872 992.321205189 
94 0.158206329786 7.07510620623 992.766687464 
95 0.157623039041 6.65656078413 993.185816177 
96 0.157076239424 6.2627751354 993.580148625 
97 0.156563515336 5.89228297298 993.951153512 
98 0.156082646171 5.54370650355 994.30021085 
99 0.155631577581 5.21575026493 994.628618157 
100 0.155208386959 4.90719440433 994.937597209 
