Time S I R
0  997 3 0
1 993.291032467 6.66129906311 0.0476684697258 
2 985.123497316 14.7232326074 0.15327007649 
3 967.397098949 32.217394065 0.385506986049 
4 930.108664605 69.0030906826 0.888244712294 
5 856.580485193 141.47798876 1.94152604649 
6 728.454458505 267.531772541 4.01376895359 
7 546.80458284 445.513094017 7.68232314289 
8 352.299262872 634.39586816 13.3048689678 
9 197.486308633 781.805956376 20.7077349914 
10 100.626300437 870.042310764 29.3313887982 
11 48.6857084976 912.697113253 38.6171782491 
12 23.0261543137 928.78029735 48.1935483367 
13 10.8153586352 931.326330899 57.8583104654 
14 5.084493249 927.403789895 67.5117168559 
15 2.4012152652 920.491921413 77.1068633215 
16 1.14113608395 912.236536323 86.6223275934 
17 0.546078145195 903.405274675 96.0486471796 
18 0.263233422004 894.354837177 105.381929401 
19 0.127740508026 885.25139146 114.620868032 
20 0.0624566364016 876.172176274 123.765367089 
21 0.0308528767143 867.153257194 132.81588993 
22 0.0153938736281 858.211446958 141.773159169 
23 0.0075750097792 849.354392995 150.638031995 
24 0.00376476988129 840.584839637 159.411395593 
25 0.00190517731892 831.903893713 168.094201109 
26 0.00100865240552 823.311667724 176.687323624 
27 0.000610809014006 814.807806711 185.19158248 
28 0.000260305711095 806.391705833 193.608033861 
29 3.04940015212e-05 798.062391456 201.93757805 
30 2.13109749438e-05 789.818890918 210.181087771 
31 5.57339379839e-05 781.660497566 218.3394467 
32 5.0808071137e-05 773.586414302 226.41353489 
33 2.45402205792e-05 765.595753528 234.404221932 
34 2.38260793139e-06 757.687626661 242.312370956 
35 4.05196703923e-06 749.861162155 250.138833793 
36 3.9557510263e-06 742.115542034 257.884454011 
37 1.66987911143e-06 734.449931796 265.550066535 
38 5.28160853719e-07 726.863501656 273.136497816 
39 4.81617234982e-07 719.35543382 280.644565698 
40 4.0993654693e-07 711.924919957 288.075079633 
41 1.37057440952e-07 704.571158978 295.428840885 
42 6.54488303553e-08 697.293357712 302.706642223 
43 7.0912051342e-08 690.090733804 309.909266125 
44 1.24366351884e-07 682.962526965 317.037472911 
45 1.75269178726e-07 675.907966862 324.092032962 
46 1.59831870405e-07 668.926279375 331.073720465 
47 1.42661065183e-08 662.016690381 337.983309604 
48 0 655.178461695 344.821538305 
49 0 648.410889663 351.589110337 
50 0 641.713234009 358.286765991 
51 0 635.084754176 364.915245824 
52 0 628.524715678 371.475284322 
53 0 622.032448924 377.967551076 
54 0 615.607260621 384.392739379 
55 0 609.248444265 390.751555735 
56 0 602.955293349 397.044706651 
57 0 596.727186008 403.272813992 
58 0 590.563338361 409.436661639 
59 0 584.463196513 415.536803487 
60 0 578.426070843 421.573929157 
61 0 572.451282026 427.548717974 
62 0 566.538202952 433.461797048 
63 0 560.686199657 439.313800343 
64 0 554.894636279 445.105363721 
65 0 549.162886636 450.837113364 
66 0 543.490334219 456.509665781 
67 0 537.876372197 462.123627803 
68 0 532.320403413 467.679596587 
69 0 526.821839756 473.178160244 
70 0 521.38007039 478.61992961 
71 0 515.994495415 484.005504585 
72 0 510.664536587 489.335463413 
73 0 505.389623319 494.610376681 
74 0 500.169192692 499.830807308 
75 0 495.002689445 504.997310555 
76 0 489.88956598 510.11043402 
77 0 484.829282362 515.170717638 
78 0 479.821283624 520.178716376 
79 0 474.865012134 525.134987866 
80 0 469.959933565 530.040066435 
81 0 465.105519455 534.894480545 
82 0 460.301247207 539.698752793 
83 0 455.546600087 544.453399913 
84 0 450.841067226 549.158932774 
85 0 446.184143621 553.815856379 
86 0 441.575326217 558.424673783 
87 0 437.014112519 562.985887481 
88 0 432.500010726 567.499989274 
89 0 428.032534575 571.967465425 
90 0 423.611203219 576.388796781 
91 0 419.235541225 580.764458775 
92 0 414.905078575 585.094921425 
93 0 410.619350668 589.380649332 
94 0 406.377906498 593.622093502 
95 0 402.18025595 597.81974405 
96 0 398.025964658 601.974035342 
97 0 393.914584085 606.085415915 
98 0 389.845670965 610.154329035 
99 0 385.818787247 614.181212753 
100 0 381.833500037 618.166499963 
