Time S I R
0  997 3 0
1 995.001413241 4.68275463407 0.315832124917 
2 991.89185698 7.29965108212 0.808491938354 
3 987.068947245 11.355383663 1.57566909203 
4 979.624878273 17.6079398274 2.76718189974 
5 968.220837129 27.1689524437 4.61021042681 
6 950.948957581 41.6077387087 7.44330371041 
7 925.237380057 63.0050904194 11.757529524 
8 887.926450181 93.8373913342 18.2361584851 
9 835.734124638 136.494955101 27.7709202617 
10 766.334527236 192.249690956 41.4157818074 
11 679.979041342 259.787510376 60.2334482816 
12 580.880767076 334.093368529 85.025864395 
13 477.020418725 406.948785219 116.030796056 
14 377.765301457 469.485485318 152.749213225 
15 290.619827231 515.352846796 194.027325973 
16 219.292724851 542.356208596 238.351066553 
17 163.892712787 551.923507711 284.183779503 
18 122.343729932 547.453584957 330.202685111 
19 91.8081287489 532.795518609 375.396352642 
20 69.5665959718 511.372327603 419.061076425 
21 53.3794688822 485.871427819 460.749103298 
22 41.5434824855 458.250311581 500.206205933 
23 32.8177741958 429.866637692 537.315588113 
24 26.318254185 401.627660825 572.05408499 
25 21.4210520009 374.118847765 604.460100234 
26 17.6866733322 347.702258681 634.611067986 
27 14.8045568186 322.587554192 662.60788899 
28 12.5537744599 298.881825734 688.564399806 
29 10.7758769201 276.623779495 712.600343585 
30 9.35613558323 255.80718152 734.836682896 
31 8.2106459583 236.396794402 755.39255964 
32 7.27740766182 218.339242181 774.383350157 
33 6.5101054461 201.570422251 791.919472303 
34 5.87387753221 186.020384294 808.105738174 
35 5.342124398 171.616895735 823.040979867 
36 4.89439619953 158.2876265 836.8179773 
37 4.51482360493 145.961654743 849.523521653 
38 4.19098009018 134.57044846 861.23857145 
39 3.91305156876 124.048470091 872.03847834 
40 3.67322522666 114.333517359 881.993257415 
41 3.46522420665 105.366907157 891.167868636 
42 3.28399080767 97.0934873919 899.6225218 
43 3.12539762218 89.4616402903 907.412962088 
44 2.98606684255 82.4231681348 914.590765023 
45 2.86320592925 75.9331780575 921.203616013 
46 2.75450076567 69.9499161863 927.295583048 
47 2.65802097097 64.434606882 932.907372147 
48 2.57214296947 59.3512917061 938.076565324 
49 2.49549860352 54.6666496037 942.837851793 
50 2.42692780976 50.3498305902 947.2232416 
51 2.36544061001 46.3722955677 951.262263822 
52 2.31018512238 42.7076611354 954.982153742 
53 2.26043449571 39.3315398365 958.408025668 
54 2.21557376304 36.2213924132 961.563033824 
55 2.17505096279 33.3564373337 964.468511703 
56 2.13838975861 30.7174551655 967.144155076 
57 2.10517636734 28.2867177486 969.608105884 
58 2.07504844319 26.0478938867 971.87705767 
59 2.04768591009 23.9859069827 973.966407107 
60 2.02280935709 22.0868478152 975.890342828 
61 2.00016919805 20.3378832181 977.661947584 
62 1.97954654178 18.7271994207 979.293254037 
63 1.9607447916 17.2438922202 980.795362988 
64 1.94359064539 15.8779236537 982.178485701 
65 1.92792781352 14.6200299445 983.452042242 
66 1.91361779427 13.4616863125 984.624695893 
67 1.900535286 12.3950249463 985.704439768 
68 1.88856871283 11.4128091561 986.698622131 
69 1.87761688647 10.5083604168 987.614022697 
70 1.867589237 9.67553581915 988.456874944 
71 1.85840361052 8.90866830912 989.23292808 
72 1.84998556524 8.20253699035 989.947477444 
73 1.84226822 7.55234046997 990.60539131 
74 1.83519177478 6.95366548078 991.211142744 
75 1.82870056262 6.40242803144 991.768871406 
76 1.82274389996 5.89486450679 992.282391593 
77 1.81727650546 5.427520371 992.755203124 
78 1.81225725178 4.99721557556 993.190527173 
79 1.80764822582 4.60101498663 993.591336788 
80 1.80341495643 4.23621696162 993.960368082 
81 1.79952609251 3.90033395441 994.300139953 
82 1.79595298926 3.59107485532 994.612972155 
83 1.79266947312 3.30633092468 994.900999602 
84 1.78965163222 3.04416039659 995.166187971 
85 1.7868775808 2.80277401192 995.410348407 
86 1.78432729953 2.58052448608 995.635148214 
87 1.78198246515 2.37589538028 995.842122155 
88 1.77982628572 2.18748980071 996.032683914 
89 1.77784338227 2.01402176037 996.208134857 
90 1.77601969355 1.85430859306 996.369671713 
91 1.77434227998 1.707259331 996.518398389 
92 1.77279928362 1.57186978284 996.655330934 
93 1.77137984776 1.44721617168 996.781403981 
94 1.77007397677 1.33244669793 996.897479325 
95 1.76887251461 1.22677787937 997.004349606 
96 1.76776706239 1.12948866622 997.102744271 
97 1.76674988322 1.03991405682 997.19333606 
98 1.76581389053 0.957442759309 997.27674335 
99 1.76495257076 0.881511756541 997.353535673 
100 1.76415992724 0.811602022232 997.424238051 
