Time S I R
0  997 3 0
1 994.046245505 5.73127906636 0.222475428475 
2 988.435787924 10.9173331608 0.646878914927 
3 977.865117978 20.6817978535 1.45308416874 
4 958.249549903 38.7779610728 2.97248902436 
5 922.855579439 71.3499356276 5.79448493341 
6 862.102488236 126.996839688 10.9006720759 
7 766.226952225 214.03229447 19.7407533047 
8 633.238553097 332.726729838 34.034717065 
9 478.138617043 466.760600542 55.1007824143 
10 329.538609086 587.451678579 83.009712335 
11 211.10662376 672.491899409 116.401476832 
12 129.221195606 717.573137602 153.205666791 
13 77.5393233922 730.95838606 191.502290548 
14 46.4564108292 723.630081145 229.913508026 
15 28.1073417703 704.301848017 267.590810213 
16 17.2810664141 678.655481874 304.063451712 
17 10.8309204678 650.073475331 339.095604201 
18 6.92911251241 620.482735665 372.588151822 
19 4.52620919631 590.954833597 404.518957207 
20 3.01802280581 562.073668796 434.908308398 
21 2.05303053105 534.147647914 463.799321555 
22 1.42371925341 507.32940623 491.246874517 
23 1.0057590723 481.682887924 517.311353003 
24 0.723078041325 457.221885353 542.055036606 
25 0.528643319762 433.93122821 565.54012847 
26 0.392721651367 411.77971872 587.827559629 
27 0.296208556081 390.727435068 608.976356376 
28 0.22667454583 370.730010655 629.043314799 
29 0.175814674246 351.741358327 648.082826999 
30 0.138158387945 333.714986337 666.146855275 
31 0.109925398001 316.605155604 683.284918998 
32 0.0884914783881 300.367354753 699.544153768 
33 0.0720128482744 284.958587224 714.969399928 
34 0.0592306793778 270.337509239 729.603260082 
35 0.049213218747 256.464571403 743.486215378 
36 0.041288393687 243.30202137 756.656690237 
37 0.0349501290724 230.813867721 769.15118215 
38 0.0298351770625 218.965825455 781.004339368 
39 0.0256792778767 207.725280061 792.249040661 
40 0.022274090437 197.061270015 802.916455895 
41 0.019462976524 186.944340643 813.03619638 
42 0.0171246954222 177.346492381 822.636382923 
43 0.0151666279294 168.241150467 831.743682905 
44 0.0135155942683 159.60306171 840.383422696 
45 0.012114627239 151.408281101 848.579604272 
46 0.0109198641991 143.634093232 856.354986904 
47 0.00989572905235 136.258979986 863.731124285 
48 0.00901388114437 129.262506221 870.728479898 
49 0.00825013736949 122.625213768 877.366536095 
50 0.00758526964478 116.328660603 883.663754127 
51 0.0070043087685 110.355383432 889.637612259 
52 0.00649422227127 104.688774129 895.304731648 
53 0.0060448399795 99.3131059785 900.680849182 
54 0.00564735746264 94.2134258402 905.780926802 
55 0.00529463352825 89.3756032804 910.619102086 
56 0.00498093756244 84.786227961 915.208791101 
57 0.00470155798189 80.4325419954 919.562756447 
58 0.00445049229438 76.3023722022 923.693177306 
59 0.00422339903469 72.3842112447 927.611565356 
60 0.00401850248113 68.6672309646 931.328750533 
61 0.00383395778624 65.14113881 934.855027232 
62 0.00366695905063 61.7961156408 938.2002174 
63 0.00351506517086 58.622845696 941.373639239 
64 0.00337671970988 55.6125179414 944.384105339 
65 0.00325051406344 52.7567666318 947.239982854 
66 0.00313515910727 50.0476563404 949.9492085 
67 0.0030295185461 47.4776581754 952.519312306 
68 0.00293260356921 45.039629416 954.95743798 
69 0.00284353861707 42.7267942972 957.270362164 
70 0.00276153690879 40.5327218019 959.464516661 
71 0.00268593390092 38.4513163194 961.545997747 
72 0.00261612694396 36.4767912921 963.520592581 
73 0.00255158947436 34.6036621806 965.39378623 
74 0.00249184186248 32.8267207117 967.170787446 
75 0.0024364476385 31.141022206 968.856541346 
76 0.00238503979949 29.5418874962 970.455727464 
77 0.00233727614591 28.0248703498 971.972792374 
78 0.00229284480679 26.5857504553 973.4119567 
79 0.00225147848414 25.2205329538 974.777215568 
80 0.00221292681942 23.9254210853 976.072365988 
81 0.00217696241782 22.6968123435 977.301010694 
82 0.00214338696128 21.5312961558 978.466560457 
83 0.00211201431489 20.4256304246 979.572257561 
84 0.00208267573805 19.3767402679 980.621177056 
85 0.00205522164504 18.3817137462 981.616231032 
86 0.00202951185736 17.4377829909 982.560187497 
87 0.00200541853383 16.5423226784 983.455671903 
88 0.00198282774204 15.6928472957 984.305169877 
89 0.00196163194801 14.8869929272 985.111045441 
90 0.00194173352077 14.1225193995 985.875538867 
91 0.00192304354323 13.3973031894 986.600773767 
92 0.00190547951979 12.7093276781 987.288766842 
93 0.00188896532745 12.0566795485 987.941431486 
94 0.00187343028858 11.4375440762 988.560582493 
95 0.00185881063271 10.8502016978 989.147939492 
96 0.00184504864467 10.2930231434 989.705131808 
97 0.00183208742089 9.76445677329 990.233711139 
98 0.00181987562314 9.26303288641 990.735147238 
99 0.00180836662491 8.78735875704 991.210832876 
100 0.00179751612245 8.33611158183 991.662090902 
