Time S I R
0  997 3 0
1 995.764097018 4.08757830702 0.148324674846 
2 994.083047095 5.56658428112 0.350368623618 
3 991.799091772 7.57548476003 0.62542346803 
4 988.700789175 10.2996472695 0.999563555558 
5 984.506515037 13.9855632966 1.5079216664 
6 978.844594033 18.9577970069 2.19760896052 
7 971.230503255 25.6380880283 3.13140871665 
8 961.043348463 34.5643642076 4.39228732946 
9 947.506355141 46.4050247005 6.08862015849 
10 929.680159325 61.9600522246 8.35978844995 
11 906.483287741 82.1353992842 11.3813129746 
12 876.75972828 107.872242992 15.3680287284 
13 839.415416031 140.011613283 20.5729706863 
14 793.636489369 179.084535502 27.2789751287 
15 739.173965526 225.045928926 35.7801055479 
16 676.631175239 277.01710418 46.3517205809 
17 607.639742687 333.148503448 59.2117538651 
18 534.799383643 390.719726564 74.4808897926 
19 461.326652958 446.520411854 92.1529351878 
20 390.494593545 497.419589762 112.085816693 
21 325.059829231 540.923045548 134.017125221 
22 266.879954298 575.520770343 157.599275359 
23 216.81336894 600.743425607 182.443205454 
24 174.85960834 616.981291799 208.159099861 
25 140.421877273 625.191467442 234.386655285 
26 112.579544647 626.607741014 260.812714339 
27 90.3035570556 622.518507647 287.177935298 
28 72.5973314801 614.126760175 313.275908345 
29 58.5711307634 602.481018733 338.947850504 
30 47.4704350117 588.454051069 364.075513919 
31 38.6766136901 572.749535194 388.573851116 
32 31.6936409751 555.922087667 412.384271358 
33 26.1295484199 538.401587257 435.468864323 
34 21.6774232928 520.516931169 457.805645539 
35 18.0981969832 502.517051409 479.384751608 
36 15.2060833616 484.588468245 500.205448393 
37 12.8567676822 466.869424177 520.273808141 
38 10.9380051485 449.461078394 539.600916457 
39 9.36230484017 432.436192696 558.201502464 
40 8.06126382693 415.845847186 576.092888987 
41 6.98119548284 399.724617511 593.294187007 
42 6.07979752318 384.094513528 609.825688949 
43 5.32359403343 368.967999748 625.708406219 
44 4.68596922379 354.350315489 640.963715287 
45 4.14566856894 340.241237836 655.613093595 
46 3.68563770138 326.636443761 669.677918537 
47 3.29211392696 313.528571073 683.179315 
48 2.95399466862 300.907949839 696.138055493 
49 2.66220443767 288.763335459 708.574460103 
50 2.40934071377 277.082308428 720.508350858 
51 2.18932642942 265.851665054 731.959008517 
52 1.99714446828 255.057710578 742.945144954 
53 1.82864837555 244.686461938 753.484889687 
54 1.68038407077 234.723838626 763.595777304 
55 1.54946803809 225.155782855 773.294749107 
56 1.43348676854 215.968356533 782.598156698 
57 1.33040503201 207.147828441 791.521766527 
58 1.23849940479 198.680730278 800.080770317 
59 1.15632598176 190.553872738 808.28980128 
60 1.08264699744 182.754412075 816.162940928 
61 1.0163989918 175.269865737 823.713735271 
62 0.956679387435 168.08810819 830.955212423 
63 0.902705049949 161.197398886 837.899896064 
64 0.853805992059 154.586370686 844.559823322 
65 0.809402534939 148.24403685 850.946560615 
66 0.768991575563 142.159790138 857.071218286 
67 0.732135967445 136.323397151 862.944466881 
68 0.698453346647 130.724993724 868.57655293 
69 0.667610814054 125.355074479 873.977314707 
70 0.639318710813 120.204485252 879.156196037 
71 0.613322855347 115.264415231 884.122261913 
72 0.589387043183 110.526397548 888.884215409 
73 0.567306759248 105.982285603 893.450407638 
74 0.54691550528 101.624235206 897.828849289 
75 0.528051675951 97.4447162076 902.027232116 
76 0.510570910675 93.4364927344 906.052936355 
77 0.494355263555 89.5926083295 909.913036407 
78 0.479291421658 85.9063834254 913.614325153 
79 0.465276028606 82.3714032486 917.163320723 
80 0.452223547297 78.9815081628 920.56626829 
81 0.440052994693 75.7307835205 923.829163485 
82 0.428689494362 72.6135504724 926.957760033 
83 0.418069761525 69.6243601307 929.957570108 
84 0.408134913213 66.7579808482 932.833884239 
85 0.398828942645 64.0093778473 935.59179321 
86 0.390107560225 61.3737688045 938.236123635 
87 0.381924058475 58.8464990426 940.771576899 
88 0.374238278325 56.4231378897 943.202623832 
89 0.367013767783 54.0994293792 945.533556853 
90 0.360217941006 51.8712915556 947.768490503 
91 0.353820239274 49.7348054517 949.911374309 
92 0.347792748182 47.6862129946 951.965994257 
93 0.3421099906 45.7219084587 953.935981551 
94 0.336748522507 43.8384322238 955.824819254 
95 0.331686863838 42.0324675846 957.635845552 
96 0.326905176953 40.3008309814 959.372263842 
97 0.322385151528 38.640466881 961.037147967 
98 0.318109971892 37.0484473192 962.633442709 
99 0.314064254772 35.521970681 964.163965064 
100 0.310233780317 34.0583491832 965.631417036 
