Time S I R
0.0  10000 1 0
1 9998.41769483 1.49664035467 1.08566481851 
2 9996.05031722 2.23937162193 2.71031115839 
3 9992.50980102 3.34944037463 5.1407586041 
4 9987.21803915 5.00697621356 8.7749846379 
5 9979.31611046 7.47850724531 14.2053822994 
6 9967.53261776 11.1561038587 22.3112783802 
7 9949.99669878 16.6112579286 34.3920432915 
8 9923.97909194 24.6656504162 52.3552576468 
9 9885.55020849 36.4759234949 78.9738680195 
10 9829.16327009 53.6173077573 118.21942215 
11 9747.22131979 78.1241316377 175.654548569 
12 9629.79158649 112.397065487 258.811348019 
13 9464.80560809 158.820242036 377.374149874 
14 9239.28935374 218.887914714 542.822731546 
15 8942.21424418 291.742334198 767.043421627 
16 8569.05388712 372.457444073 1059.48866881 
17 8126.74289982 451.168837752 1423.08826243 
18 7636.09009767 514.571903032 1850.3379993 
19 7128.76151997 550.236367664 2322.00211236 
20 6639.12666373 551.680578109 2810.19275816 
21 6195.21245087 520.806878626 3284.9806705 
22 5813.47197039 466.21254036 3721.31548925 
23 5498.73364499 399.081028511 4103.1853265 
24 5247.41947671 329.439956403 4424.14056689 
25 5051.43042883 264.274777373 4685.2947938 
26 4901.17033882 207.357828282 4892.4718329 
27 4787.36479886 159.977606042 5053.65759509 
28 4701.91445633 121.863481938 5177.22206173 
29 4638.15024382 91.95025036 5270.89950582 
30 4590.77864092 68.8895916205 5341.33176746 
31 4555.69700771 51.3417527427 5393.96123955 
32 4529.77633565 38.1152194496 5433.1084449 
33 4510.6561453 28.214934017 5462.12892068 
34 4496.56925815 20.8420425085 5483.58869934 
35 4486.1997802 15.37178844 5499.42843136 
36 4478.57158185 11.3242905329 5511.10412761 
37 4472.96263755 8.33547424227 5519.7018882 
38 4468.83983816 6.13170068346 5526.02846116 
39 4465.81015634 4.50851316808 5530.6813305 
40 4463.58417786 3.31390738451 5534.10191476 
41 4461.94890449 2.43522738397 5536.61586813 
42 4460.74771587 1.78920676359 5538.46307736 
43 4459.86544641 1.31438933915 5539.82016425 
44 4459.21745548 0.965484263081 5540.81706025 
45 4458.74154966 0.709144692626 5541.54930565 
46 4458.39204078 0.52083715972 5542.08712206 
47 4458.13536346 0.382518324699 5542.48211822 
48 4457.94686402 0.280924851006 5542.77221113 
49 4457.80843486 0.206309390964 5542.98525575 
50 4457.70677699 0.151510008527 5543.141713 
51 4457.63212302 0.111264993454 5543.25661199 
52 4457.57730015 0.0817094482119 5543.34099041 
53 4457.53704053 0.0600044331635 5543.40295504 
54 4457.50747567 0.0440648912068 5543.44845943 
55 4457.48576455 0.0323594025667 5543.48187605 
56 4457.4698209 0.0237633240502 5543.50641578 
57 4457.45811262 0.0174507096129 5543.52443667 
58 4457.44951463 0.0128150000249 5543.53767037 
59 4457.44320067 0.00941073793147 5543.54738859 
60 4457.438564 0.0069108000793 5543.5545252 
61 4457.43515905 0.00507496130728 5543.55976599 
62 4457.43265856 0.00372677391109 5543.56361467 
63 4457.43082247 0.00273680858008 5543.56644073 
64 4457.42947416 0.00200984537833 5543.56851599 
65 4457.42848392 0.00147593674323 5543.57004014 
66 4457.42775672 0.00108384873064 5543.57115943 
67 4457.42722271 0.00079592598805 5543.57198137 
68 4457.42683056 0.000584492983545 5543.57258494 
69 4457.42654255 0.000429205992702 5543.57302824 
70 4457.42633092 0.000315101350586 5543.57335398 
