Time S I R
0  997 3 0
1 993.761274198 5.89253523933 0.346190563119 
2 987.441488936 11.5335314861 1.02497957759 
3 975.229180193 22.4217549414 2.34906486583 
4 952.068253428 43.0253438949 4.90640267698 
5 909.662231545 80.5835530342 9.75421542108 
6 836.788459949 144.572952487 18.6385875639 
7 724.163882808 241.817460384 34.0186568076 
8 575.586508939 365.963030073 58.4504609884 
9 415.259475714 491.552842594 93.1876816921 
10 274.934376504 588.002971851 137.062651645 
11 171.95149139 641.051588143 186.996920467 
12 104.894341776 655.520841109 239.584817115 
13 63.9720163643 643.828901793 292.199081842 
14 39.6101234249 617.188242722 343.201633853 
15 25.1062294637 583.178535891 391.715234645 
16 16.3506013452 546.305847168 437.343551487 
17 10.9534903957 509.079610681 479.966898923 
18 7.54586314757 472.837553146 519.616583707 
19 5.34016607426 438.257112934 556.402720992 
20 3.87691750107 405.649191711 590.473890788 
21 2.88288015357 375.122322035 621.994797812 
22 2.19228864337 346.673724942 651.133986415 
23 1.70219673318 320.240726689 678.057076578 
24 1.34746291057 295.729293635 702.923243455 
25 1.08592701421 273.030697326 725.88337566 
26 0.889804505663 252.030870261 747.079325233 
27 0.740378416783 232.61592397 766.643697613 
28 0.624825758367 214.675159609 784.700014633 
29 0.534257534623 198.102688475 801.36305399 
30 0.462374174656 182.798366712 816.739259113 
31 0.40465443102 168.668117609 830.92722796 
32 0.357814659953 155.623973989 844.018211351 
33 0.319445181692 143.583927481 856.096627338 
34 0.287668526229 132.471890886 867.240440588 
35 0.261129234095 122.217070569 877.521800197 
36 0.238854429909 112.754070548 887.007075022 
37 0.219993486145 104.022141597 895.757864917 
38 0.203912221404 95.9651400516 903.830947727 
39 0.190123093561 88.5311985944 911.278678312 
40 0.178231653757 81.6723400232 918.149428323 
41 0.167922353589 75.3442292592 924.487848387 
42 0.158940619293 69.5059047215 930.335154659 
43 0.151083125485 64.1195995318 935.729317343 
44 0.144180487188 59.1503740294 940.705445483 
45 0.13809433433 54.5660298353 945.29587583 
46 0.132710096719 50.3367947725 949.530495131 
47 0.127924619861 46.4351031447 953.436972235 
48 0.123664037725 42.8357036781 957.040632284 
49 0.119860574303 39.5152045874 960.364934838 
50 0.116455207873 36.4519939584 963.431550834 
51 0.11339970013 33.626159397 966.260440903 
52 0.110652236877 31.019321663 968.8700261 
53 0.108176831953 28.6145211011 971.277302067 
54 0.10594245417 26.3961069264 973.497950619 
55 0.103922253928 24.3496419379 975.546435808 
56 0.102092907566 22.4618075923 977.4360995 
57 0.100433950711 20.7203096135 979.179256436 
58 0.0989275209557 19.113809805 980.787262674 
59 0.0975579209745 17.6318459044 982.270596175 
60 0.0963113393387 16.2647690639 983.638919597 
61 0.0951755263524 15.0036731694 984.901151304 
62 0.0941396689958 13.8403468735 986.065513458 
63 0.0931941155339 12.7672093494 987.139596535 
64 0.0923303093525 11.7772728347 988.130396856 
65 0.0915405720795 10.8640853104 989.044374117 
66 0.0908180673275 10.0217001651 989.887481768 
67 0.0901566329999 9.24462593144 990.665217436 
68 0.0895507577517 8.52780153993 991.382647702 
69 0.088995468069 7.86655482951 992.044449702 
70 0.0884862720894 7.25657572168 992.654938006 
71 0.0880191521965 6.69389397739 993.21808687 
72 0.0875904420329 6.17484169485 993.737567863 
73 0.0871968279954 5.69603591353 994.216767258 
74 0.0868353071106 5.25435622691 994.658808466 
75 0.0865031479477 4.84692361124 995.066573241 
76 0.0861978724851 4.47108292704 995.4427192 
77 0.0859172235154 4.12438461911 995.789698157 
78 0.0856591479106 3.80456965107 996.109771201 
79 0.0854217710743 3.50955320619 996.405025023 
80 0.0852033848846 3.23741256897 996.677384046 
81 0.0850024276084 2.9863738304 996.928623742 
82 0.0848174735605 2.75480101058 997.160381516 
83 0.0846472164153 2.54118409344 997.37416869 
84 0.08449046413 2.34413132735 997.571378209 
85 0.0843461265607 2.16235931621 997.753294557 
86 0.0842131991582 1.99468204058 997.92110476 
87 0.0840907653425 1.84000698361 998.075902251 
88 0.0839779840378 1.69732609937 998.218695917 
89 0.0838740815215 1.56570870449 998.350417214 
90 0.0837783504124 1.44429749087 998.471924159 
91 0.0836901397704 1.33230093056 998.58400893 
92 0.0836088512079 1.22898867459 998.687402474 
93 0.0835339366079 1.13368791258 998.782778151 
94 0.0834648906965 1.04577710477 998.870758005 
95 0.0834012492573 0.964683074697 998.951915676 
96 0.0833425862226 0.889877566776 999.026779847 
97 0.0832885085633 0.820872601957 999.095838889 
98 0.0832386553175 0.757218462059 999.159542883 
99 0.0831926946619 0.698500527245 999.218306778 
100 0.0831503203249 0.644335680221 999.272513999 
