Time S I R
0  997 3 0
1 995.951212739 3.82204441173 0.226742849411 
2 994.616889326 4.86754804632 0.515562627235 
3 992.920548177 6.19614923157 0.883302591162 
4 990.766015155 7.88270669768 1.35127814685 
5 988.032819707 10.0207716887 1.94640860431 
6 984.570819123 12.7265826532 2.70259822407 
7 980.194134849 16.1434722996 3.66239285109 
8 974.674572064 20.446481674 4.87894626203 
9 967.735033477 25.8466805097 6.41828601309 
10 959.043790144 32.5943729582 8.36183689742 
11 948.211038687 40.9798781324 10.8090831808 
12 934.789870553 51.3299736667 13.8801557802 
13 918.284632781 63.9974033709 17.7179638485 
14 898.170338379 79.3403542403 22.4893073806 
15 873.926931016 97.6888712687 28.3841977148 
16 845.091220028 119.296334311 35.6124456606 
17 811.326410698 144.277063379 44.3965259223 
18 772.50376513 172.536280461 54.9599544088 
19 728.783531334 203.705381584 67.5110870816 
20 680.675327163 237.10139477 82.2232780668 
21 629.05520649 271.731072893 99.2137206171 
22 575.122139504 306.353397599 118.524462897 
23 520.291345847 339.599082109 140.109572044 
24 466.042200602 370.126143787 163.83165561 
25 413.754586539 396.776390784 189.469022677 
26 364.57139913 418.696315484 216.732285386 
27 319.314379138 435.398499997 245.287120866 
28 278.461570388 446.759455987 274.778973625 
29 242.176893662 452.967277327 304.855829011 
30 210.372333207 454.441233512 335.186433281 
31 182.782131123 451.745039663 365.472829214 
32 159.033096937 445.509560081 395.457342982 
33 138.702217377 436.372820745 424.924961878 
34 121.358673897 424.938985539 453.702340563 
35 106.591303309 411.754035644 481.654661047 
36 94.0240707046 397.294671197 508.681258099 
37 83.3232248166 381.965864736 534.710910447 
38 74.1987336747 366.104106903 559.697159422 
39 66.4022588474 349.983840164 583.613900988 
40 59.723396792 333.825109736 606.451493472 
41 53.9851771867 317.801416015 628.213406798 
42 49.039424021 302.047227247 648.913348732 
43 44.7624178675 286.664688255 668.572893878 
44 41.051009108 271.729470415 687.219520477 
45 37.819141872 257.295822659 704.885035469 
46 34.9950918247 243.400648319 721.604259856 
47 32.5189121792 230.067086927 737.414000894 
48 30.3404295889 217.307334068 752.352236343 
49 28.4175586866 205.124985911 766.457455402 
50 26.7148938628 193.516952973 779.768153164 
51 25.2025793284 182.47497765 792.322443022 
52 23.8553610324 171.986890884 804.157748084 
53 22.6518041289 162.037621323 815.310574549 
54 21.573667889 152.609982735 825.816349376 
55 20.6053798553 143.685319798 835.709300346 
56 19.7335965468 135.244030805 845.022372649 
57 18.9468537282 127.265963661 853.787182611 
58 18.2352652505 119.730745132 862.033989617 
59 17.5902881177 112.618017247 869.791694635 
60 17.0045217337 105.907629069 877.087849198 
61 16.4715122505 99.5798257201 883.948662029 
62 15.9856374046 93.6153210788 890.399041517 
63 15.5419746886 87.9953998704 896.462625441 
64 15.1362058869 82.7019712763 902.161822837 
65 14.7645314231 77.7176112969 907.51785728 
66 14.4235978985 73.0255915402 912.550810561 
67 14.1104414729 68.6098879494 917.279670578 
68 13.8224312664 64.4551904751 921.722378258 
69 13.5572313992 60.546891593 925.895877008 
70 13.3127577484 56.8710857791 929.816156473 
71 13.0871510546 53.4145479013 933.498301044 
72 12.8787429447 50.1647241949 936.95653286 
73 12.6860448544 47.1096952772 940.204259868 
74 12.5077144318 44.2381720778 943.25411349 
75 12.3425401504 41.5394698245 946.117990025 
76 12.1894337856 39.0034734412 948.807092773 
77 12.0474058757 36.6206272112 951.331966913 
78 11.9155652555 34.381896741 953.702538003 
79 11.7931002819 32.278754904 955.928144814 
80 11.6792741297 30.3031530437 958.017572827 
81 11.5734170776 28.4474974583 959.979085464 
82 11.4749166428 26.7046302472 961.82045311 
83 11.3832157983 25.0678026131 963.548981589 
84 11.2978035286 23.5306567532 965.171539718 
85 11.2182130046 22.08720318 966.694583815 
86 11.1440160969 20.7318019129 968.12418199 
87 11.0748194797 19.4591437534 969.466036767 
88 11.0102622113 18.2642313755 970.725506413 
89 10.9500108401 17.1423628107 971.907626349 
90 10.8937600043 16.0891140063 973.017125989 
91 10.8412300372 15.1003232283 974.058446734 
92 10.792159378 14.1720772138 975.035763408 
93 10.7463068362 13.3006964072 975.952996757 
94 10.7034513402 12.4827215401 976.81382712 
95 10.6633878669 11.714900583 977.62171155 
96 10.6259248169 10.9941763806 978.379898802 
97 10.5908862916 10.3176765448 979.091437164 
98 10.5581097194 9.68270227727 979.759188003 
99 10.5274425668 9.08671625371 980.385841179 
100 10.4987439267 8.52733533734 980.973920736 
