Time S I R
0  997 3 0
1 992.411969127 7.3506308098 0.237400063464 
2 981.298286326 17.88467428 0.817039394281 
3 954.994342878 42.7901376352 2.21551948673 
4 896.010353884 98.4927724252 5.49687369125 
5 778.356844895 208.901109757 12.7420453474 
6 590.132644469 382.87667636 26.9906791712 
7 373.724439434 575.772110353 50.5034502127 
8 201.111311959 716.491833427 82.3968546138 
9 98.1661314793 782.523662971 119.310205549 
10 46.2540920349 795.704169202 158.041738763 
11 21.8403273313 781.495430799 196.664241869 
12 10.521491791 755.22431298 234.254195229 
13 5.21017583128 724.361977646 270.427846523 
14 2.65879707606 692.286816155 305.054386769 
15 1.39869801457 660.485472816 338.115829169 
16 0.758055045196 629.598511301 369.643433654 
17 0.422846808166 599.887852641 399.689300551 
18 0.242440447373 571.443963972 428.31359558 
19 0.142714756368 544.278540722 455.578744521 
20 0.0861632456711 518.367095767 481.546740987 
21 0.0532621463633 493.668811111 506.277926742 
22 0.0337249609324 470.135817021 529.830458018 
23 0.0218122185337 447.718116921 552.26007086 
24 0.0144074189709 426.365534974 573.620057607 
25 0.00972207737311 406.029090305 593.961187617 
26 0.00669269549871 386.661288636 613.332018669 
27 0.00467261954668 368.216493121 631.77883426 
28 0.00331644524658 350.651007883 649.345675672 
29 0.00238815933278 333.923039995 666.074571845 
30 0.00172471689223 317.992739478 682.005535805 
31 0.001269117937 302.822253328 697.176477554 
32 0.000946778366824 288.375268381 711.623784841 
33 0.000755208983492 274.617573718 725.381671073 
34 0.00062070632589 261.516171877 738.483207417 
35 0.000503903391063 249.039820919 750.959675177 
36 0.000401103262675 237.158657129 762.840941768 
37 0.000317126222058 225.844330727 774.155352146 
38 0.00025154447178 215.0697476 784.930000856 
39 0.000210289750612 204.809204987 795.190584724 
40 0.000185071516967 195.038156094 804.961658834 
41 0.000161105261668 185.733276286 814.266562609 
42 0.000138202730341 176.872353121 823.127508677 
43 0.000117816038028 168.434175653 831.565706531 
44 9.76214223556e-05 160.398519366 839.601383012 
45 8.06479685025e-05 152.746229027 847.253690325 
46 6.86661510372e-05 145.459004532 854.540926802 
47 6.09755343248e-05 138.519436384 861.480502641 
48 5.50383506379e-05 131.910941845 868.089003117 
49 4.87508406195e-05 125.61772517 874.38222608 
50 4.29635650789e-05 119.624749367 880.375207669 
51 3.79966572837e-05 113.917682955 886.082279049 
52 3.37100813113e-05 108.482890141 891.517076149 
53 3.02611158531e-05 103.307380207 896.692589532 
54 2.77962301425e-05 98.3787826596 901.621189544 
55 2.60404165147e-05 93.6853224105 906.314651549 
56 2.44977508146e-05 89.2157770449 910.784198457 
57 2.26660267799e-05 84.9594578592 915.040519475 
58 2.11293223629e-05 80.9061919619 919.093786909 
59 1.97952504095e-05 77.0462974204 922.953682784 
60 1.83868925205e-05 73.3705615755 926.629420038 
61 1.72291379386e-05 69.8701875856 930.129795185 
62 1.63058668932e-05 66.5368084889 933.463175205 
63 1.53446326294e-05 63.3624625455 936.63752211 
64 1.44535750906e-05 60.3395595734 939.660425973 
65 1.36834194109e-05 57.4608726181 942.539113698 
66 1.29667736246e-05 54.7195225332 945.2804645 
67 1.22842907331e-05 52.1089567757 947.89103094 
68 1.16525773137e-05 49.622935116 950.377053231 
69 1.10948219572e-05 47.2555171581 952.744471747 
70 1.06223169496e-05 45.0010452835 954.998944094 
71 1.02022701185e-05 42.8541297396 957.145860058 
72 9.81920243248e-06 40.809639435 959.190350746 
73 9.4561488595e-06 38.8626881638 961.13730238 
74 9.11804738735e-06 37.0086217784 962.991369104 
75 8.80516438428e-06 35.2430091599 964.756982035 
76 8.51992354001e-06 33.5616309337 966.438360546 
77 8.25286485906e-06 31.9604661951 968.039525552 
78 8.00178747795e-06 30.435687753 969.564304245 
79 7.76857996243e-06 28.9836528305 971.016339401 
80 7.5585110153e-06 27.6008949163 972.399097525 
81 7.37003438189e-06 26.2841077478 973.715884882 
82 7.19796571502e-06 25.0301406393 974.969852163 
83 7.03979185346e-06 23.8359969063 976.163996054 
84 6.89128876274e-06 22.6988242539 977.301168855 
85 6.74822160818e-06 21.615906635 978.384086617 
86 6.61296928683e-06 20.58465202 979.415341367 
87 6.48538991754e-06 19.6025952255 980.397398289 
88 6.3657927285e-06 18.667390005 981.332603629 
89 6.25550808309e-06 17.7768035275 982.223190217 
90 6.1533586404e-06 16.9287055931 983.071288254 
91 6.05792206443e-06 16.1210675161 983.878926426 
92 5.96861684699e-06 15.3519594718 984.64803456 
93 5.88470481944e-06 14.6195448525 985.380449263 
94 5.80554637963e-06 13.922074246 986.077919948 
95 5.73111310587e-06 13.2578779806 986.742116288 
96 5.66108064959e-06 12.6253685006 987.374625838 
97 5.59516217891e-06 12.0230347055 987.976959699 
98 5.5331289559e-06 11.4494383514 988.550556115 
99 5.47467561773e-06 10.9032071484 989.096787377 
100 5.4195438679e-06 10.3830347963 989.616959784 
