Time S I R
0  997 3 0
1 996.214400191 3.72669765627 0.0589021527927 
2 995.239466658 4.62846868258 0.132064659104 
3 994.030104907 5.74697593403 0.222919158962 
4 992.53076979 7.13351838304 0.335711826934 
5 990.673219871 8.85109120362 0.475688925687 
6 988.373803559 10.9768691869 0.649327254507 
7 985.530402503 13.6049939053 0.864603591348 
8 982.018880422 16.849796827 1.13132275145 
9 977.689185084 20.8493121798 1.46150273635 
10 972.361212355 25.7689645468 1.8698230982 
11 965.820681808 31.8051775612 2.37414063051 
12 957.815514064 39.188426005 2.9960599313 
13 948.053354768 48.1850931984 3.76155203313 
14 936.201298841 59.0971145034 4.70158665573 
15 921.88919817 72.2580726878 5.85272914196 
16 904.718303751 88.0240705317 7.25762571768 
17 884.277233893 106.757497649 8.96526845829 
18 860.167154496 128.801946482 11.0308990215 
19 832.037331888 154.447278356 13.5153897562 
20 799.630863284 183.885226059 16.4839106572 
21 762.83713932 217.159084161 20.0037765183 
22 721.744913769 254.113697054 24.1413891766 
23 676.685871229 294.355756297 28.9583724745 
24 628.256574494 337.236233889 34.5071916172 
25 577.307922933 381.86534219 40.8267348763 
26 524.896476811 427.165035451 47.9384877378 
27 472.200856419 471.95520425 55.8439393308 
28 420.416202248 515.06008902 64.523708732 
29 370.646224724 555.415198903 73.9385763726 
30 323.813042467 592.154708722 84.0322488117 
31 280.5994447 624.665177255 94.7353780457 
32 241.428823602 652.600988841 105.970187557 
33 206.478916476 675.866020733 117.655062791 
34 175.719426807 694.571975487 129.708597706 
35 148.961705345 708.985501563 142.052793092 
36 125.910134922 719.474560044 154.615305034 
37 106.208090512 726.461112193 167.330797296 
38 89.4748961084 730.383557718 180.141546173 
39 75.3324042457 731.670125038 192.997470716 
40 63.4232248452 730.720975624 205.855799531 
41 53.4208097586 727.898713826 218.680476416 
42 45.0342315805 723.524316187 231.441452233 
43 38.0092296553 717.876821068 244.113949276 
44 32.1267947324 711.195456829 256.677748438 
45 27.2002203999 703.683275506 269.116504095 
46 23.0717266027 695.511117589 281.417155808 
47 19.608768609 686.82183689 293.569394501 
48 16.7004843978 677.734310633 305.565204969 
49 14.2545259914 668.346994662 317.398479346 
50 12.1940542143 658.741259861 329.064685925 
51 10.4552241464 648.984183954 340.5605919 
52 8.98505280075 639.130910823 351.884036376 
53 7.7395857978 629.226673748 363.033740455 
54 6.68232934729 619.30852613 374.009144523 
55 5.78296767412 609.406753407 384.810278919 
56 5.0162997143 599.546044175 395.437656111 
57 4.36134141167 589.746478708 405.89217988 
58 3.80061242788 580.024314043 416.175073529 
59 3.31955493853 570.392623884 426.287821177 
60 2.90593097663 560.861963197 436.232105826 
61 2.54953895978 551.440679665 446.009781375 
62 2.24176957986 542.135403076 455.622827344 
63 1.97545234578 532.951214361 465.073333293 
64 1.74450655001 523.892030478 474.363462972 
65 1.5438276651 514.960730503 483.495441832 
66 1.36908704928 506.159375911 492.471537039 
67 1.21662419896 497.489329587 501.294046214 
68 1.08336687002 488.951344109 509.965289021 
69 0.96662458976 480.545789441 518.487585969 
70 0.864130049374 472.272606961 526.863262989 
71 0.77400853173 464.131343023 535.094648445 
72 0.694582837334 456.121364309 543.184052853 
73 0.624485314358 448.241734127 551.133780558 
74 0.562493257639 440.491393872 558.94611287 
75 0.507574072039 432.869113152 566.623312776 
76 0.458838873472 425.3735409 574.167620226 
77 0.415498297629 418.003253602 581.581248101 
78 0.37690372026 410.756708619 588.86638766 
79 0.342464868512 403.632335618 596.025199514 
80 0.311700836462 396.628480235 603.059818928 
81 0.284162051883 389.74348889 609.972349058 
82 0.25947356138 382.975661336 616.764865102 
83 0.237310995129 376.323276378 623.439412627 
84 0.217374368326 369.784621174 629.998004458 
85 0.199404894889 363.357970856 636.442624249 
86 0.18318707182 357.041585704 642.775227224 
87 0.168539856798 350.833723116 648.997737027 
88 0.1552941986 344.732658997 655.112046805 
89 0.143288726831 338.736692093 661.12001918 
90 0.132400025827 332.844113515 667.023486459 
91 0.122511092829 327.053237322 672.824251586 
92 0.113510613625 321.362401206 678.52408818 
93 0.105312279909 315.769948232 684.124739488 
94 0.0978345824672 310.274244434 689.627920984 
95 0.0910016912959 304.873678099 695.03532021 
96 0.0847539886521 299.566651123 700.348594888 
97 0.0790303516835 294.351592411 705.569377237 
98 0.0737750059077 289.22695285 710.699272144 
99 0.0689469729093 284.191198384 715.739854644 
100 0.06451418399 279.24281433 720.692671486 
