Time S I R
0  997 3 0
1 994.121953442 5.6042924105 0.273754147722 
2 988.775111505 10.4404427171 0.784445777663 
3 978.916028214 19.3505746621 1.73339712433 
4 960.985849376 35.5301903806 3.48396024337 
5 929.179938209 64.1488995849 6.67116220565 
6 875.174369675 112.484156817 12.3414735076 
7 789.926573782 188.027245138 22.0461810802 
8 669.658027669 292.654635713 37.6873366183 
9 524.152524437 414.961104098 60.8863714653 
10 377.158128657 530.789391564 92.0524797793 
11 252.751519058 617.293420249 129.955060693 
12 161.61467901 666.083106594 172.302214396 
13 101.093458216 682.175821859 216.730719924 
14 63.0662680507 675.519886246 261.413845704 
15 39.7320766381 655.102130713 305.165792649 
16 25.4614429224 627.233830725 347.304726353 
17 16.6579333592 595.860293868 387.481772773 
18 11.1437772409 563.306211946 425.550010813 
19 7.62520888229 530.895254673 461.479536445 
20 5.3347445399 499.359049435 495.306206025 
21 3.81327889075 469.085101222 527.101619887 
22 2.78217772977 440.262147414 556.955674856 
23 2.06978330272 412.963656922 584.966559776 
24 1.56844963413 387.196644496 611.23490587 
25 1.20931860129 362.930257552 635.860423847 
26 0.947765612169 340.112184128 658.94005026 
27 0.754256475291 318.678883471 680.566860053 
28 0.608972921949 298.561465433 700.829561645 
29 0.498398865708 279.689334468 719.812266666 
30 0.41308413455 261.992470868 737.594444998 
31 0.34646198874 245.40250183 754.251036181 
32 0.293841317594 229.853592405 769.852566277 
33 0.251825985053 215.282849254 784.465324761 
34 0.217939715984 201.630483824 798.15157646 
35 0.190354209743 188.839880946 810.969764845 
36 0.167714029087 176.857550134 822.974735837 
37 0.148935207211 165.633184488 834.217880305 
38 0.133230615765 155.119302619 844.747466765 
39 0.120044194554 145.271379398 854.608576407 
40 0.108873613379 136.047475195 863.843651191 
41 0.099368967631 127.408351218 872.492279814 
42 0.0912166584999 119.317057474 880.591725867 
43 0.0841933143945 111.739059227 888.176747459 
44 0.0781041375388 104.64185291 895.280042953 
45 0.072807617174 97.9950871868 901.932105196 
46 0.0681766655174 91.7702093979 908.161613937 
47 0.0641074229252 85.940516023 913.995376554 
48 0.060524613433 80.480989338 919.458486049 
49 0.0573427189389 75.3680531893 924.574604092 
50 0.0545096704814 70.5797587478 929.365731582 
51 0.0519872876334 66.0955760603 933.852436652 
52 0.0497326669793 61.8961980075 938.054069325 
53 0.0477085877748 57.9635323949 941.988759017 
54 0.0458877748363 54.2806619494 945.673450276 
55 0.0442458079552 50.8317311525 949.12402304 
56 0.0427615073246 47.6018902977 952.355348195 
57 0.0414167424908 44.5772305164 955.381352741 
58 0.0401957661977 41.7447220503 958.215082183 
59 0.0390850216013 39.0921645087 960.86875047 
60 0.0380726957665 36.608129375 963.353797929 
61 0.0371485270967 34.2819172892 965.680934184 
62 0.0363034153976 32.1035003756 967.860196209 
63 0.0355292995325 30.0634861393 969.900984561 
64 0.0348192030596 28.1530856755 971.812095121 
65 0.0341672684309 26.3640754964 973.601757235 
66 0.033567802784 24.6887384252 975.277693772 
67 0.0330159770537 23.1198541053 976.847129918 
68 0.0325075086063 21.6506610039 978.316831487 
69 0.0320384400781 20.274823001 979.693138559 
70 0.0316053326325 18.9864096844 980.981984983 
71 0.0312050547088 17.779865795 982.18892915 
72 0.0308348112459 16.6499906086 983.31917458 
73 0.0304920853512 15.5919135931 984.377594322 
74 0.0301745902668 14.6010719966 985.368753413 
75 0.0298802731512 13.6731940421 986.296925685 
76 0.0296072611916 12.8042786111 987.166114128 
77 0.0293538608453 11.9905794923 987.980066647 
78 0.0291185274901 11.2285877466 988.742293726 
79 0.028899848056 10.5150166138 989.456083538 
80 0.02869655181 9.84679074925 990.124512699 
81 0.0285074869895 9.22103146789 990.750461045 
82 0.0283315635321 8.63503735083 991.336631086 
83 0.0281678002593 8.08628141543 991.885550784 
84 0.028015307787 7.57239912969 992.399585563 
85 0.0278732559868 7.09117341379 992.88095333 
86 0.0277408810043 6.64052799611 993.331731123 
87 0.0276174891318 6.21852068469 993.753861826 
88 0.0275024406367 5.82333245817 994.149165101 
89 0.0273951359578 5.45325725889 994.519347605 
90 0.0272950291601 5.10669973092 994.86600524 
91 0.0272016184921 4.78216686199 995.19063152 
92 0.0271144335883 4.47825777381 995.494627793 
93 0.027033041633 4.1936615589 995.779305399 
94 0.0269570445881 3.9271517437 996.045891212 
95 0.0268860716099 3.67757879214 996.295535136 
96 0.0268197776065 3.44386565514 996.529314567 
97 0.0267578447629 3.2250049481 996.748237207 
98 0.0266999784822 3.0200535216 996.9532465 
99 0.0266459026832 2.82812647181 997.145227626 
100 0.0265953624261 2.64839620796 997.32500843 
