Time S I R
0  997 3 0
1 994.172163286 5.70455919329 0.123277520961 
2 988.824220749 10.8184003311 0.3573789203 
3 978.786193543 20.4135827185 0.800223738269 
4 960.208549054 38.1595273809 1.63192356546 
5 926.705854735 70.1208309123 3.17331435314 
6 869.016111035 125.020937905 5.96295105995 
7 777.14978605 212.038042899 10.8121710508 
8 647.597879275 333.675067097 18.7270536277 
9 492.947067928 476.482881209 30.5700508635 
10 340.955957583 612.473881077 46.5701613396 
11 217.261514132 716.609249387 66.1292364809 
12 130.79422798 781.05139654 88.1543754801 
13 76.2855645837 812.160343659 111.554091757 
14 43.9300974018 820.562769974 135.507132624 
15 25.2821663917 815.230932095 159.486901513 
16 14.6444350906 802.169590925 183.185973985 
17 8.57091697762 784.993428893 206.435654129 
18 5.07877307377 765.772610181 229.148616745 
19 3.04983532876 745.666558281 251.28360639 
20 1.8566443074 725.318325452 272.82503024 
21 1.14587459368 705.08261795 293.771507456 
22 0.716855742891 685.153679738 314.129464519 
23 0.454471996138 665.635950852 333.909577152 
24 0.29190292663 646.583327484 353.124769589 
25 0.189871321836 628.021044405 371.789084273 
26 0.12499697777 609.95796228 389.917040742 
27 0.0833196407186 592.393406854 407.523273505 
28 0.0561888194043 575.321508916 424.622302265 
29 0.0383644137385 558.733218176 441.22841741 
30 0.0265101533449 542.617853934 457.355635912 
31 0.0184745457498 526.963881731 473.017643723 
32 0.0130022251631 511.759215273 488.227782501 
33 0.00924830275267 496.991713333 502.999038364 
34 0.00664624731621 482.649319329 517.344034424 
35 0.00482225537428 468.720132028 531.275045717 
36 0.00353133293356 455.192465961 544.804002706 
37 0.0026127656356 442.054919401 557.942467834 
38 0.00195145531006 429.296348463 570.701700082 
39 0.00146297181618 416.905856641 583.092680387 
40 0.00110316154382 404.872856068 595.126040771 
41 0.000839005804437 393.187106927 606.812054068 
42 0.000644315135105 381.838557432 618.160798253 
43 0.000499486086483 370.817519453 629.181981061 
44 0.000388059913803 360.114512582 639.885099358 
45 0.000298859434452 349.720378665 650.279322475 
46 0.000226947188139 339.626195227 660.373577826 
47 0.000173678247734 329.823377073 670.176449248 
48 0.000131304314891 320.303414774 679.696453921 
49 9.99545179639e-05 311.058163451 688.941736595 
50 8.60250623873e-05 302.079815388 697.920098587 
51 8.80379044474e-05 293.360693808 706.639218154 
52 9.39034874818e-05 284.893214042 715.106692055 
53 9.85308442978e-05 276.670133331 723.329768138 
54 9.70476877455e-05 268.684430425 731.315472527 
55 9.08171427909e-05 260.929216279 739.070692903 
56 8.05902802767e-05 253.397835402 746.602084008 
57 6.73208249964e-05 246.083853794 753.916078885 
58 5.25646307779e-05 238.980999181 761.018948254 
59 3.82764158076e-05 232.083131149 767.916830574 
60 2.76047538819e-05 225.384357942 774.615614454 
61 2.35906417174e-05 218.878951456 781.121024953 
62 2.4196755362e-05 212.561306919 787.438668884 
63 2.80667904917e-05 206.42600545 793.573966483 
64 3.32283314037e-05 200.467793295 799.532173477 
65 3.62217400607e-05 194.681566081 805.318397698 
66 3.60544020168e-05 189.062368469 810.937595477 
67 3.52628252358e-05 183.605388098 816.39457664 
68 3.35560337135e-05 178.305934892 821.694031552 
69 3.07578820866e-05 173.159438721 826.840530521 
70 2.68584105925e-05 168.161449405 831.838523737 
71 2.21502009481e-05 163.307710983 836.692266866 
72 1.71612665554e-05 158.59407205 841.405910789 
73 1.26999350414e-05 154.016486317 845.983500983 
74 9.90945113699e-06 149.571021015 850.428969075 
75 9.2778564067e-06 145.253860776 854.746129947 
76 9.73486362454e-06 141.061310817 858.938679448 
77 1.08921283299e-05 136.989774812 863.010214295 
78 1.20560015375e-05 133.03575875 866.964229194 
79 1.22537130665e-05 129.195867933 870.804119814 
80 1.18961249882e-05 125.46681161 874.533176494 
81 1.12811967483e-05 121.845392387 878.154596332 
82 1.04436740003e-05 118.32850212 881.671487436 
83 9.52938012233e-06 114.913120342 885.086870129 
84 8.64836533765e-06 111.596315441 888.403675911 
85 7.71280235767e-06 108.375246247 891.62474604 
86 6.77580908359e-06 105.247150461 894.752842763 
87 5.99769020937e-06 102.209342874 897.790651128 
88 5.57574844606e-06 99.2592145184 900.740779906 
89 5.46607088836e-06 96.394236935 903.605757599 
90 5.59019076718e-06 93.6119543301 906.38804008 
91 5.89600563217e-06 90.9099793798 909.090014724 
92 6.25309360203e-06 88.2859931739 911.714000573 
93 6.42301074549e-06 85.7377432921 914.262250285 
94 6.20853438704e-06 83.2630423014 916.73695149 
95 5.95919641455e-06 80.8597669363 919.140227105 
96 5.7223329577e-06 78.5258554243 921.474138853 
97 5.50163679236e-06 76.2593066098 923.740687889 
98 5.28649661646e-06 74.0581788918 925.941815822 
99 5.0424246183e-06 71.9205891935 928.079405764 
100 4.80898040678e-06 69.8447016117 930.155293579 
