Time S I R
0  997 3 0
1 992.636677372 7.16936220151 0.193960426103 
2 982.319146092 17.0248409524 0.656012955483 
3 958.422538923 39.832366203 1.7450948739 
4 905.633729582 90.1158223503 4.25044806724 
5 800.285199274 189.995552891 9.71924783581 
6 626.934095877 352.550890069 20.5150140544 
7 415.321519335 545.953264501 38.7252161638 
8 233.26594174 702.498281125 64.2357771351 
9 117.217991993 788.115412047 94.6665959599 
10 56.011713243 816.664753953 127.323532804 
11 26.5049302633 813.082878582 160.412191155 
12 12.6830065158 794.310186974 193.00680651 
13 6.19526859492 769.11379104 224.690940365 
14 3.10088383136 741.600821598 255.298294571 
15 1.59214802104 713.630222306 284.777629673 
16 0.83859080465 686.031935518 313.129473677 
17 0.452857594913 659.169834632 340.377307773 
18 0.250557699951 633.194952239 366.554490061 
19 0.141844098396 608.159909541 391.69824636 
20 0.0820944310799 584.071007236 415.846898333 
21 0.0486442458637 560.91286086 439.038494894 
22 0.029465959662 538.660276596 461.310257444 
23 0.0181599979456 517.283548733 482.698291269 
24 0.0114047862527 496.751143693 503.23745152 
25 0.00730272645899 477.031392184 522.961305089 
26 0.00475946964593 458.093096037 541.902144493 
27 0.00315571439262 439.905841487 560.091002798 
28 0.00213358823521 422.440244186 577.557622226 
29 0.00145497182086 405.667776429 594.330768599 
30 0.00100347364628 389.561025584 610.437970942 
31 0.000704776809812 374.0936686 625.905626623 
32 0.000502911861304 359.240325344 640.759171745 
33 0.000358595283956 344.976621191 655.023020214 
34 0.000250825677199 331.279142856 668.720606318 
35 0.000176952753577 318.125515352 681.874307695 
36 0.000123523750176 305.493992913 694.505883564 
37 9.99811795737e-05 293.364065847 706.635834172 
38 0.000100200207044 281.715855382 718.284044418 
39 0.000103103033325 270.530118682 729.469778215 
40 9.75338922444e-05 259.788557347 740.211345119 
41 8.48392618309e-05 249.473476811 750.52643835 
42 6.74067124464e-05 239.567998735 760.431933858 
43 4.78655729239e-05 230.055794141 769.944157993 
44 3.19199550631e-05 220.921270062 779.078698018 
45 2.60572373918e-05 212.149458181 787.850515762 
46 2.78573796777e-05 203.725924542 796.274047601 
47 3.36043791549e-05 195.636849259 804.363117136 
48 3.63547603683e-05 187.868972132 812.130991513 
49 3.57179785624e-05 180.409564119 819.590400163 
50 3.38302328373e-05 173.24637816 826.753588009 
51 2.99624020954e-05 166.367596876 833.632373162 
52 2.40635076807e-05 159.761884001 840.238091935 
53 1.74366107331e-05 153.41845936 846.581523204 
54 1.20064349858e-05 147.326903661 852.673084332 
55 1.01051305137e-05 141.477203919 858.522785976 
56 1.0420983358e-05 135.859770292 864.140219287 
57 1.17174123488e-05 130.465383293 869.53460499 
58 1.20767725775e-05 125.285181596 874.714806327 
59 1.14936469799e-05 120.310664713 879.689323794 
60 1.0540119888e-05 115.533668879 884.466320581 
61 9.3915442676e-06 110.946344975 889.053645634 
62 8.22756703656e-06 106.541158696 893.458833076 
63 6.98796975485e-06 102.31088565 897.689107362 
64 5.97470534558e-06 98.2485786565 901.751415369 
65 5.5639020502e-06 94.347563471 905.652430965 
66 5.58375768378e-06 90.6014425243 909.398551892 
67 5.91666037053e-06 87.0040657483 912.995928335 
68 6.25602888249e-06 83.5495241431 916.450469601 
69 6.08291804838e-06 80.2321418749 919.767852042 
70 5.79914501486e-06 77.0464714108 922.95352279 
71 5.56266286367e-06 73.9872833053 926.012711132 
72 5.34129981133e-06 71.0495604458 928.950434213 
73 5.03376031702e-06 68.2284919213 931.771503045 
74 4.75123681554e-06 65.5194389581 934.480556291 
75 4.5683469807e-06 62.9179483924 937.082047039 
76 4.44515444542e-06 60.4197508557 939.580244699 
77 4.25929840731e-06 58.0207493703 941.97924637 
78 4.04262596021e-06 55.7170038948 944.282992063 
79 3.86950932807e-06 53.5047290646 946.495267066 
80 3.72358965706e-06 51.3802930564 948.61970322 
81 3.57036185505e-06 49.3402091747 950.659787255 
82 3.39934399562e-06 47.3811280774 952.618868523 
83 3.23022754856e-06 45.4998322628 954.500164507 
84 3.06764445668e-06 43.6932336453 956.306763287 
85 2.9267894206e-06 41.9583676261 958.041629447 
86 2.81650761735e-06 40.2923867672 959.707610416 
87 2.71981036803e-06 38.692554479 961.307442801 
88 2.6340895829e-06 37.1562442718 962.843753094 
89 2.55437839769e-06 35.6809341727 964.319063273 
90 2.4757977144e-06 34.2642023229 965.735795201 
91 2.40192196088e-06 32.9037221824 967.096275416 
92 2.33236301028e-06 31.597260243 968.402737425 
93 2.26684403515e-06 30.3426721262 969.657325607 
94 2.2053035309e-06 29.1378986341 970.862099161 
95 2.14642409446e-06 27.9809600254 972.019037828 
96 2.08998039852e-06 26.8699566408 973.130041269 
97 2.03632350804e-06 25.8030650716 974.196932892 
98 1.98633392756e-06 24.7785352598 975.221462754 
99 1.94148401533e-06 23.7946879252 976.205310133 
100 1.90117157217e-06 22.8499062494 977.150091849 
