Time S I R
0  997 3 0
1 993.093559911 6.49301083297 0.413429255986 
2 984.712345167 13.9817034934 1.30595133957 
3 966.999653983 29.7828967145 3.21744930277 
4 930.729457446 62.0272048045 7.2433377494 
5 861.028425653 123.530915094 15.4406592535 
6 742.014029396 226.879717289 31.106253316 
7 574.395704979 367.533843974 58.0704510473 
8 391.938790323 509.740487644 98.3207220332 
9 240.173383522 609.931835182 149.894781297 
10 138.297729395 653.682241881 208.020028724 
11 78.2427345633 653.754144692 268.003120745 
12 44.8059923624 628.48423752 326.709770118 
13 26.3840736186 591.136896339 382.479030043 
14 16.0853090244 549.323662669 434.591028307 
15 10.1731485696 506.988334749 482.838516681 
16 6.67124010572 466.056159789 527.272600105 
17 4.52869568364 427.404195655 568.067108661 
18 3.17550899386 391.375648641 605.448842365 
19 2.29471967504 358.043050202 639.662230123 
20 1.70490118232 327.343706796 670.951392022 
21 1.29945188935 299.149168097 699.551380013 
22 1.01389431215 273.302129983 725.683975705 
23 0.808289508196 249.635653365 749.556057127 
24 0.657149312699 227.983643019 771.359207669 
25 0.543948688214 208.185948714 791.270102598 
26 0.457705304422 190.091125406 809.451169289 
27 0.390957337883 173.55760608 826.051436582 
28 0.338560209056 158.453970736 841.207469055 
29 0.296906519556 144.658771294 855.044322186 
30 0.26332001278 132.060331775 867.676348212 
31 0.235976248004 120.555909859 879.208113893 
32 0.21352473301 110.051355709 889.735119558 
33 0.194896793324 100.460306757 899.34479645 
34 0.179316022104 91.70377711 908.116906868 
35 0.166183724057 83.7094611704 916.124355106 
36 0.155038435563 76.4112515456 923.433710019 
37 0.145517977841 69.7486946648 930.105787357 
38 0.137341078599 63.6666092631 936.196049658 
39 0.130279896985 58.1145094323 941.755210671 
40 0.124155889823 53.0463491677 946.829494943 
41 0.118813919892 48.4198845134 951.461301567 
42 0.114137342804 44.1967068278 955.689155829 
43 0.110031137793 40.3417466806 959.548222182 
44 0.10641155224 36.8228952767 963.070693171 
45 0.103211769599 33.6108790286 966.285909202 
46 0.100375191965 30.6789634831 969.220661325 
47 0.0978541699994 28.0027383401 971.89940749 
48 0.0956083722446 25.5599156814 974.344475946 
49 0.0936035385498 23.3301515963 976.576244865 
50 0.0918103600117 21.2948718552 978.613317785 
51 0.0902035927709 19.4371166106 980.472679797 
52 0.0887615494582 17.7414067257 982.169831725 
53 0.0874654596093 16.1936144205 983.71892012 
54 0.0862989494342 14.7808367325 985.132864318 
55 0.0852478061597 13.4913022945 986.423449899 
56 0.0842995411883 12.3142602075 987.601440251 
57 0.083443217532 11.2398996954 988.676657087 
58 0.082669202291 10.2592655326 989.658065265 
59 0.0819689777649 9.36418017319 990.553850849 
60 0.0813350230497 8.54718310725 991.37148187 
61 0.080760650927 7.80146055055 992.117778799 
62 0.0802399172741 7.12079489759 992.798965185 
63 0.0797675647595 6.49951646293 993.420715972 
64 0.0793388479282 5.93244103794 993.988220114 
65 0.0789495545021 5.41484126306 994.506209182 
66 0.0785958932629 4.94239965241 994.979004454 
67 0.0782744727259 4.51117685871 995.410548669 
68 0.0779822433482 4.11757692328 995.804440833 
69 0.0777164638912 3.75831789209 996.163965644 
70 0.0774746645386 3.43040347903 996.492121856 
71 0.0772546189684 3.13109892713 996.791646454 
72 0.0770543181085 2.85790832208 997.06503736 
73 0.0768719452933 2.60855272991 997.314575325 
74 0.07670586062 2.38095301997 997.542341119 
75 0.0765545825432 2.17321227643 997.750233141 
76 0.0764167630244 1.98359653545 997.939986702 
77 0.0762911858815 1.81052518253 998.113183632 
78 0.0761767454123 1.6525541945 998.27126906 
79 0.0760724395409 1.50836605813 998.415561502 
80 0.0759773599689 1.37675877374 998.547263866 
81 0.0758906793668 1.25663395565 998.667475365 
82 0.0758116486218 1.14699048087 998.777197871 
83 0.0757395852221 1.04691349029 998.877346924 
84 0.0756738691642 0.955568262518 998.968757868 
85 0.0756139370158 0.872193176522 999.052192886 
86 0.075559275184 0.796092436468 999.128348288 
87 0.0755094174483 0.726631797135 999.197858785 
88 0.0754639385435 0.66323164244 999.261304419 
89 0.0754224516401 0.605363229524 999.319214319 
90 0.0753846046263 0.552544070906 999.372071324 
91 0.0753500762752 0.504333344617 999.420316579 
92 0.0753185745239 0.46032920089 999.464352225 
93 0.0752898327992 0.420164430026 999.504545737 
94 0.075263608414 0.383504101189 999.54123229 
95 0.075239680221 0.3500425426 999.574717777 
96 0.0752178463796 0.319500492538 999.605281661 
97 0.0751979231945 0.291623376543 999.6331787 
98 0.0751797429197 0.266178551821 999.658641705 
99 0.0751631527487 0.242953838261 999.681883009 
100 0.0751480133392 0.221755568736 999.703096418 
