Time S I R
0  997 3 0
1 996.116259511 3.81729551028 0.0664449788631 
2 994.993042382 4.85597722985 0.150980387877 
3 993.566262586 6.17523720811 0.258500206067 
4 991.755194344 7.84960365451 0.395202001548 
5 989.45845484 9.97262281619 0.568922344058 
6 986.549183197 12.6612636764 0.789553126581 
7 982.869463591 16.0609901592 1.06954625032 
8 978.223943223 20.3515277865 1.42452899061 
9 972.372939238 25.7530271266 1.87403363524 
10 965.02545118 32.5321960868 2.44235273337 
11 955.833011343 41.0074875605 3.15950109612 
12 944.385736182 51.5519992077 4.06226461073 
13 930.212806288 64.5919292753 5.19526443692 
14 912.790374086 80.5977009406 6.61192497331 
15 891.560721828 100.064111252 8.37516692078 
16 865.966788194 123.475639729 10.5575720777 
17 835.505351578 151.253948044 13.2407003773 
18 799.799598635 183.687214615 16.51318675 
19 758.686060305 220.846611009 20.4673286866 
20 712.30385911 262.502141696 25.1939991942 
21 661.165984418 308.057957227 30.7760583549 
22 606.187737347 356.531369029 37.2808936241 
23 548.651405702 406.59544932 44.7531449782 
24 490.100332274 456.690717068 53.2089506578 
25 432.176967156 505.190086794 62.6329460505 
26 376.439502672 550.581759022 72.9787383056 
27 324.199188247 591.628022546 84.1727892065 
28 276.412677425 627.466437928 96.1208846464 
29 233.64385426 657.640251134 108.715894606 
30 196.088594101 682.065916853 121.845489046 
31 163.64195894 700.959267277 135.398773783 
32 135.983700145 714.745020889 149.271278966 
33 112.662251669 723.969568797 163.368179534 
34 93.1652003522 729.228857255 177.605942393 
35 76.9712891823 731.115966812 191.912744005 
36 63.58491643 730.187022963 206.228060607 
37 52.5558212377 726.942438006 220.501740757 
38 43.4876792824 721.819506418 234.6928143 
39 36.0397486684 715.19200056 248.768250772 
40 29.9240363163 707.374209855 262.701753829 
41 24.900092751 698.627263296 276.472643953 
42 20.7690795297 689.166022837 290.064897634 
43 17.3675692988 679.166129165 303.466301537 
44 14.5619702037 668.77027717 316.667752626 
45 12.2433099099 658.094022458 329.662667632 
46 10.3228884959 647.230612431 342.446499073 
47 8.72858092723 636.255077123 355.01634195 
48 7.40176867068 625.227618586 367.370612744 
49 6.29477143995 614.19644431 379.50878425 
50 5.36877330554 603.200052113 391.431174581 
51 4.59213655392 592.269087156 403.13877629 
52 3.93902558987 581.427857764 414.633116646 
53 3.38837708491 570.695468708 425.916154207 
54 2.9228534369 560.08697616 436.990170403 
55 2.52825984679 549.614028418 447.857711736 
56 2.19287114263 539.285608095 458.521520763 
57 1.90708122574 529.108418347 468.984500427 
58 1.66292580621 519.087409785 479.249664408 
59 1.45379541492 509.226097562 489.320107024 
60 1.27422293042 499.526795268 499.198981801 
61 1.11967039358 489.990850481 508.889479125 
62 0.986314685909 480.618881292 518.394804022 
63 0.870915583752 471.410921516 527.718162901 
64 0.770868449958 462.366362112 536.862769438 
65 0.683892323112 453.484295627 545.83181205 
66 0.608142555204 444.76339169 554.628465755 
67 0.541997810515 436.202131882 563.255870307 
68 0.484130755832 427.798731627 571.717137617 
69 0.433376988488 419.551284565 580.015338447 
70 0.388773616105 411.457718158 588.153508226 
71 0.34948525512 403.515875236 596.134639509 
72 0.314826211137 395.72348987 603.961683919 
73 0.284173804039 388.078281064 611.637545132 
74 0.257016852221 380.577899513 619.165083635 
75 0.232912791181 373.219973871 626.547113338 
76 0.211462356839 366.002138843 633.7863988 
77 0.192333544829 358.922005137 640.885661318 
78 0.175252024708 351.977172507 647.847575469 
79 0.159985332438 345.165246194 654.674768473 
80 0.146301649792 338.483877743 661.369820607 
81 0.13402279573 331.930711678 667.935265526 
82 0.122987762587 325.503420733 674.373591504 
83 0.113045521606 319.199712761 680.687241718 
84 0.104079381175 313.017307565 686.878613053 
85 0.0959765192965 306.953963094 692.950060387 
86 0.0886418128923 301.00746412 698.903894067 
87 0.0819949948633 295.175624056 704.742380949 
88 0.0759520508258 289.456298802 710.467749147 
89 0.0704518169116 283.847367324 716.082180859 
90 0.0654478256265 278.346737614 721.587814561 
91 0.0608988771089 272.952352557 726.986748566 
92 0.0567434587582 267.662205542 732.281050999 
93 0.0529412748258 262.474315127 737.472743598 
94 0.0494612878347 257.386732337 742.563806375 
95 0.0462762763561 252.397542115 747.556181609 
96 0.04335048396 247.504864244 752.451785272 
97 0.0406587050056 242.706851922 757.252489373 
98 0.0381811689696 238.001692144 761.960126687 
99 0.0359006864321 233.387604698 766.576494615 
100 0.0337952729744 228.862837737 771.10336699 
