Time S I R
0  997 3 0
1 995.277426203 4.40136229201 0.321211504805 
2 992.756840939 6.45092605154 0.792233009734 
3 989.076701127 9.44120633905 1.48209253399 
4 983.72088696 13.7884480202 2.49066501986 
5 975.962908163 20.0757134912 3.96137834583 
6 964.801344993 29.1006924655 6.09796254106 
7 948.898559878 41.9162229267 9.18521719515 
8 926.551598388 59.836316372 13.61208524 
9 895.750152766 84.3578274151 19.8920198191 
10 854.403932377 116.925899353 28.6701682701 
11 800.821428556 158.478020484 40.7005509595 
12 734.439783813 208.786622165 56.7735940221 
13 656.599310182 265.816616065 77.5840737529 
14 570.914585873 325.526840716 103.55857341 
15 482.792588714 382.506926093 134.700485193 
16 398.104220039 431.368567811 170.52721215 
17 321.649213815 468.211562722 210.139223463 
18 256.208999401 491.399338566 252.391662032 
19 202.497295002 501.410025512 296.092679486 
20 159.730909566 500.109534638 340.159555795 
21 126.35129212 489.944391284 383.704316596 
22 100.590773475 473.352410936 426.056815589 
23 80.8017724545 452.449845748 466.748381798 
24 65.5951009501 428.927202953 505.477696097 
25 53.8653631726 404.061119026 542.073517801 
26 44.7621819596 378.777038368 576.460779672 
27 37.6436376626 353.723348047 608.63301429 
28 32.029890856 329.339061084 638.63104806 
29 27.5634223142 305.909402161 666.527175525 
30 23.9778091361 283.608588349 692.413602515 
31 21.0737476094 262.532077579 716.394174812 
32 18.7013781309 242.720076506 738.578545363 
33 16.747292473 224.174584362 759.078123165 
34 15.125045387 206.871680699 778.003273914 
35 13.7682463827 190.770296042 795.461457576 
36 12.6255069803 175.81848389 811.55600913 
37 11.6567350045 161.957875806 826.385389189 
38 10.8304040662 149.126829466 840.042766468 
39 10.1215674169 137.262588922 852.615843661 
40 9.51029708658 126.302891497 864.186811416 
41 8.9805705324 116.186979576 874.832449892 
42 8.5194192141 106.856283888 884.624296898 
43 8.11627556846 98.2548658342 893.628858597 
44 7.76247194984 90.3296778355 901.907850215 
45 7.45085428359 83.0306849411 909.518460775 
46 7.17548044594 76.3109037768 916.513615777 
47 6.9313852496 70.1263694163 922.942245334 
48 6.71441799241 64.4360293309 928.849552677 
49 6.52105689182 59.2016900763 934.277253032 
50 6.34832266334 54.3878495561 939.263827781 
51 6.19367651113 49.9615701933 943.844753296 
52 6.05494212168 45.892338076 948.052719802 
53 5.93025203505 42.1519090374 951.917838928 
54 5.81799125614 38.7141747754 955.467833968 
55 5.71676175483 35.5550147964 958.728223449 
56 5.62534755847 32.6521626436 961.722489798 
57 5.54268642322 29.9850777342 964.472235843 
58 5.4678479057 27.5348208027 966.997331292 
59 5.40001392908 25.2839376923 969.316048379 
60 5.33846999588 23.2163457305 971.445184274 
61 5.28257638325 21.3172391904 973.400184426 
62 5.23177179731 19.5729866663 975.195241536 
63 5.18555505486 17.9710427667 976.843402178 
64 5.1434807701 16.4998652312 978.356653999 
65 5.10515251626 15.1488362274 979.746011256 
66 5.07021399946 13.9081899702 981.02159603 
67 5.03834823007 12.7689478991 982.192703871 
68 5.00926888636 11.7228534372 983.267877676 
69 4.9827200829 10.762319186 984.254960731 
70 4.95847059246 9.88036929429 985.161160113 
71 4.93631234338 9.07059394186 985.993093715 
72 4.91605753056 8.32710286068 986.756839609 
73 4.89753610614 7.64448318159 987.457980712 
74 4.88059464166 7.01776339737 988.101641961 
75 4.86509365498 6.44237423255 988.692532112 
76 4.85090707695 5.91412039526 989.234972528 
77 4.83792018173 5.4291465325 989.732933286 
78 4.82602890752 4.98391263053 990.190058462 
79 4.81513859084 4.57516691251 990.609694497 
80 4.80516305711 4.19992273331 990.99491421 
81 4.79602394761 3.85543808662 991.348537966 
82 4.78764973181 3.53919366809 991.6731566 
83 4.77997533155 3.24887734244 991.971147326 
84 4.77294128047 2.98236478055 992.244693939 
85 4.76649337987 2.73770621566 992.495800404 
86 4.76058211102 2.51311087651 992.726307012 
87 4.75516224481 2.30693457678 992.937903178 
88 4.75019247563 2.11766799484 993.13213953 
89 4.74563500531 1.94392475074 993.310440244 
90 4.74145531548 1.78443269852 993.474111986 
91 4.73762179112 1.6380231522 993.624355057 
92 4.73410553702 1.50362372771 993.762270735 
93 4.73088008935 1.38024950782 993.888870403 
94 4.72792122946 1.26699642564 994.005082345 
95 4.72520678595 1.16303455907 994.111758655 
96 4.72271644231 1.06760175387 994.209681804 
97 4.72043160509 0.979998685043 994.29956971 
98 4.71833522299 0.899582949021 994.382081828 
99 4.71641168675 0.825765164839 994.457823148 
100 4.71464668146 0.758004007944 994.527349311 
