Time S I R
0  997 3 0
1 993.035320297 6.9124757252 0.0522039773298 
2 983.983679746 15.8441455615 0.172174692802 
3 963.666357712 35.8881125127 0.445529775706 
4 919.751291982 79.1920933454 1.0566146731 
5 832.114600671 165.51687733 2.36852199952 
6 682.094555427 312.932295323 4.97314925052 
7 481.986848332 508.490426841 9.5227248269 
8 288.116476923 695.619329758 16.2641933183 
9 150.277782277 824.930456042 24.7917616816 
10 72.1441854724 893.449743339 34.4060711888 
11 33.2852370203 922.173931793 44.540831187 
12 15.1360009209 929.998631166 54.8653679136 
13 6.8698546779 927.915357733 65.2147875887 
14 3.13032454813 921.356914567 75.5127608845 
15 1.43571173701 912.83900349 85.7252847732 
16 0.66355822082 903.498734542 95.8377072371 
17 0.309154263371 893.846756755 105.844088981 
18 0.14514795857 884.112448276 115.742403765 
19 0.0687740369486 874.398838132 125.532387832 
20 0.0328825641412 864.752554001 135.214563435 
21 0.0159207099827 855.19426783 144.78981146 
22 0.00761031335117 845.733209783 154.259179904 
23 0.00366740838285 836.372560265 163.623772326 
24 0.00188179386464 827.113470694 172.884647512 
25 0.000943320035049 817.955899901 182.043156779 
26 0.00056470557422 808.899380409 191.100054885 
27 0.000191689371945 799.943075401 200.056732909 
28 1.53960816078e-05 791.085729958 208.914254646 
29 3.59564435257e-05 782.326260261 217.673703782 
30 5.46391540865e-05 773.6637828 226.336162561 
31 4.24911884238e-05 765.09725445 234.902703058 
32 1.00857027974e-05 756.625599681 243.374390233 
33 2.72381021205e-06 748.247723626 251.752273651 
34 4.24511449637e-06 739.962604357 260.037391398 
35 2.71745170721e-06 731.769226827 268.230770455 
36 6.75885416968e-07 723.666572683 276.333426641 
37 4.73222712571e-07 715.653634899 284.346364627 
38 4.59889179183e-07 707.729421618 292.270577922 
39 1.98320321942e-07 699.892950947 300.107048854 
40 5.90662239119e-08 692.143251216 307.856748725 
41 6.72723672324e-08 684.479361112 315.520638821 
42 3.510795068e-07 676.900332495 323.099667154 
43 9.23283664633e-07 669.405224485 330.594774592 
44 1.31828323902e-06 661.993106177 338.006892505 
45 7.02845909473e-07 654.663059441 345.336939856 
46 0 647.414175163 352.585824837 
47 0 640.245550999 359.754449001 
48 0 633.156300183 366.843699817 
49 0 626.145547137 373.854452863 
50 0 619.212427058 380.787572942 
51 0 612.356076358 387.643923642 
52 0 605.575643139 394.424356861 
53 0 598.870287309 401.129712691 
54 0 592.2391786 407.7608214 
55 0 585.681494865 414.318505135 
56 0 579.196421636 420.803578364 
57 0 572.78315517 427.21684483 
58 0 566.440901049 433.559098951 
59 0 560.168874525 439.831125475 
60 0 553.966294475 446.033705525 
61 0 547.832393517 452.167606483 
62 0 541.76641137 458.23358863 
63 0 535.767596802 464.232403198 
64 0 529.835204449 470.164795551 
65 0 523.968497149 476.031502851 
66 0 518.166747877 481.833252123 
67 0 512.429237896 487.570762104 
68 0 506.755256638 493.244743362 
69 0 501.144101575 498.855898425 
70 0 495.595078102 504.404921898 
71 0 490.107499411 509.892500589 
72 0 484.680686372 515.319313628 
73 0 479.313966474 520.686033526 
74 0 474.006673494 525.993326506 
75 0 468.758149472 531.241850528 
76 0 463.567743471 536.432256529 
77 0 458.434811429 541.565188571 
78 0 453.358716021 546.641283979 
79 0 448.33882653 551.66117347 
80 8.93044216355e-08 443.374518671 556.625481239 
81 0 438.465174657 561.534825343 
82 0 433.610184865 566.389815135 
83 0 428.808952895 571.191047105 
84 0 424.060884044 575.939115956 
85 0 419.365389628 580.634610372 
86 0 414.721887412 585.278112588 
87 0 410.129801519 589.870198481 
88 0 405.588562346 594.411437654 
89 0 401.097606477 598.902393523 
90 0 396.656376594 603.343623406 
91 0 392.264321642 607.735678358 
92 0 387.920898456 612.079101544 
93 0 383.625568934 616.374431066 
94 0 379.377800576 620.622199424 
95 0 375.177066742 624.822933258 
96 0 371.022846583 628.977153417 
97 0 366.914624961 633.085375039 
98 0 362.851892378 637.148107622 
99 0 358.834144899 641.165855101 
100 0 354.860884115 645.139115885 
