Time S I R
0  997 3 0
1 994.045788688 5.75502052626 0.199190785713 
2 988.411291216 11.0079593885 0.580749395398 
3 977.752104331 20.9393370476 1.30855862127 
4 957.895127783 39.4190694672 2.68580275015 
5 921.941017166 72.8052076309 5.25377520324 
6 860.069081317 130.014130104 9.9167885791 
7 762.350545025 219.637090483 18.0123644926 
8 627.075344518 341.800277314 31.1243781682 
9 470.164917243 479.380036253 50.4550465039 
10 321.111203636 602.839608524 76.0491878391 
11 203.547559588 689.802285898 106.650154515 
12 123.149983831 736.470154499 140.37986167 
13 72.960628304 751.521044335 175.518327361 
14 43.1064718752 746.051369604 210.842158521 
15 25.6831736526 728.715380724 245.601445624 
16 15.5275301526 705.092892755 279.379577092 
17 9.55591811727 678.478865103 311.965216779 
18 5.99456341216 650.739771149 343.265665439 
19 3.83465027561 622.910623204 373.254726521 
20 2.50102209175 595.556159317 401.942818591 
21 1.66240237374 568.97745688 429.360140747 
22 1.12540920767 543.327339552 455.54725124 
23 0.775501266989 518.674744753 480.54975398 
24 0.54346404017 495.041279355 504.415256605 
25 0.387088942641 472.421202763 527.191708294 
26 0.280023378003 450.793593086 548.926383536 
27 0.205596114092 430.129052657 569.665351229 
28 0.153121579211 410.393696455 589.453181966 
29 0.115546646875 391.551666615 608.332786739 
30 0.0883372533034 373.566282042 626.345380705 
31 0.0683834867345 356.401170327 643.530446186 
32 0.0535601355916 340.020674365 659.925765499 
33 0.0424058933504 324.390120509 675.567473597 
34 0.0339470448007 309.475963284 690.490089671 
35 0.027459829171 295.24595071 704.72658946 
36 0.0224324812161 281.669115714 718.308451805 
37 0.0184948470237 268.715774895 731.265730258 
38 0.0153734563867 256.357343411 743.627283133 
39 0.0129029229838 244.567103501 755.419993576 
40 0.0109129086017 233.318632538 766.670454553 
41 0.00930116570612 222.587259549 777.403439285 
42 0.00798582284472 212.349256839 787.642757338 
43 0.00690471424628 202.581986265 797.411109021 
44 0.00600933184171 193.263814527 806.730176141 
45 0.00526202212268 184.37410169 815.620636288 
46 0.00463630705929 175.89319737 824.102166323 
47 0.00410778341939 167.802275381 832.193616835 
48 0.00366173731391 160.083557409 839.912780854 
49 0.00328131498509 152.719841646 847.276877039 
50 0.00295535399539 145.69482484 854.302219806 
51 0.00267427715733 138.992912182 861.004413541 
52 0.00243124973031 132.599272411 867.398296339 
53 0.00221985504095 126.499706056 873.498074089 
54 0.00203552059588 120.680711138 879.317253341 
55 0.00187404420899 115.129357872 884.868768084 
56 0.00173213915775 109.833361982 890.164905879 
57 0.001606853932 104.781006374 895.217386772 
58 0.00149658350301 99.9610977489 900.037405668 
59 0.00139879008498 95.3629136028 904.635687607 
60 0.00131036193466 90.9761805329 909.022509105 
61 0.00123057298947 86.7912024044 913.207567023 
62 0.00115906071278 82.7987355178 917.200105422 
63 0.00109519694252 78.989943041 921.008961762 
64 0.00103772902025 75.3563617292 924.642600542 
65 0.000985572501236 71.8899172396 928.109097188 
66 0.000938191755949 68.5829276053 931.416134203 
67 0.000895100540561 65.4280593411 934.571045558 
68 0.000855836131791 62.4183145047 937.580829659 
69 0.000819981699806 59.5470198301 940.452160188 
70 0.000787192057487 56.8078053342 943.191407474 
71 0.00075714926254 54.194597203 945.804645648 
72 0.000729557759428 51.701597985 948.297672457 
73 0.000704160118175 49.3232767652 950.676019075 
74 0.000680754410723 47.0543606487 952.944958597 
75 0.000659151746845 44.8898152621 955.109525586 
76 0.000639183565795 42.8248415724 957.174519244 
77 0.000620698368834 40.8548592008 959.144520101 
78 0.000603560839295 38.9754958383 961.023900601 
79 0.000587644624943 37.1825813095 962.816831046 
80 0.000572838756057 35.4721393937 964.527287768 
81 0.000559061951549 33.8403797073 966.159061231 
82 0.000546242908854 32.2836863979 967.715767359 
83 0.000534281300588 30.7986015014 969.200864217 
84 0.000523111404959 29.3818316169 970.617645272 
85 0.000512681659984 28.0302362228 971.969251096 
86 0.000502926973468 26.7408156111 973.258681462 
87 0.000493793451028 25.5107092227 974.488796984 
88 0.000485235167503 24.3371889764 975.662325788 
89 0.000477209004885 23.217651607 976.781871184 
90 0.000469675439831 22.1496136221 977.849916702 
91 0.000462599374714 21.1307065675 978.868830833 
92 0.000455948604213 20.1586707594 979.840873292 
93 0.000449692852612 19.2313494982 980.768200809 
94 0.000443804860083 18.3466859291 981.652870266 
95 0.000438259659177 17.5027179035 982.496843837 
96 0.000433034044818 16.6975731097 983.301993856 
97 0.00042810682362 15.9294656726 984.070106221 
98 0.000423458611522 15.1966921552 984.802884386 
99 0.000419070993303 14.4976263888 985.50195454 
100 0.000414927105453 13.8307173615 986.168867711 
