Time S I R
0  997 3 0
1 994.866302438 4.78316454056 0.350533021539 
2 991.476373104 7.61463257232 0.908994323557 
3 986.110019207 12.0930107765 1.79697001642 
4 977.66323098 19.1322636683 3.20450535213 
5 964.486355695 30.0889366198 5.42470768535 
6 944.214876521 46.8848933745 8.90023010484 
7 913.686435781 72.0358732874 14.2776909316 
8 869.151671298 108.394776471 22.4535522304 
9 807.099600508 158.327735264 34.5726642281 
10 725.917587734 222.164767355 51.9176449106 
11 627.951583863 296.410823613 75.6375925237 
12 520.464836134 373.180074213 106.355089653 
13 413.906773471 442.256494938 143.83673159 
14 318.017557818 495.027190237 186.955251945 
15 238.562569287 527.44681968 233.990611032 
16 176.72918157 540.193464499 283.077353931 
17 130.604984295 536.833498765 332.56151694 
18 97.0374780179 521.793850919 381.168671064 
19 72.8761257512 499.105450851 428.018423398 
20 55.5077767607 471.930754822 472.561468418 
21 42.9578812734 442.545047179 514.497071547 
22 33.8056612558 412.496049858 553.698288887 
23 27.0535099074 382.792496196 590.153993897 
24 22.0078572141 354.065002494 623.927140292 
25 18.1871571375 326.686891747 655.125951115 
26 15.2555961638 300.859947094 683.884456742 
27 12.9771924461 276.673154703 710.349652851 
28 11.1845214608 254.142378209 734.67310033 
29 9.75751164552 233.236972671 757.005515683 
30 8.60908208462 213.897540153 777.493377762 
31 7.67534446018 196.047787901 796.276867639 
32 6.9089227521 179.602359898 813.488717349 
33 6.27427990031 164.472097079 829.253623021 
34 5.74445866232 150.567481396 843.688059942 
35 5.29881141793 137.800818068 856.900370514 
36 4.92136212653 126.087640083 868.990997791 
37 4.59963183206 115.347550332 880.052817836 
38 4.32378620971 105.504670927 890.171542864 
39 4.08599891956 96.4878610046 899.426140076 
40 3.88001554988 88.2307066166 907.889277834 
41 3.70077126526 80.6714833638 915.627745371 
42 3.54414832993 73.7529716354 922.702880035 
43 3.40677202226 67.422256058 929.17097192 
44 3.28585574132 61.6304957331 935.083648526 
45 3.17908844929 56.3326743668 940.488237184 
46 3.08453985149 51.4873586367 945.428101512 
47 3.0005871895 47.0564505522 949.942962258 
48 2.92586107359 43.0049485637 954.069190363 
49 2.85919634687 39.3007230192 957.840080634 
50 2.79959903678 35.9142964403 961.286104523 
51 2.74623100099 32.8186272081 964.435141791 
52 2.69835557855 29.9889519727 967.312692449 
53 2.65533873515 27.4025512169 969.942110048 
54 2.61663550112 25.0386502227 972.344714276 
55 2.58176321129 22.8781959147 974.540040874 
56 2.55030439132 20.9037615934 976.545934015 
57 2.52189641964 19.0994065623 978.378697018 
58 2.49621851045 17.4505402451 980.053241244 
59 2.47298544418 15.943799609 981.583214947 
60 2.45194777469 14.5669775066 982.981074719 
61 2.4328831789 13.308898856 984.258217965 
62 2.41559494958 12.1593522321 985.425052818 
63 2.39990735162 11.1089936979 986.491098951 
64 2.38566406672 10.1492835247 987.465052409 
65 2.37272518652 9.2724122653 988.354862548 
66 2.36096555471 8.47124132785 989.167793117 
67 2.35027299792 7.73924657418 989.910480428 
68 2.34054669339 7.07046166702 990.58899164 
69 2.33169577239 6.45943085566 991.208873372 
70 2.32363892587 5.90117631656 991.775184758 
71 2.31630320082 5.39115258189 992.292544217 
72 2.30962174062 4.92518975927 992.7651885 
73 2.3035344281 4.49948124091 993.196984331 
74 2.29798734951 4.11055583612 993.591456814 
75 2.29293149131 3.75523800444 993.951830504 
76 2.28832237906 3.43062484637 994.281052775 
77 2.2841197872 3.13406441195 994.581815801 
78 2.2802872379 2.86313325151 994.856579511 
79 2.27679162426 2.61561787121 995.107590505 
80 2.27360289631 2.38949588093 995.336901223 
81 2.27069374229 2.18291855886 995.546387699 
82 2.26803934459 1.99419705967 995.737763596 
83 2.26561714121 1.8217885585 995.9125943 
84 2.26340659129 1.6642827094 996.072310699 
85 2.26138903784 1.52039226718 996.218218695 
86 2.25954751403 1.38894174219 996.351510744 
87 2.257866504 1.26885457591 996.47327892 
88 2.25633193142 1.15914924266 996.584518826 
89 2.25493095929 1.05892849048 996.68614055 
90 2.25365186618 0.967371720554 996.778976413 
91 2.25248400707 0.883730753086 996.86378524 
92 2.25141765197 0.80732095768 996.94126139 
93 2.25044393197 0.7375170316 997.012039036 
94 2.24955478079 0.673748707642 997.076696512 
95 2.24874281398 0.615493641055 997.135763545 
96 2.24800130749 0.562275206017 997.189723486 
97 2.2473241335 0.513658284408 997.239017582 
98 2.24670568522 0.469244596533 997.284049718 
99 2.24614086049 0.428671027895 997.325188112 
100 2.24562500042 0.391605694251 997.362769305 
