Time S I R
0  997 3 0
1 992.841759516 7.04836145922 0.109879024288 
2 983.168127353 16.4645826321 0.367290014663 
3 961.082631133 37.952772937 0.964595929792 
4 912.753006465 84.9259545823 2.32103895311 
5 816.142480504 178.59523637 5.26228312644 
6 653.72152242 335.182218703 11.0962588776 
7 446.348554883 532.523329505 21.1281156124 
8 257.433915431 706.969555102 35.5965294668 
9 130.905408822 815.718358108 53.3762330702 
10 62.189317529 864.866761368 72.9439211034 
11 28.7914389838 878.018561119 93.1899998968 
12 13.2936518739 873.199651808 113.506696318 
13 6.18941377861 860.206444285 133.604141936 
14 2.92006934881 843.72582506 153.354105591 
15 1.39882975211 825.897361473 172.703808775 
16 0.680845176563 807.684507882 191.634646942 
17 0.336754840618 789.519857004 210.143388156 
18 0.169145462484 771.597164097 228.233690441 
19 0.0863536134323 754.001355879 245.912290508 
20 0.0448303632398 736.767933736 263.187235901 
21 0.0236103052735 719.90929586 280.067093834 
22 0.0125879768667 703.426828949 296.560583074 
23 0.0068077082949 687.316808054 312.676384238 
24 0.00370260686327 671.573232927 328.423064467 
25 0.00205060560643 656.188911733 343.809037662 
26 0.00115233798169 641.156302911 358.842544751 
27 0.000659203397163 626.467696402 373.531644394 
28 0.000381566499755 612.115397129 387.884221305 
29 0.000223824568593 598.091795734 401.907980442 
30 0.00013286743274 584.389413193 415.61045394 
31 7.57156669806e-05 571.000934323 428.998989962 
32 3.37420390224e-05 557.919173627 442.080792631 
33 1.27117947386e-05 545.137088112 454.862899176 
34 1.02187377706e-05 532.647808178 467.352181603 
35 3.00514363971e-06 520.444639946 479.555357049 
36 0 508.521054319 491.478945681 
37 0 496.87066712 503.12933288 
38 0 485.4871888 514.5128112 
39 0 474.364510167 525.635489833 
40 0 463.496663858 536.503336142 
41 0 452.877797423 547.122202577 
42 0 442.502210892 557.497789108 
43 0 432.3641043 567.6358957 
44 0 422.458694062 577.541305938 
45 0 412.780050402 587.219949598 
46 0 403.323126914 596.676873086 
47 0 394.082871133 605.917128867 
48 0 385.05431431 614.94568569 
49 0 376.232604958 623.767395042 
50 0 367.613002913 632.386997087 
51 0 359.190881949 640.809118051 
52 0 350.961723414 649.038276586 
53 0 342.921083962 657.078916038 
54 0 335.064645317 664.935354683 
55 0 327.388191754 672.611808246 
56 0 319.887567933 680.112432067 
57 0 312.558764314 687.441235686 
58 0 305.39788723 694.60211277 
59 0 298.401118699 701.598881301 
60 0 291.56464204 708.43535796 
61 0 284.884784402 715.115215598 
62 0 278.357968585 721.642031415 
63 0 271.980696362 728.019303638 
64 0 265.749520436 734.250479564 
65 0 259.661095542 740.338904458 
66 0 253.712161825 746.287838175 
67 0 247.899538412 752.100461588 
68 0 242.220064577 757.779935423 
69 0 236.670706994 763.329293006 
70 0 231.248491063 768.751508937 
71 0 225.950510123 774.049489877 
72 0 220.773896362 779.226103638 
73 0 215.715870685 784.284129315 
74 0 210.773722007 789.226277993 
75 0 205.944802428 794.055197572 
76 0 201.226524707 798.773475293 
77 0 196.616359821 803.383640179 
78 0 192.111836059 807.888163941 
79 0 187.710534852 812.289465148 
80 0 183.410088081 816.589911919 
81 0 179.208176045 820.791823955 
82 0 175.102524965 824.897475035 
83 0 171.090904497 828.909095503 
84 0 167.171152484 832.828847516 
85 0 163.341191023 836.658808977 
86 0 159.598967275 840.401032725 
87 0 155.942478045 844.057521955 
88 0 152.369769452 847.630230548 
89 0 148.878928244 851.121071756 
90 0 145.468069278 854.531930722 
91 0 142.13535886 857.86464114 
92 0 138.879003917 861.120996083 
93 0 135.697250078 864.302749922 
94 0 132.58838421 867.41161579 
95 0 129.550743255 870.449256745 
96 0 126.582695976 873.417304024 
97 0 123.682647618 876.317352382 
98 0 120.849039623 879.150960377 
99 0 118.080349185 881.919650815 
100 0 115.375090483 884.624909517 
