Time S I R
0  997 3 0
1 991.978394986 7.88726785828 0.134337155946 
2 978.951037982 20.5629231668 0.486038851552 
3 946.135576622 52.4712885563 1.39313482141 
4 869.260355942 127.091971155 3.64767290241 
5 716.135939941 275.061197835 8.80286222447 
6 490.182557411 490.929058508 18.8883840817 
7 269.782404064 695.442119408 34.7754765276 
8 125.738655865 819.17584445 55.0854996855 
9 53.8956906888 868.480669144 77.6236401674 
10 22.5047287489 876.637484699 100.857786552 
11 9.41857127804 866.550215713 124.031213009 
12 3.99852838993 849.176773372 146.824698238 
13 1.7299366791 829.154744873 169.115318448 
14 0.763927794951 808.374508442 190.861563763 
15 0.344434301643 787.600603491 212.054962208 
16 0.158451783164 767.141162228 232.700385989 
17 0.0744190551804 747.117522721 252.808058223 
18 0.0356586088058 727.574095086 272.390246305 
19 0.0174294741403 708.522665426 291.4599051 
20 0.00868556310388 689.961221376 310.030093061 
21 0.00442645181613 671.881850082 328.113723466 
22 0.00226997776917 654.274261 345.723469022 
23 0.00118286350744 637.127104533 362.871712603 
24 0.000631183135852 620.428837033 379.570531783 
25 0.000342445791375 604.167964926 395.831692628 
26 0.00019021480125 588.333163177 411.666646609 
27 0.000103771446902 572.913318395 427.086577834 
28 5.50905260752e-05 557.897582682 442.102362227 
29 3.03596939375e-05 543.275379324 456.724590316 
30 1.78175598649e-05 529.03640463 470.963577552 
31 1.12248200139e-05 515.170634475 484.8293543 
32 6.39138556835e-06 501.668252661 498.331740947 
33 2.31605065437e-06 488.519744735 511.480252949 
34 0 475.715815688 524.284184312 
35 0 463.247406346 536.752593654 
36 0 451.10579773 548.89420227 
37 0 439.282504621 560.717495379 
38 0 427.769089238 572.230910762 
39 0 416.557426274 583.442573726 
40 0 405.639633413 594.360366587 
41 0 395.007989789 604.992010211 
42 0 384.65498193 615.34501807 
43 0 374.57332668 625.42667332 
44 0 364.755928566 635.244071434 
45 0 355.195815033 644.804184967 
46 0 345.886267223 654.113732777 
47 0 336.820735908 663.179264092 
48 0 327.992791296 672.007208704 
49 0 319.396201652 680.603798348 
50 0 311.024916508 688.975083492 
51 0 302.873047149 697.126952851 
52 0 294.934859405 705.065140595 
53 0 287.204766132 712.795233868 
54 0 279.677319492 720.322680508 
55 0 272.347204802 727.652795198 
56 0 265.209232893 734.790767107 
57 0 258.258332856 741.741667144 
58 0 251.489545271 748.510454729 
59 0 244.898102482 755.101897518 
60 0 238.479396567 761.520603433 
61 0 232.228912212 767.771087788 
62 0 226.142261045 773.857738955 
63 0 220.215169441 779.784830559 
64 0 214.443438105 785.556561895 
65 0 208.822990404 791.177009596 
66 0 203.349854372 796.650145628 
67 0 198.020155925 801.979844075 
68 0 192.830139147 807.169860853 
69 0 187.776151144 812.223848856 
70 0 182.854626057 817.145373943 
71 0 178.062090711 821.937909289 
72 0 173.395163208 826.604836792 
73 0 168.850554267 831.149445733 
74 0 164.42505844 835.57494156 
75 0 160.115553392 839.884446608 
76 0 155.91899767 844.08100233 
77 0 151.832432302 848.167567698 
78 0 147.852975747 852.147024253 
79 0 143.977819961 856.022180039 
80 0 140.204229236 859.795770764 
81 0 136.529540054 863.470459946 
82 0 132.95116363 867.04883637 
83 0 129.466575777 870.533424223 
84 0 126.073317534 873.926682466 
85 0 122.76899357 877.23100643 
86 0 119.551275892 880.448724108 
87 0 116.417896492 883.582103508 
88 0 113.366644384 886.633355616 
89 0 110.395365289 889.604634711 
90 0 107.501959718 892.498040282 
91 0 104.684382967 895.315617033 
92 0 101.940654392 898.059345608 
93 0 99.2688401269 900.731159873 
94 0 96.6670548092 903.332945191 
95 0 94.13346144 905.86653856 
96 0 91.666269748 908.333730252 
97 0 89.2637381321 910.736261868 
98 0 86.924177644 913.075822356 
99 0 84.6459381926 915.354061807 
100 0 82.4274119153 917.572588085 
