Time S I R
0  997 3 0
1 993.315994729 6.48821050525 0.195794765387 
2 985.412823048 13.9688888118 0.618288140284 
3 968.690671965 29.7858109461 1.52351708854 
4 934.318516123 62.247158306 3.43432557071 
5 867.686532428 124.965981381 7.34748619131 
6 752.01850503 233.067088153 14.9144068168 
7 584.945551165 386.851893887 28.2025549486 
8 397.7439602 553.653226891 48.6028129085 
9 238.660335841 685.72243243 75.6172317293 
10 131.50916034 761.353464948 107.137374712 
11 69.5319522181 789.6244674 140.843580382 
12 36.3989493893 788.524225914 175.076824697 
13 19.2069378777 771.905234741 208.887827382 
14 10.3090376787 747.892515613 241.798446708 
15 5.65147213931 720.757148582 273.591379279 
16 3.16936302093 692.647312061 304.183324918 
17 1.81875745504 664.62349512 333.557747425 
18 1.06768360646 637.201429623 361.73088677 
19 0.640783158718 610.624480741 388.7347361 
20 0.392881057068 584.998603683 414.60851526 
21 0.245852497482 560.359803254 439.394344248 
22 0.156918741229 536.708034368 463.13504689 
23 0.102079399468 514.024924925 485.872995676 
24 0.0675788054093 492.282879833 507.649541362 
25 0.0455724972403 471.449684017 528.504743486 
26 0.0312567350043 451.491536055 548.47720721 
27 0.0217545953478 432.374151735 567.60409367 
28 0.0154012152573 414.063622968 585.920975817 
29 0.0110718646765 396.526884096 603.462044039 
30 0.0080783796634 379.731765235 620.260156385 
31 0.0059599927788 363.647274407 636.3467656 
32 0.00445419752259 348.24366051 651.751885292 
33 0.00336463676865 333.492066329 666.504569035 
34 0.00256644857609 319.365013911 680.632419641 
35 0.00197126524699 305.836163679 694.161865056 
36 0.00153460406591 292.880306502 707.118158894 
37 0.00121135802465 280.473166531 719.525622111 
38 0.000981594918585 268.591629813 731.407388592 
39 0.000802589527893 257.213379446 742.785817964 
40 0.00065626679384 246.317119081 753.682224652 
41 0.000538387431789 235.882436942 764.117024671 
42 0.00044342342926 225.889768168 774.109788409 
43 0.000369448021615 216.320406772 783.67922378 
44 0.00031336410666 207.156415335 792.843271301 
45 0.000270608687742 198.380620757 801.619108634 
46 0.000234074244645 189.976609358 810.023156567 
47 0.000204096039852 181.928650841 818.071145063 
48 0.00017967216354 174.221647357 825.778172971 
49 0.000155040706659 166.841095072 833.158749888 
50 0.000135518145271 159.773182527 840.226681955 
51 0.000119439558034 153.004692794 846.995187766 
52 0.000105010889229 146.522926134 853.476968855 
53 9.29113441543e-05 140.315739871 859.684167217 
54 8.32308868439e-05 134.371514627 865.628402142 
55 7.50858446281e-05 128.679112925 871.320811989 
56 6.77641911579e-05 123.227860123 876.772072113 
57 6.12359333445e-05 118.007536096 881.992402668 
58 5.53461082973e-05 113.008353175 886.991591479 
59 5.01141776112e-05 108.220945746 891.77900414 
60 4.5740657697e-05 103.636348181 896.363606079 
61 4.20237688559e-05 99.2459690748 900.753988901 
62 3.89537217416e-05 95.0415883735 904.958372673 
63 3.63283321576e-05 91.0153228676 908.984640804 
64 3.39543931887e-05 87.1596279734 912.840338072 
65 3.1791072729e-05 83.4672748333 916.532693376 
66 2.97117220498e-05 79.9313402372 920.068630051 
67 2.77874148651e-05 76.5451982005 923.454774012 
68 2.60271343677e-05 73.3025006886 926.697473284 
69 2.44543084591e-05 70.197172898 929.802802648 
70 2.30796257483e-05 67.223396276 932.776580644 
71 2.18612925664e-05 64.3755991105 935.624379028 
72 2.07964882293e-05 61.6484440036 938.3515352 
73 1.98798906013e-05 59.036824422 940.963155698 
74 1.90250265177e-05 56.5358406371 943.464140338 
75 1.82338023933e-05 54.1408092038 945.859172562 
76 1.74940856823e-05 51.8472407937 948.152741712 
77 1.67709447396e-05 49.6508317018 950.349151527 
78 1.60840653507e-05 47.5474726951 952.452511221 
79 1.54534403691e-05 45.5332147632 954.466769783 
80 1.48650648271e-05 43.6042872202 956.395697915 
81 1.43297272643e-05 41.7570749138 958.242910756 
82 1.38619167274e-05 39.9881144234 960.011871715 
83 1.34393574172e-05 38.2940944129 961.705892148 
84 1.30520702442e-05 36.6718366747 963.328150273 
85 1.27021233993e-05 35.1183046852 964.881682613 
86 1.2371131902e-05 33.6305853484 966.36940228 
87 1.20455542856e-05 32.2058893022 967.794098652 
88 1.17364875223e-05 30.8415499396 969.158438324 
89 1.14398854976e-05 29.5350060591 970.464982501 
90 1.11537075327e-05 28.2838131925 971.716175654 
91 1.088826059e-05 27.0856241307 972.914364981 
92 1.06486121467e-05 25.9381929338 974.061796418 
93 1.0426623021e-05 24.8393716272 975.160617946 
94 1.02266026261e-05 23.7870981062 976.212891667 
95 1.00449562979e-05 22.7794036679 977.220586287 
96 9.87410305697e-06 21.8143977478 978.185592378 
97 9.70971268544e-06 20.8902720165 979.109718274 
98 9.55367295319e-06 20.0052961145 979.994694332 
99 9.39943697631e-06 19.1578092596 980.842181341 
100 9.25024971821e-06 18.3462259872 981.653764763 
