Time S I R
0  997 3 0
1 993.496031724 6.19727332407 0.306694952093 
2 986.311332979 12.7497131698 0.938953851352 
3 971.753747545 26.0119767464 2.23427570889 
4 942.955308473 52.1897814264 4.85491010017 
5 888.588607627 101.383384917 10.0280074564 
6 794.442964186 185.773103928 19.7839318855 
7 653.336066552 309.845322082 36.8186113668 
8 481.460962903 455.128031667 63.41100543 
9 317.291058546 582.971835724 99.7371057298 
10 192.138270979 664.429040836 143.432688185 
11 111.20973102 697.724947089 191.065321891 
12 63.612595758 696.660741411 239.726662831 
13 36.7383078264 675.711415505 287.550276669 
14 21.6724291691 644.801638264 333.525932567 
15 13.1300763662 609.6892779 377.180645734 
16 8.18580603927 573.472903319 418.341290642 
17 5.2524512789 537.754518118 456.993030603 
18 3.46617182746 503.33222146 493.201606713 
19 2.3496085291 470.578498061 527.07189341 
20 1.63378374295 439.640187317 558.72602894 
21 1.16363744357 410.544599347 588.291763209 
22 0.847616526741 383.256068488 615.896314985 
23 0.630592905002 357.706231541 641.663175554 
24 0.478484059653 333.81106711 665.710448831 
25 0.369858187724 311.480007946 688.150133866 
26 0.290842948998 290.621307047 709.087850004 
27 0.232421261896 271.144687376 728.622891362 
28 0.188548982165 252.963082939 746.848368079 
29 0.155117243355 235.993416775 763.851465982 
30 0.129300472651 220.156953721 779.713745806 
31 0.109117576163 205.379429487 794.511452937 
32 0.0931061059437 191.591079083 808.315814811 
33 0.0802978363498 178.726373321 821.193328843 
34 0.0699424596285 166.723933467 833.206124074 
35 0.0614975612509 155.526358517 844.412143922 
36 0.0545416822706 145.07995814 854.865500178 
37 0.048761170226 135.334521629 864.616717201 
38 0.0439285309675 126.243208488 873.712862981 
39 0.039854848101 117.762207105 882.197938047 
40 0.0364013272258 109.850662866 890.112935807 
41 0.0334462576764 102.470356423 897.496197319 
42 0.0309040427846 95.5856760891 904.383419868 
43 0.0287067713673 89.1633849223 910.807908306 
44 0.0267988589428 83.1724663172 916.800734824 
45 0.0251333270089 77.5839681035 922.390898569 
46 0.0236732428256 72.3708813565 927.605445401 
47 0.022387647726 67.5080022435 932.469610109 
48 0.0212515115071 62.9718187892 937.006929699 
49 0.0202443005811 58.7404081578 941.239347542 
50 0.019348204179 54.7932987895 945.187353006 
51 0.0185473965773 51.1113628875 948.870089716 
52 0.0178284369946 47.6767846623 952.305386901 
53 0.0171812312049 44.4729597578 955.509859011 
54 0.0166004590798 41.4844279831 958.498971558 
55 0.0160786801107 38.6967312314 961.287190089 
56 0.0156070018026 36.0963542237 963.888038775 
57 0.0151780150101 33.67069334 966.314128645 
58 0.0147878398481 31.4080180866 968.577194074 
59 0.0144335894181 29.2973909559 970.688175455 
60 0.0141112113805 27.3285929219 972.657295867 
61 0.0138169642481 25.4920940412 974.494088995 
62 0.0135478394483 23.7790054532 976.207446707 
63 0.0133014974291 22.1810332974 977.805665205 
64 0.0130757842837 20.6904403065 979.296483909 
65 0.012868684712 19.3000115491 980.687119766 
66 0.0126784699677 18.0030201482 981.984301382 
67 0.0125035814616 16.7931874474 983.194308971 
68 0.0123426207479 15.6646555255 984.323001854 
69 0.0121943422781 14.6119608556 985.375844802 
70 0.0120576309716 13.630007153 986.357935216 
71 0.0119314910245 12.7140414335 987.274027075 
72 0.01181500744 11.8596272605 988.128557732 
73 0.0117073687422 11.0626290813 988.92566355 
74 0.0116078594774 10.3191930708 989.66919907 
75 0.0115158042685 9.62571787452 990.362766321 
76 0.011430590289 8.97884435719 991.009725053 
77 0.0113516732308 8.37544270849 991.613205618 
78 0.0112785525766 7.81259136887 992.176130079 
79 0.0112107673755 7.28756333938 992.701225893 
80 0.0111479048513 6.79781816149 993.191033934 
81 0.0110895880473 6.34098616656 993.647924245 
82 0.0110354638911 5.91485316613 994.07411137 
83 0.0109852145977 5.51735691577 994.47165787 
84 0.0109385502933 5.14657487019 994.84248658 
85 0.0108952001453 4.80070993662 995.188394863 
86 0.0108549175177 4.47808751187 995.511057571 
87 0.0108174771833 4.17714680126 995.812035722 
88 0.0107826693686 3.89642984697 996.092787484 
89 0.010750301215 3.63457717299 996.354672526 
90 0.010720196253 3.39032217297 996.598957631 
91 0.0106921907267 3.16248212573 996.826825684 
92 0.0106661328747 2.94995308177 997.039380785 
93 0.0106418834847 2.7517066881 997.237651428 
94 0.0106193137805 2.56678355704 997.422597129 
95 0.010598303764 2.39428740654 997.59511429 
96 0.0105787430887 2.2333833676 997.756037889 
97 0.0105605297574 2.08329300885 997.906146461 
98 0.0105435685814 1.94328888963 998.046167542 
99 0.0105277717159 1.81269325184 998.176778976 
100 0.0105130579473 1.69087444386 998.298612498 
