Time S I R
0.0  10000 1 0
1 9999.67120945 0.841133887839 0.487656666562 
2 9999.39466135 0.707498046201 0.897840605608 
3 9999.16205715 0.595088353916 1.24285449298 
4 9998.96641264 0.500533808537 1.53305355377 
5 9998.80186321 0.421003031809 1.77713376248 
6 9998.66345875 0.354105664318 1.98243558462 
7 9998.54704906 0.297837197559 2.15511373914 
8 9998.44913829 0.250508920963 2.30035278478 
9 9998.36678695 0.210700685083 2.42251236395 
10 9998.29752275 0.177217928328 2.52525932653 
11 9998.23926593 0.149055662799 2.61167840719 
12 9998.19026738 0.125368599152 2.68436401998 
13 9998.14905556 0.105445549684 2.74549888977 
14 9998.1143931 0.088688467534 2.79691842763 
15 9998.08523922 0.0745942882396 2.84016649421 
16 9998.06071844 0.0627398460621 2.8765417133 
17 9998.04009453 0.0527692538319 2.90713621772 
18 9998.02274821 0.0443831592962 2.93286863088 
19 9998.00815862 0.0373297743442 2.95451160371 
20 9997.99588711 0.0313970445674 2.97271585017 
21 9997.9855661 0.0264072822997 2.98802661806 
22 9997.97688552 0.0222105818982 3.00090390077 
23 9997.96958457 0.0186808681566 3.01173456334 
24 9997.9634438 0.0157120490857 3.02084414987 
25 9997.95827891 0.0132150212887 3.02850607324 
26 9997.95393493 0.0111148714734 3.03495020299 
27 9997.95028127 0.00934846381557 3.04037026903 
28 9997.94720823 0.00786276111243 3.04492901352 
29 9997.94462347 0.00661312747463 3.04876339922 
30 9997.94244965 0.00556216144312 3.05198819004 
31 9997.94062136 0.00467825160108 3.05470038347 
32 9997.93908363 0.00393481012808 3.05698156224 
33 9997.93779022 0.00330949541553 3.05890027982 
34 9997.93670235 0.00278354376528 3.06051411108 
35 9997.93578733 0.00234116715992 3.0618715002 
36 9997.93501778 0.00196911547038 3.06301310403 
37 9997.93437049 0.00165617521765 3.06397333012 
38 9997.93382609 0.00139297203782 3.06478094285 
39 9997.93336824 0.00117161753512 3.065460147 
40 9997.93298313 0.00098543201618 3.0660314386 
41 9997.93265919 0.000828818341751 3.06651199192 
42 9997.93238672 0.0006970900232 3.066916187 
43 9997.93215755 0.000586294390764 3.06725615223 
44 9997.93196482 0.000493113249176 3.06754206915 
45 9997.93180272 0.000414744212089 3.06778253662 
46 9997.93166639 0.00034883186671 3.06798478198 
47 9997.93155171 0.000293388173683 3.06815490534 
48 9997.93145523 0.000246745731045 3.06829802295 
49 9997.93137413 0.000207537466154 3.06841832954 
50 9997.93130591 0.000174554244431 3.06851953521 
51 9997.93124854 0.000146818723922 3.06860463884 
52 9997.9312003 0.000123494874861 3.0686762057 
53 9997.93115968 0.000103856880345 3.06873646289 
54 9997.93112547 8.73151743152e-05 3.06878721944 
55 9997.93109669 7.34056415923e-05 3.06882989943 
56 9997.93107255 6.17335252591e-05 3.06886571413 
57 9997.93105224 5.19140962808e-05 3.06889584405 
58 9997.93103521 4.36774657671e-05 3.06892111732 
59 9997.93102089 3.67569223971e-05 3.0689423523 
60 9997.93100884 3.09299188415e-05 3.06896023187 
61 9997.93099866 2.6007659651e-05 3.06897533532 
62 9997.93099015 2.18924306709e-05 3.06898796248 
63 9997.93098295 1.84157797094e-05 3.06899863023 
64 9997.93097692 1.54969344185e-05 3.06900758641 
65 9997.93097185 1.3047705647e-05 3.06901510162 
66 9997.9309676 1.09903090799e-05 3.06902141453 
67 9997.93096402 9.26089439426e-06 3.06902672107 
68 9997.93096102 7.81139770025e-06 3.0690311687 
69 9997.93095848 6.58157599759e-06 3.06903494228 
70 9997.93095629 5.52628743448e-06 3.06903818033 
