Time S I R
0  997 3 0
1 992.798029284 7.0921183341 0.109852381703 
2 982.963599336 16.6676178475 0.368782816214 
3 960.386091723 38.6407462167 0.973162060249 
4 910.76943157 86.8777070071 2.35286142339 
5 811.470333854 183.174201061 5.35546508448 
6 645.308162845 343.37704623 11.3147909253 
7 435.757404622 542.715281025 21.5273143529 
8 248.220357159 715.614939395 36.1647034465 
9 124.84369874 821.116340102 54.0399611579 
10 58.7953651762 867.579264473 73.625370351 
11 27.030430271 879.132209731 93.8373599979 
12 12.4062499719 873.501130385 114.092619643 
13 5.74508191245 860.138561309 134.116356778 
14 2.69664306828 843.515046682 153.788310249 
15 1.28547045751 825.654877839 173.059651703 
16 0.622663315124 807.463669472 191.913667213 
17 0.306521128573 789.34547742 210.348001452 
18 0.153238757419 771.480069771 228.366691471 
19 0.0778741820395 753.945516377 245.976609441 
20 0.0402596899823 736.773919526 263.185820784 
21 0.0210979205933 719.976050292 280.002851787 
22 0.0111987555835 703.552447298 296.436353946 
23 0.0060259100469 687.499047644 312.494926446 
24 0.00326238068703 671.809687152 328.187050467 
25 0.00179922546954 656.477148904 343.52105187 
26 0.00100725552875 641.493908891 358.505083853 
27 0.000573865353999 626.852305994 373.147120141 
28 0.000330804544774 612.54470786 387.454961336 
29 0.000193280328403 598.56357532 401.4362314 
30 0.000114065782327 584.901503553 415.098382381 
31 6.26279710332e-05 571.551251909 428.448685463 
32 2.47768746249e-05 558.505700018 441.494275206 
33 1.02160731785e-05 545.757878003 454.242111781 
34 7.29614134798e-06 533.300990214 466.69900249 
35 0 521.128411799 478.871588201 
36 0 509.23368106 490.76631894 
37 0 497.610466914 502.389533086 
38 0 486.252545733 513.747454267 
39 0 475.153870447 524.846129553 
40 0 464.30852796 535.69147204 
41 0 453.710722714 546.289277286 
42 0 443.354811198 556.645188802 
43 0 433.235091729 566.764908271 
44 0 423.346697043 576.653302957 
45 0 413.683862914 586.316137086 
46 0 404.241572217 595.758427783 
47 0 395.014805357 604.985194643 
48 0 385.998639564 614.001360436 
49 0 377.18827204 622.81172796 
50 0 368.578990816 631.421009184 
51 0 360.166226704 639.833773296 
52 0 351.945487594 648.054512406 
53 0 343.912370771 656.087629229 
54 0 336.062599303 663.937400697 
55 0 328.391983081 671.608016919 
56 0 320.8964083 679.1035917 
57 0 313.571903651 686.428096349 
58 0 306.414610689 693.585389311 
59 0 299.420724829 700.579275171 
60 0 292.586464128 707.413535872 
61 0 285.908189024 714.091810976 
62 0 279.382351482 720.617648518 
63 0 273.00547533 726.99452467 
64 0 266.774140578 733.225859422 
65 0 260.685029181 739.314970819 
66 0 254.734906595 745.265093405 
67 0 248.920610567 751.079389433 
68 0 243.239006531 756.760993469 
69 0 237.68708241 762.31291759 
70 0 232.26188589 767.73811411 
71 0 226.960527677 773.039472323 
72 0 221.780160383 778.219839617 
73 0 216.718025305 783.281974695 
74 0 211.771429712 788.228570288 
75 0 206.937743269 793.062256731 
76 0 202.214395539 797.785604461 
77 0 197.598873644 802.401126356 
78 0 193.088721554 806.911278446 
79 0 188.681535436 811.318464564 
80 0 184.374961357 815.625038643 
81 0 180.166693203 819.833306797 
82 0 176.054470206 823.945529794 
83 0 172.036074492 827.963925508 
84 0 168.109362474 831.890637526 
85 0 164.272265847 835.727734153 
86 0 160.522743227 839.477256773 
87 0 156.858802787 843.141197213 
88 0 153.278501532 846.721498468 
89 0 149.779934992 850.220065008 
90 0 146.361228471 853.638771529 
91 0 143.020558079 856.979441921 
92 0 139.756139884 860.243860116 
93 0 136.566228306 863.433771694 
94 0 133.449119402 866.550880598 
95 0 130.403158224 869.596841776 
96 0 127.426721148 872.573278852 
97 0 124.518220934 875.481779066 
98 0 121.676106226 878.323893774 
99 0 118.898861205 881.101138795 
100 0 116.18500672 883.81499328 
