Time S I R
0.0  10000 1 0
1 9997.92229669 2.6025523148 0.475150999077 
2 9992.51817056 6.77034354229 1.71148589576 
3 9978.48132099 17.5927707776 4.92590823009 
4 9942.15138842 45.5821469415 13.2664646431 
5 9848.98470233 117.219709019 34.795588653 
6 9615.59255115 295.772064589 89.6353842652 
7 9063.58840279 712.586312697 224.82528451 
8 7917.30147458 1549.68270249 534.015822937 
9 6062.66501463 2794.00608524 1144.32890013 
10 3978.94494935 3914.73203541 2107.32301524 
11 2365.61530687 4339.04950792 3296.33518521 
12 1394.46056912 4101.63541986 4504.90401102 
13 866.601265785 3541.752189 5592.64654521 
14 580.826327996 2912.56080533 6507.61286668 
15 419.917337218 2331.68679691 7249.39586587 
16 324.555727523 1838.0030717 7838.44120078 
17 265.173575915 1435.3141504 8300.51227368 
18 226.573257158 1114.18541294 8660.2413299 
19 200.576231317 861.500009985 8938.9237587 
20 182.561935962 664.32924975 9154.10881429 
21 169.795010146 511.318993286 9319.88599657 
22 160.586050558 393.020022758 9447.39392668 
23 153.851876741 301.794913542 9545.35320972 
24 148.874885324 231.57751346 9620.54760122 
25 145.166306755 177.602362457 9678.23133079 
26 142.385375319 136.153118034 9722.46150665 
27 140.289874682 104.346047608 9756.36407771 
28 138.704994699 79.9513693429 9782.34363596 
29 137.50287403 61.2493176843 9802.24780829 
30 136.58906522 46.9158922288 9817.49504255 
31 135.893248445 35.9331765821 9829.17357497 
32 135.362736531 27.5193639146 9838.11789955 
33 134.957857897 21.0744446101 9844.96769749 
34 134.648626419 16.1381896371 9850.21318394 
35 134.412309192 12.3577348646 9854.22995594 
36 134.231633255 9.46262737983 9857.30573936 
37 134.093450739 7.24562827211 9859.66092099 
38 133.987740033 5.54796688018 9861.46429309 
39 133.906854344 4.24802153753 9862.84512412 
40 133.844954271 3.25263783031 9863.9024079 
41 133.797577932 2.49047250908 9864.71194956 
42 133.761314354 1.90688960425 9865.33179604 
43 133.733554994 1.46004986171 9865.80639514 
44 133.712304387 1.11791430657 9866.16978131 
45 133.696035763 0.855949819093 9866.44801442 
46 133.683580766 0.655371123089 9866.66104811 
47 133.674045198 0.501794299987 9866.8241605 
48 133.66674462 0.384205650908 9866.94904973 
49 133.661155104 0.294172048672 9867.04467285 
50 133.656875576 0.22523649796 9867.11788793 
51 133.653598996 0.172455047637 9867.17394596 
52 133.65109029 0.132042127555 9867.21686758 
53 133.649169509 0.101099589502 9867.2497309 
54 133.64769886 0.077408064588 9867.27489308 
55 133.64657285 0.0592683492438 9867.2941588 
56 133.645710717 0.0453794935028 9867.30890979 
57 133.645050617 0.0347453087927 9867.32020407 
58 133.644545207 0.0266031320656 9867.32885166 
59 133.644158235 0.020368983867 9867.33547278 
60 133.643861946 0.0155957342126 9867.34054232 
61 133.64363509 0.0119410462564 9867.34442386 
62 133.643461396 0.00914279184467 9867.34739581 
63 133.643328405 0.00700027842177 9867.34967132 
64 133.643226579 0.00535983947296 9867.35141358 
65 133.643148613 0.00410379680065 9867.35274759 
66 133.64308892 0.00314212138931 9867.35376896 
67 133.643043218 0.00240585158077 9867.35455093 
68 133.643008226 0.00184211527665 9867.35514966 
69 133.64298143 0.00141043240562 9867.35560814 
70 133.642960914 0.00107990853144 9867.35595918 
