Time S I R
0.0  10000 1 0
1 9999.33829698 0.963736050787 0.697966969293 
2 9998.70064463 0.928746475005 1.37060889918 
3 9998.08619432 0.894989469614 2.01881620633 
4 9997.49412489 0.862424352474 2.64345076244 
5 9996.92364253 0.831011582576 3.24534588331 
6 9996.3739808 0.800712773758 3.82530642523 
7 9995.84439804 0.77149060653 4.38411135023 
8 9995.33417799 0.743308863001 4.92251315004 
9 9994.84262857 0.71613239135 5.44123904168 
10 9994.36908071 0.689927070775 5.94099221623 
11 9993.91288911 0.664659834462 6.42245105272 
12 9993.47343128 0.640298644757 6.88627007761 
13 9993.05010616 0.616812448127 7.33308139071 
14 9992.6423323 0.594171104929 7.76349659196 
15 9992.24954827 0.572345428451 8.17810630167 
16 9991.8712113 0.551307138492 8.57748156295 
17 9991.50679844 0.531028866388 8.96217269178 
18 9991.15580656 0.511484143224 9.33270929262 
19 9990.81774878 0.492647331914 9.68960388518 
20 9990.49215503 0.474493623995 10.0333513473 
21 9990.17857247 0.4569990231 10.3644285046 
22 9989.87656432 0.440140319581 10.6832953575 
23 9989.58570885 0.423895066332 10.9903960872 
24 9989.30559913 0.408241558845 11.2861593085 
25 9989.03584327 0.393158818734 11.5709979096 
26 9988.77606307 0.378626566665 11.8453103618 
27 9988.52589358 0.364625201168 12.1094812148 
28 9988.28498291 0.351135782725 12.3638813034 
29 9988.05299224 0.338140023123 12.6088677345 
30 9987.82959462 0.325620250885 12.8447851244 
31 9987.61447462 0.313559392876 13.0719659908 
32 9987.40732844 0.301940969364 13.2907305932 
33 9987.20786358 0.290749075847 13.5013873424 
34 9987.01579762 0.279968344626 13.7042340388 
35 9986.83085816 0.26958393563 13.8995579043 
36 9986.6527825 0.259581518196 14.0876359827 
37 9986.48131729 0.249947255733 14.2687354554 
38 9986.31621907 0.240667822661 14.4431131081 
39 9986.15725314 0.231730355492 14.6110165013 
40 9986.00419332 0.223122438075 14.7726842414 
41 9985.85682186 0.214832094593 14.9283460416 
42 9985.71492929 0.206847776477 15.078222931 
43 9985.57831358 0.19915834112 15.2225280829 
44 9985.44677867 0.191753021761 15.3614683098 
45 9985.32013659 0.184621446698 15.4952419616 
46 9985.19820639 0.17775361549 15.6240399949 
47 9985.08081385 0.171139886074 15.7480462621 
48 9984.96779132 0.164770963198 15.8674377209 
49 9984.85897676 0.158637877055 15.9823853644 
50 9984.75421393 0.152731977018 16.0930540884 
51 9984.65335264 0.147044927346 16.1996024365 
52 9984.5562482 0.141568692473 16.3021831082 
53 9984.46276132 0.136295526924 16.4009431532 
54 9984.37275784 0.131217965078 16.4960241954 
55 9984.28610832 0.1263288082 16.5875628673 
56 9984.20268821 0.121621119824 16.6756906716 
57 9984.12237757 0.117088216194 16.76053421 
58 9984.04506096 0.112723657434 16.8422153777 
59 9983.97062724 0.108521239571 16.9208515171 
60 9983.89896929 0.104474981245 16.9965557278 
61 9983.82998375 0.100579111988 17.0694371341 
62 9983.76357125 0.0968280769428 17.1396006715 
63 9983.69963609 0.0932165243325 17.2071473814 
64 9983.63808615 0.0897392984416 17.2721745471 
65 9983.57883274 0.0863914328054 17.3347758253 
66 9983.52179032 0.0831681386293 17.3950415388 
67 9983.46687654 0.0800648028158 17.4530586557 
68 9983.41401215 0.0770769830778 17.5089108682 
69 9983.36312085 0.0742004008302 17.5626787477 
70 9983.31412922 0.0714309357481 17.6144398476 
