Time S I R
0.0  10000 1 0
1 9999.02694814 1.37052481604 0.602527039562 
2 9997.69357432 1.87816007051 1.42826560999 
3 9995.86673284 2.57348697833 2.55978018416 
4 9993.3643271 3.52560942016 4.11006348127 
5 9989.9375244 4.82881898241 6.23365661813 
6 9985.24673469 6.61154020252 9.14172510702 
7 9978.82922113 9.04828404314 13.1224948283 
8 9970.05588077 12.375395664 18.5687235669 
9 9958.07412883 16.9114851918 26.0143859744 
10 9941.7333578 23.0833724877 36.1832697105 
11 9919.48987781 31.4578115809 50.052310614 
12 9889.28928711 42.7781592545 68.932553636 
13 9848.42787191 58.002607168 94.5695209263 
14 9793.40203622 78.3359586731 129.262005107 
15 9719.7686079 105.239062384 175.992329716 
16 9622.06163387 140.388270257 238.550095875 
17 9493.84339274 185.54287708 321.613730177 
18 9328.00417292 242.26682283 430.729004249 
19 9117.44578669 311.457137965 572.097075344 
20 8856.25190282 392.678991602 752.069105574 
21 8541.30874315 483.419785714 976.271471138 
22 8174.07174335 578.543966929 1248.38428972 
23 7761.86508171 670.357060766 1568.77785753 
24 7317.96544238 749.616951554 1933.41760606 
25 6860.04235214 807.43054982 2333.52709804 
26 6407.24636941 837.422153044 2756.33147755 
27 5976.94744611 837.266937181 3186.78561671 
28 5582.27044056 808.953078583 3609.77648086 
29 5231.06320878 757.809466775 4012.12732444 
30 4926.21653146 690.878689256 4383.90477928 
31 4666.79327319 615.329627476 4718.87709933 
32 4449.38302269 537.347565666 5014.26941164 
33 4269.29124831 461.606912209 5270.10183948 
34 4121.40893725 391.209739063 5488.38132368 
35 4000.76073346 327.894925588 5672.34434095 
36 3902.80280445 272.359840407 5825.83735514 
37 3823.55022818 224.583178348 5952.86659347 
38 3759.60021219 184.096983761 6057.30280405 
39 3708.09933813 150.192693186 6142.70796868 
40 3666.68522684 122.063896172 6212.25087699 
41 3633.41936821 98.8982363273 6268.68239546 
42 3606.72118464 79.9311894762 6314.34762588 
43 3585.30788622 64.4737035701 6351.21841021 
44 3568.14189593 51.9228139308 6380.93529014 
45 3554.38607715 41.7618978824 6404.85202497 
46 3543.3662842 33.5551120043 6424.07860379 
47 3534.54039863 26.9390247318 6439.52057664 
48 3527.47294613 21.6132714239 6451.91378245 
49 3521.81439163 17.3313217274 6461.85428664 
50 3517.28443026 13.8918511045 6469.82371864 
51 3513.65827854 11.1312208504 6476.21050061 
52 3510.75581689 8.91679059026 6481.32739252 
53 3508.43274627 7.14135812683 6485.42589561 
54 3506.57349486 5.71844938518 6488.70805575 
55 3505.08550365 4.57841817486 6491.33607818 
56 3503.894674 3.66525607533 6493.44006992 
57 3502.941691 2.93396612943 6495.12434287 
58 3502.17906135 2.34841712141 6496.47252153 
59 3501.5687711 1.87962319018 6497.55160571 
60 3501.08039526 1.50434222558 6498.41526251 
61 3500.689583 1.20394495687 6499.10647205 
62 3500.3768469 0.963505224561 6499.65964788 
63 3500.12659043 0.771065868495 6500.10234371 
64 3499.92633196 0.617050597947 6500.45661745 
65 3499.7660833 0.493791565517 6500.74012514 
66 3499.63785115 0.39514943736 6500.96699941 
67 3499.53523914 0.316209512299 6501.14855135 
68 3499.45312866 0.253037685975 6501.29383366 
69 3499.38742365 0.202484981208 6501.41009137 
70 3499.33484643 0.162031077261 6501.50312249 
