Time S I R
0  997 3 0
1 992.54950103 7.17111020233 0.279388767712 
2 982.026181789 17.0287924724 0.945025738745 
3 957.668976111 39.8175427346 2.51348115443 
4 903.971430946 89.911505123 6.11706393073 
5 797.303206199 188.73848577 13.9583080307 
6 623.227638051 347.431483835 29.3408781138 
7 413.004612585 531.959647218 55.0357401973 
8 233.692922509 675.709777441 90.5973000508 
9 119.523087415 748.007993575 132.46891901 
10 58.7688821395 764.42980914 176.801308721 
11 28.9184919546 749.995358302 221.086149744 
12 14.5323460329 721.41013886 264.057515107 
13 7.52353869783 687.304688606 305.171772696 
14 4.02468262089 651.734944313 344.240373066 
15 2.22556333197 616.535913101 381.238523567 
16 1.27119273318 582.514141855 416.214665412 
17 0.749009592096 550.002274439 449.248715969 
18 0.454607004488 519.11262644 480.432766556 
19 0.283787075199 489.854145306 509.862067619 
20 0.181922472456 462.187275763 537.630801765 
21 0.11958654128 436.050304239 563.83010922 
22 0.0805146928515 411.372265996 588.547219312 
23 0.0553962060917 388.079493412 611.865110382 
24 0.038935119951 366.098591579 633.862473301 
25 0.0279126015212 345.358245499 654.613841899 
26 0.0204138975926 325.79022994 674.189356162 
27 0.0151950172037 307.329169092 692.655635891 
28 0.0115050072449 289.913063414 710.075431579 
29 0.00884811658193 273.483173311 726.507978572 
30 0.00690258383906 257.983733093 742.009364324 
31 0.00545195288794 243.362190371 756.632357676 
32 0.00436555424017 229.569070918 770.426563528 
33 0.00354192276995 216.557501153 783.438956924 
34 0.00291329625054 204.283328188 795.713758516 
35 0.00242128429431 192.704745495 807.292833221 
36 0.00203238549454 181.782350922 818.215616692 
37 0.00172256872384 171.478965018 828.519312413 
38 0.0014745677596 161.759524922 838.239000511 
39 0.00127496621394 152.590893738 847.407831296 
40 0.0011128034306 143.941946127 856.05694107 
41 0.000980306658562 135.783318789 864.215700904 
42 0.000875526334539 128.087209776 871.911914697 
43 0.000783264449637 120.827247155 879.17196958 
44 0.000696061095141 113.978636117 886.020667822 
45 0.000622373787792 107.518195341 892.481182285 
46 0.000565604811868 101.423991761 898.575442634 
47 0.000518326533893 95.6752182803 904.324263393 
48 0.000475447298982 90.252264969 909.747259584 
49 0.000437751424897 85.1366862627 914.862875986 
50 0.000404856442401 80.311058113 919.688537031 
51 0.000376003437282 75.7589507878 924.240673209 
52 0.000351109130861 71.4648590286 928.534789862 
53 0.00032935059528 67.4141620165 932.585508633 
54 0.000309833135475 63.5930584776 936.406631689 
55 0.000292370194984 59.9885393942 940.011168236 
56 0.000276848104818 56.5883259801 943.411397172 
57 0.000262976127942 53.3808419979 946.618895026 
58 0.000250528038578 50.3551609555 949.644588517 
59 0.000239288555463 47.5009721727 952.498788539 
60 0.000228998117223 44.8085556359 955.191215366 
61 0.000219742722834 42.2687510014 957.731029256 
62 0.000211403008393 39.8729090287 960.126879568 
63 0.000203746383249 37.6128645184 962.386931735 
64 0.00019687697511 35.4809243728 964.51887875 
65 0.000190647698901 33.4698252295 966.529984123 
66 0.000184950271091 31.5727167844 968.427098265 
67 0.000179727123395 29.7831386444 970.216681629 
68 0.000174929696527 28.0949948558 971.904830214 
69 0.000170521896848 26.5025371269 973.497292351 
70 0.000166469909232 25.0003423372 974.999491193 
71 0.000162737295 23.5832934583 976.416543804 
72 0.000159291704904 22.2465646287 977.75327608 
73 0.000156107343173 20.9856028403 979.014241052 
74 0.000153161617959 19.7961135606 980.203733278 
75 0.00015043374367 18.6740459317 981.325803635 
76 0.000147903376387 17.6155765484 982.384275548 
77 0.000145554043456 16.6171009169 983.382753529 
78 0.000143372899174 15.6752212969 984.32463533 
79 0.000141347392969 14.7867309563 985.213127696 
80 0.000139462645961 13.9486001534 986.051260384 
81 0.000137707573231 13.157974896 986.841887396 
82 0.00013607250014 12.4121647281 987.587699199 
83 0.000134548069923 11.7086285922 988.29123686 
84 0.00013312555609 11.0449685042 988.95489837 
85 0.000131797396421 10.4189249083 989.580943294 
86 0.000130556833369 9.82836768838 990.171501755 
87 0.000129397305614 9.27128370655 990.728586896 
88 0.000128312878019 8.74577488793 991.254096799 
89 0.000127298241637 8.2500524998 991.749820202 
90 0.000126348559434 7.78242980285 992.217443849 
91 0.000125459180481 7.34131213849 992.658562402 
92 0.000124625918943 6.9251969512 993.074678423 
93 0.000123844971426 6.53266789176 993.467208263 
94 0.000123112817278 6.16238861889 993.837488268 
95 0.000122426106941 5.81309657025 994.186781004 
96 0.000121781814187 5.48360233244 994.516275886 
97 0.000121177167898 5.172784763 994.82709406 
98 0.000120609562487 4.87958511908 995.120294271 
99 0.000120076553912 4.6030038782 995.396876045 
100 0.000119575909935 4.34209936194 995.657781062 
