Time S I R
0  997 3 0
1 992.307825835 7.37650749765 0.3156666671 
2 980.90597642 18.005032186 1.0889913938 
3 953.859402463 43.1806304474 2.95996708939 
4 893.20731437 99.4365410801 7.35614455019 
5 772.771111696 210.181016325 17.0478719784 
6 582.292836419 381.721608324 35.9855552569 
7 367.020467581 566.108760435 66.8707719834 
8 198.037161758 693.807904586 108.154933656 
9 97.991391585 746.773615085 155.23499333 
10 47.3258085807 748.736535523 203.937655896 
11 23.1360378634 725.0374788 251.826483337 
12 11.643403276 690.58279681 297.773799914 
13 6.07140131209 652.582849763 341.345748925 
14 3.28570421522 614.282487906 382.431807879 
15 1.84461891028 577.090752415 421.064628675 
16 1.07273878748 541.589385918 457.337875294 
17 0.645158215268 507.985597355 491.36924443 
18 0.400432736623 476.315961759 523.283605504 
19 0.256052926816 446.538596323 553.205350751 
20 0.168396742101 418.57674527 581.254857988 
21 0.113651555739 392.339370244 607.5469782 
22 0.0786272300452 367.730881578 632.190491192 
23 0.0556707992131 344.656363542 655.287965659 
24 0.0402570285949 323.023835714 676.935907258 
25 0.0297254874853 302.745297428 697.224977085 
26 0.0223771318202 283.737351873 716.240270995 
27 0.0171439528201 265.921229648 734.061626399 
28 0.0133555819136 249.222711717 750.763932701 
29 0.0105709912309 233.572079812 766.417349197 
30 0.00849080867124 218.903786872 781.08772232 
31 0.00691448322186 205.156313302 794.836772214 
32 0.00570281445926 192.271905461 807.722391724 
33 0.00475920237113 180.196427133 819.798813664 
34 0.00401603970329 168.879114115 831.116869845 
35 0.00342749518336 158.27258688 841.723985625 
36 0.00295448352722 148.332136957 851.664908559 
37 0.00257022022925 139.015938163 860.981491617 
38 0.00225566664813 130.284818919 869.712925414 
39 0.00199593040941 122.102036034 877.895968035 
40 0.0017799477755 114.433139547 885.565080506 
41 0.0015990043114 107.245904672 892.752496324 
42 0.00144706498565 100.510142247 899.488410688 
43 0.00131834447973 94.1974457363 905.801235919 
44 0.00120627474223 88.2811189906 911.717674735 
45 0.00110968772401 82.7363638244 917.262526488 
46 0.00102695383816 77.539890722 922.459082324 
47 0.000955076955051 72.6697917662 927.329253157 
48 0.000892101634008 68.1055610756 931.893546823 
49 0.000836836943677 63.8279944426 936.17116872 
50 0.0007881492877 59.8190901449 940.180121706 
51 0.000745117959468 56.0619743501 943.937280532 
52 0.000706945588831 52.5408353976 947.458457657 
53 0.000672928596259 49.2408484012 950.75847867 
54 0.000642532596999 46.1481266104 953.851230857 
55 0.000615295617763 43.2496512789 956.749733425 
56 0.000590819317154 40.5332248369 959.466184344 
57 0.000568760191754 37.9874072807 962.012023959 
58 0.000548813036971 35.6014813074 964.39796988 
59 0.000530756860257 33.3654117643 966.634057479 
60 0.000514384241797 31.2697886524 968.729696963 
61 0.000499491518895 29.305786637 970.693713872 
62 0.000485938253064 27.4651423046 972.534371757 
63 0.000473570172176 25.7401048994 974.25942153 
64 0.000462265221472 24.1234137527 975.876123982 
65 0.000451915306144 22.6082633871 977.391284698 
66 0.000442425707206 21.1882766096 978.811280965 
67 0.000433713657003 19.8574772867 980.142089 
68 0.000425704493409 18.6102628975 981.389311398 
69 0.000418332745312 17.4413838963 982.558197771 
70 0.00041153977611 16.3459197838 983.653668676 
71 0.000405273653087 15.3192598676 984.680334859 
72 0.000399487316599 14.3570817025 985.64251881 
73 0.000394138602246 13.4553344739 986.544271388 
74 0.000389190844203 12.6102246377 987.389386171 
75 0.000384611253253 11.8181972931 988.181418096 
76 0.00038036792489 11.0759148556 988.923704776 
77 0.000376433402607 10.3802533247 989.619370242 
78 0.000372783349235 9.7282868287 990.271340388 
79 0.000369394680547 9.11726907561 990.88236153 
80 0.000366246616977 8.54462725106 991.455006502 
81 0.000363320726024 8.00795255581 991.991684123 
82 0.000360600015938 7.50498631831 992.494653082 
83 0.000358068572837 7.03360949065 992.966032441 
84 0.000355712224291 6.5918387821 993.407805506 
85 0.000353518090151 6.17781634777 993.821830134 
86 0.00035147401843 5.78979760811 994.209850918 
87 0.000349569013792 5.42614917059 994.57350126 
88 0.000347793086235 5.08534148396 994.914310723 
89 0.000346136914914 4.76593947043 995.233714393 
90 0.000344591887711 4.46659793969 995.533057468 
91 0.000343150163872 4.18605758994 995.81359926 
92 0.000341804511322 3.92313824043 996.076519955 
93 0.000340548146823 3.67673196486 996.322927487 
94 0.000339374872738 3.44580181208 996.553858813 
95 0.000338278985396 3.2293766086 996.770285112 
96 0.000337255139925 3.02654464167 996.973118103 
97 0.000336298401635 2.8364518872 997.163211814 
98 0.000335404225098 2.65829874223 997.341365854 
99 0.000334568378889 2.49133534876 997.508330083 
100 0.000333786912734 2.33485832109 997.664807892 
