Time S I R
0.0  10000 1 0
1 9999.81041523 0.907184343089 0.282400430711 
2 9999.63842975 0.822980200287 0.538590054388 
3 9999.48241032 0.746589230837 0.771000451704 
4 9999.34087525 0.677287025419 0.981837724932 
5 9999.21248019 0.614416203586 1.17310360375 
6 9999.09600476 0.557379903802 1.34661533913 
7 9998.9903419 0.505636620058 1.50402147621 
8 9998.89449119 0.458696915959 1.64681188915 
9 9998.80754198 0.416115230514 1.77634278807 
10 9998.7286627 0.377484670817 1.89385263096 
11 9998.65710562 0.342439312738 2.00045506227 
12 9998.59219354 0.310647698938 2.09715876248 
13 9998.53330814 0.281807197657 2.18488466401 
14 9998.47988987 0.255643906243 2.26446622241 
15 9998.43143117 0.231909351465 2.33665947893 
16 9998.38747174 0.21037819159 2.40215006411 
17 9998.34759392 0.190845934761 2.46156014628 
18 9998.31141858 0.173126957599 2.51545446726 
19 9998.27860205 0.157052989543 2.56434495807 
20 9998.24883271 0.142471432558 2.60869585543 
21 9998.2218273 0.129243584196 2.64892911375 
22 9998.1973293 0.117243826028 2.68542687355 
23 9998.17510586 0.106358131072 2.71853600624 
24 9998.15494584 0.096483091789 2.74857107273 
25 9998.13665767 0.0875248970385 2.7758174371 
26 9998.12006752 0.0793984103983 2.80053407197 
27 9998.10501779 0.0720264464939 2.82295576032 
28 9998.09136537 0.0653389068337 2.84329572586 
29 9998.07898062 0.0592723049119 2.86174707742 
30 9998.06774573 0.0537689360985 2.87848533549 
31 9998.05755406 0.0487765681442 2.89366937327 
32 9998.04830862 0.0442476984268 2.90744367707 
33 9998.0399217 0.0401393572644 2.91993894425 
34 9998.0323134 0.0364124192946 2.93127417863 
35 9998.02541131 0.0330314116132 2.9415572741 
36 9998.01915 0.0299642847529 2.95088571094 
37 9998.01347035 0.027182079042 2.95934757075 
38 9998.00831805 0.0246581981145 2.96702374768 
39 9998.00364422 0.0223686902754 2.97398709104 
40 9997.9994044 0.0202917859009 2.98030381321 
41 9997.99555822 0.0184077026211 2.98603408226 
42 9997.99206913 0.016698543809 2.99123233042 
43 9997.98890394 0.0151480522158 2.99594800375 
44 9997.98603266 0.0137415278498 3.00022581175 
45 9997.98342803 0.0124656264769 3.00410634035 
46 9997.98106526 0.0113081974828 3.00762654509 
47 9997.97892185 0.0102582290392 3.01081991781 
48 9997.97697745 0.00930574285621 3.0137168069 
49 9997.97521357 0.00844168908285 3.01634473689 
50 9997.97361346 0.00765785797773 3.01872867713 
51 9997.97216188 0.00694678362689 3.02089133466 
52 9997.9708451 0.00630174326142 3.02285315625 
53 9997.96965066 0.00571663420011 3.02463270268 
54 9997.96856716 0.00518586787203 3.02624697115 
55 9997.96758426 0.00470438273538 3.02771135588 
56 9997.9666926 0.00426759399161 3.02903980113 
57 9997.96588377 0.00387137536171 3.0302448566 
58 9997.96515001 0.00351193514479 3.03133805439 
59 9997.96448433 0.00318584237506 3.03232982946 
60 9997.96388047 0.00289003720497 3.03322948803 
61 9997.96333269 0.00262169669427 3.03404561579 
62 9997.96283574 0.00237826303498 3.03478599206 
63 9997.96238497 0.00215744686931 3.03545757969 
64 9997.96197606 0.00195713356652 3.0360668101 
65 9997.96160508 0.00177540735003 3.03661950993 
66 9997.96126857 0.00161056339622 3.03712086423 
67 9997.96096331 0.00146102439495 3.03757567021 
68 9997.96068637 0.00132536524045 3.03798826217 
69 9997.96043519 0.00120231806216 3.03836249622 
70 9997.96020733 0.00109070235578 3.03870196273 
