Time S I R
0  997 3 0
1 995.495075352 4.32690697099 0.17801767708 
2 993.329343046 6.23598171795 0.43467523589 
3 990.218045261 8.97758332854 0.804371409962 
4 985.759471131 12.9043426649 1.33618620441 
5 979.392978972 18.5072604993 2.09976052877 
6 970.34829563 26.4585790797 3.19312528999 
7 957.591218633 37.6560683024 4.7527130644 
8 939.779904861 53.2547859107 6.96530922838 
9 915.261143361 74.658131914 10.0807247251 
10 882.157068789 103.420835173 14.4220960382 
11 838.609851699 141.002147989 20.3880003116 
12 783.239666332 188.322639406 28.4376942619 
13 715.788368008 245.161402109 39.0502298829 
14 637.752439911 309.593821228 52.6537388609 
15 552.636105122 377.828610343 69.5352845355 
16 465.487673682 444.752928685 89.7593976331 
17 381.750338341 505.11916412 113.130497539 
18 305.939674793 554.84123153 139.219093677 
19 240.785498893 591.773509965 167.440991141 
20 187.121224184 615.722889121 197.155886695 
21 144.334409172 627.913990196 227.751600632 
22 111.001631858 630.301607534 258.696760609 
23 85.4245237182 625.013373678 289.562102604 
24 65.9686951006 614.011489762 320.019815138 
25 51.2242091868 598.944707101 349.831083712 
26 40.0504757434 581.119863095 378.829661162 
27 31.5602079387 561.53410079 406.905691271 
28 25.079574039 540.928629046 433.991796915 
29 20.1039669751 519.844157786 460.051875239 
30 16.2582654358 498.669261239 485.072473325 
31 13.2643924207 477.67929837 509.05630921 
32 10.9161434361 457.066378487 532.017478077 
33 9.06021245651 436.961847584 553.977939959 
34 7.58219559106 417.452832921 574.964971488 
35 6.39625487992 398.594449773 595.009295347 
36 5.43763050382 380.418627151 614.143742345 
37 4.65716583922 362.940554727 632.402279434 
38 4.01730605413 346.16338696 649.819306986 
39 3.48917443449 330.081668249 666.429157316 
40 3.05040790578 314.683858157 682.265733937 
41 2.68362643364 299.954103911 697.362269655 
42 2.37516982227 285.873694904 711.751135274 
43 2.11426413039 272.4220036 725.46373227 
44 1.89236132294 259.577219854 738.530418823 
45 1.70263600134 247.316898855 750.980465144 
46 1.5396018469 235.618368687 762.842029466 
47 1.39882712875 224.459015221 774.14215765 
48 1.27671238964 213.816497222 784.906790389 
49 1.17031049015 203.668910337 795.160779173 
50 1.07722175013 193.994862207 804.927916043 
51 0.995456165733 184.773589521 814.230954314 
52 0.92335691987 175.98500089 823.09164219 
53 0.859552519154 167.609689016 831.530758465 
54 0.802885578283 159.628969326 839.568145096 
55 0.752394999064 152.024859139 847.222745862 
56 0.7072649348 144.78009732 854.512637745 
57 0.666803382954 137.87812909 861.455067527 
58 0.630426788566 131.303091356 868.066481856 
59 0.597631873427 125.039794808 874.362573318 
60 0.567994168625 119.073699422 880.358306409 
61 0.541135431623 113.390936186 886.067928382 
62 0.516729638567 107.978229201 891.505041161 
63 0.494503659436 102.822872424 896.682623917 
64 0.474235136554 97.9128095946 901.612955269 
65 0.455707078948 93.2364530588 906.307839862 
66 0.438733050917 88.7827656465 910.778501303 
67 0.42316488102 84.5412769663 915.035558153 
68 0.408851591246 80.5018975228 919.089250886 
69 0.39567154774 76.655075411 922.949253041 
70 0.383521247786 72.9917233567 926.624755396 
71 0.372298125596 69.5030979301 930.124603944 
72 0.361917041153 66.1809170823 933.457165877 
73 0.352300323791 63.0172585433 936.630441133 
74 0.343381533905 60.0046085949 939.652009871 
75 0.335099004161 57.1357752097 942.529125786 
76 0.327398263017 54.4039209771 945.26868076 
77 0.320230474047 51.8025277497 947.877241776 
78 0.313551086747 49.3253759214 950.361072992 
79 0.307321029845 46.9665609324 952.726118038 
80 0.301503648208 44.7204266403 954.978069711 
81 0.296067225716 42.5816212263 957.122311548 
82 0.290982031672 40.5450169088 959.16400106 
83 0.286221382723 38.6057428344 961.108035783 
84 0.281760968331 36.759160651 962.959078381 
85 0.277579183325 35.0008547123 964.721566104 
86 0.273655096762 33.3265963463 966.399748557 
87 0.269969602311 31.732359567 967.997670831 
88 0.266506664164 30.2143420372 969.519151299 
89 0.263250638283 28.7689025302 970.967846832 
90 0.260187284833 27.3925752436 972.347237472 
91 0.257303684495 26.0820619512 973.660634364 
92 0.254587710248 24.8342166577 974.911195632 
93 0.252028313738 23.6460463524 976.101925334 
94 0.249615321819 22.5147008177 977.23568386 
95 0.247339220588 21.4374623173 978.315198462 
96 0.245191310819 20.411746328 979.343062361 
97 0.24316353186 19.4350914612 980.321745007 
98 0.241248340638 18.5051513269 981.253600332 
99 0.239438843354 17.6196953587 982.140865798 
100 0.237728577757 16.7765970577 982.985674365 
