Time S I R
0.0  10000 1 0
1 9995.62412187 4.6461687718 0.729709359901 
2 9975.33761561 21.5455742445 4.11681014411 
3 9882.21070129 99.0347990036 19.7544997064 
4 9473.2522514 437.530413935 90.2173346652 
5 7974.51304152 1649.14043273 377.34652575 
6 4769.664143 3997.08603064 1234.24982635 
7 1955.80501597 5324.67442335 2720.52056069 
8 747.16515848 4929.00692797 4324.82791355 
9 328.096525618 3976.00141599 5696.9020584 
10 171.970779211 3055.14173897 6773.88748182 
11 105.228697626 2302.97892745 7592.79237492 
12 72.7912609625 1720.98877697 8207.21996206 
13 55.3033267943 1280.3924112 8665.304262 
14 45.0905894164 950.235814466 9005.67359612 
15 38.7555284631 704.161496725 9258.08297481 
16 34.6443894621 521.317854518 9445.03775602 
17 31.8850180098 385.71128011 9583.40370188 
18 29.9864796765 285.258164985 9685.75535534 
19 28.6556999038 210.904571753 9761.43972834 
20 27.7100023687 155.899161388 9817.39083624 
21 27.0311132255 115.222479807 9858.74640697 
22 26.5400874473 85.1498554475 9889.31005711 
23 26.1829656246 62.9211575121 9911.89587686 
24 25.9221719859 46.4927211852 9928.58510683 
25 25.7311461484 34.3522741594 9940.91657969 
26 25.5909092536 25.3812441806 9950.02784657 
27 25.487786897 18.7525509281 9956.75966217 
28 25.4118642415 13.854820214 9961.73331554 
29 25.3559164535 10.2361366599 9965.40794689 
30 25.314660831 7.56253766139 9968.12280151 
31 25.2842240459 5.58722314893 9970.12855281 
32 25.2617608583 4.12783667155 9971.61040247 
33 25.2451779138 3.04963155838 9972.70519053 
34 25.2329335001 2.25305131698 9973.51401518 
35 25.2238912229 1.6645391751 9974.1115696 
36 25.2172129321 1.2297483743 9974.55303869 
37 25.2122802039 0.908527505611 9974.87919229 
38 25.2086365682 0.671211765979 9975.12015167 
39 25.2059450216 0.495884725911 9975.29817025 
40 25.2039567194 0.366354734581 9975.42968855 
41 25.2024878817 0.270659126648 9975.52685299 
42 25.2014027747 0.199960153087 9975.59863707 
43 25.200601137 0.147728332008 9975.65167053 
44 25.200008914 0.109140136634 9975.69085095 
45 25.1995713942 0.0806315288716 9975.71979708 
46 25.1992481647 0.0595697079819 9975.74118213 
47 25.1990093688 0.0440094548414 9975.75698118 
48 25.1988329505 0.0325137115908 9975.76865334 
49 25.1987026153 0.0240207762424 9975.77727661 
50 25.1986063255 0.017746283244 9975.78364739 
51 25.1985351879 0.0131107601353 9975.78835405 
52 25.1984826324 0.00968608730635 9975.79183128 
53 25.198443805 0.00715597665951 9975.79440022 
54 25.1984151196 0.00528674245301 9975.79629814 
55 25.1983939273 0.00390578431331 9975.79770029 
56 25.1983782716 0.00288561229426 9975.79873612 
57 25.198366705 0.00213189116787 9975.7995014 
58 25.1983581591 0.00157501138559 9975.80006683 
59 25.1983518455 0.00116359702797 9975.80048456 
60 25.1983471813 0.000859661531552 9975.80079316 
61 25.1983437353 0.000635110971381 9975.80102115 
62 25.1983411879 0.000469111648873 9975.8011897 
63 25.1983393069 0.000346540664469 9975.80131415 
64 25.1983379181 0.000256039206854 9975.80140604 
65 25.1983368919 0.000189170780754 9975.80147394 
66 25.1983361335 0.000139752670725 9975.80152411 
67 25.1983355727 0.000103205331928 9975.80156122 
68 25.1983351596 7.62864220424e-05 9975.80158855 
69 25.1983348545 5.64088492186e-05 9975.80160874 
70 25.1983346288 4.1701674317e-05 9975.80162367 
