Time S I R
0  997 3 0
1 992.914672316 6.94428477521 0.141042908402 
2 983.548252107 15.9851334084 0.466614485084 
3 962.454667417 36.3340149967 1.21131758619 
4 916.806471958 80.3131129801 2.88041506161 
5 826.000045874 167.536765756 6.46318837038 
6 672.20100871 314.258407667 13.5405836232 
7 470.959495854 503.278628156 25.7618759895 
8 280.417263524 676.010476872 43.5722596041 
9 147.281042598 787.027532393 65.6914250093 
10 72.1798066352 837.630908721 90.189284644 
11 34.4719088517 849.95331624 115.574774908 
12 16.4448691286 842.556688098 140.998442773 
13 7.93176110787 826.023444287 166.044794605 
14 3.88904848073 805.583164872 190.527786647 
15 1.94257426535 783.685815891 214.371609843 
16 0.98923271934 761.45912097 237.55164631 
17 0.513608724055 739.419623516 260.06676776 
18 0.27180315795 717.801627423 281.926569419 
19 0.146554724637 696.707986744 303.145458531 
20 0.0804063654441 676.179711048 323.739882587 
21 0.0449470879773 656.22802177 343.727031142 
22 0.0255853795239 636.850238043 363.124176577 
23 0.0148564964084 618.036737492 381.948406012 
24 0.00870390886564 599.774831745 400.216464346 
25 0.00517178913412 582.050133749 417.944694462 
26 0.00313194959517 564.847869577 435.148998474 
27 0.00192675084668 548.153249318 451.844823931 
28 0.00120237166789 531.951618063 468.047179565 
29 0.000761210327482 516.228605557 483.770633232 
30 0.000487104180365 500.970169764 499.029343132 
31 0.00031607920414 486.162643344 513.837040576 
32 0.000207153735232 471.792737638 528.207055208 
33 0.000129920167069 457.847565038 542.152305041 
34 7.04904296072e-05 444.31453593 555.685393579 
35 3.57954985475e-05 431.181475631 568.818488573 
36 9.90392891254e-06 418.436524562 581.563465534 
37 0 406.068225 593.931775 
38 0 394.06556538 605.93443462 
39 0 382.417730273 617.582269727 
40 0 371.114163092 628.885836908 
41 0 360.144718084 639.855281916 
42 0 349.499526049 650.500473951 
43 0 339.168965224 660.831034776 
44 0 329.143757561 670.856242439 
45 0 319.414902499 680.585097501 
46 0 309.973584185 690.026415815 
47 0 300.811333899 699.188666101 
48 0 291.919925217 708.080074783 
49 0 283.291320345 716.708679655 
50 0 274.917755074 725.082244926 
51 0 266.791702555 733.208297445 
52 0 258.905854918 741.094145082 
53 0 251.253125771 748.746874229 
54 0 243.826627417 756.173372583 
55 0 236.619655076 763.380344924 
56 0 229.625678779 770.374321221 
57 0 222.838388142 777.161611858 
58 0 216.251719548 783.748280452 
59 0 209.859742716 790.140257284 
60 0 203.656698823 796.343301177 
61 0 197.636997903 802.363002097 
62 0 191.795229792 808.204770208 
63 0 186.126136861 813.873863139 
64 0 180.624613034 819.375386966 
65 0 175.285700135 824.714299865 
66 0 170.104595255 829.895404745 
67 0 165.076637363 834.923362637 
68 0 160.197297975 839.802702025 
69 0 155.462179768 844.537820232 
70 0 150.867018611 849.132981389 
71 0 146.407682875 853.592317125 
72 0 142.080158486 857.919841514 
73 0 137.880547093 862.119452907 
74 0 133.805065442 866.194934558 
75 0 129.850052114 870.149947886 
76 0 126.011947846 873.988052154 
77 0 122.287295762 877.712704238 
78 0 118.672739362 881.327260638 
79 0 115.16501932 884.83498068 
80 0 111.76097048 888.23902952 
81 0 108.457526289 891.542473711 
82 0 105.251716501 894.748283499 
83 0 102.140654783 897.859345217 
84 0 99.1215423809 900.878457619 
85 0 96.1916666124 903.808333388 
86 0 93.3483995707 906.651600429 
87 0 90.5891944164 909.410805584 
88 0 87.9115568248 912.088443175 
89 0 85.313070949 914.686929051 
90 0 82.7913951002 917.2086049 
91 0 80.3442548306 919.655745169 
92 0 77.9694405601 922.03055944 
93 0 75.6648146158 924.335185384 
94 0 73.4283053213 926.571694679 
95 0 71.2578996742 928.742100326 
96 0 69.15164564 930.84835436 
97 0 67.1076508955 932.892349105 
98 0 65.1240772731 934.875922727 
99 0 63.1991344587 936.800865541 
100 0 61.3310894903 938.66891051 
