Time S I R
0  997 3 0
1 992.128675348 7.77340400508 0.0979206467125 
2 979.666005748 19.9833507357 0.350643516801 
3 948.648584027 50.357559674 0.993856298614 
4 876.469819324 120.954223228 2.57595744747 
5 731.881182699 261.938601447 6.18021585341 
6 512.993436918 473.722028034 13.2845350472 
7 290.166800325 685.157008341 24.6761913335 
8 137.995378821 822.4695835 39.5350376792 
9 59.6838742379 884.024381775 56.2917439867 
10 24.9005754964 901.331251404 73.7681730995 
11 10.3308181266 898.312828734 91.3563531393 
12 4.31910834933 886.88971729 108.791174361 
13 1.8293410153 872.204669586 125.965989399 
14 0.786594131604 856.372592454 142.840813414 
15 0.343525445247 840.253587515 159.40288704 
16 0.152333035689 824.197142027 175.650524937 
17 0.0686516946001 808.344806254 191.586542052 
18 0.031481582937 792.752960736 207.215557681 
19 0.0146375569905 777.442469532 222.542892911 
20 0.00686423861373 762.419023009 237.574112752 
21 0.00326841762421 747.681909294 252.314822288 
22 0.00156329986828 733.227853871 266.770582829 
23 0.000764435965721 719.052357497 280.946878067 
24 0.00037891659872 705.150522021 294.849099062 
25 0.000190579541368 691.517255267 308.482554154 
26 9.6850406635e-05 678.1474121 321.852491049 
27 5.01228289522e-05 665.035945973 334.964003904 
28 2.91814453703e-05 652.178374748 347.82159607 
29 1.63696304298e-05 639.569471438 360.430512193 
30 4.67732547804e-07 627.204032126 372.795967407 
31 0 615.077671238 384.922328762 
32 0 603.18572784 396.81427216 
33 0 591.523733472 408.476266528 
34 0 580.087207228 419.912792772 
35 0 568.871777868 431.128222132 
36 0 557.873181486 442.126818514 
37 0 547.087219075 452.912780925 
38 0 536.509772965 463.490227035 
39 0 526.136816062 473.863183938 
40 0 515.964427744 484.035572256 
41 0 505.988687529 494.011312471 
42 0 496.205787059 503.794212941 
43 0 486.612031648 513.387968352 
44 0 477.203813794 522.796186206 
45 0 467.97751059 532.02248941 
46 0 458.929583464 541.070416536 
47 0 450.056588636 549.943411364 
48 0 441.355153639 558.644846361 
49 0 432.82195185 567.17804815 
50 0 424.453725098 575.546274902 
51 0 416.247288699 583.752711301 
52 0 408.19953292 591.80046708 
53 0 400.307358077 599.692641923 
54 0 392.56776999 607.43223001 
55 0 384.977819565 615.022180435 
56 0 377.534621352 622.465378648 
57 0 370.235321641 629.764678359 
58 0 363.077127416 636.922872584 
59 0 356.057314296 643.942685704 
60 0 349.173212854 650.826787146 
61 0 342.422207045 657.577792955 
62 0 335.801732642 664.198267358 
63 0 329.309275674 670.690724326 
64 0 322.942370856 677.057629144 
65 0 316.698594132 683.301405868 
66 0 310.575563458 689.424436542 
67 0 304.570944182 695.429055818 
68 0 298.682443015 701.317556985 
69 0 292.907806391 707.092193609 
70 0 287.244818827 712.755181173 
71 0 281.691301285 718.308698715 
72 0 276.245109527 723.754890473 
73 0 270.904159951 729.095840049 
74 0 265.666453763 734.333546237 
75 0 260.529999521 739.470000479 
76 0 255.492845867 744.507154133 
77 0 250.553082216 749.446917784 
78 0 245.708838283 754.291161717 
79 0 240.958277926 759.041722074 
80 0 236.299575451 763.700424549 
81 0 231.73095215 768.26904785 
82 0 227.250664734 772.749335266 
83 0 222.857001712 777.142998288 
84 0 218.548282397 781.451717603 
85 0 214.322857077 785.677142923 
86 0 210.179123135 789.820876865 
87 0 206.115505007 793.884494993 
88 0 202.130453529 797.869546471 
89 0 198.222449291 801.777550709 
90 0 194.390001979 805.609998021 
91 0 190.631649731 809.368350269 
92 0 186.945960854 813.054039146 
93 0 183.33153187 816.66846813 
94 0 179.78698517 820.21301483 
95 0 176.310969596 823.689030404 
96 0 172.902159839 827.097840161 
97 0 169.55925584 830.44074416 
98 0 166.280983415 833.719016585 
99 0 163.066094578 836.933905422 
100 0 159.913363856 840.086636144 
