Time S I R
0  997 3 0
1 993.183334368 6.61895498218 0.197710650265 
2 984.834415454 14.5327216561 0.632862889654 
3 966.843223756 31.5735195459 1.58325669853 
4 929.296614456 67.0784043394 3.62498120443 
5 855.920523956 136.214676251 7.86479979327 
6 729.290224839 254.591918702 16.1178564587 
7 551.256608099 418.198844742 30.5445471592 
8 361.183420832 586.476831311 52.3397478577 
9 208.820424082 710.596373548 80.5832023699 
10 111.564769567 775.538736624 112.896493809 
11 57.6032673064 795.425833766 146.970898928 
12 29.6072785365 789.113397413 181.27932405 
13 15.393632988 769.611423345 214.994943667 
14 8.15881326593 744.12104125 247.720145485 
15 4.42288697673 716.292938729 279.284174294 
16 2.45501038228 687.91573623 309.629253388 
17 1.39537962192 659.85206217 338.752558208 
18 0.811755155332 632.510658818 366.677586026 
19 0.483004730337 606.076885164 393.440110106 
20 0.293726399575 580.625033501 419.0812401 
21 0.182332836811 556.173717584 443.643949579 
22 0.115514412617 532.713134023 467.171351564 
23 0.0745828496283 510.219636152 489.705780998 
24 0.0490575816301 488.662547994 511.288394425 
25 0.0328709441776 468.00818677 531.958942286 
26 0.0223887879783 448.221924096 551.755687116 
27 0.0155009920409 429.269098175 570.715400833 
28 0.0109139827996 411.115795742 588.873290275 
29 0.00780655376252 393.72893838 606.263255067 
30 0.00565467144395 377.076612345 622.917732983 
31 0.00415136875506 361.128133363 638.867715269 
32 0.00307986584153 345.853689712 654.143230422 
33 0.00230861236446 331.22500895 668.772682438 
34 0.00173337332046 317.214826263 682.783440364 
35 0.00132266993251 303.797133803 696.201543527 
36 0.00101661666895 290.946776603 709.052206781 
37 0.000818362540258 278.64000098 721.359180657 
38 0.000684770024236 266.853771938 733.145543292 
39 0.000575194120415 255.56607829 744.433346515 
40 0.00047576594875 244.755838973 755.243685261 
41 0.000388182303936 234.402847733 765.596764084 
42 0.000315540189831 224.487788568 775.511895892 
43 0.000257184217162 214.992095238 785.007647577 
44 0.000218227475216 205.898072224 794.101709549 
45 0.000193281674228 197.188705944 802.811100775 
46 0.000173518183146 188.847742952 811.15208353 
47 0.000151267278966 180.85962018 819.140228553 
48 0.000132234253329 173.209420682 826.790447084 
49 0.000114074673547 165.882801878 834.117084048 
50 9.65270985489e-05 158.866065389 841.133838083 
51 8.16712649794e-05 152.146133734 847.853784595 
52 7.074932455e-05 145.710442902 854.289486348 
53 6.33649272004e-05 139.54697457 860.452962065 
54 5.79633086772e-05 133.6442184 866.355723636 
55 5.23748763044e-05 127.991143575 872.00880405 
56 4.69693735567e-05 122.577193333 877.422759698 
57 4.20152465495e-05 117.392251034 882.607706951 
58 3.77740982458e-05 112.426624811 887.573337415 
59 3.40291348948e-05 107.671043257 892.328922714 
60 3.09523641135e-05 103.116619388 896.88334966 
61 2.865894146e-05 98.7548434086 901.245127932 
62 2.69525310159e-05 94.5775710418 905.422402006 
63 2.55808894281e-05 90.5769955651 909.422978854 
64 2.39976915282e-05 86.7456379526 913.25433805 
65 2.24563934808e-05 83.0763384919 916.923639052 
66 2.11591730022e-05 79.5622428629 920.437735978 
67 1.99726296159e-05 76.1967920209 923.803188006 
68 1.8710086124e-05 72.9737069845 927.026274305 
69 1.76635826392e-05 69.8869556824 930.113026654 
70 1.68201402175e-05 66.9307709212 933.069212259 
71 1.59897799676e-05 64.099633432 935.900350578 
72 1.51390863721e-05 61.3882540294 938.611730832 
73 1.43972732758e-05 58.7915637384 941.208421864 
74 1.37326644563e-05 56.3047114755 943.695274792 
75 1.30947232719e-05 53.9230521771 946.076934728 
76 1.24898595004e-05 51.6421352163 948.357852294 
77 1.19255734035e-05 49.4576990028 950.542289072 
78 1.14174140435e-05 47.3656633979 952.634325185 
79 1.09813005338e-05 45.3621208567 954.637868162 
80 1.05897815956e-05 43.4433269421 956.556662468 
81 1.02332405731e-05 41.6056968236 958.394292943 
82 9.89728061995e-06 39.845797675 960.154192428 
83 9.5783307188e-06 38.1603412849 961.839649137 
84 9.27911526105e-06 36.5461783886 963.453812332 
85 9.00011218619e-06 35.000293598 964.999697402 
86 8.74344652857e-06 33.5197992672 966.480191989 
87 8.50156095566e-06 32.1019276455 967.898063853 
88 8.27235714951e-06 30.7440293913 969.255962336 
89 8.05654519809e-06 29.4435683168 970.556423627 
90 7.85676741089e-06 28.1981168424 971.801875301 
91 7.67655490108e-06 27.0053508362 972.994641487 
92 7.51118727749e-06 25.8630381332 974.136954356 
93 7.35847743272e-06 24.7690435583 975.230949083 
94 7.21654021163e-06 23.7213236191 976.278669164 
95 7.08241873326e-06 22.7179221691 977.282070748 
96 6.95259302574e-06 21.7569664193 978.243026628 
97 6.82873132973e-06 20.8366583213 979.16333485 
98 6.71105908623e-06 19.9552776308 980.044715658 
99 6.59950626414e-06 19.1111779979 980.888815403 
100 6.49460309887e-06 18.3027835131 981.697209992 
