Time S I R
0  997 3 0
1 996.481278136 3.28671089511 0.232010968519 
2 995.913316298 3.60049942138 0.486184281048 
3 995.291533271 3.94385692042 0.764609808245 
4 994.610936737 4.31949261092 1.06957065167 
5 993.866093792 4.7303480062 1.4035582019 
6 993.051096035 5.17961386469 1.76929010065 
7 992.159521606 5.67074836439 2.16973002934 
8 991.184404596 6.20749134869 2.60810405528 
9 990.118179817 6.79388975219 3.08793043074 
10 988.952653947 7.43430979607 3.61303625676 
11 987.678961069 8.133456093 4.18758283843 
12 986.287518633 8.89638919309 4.81609217346 
13 984.76798414 9.72854187051 5.50347398949 
14 983.109212908 10.6357337693 6.25505332242 
15 981.299217236 11.6241828639 7.07659990054 
16 979.325129097 12.7005126374 7.97435826604 
17 977.173157849 13.8717664884 8.95507566292 
18 974.828571587 15.1453925142 10.0260358993 
19 972.275658319 16.5292530995 11.1950885812 
20 969.497724442 18.0315982561 12.4706773016 
21 966.477082169 19.6610478846 13.8618699466 
22 963.195051756 21.4265646817 15.3783835627 
23 959.632011792 23.3373821105 17.0306060977 
24 955.767382947 25.4029937213 18.8296233313 
25 951.579778847 27.6330024584 20.787218695 
26 947.047033733 30.0370742312 22.9158920359 
27 942.14634061 32.6248045932 25.2288547964 
28 936.854404062 35.405575722 27.7400202165 
29 931.147626312 38.3883895781 30.4639841097 
30 925.00235888 41.5816607916 33.415980328 
31 918.395128093 44.9930251826 36.6118467247 
32 911.303016218 48.6290501079 40.0679336743 
33 903.7039381 52.4950137548 43.8010481447 
34 895.577135341 56.5945552452 47.8283094135 
35 886.903525158 60.9294170476 52.1670577948 
36 877.666268173 65.499070492 56.8346613348 
37 867.851195213 70.3004275891 61.8483771975 
38 857.447395815 75.3274941721 67.2251100128 
39 846.447750602 80.571048458 72.9812009403 
40 834.84935353 86.0184433133 79.1322031572 
41 822.654124072 91.6532900258 85.6925859019 
42 809.869136979 97.4553851894 92.6754778315 
43 796.507096752 103.400543002 100.092360247 
44 782.586514758 109.460693258 107.952791984 
45 768.131985571 115.603911539 116.26410289 
46 753.174104856 121.794746003 125.031149141 
47 737.749488755 127.994485209 134.256026037 
48 721.900396785 134.161714523 143.937888693 
49 705.674429641 140.252846603 154.072723756 
50 689.123877527 146.222854595 164.653267878 
51 672.305082359 152.026043183 175.668874458 
52 655.277593544 157.616857779 187.105548677 
53 638.103238071 162.950821087 198.945940842 
54 620.845207 167.985293523 211.169499477 
55 603.566940623 172.680451825 223.752607552 
56 586.331277758 176.999885177 236.668837065 
57 569.1993084 180.911467587 249.889224014 
58 552.229691943 184.387714599 263.382593458 
59 535.477641555 187.406411031 277.115947414 
60 518.994468579 189.950708868 291.054822553 
61 502.826834942 192.009417567 305.163747491 
62 487.016529117 193.576874277 319.406596606 
63 471.600063249 194.652872594 333.747064157 
64 456.608648052 195.242366834 348.148985114 
65 442.068139321 195.355085576 362.576775103 
66 427.99916158 195.005139218 376.995699201 
67 414.417340276 194.210424971 391.372234753 
68 401.333520608 192.992199516 405.674279877 
69 388.75426046 191.374293835 419.871445705 
70 376.682003615 189.382840644 433.935155741 
71 365.115689577 187.045481847 447.838828576 
72 354.051046417 184.390979193 461.55797439 
73 343.481049472 181.448702408 475.07024812 
74 333.39638386 178.248132482 488.355483658 
75 323.785699041 174.818607465 501.395693495 
76 314.636140304 171.188838956 514.17502074 
77 305.93352376 167.386751488 526.679724753 
78 297.662760049 163.439176608 538.898063343 
79 289.808048454 159.371699023 550.820252523 
80 282.353143995 155.208521206 562.438334799 
81 275.281563721 150.972348028 573.746088251 
82 268.576750241 146.684331471 584.738918288 
83 262.222229879 142.364052972 595.41371715 
84 256.201737794 138.029477436 605.76878477 
85 250.499308087 133.697013551 615.803678362 
86 245.099371654 129.381512702 625.519115644 
87 239.98679866 125.096354702 634.916846638 
88 235.146968056 120.853466586 643.999565358 
89 230.565780246 116.663428656 652.770791098 
90 226.229700307 112.535520299 661.234779394 
91 222.125753993 108.477822266 669.396423741 
92 218.241547708 104.49727865 677.261173642 
93 214.565256641 100.599791631 684.834951728 
94 211.085626098 96.7902934692 692.124080433 
95 207.791956508 93.0728302705 699.135213221 
96 204.674090641 89.4506363795 705.87527298 
97 201.722400053 85.926207999 712.351391948 
98 198.927768764 82.5013688143 718.570862422 
99 196.281568629 79.1773421263 724.541089245 
100 193.775621572 75.954830526 730.269547902 
