Time S I R
0  997 3 0
1 995.676497031 4.03112497366 0.292377995387 
2 993.901385914 5.41348156246 0.685132523678 
3 991.523455727 7.26417890418 1.21236536833 
4 988.343204366 9.73732775846 1.91946787594 
5 984.099172596 13.0341815642 2.86664583946 
6 978.451985868 17.4146818369 4.13333229494 
7 970.966723877 23.2096567628 5.82361935997 
8 961.095739947 30.8315877478 8.07267230555 
9 948.165989138 40.7801603772 11.0538504849 
10 931.377949812 53.6361803981 14.9858697895 
11 909.826962584 70.034390224 20.138647192 
12 882.561213171 90.6032176071 26.8355692214 
13 848.690758589 115.86032328 35.4489181307 
14 807.554523708 146.060910518 46.3845657744 
15 758.932598533 181.01498746 60.0524140075 
16 703.258262386 219.919975577 76.8217620371 
17 641.752974812 261.281273333 96.9657518552 
18 576.399172281 302.995279733 120.605547985 
19 509.709411309 342.6210839 147.669504791 
20 444.335531275 377.783249241 177.881219483 
21 382.64179723 406.575706873 210.782495897 
22 326.382622475 427.832122926 245.7852546 
23 276.567231385 441.194925773 282.237842842 
24 233.506221793 447.004683068 319.489095139 
25 196.972422752 446.089184167 356.938393081 
26 166.397079453 439.536083526 394.066837021 
27 141.044162683 428.505066525 430.450770792 
28 120.138220223 414.099762567 465.76201721 
29 102.943591169 397.296527359 499.759881471 
30 88.8045600447 378.916499829 532.278940126 
31 77.160072361 359.623920332 563.216007307 
32 67.5425152862 339.940065844 592.517418869 
33 59.5688592336 320.263276546 620.16786422 
34 52.9287785653 300.89021626 646.181005175 
35 47.3724740574 282.03573804 670.591787903 
36 42.6995429943 263.85012162 693.450335386 
37 38.7492578759 246.433555733 714.817186392 
38 35.3927398154 229.847680374 734.759579811 
39 32.5263463271 214.125015208 753.348638465 
40 30.0664991511 199.276254361 770.657246488 
41 27.9455562591 185.29596813 786.758475611 
42 26.1085480412 172.167023976 801.724427983 
43 24.5106059398 159.86399461 815.62539945 
44 23.1149395136 148.355756472 828.529304015 
45 21.8912377536 137.607482394 840.501279853 
46 20.8144115142 127.582141833 851.603446653 
47 19.8635944241 118.241635384 861.894770192 
48 19.021341992 109.547651617 871.431006391 
49 18.2730422212 101.462227674 880.264730105 
50 17.60634424 93.9483024195 888.445353341 
51 17.0107981987 86.969967064 896.019234737 
52 16.4775192622 80.4926964735 903.029784264 
53 15.9989102595 74.4835091197 909.517580621 
54 15.5684619079 68.9110283138 915.520509778 
55 15.180569395 63.7455344229 921.073896182 
56 14.8303869769 58.9589684234 926.2106446 
57 14.5137148082 54.5249056233 930.961379569 
58 14.226895718 50.4185261068 935.354578175 
59 13.9667332173 46.6165636659 939.416703117 
60 13.7304379786 43.0972273107 943.172334711 
61 13.5155479986 39.8401675662 946.644284435 
62 13.319900028 36.8263825131 949.853717459 
63 13.1415771334 34.0381620222 952.820260844 
64 12.978885868 31.4590037434 955.562110389 
65 12.8303173223 29.0735549804 958.096127697 
66 12.6945313266 26.8675343422 960.437934331 
67 12.5703288803 24.8276732778 962.601997842 
68 12.4566399615 22.9416462893 964.601713749 
69 12.3525034163 21.1980130534 966.44948353 
70 12.2570577501 19.5861574381 968.156784812 
71 12.1695264881 18.0962345772 969.734238935 
72 12.0892103549 16.7191168142 971.191672831 
73 12.015476579 15.4463451237 972.538178297 
74 11.9477570501 14.2700813624 973.782161587 
75 11.8855354793 13.1830656429 974.931398878 
76 11.8283411742 12.1785758307 975.993082995 
77 11.7757508074 11.2503889165 976.973860276 
78 11.7273768515 10.3927437069 977.879879442 
79 11.682867018 9.60030898383 978.716823998 
80 11.6419022527 8.86815304558 979.489944702 
81 11.6041892669 8.19171108869 980.204099644 
82 11.569461591 7.56676209757 980.863776311 
83 11.5374763078 6.98940265703 981.473121035 
84 11.5080100151 6.45602075324 982.035969232 
85 11.4808594678 5.96327878221 982.55586175 
86 11.4558383304 5.5080900019 983.036071668 
87 11.4327754754 5.08759956602 983.479624959 
88 11.4115147366 4.69917045734 983.889314806 
89 11.3919124229 4.34036340418 984.267724173 
90 11.3738367373 4.00892406457 984.617239198 
91 11.3571670452 3.70277035763 984.940062597 
92 11.3417922088 3.41997642806 985.238231363 
93 11.3276101034 3.15876255422 985.513627342 
94 11.3145269246 2.91748434427 985.767988731 
95 11.3024565312 2.69462290008 986.002920569 
96 11.2913196888 2.48877474596 986.219905565 
97 11.2810433808 2.29864240455 986.420314215 
98 11.2715604702 2.12302748808 986.605412042 
99 11.2628091318 1.96082254274 986.776368325 
100 11.2547324753 1.81100472949 986.934262795 
