Time S I R
0  997 3 0
1 995.672704868 4.03907702909 0.288218103258 
2 993.889010097 5.43484222547 0.676147677339 
3 991.494913016 7.30715954468 1.19792743883 
4 988.286841745 9.81407146046 1.8990867949 
5 983.997517951 13.1623516188 2.84013042982 
6 978.279424567 17.6195407545 4.10103467812 
7 970.686538537 23.526671841 5.78678962227 
8 960.656562475 31.3094871246 8.03395040066 
9 947.497957678 41.4841321326 11.0179101894 
10 930.38927752 54.6505205045 14.9602019756 
11 908.40229101 71.4633027417 20.1344062482 
12 880.563872619 92.5678157791 26.8683116015 
13 845.971684672 118.489394658 35.5389206695 
14 803.970243342 149.473467796 46.5562888617 
15 754.372521398 185.294848851 60.3326297504 
16 697.677164503 225.086762934 77.2360725629 
17 635.19906476 267.267219579 97.533715661 
18 569.025114245 309.639470148 121.335415607 
19 501.757899499 349.688053154 148.554047348 
20 436.10077569 385.002972471 178.896251839 
21 374.420220579 413.691020712 211.888758709 
22 318.428935391 434.63787643 246.933188179 
23 269.068560343 447.557647395 283.373792262 
24 226.575993185 452.862677799 320.561329016 
25 190.659295532 451.438930475 357.901773993 
26 160.700829299 444.413561573 394.885609127 
27 135.932626042 432.967768254 431.099605704 
28 115.561491644 418.21278655 466.225721806 
29 98.8443772255 401.123336281 500.032286494 
30 85.1248867559 382.513737864 532.36137538 
31 73.8451869689 363.039127815 563.115685216 
32 64.5428069672 343.2112971 592.245895933 
33 56.8405425254 323.419758265 619.739699209 
34 50.4338522877 303.953514121 645.612633591 
35 45.0783050763 285.021074857 669.900620066 
36 40.5782715822 266.76767042 692.654057998 
37 36.7771927137 249.289575969 713.933231317 
38 33.5497468808 232.645508135 733.804744984 
39 30.7953128834 216.865866151 752.338820966 
40 28.4328609283 201.959872673 769.607266398 
41 26.3968894035 187.921134577 785.681976019 
42 24.6342265751 174.731948432 800.633824993 
43 23.1015149647 162.366608216 814.53187682 
44 21.763235154 150.793929646 827.4428352 
45 20.59014994 139.979176929 839.430673131 
46 19.5580765421 129.885520717 850.556402741 
47 18.6469147131 120.475136234 860.877949053 
48 17.8398785968 111.710017278 870.450104125 
49 17.1229085656 103.552542927 879.324548507 
50 16.4841374117 95.9659813706 887.549881218 
51 15.913521149 88.9147610515 895.1717178 
52 15.4025309247 82.3646693831 902.232799692 
53 14.9438767991 76.2830179304 908.77310527 
54 14.5313133364 70.6387043069 914.829982357 
55 14.1594691618 65.4022510561 920.438279782 
56 13.8237005939 60.5458173412 925.630482065 
57 13.5199842404 56.0431713197 930.43684444 
58 13.2448192263 51.8696578375 934.885522936 
59 12.9951467269 48.0021508346 939.002702438 
60 12.7682995982 44.4189754505 942.812724951 
61 12.56192159 41.0998801772 946.338198233 
62 12.3739457719 38.0259371815 949.600117047 
63 12.202539641 35.1794939029 952.617966456 
64 12.0460856014 32.5440880247 955.409826374 
65 11.9031420716 30.1043925425 957.992465386 
66 11.772429304 27.846138119 960.381432577 
67 11.6528024662 25.7560566802 962.591140854 
68 11.5432399518 23.8218126771 964.634947371 
69 11.4428243506 22.0319466249 966.525229025 
70 11.3507332326 20.3758156334 968.273451134 
71 11.2662256068 18.8435413013 969.890233092 
72 11.1886335833 17.4259569485 971.385409468 
73 11.117353595 16.1145596607 972.768086744 
74 11.0518440311 14.9014634064 974.046692562 
75 10.9916106516 13.7793578119 975.229031537 
76 10.9362048274 12.7414676873 976.322327485 
77 10.8852224492 11.7815150428 977.333262508 
78 10.8382927253 10.8936824153 978.268024859 
79 10.7950796233 10.0725819889 979.132338388 
80 10.7552781076 9.3132245323 979.93149736 
81 10.7186076192 8.61098793545 980.670404445 
82 10.6848136685 7.96159460661 981.353591725 
83 10.6536635971 7.36108421939 981.985252183 
84 10.6249437195 6.80578953062 982.56926675 
85 10.5984595743 6.29231861725 983.109221808 
86 10.5740324718 5.81753077592 983.608436752 
87 10.5514985555 5.37851950771 984.069981937 
88 10.5307081243 4.9725971245 984.496694751 
89 10.5115232343 4.59727482195 984.891201944 
90 10.4938174781 4.25025098622 985.255931536 
91 10.4774749871 3.92939734574 985.593127667 
92 10.4623889029 3.63274335832 985.904867739 
93 10.4484611091 3.35846694277 986.193071948 
94 10.435601358 3.10488257769 986.459516064 
95 10.4237266824 2.87043166851 986.705841649 
96 10.4127607657 2.65367299525 986.933566239 
97 10.4026332027 2.45327273808 987.144094059 
98 10.3932792456 2.2679980236 987.338722731 
99 10.3846392004 2.09670826041 987.518652539 
100 10.3766580916 1.93834892991 987.684992978 
