Time S I R
0  997 3 0
1 994.776859525 4.91794424825 0.305196226716 
2 991.146145062 8.04875885624 0.805096081618 
3 985.240594275 13.1372708965 1.62213482828 
4 975.69774879 21.3494464424 2.95280476752 
5 960.439677557 34.4526266124 5.10769583078 
6 936.451092265 54.9831051278 8.5658026071 
7 899.716090228 86.2469570792 14.0369526923 
8 845.663011795 131.82928378 22.5077044243 
9 770.604765569 194.180352984 35.2148814474 
10 674.298181087 272.234830249 53.4669886645 
11 562.397747127 359.326155026 78.276097847 
12 446.197374163 443.883484434 109.919141403 
13 338.447184397 513.845835655 147.706979948 
14 248.110586036 561.732788095 190.156625869 
15 178.143556855 586.407737912 235.448705233 
16 126.853860256 591.274714101 281.871425643 
17 90.4827625777 581.452301352 328.06493607 
18 65.1027722439 561.825834476 373.07139328 
19 47.4620640146 536.258770082 416.279165903 
20 35.1499603554 507.513628949 457.336410696 
21 26.4776773791 477.45088277 496.071439851 
22 20.2946896736 447.273789072 532.431521254 
23 15.8254907365 417.734844378 566.439664886 
24 12.5481840065 389.286439961 598.165376033 
25 10.1099111172 362.184562192 627.705526691 
26 8.26993081213 336.558315124 655.171754064 
27 6.86226458952 312.455335933 680.682399478 
28 5.77116736865 289.87146837 704.357364262 
29 4.91493599408 268.77021096 726.314853046 
30 4.23508709368 249.095564669 746.669348237 
31 3.68935521471 230.780187199 765.530457587 
32 3.24676913824 213.751001942 783.00222892 
33 2.88438588956 197.932753414 799.182860696 
34 2.58503759754 183.2503313 814.164631102 
35 2.33567728193 169.630365181 828.033957537 
36 2.1263521578 157.002053205 840.871594637 
37 1.94937530129 145.29777188 852.752852818 
38 1.79874941536 134.453393634 863.74785695 
39 1.66975730081 124.408413893 873.921828806 
40 1.55865910725 115.105963019 883.335377873 
41 1.46247084831 106.49274101 892.044788141 
42 1.37878953448 98.5189030463 900.102307419 
43 1.305621683 91.1380550404 907.556323277 
44 1.24138191231 84.3068293351 914.451788753 
45 1.18478683601 77.9849240484 920.830289116 
46 1.13473719065 72.1348710109 926.730391798 
47 1.09032439295 66.7218340922 932.187841515 
48 1.05079838069 61.713525026 937.235676593 
49 1.01551616462 57.079924437 941.904559398 
50 0.983936732666 52.7931910663 946.222872201 
51 0.955607120415 48.8275762829 950.216816597 
52 0.930136201358 45.1591707792 953.910693019 
53 0.907183191031 41.7657876931 957.327029116 
54 0.886460339247 38.6269108514 960.486628809 
55 0.867715038336 35.7235178116 963.40876715 
56 0.850731599886 33.0380186547 966.111249745 
57 0.835321036054 30.5541178427 968.610561121 
58 0.821317567699 28.2567246991 970.921957733 
59 0.80857614766 26.1318741737 973.059549679 
60 0.796968892111 24.1666392933 975.036391815 
61 0.786382893966 22.3490560838 976.864561022 
62 0.77671838088 20.6680554421 978.555226177 
63 0.767886368532 19.1133882815 980.11872535 
64 0.759807718493 17.6755745573 981.564617724 
65 0.752412705787 16.3458506812 982.901736613 
66 0.74563808645 15.1160999896 984.138261924 
67 0.739427537862 13.9788161507 985.281756311 
68 0.733730337932 12.9270536886 986.339215974 
69 0.728500888516 11.9543878969 987.317111215 
70 0.723698099641 11.0548757711 988.221426129 
71 0.719284892149 10.2230207626 989.057694345 
72 0.715227731514 9.45373823202 989.831034036 
73 0.711496245598 8.74232465019 990.546179104 
74 0.708062895339 8.08442965784 991.207507447 
75 0.704902665335 7.47602965988 991.819067675 
76 0.701992792482 6.9134025807 992.384604627 
77 0.699312551962 6.3931058733 992.907581575 
78 0.69684317003 5.91195849735 993.391198333 
79 0.694567411236 5.46701541111 993.838417178 
80 0.692469520087 5.05555244028 994.25197804 
81 0.690535190398 4.67505279946 994.63441201 
82 0.688751251829 4.32318615522 994.988062593 
83 0.687105668138 3.99779811399 995.315096218 
84 0.685587462439 3.69689805241 995.617514485 
85 0.684186506044 3.41864235607 995.897171138 
86 0.682893537223 3.16132741692 996.155779046 
87 0.681700078007 2.9233788269 996.394921095 
88 0.680598298889 2.70333817167 996.616063529 
89 0.679581032614 2.49985815725 996.82056081 
90 0.678641697888 2.31169318973 997.009665112 
91 0.677774216913 2.13768989606 997.184535887 
92 0.676973019149 1.97678303469 997.346243946 
93 0.67623297658 1.82798738234 997.495779641 
94 0.675549354193 1.69039079138 997.634059854 
95 0.674917806206 1.56315093115 997.761931263 
96 0.674334323978 1.4454883852 997.880177291 
97 0.673795208359 1.33668193455 997.989522857 
98 0.673297059061 1.23606547357 998.090637467 
99 0.672836735294 1.14302243966 998.184140825 
100 0.672411340082 1.05698261882 998.270606041 
