Time S I R
0  997 3 0
1 992.556946913 7.08573845038 0.357314636529 
2 982.175401936 16.6261153753 1.19848268833 
3 958.419946043 38.4228386542 3.15721530295 
4 906.566178868 85.8267930621 7.6070280696 
5 804.152096089 178.650727586 17.1971763251 
6 636.531515852 327.570741344 35.8977428041 
7 430.973323895 501.929492978 67.0971831271 
8 250.987879888 638.663239796 110.348880316 
9 132.773235351 705.936323972 161.290440676 
10 67.8282005708 717.14747358 215.024325849 
11 34.8581840672 696.861725814 268.280090119 
12 18.4004742892 662.206149278 319.393376432 
13 10.0641289131 622.27008059 367.665790497 
14 5.71874438312 581.396812065 412.884443552 
15 3.37544278443 541.561512715 455.063044501 
16 2.06656046576 503.617153985 494.316285549 
17 1.30981347374 467.889503656 530.80068287 
18 0.857569912566 434.455713134 564.686716954 
19 0.578767915508 403.275504484 596.1457276 
20 0.401795431467 374.25448903 625.343715538 
21 0.28638984706 347.275021413 652.438588739 
22 0.209161890445 322.211791578 677.579046531 
23 0.156269416066 298.939378163 700.904352421 
24 0.119232520219 277.336299488 722.544467992 
25 0.0927756221211 257.286789344 742.620435034 
26 0.073521987396 238.681625554 761.244852459 
27 0.0592160764868 221.418420925 778.522362999 
28 0.0484538364196 205.401407118 794.550139045 
29 0.0402332936817 190.541337883 809.418428823 
30 0.0338599267345 176.755136326 823.211003748 
31 0.028852258228 163.965533447 836.005614294 
32 0.024872034627 152.100714255 847.87441371 
33 0.0216733237656 141.093984156 858.88434252 
34 0.0190750944255 130.883400174 869.097524731 
35 0.0169441471901 121.411458182 878.57159767 
36 0.0151809656035 112.624790129 887.360028905 
37 0.0137096843707 104.473854831 895.512435485 
38 0.012472975186 96.9127018579 903.074825167 
39 0.011425999621 89.8986779854 910.089896015 
40 0.0105350021232 83.3922820202 916.597182978 
41 0.00977118682999 77.3567354296 922.633493384 
42 0.00911080085734 71.7579211683 928.232968031 
43 0.00853816236713 66.5642888216 933.427173016 
44 0.00803918704423 61.7465254188 938.245435394 
45 0.00760245115941 57.2774360231 942.714961526 
46 0.00721860145154 53.1317943558 946.860987043 
47 0.00687983084356 49.286186863 950.706933306 
48 0.00657979831271 45.7189066565 954.274513545 
49 0.00631320668253 42.4098128677 957.583873926 
50 0.00607574390472 39.3402464063 960.65367785 
51 0.00586355293865 36.4928624497 963.501273997 
52 0.00567318805793 33.8515305953 966.142796217 
53 0.00550172828389 31.4013152698 968.593183002 
54 0.00534704658855 29.1284182608 970.866234693 
55 0.0052079632203 27.0200943584 972.974697678 
56 0.00508256453895 25.0644146064 974.930502829 
57 0.00496859555346 23.250241743 976.744789661 
58 0.00486508003974 21.5673660866 978.427768833 
59 0.00477112000294 20.0063115558 979.988917324 
60 0.00468554687279 18.5582425318 981.437071921 
61 0.00460752165134 17.2149829471 982.780409531 
62 0.0045363105296 15.9689473849 984.026516305 
63 0.00447123812648 14.8131003868 985.182428375 
64 0.00441171080661 13.7409145585 986.254673731 
65 0.00435720059863 12.7463333215 987.249309478 
66 0.00430723831425 11.8237404254 988.171952336 
67 0.00426140556249 10.9679268758 989.027811719 
68 0.00421932598488 10.1740567696 989.821723904 
69 0.00418066382224 9.43764780215 990.558171534 
70 0.00414511668475 8.75454010517 991.241314778 
71 0.00411241285099 8.12087660966 991.875010977 
72 0.00408230678431 7.53307790813 992.462839785 
73 0.0040545769341 6.98782484014 993.008120583 
74 0.00402902258327 6.48203749654 993.513933481 
75 0.00400546189917 6.01285961295 993.983134925 
76 0.00398372975928 5.57764127934 994.418374991 
77 0.00396367600649 5.17392441679 994.822111907 
78 0.00394516404606 4.79942906537 995.196625771 
79 0.00392806922957 4.45203979689 995.544032134 
80 0.00391227799253 4.12979504736 995.866292675 
81 0.00389768634284 3.83087386386 996.16522845 
82 0.00388419924275 3.5535879125 996.442527888 
83 0.00387173033437 3.29637351199 996.699754758 
84 0.00386019972461 3.05777680364 996.938362997 
85 0.00384953445177 2.83645024635 997.159700219 
86 0.00383966755953 2.63114383988 997.365016493 
87 0.00383053743883 2.44069764629 997.555471816 
88 0.0038220876047 2.26403624448 997.732141668 
89 0.00381426602723 2.10016167863 997.896024055 
90 0.00380702491657 1.94814874049 998.048044235 
91 0.00380032021633 1.80713874775 998.189060932 
92 0.00379411137158 1.67633526449 998.319870624 
93 0.00378836100219 1.55499948671 998.441212152 
94 0.00378303463947 1.44244612101 998.553770844 
95 0.00377810049895 1.33803950634 998.658182393 
96 0.00377352920839 1.24118964597 998.755036825 
97 0.00376929373022 1.15134987732 998.844880829 
98 0.00376536912916 1.06801335594 998.928221275 
99 0.00376173223287 0.990708741574 999.005529526 
100 0.00375836171122 0.918999489522 999.077242149 
