Time S I R
0.0  10000 1 0
1 9995.53007587 4.81186020515 0.65806392456 
2 9974.07082385 23.1077695445 3.82140660238 
3 9872.14322609 109.916510804 18.9402631075 
4 9411.47143308 500.250813135 89.2777537898 
5 7717.61920142 1902.04879082 381.332007762 
6 4309.64664938 4452.43276668 1238.92058394 
7 1633.96778094 5700.62237866 2666.4098404 
8 587.128205748 5240.96184503 4172.90994922 
9 243.607943385 4289.7018427 5467.69021392 
10 120.462028599 3376.31646395 6504.22150745 
11 69.5190327116 2618.12045414 7313.36051314 
12 45.4593515534 2016.95854062 7938.58210783 
13 32.7905638311 1548.79681884 8419.41261733 
14 25.5216840804 1187.18640785 8788.29190807 
15 21.0635533415 909.045177327 9070.89126933 
16 18.1847621898 695.60744517 9287.20779264 
17 16.2509603939 532.051286756 9452.69775285 
18 14.9120284294 406.830576064 9579.25739551 
19 13.963232092 311.016333572 9676.02043434 
20 13.2788767955 237.732344303 9749.9887789 
21 12.7785072064 181.69644948 9806.52504331 
22 12.4088393643 138.857720517 9849.73344012 
23 12.1335617744 106.112869492 9882.75356873 
24 11.9273264278 81.0862066931 9907.98646688 
25 11.7720994353 61.9600117446 9927.26788882 
26 11.6548510667 47.344032315 9942.00111662 
27 11.5660491486 36.1751848826 9953.25876597 
28 11.4986530464 27.6407651497 9961.8605818 
29 11.4474220585 21.1195524463 9968.4330255 
30 11.4084318445 16.136735843 9973.45483231 
31 11.3787303644 12.3294579865 9977.29181165 
32 11.3560887814 9.42041887761 9980.22349234 
33 11.3388196876 7.19771748431 9982.46346283 
34 11.3256428765 5.49943714317 9984.17491998 
35 11.3155854203 4.20185161631 9985.48256296 
36 11.3079070336 3.21042459056 9986.48166838 
37 11.3020438802 2.45292211755 9987.245034 
38 11.2975661887 1.8741506492 9987.82828316 
39 11.294146197 1.43193835158 9988.27391545 
40 11.29153387 1.09406789139 9988.61439824 
41 11.2895383378 0.835918711502 9988.87454295 
42 11.288013897 0.638680623411 9989.07330548 
43 11.2868492893 0.487981051949 9989.22516966 
44 11.2859595565 0.372839593691 9989.34120085 
45 11.2852798093 0.284866469643 9989.42985372 
46 11.2847604783 0.217650867926 9989.49758865 
47 11.2843637029 0.16629520114 9989.5493411 
48 11.2840605575 0.127057071523 9989.58888237 
49 11.2838289461 0.0970773650099 9989.61909369 
50 11.2836519879 0.0741715260101 9989.64217649 
51 11.2835167855 0.0566703974672 9989.65981282 
52 11.2834134859 0.0432987562939 9989.67328776 
53 11.283334561 0.0330822097936 9989.68358323 
54 11.2832742591 0.025276303653 9989.69144944 
55 11.283228186 0.0193122405774 9989.69745957 
56 11.2831929841 0.0147554236381 9989.70205159 
57 11.2831660884 0.0112738110862 9989.7055601 
58 11.2831455389 0.00861370077576 9989.70824076 
59 11.2831298379 0.00658122785656 9989.71028893 
60 11.2831178421 0.00502838118844 9989.71185378 
61 11.2831086771 0.00384196993917 9989.71304935 
62 11.2831016743 0.00293546638466 9989.71396286 
63 11.2830963237 0.00224282812539 9989.71466085 
64 11.2830922356 0.00171363033034 9989.71519413 
65 11.2830891121 0.00130929650679 9989.71560159 
66 11.2830867259 0.00100039379334 9989.71591288 
67 11.2830849023 0.000764337100551 9989.71615076 
68 11.283083509 0.000583970604077 9989.71633252 
69 11.2830824445 0.000446173130439 9989.71647138 
70 11.2830816312 0.000340899456605 9989.71657747 
