Time S I R
0  997 3 0
1 992.572195197 7.12351051372 0.304294289644 
2 982.170917306 16.8046027038 1.02447999058 
3 958.244440126 39.0450296098 2.71053026384 
4 905.761600458 87.677084321 6.56131522086 
5 801.733048978 183.365075182 14.90187584 
6 631.384812308 337.383622576 31.2315651162 
7 423.41965372 518.033335241 58.5470110395 
8 243.097542842 660.41970865 96.4827485079 
9 126.246521889 732.476109049 141.277369062 
10 63.0563806764 748.206600506 188.737018818 
11 31.549841103 732.373084489 236.077074408 
12 16.1453999174 701.97766691 281.876933173 
13 8.52637332353 665.947624362 325.526002314 
14 4.66077067338 628.521966741 366.817262586 
15 2.63787748934 591.630721758 405.731400753 
16 1.54435780896 556.122284575 442.333357616 
17 0.933899416466 522.341967592 476.724132991 
18 0.582334513368 490.399371726 509.01829376 
19 0.373769195534 460.292809543 539.333421262 
20 0.246523293103 431.968367526 567.785109181 
21 0.166839944039 405.34850239 594.484657666 
22 0.115616918932 380.346326888 619.538056193 
23 0.0819656476742 356.872370492 643.04566386 
24 0.0593576060444 334.838497977 665.102144417 
25 0.0438268970568 314.159534922 685.796638181 
26 0.0329882875918 294.754050679 705.212961033 
27 0.0252758536192 276.544857885 723.429866261 
28 0.0196839366447 259.458997449 740.521318615 
29 0.015565406881 243.427639606 756.556794987 
30 0.0124918942166 228.386122311 771.601385794 
31 0.0101625035689 214.273506484 785.716331013 
32 0.00837344382626 201.032569538 798.959057018 
33 0.00698155883902 188.60955242 811.383466021 
34 0.00588535591487 176.953973715 823.040140929 
35 0.00501273239388 166.0184398 833.976547467 
36 0.00431410050032 155.758680737 844.237005162 
37 0.00374753413337 146.132885139 853.863367327 
38 0.00328350154382 137.101884141 862.894832358 
39 0.00290061583269 128.628955658 871.368143726 
40 0.00258204403008 120.679611242 879.317806714 
41 0.002315103044 113.221465028 886.776219869 
42 0.00209024267554 106.224205834 893.773703923 
43 0.00189966039443 99.6594589386 900.338641401 
44 0.00173899827655 93.5005235865 906.497737415 
45 0.00160064866657 87.7221931708 912.276206181 
46 0.0014773456769 82.3007886644 917.69773399 
47 0.00136990473527 77.2144103462 922.784219749 
48 0.00127799600932 72.4424476155 927.556274389 
49 0.00119755331559 67.9653997062 932.03340274 
50 0.00112614706052 63.7650158283 936.233858025 
51 0.00106298668152 59.8242173885 940.174719625 
52 0.00100698153574 56.1269644036 943.872028615 
53 0.000957152277579 52.6582073258 947.340835522 
54 0.000912692150223 49.4038270454 950.595260262 
55 0.000872839959356 46.3505704129 953.648556747 
56 0.000837015087541 43.4860097054 956.51315328 
57 0.000804746633889 40.7984831952 959.200712058 
58 0.000775608514004 38.2770547886 961.722169603 
59 0.000749231473492 35.9114535026 964.087797266 
60 0.000725302576598 33.6920493981 966.307225299 
61 0.000703550101889 31.6098104455 968.389486004 
62 0.000683730994865 29.656254458 970.343061811 
63 0.000665645966592 27.8234350745 972.17589928 
64 0.000649112713177 26.1038850292 973.895465858 
65 0.000633975448636 24.4906081999 975.508757825 
66 0.000620094720148 22.9770348208 977.022345084 
67 0.000607347761502 21.5570024637 978.442390189 
68 0.000595627418875 20.2247327076 979.774671665 
69 0.000584836499229 18.974797856 981.024617308 
70 0.000574890670919 17.8021134937 982.197311616 
71 0.000565713058904 16.7019020842 983.297532203 
72 0.000557235781116 15.6696860476 984.329756717 
73 0.000549397920395 14.7012634233 985.298187179 
74 0.000542144449355 13.7926895381 986.206768317 
75 0.000535425493467 12.9402645069 987.059200068 
76 0.000529197493734 12.1405216896 987.858949113 
77 0.000523421042999 11.390208207 988.609268372 
78 0.000518058611988 10.6862651418 989.3132168 
79 0.000513077766982 10.025828296 989.973658626 
80 0.000508448453843 9.4062084262 990.593283125 
81 0.000504143165813 8.82488208637 991.17461377 
82 0.000500137185099 8.27948322966 991.720016633 
83 0.000496407711921 7.76779092037 992.231712672 
84 0.000492934006843 7.28772230176 992.711784764 
85 0.000489697128728 6.83732355065 993.162186752 
86 0.000486679603114 6.41476044125 993.584752879 
87 0.000483865484284 6.01831275301 993.981203382 
88 0.000481240089243 5.6463663959 994.353152364 
89 0.000478789888462 5.29740701298 994.702114197 
90 0.000476502470406 4.97001429169 995.029509206 
91 0.000474366315075 4.66285466836 995.336670965 
92 0.000472370835837 4.37467760544 995.624850024 
93 0.000470506335091 4.10431097365 995.89521852 
94 0.000468763818162 3.8506546136 996.148876623 
95 0.000467134833798 3.61267447987 996.386858385 
96 0.000465611658001 3.38940193311 996.610132455 
97 0.000464187166244 3.17992874169 996.819607071 
98 0.0004628546709 2.98340137955 997.016135766 
99 0.000461607986608 2.79901947166 997.20051892 
100 0.00046044140845 2.6260328989 997.37350666 
