Time S I R
0.0  10000 1 0
1 9998.34826676 1.80846807996 0.84326516309 
2 9995.3622621 3.26966368317 2.36807421777 
3 9989.96722583 5.90855870869 5.1242154581 
4 9980.22968928 10.6677479044 10.1025628109 
5 9962.68691096 19.2294526645 19.0836363757 
6 9931.18799683 34.5626470825 35.2493560908 
7 9874.96783029 61.8019289169 64.2302407934 
8 9775.68690277 109.49932329 115.813773939 
9 9603.60563431 190.918500585 206.475865105 
10 9314.72272991 323.885178719 362.392091375 
11 8854.6004187 525.397436215 621.002145089 
12 8178.87344868 795.883344687 1026.24320664 
13 7293.38151337 1096.41843678 1611.20004986 
14 6285.14701391 1345.15206833 2370.70091776 
15 5295.08020839 1460.17933873 3245.74045288 
16 4442.27828447 1416.50439006 4142.21732547 
17 3776.08360894 1253.25366279 4971.66272827 
18 3286.99889171 1034.22310625 5679.77800204 
19 2939.97920801 811.673768734 6249.34702325 
20 2697.69240508 614.907795869 6688.39979905 
21 2529.56180208 454.533555404 7016.90464252 
22 2413.03677069 330.31035704 7257.65287227 
23 2332.21356209 237.21851931 7431.5679186 
24 2276.07325426 168.971893456 7555.95485228 
25 2237.02116043 119.67551571 7644.30332386 
26 2209.82206055 84.4254794987 7706.75245996 
27 2190.85969384 59.3938493948 7750.74645676 
28 2177.62984966 41.7034793736 7781.66667097 
29 2168.39447097 29.242789647 7803.36273938 
30 2161.94495451 20.4860077564 7818.56903773 
31 2157.43965465 14.3420381834 7829.21830717 
32 2154.29185133 10.036108683 7836.67203998 
33 2152.09220015 7.02070382197 7841.88709603 
34 2150.55495606 4.91019643887 7845.5348475 
35 2149.48056168 3.43359452341 7848.08584379 
36 2148.72962174 2.40077695577 7849.8696013 
37 2148.20473837 1.67849981044 7851.11676182 
38 2147.83785317 1.17345840993 7851.98868842 
39 2147.58140142 0.820347398527 7852.59825118 
40 2147.40214039 0.573477820202 7853.02438179 
41 2147.27683493 0.400892107389 7853.32227296 
42 2147.18924451 0.28024174605 7853.53051374 
43 2147.12801725 0.195899953444 7853.6760828 
44 2147.08521815 0.136940858988 7853.77784099 
45 2147.05530068 0.0957260091345 7853.84897331 
46 2147.03438766 0.0669152660397 7853.89869707 
47 2147.01976902 0.0467756549321 7853.93345533 
48 2147.00955024 0.0326974457653 7853.95775232 
49 2147.00240706 0.0228563689981 7853.97473657 
50 2146.99741382 0.0159771958348 7853.98660899 
51 2146.99392341 0.0111684618052 7853.99490813 
52 2146.99148354 0.00780703519377 7854.00070943 
53 2146.989778 0.00545730441787 7854.0047647 
54 2146.98858585 0.00381487472426 7854.00759927 
55 2146.98775247 0.00266671454165 7854.00958082 
56 2146.9871699 0.00186410375316 7854.010966 
57 2146.98676267 0.00130305796128 7854.01193427 
58 2146.98647802 0.000910892143257 7854.01261109 
59 2146.98627901 0.000636718146152 7854.01308427 
60 2146.98613991 0.000445070802144 7854.01341502 
61 2146.98604267 0.00031111262127 7854.01364621 
62 2146.9859747 0.000217464431585 7854.01380784 
63 2146.98592719 0.000152014961344 7854.01392079 
64 2146.98589399 0.000106268440347 7854.01399974 
65 2146.98587073 7.42198257115e-05 7854.01405505 
66 2146.9858545 5.18649050866e-05 7854.01409363 
67 2146.98584319 3.62839356797e-05 7854.01412052 
68 2146.98583527 2.53678697483e-05 7854.01413936 
69 2146.98582974 1.77516435994e-05 7854.01415251 
70 2146.98582588 1.24294747606e-05 7854.01416169 
