Time S I R
0.0  10000 1 0
1 9998.7686544 1.28160682818 0.949738773283 
2 9997.19089482 1.64226703359 2.16683814804 
3 9995.16969419 2.10401278347 3.72629302728 
4 9992.58112431 2.69491410289 5.72396159045 
5 9989.26707433 3.45066760639 8.28225806357 
6 9985.02609009 4.41656499884 11.5573449155 
7 9979.60207361 5.64987517142 15.7480512155 
8 9972.67000178 7.22276857711 21.1072296436 
9 9963.81886876 9.22568120236 27.9554500401 
10 9952.53082903 11.7712067571 36.6979642103 
11 9938.15674811 14.9982907749 47.8449611113 
12 9919.88817843 19.0764252154 62.0353963541 
13 9896.72668802 24.2091995903 80.0641123876 
14 9867.45257726 30.636118816 102.911303928 
15 9830.59685574 38.6309467213 131.772197536 
16 9784.42294145 48.4940215392 168.083037013 
17 9726.92801668 60.5350679399 213.536915385 
18 9655.87776725 75.0423793206 270.07985343 
19 9568.8917735 92.2343049555 339.873921549 
20 9463.59763206 112.190877408 425.211490528 
21 9337.86716427 134.768210784 528.364624944 
22 9190.13397129 159.506878163 651.359150548 
23 9019.76592131 185.55699736 795.67708133 
24 8827.43235783 211.653068756 961.914573418 
25 8615.37372323 236.174054194 1149.45222257 
26 8387.47102656 257.309467495 1356.21950594 
27 8149.04166574 273.318653417 1578.63968084 
28 7906.35852099 282.828378669 1811.81310034 
29 7665.98197928 285.082474676 2049.93554605 
30 7434.04995142 280.071181118 2286.87886747 
31 7215.69003431 268.497492801 2516.81247289 
32 7014.65871504 251.605183127 2734.73610184 
33 6833.23798931 230.931111745 2936.83089895 
34 6672.34625163 208.055543688 3120.59820468 
35 6531.78421343 184.406654055 3284.80913252 
36 6410.53488647 161.142807228 3429.3223063 
37 6307.05456656 139.109725571 3554.83570787 
38 6219.51946982 118.853321698 3662.62720848 
39 6146.01374945 100.665032329 3754.32121822 
40 6084.66021861 84.640058304 3831.69972309 
41 6033.7025529 70.7349141838 3896.56253292 
42 5991.55007464 58.817159411 3950.63276594 
43 5956.79620017 48.7043307965 3995.49946903 
44 5928.21932431 40.1923640729 4032.58831161 
45 5904.77301279 33.0748352391 4063.15215197 
46 5885.57042527 27.1550259494 4088.27454878 
47 5869.86626473 22.2527182709 4108.881017 
48 5857.03829224 18.2072986934 4125.75440907 
49 5846.56983806 14.8785673214 4139.55159462 
50 5838.03355589 12.145926547 4150.82051756 
51 5831.07721971 9.9068683293 4160.01591196 
52 5825.41133576 8.07506224414 4167.513602 
53 5820.79843753 6.57830399456 4173.62325848 
54 5817.04411681 5.35655551616 4178.59932767 
55 5813.98941449 4.36010997119 4182.65047553 
56 5811.50451415 3.54796389583 4185.94752196 
57 5809.48350147 2.88639132422 4188.63010721 
58 5807.84002046 2.34771374537 4190.81226579 
59 5806.5037048 1.90925957495 4192.58703563 
60 5805.41725173 1.55248697473 4194.0302613 
61 5804.53401496 1.26224814014 4195.2037369 
62 5803.8160304 1.02618091318 4196.15778869 
63 5803.2324103 0.834204600374 4196.9333851 
64 5802.75802974 0.678104118176 4197.56386614 
65 5802.37245485 0.551188188808 4198.07635697 
66 5802.05907017 0.448009303268 4198.49292052 
67 5801.80436581 0.364133750615 4198.83150044 
68 5801.5973576 0.295953850774 4199.10668855 
69 5801.42911642 0.240534963861 4199.33034861 
70 5801.29238396 0.195490316018 4199.51212572 
