Time S I R
0  997 3 0
1 995.115494689 4.7936768478 0.0908284632936 
2 992.113425461 7.65069792198 0.235876616549 
3 987.345389155 12.1874569436 0.467153901124 
4 979.808490402 19.3564843086 0.835025289453 
5 967.98400685 30.598080183 1.41791296734 
6 949.649699727 48.0143662268 2.33593404636 
7 921.733372271 74.4982812647 3.76834646445 
8 880.380551127 113.647471832 5.9719770408 
9 821.552021932 169.155850394 9.29212767376 
10 742.495940587 243.354646525 14.1494128886 
11 643.995139656 335.022732571 20.9821277736 
12 532.165295451 437.69576141 30.1389431388 
13 417.774121378 540.468417935 41.7574606869 
14 312.474295927 631.825908962 55.6997951108 
15 224.41029394 703.997261458 71.5924446023 
16 156.344851939 754.712459365 88.9426886955 
17 106.754329465 785.986599506 107.259071029 
18 72.0626701939 801.811562825 126.125766981 
19 48.4081760041 806.365321087 145.226502909 
20 32.5117658621 803.151158735 164.337075403 
21 21.89981883 794.794205055 183.305976115 
22 14.8257141277 783.139849724 202.034436148 
23 10.100199408 769.439753294 220.460047298 
24 6.92992297358 754.525273871 238.544803156 
25 4.79086518605 738.942307151 256.266827663 
26 3.33798116539 723.047239376 273.614779458 
27 2.3441040416 707.071700033 290.584195926 
28 1.65917536644 691.165746754 307.175077879 
29 1.18359913152 675.426091571 323.390309297 
30 0.850892786176 659.914481622 339.234625592 
31 0.616377552343 644.669687681 354.713934767 
32 0.449838125529 629.715289419 369.834872455 
33 0.330715868552 615.06477679 384.604507341 
34 0.244879547108 600.724979122 399.030141331 
35 0.182553703803 586.698264955 413.119181341 
36 0.137046064764 572.983894871 426.879059065 
37 0.103588288242 559.57925398 440.317157732 
38 0.0788075364601 546.480411711 453.440780753 
39 0.0603209406999 533.682550032 466.257129027 
40 0.0464729393165 521.180242289 478.773284772 
41 0.0360353039671 508.967770391 490.996194305 
42 0.0281164616963 497.039218966 502.932664573 
43 0.0220598475109 485.388579225 514.589360927 
44 0.0174002478908 474.009792515 525.972807237 
45 0.0138055622949 462.896809954 537.089384483 
46 0.0110153000223 452.043663564 547.945321136 
47 0.00884331709369 441.444473491 558.546683192 
48 0.00713572535801 431.093378214 568.899486061 
49 0.00579305832446 420.984717777 579.009489164 
50 0.00471558231345 411.112831928 588.88245249 
51 0.00385562704741 401.472277524 598.523866849 
52 0.00316855435551 392.057658628 607.939172818 
53 0.00261119061236 382.863642938 617.133745871 
54 0.00216394339054 373.885150965 626.112685092 
55 0.00179628791898 365.117114267 634.881089445 
56 0.00148999653243 356.554616122 643.443893882 
57 0.00123818281736 348.192862557 651.80589926 
58 0.00103817236732 340.027181636 659.971780192 
59 0.00087076403895 332.052926655 667.946202581 
60 0.000734232358582 324.265634853 675.733630915 
61 0.000633940402508 316.660978944 683.338387115 
62 0.000561817483231 309.234674008 690.764764175 
63 0.000503526836837 301.982509947 698.016986526 
64 0.000452758963888 294.900416236 705.099131005 
65 0.000404169470698 287.984421135 712.015174696 
66 0.000357800227675 281.230613909 718.769028291 
67 0.0003138020802 274.635189928 725.36449627 
68 0.00027319855576 268.194444139 731.805282663 
69 0.000237033877283 261.904753211 738.095009756 
70 0.000204089849831 255.762553241 744.237242669 
71 0.000176526598807 249.764394843 750.23542863 
72 0.000156143626441 243.906907247 756.092936609 
73 0.000141729782285 238.186784619 761.813073651 
74 0.000131872755674 232.600803353 767.399064774 
75 0.000125116837125 227.145822392 772.854052491 
76 0.000118789529893 221.818775024 778.181106187 
77 0.000109966110585 216.616665806 783.383224228 
78 0.000101663328451 211.536567034 788.463331302 
79 9.41657494877e-05 206.575616512 793.424289322 
80 8.68956105933e-05 201.731014395 798.268898709 
81 7.89993239323e-05 197.000020155 802.999900846 
82 7.01399319496e-05 192.379963195 807.619966666 
83 6.15090248175e-05 187.868256924 812.131681567 
84 5.34916422339e-05 183.462360242 816.537586266 
85 4.65816387987e-05 179.159790094 820.840163324 
86 4.14192984408e-05 174.958120306 825.041838275 
87 3.79280645575e-05 170.854985481 829.144976591 
88 3.55765417908e-05 166.84807762 833.151886803 
89 3.40323888395e-05 162.935140209 837.064825759 
90 3.27331924836e-05 159.113969307 840.88599796 
91 3.09344068228e-05 155.38241226 844.617556805 
92 2.89602825205e-05 151.738368641 848.261602399 
93 2.69946581284e-05 148.17978664 851.820186365 
94 2.50246813494e-05 144.704661594 855.295313382 
95 2.31107885611e-05 141.311035109 858.68894178 
96 2.13804210034e-05 137.996982651 862.002995968 
97 1.96249570763e-05 134.760672798 865.239307577 
98 1.79680893098e-05 131.600255674 868.399726358 
99 1.64921511896e-05 128.513955038 871.48602847 
100 1.53295559358e-05 125.50003327 874.4999514 
