Time S I R
0  997 3 0
1 995.754720133 4.18166926814 0.0636105989387 
2 994.021986143 5.82576035736 0.152253499787 
3 991.613888166 8.11040832397 0.275703509812 
4 988.27280952 11.2797107028 0.44747977691 
5 983.648046729 15.6657378684 0.686215402719 
6 977.266963134 21.7155726143 1.01746425187 
7 968.501569215 30.0224018927 1.47602889274 
8 956.534069742 41.3570697623 2.10886049614 
9 940.329776705 56.6917572661 2.97846602915 
10 918.633535044 77.1999053452 4.16655961089 
11 890.016119987 104.206566501 5.77731351219 
12 853.006103152 139.054868854 7.93902799406 
13 806.341673307 182.85591787 10.8024088234 
14 749.348566433 236.118164085 14.533269482 
15 682.38193961 298.320154935 19.2979054551 
16 607.171122355 367.587364111 25.2415135334 
17 526.85149104 440.685203077 32.4633058832 
18 445.537126398 513.467364127 40.9955094751 
19 367.514569371 581.69141927 50.794011359 
20 296.369912015 641.88547651 61.7446114744 
21 234.406127735 691.911405864 73.682466401 
22 182.51577012 731.066712975 86.4175169051 
23 140.431567827 759.810291932 99.7581402411 
24 107.143638399 779.328316321 113.52804528 
25 81.3018726501 791.122615556 127.575511794 
26 61.5074415954 796.71635878 141.776199624 
27 46.4821976458 797.485935472 156.031866882 
28 35.1416227454 794.591397384 170.26697987 
29 26.6082036171 788.967089185 184.424707198 
30 20.1942628854 781.342670545 198.463066569 
31 15.3715701118 772.276908094 212.351521795 
32 11.7401609097 762.19157809 226.068261001 
33 8.99964479386 751.40233997 239.598015236 
34 6.92566595312 740.143934329 252.930399718 
35 5.35111519654 728.590215348 266.058669456 
36 4.15149173255 716.869762871 278.978745396 
37 3.23411256102 705.077353793 291.688533646 
38 2.52991087835 693.282683918 304.187405204 
39 1.98724498954 681.536953545 316.475801466 
40 1.56741185144 669.877638383 328.554949765 
41 1.24132444876 658.332023648 340.426651904 
42 0.987048110025 646.919825632 352.093126258 
43 0.78799120975 635.655117786 363.556891005 
44 0.63155487123 624.547768793 374.820676335 
45 0.508130528239 613.604510682 385.88735879 
46 0.410402652202 602.829682034 396.759915314 
47 0.332719942737 592.225898597 407.441381461 
48 0.270728087526 581.794444958 417.934826954 
49 0.221046141789 571.535619405 428.243334453 
50 0.18115069717 561.448857717 438.369991586 
51 0.148983999234 551.533151711 448.31786429 
52 0.122955717266 541.787046874 458.089997409 
53 0.101822442804 532.208770659 467.689406898 
54 0.0845975438274 522.796327527 477.119074929 
55 0.0704976659681 513.547556067 486.381946267 
56 0.0589369651168 504.460135095 495.48092794 
57 0.0494539502213 495.531661111 504.418884939 
58 0.0416236182599 486.759741505 513.198634876 
59 0.0351502432775 478.141895179 521.822954578 
60 0.0297636885414 469.67566113 530.294575182 
61 0.0252783564238 461.358536878 538.616184766 
62 0.0215240847832 453.188048917 546.790426998 
63 0.0183787858425 445.161709862 554.819911352 
64 0.0157459222992 437.277090318 562.707163759 
65 0.0135251853211 429.531754397 570.454720418 
66 0.0116533533865 421.923331267 578.06501538 
67 0.0100709009221 414.449437859 585.540491241 
68 0.00872325536875 407.107703307 592.883573438 
69 0.00758023101434 399.895879298 600.096540471 
70 0.00660402753761 392.811679253 607.181716719 
71 0.00575786504737 385.852822408 614.141419727 
72 0.00503241781826 379.0171707 620.977796882 
73 0.00440957592718 372.302540408 627.693050016 
74 0.00387426650286 365.706810259 634.289315475 
75 0.003405932806 359.227789807 640.76880426 
76 0.00300480498561 352.863550818 647.133444377 
77 0.00265567797146 346.611982046 653.385362276 
78 0.00234935132494 340.471122126 659.526528523 
79 0.00207848083346 334.439010627 665.558910892 
80 0.00183854060333 328.5137226 671.48443886 
81 0.00162819805519 322.693382036 677.304989766 
82 0.00144891836158 316.976159593 683.022391489 
83 0.00129241578452 311.360200326 688.638507258 
84 0.00115273410756 305.843693258 694.155154008 
85 0.00102952713382 300.424890274 699.574080199 
86 0.000923961233639 295.10208252 704.896993519 
87 0.000838715344344 289.873600408 710.125560877 
88 0.000771259049088 284.737773495 715.261455246 
89 0.000713150539923 279.692926297 720.306360552 
90 0.000662053867018 274.737450006 725.26188794 
91 0.000615764044142 269.869766831 730.129617405 
92 0.000572172294369 265.088329792 734.911098036 
93 0.000529783269599 260.391616566 739.607853651 
94 0.000489203680786 255.778111771 744.221399026 
95 0.000450332607102 251.2463404 748.753209267 
96 0.000413267672684 246.794857041 753.204729691 
97 0.000378447973389 242.422244174 757.577377378 
98 0.000347474987734 238.127121901 761.872530624 
99 0.000317181078003 233.908077629 766.09160519 
100 0.000289418684815 229.763782123 770.235928458 
