Time S I R
0  997 3 0
1 993.807555678 6.08830391481 0.104140406691 
2 987.371028303 12.3138449004 0.315126796584 
3 974.523721549 24.7358783697 0.740400081217 
4 949.387662221 49.0234155946 1.58892218454 
5 902.075034129 94.6761407577 3.2488251133 
6 819.171845602 174.449005169 6.37914922972 
7 690.596553041 297.480282142 11.9231648161 
8 524.52319558 454.621982922 20.8548214987 
9 353.969681321 612.405294233 33.6250244461 
10 215.13376514 735.072284072 49.7939507881 
11 121.597412711 810.082630528 68.3199567613 
12 66.0439345561 845.815993091 88.1400723525 
13 35.2965409637 856.218985989 108.484473048 
14 18.8291362079 852.282255316 128.888608476 
15 10.1046708789 840.796570422 149.098758699 
16 5.47731743295 825.538219154 168.984463413 
17 3.00463940595 808.513171989 188.482188605 
18 1.66945344884 790.766944856 207.563601695 
19 0.939849816046 772.841481715 226.218668469 
20 0.536115663954 755.017061995 244.446822341 
21 0.30982166764 737.437794404 262.252383928 
22 0.181362730323 720.176465225 279.642172044 
23 0.107442871153 703.26831437 296.624242759 
24 0.0644653450981 686.728297432 313.207237223 
25 0.0391660147784 670.560828002 329.400005983 
26 0.0240907496008 654.764484655 345.211424595 
27 0.0150347657183 639.334665363 360.650299871 
28 0.00944627433501 624.265249675 375.725304051 
29 0.00597196013894 609.549071799 390.444956241 
30 0.00382368993712 595.178576211 404.817600099 
31 0.00248150968775 581.146125861 418.851392629 
32 0.00162693594666 567.444066589 432.554306475 
33 0.00107698661918 554.064788401 445.934134612 
34 0.000720806730442 541.000794632 458.998484562 
35 0.000486232865796 528.244717531 471.754796237 
36 0.000330909906552 515.789338815 484.210330275 
37 0.000227425604635 503.627595367 496.372177207 
38 0.000156156522053 491.752590485 508.247253359 
39 0.000101354972685 480.157583623 519.842315022 
40 5.71254770421e-05 468.835947566 531.163995308 
41 2.8730180702e-05 457.781234382 542.218736888 
42 1.4630503415e-05 446.987145726 553.012839644 
43 0 436.44751853 563.55248147 
44 0 426.156379991 573.843620009 
45 0 416.10794167 583.89205833 
46 0 406.296476153 593.703523847 
47 0 396.716342176 603.283657824 
48 0 387.362094568 612.637905432 
49 0 378.228428471 621.771571529 
50 0 369.310130074 630.689869926 
51 0 360.602104282 639.397895718 
52 0 352.099402624 647.900597376 
53 0 343.797203484 656.202796516 
54 0 335.690761994 664.309238006 
55 0 327.775451336 672.224548664 
56 0 320.046775127 679.953224873 
57 0 312.500350416 687.499649584 
58 0 305.131856497 694.868143503 
59 0 297.937090793 702.062909207 
60 0 290.911968392 709.088031608 
61 0 284.052511302 715.947488698 
62 0 277.354797642 722.645202358 
63 0 270.814997136 729.185002864 
64 0 264.429394089 735.570605911 
65 0 258.194370066 741.805629934 
66 0 252.106371706 747.893628294 
67 0 246.161910464 753.838089536 
68 0 240.357607509 759.642392491 
69 0 234.690172089 765.309827911 
70 0 229.156383434 770.843616566 
71 0 223.753066072 776.246933928 
72 0 218.477146428 781.522853572 
73 0 213.325631697 786.674368303 
74 0 208.29560904 791.70439096 
75 0 203.384166294 796.615833706 
76 0 198.588528447 801.411471553 
77 0 193.905969467 806.094030533 
78 0 189.333834948 810.666165052 
79 0 184.869505942 815.130494058 
80 0 180.510437154 819.489562846 
81 0 176.254150601 823.745849399 
82 0 172.098226638 827.901773362 
83 0 168.040301287 831.959698713 
84 0 164.078066471 835.921933529 
85 0 160.209273034 839.790726966 
86 0 156.431716921 843.568283079 
87 0 152.743240854 847.256759146 
88 0 149.14173223 850.85826777 
89 0 145.625120701 854.374879299 
90 0 142.191410218 857.808589782 
91 0 138.838665077 861.161334923 
92 0 135.564976165 864.435023835 
93 0 132.368478587 867.631521413 
94 0 129.247350334 870.752649666 
95 0 126.199811593 873.800188407 
96 0 123.2241312 876.7758688 
97 0 120.318616618 879.681383382 
98 0 117.481613216 882.518386784 
99 0 114.711504677 885.288495323 
100 0 112.006711856 887.993288144 
