Time S I R
0  997 3 0
1 994.621098921 5.06672866022 0.3121724188 
2 990.620012419 8.54108282156 0.838904759035 
3 983.922313023 14.352268086 1.72541889057 
4 972.798794975 23.9900464888 3.21115853615 
5 954.564908655 39.7513356838 5.68375566128 
6 925.306137545 64.9420416191 9.75182083612 
7 879.922750732 103.753682206 16.3235670621 
8 813.093913633 160.260793548 26.6452928192 
9 721.816728249 235.977785461 42.20548629 
10 609.0672988 326.532971768 64.3997294321 
11 485.664945537 420.348966425 93.9860880374 
12 366.904883593 502.465266347 130.62985006 
13 265.475086645 561.610861928 172.914051428 
14 186.817601489 594.350705259 218.831693252 
15 129.831123059 603.784666033 266.384210907 
16 90.2158743887 595.830135977 313.953989634 
17 63.2282544742 576.368328117 360.403417409 
18 44.941498055 550.04359064 405.014911305 
19 32.49673735 520.120357241 447.382905409 
20 23.9405063312 488.745676057 487.313817612 
21 17.9770590349 457.272342861 524.750598104 
22 13.7562908653 426.522947685 559.720761449 
23 10.7207112876 396.976924438 592.302364275 
24 8.50212878337 368.89574917 622.602122047 
25 6.85504786267 342.403349296 650.741602841 
26 5.61369347861 317.53779403 676.848512491 
27 4.66462944546 294.284072489 701.051298066 
28 3.92909727834 272.595082507 723.475820215 
29 3.35177640949 252.404805119 744.243418472 
30 2.89320579898 233.637045417 763.469748784 
31 2.52488669632 216.210893317 781.264219987 
32 2.22599413292 200.044229918 797.729775949 
33 1.98108170981 185.056036582 812.962881708 
34 1.77858815041 171.167727913 827.053683936 
35 1.60977477203 158.303984946 840.086240282 
36 1.46795035691 146.393260088 852.138789555 
37 1.34794515834 135.367992652 863.28406219 
38 1.24572840244 125.164667321 873.589604277 
39 1.15813795485 115.723757615 883.118104431 
40 1.08265531015 106.989644533 891.927700157 
41 1.01721646562 98.9105373228 900.072246212 
42 0.960217958052 91.4380793262 907.601702716 
43 0.910409862467 84.5274845486 914.562105589 
44 0.866666570441 78.1369529118 920.996380518 
45 0.828095921202 72.2277433124 926.944160766 
46 0.793975148478 66.7639710214 932.44205383 
47 0.763687575421 61.7123115333 937.524000891 
48 0.736719755847 57.0418849207 942.221395323 
49 0.712642120199 52.7241141607 946.563243719 
50 0.691087683852 48.7325038592 950.576408457 
51 0.671746827077 45.04253606 954.285717113 
52 0.6543531279 41.6315207499 957.714126122 
53 0.638681844708 38.4784723006 960.882845855 
54 0.624527601828 35.5638690498 963.811603348 
55 0.611722133514 32.8697451881 966.518532678 
56 0.600122477066 30.3795098245 969.020367698 
57 0.589597085872 28.077747032 971.332655882 
58 0.580033143175 25.9502214534 973.469745403 
59 0.57133196362 23.9837710229 975.444897013 
60 0.56340626939 22.1662227206 977.27037101 
61 0.556179039184 20.4863196353 978.957501325 
62 0.549581985064 18.9336507472 980.516767268 
63 0.543554546949 17.4985928358 981.957852617 
64 0.538042862961 16.1722499572 983.28970718 
65 0.532998606797 14.9463908199 984.520610573 
66 0.52837879152 13.8134124867 985.658208722 
67 0.524144753988 12.7662816661 986.70957358 
68 0.520261884109 11.798501143 987.681236973 
69 0.516698920902 10.90406007 988.579241009 
70 0.51342778745 10.0774065896 989.409165623 
71 0.510423040512 9.31340423359 990.176172726 
72 0.507661749258 8.60730940715 990.885028844 
73 0.505123074456 7.95473344653 991.540143479 
74 0.502788175586 7.3516234977 992.145588327 
75 0.500639887755 6.79422982594 992.705130286 
76 0.498662643142 6.27908948981 993.222247867 
77 0.496842252722 5.80300005276 993.700157695 
78 0.495165766533 5.36300086195 994.141833372 
79 0.493621426689 4.95635887387 994.550019699 
80 0.492198486601 4.58054714691 994.927254366 
81 0.490887081594 4.23322735475 995.275885564 
82 0.489678233738 3.91224072085 995.598081045 
83 0.488563691621 3.61559025918 995.895846049 
84 0.487535919582 3.34143156905 996.171032511 
85 0.486588000971 3.08805936795 996.425352631 
86 0.485713601203 2.85389832177 996.660388077 
87 0.484906902529 2.63749192658 996.877601171 
88 0.484162566186 2.43749412699 997.078343307 
89 0.483475687895 2.25266086529 997.263863447 
90 0.482841761224 2.08184248164 997.435315757 
91 0.482256642895 1.92397633967 997.593767017 
92 0.481716520064 1.77808008535 997.740203395 
93 0.481217894847 1.6432469381 997.875535167 
94 0.48075754285 1.5186382293 998.000604228 
95 0.480332489097 1.40347809516 998.116189416 
96 0.479940003286 1.29705055257 998.223009444 
97 0.479577566138 1.19869334732 998.321729087 
98 0.479242854579 1.10779420607 998.412962939 
99 0.478933733823 1.02378807254 998.497278194 
100 0.478648231864 0.94615211857 998.57519965 
