Time S I R
0  997 3 0
1 994.760701569 4.98072760746 0.258570823467 
2 991.05712428 8.25537423005 0.687501489445 
3 984.957349153 13.6451961383 1.39745470821 
4 974.979899978 22.4518369803 2.56826304132 
5 958.841781473 36.6706185839 4.48759994302 
6 933.206399982 59.1897026324 7.60389738541 
7 893.629046847 93.7837235498 12.5872296036 
8 835.132167899 144.495439393 20.3723927086 
9 753.990251849 213.883783382 32.1259647688 
10 650.760204629 300.182343774 49.0574515975 
11 532.831309641 395.119746252 72.0489441077 
12 413.349103929 485.403569407 101.247326663 
13 305.798984085 558.298703088 135.902312827 
14 218.422945104 606.980016696 174.5970382 
15 152.781423066 631.519828016 215.698748918 
16 105.997838878 636.262681473 257.739479648 
17 73.6601317653 626.747521834 299.592346401 
18 51.6181481411 607.899097176 340.482754683 
19 36.6309475279 583.445791243 379.923261229 
20 26.3891607891 555.976584616 417.634254595 
21 19.3223393116 527.200861216 453.476799472 
22 14.385668784 498.210978511 487.403352704 
23 10.8892532988 469.686688048 519.424058653 
24 8.37704907698 442.038464879 549.584486044 
25 6.54573215893 415.503063002 577.951204839 
26 5.19163575045 390.205876536 604.602487713 
27 4.17649208955 366.201132463 629.622375448 
28 3.40530024815 343.497813963 653.096885789 
29 2.81196595783 322.076420478 675.111613564 
30 2.34997577846 301.899785112 695.75023911 
31 1.98613460787 282.92026891 715.093596482 
32 1.69649780454 265.084347962 733.219154233 
33 1.46358776904 248.33567807 750.200734161 
34 1.27450056526 232.617107522 766.108391913 
35 1.1196086709 217.871978392 781.008412937 
36 0.991649474072 204.044977528 794.963372998 
37 0.885121725293 191.082626637 808.032251638 
38 0.795768047659 178.933677214 820.270554738 
39 0.720292094411 167.549233161 831.730474744 
40 0.656122522467 156.882825728 842.461051749 
41 0.601228831834 146.890435326 852.508335843 
42 0.554007268193 137.530465157 861.915527575 
43 0.513164191224 128.763653167 870.723182642 
44 0.477665347262 120.553008435 878.969326218 
45 0.446644041068 112.863775757 886.689580201 
46 0.419412231559 105.663174107 893.917413661 
47 0.395437458937 98.9205436053 900.684018936 
48 0.374228184776 92.606932121 907.018839694 
49 0.355414870233 86.695333555 912.949251575 
50 0.338662902908 81.1602770328 918.501060064 
51 0.323695705402 75.9779131347 923.69839116 
52 0.3102834203 71.1258740091 928.563842571 
53 0.298232394892 66.5832039136 933.118563691 
54 0.287376092552 62.3302614192 937.382362488 
55 0.277571209883 58.3486154573 941.373813333 
56 0.268696702295 54.6210332259 945.110270072 
57 0.260646153516 51.1313307607 948.608023086 
58 0.253329329614 47.8643813106 951.88228936 
59 0.246666526777 44.8059907231 954.94734275 
60 0.240589054361 41.9428875654 957.81652338 
61 0.235036702937 39.2626213061 960.502341991 
62 0.229953841017 36.7534905369 963.016555622 
63 0.225295628369 34.4046134489 965.370090923 
64 0.2210204338 32.2057649706 967.573214596 
65 0.217092129143 30.1473798417 969.635528029 
66 0.213478093141 28.2204912446 971.566030662 
67 0.210149646976 26.416710427 973.373139926 
68 0.207080943143 24.728175519 975.064743538 
69 0.204249020059 23.1475312883 976.648219692 
70 0.201633209873 21.6678888537 978.130477936 
71 0.199215017767 20.2828013434 979.517983639 
72 0.196977749865 18.9862307963 980.816791454 
73 0.194906175178 17.7725166948 982.03257713 
74 0.192986539091 16.6363639958 983.170649465 
75 0.191206567108 15.5728210234 984.235972409 
76 0.189555513942 14.5772617208 985.233182765 
77 0.188023152966 13.645341928 986.166634919 
78 0.186599983195 12.7729890968 987.04041092 
79 0.185277418421 11.9563927707 987.858329811 
80 0.184047846013 11.1919924746 988.623959679 
81 0.182904352291 10.4764565184 989.340639129 
82 0.181840435647 9.80666110422 990.01149846 
83 0.180850143017 9.17968287511 990.639466982 
84 0.179928036753 8.59278539961 991.227286564 
85 0.179069142264 8.04340670744 991.77752415 
86 0.178268881908 7.52914834424 992.292582774 
87 0.177523025387 7.04776563585 992.774711339 
88 0.1768276857 6.59715819477 993.22601412 
89 0.176179271983 6.17535881961 993.648461908 
90 0.175574470067 5.7805257712 994.043899759 
91 0.175010219659 5.41093519168 994.414054589 
92 0.1744836881 5.06497345128 994.760542861 
93 0.173992257122 4.74113021646 995.084877526 
94 0.173533493974 4.43799061978 995.388475886 
95 0.173105151494 4.15423114989 995.672663699 
96 0.172705156388 3.88861423334 995.93868061 
97 0.172331587973 3.63998170517 996.187686707 
98 0.171982640787 3.40724627705 996.420771082 
99 0.171656645147 3.18939105033 996.638952305 
100 0.171352049086 2.98546401105 996.84318394 
