Time S I R
0  997 3 0
1 996.151587034 3.71572853748 0.132684428693 
2 995.101891447 4.60110435444 0.297004198848 
3 993.80380188 5.69575056544 0.500447555051 
4 992.199521415 7.0482323007 0.752246284297 
5 990.218342418 8.71789441311 1.06376316928 
6 987.773991309 10.7770402025 1.44896848863 
7 984.761669742 13.3133365717 1.9249936864 
8 981.054680193 16.432522775 2.51279703165 
9 976.50079823 20.2612649856 3.23793678441 
10 970.918546918 24.9499968308 4.13145625157 
11 964.093669199 30.6754484228 5.2308823787 
12 955.776323829 37.642374066 6.58130210525 
13 945.679712011 46.0838006836 8.23648730547 
14 933.481198714 56.2588189205 10.2599823652 
15 918.827286416 68.4466783402 12.7260352438 
16 901.344072105 82.9357304646 15.7201974307 
17 880.654908259 100.005733805 19.3393579368 
18 856.406691268 119.902387741 23.6909209903 
19 828.305222495 142.803947339 28.8908301659 
20 796.158575399 168.781320594 35.0601040065 
21 759.924426965 197.755826736 42.3197462981 
22 719.754620795 229.461347215 50.7840319901 
23 676.027444579 263.420027569 60.5525278522 
24 629.357335328 298.941084862 71.7015798102 
25 580.574047607 335.149620355 84.276332038 
26 530.669062221 371.046423525 98.2845142541 
27 480.71504893 405.59183512 113.693115951 
28 431.771726194 437.799631831 130.428641974 
29 384.795418319 466.823577962 148.381003719 
30 340.568271125 492.021295437 167.410433438 
31 299.65711485 512.986566208 187.356318942 
32 262.403971702 529.549360857 208.046667441 
33 228.943226963 541.749748269 229.307024768 
34 199.23647797 549.795517855 250.968004174 
35 173.11537346 554.013643547 272.870982993 
36 150.324452123 554.803657082 294.871890795 
37 130.558751754 552.597974357 316.843273889 
38 113.493682507 547.831354289 338.674963204 
39 98.8067299174 540.919555266 360.273714817 
40 86.1918540473 532.245971527 381.562174426 
41 75.3679107574 522.154657815 402.477431427 
42 66.0824809478 510.948161115 422.969357937 
43 58.1130604532 498.887899508 442.999040039 
44 51.2661820721 486.19664842 462.537169508 
45 45.375045653 473.062396997 481.56255735 
46 40.2968934699 459.642269591 500.060836939 
47 35.9102907554 446.066370544 518.0233387 
48 32.1122237958 432.441699903 535.446076302 
49 28.8155039891 418.85559049 552.328905521 
50 25.9464707326 405.378722878 568.67480639 
51 23.4429019492 392.06782102 584.489277031 
52 21.2521958366 378.967970395 599.779833769 
53 19.3299526905 366.114469623 614.555577687 
54 17.6385709058 353.534585889 628.826843205 
55 16.1462048265 341.248878495 642.604916678 
56 14.8258025792 329.272422486 655.901774935 
57 13.6543878192 317.615702703 668.729909477 
58 12.6123646074 306.285490206 681.102145186 
59 11.6830141841 295.285468743 693.031517073 
60 10.8520265388 284.616821222 704.531152239 
61 10.1071223314 274.278695833 715.614181835 
62 9.43775849192 264.268568456 726.293673052 
63 8.83483595183 254.582602503 736.582561545 
64 8.29050695005 245.215881048 746.493612002 
65 7.79796971726 236.162655585 756.039374698 
66 7.35132405381 227.416516901 765.232159045 
67 6.9454365758 218.97055373 774.084009694 
68 6.5758190266 210.817494884 782.60668609 
69 6.2385783721 202.949759783 790.811661845 
70 5.93029249511 195.359604788 798.710102717 
71 5.647939736 188.039200659 806.312859605 
72 5.38888917547 180.980631954 813.630478871 
73 5.1507923114 174.17602229 820.673185399 
74 4.93159616049 167.617505672 827.450898168 
75 4.72947204521 161.297305038 833.973222917 
76 4.54279748671 155.207743112 840.249459401 
77 4.37013771347 149.341254679 846.288607608 
78 4.21020308889 143.69043085 852.099366061 
79 4.06185244063 138.248002564 857.690144995 
80 3.92405879915 133.006872878 863.069068323 
81 3.79590497512 127.960112232 868.243982793 
82 3.67656842672 123.100967659 873.222463914 
83 3.56530639939 118.422871769 878.011821832 
84 3.46145311486 113.919436078 882.619110807 
85 3.36440237826 109.584463689 887.051133933 
86 3.27361166741 105.411934742 891.31445359 
87 3.18859611566 101.396005022 895.415398863 
88 3.10890455087 97.531028062 899.360067387 
89 3.03412944988 93.8115337387 903.154336811 
90 2.96390563982 90.2322216844 906.803872676 
91 2.89789634673 86.7879708683 910.314132785 
92 2.83579310545 83.4738320326 913.690374862 
93 2.77731822015 80.2850171862 916.937664594 
94 2.72221673123 77.2169023983 920.06088087 
95 2.67025201946 74.2650262973 923.064721683 
96 2.62121005148 71.4250780469 925.953711902 
97 2.57489468163 68.6928967687 928.73220855 
98 2.53112295513 66.0644713279 931.404405717 
99 2.48972813541 63.5359303827 933.974341482 
100 2.45055722836 61.1035396537 936.445903118 
