Time S I R
0.0  10000 1 0
1 9998.665279 1.87290855861 0.461812436879 
2 9996.16617476 3.50715885459 1.32666638559 
3 9991.4888707 6.56522772654 2.94590157105 
4 9982.74182956 12.2820967206 5.9760737238 
5 9966.40809309 22.9503435853 11.6415633233 
6 9935.99149558 42.7919069756 22.2165974469 
7 9879.63981063 79.4657934189 41.8943959488 
8 9776.22387602 146.475500347 78.3006236328 
9 9589.68913959 266.35848956 144.952370854 
10 9263.45499281 472.845489962 264.699517231 
11 8722.36042848 805.706780781 472.932790738 
12 7898.40986707 1286.35075642 816.239376513 
13 6790.95625058 1871.13898583 1338.90476359 
14 5520.8702174 2424.85882772 2055.27095488 
15 4291.42502938 2782.73341495 2926.84155568 
16 3265.85628952 2863.45339202 3871.69031846 
17 2496.45883938 2703.38963811 4801.15152251 
18 1953.0353126 2397.48028406 5650.48440334 
19 1578.610401 2035.53025301 6386.85934599 
20 1321.29259936 1677.23751054 7002.4698901 
21 1142.87012368 1353.76025452 7504.3696218 
22 1017.46286194 1077.03731921 7906.49981886 
23 928.039326651 848.185631599 8224.77504175 
24 863.415602317 663.090079539 8474.49431814 
25 816.16838127 515.637192549 8669.19442618 
26 781.289025758 399.410390603 8820.30058364 
27 755.336731838 308.486877322 8937.17639084 
28 735.904712435 237.747189745 9027.34809782 
29 721.282202568 182.932002581 9096.78579485 
30 710.235901779 140.58295295 9150.18114527 
31 701.865795284 107.937843445 9191.19636127 
32 695.508568093 82.8151705267 9222.67626138 
33 690.671335889 63.5059320883 9246.82273202 
34 686.985498243 48.6790578402 9265.33544392 
35 684.173965135 37.3022857865 9279.52374908 
36 682.02756015 28.5776198775 9290.39481997 
37 680.387884399 21.8896198515 9298.72249575 
38 679.134694318 16.764494315 9305.10081137 
39 678.176531975 12.8379856986 9309.98548233 
40 677.443730666 9.83033552702 9313.72593381 
41 676.883160742 7.52684515129 9316.58999411 
42 676.454269851 5.76284715837 9318.78288299 
43 676.126083829 4.41210177756 9320.46181439 
44 675.87493206 3.3778625956 9321.74720534 
45 675.682717826 2.58600449903 9322.73127767 
46 675.535601672 1.97974618221 9323.48465215 
47 675.422997494 1.51559912154 9324.06140338 
48 675.336806212 1.16025929877 9324.50293449 
49 675.270830612 0.888224347569 9324.84094504 
50 675.220328176 0.679967049129 9325.09970478 
51 675.181669407 0.520536494568 9325.2977941 
52 675.152076424 0.398485996014 9325.44943758 
53 675.129423034 0.305052006933 9325.56552496 
54 675.112081777 0.233525292693 9325.65439293 
55 675.098806898 0.17876944871 9325.72242365 
56 675.088644813 0.136852264717 9325.77450292 
57 675.080865599 0.104763560166 9325.81437084 
58 675.074910505 0.0801989120444 9325.84489058 
59 675.070351775 0.0613940530772 9325.86825417 
60 675.066861992 0.0469985200985 9325.88613949 
61 675.064190495 0.035978395508 9325.89983111 
62 675.062145414 0.0275422452441 9325.91031234 
63 675.060579865 0.0210841915252 9325.91833594 
64 675.059381405 0.0161404015676 9325.92447819 
65 675.05846396 0.0123558267516 9325.92918021 
66 675.057761637 0.00945865072769 9325.93277971 
67 675.057223993 0.00724079911935 9325.93553521 
68 675.056812416 0.00554298685813 9325.9376446 
69 675.056497343 0.0042432667886 9325.93925939 
70 675.056256144 0.00324828580701 9325.94049557 
