Time S I R
0.0  10000 1 0
1 9997.88790151 1.85438325956 1.257715227 
2 9993.9733168 3.43720309038 3.58948010887 
3 9986.72445324 6.3657895157 7.90975724205 
4 9973.32351856 11.7715873372 15.9048941033 
5 9948.62476373 21.7066204197 30.668615851 
6 9903.35829838 39.8195861767 57.8221154447 
7 9821.24232367 72.3592320585 107.398444275 
8 9675.00324125 129.273308285 196.723450465 
9 9422.88410041 224.175971619 353.939927975 
10 9011.38573705 369.806185818 619.808077132 
11 8395.33111532 564.226996679 1041.441888 
12 7579.81903513 771.302443376 1649.87852149 
13 6652.98496756 921.567727731 2426.44730471 
14 5755.08834846 956.218463348 3289.69318819 
15 4998.52499786 873.591963384 4128.88303876 
16 4423.37742872 720.90515697 4856.7174143 
17 4014.03509214 552.056987307 5434.90792055 
18 3733.61004998 401.27132299 5866.11862703 
19 3545.45551933 281.540941385 6174.00353928 
20 3420.59604156 192.931937518 6387.47202092 
21 3338.2223039 130.164142354 6532.61355374 
22 3284.04899166 86.9192153039 6630.03179304 
23 3248.48421455 57.6511143611 6694.86467109 
24 3225.15940965 38.0693804113 6737.77120994 
25 3209.87116058 25.065846328 6766.06299309 
26 3199.8541098 16.4726044643 6784.67328574 
27 3193.29228962 10.8118644829 6796.89584589 
28 3188.99448167 7.0906194038 6804.91489893 
29 3186.17979411 4.64767149754 6810.17253439 
30 3184.33652835 3.04533107913 6813.61814057 
31 3183.12946727 1.99495893909 6815.87557379 
32 3182.33904383 1.30667673972 6817.35427943 
33 3181.82145679 0.855775075589 6818.32276814 
34 3181.4825327 0.560432261275 6818.95703504 
35 3181.26060143 0.367001888492 6819.37239668 
36 3181.11527907 0.240326438439 6819.64439449 
37 3181.02012091 0.15737168444 6819.82250741 
38 3180.9578109 0.103049635392 6819.93913947 
39 3180.91701009 0.0674781309578 6820.01551178 
40 3180.89029354 0.0441852266938 6820.06552123 
41 3180.8727995 0.0289327696889 6820.09826773 
42 3180.86134435 0.0189453155341 6820.11971033 
43 3180.8538435 0.0124054682856 6820.13375103 
44 3180.84893188 0.00812311153111 6820.142945 
45 3180.84571589 0.00531913105923 6820.14896498 
46 3180.84360997 0.00348300751535 6820.15290702 
47 3180.842231 0.0022806954693 6820.1554883 
48 3180.8413281 0.00149346808545 6820.15717843 
49 3180.84073679 0.000977905586916 6820.15828531 
50 3180.84034959 0.00064031045629 6820.1590101 
51 3180.84009607 0.000419271460087 6820.15948466 
52 3180.83993006 0.000274529320083 6820.15979541 
53 3180.83982139 0.000179779902 6820.15999883 
54 3180.83975013 0.000117646237981 6820.16013223 
55 3180.8397035 7.69917354474e-05 6820.16021951 
56 3180.83967307 5.04590239062e-05 6820.16027647 
57 3180.83965312 3.30677808331e-05 6820.16031381 
58 3180.83964005 2.16702992276e-05 6820.16033828 
59 3180.83963152 1.42347404396e-05 6820.16035424 
60 3180.83962595 9.37538628552e-06 6820.16036468 
61 3180.8396222 6.11214643248e-06 6820.16037168 
62 3180.8396197 3.93197733378e-06 6820.16037636 
63 3180.83961813 2.56261886241e-06 6820.1603793 
64 3180.83961708 1.64592704887e-06 6820.16038127 
65 3180.83961643 1.07954294386e-06 6820.16038249 
66 3180.83961602 7.23939543526e-07 6820.16038325 
67 3180.83961575 4.86953321665e-07 6820.16038376 
68 3180.83961557 3.25480130494e-07 6820.16038411 
69 3180.83961544 2.16286919752e-07 6820.16038434 
70 3180.83961536 1.43369898393e-07 6820.1603845 
