Time S I R
0  997 3 0
1 996.682842489 3.14373962604 0.173417885184 
2 996.350604833 3.29425458146 0.35514058569 
3 996.002583811 3.45185492651 0.545561262551 
4 995.638050433 3.61686148778 0.745088078957 
5 995.256242411 3.78960910877 0.954148479978 
6 994.856364012 3.97044660907 1.17318937904 
7 994.437584369 4.15973742103 1.40267821032 
8 993.999038284 4.35785916479 1.64310255091 
9 993.539823059 4.56520487907 1.89497206165 
10 993.058997697 4.78218324561 2.15881905727 
11 992.555581056 5.00921918273 2.43519976163 
12 992.028551768 5.24675387618 2.72469435554 
13 991.476847447 5.49524504827 3.0279075052 
14 990.899360852 5.75516803096 3.34547111746 
15 990.294938879 6.02701617689 3.67804494404 
16 989.662381331 6.31130125068 4.02631741802 
17 989.00044205 6.60855260806 4.39100534171 
18 988.307825397 6.91931854038 4.77285606298 
19 987.58318476 7.24416663656 5.17264860295 
20 986.825122126 7.58368328311 5.5911945904 
21 986.032186226 7.93847453912 6.02933923516 
22 985.202871347 8.30916619817 6.48796245466 
23 984.335616512 8.69640322785 6.96798025968 
24 983.428803775 9.10085067997 7.4703455452 
25 982.480757396 9.52319333201 7.99604927246 
26 981.489743628 9.96413470978 8.54612166221 
27 980.453968533 10.424398257 9.12163321012 
28 979.371578262 10.9047260032 9.72369573517 
29 978.240659319 11.4058772916 10.3534633889 
30 977.059235159 11.9286309162 11.0121339246 
31 975.825266156 12.4737841217 11.7009497222 
32 974.536653762 13.0421480956 12.4211981425 
33 973.19123964 13.6345477532 13.1742126071 
34 971.786800668 14.2518250545 13.9613742779 
35 970.321050999 14.8948363231 14.7841126777 
36 968.791651639 15.5644440728 15.6439042881 
37 967.196204533 16.26152058 16.5422748867 
38 965.532250146 16.9869488114 17.4808010425 
39 963.797271739 17.7416183597 18.461109901 
40 961.988711063 18.5264134329 19.484875504 
41 960.103955223 19.3422212076 20.5538235692 
42 958.140339112 20.1899291861 21.669731702 
43 956.095153934 21.0704185101 22.8344275556 
44 953.965667421 21.9845496872 24.0497828914 
45 951.749103283 22.9331750981 25.3177216187 
46 949.44265016 23.9171321225 26.6402177178 
47 947.043477897 24.937231989 28.0192901142 
48 944.548756039 25.9942473134 29.456996648 
49 941.955630671 27.0889251875 30.9554441418 
50 939.261239499 28.2219768136 32.5167836878 
51 936.462740788 29.3940597784 34.1431994333 
52 933.55731916 30.6057734306 35.8369074094 
53 930.5421706 31.8576660124 37.6001633877 
54 927.414521136 33.1502228233 39.4352560407 
55 924.171668664 34.4838432966 41.3444880391 
56 920.810971622 35.8588449597 43.3301834183 
57 917.329848796 37.2754617628 45.3946894407 
58 913.725801119 38.7338316561 47.540367225 
59 909.996459564 40.2339739292 49.7695665065 
60 906.139561904 41.7757963267 52.0846417695 
61 902.152967356 43.3590863022 54.4879463418 
62 898.034681918 44.9834991103 56.9818189713 
63 893.782901 46.6485421294 59.568556871 
64 889.395986906 48.3535761621 62.2504369315 
65 884.872493122 50.0978045411 65.0297023366 
66 880.211190594 51.8802659103 67.9085434959 
67 875.411095343 53.699828015 70.8890766419 
68 870.471462139 55.5551757016 73.9733621591 
69 865.391809017 57.4448041993 77.1633867839 
70 860.171934668 59.3670265622 80.4610387695 
71 854.811934776 61.3199666266 83.8680985976 
72 849.312217524 63.3015375495 87.3862449269 
73 843.673519502 65.3094434461 91.0170370519 
74 837.89689626 67.3412134103 94.7618903294 
75 831.98375198 69.3941739149 98.622074105 
76 825.935861592 71.4654331163 102.598705292 
77 819.755372529 73.551893831 106.69273364 
78 813.444756779 75.6503164737 110.904926748 
79 807.006878443 77.7572588248 115.235862732 
80 800.445000624 79.8690805047 119.685918871 
81 793.762768832 81.9819689853 124.255262183 
82 786.964141057 84.0920111607 128.943847782 
83 780.05346716 86.1951333444 133.751399495 
84 773.035466055 88.287129824 138.677404121 
85 765.915175041 90.3637063796 143.72111858 
86 758.69798402 92.4204679937 148.881547986 
87 751.389621772 94.4529376582 154.15744057 
88 743.996074344 96.4566205266 159.54730513 
89 736.523619694 98.4269904827 165.049389823 
90 728.978818916 100.359505382 170.661675702 
91 721.368434959 102.249660896 176.381904145 
92 713.699438113 104.092999766 182.20756212 
93 705.979003159 105.885125116 188.135871725 
94 698.214436381 107.621741236 194.163822382 
95 690.413154725 109.298675774 200.288169502 
96 682.582685444 110.911895403 206.505419154 
97 674.730606725 112.457531409 212.811861866 
98 666.864509494 113.931902367 219.203588139 
99 658.991992202 115.331540141 225.676467657 
100 651.120615698 116.653198905 232.226185396 
