Time S I R
0  997 3 0
1 995.603464734 4.07405035497 0.322484911174 
2 993.710699544 5.5290195439 0.760280911611 
3 991.148848819 7.49698485385 1.35416632688 
4 987.687767365 10.153279859 2.15895277595 
5 983.023380049 13.7286095429 3.24801040801 
6 976.758285956 18.522746871 4.71896717252 
7 968.380748848 24.9185438853 6.70070726697 
8 957.245228927 33.3932051335 9.36156593903 
9 942.560583182 44.5211992331 12.9182175852 
10 923.39627955 58.9595968446 17.6441236054 
11 898.722039316 77.4026323778 23.8753283059 
12 867.499661989 100.490265834 32.0100721768 
13 828.842667737 128.659871573 42.4974606898 
14 782.243253651 161.946778779 55.8099675698 
15 727.831631182 199.771770279 72.3965985393 
16 666.587539068 240.793686372 92.6187745595 
17 600.395726141 282.924830364 116.679443495 
18 531.8634372 323.572781954 144.563780845 
19 463.91195877 360.076202822 176.011838408 
20 399.269344395 390.195646741 210.535008865 
21 340.045640131 412.481137866 247.473222003 
22 287.519201166 426.405273229 286.075525605 
23 242.153056626 432.265104069 325.581839306 
24 203.767592849 430.944058993 365.288348158 
25 171.769801101 423.641305247 404.588893652 
26 145.36195548 411.644982957 442.993061563 
27 123.695301795 396.178005288 480.126692918 
28 105.964617404 378.313806373 515.721576222 
29 91.4553310717 358.944859731 549.599809197 
30 79.5599272338 338.78288837 581.657184396 
31 69.7757614424 318.377008658 611.8472299 
32 61.6942216582 298.138396985 640.167381357 
33 54.9867111747 278.365784887 666.647503938 
34 49.3906003253 259.268760001 691.340639673 
35 44.6965515765 240.987680254 714.31576817 
36 40.7377317167 223.610034858 735.652233425 
37 37.3810624142 207.183441623 755.435495963 
38 34.5200573071 191.725980556 773.753962137 
39 32.0692238968 177.234125418 790.696650685 
40 29.9596316324 163.688859418 806.351508949 
41 28.135448289 151.060347047 820.804204664 
42 26.5512334259 139.31145831 834.137308264 
43 25.1698167008 128.400435563 846.429747736 
44 23.9606383129 118.282881605 857.756480082 
45 22.8984467636 108.913232352 868.188320885 
46 21.9622693689 100.245842948 877.791887683 
47 21.1346014872 92.2357669851 886.629631528 
48 20.4007613312 84.8393107253 894.759927943 
49 19.7483762949 78.0144133847 902.23721032 
50 19.1669665869 71.720903032 909.112130381 
51 18.6476300723 65.9206233745 915.431746553 
52 18.18275695 60.5775384266 921.239704623 
53 17.7658278557 55.657733089 926.576439055 
54 17.3912197399 51.1294187992 931.479361461 
55 17.0540799087 46.9628590021 935.983061089 
56 16.7501949637 43.1303180058 940.11948703 
57 16.4758970183 39.6059746658 943.918128316 
58 16.227984967 36.3658291169 947.406185916 
59 16.0036507778 33.387613271 950.608735951 
60 15.8004295544 30.6506863575 953.548884088 
61 15.6161465756 28.1359423434 956.247911081 
62 15.4488779394 25.82571413 958.725407931 
63 15.296928115 23.7036656183 960.999406267 
64 15.1587863727 21.7547236055 963.086490022 
65 15.0331042443 19.9649737527 965.001922003 
66 14.918683673 18.3215884436 966.759727883 
67 14.8144504003 16.8127426729 968.372806927 
68 14.719443058 15.4275422123 969.85301473 
69 14.6328018925 14.1559566825 971.211241425 
70 14.5537507851 12.9887479145 972.4575013 
71 14.4815955269 11.9174224212 973.600982052 
72 14.4157062313 10.9341573207 974.650136448 
73 14.3555185678 10.0317683728 975.612713059 
74 14.3005189005 9.20363858677 976.495842513 
75 14.2502456443 8.44369586519 977.30605849 
76 14.2042789538 7.74635084156 978.049370205 
77 14.1622375104 7.10646738429 978.731295105 
78 14.1237774074 6.5193334983 979.356889094 
79 14.0885898784 5.98062884703 979.930781275 
80 14.0563884007 5.48636820557 980.457243394 
81 14.0269116203 5.03288873337 980.940199646 
82 13.9999251573 4.61683763038 981.383237212 
83 13.9752161221 4.23513835623 981.789645522 
84 13.9525885299 3.88496011567 982.162451354 
85 13.9318640342 3.56370529566 982.50443067 
86 13.9128804017 3.268989698 982.8181299 
87 13.8954895035 2.99862443889 983.105886058 
88 13.879556086 2.75060150436 983.36984241 
89 13.864956714 2.5230783329 983.611964953 
90 13.8515785095 2.31436248663 983.834059004 
91 13.8393183598 2.12290111986 984.03778052 
92 13.8280820221 1.94726965052 984.224648327 
93 13.8177832953 1.78616048352 984.396056221 
94 13.8083433338 1.63837372994 984.553282936 
95 13.799690181 1.50281000598 984.697499813 
96 13.7917578181 1.37845893606 984.829783246 
97 13.7844858176 1.26439336744 984.951120815 
98 13.7778189887 1.15976369807 985.062417313 
99 13.7717066676 1.06378928418 985.164504048 
100 13.7661025333 0.975754587685 985.258142879 
