Time S I R
0.0  10000 1 0
1 9996.78604141 2.86400030513 1.3499582877 
2 9987.5917342 8.1940265542 5.2142392438 
3 9961.37178067 23.3744099663 16.2538093667 
4 9887.26399933 66.1222236141 47.6137770591 
5 9682.97980609 182.727543729 135.292650182 
6 9156.41496889 474.470523041 370.114508065 
7 8002.66852174 1062.61413436 935.717343899 
8 6160.93426633 1805.95080413 2034.11492954 
9 4259.09402188 2157.40682452 3584.4991536 
10 2923.28586144 1912.69648725 5165.01765131 
11 2160.89739545 1406.02167465 6434.0809299 
12 1750.72885582 932.206414612 7318.06472956 
13 1528.68192852 584.674322601 7887.64374888 
14 1405.85599377 355.742003807 8239.40200243 
15 1336.58531505 212.812912885 8451.60177207 
16 1296.97800354 126.090727834 8577.93126862 
17 1274.12968897 74.2966455734 8652.57366546 
18 1260.87686826 43.6383161484 8696.48481559 
19 1253.16428745 25.5835274707 8722.25218508 
20 1248.66706081 14.9824617036 8737.35047748 
21 1246.04166644 8.76861423699 8746.18971932 
22 1244.50798004 5.13002379514 8751.36199616 
23 1243.61167731 3.00064149378 8754.3876812 
24 1243.08774527 1.75490532167 8756.1573494 
25 1242.78144092 1.02626983167 8757.19228925 
26 1242.60235275 0.600137451757 8757.7975098 
27 1242.49763964 0.350936814889 8758.15142355 
28 1242.43641209 0.20521111718 8758.35837679 
29 1242.40061067 0.119996585573 8758.47939274 
30 1242.37967642 0.0701672833852 8758.55015629 
31 1242.36743543 0.0410297838204 8758.59153478 
32 1242.36027767 0.0239918114267 8758.61573052 
33 1242.35609225 0.0140289911161 8758.62987876 
34 1242.35364486 0.00820329088329 8758.63815185 
35 1242.35221383 0.00479690727913 8758.64298926 
36 1242.35137702 0.00280496367619 8758.64581802 
37 1242.3508877 0.00164021710688 8758.64747208 
38 1242.35060156 0.000959091549757 8758.64843934 
39 1242.35043424 0.000560806468071 8758.64900495 
40 1242.3503364 0.000327902105731 8758.6493357 
41 1242.3502792 0.000191753388522 8758.64952904 
42 1242.35024572 0.000112039258761 8758.64964224 
43 1242.35022616 6.54912909806e-05 8758.64970835 
44 1242.35021474 3.83108288945e-05 8758.64974695 
45 1242.35020808 2.24456663035e-05 8758.64976948 
46 1242.35020419 1.31815627408e-05 8758.64978263 
47 1242.3502019 7.73151627983e-06 8758.64979037 
48 1242.3502005 4.40985725347e-06 8758.64979509 
49 1242.35019973 2.57797757768e-06 8758.64979769 
50 1242.35019927 1.48035352983e-06 8758.64979925 
51 1242.35019902 8.75440915572e-07 8758.64980011 
52 1242.35019887 5.29277973173e-07 8758.6498006 
53 1242.35019878 3.18458418878e-07 8758.6498009 
54 1242.35019873 1.89255346139e-07 8758.64980108 
55 1242.3501987 1.12177213348e-07 8758.64980119 
56 1242.35019868 6.68133527069e-08 8758.64980126 
57 1242.35019867 3.99279314404e-08 8758.64980129 
58 1242.35019866 1.57312529806e-08 8758.64980133 
59 1242.35019865 -6.15918927056e-09 8758.64980136 
60 1242.35019864 -2.11332911433e-08 8758.64980138 
61 1242.35019864 -2.91910526376e-08 8758.64980139 
62 1242.35019864 -3.03324737536e-08 8758.64980139 
63 1242.35019864 -2.45575544911e-08 8758.64980139 
64 1242.35019864 -2.34889566571e-08 8758.64980138 
65 1242.35019864 -2.52099931631e-08 8758.64980139 
66 1242.35019864 -2.51491404645e-08 8758.64980139 
67 1242.35019864 -2.33063985613e-08 8758.64980138 
68 1242.35019864 -1.96817674535e-08 8758.64980138 
69 1242.35019864 -1.42752471411e-08 8758.64980137 
70 1242.35019864 -1.17547152547e-08 8758.64980137 
