Time S I R
0  997 3 0
1 994.56441788 5.25298286086 0.182599259612 
2 990.318255005 9.17973250632 0.502012488574 
3 982.954107378 15.9866584684 1.05923415317 
4 970.297340353 27.675902614 2.02675703292 
5 948.878201699 47.4285772742 3.69322102663 
6 913.561867924 79.9132848657 6.52484720991 
7 857.755005528 131.014435217 11.2305592549 
8 775.219280851 205.997104841 18.7836143077 
9 664.33451206 305.358084564 30.3074033758 
10 533.028117525 420.224490613 46.7473918624 
11 398.685880578 532.886779296 68.4273401255 
12 279.972817939 625.21067892 94.8165031408 
13 187.529418969 687.735543698 124.735037333 
14 122.02646213 721.159242478 156.814295392 
15 78.3769830849 731.758136971 189.864879944 
16 50.2732289238 726.710665716 223.01610536 
17 32.4505103947 711.852627057 255.696862548 
18 21.176737421 691.262632924 287.560629655 
19 14.0083403508 667.579970971 318.411688678 
20 9.40567450915 642.444432959 348.149892532 
21 6.41368363121 616.852512725 376.733803644 
22 4.44195490409 591.400633241 404.157411855 
23 3.12396302342 566.440267651 430.435769326 
24 2.23021103551 542.173577444 455.59621152 
25 1.61543175765 518.711558619 479.673009624 
26 1.1866294351 496.109262631 502.704107934 
27 0.883523123739 474.387368829 524.729108047 
28 0.666368490956 453.545611504 545.788020005 
29 0.508865143728 433.570592591 565.920542265 
30 0.393238254429 414.441197887 585.165563859 
31 0.307359915357 396.131739101 603.560900983 
32 0.242877157136 378.613979105 621.143143738 
33 0.193918865026 361.858517408 637.947563727 
34 0.156361104665 345.835548123 654.008090772 
35 0.127291754322 330.515402175 669.35730607 
36 0.104579647015 315.868970207 684.026450146 
37 0.0866700434469 301.867872522 698.045457435 
38 0.0724135162955 288.484584959 711.443001525 
39 0.0609802513668 275.69249994 724.246519808 
40 0.0517578484305 263.465977969 736.482264182 
41 0.0442562202045 251.780404425 748.175339355 
42 0.0381016508778 240.612127559 759.34977079 
43 0.0330233699581 229.938467987 770.028508643 
44 0.0288002408219 219.737675891 780.233523869 
45 0.025272391451 209.988916991 789.985810617 
46 0.0223062808432 200.672298076 799.305395643 
47 0.0197988416036 191.768731969 808.21146919 
48 0.0176662461089 183.259959462 816.722374292 
49 0.0158435756505 175.128532078 824.855624346 
50 0.0142771597008 167.35769167 832.62803117 
51 0.012924392943 159.931505163 840.055570444 
52 0.0117509315398 152.834697905 847.153551163 
53 0.0107291371065 146.052680734 853.936590129 
54 0.0098354170924 139.571515922 860.418648661 
55 0.00905229298132 133.377947938 866.612999769 
56 0.00836205376891 127.459159515 872.532478431 
57 0.0077518047799 121.802981395 878.1892668 
58 0.00721007111304 116.397754448 883.595035481 
59 0.00672796944173 111.232368177 888.760903853 
60 0.00629726764419 106.296167381 893.697535351 
61 0.00591160832619 101.579002857 898.415085535 
62 0.00556514714333 97.0711354788 902.923299374 
63 0.00525320732436 92.7633003339 907.231446459 
64 0.00497153976494 88.6466472316 911.348381229 
65 0.00471720525206 84.7127082982 915.282574497 
66 0.00448695916316 80.9533640738 919.042148967 
67 0.00427686342948 77.360811804 922.634911333 
68 0.00408425422006 73.9276334529 926.068282293 
69 0.00390804415781 70.6467961266 929.349295829 
70 0.00374717495356 67.5115699582 932.484682867 
71 0.00359994642997 64.5154890399 935.480911014 
72 0.00346470709201 61.6523674017 938.344167891 
73 0.00334003137368 58.9162952417 941.080364727 
74 0.00322506083648 56.3016434662 943.695131473 
75 0.00311889204636 53.8030228959 946.193858212 
76 0.00302070782152 51.4152855406 948.581693752 
77 0.00292977391234 49.133512009 950.863558217 
78 0.00284543861983 46.9529991694 953.044155392 
79 0.00276712470543 44.8692551103 955.127977765 
80 0.00269430023036 42.8779842227 957.119321477 
81 0.00262649066769 40.9750819636 959.022291546 
82 0.00256328704495 39.1566287161 960.840807997 
83 0.00250430942788 37.4188755783 962.578620112 
84 0.0024492220607 35.7582437828 964.239306995 
85 0.00239771742145 34.1713113223 965.82629096 
86 0.00234950820982 32.6548037358 967.342846756 
87 0.00230433963156 31.2055949671 968.792100693 
88 0.00226199088615 29.8207028575 970.177035152 
89 0.002222249802 28.497271441 971.500506309 
90 0.00218492069303 27.2325701462 972.765244933 
91 0.00214983573471 26.0239967397 973.973853425 
92 0.00211683590862 24.8690602707 975.128822893 
93 0.00208577205967 23.7653773148 976.232536913 
94 0.00205651237582 22.7106749874 977.2872685 
95 0.00202893615517 21.7027813145 978.295189749 
96 0.00200292908505 20.7396170275 979.258380043 
97 0.00197838634256 19.8191957755 980.178825838 
98 0.00195521472074 18.9396237861 981.058420999 
99 0.00193332543836 18.0990873587 981.898979316 
100 0.00191263570082 17.2958520503 982.702235314 
