Time S I R
0.0  10000 1 0
1 9998.92985467 1.12580166817 0.944343665218 
2 9997.72528948 1.26728423952 2.00742628278 
3 9996.36960381 1.42636350266 3.20403268506 
4 9994.8440707 1.60517895025 4.55075034891 
5 9993.12771176 1.80611635594 6.06617187954 
6 9991.19702634 2.03183425608 7.77113940669 
7 9989.02572443 2.28528914099 9.68898643224 
8 9986.58441762 2.5697636195 11.8458187596 
9 9983.84028606 2.88889539221 14.2708185519 
10 9980.75671967 3.24670648355 16.996573844 
11 9977.29293733 3.64763248209 20.0594301845 
12 9973.4035835 4.09655046318 23.4998660414 
13 9969.03827563 4.59880572958 27.3629186356 
14 9964.14118079 5.1602323678 31.6985868461 
15 9958.65054112 5.78717124338 36.5622876318 
16 9952.49822304 6.4864757907 42.0153011737 
17 9945.609258 7.26550941064 48.1252325921 
18 9937.90141178 8.13212727294 54.9664609481 
19 9929.28481633 9.09463419422 62.620549475 
20 9919.66163883 10.1617252095 71.1766359586 
21 9908.92588973 11.3423858606 80.7317244078 
22 9896.96334205 12.6457615697 91.3908963776 
23 9883.65165028 14.0809770574 103.267372667 
24 9868.86069875 15.6569053594 116.482395895 
25 9852.45323876 17.3818765918 131.164884645 
26 9834.28587453 19.2633199127 147.450805558 
27 9814.21050969 21.307331021 165.482159293 
28 9792.07622788 23.5181738204 185.405598303 
29 9767.73173639 25.8977071351 207.370556477 
30 9741.02844601 28.4447536842 231.526800302 
31 9711.82410993 31.1544295441 258.021460528 
32 9679.987129 34.0174519343 286.995419063 
33 9645.40143059 37.0194790326 318.579090378 
34 9607.97181375 40.1404992705 352.887686983 
35 9567.6297425 43.3543868734 390.01587063 
36 9524.33902828 46.6286523521 430.032319365 
37 9478.10177952 49.924385878 472.973834598 
38 9428.963189 53.1967128607 518.840098136 
39 9377.01648054 56.3953802918 567.588139165 
40 9322.40525359 59.466066928 619.128679486 
41 9265.32561526 62.3518124606 673.322572281 
42 9206.02522509 64.9950755888 729.979699324 
43 9144.80084012 67.3398595418 788.859300335 
44 9081.9934888 69.334256676 849.672254519 
45 9017.98127126 70.9326411186 912.08608762 
46 8953.17055669 72.0979447281 975.731498577 
47 8887.98593405 72.8035713487 1040.2104946 
48 8822.85876726 73.0345686105 1105.10666413 
49 8758.21580347 72.7883978487 1169.99579869 
50 8694.46812498 72.0749092596 1234.45696576 
51 8632.00115362 70.9156318139 1298.08321457 
52 8571.16593527 69.342536807 1360.49152792 
53 8512.27239116 67.3962392722 1421.33136957 
54 8455.58470721 65.1239513747 1480.29134141 
55 8401.31856966 62.5772533911 1537.10417695 
56 8349.64054913 59.8098410446 1591.54960983 
57 8300.66921113 56.8755047859 1643.45528408 
58 8254.47760698 53.826316386 1692.69607664 
59 8211.09703933 50.7111298243 1739.19183084 
60 8170.52152246 47.574497698 1782.90397984 
61 8132.71265549 44.4559129186 1823.83143159 
62 8097.60483969 41.3893867236 1862.00577358 
63 8065.11025287 38.4033318178 1897.48641531 
64 8035.12367443 35.5206704438 1930.35565512 
65 8007.52755212 32.7592642951 1960.71318358 
66 7982.19454468 30.1320707053 1988.67338462 
67 7958.99213987 27.6478563554 2014.36000377 
68 7937.78578795 25.3117807789 2037.90243128 
69 7918.44055473 23.1258012538 2059.43364401 
70 7900.82362128 21.0893025029 2079.08707622 
