Time S I R
0  997 3 0
1 995.036966982 4.86525548361 0.0977775341194 
2 991.86366746 7.88008608851 0.25624645145 
3 986.750756473 12.7365977658 0.51264576084 
4 978.556060612 20.5175662268 0.926373160875 
5 965.532586321 32.8763380811 1.5910755974 
6 945.110294662 52.238029124 2.65167621404 
7 913.748413861 81.9257124991 4.32587364018 
8 867.099385694 125.975033505 6.92558080131 
9 800.899910087 188.234515954 10.8655739589 
10 712.954650132 270.409117061 16.6362328066 
11 605.798291817 369.485289569 24.7164186143 
12 488.115491127 476.452313381 35.4321954923 
13 372.636561704 578.538721591 48.8247167049 
14 271.042688432 664.340009459 64.6173021088 
15 189.742569636 727.948580375 82.3088499893 
16 129.325934178 769.347869673 101.326196149 
17 86.7306346263 792.122140175 121.147225198 
18 57.7088266437 800.932447568 141.358725788 
19 38.3273852437 800.010424421 161.662190336 
20 25.5121180516 792.633272921 181.854609028 
21 17.0652299892 781.13101736 201.803752651 
22 11.4903946049 767.083164795 221.4264406 
23 7.79573279175 751.531966691 240.672300518 
24 5.33256601083 735.154993128 259.512440861 
25 3.67874019809 718.38938258 277.931877222 
26 2.55973462706 701.515692198 295.924573175 
27 1.79651531577 684.713249807 313.490234877 
28 1.27166346622 668.096114848 330.632221686 
29 0.907766144384 651.736022451 347.356211404 
30 0.653392112778 635.677281824 363.669326063 
31 0.474127028364 619.94630571 379.579567261 
32 0.3468006883 604.55775071 395.095448602 
33 0.255638313181 589.518613494 410.225748193 
34 0.189833845562 574.830813556 424.979352598 
35 0.142037156329 560.492804918 439.365157925 
36 0.10705775483 546.500957191 453.391985054 
37 0.0812583403358 532.850198776 467.068542884 
38 0.0620730459631 519.534526623 480.403400331 
39 0.047765900003 506.547262881 493.404971219 
40 0.0370074851221 493.881503091 506.081489423 
41 0.0288564511662 481.530132026 518.441011523 
42 0.022637191592 469.485949711 530.491413098 
43 0.0178518114698 457.741743282 542.240404907 
44 0.014180932717 446.290367757 553.695451311 
45 0.0113284831853 435.124760988 564.863910529 
46 0.00910812686345 424.237985485 575.752906389 
47 0.00736260371013 413.623163713 586.369473683 
48 0.00598791464051 403.273656721 596.720355364 
49 0.00488198006394 393.182837653 606.812280367 
50 0.00400220631059 383.344360432 616.651637362 
51 0.00329531919033 373.751896499 626.244808182 
52 0.00272698125696 364.399349814 635.597923205 
53 0.0022656571 355.280701519 644.717032824 
54 0.001884012049 346.390141814 653.607974174 
55 0.00156623127759 337.721970119 662.27646365 
56 0.00131024927009 329.270677394 670.728012356 
57 0.00110212429536 321.030819557 678.968078318 
58 0.000928078165089 312.997080994 687.001990928 
59 0.000790361194277 305.164358251 694.834851388 
60 0.000692833546736 297.527683843 702.471623323 
61 0.000616890184801 290.082098669 709.917284441 
62 0.000553274858021 282.822820609 717.176626116 
63 0.000495312932799 275.745208657 724.25429603 
64 0.000440015098548 268.844717526 731.154842459 
65 0.000387999405575 262.116898448 737.882713553 
66 0.000339673044891 255.557438458 744.442221869 
67 0.000297162233323 249.162143931 750.837558907 
68 0.000257908716549 242.926871413 757.072870678 
69 0.00022409082203 236.847629382 763.152146527 
70 0.000197160838866 230.920519242 769.079283597 
71 0.000177583819095 225.141737155 774.858085261 
72 0.000163253137771 219.507560127 780.49227662 
73 0.000152919030029 214.014374239 785.985472842 
74 0.000144158800026 208.658656995 791.341198846 
75 0.00013336544373 203.436973259 796.562893375 
76 0.000122552044331 198.345973402 801.653904046 
77 0.000112883538918 193.382387473 806.617499643 
78 0.000103834567881 188.543021057 811.456875108 
79 9.45989554566e-05 183.824751805 816.175153596 
80 8.46775826631e-05 179.224538794 820.775376528 
81 7.51893526285e-05 174.739446135 825.260478676 
82 6.64837878048e-05 170.366593717 829.633339799 
83 5.89553399095e-05 166.103171029 833.896770016 
84 5.30979878022e-05 161.946436349 838.053510553 
85 4.8769602131e-05 157.893721521 842.106229709 
86 4.55643171335e-05 153.94242617 846.057528266 
87 4.31386912396e-05 150.090012356 849.909944505 
88 4.09268666317e-05 146.334005058 853.665954015 
89 3.83410656468e-05 142.671990996 857.327970663 
90 3.58049130682e-05 139.101619935 860.89834426 
91 3.33511982262e-05 135.620598746 864.379367903 
92 3.09748287464e-05 132.226690686 867.773278339 
93 2.87434602342e-05 128.917713958 871.082257299 
94 2.66585819872e-05 125.691543316 874.308430026 
95 2.46590509505e-05 122.546108562 877.453866778 
96 2.28096898809e-05 119.479388995 880.520588195 
97 2.12155341615e-05 116.489413851 883.510564933 
98 1.99988782015e-05 113.574261203 886.425718798 
99 1.90451580693e-05 110.732060346 889.267920609 
100 1.82686158041e-05 107.960986322 892.038995409 
