Time S I R
0.0  10000 1 0
1 9999.41915462 0.849084865022 0.73176051323 
2 9998.92600098 0.720920419471 1.35307859614 
3 9998.50731106 0.612084107187 1.88060482999 
4 9998.15184367 0.519664849092 2.3284914837 
5 9997.85007282 0.441193791536 2.70873339232 
6 9997.59387449 0.374564218066 3.03156129586 
7 9997.37637384 0.317992272199 3.30563389017 
8 9997.19172846 0.26996130628 3.53831023577 
9 9997.03497578 0.229182570335 3.73584164925 
10 9996.90190404 0.194561927698 3.90353403349 
11 9996.78893604 0.165169828647 4.0458941307 
12 9996.69303582 0.140217172448 4.16674700682 
13 9996.61162426 0.119033468368 4.26934227246 
14 9996.54251275 0.101049644454 4.35643760867 
15 9996.48384326 0.0857825151502 4.43037422594 
16 9996.43403826 0.0728217868223 4.49313995049 
17 9996.39175849 0.0618190986735 4.54642240921 
18 9996.35586699 0.0524786872312 4.59165432033 
19 9996.32539863 0.0445494662301 4.63005190567 
20 9996.29953365 0.037818159938 4.66264818693 
21 9996.277576 0.0321036598008 4.69032034503 
22 9996.258937 0.0272527973855 4.71381019817 
23 9996.24311462 0.0231349310745 4.73375045332 
24 9996.22968306 0.0196392679026 4.75067767157 
25 9996.21828083 0.0166717328409 4.76504744079 
26 9996.20860148 0.0141525816082 4.77724594039 
27 9996.20038487 0.0120141141789 4.78760101715 
28 9996.19340975 0.0101987521052 4.79639149875 
29 9996.18748853 0.00865767633716 4.80385379229 
30 9996.18246187 0.00734941817722 4.81018870872 
31 9996.17819496 0.00623889309024 4.81556614193 
32 9996.174573 0.00529622103844 4.82013078284 
33 9996.17149827 0.00449597489066 4.82400575882 
34 9996.16888816 0.00381665390089 4.82729518373 
35 9996.1666723 0.00323993864702 4.83008776603 
36 9996.16479126 0.0027503689867 4.83245836831 
37 9996.1631945 0.00233478534368 4.83447071293 
38 9996.16183899 0.00198198979057 4.83617902326 
39 9996.16068832 0.00168251029323 4.83762916533 
40 9996.15971151 0.00142827745284 4.83886021317 
41 9996.15888242 0.00121249371196 4.83990508215 
42 9996.15817846 0.00102927560793 4.84079226142 
43 9996.15758089 0.000873746984473 4.84154536241 
44 9996.15707355 0.000741703209652 4.84218474489 
45 9996.15664291 0.000629620298289 4.84272747276 
46 9996.15627734 0.000534474506409 4.84318818764 
47 9996.15596704 0.000453712847325 4.84357925164 
48 9996.15570362 0.000385154742886 4.84391122356 
49 9996.15547998 0.000326949327708 4.84419306568 
50 9996.15529009 0.000277524706615 4.84443238945 
51 9996.15512899 0.000235597446022 4.8446354095 
52 9996.15499221 0.000199998141319 4.84480778833 
53 9996.15487611 0.000169779285133 4.84495411397 
54 9996.15477758 0.000144136008576 4.84507828375 
55 9996.15469389 0.000122353947034 4.84518375676 
56 9996.15462274 0.000103836483192 4.84527342195 
57 9996.15456229 8.81031535416e-05 4.84534960581 
58 9996.15451108 7.47748159705e-05 4.84541414423 
59 9996.15446763 6.34670054852e-05 4.84546889886 
60 9996.15443077 5.38725639279e-05 4.84551535702 
61 9996.15439958 4.5754405862e-05 4.84555466673 
62 9996.15437309 3.88603865502e-05 4.84558804892 
63 9996.15435059 3.30033924886e-05 4.84561640963 
64 9996.15433141 2.80127697389e-05 4.8456405752 
65 9996.1543152 2.37940563553e-05 4.84566100303 
66 9996.1543014 2.02016155195e-05 4.84567839833 
67 9996.1542897 1.71572858723e-05 4.84569313957 
68 9996.1542798 1.45787264866e-05 4.84570562546 
69 9996.1542714 1.2393110898e-05 4.84571620864 
70 9996.15426427 1.05373352653e-05 4.84572519466 
