Time S I R
0.0  10000 1 0
1 9997.42440577 3.16923917746 0.406355054697 
2 9989.26883635 10.0374021963 1.69376145574 
3 9963.50994639 31.7231802731 5.76687334003 
4 9882.80084683 99.6016620035 18.5974911656 
5 9636.12787439 306.400507388 58.4716182211 
6 8935.96183874 887.566131468 177.472029792 
7 7302.24678691 2202.77923148 495.973981612 
8 4753.8775491 4074.04621223 1173.07623868 
9 2464.31249396 5327.11294384 2209.57456219 
10 1165.6268059 5444.78699343 3390.58620067 
11 571.033836487 4913.72222128 4516.24394223 
12 305.861222275 4194.03071197 5501.10806576 
13 180.840758711 3490.04783289 6330.1114084 
14 117.123221699 2868.50973176 7015.36704654 
15 82.0588338181 2342.31230838 7576.6288578 
16 61.4041729197 1905.55780235 8034.03802473 
17 48.5144506539 1546.76419581 8405.72135354 
18 40.0751601242 1253.72760699 8707.19723289 
19 34.3270112516 1015.235174 8951.43781475 
20 30.2831558867 821.565758221 9149.15108589 
21 27.3626627392 664.527541493 9309.10979577 
22 25.208168401 537.321218407 9438.47061319 
23 23.5913016504 434.354669202 9543.05402915 
24 22.3604339827 351.051361329 9627.58820469 
25 21.4127642563 283.682438935 9695.90479681 
26 20.676417791 229.215748034 9751.10783417 
27 20.1000017887 185.190012584 9795.70998563 
28 19.6460466784 149.609755836 9831.74419749 
29 19.2868314378 120.858854477 9860.85431409 
30 19.001458961 97.628782523 9884.36975852 
31 18.7740281392 78.8609785442 9903.36499332 
32 18.5923091773 63.6992420907 9918.70844873 
33 18.4468119981 51.4513157491 9931.10187225 
34 18.3301244299 41.5576643948 9941.11221118 
35 18.2364146411 33.5659918725 9949.19759349 
36 18.1610760059 27.1108291637 9955.72809483 
37 18.1004536261 21.8968768747 9961.0026695 
38 18.0516380927 17.6855360435 9965.26282586 
39 18.0123073508 14.2840612591 9968.70363139 
40 17.9806037948 11.536739908 9971.4826563 
41 17.9550387264 9.31778675618 9973.72717452 
42 17.9344173732 7.52559931847 9975.53998331 
43 17.9177796562 6.07810659229 9977.00411375 
44 17.9043533623 4.9090180403 9978.1866286 
45 17.8935168946 3.96479043339 9979.14169267 
46 17.8847695677 3.20217647616 9979.91305396 
47 17.877707885 2.58624587624 9980.53604624 
48 17.872006538 2.0887861926 9981.03920727 
49 17.8674031637 1.68701076856 9981.44558607 
50 17.8636861094 1.36251555468 9981.77379834 
51 17.8606845931 1.10043625045 9982.03887916 
52 17.8582607858 0.888767449495 9982.25297176 
53 17.8563034379 0.717812903118 9982.42588366 
54 17.8547227431 0.579741349964 9982.56553591 
55 17.8534461977 0.468227809091 9982.67832599 
56 17.8524152632 0.378163894865 9982.76942084 
57 17.8515826731 0.305423791783 9982.84299354 
58 17.8509102607 0.246675277512 9982.90241446 
59 17.8503672059 0.199227074888 9982.95040572 
60 17.8499286203 0.16090556569 9982.98916581 
61 17.8495744049 0.129955227501 9983.02047037 
62 17.8492883277 0.104958158382 9983.04575351 
63 17.8490572815 0.0847693302259 9983.06617339 
64 17.8488706798 0.0684638727405 9983.08266545 
65 17.8487199723 0.0552947648803 9983.09598526 
66 17.8485982544 0.0446587401886 9983.10674301 
67 17.8484999499 0.0360685855157 9983.11543146 
68 17.8484205547 0.0291307493669 9983.1224487 
69 17.8483564315 0.0235274167861 9983.12811615 
70 17.8483046428 0.0190018946612 9983.13269346 
