Time S I R
0.0  10000 1 0
1 9998.15507301 1.70038206126 1.14454492399 
2 9995.01930803 2.89031501249 3.09037695888 
3 9989.69291135 4.91013013594 6.39695851199 
4 9980.65528042 8.33324124293 12.0114783398 
5 9965.34846184 14.1192742897 21.5322638742 
6 9939.50357611 23.8554933841 37.6409305056 
7 9896.09190523 40.1149264458 64.793168322 
8 9823.80508245 66.923873879 110.271043667 
9 9705.15852407 110.195833753 185.645642176 
10 9514.92887546 177.630476967 308.440647576 
11 9221.005872 276.911151082 503.082976916 
12 8791.54474445 410.520552606 798.934702941 
13 8211.69678064 567.121471187 1222.18174818 
14 7504.67672696 715.650203815 1780.67306922 
15 6738.01740745 813.850227845 2449.13236471 
16 5999.48770357 832.243237912 3169.26905851 
17 5358.51589446 772.338752919 3870.14535262 
18 4845.53649889 661.100280775 4494.36322034 
19 4457.67140692 531.42608504 5011.90250805 
20 4175.04077761 407.733592626 5418.22562977 
21 3973.7576684 302.505642919 5724.73668868 
22 3832.38751925 219.170972596 5949.44150816 
23 3733.92871349 156.179624702 6110.89166181 
24 3665.7071314 110.016715227 6225.27615338 
25 3618.58731736 76.8827820671 6305.52990058 
26 3586.10789789 53.432983267 6361.45911884 
27 3563.74913914 36.995026064 6400.25583479 
28 3548.37052923 25.5472606061 6427.08221016 
29 3537.79890888 17.6102921009 6445.59079902 
30 3530.53450521 12.1242083754 6458.34128641 
31 3525.54395795 8.34012582955 6467.11591622 
32 3522.11610099 5.73375555774 6473.15014346 
33 3519.76187888 3.94032260324 6477.29779851 
34 3518.14514978 2.70710249057 6480.14774773 
35 3517.03495195 1.8594988073 6482.10554924 
36 3516.27261441 1.27711817596 6483.45026741 
37 3515.7491534 0.877056211176 6484.37379039 
38 3515.38972501 0.602278722692 6485.00799627 
39 3515.14292998 0.4135701608 6485.44349986 
40 3514.97347442 0.283980485283 6485.7425451 
41 3514.85712262 0.194993109327 6485.94788427 
42 3514.77723325 0.133888734522 6486.08887801 
43 3514.72237981 0.0919315414064 6486.18568865 
44 3514.68471664 0.0631222560593 6486.2521611 
45 3514.65885654 0.0433409473342 6486.29780251 
46 3514.64110067 0.0297586565228 6486.32914068 
47 3514.62890921 0.0204327569472 6486.35065803 
48 3514.62053842 0.0140294404203 6486.36543214 
49 3514.6147909 0.00963280995685 6486.37557629 
50 3514.61084455 0.00661398733224 6486.38254146 
51 3514.60813507 0.00454132409479 6486.38732361 
52 3514.60627467 0.00311817701826 6486.39060715 
53 3514.60499725 0.00214099328528 6486.39286176 
54 3514.60412015 0.00147003641266 6486.39440982 
55 3514.60351795 0.00100937425416 6486.39547267 
56 3514.60310441 0.000693028530289 6486.39620256 
57 3514.60282048 0.00047583092141 6486.39670369 
58 3514.60262554 0.000326707522744 6486.39704775 
59 3514.60249169 0.000224312190816 6486.397284 
60 3514.6023998 0.00015402225822 6486.39744618 
61 3514.60233668 0.000105740586616 6486.39755757 
62 3514.60229329 7.25430057509e-05 6486.39763417 
63 3514.60226356 4.98013421257e-05 6486.39768664 
64 3514.60224321 3.42340850336e-05 6486.39772256 
65 3514.6022292 2.35211619476e-05 6486.39774727 
66 3514.60221958 1.61618878661e-05 6486.39776425 
67 3514.602213 1.11283865352e-05 6486.39777587 
68 3514.6022085 7.68301212681e-06 6486.39778382 
69 3514.60220534 5.26305033928e-06 6486.3977894 
70 3514.60220305 3.51718817232e-06 6486.39779343 
