Time S I R
0  997 3 0
1 992.142623401 7.79998200247 0.0573945960595 
2 979.672822878 20.1211432842 0.206033838064 
3 948.531552199 50.8827883406 0.585659460708 
4 875.838198802 122.63912747 1.52267372772 
5 729.925781401 266.409918306 3.66430029224 
6 509.171402434 482.931784812 7.89681275414 
7 285.465248968 699.837595861 14.6971551716 
8 133.971929056 842.440811369 23.5872595755 
9 56.9115667451 909.440017754 33.6484155013 
10 23.1973589742 932.60752384 44.1951171862 
11 9.34787182583 935.77597682 54.8761513544 
12 3.77273842726 930.688121104 65.5391404688 
13 1.53299177713 922.344478109 76.1225301141 
14 0.628448762761 912.769115243 86.6024359943 
15 0.260094624345 902.769805311 96.9701000642 
16 0.108613058916 892.668591088 107.222795853 
17 0.0458737618793 882.593918625 117.360207613 
18 0.0196465120301 872.597377181 127.382976307 
19 0.00825455903998 862.699583598 137.292161843 
20 0.00356811012045 852.907575412 147.088856478 
21 0.00161722459291 843.224029714 156.774353062 
22 0.000753871098254 833.649309943 166.349936186 
23 0.000378004280378 824.18295396 175.816668036 
24 3.35621712111e-05 814.824009967 185.175956471 
25 8.36515619085e-06 805.571024254 194.428967381 
26 4.83083572362e-05 796.423048449 203.576903243 
27 3.67985859384e-05 787.379007425 212.620955776 
28 5.72721205572e-06 778.437688143 221.56230613 
29 2.83016561298e-06 769.597876651 230.402120519 
30 3.18571824209e-06 760.858445395 239.141551419 
31 9.69264760897e-07 752.218252518 247.781746513 
32 2.72091597253e-07 743.676119521 256.323880207 
33 2.28601720664e-07 735.230955557 264.769044215 
34 1.87246882888e-07 726.881710753 273.118289059 
35 9.61244950304e-08 718.627344341 281.372655563 
36 1.3359795048e-08 710.466943775 289.533056212 
37 0 702.399244041 297.600755959 
38 0 694.423007112 305.576992888 
39 0 686.537244941 313.462755059 
40 0 678.741033133 321.258966867 
41 0 671.033358124 328.966641876 
42 0 663.413220551 336.586779449 
43 0 655.879618826 344.120381174 
44 0 648.431558354 351.568441646 
45 0 641.068085059 358.931914941 
46 0 633.788228905 366.211771095 
47 0 626.591041412 373.408958588 
48 0 619.475580539 380.524419461 
49 0 612.440921709 387.559078291 
50 0 605.486142252 394.513857748 
51 0 598.610339311 401.389660689 
52 0 591.812612083 408.187387917 
53 0 585.092074153 414.907925847 
54 0 578.447853493 421.552146507 
55 0 571.879088254 428.120911746 
56 0 565.384908683 434.615091317 
57 0 558.964467523 441.035532477 
58 0 552.616931752 447.383068248 
59 0 546.34148029 453.65851971 
60 0 540.137303993 459.862696007 
61 0 534.003590003 465.996409997 
62 0 527.939528098 472.060471902 
63 0 521.94432755 478.05567245 
64 0 516.017207103 483.982792897 
65 0 510.157394976 489.842605024 
66 0 504.36412812 495.63587188 
67 0 498.636647831 501.363352169 
68 0 492.974206457 507.025793543 
69 0 487.376065933 512.623934067 
70 0 481.841497112 518.158502888 
71 0 476.369779767 523.630220233 
72 0 470.960201203 529.039798797 
73 0 465.612048738 534.387951262 
74 0 460.324628667 539.675371333 
75 0 455.097251549 544.902748451 
76 0 449.929236563 550.070763437 
77 0 444.819910012 555.180089988 
78 0 439.768595372 560.231404628 
79 0 434.774631239 565.225368761 
80 0 429.837366482 570.162633518 
81 0 424.956157766 575.043842234 
82 0 420.130369435 579.869630565 
83 0 415.359373405 584.640626595 
84 0 410.642549048 589.357450952 
85 0 405.979283084 594.020716916 
86 0 401.368969469 598.631030531 
87 0 396.811009284 603.188990716 
88 0 392.30481062 607.69518938 
89 0 387.849788473 612.150211527 
90 0 383.445364626 616.554635374 
91 0 379.090967542 620.909032458 
92 0 374.786032252 625.213967748 
93 0 370.530000242 629.469999758 
94 0 366.322319137 633.677680863 
95 0 362.162436666 637.837563334 
96 0 358.049808539 641.950191461 
97 0 353.9838988 646.0161012 
98 0 349.964177205 650.035822795 
99 0 345.990119097 654.009880903 
100 0 342.061205295 657.938794705 
