Time S I R
0  997 3 0
1 994.043806197 5.65710137879 0.299092423821 
2 988.501220531 10.6365118005 0.86226766871 
3 978.191583967 19.8901480443 1.91826798888 
4 959.294979563 36.8219813884 3.88303904844 
5 925.574512394 66.9382240782 7.48726352821 
6 868.176520637 117.88805652 13.9354228431 
7 777.882548966 197.120832957 24.9966180769 
8 651.989393928 305.231854051 42.7787520207 
9 502.846730255 428.212719355 68.9405503891 
10 356.275101649 540.077447353 103.647450999 
11 235.720593188 619.028387701 145.251019111 
12 149.523585058 659.377553788 191.098861155 
13 93.2681475313 668.094646339 238.63720613 
14 58.2880423587 655.727307829 285.984649812 
15 36.9238138502 631.10809908 331.96808707 
16 23.8615482244 600.196609728 375.941842047 
17 15.7791985877 566.623114867 417.597686545 
18 10.6888968847 532.483647446 456.827455669 
19 7.41681973686 498.946567958 493.636612305 
20 5.268021947 466.639031405 528.092946648 
21 3.8264321052 435.876685741 560.296882154 
22 2.8389086425 406.796691858 590.3643995 
23 2.14883396956 379.433866454 618.417299576 
24 1.65735597811 353.765062568 644.577581454 
25 1.30097374185 329.734696447 668.964329811 
26 1.0381897086 307.269827346 691.691982945 
27 0.841333003769 286.289242085 712.869424911 
28 0.69170146898 266.708679609 732.599618922 
29 0.57634549578 248.444164574 750.979489931 
30 0.486260310729 231.413694298 768.100045391 
31 0.415066863252 215.538384021 784.046549116 
32 0.358166728114 200.743076333 798.898756939 
33 0.31220862676 186.956590548 812.731200825 
34 0.274729865435 174.111794571 825.613475563 
35 0.243906425454 162.145537023 837.610556552 
36 0.218311691426 150.998687849 848.783000459 
37 0.196850625565 140.615783536 859.187365838 
38 0.178771009974 130.945002893 868.876226097 
39 0.16343343686 121.937852088 877.898714475 
40 0.150343890965 113.549141647 886.300514462 
41 0.139110775998 105.736651958 894.124237266 
42 0.129402381924 98.4609559082 901.40964171 
43 0.120969971146 91.6852976501 908.193732379 
44 0.113614091869 85.3754322391 914.510953669 
45 0.107167958178 79.4994397706 920.393392271 
46 0.101494780167 74.02754666 925.87095856 
47 0.096481946823 68.9320046285 930.971513425 
48 0.092037638552 64.1870044697 935.720957892 
49 0.0880841267477 59.7684584317 940.143457442 
50 0.0845558848281 55.6539455509 944.261498564 
51 0.0813993223263 51.8225939913 948.096006686 
52 0.0785649242682 48.2548707617 951.666564314 
53 0.0760142032741 44.9326725133 954.991313283 
54 0.0737134201947 41.8391219684 958.087164611 
55 0.0716337841205 38.9585009524 960.969865263 
56 0.0697500238294 36.2761585197 963.654091456 
57 0.0680405850862 33.7784589322 966.153500483 
58 0.0664864698733 31.4526925527 968.480820977 
59 0.0650713255192 29.2870339767 970.647894698 
60 0.0637806883524 27.2704637119 972.6657556 
61 0.0626020127684 25.3927278652 974.544670122 
62 0.0615240724625 23.6442657496 976.294210178 
63 0.0605368672542 22.0161709117 977.923292221 
64 0.0596316602655 20.5001608008 979.440207539 
65 0.0588011169444 19.0885363905 980.852662493 
66 0.0580384001037 17.7741151566 982.167846443 
67 0.0573370961426 16.5501957493 983.392467155 
68 0.0566915818792 15.41054269 984.532765728 
69 0.0560970201138 14.3493583538 985.594544626 
70 0.0555490830179 13.3612450808 986.583205836 
71 0.0550437041176 12.4411700454 987.503786251 
72 0.0545772461949 11.5844492467 988.360973507 
73 0.0541464565739 10.7867205338 989.15913301 
74 0.0537483929106 10.0439216061 989.902330001 
75 0.0533803725718 9.35227021506 990.594349412 
76 0.0530399615255 8.7082458231 991.238714215 
77 0.0527249447897 8.10856945823 991.838705597 
78 0.0524333031657 7.55018704414 992.397379653 
79 0.0521631960571 7.03025512733 992.917581677 
80 0.0519129399886 6.54612613048 993.40196093 
81 0.0516809960594 6.09533470816 993.852984296 
82 0.0514659500691 5.6755840739 994.272949976 
83 0.0512665137882 5.28473757858 994.663995908 
84 0.0510815141043 4.92080788328 995.028110603 
85 0.0509098596355 4.58194079075 995.36714935 
86 0.0507505453404 4.26640923126 995.682840223 
87 0.0506026480767 3.97260539481 995.976791957 
88 0.0504653202013 3.69903279706 996.250501883 
89 0.0503377833118 3.44429888451 996.505363332 
90 0.0502193221513 3.20710782264 996.742672855 
91 0.0501092696335 2.98625059222 996.963640138 
92 0.0500070126969 2.78060253333 997.169390454 
93 0.0499119854671 2.58911656908 997.360971445 
94 0.049823664181 2.41081698554 997.53935935 
95 0.0497415656762 2.24479579757 997.705462637 
96 0.0496652427906 2.09020746928 997.860127288 
97 0.0495942808144 1.9462644644 998.004141255 
98 0.0495282970113 1.81223424047 998.138237463 
99 0.0494669363472 1.68743422254 998.263098841 
100 0.0494098694978 1.57122846381 998.379361667 
