Time S I R
0.0  10000 1 0
1 9998.82674283 1.16887577863 1.00438138875 
2 9997.45562029 1.36608246582 2.17829724595 
3 9995.85353449 1.59630428389 3.55016122707 
4 9993.98195698 1.86497393474 5.15306908979 
5 9991.79606259 2.17838448133 7.02555293289 
6 9989.24375849 2.54381187092 9.21242963682 
7 9986.26457247 2.9696514123 11.7657761176 
8 9982.78839115 3.46556710367 14.7460417448 
9 9978.73406602 4.04265025828 18.2232837214 
10 9974.00782879 4.71358823643 22.2785829724 
11 9968.5015513 5.49283644035 27.0056122605 
12 9962.09087585 6.39678425724 32.5123398936 
13 9954.63319981 7.44390535949 38.9228948278 
14 9945.96555167 8.65487927703 46.3795690491 
15 9935.90244141 10.0526594225 55.0448991705 
16 9924.23375844 11.6624611113 65.1037804502 
17 9910.72285941 13.5116282924 76.7655123003 
18 9895.10501606 15.6293360922 90.2656478489 
19 9877.08645653 18.046071713 105.867471756 
20 9856.34428596 20.7928323078 123.862881737 
21 9832.52770639 23.8999535947 144.572340018 
22 9805.26093618 27.3955103088 168.343553514 
23 9774.14833927 31.3032164278 195.548444298 
24 9738.78229344 35.6397885419 226.57791802 
25 9698.75428346 40.4117783649 261.833938175 
26 9653.66962116 45.6119545493 301.718424294 
27 9603.16583937 51.2153898277 346.6187708 
28 9546.93498524 57.1755819153 396.88943284 
29 9484.74851197 63.4210917494 452.830396282 
30 9416.48398337 69.8531738533 514.662842775 
31 9342.15190649 76.3450277863 582.503065727 
32 9261.91847645 82.7438541999 656.337669352 
33 9176.12413798 88.875145654 736.000716366 
34 9085.29219202 94.5506018344 821.157206148 
35 8990.12631006 99.578676561 911.295013376 
36 8891.49514615 103.77727552 1005.72757833 
37 8790.40378545 106.987267152 1103.6089474 
38 8687.95369303 109.08515986 1203.96114711 
39 8585.29455627 109.993254582 1305.71218915 
40 8483.57233803 109.685833865 1407.74182811 
41 8383.87864905 108.190538321 1508.93081262 
42 8287.20604368 105.584847231 1608.20910908 
43 8194.41281846 101.988332866 1704.59884868 
44 8106.19951833 97.5519038783 1797.24857779 
45 8023.09769825 92.4455835506 1885.4567182 
46 7945.47004442 86.8463509237 1968.68360465 
47 7873.51992506 80.9273034703 2046.55277147 
48 7807.30787864 74.8489819651 2118.84313939 
49 7746.7724302 68.7532467509 2185.47432305 
50 7691.75285486 62.7597009953 2246.48744415 
51 7642.01191584 56.9643666952 2302.02371746 
52 7597.25718017 51.4401570078 2352.30266282 
53 7557.15997061 46.2386399952 2397.6013894 
54 7521.37146986 41.3926005555 2438.23592959 
55 7489.53585512 36.9189867549 2474.54515813 
56 7461.30057875 32.8219234436 2506.87749781 
57 7436.32406347 29.09557223 2535.5803643 
58 7414.28116025 25.7267014847 2560.99213827 
59 7394.86675701 22.6968961929 2583.4363468 
60 7377.79782611 19.984397661 2603.21777623 
61 7362.81441374 17.5655626596 2620.6200236 
62 7349.67965981 15.41601077 2635.90432942 
63 7338.17921888 13.5114762935 2649.30930482 
64 7328.12023882 11.8284210398 2661.05134014 
65 7319.33005401 10.3444549371 2671.32549105 
66 7311.65472751 9.038604529 2680.30666797 
67 7304.95750297 7.89145915699 2688.15103787 
68 7299.11726202 6.88523133066 2694.99750665 
69 7294.02702049 6.00375302137 2700.96922649 
70 7289.59249437 5.23242715363 2706.17507847 
