Time S I R
0  997 3 0
1 992.655938095 7.16221769294 0.18184421223 
2 982.393512465 16.9918736378 0.614613897098 
3 958.642701707 39.7235101651 1.63378812771 
4 906.194599303 89.8285427179 3.97685797863 
5 801.47086571 189.438184973 9.09094931739 
6 628.801999682 352.002932452 19.195067866 
7 417.271126572 546.456426242 36.2724471859 
8 234.554799822 705.183925524 60.2612746536 
9 117.75470778 793.288144414 88.9571478056 
10 56.1042455606 824.064117875 119.831636565 
11 26.4226314604 822.387942803 151.189425737 
12 12.5625970324 805.285946278 182.15145669 
13 6.08784375104 781.59260547 212.319550779 
14 3.01874047662 755.449190712 241.532068812 
15 1.53355182387 728.730243616 269.73620456 
16 0.798220486097 702.273642808 296.928136706 
17 0.425518020826 676.44866279 323.12581919 
18 0.232175976615 651.411161724 348.356662299 
19 0.129499634093 627.218612848 372.651887518 
20 0.0738442528598 603.882227907 396.04392784 
21 0.0430098888437 581.391824251 418.56516586 
22 0.0256204464387 559.727004195 440.247375359 
23 0.0155191377398 538.863001444 461.121479418 
24 0.00956342339623 518.773016131 481.217420445 
25 0.00600876032001 499.429888784 500.564102456 
26 0.0038432106785 480.806763394 519.189393395 
27 0.00250017222231 462.877352966 537.120146862 
28 0.00165612762942 445.616149518 554.382194354 
29 0.00110716136692 428.998382206 571.000510633 
30 0.000748472983787 413.000142562 586.999108965 
31 0.000515331754286 397.598396279 602.401088389 
32 0.000359615842171 382.770933705 617.228706679 
33 0.000247198428838 368.496347194 631.503405608 
34 0.000164126113987 354.754014033 645.245821841 
35 0.000108077043024 341.524134459 658.475757464 
36 6.70485133014e-05 328.78749183 671.212441121 
37 5.36930465387e-05 316.525912244 683.474034063 
38 6.00146610168e-05 304.721668185 695.2782718 
39 6.80706781395e-05 293.357618546 706.642313383 
40 6.86208412617e-05 282.417406367 717.582525012 
41 6.21498593318e-05 271.885173149 728.114764701 
42 4.98091771988e-05 261.745723309 738.254226882 
43 3.4169312471e-05 251.984435802 748.015530029 
44 1.97650861082e-05 242.58714311 757.412837125 
45 1.33154753712e-05 233.540317445 766.45966924 
46 1.46883849084e-05 224.830872669 775.169112642 
47 2.04787602343e-05 216.446217405 783.553762116 
48 2.62784773213e-05 208.374261574 791.625712147 
49 2.67376763077e-05 200.603362349 799.396610913 
50 2.56122556266e-05 193.122311949 806.877662439 
51 2.31569983953e-05 185.920281535 814.079695308 
52 1.94641788767e-05 178.986796679 821.013183856 
53 1.48529584294e-05 172.311840933 827.688144214 
54 1.00145549595e-05 165.885819909 834.114170077 
55 6.3621253048e-06 159.699443697 840.300549941 
56 5.54102552996e-06 153.743763562 846.256230897 
57 6.48501861633e-06 148.010189269 851.989804246 
58 8.23384129944e-06 142.490441251 857.509550515 
59 9.35992784434e-06 137.176541133 862.823449507 
60 9.15906230148e-06 132.06081164 867.939179201 
61 8.48809281706e-06 127.135869135 872.864122377 
62 7.48535933326e-06 122.394594934 877.605397581 
63 6.50675451652e-06 117.830131709 882.169861784 
64 5.54151574761e-06 113.435889848 886.564104611 
65 4.59815566956e-06 109.205525816 890.794469586 
66 3.97785936457e-06 105.132923764 894.867072258 
67 3.88115108763e-06 101.212197617 898.787798502 
68 4.14325154452e-06 97.437690133 902.562305724 
69 4.65191112653e-06 93.8039474864 906.196047862 
70 5.1033574664e-06 90.3057173411 909.694277556 
71 5.00658563851e-06 86.9379420331 913.06205296 
72 4.73357681585e-06 83.695754967 916.304240299 
73 4.47492266176e-06 80.5744724579 919.425523067 
74 4.23935887284e-06 77.5695890232 922.430406737 
75 3.98411373226e-06 74.6767737954 925.32322222 
76 3.74445141915e-06 71.8918487355 928.10814752 
77 3.64093909866e-06 69.210779875 930.789216484 
78 3.64395600627e-06 66.6296946394 933.370301717 
79 3.63334117992e-06 64.1448669866 935.85512938 
80 3.44436909927e-06 61.7527109232 938.247285632 
81 3.24797099438e-06 59.4497658484 940.550230904 
82 3.07538687139e-06 57.2327037282 942.767293196 
83 2.92075822017e-06 55.0983219515 944.901675128 
84 2.77411027128e-06 53.0435381569 946.956459069 
85 2.63388005806e-06 51.0653832942 948.934614072 
86 2.5022002319e-06 49.1609987352 950.838998763 
87 2.37963479321e-06 47.3276337581 952.672363862 
88 2.27046291457e-06 45.5626409601 954.437356769 
89 2.17846331907e-06 43.8634715474 956.136526274 
90 2.09549352803e-06 42.2276692728 957.772328632 
91 2.01983152692e-06 40.6528708629 959.347127117 
92 1.94999279302e-06 39.1368014175 960.863196632 
93 1.88420187897e-06 37.6772710847 962.322727031 
94 1.82237567969e-06 36.2721708884 963.727827289 
95 1.76445018951e-06 34.9194706847 965.080527551 
96 1.71013823547e-06 33.6172164903 966.3827818 
97 1.65930111962e-06 32.3635276261 967.636470715 
98 1.61181560543e-06 31.1565926833 968.843405705 
99 1.56749149482e-06 29.9946664683 970.005331964 
100 1.52620634708e-06 28.8760704429 971.123928031 
