Time S I R
0  997 3 0
1 996.398158578 3.47722668001 0.124614742108 
2 995.70107182 4.02988346896 0.269044710698 
3 994.893865553 4.6697176516 0.436416795268 
4 993.959388103 5.41026396754 0.630347929335 
5 992.877915762 6.267071739 0.855012499461 
6 991.626778038 7.25799307168 1.1152288906 
7 990.179977432 8.4034731092 1.41654945853 
8 988.507712503 9.72691157776 1.76537591948 
9 986.575937049 11.2549925533 2.16907039772 
10 984.345827228 13.0180790279 2.63609374369 
11 981.77323472 15.0506103102 3.17615496983 
12 978.808124041 17.3915003693 3.80037559007 
13 975.394002572 20.0845286912 4.52146873703 
14 971.46737116 23.1786930676 5.35393577288 
15 966.957230047 26.728497545 6.31427240841 
16 961.784683441 30.7941326394 7.42118391981 
17 955.862698537 35.4414954457 8.69580601701 
18 949.096099303 40.7419790937 10.161921603 
19 941.381875695 46.7719604907 11.8461638147 
20 932.609919366 53.6118885343 13.7781920999 
21 922.664302113 61.3448735298 15.9908243571 
22 911.425239498 70.0546591602 18.5201013422 
23 898.77183663 79.8229019984 21.4052613716 
24 884.585734019 90.7256705262 24.6885954546 
25 868.755724637 102.82912653 28.4151488332 
26 851.183314007 116.184433286 32.6322527065 
27 831.789141185 130.822035905 37.3888229109 
28 810.520010991 146.745532482 42.7344565268 
29 787.356181201 163.925548569 48.7182702304 
30 762.318151043 182.294323499 55.3875254584 
31 735.472709418 201.741231255 62.7860593272 
32 706.937050515 222.110381897 70.9525675875 
33 676.880170393 243.200950931 79.9188786758 
34 645.521647153 264.770106029 89.7082468183 
35 613.126486208 286.539668585 100.333845207 
36 579.996672836 308.205708501 111.797618663 
37 546.460011968 329.450518697 124.089469335 
38 512.856354636 349.956638961 137.187006403 
39 479.523617317 369.420535859 151.055846824 
40 446.783531189 387.566090821 165.65037799 
41 414.929092302 404.15583491 180.915072788 
42 384.215267795 418.998618803 196.786113402 
43 354.85180039 431.954903002 213.193296608 
44 327.000120041 442.937797885 230.062082074 
45 300.773296232 451.911167829 247.315535938 
46 276.238300563 458.885442554 264.876256883 
47 253.420814779 463.911129901 282.668055321 
48 232.310729145 467.07194399 300.617326865 
49 212.868690643 468.477088404 318.654220953 
50 195.032683993 468.253847786 336.713468221 
51 178.723845987 466.541208106 354.734945907 
52 163.852118867 463.48385897 372.664022163 
53 150.320888397 459.22744371 390.451667893 
54 138.030698763 453.914870221 408.054431017 
55 126.882347014 447.683383597 425.434269389 
56 116.779093875 440.662623239 442.558282886 
57 107.628296772 432.973294601 459.398408627 
58 99.3425501615 424.726382865 475.931066974 
59 91.8400279678 416.023268419 492.136703613 
60 85.0453122811 406.955139305 507.999548414 
61 78.8889259563 397.603949931 523.507124113 
62 73.3076936487 388.042339671 538.64996668 
63 68.244036913 378.33474151 553.421221577 
64 63.646064148 368.537553283 567.816382569 
65 59.4668334933 358.700204459 581.832962048 
66 55.6642537907 348.865484371 595.470261839 
67 52.2004444893 339.070440394 608.729115117 
68 49.0415262879 329.346795286 621.611678426 
69 46.1571082092 319.721651384 634.121240406 
70 43.5200373384 310.21791155 646.262051112 
71 41.1060064896 300.85482125 658.03917226 
72 38.8932949655 291.648365628 669.458339406 
73 36.8624359567 282.611702716 680.525861327 
74 34.9960517662 273.755460341 691.248487893 
75 33.2785870755 265.08806567 701.633347254 
76 31.6961057247 256.616043043 711.687851232 
77 30.2361201464 248.344254052 721.419625802 
78 28.8874377161 240.27609636 730.836465924 
79 27.6400013557 232.413739325 739.946259319 
80 26.484791256 224.758241671 748.756967073 
81 25.4136845574 217.309749657 757.276565786 
82 24.419374817 210.067600204 765.513024979 
83 23.4952822016 203.030440275 773.474277524 
84 22.6354600655 196.196353996 781.168185939 
85 21.8345517692 189.562912234 788.602535997 
86 21.087701735 183.127292193 795.785006072 
87 20.3905236776 176.886313406 802.723162917 
88 19.7390393342 170.836517153 809.424443512 
89 19.1296375534 164.974216445 815.896146002 
90 18.5590439147 159.295530807 822.145425278 
91 18.024273075 153.796446486 828.179280439 
92 17.5226138594 148.472829554 834.004556587 
93 17.0515902681 143.320473845 839.627935887 
94 16.6089446962 138.335117194 845.05593811 
95 16.1926127064 133.512469924 850.29491737 
96 15.800703313 128.848235615 855.351061072 
97 15.4314948468 124.338109739 860.230395415 
98 15.0834096637 119.977808904 864.938781432 
99 14.7549837009 115.763107817 869.481908482 
100 14.4448834391 111.689807936 873.865308625 
