Time S I R
0  997 3 0
1 996.190626537 3.68106674037 0.128306722394 
2 995.198513913 4.51576145651 0.285724630241 
3 993.982950018 5.53823849393 0.478811487634 
4 992.494421536 6.78999899777 0.71557946644 
5 990.672867123 8.32133014836 1.00580272885 
6 988.445607417 10.1930006397 1.36139194376 
7 985.725020723 12.4781481011 1.79683117552 
8 982.405922434 15.2643828609 2.329694705 
9 978.362708318 18.6560426715 2.98124901082 
10 973.446383485 22.7764769409 3.777139574 
11 967.481641555 27.7701882019 4.74817024296 
12 960.264336428 33.8045152212 5.93114835041 
13 951.559776039 41.0704382589 7.36978570262 
14 941.102512536 49.7818846114 9.11560285242 
15 928.598512976 60.1727228995 11.2287641246 
16 913.730802529 72.4904603073 13.7787371637 
17 896.169828734 86.9855429565 16.8446283099 
18 875.589768983 103.895227609 20.5150034076 
19 851.691662674 123.421367177 24.8869701486 
20 824.233408106 145.702294898 30.0642969954 
21 793.065430749 170.78023276 36.1543364911 
22 758.168630791 198.56769358 43.2636756289 
23 719.689338032 228.818116761 51.4925452069 
24 677.964133241 261.107579577 60.9282871817 
25 633.526984029 294.834569493 71.6384464774 
26 587.09294588 329.242767322 83.6642867986 
27 539.516725346 363.467625356 97.0156492986 
28 491.729998097 396.602002746 111.667999156 
29 444.666807599 427.770974702 127.562217699 
30 399.189565613 456.203181458 144.607252929 
31 356.027873886 481.286869059 162.685257054 
32 315.738733292 502.602813947 181.658452761 
33 278.691202008 519.932019892 201.3767781 
34 245.073234299 533.2413796 221.685386101 
35 214.914837493 542.653891216 242.431271292 
36 188.120377756 548.411046955 263.468575289 
37 164.503478439 550.834117792 284.662403769 
38 143.819668066 550.289121475 305.891210459 
39 125.793933939 547.158119295 327.047946766 
40 110.14206644 541.817690494 348.040243067 
41 96.5859150066 534.624192233 368.78989276 
42 84.8634041022 525.904701331 389.231894566 
43 74.7341224465 515.952684819 409.313192735 
44 65.9820498775 505.026588967 428.991361155 
45 58.4159347515 493.350782568 448.233282681 
46 51.868665539 481.117454277 467.013880184 
47 46.1952480498 468.4898504 485.314901551 
48 41.2706890783 455.605440856 503.123870066 
49 36.9878984623 442.578928756 520.433172782 
50 33.255314154 429.505461441 537.239224405 
51 29.994830121 416.463396042 553.541773837 
52 27.1399510509 403.516742352 569.343306597 
53 24.6340799936 390.71738996 584.648530046 
54 22.4289802734 378.107054039 599.463965688 
55 20.4836409324 365.718805888 613.79755318 
56 18.763091556 353.578528768 627.658379676 
57 17.2374834604 341.706116305 641.056400235 
58 15.8813087889 330.116449827 654.002241384 
59 14.6727406613 318.820240678 666.50701866 
60 13.5930520256 307.824758061 678.582189913 
61 12.6261740367 297.134382775 690.239443189 
62 11.758252543 286.751166815 701.490580642 
63 10.9773576406 276.675191864 712.347450495 
64 10.2731592684 266.904972862 722.82186787 
65 9.63672463854 257.437706161 732.9255692 
66 9.06028795938 248.26955336 742.67015868 
67 8.53709881681 239.395823816 752.067077367 
68 8.06126989507 230.81115853 761.127571575 
69 7.62765543325 222.509674399 769.862670168 
70 7.23175072445 214.485081711 778.283167564 
71 6.86959040611 206.730803254 786.39960634 
72 6.5377132861 199.240008184 794.22227853 
73 6.23306302081 192.005728803 801.761208176 
74 5.95291754054 185.020940526 809.026141933 
75 5.69489792497 178.278539383 816.026562692 
76 5.45686984068 171.771457307 822.771672853 
77 5.23695076119 165.492642675 829.270406564 
78 5.03346651506 159.435105581 835.531427904 
79 4.84491267667 153.591956974 841.563130349 
80 4.66995897757 147.956392869 847.373648153 
81 4.50740401148 142.521744138 852.97085185 
82 4.35617506452 137.28146656 858.362358376 
83 4.21531008558 132.229154287 863.555535628 
84 4.08393843464 127.358555027 868.557506538 
85 3.96128125878 122.663561155 873.375157586 
86 3.84663107476 118.138227516 878.01514141 
87 3.73934981866 113.776765185 882.483884997 
88 3.63885925697 109.573545485 886.787595258 
89 3.54463174015 105.523103853 890.932264407 
90 3.45619410018 101.620127081 894.923678819 
91 3.373119607 97.8594560904 898.767424303 
92 3.2950073008 94.2361053496 902.46888735 
93 3.22149647669 90.7452369828 906.03326654 
94 3.15226154684 87.3821605321 909.465577921 
95 3.08700018242 84.1423411999 912.770658618 
96 3.02543478473 81.021391602 915.953173613 
97 2.96731418589 78.0150634248 919.017622389 
98 2.91240749381 75.1192490634 921.968343443 
99 2.86049873149 72.3299824567 924.809518812 
100 2.81139182783 69.6434272254 927.545180947 
