Time S I R
0  997 3 0
1 992.777961367 6.89712530116 0.324913331647 
2 983.167519081 15.7627992373 1.06968168183 
3 961.694653324 35.5449584106 2.76038826574 
4 915.64657304 77.8363528403 6.51707411974 
5 825.024760068 160.478994674 14.4962452582 
6 673.345017009 296.604540951 30.0504420408 
7 476.786830529 466.733994272 56.479175199 
8 290.962669486 614.745670301 94.2916602131 
9 159.538814431 700.162248485 140.298937084 
10 83.2730669632 726.649421937 190.077511099 
11 43.2176160351 716.488956163 240.293427801 
12 22.8494423947 688.061944832 289.088612774 
13 12.446076307 651.951868237 335.602055456 
14 7.01431147847 613.478343907 379.507344614 
15 4.093544909 575.167276299 420.739178792 
16 2.47212113161 538.173635006 459.354243863 
17 1.54258487344 502.993705294 495.463709832 
18 0.992915138299 469.806212703 529.200872159 
19 0.65798302933 438.636579258 560.705437713 
20 0.448121917229 409.435858815 590.116019268 
21 0.313108561751 382.120435192 617.566456246 
22 0.224087149614 356.591720979 643.184191871 
23 0.163990589102 332.746393934 667.089615477 
24 0.122547647951 310.481502019 689.395950333 
25 0.0933769112402 289.697254776 710.209368313 
26 0.0724613837713 270.298271192 729.629267424 
27 0.0572024670688 252.194189747 747.748607786 
28 0.0458482921862 235.299893648 764.65425806 
29 0.0373030985133 219.535359885 780.427337016 
30 0.0307780794717 204.825614097 795.143607824 
31 0.0257239460184 191.100480888 808.873795166 
32 0.0217579925589 178.294328487 821.68391352 
33 0.0186135651866 166.345827447 833.635558988 
34 0.0160902286278 155.197663798 844.786245973 
35 0.0140455306647 144.796329851 855.189624619 
36 0.0123729454587 135.091865841 864.895761214 
37 0.0109925651589 126.037635715 873.95137172 
38 0.00984381052979 117.590101841 882.400054348 
39 0.00888039788322 109.708621316 890.282498287 
40 0.00806780047674 102.355363041 897.636569158 
41 0.00737954961141 95.4949604434 904.497660007 
42 0.00678861222127 89.0942833968 910.898927991 
43 0.00627949940656 83.1225676158 916.871152885 
44 0.00583871659398 77.55107549 922.443085793 
45 0.00545550069387 72.3530009638 927.641543535 
46 0.00512071848243 67.5033196408 932.491559641 
47 0.0048270121689 62.9786898554 937.016483132 
48 0.00456817546774 58.7573221203 941.238109704 
49 0.00433911544701 54.8188922472 945.176768637 
50 0.00413579223255 51.1444409626 948.851423245 
51 0.00395474635263 47.7162829497 952.279762304 
52 0.00379305166382 44.5179169135 955.478290035 
53 0.00364810291467 41.5339173652 958.462434532 
54 0.00351756886198 38.7498992105 961.246583221 
55 0.00339958055622 36.1524649774 963.844135442 
56 0.0032932037592 33.7291445107 966.267562286 
57 0.00319759190336 31.4682974217 968.528504986 
58 0.00311106299944 29.3590033757 970.637885561 
59 0.00303207919762 27.3910699207 972.605898 
60 0.0029600098959 25.555032766 974.442007224 
61 0.00289445837177 23.8420713428 976.155034199 
62 0.00283472487513 22.2439342178 977.753231057 
63 0.00278009583178 20.752920629 979.244299275 
64 0.00273003171355 19.3618494363 980.635420532 
65 0.002684131455 18.064020762 981.933295107 
66 0.00264201331208 16.853182364 983.144175623 
67 0.00260331347295 15.723504661 984.273892025 
68 0.00256772088301 14.6695517348 985.327880544 
69 0.00253495366496 13.6862464385 986.311218608 
70 0.00250475970017 12.7688518006 987.22864344 
71 0.00247691325796 11.9129493673 988.084573719 
72 0.00245121252055 11.1144180211 988.883130766 
73 0.00242747476159 10.3694118809 989.628160644 
74 0.00240553401852 9.67434214172 990.323252324 
75 0.00238524338295 9.02586407702 990.97175068 
76 0.00236646847657 8.42085544986 991.576778082 
77 0.00234908498044 7.85640038286 992.141250532 
78 0.00233298197895 7.32978117626 992.667885842 
79 0.0023180580647 6.83846155121 993.159220391 
80 0.00230422021662 6.38007442451 993.617621355 
81 0.00229138456405 5.95241343668 994.045295179 
82 0.00227947404278 5.55341921501 994.444301311 
83 0.00226841753499 5.18116921016 994.816562372 
84 0.00225815058855 4.83387164928 995.1638702 
85 0.00224861386471 4.50985409867 995.487897287 
86 0.00223975259564 4.20755526276 995.790204985 
87 0.00223151683963 3.92551981048 996.072248673 
88 0.00222386050893 3.66238945239 996.335386687 
89 0.0022167409976 3.41689644444 996.580886815 
90 0.0022101192983 3.18785918378 996.809930697 
91 0.00220395934002 2.97417471214 997.023621329 
92 0.00219822772249 2.77481338369 997.222988389 
93 0.00219289376184 2.58881551747 997.408991589 
94 0.00218792903854 2.41528535494 997.582526716 
95 0.00218330720816 2.25338679478 997.744429898 
96 0.00217900400048 2.10234050651 997.895480489 
97 0.00217499690484 1.9614190539 998.036405949 
98 0.00217126503082 1.82994345742 998.167885278 
99 0.00216778909146 1.70728087357 998.290551337 
100 0.00216455117675 1.5928405682 998.404994881 
