Time S I R
0  997 3 0
1 993.109775383 6.62763031557 0.262594301011 
2 984.590652428 14.5680922245 0.841255347613 
3 966.221190146 31.6725818528 2.10622800119 
4 927.89934116 67.2762057685 4.82445307165 
5 853.18340292 136.353546427 10.4630506528 
6 724.960266709 253.638006016 21.4017272747 
7 546.37389234 413.228583897 40.3975237635 
8 357.84703161 573.330406675 68.8225617149 
9 208.047621111 686.702586728 105.249792161 
10 112.655883048 740.891958064 146.452158887 
11 59.4322410017 751.162013936 189.405745062 
12 31.4503526463 736.396990538 232.152656815 
13 16.9538559253 709.390012106 273.656131969 
14 9.37657422134 677.185554777 313.437871001 
15 5.3350885017 643.350950655 351.313960844 
16 3.12465076751 609.628460325 387.246888907 
17 1.88289118598 576.847250119 421.269858695 
18 1.16617758325 545.384669524 453.449152892 
19 0.741540631136 515.392935366 483.865524003 
20 0.48340593944 486.911757199 512.604836862 
21 0.322685959969 459.923871212 539.753442828 
22 0.220283913507 434.383929973 565.395786113 
23 0.153619355706 410.233101203 589.613279442 
24 0.109252971533 387.406983726 612.483763302 
25 0.0792013090936 365.839459457 634.081339234 
26 0.0584566021219 345.465226443 654.476316955 
27 0.0438659754218 326.220818627 673.735315398 
28 0.0334511671474 308.045168373 691.92138046 
29 0.025907547385 290.879963359 709.094129093 
30 0.0203514006257 274.669734832 725.309913767 
31 0.0161998995948 259.361812572 740.621987528 
32 0.013062192595 244.906273879 755.080663928 
33 0.0106607807546 231.255904222 768.733434997 
34 0.00879976300928 218.3659932 781.625207037 
35 0.0073417626121 206.194271198 793.798387039 
36 0.00618694206707 194.700761451 805.293051607 
37 0.0052616917892 183.847692367 816.147045941 
38 0.0045154376927 173.599435395 826.396049167 
39 0.00390820016059 163.922342941 836.073748859 
40 0.00341124046247 154.784672144 845.211916615 
41 0.00300011934416 146.156321287 853.840678593 
42 0.00265713018905 138.008894775 861.988448095 
43 0.00236944142637 130.315615705 869.682014854 
44 0.00212642399651 123.051167012 876.946706564 
45 0.00192003866653 116.191638243 883.806441718 
46 0.00174383843819 109.714477298 890.283778863 
47 0.00159254156461 103.598421567 896.399985891 
48 0.00146284454718 97.8233561486 902.175181007 
49 0.00134959294053 92.3701826088 907.628467798 
50 0.00124938285069 87.2209203959 912.777830221 
51 0.00116160815355 82.3587021078 917.640136284 
52 0.00108500936267 77.7675550674 922.231359923 
53 0.00101742501579 73.4323443846 926.56663819 
54 0.000957277476118 69.3387910858 930.660251637 
55 0.000903724966861 65.4734334502 934.525662825 
56 0.00085590694141 61.8235497153 938.175594378 
57 0.000813080769831 58.3771312715 941.622055648 
58 0.000774635347057 55.1228352001 944.876390165 
59 0.000740013546306 52.0499532509 947.949306736 
60 0.000708725785103 49.1483692635 950.850922011 
61 0.000680395903714 46.4085372356 953.590782368 
62 0.000654687209817 43.8214385869 956.177906726 
63 0.000631305540082 41.3785621828 958.620806512 
64 0.000609993207831 39.0718649904 960.927525016 
65 0.000590518627064 36.8937520524 963.105657429 
66 0.000572683435735 34.8370564827 965.162370834 
67 0.000556350771603 32.8950173933 967.104426256 
68 0.000541358376381 31.0612407201 968.938217922 
69 0.000527567143195 29.3296893295 970.669783103 
70 0.000514878195872 27.6946674915 972.30481763 
71 0.000503177707742 26.1507917476 973.848705075 
72 0.000492373357361 24.6929808871 975.30652674 
73 0.000482385039277 23.3164374405 976.683080174 
74 0.000473139036785 22.0166304326 977.982896428 
75 0.000464571436055 20.7892830967 979.210252332 
76 0.000456624202457 19.6303561343 980.369187241 
77 0.000449244750257 18.5360349075 981.463515848 
78 0.000442386251393 17.502718124 982.49683949 
79 0.000436006121049 16.5270046932 983.472559301 
80 0.000430066081435 15.6056835459 984.393886388 
81 0.000424531468639 14.7357225873 985.263852881 
82 0.000419370113377 13.9142573047 986.085323325 
83 0.000414553553924 13.1385845972 986.861000849 
84 0.000410056646274 12.4061538512 987.593436092 
85 0.000405855947861 11.7145552565 988.285038888 
86 0.000401928635029 11.0615098726 988.938088199 
87 0.000398254941501 10.4448688334 989.554732912 
88 0.000394817121219 9.86260440309 990.13700078 
89 0.000391598378428 9.31279977584 990.686808626 
90 0.000388582974097 8.79364383899 991.205967578 
91 0.000385756888363 8.30342845085 991.696185792 
92 0.000383107416837 7.84054183276 992.15907506 
93 0.00038062240958 7.40345954706 992.596159831 
94 0.000378290637968 6.99074220201 993.008879507 
95 0.000376101936922 6.60103212701 993.398591771 
96 0.000374046992647 6.23304815088 993.766577802 
97 0.00037211690983 5.88557793554 994.114049948 
98 0.000370303514956 5.55747742774 994.442152269 
99 0.000368599316403 5.24766728668 994.751964114 
100 0.000366997391666 4.95512869054 995.044504312 
