Time S I R
0  997 3 0
1 993.096245073 6.65271545475 0.251039472689 
2 984.51561386 14.6780641759 0.806321964442 
3 965.947722124 32.027606593 2.02467128336 
4 927.093053727 68.2551623376 4.65178393534 
5 851.195020611 138.687747437 10.1172319512 
6 721.009018845 258.2523106 20.738670555 
7 540.449285194 420.367263758 39.1834510478 
8 351.359392806 581.904051033 66.7365561615 
9 202.610955804 695.425417066 101.96362713 
10 108.815753456 749.443406228 141.740840316 
11 56.937107241 759.87581405 183.187078709 
12 29.8745327169 745.669125925 224.456341358 
13 15.9587170542 719.463893227 264.577389719 
14 8.74036285283 688.156614678 303.10302247 
15 4.9211606829 655.218668032 339.860171285 
16 2.85009295557 622.338532198 374.811374847 
17 1.6971681871 590.318327138 407.984504675 
18 1.03813147071 559.523889859 439.43797867 
19 0.651577506665 530.104777831 469.243644663 
20 0.419154789172 502.102604964 497.478240247 
21 0.275979024326 475.504901706 524.21911927 
22 0.185790032216 450.272068122 549.542141845 
23 0.127724359545 426.35168118 573.52059446 
24 0.0895866653602 403.685689952 596.224723382 
25 0.0640068503664 382.214459016 617.721534133 
26 0.0465475230341 361.878672653 638.074779824 
27 0.034444258101 342.620551076 657.345004666 
28 0.0258981723268 324.384461473 675.589640355 
29 0.0197693749742 307.117087749 692.863142876 
30 0.015310259363 290.767571754 709.217117987 
31 0.012019036202 275.287525398 724.700455566 
32 0.00955879527055 260.630996502 739.359444703 
33 0.00769576938148 246.754357826 753.237946404 
34 0.00626773300814 233.616221865 766.377510402 
35 0.00515896767797 221.177356782 778.81748425 
36 0.00428899966994 209.400582913 790.595128088 
37 0.00359927583486 198.250648439 801.745752285 
38 0.00305125194143 187.694369507 812.302579241 
39 0.00261078446636 177.700131703 822.297257513 
40 0.0022525036419 168.238017518 831.759729979 
41 0.00195794432693 159.279679153 840.718362902 
42 0.00171474308763 150.798330925 849.199954332 
43 0.00151228258119 142.768565267 857.22992245 
44 0.00134302569745 135.166333724 864.83232325 
45 0.00120081517332 127.968871766 872.029927418 
46 0.00108022572931 121.154693666 878.844226109 
47 0.000978637819685 114.703436154 885.295585208 
48 0.000892846032912 108.595746671 891.403360483 
49 0.000816373296288 102.813188802 897.185994825 
50 0.000748276427316 97.3384692293 902.660782494 
51 0.000690106835805 92.1552932744 907.844016619 
52 0.000639385315594 87.2481136908 912.751246924 
53 0.000594600511818 82.6022269141 917.397178485 
54 0.000555082974415 78.2037297228 921.795715194 
55 0.000520094635476 74.0394460849 925.96003382 
56 0.00048901369496 70.0969010892 929.902609897 
57 0.000461304470264 66.3642944559 933.63524424 
58 0.000436524846805 62.8304326367 937.169130838 
59 0.000414301039541 59.484748012 940.514837687 
60 0.000394309176727 56.317244159 943.682361532 
61 0.000376312826575 53.318434118 946.681189569 
62 0.000360013729505 50.4792911442 949.520348842 
63 0.000345187994753 47.7912964454 952.208358367 
64 0.000331712406364 45.2464334885 954.753234799 
65 0.000319458519471 42.8370956066 957.162584935 
66 0.000308279389856 40.5560566572 959.443635063 
67 0.000298049160619 38.3964761085 961.603225842 
68 0.000288675848537 36.3518916673 963.647819657 
69 0.000280073734416 34.4161783901 965.583541536 
70 0.000272166335776 32.583540756 967.416187078 
71 0.000264885811021 30.8484894451 969.151245669 
72 0.000258172792996 29.2058291457 970.793912682 
73 0.00025197397872 27.650638855 972.349109171 
74 0.000246242327535 26.1782610455 973.821492712 
75 0.000240936109094 24.7842863444 975.21547272 
76 0.000236017872567 23.4645399569 976.535224025 
77 0.000231454208233 22.2150701397 977.784698406 
78 0.000227214759548 21.0321325475 978.967640238 
79 0.00022327211127 19.9121830069 980.087593721 
80 0.000219601936351 18.8518681699 981.147912228 
81 0.000216183310613 17.8480165418 982.151767275 
82 0.000212995916513 16.8976201653 983.102166839 
83 0.000210021371117 15.997831316 984.001958663 
84 0.000207243782711 15.1459567521 984.853836004 
85 0.000204648017871 14.3394441625 985.660351189 
86 0.000202220407004 13.5758776021 986.423920177 
87 0.000199948667728 12.8529705376 987.146829514 
88 0.000197821407369 12.1685574938 987.831244685 
89 0.00019582826917 11.5205888582 988.479215314 
90 0.000193959805415 10.9071245384 989.092681502 
91 0.000192207256987 10.3263267881 989.673481005 
92 0.000190562621697 9.77645612744 990.22335331 
93 0.000189018548213 9.25586577953 990.743945202 
94 0.000187568216234 8.76299638346 991.236816048 
95 0.000186205369914 8.29637196432 991.70344183 
96 0.000184924213613 7.85459488493 992.145220191 
97 0.000183719349025 7.43634138504 992.563474896 
98 0.000182585837365 7.0403590737 992.95945834 
99 0.000181519154808 6.66546307472 993.334355406 
100 0.000180515079251 6.31053115048 993.689288334 
