Time S I R
0  997 3 0
1 996.492259996 3.46344616672 0.0442938367945 
2 995.906426214 3.99814536908 0.0954284164888 
3 995.23061646 4.61492960981 0.154453930583 
4 994.451163952 5.32625460304 0.222581445 
5 993.552387385 6.14640789438 0.301204720643 
6 992.516300308 7.09177169652 0.391927995301 
7 991.32231029 8.18109445315 0.496595256707 
8 989.946840373 9.4358318646 0.61732776279 
9 988.362966213 10.8804727456 0.756561041916 
10 986.539988841 12.5429215782 0.917089580751 
11 984.442971285 14.4549117563 1.10211695859 
12 982.032249146 16.6524396013 1.31531125244 
13 979.262915629 19.1762176622 1.56086670836 
14 976.084294484 22.0721349843 1.84357053194 
15 972.439398855 25.3917213664 2.16887977847 
16 968.264438662 29.1925620381 2.54299929966 
17 963.488364226 33.5386674483 2.97296832609 
18 958.032510645 38.5007388368 3.46675051828 
19 951.810397002 44.156276048 4.03332694975 
20 944.727735127 50.5894759757 4.6827888974 
21 936.682730824 57.8908414312 5.42642774435 
22 927.566791185 66.1563923789 6.2768164364 
23 917.26572888 75.4863943462 7.24787677336 
24 905.661562658 85.9835110658 8.35492627652 
25 892.635051943 97.7502530852 9.61469497135 
26 878.06908137 110.885619087 11.0452995428 
27 861.852886406 125.480945266 12.6661683284 
28 843.887191245 141.614902509 14.497906246 
29 824.090222337 159.347703896 16.5620737664 
30 802.404247421 178.71485456 18.8808980186 
31 778.802574319 199.720541012 21.4768846682 
32 753.296187428 222.331463353 24.3723492197 
33 725.939932712 246.47120893 27.5888583573 
34 696.837099413 272.016292554 31.1466080329 
35 666.141904124 298.794328245 35.0637676313 
36 634.059371094 326.584826272 39.3558026343 
37 600.841835184 355.12331979 44.0348450255 
38 566.782420907 384.108446147 49.1091329458 
39 532.205047491 413.212382718 54.5825697914 
40 497.452454614 442.093097222 60.4544481646 
41 462.872332823 470.408323755 66.7193434225 
42 428.803164136 497.829617526 73.3672183382 
43 395.561276155 524.055037826 80.3836860188 
44 363.429180958 548.82035047 87.7504685722 
45 332.647338152 571.906697856 95.4459639929 
46 303.408420461 593.145676186 103.445903353 
47 275.85551452 612.42041946 111.72406602 
48 250.082536368 629.664493996 120.252969636 
49 226.13765673 644.857795896 129.004547374 
50 204.028355808 658.020905708 137.950738484 
51 183.727287141 669.208700271 147.064012587 
52 165.179126116 678.503090218 156.317783666 
53 148.306901039 686.006361616 165.686737345 
54 133.018252936 691.834677265 175.1470698 
55 119.210717278 696.112651234 184.676631489 
56 106.776458705 698.968524117 194.255017178 
57 95.6060156368 700.530399711 203.863584653 
58 85.5910414092 700.923528798 213.485429793 
59 76.6268729714 700.267789835 223.105337194 
60 68.6137999807 698.676505198 232.709694821 
61 61.4582296922 696.255377583 242.286392725 
62 55.0731877832 693.102094895 251.824717322 
63 49.3786393631 689.306120853 261.315239784 
64 44.3014487425 684.948848092 270.749703166 
65 39.7752341222 680.103848378 280.1209175 
66 35.7400032148 674.837349014 289.422647771 
67 32.1418067045 669.208671964 298.649521331 
68 28.9322917489 663.270771753 307.796936498 
69 26.0682456241 657.070776438 316.860977938 
70 23.5111386354 650.650521434 325.838339931 
71 21.2266618243 644.047081159 334.726257017 
72 19.1844028196 637.29315173 343.52244545 
73 17.357299127 630.417660324 352.225040549 
74 15.7214012285 623.446045837 360.832552934 
75 14.255463884 616.400716997 369.343819119 
76 12.9406615682 609.301373629 377.757964802 
77 11.7603338057 602.165297139 386.074369055 
78 10.6997321835 595.00763345 394.292634367 
79 9.7457966959 587.841645228 402.412558076 
80 8.88695751449 580.678935611 410.434106874 
81 8.11296593877 573.529636715 418.357397346 
82 7.41473510134 566.402589797 426.182675102 
83 6.78421206638 559.305487766 433.910300168 
84 6.21424647757 552.245023393 441.54073013 
85 5.69849551725 545.226995416 449.074509067 
86 5.23131335607 538.25643316 456.512253484 
87 4.80770894803 531.337642837 463.854648215 
88 4.42322998166 524.47433913 471.102430889 
89 4.07389801091 517.669717517 478.256384473 
90 3.75616425143 510.926503476 485.317332272 
91 3.46689549406 504.246968818 492.286135688 
92 3.20325680159 497.633063022 499.163680176 
93 2.9627379991 491.086383585 505.950878416 
94 2.74310456054 484.608231148 512.648664292 
95 2.54232913215 478.199686401 519.257984467 
96 2.35862778723 471.861569706 525.779802507 
97 2.19037779697 465.594533209 532.215088994 
98 2.03612864301 459.399048435 538.564822922 
99 1.89458826158 453.275421731 544.829990008 
100 1.76457956215 447.223843176 551.011577261 
