Time S I R
0  997 3 0
1 993.641895059 5.95484879664 0.403256144372 
2 987.022143773 11.7756640284 1.20219219818 
3 974.108710099 23.115038543 2.77625135767 
4 949.424374113 44.7315872378 5.84403864926 
5 904.017844192 84.2807055403 11.7014502673 
6 826.09033857 151.433871891 22.4757895397 
7 706.953504966 251.95638545 41.0901095839 
8 553.300039147 376.319109911 70.3808509419 
9 392.737885684 495.913955216 111.3481591 
10 256.941980676 580.997561114 162.06045821 
11 160.060992349 621.309125288 218.629882363 
12 98.0985179712 624.755270566 277.146211462 
13 60.5666024905 604.650008989 334.78338852 
14 38.1974864891 571.922501815 389.880011695 
15 24.7776559337 533.609837789 441.612506277 
16 16.5749810909 493.758780485 489.666238424 
17 11.4373429614 454.552348842 534.010308196 
18 8.13288948279 417.103914068 574.763196449 
19 5.94998089111 381.932998277 612.117020832 
20 4.47016526936 349.23408127 646.29575346 
21 3.44207897625 319.025449181 677.532471842 
22 2.71125854655 291.231627955 706.057113499 
23 2.18060404405 265.729338025 732.090057931 
24 1.7876471109 242.373380335 755.838972554 
25 1.49136150969 221.011122943 777.497515547 
26 1.26423096241 201.490713801 797.245055237 
27 1.08745854419 183.665562644 815.246978812 
28 0.947971141709 167.396723296 831.655305562 
29 0.836490941947 152.554052177 846.609456881 
30 0.746356519581 139.016530557 860.237112924 
31 0.672707569713 126.672233953 872.655058477 
32 0.61195942435 115.418021479 883.970019096 
33 0.561398172134 105.159130311 894.279471517 
34 0.518978218361 95.8086268125 903.672394969 
35 0.483124553793 87.2868862426 912.229989204 
36 0.452619493866 79.5210554865 920.02632502 
37 0.426509285743 72.4445425963 927.128948118 
38 0.404035754195 65.9965129536 933.599451292 
39 0.384594051258 60.12141373 939.493992219 
40 0.367698643683 54.7685467207 944.863754636 
41 0.352953652593 49.8916476278 949.75539872 
42 0.340037009704 45.4485237325 954.211439258 
43 0.328682588898 41.4006913905 958.270626021 
44 0.318669706955 37.7130562768 961.968274016 
45 0.309814372947 34.3536274786 965.336558148 
46 0.301963288541 31.2932800218 968.40475669 
47 0.294984497142 28.5053819018 971.199633601 
48 0.288767846398 25.9657175753 973.745514578 
49 0.28321909216 23.6522123048 976.064568603 
50 0.278257545846 21.5447487438 978.17699371 
51 0.273813806463 19.6249942082 980.101191985 
52 0.269827800367 17.8762401829 981.853932017 
53 0.266247522728 16.2832677141 983.450484763 
54 0.263027798986 14.832214391 984.90475781 
55 0.260128767044 13.5104305642 986.229440669 
56 0.257515496777 12.306397046 987.436087457 
57 0.255157960793 11.2096435502 988.535198489 
58 0.253029814307 10.2106327121 989.536337474 
59 0.251106707856 9.30063796204 990.44825533 
60 0.249367499235 8.47172416986 991.278908331 
61 0.247793889342 7.71667938263 992.035526728 
62 0.246369219356 7.02892139979 992.724709381 
63 0.245078622177 6.40245433128 993.352467047 
64 0.2439089346 5.83181650326 993.924274562 
65 0.242848359669 5.31203248629 994.445119154 
66 0.241886328796 4.83857301694 994.919540654 
67 0.241013361368 4.40731026191 995.351676377 
68 0.240220944457 4.01448315563 995.7452959 
69 0.239501423123 3.65666665804 996.103831919 
70 0.238847905671 3.33074045201 996.430411642 
71 0.238254182293 3.03386218815 996.72788363 
72 0.237714672023 2.76344566022 996.998839668 
73 0.237224310722 2.51713099701 997.245644692 
74 0.236778538156 2.29277047794 997.470450984 
75 0.236373229667 2.08840740859 997.675219362 
76 0.236004648685 1.90225884544 997.861736506 
77 0.235669424455 1.73270249945 998.031628076 
78 0.235364492593 1.57825856773 998.18637694 
79 0.235087085068 1.43758084344 998.327332071 
80 0.234834689555 1.30944233244 998.455722978 
81 0.234605026133 1.19272499455 998.572669979 
82 0.234396030597 1.08641131427 998.679192655 
83 0.234205824777 0.989573420719 998.776220755 
84 0.234032707993 0.901367256933 998.864600035 
85 0.233875133511 0.821023303637 998.945101563 
86 0.233731696486 0.747840663755 999.01842764 
87 0.233601122166 0.681181370601 999.085217507 
88 0.23348224962 0.620463566392 999.146054184 
89 0.233374025891 0.565157956826 999.201468017 
90 0.233275492292 0.514781954315 999.251942553 
91 0.233185777655 0.468896184461 999.297918038 
92 0.233104090258 0.427100610541 999.339795299 
93 0.233029708774 0.389030401642 999.37793989 
94 0.232961978282 0.354353701357 999.41268432 
95 0.232900302045 0.32276788367 999.444331814 
96 0.23284413758 0.293997482937 999.473158379 
97 0.232792991342 0.26779161485 999.499415394 
98 0.232746413703 0.243921562906 999.523332023 
99 0.23270399612 0.222179270712 999.545116733 
100 0.232665366134 0.202374966784 999.564959667 
