Time S I R
0  997 3 0
1 995.702005371 4.12551937184 0.172475257272 
2 993.92030462 5.67010435651 0.409591023529 
3 991.477676593 7.78696598882 0.735357418576 
4 988.134682864 10.682810926 1.18250620996 
5 983.570105745 14.6343946596 1.79549959532 
6 977.357411891 20.0081766193 2.63441148973 
7 968.938112372 27.2820526052 3.77983502306 
8 957.59521714 37.0659383567 5.33884450293 
9 942.43364459 50.1145587628 7.45179664675 
10 922.379950467 67.3206984837 10.2993510496 
11 896.221103402 89.6705775428 14.1083190557 
12 862.708030931 118.138032457 19.1539366122 
13 820.748237627 153.496715906 25.7550464671 
14 769.692669115 196.049336158 34.2579947272 
15 709.675660515 245.318254646 45.0060848385 
16 641.900355049 299.804611402 58.2950335491 
17 568.716945139 356.961764817 74.3212900433 
18 493.373147916 413.490123739 93.1367283445 
19 419.456090865 465.918692601 114.625216534 
20 350.214463099 511.27474336 138.510793542 
21 288.020940554 547.583721594 164.395337851 
22 234.144958285 574.042099863 191.812941852 
23 188.837163696 590.878169537 220.284666767 
24 151.602024339 599.036337516 249.361638146 
25 121.513436105 599.835058686 278.651505209 
26 97.4788535027 594.691532583 307.829613914 
27 78.4162156582 584.944659486 336.639124856 
28 63.3507167561 571.764627484 364.88465576 
29 51.453671438 556.123188363 392.423140199 
30 42.0465022999 538.799314921 419.154182779 
31 34.5868144887 520.402032611 445.0111529 
32 28.6477933202 501.398632163 469.953574516 
33 23.8969088966 482.142203352 493.960887752 
34 20.0760526139 462.896426986 517.0275204 
35 16.9856528566 443.855398474 539.158948669 
36 14.4713676192 425.159835008 560.368797373 
37 12.4135743103 406.909907001 580.676518689 
38 10.7192940959 389.175038692 600.105667212 
39 9.31600990405 372.001399122 618.682590974 
40 8.14697556171 355.417572212 636.435452226 
41 7.16754271897 339.438987963 653.393469318 
42 6.34240724445 324.071233198 669.586359558 
43 5.64351965907 309.312555813 685.043924528 
44 5.04850082768 295.155754783 699.79574439 
45 4.53934200744 281.589723442 713.870934551 
46 4.10156303099 268.60043055 727.298006419 
47 3.72341178879 256.171855741 740.104732471 
48 3.39530097643 244.286635272 752.318063751 
49 3.1093990486 232.926517291 763.96408366 
50 2.85925686368 222.07277253 775.067970606 
51 2.63954082985 211.706476686 785.653982484 
52 2.44583178775 201.808714071 795.745454142 
53 2.2744554411 192.360741741 805.364802818 
54 2.12227785446 183.34419624 814.533525905 
55 1.98673135314 174.741020002 823.272248645 
56 1.86560585263 166.533675744 831.600718403 
57 1.75705544351 158.705101584 839.537842973 
58 1.65948936307 151.238803888 847.101706749 
59 1.57156169129 144.118834555 854.309603754 
60 1.49211211754 137.329825436 861.178062447 
61 1.42014365757 130.856977502 867.72287884 
62 1.35480500194 124.686064236 873.959130762 
63 1.29534541309 118.803424683 879.901229904 
64 1.24113081635 113.195932816 885.562936368 
65 1.19159139673 107.851033754 890.957374849 
66 1.14622223105 102.75673877 896.097038999 
67 1.10458765628 97.901506801 900.993905543 
68 1.06632102359 93.2743008602 905.659378116 
69 1.03111083897 88.8646031105 910.104286051 
70 0.998642725268 84.6623049975 914.339052277 
71 0.968662455499 80.6578025049 918.37353504 
72 0.940942141399 76.8419050849 922.217152774 
73 0.91526707761 73.2057979172 925.878935005 
74 0.891462740003 69.7411300837 929.367407176 
75 0.8693603865 66.4398678099 932.690771804 
76 0.848812798829 63.2943681297 935.856819072 
77 0.829693672941 60.2973683355 938.872937992 
78 0.811877596728 57.4418627649 941.746259638 
79 0.795262382705 54.7212472599 944.483490357 
80 0.779753264821 52.129200152 947.091046583 
81 0.765261402273 49.6596650603 949.575073537 
82 0.751705721258 47.3068708302 951.941423449 
83 0.739016733786 45.0653360664 954.1956472 
84 0.727128809349 42.9298194541 956.343051737 
85 0.715980263174 40.8953133036 958.388706433 
86 0.705519334165 38.9570709181 960.337409748 
87 0.695696264013 37.1105527344 962.193751002 
88 0.686465886309 35.3514330343 963.962101079 
89 0.677787116752 33.6755894659 965.646623417 
90 0.669621690387 32.079089041 967.251289269 
91 0.66193493969 30.5581872188 968.779877842 
92 0.654694736693 29.1093130094 970.235992254 
93 0.647871395756 27.7290624177 971.623066187 
94 0.641437814907 26.414194163 972.944368022 
95 0.635368696978 25.1616164974 974.203014806 
96 0.629640803896 23.9683850402 975.401974156 
97 0.624232632591 22.8316939399 976.544073427 
98 0.61912412271 21.7488673935 977.632008484 
99 0.614296637631 20.7173554908 978.668347872 
100 0.609732922008 19.7347304179 979.65553666 
