Time S I R
0  997 3 0
1 996.226386632 3.55403716384 0.219576204052 
2 995.310769724 4.20955227681 0.479677999665 
3 994.22749395 4.98478977146 0.787716278366 
4 992.946422073 5.90114496907 1.15243295751 
5 991.432232695 6.98364255091 1.584124754 
6 989.643622908 8.26147396971 2.09490312245 
7 987.532390969 9.76860597427 2.69900305677 
8 985.042498048 11.5443883595 3.41311359248 
9 982.109015062 13.6342177951 4.25676714282 
10 978.657051005 16.0901814408 5.25276755395 
11 974.600685801 18.9716579993 6.42765619944 
12 969.841972082 22.3458048243 7.81222309319 
13 964.270112023 26.2878493169 9.44203866001 
14 957.760934596 30.8810680608 11.3579973434 
15 950.176850728 36.2163041898 13.6068450826 
16 941.367507027 42.3908392166 16.2416537563 
17 931.171403372 49.5064043296 19.3221922985 
18 919.418774218 57.666096895 22.9151288873 
19 905.936039567 66.9699764827 27.09398395 
20 890.55212888 77.5091365173 31.9387346027 
21 873.106837756 89.3581934384 37.5349688056 
22 853.461227533 102.566287774 43.9724846931 
23 831.509799075 117.146956484 51.3432444412 
24 807.193790849 133.067580352 59.7386287984 
25 780.514520576 150.239481778 69.2459976463 
26 751.545270811 168.510083375 79.9446458139 
27 720.439925544 187.658728842 91.9013456148 
28 687.436749544 207.397486165 105.165764291 
29 652.854685007 227.379144217 119.766170777 
30 617.083700939 247.210417512 135.705881549 
31 580.567062368 266.472140551 152.960797081 
32 543.778499428 284.743043578 171.478456994 
33 507.19622144 301.625025264 191.178753296 
34 471.276924006 316.766791792 211.956284203 
35 436.432758135 329.883093611 233.684148254 
36 403.013604815 340.76748332 256.218911865 
37 371.296128949 349.29778074 279.406090311 
38 341.479718272 355.434479769 303.085801958 
39 313.688592813 359.213312051 327.098095136 
40 287.978675742 360.733692012 351.287632247 
41 264.347550178 360.144943443 375.507506379 
42 242.745851029 357.632035252 399.622113719 
43 223.088786576 353.402152559 423.509060865 
44 205.266894241 347.672805171 447.060300588 
45 189.155325027 340.662160721 470.182514252 
46 174.621693227 332.581489736 492.796817037 
47 161.531644125 323.630266714 514.838089161 
48 149.753461151 313.992415392 536.254123458 
49 139.161213359 303.834287586 557.004499055 
50 129.636580221 293.304074018 577.059345761 
51 121.069925364 282.531936624 596.398138013 
52 113.360917149 271.630574141 615.008508709 
53 106.418499369 260.696401552 632.885099079 
54 100.160521122 249.810956021 650.028522856 
55 94.513320475 239.042266917 666.444412608 
56 89.4110847094 228.446342062 682.142573229 
57 84.795246595 218.068596484 697.136156921 
58 80.6137320647 207.945166079 711.441101856 
59 76.8203211392 198.104233449 725.075445412 
60 73.374055041 188.567005808 738.058939151 
61 70.2386326227 179.348861029 750.412506348 
62 67.3818944811 170.460144389 762.15796113 
63 64.7753469849 161.906991331 773.317661684 
64 62.3937053273 153.692055584 783.914239089 
65 60.2145630689 145.815006647 793.970430284 
66 58.217983435 138.273183642 803.508832923 
67 56.3862729728 131.061899111 812.551827917 
68 54.7036722398 124.174911293 821.121416468 
69 53.1561236816 117.604749232 829.239127086 
70 51.7310939986 111.342941944 836.925964058 
71 50.4173739277 105.380294363 844.202331709 
72 49.2049286966 99.707074062 851.087997241 
73 48.0847683392 94.3131673912 857.60206427 
74 47.0488145157 89.188241113 863.762944371 
75 46.0898072055 84.3218392338 869.588353561 
76 45.2012097525 79.7034853019 875.095304946 
77 44.3771159368 75.3227797449 880.300104318 
78 43.6121911351 71.1694456139 885.218363251 
79 42.9016295013 67.2333474278 889.865023071 
80 42.2410568573 63.5046049297 894.254338213 
81 41.62651088 59.9735786914 898.399910429 
82 41.0543870255 56.6309114418 902.314701533 
83 40.5214063704 53.4675377605 906.011055869 
84 40.0245798313 50.4747010529 909.500719116 
85 39.5611805152 47.6439580813 912.794861404 
86 39.128715727 44.9671891102 915.904095163 
87 38.724905665 42.4365966989 918.838497636 
88 38.3476608401 40.0447056134 921.607633546 
89 37.9950649738 37.7843581432 924.220576883 
90 37.6653563286 35.6487136533 926.685930018 
91 37.3569169035 33.6312356269 929.01184747 
92 37.068261418 31.7256809642 931.206057618 
93 36.798014138 29.9261109442 933.275874918 
94 36.5449089522 28.2268654537 935.228225594 
95 36.3077797563 26.6225540397 937.069666204 
96 36.0855434223 25.1080580659 938.806398512 
97 35.8772011035 23.6785089367 940.44428996 
98 35.6818291398 22.3292811048 941.988889755 
99 35.4985679013 21.0559885901 943.445443509 
100 35.3266227643 19.8544666831 944.818910553 
