Time S I R
0  997 3 0
1 996.259830524 3.46477500103 0.27539447492 
2 995.405752449 4.00082231461 0.593425236168 
3 994.42055267 4.61882679038 0.960620539572 
4 993.284519678 5.33099531282 1.38448500916 
5 991.97511918 6.15124436892 1.87363645113 
6 990.466643332 7.0953996016 2.43795706612 
7 988.729800809 8.18142396102 3.08877522949 
8 986.731325092 9.42962797269 3.83904693556 
9 984.433528233 10.8629010859 4.70357068087 
10 981.793853971 12.5069291993 5.69921682986 
11 978.764434158 14.3903909674 6.84517487475 
12 975.291665427 16.5451213414 8.16321323169 
13 971.315829576 19.0062131362 9.67795728742 
14 966.770810049 21.8120227224 11.4171672286 
15 961.583931672 25.0040565081 13.4120118198 
16 955.675982792 28.6266899955 15.6973272123 
17 948.96149007 32.7266659631 18.3118439672 
18 941.349363246 37.3522834998 21.2983532547 
19 932.743930983 42.5522741716 24.7037948455 
20 923.046492652 48.3742730327 28.5792343152 
21 912.15747428 54.862832373 32.9796933468 
22 899.979345638 62.0568871558 37.9637672066 
23 886.42016237 69.9868077745 43.5930298551 
24 871.397838027 78.6709956439 49.9311663292 
25 854.845067763 88.1121304275 57.0428018094 
26 836.714777076 98.2932614234 64.9919615005 
27 816.985591208 109.174152488 73.840256304 
28 795.667143254 120.688094376 83.6447623699 
29 772.804750455 132.739594933 94.4556546126 
30 748.482716854 145.203602883 106.313680263 
31 722.825741716 157.926572546 119.247685739 
32 695.998221055 170.729483431 133.272295514 
33 668.201097202 183.412955418 148.385947379 
34 639.665984566 195.764571268 164.569444166 
35 610.647184044 207.567603041 181.785212915 
36 581.411985135 218.610675269 199.977339595 
37 552.230073483 228.697442981 219.072483536 
38 523.363046676 237.655541831 238.981411493 
39 495.054613436 245.343838004 259.60154856 
40 467.522718473 251.657500657 280.819780871 
41 440.95361362 256.53069141 302.51569497 
42 415.498312718 259.936747293 324.56493999 
43 391.271454216 261.886043187 346.842502597 
44 368.352252945 262.422050759 369.225696295 
45 346.786885013 261.616336935 391.596778052 
46 326.592140523 259.562751647 413.84510783 
47 307.759763894 256.371434873 435.868801233 
48 290.261058047 252.163115917 457.575826036 
49 274.051325571 247.063929115 478.884745314 
50 259.07398917 241.201006809 499.725004021 
51 245.264533863 234.698681202 520.036784935 
52 232.553292089 227.676111778 539.770596133 
53 220.868356207 220.244756598 558.886887195 
54 210.137457027 212.507333306 577.355209668 
55 200.28947312 204.557052278 595.153474602 
56 191.255828741 196.477024137 612.267147122 
57 182.971000537 188.340656049 628.688343414 
58 175.37319127 180.211760151 644.415048578 
59 168.40464461 172.145064224 659.450291166 
60 162.011610896 164.186969039 673.801420065 
61 156.144469125 156.376123632 687.479407243 
62 150.757566036 148.744221229 700.498212735 
63 145.809021818 141.31672305 712.874255131 
64 141.260614673 134.113548307 724.625837019 
65 137.07741764 127.149786299 735.772796061 
66 133.227653102 120.436294369 746.336052529 
67 129.682408274 113.9803015 756.337290226 
68 126.415411341 107.785893814 765.798694845 
69 123.402792616 101.854553745 774.742653639 
70 120.622883119 96.1854993963 783.191617485 
71 118.055997657 90.7761448523 791.16785749 
72 115.68426363 85.6223559484 798.693380421 
73 113.491440799 80.7187843546 805.789774847 
74 111.462765272 76.0591059652 812.478128763 
75 109.584816784 71.6362181285 818.778965088 
76 107.845372537 67.4424657268 824.712161736 
77 106.233312076 63.4697494711 830.296938453 
78 104.738489352 59.709713305 835.551797343 
79 103.351658672 56.153811269 840.494530058 
80 102.064369123 52.7934462376 845.142184639 
81 100.868906596 49.620009447 849.511083957 
82 99.7582232217 46.624946494 853.616830284 
83 98.7258528027 43.7998702927 857.474276905 
84 97.7658818032 41.1365364834 861.097581713 
85 96.872880091 38.626919789 864.50020012 
86 96.0418676459 36.263214638 867.694917716 
87 95.2682673329 34.0378704371 870.69386223 
88 94.547872347 31.9435964131 873.50853124 
89 93.8768105955 29.9733811682 876.149808236 
90 93.2515175354 28.1204909453 878.627991519 
91 92.668706144 26.3784771036 880.952816752 
92 92.1253451364 24.7411732722 883.133481591 
93 91.6186351805 23.2026967694 885.17866805 
94 91.1459941447 21.7574336756 887.09657218 
95 90.7050317637 20.4000491272 888.894919109 
96 90.2935372164 19.1254733759 890.580989408 
97 89.9094667551 17.9288893802 892.161643865 
98 89.5509238933 16.8057350623 893.643341044 
99 89.216153803 15.7516843241 895.032161873 
100 88.9035288067 14.7626432945 896.333827899 
