Time S I R
0  997 3 0
1 996.422792673 3.53782859974 0.039378727569 
2 995.742570002 4.17161524709 0.0858147510593 
3 994.941142972 4.91829141282 0.140565615631 
4 993.997166799 5.79772162985 0.205111570836 
5 992.885649506 6.83315841545 0.281192078817 
6 991.577362347 8.0517874934 0.370850159885 
7 990.038162393 9.48535312893 0.476484478261 
8 988.228248235 11.1708437032 0.600908061898 
9 986.101337019 13.1512476113 0.747415369349 
10 983.603737707 15.4764016751 0.919860617645 
11 980.673365561 18.2038887887 1.12274564994 
12 977.238700748 21.3999807765 1.36131847534 
13 973.217712889 25.1406019657 1.64168514564 
14 968.516817852 29.5122506591 1.9709314893 
15 963.029930624 34.6128140481 2.35725532838 
16 956.637705156 40.5521865972 2.81010824656 
17 949.207102357 47.4525546402 3.34034300232 
18 940.591468251 55.4481708787 3.96036086979 
19 930.631326097 64.6844213117 4.68425259081 
20 919.156150304 75.3159272301 5.52792246632 
21 905.987412062 87.5034055713 6.50918236661 
22 890.943199833 101.409001157 7.64779901029 
23 873.84470103 117.189825396 8.96547357338 
24 854.524702216 134.989565226 10.4857325574 
25 832.838118104 154.928174542 12.2337073539 
26 808.674514611 177.089715945 14.2357694442 
27 781.971593153 201.509380653 16.5190261946 
28 752.72911519 228.160236528 19.1106482821 
29 721.021663736 256.941291493 22.0370447715 
30 687.008428235 287.668661958 25.3229098074 
31 650.938188408 320.071614901 28.9901966913 
32 613.148077978 353.794849517 33.0570725049 
33 574.054676629 388.408375615 37.5369477553 
34 534.137705564 423.424618705 42.4376757314 
35 493.917356933 458.321654522 47.7609885453 
36 453.926960897 492.570792892 53.5022462111 
37 414.684652762 525.664814807 59.6505324311 
38 376.666926637 557.144008947 66.1890644168 
39 340.286358083 586.617732631 73.0959092863 
40 305.876587519 613.778498796 80.3449136851 
41 273.684359622 638.40889401 87.9067463681 
42 243.868824787 660.381177754 95.7499974594 
43 216.507276333 679.650498864 103.842224803 
44 191.60484758 696.244262086 112.150890334 
45 169.106957472 710.248882343 120.644160185 
46 148.912920227 721.795552153 129.29152762 
47 130.888815554 731.046913777 138.064270669 
48 114.879352705 738.184885009 146.935762287 
49 100.717843449 743.400521076 155.881635475 
50 88.2341851416 746.885970944 164.879843914 
51 77.2607561662 748.828609771 173.910634063 
52 67.6370806509 749.406455374 182.956463975 
53 59.2124888668 748.785636165 192.001874968 
54 51.8478774254 747.11879189 201.033330684 
55 45.4164258516 744.544522268 210.039051881 
56 39.8037749582 741.187377347 219.008847694 
57 34.9076812258 737.158368988 227.933949786 
58 30.6373556135 732.555790617 236.80685377 
59 26.9126071365 727.466226419 245.621166444 
60 23.6629504815 721.965573376 254.371476143 
61 20.826675554 716.120094693 263.053229753 
62 18.3498772501 709.987502561 271.662620189 
63 16.1855740834 703.617935811 280.196490105 
64 14.2929693084 697.054783016 288.652247676 
65 12.6365605427 690.335652013 297.027787444 
66 11.185594983 683.492977307 305.32142771 
67 9.91335639378 676.554794393 313.531849214 
68 8.79670601277 669.545246092 321.658047895 
69 7.81559408505 662.485114527 329.699291388 
70 6.95263818982 655.392282319 337.655079491 
71 6.19277176889 648.282115313 345.525112918 
72 5.52292195792 641.167814446 353.309263596 
73 4.93175130412 634.060696716 361.00755198 
74 4.40941274803 626.970462621 368.620124631 
75 3.94734677576 619.905417103 376.147236122 
76 3.53812036553 612.872644929 383.589234706 
77 3.17529182657 605.878157832 390.946550341 
78 2.85321426675 598.927109782 398.219675952 
79 2.56695420228 592.023884576 405.409161222 
80 2.31225003281 585.172141786 412.515608181 
81 2.08533335607 578.375011293 419.53965535 
82 1.88294333449 571.635077721 426.481978944 
83 1.70222593331 564.95449031 433.343283757 
84 1.54066501093 558.33503826 440.124296729 
85 1.39607922539 551.778154399 446.825766376 
86 1.26652014291 545.28502609 453.448453767 
87 1.15030923611 538.856554952 459.993135812 
88 1.04594593241 532.493457271 466.460596796 
89 0.952140639462 526.196228041 472.851631319 
90 0.867732655157 519.96523054 479.167036805 
91 0.791654746998 513.800735018 485.407610235 
92 0.723021193369 507.702822476 491.574156331 
93 0.661058972102 501.671459847 497.667481181 
94 0.605043023051 495.706570724 503.688386253 
95 0.554346983291 489.807979971 509.637673045 
96 0.508437827291 483.975419588 515.516142585 
97 0.466813273251 478.208597028 521.324589699 
98 0.429026364183 472.507168393 527.063805243 
99 0.394703530347 466.870718741 532.734577728 
100 0.363490746208 461.298820853 538.337688401 
