Time S I R
0  997 3 0
1 993.762126341 5.91184381422 0.326029844552 
2 987.423353171 11.6092625667 0.967384261912 
3 975.134904657 22.642557753 2.22253758985 
4 951.758082126 43.5873678041 4.6545500699 
5 908.842333322 81.8786972429 9.27896943508 
6 834.959772924 147.263174581 17.7770524958 
7 720.756996595 246.72436889 32.5186345144 
8 570.441459931 373.597542272 55.9609977974 
9 409.053058755 501.653698315 89.29324293 
10 268.803448697 599.821516258 131.375035045 
11 166.7039588 654.036295771 179.259745429 
12 100.76255441 669.517758435 229.719687154 
13 60.842510222 658.875246652 280.282243126 
14 37.2672004278 633.321649888 329.411149684 
15 23.346897868 600.370864446 376.282237686 
16 15.0158395595 564.465872082 420.518288359 
17 9.92689476404 528.074951501 461.998153735 
18 6.74433830256 492.515341839 500.740319859 
19 4.70470717729 458.45888653 536.836406293 
20 3.36544039217 426.22040636 570.414153247 
21 2.46513425829 395.917874341 601.6169914 
22 1.84629373844 367.560906144 630.592800118 
23 1.41179340408 341.100498474 657.487708122 
24 1.10063956786 316.456522115 682.442838317 
25 0.873652786202 293.533778977 705.592568237 
26 0.705210764256 272.231007125 727.063782111 
27 0.57817768914 252.446213332 746.975608978 
28 0.480910510704 234.079583961 765.439505528 
29 0.405406397865 217.035096662 782.55949694 
30 0.346034389237 201.221481299 798.432484312 
31 0.29878361983 186.552585839 813.148630541 
32 0.260765532579 172.947476123 826.791758344 
33 0.229881698328 160.330347046 839.439771255 
34 0.204498936526 148.630559372 851.164941692 
35 0.183437081105 137.782075119 862.034487799 
36 0.165878179381 127.72359023 872.110531591 
37 0.151095959577 118.397897595 881.451006446 
38 0.138594345346 109.752055869 890.109349786 
39 0.127928763366 101.736672508 898.135398728 
40 0.118771785013 94.3059398611 905.575288354 
41 0.110872676905 87.4173867339 912.471740589 
42 0.104020772151 81.0315567391 918.864422489 
43 0.0980478351988 75.1118364008 924.790115764 
44 0.092818361116 69.6242889672 930.282892672 
45 0.0882206795019 64.5374201373 935.374359183 
46 0.084163208771 59.8220160862 940.093820705 
47 0.0805695099 55.4510021199 944.46842837 
48 0.0773771521527 51.3992668869 948.523355961 
49 0.0745293735887 47.6434361688 952.282034458 
50 0.0719834723704 44.161959735 955.766056793 
51 0.0697011428673 40.9348098458 958.995489011 
52 0.0676503461603 37.9434257308 961.988923923 
53 0.065803289865 35.1705911528 964.763605557 
54 0.0641362861512 32.6003467887 967.335516925 
55 0.0626288253972 30.2178970586 969.719474116 
56 0.0612631834074 28.0095272728 971.929209544 
57 0.0600240080488 25.9625272607 973.977448731 
58 0.0588977952776 24.0651059525 975.875996252 
59 0.0578725782877 22.3063248135 977.635802608 
60 0.0569379781599 20.6760576287 979.267004393 
61 0.0560853618791 19.1649343834 980.778980255 
62 0.055306699584 17.7642517612 982.180441539 
63 0.0545945586863 16.4659284653 983.479476976 
64 0.0539425339913 15.2624817362 984.68357573 
65 0.0533451310831 14.1469844433 985.799670426 
66 0.0527973627976 13.1130121737 986.834190464 
67 0.0522946548401 12.1546062766 987.793099069 
68 0.0518329482018 11.2662448746 988.681922177 
69 0.0514086264578 10.4428087598 989.505782614 
70 0.0510184242208 9.67955270381 990.269428872 
71 0.0506593859732 8.97207953332 990.977261081 
72 0.0503288480739 8.31631382291 991.633357329 
73 0.0500243946271 7.70847596635 992.241499639 
74 0.0497438394303 7.14506316895 992.805192992 
75 0.0494851946457 6.62282866896 993.327686136 
76 0.0492466542203 6.13876293046 993.811990415 
77 0.0490265687916 5.69007507325 994.260898358 
78 0.0488234451495 5.27418071253 994.676995842 
79 0.0486359278904 4.88868607826 995.062677994 
80 0.0484627566997 4.53136643582 995.420170807 
81 0.0483027903872 4.20016253486 995.751534675 
82 0.0481549928983 3.89316781124 996.058677196 
83 0.0480184016903 3.60861113207 996.343370466 
84 0.0478921376235 3.34485184607 996.607256016 
85 0.0477754011221 3.10037154305 996.851853056 
86 0.0476674520958 2.87376051335 997.078572035 
87 0.0475676092999 2.6637117238 997.288720667 
88 0.0474752516404 2.46901598019 997.483508768 
89 0.0473898061605 2.28855153695 997.664058657 
90 0.0473107422861 2.12127686741 997.83141239 
91 0.0472375750647 1.96622845642 997.986533969 
92 0.0471698580003 1.82251330646 998.130316836 
93 0.0471071764839 1.68930194383 998.26359088 
94 0.0470491505641 1.56582695285 998.387123897 
95 0.0469954305798 1.45137756822 998.501627001 
96 0.0469456915607 1.34529318296 998.607761125 
97 0.0468996347763 1.24696242736 998.706137938 
98 0.0468569852666 1.15581932238 998.797323692 
99 0.0468174876953 1.07133798397 998.881844528 
100 0.0467809065608 0.993031293408 998.9601878 
