Time S I R
0  997 3 0
1 994.027716391 5.85167218901 0.120611420442 
2 988.264075877 11.380400393 0.355523729709 
3 977.18187372 22.0070428081 0.811083472233 
4 956.21606562 42.0966898692 1.68724451117 
5 917.74149136 78.9122448317 3.3462638083 
6 850.924129492 142.675909192 6.39996131608 
7 745.270481492 242.973951303 11.7555672052 
8 600.627168801 378.90077859 20.4720526083 
9 437.115582817 529.575208425 33.3092087577 
10 287.588694515 662.189322088 50.2219833968 
11 174.761956129 754.894386885 70.3436569859 
12 101.014299634 806.498301617 92.4873987487 
13 56.9665406468 827.406854378 115.626604975 
14 31.8927086385 829.046738637 139.060552724 
15 17.9098718677 819.719640621 162.370487512 
16 10.1463945313 804.528516258 185.325089211 
17 5.8163455712 786.379926 207.803728429 
18 3.3786939477 766.873580291 229.747725762 
19 1.9900062029 746.877772064 251.132221733 
20 1.18862198573 726.860694091 271.950683923 
21 0.719913611048 707.073656011 292.206430378 
22 0.442055440235 687.649900098 311.908044462 
23 0.275111960245 668.658018624 331.066869416 
24 0.17347548043 650.130892014 349.695632505 
25 0.110742734145 632.08157674 367.807680526 
26 0.0716216636496 614.511813916 385.41656442 
27 0.0468831343717 597.417338616 402.535778249 
28 0.0310916702103 580.79027287 419.17863546 
29 0.0208818904789 564.620905509 435.358212601 
30 0.0141364939424 548.898570394 451.087293112 
31 0.00966727912305 533.611979623 466.378353098 
32 0.00668505313479 518.749763191 481.243551756 
33 0.0046757041805 504.300612979 495.694711317 
34 0.00330290908232 490.253354977 509.743342114 
35 0.00235645392058 476.597004719 523.400638827 
36 0.00170248479344 463.320846566 536.67745095 
37 0.00123404940689 450.414323643 549.584442308 
38 0.000900479169331 437.867217311 562.13188221 
39 0.000662548593937 425.669562908 574.329774544 
40 0.000492590462272 413.811621985 586.187885425 
41 0.000369822884636 402.283965827 597.71566435 
42 0.00027702575494 391.077400603 608.922322371 
43 0.000202886950888 380.182973519 619.816823594 
44 0.000144244666217 369.591991887 630.407863869 
45 0.000102470158822 359.296044138 640.703853392 
46 6.76210869415e-05 349.286823651 650.713108728 
47 4.17253301066e-05 339.556387607 660.443570668 
48 3.24893176185e-05 330.097086891 669.90288062 
49 3.56607729373e-05 320.90135071 679.098613629 
50 4.14229602939e-05 311.961765144 688.038193433 
51 4.59908351331e-05 303.271215593 696.728738416 
52 4.61288243514e-05 294.822792144 705.177161727 
53 4.30718027928e-05 286.60971073 713.390246199 
54 3.73807420146e-05 278.625416567 721.374546052 
55 3.03422691559e-05 270.863586014 729.136383643 
56 2.20389267724e-05 263.317949927 736.682028034 
57 1.43308889164e-05 255.982514756 744.017470913 
58 9.01905787032e-06 248.851426339 751.148564642 
59 8.00587781669e-06 241.919010701 758.080981293 
60 9.88360920928e-06 235.179708662 764.820281454 
61 1.37640174671e-05 228.628140581 771.371845655 
62 1.83648077154e-05 222.259085859 777.740895776 
63 2.13938507159e-05 216.067467793 783.932510813 
64 2.1416760319e-05 210.048350568 789.951628015 
65 2.08864495335e-05 204.196938977 795.803040136 
66 1.98155249791e-05 198.50855617 801.491424014 
67 1.81209824177e-05 192.978641763 807.021340116 
68 1.57513086378e-05 187.602744939 812.39723931 
69 1.28748732777e-05 182.376581338 817.623405787 
70 9.83340441962e-06 177.296009314 822.703980852 
71 6.9956029165e-06 172.356971931 827.643021073 
72 4.85502687297e-06 167.555522779 832.444472366 
73 3.97088695081e-06 162.887823077 837.112172953 
74 4.00429587444e-06 158.350153309 841.649842687 
75 4.63355991087e-06 153.938894658 846.061100708 
76 5.55524320589e-06 149.650525133 850.349469312 
77 6.27018584964e-06 145.481619151 854.518374578 
78 6.317555858e-06 141.428846524 858.571147158 
79 6.14007512922e-06 137.488977117 862.511016743 
80 5.78308367949e-06 133.658866003 866.341128214 
81 5.28259317889e-06 129.935453827 870.06454089 
82 4.74617058899e-06 126.315764408 873.684230846 
83 4.21189270128e-06 122.796908076 877.203087712 
84 3.6346413026e-06 119.376079791 880.623916574 
85 3.06414995066e-06 116.050549368 883.949447568 
86 2.61119691913e-06 112.817660417 887.182336972 
87 2.41197847117e-06 109.674829332 890.325168256 
88 2.42493342739e-06 106.619550335 893.38044724 
89 2.59252044543e-06 103.64938702 896.350610387 
90 2.89817330668e-06 100.761967786 899.238029316 
91 3.28715850628e-06 97.9549863154 902.045010397 
92 3.65150003745e-06 95.2261996958 904.773796653 
93 3.81189772725e-06 92.5734266534 907.426569535 
94 3.74793262381e-06 89.9945479278 910.005448324 
95 3.71544058453e-06 87.4875058843 912.5124904 
96 3.72025965589e-06 85.0502991106 914.949697169 
97 3.75015349618e-06 82.6809832372 917.319013013 
98 3.77006369945e-06 80.3776700034 919.622326226 
99 3.71263354282e-06 78.1385264315 921.861469856 
100 3.51579410562e-06 75.9617704354 924.038226049 
