Time S I R
0  997 3 0
1 993.604240249 6.0439480236 0.351811727749 
2 986.811117203 12.1296583901 1.05922440738 
3 973.369048786 24.1574483687 2.47350284525 
4 947.334684131 47.3962373508 5.26907851831 
5 898.941217428 90.3828134226 10.6759691497 
6 815.474998118 163.800665968 20.7243359142 
7 688.459971446 273.356692292 38.183336262 
8 527.512963879 406.845420099 65.6416160223 
9 364.312469842 531.876176311 103.811353847 
10 231.276917885 618.056159719 150.666922396 
11 139.78774926 657.627128218 202.585122522 
12 83.1649782571 660.701463593 256.13355815 
13 49.8391713274 641.22911192 308.931716753 
14 30.4860706826 609.897331459 359.616597858 
15 19.1577652136 573.32205122 407.520183567 
16 12.3992189562 535.217224907 452.383556136 
17 8.26790917215 497.560499234 494.171591594 
18 5.67550400106 461.358457135 532.966038864 
19 4.00533376605 427.088141847 568.906524387 
20 2.90131647556 394.940195457 602.158488067 
21 2.15353955995 364.950536315 632.895924125 
22 1.63517196497 337.072813552 661.292014483 
23 1.26803547113 311.217672436 687.514292093 
24 1.002719655 287.275183668 711.722096677 
25 0.807394988527 265.127124133 734.065480878 
26 0.661099645022 244.654061969 754.684838386 
27 0.549723107289 225.739294861 773.710982032 
28 0.463680075263 208.270842962 791.265476963 
29 0.396291571629 192.142658139 807.461050289 
30 0.342840315558 177.255058611 822.402101074 
31 0.299953373332 163.514818134 836.185228492 
32 0.265189359517 150.835037 848.89977364 
33 0.23666349098 139.135103531 860.628232978 
34 0.213049604838 128.340043801 871.446906594 
35 0.193394988878 118.380590563 881.426014448 
36 0.176877406609 109.192458389 890.630664204 
37 0.162891412482 100.716242405 899.120866182 
38 0.150974769418 92.8970659733 906.951959257 
39 0.140759377515 85.684205222 914.175035401 
40 0.131951122552 79.0307863869 920.837262491 
41 0.124315476352 72.8935198372 926.982164686 
42 0.117666864307 67.2325038446 932.649829291 
43 0.111851235768 62.010830829 937.877317935 
44 0.106744289302 57.1945044535 942.698751257 
45 0.102242543013 52.7520782674 947.14567919 
46 0.0982540699456 48.6544685005 951.24727743 
47 0.0947146038307 44.8750332196 955.030252177 
48 0.0915639816155 41.3890857637 958.519350255 
49 0.0887505534602 38.1738342859 961.737415161 
50 0.0862324078315 35.2082802834 964.705487309 
51 0.0839733013484 32.4730466379 967.442980061 
52 0.0819422074786 29.9502566531 969.967801139 
53 0.080112466645 27.6234162106 972.296471323 
54 0.0784611261494 25.4773139151 974.444224959 
55 0.0769683290748 23.4979199344 976.425111737 
56 0.0756166792348 21.6722842103 978.252099111 
57 0.07439109927 19.9884692445 979.937139656 
58 0.0732783385306 18.4354586968 981.491262965 
59 0.0722668092989 17.00309735 982.924635841 
60 0.0713462371835 15.6820111844 984.246642578 
61 0.0705076010707 14.4635610299 985.465931369 
62 0.0697428526814 13.3397709975 986.59048615 
63 0.0690448880661 12.3032917839 987.627663328 
64 0.068407338269 11.3473379213 988.58425474 
65 0.0678245519501 10.4656571302 989.466518318 
66 0.0672914413203 9.65247644302 990.280232116 
67 0.0668034688767 8.90247660546 991.030719926 
68 0.0663565437101 8.21074741118 991.722896045 
69 0.0659469808395 7.57276094872 992.36129207 
70 0.0655714945264 6.98434709351 992.950081412 
71 0.0652270781296 6.44165215875 993.493120763 
72 0.0649110308176 5.94112460077 993.993964368 
73 0.0646209000051 5.47948770015 994.4558914 
74 0.0643544628613 5.05371967248 994.881925865 
75 0.06410970257 4.66103362038 995.274856677 
76 0.0638847859195 4.29885936752 995.637255847 
77 0.063678045894 3.96482655892 995.971495395 
78 0.0634879629948 3.65674837469 996.279763662 
79 0.0633131534297 3.37260822034 996.564078626 
80 0.0631523534439 3.11054602983 996.826301617 
81 0.063004410078 2.86884649158 997.068149098 
82 0.0628682678946 2.64592677975 997.291204952 
83 0.0627429655058 2.44032862532 997.496928409 
84 0.0626276223362 2.25070661643 997.686665761 
85 0.0625214288661 2.07581839321 997.861660178 
86 0.0624236471722 1.91451974493 998.023056608 
87 0.0623335992142 1.76575450084 998.1719119 
88 0.0622506628599 1.62854839617 998.309200941 
89 0.0621742694084 1.50200395684 998.435821774 
90 0.0621038950188 1.38529229608 998.552603809 
91 0.0620390593189 1.27764931948 998.660311621 
92 0.0619793221432 1.17837097158 998.759649706 
93 0.0619242775883 1.08680677141 998.851268951 
94 0.0618735534589 1.00235736481 998.935769082 
95 0.061826807918 0.924470171026 999.013703021 
96 0.0617837257722 0.852634882614 999.085581392 
97 0.0617440179301 0.786381494585 999.151874487 
98 0.0617074183361 0.725276393168 999.213016188 
99 0.0616736817623 0.66891924711 999.269407071 
100 0.0616425831099 0.616941372202 999.321416045 
