Time S I R
0.0  10000 1 0
1 9997.78801214 2.49218214501 0.719805718926 
2 9992.27883197 6.20792062775 2.51324740615 
3 9978.57723624 15.4448493027 6.97791445949 
4 9944.62142438 38.309677367 18.0688982495 
5 9861.20545929 94.3178891802 45.476651531 
6 9660.61817323 228.037990703 112.343836064 
7 9202.00520942 528.40070538 270.594085201 
8 8263.50763818 1116.88488137 620.607480442 
9 6708.45638775 1993.59273514 1298.95087711 
10 4830.09020347 2803.08833632 2367.82146021 
11 3217.76810056 3093.81226785 3689.4196316 
12 2142.51992952 2845.74013031 5012.73994017 
13 1506.62025115 2335.94718963 6158.43255922 
14 1139.66414189 1794.66677887 7066.66907924 
15 923.606181953 1326.77678558 7750.61703247 
16 792.121479203 958.580049551 8250.29847125 
17 709.502557972 682.795969678 8608.70147235 
18 656.19842115 481.979074133 8862.82250472 
19 621.102738899 338.226461864 9041.67079924 
20 597.646707987 236.423410735 9166.92988128 
21 581.79939012 164.828942913 9254.37166697 
22 571.009828847 114.710549611 9315.27962154 
23 563.623753673 79.734346161 9357.64190017 
24 558.548222523 55.3765066033 9387.07527087 
25 555.051121795 38.4376296324 9407.51124857 
26 552.637091763 26.6695600615 9421.69334818 
27 550.968541239 18.4993493222 9431.53210944 
28 549.814219615 12.8296559978 9438.35612439 
29 549.015147978 8.89645099565 9443.08840103 
30 548.46175577 6.16849548138 9446.36974875 
31 548.078392011 4.27675612321 9448.64485187 
32 547.812760402 2.96504206233 9450.22219754 
33 547.628678384 2.05557889758 9451.31574272 
34 547.501097218 1.42504434871 9452.07385843 
35 547.412668775 0.987907616086 9452.59942361 
36 547.351374718 0.684857055979 9452.96376823 
37 547.308887402 0.474766993923 9453.2163456 
38 547.279435708 0.329123592315 9453.3914407 
39 547.259019826 0.228158217232 9453.51282196 
40 547.244867387 0.158165621184 9453.59696699 
41 547.235056728 0.109644544138 9453.65529873 
42 547.228255837 0.0760084172838 9453.69573575 
43 547.223541335 0.0526909477939 9453.72376772 
44 547.220273142 0.0365266393446 9453.74320022 
45 547.218007568 0.0253211629762 9453.75667127 
46 547.216437022 0.0175532443595 9453.76600973 
47 547.215348283 0.0121683261441 9453.77248339 
48 547.214593544 0.00843537048008 9453.77697109 
49 547.214070346 0.00584762028435 9453.78008203 
50 547.213707667 0.00405379591108 9453.78223854 
51 547.213456232 0.002810188331 9453.78373358 
52 547.213281933 0.00194809933136 9453.78476997 
53 547.213161109 0.00135049814581 9453.78548839 
54 547.213077347 0.000936205786115 9453.78598645 
55 547.213019274 0.000648978513935 9453.78633175 
56 547.212979021 0.000449884529645 9453.78657109 
57 547.212951116 0.000311861887566 9453.78673702 
58 547.212931771 0.000216183234051 9453.78685205 
59 547.212918365 0.000149876542521 9453.78693176 
60 547.212909061 0.000103857536219 9453.78698708 
61 547.21290261 7.19490494859e-05 9453.78702544 
62 547.212898148 4.98832937731e-05 9453.78705197 
63 547.212895062 3.46184655844e-05 9453.78707032 
64 547.212892917 2.40107486528e-05 9453.78708307 
65 547.212891431 1.66600812903e-05 9453.78709191 
66 547.212890405 1.15830031758e-05 9453.78709801 
67 547.212889695 8.07333168754e-06 9453.78710223 
68 547.212889191 5.58168099627e-06 9453.78710523 
69 547.212888824 3.76694537737e-06 9453.78710741 
70 547.212888595 2.63479158758e-06 9453.78710877 
