Time S I R
0  997 3 0
1 993.808346381 5.94891623747 0.242737381746 
2 987.520255822 11.7564842079 0.723259970433 
3 975.25103254 23.0792454833 1.66972197696 
4 951.757294313 44.7269474507 3.51575823625 
5 908.346143844 84.6038807336 7.04997542264 
6 833.166145515 153.243612677 13.5902418082 
7 716.457739988 258.527221713 25.0150382988 
8 562.695054694 394.001150789 43.3037945173 
9 398.267073875 532.264577506 69.4683486189 
10 256.750835062 640.545517721 102.703647217 
11 155.246699499 703.963585653 140.789714848 
12 90.9377096645 727.782738958 181.279551378 
13 52.8987660052 724.805521637 222.295712358 
14 31.0363363135 706.300926 262.662737687 
15 18.523848268 679.742632148 301.733519584 
16 11.2941989617 649.516268533 339.189532505 
17 7.04687872854 618.053610027 374.899511244 
18 4.50110821592 586.664341475 408.834550309 
19 2.94226016866 556.037430779 441.020309053 
20 1.9668608726 526.522403023 471.510736105 
21 1.34338406348 498.282899311 500.373716625 
22 0.936622170043 471.380180798 527.683197032 
23 0.665857099033 445.819330151 553.51481275 
24 0.482228960592 421.574222646 577.943548393 
25 0.355415692359 398.602201802 601.042382506 
26 0.266360595489 376.85201007 622.881629335 
27 0.202778335919 356.268636507 643.528585157 
28 0.156667198911 336.795924819 663.047407982 
29 0.122771080514 318.378125988 681.499102932 
30 0.0975010634459 300.960936204 698.941562733 
31 0.078400570887 284.491918968 715.429680461 
32 0.0637897977856 268.920758579 731.015451623 
33 0.0525019313216 254.199400627 745.748097442 
34 0.0436830629895 240.282132124 759.674184813 
35 0.0367098122181 227.125503949 772.837786239 
36 0.0311413396184 214.688269039 785.280589621 
37 0.026659014395 202.931329099 797.042011887 
38 0.0230185901215 191.817686444 808.159294966 
39 0.0200362814423 181.312275465 818.667688254 
40 0.0175732468282 171.381876186 828.600550568 
41 0.0155240152044 161.995085929 837.989390056 
42 0.0138056804205 153.122155607 846.864038713 
43 0.0123564274465 144.735025568 855.252618005 
44 0.0111256778239 136.807096517 863.181777806 
45 0.0100768485697 129.313391665 870.676531486 
46 0.00917647472113 122.230072223 877.760751302 
47 0.00839945382268 115.534677728 884.456922819 
48 0.00772563430621 109.205982359 890.786292007 
49 0.0071383545253 103.223897961 896.768963685 
50 0.00662448867854 97.5694638358 902.423911676 
51 0.00617284433702 92.2247126556 907.7691145 
52 0.00577448244223 87.1727289542 912.821496563 
53 0.00542223604486 82.3975207042 917.59705706 
54 0.00511021779187 77.8839242225 922.11096556 
55 0.00483099901089 73.6175181208 926.37765088 
56 0.00457970105003 69.5847423872 930.410677912 
57 0.00435424173179 65.7728725361 934.222773222 
58 0.00415204425428 62.1698387007 937.826009255 
59 0.00396967134623 58.7641755552 941.231854773 
60 0.00380439930223 55.5450569215 944.451138679 
61 0.00365448737784 52.5022761921 947.494069321 
62 0.00351823899962 49.6261735079 950.370308253 
63 0.00339413282143 46.9076216402 953.088984227 
64 0.00328085908916 44.3379899032 955.658729238 
65 0.00317727912454 41.9091227079 958.087700013 
66 0.00308237012848 39.6133060625 960.383611567 
67 0.00299526722642 37.4432542748 962.553750458 
68 0.00291519975042 35.3920772601 964.60500754 
69 0.00284149456684 33.4532669422 966.543891563 
70 0.00277354412219 31.6206660482 968.376560408 
71 0.00271080219227 29.8884514612 970.108837737 
72 0.00265280713154 28.2511307096 971.746216483 
73 0.00259912900856 26.7035022006 973.29389867 
74 0.00254938766602 25.2406523033 974.756798309 
75 0.00250324944352 23.857940514 976.139556237 
76 0.00246040424031 22.5509725594 977.446567036 
77 0.00242058071581 21.3156019312 978.681977488 
78 0.00238353264228 20.1479071629 979.849709304 
79 0.00234903355033 19.0441773784 980.953473588 
80 0.00231688446979 18.0009124508 981.996770665 
81 0.00228690121276 17.0147986361 982.982914463 
82 0.00225891632556 16.0827037843 983.915037299 
83 0.00223278014766 15.2016716284 984.796095591 
84 0.00220835334142 14.3689023952 985.628889251 
85 0.00218550995862 13.5817525772 986.416061913 
86 0.00216413525209 12.8377241584 987.160111706 
87 0.00214412355479 12.134453949 987.863401927 
88 0.00212537738958 11.4697080168 988.528166606 
89 0.00210780761279 10.8413759317 989.156516261 
90 0.00209133453427 10.2474661291 989.750442536 
91 0.00207588318449 9.68609342665 990.31183069 
92 0.00206138273882 9.15547301677 990.8424656 
93 0.00204776997577 8.65392116993 991.34403106 
94 0.00203498607698 8.17984573971 991.818119274 
95 0.00202297574617 7.73174052272 992.266236502 
96 0.00201168855369 7.30818309439 992.689805217 
97 0.00200107770786 6.9078288494 993.090170073 
98 0.00199109952803 6.52940630163 993.468602599 
99 0.00198171371812 6.17171434883 993.826303937 
100 0.00197288282538 5.8336176459 994.164409471 
