Time S I R
0.0  10000 1 0
1 9999.6079723 1.04290292361 0.349124776211 
2 9999.19914503 1.08762978713 0.713225187198 
3 9998.7728052 1.13425671492 1.09293808345 
4 9998.32821138 1.1828627578 1.4889258612 
5 9997.86459092 1.23353017039 1.90187891094 
6 9997.38113849 1.28634454959 2.33251696257 
7 9996.87701634 1.34139479525 2.78158886366 
8 9996.35135212 1.39877332179 3.24987456229 
9 9995.80323752 1.45857617731 3.73818630534 
10 9995.23172645 1.52090321008 4.24737034329 
11 9994.63583492 1.58585807671 4.77830700789 
12 9994.01454007 1.65354833047 5.33191160227 
13 9993.36677597 1.72408578117 5.90913824707 
14 9992.69143292 1.79758656808 6.5109805124 
15 9991.98735604 1.8741712784 7.13847267901 
16 9991.25334529 1.95396490613 7.79268980509 
17 9990.48815209 2.0370971755 8.47475073663 
18 9989.69047777 2.12370265779 9.1858195725 
19 9988.85897163 2.21392088833 9.92710748297 
20 9987.99222963 2.3078965137 10.6998738516 
21 9987.08879212 2.40577944286 11.505428433 
22 9986.14714137 2.50772500591 12.3451336201 
23 9985.16570057 2.61389407338 13.2204053544 
24 9984.14283117 2.72445320543 14.1327156295 
25 9983.07683046 2.83957479309 15.0835947439 
26 9981.96593042 2.95943720367 16.0746323766 
27 9980.80829418 3.08422488124 17.1074809345 
28 9979.60201468 3.21412851022 18.183856808 
29 9978.34511277 3.34934516514 19.3055420619 
30 9977.03553476 3.49007843767 20.4743868048 
31 9975.67114967 3.63653851036 21.692311816 
32 9974.24974577 3.78894211444 22.9613121116 
33 9972.76902955 3.94751288143 24.2834575666 
34 9971.22662262 4.11248137888 25.6608960001 
35 9969.62005899 4.28408520248 27.0958558122 
36 9967.94678493 4.46256876365 28.5906463064 
37 9966.20415527 4.64818349287 30.1476612411 
38 9964.38942943 4.84118804787 31.7693825218 
39 9962.49976967 5.04184826418 33.4583820618 
40 9960.53223902 5.25043707178 35.2173239108 
41 9958.48380106 5.467234033 37.0489649041 
42 9956.35131445 5.69252591133 38.9561596353 
43 9954.13153119 5.92660647156 40.9418623431 
44 9951.82109431 6.16977638401 43.0091293084 
45 9949.41653793 6.4223425517 45.161119515 
46 9946.91428448 6.68461808519 47.4010974346 
47 9944.31064065 6.95692256371 49.7324367903 
48 9941.60179628 7.2395815885 52.1586221345 
49 9938.78382311 7.53292637106 54.6832505195 
50 9935.8526774 7.83729246915 57.3100301349 
51 9932.80419321 8.15302051167 60.0427862814 
52 9929.634082 8.48045555906 62.8854624411 
53 9926.33793168 8.81994655663 65.8421217641 
54 9922.91121001 9.17184494583 68.9169450436 
55 9919.34926443 9.53650394593 72.1142316194 
56 9915.64731651 9.9142788462 75.4384046447 
57 9911.80046418 10.3055257801 78.8940100395 
58 9907.80368286 10.7106007342 82.4857164066 
59 9903.65183448 11.1298571846 86.2183083352 
60 9899.33966076 11.5636463833 90.0966928557 
61 9894.86178576 12.0123160496 94.1258981857 
62 9890.21271922 12.4762089195 98.311071859 
63 9885.38686625 12.9556604196 102.65747333 
64 9880.37852636 13.4509977761 107.170475866 
65 9875.18189586 13.9625386246 111.855565517 
66 9869.79107384 14.4905891021 116.718337054 
67 9864.20007541 15.0354410779 121.764483513 
68 9858.40283705 15.5973702624 126.999792689 
69 9852.39321743 16.1766348175 132.430147752 
70 9846.16500838 16.7734727303 138.06151889 
