Time S I R
0  997 3 0
1 995.178943054 4.49246600591 0.328590939637 
2 992.459657124 6.71996379468 0.820379081546 
3 988.409282019 10.0353167202 1.55540126051 
4 982.398741908 14.9495529333 2.65170515827 
5 973.528683927 22.1894251077 4.28189096498 
6 960.544990292 32.7599251315 6.69508457635 
7 941.764695261 47.9913041297 10.2440006089 
8 915.061401911 69.524676595 15.4139214944 
9 878.000842252 99.1543837732 22.8447739748 
10 828.25116701 138.419992861 33.3288401285 
11 764.356134904 187.885554462 47.7583106337 
12 686.759660177 246.241662408 66.998677415 
13 598.605697613 309.703538308 91.690764079 
14 505.609211963 372.353791359 122.036996678 
15 414.678055592 427.650402452 157.671541956 
16 331.898176305 470.408064693 197.693759002 
17 261.04334023 498.101408133 240.855251637 
18 203.279370782 510.913203798 285.807425421 
19 157.81522059 510.876665067 331.308114343 
20 122.840424272 500.821140755 376.338434973 
21 96.2748295869 483.589186183 420.13598423 
22 76.1962752635 461.628405515 462.175319222 
23 61.0101872974 436.864307177 502.125505525 
24 49.4719708296 410.723809322 539.804219849 
25 40.6429048813 384.22023456 575.136860559 
26 33.8280784437 358.047873539 608.124048017 
27 28.5176406672 332.665287871 638.817071462 
28 24.3382548568 308.361694376 667.300050767 
29 21.0161727081 285.30664861 693.677178682 
30 18.3496367008 263.586574531 718.063788768 
31 16.1890117461 243.230787748 740.580200506 
32 14.422470105 224.230020759 761.347509136 
33 12.9657527342 206.549475587 780.484771679 
34 11.7548276366 190.138003853 798.107168511 
35 10.7406116964 174.934536005 814.324852298 
36 9.88513695573 160.872590331 829.242272714 
37 9.15884842124 147.883286615 842.957864964 
38 8.53847422539 135.897621373 855.563904402 
39 8.0055742374 124.847845214 867.146580549 
40 7.54542291296 114.668420237 877.78615685 
41 7.14617110404 105.296635134 887.557193762 
42 6.79821564416 96.6729702271 896.528814129 
43 6.4937203614 88.7412780292 904.765001609 
44 6.22624528004 81.4488554055 912.324899314 
45 5.99046633822 74.7464157219 919.26311794 
46 5.7819703719 68.5879893443 925.630040284 
47 5.59705243832 62.9308463162 931.472101245 
48 5.43259942167 57.735324907 936.832075671 
49 5.28598466361 52.9646704948 941.749344842 
50 5.15497118019 48.5848829063 946.260145913 
51 5.03765265212 44.5645372284 950.397810119 
52 4.93239476619 40.8746231068 954.192982127 
53 4.83778897816 37.4883809724 957.673830049 
54 4.75261909709 34.3811434044 960.866237498 
55 4.6758286523 31.5301888539 963.793982494 
56 4.60649555988 28.9145989764 966.478905464 
57 4.54381982986 26.5151202152 968.941059955 
58 4.48709644369 24.3140439693 971.198859587 
59 4.43570468163 22.2950880841 973.269207234 
60 4.3890991944 20.4432840283 975.167616777 
61 4.34679491814 18.7448768254 976.908328256 
62 4.30836500456 17.1872289836 978.504406012 
63 4.27342693957 15.7587313626 979.967841698 
64 4.2416425251 14.4487238451 981.30963363 
65 4.21270804458 13.2474165433 982.539875412 
66 4.18635313488 12.145823799 983.667823066 
67 4.16233477375 11.1356954923 984.701969734 
68 4.14043520473 10.2094605057 985.65010429 
69 4.12045859726 9.36017021734 986.519371185 
70 4.10222850257 8.58144824406 987.316323253 
71 4.08558624431 7.86744530487 988.046968451 
72 4.07038805138 7.21279274527 988.716819203 
73 4.05650412092 6.61256595453 989.330929925 
74 4.04381726921 6.06224862009 989.893934111 
75 4.0322211789 5.5576970814 990.41008174 
76 4.02161945159 5.09511062077 990.883269928 
77 4.01192465493 4.67100335644 991.317071989 
78 4.00305739255 4.28217830068 991.714764307 
79 3.99494550087 3.92570350048 992.079350999 
80 3.98752334894 3.59889003355 992.413586618 
81 3.98073121913 3.29927210227 992.719996679 
82 3.97451472646 3.02458845907 993.000896814 
83 3.96882431763 2.77276545392 993.258410228 
84 3.96361482192 2.54190158746 993.494483591 
85 3.95884511533 2.33025443969 993.710900445 
86 3.95447758863 2.13622476495 993.909297646 
87 3.95047796042 1.95834698108 994.091175059 
88 3.94681494531 1.79527751908 994.257907536 
89 3.9434599169 1.64578350416 994.410756579 
90 3.94038678447 1.5087358024 994.550877413 
91 3.93757165952 1.38309818407 994.679330156 
92 3.93499272456 1.26792105685 994.797086219 
93 3.93263004576 1.16233411818 994.905035836 
94 3.93046536026 1.06553860909 995.003996031 
95 3.9284819963 0.976803060512 995.094714943 
96 3.92666468069 0.895456295782 995.177879024 
97 3.92499944493 0.820883178945 995.254117376 
98 3.92347351575 0.752520036391 995.324006448 
99 3.92207518306 0.689849533831 995.388075283 
100 3.92079374583 0.632397954983 995.446808299 
