Time S I R
0.0  10000 1 0
1 9995.4178114 5.38474418778 0.197444415452 
2 9970.8058468 28.934639187 1.25951400812 
3 9840.31735494 153.748051306 6.9345937499 
4 9193.36738825 771.401350153 36.2312615977 
5 6805.49732582 3029.70891154 165.793762639 
6 2900.34242665 6567.43538151 533.222191838 
7 768.246051825 8127.23241101 1105.52153717 
8 182.189188389 8093.34023577 1725.47057584 
9 45.565248799 7632.90772491 2322.52702629 
10 12.4562221115 7107.29371683 2881.25006106 
11 3.73177579779 6596.76974027 3400.49848394 
12 1.21935442653 6117.58196819 3882.19867738 
13 0.432594690668 5671.72747902 4328.83992629 
14 0.165792361237 5257.92535082 4742.90885681 
15 0.0679334984889 4874.17070602 5126.76136048 
16 0.0297547140999 4518.37445438 5482.59579091 
17 0.0138492374899 4188.53273699 5812.45341377 
18 0.00673494528382 3882.76328931 6118.22997575 
19 0.00345035390637 3599.30993888 6401.68661077 
20 0.00170785371665 3336.54704431 6664.45124783 
21 0.0008225629972 3092.96399352 6908.03518392 
22 0.000792237438873 2867.16470237 7133.83450539 
23 0.000844815265737 2657.85011141 7343.14904378 
24 0.000615695415036 2463.81637687 7537.18300743 
25 0.000285835343675 2283.94815881 7717.05155535 
26 0.000210873833566 2117.21093503 7883.7888541 
27 0.000316326621032 1962.64601941 8038.35366426 
28 0.000312887421387 1819.36596573 8181.63372139 
29 0.000250691866313 1686.54655196 8314.45319735 
30 0.00014070027828 1563.42236576 8437.57749354 
31 7.93818744569e-05 1449.286634 8551.71328661 
32 9.91167562461e-05 1343.48315641 8657.51674447 
33 0.0001070142971 1245.40375765 8755.59613533 
34 9.0506982815e-05 1154.48464955 8846.51525995 
35 6.95031012583e-05 1070.20289731 8930.79703318 
36 5.07732420374e-05 992.074073676 9008.92587555 
37 4.97341025039e-05 919.648891908 9081.35105836 
38 5.77812079428e-05 852.511079709 9148.48886251 
39 5.40919227205e-05 790.274441191 9210.72550472 
40 4.91458213219e-05 732.581112018 9268.41883884 
41 4.37916442024e-05 679.09978288 9321.90017333 
42 4.12601766584e-05 629.522825723 9371.47713302 
43 3.85738949262e-05 583.565220211 9417.43474122 
44 3.50852296833e-05 540.962736179 9460.03722874 
45 3.22286323353e-05 501.470380384 9499.52958739 
46 2.92615568469e-05 464.86110996 9536.13886078 
47 2.66232364083e-05 430.924437366 9570.07553601 
48 2.47353982559e-05 399.46530067 9601.53467459 
49 2.32117363339e-05 370.302797339 9630.69717945 
50 2.18363329623e-05 343.269271272 9657.73070689 
51 2.06085078389e-05 318.209283533 9682.79069586 
52 1.95183274627e-05 294.978774606 9706.02120588 
53 1.85343615158e-05 273.444140764 9727.5558407 
54 1.76563644345e-05 253.481588111 9747.51839423 
55 1.69127742993e-05 234.976446879 9766.02353621 
56 1.62824399013e-05 217.822245248 9783.17773847 
57 1.57296635734e-05 201.920354735 9799.07962954 
58 1.52030643221e-05 187.179401228 9813.82058357 
59 1.47161281348e-05 173.51457012 9827.48541516 
60 1.42752833199e-05 160.847312216 9840.15267351 
61 1.38904524647e-05 149.104843015 9851.89514309 
62 1.35458594741e-05 138.219595318 9862.78039114 
63 1.32345921884e-05 128.129010822 9872.87097594 
64 1.2950566088e-05 118.775106063 9882.22488099 
65 1.26924915094e-05 110.104056466 9890.89593084 
66 1.2457716366e-05 102.066028264 9898.93395928 
67 1.22438796097e-05 94.6148176436 9906.38517011 
68 1.20486238302e-05 87.7075572691 9913.29243068 
69 1.18705629575e-05 81.3045594022 9919.69542873 
70 1.17082454381e-05 75.3690136992 9925.63097459 
