Time S I R
0  997 3 0
1 996.612989861 3.19755628374 0.189453854878 
2 996.20066927 3.40795176972 0.391378959786 
3 995.761418017 3.6319972462 0.606584737219 
4 995.293516645 3.87055163046 0.835931724983 
5 994.795140115 4.12452483007 1.08033505468 
6 994.264352929 4.3948798393 1.34076723206 
7 993.699104697 4.68263457922 1.61826072419 
8 993.097222317 4.9888653211 1.91391236204 
9 992.456403345 5.31470939628 2.22888725831 
10 991.774213791 5.66136612282 2.56442008598 
11 991.048077649 6.03010091037 2.92182144014 
12 990.275267758 6.42224902933 3.30248321272 
13 989.452903425 6.83921615412 3.70788042067 
14 988.577944066 7.28248063511 4.13957529898 
15 987.647179669 7.75359699618 4.59922333516 
16 986.657225247 8.25419734367 5.08857740935 
17 985.604513667 8.78599386364 5.60949246936 
18 984.48528887 9.35078006362 6.16393106644 
19 983.295599471 9.9504328993 6.75396762971 
20 982.031293134 10.5869126486 7.38179421746 
21 980.688010055 11.2622647948 8.04972514977 
22 979.26117969 11.9786175936 8.76020271649 
23 977.746011756 12.7381865805 9.51580166383 
24 976.137493719 13.5432717499 10.3192345308 
25 974.430395803 14.3962469245 11.173357272 
26 972.619255663 15.2995704666 12.0811738703 
27 970.698381754 16.2557772921 13.0458409536 
28 968.661868987 17.2674603586 14.070670654 
29 966.503577189 18.3372851085 15.1591377022 
30 964.217142824 19.4679751881 16.3148819883 
31 961.79600879 20.6622838503 17.5417073601 
32 959.233395701 21.9230127183 18.8435915808 
33 956.522325501 23.2529890536 20.2246854455 
34 953.655670189 24.6550245853 21.6893052254 
35 950.626114415 26.1319389556 23.2419466289 
36 947.42619499 27.686526413 24.8872785971 
37 944.048372352 29.3215004805 26.630127168 
38 940.484984631 31.0395212948 28.4754940744 
39 936.728306761 32.8431501956 30.4285430438 
40 932.770647511 34.7347799732 32.4945725159 
41 928.604296485 36.7166640343 34.679039481 
42 924.221605393 38.7908587448 36.9875358623 
43 919.615110518 40.9591417157 39.4257477663 
44 914.777476996 43.2230384722 41.9994845321 
45 909.701601963 45.5837550653 44.7146429714 
46 904.380757418 48.0420909122 47.5771516695 
47 898.808540093 50.5984557608 50.5930041458 
48 892.978991359 53.2527991075 53.7682095333 
49 886.886748641 56.004529263 57.1087220956 
50 880.527013864 58.8525103401 60.6204757962 
51 873.895678166 61.7950001497 64.309321684 
52 866.989462091 64.8295925114 68.1809453972 
53 859.805919911 67.9531817684 72.2408983202 
54 852.343549313 71.1619260435 76.4945246437 
55 844.601893426 74.4512335349 80.9468730388 
56 836.581600347 77.8156823783 85.6027172752 
57 828.284491083 81.2490294282 90.4664794889 
58 819.713593246 84.7442608509 95.542145903 
59 810.87327207 88.293459997 100.833267933 
60 801.769239335 91.8878676989 106.342892966 
61 792.408493463 95.5180115496 112.073494987 
62 782.799467878 99.1735902765 118.026941846 
63 772.951933765 102.843606486 124.20445975 
64 762.87706447 106.516358503 130.606577027 
65 752.587371041 110.179541092 137.233087867 
66 742.096591187 113.820385005 144.083023808 
67 731.419765992 117.425631391 151.154602617 
68 720.572978766 120.981772065 158.44524917 
69 709.573418347 124.475050977 165.951530676 
70 698.439168506 127.891648607 173.669182887 
71 687.189087715 131.217810409 181.593101876 
72 675.842750539 134.439928478 189.717320983 
73 664.420164012 137.544743858 198.03509213 
74 652.941751521 140.519421383 206.538827096 
75 641.428093759 143.351698123 215.220208118 
76 629.899819162 146.030010714 224.070170124 
77 618.377466611 148.543608929 233.07892446 
78 606.881257663 150.882613642 242.236128695 
79 595.430990576 153.03819125 251.530818174 
80 584.045906923 155.002579299 260.951513778 
81 572.74457714 156.769081836 270.486341024 
82 561.544703171 158.332291856 280.123004973 
83 550.463131229 159.687931024 289.848937747 
84 539.515704799 160.832939623 299.651355578 
85 528.717113828 161.765581292 309.51730488 
86 518.081042546 162.485182108 319.433775346 
87 507.619927808 162.992319572 329.387752619 
88 497.34497368 163.28873771 339.366288611 
89 487.266301468 163.377130498 349.356568034 
90 477.392701516 163.261309107 359.345989377 
91 467.731807393 162.94599168 369.322200927 
92 458.290139013 162.436704009 379.273156978 
93 449.07302683 161.739775095 389.187198075 
94 440.084703637 160.86223167 399.053064693 
95 431.328381967 159.811687943 408.85993009 
96 422.806372443 158.596166679 418.597460878 
97 414.520023459 157.224147397 428.255829145 
98 406.469730832 155.704537662 437.825731506 
99 398.65520575 154.046380909 447.298413341 
100 391.075417139 152.258901342 456.665681518 
