Time S I R
0  997 3 0
1 995.508091629 4.24542554516 0.246482826169 
2 993.401432781 6.00340693569 0.595160283128 
3 990.431593639 8.48044379159 1.08796256974 
4 986.254590476 11.9618265001 1.78358302395 
5 980.398846781 16.8374028953 2.76375032319 
6 972.227037324 23.6315387635 4.14142391262 
7 960.895349308 33.0335485522 6.07110214028 
8 945.319482125 45.9195243975 8.76099347729 
9 924.166259374 63.3478220563 12.4859185696 
10 895.902989748 86.4988200745 17.5981901771 
11 858.948972264 116.519704625 24.5313231109 
12 811.971537742 154.239685359 33.7887768993 
13 754.330437034 199.760968308 45.9085946578 
14 686.580080368 252.021804317 61.3981153148 
15 610.81696375 308.539673464 80.6433627853 
16 530.607239502 365.578527561 103.814232937 
17 450.37281641 418.828194298 130.798989292 
18 374.423264406 464.37889168 161.197843914 
19 306.059427943 499.559298994 194.381273063 
20 247.117210071 523.292226136 229.590563793 
21 198.023433496 535.932326254 266.044240251 
22 158.179165835 538.799454875 303.021379291 
23 126.419894049 533.669997582 339.910108369 
24 101.390408847 522.384963321 376.224627832 
25 81.7815007679 506.617661718 411.600837514 
26 66.4462008277 487.773201129 445.780598043 
27 54.4370004236 466.970493191 478.592506385 
28 44.9987833867 445.068317825 509.932898788 
29 37.5429242872 422.707710389 539.749365324 
30 31.6165631987 400.356093972 568.02734283 
31 26.8736873577 378.346753163 594.77955948 
32 23.0505246787 356.911472397 620.038002925 
33 19.9460262636 336.206121605 643.847852132 
34 17.4065242824 316.33050439 666.262971327 
35 15.3141008109 297.343309567 687.342589622 
36 13.5778406214 279.273270809 707.14888857 
37 12.1272547346 262.127504331 725.745240934 
38 10.9073645586 245.897689118 743.194946324 
39 9.87502594787 230.56463564 759.560338412 
40 8.99616627997 216.101675575 774.902158145 
41 8.2437062245 202.477163449 789.279130327 
42 7.59596925435 189.656347485 802.74768326 
43 7.03556973376 177.60262297 815.361807296 
44 6.54838266491 166.278687964 827.172929371 
45 6.12292026514 155.64716895 838.229910785 
46 5.74978046599 145.671158361 848.579061173 
47 5.42120691337 136.314613001 858.264180085 
48 5.13078310204 127.54258859 867.326628308 
49 4.87317011016 119.321422653 875.805407237 
50 4.64389741543 111.618849245 883.737253339 
51 4.43920858745 104.404055887 891.156735526 
52 4.25592815944 97.6477165785 898.096355262 
53 4.09136498861 91.3219839432 904.586651068 
54 3.94323516222 85.4004638664 910.656300971 
55 3.80956948937 79.8582167478 916.332213763 
56 3.68868523903 74.6716800914 921.63963467 
57 3.57912675003 69.818638084 926.602235166 
58 3.47963729407 65.2781569673 931.242205739 
59 3.38912272146 61.0305362439 935.580341035 
60 3.3066305391 57.0572466744 939.636122786 
61 3.23132723889 53.3408758006 943.427796961 
62 3.16248156696 49.8650682284 946.972450205 
63 3.09945017034 46.6144693666 950.286080463 
64 3.04166505074 43.574672012 953.383662937 
65 2.98862322462 40.7321627292 956.279214046 
66 2.93987555696 38.0742735447 958.985850898 
67 2.89502626519 35.5891267518 961.515846983 
68 2.85372764957 33.2655868029 963.880685547 
69 2.81566004583 31.0932360048 966.091103949 
70 2.78053841935 29.062306299 968.157155282 
71 2.74810703827 27.1636416809 970.088251281 
72 2.71813880205 25.3886936739 971.893167524 
73 2.69042525159 23.7294427553 973.580131993 
74 2.66477621809 22.1783756212 975.156848161 
75 2.64102619647 20.7284860089 976.630487795 
76 2.61902058044 19.3731978772 978.007781542 
77 2.59861777638 18.1063530578 979.295029166 
78 2.57969277792 16.9222105807 980.498096641 
79 2.56213033605 15.8153907824 981.622478882 
80 2.54582520322 14.7808630607 982.673311736 
81 2.53068050567 13.8139162182 983.655403276 
82 2.5166077572 12.9101451229 984.57324712 
83 2.50352662141 12.0654359124 985.431037466 
84 2.49136275391 11.2759348087 986.232702437 
85 2.48004839079 10.5380444101 986.981907199 
86 2.46952085697 9.84839561394 987.682083529 
87 2.45972270386 9.2038412603 988.336436036 
88 2.45060101967 8.60143819183 988.947960789 
89 2.44210688106 8.03843234126 989.519460778 
90 2.43419541512 7.51225337147 990.053551213 
91 2.42682494754 7.02049364806 990.552681404 
92 2.4199571696 6.56090624911 991.019136581 
93 2.413556575 6.13138860428 991.455054821 
94 2.4075902358 5.72997317151 991.862436593 
95 2.40202768644 5.35482223833 992.243150075 
96 2.39684086138 5.00422038785 992.598938751 
97 2.39200397974 4.67656790412 992.931428116 
98 2.38749274553 4.370362444 993.24214481 
99 2.38328455181 4.08419827346 993.532517175 
100 2.37935851641 3.81676332792 993.803878156 
