Time S I R
0.0  10000 1 0
1 9996.47451928 3.72144625282 0.804034462241 
2 9983.37371531 13.8319444544 3.79434023298 
3 9934.94215888 51.1746506508 14.883190467 
4 9759.26850844 186.16747581 55.5640157507 
5 9163.41412857 638.370001764 199.215869666 
6 7524.85597921 1827.70613658 648.437884209 
7 4751.11701691 3552.91818983 1696.96479326 
8 2374.85634092 4347.97001679 3278.17364229 
9 1160.36607736 3929.35470689 4911.27921575 
10 637.609004772 3086.7679266 6276.62306862 
11 404.491195787 2282.15841995 7314.35038426 
12 290.37376209 1640.46888289 8070.15735502 
13 229.222247179 1162.39910326 8609.37864956 
14 193.992052813 817.118448069 8989.88949912 
15 172.568389657 571.702520889 9256.72908945 
16 159.021367965 398.830122064 9443.14850997 
17 150.213656579 277.71118857 9573.07515485 
18 144.374032397 193.136989283 9663.48897832 
19 140.448774146 134.208961068 9726.34226479 
20 137.78487444 93.2088315698 9770.00629399 
21 135.964922214 64.7096140795 9800.32546371 
22 134.715757634 44.9126283376 9821.37161403 
23 133.855587592 31.1667146646 9835.97769774 
24 133.261947592 21.6252136103 9846.1128388 
25 132.851612825 15.0035197924 9853.14486738 
26 132.567674519 10.4087955824 9858.0235299 
27 132.371051007 7.22088120557 9861.40806779 
28 132.234821003 5.00919373969 9863.75598526 
29 132.140400233 3.47485731343 9865.38474245 
30 132.074940977 2.41046175164 9866.51459727 
31 132.02955206 1.67208958168 9867.29835836 
32 131.998075925 1.15988779052 9867.84203628 
33 131.976246152 0.804582220924 9868.21917163 
34 131.961105591 0.558114898855 9868.48077951 
35 131.950604061 0.387146924142 9868.66224901 
36 131.943319972 0.268551342445 9868.78812869 
37 131.938267475 0.186285251754 9868.87544727 
38 131.93476283 0.129219723879 9868.93601745 
39 131.932331839 0.0896353820009 9868.97803278 
40 131.930645565 0.0621769749503 9869.00717746 
41 131.929475871 0.0431300646529 9869.02739406 
42 131.928664498 0.0299178280495 9869.04141767 
43 131.928101681 0.0207529768899 9869.05114534 
44 131.927711275 0.014395618727 9869.05789311 
45 131.927440465 0.00998574657039 9869.06257379 
46 131.927252613 0.00692676576694 9869.06582062 
47 131.927122307 0.00480485698911 9869.06807284 
48 131.927031917 0.0033329399395 9869.06963514 
49 131.926969222 0.00231201501287 9869.07071876 
50 131.926925731 0.00160379177767 9869.07147048 
51 131.92689556 0.00111249069902 9869.07199195 
52 131.926874632 0.000771700184161 9869.07235367 
53 131.926860116 0.000535308837724 9869.07260458 
54 131.926850039 0.000371228868705 9869.07277873 
55 131.926843053 0.000257467065058 9869.07289948 
56 131.926838211 0.000178620841275 9869.07298317 
57 131.926834852 0.000123912573584 9869.07304124 
58 131.92683252 8.59405433107e-05 9869.07308154 
59 131.926830904 5.96309552147e-05 9869.07310946 
60 131.926829785 4.14040373328e-05 9869.07312881 
61 131.926829008 2.87437806755e-05 9869.07314225 
62 131.926828467 1.99434163833e-05 9869.07315159 
63 131.926828093 1.38447625613e-05 9869.07315806 
64 131.926827833 9.619429537e-06 9869.07316255 
65 131.926827653 6.69381383761e-06 9869.07316565 
66 131.926827529 4.66018237163e-06 9869.07316781 
67 131.92682744 3.22232421736e-06 9869.07316934 
68 131.926827375 2.16402518663e-06 9869.07317046 
69 131.926827336 1.52401507223e-06 9869.07317114 
70 131.926827307 1.04647514073e-06 9869.07317165 
