Time S I R
0  997 3 0
1 992.028750626 7.83208545722 0.139163917114 
2 979.219433199 20.2795830652 0.500983735405 
3 947.148313941 51.4236213517 1.42806470718 
4 872.307434295 123.972870404 3.71969530023 
5 723.028297399 268.026601002 8.94510159831 
6 500.497856408 480.316188874 19.1859547173 
7 279.431510288 685.15594368 35.4125460325 
8 131.99819874 811.710137386 56.2916638743 
9 57.2213177061 863.216511691 79.5621706025 
10 24.1322704298 872.268846837 103.598882734 
11 10.1962084153 862.219682666 127.584108919 
12 4.3706286951 844.460792315 151.168578989 
13 1.9098957548 823.873626986 174.216477259 
14 0.852213128 802.466296424 196.681490448 
15 0.388458517443 781.057595021 218.553946462 
16 0.180844473475 759.980070832 239.839084695 
17 0.0858903363319 739.365948016 260.548161647 
18 0.0416732680433 719.26355283 280.694773902 
19 0.02063136866 699.686082725 300.293285906 
20 0.0104707244661 680.631340041 319.358189234 
21 0.00534418427242 662.090840917 337.903814899 
22 0.00277718826601 644.053004951 355.944217861 
23 0.00147622154338 626.505407588 373.493116191 
24 0.000796606828771 609.435327367 390.563876026 
25 0.00043792783822 592.830047975 407.169514097 
26 0.00024529209918 576.677057654 423.322697053 
27 0.000139032102766 560.964113815 439.035747153 
28 7.2922923664e-05 545.679281849 454.320645228 
29 3.29664140963e-05 530.810886551 469.189080483 
30 2.0556045456e-05 516.347571759 483.652407685 
31 8.12157054497e-06 502.278317748 497.72167413 
32 3.46827641806e-06 488.592433282 511.40756325 
33 1.82251710612e-06 475.279463445 524.720534732 
34 0 462.329237575 537.670762425 
35 0 449.731881585 550.268118415 
36 0 437.477766294 562.522233706 
37 0 425.557225937 574.442774063 
38 0 413.962096386 586.037903614 
39 0 402.682655111 597.317344889 
40 0 391.710533214 608.289466786 
41 0 381.037381314 618.962618686 
42 0 370.655048856 629.344951144 
43 0 360.555616742 639.444383258 
44 0 350.731357143 649.268642857 
45 0 341.174795408 658.825204592 
46 0 331.878617828 668.121382172 
47 0 322.835717349 677.164282651 
48 0 314.039204759 685.960795241 
49 0 305.482320997 694.517679003 
50 0 297.158577983 702.841422017 
51 0 289.061702336 710.938297664 
52 0 281.185460825 718.814539175 
53 0 273.523818454 726.476181546 
54 0 266.070945774 733.929054226 
55 0 258.821151519 741.178848481 
56 0 251.768884006 748.231115994 
57 0 244.908773742 755.091226258 
58 0 238.235603634 761.764396366 
59 0 231.744242019 768.255757981 
60 0 225.429753021 774.570246979 
61 0 219.28733135 780.71266865 
62 0 213.312265912 786.687734088 
63 0 207.499990636 792.500009364 
64 0 201.846079747 798.153920253 
65 0 196.346230438 803.653769562 
66 0 190.996257125 809.003742875 
67 0 185.79208582 814.20791418 
68 0 180.729748524 819.270251476 
69 0 175.805377124 824.194622876 
70 0 171.015197806 828.984802194 
71 0 166.355525308 833.644474692 
72 0 161.822761073 838.177238927 
73 0 157.413466737 842.586533263 
74 0 153.124299677 846.875700323 
75 0 148.951998431 851.048001569 
76 0 144.893398089 855.106601911 
77 0 140.945405686 859.054594314 
78 0 137.104994784 862.895005216 
79 0 133.369230895 866.630769105 
80 0 129.735254741 870.264745259 
81 0 126.20028548 873.79971452 
82 0 122.761635106 877.238364894 
83 0 119.416679834 880.583320166 
84 0 116.162866004 883.837133996 
85 0 112.997709139 887.002290861 
86 0 109.918795023 890.081204977 
87 0 106.923774509 893.076225491 
88 0 104.010361532 895.989638468 
89 0 101.176331613 898.823668387 
90 0 98.4195223561 901.580477644 
91 0 95.7378307587 904.262169241 
92 0 93.1292094932 906.870790507 
93 0 90.5916660542 909.408333946 
94 0 88.1232628174 911.876737183 
95 0 85.7221182178 914.277881782 
96 0 83.386399595 916.613600405 
97 0 81.1143235679 918.885676432 
98 0 78.9041551509 921.095844849 
99 0 76.7542101327 923.245789867 
100 0 74.6628481911 925.337151809 
