Time S I R
0  997 3 0
1 995.995314882 3.76975448355 0.234930634925 
2 994.734493699 4.73541591456 0.530090386228 
3 993.153293024 5.94592633806 0.900780638416 
4 991.171975095 7.46191810255 1.36610680219 
5 988.691917001 9.35820496498 1.94987803416 
6 985.591657124 11.7266437206 2.68169915546 
7 981.722489683 14.6792521427 3.5982581745 
8 976.903634882 18.3515129242 4.74485219416 
9 970.917335106 22.9055343654 6.17713052831 
10 963.504338642 28.5326124768 7.96304888109 
11 954.360606662 35.4544383781 10.1849549599 
12 943.136466638 43.9218507223 12.9416826396 
13 929.439966449 54.2096048641 16.3504286871 
14 912.846606395 66.6053192668 20.5480743378 
15 892.917991771 81.3905335353 25.6914746942 
16 869.23179091 98.8121098327 31.9560992574 
17 841.424336555 119.043345018 39.5323184268 
18 809.244899324 142.13645173 48.618648946 
19 772.616761246 167.971688426 59.4115503279 
20 731.695837951 196.212360687 72.0918013622 
21 686.913164126 226.278528214 86.8083076602 
22 638.986431097 257.352467469 103.661101434 
23 588.887972391 288.425837253 122.686190356 
24 537.770512749 318.384495842 143.844991409 
25 486.857626599 346.121529601 167.020843801 
26 437.322877077 370.653522741 192.023600182 
27 390.181226767 391.217074812 218.601698421 
28 346.214131661 407.325985773 246.459882566 
29 305.936927268 418.783918655 275.279154077 
30 269.606332338 425.657416605 304.736251057 
31 237.256907969 428.222867857 334.520224174 
32 208.752539259 426.902617944 364.344842796 
33 183.840544185 422.202892461 393.956563353 
34 162.200247309 414.661269512 423.138483179 
35 143.481948629 404.806906473 451.711144898 
36 127.334610986 393.134572836 479.530816177 
37 113.424241062 380.089166107 506.486592831 
38 101.444400066 366.058970499 532.496629435 
39 91.1210891301 351.374776789 557.504134081 
40 82.2138154983 336.312737548 581.473446953 
41 74.5143022885 321.099304132 604.38639358 
42 67.8438893103 305.917085728 626.239024962 
43 62.0503197222 290.910870283 647.038809995 
44 57.004552916 276.193400022 666.802047062 
45 52.5973216253 261.850657489 685.552020885 
46 48.7363891911 247.946411093 703.317199716 
47 45.3438562817 234.52632526 720.129818458 
48 42.35393502 221.62128448 736.0247805 
49 39.7110358363 209.250240437 751.038723727 
50 37.3680705352 197.422682249 765.209247216 
51 35.2850808293 186.140586041 778.57433313 
52 33.4281286288 175.399967212 791.171904159 
53 31.7682816646 165.19228661 803.039431726 
54 30.280807447 155.505534925 814.213657628 
55 28.944532619 146.325069312 824.730398069 
56 27.7412713505 137.634348994 834.624379655 
57 26.6553497496 129.415527111 843.92912314 
58 25.6732266656 121.649900659 852.676872675 
59 24.7831801916 114.31826597 860.898553838 
60 23.9750308805 107.401222456 868.623746663 
61 23.2398797703 100.879454371 875.880665859 
62 22.5699860774 94.7338124128 882.69620151 
63 21.9585496355 88.945536605 889.09591376 
64 21.3996055058 83.4963213624 895.104073132 
65 20.8879007042 78.3684070433 900.743692252 
66 20.4187904368 73.5446450597 906.036564503 
67 19.9881725817 69.0085144905 911.003312928 
68 19.5923999604 64.7441697675 915.663430272 
69 19.2282325644 60.7364384098 920.035329026 
70 18.8927870873 56.9708250483 924.136387864 
71 18.5834715631 53.4335307675 927.982997669 
72 18.2979780726 50.1114108364 931.590611091 
73 18.034230866 46.991979778 934.973789356 
74 17.7903666422 44.0633893153 938.146244042 
75 17.5647042894 41.3144120507 941.12088366 
76 17.3557276127 38.7344185001 943.909853887 
77 17.1620657084 36.3133540242 946.524580267 
78 16.9824760691 34.0417174061 948.975806525 
79 16.8158324958 31.9105346018 951.273632902 
80 16.661109964 29.9113378157 953.42755222 
81 16.5173772709 28.036139835 955.446482894 
82 16.3837876446 26.2774127083 957.338799647 
83 16.2595700559 24.6280639658 959.112365978 
84 16.1440070551 23.081412468 960.774580477 
85 16.0364397264 21.6311687644 962.332391509 
86 15.9362882797 20.2714205471 963.792291173 
87 15.8430044244 18.9965995983 965.160395977 
88 15.7560775435 17.8014649222 966.442457534 
89 15.6750545007 16.6811032622 967.643842237 
90 15.5995127536 15.6308910252 968.769596221 
91 15.5290554762 14.6464747698 969.824469754 
92 15.4633214003 13.723772001 970.812906599 
93 15.4019814003 12.8589541302 971.73906447 
94 15.3447288312 12.0484207132 972.606850456 
95 15.2912798463 11.2887932411 973.419926913 
96 15.2413703521 10.576896187 974.181733461 
97 15.1947552776 9.90974736806 974.895497354 
98 15.1512104984 9.28455583528 975.564233666 
99 15.1105262284 8.69869644569 976.190777326 
100 15.0725084207 8.14970877663 976.777782803 
