Time S I R
0.0  10000 1 0
1 9998.7765794 1.87312904819 0.350291548307 
2 9996.48553301 3.50808443283 1.00638255654 
3 9992.19676002 6.56826955784 2.23497042072 
4 9984.17386573 12.2914604482 4.53467382652 
5 9969.18493421 22.9789694915 8.83609629474 
6 9941.24890145 42.8808195153 16.8702790363 
7 9889.41503848 79.7476817308 31.8372797935 
8 9794.03377753 147.381514453 59.5847080208 
9 9621.16277511 269.266704048 110.570520841 
10 9316.27483955 481.958246413 202.766914041 
11 8803.42948025 832.694083319 364.876436432 
12 8005.31991934 1358.71469108 636.965389578 
13 6900.09764875 2038.57300276 1062.32934849 
14 5588.07332428 2746.77872696 1666.14794876 
15 4276.95209344 3292.34085926 2431.70704729 
16 3159.27226956 3542.81281018 3298.91492025 
17 2313.78168535 3496.58561414 4190.63270051 
18 1718.57454013 3240.3564862 5042.06897367 
19 1312.73576588 2874.94388865 5813.32034547 
20 1037.44798599 2476.41722349 6487.13479052 
21 848.862923537 2090.61687294 7061.52020352 
22 717.476236429 1740.56222839 7542.96153518 
23 624.179701711 1435.0335048 7941.78679349 
24 556.684592611 1174.88393898 8269.43146841 
25 507.019000663 956.99748489 8536.98351445 
26 469.925714103 776.574999808 8754.49928609 
27 441.868635602 628.378154222 8930.75321018 
28 420.419540838 507.364069425 9073.21638974 
29 403.876783737 408.975614046 9188.14760222 
30 391.025235275 329.243340095 9280.73142463 
31 380.981917272 264.79010213 9355.2279806 
32 373.095246172 212.78736724 9415.11738659 
33 366.877843463 170.892077972 9463.23007856 
34 361.960727085 137.178762988 9501.86050993 
35 358.062314885 110.07374236 9532.86394275 
36 354.965014565 88.2974024413 9557.73758299 
37 352.500154263 70.8119143069 9577.68793143 
38 350.535967415 56.7780614977 9593.68597109 
39 348.969081615 45.5184776045 9606.51244078 
40 347.71804637 36.487226399 9616.79472723 
41 346.718508111 29.2449530367 9625.03653885 
42 345.919475586 23.4383514533 9631.64217296 
43 345.280442789 18.7834737833 9636.93608343 
44 344.769187622 15.0523005221 9641.17851186 
45 344.360043428 12.0618051477 9644.57815142 
46 344.032540792 9.66512886641 9647.30233034 
47 343.770341196 7.74447223471 9649.48518657 
48 343.560392377 6.20536070911 9651.23424691 
49 343.392262039 4.97204480492 9652.63569316 
50 343.257607929 3.98379794003 9653.75859413 
51 343.149756414 3.19194158242 9654.658302 
52 343.063367289 2.55746017519 9655.37917254 
53 342.994166182 2.04908448741 9655.95674933 
54 342.938731194 1.64175546883 9656.41951334 
55 342.894322463 1.31539196226 9656.79028557 
56 342.858745925 1.05390233887 9657.08735174 
57 342.830244429 0.844392435138 9657.32536314 
58 342.807410606 0.676530408458 9657.51605899 
59 342.789117174 0.542037739911 9657.66884509 
60 342.77446115 0.434281274834 9657.79125758 
61 342.762719167 0.347946135011 9657.8893347 
62 342.753311793 0.278774227375 9657.96791398 
63 342.745774806 0.223353613331 9658.03087158 
64 342.739736297 0.17895053976 9658.08131316 
65 342.734898334 0.143374816371 9658.12172685 
66 342.731022218 0.114871580372 9658.1541062 
67 342.727916713 0.0920348087699 9658.18004848 
68 342.725428612 0.0737380303334 9658.20083336 
69 342.723435161 0.0590786657125 9658.21748617 
70 342.721838027 0.0473336446968 9658.23082833 
