Time S I R
0  997 3 0
1 993.416019443 6.33171223278 0.252268323982 
2 985.910077222 13.3063658358 0.7835569419 
3 970.389297168 27.7155985712 1.8951042612 
4 939.123668119 56.6870657601 4.18926612115 
5 879.328372303 111.873832949 8.79779474746 
6 775.528012977 206.874874368 17.5971126551 
7 622.273345483 344.706924604 33.0197299128 
8 442.27442848 500.787158487 56.9384130325 
9 279.190786075 631.6452339 89.1639800255 
10 161.810264305 710.815367105 127.37436859 
11 89.7921640984 741.578786767 168.629049135 
12 49.2982533126 740.069835198 210.631911489 
13 27.3166578813 720.694326608 251.989015511 
14 15.4362646517 692.59175885 291.971976498 
15 8.93835934712 660.816456071 330.245184582 
16 5.3130982447 628.003196593 366.683705162 
17 3.24275382014 595.486352757 401.270893423 
18 2.03112847524 563.924504177 434.044367347 
19 1.30438115262 533.62758867 465.068030177 
20 0.857996826277 504.724344246 494.417658928 
21 0.577306878631 477.24936433 522.173328792 
22 0.39693999681 451.187507931 548.415552072 
23 0.278558717569 426.498274778 573.223166505 
24 0.199328224784 403.128348958 596.672322817 
25 0.145249805576 381.018786454 618.83596374 
26 0.107683775336 360.108676489 639.783639736 
27 0.0811692240218 340.337374572 659.581456204 
28 0.062138727443 321.645741194 678.292120078 
29 0.0482458609248 303.976688408 695.975065731 
30 0.0380041213155 287.275449836 712.686546043 
31 0.0303364773422 271.489865328 728.479798195 
32 0.0245145887462 256.570304533 743.405180878 
33 0.0200400801305 242.469641292 757.510318627 
34 0.0165669544665 229.14319313 770.840239916 
35 0.0138410679891 216.548666778 783.437492154 
36 0.0116782523276 204.645993685 795.342328062 
37 0.00994594764188 193.397258771 806.592795281 
38 0.00854470218701 182.766582982 817.224872316 
39 0.00740156205427 172.720045758 827.27255268 
40 0.0064609284442 163.225545734 836.767993337 
41 0.00568375266766 154.252919968 845.74139628 
42 0.00503557208401 145.773450571 854.221513857 
43 0.00449116361062 137.760047256 862.235461581 
44 0.00403080357023 130.187102197 869.808866999 
45 0.003639018988 123.030402811 876.96595817 
46 0.00330400048313 116.267094678 883.729601321 
47 0.00301581346855 109.875515938 890.121468249 
48 0.00276697255788 103.835285027 896.161948 
49 0.00255113240212 98.1271568901 901.870291978 
50 0.00236454026935 92.7328920707 907.264743389 
51 0.00220116025093 87.6351626301 912.36263621 
52 0.00205434186546 82.8175351986 917.18041046 
53 0.00192349952363 78.2646972581 921.733379242 
54 0.0018087339904 73.9621872477 926.036004018 
55 0.00170733643802 69.8962247779 930.102067886 
56 0.00161641674674 66.0537649621 933.944618621 
57 0.00153470744578 62.4225288676 937.575936425 
58 0.00146128584765 58.9909107476 941.007627967 
59 0.00139514448324 55.7479393996 944.250665456 
60 0.00133541040736 52.6832454231 947.315419166 
61 0.00128134717386 49.7870298246 950.211688828 
62 0.00123226996402 47.0500295027 952.948738227 
63 0.00118759591885 44.4634902991 955.535322105 
64 0.00114686604888 42.0191432916 957.979709842 
65 0.00110966449847 39.7091717432 960.289718592 
66 0.00107562188214 37.5261921375 962.472732241 
67 0.00104440936195 35.4632165084 964.535739082 
68 0.00101574653627 33.5136502512 966.485334002 
69 0.000989385570961 31.6712614719 968.327749143 
70 0.000965098406255 29.93015288 970.068882022 
71 0.00094269540466 28.284762124 971.714295181 
72 0.000922002478205 26.7298256694 973.269252328 
73 0.000902863248825 25.26036826 974.738728877 
74 0.000885142766379 23.8716955272 976.12741933 
75 0.000868715500701 22.5593624933 977.439768791 
76 0.0008534713171 21.3191737921 978.679972737 
77 0.000839311671257 20.1471650588 979.851995629 
78 0.000826145681913 19.0395846901 980.959589164 
79 0.000813893577174 17.9928938316 982.006292275 
80 0.000802482196605 17.0037445285 982.995452989 
81 0.000791844703826 16.0689712337 983.930236922 
82 0.00078192168462 15.1855872418 984.813630837 
83 0.00077265840946 14.3507665174 985.648460824 
84 0.000764004924918 13.5618378839 986.437398111 
85 0.000755915348805 12.8162777667 987.182966318 
86 0.000748349036485 12.1117042471 987.887547404 
87 0.000741269345099 11.4458677524 988.553390978 
88 0.00073464014099 10.8166349106 989.182630449 
89 0.00072842977147 10.2219938096 989.777277761 
90 0.000722609504919 9.6600439887 990.339233402 
91 0.000717151907793 9.12898685895 990.870295989 
92 0.000712032192268 8.62712409811 991.37216387 
93 0.000707227622797 8.15285120326 991.846441569 
94 0.000702716952901 7.70465091884 992.294646364 
95 0.000698480678011 7.2810901082 992.718211411 
96 0.000694500813438 6.88081480354 993.118490696 
97 0.000690760569228 6.50254448411 993.496764755 
98 0.00068724444418 6.14506937376 993.854243382 
99 0.000683938094994 5.80724637183 994.19206969 
100 0.00068082812129 5.48799490301 994.511324269 
