Time S I R
0  997 3 0
1 995.182102868 4.45420874558 0.363688386247 
2 992.490605896 6.60602318291 0.903370921176 
3 988.515499675 9.78138243038 1.70311789459 
4 982.665902344 14.4482382868 2.88585936911 
5 974.103734528 21.2664482359 4.62981723599 
6 961.668489928 31.1413672813 7.19014279114 
7 943.810996845 45.263623821 10.9253793341 
8 918.577685808 65.0966134365 16.3257007551 
9 883.721511699 92.2438250161 24.0346632849 
10 837.04533886 128.10645336 34.8482077803 
11 777.059526892 173.273751235 49.666721873 
12 703.882012891 226.741505216 69.3764818925 
13 620.011159334 285.329352805 94.6594878612 
14 530.372304195 343.849226691 125.778469114 
15 441.271448551 396.298880466 162.429670983 
16 358.640134609 437.611675913 203.748189478 
17 286.541331843 464.985312705 248.473355452 
18 226.65454254 478.15047799 295.19497947 
19 178.690605397 478.732079439 342.577315164 
20 141.202468935 469.298098084 389.499432981 
21 112.31751764 452.575274331 435.10720803 
22 90.2024673336 430.993678228 478.803854439 
23 73.2793162321 406.510768865 520.209914903 
24 60.2828836332 380.601795539 559.115320828 
25 50.239150714 354.326292747 595.434556539 
26 42.4152210279 328.414911439 629.169867533 
27 36.2658861372 303.351247279 660.382866583 
28 31.3872562483 279.439138634 689.173605118 
29 27.4801031935 256.854422014 715.665474793 
30 24.3218592666 235.68358616 739.994554574 
31 21.7460547427 215.951706847 762.30223841 
32 19.6273073242 197.642471328 782.730221348 
33 17.870444647 180.712412769 801.417142584 
34 16.402634473 165.100933345 818.496432182 
35 15.1676717719 150.737344842 834.094983386 
36 14.1218067876 137.545784364 848.332408849 
37 13.2307325279 125.448545892 861.32072158 
38 12.4673014237 114.36844128 873.164257296 
39 11.809865892 104.230324655 883.959809453 
40 11.2410371041 94.9620724407 893.796890455 
41 10.7467411526 86.4951962602 902.758062587 
42 10.3155063554 78.7651844876 910.919309157 
43 9.93792000602 71.7116377761 918.350442218 
44 9.60620866109 65.2782834252 925.115507914 
45 9.31390790753 59.4129023435 931.273189749 
46 9.05563154925 54.067158252 936.877210199 
47 8.82683646477 49.1964694746 941.976694061 
48 8.6236898423 44.7597731555 946.616537002 
49 8.44293839052 40.7193193217 950.837742288 
50 8.2818027403 37.0404601527 954.677737107 
51 8.13790342834 33.6914276378 958.170668934 
52 8.00919219182 30.6431301665 961.347677642 
53 7.89389822614 27.8689491168 964.237152657 
54 7.79048675804 25.3445464983 966.864966744 
55 7.69762103555 23.047686698 969.254692266 
56 7.61413175513 20.958066153 971.427802092 
57 7.53900124386 19.0571516029 973.403847153 
58 7.47132982171 17.3280378307 975.200632348 
59 7.4103270605 15.7553094732 976.834363466 
60 7.35529446096 14.3249129803 978.319792559 
61 7.30561341104 13.0240417697 979.670344819 
62 7.26073635929 11.8410277988 980.898235842 
63 7.2201749839 10.7652423896 982.014582626 
64 7.18349622279 9.78700768434 983.029496093 
65 7.15031211745 8.8975101471 983.952177735 
66 7.12027761361 8.08872916621 984.79099322 
67 7.09308269327 7.3533611999 985.553556107 
68 7.06845064993 6.68476226862 986.246787081 
69 7.04613249851 6.07688394228 986.876983559 
70 7.02590521069 5.52422515656 987.449869633 
71 7.00756790993 5.02177926759 987.970652822 
72 6.99094008525 4.56499308869 988.444066826 
73 6.97585904406 4.14972398351 988.874416972 
74 6.96217817185 3.77220423327 989.265617595 
75 6.94976525915 3.42900714911 989.621227592 
76 6.93850089026 3.11701580423 989.944483306 
77 6.92827732651 2.83339646815 990.238326205 
78 6.9189970742 2.57557109069 990.505431835 
79 6.91057211762 2.34119662264 990.74823126 
80 6.9029227153 2.12814123443 990.96893605 
81 6.89597681214 1.93446773865 991.169555449 
82 6.88966908583 1.75841368293 991.351917231 
83 6.88394044763 1.59837754593 991.517682006 
84 6.87873731434 1.45290250019 991.668360185 
85 6.87401116363 1.32066458077 991.805324256 
86 6.86971799035 1.20045975145 991.929822258 
87 6.86581790559 1.09119356547 992.042988529 
88 6.86227473414 0.991871015392 992.14585425 
89 6.85905565507 0.901587429283 992.239356916 
90 6.85613090481 0.819520601754 992.324348493 
91 6.8534734587 0.744922772493 992.401603769 
92 6.85105880997 0.677114542657 992.471826647 
93 6.84886469493 0.615477911897 992.535657393 
94 6.84687092135 0.559451465095 992.593677614 
95 6.84505914056 0.508524509671 992.64641635 
96 6.84341270575 0.462233103924 992.69435419 
97 6.84191648958 0.420155272572 992.737928238 
98 6.84055676172 0.381907607264 992.777535631 
99 6.83932104368 0.34714139318 992.813537563 
100 6.83819800886 0.315539824101 992.846262167 
