Time S I R
0  997 3 0
1 995.452528461 4.45859204217 0.0888794968233 
2 993.158036981 6.621044061 0.220918958063 
3 989.762468333 9.82064951288 0.416882154143 
4 984.751747102 14.5409632308 0.707289667262 
5 977.3886392 21.4746329441 1.13672785549 
6 966.635375756 31.5948857923 1.76973845216 
7 951.071770129 46.2297267981 2.69850307251 
8 928.836816416 67.1110872231 4.05209636039 
9 897.653079796 96.3408409125 6.0060792917 
10 855.034100952 136.176574771 8.78932427787 
11 798.794669599 188.523005423 12.6823249785 
12 727.914532851 254.086387559 17.9990795902 
13 643.565601742 331.388311177 25.0460870807 
14 549.753648417 416.185268139 34.0610834441 
15 452.90442567 501.946106168 45.1494681619 
16 360.241914484 581.510898693 58.2471868234 
17 277.732560051 649.136707428 73.1307325206 
18 208.74438543 701.786307 89.4693075697 
19 153.945592397 739.161506512 106.892901091 
20 112.087637175 762.863039208 125.049323617 
21 80.9975528576 775.364980368 143.637466774 
22 58.3342337543 779.247352805 162.418413441 
23 42.0027470336 776.784896266 181.2123567 
24 30.305397517 769.805506069 199.889096414 
25 21.9455335688 759.697288591 218.35717784 
26 15.9672592157 747.47872231 236.554018474 
27 11.6812605848 733.880746221 254.437993194 
28 8.59668388969 719.420908774 271.982407336 
29 6.36609958782 704.462788073 289.17111234 
30 4.74439395263 689.260287438 305.995318609 
31 3.55861447436 673.990000297 322.451385229 
32 2.68642778552 658.774326618 338.539245597 
33 2.04101815316 643.697679845 354.261302002 
34 1.56051604115 628.817830447 369.621653512 
35 1.2005700297 614.173878636 384.625551334 
36 0.929327483592 599.791644931 399.279027585 
37 0.723706046575 585.687678018 413.588615935 
38 0.566905581999 571.871929767 427.561164651 
39 0.446648708616 558.34964725 441.203704041 
40 0.353912423764 545.12273857 454.523349007 
41 0.281965818506 532.190808165 467.527226016 
42 0.225855761095 519.551709186 480.222435053 
43 0.181871521372 507.202119642 492.616008837 
44 0.147212379591 495.137899484 504.714888136 
45 0.119754958248 483.35433955 516.525905491 
46 0.097898839859 471.846324929 528.055776231 
47 0.0804189829437 460.608492459 539.311088558 
48 0.0663798948137 449.635320349 550.298299756 
49 0.0550323190123 438.921238021 561.02372966 
50 0.0458085385848 428.460625601 571.49356586 
51 0.0383062353931 418.247832513 581.713861251 
52 0.0321688747299 408.277299039 591.690532086 
53 0.0271378222258 398.543502513 601.429359665 
54 0.0229852491377 389.041020914 610.935993837 
55 0.0195416054539 379.764493384 620.21596501 
56 0.0166815019469 370.708690101 629.274628397 
57 0.014294408656 361.868438443 638.117267148 
58 0.0122978129116 353.238722369 646.748979818 
59 0.0106186787847 344.814506296 655.174875025 
60 0.00920557007885 336.591013785 663.399780644 
61 0.00800803282959 328.563480589 671.428511378 
62 0.00698226111092 320.72720559 679.265812149 
63 0.00610997652325 313.077761127 686.916128896 
64 0.00536573707973 305.610699784 694.383934479 
65 0.00472014257468 298.321494431 701.673785427 
66 0.00416851058822 291.206157441 708.789674048 
67 0.00369004724951 284.260396823 715.735913129 
68 0.00327280073361 277.480217748 722.516509451 
69 0.0029086871441 270.86168906 729.135402253 
70 0.00259479923034 264.401021905 735.596383296 
71 0.00232129615461 258.094415572 741.903263132 
72 0.00208087865121 251.93817983 748.059739292 
73 0.00187172229005 245.928772801 754.069355477 
74 0.00169207421629 240.062731024 759.935576902 
75 0.00153414387114 234.33659015 765.661875706 
76 0.00139414752005 228.747015329 771.251590524 
77 0.00126925842233 223.290761282 776.707969459 
78 0.00115729179265 217.964644634 782.034198074 
79 0.00105669782693 212.765555831 787.233387471 
80 0.000966554082879 207.690472178 792.308561268 
81 0.000886448204824 202.736447903 797.262665648 
82 0.000814133825202 197.900574651 802.098611215 
83 0.000749261863234 193.180044374 806.819206364 
84 0.000691208268108 188.572112712 811.427196079 
85 0.000639263255039 184.074089129 815.925271607 
86 0.000592678453813 179.683342151 820.316065171 
87 0.000550993794945 175.397317487 824.602131519 
88 0.000513658277328 171.213523613 828.785962729 
89 0.000479912921037 167.129529433 832.869990655 
90 0.00044867372219 163.142961941 836.856589385 
91 0.000419986335828 159.251501687 840.748078327 
92 0.000394707682631 155.452880719 844.546724573 
93 0.00037239894516 151.744883037 848.254744564 
94 0.000352360287479 148.125340641 851.874306999 
95 0.000333562194896 144.59213113 855.407535308 
96 0.000314576584742 141.143175294 858.856510129 
97 0.000295113442235 137.776459939 862.223244948 
98 0.000276439787285 134.49004314 865.509680421 
99 0.000258790176872 131.282012244 868.717728966 
100 0.000242608132112 128.150502052 871.84925534 
