Time S I R
0.0  10000 1 0
1 9998.07263375 2.25598080839 0.671385445294 
2 9993.7267145 5.08755239797 2.18573310574 
3 9983.93708826 11.4635420814 5.59936965892 
4 9961.93442983 25.7816548597 13.2839153081 
5 9912.73099592 57.7389281298 30.5300759468 
6 9803.92794223 128.099788985 68.9722687836 
7 9569.17932861 278.433125069 153.387546316 
8 9088.40970779 579.657688738 332.932603476 
9 8200.10095046 1109.71774617 691.181303366 
10 6827.80722162 1844.10638693 1329.08639145 
11 5183.96975543 2528.58447489 2288.44576968 
12 3689.97052001 2838.49666583 3472.53281416 
13 2599.73252273 2708.91880077 4692.3486765 
14 1896.85073731 2313.87945558 5790.26980711 
15 1463.17282998 1843.38760867 6694.43956134 
16 1195.25787092 1406.86245774 7398.87967134 
17 1026.46393574 1045.38192715 7929.15413712 
18 917.571480855 763.663746877 8319.76477227 
19 845.787593731 551.706845993 8603.50556028 
20 797.622462275 395.648130624 8807.7294071 
21 764.860466471 282.321741671 8953.81779186 
22 742.346576977 200.770285707 9057.88313732 
23 726.758620479 142.440515933 9131.80086359 
24 715.907151309 100.892477449 9184.20037124 
25 708.323387547 71.3821533185 9221.29445913 
26 703.008508451 50.4631669665 9247.52832458 
27 699.276308397 35.6546872361 9266.06900437 
28 696.651796505 25.181880974 9279.16632252 
29 694.804368065 17.7803196124 9288.41531232 
30 693.503019457 12.5518137036 9294.94516684 
31 692.585877794 8.85959383731 9299.55452837 
32 691.939282946 6.25286728805 9302.80784977 
33 691.483312378 4.41280775503 9305.10387987 
34 691.161710874 3.11408086437 9306.72420826 
35 690.934853441 2.19750626366 9307.8676403 
36 690.774814122 1.55067175307 9308.67451412 
37 690.6619056 1.09421431872 9309.24388008 
38 690.582244513 0.77211091686 9309.64564457 
39 690.526038992 0.544820371868 9309.92914064 
40 690.486381881 0.384436362551 9310.12918176 
41 690.458400431 0.271264947502 9310.27033462 
42 690.438656928 0.191408598113 9310.36993447 
43 690.424725984 0.135060533426 9310.44021348 
44 690.414896296 0.095300427217 9310.48980328 
45 690.407960433 0.0672451298796 9310.52479444 
46 690.403066445 0.0474489278753 9310.54948463 
47 690.399613215 0.0334804887942 9310.5669063 
48 690.397176586 0.0236241897824 9310.57919922 
49 690.395457283 0.0166694835639 9310.58787323 
50 690.394244126 0.0117621625435 9310.59399371 
51 690.39338811 0.00829950339418 9310.59831239 
52 690.392784091 0.00585618708054 9310.60135972 
53 690.392357913 0.00413225636631 9310.60350983 
54 690.39205719 0.0029158020062 9310.60502701 
55 690.391844989 0.00205742727285 9310.60609758 
56 690.391695259 0.00145175113834 9310.60685299 
57 690.391589613 0.00102440325609 9310.60738598 
58 690.391515058 0.000722819779793 9310.60776212 
59 690.39146245 0.00051001298413 9310.60802754 
60 690.391425332 0.00035986899517 9310.6082148 
61 690.39139914 0.000253918507977 9310.60834694 
62 690.391380659 0.00017916243331 9310.60844018 
63 690.391367623 0.0001264297788 9310.60850595 
64 690.391358414 8.91798183585e-05 9310.60855241 
65 690.391351914 6.28832721497e-05 9310.6085852 
66 690.391347336 4.43674073683e-05 9310.6086083 
67 690.391344116 3.13401601271e-05 9310.60862454 
68 690.391341838 2.21278821007e-05 9310.60863603 
69 690.39134023 1.56222127876e-05 9310.60864415 
70 690.3913391 1.10488551888e-05 9310.60864985 
