Time S I R
0  997 3 0
1 994.87971564 4.96955183454 0.15073252594 
2 991.379971104 8.2197928717 0.400236023972 
3 985.625402347 13.5621862072 0.812411445803 
4 976.222650249 22.2862522107 1.49109754063 
5 961.015793007 36.3815280328 2.60267895974 
6 936.825497735 58.7668080791 4.40769418554 
7 899.338398196 93.3625176067 7.29908419686 
8 843.534418294 144.631015086 11.8345666198 
9 765.2333721 216.034545985 18.7320819151 
10 663.987199332 307.232638826 28.7801618426 
11 545.984602806 411.381223987 42.6341732073 
12 423.870053946 515.571212659 60.5587333957 
13 311.894108708 605.827739523 82.2781517688 
14 219.790911327 673.151224737 107.057863937 
15 150.32187416 715.722696051 133.95542979 
16 101.060713198 736.871316086 162.067970716 
17 67.4766964075 741.855513398 190.667790195 
18 45.0768592957 735.692882933 219.230257771 
19 30.2784355973 722.316879108 247.404685294 
20 20.5140440798 704.516244743 274.969711177 
21 14.0448614232 684.162052236 301.79308634 
22 9.7271250493 662.471462174 327.801412776 
23 6.81817350998 640.222595314 352.959231176 
24 4.83768818072 617.907103522 377.255208297 
25 3.47430881216 595.832515114 400.693176073 
26 2.5251690935 574.18842147 423.286409437 
27 1.85684939715 553.089224155 445.053926448 
28 1.38097733585 532.60085255 466.018170114 
29 1.03844279489 512.758070015 486.20348719 
30 0.789257666148 493.575595103 505.635147231 
31 0.606029589326 475.05525732 524.33871309 
32 0.469979051208 457.190362453 542.339658496 
33 0.367983395634 439.968934247 559.663082358 
34 0.290781285098 423.375672465 576.33354625 
35 0.231836424717 407.393179562 592.374984014 
36 0.186440931459 392.002928198 607.81063087 
37 0.151138435398 377.185873875 622.662987689 
38 0.123497630753 362.922677036 636.953825333 
39 0.101690623981 349.194144207 650.704165169 
40 0.084354899963 335.981355208 663.934289892 
41 0.0704707791386 323.265771912 676.663757309 
42 0.0592683979455 311.029308937 688.911422665 
43 0.0501546926944 299.254389916 700.695455392 
44 0.0427338265486 287.923926559 712.033339615 
45 0.0366287218185 277.021440204 722.941931074 
46 0.0315866942435 266.530975107 733.437438199 
47 0.0273867016602 256.437129262 743.535484037 
48 0.0238747337344 246.725035383 753.251089883 
49 0.0209066420273 237.380100167 762.598993191 
50 0.0184232325585 228.389246489 771.592330279 
51 0.016303726306 219.738437496 780.245258778 
52 0.0144959476087 211.415082274 788.570421779 
53 0.0129457183431 203.40682439 796.580229892 
54 0.0116111662941 195.701774906 804.286613928 
55 0.0104567626722 188.288436751 811.701106486 
56 0.0094541565968 181.155820455 818.834725388 
57 0.00857944270183 174.293285222 825.698135335 
58 0.00781475805718 167.690632886 832.301552356 
59 0.00714229803668 161.3379906 838.654867102 
60 0.00655077978968 155.225984267 844.767464953 
61 0.00602866085967 149.345502853 850.648468486 
62 0.00556547980307 143.687750337 856.306684184 
63 0.00515365208707 138.24430976 861.750536588 
64 0.00478593296839 133.007048479 866.988165588 
65 0.00445712763371 127.968183263 872.027359609 
66 0.00416192884313 123.12017887 876.875659201 
67 0.00389641800575 118.455822489 881.540281093 
68 0.00365705161209 113.968155768 886.02818718 
69 0.00344060426778 109.650465735 890.346093661 
70 0.00324461337846 105.496331758 894.500423629 
71 0.00306676810067 101.499582055 898.497351177 
72 0.00290496638377 97.6542764874 902.342818546 
73 0.0027582771113 93.9546852004 906.042556523 
74 0.00262503174793 90.3952806286 909.60209434 
75 0.00250306521968 86.9707194942 913.026777441 
76 0.00238971682359 83.6758317186 916.321778565 
77 0.00228431477865 80.5057170251 919.49199866 
78 0.00218685862342 77.4556830127 922.542130129 
79 0.00209752727255 74.5212177569 925.476684716 
80 0.00201571029902 71.6979490951 928.300035195 
81 0.0019402810035 68.9816482907 931.016411428 
82 0.00187026835658 66.368248584 933.629881148 
83 0.00180501837508 63.8538465546 936.144348427 
84 0.00174434284099 61.4347018556 938.563553802 
85 0.00168788269366 59.1072053846 940.891106733 
86 0.00163531509259 56.8678852486 943.130479436 
87 0.00158628089343 54.7134023938 945.285011325 
88 0.0015404995313 52.6405428428 947.357916658 
89 0.00149771707322 50.6462140654 949.352288218 
90 0.00145769114738 48.7274423428 951.271099966 
91 0.00142019382497 46.8813641871 953.117215619 
92 0.0013850113844 45.1052235624 954.893391426 
93 0.0013519806331 43.396373116 956.602274903 
94 0.0013209445857 41.752263589 958.246415466 
95 0.00129175891698 40.1704413002 959.828266941 
96 0.00126429013505 38.648548817 961.350186893 
97 0.00123841575623 37.1843159542 962.81444563 
98 0.00121402190848 35.7755562668 964.223229711 
99 0.00119100306097 34.4201652583 965.578643739 
100 0.00116926995236 33.1161250235 966.882705707 
