Time S I R
0.0  10000 1 0
1 9998.88912207 1.4598683681 0.651009562331 
2 9997.26770592 2.13095358141 1.60134049408 
3 9994.90163372 3.10996665294 2.98839962928 
4 9991.44998269 4.53757217796 5.01244512925 
5 9986.41697613 6.61797387839 7.96504999458 
6 9979.08302744 9.64680877806 12.2701637809 
7 9968.40654361 14.0504121951 18.5430441991 
8 9952.88604549 20.4399755449 27.673978965 
9 9930.36994146 29.6841856722 40.9458728663 
10 9897.80187289 43.001988781 60.1961383286 
11 9850.89572827 62.0713448792 88.0329268547 
12 9783.75370425 89.1359222288 128.110373521 
13 9688.48553571 127.063460113 185.451004177 
14 9554.97262563 179.260721941 266.766652424 
15 9371.0563374 249.282900335 380.660762269 
16 9123.584251 339.923617416 537.492131581 
17 8800.79372276 451.632723958 748.573553284 
18 8396.18427585 580.444745316 1024.37097884 
19 7913.077287 716.285440179 1371.63727282 
20 7367.73783362 843.185925202 1790.07624118 
21 6788.46062148 942.607744201 2269.93163432 
22 6209.73801826 999.17151548 2792.09046626 
23 5663.87482082 1005.85412554 3331.27105364 
24 5174.21067172 965.650600077 3861.1387282 
25 4752.62039714 889.19767735 4359.18192551 
26 4400.96031068 790.38140484 4809.65828448 
27 4114.39461721 682.387797406 5204.21758539 
28 3884.70592447 575.452586931 5540.8414886 
29 3702.69414721 476.263298813 5822.04255398 
30 3559.57189264 388.382174005 6053.04593336 
31 3447.60891738 313.063245576 6240.32783704 
32 3360.32067512 250.074599798 6390.60472508 
33 3292.42377743 198.354859366 6510.2213632 
34 3239.69023218 156.471204688 6604.83856314 
35 3198.77509678 122.907152784 6679.31775043 
36 3167.05145864 96.224557417 6737.72398395 
37 3142.46602623 75.1420669171 6783.39190686 
38 3123.41883021 58.5624276198 6819.01874217 
39 3108.66570781 45.5709153594 6846.76337683 
40 3097.24045009 35.4192823305 6868.34026758 
41 3088.39342386 27.5037332187 6885.10284292 
42 3081.543421 21.3419317995 6898.1146472 
43 3076.24001552 16.5514529825 6908.20853149 
44 3072.13419048 12.8307736803 6916.03503584 
45 3068.95562943 9.94319226832 6922.1011783 
46 3066.49497902 7.70348728491 6926.8015337 
47 3064.59013131 5.96708996338 6930.44277873 
48 3063.11557091 4.62137411311 6933.26305498 
49 3061.97411403 3.57872332412 6935.44716265 
50 3061.09051909 2.77105457321 6937.13842634 
51 3060.40653562 2.14550999578 6938.44795439 
52 3059.87707764 1.66108732883 6939.46183503 
53 3059.4672336 1.28598390901 6940.2467825 
54 3059.14998361 0.995553501504 6940.85446289 
55 3058.90440766 0.770694700791 6941.32489764 
56 3058.71431377 0.596611478749 6941.68907475 
57 3058.56716651 0.461842183633 6941.97099131 
58 3058.45326449 0.357512239801 6942.18922327 
59 3058.3650962 0.27674784137 6942.35815596 
60 3058.29684764 0.214227068008 6942.4889253 
61 3058.24401857 0.165829704898 6942.59015172 
62 3058.20312509 0.128365471033 6942.66850944 
63 3058.1714707 0.0993648444452 6942.72916445 
64 3058.14696802 0.0769159244141 6942.77611605 
65 3058.12800122 0.0595386188743 6942.81246016 
66 3058.11331962 0.046087242486 6942.84059314 
67 3058.10195504 0.0356748464681 6942.86237012 
68 3058.09315806 0.0276148747824 6942.87922706 
69 3058.0863486 0.021375870636 6942.89227553 
70 3058.0810776 0.0165464269115 6942.90237597 
