Time S I R
0  997 3 0
1 994.543427547 5.21867054198 0.23790191113 
2 990.288781519 9.05989011378 0.651328367073 
3 982.958412424 15.6737786332 1.36780894251 
4 970.441913351 26.9544565897 2.60363005979 
5 949.39456814 45.8872973954 4.71813446434 
6 914.895291542 76.8171000937 8.28760836458 
7 860.644975879 125.172674906 14.1823492159 
8 780.649456946 195.760550262 23.5899927915 
9 673.164950045 288.95980852 37.8752414351 
10 545.336282597 396.480728087 58.1829893156 
11 413.381185331 501.720566751 84.898247918 
12 295.255420634 587.393710929 117.350868437 
13 201.79818222 644.151075051 154.050742729 
14 134.392009486 672.356287657 193.251702857 
15 88.6071948592 677.971780559 233.421024582 
16 58.5177651981 668.052607235 273.429627567 
17 39.0088066468 648.453703734 312.537489619 
18 26.3687798327 623.329786411 350.301433757 
19 18.1198595443 595.399881031 386.480259425 
20 12.6725617113 566.365458355 420.961979933 
21 9.02322323856 537.262410952 453.71436581 
22 6.53996674754 508.706787156 484.753246097 
23 4.82290214459 481.054424375 514.122673481 
24 3.61654225089 454.500777202 541.882680548 
25 2.75561165611 429.142661463 568.101726881 
26 2.1318486514 405.016073019 592.85207833 
27 1.67336965877 382.119687006 616.206943335 
28 1.33160914764 360.429684231 638.238706621 
29 1.07350147568 339.908575581 659.017922943 
30 0.876116616419 320.511222398 678.612660985 
31 0.723369654004 302.188453861 697.088176485 
32 0.603859078663 284.889389082 714.50675184 
33 0.509334971553 268.563036891 730.927628138 
34 0.433811787355 253.159144325 746.407043887 
35 0.372904907363 238.628796531 760.998298562 
36 0.32334424875 224.924820185 774.751835566 
37 0.282675107402 212.00197433 787.715350563 
38 0.249036221774 199.817046423 799.933917356 
39 0.221006984401 188.328889788 811.450103227 
40 0.197496449557 177.498393222 822.304110328 
41 0.177638179902 167.28849675 832.53386507 
42 0.160722424447 157.664130598 842.175146977 
43 0.146239277647 148.592005311 851.261755411 
44 0.133804168566 140.040765958 859.825429874 
45 0.1230449709 131.980652257 867.896302772 
46 0.113710136185 124.383707007 875.502582857 
47 0.105557461221 117.223381602 882.671060937 
48 0.0984146434854 110.474774121 889.426811235 
49 0.0921209431277 104.114214152 895.793664905 
50 0.0865613179494 98.1195337285 901.793904954 
51 0.0816349457078 92.4697597636 907.448605291 
52 0.0772493242946 87.1450546824 912.777695993 
53 0.0733320628194 82.1267572467 917.799910691 
54 0.0698230721576 77.3972680345 922.532908893 
55 0.0666671822546 72.9399691947 926.993363623 
56 0.0638240840284 68.7392410033 931.196934913 
57 0.0612554012272 64.7803292586 935.15841534 
58 0.0589296395679 61.0493347637 938.891735597 
59 0.0568184523261 57.5331446414 942.410036906 
60 0.054898247728 54.2194073794 945.725694373 
61 0.0531479642942 51.0964718957 948.85038014 
62 0.0515496607053 48.1533634688 951.79508687 
63 0.0500873873716 45.3797315143 954.570181098 
64 0.0487473951251 42.7658262579 957.185426347 
65 0.0475174218708 40.3024525128 959.650030065 
66 0.0463865274185 37.9809397578 961.972673715 
67 0.0453451120658 35.7931222512 964.161532637 
68 0.0443851240851 33.7313096417 966.224305234 
69 0.0434992857645 31.7882512806 968.168249434 
70 0.0426805519475 29.95710385 970.000215598 
71 0.041923167761 28.2314267486 971.726650084 
72 0.0412217727601 26.6051462234 973.353632004 
73 0.0405715015582 25.07253712 974.886891378 
74 0.0399681093453 23.6282061287 976.331825762 
75 0.0394076878622 22.2670687432 977.693523569 
76 0.0388867380902 20.9843343404 978.976778922 
77 0.0384021185171 19.7754889331 980.186108948 
78 0.0379509396327 18.636276079 981.325772981 
79 0.0375306049607 17.5626855145 982.399783881 
80 0.0371387513075 16.5509377607 983.411923488 
81 0.0367732116575 15.597470551 984.365756237 
82 0.0364320262776 14.6989276887 985.264640285 
83 0.0361133831894 13.8521446073 986.111742009 
84 0.0358156275261 13.0541393088 986.910045064 
85 0.0355372674364 12.3021035807 987.662359152 
86 0.0352769507829 11.5933923393 988.37133071 
87 0.0350333743395 10.9255073256 989.0394593 
88 0.0348053611325 10.2960962675 989.669098371 
89 0.0345918437994 9.70294414023 990.262464016 
90 0.034391837193 9.14396330791 990.821644855 
91 0.0342044056346 8.61718313702 991.348612457 
92 0.0340287024062 8.12074889212 991.845222405 
93 0.0338639523973 7.65291400277 992.313222045 
94 0.0337094278109 7.21203074175 992.75425983 
95 0.033564447358 6.7965452168 993.169890336 
96 0.0334283884657 6.40499490192 993.56157671 
97 0.0333006768625 6.03600245787 993.930696865 
98 0.033180769482 5.68826732945 994.278551901 
99 0.0330681632685 5.36056438078 994.606367456 
100 0.0329623940021 5.05174010647 994.9152975 
