Time S I R
0  997 3 0
1 992.859798237 6.6807542176 0.459447545401 
2 983.727642477 14.7926831461 1.47967437712 
3 963.927977347 32.3474480391 3.72457461405 
4 922.553865336 68.8778053377 8.5683293268 
5 842.375120624 139.018089317 18.6067900589 
6 707.376581679 254.732279916 37.8911384051 
7 525.740605039 403.603616284 70.6557786764 
8 342.072296137 539.819517006 118.108186856 
9 201.264485646 622.066048185 176.669466169 
10 112.942994194 646.599814404 240.457191403 
11 63.1908366142 632.234428449 304.574734937 
12 36.1877055926 597.691029592 366.121264815 
13 21.4765213218 554.79538832 423.728090358 
14 13.26703451 509.823117229 476.909848261 
15 8.53354145725 465.835478548 525.630979995 
16 5.70599502648 424.225000105 570.069004868 
17 3.95657039898 385.549399275 610.494030326 
18 2.8372700352 349.953874183 647.208855782 
19 2.09831393457 317.382173293 680.519512773 
20 1.596169762 287.68277899 710.721051248 
21 1.24572983498 260.663265848 738.091004317 
22 0.995162780886 236.117963286 762.886873933 
23 0.812029349408 213.842383897 785.345586754 
24 0.675429883645 193.640556483 805.684013633 
25 0.571674441882 175.328290227 824.100035331 
26 0.491549569343 158.734673313 840.773777118 
27 0.428739634743 143.70229261 855.868967755 
28 0.378851761269 130.086842493 869.534305745 
29 0.338686123581 117.756652018 881.904661858 
30 0.305990623399 106.591637209 893.102372168 
31 0.2791497595 96.4826930279 903.238157213 
32 0.256885692815 87.3305019665 912.412612341 
33 0.238270263458 79.0450226725 920.716707064 
34 0.222587623593 71.5445227043 928.232889672 
35 0.209285242774 64.7548904593 935.035824298 
36 0.197932361412 58.6089495186 941.19311812 
37 0.188190349332 53.0458325088 946.765977142 
38 0.179789766488 48.0104219682 951.809788265 
39 0.172508807794 43.4526651065 956.374826086 
40 0.166171837107 39.3273197488 960.506508414 
41 0.16063858959 35.5934591676 964.245902243 
42 0.155789270523 32.2139461301 967.630264599 
43 0.151526751239 29.1551889511 970.693284298 
44 0.147769594937 26.3867701079 973.465460297 
45 0.144449573748 23.8811488974 975.974401529 
46 0.141509167992 21.6133940495 978.245096783 
47 0.138899642303 19.5609378292 980.300162529 
48 0.13657933728 17.7033434291 982.160077234 
49 0.134512774293 16.0221214453 983.84336578 
50 0.13266946545 14.5005350159 985.366795519 
51 0.131023028337 13.1234311285 986.745545843 
52 0.12955057485 11.8770928422 987.993356583 
53 0.128232235409 10.7491058966 989.122661868 
54 0.127050672277 9.72823492217 990.144714406 
55 0.125990712619 8.80430992774 991.06969936 
56 0.125039048533 7.96812604803 991.906834903 
57 0.124183965048 7.21135215149 992.664463883 
58 0.123415117877 6.52644652854 993.350138354 
59 0.122723398867 5.90658689444 993.970689707 
60 0.122100726213 5.3455969255 994.532302348 
61 0.121539911785 4.83788510633 995.040574982 
62 0.121034591805 4.37839338165 995.500572027 
63 0.1205790706 3.96254046962 995.91688046 
64 0.120168299127 3.58618404078 996.29364766 
65 0.119797744521 3.24557136897 996.634630887 
66 0.119463373456 2.93730957345 996.943227053 
67 0.119161564092 2.65832522406 997.222513212 
68 0.118889078609 2.4058382104 997.475272711 
69 0.118643011152 2.17733174317 997.704025246 
70 0.118420753653 1.97052820655 997.91105104 
71 0.11821996638 1.78336687991 998.098413154 
72 0.118038542391 1.61398156221 998.267979895 
73 0.117874591447 1.46068475449 998.421440654 
74 0.11772640812 1.32194764641 998.560325945 
75 0.117592460693 1.19638801241 998.686019527 
76 0.11747136663 1.08275377841 998.799774855 
77 0.117361882011 0.979912675604 998.902725442 
78 0.11726288428 0.886839409413 998.995897706 
79 0.117173361429 0.802606266888 999.080220372 
80 0.117092400662 0.726373710502 999.156533889 
81 0.117019177664 0.657381652564 999.22559917 
82 0.116952949236 0.59494266585 999.288104385 
83 0.116893043354 0.538434044184 999.344672912 
84 0.1168388541 0.487292808948 999.395868337 
85 0.116789833332 0.441008925674 999.442201241 
86 0.116745486473 0.399121212932 999.484133301 
87 0.116705366209 0.361212003653 999.52208263 
88 0.116669068537 0.326903474255 999.556427457 
89 0.116636228235 0.295853630777 999.587510141 
90 0.116606515084 0.267752912086 999.615640573 
91 0.116579630736 0.242321294983 999.641099074 
92 0.116555305184 0.219305156917 999.664139538 
93 0.116533294538 0.198475164245 999.684991541 
94 0.116513377945 0.179623525717 999.703863096 
95 0.116495356084 0.162562516102 999.720942128 
96 0.116479048431 0.147122036235 999.736398915 
97 0.116464291635 0.133148085542 999.750387623 
98 0.116450938156 0.120501470042 999.763047592 
99 0.116438854263 0.109055989825 999.774505156 
100 0.116427919228 0.0986976441183 999.784874437 
