Time S I R
0.0  10000 1 0
1 9998.63785859 1.80750387938 0.554637532553 
2 9996.17648453 3.26646255874 1.55705291426 
3 9991.73064527 5.90107043577 3.36828429689 
4 9983.70641789 10.6541930381 6.63938907039 
5 9969.24312121 19.2148292557 12.5420495309 
6 9943.23707935 34.5858898423 23.1770308061 
7 9896.68014477 62.034042287 42.2858129473 
8 9813.97968057 110.568272619 76.4520468116 
9 9669.08733903 194.900869063 137.011791902 
10 9421.23988913 337.021941861 242.738169011 
11 9014.05699799 564.318787392 422.624214613 
12 8387.08935338 897.763708219 716.1469384 
13 7510.43506699 1324.92122441 1165.6437086 
14 6432.45869575 1772.06864283 1796.47266143 
15 5289.71789781 2118.44971982 2592.83238236 
16 4241.60650473 2267.47460325 3491.91889202 
17 3387.19359736 2206.03808229 4407.76832035 
18 2744.12186725 1991.88752848 5264.99060427 
19 2281.13156433 1702.50101339 6017.36742228 
20 1953.9864492 1399.37353281 6647.64001799 
21 1723.59932439 1118.9597876 7158.440888 
22 1560.62416178 877.514817711 7562.86102051 
23 1444.45655205 678.738904362 7877.80454359 
24 1360.97379985 519.83272527 8120.19347488 
25 1300.52628741 395.304821682 8305.16889091 
26 1256.47563142 299.057342336 8445.46702624 
27 1224.20494791 225.39057043 8551.40448166 
28 1200.46513955 169.399575045 8631.1352854 
29 1182.94406704 127.057765277 8690.99816768 
30 1169.98021568 95.1555710904 8735.86421323 
31 1160.3698686 71.183839748 8769.44629165 
32 1153.23517979 53.2069290114 8794.5578912 
33 1147.93257476 39.74543823 8813.32198701 
34 1143.98836131 29.6761285387 8827.33551015 
35 1141.0527403 22.150273978 8837.79698572 
36 1138.86677924 16.5287744437 8845.60444631 
37 1137.23847467 12.3316182928 8851.42990703 
38 1136.02524926 9.19895220665 8855.77579853 
39 1135.12111609 6.86137296551 8859.01751095 
40 1134.44723034 5.11740371061 8861.43536595 
41 1133.94490307 3.81648086152 8863.23861607 
42 1133.57042795 2.84614857104 8864.58342348 
43 1133.29124733 2.12245229324 8865.58630038 
44 1133.08310197 1.58273387804 8866.33416415 
45 1132.92791214 1.18023907565 8866.89184879 
46 1132.8122022 0.880088216152 8867.30770958 
47 1132.72592706 0.656263367079 8867.61780957 
48 1132.66159799 0.489358154401 8867.84904385 
49 1132.61363201 0.364899304385 8868.02146868 
50 1132.57786667 0.272093098428 8868.15004023 
51 1132.55119842 0.202889946463 8868.24591163 
52 1132.53131328 0.151287257905 8868.31739946 
53 1132.51648595 0.1128089752 8868.37070507 
54 1132.50542993 0.0841171081191 8868.41045296 
55 1132.49718598 0.0627227169041 8868.4400913 
56 1132.49103884 0.046769725671 8868.46219144 
57 1132.48645519 0.0348742273609 8868.47867058 
58 1132.48303737 0.0260042362502 8868.49095839 
59 1132.48048885 0.0193902578989 8868.50012089 
60 1132.47858854 0.0144584937727 8868.50695297 
61 1132.47717155 0.0107810837068 8868.51204736 
62 1132.47611497 0.00803899400489 8868.51584604 
63 1132.47532712 0.00599431649404 8868.51867857 
64 1132.47473965 0.0044697073747 8868.52079064 
65 1132.47430163 0.00333293083244 8868.52236544 
66 1132.47397501 0.00248525555563 8868.52353974 
67 1132.47373144 0.00185314469157 8868.52441541 
68 1132.47354983 0.00138181622122 8868.52506835 
69 1132.47341441 0.00103036428479 8868.52555523 
70 1132.47331344 0.000768317763552 8868.52591825 
