Time S I R
0  997 3 0
1 994.627900361 5.06106386099 0.311035778004 
2 990.642646713 8.52208695828 0.835266328675 
3 983.978598378 14.3047992467 1.71660237537 
4 972.922181143 23.8857280965 3.19209076017 
5 954.814673069 39.5401697773 5.64515715415 
6 925.779271406 64.5432709845 9.677457609 
7 880.759270257 103.05398245 16.1867472921 
8 814.455803833 159.138228914 26.4059672527 
9 723.81651627 234.372204535 41.8112791951 
10 611.658699606 324.546229972 63.7950704223 
11 488.587723666 418.283031622 93.1292447114 
12 369.780025959 500.711337017 129.508637024 
13 267.988353433 560.462936209 171.548710359 
14 188.826466203 593.909276821 217.264256977 
15 131.343505044 603.992523649 264.663971307 
16 91.3152851395 596.557483683 312.127231178 
17 64.0141673774 577.476833022 358.5089996 
18 45.5008073824 551.415524053 403.083668565 
19 32.8961038832 521.665208888 445.438687229 
20 24.2279340948 490.397159088 485.374906817 
21 18.1861433838 458.982860513 522.830996103 
22 13.9101640529 428.258638724 557.831197223 
23 10.8353373279 398.713596773 590.451065899 
24 8.58855668019 370.616070206 620.795373114 
25 6.92095005463 344.094901654 648.984148292 
26 5.66448380242 319.191637819 675.143878378 
27 4.70415703258 295.893821804 699.402021164 
28 3.96013204092 274.15623821 721.883629749 
29 3.37632677313 253.914295682 742.709377545 
30 2.9127530087 235.092874237 761.994372754 
31 2.5405320332 217.611899238 779.847568729 
32 2.23856204693 201.389906355 796.371531598 
33 1.9912062365 186.346377412 811.662416352 
34 1.78674931697 172.403140142 825.810110541 
35 1.61634495032 159.485192879 838.89846217 
36 1.47322039873 147.521239152 851.005540449 
37 1.35214363043 136.443916382 862.203939987 
38 1.24903747064 126.189861636 872.561100893 
39 1.16070149872 116.699670398 882.139628103 
40 1.08459411885 107.917799037 890.997606844 
41 1.01862948987 99.7925326911 899.188837819 
42 0.961174951754 92.2755406078 906.76328444 
43 0.910975489901 85.3220728127 913.766951697 
44 0.866896216611 78.890338114 920.242765669 
45 0.828033289089 72.9415900484 926.230376663 
46 0.793657248754 67.4399336487 931.766409103 
47 0.763144923792 62.3520176807 936.884837396 
48 0.735979173775 57.6469413714 941.617079455 
49 0.71172608919 53.2960932585 945.992180652 
50 0.690014900163 49.2729334519 950.037051648 
51 0.670533980134 45.552911172 953.776554848 
52 0.653014333706 42.1132850551 957.233700611 
53 0.637229269009 38.9330282518 960.429742479 
54 0.62297347894 35.9925832244 963.384443297 
55 0.610074699527 33.2739117651 966.116013535 
56 0.598390010295 30.760384988 968.641225002 
57 0.587787254334 28.4365414341 970.975671312 
58 0.578152311548 26.2880922574 973.133755431 
59 0.569385914314 24.3018277999 975.128786286 
60 0.56140020743 22.4655274599 976.973072333 
61 0.554117607511 20.7678873088 978.677995084 
62 0.547469372829 19.1984502545 980.254080373 
63 0.541394542912 17.7475481819 981.711057275 
64 0.535838882967 16.4062410704 983.057920047 
65 0.530753818336 15.1662567773 984.302989404 
66 0.526096010178 14.0199493025 985.453954687 
67 0.521826612542 12.9602474904 986.517925897 
68 0.517910753155 11.9806143561 987.501474891 
69 0.514317018909 11.0750037634 988.410679218 
70 0.511017125891 10.2378271643 989.25115571 
71 0.507985504955 9.46391546449 990.028099031 
72 0.50519906127 8.7484913966 990.746309542 
73 0.502636850183 8.08713631338 991.410226836 
74 0.500279897712 7.47576658977 992.023953513 
75 0.498110951892 6.9106051829 992.591283865 
76 0.496114336355 6.38816121017 993.115724453 
77 0.494275782777 5.90520710587 993.600517111 
78 0.492582262654 5.45875753364 994.048660204 
79 0.491021923448 5.04605497773 994.462923099 
80 0.489583978404 4.66455196402 994.845864058 
81 0.488258484588 4.31188825704 995.199853258 
82 0.487036409935 3.98588531005 995.52707828 
83 0.485909450503 3.6845272292 995.82956332 
84 0.484870017911 3.40595150184 996.10917848 
85 0.483911150596 3.14843592835 996.367652921 
86 0.48302646826 2.91038889751 996.606584634 
87 0.482210114625 2.69033888621 996.827450999 
88 0.481456711191 2.48692531356 997.031617975 
89 0.480761319485 2.29889058691 997.220348094 
90 0.480119398409 2.1250720679 997.394808534 
91 0.479526775237 1.96439517728 997.556078047 
92 0.478979606501 1.81586595482 997.705154439 
93 0.478474364201 1.67856652149 997.842959114 
94 0.478007803006 1.55164858603 997.970343611 
95 0.477576921497 1.43432643041 998.088096648 
96 0.477178964974 1.3258748388 998.196946196 
97 0.476811395817 1.22562341672 998.297565187 
98 0.476471868942 1.13295163334 998.390576498 
99 0.476158229528 1.0472867353 998.476555035 
100 0.475868490203 0.96809914534 998.556032364 
