Time S I R
0  997 3 0
1 995.93007673 3.80706340192 0.262859868012 
2 994.574237266 4.82939286403 0.596369870436 
3 992.857375659 6.12328707224 1.01933726837 
4 990.685459175 7.7590793161 1.55546150924 
5 987.941219697 9.8242369205 2.23454338276 
6 984.479167915 12.4268828303 3.09394925421 
7 980.120007694 15.6996336335 4.18035867237 
8 974.644647649 19.8035317597 5.5518205914 
9 967.788293769 24.9316082885 7.28009794291 
10 959.23542918 31.3113123231 9.4532584967 
11 948.617017574 39.2046146985 12.1783677272 
12 935.511844882 48.9041065498 15.5840485686 
13 919.454668803 60.7228181727 19.8225130244 
14 899.95444599 74.9750845925 25.0704694178 
15 876.525894939 91.9459877341 31.5281173272 
16 848.736750081 111.847963971 39.4152859475 
17 816.270624903 134.765651461 48.963723636 
18 779.000567536 160.594633978 60.4047984855 
19 737.062013983 188.985399302 73.952586715 
20 690.908161592 219.308525857 89.7833125511 
21 641.328060477 250.658490796 108.013448728 
22 589.410287224 281.909568985 128.680143791 
23 536.452619865 311.819537761 151.727842374 
24 483.827908173 339.167572666 177.00451916 
25 432.837243458 362.893924854 204.268831688 
26 384.581878153 382.210991243 233.207130604 
27 339.880070506 396.662563547 263.457365947 
28 299.238093918 406.126693355 294.635212727 
29 262.869474804 410.771963013 326.358562183 
30 230.746037867 410.986564483 358.26739765 
31 202.662683374 407.299520075 390.037796551 
32 178.301475761 400.30859141 421.389932829 
33 157.286214685 390.622582037 452.091203277 
34 139.223199723 378.821537961 481.955262316 
35 123.729159803 365.432026189 510.838814008 
36 110.44808412 350.914990888 538.636924992 
37 99.0597929915 335.662454339 565.277752669 
38 89.2828098406 319.999922709 590.717267451 
39 80.8736486855 304.192057372 614.934293942 
40 73.6240769373 288.449857869 637.926065194 
41 67.3573832382 272.938221537 659.704395225 
42 61.9245401995 257.783234067 680.292225734 
43 57.2000532811 243.078869089 699.72107763 
44 53.0785722181 228.89272794 718.028699842 
45 49.4716562697 215.271122899 735.257220831 
46 46.3050106798 202.243321912 751.451667408 
47 43.5161998692 189.824989591 766.65881054 
48 41.0526402206 178.021157304 780.926202476 
49 38.8699427508 166.82861164 794.301445609 
50 36.9305437615 156.237824773 806.831631465 
51 35.2025962986 146.234474703 818.562928999 
52 33.6590034308 136.800746628 829.540249941 
53 32.2766400878 127.916341346 839.807018566 
54 31.0357114741 119.559276333 849.405012193 
55 29.9192332588 111.706504275 858.374262466 
56 28.9125771542 104.334435617 866.752987229 
57 28.0031029452 97.4193336056 874.577563449 
58 27.1798565776 90.9376135989 881.882529824 
59 26.4333215749 84.8660673015 888.700611124 
60 25.7552204284 79.182018886 895.062760686 
61 25.1382971549 73.8635178929 900.998184952 
62 24.5761930848 68.8893879075 906.534419008 
63 24.0633200902 64.2392905419 911.697389368 
64 23.5947509857 59.8937698108 916.511479203 
65 23.1661314245 55.8342720968 920.999596479 
66 22.7736041998 52.0431521578 925.183243642 
67 22.4137416325 48.5036683218 929.082590046 
68 22.0834893003 45.1999718627 932.716538837 
69 21.7801275666 42.1170716591 936.102800774 
70 21.501223314 39.2408204598 939.257956226 
71 21.2445894959 36.5578951555 942.197515349 
72 21.0082706786 34.05574087 944.935988451 
73 20.7904979663 31.7225637798 947.486938254 
74 20.5896844077 29.547273345 949.863042247 
75 20.404391287 27.5194656082 952.076143105 
76 20.2333198834 25.6293778427 954.137302274 
77 20.0752924802 23.8678599903 956.05684753 
78 19.9292395682 22.2263418677 957.844418564 
79 19.7941908395 20.6967975815 959.509011579 
80 19.6692607311 19.2717184519 961.059020817 
81 19.5536444488 17.9440790983 962.502276453 
82 19.44660568 16.7073124668 963.846081853 
83 19.3474729644 15.5552799051 965.09724713 
84 19.2556305661 14.4822466145 966.262122819 
85 19.170515645 13.4828557116 967.346628643 
86 19.0916149515 12.5521040783 968.35628097 
87 19.0184537441 11.6853224796 969.296223776 
88 18.9505968728 10.878153116 970.171250011 
89 18.8876462738 10.1265296232 970.985824103 
90 18.8292335184 9.42665801075 971.744108471 
91 18.7750203165 8.77499974057 972.449979943 
92 18.7246961491 8.16825523128 973.10704862 
93 18.6779730579 7.60334680487 973.718680137 
94 18.6345861819 7.07740567519 974.288008143 
95 18.5942916946 6.58775814435 974.817950161 
96 18.5568633404 6.1319108638 975.311225796 
97 18.5220926742 5.70754097371 975.770366352 
98 18.4897873598 5.31248441559 976.197728225 
99 18.4597687698 4.94472324167 976.595507989 
100 18.4318721067 4.60237829172 976.965749602 
