Time S I R
0  997 3 0
1 993.252545889 6.41177253148 0.335681579642 
2 985.309013136 13.6395485846 1.05143827916 
3 968.703250784 28.7302120328 2.56653718271 
4 934.974768868 59.2997070549 5.72552407727 
5 870.300027022 117.584812945 12.1151600325 
6 758.902181697 216.773708072 24.3241102313 
7 598.176469534 356.285426497 45.538103969 
8 416.424209708 505.753059033 77.8227312591 
9 258.774966737 620.994824376 120.230208887 
10 149.363411867 681.417562929 169.219025205 
11 83.660629012 695.453861268 220.88550972 
12 46.9294804184 680.651645253 272.418874329 
13 26.8413341917 650.937504513 322.221161295 
14 15.788838795 614.689514814 369.521646391 
15 9.58427080802 576.397538657 414.018190535 
16 6.00772094431 538.33926604 455.653013015 
17 3.88591239789 501.623973311 494.490114291 
18 2.59010911031 466.758512001 530.651378889 
19 1.77608940309 433.940188792 564.283721805 
20 1.25082192699 403.206979211 595.542198862 
21 0.903065018715 374.515626598 624.581308383 
22 0.667316537833 347.782044574 651.550638888 
23 0.503885038614 322.903431896 676.592683065 
24 0.388238971023 299.769820579 699.84194045 
25 0.304758087204 278.270613578 721.424628335 
26 0.243421202033 258.297776414 741.458802384 
27 0.197591465059 239.747810569 760.054597966 
28 0.162810392359 222.522574578 777.31461503 
29 0.136041096597 206.529616957 793.334341946 
30 0.115151515897 191.682278436 808.202570048 
31 0.0986085402483 177.899535654 822.001855806 
32 0.0854005911864 165.105780771 834.808818638 
33 0.0747326640827 153.230558513 846.694708823 
34 0.0660285762521 142.208293192 857.725678232 
35 0.0588620317665 131.978029681 867.963108288 
36 0.0529091148708 122.483049984 877.464040902 
37 0.0479299749229 113.670670838 886.281399187 
38 0.0437305365322 105.4919408 894.464328664 
39 0.0401685712992 97.9013920089 902.05843942 
40 0.0371149789034 90.8567204206 909.1061646 
41 0.0344893440196 84.318760515 915.646750141 
42 0.0322194110638 78.2511058841 921.716674705 
43 0.030246605363 72.6199555408 927.349797854 
44 0.0285241511697 67.3939361216 932.577539727 
45 0.0270132273799 62.5439140504 937.429072722 
46 0.0256827843133 58.0428576087 941.931459607 
47 0.0245070334807 53.8656765176 946.109816449 
48 0.023464497831 49.9890823482 949.987453154 
49 0.0225362086148 46.3914240621 953.586039729 
50 0.021706097227 43.0526269266 956.925666976 
51 0.0209620234009 39.9540826797 960.024955297 
52 0.020296302251 37.0785499655 962.901153732 
53 0.0196985292969 34.4099705186 965.570330952 
54 0.0191589474042 31.9334297665 968.047411286 
55 0.0186706358733 29.6351061881 970.346223176 
56 0.018228752945 27.5021879011 972.479583346 
57 0.0178284694707 25.5227760082 974.459395522 
58 0.0174648869051 23.6858214926 976.29671362 
59 0.0171339719786 21.9810734562 978.001792572 
60 0.0168324659879 20.3990164025 979.584151131 
61 0.0165574349031 18.9308190571 981.052623508 
62 0.0163062139683 17.5682882643 982.415405522 
63 0.0160764956483 16.3038231681 983.680100336 
64 0.0158662075762 15.1303647109 984.853769082 
65 0.0156735166582 14.0413628408 985.942963643 
66 0.0154967859889 13.0307388784 986.953764336 
67 0.0153345594626 12.0928525962 987.891812844 
68 0.0151855205806 11.2224673036 988.762347176 
69 0.0150484945545 10.4147247459 989.57022676 
70 0.0149224474 9.66512113645 990.319956416 
71 0.0148064215061 8.96947058652 991.015722992 
72 0.0146995493191 8.32388790086 991.66141255 
73 0.0146010630805 7.72477195612 992.260626981 
74 0.0145102569508 7.16877731193 992.816712431 
75 0.0144264886201 6.65279882503 993.332774686 
76 0.0143491844851 6.17395860228 993.811692213 
77 0.0142778165587 5.72958315175 994.256139032 
78 0.0142119011881 5.31719049031 994.668597608 
79 0.0141510034177 4.93448066733 995.051368329 
80 0.0140947232517 4.57931723059 995.406588046 
81 0.0140426930825 4.24971608773 995.736241219 
82 0.0139945801513 3.94383844232 996.042166978 
83 0.0139500783199 3.65997676157 996.32607316 
84 0.0139089054563 3.3965453985 996.589545696 
85 0.0138708050048 3.15207493542 996.83405426 
86 0.0138355407445 2.92520092739 997.060963532 
87 0.0138028944436 2.71465579888 997.271541307 
88 0.013772666917 2.51926499471 997.466962338 
89 0.0137446746267 2.33793807717 997.648317248 
90 0.0137187477337 2.16966189352 997.816619359 
91 0.0136947307431 2.01349758398 997.972807685 
92 0.0136724802607 1.86857368907 998.117753831 
93 0.0136518634356 1.73408044063 998.252267696 
94 0.0136327583489 1.6092675007 998.377099741 
95 0.0136150524792 1.49343849779 998.49294645 
96 0.0135986414656 1.38594614512 998.600455213 
97 0.0135834293435 1.28619065971 998.700225911 
98 0.0135693274821 1.19361547311 998.792815199 
99 0.0135562536361 1.10770326565 998.878740481 
100 0.0135441320517 1.02797464925 998.958481219 
