Time S I R
0  997 3 0
1 995.20294056 4.65814408942 0.138915350612 
2 992.420534112 7.22497072234 0.354495165777 
3 988.123887635 11.1875244649 0.688587900292 
4 981.515881392 17.2788684698 1.2052501385 
5 971.416562067 26.5817898333 2.00164809969 
6 956.127956581 40.6488936841 3.22314973476 
7 933.314769753 61.602586396 5.08264385102 
8 899.994565039 92.1235448644 7.88189009648 
9 852.816951839 135.155182796 12.0278653655 
10 788.86993891 193.100549531 18.0295115594 
11 707.117529502 266.428804688 26.4536658094 
12 610.040306701 352.135270202 37.8244230973 
13 504.311067285 443.20890277 52.4800299447 
14 399.356767906 530.196126988 70.4471051055 
15 304.187298262 604.405344018 91.40735772 
16 224.546709973 660.671864633 114.781425395 
17 162.08970341 698.03192914 139.878367451 
18 115.409072861 718.558116437 166.032810702 
19 81.6422070067 725.672305932 192.685487061 
20 57.7026912066 722.889506599 219.407802194 
21 40.9090572809 713.198833633 245.892109086 
22 29.172302911 698.899439106 271.928257983 
23 20.9615987063 681.659539609 297.378861685 
24 15.1936510718 662.647953684 322.158395244 
25 11.1164396637 642.666284585 346.217275751 
26 8.21249935332 622.257100943 369.530399704 
27 6.12688080484 601.78395683 392.089162365 
28 4.61577184134 581.488266365 413.895961794 
29 3.5110451529 561.528486499 434.960468348 
30 2.6961300111 542.006777887 455.297092101 
31 2.08953508439 522.987216895 474.923248021 
32 1.63401384239 504.507772781 493.858213377 
33 1.28898233324 486.588701779 512.122315887 
34 1.02548520671 469.238118131 529.736396662 
35 0.822508382422 452.456073753 546.721417864 
36 0.664922283264 436.236828826 563.098248891 
37 0.541652868133 420.570873356 578.887473776 
38 0.444500727161 405.446229107 594.109270166 
39 0.367375619506 390.849281488 608.783342892 
40 0.305726038375 376.765397388 622.928876574 
41 0.256126615254 363.179368519 636.564504866 
42 0.215937520231 350.075772056 649.708290424 
43 0.183177779362 337.439090946 662.377731275 
44 0.156314736466 325.253930591 674.589754672 
45 0.1341568362 313.505119966 686.360723198 
46 0.115778682741 302.177776097 697.706445221 
47 0.100450523247 291.25736312 708.642186356 
48 0.0875997559539 280.729715975 719.182684269 
49 0.0767731214739 270.581065469 729.342161409 
50 0.06761303908 260.798043285 739.134343675 
51 0.0598198332279 251.367714382 748.572465785 
52 0.053147047885 242.277558205 757.669294747 
53 0.0474127922718 233.515432698 766.43715451 
54 0.042480044742 225.069622088 774.887897867 
55 0.0382098255686 216.928795161 783.032995014 
56 0.0345036827767 209.08202566 790.883470657 
57 0.0312746722868 201.51875353 798.449971798 
58 0.0284469207721 194.228787869 805.74276521 
59 0.0259652549233 187.202308969 812.771725776 
60 0.0237762589718 180.429813145 819.546410596 
61 0.0218426598044 173.902164497 826.075992844 
62 0.0201283602908 167.610528436 832.369343204 
63 0.0186035157453 161.546395261 838.435001223 
64 0.0172429556885 155.70155214 844.281204904 
65 0.0160258658129 150.068087215 849.91588692 
66 0.0149342792556 144.638367937 855.346697784 
67 0.0139525549787 139.405035179 860.581012266 
68 0.0130676069314 134.36099745 865.625934943 
69 0.0122677399552 129.499411637 870.488320623 
70 0.0115433011582 124.813690293 875.174766405 
71 0.0108854811231 120.297470556 879.691643963 
72 0.0102870244452 115.944629789 884.045083187 
73 0.00974122252364 111.749247836 888.241010941 
74 0.00924265308186 107.705641547 892.2851158 
75 0.00878646508954 103.808338235 896.1828753 
76 0.00836852175689 100.052058996 899.939572482 
77 0.00798547102943 96.4317034284 903.560311101 
78 0.00763345767325 92.9423454283 907.050021114 
79 0.00730820970148 89.5792177834 910.413474007 
80 0.00700691276643 86.3377501525 913.655242935 
81 0.00672840153516 83.2135683022 916.779703296 
82 0.00647052054592 80.202427953 919.791101526 
83 0.00623118288024 77.3002340662 922.693534751 
84 0.00600879373496 74.5030475585 925.490943648 
85 0.00580206686527 71.8070754851 928.187122448 
86 0.00560962130669 69.208655242 930.785735137 
87 0.00543012985474 66.7042538494 933.290316021 
88 0.00526256538501 64.2904723364 935.704265098 
89 0.0051060202984 61.9640348625 938.030859117 
90 0.00495956786699 59.7217793361 940.273261096 
91 0.00482233468472 57.5606560791 942.434521586 
92 0.00469361813089 55.4777311944 944.517575187 
93 0.00457282853495 53.4701792472 946.525247924 
94 0.00445935851951 51.5352715061 948.460269135 
95 0.00435265088493 49.6703769349 950.325270414 
96 0.00425224244327 47.8729677087 952.122780049 
97 0.00415768921073 46.1406038878 953.855238423 
98 0.00406856635846 44.4709306196 955.525000814 
99 0.00398447650082 42.8616764068 957.134339117 
100 0.0039050514979 41.3106498858 958.685445063 
