Time S I R
0  997 3 0
1 995.81603529 4.11964969865 0.0643150113519 
2 994.192871433 5.65451610106 0.152612465849 
3 991.969976656 7.75625483919 0.273768505257 
4 988.93027583 10.6298404701 0.43988369998 
5 984.782012374 14.5505816064 0.66740601996 
6 979.136496214 19.8849098079 0.978593978417 
7 971.482095144 27.1145123954 1.40339246056 
8 961.156578589 36.8616571031 1.98176430795 
9 947.322886156 49.9106547876 2.7664590562 
10 928.958038961 67.2158931273 3.82606791127 
11 904.871911574 89.880102408 5.24798601764 
12 873.779630686 119.079833811 7.14053550264 
13 834.454694328 155.912252856 9.63305281555 
14 785.980615565 201.1470574 12.8723270345 
15 728.085372984 254.900873641 17.0137533742 
16 661.482712821 316.310936385 22.2063507942 
17 588.078461157 383.348630679 28.5729081637 
18 510.887205362 452.923637884 36.1891567536 
19 433.594746057 521.337187737 45.0680662066 
20 359.874917699 584.970255051 55.1548272498 
21 292.717403096 640.947959719 66.3346371855 
22 234.010392557 687.539197886 78.4504095574 
23 184.474699631 724.200772249 91.324528121 
24 143.874698212 751.346635096 104.778666692 
25 111.352514065 769.999356536 118.648129399 
26 85.7494865321 781.460678009 132.789835459 
27 65.8463352135 787.068623019 147.085041767 
28 50.5085758339 788.052867089 161.438557077 
29 38.7549262446 785.469039439 175.776034316 
30 29.7764516846 780.182900248 190.040648067 
31 22.9269381326 772.883362186 204.189699681 
32 17.7010603946 764.107329592 218.191610014 
33 13.7093687248 754.267223073 232.023408202 
34 10.654517223 743.676785444 245.668697333 
35 8.31075409847 732.573175488 259.116070414 
36 6.50726965717 721.134842141 272.357888202 
37 5.11499803948 709.495675565 285.389326396 
38 4.03642856812 697.755895407 298.207676025 
39 3.19790698141 685.990270708 310.811822311 
40 2.54362686132 674.254544011 323.201829127 
41 2.0312030721 662.590159235 335.378637693 
42 1.62839052801 651.027767075 347.343842397 
43 1.31049060567 639.589996547 359.099512848 
44 1.05869248672 628.293227913 370.6480796 
45 0.858519861564 617.149254216 381.992225923 
46 0.698797868185 606.16638685 393.134815281 
47 0.570874047701 595.35028953 404.078836423 
48 0.468055087198 584.704581091 414.827363822 
49 0.385126021318 574.231350954 425.383523025 
50 0.31801237971 563.93152112 435.750466501 
51 0.263464502396 553.805184238 445.93135126 
52 0.218996795652 543.85166829 455.929334915 
53 0.182649496551 534.069792407 465.747558097 
54 0.152847171555 524.45801857 475.389134258 
55 0.128314789144 515.014540941 484.857144269 
56 0.108062122335 505.737302178 494.154635699 
57 0.0912844596121 496.624098665 503.284616876 
58 0.0773230214804 487.672622813 512.250054166 
59 0.0656910826649 478.880435264 521.053873653 
60 0.0560029501462 470.245040088 529.698956962 
61 0.0478754559352 461.763989252 538.188135292 
62 0.0410571164373 453.434745128 546.524197756 
63 0.0353000385528 445.254813822 554.709886139 
64 0.0304330972247 437.221669796 562.747897107 
65 0.0263026569745 429.332815054 570.640882289 
66 0.0227647793372 421.585733202 578.391502018 
67 0.0198011659268 413.978038028 586.002160806 
68 0.0172496787404 406.507230123 593.475520198 
69 0.0150657517258 399.170929057 600.814005191 
70 0.0131945337105 391.966793279 608.020012187 
71 0.0115865857531 384.892460781 615.095952634 
72 0.010195751122 377.945585891 622.044218358 
73 0.00899728356558 371.123968662 628.867034054 
74 0.00795966163321 364.425363034 635.566677304 
75 0.00704918121551 357.847508259 642.14544256 
76 0.00625415625132 351.388298133 648.605447711 
77 0.00556258936729 345.045624269 654.948813142 
78 0.00496595090976 338.817491669 661.17754238 
79 0.00442597959102 332.701426469 667.294147552 
80 0.00395899335172 326.695833874 673.300207132 
81 0.00355005171946 320.798615634 679.197834314 
82 0.00318770400372 315.007756486 684.98905581 
83 0.002865417473 309.321377566 690.675757016 
84 0.00257775714545 303.737593548 696.259828695 
85 0.0023219097601 298.25456963 701.74310846 
86 0.00209770641482 292.870523637 707.127378657 
87 0.00189985414568 287.583654147 712.414445999 
88 0.00172220045943 282.392179947 717.606097853 
89 0.00156347070674 277.294393111 722.704043419 
90 0.0014236151992 272.288625205 727.70995118 
91 0.00130321440952 267.37324208 732.625454705 
92 0.00119704886811 262.546587554 737.452215397 
93 0.00110184848199 257.80705128 742.191846871 
94 0.0010157962945 253.153064406 746.845919798 
95 0.000937288580189 248.583088709 751.415974003 
96 0.000865081999223 244.095611797 755.903523121 
97 0.000798648487148 239.689135534 760.310065817 
98 0.00073749640876 235.362198183 764.63706432 
99 0.000681395866309 231.113367056 768.885951548 
100 0.000630405868151 226.941237627 773.058131967 
