Time S I R
0  997 3 0
1 995.727124991 3.98399044766 0.288884561539 
2 994.039724498 5.28785822545 0.672417276604 
3 991.805286642 7.01342288397 1.18129047404 
4 988.850854417 9.29324691704 1.85589866633 
5 984.952024706 12.2987351333 2.74924016083 
6 979.820151981 16.249332373 3.93051564621 
7 973.088099706 21.422357241 5.489543053 
8 964.295978463 28.1620532592 7.54196827815 
9 952.879574743 36.8853162197 10.2351090372 
10 938.16618613 48.0798133757 13.7540004944 
11 919.385266458 62.2879857156 18.3267478269 
12 895.703885 80.0684435825 24.2276714178 
13 866.298350414 101.925683371 31.7759662148 
14 830.470317475 128.202679774 41.3270027512 
15 787.805579206 158.941212521 53.253208273 
16 738.353625912 193.73362186 67.9127522284 
17 682.780973052 231.611998685 85.6070282628 
18 622.433060198 271.034377349 106.532562453 
19 559.249767464 310.012763135 130.737469401 
20 495.524350049 346.381018457 158.094631494 
21 433.562983862 378.136066769 188.300949368 
22 375.349231819 403.746402452 220.904365729 
23 322.312333348 422.335792808 255.351873845 
24 275.247734378 433.706160328 291.046105293 
25 234.372945733 438.229096871 327.397957396 
26 199.464822608 436.668253004 363.866924389 
27 170.01899751 429.995065 399.985937489 
28 145.390567887 419.237358622 435.372073491 
29 124.898269778 405.375155666 469.726574556 
30 107.89054693 389.281308457 502.828144613 
31 93.7805297698 371.696783166 534.522687064 
32 82.0601625325 353.227624173 564.712213294 
33 72.3009206955 334.355156004 593.3439233 
34 64.1475999426 315.451962915 620.400437143 
35 57.3090829346 296.799425577 645.891491488 
36 51.5484321928 278.604527669 669.847040139 
37 46.6735569079 261.014746354 692.311696738 
38 42.5289055772 244.130759795 713.340334627 
39 38.9885332883 228.016837414 732.994629297 
40 35.9503125739 212.709293836 751.34039359 
41 33.3312100231 198.22325156 768.445538417 
42 31.0635211634 184.557940906 784.378537931 
43 29.0918324477 171.700876478 799.207291074 
44 27.3706151544 159.631102627 812.998282219 
45 25.8623088061 148.321703044 825.81598815 
46 24.5357950953 137.741738151 837.722466753 
47 23.3651741437 127.857743927 848.777081929 
48 22.3288032346 118.634848128 859.036348637 
49 21.4085121587 110.03763951 868.553848332 
50 20.5889829366 102.030803103 877.380213961 
51 19.8572467805 94.5795945309 885.563158689 
52 19.2022781218 87.6501835905 893.147538288 
53 18.6146653492 81.2098967933 900.175437858 
54 18.0863378918 75.2273885638 906.686273544 
55 17.6103628252 69.6727222495 912.716914925 
56 17.1807474572 64.5174555212 918.301797022 
57 16.792303588 59.7346464488 923.473049963 
58 16.4405121776 55.2988680178 928.260619805 
59 16.1214389229 51.1861609779 932.692400099 
60 15.8316320914 47.3740207279 936.794347181 
61 15.5680679386 43.8413273789 940.590604682 
62 15.3280791682 40.5683099272 944.103610905 
63 15.109313405 37.5364740272 947.354212568 
64 14.9096866607 34.7285459468 950.361767392 
65 14.7273490157 32.1284078547 953.14424313 
66 14.5606547192 29.7210341341 955.718311147 
67 14.4081332817 27.4924319265 958.099434792 
68 14.2684760594 25.4295708028 960.301953138 
69 14.1405068991 23.5203345607 962.33915854 
70 14.023169777 21.7534607323 964.223369491 
71 13.9155169887 20.1184828504 965.966000161 
72 13.8166921442 18.6056826177 967.577625238 
73 13.7259256684 17.2060359831 969.068038348 
74 13.6425188603 15.9111705786 970.446310561 
75 13.5658416131 14.713318504 971.720839883 
76 13.4953212676 13.6052764197 972.899402313 
77 13.4304388622 12.5803662184 973.989194919 
78 13.3707225722 11.6323977015 974.996879726 
79 13.3157428175 10.7556344098 975.928622773 
80 13.2651089147 9.94476174888 976.790129336 
81 13.2184638996 9.19485638071 977.58667972 
82 13.1754826529 8.50135904311 978.323158304 
83 13.1358673937 7.86004680895 979.004085797 
84 13.0993467717 7.26701102757 979.633642201 
85 13.065672564 6.71863320644 980.21569423 
86 13.0346164511 6.21156223408 980.753821315 
87 13.0059701709 5.74269831526 981.251331514 
88 12.9795423332 5.3091715393 981.711286127 
89 12.9551573428 4.90832619658 982.136516461 
90 12.9326544581 4.5377062288 982.529639313 
91 12.9118855206 4.19503746495 982.893077014 
92 12.8927146839 3.87821701583 983.2290683 
93 12.8750171621 3.58529979033 983.539683048 
94 12.8586779006 3.31448514219 983.826836957 
95 12.8435913459 3.06410885085 984.092299803 
96 12.8296602296 2.83263089726 984.337708873 
97 12.8167949678 2.61862674048 984.564578292 
98 12.8049132267 2.42077980715 984.774306966 
99 12.7939389971 2.23787137986 984.968189623 
100 12.7838023269 2.06877494648 985.147422727 
