Time S I R
0  997 3 0
1 996.592399853 3.26745753658 0.140142610903 
2 996.148659899 3.55856395161 0.292776149534 
3 995.665625862 3.87537113236 0.459003005901 
4 995.13987452 4.22010361692 0.640021863235 
5 994.567691352 4.59517250192 0.837136145942 
6 993.945051597 5.00318702693 1.05176137577 
7 993.267598441 5.44696787995 1.28543367881 
8 992.530613986 5.92956494514 1.53982106922 
9 991.728993698 6.45427261784 1.81673368457 
10 990.857225825 7.02464204162 2.11813213374 
11 989.909346282 7.64450779359 2.44614592448 
12 988.878919198 8.31799888609 2.80308191602 
13 987.759006914 9.04955585774 3.19143722814 
14 986.542132838 9.84395134574 3.61391581609 
15 985.220250272 10.7063072489 4.07344247859 
16 983.784707097 11.6421129739 4.57317992958 
17 982.226213532 12.6572416007 5.11654486685 
18 980.534808339 13.7579660342 5.70722562699 
19 978.699827139 14.950971602 6.34920125926 
20 976.709868722 16.2433738973 7.04675738046 
21 974.55277221 17.6427183029 7.80450948708 
22 972.21558381 19.1569960053 8.62742018501 
23 969.684543363 20.7946375535 9.52081908324 
24 966.945067451 22.5645088825 10.4904236669 
25 963.981731167 24.4759117817 11.5423570508 
26 960.778294854 26.5385374987 12.683167647 
27 957.317670356 28.7624818506 13.9198477933 
28 953.582005515 31.1581485835 15.2598459018 
29 949.552649742 33.7362627328 16.711087525 
30 945.210282614 36.5077397278 18.2819776586 
31 940.534925537 39.4836562342 19.9814182291 
32 935.506071933 42.6751223651 21.8188057021 
33 930.102818133 46.0931519558 23.8040299116 
34 924.303939978 49.7485812609 25.9474787606 
35 918.088203081 53.6517972387 28.2599996803 
36 911.434382512 57.8127004299 30.7529170579 
37 904.321717142 62.2403295545 33.4379533037 
38 896.729965574 66.9427916071 36.3272428185 
39 888.639893898 71.9268759666 39.4332301354 
40 880.033488122 77.1978649107 42.7686469669 
41 870.894357267 82.7592236547 46.3464190788 
42 861.208174569 88.612259138 50.1795662931 
43 850.962952662 94.755900433 54.2811469045 
44 840.14963991 101.186296666 58.6640634242 
45 828.762368873 107.896597299 63.3410338284 
46 816.798982119 114.876672944 68.3243449372 
47 804.261392976 122.11281303 73.6257939944 
48 791.155879981 129.587663653 79.2564563661 
49 777.493502021 137.279945124 85.2265528553 
50 763.290235271 145.164491635 91.5452730939 
51 748.567132416 153.212292257 98.2205753273 
52 733.350608504 161.390341336 105.25905016 
53 717.671962883 169.662314459 112.665722658 
54 701.567569993 177.98851618 120.443913826 
55 685.078530659 186.32635871 128.595110631 
56 668.250279426 194.630881775 137.118838799 
57 651.132080296 202.855359623 146.012560081 
58 633.776400633 210.951965447 155.27163392 
59 616.238328491 218.87242514 164.889246369 
60 598.574684373 226.568858607 174.85645702 
61 580.843379994 233.994451162 185.162168844 
62 563.102460266 241.104272425 195.793267309 
63 545.40940553 247.855938499 206.734655971 
64 527.820278553 254.210280659 217.969440788 
65 510.389016662 260.132000799 229.478982539 
66 493.166814052 265.589929433 241.243256516 
67 476.201358386 270.557777018 253.240864597 
68 459.536709203 275.013887552 265.449403245 
69 443.212459758 278.94197227 277.845567972 
70 427.263996906 282.330537521 290.405465572 
71 411.721831522 285.173373681 303.104794798 
72 396.612002629 287.468918616 315.919078756 
73 381.955767353 289.220342712 328.823889935 
74 367.769945756 290.435031568 341.795022676 
75 354.067030413 291.124265887 354.8087037 
76 340.855395391 291.302864127 367.841740482 
77 328.139732624 290.988603817 380.871663559 
78 315.92116882 290.2019473 393.876883879 
79 304.197842016 288.965420425 406.836737559 
80 292.965035953 287.303304375 419.731659672 
81 282.215699412 285.241156638 432.543143949 
82 271.94068311 282.805416207 445.253900684 
83 262.129095401 280.023143994 457.847760605 
84 252.768657217 276.92146261 470.309880173 
85 243.845921709 273.527472462 482.626605829 
86 235.346516346 269.868092277 494.785391377 
87 227.255569428 265.969425163 506.775005409 
88 219.557612848 261.857096728 518.585290424 
89 212.236973458 257.555799974 530.207226567 
90 205.278008995 253.089061612 541.632929392 
91 198.664896923 248.479631004 552.855472073 
92 192.382143223 243.748895657 563.868961121 
93 186.414501765 238.917060222 574.668438013 
94 180.746923264 234.003284267 585.249792469 
95 175.364932072 229.025298463 595.609769465 
96 170.254378914 223.999749282 605.745871804 
97 165.401605316 218.942078141 615.656316544 
98 160.793548622 213.866461786 625.339989592 
99 156.417548849 208.786062597 634.796388554 
100 152.261553988 203.712877445 644.025568566 
