Time S I R
0  997 3 0
1 993.092545032 6.65164303539 0.25581193271 
2 984.505251988 14.6731911632 0.821556848424 
3 965.92647164 32.0108929887 2.06263537137 
4 927.057492859 68.2042977049 4.73820943561 
5 851.151938685 138.544994372 10.3030669437 
6 720.994686461 257.891156953 21.1141565865 
7 540.532369808 419.587155868 39.8804743241 
8 351.577265601 580.522488808 67.9002455905 
9 202.917863007 693.377430223 103.70470677 
10 109.131751325 746.758660466 144.109588208 
11 57.2096729642 756.60897638 186.181350656 
12 30.0881681148 741.870079961 228.041751924 
13 16.1180265708 715.178353322 268.703620107 
14 8.85605811559 683.43021131 307.713730574 
15 5.00425796124 650.097484892 344.898257147 
16 2.90968352408 616.868697167 380.221619309 
17 1.74007336954 584.545153868 413.714772762 
18 1.06923179383 553.491037213 445.439730993 
19 0.674357542225 523.853554956 475.472087502 
20 0.43593477698 495.671799103 503.89226612 
21 0.288512239739 468.930289535 530.781198225 
22 0.195248199296 443.58665143 556.21810037 
23 0.134964043138 419.585611606 580.279424351 
24 0.0951334804206 396.866509433 603.038357087 
25 0.0683561712553 375.366986113 624.564657715 
26 0.0500043947682 355.025390057 644.924605548 
27 0.0371862997249 335.781720324 664.181093376 
28 0.0281135060939 317.578162443 682.393724051 
29 0.0215863137998 300.35946886 699.618944826 
30 0.0168107437878 284.072995104 715.910194152 
31 0.0132600448303 268.668549012 731.318190944 
32 0.0106077723449 254.099021403 745.890370825 
33 0.00858667525813 240.319028324 759.672385001 
34 0.00703060542514 227.286014441 772.706954953 
35 0.00581934422712 214.959574082 785.034606574 
36 0.00486579616972 203.301409033 796.693725171 
37 0.00410592012361 192.275304673 807.720589406 
38 0.0034970136885 181.847075275 818.149427712 
39 0.00300370317495 171.984293093 828.012703204 
40 0.00260343269031 162.656468162 837.340928405 
41 0.00227393874525 153.83450276 846.163223301 
42 0.00200039336676 145.490965924 854.507033683 
43 0.00177209547542 137.599939054 862.398288851 
44 0.00158006388529 130.136863624 869.861556312 
45 0.00141784830862 123.078550867 876.920031285 
46 0.0012800039093 116.403027249 883.595692747 
47 0.00116208789893 110.089584606 889.909253306 
48 0.00106129207484 104.118625651 895.880313056 
49 0.000974772718109 98.4715495011 901.527475726 
50 0.000898133832152 93.1306713742 906.868430492 
51 0.000830302832128 88.0794174376 911.91975226 
52 0.000771272368183 83.3021494223 916.697079305 
53 0.000719843706747 78.7840128154 921.215267341 
54 0.000674326951867 74.5109247321 925.488400941 
55 0.000633763446672 70.4695915198 929.529774717 
56 0.000597623409817 66.6474495658 933.351952811 
57 0.000565337632565 63.0326109785 936.966823684 
58 0.000536414891599 59.6138339931 940.385629592 
59 0.000510453832248 56.3804845935 943.619004953 
60 0.000487066674168 53.3225065428 946.67700639 
61 0.000465914625693 50.4303850208 949.569149065 
62 0.000446753226242 47.6951274704 952.304425776 
63 0.000429359521377 45.1082248592 954.891345781 
64 0.00041353514348 42.6616356774 957.337950787 
65 0.000399106383384 40.3477437913 959.651857102 
66 0.000385923578847 38.1593495788 961.840264498 
67 0.000373859717229 36.0896531783 963.909972962 
68 0.000362795133924 34.1322106286 965.867426576 
69 0.000352630948555 32.2809362548 967.718711114 
70 0.000343281092 30.5300741132 969.469582606 
71 0.000334665474838 28.8741723675 971.125492967 
72 0.000326716701807 27.3080855576 972.691587726 
73 0.00031937318704 25.8269415873 974.17273904 
74 0.000312579017304 24.4261293336 975.573558087 
75 0.000306286835098 23.1012969917 976.898396721 
76 0.00030045253709 21.8483213607 978.151378187 
77 0.00029503647886 20.6633026986 979.336402265 
78 0.000290004401563 19.5425598545 980.457150141 
79 0.00028532405338 18.4826027595 981.517111916 
80 0.000280966920286 17.480135197 982.519583836 
81 0.000276907333728 16.5320402561 983.467682837 
82 0.000273121875011 15.6353677394 984.364359139 
83 0.000269589037657 14.7873271437 985.212403267 
84 0.000266289391448 13.9852806605 986.01445305 
85 0.000263206114028 13.2267376069 986.772999187 
86 0.000260323297539 12.5093392093 987.490400467 
87 0.000257625703398 11.8308507485 988.168891626 
88 0.000255100204754 11.1891628958 988.810582004 
89 0.000252734666674 10.5822801294 989.417467136 
90 0.000250517570748 10.0083133235 989.991436159 
91 0.000248438626613 9.46547745372 990.534274108 
92 0.000246488364269 8.95208430955 991.047669202 
93 0.000244657947519 8.46653642617 991.533218916 
94 0.000242939315399 8.00732389126 991.992433169 
95 0.000241325033699 7.57301877942 992.426739896 
96 0.000239808167066 7.16226965441 992.837490537 
97 0.0002383823429 6.77379889862 993.225962719 
98 0.000237041669038 6.40639826043 993.593364698 
99 0.000235780641788 6.05892468444 993.940839535 
100 0.000234594179915 5.73029746241 994.269467943 
