Time S I R
0  997 3 0
1 994.370786412 5.27065033142 0.358563256997 
2 989.773649724 9.23856086543 0.987789410874 
3 981.782913544 16.1285896291 2.08849682711 
4 968.034769515 27.9618200465 4.00341043897 
5 944.79164927 47.9048013451 7.30354938505 
6 906.634050297 80.4644624637 12.9014872397 
7 846.9080063 130.936984136 22.1550095642 
8 760.029803097 203.118249675 36.8519472282 
9 646.149691608 294.956353585 58.893954807 
10 515.409378377 394.999032311 89.5915893116 
11 385.885771288 485.222828723 128.891399989 
12 274.406849936 550.407665564 175.1854845 
13 188.842894066 585.228111233 225.928994701 
14 128.191705499 593.276397422 278.531897079 
15 87.1512825171 581.918628077 330.930089406 
16 59.9532708784 558.321027236 381.725701885 
17 41.9895367097 527.92454421 430.085919081 
18 30.0354909618 494.384220614 475.580288425 
19 21.9703282799 459.990331189 518.039340531 
20 16.4352911288 426.111280025 557.453428846 
21 12.5657567418 393.52775407 593.906489188 
22 9.8092468953 362.656340646 627.534412459 
23 7.80907112164 333.691478014 658.499450865 
24 6.33178565788 306.693527256 686.974687086 
25 5.22225237595 281.64303509 713.134712534 
26 4.3757033707 258.474166776 737.150129854 
27 3.72028680718 237.095286553 759.184426639 
28 3.20588115876 217.401843599 779.392275242 
29 2.79701835407 199.284202738 797.918778907 
30 2.46823928002 182.632510289 814.899250431 
31 2.20103660994 167.339626194 830.459337196 
32 1.98168785774 153.302982527 844.715329615 
33 1.79998811668 140.425369719 857.774642165 
34 1.64821620368 128.615485374 869.736298423 
35 1.52046823471 117.788069215 880.691462551 
36 1.4121835267 107.86383545 890.723981023 
37 1.31980592094 98.7692897096 899.910904369 
38 1.24054526665 90.4364665048 908.322988229 
39 1.17214341392 82.8026704506 916.025186136 
40 1.11283059296 75.8100829805 923.077086427 
41 1.0611638608 69.4054941706 929.533341969 
42 1.01596573251 63.5399647638 935.444069504 
43 0.976279067354 58.1685228768 940.855198056 
44 0.94130773336 53.2498645392 945.808827727 
45 0.910392266626 48.7460676751 950.343540058 
46 0.882983912755 44.6223501561 954.494665931 
47 0.858616735615 40.8467830073 958.294600257 
48 0.836901180483 37.3901040114 961.772994808 
49 0.817505192967 34.2254873071 964.9570075 
50 0.800145284811 31.3283401313 967.871514584 
51 0.784578328932 28.6761240635 970.539297608 
52 0.770594968546 26.2481869766 972.981218055 
53 0.758014213335 24.0256070932 975.216378693 
54 0.746679621882 21.9910730667 977.262247311 
55 0.736453488529 20.1286830517 979.13486346 
56 0.727215955186 18.4238904118 980.848893633 
57 0.718862308551 16.8633857417 982.41775195 
58 0.711300400794 15.4349767075 983.853722892 
59 0.704448785101 14.1274950787 985.168056136 
60 0.698235411612 12.9307125639 986.371052024 
61 0.692596466586 11.8352675239 987.47213601 
62 0.687475305393 10.8325914283 988.479933266 
63 0.682821465376 9.91483854286 989.402339992 
64 0.678589330486 9.07480513881 990.246605531 
65 0.674738216538 8.30590267436 991.019359109 
66 0.671232433393 7.60212662027 991.726640946 
67 0.668040351077 6.95799052062 992.373969128 
68 0.665132036325 6.36842026838 992.966447695 
69 0.66248097758 5.82878574771 993.508733275 
70 0.660063941479 5.33487240833 994.00506365 
71 0.657859440202 4.88280449595 994.459336064 
72 0.655848177905 4.46903742093 994.875114401 
73 0.654012741276 4.09032731069 995.255659948 
74 0.652337344708 3.74370526165 995.603957394 
75 0.65080768789 3.42645311994 995.922739192 
76 0.649410803219 3.13608279599 996.214506401 
77 0.64813492637 2.87031724239 996.481547831 
78 0.646969373186 2.62707200712 996.72595862 
79 0.645904430395 2.40443865283 996.949656917 
80 0.644931273522 2.20067102422 997.154397702 
81 0.644041874607 2.01417088646 997.341787239 
82 0.64322892325 1.84347484949 997.513296227 
83 0.642485768878 1.68724427274 997.670269958 
84 0.641806346038 1.54425292693 997.813940727 
85 0.641185134595 1.41337948875 997.945435377 
86 0.640617095885 1.29359673171 998.065786172 
87 0.640097639821 1.18396514293 998.175937217 
88 0.639622575841 1.08362430918 998.276753115 
89 0.639188082496 0.99178704319 998.369024874 
90 0.638790668235 0.907732287452 998.453477044 
91 0.638427150183 0.830800814233 998.530772036 
92 0.638094625129 0.760389670812 998.601515704 
93 0.63779043317 0.69594573881 998.666263828 
94 0.637512150182 0.63696355367 998.725524296 
95 0.637257558046 0.582980009185 998.779762433 
96 0.637024632166 0.533571557381 998.82940381 
97 0.636811521374 0.488350408951 998.87483807 
98 0.63661653498 0.446961842105 998.916421623 
99 0.636438126341 0.40908098153 998.954480892 
100 0.636274882031 0.37441055245 998.989314566 
