Time S I R
0  997 3 0
1 995.916618743 4.01675530162 0.0666259552696 
2 994.468192011 5.3759931434 0.155814845615 
3 992.53342456 7.19142169527 0.275153744368 
4 989.952101983 9.61316233963 0.434735677314 
5 986.513584978 12.8384565323 0.647958490096 
6 981.942871457 17.1245860643 0.932542478546 
7 975.884150279 22.8040269737 1.31182274771 
8 967.882739957 30.3009189762 1.81634106672 
9 957.367327849 40.1469149698 2.48575718075 
10 943.636520622 52.9924574272 3.37102195038 
11 925.856726936 69.6065992032 4.53667386101 
12 903.081812382 90.8552418289 6.06294578918 
13 874.309472877 117.643397915 8.04712920842 
14 838.588542499 150.80806508 10.6033924211 
15 795.187202242 190.952810321 13.8599874366 
16 743.812493076 238.234699641 17.9528072835 
17 684.841124013 292.144191164 23.0146848235 
18 619.48460438 351.354357611 29.1610380089 
19 549.798649497 413.727372631 36.4739778724 
20 478.476941371 476.534493824 44.9885648053 
21 408.452609135 536.862251456 54.685139409 
22 342.424907364 592.084729096 65.4903635399 
23 282.465317874 640.248046829 77.2866352964 
24 229.8168358 680.256082628 89.9270815727 
25 184.904527437 711.843485838 103.251986725 
26 147.497080051 735.399747716 117.103172232 
27 116.930257262 751.735434335 131.334308402 
28 92.31858908 761.864588477 145.816822444 
29 72.717621424 766.840255524 160.442123052 
30 57.2281332999 767.650599157 175.121267543 
31 45.0507752714 765.166107467 189.783117262 
32 35.5068609012 760.121239518 204.371899581 
33 28.0378518854 753.117537855 218.844610259 
34 22.1937583184 744.637663446 233.168578236 
35 17.6174920877 735.063138753 247.319369159 
36 14.0285209653 724.692457399 261.279021635 
37 11.2079934294 713.757388535 275.034618036 
38 8.98576539422 702.437081168 288.577153437 
39 7.22998625477 690.869370974 301.900642771 
40 5.83845205588 679.160142339 315.001405605 
41 4.73200913354 667.390453069 327.877537797 
42 3.84937276618 655.622119868 340.528507366 
43 3.14288755858 643.902299818 352.954812623 
44 2.57542734363 632.266835017 365.157737639 
45 2.11806792688 620.742764415 377.139167658 
46 1.74818605148 609.350376547 388.901437402 
47 1.44799171924 598.104793832 400.447214449 
48 1.20351787457 587.017064118 411.779418007 
49 1.00377089378 576.095079841 422.901149266 
50 0.840020806377 565.344345319 433.815633875 
51 0.705316127745 554.768501723 444.526182149 
52 0.594155115436 544.369682226 455.036162659 
53 0.50213125436 534.148896248 465.348972498 
54 0.425714855471 524.106265853 475.468019292 
55 0.362051300161 514.241244059 485.39670464 
56 0.308838626145 504.552746834 495.13841454 
57 0.26423276425 495.039255337 504.696511899 
58 0.226740491016 485.698931875 514.074327634 
59 0.195128821947 476.529717645 523.275153534 
60 0.168406136736 467.529352665 532.302241199 
61 0.145742815528 458.695461181 541.158796004 
62 0.126471697555 450.02554982 549.847978483 
63 0.110050340759 441.517048717 558.372900942 
64 0.0960114090906 433.167363715 566.736624876 
65 0.0839865881385 424.973850122 574.94216329 
66 0.0736566119131 416.93386629 582.992477098 
67 0.0647454008368 409.044779409 590.89047519 
68 0.0570381804175 401.303942241 598.639019579 
69 0.0503682226945 393.708711157 606.240920621 
70 0.0445925435398 386.256469145 613.698938312 
71 0.0395664014352 378.944650444 621.015783154 
72 0.0351927667907 371.770692036 628.194115198 
73 0.0313752659089 364.732077457 635.236547277 
74 0.0280302822628 357.826325892 642.145643826 
75 0.0250858675024 351.050951783 648.92396235 
76 0.0225140266011 344.403632722 655.573853252 
77 0.0202391596455 337.881904351 662.09785649 
78 0.0182332012367 331.483460399 668.498306399 
79 0.016460130651 325.206022422 674.777517448 
80 0.0148891311435 319.04729377 680.937817098 
81 0.0134935249694 313.005035067 686.981471408 
82 0.012254698048 307.0771229 692.910622402 
83 0.0111491756373 301.261363954 698.727486871 
84 0.0101577746677 295.55561962 704.434222605 
85 0.00927244105287 289.957893983 710.032833576 
86 0.00847893172818 284.466111773 715.525409295 
87 0.00776680055401 279.078288259 720.913944941 
88 0.00712399431222 273.792402109 726.200473896 
89 0.00654668840514 268.606619381 731.38683393 
90 0.00602445119853 263.518969321 736.475006228 
91 0.00555094006666 258.527626748 741.466822312 
92 0.00512066776878 253.630769488 746.364109844 
93 0.00473000465809 248.826622563 751.168647432 
94 0.0043773075497 244.113464563 755.882158129 
95 0.00405770587713 239.489560494 760.5063818 
96 0.003765639172 234.95319446 765.043039901 
97 0.00349902944527 230.502723402 769.493777568 
98 0.00325675305817 226.136544542 773.860198705 
99 0.00303797387005 221.853086062 778.143875964 
100 0.00283827333726 217.650753087 782.34640864 
