Time S I R
0  997 3 0
1 995.861595731 3.87106553991 0.267338729514 
2 994.394892413 4.99288271943 0.612224867415 
3 992.506856576 6.43620899138 1.05693443307 
4 990.07919709 8.29081070087 1.62999220893 
5 986.962187247 10.6699752301 2.36783752318 
6 982.967505673 13.7156384809 3.31685584662 
7 977.860175098 17.6039836381 4.5358412637 
8 971.350084896 22.551023373 6.0988917311 
9 963.083972543 28.8173042294 8.0987232275 
10 952.639467398 36.7102674425 10.6502651596 
11 939.523780245 46.5819401202 13.8942796346 
12 923.180736168 58.8187500519 18.0005137804 
13 903.010951682 73.8194241933 23.1696241242 
14 878.410774684 91.9564836486 29.6327416671 
15 848.834145592 113.518553337 37.6473010711 
16 813.878256541 138.634127134 47.4876163251 
17 773.386483833 167.184574905 59.4289412615 
18 727.551041466 198.724046217 73.724912317 
19 676.98822288 232.431999879 90.5797772409 
20 622.754050725 267.126841334 110.119107941 
21 566.277586448 301.357758752 132.3646548 
22 509.213491901 333.567254718 157.219253381 
23 453.242252581 362.291504173 184.466243245 
24 399.868522096 386.347160304 213.784317599 
25 350.267503316 404.957574754 244.77492193 
26 305.209583997 417.794091689 276.996324315 
27 265.062817315 424.939549734 309.997632951 
28 229.853936705 426.798358496 343.347704799 
29 199.357429149 423.986554138 376.656016713 
30 173.187442337 417.227523336 409.585034327 
31 150.876969438 407.267740268 441.855290294 
32 131.936400645 394.819024025 473.24457533 
33 115.892482763 380.523709513 503.583807724 
34 102.310812197 364.938319629 532.750868174 
35 90.8062585313 348.530067133 560.663674336 
36 81.0454728807 331.681197263 587.273329856 
37 72.7447014131 314.69750864 612.557789947 
38 65.6651454501 297.818559691 636.516294859 
39 59.6074132938 281.228032919 659.164553787 
40 54.4058259966 265.063408904 680.5307651 
41 49.9229984955 249.424631671 700.652369834 
42 46.0451709077 234.381431972 719.573397121 
43 42.6781577983 219.979462102 737.3423801 
44 39.743873247 206.24548156 754.010645193 
45 37.1774525533 193.191540259 769.631007188 
46 34.9248849241 180.81835706 784.256758015 
47 32.9410796887 169.118026711 797.940893601 
48 31.1882880141 158.076179803 810.735532183 
49 29.6347899146 147.673739629 822.691470457 
50 28.2538427059 137.888284675 833.857872619 
51 27.0228207966 128.695126732 844.282052471 
52 25.9225196417 120.068147098 854.00933326 
53 24.9365824479 111.980454598 863.082962954 
54 24.0510290362 104.404897259 871.544073705 
55 23.2538389315 97.314495839 879.43166523 
56 22.5346873766 90.6826589259 886.782653697 
57 21.8846539576 84.4834487916 893.631897251 
58 21.2959991172 78.6917487478 900.012252135 
59 20.761998817 73.2833547442 905.954646439 
60 20.276790208 68.2350558715 911.488153921 
61 19.8352395281 63.5246883578 916.640072114 
62 19.4328454615 59.1311480583 921.43600648 
63 19.0656524524 55.0343942613 925.899953286 
64 18.7301490367 51.2154700376 930.054380926 
65 18.4232520196 47.6564307513 933.920317229 
66 18.1422107859 44.3403622427 937.517426971 
67 17.8845897856 41.2513217186 940.864088496 
68 17.6482106913 38.3743182122 943.977471097 
69 17.4311316114 35.6952622678 946.873606121 
70 17.2316122603 33.200931132 949.567456608 
71 17.0480907677 30.8789241924 952.07298504 
72 16.8791645841 28.7176229984 954.403212418 
73 16.7235693673 26.7061495028 956.57028113 
74 16.5801730422 24.8343270478 958.58549991 
75 16.4479390248 23.0926375583 960.459423417 
76 16.3259171915 21.4721833879 962.201899421 
77 16.2132770115 19.9646610878 963.822061901 
78 16.1092474127 18.5623094065 965.328443181 
79 16.0131180319 17.2578788957 966.729003072 
80 15.9242632356 16.0446234036 968.031113361 
81 15.8421002846 14.9162375458 969.24166217 
82 15.766091097 13.8668342864 970.367074617 
83 15.6957560432 12.8909436764 971.41330028 
84 15.630653725 11.9834619556 972.385884319 
85 15.5703787822 11.1396338506 973.289987367 
86 15.5145575559 10.3550250778 974.130417366 
87 15.4628468059 9.62550391156 974.911649283 
88 15.4149344907 8.94723070646 975.637834803 
89 15.3705314903 8.31662297697 976.312845533 
90 15.3293733158 7.73035157833 976.940275106 
91 15.2912155425 7.18531322988 977.523471228 
92 15.255833463 6.6786214602 978.065545077 
93 15.2230202242 6.2075906311 978.569389145 
94 15.1925844282 5.76971835342 979.037697218 
95 15.1643504156 5.36268136233 979.472968222 
96 15.1381552544 4.98431348066 979.877531265 
97 15.1138490782 4.63260325241 980.253547669 
98 15.0912931917 4.30567783726 980.603028971 
99 15.0703590804 4.00179269804 980.927848222 
100 15.0509280148 3.71932688843 981.229745097 
