Time S I R
0  997 3 0
1 994.296722153 5.60069523349 0.102582613346 
2 989.275701963 10.4304380184 0.29386001893 
3 980.013171234 19.337548092 0.649280674472 
4 963.139279885 35.5552348855 1.30548522959 
5 933.090794537 64.406184844 2.50302061891 
6 881.685853231 113.670122072 4.64402469742 
7 799.496183277 192.162637316 8.34117940721 
8 681.284586958 304.32900962 14.3864034217 
9 534.720388242 441.740960917 23.5386508407 
10 382.934260096 580.912223505 36.153516399 
11 252.147633676 695.911525932 51.9408403917 
12 155.870065266 774.016205746 70.1137289883 
13 92.6468207616 817.584068843 89.7691103952 
14 53.9992977243 835.835724363 110.164977913 
15 31.2793874788 837.925817773 130.794794748 
16 18.1554609673 830.496537322 151.348001711 
17 10.6092914533 817.744501661 171.646206885 
18 6.25793819911 802.150394043 191.591667758 
19 3.73088147198 785.135565351 211.133553177 
20 2.24958924268 767.50270996 230.247700797 
21 1.37216622434 749.702854323 248.924979453 
22 0.846739746138 731.988569638 267.164690616 
23 0.528530017278 714.500628662 284.970841321 
24 0.333650667982 697.316297179 302.350052153 
25 0.212995345853 680.476644383 319.310360271 
26 0.137407050979 664.002062912 335.860530037 
27 0.0895801280301 647.900746672 352.0096732 
28 0.0589848093354 632.174005247 367.767009944 
29 0.0393105644912 616.818964368 383.141725067 
30 0.0264672375865 601.830621906 398.142910857 
31 0.0180184591673 587.202462755 412.779518786 
32 0.0123342531407 572.927334933 427.060330814 
33 0.00851009640724 558.997541644 440.99394826 
34 0.00592951440535 545.405287719 454.588782766 
35 0.00417498486058 532.142778314 467.853046701 
36 0.00296485526701 519.202275032 480.794760113 
37 0.00212294283551 506.57612195 493.421755107 
38 0.00153664429331 494.256810279 505.741653077 
39 0.00111666749785 482.236927837 517.761955495 
40 0.000816424798813 470.509253867 529.489929708 
41 0.000601217428311 459.066719488 540.932679295 
42 0.00044651589667 447.90239833 552.097155154 
43 0.00033421397643 437.00954956 562.990116226 
44 0.00024867505158 426.381594793 573.618156532 
45 0.00017930261879 416.012080261 583.987740436 
46 0.000122982775792 405.894710261 594.105166757 
47 8.36556025661e-05 396.023380964 603.97653538 
48 5.17406581366e-05 386.392066035 613.607882224 
49 2.33902328546e-05 376.994923668 623.005052942 
50 3.22361302096e-06 367.826311792 632.173684984 
51 0 358.880751374 641.119248626 
52 1.1664228623e-06 350.152762535 649.847236299 
53 5.11432631356e-06 341.637022258 658.362972627 
54 8.34484376355e-06 333.3283838 666.671607855 
55 9.01503563e-06 325.221834673 674.778156312 
56 7.81452968113e-06 317.312434118 682.687558067 
57 5.60285911888e-06 309.595377411 690.404616986 
58 3.3155138226e-06 302.065998421 697.933998264 
59 2.85159649138e-06 294.719767229 705.28022992 
60 1.63507763773e-06 287.552165662 712.447832703 
61 8.78784476299e-07 280.558876413 719.441122708 
62 4.35977199231e-07 273.735665219 726.264334345 
63 3.80861706617e-07 267.078412761 732.921586858 
64 7.60695229474e-07 260.583064016 739.416935223 
65 1.60448439601e-06 254.24567732 745.754321075 
66 2.78467643966e-06 248.062416309 751.937580906 
67 3.86679153053e-06 242.029537166 757.970458967 
68 4.04012007493e-06 236.143384556 763.856611404 
69 4.05430489536e-06 230.400398146 769.5995978 
70 4.53521852251e-06 224.797100011 775.202895453 
71 5.29765964075e-06 219.330087303 780.669907399 
72 5.90400804867e-06 213.996031492 786.003962604 
73 5.60663670512e-06 208.791674402 791.208319992 
74 4.59248258267e-06 203.71386624 796.286129168 
75 3.63176150131e-06 198.759552157 801.240444211 
76 2.78862705727e-06 193.925728531 806.07426868 
77 2.12479608308e-06 189.209463552 810.790534323 
78 1.69619329426e-06 184.607895004 815.3921033 
79 1.51713913965e-06 180.118232889 819.881765594 
80 1.53056521413e-06 175.737761167 824.262237303 
81 1.67843040799e-06 171.463824489 828.536173833 
82 1.86405122804e-06 167.293831114 832.706167022 
83 1.94593098968e-06 163.225251105 836.774746949 
84 1.81755467565e-06 159.25561654 840.744381642 
85 1.62479227583e-06 155.38252516 844.617473215 
86 1.39085659612e-06 151.603629246 848.396369363 
87 1.14352417313e-06 147.916637017 852.083361839 
88 9.34194417823e-07 144.31931133 855.680687736 
89 8.08658796814e-07 140.809469727 859.190529464 
90 7.38350195206e-07 137.384986555 862.615012707 
91 6.80864104652e-07 134.043788303 865.956211017 
92 6.42158283881e-07 130.783848851 869.216150507 
93 6.23033542979e-07 127.603190795 872.396808582 
94 6.21829371994e-07 124.499884456 875.500114923 
95 6.56664724374e-07 121.472054697 878.527944646 
96 7.37286541153e-07 118.517868909 881.482130354 
97 8.6544628175e-07 115.635536212 884.364462922 
98 1.03901118109e-06 112.823308455 887.176690506 
99 1.24939879242e-06 110.079479018 889.920519732 
100 1.47819616814e-06 107.402381678 892.597616844 
