Time S I R
0.0  10000 1 0
1 9998.21757289 2.47680411219 0.305622999564 
2 9993.80493477 6.13259690181 1.06246833073 
3 9982.89185774 15.1724523483 2.93568991412 
4 9955.96948409 37.4648486039 7.56566730212 
5 9889.95893186 92.0700341254 18.9710340186 
6 9730.51457152 223.648372887 46.8370555905 
7 9358.9106717 528.493555615 113.595772684 
8 8560.34668915 1174.14507494 266.508235912 
9 7106.26371837 2309.0512703 585.68501133 
10 5103.44753777 3744.2663343 1153.28612793 
11 3168.00252982 4862.2164261 1970.78104408 
12 1808.29278909 5260.57957404 2932.12763686 
13 1023.23505159 5069.37986376 3908.38508464 
14 602.372434272 4581.82154708 4816.80601865 
15 376.451016373 4001.78071178 5622.76827184 
16 250.710665054 3430.59970736 6319.68962759 
17 177.290570852 2909.9281989 6913.78123025 
18 132.270808326 2452.70109576 7416.02809591 
19 103.3846435 2059.13316098 7838.48219552 
20 84.088903378 1724.2402214 8192.67087522 
21 70.7427834395 1441.27155462 8488.98566194 
22 61.2326386219 1203.25294397 8736.51441741 
23 54.2827274241 1003.64637791 8943.07089467 
24 49.0947112445 836.601061099 9115.30422766 
25 45.1516969909 697.012415125 9258.83588788 
26 42.1100125388 580.493880102 9378.39610736 
27 39.7341329041 483.310871307 9477.95499579 
28 37.8590310541 402.305060704 9560.83590824 
29 36.3661022421 334.815111401 9629.81878636 
30 35.1686363429 278.60614443 9687.22521923 
31 34.202363084 231.806250679 9734.99138624 
32 33.4187019814 192.849335756 9774.73196226 
33 32.7804652227 160.427011707 9807.79252307 
34 32.2588236564 133.447089379 9835.29408696 
35 31.8312586695 110.998830334 9858.169911 
36 31.4799495616 92.3228647692 9877.19718567 
37 31.1907103783 76.7865118666 9893.02277776 
38 30.9521742295 63.862824143 9906.18500163 
39 30.7551769765 53.1130064589 9917.13181656 
40 30.5922956083 44.1717956111 9926.23590878 
41 30.4574930476 36.735187645 9933.80731931 
42 30.3458386313 30.5501667713 9940.1039946 
43 30.2532958342 25.4062211903 9945.34048298 
44 30.1765505936 21.1282061899 9949.69524322 
45 30.1128766077 17.570407683 9953.31671571 
46 30.0600272204 14.6116151026 9956.32835768 
47 30.0161482545 12.1510081787 9958.83284357 
48 29.979707434 10.104725477 9960.91556709 
49 29.9494371847 8.40301547073 9962.64754734 
50 29.9242879923 6.98786504454 9964.08784696 
51 29.9033902808 5.81102517219 9965.28558455 
52 29.8860231202 4.83236867263 9966.28160821 
53 29.8715885197 4.01852413722 9967.10988734 
54 29.8595902545 3.34173900358 9967.79867074 
55 29.8496163737 2.77893236453 9968.37145126 
56 29.8413248075 2.31090973904 9968.84776545 
57 29.8344314471 1.92170893882 9969.24385961 
58 29.8287002719 1.59805570495 9969.57324402 
59 29.8239351776 1.32891117885 9969.84715364 
60 29.8199732041 1.10509559119 9970.0749312 
61 29.8166789093 0.918974747816 9970.26434634 
62 29.8139397186 0.764200200747 9970.42186008 
63 29.8116620561 0.635492709009 9970.55284523 
64 29.8097681325 0.528462137144 9970.66176973 
65 29.8081932784 0.439457741467 9970.75234898 
66 29.8068837277 0.365443579366 9970.82767269 
67 29.8057947775 0.303894957329 9970.89031027 
68 29.8048892602 0.252712416982 9970.94239832 
69 29.8041362724 0.210150098513 9970.98571363 
70 29.8035101166 0.174756064435 9971.02173382 
