Time S I R
0  997 3 0
1 995.484564479 4.38584301255 0.129592508076 
2 993.274073561 6.40694954885 0.318976889806 
3 990.055551416 9.34896900383 0.595479580221 
4 985.381607488 13.6197704684 0.998622043516 
5 978.619927045 19.7948373022 1.58523565284 
6 968.891715721 28.671922533 2.43636174637 
7 955.005774347 41.3280525858 3.66617306732 
8 935.407245299 59.160056293 5.43269840834 
9 908.181104948 83.8697302604 7.94916479198 
10 871.179167006 117.3279401 11.4928928935 
11 822.35973503 161.234281502 16.4059834685 
12 760.400990442 216.519643478 23.0793660799 
13 685.51402633 282.57399097 31.9119826996 
14 600.136141029 356.620047994 43.2438109776 
15 508.99654081 433.726904197 57.2765549931 
16 418.220110998 507.768436309 74.0114526937 
17 333.742226201 573.023341235 93.2344325644 
18 259.843020733 625.599406604 114.557572663 
19 198.505077783 663.9978778 137.497044417 
20 149.669916135 688.775825206 161.554258659 
21 111.973024027 701.751636549 186.275339424 
22 83.4908197603 705.22761196 211.281568279 
23 62.2618679741 701.46179284 236.276339186 
24 46.5578140346 692.403967218 261.038218747 
25 34.9752589667 679.616566063 285.408174971 
26 26.4295048709 664.294503937 309.275991192 
27 20.107149158 647.324635241 332.568215601 
28 15.4093165701 629.352268393 355.238415037 
29 11.8994039205 610.840917951 377.259678128 
30 9.26063252561 592.120314279 398.619053196 
31 7.26349498966 573.423021031 419.313483979 
32 5.74143586056 554.911703688 439.346860452 
33 4.57319299454 536.698899444 458.727907562 
34 3.67017932417 518.861138462 477.468682214 
35 2.96720111939 501.449335294 495.583463587 
36 2.41610602529 484.495896351 513.087997624 
37 1.98112138607 468.01994233 529.998936284 
38 1.63548745395 452.031081734 546.333430812 
39 1.35908792152 436.532064106 562.108847973 
40 1.13657511343 421.520877418 577.342547468 
41 0.956345248361 406.991890047 592.051764704 
42 0.809509056555 392.937000645 606.253490299 
43 0.689183522296 379.346426132 619.964390346 
44 0.590014113735 366.209227366 633.200758521 
45 0.50783951641 353.513670976 645.978489508 
46 0.439393393688 341.247555052 658.313051555 
47 0.38211113044 329.398412739 670.219476131 
48 0.333894309214 317.953764214 681.712341477 
49 0.293134973606 306.901072767 692.805792259 
50 0.258511221917 296.227962302 703.513526476 
51 0.228981520721 285.922210311 713.848808169 
52 0.203681759646 275.971849637 723.824468603 
53 0.181917654371 266.365163583 733.452918762 
54 0.163118529635 257.090722953 742.746158517 
55 0.146817364815 248.137394093 751.715788542 
56 0.13263340525 239.494348699 760.373017896 
57 0.120245458118 231.151075124 768.728679418 
58 0.109395812874 223.097363791 776.793240397 
59 0.099851466499 215.323346778 784.576801756 
60 0.091417544679 207.819458802 792.089123653 
61 0.0839444075141 200.576406195 799.339649397 
62 0.0773150643723 193.585226814 806.337458121 
63 0.0714183374097 186.837239056 813.091342606 
64 0.0661499398967 180.324042505 819.609807555 
65 0.0614389477761 174.037542465 825.901018587 
66 0.0572119275002 167.96988728 831.972900792 
67 0.053405966255 162.11349608 837.833097954 
68 0.0499762989754 156.461074346 843.488949355 
69 0.046872039071 151.00551533 848.947612631 
70 0.0440586581473 145.740002942 854.2159384 
71 0.0415061306337 140.657954246 859.300539624 
72 0.0391841929411 135.752982737 864.20783307 
73 0.0370675949594 131.018935916 868.943996489 
74 0.0351324950577 126.449872724 873.514994781 
75 0.033362364944 122.040063131 877.926574504 
76 0.0317408857102 117.783966907 882.184292208 
77 0.0302489864404 113.676219761 886.293531252 
78 0.0288728904251 109.711655648 890.259471461 
79 0.0276044396223 105.885302591 894.08709297 
80 0.0264331425694 102.192347066 897.781219792 
81 0.0253495693515 98.6281421597 901.346508271 
82 0.0243462560417 95.1882071443 904.7874466 
83 0.0234158117605 91.8682131505 908.108371038 
84 0.0225513160406 88.6639802253 911.313468459 
85 0.0217473033168 85.5714773181 914.406775379 
86 0.0209986224615 82.5868116836 917.392189694 
87 0.0203004147384 79.7062240313 920.273475554 
88 0.0196484772075 76.9260876232 923.0542639 
89 0.0190391913929 74.2429033415 925.738057467 
90 0.0184690806839 71.6532907463 928.328240173 
91 0.0179351199972 69.153990223 930.828074657 
92 0.0174347072427 66.7418593701 933.240705923 
93 0.0169652661751 64.4138595647 935.569175169 
94 0.0165243766767 62.1670559738 937.81641965 
95 0.0161097566056 59.9986134601 939.985276783 
96 0.0157192601459 57.9057926666 942.078488073 
97 0.0153508911397 55.8859481764 944.098700932 
98 0.0150028139141 53.9365413725 946.048455814 
99 0.0146734313413 52.0551176497 947.930208919 
100 0.0143614486821 50.2393067828 949.746331768 
