Time S I R
0  997 3 0
1 995.076316846 4.64131921797 0.282363935558 
2 992.109314836 7.17174372173 0.718941442296 
3 987.546460993 11.0606451601 1.39289384649 
4 980.560669109 17.0085491697 2.43078172143 
5 969.938165023 26.0385983857 4.02323659098 
6 953.95222659 39.5948544122 6.45291899757 
7 930.265636108 59.6054407821 10.1289231095 
8 895.963173521 88.4149900721 15.6218364069 
9 847.894349233 128.421797984 23.6838527837 
10 783.536851329 181.238487135 35.2246615356 
11 702.405163241 246.389290764 51.2055459946 
12 607.47771876 320.089069031 72.4332122083 
13 505.50587145 395.195470011 99.2986585382 
14 405.34398517 463.072454997 131.583559833 
15 314.982226242 516.559243503 168.458530255 
16 239.217725476 552.097728746 208.684545778 
17 179.220415718 569.878474448 250.901109834 
18 133.586973917 572.548747327 293.864278756 
19 99.7470062306 563.68096928 336.57202449 
20 74.9851845883 546.724283365 378.290532046 
21 56.9459247106 524.530184189 418.5238911 
22 43.7800694435 499.255792993 456.964137563 
23 34.11302053 472.445531659 493.441447811 
24 26.953233639 445.163699071 527.88306729 
25 21.5957976022 418.122048695 560.282153703 
26 17.5422396927 391.782388418 590.675371889 
27 14.4400248644 366.432843898 619.127131238 
28 12.038612034 342.242671091 645.718716875 
29 10.1587659 319.300344657 670.540889443 
30 8.6711919242 297.639931928 693.688876147 
31 7.48176125283 277.259232603 715.259006144 
32 6.5212860197 258.132227939 735.346486042 
33 5.73840961127 240.217639156 754.043951232 
34 5.09462052891 223.464826802 771.440552669 
35 4.5608362869 207.81772997 787.621433743 
36 4.11480373488 193.217790661 802.667405604 
37 3.73936894695 179.605783053 816.654848 
38 3.42119838371 166.923085361 829.655716255 
39 3.14983763078 155.112546712 841.737615658 
40 2.91702150203 144.11904605 852.963932448 
41 2.71616737806 133.889827502 863.39400512 
42 2.54198702335 124.374707991 873.083304985 
43 2.39021202437 115.526150359 882.083637617 
44 2.2573708955 107.299288433 890.443340672 
45 2.1406172165 99.6519012351 898.207481548 
46 2.03760180367 92.5443435201 905.418054676 
47 1.94638136923 85.9394451019 912.114173529 
48 1.8653349539 79.8024131645 918.332251882 
49 1.79310211936 74.1007217715 924.106176109 
50 1.72853824272 68.8039894148 929.467472342 
51 1.67067381037 63.8838625196 934.44546367 
52 1.6186834236 59.3138998033 939.067416773 
53 1.57185701817 55.0694617798 943.358681202 
54 1.52958709447 51.1275927449 947.342820161 
55 1.49136675685 47.466896434 951.041736809 
56 1.45674588199 44.067482772 954.475771346 
57 1.42532625855 40.9108439631 957.663829778 
58 1.39676359506 37.9797218855 960.623514519 
59 1.37076072437 35.258098704 963.371140572 
60 1.34705528329 32.7310917415 965.921852975 
61 1.32541480801 30.3848536532 968.289731539 
62 1.3056380015 28.2065072703 970.487854728 
63 1.2875421726 26.1840676532 972.528390174 
64 1.27096910115 24.3064263913 974.422604508 
65 1.25577501454 22.5632421091 976.180982876 
66 1.24183339527 20.9449191709 977.813247434 
67 1.2290303141 19.4425353425 979.328434343 
68 1.21726361511 18.0478035193 980.734932866 
69 1.20644210314 16.7530299933 982.040527904 
70 1.19648278738 15.5510585383 983.252458674 
71 1.18731183154 14.4352565331 984.377431635 
72 1.17886166822 13.3994511735 985.421687158 
73 1.17107177533 12.437920697 986.391007528 
74 1.16388697811 11.5453450133 987.290768009 
75 1.1572569535 10.7167785818 988.125964465 
76 1.15113595511 9.94763454615 988.901229499 
77 1.14548311099 9.23366270082 989.620854188 
78 1.14026174504 8.57092378214 990.288814473 
79 1.13543677193 7.95573712996 990.908826098 
80 1.13097594271 7.38468200954 991.484342048 
81 1.12685073247 6.85459717797 992.01855209 
82 1.12303530111 6.36255218445 992.514412514 
83 1.11950544036 5.90581833128 992.974676228 
84 1.11623887059 5.48186161775 993.401899512 
85 1.1132152922 5.08833102432 993.798453683 
86 1.11041610145 4.72304363217 994.166540266 
87 1.10782416291 4.38397302911 994.508202808 
88 1.10542371746 4.06923936848 994.825336914 
89 1.10320026748 3.77709729968 995.119702433 
90 1.10114044859 3.50592518018 995.392934371 
91 1.09923195367 3.25421792018 995.646550126 
92 1.09746343748 3.02057891885 995.881957644 
93 1.0958244398 2.80371172549 996.100463835 
94 1.09430529841 2.60241223495 996.303282467 
95 1.09289711474 2.4155638772 996.491539008 
96 1.091591666 2.24212984898 996.666278485 
97 1.09038133899 2.0811466978 996.828471963 
98 1.08925911606 1.93172093629 996.979019948 
99 1.08821850206 1.79302281733 997.118758681 
100 1.08725349089 1.66428217678 997.248464332 
