Time S I R
0  997 3 0
1 993.097476585 6.77352334093 0.129000073949 
2 984.364442032 15.2160364552 0.419521513188 
3 965.133475716 33.7980520426 1.06847224097 
4 924.244527182 73.2631158255 2.49235699253 
5 843.433724233 151.064465303 5.50181046334 
6 704.511764828 284.066682934 11.4215522384 
7 514.432923673 463.803016686 21.7640596403 
8 321.566443165 641.214809378 37.2187474574 
9 176.446701385 766.59341786 56.9598807548 
10 89.4050193068 831.273921679 79.3210590139 
11 43.7343604657 853.425355288 102.840284247 
12 21.2288661574 852.157376697 126.613757145 
13 10.3719127673 839.455230288 150.172856945 
14 5.13519545033 821.56840265 173.2964019 
15 2.58389003441 801.528664187 195.887445778 
16 1.322838429 780.768676144 217.908485427 
17 0.689275726011 759.960718894 239.35000538 
18 0.365499647835 739.418906394 260.215593958 
19 0.197184074604 719.287881558 280.514934368 
20 0.108126976378 699.631403162 300.260469862 
21 0.0603046987787 680.473878253 319.465817048 
22 0.0341840548313 661.820848525 338.14496742 
23 0.0197199798131 643.668362839 356.311917181 
24 0.0115600915408 626.007952044 373.980487865 
25 0.00682294489616 608.828946749 391.164230306 
26 0.00408861528012 592.119523755 407.87638763 
27 0.00249418720205 575.867641274 424.129864539 
28 0.00154178090884 560.061233085 439.937225134 
29 0.000966130279608 544.688335657 455.310698213 
30 0.000613321857372 529.737203025 470.262183654 
31 0.000393583893469 515.196341865 484.803264551 
32 0.000255847795643 501.054541044 498.945203108 
33 0.000167035368122 487.300884836 512.698948129 
34 0.000101998780224 473.924753449 526.075144552 
35 5.16663842518e-05 460.915750598 539.084197736 
36 2.49609593084e-05 448.263801276 551.736173763 
37 6.30528904821e-06 435.959077534 564.040916161 
38 0 423.992054589 576.007945411 
39 0 412.353550024 587.646449976 
40 0 401.034586685 598.965413315 
41 0 390.026306471 609.973693529 
42 0 379.320196618 620.679803382 
43 0 368.907990498 631.092009502 
44 0 358.781584664 641.218415336 
45 0 348.933133451 651.066866549 
46 0 339.355034505 660.644965495 
47 0 330.039854601 669.960145399 
48 0 320.980357161 679.019642839 
49 0 312.169542609 687.830457391 
50 0 303.600596641 696.399403359 
51 0 295.26683943 704.73316057 
52 0 287.161825328 712.838174672 
53 0 279.279308513 720.720691487 
54 0 271.613187988 728.386812012 
55 0 264.157478245 735.842521755 
56 0 256.906414653 743.093585347 
57 0 249.85440944 750.14559056 
58 0 242.995989956 757.004010044 
59 0 236.325812034 763.674187966 
60 0 229.838721227 770.161278773 
61 0 223.529720316 776.470279684 
62 0 217.393901788 782.606098212 
63 0 211.42649248 788.57350752 
64 0 205.62288307 794.37711693 
65 0 199.978619839 800.021380161 
66 0 194.489255484 805.510744516 
67 0 189.150568728 810.849431272 
68 0 183.958429446 816.041570554 
69 0 178.908834062 821.091165938 
70 0 173.997848365 826.002151635 
71 0 169.221665165 830.778334835 
72 0 164.576589116 835.423410884 
73 0 160.059023676 839.940976324 
74 0 155.665469606 844.334530394 
75 0 151.392535961 848.607464039 
76 0 147.236910897 852.763089103 
77 0 143.195363027 856.804636973 
78 0 139.264737793 860.735262207 
79 0 135.441974401 864.558025599 
80 0 131.724144102 868.275855898 
81 0 128.10836874 871.89163126 
82 0 124.591845673 875.408154327 
83 0 121.171847213 878.828152787 
84 0 117.845723223 882.154276777 
85 0 114.610902502 885.389097498 
86 0 111.46487879 888.53512121 
87 0 108.405213346 891.594786654 
88 0 105.429532688 894.570467312 
89 0 102.535532067 897.464467933 
90 0 99.720972913 900.279027087 
91 0 96.9836740547 903.016325945 
92 0 94.3215131008 905.678486899 
93 0 91.732425397 908.267574603 
94 0 89.2144043111 910.785595689 
95 0 86.7655037188 913.234496281 
96 0 84.3838256908 915.616174309 
97 0 82.0675238287 917.932476171 
98 0 79.8148016663 920.185198334 
99 0 77.6239167229 922.376083277 
100 0 75.4931732174 924.506826783 
