Time S I R
0  997 3 0
1 995.095523467 4.84499159732 0.0594849358935 
2 992.029332452 7.81517274506 0.155494803314 
3 987.108137394 12.5816511723 0.31021143348 
4 979.248959375 20.1921388237 0.558901801494 
5 966.797246384 32.2457222475 0.957031368395 
6 947.315754412 51.0939096045 1.59033598342 
7 917.426963175 79.9853003558 2.58773646872 
8 872.921048804 122.944138719 4.1348124771 
9 809.511582939 184.007412295 6.48100476627 
10 724.621425652 265.451066202 9.92750814595 
11 619.956385025 365.262820797 14.7807941783 
12 503.223779849 475.505260987 21.2709591643 
13 386.676570511 583.856383311 29.4670461774 
14 282.406063967 678.35050977 39.2434262628 
15 197.789895968 751.88689977 50.3232042623 
16 134.3006933 803.332430847 62.3668758535 
17 89.3296457486 835.618130774 75.0522234777 
18 58.6973401569 853.185763631 88.1168962119 
19 38.3399397912 860.292830464 101.367229745 
20 25.0014150815 860.329567364 114.669017555 
21 16.3231667452 855.743779634 127.93305362 
22 10.6899413764 848.208365723 141.1016929 
23 7.03059485311 838.830892758 154.138512389 
24 4.6469216293 828.332054436 167.021023934 
25 3.08799043664 817.176264262 179.735745302 
26 2.06363853511 805.661365832 192.274995633 
27 1.38705018048 793.978140255 204.634809565 
28 0.937717173799 782.248683127 216.813599699 
29 0.637655195668 770.551044138 228.811300666 
30 0.436131793291 758.93505074 240.628817467 
31 0.300016463209 747.43230905 252.267674487 
32 0.207556527057 736.06265648 263.729786993 
33 0.144414501123 724.838271289 275.01731421 
34 0.100962575328 713.766478959 286.132558465 
35 0.0709983684435 702.851085071 297.077916561 
36 0.0502329245421 692.093945383 307.855821692 
37 0.0357215207171 681.49555678 318.4687217 
38 0.0255393041446 671.05539457 328.919066126 
39 0.0183819909025 660.772326526 339.209291483 
40 0.0133211931523 650.64486363 349.341815177 
41 0.00966063155954 640.671310851 359.319028518 
42 0.00702469608495 630.849682325 369.143292979 
43 0.0051242497284 621.177931295 378.816944456 
44 0.00376177276121 611.653953769 388.342284458 
45 0.00278029678475 602.275641262 397.721578441 
46 0.00206676479684 593.040873396 406.957059839 
47 0.00154191673766 583.947526086 416.050931998 
48 0.00115544136611 574.993481536 425.005363023 
49 0.000870044526664 566.176641416 433.82248854 
50 0.000658400008433 557.494929662 442.504411938 
51 0.00049995305676 548.946291449 451.053208598 
52 0.000381269131822 540.528701788 459.470916943 
53 0.000292046566415 532.240161939 467.759546014 
54 0.000224584047828 524.078698079 475.921077337 
55 0.000173303495558 516.042368914 483.957457783 
56 0.000132541463699 508.129270552 491.870596907 
57 9.81769428563e-05 500.337511104 499.662390719 
58 6.83919481617e-05 492.665222638 507.33470897 
59 4.36900037357e-05 485.110569527 514.889386783 
60 2.68961437087e-05 477.671748451 522.328224652 
61 1.9411843482e-05 470.346984098 529.65299649 
62 1.18925897823e-05 463.13451844 536.865469668 
63 3.36441064519e-06 456.032632712 543.967363924 
64 0 449.039637381 550.960362619 
65 0 442.153877623 557.846122377 
66 0 435.373730234 564.626269766 
67 0 428.697571221 571.302428779 
68 0 422.12378085 577.87621915 
69 0 415.650790289 584.349209711 
70 0 409.277056592 590.722943408 
71 0 403.001062637 596.998937363 
72 0 396.821316328 603.178683672 
73 0 390.736332361 609.263667639 
74 0 384.744652067 615.255347933 
75 0 378.844845968 621.155154032 
76 0 373.035508314 626.964491686 
77 0 367.315257081 632.684742919 
78 0 361.682730304 638.317269696 
79 0 356.13657105 643.86342895 
80 0 350.675453349 649.324546651 
81 0 345.298074892 654.701925108 
82 0 340.003155141 659.996844859 
83 0 334.789435324 665.210564676 
84 0 329.65567133 670.34432867 
85 0 324.600629085 675.399370915 
86 0 319.623101283 680.376898717 
87 0 314.721900216 685.278099784 
88 0 309.895857266 690.104142734 
89 0 305.143817127 694.856182873 
90 0 300.46464394 699.53535606 
91 0 295.857221649 704.142778351 
92 0 291.320452681 708.679547319 
93 0 286.853254716 713.146745284 
94 0 282.454556266 717.545443734 
95 0 278.123307251 721.876692749 
96 0 273.858474971 726.141525029 
97 0 269.659043654 730.340956346 
98 0 265.524007768 734.475992232 
99 0 261.452377962 738.547622038 
100 0 257.443182856 742.556817144 
