Time S I R
0  997 3 0
1 996.66369017 3.1671359354 0.169173894991 
2 996.308774628 3.34345643657 0.347768935512 
3 995.934243836 3.52945269264 0.536303471797 
4 995.539039373 3.72563883873 0.735321787899 
5 995.122047294 3.93255506207 0.945397643683 
6 994.682095473 4.15076870538 1.16713582125 
7 994.217953454 4.38087420904 1.40117233665 
8 993.728328569 4.62349478274 1.64817664786 
9 993.211863089 4.87928356605 1.90885334526 
10 992.66713096 5.14892489941 2.18394414022 
11 992.092636746 5.43313474691 2.47422850736 
12 991.486813349 5.73266156956 2.78052508131 
13 990.848015054 6.04828887061 3.10369607495 
14 990.174515812 6.38083602022 3.44464816766 
15 989.464508598 6.73115808497 3.80433331713 
16 988.716102067 7.10014705068 4.18375088198 
17 987.927315789 7.48873363632 4.58395057493 
18 987.096078419 7.89788724352 5.00603433795 
19 986.220224337 8.32861750301 5.45115815978 
20 985.297490821 8.78197444965 5.9205347291 
21 984.325515085 9.25904936113 6.41543555361 
22 983.301831529 9.7609754928 6.93719297863 
23 982.223869735 10.2889273747 7.48720289066 
24 981.088951001 10.8441223658 8.0669266335 
25 979.894287849 11.4278185582 8.67789359263 
26 978.636980533 12.0413161055 9.32170336174 
27 977.314013661 12.6859584239 10.0000279153 
28 975.922256904 13.3631291549 10.7146139408 
29 974.458468898 14.0742459973 11.4672851046 
30 972.919286954 14.8207687133 12.259944333 
31 971.301228452 15.6041955611 13.0945759868 
32 969.600702884 16.4260509721 13.9732461434 
33 967.814002844 17.2878912452 14.8981059108 
34 965.93730075 18.1913053422 15.8713939077 
35 963.966660268 19.1379037816 16.8954359499 
36 961.898049879 20.1293060162 17.9726441053 
37 959.72732264 21.167154364 19.1055229962 
38 957.450227587 22.253103234 20.2966691792 
39 955.062443161 23.3887926909 21.5487641476 
40 952.559557384 24.5758608742 22.8645817418 
41 949.93707034 25.8159401426 24.2469895174 
42 947.190426139 27.1106327791 25.6989410815 
43 944.315036516 28.4614926136 27.2234708701 
44 941.306250974 29.8700432177 28.8237058087 
45 938.159386064 31.3377559398 30.5028579963 
46 934.869788475 32.8660069962 32.2642045285 
47 931.432799671 34.4560974709 34.1111028582 
48 927.843772364 36.1092401944 36.0469874416 
49 924.098132121 37.8265200422 38.0753478367 
50 920.191403782 39.6088751687 40.1997210491 
51 916.119183636 41.4571100542 42.4237063095 
52 911.877189989 43.3718634492 44.750946562 
53 907.461350106 45.3535590198 47.1850908739 
54 902.867757073 47.4024229407 49.7298199859 
55 898.092706538 49.5184604152 52.3888330468 
56 893.132778069 51.7014153795 55.1658065511 
57 887.984857708 53.9507540145 58.064388278 
58 882.646132812 56.2656591728 61.0882080156 
59 877.114151573 58.6450026091 64.2408458183 
60 871.386898135 61.0873204313 67.5257814341 
61 865.462777874 63.590798386 70.9464237396 
62 859.340664505 66.1532508882 74.5060846072 
63 853.019949478 68.7721244732 78.2079260488 
64 846.500573388 71.4444706375 82.0549559745 
65 839.783056888 74.1669177248 86.0500253871 
66 832.868527835 76.9356814676 90.1957906974 
67 825.758725946 79.7466051331 94.4946689207 
68 818.456075253 82.5950751211 98.9488496254 
69 810.963702113 85.4760344524 103.560263434 
70 803.285384783 88.3840679764 108.330547241 
71 795.425604979 91.3133692058 113.261025815 
72 787.389582801 94.2577238907 118.352693308 
73 779.183209572 97.2105889711 123.606201457 
74 770.813105097 100.165065393 129.02182951 
75 762.286604817 103.113928893 134.59946629 
76 753.611648213 106.049744215 140.338607572 
77 744.796868929 108.964808591 146.238322481 
78 735.85152561 111.85122397 152.297250419 
79 726.785388421 114.700998801 158.513612778 
80 717.608821424 117.506010715 164.88516786 
81 708.332658845 120.258108077 171.409233078 
82 698.968120093 122.94918506 178.082694847 
83 689.526852662 125.571178735 184.901968603 
84 680.020779208 128.116171412 191.86304938 
85 670.462049433 130.576442059 198.961508508 
86 660.863024511 132.944502262 206.192473228 
87 651.236132876 135.213165084 213.550702041 
88 641.593845818 137.375597469 221.030556713 
89 631.948624857 139.425374324 228.626000819 
90 622.31280967 141.356497549 236.330692781 
91 612.698557591 143.163454837 244.137987573 
92 603.117795109 144.841290397 252.040914494 
93 593.582162835 146.385579495 260.032257669 
94 584.102961831 147.792437152 268.104601017 
95 574.691058953 149.058640088 276.250300959 
96 565.356873782 150.181574253 284.461551965 
97 556.110391048 151.159159877 292.730449074 
98 546.961009618 151.990017704 301.048972677 
99 537.917553587 152.673407265 309.409039148 
100 528.988360285 153.209087674 317.802552041 
