Time S I R
0  997 3 0
1 995.209560613 4.48672267647 0.303716710735 
2 992.539255933 6.70304017873 0.757703888011 
3 988.566408419 9.99818553873 1.43540604263 
4 982.677044122 14.8778935211 2.44506235647 
5 973.993391745 22.0617515659 3.94485668949 
6 961.290428938 32.5464633869 6.16310767537 
7 942.920711825 47.6559750932 9.42331308181 
8 916.793552659 69.0350479918 14.1713993494 
9 880.494874822 98.5075735172 20.9975516606 
10 831.669528936 137.693278295 30.6371927694 
11 768.760570288 187.311710301 43.9277194108 
12 692.0186647 246.283483846 61.697851454 
13 604.342707816 311.068608254 84.5886839305 
14 511.256782125 375.890636114 112.852581761 
15 419.641769509 434.138521558 146.219708933 
16 335.741133814 480.348067503 183.910798683 
17 263.583012827 511.619895521 224.797091651 
18 204.566050928 527.806553651 267.627395422 
19 158.042499576 530.730997287 311.226503138 
20 122.252973066 523.133430962 354.613595972 
21 95.1065647071 507.851916853 397.04151844 
22 74.6415412342 487.374442633 437.984016133 
23 59.2172246596 463.683882285 477.098893056 
24 47.5473071733 438.266423616 514.18626921 
25 38.6598637127 412.189537028 549.150599259 
26 31.8351722989 386.194743644 581.970084057 
27 26.5456523088 360.780964029 612.673383662 
28 22.4056924795 336.271722394 641.322585126 
29 19.1332515962 312.865798947 668.000949457 
30 16.5210786844 290.67465239 692.804268926 
31 14.4159848714 269.749161249 715.834853879 
32 12.7039144452 250.098699221 737.197386334 
33 11.2992660162 231.704645348 756.996088636 
34 10.1372581365 214.529901942 775.332839922 
35 9.16844533724 198.525608063 792.3059466 
36 8.35474694038 183.635877121 808.009375939 
37 7.66664407376 169.801014048 822.532341878 
38 7.08100675553 156.95992607 835.959067175 
39 6.57958881035 145.051664365 848.368746825 
40 6.14788707336 134.016501252 859.835611674 
41 5.77428378016 123.796655035 870.429061185 
42 5.44940257603 114.336761795 880.213835629 
43 5.1656284269 105.584137217 889.250234356 
44 4.91673491608 97.4889241441 897.59434094 
45 4.69759117203 90.0041533452 905.298255483 
46 4.50396604392 83.0856943122 912.410339644 
47 4.33232290739 76.6922390046 918.975438088 
48 4.17970774342 70.7851802705 925.035111986 
49 4.04362635956 65.3285193219 930.627854319 
50 3.92197432827 60.2887231141 935.789302558 
51 3.81296071015 55.6346044139 940.552434876 
52 3.71505474575 51.337189111 944.947756143 
53 3.62694579437 47.3695795309 949.003474675 
54 3.5475024694 43.7068281669 952.745669364 
55 3.47574781238 40.3258090731 956.198443114 
56 3.41083231957 37.2050991926 959.384068488 
57 3.35201324832 34.3248642406 962.323122511 
58 3.29864989265 31.6667381464 965.034611961 
59 3.25017635089 29.2137377061 967.536085943 
60 3.20609062799 26.9501507231 969.843758649 
61 3.16595200474 24.8614407016 971.972607294 
62 3.12937256186 22.9341909396 973.936436499 
63 3.09600202201 21.1559746262 975.748023352 
64 3.06553557003 19.5153352196 977.41912921 
65 3.03769760591 18.0016703465 978.960632048 
66 3.01224270092 16.6051931695 980.38256413 
67 2.98895239728 15.3168701684 981.694177434 
68 2.96762796946 14.1283434548 982.904028576 
69 2.94809384811 13.0319174614 984.019988691 
70 2.93018930231 12.0204659142 985.049344784 
71 2.91377102834 11.0874262676 985.998802704 
72 2.89870879818 10.2267319193 986.874559283 
73 2.88488468802 9.43278331928 987.682331993 
74 2.87219254005 8.70041976482 988.427387695 
75 2.86053500372 8.0248648129 989.114600183 
76 2.84982457127 7.40172375919 989.74845167 
77 2.83998144942 6.8269372013 990.333081349 
78 2.83093295867 6.29675904679 990.872307995 
79 2.82261266374 5.80772834287 991.369658993 
80 2.81496027924 5.35665748995 991.828382231 
81 2.80792060808 4.940601701 992.251477691 
82 2.8014433611 4.55684703661 992.641709602 
83 2.79548245539 4.20288674741 993.001630797 
84 2.78999584695 3.8764107339 993.333593419 
85 2.78494496398 3.57528527269 993.639769763 
86 2.78029456875 3.2975443869 993.922161044 
87 2.77601230785 3.0413724167 994.182615275 
88 2.77206858489 2.8050963147 994.4228351 
89 2.76843618429 2.58717023599 994.64439358 
90 2.7650901455 2.3861688768 994.848740978 
91 2.76200764588 2.20078002093 995.037212333 
92 2.75916775922 2.02979395654 995.211038284 
93 2.75655111425 1.8720902974 995.371358588 
94 2.75413993762 1.72663623926 995.519223823 
95 2.75191796024 1.59248121103 995.655600829 
96 2.74987023049 1.46874857066 995.781381199 
97 2.74798295901 1.35462848789 995.897388553 
98 2.74624347492 1.24937438197 996.004382143 
99 2.74464012426 1.1522975433 996.103062332 
100 2.74316218311 1.06276266627 996.194075151 
