Time S I R
0  997 3 0
1 995.026612397 4.67615666159 0.297230941101 
2 991.960431691 7.27933865518 0.760229653675 
3 987.210928351 11.3088257151 1.48024593356 
4 979.888788443 17.5141268695 2.59708468702 
5 968.682710814 26.9946893553 4.32259983103 
6 951.722700559 41.3048497876 6.9724496531 
7 926.482167634 62.5130304963 11.0048018697 
8 889.840719868 93.1008589548 17.0584211774 
9 838.518443874 135.511125196 25.9704309294 
10 770.107231404 191.154727251 38.7380413452 
11 684.657968478 258.960243685 56.381787837 
12 586.103723415 334.198126474 79.6981501117 
13 482.203707787 408.824756247 108.971535966 
14 382.308971685 473.894241897 143.796786418 
15 294.124145095 522.73998726 183.135867645 
16 221.641239348 552.776406074 225.582354578 
17 165.192084452 565.127470912 269.680444636 
18 122.809278497 563.033200051 314.157521452 
19 91.6712895768 550.302036452 358.026673971 
20 69.0264383345 530.383000641 400.590561024 
21 52.5881361468 506.015676447 441.396187406 
22 40.6088135023 479.214008041 480.177178457 
23 31.8125067312 451.386624735 516.800868534 
24 25.289390284 423.484119857 551.226489859 
25 20.3978033087 396.127832746 583.474363946 
26 16.6862705192 369.709580613 613.604148868 
27 13.836427926 344.463826157 641.699745917 
28 11.6223561929 320.51860969 667.859034117 
29 9.8824837812 297.930539499 692.18697672 
30 8.50019033852 276.708815599 714.790994062 
31 7.39047930547 256.831595894 735.777924801 
32 6.49076851173 238.25718516 755.252046329 
33 5.75448575335 220.931687508 773.313826739 
34 5.14669534377 204.794101136 790.05920352 
35 4.64085837585 189.779996132 805.579145492 
36 4.21664729853 175.823859934 819.959492768 
37 3.85835175242 162.860702727 833.28094552 
38 3.55371873052 150.827132233 845.619149037 
39 3.29310874112 139.662049869 857.04484139 
40 3.06887878949 129.307061373 867.624059837 
41 2.87491704861 119.706724313 877.418358639 
42 2.70630280935 110.808648292 886.485048899 
43 2.55905903588 102.563498234 894.87744273 
44 2.42992647103 94.9249886856 902.645084843 
45 2.31622706502 87.849779234 909.833993701 
46 2.21575197047 81.2973573018 916.486890728 
47 2.12666084472 75.2299224557 922.6434167 
48 2.04741458385 69.6122466413 928.340338775 
49 1.97672065781 64.4115316838 933.611747658 
50 1.91348554745 59.5972696907 938.489244762 
51 1.85678074643 55.1411036542 943.002115599 
52 1.80580985851 51.0166963609 947.177493781 
53 1.75988932962 47.1995964221 951.040514248 
54 1.71844948837 43.6670903099 954.614460202 
55 1.68098975907 40.3981293375 957.920880903 
56 1.64706395692 37.3732035822 960.979732461 
57 1.61628810748 34.5741764455 963.809535447 
58 1.58832987464 31.98426957 966.427400555 
59 1.56289723515 29.5879578778 968.849144887 
60 1.53973219349 27.3708439883 971.089423818 
61 1.51860965506 25.3195774881 973.161812857 
62 1.49932734896 23.4217832957 975.078889355 
63 1.48170907348 21.6660291689 976.852261758 
64 1.46559533807 20.0417093642 978.492695298 
65 1.45084616164 18.5390198235 980.010134015 
66 1.43733476245 17.1488696903 981.413795547 
67 1.42494879013 15.8628554837 982.712195726 
68 1.41358662293 14.6731880427 983.913225334 
69 1.40315727623 13.5726646467 985.024178077 
70 1.39357871058 12.5546173758 986.051803914 
71 1.38477670387 11.6128732405 987.002350056 
72 1.37668446695 10.7417239223 987.881591611 
73 1.36924128176 9.93588151931 988.694877199 
74 1.36239196083 9.19045396562 989.447154074 
75 1.35608715496 8.50092414089 990.142988704 
76 1.35028177257 7.86310862047 990.786609607 
77 1.34493408195 7.2731263803 991.381939538 
78 1.34000630984 6.72739024424 991.932603446 
79 1.33546436203 6.22258729586 992.441948342 
80 1.33127703328 5.75565136031 992.913071606 
81 1.32741561532 5.32374278441 993.3488416 
82 1.32385391681 4.92423544389 993.751910639 
83 1.32056800524 4.55469987305 994.124732122 
84 1.31753594743 4.21288842966 994.469575623 
85 1.31473763085 3.89672245474 994.788539914 
86 1.31215461883 3.60427921166 995.08356617 
87 1.30976997676 3.33377909154 995.356450932 
88 1.30756816121 3.08357610983 995.608855729 
89 1.30553488853 2.85214782146 995.84231729 
90 1.30365703481 2.63808605959 996.058256906 
91 1.30192252486 2.44008793781 996.257989537 
92 1.30032025258 2.25694841973 996.442731328 
93 1.29883999424 2.08755264134 996.613607364 
94 1.29747233863 1.93086952041 996.771658141 
95 1.29620861579 1.7859451377 996.917846247 
96 1.29504083949 1.65189720393 997.053061957 
97 1.29396165064 1.52790967239 997.178128677 
98 1.29296426338 1.41322753352 997.293808203 
99 1.29204242321 1.3071526008 997.400804976 
100 1.29119036252 1.20903912947 997.499770508 
