Time S I R
0  997 3 0
1 995.917866327 3.92661555047 0.155518122462 
2 994.503548624 5.13742058666 0.359030789128 
3 992.656613423 6.71815556246 0.625231014795 
4 990.247378209 8.77940042181 0.973221369685 
5 987.109120667 11.4630955189 1.42778381434 
6 983.028832269 14.9502067242 2.02096100645 
7 977.736524831 19.4694594021 2.79401576688 
8 970.893619183 25.3065866107 3.79979420647 
9 962.081475191 32.8130169472 5.10550786177 
10 950.792208627 42.4119435034 6.79584786962 
11 936.42531229 54.598425676 8.97626203372 
12 918.29547418 69.9285168196 11.7760090005 
13 895.658916673 88.9907332741 15.3503500532 
14 867.76667485 112.352417512 19.8809076381 
15 833.95173974 140.47532918 25.5729310797 
16 793.751270369 173.600697771 32.6480318593 
17 747.052399591 211.616361412 41.3312389969 
18 694.232758547 253.935066034 51.8321754189 
19 636.250586945 299.427630028 64.3217830267 
20 574.635775677 346.456083466 78.9081408571 
21 511.354162647 393.029291636 95.6165457165 
22 448.561058506 437.059857222 114.379084271 
23 388.305491189 476.657580765 135.036928046 
24 332.269087859 510.375768696 157.355143445 
25 281.60635798 537.347361258 181.046280762 
26 236.908601075 557.294204939 205.797193986 
27 198.270170723 570.435939516 231.293889761 
28 165.412536616 577.346589675 257.24087371 
29 137.821178912 578.805082705 283.373738382 
30 114.865187259 575.669352614 309.465460127 
31 95.8863225858 568.785888933 335.327788481 
32 80.2564699198 558.934167848 360.809362232 
33 67.4088955709 546.799164521 385.791939908 
34 56.8511618082 532.962949184 410.185889008 
35 48.1665318328 517.907841245 433.925626922 
36 41.0085497831 502.026173253 456.965276964 
37 35.0927319222 485.632399489 479.274868589 
38 30.1874378736 468.975441578 500.837120548 
39 26.1050036751 452.250267504 521.644728821 
40 22.6938751892 435.607956855 541.698167956 
41 19.8317437003 419.164338344 561.003917956 
42 17.4199376454 403.007035362 579.573026992 
43 15.3787943949 387.201224762 597.419980844 
44 13.6438401604 371.794368634 614.561791205 
45 12.1627627923 356.819958883 631.017278325 
46 10.8930157791 342.300464061 646.80652016 
47 9.79989582636 328.249692102 661.950412072 
48 8.8549721119 314.674720386 676.470307502 
49 8.0348882313 301.577354304 690.387757465 
50 7.3203896162 288.955310501 703.724299883 
51 6.6955405528 276.8031641 716.501295347 
52 6.14709790045 265.113100714 728.739801385 
53 5.66402244653 253.875497123 740.460480431 
54 5.23706438487 243.079409653 751.683525962 
55 4.85847192659 232.712909432 762.428618641 
56 4.52172404051 222.763388545 772.714887414 
57 4.22127223538 213.217855313 782.560872451 
58 3.95242799523 204.06304649 791.984525515 
59 3.71118426533 195.285622171 801.003193563 
60 3.49412766345 186.872248561 809.633623775 
61 3.29832449402 178.809712631 817.891962875 
62 3.12125681764 171.084977626 825.793765557 
63 2.96074822167 163.685251386 833.354000392 
64 2.81491754332 156.598017236 840.587065221 
65 2.68213196091 149.811067986 847.506800053 
66 2.5609703963 143.312529041 854.126500563 
67 2.45019234852 137.090874078 860.458933573 
68 2.34870909048 131.134938296 866.516352613 
69 2.25556967054 125.433914177 872.310516152 
70 2.16994365602 119.977352059 877.852704285 
71 2.0910847547 114.755185605 883.15372964 
72 2.01834346058 109.757695938 888.223960601 
73 1.95113896861 104.975527602 893.07333343 
74 1.88895726026 100.399672627 897.711370113 
75 1.83134283897 96.0214631167 902.147194044 
76 1.77788513802 91.8325710762 906.389543786 
77 1.72822113239 87.8249887486 910.446790119 
78 1.68202298859 83.9910285168 914.326948495 
79 1.63899754627 80.3233084113 918.037694042 
80 1.59888148295 76.8147432213 921.586375296 
81 1.56143639226 73.4585362914 924.980027316 
82 1.52644848086 70.2481668781 928.225384641 
83 1.49372334152 67.1773836798 931.328892979 
84 1.46308531704 64.2401929926 934.29672169 
85 1.43437341712 61.4308517474 937.134774835 
86 1.40744119342 58.7438564587 939.848702348 
87 1.3821580086 56.1739310835 942.443910908 
88 1.35840716209 53.7160181157 944.925574722 
89 1.33608207287 51.3652740602 947.298643867 
90 1.31507806892 49.1170728017 949.567849129 
91 1.29530296831 46.9669752036 951.737721828 
92 1.2766720998 44.9107266706 953.81260123 
93 1.25910696442 42.9442498346 955.796643201 
94 1.24253822405 41.0636571481 957.693804628 
95 1.22690115879 39.2652241378 959.507874703 
96 1.2121341958 37.5453787032 961.242487101 
97 1.19817877268 35.9006973848 962.901123842 
98 1.1849827614 34.3279096725 964.487107566 
99 1.1725020833 32.8238971965 966.00360072 
100 1.1606922188 31.3856643355 967.453643446 
