Time S I R
0  997 3 0
1 995.514124905 4.19947338504 0.286401709622 
2 993.438651071 5.87418426574 0.687164663356 
3 990.544241102 8.208298756 1.24746014195 
4 986.516742355 11.453430256 2.02982738898 
5 980.929892628 15.9496938806 3.12041349103 
6 973.213115252 22.1498517978 4.63703295023 
7 962.617238594 30.6435544712 6.73920693499 
8 948.185487271 42.1745832351 9.63992949406 
9 928.744307487 57.6375791468 13.6181133662 
10 902.938668999 78.0320913677 19.0292396337 
11 869.346266373 104.344116905 26.3096167222 
12 826.705623597 137.32714173 35.967234673 
13 774.268531948 177.180693084 48.5507749688 
14 712.222909546 223.186681112 64.5904093414 
15 642.036791794 273.450823006 84.5123852001 
16 566.514005193 324.942456079 108.543538728 
17 489.415182913 373.949219314 136.635597773 
18 414.713518634 416.846445403 168.440035963 
19 345.780920275 450.871615584 203.347464141 
20 284.838798715 474.583052154 240.578149131 
21 232.832648434 487.875892689 279.291458877 
22 189.651727171 491.666156316 318.682116513 
23 154.50171841 487.453554359 358.044727231 
24 126.262285916 476.933305289 396.804408796 
25 103.746428404 461.732564512 434.521007084 
26 85.8518949813 443.270789118 470.877315901 
27 71.62848989 422.711647642 505.659862468 
28 60.2941613401 400.967370412 538.738468248 
29 51.2232943691 378.729620721 570.04708491 
30 43.9241564403 356.508198042 599.567645518 
31 38.0141267022 334.668878697 627.316994601 
32 33.1969914988 313.466328971 653.336679531 
33 29.2436466772 293.071173179 677.685180143 
34 25.9768578985 273.591118119 700.432023982 
35 23.2590320957 255.087538735 721.653429169 
36 20.9829398565 237.587955446 741.429104698 
37 19.0646053203 221.095453866 759.839940814 
38 17.4379024514 205.595763364 776.966334184 
39 16.0504621711 191.06251668 792.887021149 
40 14.8605616993 177.461168331 807.67826997 
41 13.8347587629 164.751895284 821.413345953 
42 12.9460827997 152.891740044 834.162177156 
43 12.1726460363 141.836186174 845.99116779 
44 11.4966207423 131.540243016 856.963136241 
45 10.9033486497 121.959364533 867.137286817 
46 10.3807323411 113.049984879 876.56928278 
47 9.91874057399 104.769913503 885.311345923 
48 9.50900252831 97.0786209503 893.412376521 
49 9.14449566339 89.9374152134 900.918089123 
50 8.81930578672 83.3095251617 907.871169052 
51 8.5284266574 77.1601441391 914.311429203 
52 8.26759727663 71.4564382614 920.275964462 
53 8.03317444661 66.1675152269 925.799310326 
54 7.8220475786 61.2643498471 930.913602574 
55 7.6315227515 56.7197623394 935.648714909 
56 7.45927930796 52.5083100274 940.032410665 
57 7.30329582126 48.6062280939 944.090476085 
58 7.16181897492 44.9913261554 947.84685487 
59 7.03331038645 41.6429208356 951.323768778 
60 6.91642534766 38.5417378067 954.541836846 
61 6.80997865366 35.6698383459 957.520183 
62 6.71292627379 33.0105320814 960.276541645 
63 6.62434398433 30.5483011399 962.827354876 
64 6.5434121082 28.2687247968 965.187863095 
65 6.46940179396 26.1584082081 967.372189998 
66 6.40166142453 24.2049149451 969.39342363 
67 6.33961193191 22.396700193 971.263687875 
68 6.2827364735 20.7230508174 972.994212709 
69 6.23056507667 19.1740320825 974.595402841 
70 6.18268059864 17.7404292744 976.076890127 
71 6.13870469419 16.4136986312 977.447596675 
72 6.09829599292 15.1859205636 978.715783443 
73 6.0611480702 14.0497555374 979.889096392 
74 6.02698084396 12.9984008722 980.974618284 
75 5.99554225785 12.0255551915 981.978902551 
76 5.96660311239 11.1253803212 982.908016566 
77 5.93995449495 10.2924680571 983.767577448 
78 5.9154073885 9.52181136012 984.562781251 
79 5.89278861455 8.80877104441 985.298440341 
80 5.87194072834 8.14905260281 985.979006669 
81 5.85272013426 7.53867993117 986.608599935 
82 5.83499515686 6.97397053495 987.191034308 
83 5.81864589761 6.45151701471 987.729837088 
84 5.80356240852 5.96816424266 988.228273349 
85 5.78964375308 5.5209907237 988.689365523 
86 5.77679775639 5.1072938963 989.115908347 
87 5.7649397583 4.72457177564 989.510488466 
88 5.75399205216 4.3705086177 989.87549933 
89 5.74388330714 4.04296139595 990.213155297 
90 5.73454799341 3.73994696975 990.525505037 
91 5.725925876 3.45963010633 990.814444018 
92 5.7179615805 3.20031284763 991.081725572 
93 5.71060414809 2.96042370785 991.328972144 
94 5.70380660263 2.73850712986 991.557686268 
95 5.6975257703 2.53321787976 991.76925635 
96 5.69172196307 2.34331239044 991.964965646 
97 5.68635851981 2.16763845193 992.146003028 
98 5.68140166656 2.00513015943 992.313468174 
99 5.67682030797 1.8548019119 992.46837778 
100 5.67258570944 1.71574080182 992.611673489 
