Time S I R
0  997 3 0
1 996.604420979 3.2067391659 0.188839855188 
2 996.181764843 3.42754662255 0.39068853404 
3 995.730217261 3.66335315523 0.606429583871 
4 995.247845514 3.91514853882 0.837005947558 
5 994.732593239 4.18398389821 1.08342286277 
6 994.182274129 4.47097453315 1.34675133751 
7 993.594565047 4.77730298221 1.62813197115 
8 992.966997117 5.10422300033 1.92877988302 
9 992.296948034 5.45306284731 2.24998911863 
10 991.581638668 5.82522674313 2.59313458844 
11 990.818117748 6.22220116768 2.95968108413 
12 990.003254067 6.64555826252 3.35118767045 
13 989.133733793 7.09695618546 3.76931002192 
14 988.20604792 7.5781444725 4.21580760794 
15 987.216484092 8.09096634627 4.69254956131 
16 986.161118179 8.6373620479 5.20151977319 
17 985.03580537 9.21937094235 5.74482368747 
18 983.836171773 9.83913451373 6.324693713 
19 982.557606919 10.498897124 6.94349595702 
20 981.195255341 11.2010084987 7.6037361605 
21 979.744011399 11.9479219733 8.30806662819 
22 978.198509351 12.7421987229 9.05929192584 
23 976.553117122 13.5865076342 9.86037524405 
24 974.801941285 14.4836127897 10.7144459255 
25 972.93881119 15.4363838929 11.6248049171 
26 970.95727841 16.4477907774 12.594930813 
27 968.850634646 17.5208810987 13.6284842551 
28 966.611888358 18.658795791 14.729315851 
29 964.233775984 19.8647538866 15.9014701298 
30 961.708794935 21.14201952 17.1491855452 
31 959.029171343 22.4939230603 18.4769055964 
32 956.186891562 23.9238307315 19.8892777061 
33 953.173751429 25.4351010708 21.3911475007 
34 949.981314858 27.0311109694 22.9875741721 
35 946.600970201 28.7152081662 24.6838216332 
36 943.023996586 30.4906571636 26.4853462508 
37 939.241542051 32.360649235 28.3978087137 
38 935.24470547 34.3282403123 30.4270542182 
39 931.024547745 36.3963357289 32.5791165261 
40 926.572173794 38.5676294318 34.8601967744 
41 921.878794946 40.8445557565 37.2766492973 
42 916.935759668 43.2292627044 39.8349776275 
43 911.734685896 45.7235234831 42.541790621 
44 906.267474032 48.3287179457 45.4038080223 
45 900.526446599 51.045745237 48.4278081642 
46 894.504411365 53.8749759924 51.6206126427 
47 888.194751541 56.8161945234 54.9890539356 
48 881.591564626 59.8685190185 58.5399163554 
49 874.689712086 63.0303586647 62.2799292491 
50 867.484970754 66.2993438364 66.2156854099 
51 859.974121035 69.6722651714 70.3536137936 
52 852.155049756 73.1450240351 74.6999262085 
53 844.026845457 76.7126016179 79.2605529254 
54 835.589942404 80.3689790583 84.0410785374 
55 826.846147838 84.1071505921 89.0467015696 
56 817.798740956 87.9190921669 94.282166877 
57 808.452587988 91.7957248565 99.7516871554 
58 798.814117757 95.7269770581 105.458905185 
59 788.891428891 99.7017594704 111.406811638 
60 778.694293251 103.708015772 117.597690977 
61 768.234117903 107.732805411 124.033076686 
62 757.523992971 111.762333288 130.713673741 
63 746.578592972 115.782071646 137.639335382 
64 735.414130054 119.776859846 144.8090101 
65 724.04828718 123.731017621 152.220695199 
66 712.500071668 127.628489014 159.871439318 
67 700.78970948 131.452996798 167.757293723 
68 688.938495574 135.18818604 175.873318385 
69 676.968624648 138.817783361 184.21359199 
70 664.902990667 142.325821907 192.771187426 
71 652.765016999 145.69676771 201.538215292 
72 640.578500909 148.915611828 210.505887263 
73 628.367303455 151.968188649 219.664507896 
74 616.155191424 154.841266537 229.003542039 
75 603.965775266 157.522540685 238.511684049 
76 591.82210729 160.000973662 248.176919048 
77 579.746548392 162.266851184 257.986600425 
78 567.760798163 164.311689808 267.927512029 
79 555.885509106 166.128507683 277.985983211 
80 544.140176421 167.711845753 288.147977826 
81 532.54321985 169.057648784 298.399131366 
82 521.111711898 170.163388734 308.724899368 
83 509.861298126 171.028046326 319.110655548 
84 498.806274559 171.652015457 329.541709984 
85 487.959475646 172.037073299 340.003451055 
86 477.33224286 172.186307999 350.481449141 
87 466.93447052 172.104065016 360.961464464 
88 456.774622522 171.79582321 371.429554268 
89 446.859769994 171.26805725 381.872172756 
90 437.195609042 170.528212775 392.276178183 
91 427.786534315 169.584570988 402.628894697 
92 418.635753691 168.446051409 412.9181949 
93 409.745298825 167.122192688 423.132508486 
94 401.116089288 165.62306311 433.260847603 
95 392.748110038 163.959030671 443.292859291 
96 384.640430263 162.140737487 453.21883225 
97 376.791231898 160.17906357 463.029704532 
98 369.19801387 158.08490851 472.717077619 
99 361.857621215 155.869161202 482.273217584 
100 354.766252946 153.542687518 491.691059536 
