Time S I R
0  997 3 0
1 995.72061147 4.11945586934 0.159932660522 
2 993.966976437 5.65353986731 0.379483695896 
3 991.566207629 7.75310895477 0.680683416441 
4 988.284977378 10.6214955122 1.09352711004 
5 983.810543034 14.5307428764 1.65871409 
6 977.727874145 19.8409444552 2.43118139943 
7 969.493633413 27.0217887082 3.48457787848 
8 958.409947192 36.6733368159 4.91671599217 
9 943.604330533 49.5398420158 6.85582745078 
10 924.027308957 66.5055893118 9.46710173089 
11 898.48639464 88.5553001195 12.9583052406 
12 865.741085814 116.676530775 17.5823834111 
13 824.683326616 151.682758261 23.6339151227 
14 774.611251992 193.95314091 31.4356070977 
15 715.561817796 243.126461224 41.3117209798 
16 648.604315075 297.847353046 53.5483318789 
17 575.947440347 355.706631987 68.3459276665 
18 500.733776038 413.490184524 85.7760394382 
19 426.519909823 467.723831689 105.756258488 
20 356.609059796 515.337423403 128.053516801 
21 293.491210138 554.193468611 152.31532125 
22 238.574297302 583.307394164 178.118308534 
23 192.231105247 602.749673499 205.019221254 
24 154.05130341 613.352162872 232.596533718 
25 123.154306993 616.368517555 260.477175452 
26 98.4612098495 613.189902919 288.348887231 
27 78.8829967029 605.15520669 315.961796607 
28 63.427211063 593.449347515 343.123441422 
29 51.2436577546 579.065606789 369.690735456 
30 41.6326482636 562.806117696 395.56123404 
31 34.0331157031 545.302029617 420.66485468 
32 28.002688098 527.04056766 444.956744242 
33 23.1962414284 508.392381235 468.411377336 
34 19.3461576746 489.635994738 491.017847587 
35 16.2454051761 470.978389794 512.77620503 
36 13.7339351895 452.571540883 533.694523927 
37 11.6879629209 434.52525982 553.786777259 
38 10.011508281 416.917316732 573.071174987 
39 8.62985714138 399.801272952 591.568869907 
40 7.48462995614 383.21236544 609.303004604 
41 6.5300109856 367.172001193 626.297987822 
42 5.7298893008 351.691159392 642.578951307 
43 5.05567759551 336.772980649 658.171341755 
44 4.48461462639 322.414776966 673.100608407 
45 3.99851524735 308.609505153 687.391979599 
46 3.58266576499 295.347064037 701.070270198 
47 3.22527340367 282.61492348 714.159803116 
48 2.91674142366 270.398968241 726.684290335 
49 2.64922262343 258.6840042 738.666773177 
50 2.41629702573 247.454114522 750.129588452 
51 2.21268277778 236.692973476 761.094343747 
52 2.03400414287 226.384094644 771.581901213 
53 1.87663296506 216.510990664 781.612376371 
54 1.73755385983 207.057303581 791.205142559 
55 1.61418234507 198.006991943 800.378825712 
56 1.5044162367 189.34423699 809.151346773 
57 1.40643349943 181.053655949 817.539910552 
58 1.31872356725 173.120237182 825.561039251 
59 1.23997255419 165.529447062 833.230580384 
60 1.16908145502 158.267182733 840.563735812 
61 1.10509057407 151.319832901 847.575076525 
62 1.04718953321 144.674240187 854.27857028 
63 0.994668615436 138.317732764 860.68759862 
64 0.9469223539 132.238098755 866.814978891 
65 0.903423974427 126.423583158 872.672992868 
66 0.86371725406 120.862880178 878.273402568 
67 0.827387515149 115.545164392 883.627448093 
68 0.79407157585 110.460045475 888.74588295 
69 0.763458196812 105.597466234 893.639075569 
70 0.735287445491 100.94784808 898.316864474 
71 0.70934750737 96.502045774 902.788606719 
72 0.685414705181 92.251212863 907.063372432 
73 0.663290402228 88.1868805071 911.149829091 
74 0.642809027551 84.3009632264 915.056227746 
75 0.62381770303 80.5856819787 918.790500318 
76 0.606189388831 77.0336327735 922.360177838 
77 0.589805665842 73.6377002665 925.772494068 
78 0.574556617063 70.3910570633 929.03438632 
79 0.560350685613 67.2872097106 932.152439604 
80 0.547098916375 64.3198948096 935.133006274 
81 0.53472435012 61.4831473477 937.982128302 
82 0.523158686834 58.771267597 940.705573716 
83 0.512335791525 56.1787586818 943.308905527 
84 0.502200495694 53.7004150495 945.797384455 
85 0.49270043628 51.3312251196 948.176074444 
86 0.483787882823 49.0663950537 950.449817063 
87 0.475419588194 46.9013506483 952.623229764 
88 0.467556332234 44.8317166171 954.700727051 
89 0.460163716921 42.8533098523 956.686526431 
90 0.453207186952 40.9621066763 958.584686137 
91 0.446653303563 39.1542433873 960.399103309 
92 0.44047591118 37.4260693509 962.133454738 
93 0.43465109194 35.7740950106 963.791253897 
94 0.42915643572 34.1949789991 965.375864565 
95 0.42396963237 32.6855080968 966.890522271 
96 0.419070172217 31.2426104706 968.338319357 
97 0.414439694837 29.8633553533 969.722204952 
98 0.410061474443 28.5449428936 971.044995632 
99 0.405919794749 27.2846930902 972.309387115 
100 0.402000112094 26.0800449104 973.517954978 
