Time S I R
0  997 3 0
1 994.975940039 4.84620710119 0.177852859807 
2 991.71717156 7.81786803076 0.46496040929 
3 986.488388495 12.5840019901 0.927609514714 
4 978.144387093 20.1846124268 1.6710004799 
5 964.94463186 32.1953141941 2.86005394621 
6 944.348108893 50.9035854574 4.74830565009 
7 912.888025769 79.3984558204 7.71351841039 
8 866.36400742 121.344640021 12.2913525585 
9 800.745850081 180.06984735 19.1843025695 
10 714.102881733 256.690701778 29.2064164893 
11 609.093554368 347.780019345 43.1264262874 
12 494.169236057 444.405068084 61.4256958588 
13 381.448289005 534.467660337 84.0840506573 
14 281.930477726 607.527930188 110.541592086 
15 201.648138477 658.480285918 139.871575605 
16 141.22197504 687.733680814 171.044344146 
17 97.870888058 698.993669617 203.135442325 
18 67.6769633431 696.90232512 235.420711537 
19 46.9709554912 685.645786111 267.383258397 
20 32.8495391133 668.471956617 298.67850427 
21 23.206766476 647.703251703 329.089981821 
22 16.5849764619 624.924371073 358.490652465 
23 11.9995493032 601.186808462 386.813642235 
24 8.79220449413 577.176156016 414.03163949 
25 6.52412374829 553.332909504 440.142966748 
26 4.90189352829 529.935813941 465.162292531 
27 3.72826218703 507.157190811 489.114547002 
28 2.8693991204 485.099721846 512.030879034 
29 2.23378850595 463.820156782 533.946054712 
30 1.75824476477 443.345036729 554.896718506 
31 1.39873062033 423.681015146 574.920254234 
32 1.12406594303 404.821919812 594.054014245 
33 0.912177625148 386.752947983 612.334874392 
34 0.747176616247 369.453934116 629.798889268 
35 0.617508035827 352.90140031 646.481091654 
36 0.514723210543 337.069891298 662.415385491 
37 0.432586136072 321.932940902 677.634472962 
38 0.366405439684 307.463777452 692.169817108 
39 0.31266942849 293.635682244 706.051648327 
40 0.268719525888 280.422307535 719.308972939 
41 0.232528684549 267.797878437 731.969592879 
42 0.202529648189 255.73733725 744.060133102 
43 0.177499224497 244.216423071 755.606077705 
44 0.15648895889 233.211699014 766.631812027 
45 0.138752928022 222.700589674 777.160657398 
46 0.123706235857 212.661374343 787.214919421 
47 0.110862933971 203.073228912 796.815908154 
48 0.0998259314969 193.916175134 805.983998935 
49 0.0903039741195 185.171021996 814.73867403 
50 0.0820718568693 176.819434698 823.098493446 
51 0.0749070255581 168.843816832 831.081276143 
52 0.068656831554 161.227387572 838.703955597 
53 0.0631749712824 153.954040729 845.982784299 
54 0.058351613616 147.008428584 852.933219803 
55 0.0540867040399 140.375813175 859.570100121 
56 0.050305400317 134.042159875 865.907534725 
57 0.0469453003597 127.994055825 871.958998874 
58 0.0439483079115 122.218642549 877.737409143 
59 0.0412651048291 116.703659971 883.255074924 
60 0.0388581631888 111.437401847 888.52373999 
61 0.0366940478426 106.408669294 893.554636658 
62 0.0347353092089 101.606731193 898.358533498 
63 0.0329616500785 97.021392478 902.945645872 
64 0.0313527893177 92.6429000546 907.325747156 
65 0.0298895131058 88.4619306134 911.508179873 
66 0.0285565664785 84.4695880313 915.501855402 
67 0.0273392300114 80.6573674382 919.315293332 
68 0.026225187486 77.0171498548 922.956624958 
69 0.025203973303 73.5411823565 926.43361367 
70 0.0242658009488 70.222055311 929.753678888 
71 0.0234025561156 67.0526988595 932.923898584 
72 0.0226069867384 64.0263587118 935.951034301 
73 0.0218726099458 61.1365845334 938.841542857 
74 0.0211939468427 58.3772243921 941.601581661 
75 0.0205658009825 55.7423941043 944.237040095 
76 0.019983377387 53.2264691414 946.753547481 
77 0.0194422717808 50.8240727314 949.156484997 
78 0.0189385519089 48.5300833533 951.450978095 
79 0.0184688536901 46.3396126214 953.641918525 
80 0.0180305614437 44.2479933716 955.733976067 
81 0.0176220713137 42.2507774448 957.731600484 
82 0.0172421951272 40.343719592 959.639038213 
83 0.0168877559749 38.5227405119 961.460371732 
84 0.0165564057988 36.7839517202 963.199491874 
85 0.0162456532344 35.1236362318 964.860118115 
86 0.0159537611205 33.5382506332 966.445795606 
87 0.0156796157837 32.0244164393 967.959903945 
88 0.0154221735652 30.578907241 969.405670585 
89 0.0151807256196 29.1986449963 970.786174278 
90 0.0149538770791 27.8806819095 972.104364213 
91 0.0147405079828 26.6222058859 973.363053606 
92 0.01453957184 25.4205327494 974.564927679 
93 0.0143501531239 24.2730991071 975.71255074 
94 0.0141715687317 23.177456589 976.808371842 
95 0.0140031094775 22.13126722 977.854729671 
96 0.0138441424776 21.1322982843 978.853857573 
97 0.0136940393505 20.1784184191 979.807887542 
98 0.0135522257065 19.267592884 980.71885489 
99 0.0134181856499 18.3978795704 981.588702244 
100 0.0132914420216 17.567424079 982.419284479 
