Time S I R
0  997 3 0
1 994.641576215 5.27216594268 0.0862578419982 
2 990.514251893 9.24804266567 0.237705441184 
3 983.327367499 16.1696998105 0.502932690489 
4 970.92132761 28.1133075864 0.965364803729 
5 949.824259403 48.4102488315 1.76549176515 
6 914.84467275 82.0231985205 3.13212872977 
7 859.211069107 135.371726732 5.41720416085 
8 776.323149069 214.564844618 9.11200631299 
9 664.09398464 321.106979896 14.7990354634 
10 530.265198246 446.739236321 22.9955654329 
11 392.76195728 573.309644303 33.9283984173 
12 271.323206735 681.276300599 47.4004926658 
13 177.398125911 759.725446771 62.8764273175 
14 111.752772217 808.540241046 79.7069867363 
15 68.9090191785 833.774119534 97.3168612875 
16 42.0812671449 842.639189727 115.279543128 
17 25.6495646877 841.03936755 133.311067762 
18 15.680472006 833.085040157 151.234487838 
19 9.64242601867 821.413339694 168.944234288 
20 5.9744477066 807.646009598 186.379542696 
21 3.73314677339 792.75994613 203.506907097 
22 2.35353702171 777.337317242 220.309145736 
23 1.49738916026 761.723811907 236.778798933 
24 0.961447771626 746.124387821 252.914164408 
25 0.623008620497 730.660037125 268.716954255 
26 0.407358453786 715.401756117 284.190885429 
27 0.268738107714 700.390414659 299.340847233 
28 0.178861622591 685.648745192 314.172393185 
29 0.119995636727 671.188573109 328.691431254 
30 0.0812061786164 657.014739432 342.904054389 
31 0.0553769617873 643.128216301 356.816406737 
32 0.0381476408983 629.527236375 370.434615984 
33 0.0264898787545 616.208748945 383.764761176 
34 0.0185623691056 603.168588232 396.812849399 
35 0.0130715420732 590.402142553 409.584785905 
36 0.00925420048634 577.904369774 422.086376025 
37 0.0066013782963 565.670082837 434.323315785 
38 0.00474502097484 553.694056191 446.301198788 
39 0.00344039602192 541.971072245 458.025487359 
40 0.00251108609621 530.495947256 469.501541658 
41 0.0018447961794 519.263543916 480.734611288 
42 0.00136669374388 508.26881106 491.729822246 
43 0.00101680080274 497.506755765 502.492227434 
44 0.000760557366448 486.972498703 513.02674074 
45 0.000571167213593 476.661227567 523.338201266 
46 0.000432476839364 466.568253353 533.43131417 
47 0.000329280319534 456.688945952 543.310724768 
48 0.000251374772574 447.01880682 552.980941806 
49 0.00018905401862 437.553424836 562.44638611 
50 0.000136686049245 428.28844261 571.711420704 
51 9.35976311212e-05 419.219613348 580.780293055 
52 6.36395022866e-05 410.342802419 589.657133941 
53 3.96108573568e-05 401.653916323 598.346044067 
54 1.68388298789e-05 393.148964616 606.851018545 
55 0 384.824079314 615.175920686 
56 0 376.675492973 623.324507027 
57 0 368.699511833 631.300488167 
58 0 360.892411651 639.107588349 
59 0 353.250613824 646.749386176 
60 0 345.77062806 654.22937194 
61 0 338.449045586 661.550954414 
62 0 331.282498152 668.717501848 
63 0 324.26768859 675.73231141 
64 0 317.401409065 682.598590935 
65 0 310.680526461 689.319473539 
66 0 304.10198245 695.89801755 
67 0 297.662708897 702.337291103 
68 0 291.359781729 708.640218271 
69 0 285.190317362 714.809682638 
70 0 279.151502725 720.848497275 
71 0 273.24056305 726.75943695 
72 0 267.454779489 732.545220511 
73 0 261.791505397 738.208494603 
74 0 256.248150557 743.751849443 
75 0 250.822178947 749.177821053 
76 0 245.511106527 754.488893473 
77 0 240.312505481 759.687494519 
78 0 235.223998884 764.776001116 
79 0 230.243253426 769.756746574 
80 0 225.367980693 774.632019307 
81 0 220.595935101 779.404064899 
82 0 215.924911845 784.075088155 
83 0 211.352777399 788.647222601 
84 0 206.877457815 793.122542185 
85 0 202.496903116 797.503096884 
86 0 198.209106075 801.790893925 
87 0 194.012101076 805.987898924 
88 0 189.903962972 810.096037028 
89 0 185.882811021 814.117188979 
90 0 181.946807378 818.053192622 
91 0 178.09414912 821.90585088 
92 0 174.323070982 825.676929018 
93 0 170.631844374 829.368155626 
94 0 167.018776402 832.981223598 
95 0 163.48221241 836.51778759 
96 0 160.020535651 839.979464349 
97 0 156.632160301 843.367839699 
98 0 153.315533638 846.684466362 
99 0 150.0691352 849.9308648 
100 0 146.891475923 853.108524077 
