Time S I R
0  997 3 0
1 992.942702241 6.89836537296 0.158932385983 
2 983.700988028 15.7756254606 0.523386510911 
3 963.015970677 35.632345984 1.35168333874 
4 918.480521579 78.322351727 3.19712669422 
5 830.114540854 162.745741505 7.13971764041 
6 680.069067666 305.020819895 14.9101124393 
7 481.790964317 489.86486267 28.3441730133 
8 290.964237147 661.036043023 47.9997198294 
9 155.124480447 772.361758567 72.5137609867 
10 77.1628220919 823.106864181 99.7303137276 
11 37.4171240187 834.64264729 127.940228691 
12 18.1426486825 825.704505834 156.152845484 
13 8.9075672416 807.213990731 183.878442027 
14 4.45358205459 784.649400497 210.897017448 
15 2.27254505566 760.607560381 237.119894563 
16 1.18434345108 736.295626784 262.520029765 
17 0.630368450212 712.270704988 287.098926562 
18 0.342523833521 688.7862812 310.871194967 
19 0.189936839536 665.952740077 333.857323083 
20 0.107332772111 643.812426138 356.08024109 
21 0.0618032327369 622.374492127 377.56370464 
22 0.0363199299403 601.63222625 398.33145382 
23 0.0217639047812 581.571367076 418.406869019 
24 0.0132259528493 562.173995743 437.812778304 
25 0.00815494359267 543.42046783 456.571377226 
26 0.0051166528151 525.290695904 474.704187443 
27 0.00326505048304 507.764710662 492.232024287 
28 0.00211568681334 490.822847429 509.175036884 
29 0.0013923279148 474.445905566 525.552702106 
30 0.000924668192511 458.6151767 541.383898632 
31 0.000621280363021 443.312524073 556.686854647 
32 0.000424246461307 428.520377996 571.479197758 
33 0.000291370344939 414.221738348 585.777970281 
34 0.000193036567339 400.400160413 599.59964655 
35 0.000120529370633 387.039710075 612.960169395 
36 7.23632613244e-05 374.125020137 625.8749075 
37 3.30683774337e-05 361.641145373 638.358821559 
38 1.38786776915e-05 349.573855713 650.426130409 
39 1.69976133293e-05 337.909317511 662.090665492 
40 2.33346559071e-05 326.633971669 673.366004996 
41 2.66240260771e-05 315.734875233 684.265098143 
42 2.47318145057e-05 305.199474046 694.800501222 
43 1.98891011678e-05 295.015596057 704.984384054 
44 1.48541835188e-05 285.171569146 714.828416 
45 8.99780229702e-06 275.655985422 724.34400558 
46 4.52701158338e-06 266.457910474 733.542084999 
47 3.19862340348e-06 257.566772873 742.433223928 
48 4.91014202453e-06 248.972316808 751.027678282 
49 8.56602366639e-06 240.664631202 759.335360232 
50 1.24231096379e-05 232.634161329 767.365826248 
51 1.34023172222e-05 224.871666896 775.128319702 
52 1.34379521342e-05 217.368223627 782.631762935 
53 1.32758543714e-05 210.115184284 789.88480244 
54 1.23066695323e-05 203.104159184 796.895828509 
55 9.84269524906e-06 196.327025031 803.672965127 
56 7.01041699358e-06 189.776024258 810.223968732 
57 4.44549948497e-06 183.443618967 816.556376588 
58 2.79837468042e-06 177.322509183 822.677488019 
59 2.50741300079e-06 171.40563965 828.594357843 
60 3.02876037495e-06 165.686205977 834.313790994 
61 3.9479972429e-06 160.157620282 839.84237577 
62 4.52790300187e-06 154.813510492 845.18648498 
63 4.43901240033e-06 149.647720558 850.352275003 
64 4.12530266658e-06 144.654305974 855.345689901 
65 3.62843252333e-06 139.827512885 860.172483487 
66 3.09775668939e-06 135.161776585 864.838220317 
67 2.61682544078e-06 130.651721999 869.348275384 
68 2.10190432881e-06 126.292161143 873.707836755 
69 1.69823499618e-06 122.078070193 877.921928109 
70 1.57801741807e-06 118.004591211 881.995407211 
71 1.67995870015e-06 114.067038422 885.932959898 
72 1.95941606762e-06 110.260879226 889.739118814 
73 2.38591576363e-06 106.581727628 893.418269986 
74 2.8587601264e-06 103.025341638 896.974655503 
75 3.17130695748e-06 99.5876182267 900.412378602 
76 3.19631158163e-06 96.2645921748 903.735404629 
77 3.31117905716e-06 93.0524391303 906.947557559 
78 3.54091127974e-06 89.9474593709 910.052537088 
79 3.83062445053e-06 86.9460794958 913.053916674 
80 4.04112938668e-06 84.0448503406 915.955145618 
81 3.91989522086e-06 81.2404446524 918.759551428 
82 3.52153472249e-06 78.5296299196 921.470366559 
83 3.03456351958e-06 75.9092743634 924.090722602 
84 2.52902816555e-06 73.3763574769 926.623639994 
85 2.12357554119e-06 70.9279573924 929.072040484 
86 1.96028759092e-06 68.5612484313 931.438749608 
87 1.95684560822e-06 66.2735071808 933.726490862 
88 2.06628260457e-06 64.0620995625 935.937898371 
89 2.22235769343e-06 61.9244798868 938.075517891 
90 2.2947317575e-06 59.8581896697 940.141808036 
91 2.20472270485e-06 57.8608510081 942.139146787 
92 2.06436016015e-06 55.9301593005 944.069838635 
93 1.88466731288e-06 54.063890792 945.936107323 
94 1.70180283021e-06 52.2598960109 947.740102287 
95 1.58684940743e-06 50.516097178 949.483901235 
96 1.51834376538e-06 48.830485592 951.16951289 
97 1.46296338244e-06 47.2011194429 952.798879094 
98 1.42064027386e-06 45.626121662 954.373876917 
99 1.38567918384e-06 44.1036777286 955.896320886 
100 1.34920082928e-06 42.6320336726 957.367964978 
