Time S I R
0  997 3 0
1 993.655014131 5.99590187409 0.349083994429 
2 987.015590348 11.9389379669 1.04547168481 
3 973.975040078 23.5979650059 2.42699491614 
4 948.883045416 45.9788691035 5.13808548099 
5 902.454952352 87.1960042307 10.3490434171 
6 822.441103239 157.566124896 19.9927718648 
7 700.00796198 263.256548232 36.7354897886 
8 542.760994097 394.075920501 63.1630854015 
9 380.058456488 519.764029299 100.177514213 
10 244.414458679 609.5525729 146.032968422 
11 149.24556977 653.483933657 197.270496573 
12 89.4386584061 660.103695806 250.457645788 
13 53.861517635 643.003189634 303.135292731 
14 33.0527464697 613.089837044 353.857416486 
15 20.814389359 577.29150276 401.894107881 
16 13.4896437418 539.564421342 446.945934917 
17 9.0026259752 502.04479654 488.952577485 
18 6.18288721048 465.836751079 527.980361711 
19 4.36445445528 431.476064593 564.159480952 
20 3.16162602295 399.188810922 597.649563055 
21 2.34653232118 369.032454859 628.62101282 
22 1.78139946719 340.973786475 657.244814058 
23 1.38105259633 314.931807958 683.687139445 
24 1.09173781906 290.801704549 708.106557632 
25 0.878731430926 268.468571787 730.652696782 
26 0.719220882135 247.814993509 751.465785609 
27 0.597794059537 228.725585777 770.676620163 
28 0.503997873224 211.089132763 788.406869363 
29 0.430550459522 194.800006083 804.769443457 
30 0.372300770903 179.758725759 819.86897347 
31 0.325570979076 165.872112406 833.802316614 
32 0.28769523378 153.053198231 846.659106535 
33 0.256651128517 141.221204526 858.522144346 
34 0.230937452929 130.300991367 869.46807118 
35 0.209530407779 120.22306755 879.567402042 
36 0.191549904804 110.922909644 888.885540452 
37 0.176327782156 102.34084921 897.482823007 
38 0.163361075364 94.4217669756 905.414871949 
39 0.152244700154 87.1146410768 912.733114223 
40 0.142660806195 80.3723442355 919.484994958 
41 0.134355723022 74.151371158 925.714273119 
42 0.127123003805 68.4115017531 931.461375243 
43 0.120797324741 63.1156166507 936.763586025 
44 0.115241695673 58.2294550973 941.655303207 
45 0.110346694569 53.7213980918 946.168255214 
46 0.106010938683 49.5621054365 950.331883625 
47 0.102161109531 45.7246789604 954.17315993 
48 0.0987351353754 42.1842794209 957.716985444 
49 0.0956758809541 38.9179031818 960.986420937 
50 0.0929375595024 35.9043636376 964.002698803 
51 0.0904808915037 33.1241056442 966.785413464 
52 0.0882720721783 30.5590824703 969.352645458 
53 0.0862821524692 28.1926406689 971.721077179 
54 0.084486136097 26.0094137573 973.906100107 
55 0.0828623947773 23.9952244896 975.921913116 
56 0.0813921333931 22.1369917341 977.781616133 
57 0.0800588289227 20.4226389642 979.497302207 
58 0.0788481760314 18.8410333674 981.080118457 
59 0.0777475067745 17.3818965637 982.540355929 
60 0.0767457167078 16.0357497305 983.887504553 
61 0.0758329545457 14.7938444279 985.130322618 
62 0.07500051329 13.6481106027 986.276888884 
63 0.0742406465066 12.5911023529 987.334657001 
64 0.0735464569309 11.6159496541 988.310503889 
65 0.0729117889001 10.7163151769 989.210773034 
66 0.0723311298146 9.88635048504 990.041318385 
67 0.0717995408099 9.12066125058 990.807539209 
68 0.0713125864573 8.41427017858 991.514417235 
69 0.0708662622527 7.76258339495 992.166550343 
70 0.0704569810615 7.16136725553 992.768175763 
71 0.070081505309 6.60671563837 993.323202856 
72 0.0697368820578 6.095020139 993.835242979 
73 0.0694204591673 5.62295529451 994.307624246 
74 0.0691298155896 5.18745071276 994.743419472 
75 0.0688627632728 4.7856755123 995.145461724 
76 0.0686173086631 4.41501713472 995.516365557 
77 0.068391641702 4.07306641236 995.858541946 
78 0.0681841109341 3.75759973589 996.174216153 
79 0.0679932126637 3.46656603179 996.465440756 
80 0.0678175736201 3.19807285904 996.734109567 
81 0.0676559406807 2.95037470773 996.981969352 
82 0.0675071670654 2.72186055751 997.210632275 
83 0.0673702051765 2.5110446298 997.421585165 
84 0.0672440996515 2.31655755323 997.616198347 
85 0.0671279704776 2.13713378112 997.795738248 
86 0.0670210132372 1.97160654758 997.961372439 
87 0.0669224922824 1.81890017671 998.114177331 
88 0.0668317298882 1.6780208828 998.255147387 
89 0.0667481063294 1.54805289965 998.385198994 
90 0.0666710531323 1.42815156513 998.505177382 
91 0.0666000463344 1.31753654259 998.615863411 
92 0.066534606447 1.21548904874 998.717976345 
93 0.0664742924184 1.12134562854 998.812180079 
94 0.0664186981001 1.03449367205 998.89908763 
95 0.0663674511694 0.954368768021 998.979263781 
96 0.0663202085623 0.88044973886 999.053230053 
97 0.0662766546734 0.812255777049 999.121467568 
98 0.0662364997748 0.749343841275 999.184419659 
99 0.0661994765345 0.691304576596 999.242495947 
100 0.0661653391293 0.637760548717 999.296074112 
