Time S I R
0  997 3 0
1 994.287693012 5.62182471199 0.090482275964 
2 989.231051816 10.5091158929 0.259832290752 
3 979.868637806 19.5556789066 0.575683287798 
4 962.753557232 36.0854825796 1.16096018831 
5 932.182651014 65.5845945154 2.23275447016 
6 879.769820275 116.075346274 4.15483345174 
7 795.918948259 196.599351192 7.48170054902 
8 675.550016967 311.522098249 12.9278847833 
9 527.078986414 451.750045748 21.1709678377 
10 374.581705124 592.903140872 32.5151540045 
11 244.512664005 708.804734781 46.6826012135 
12 149.77440479 787.263413801 62.9621814087 
13 88.1887195954 831.257017191 80.5542632139 
14 50.8978416307 850.291141601 98.811016768 
15 29.1755579178 853.52969938 117.294742702 
16 16.7437430274 847.517220667 135.739036305 
17 9.664815308 836.343678357 153.991506335 
18 5.62533076672 822.406001897 171.968667337 
19 3.30569831431 807.067510454 189.626791231 
20 1.96258083462 791.092816711 206.944602455 
21 1.1774530229 774.909157227 223.91338975 
22 0.713923303638 758.754618794 240.531457902 
23 0.437441937771 742.761546323 256.801011739 
24 0.270821981415 727.002759823 272.726418196 
25 0.169404240629 711.517371343 288.313224416 
26 0.10695537133 696.325451389 303.56759324 
27 0.0682254336472 681.435772563 318.496002003 
28 0.0439496799956 666.851013775 333.105036545 
29 0.0285959403495 652.570109803 347.401294257 
30 0.0188092450501 638.589862945 361.39132781 
31 0.0124928600054 624.905900913 375.081606227 
32 0.00832532329662 611.513178259 388.478496417 
33 0.00558641719999 598.406158301 401.588255282 
34 0.00378816905686 585.579194547 414.417017284 
35 0.0025961073718 573.026617724 426.970786168 
36 0.00179336322776 560.742760576 439.255446061 
37 0.00124845705932 548.721992149 451.276759394 
38 0.000876855343677 536.958760189 463.040362956 
39 0.000619665602017 525.4475966 474.551783734 
40 0.000440796709427 514.18313411 485.816425094 
41 0.000316292238494 503.160113352 496.839570356 
42 0.000228331031167 492.373361041 507.626410628 
43 0.00016424297894 481.817846186 518.181989571 
44 0.000113034874403 471.488618004 528.511268961 
45 7.04121714534e-05 461.380804778 538.61912481 
46 3.91251317069e-05 451.489657473 548.510303402 
47 2.30013143891e-05 441.810536905 558.189440094 
48 7.34533637115e-06 432.33887149 567.661121165 
49 0 423.070223259 576.929776741 
50 0 414.000277419 585.999722581 
51 0 405.124831255 594.875168745 
52 0 396.43967455 603.56032545 
53 0 387.94070007 612.05929993 
54 0 379.623923979 620.376076021 
55 0 371.485456396 628.514543604 
56 0 363.521474661 636.478525339 
57 0 355.728214504 644.271785496 
58 0 348.102020117 651.897979883 
59 0 340.639321567 659.360678433 
60 0 333.336626054 666.663373946 
61 0 326.190479535 673.809520465 
62 0 319.197524017 680.802475983 
63 0 312.35448378 687.64551622 
64 0 305.658160088 694.341839912 
65 0 299.105389895 700.894610105 
66 0 292.693082744 707.306917256 
67 0 286.418233682 713.581766318 
68 0 280.277909619 719.722090381 
69 0 274.269247235 725.730752765 
70 0 268.389401106 731.610598894 
71 0 262.635595018 737.364404982 
72 0 257.005131949 742.994868051 
73 0 251.495379081 748.504620919 
74 0 246.103765322 753.896234678 
75 0 240.827736728 759.172263272 
76 0 235.664804559 764.335195441 
77 0 230.612549112 769.387450888 
78 0 225.66860841 774.33139159 
79 0 220.830675208 779.169324792 
80 0 216.096456228 783.903543772 
81 0 211.463719561 788.536280439 
82 0 206.930294238 793.069705762 
83 0 202.494061142 797.505938858 
84 0 198.152967224 801.847032776 
85 0 193.904905576 806.095094424 
86 0 189.747913254 810.252086746 
87 0 185.680037252 814.319962748 
88 0 181.699373875 818.300626125 
89 0 177.804064115 822.195935885 
90 0 173.992263267 826.007736733 
91 0 170.262178082 829.737821918 
92 0 166.612059206 833.387940794 
93 0 163.040194447 836.959805553 
94 0 159.544907138 840.455092862 
95 0 156.124554707 843.875445293 
96 0 152.777536706 847.222463294 
97 0 149.502285214 850.497714786 
98 0 146.297259911 853.702740089 
99 0 143.160950107 856.839049893 
100 0 140.091873302 859.908126698 
