Time S I R
0.0  10000 1 0
1 9998.79932941 1.51018459395 0.690485995397 
2 9996.98649687 2.28032969623 1.73317342975 
3 9994.25010485 3.44247214179 3.30742301038 
4 9990.12122737 5.19518529651 5.68358733769 
5 9983.8949532 7.83638810471 9.26865869236 
6 9974.5141022 11.8115467726 14.6743510288 
7 9960.39922407 17.783173218 22.8176027082 
8 9939.20378882 26.7286927768 35.0675184065 
9 9907.47135935 40.0724249256 53.456215728 
10 9860.17634783 59.8507434199 80.9729087456 
11 9790.15495289 88.8896975728 121.955349539 
12 9687.50101318 130.928923112 182.570063712 
13 9539.14743457 190.53868217 271.313883263 
14 9329.10479443 272.546345019 399.348860551 
15 9040.13240427 380.578287776 580.28930795 
16 8657.69422648 514.449614984 828.856158541 
17 8176.30200263 666.865599416 1157.83239796 
18 7606.28923061 821.321906374 1573.38886302 
19 6976.67653462 954.075240953 2070.24822442 
20 6330.17790357 1041.36957327 2629.45252316 
21 5711.40346209 1068.62726189 3220.96927602 
22 5154.84272751 1035.60161026 3810.55566223 
23 4678.97247236 954.492012311 4367.53551533 
24 4287.45171337 843.501479153 4870.04680748 
25 3974.07531216 720.41308044 5306.5116074 
26 3727.91239194 598.868225324 5674.21938274 
27 3536.92079432 487.430607737 5976.64859794 
28 3389.9034709 390.310165265 6220.78636384 
29 3277.29735385 308.650904106 6415.05174204 
30 3191.31423186 241.749529069 6567.93623907 
31 3125.78505869 187.971003848 6687.24393746 
32 3075.90280601 145.344818722 6779.75237527 
33 3037.95885879 111.910134331 6851.13100688 
34 3009.10902528 85.8896554156 6906.0013193 
35 2987.17989068 65.7580912928 6948.06201803 
36 2970.51413658 50.2514988031 6980.23436461 
37 2957.84996811 38.3473033015 7004.80272859 
38 2948.22734635 29.2316899453 7023.54096371 
39 2940.91625553 22.2648389419 7037.81890553 
40 2935.36150503 16.947886905 7048.69060807 
41 2931.14127994 12.8945707571 7056.9641493 
42 2927.93501723 9.80714856794 7063.25783421 
43 2925.49911759 7.4569314305 7068.04395098 
44 2923.64851816 5.66875999567 7071.68272185 
45 2922.24258546 4.30871487117 7074.44869967 
46 2921.17447896 3.27458008884 7076.55094095 
47 2920.36302455 2.48842107681 7078.14855437 
48 2919.74655649 1.89087323333 7079.36257028 
49 2919.27822067 1.43673986139 7080.28503947 
50 2918.92242336 1.09163323758 7080.9859434 
51 2918.65212202 0.829396540183 7081.51848144 
52 2918.44677271 0.63014100224 7081.92308629 
53 2918.29076785 0.478746582527 7082.23048557 
54 2918.17225022 0.363720533744 7082.46402925 
55 2918.08221192 0.276328454001 7082.64145963 
56 2918.01380946 0.209932685363 7082.77625785 
57 2917.9618439 0.159489499913 7082.8786666 
58 2917.92236539 0.121166329064 7082.95646828 
59 2917.89237351 0.0920514501506 7083.01557504 
60 2917.86958855 0.0699323474809 7083.0604791 
61 2917.85227873 0.0531281538275 7083.09459311 
62 2917.83912841 0.0403618211201 7083.12050977 
63 2917.82913806 0.0306631093047 7083.14019883 
64 2917.82154837 0.023294927265 7083.1551567 
65 2917.81578245 0.0176972654528 7083.16652029 
66 2917.81140206 0.0134446921793 7083.17515324 
67 2917.80807427 0.0102139899598 7083.18171174 
68 2917.80554614 0.00775960865335 7083.18669426 
69 2917.8036255 0.00589500440045 7083.19047949 
70 2917.80216639 0.0044784514936 7083.19335516 
