Time S I R
0.0  10000 1 0
1 9999.63700138 1.03793042383 0.325068199178 
2 9999.26025142 1.07728527337 0.662463309084 
3 9998.86923313 1.11811712913 1.01264974149 
4 9998.46341342 1.1604801333 1.3761064502 
5 9998.04223883 1.20443041401 1.75333075229 
6 9997.60513558 1.25002607524 2.14483834387 
7 9997.15150856 1.2973272824 2.55116416254 
8 9996.68074186 1.34639620451 2.97286193457 
9 9996.19219694 1.39729718735 3.41050587332 
10 9995.68521212 1.45009678757 3.86469109459 
11 9995.1591014 1.50486387351 4.33603473087 
12 9994.61315458 1.56166961411 4.82517580385 
13 9994.04663696 1.62058750799 5.33277553007 
14 9993.45878701 1.68169356552 5.85951942595 
15 9992.848815 1.74506642114 6.40611857947 
16 9992.21590309 1.81078733698 6.97330956881 
17 9991.55920441 1.87894026228 7.56185532451 
18 9990.87784313 1.94961180193 8.17254507051 
19 9990.170912 2.0228914485 8.80619655374 
20 9989.43747189 2.09887160016 9.46365651379 
21 9988.67655055 2.17764761724 10.1458018322 
22 9987.887142 2.25931790709 10.853540092 
23 9987.06820541 2.34398399316 11.5878105963 
24 9986.21866341 2.43175059504 12.3495859994 
25 9985.33740158 2.52272569331 13.139872722 
26 9984.42326746 2.61702060056 13.959711939 
27 9983.47506887 2.71475002176 14.8101811102 
28 9982.49157292 2.81603212588 15.6923949549 
29 9981.47150528 2.9209886263 16.6075060985 
30 9980.41354826 3.0297448051 17.5567069306 
31 9979.31633983 3.14242958617 18.5412305846 
32 9978.1784729 3.25917563872 19.5623514642 
33 9976.99849389 3.38011942166 20.6213866901 
34 9975.77490148 3.50540124691 21.7196972693 
35 9974.50614485 3.63516521464 22.8586899319 
36 9973.19062225 3.76955924634 24.0398184987 
37 9971.82668031 3.90873529307 25.2645843937 
38 9970.41261229 4.05284929856 26.5345384103 
39 9968.94665664 4.20206123794 27.8512821219 
40 9967.42699685 4.35653501045 29.2164681432 
41 9965.85176067 4.5164383915 30.6318009394 
42 9964.21901651 4.68194328814 32.099040197 
43 9962.52677307 4.85322563621 33.6200012945 
44 9960.77297792 5.03046540051 35.1965566807 
45 9958.9555172 5.21384637949 36.8306364207 
46 9957.07221521 5.40355601038 38.5242287831 
47 9955.12083085 5.59978574173 40.2793834101 
48 9953.09905734 5.80273080916 42.0982118532 
49 9951.00452096 6.01259017111 43.9828888677 
50 9948.83478094 6.22956620152 45.9356528626 
51 9946.58732977 6.4538642653 47.9588059621 
52 9944.25958925 6.68569323848 50.0547175162 
53 9941.84891053 6.92526511785 52.2258243523 
54 9939.35257327 7.17279485528 54.4746318727 
55 9936.76778597 7.42849992637 56.8037141045 
56 9934.09168777 7.69259961204 59.2157126192 
57 9931.32134338 7.96531562971 61.7133409893 
58 9928.4537441 8.24687155355 64.2993843504 
59 9925.4858074 8.5374925023 66.9767000936 
60 9922.41437813 8.8374045553 69.7482173098 
61 9919.23623243 9.14683366454 72.6169339051 
62 9915.94807138 9.4660063643 75.5859222557 
63 9912.54652326 9.795148969 78.6583277742 
64 9909.02814405 10.1344870593 81.8373688891 
65 9905.3894194 10.4842447497 85.12633585 
66 9901.62677101 10.8446432568 88.5285857351 
67 9897.73655052 11.2159013783 92.0475481055 
68 9893.71504286 11.5982345083 95.6867226298 
69 9889.55846826 11.991853853 99.449677887 
70 9885.26298748 12.3969652566 103.340047265 
