Time S I R
0  997 3 0
1 995.968418588 3.8324365171 0.199144894588 
2 994.652385785 4.8941119891 0.453502226237 
3 992.974685316 6.24706504441 0.778249639221 
4 990.837921918 7.96942621119 1.19265187112 
5 988.119715095 10.1591727544 1.72111215063 
6 984.667048975 12.9384885563 2.3944624685 
7 980.289869774 16.4586137146 3.25151651173 
8 974.754071767 20.9050024386 4.34092579421 
9 967.774404866 26.5022644858 5.7233306486 
10 959.008183114 33.5180395449 7.47377734109 
11 948.051304008 42.2644030405 9.68429295121 
12 934.438825826 53.0947460023 12.4664281714 
13 917.653305942 66.3932799179 15.9534141397 
14 897.14487548 82.5537199995 20.301404521 
15 872.367255839 101.943679527 25.6890646339 
16 842.83289412 124.85250502 32.3146008602 
17 808.187311241 151.423430319 40.3892584395 
18 768.296855041 181.576628806 50.1265161534 
19 723.335846902 214.93730667 61.7268464279 
20 673.851347586 250.789750759 75.3589016559 
21 620.780498475 288.080163255 91.1393382704 
22 565.401533648 325.483823435 109.114642917 
23 509.216167921 361.535031732 129.248800346 
24 453.783674121 394.796431642 151.419894238 
25 400.544589523 424.028564659 175.426845818 
26 350.675448928 448.319467603 201.005083469 
27 305.003354332 467.148697554 227.847948114 
28 263.987828718 480.38238571 255.629785571 
29 227.758016008 488.214902722 284.02708127 
30 196.183148278 491.08163163 312.735220093 
31 168.953569929 489.566552855 341.479877216 
32 145.655720484 484.321012908 370.023266609 
33 125.832251955 476.001579968 398.166168076 
34 109.024872918 465.228214094 425.746912988 
35 94.801584999 452.559939909 452.638475092 
36 82.7711804831 438.484368346 478.744451171 
37 72.5895578767 423.415564099 503.994878024 
38 63.960001459 407.698002579 528.341995962 
39 56.6302567853 391.613401463 551.756341752 
40 50.3880157998 375.388680738 574.223303462 
41 45.0558085798 359.204025828 595.740165593 
42 40.4859360767 343.200484667 616.313579256 
43 36.5557837035 327.486737124 635.957479172 
44 33.1636744935 312.144964014 654.691361493 
45 30.2252451715 297.235859651 672.538895177 
46 27.6705498798 282.802676344 689.526773776 
47 25.4414265343 268.874777733 705.683795732 
48 23.4894401378 255.470413247 721.040146615 
49 21.7741691332 242.599019512 735.626811355 
50 20.2617709015 230.263115144 749.475113954 
51 18.9238475409 218.459787839 762.61636462 
52 17.7364951788 207.181931067 775.081573754 
53 16.6795196736 196.419245077 786.901235249 
54 15.735818126 186.159014632 798.105167242 
55 14.8908588157 176.386751774 808.72238941 
56 14.1322468772 167.086721517 818.781031606 
57 13.4493827702 158.242341155 828.308276075 
58 12.8331672106 149.836517308 837.330315482 
59 12.2757715036 141.85189437 845.872334127 
60 11.7704543199 134.27104162 853.95850406 
61 11.3113488049 127.076684312 861.611966883 
62 10.893379387 120.251754889 868.854865724 
63 10.5121102781 113.779541247 875.708348475 
64 10.1636782565 107.643721628 882.192600116 
65 9.84468886614 101.828451148 888.326859986 
66 9.55216758532 96.3183758633 894.129456551 
67 9.28348904207 91.0986799878 899.61783097 
68 9.03633888265 86.1550870916 904.808574026 
69 8.80866521583 81.4738787245 909.71745606 
70 8.59864930724 77.041890043 914.35946065 
71 8.40467148744 72.8465130254 918.748815487 
72 8.22528651714 68.8756879197 922.899025563 
73 8.05920353363 65.1178910283 926.822905438 
74 7.90527505127 61.5621120477 930.532612901 
75 7.7624583751 58.1978700582 934.039671567 
76 7.62982252608 55.0151702189 937.355007255 
77 7.50652808491 52.0044975321 940.488974383 
78 7.39181391107 49.1568032841 943.451382805 
79 7.2849967318 46.4634766788 946.251526589 
80 7.18545266844 43.9163401655 948.898207166 
81 7.09261759292 41.5076229195 951.399759488 
82 7.00597897456 39.2299460371 953.764074988 
83 6.92506799747 37.0763087059 955.998623297 
84 6.8494593441 35.0400662071 958.110474449 
85 6.77876269366 33.1149175788 960.106319728 
86 6.71262157273 31.2948875573 961.99249087 
87 6.65070981752 29.5743114679 963.774978715 
88 6.59272707962 27.9478218647 965.459451056 
89 6.5383984348 26.4103322695 967.051269296 
90 6.48746953978 24.9570249602 968.5555055 
91 6.4397068577 23.5833365323 969.97695661 
92 6.39489683388 22.2849447245 971.320158442 
93 6.35284226697 21.057757166 972.589400567 
94 6.31335725068 19.8979013638 973.788741385 
95 6.27627230738 18.8017109454 974.922016747 
96 6.24143157412 17.7657159178 975.992852508 
97 6.20868864963 16.7866325187 977.004678832 
98 6.17790770895 15.861353681 977.96073861 
99 6.14896376309 14.9869399968 978.86409624 
100 6.12174083288 14.1606107438 979.717648423 
