Time S I R
0  997 3 0
1 992.889496473 6.82297475867 0.287528768732 
2 983.629918829 15.4304617497 0.93961942098 
3 963.134498957 34.4604207428 2.4050803 
4 919.480877153 74.885910192 5.63321265531 
5 833.657777535 153.889556776 12.452665689 
6 688.622096564 285.623333658 25.7545697783 
7 496.236295831 455.206605193 48.5570989762 
8 308.275424481 610.0357092 81.6888663195 
9 171.029472417 706.278695128 122.691832455 
10 89.5646192511 742.723416365 167.711964383 
11 46.2808805268 740.057637106 213.661482367 
12 24.2155578473 717.043355238 258.741086915 
13 12.9917951361 684.931497721 302.076707143 
14 7.18438937726 649.509651591 343.305959032 
15 4.10131625442 613.577223978 382.321459768 
16 2.41652120452 578.446104633 419.137374163 
17 1.46807125212 544.707953818 453.82397493 
18 0.918379460202 512.60557651 486.476044029 
19 0.590643264585 482.211883709 517.197473027 
20 0.389958007487 453.516242697 546.093799296 
21 0.263898660628 426.46761038 573.268490959 
22 0.182821809791 400.995972815 598.821205375 
23 0.129419315336 377.023598458 622.846982226 
24 0.0935367590004 354.470476854 645.435986387 
25 0.0689339744553 333.25761819 666.673447836 
26 0.0517240037254 313.308485976 686.63979002 
27 0.0394824101618 294.54971111 705.41080648 
28 0.0306411336563 276.911498738 723.057860128 
29 0.0241423999315 260.327742121 739.648115479 
30 0.0192921234066 244.735940474 755.244767402 
31 0.0156266238753 230.077112873 769.907260503 
32 0.0128198642404 216.295705553 783.691474583 
33 0.0106424737213 203.339367724 796.649989802 
34 0.00893379105719 191.158791352 808.832274857 
35 0.00757672490022 179.707592103 820.284831172 
36 0.00648915198713 168.94213273 831.051378118 
37 0.00560914363984 158.821416918 841.172973939 
38 0.00489232807286 149.306948172 850.6881595 
39 0.00430227409061 140.362385675 859.633312051 
40 0.00381245370295 131.953601721 868.042585825 
41 0.00340276521388 124.048507194 875.948090041 
42 0.00305802823323 116.616955801 883.379986171 
43 0.0027659336979 109.63054042 890.366693646 
44 0.00251721921336 103.062668338 896.934814443 
45 0.00230477434513 96.8883468724 903.109348353 
46 0.00212349385288 91.083992454 908.913884052 
47 0.00196467818455 85.6272847201 914.370750602 
48 0.00182355515994 80.4973549864 919.500821458 
49 0.00170059060292 75.6747669524 924.323532457 
50 0.0015938858478 71.141143065 928.857263049 
51 0.00149956853386 66.8791145112 933.11938592 
52 0.00141562398551 62.8724052872 937.126179089 
53 0.00134098585613 59.1057308201 940.892928194 
54 0.00127442616144 55.5647138202 944.434011754 
55 0.00121489765536 52.2358365428 947.76294856 
56 0.00116151071018 49.1063921734 950.892446316 
57 0.00111344524032 46.1644288717 953.834457683 
58 0.00107005946245 43.3987169564 956.600212984 
59 0.00103081884572 40.7986970863 959.200272095 
60 0.000995247478613 38.354447437 961.644557315 
61 0.00096292807109 36.0566315474 963.942405525 
62 0.000933502049747 33.8964743724 966.102592126 
63 0.000906663206024 31.8657345083 968.133358828 
64 0.000882131783328 29.9566523676 970.042465501 
65 0.000859676572418 28.1619454836 971.83719484 
66 0.000839087767986 26.4747584657 973.524402447 
67 0.000820181829226 24.8886501402 975.110529678 
68 0.000802798158702 23.3975674283 976.601629774 
69 0.000786790743064 21.9958127662 978.003400443 
70 0.000772034209149 20.6780393667 979.321188599 
71 0.000758413901508 19.4392128763 980.56002871 
72 0.000745828579397 18.274604336 981.724649835 
73 0.000734188086312 17.179768825 982.819496987 
74 0.000723410143451 16.1505229441 983.848753646 
75 0.000713422283297 15.1829401197 984.816346458 
76 0.000704158495296 14.2733249018 985.72597094 
77 0.000695558884217 13.4182026048 986.581101836 
78 0.000687569342062 12.614308358 987.385004073 
79 0.000680142726083 11.8585778418 988.140742015 
80 0.000673234635542 11.1481252034 988.851201562 
81 0.000666804103275 10.4802354874 989.519097709 
82 0.000660815212882 9.85236039049 990.146978794 
83 0.000655234263604 9.2621016223 990.737243143 
84 0.000650030604902 8.70720509856 991.292144871 
85 0.000645176489002 8.1855527967 991.813802027 
86 0.000640646217107 7.69515248928 992.304206865 
87 0.00063641635677 7.23413216464 992.765231419 
88 0.000632465427543 6.80073221034 993.198635324 
89 0.000628773545145 6.39329735182 993.606073875 
90 0.000625322504789 6.01027207855 993.989102599 
91 0.000622095508561 5.65019396569 994.349183939 
92 0.000619077012175 5.31168807175 994.687692851 
93 0.000616252723603 4.99346231699 995.00592143 
94 0.000613609357174 4.69430123905 995.305085152 
95 0.000611134632322 4.41306235367 995.586326512 
96 0.000608817262901 4.14867260149 995.850718581 
97 0.000606646830306 3.90012367158 996.099269682 
98 0.000604613470614 3.66646528357 996.332930103 
99 0.000602708120368 3.44680519998 996.552592092 
100 0.000600922413469 3.24030532852 996.759093749 
