Time S I R
0  997 3 0
1 995.380240801 4.43031512359 0.189444075373 
2 992.994086707 6.53682665522 0.469086638222 
3 989.486077714 9.63249601531 0.881426270651 
4 984.344202557 14.1673336449 1.48846379829 
5 976.840494937 20.7794568351 2.38004822828 
6 965.959906149 30.3549825199 3.68511133122 
7 950.328078373 44.0859004805 5.58602114656 
8 928.166055493 63.4986205144 8.33532399271 
9 897.32851821 90.3993590234 12.2721227669 
10 855.516430861 126.651850483 17.8317186559 
11 800.766142665 173.696432354 25.5374249819 
12 732.243170012 231.796632495 35.9601974924 
13 651.147045041 299.216841409 49.6361135502 
14 561.234283057 371.816154163 66.9495627797 
15 468.39477963 443.587002675 88.0182176949 
16 379.195279199 508.172057647 112.632663154 
17 299.081386682 560.633446011 140.285167308 
18 231.208500949 598.516556749 170.274942302 
19 176.338300522 621.821685621 201.840013857 
20 133.49984481 632.23417243 234.26598276 
21 100.845727287 632.205381644 266.948891069 
22 76.320241092 624.264157405 299.415601504 
23 58.0402287186 610.642842193 331.316929088 
24 44.4465760148 593.145360148 362.408063837 
25 34.3221374454 573.151657433 392.526205121 
26 26.7494118839 551.68043608 421.570152036 
27 21.0507726336 529.465600257 449.483627109 
28 16.7311581288 507.02641168 476.242430192 
29 13.4305599351 484.724551275 501.84488879 
30 10.8873102355 462.807786804 526.30490296 
31 8.91073648847 441.442324949 549.646938563 
32 7.3613361173 420.7361987 571.902465183 
33 6.13642980158 400.756172934 593.107397264 
34 5.15997036599 381.539731549 613.300298085 
35 4.37524315171 363.103655123 632.521101725 
36 3.73964221913 345.450148188 650.810209593 
37 3.22092104681 328.571221594 668.207857359 
38 2.79450131964 312.45182273 684.75367595 
39 2.44151987171 297.072091434 700.486388695 
40 2.14736985468 282.409028139 715.443602007 
41 1.90067953503 268.437639715 729.66168075 
42 1.69252759197 255.131804236 743.175668172 
43 1.51586860988 242.464889504 756.019241886 
44 1.36510410283 230.410194498 768.224701399 
45 1.23575794169 218.94126849 779.822973568 
46 1.12421987291 208.032150917 790.84362921 
47 1.0275860363 197.657495697 801.314918267 
48 0.943486382488 187.792714509 811.263799109 
49 0.869971492913 178.414048766 820.715979741 
50 0.80544451395 169.498591352 829.695964134 
51 0.748579792992 161.024324057 838.22709615 
52 0.698280794843 152.970111518 846.331607687 
53 0.653633379097 145.31570538 854.030661241 
54 0.613865541093 138.041738258 861.344396201 
55 0.578332712342 131.129693283 868.291974004 
56 0.54649101992 124.561878543 874.891630437 
57 0.51787193639 118.321425008 881.160703056 
58 0.492067123042 112.392275114 887.115657763 
59 0.468734063018 106.759048162 892.772217775 
60 0.447595459354 101.4071658 898.14523874 
61 0.428408242837 96.3227350028 903.248856754 
62 0.410938003397 91.4924555225 908.096606474 
63 0.395010075229 86.903782895 912.70120703 
64 0.380456901577 82.5447025228 917.074840576 
65 0.367130146803 78.4037883703 921.229081483 
66 0.354903433916 74.4701797129 925.174916853 
67 0.343666805355 70.7335519283 928.922781266 
68 0.333324898949 67.1841013484 932.482573753 
69 0.323789558856 63.8124738084 935.863736633 
70 0.314986360352 60.6098157955 939.075197844 
71 0.306846074418 57.56766766 942.125486266 
72 0.299309980728 54.6780342009 945.022655818 
73 0.292323039206 51.9332674914 947.774409469 
74 0.285838432117 49.3261477529 950.388013815 
75 0.279812845802 46.8497797747 952.870407379 
76 0.274207651344 44.4976230473 955.228169301 
77 0.268988043765 42.2634666555 957.467545301 
78 0.264123611788 40.1414120747 959.594464313 
79 0.259584784681 38.1258235571 961.614591658 
80 0.255345083855 36.2113530155 963.533301901 
81 0.251382599497 34.3929558097 965.355661591 
82 0.247675929552 32.6658144312 967.086509639 
83 0.244205971309 31.0253570834 968.730436945 
84 0.240955379755 29.4672405936 970.291804027 
85 0.237908014134 27.9873336178 971.774758368 
86 0.235049417847 26.581717266 973.183233316 
87 0.232366227008 25.2466653118 974.520968461 
88 0.229846098828 23.9786359036 975.791517998 
89 0.227477893287 22.7742702891 976.998251818 
90 0.225251229349 21.6303737999 978.144374971 
91 0.223156581482 20.5439129024 979.232930516 
92 0.221185247554 19.5120083319 980.266806421 
93 0.219329077062 18.5319207531 981.24875017 
94 0.21758049795 17.6010458239 982.181373678 
95 0.215932517557 16.7169123789 983.067155104 
96 0.214378714839 15.8771751085 983.908446177 
97 0.212913263522 15.0796087317 984.707478005 
98 0.211530932137 14.3221040469 985.466365021 
99 0.210226493862 13.6026476585 986.187125848 
100 0.208995074201 12.9193266669 986.871678259 
