Time S I R
0  997 3 0
1 993.99781276 5.70347731223 0.298709927431 
2 988.32361866 10.8106314045 0.865749935488 
3 977.687271005 20.3752292833 1.93749971191 
4 958.053653414 37.9995206813 3.94682590439 
5 922.819146968 69.5225900436 7.6582629885 
6 862.667401069 122.997998887 14.3346000439 
7 768.207107028 205.971548861 25.8213441108 
8 637.624849263 318.099962752 44.2751879845 
9 485.392904883 443.311991139 71.2951039777 
10 338.976900844 554.166594283 106.856504874 
11 221.27264199 629.622761749 149.104596261 
12 138.806021571 665.90074355 195.293234879 
13 85.8410285167 671.264320076 242.894651408 
14 53.2957104894 656.598558215 290.105731296 
15 33.5895420926 630.579486889 335.830971018 
16 21.6175557975 598.899710313 379.48273389 
17 14.2457494686 564.963274091 420.790976441 
18 9.6208011752 530.708261765 459.67093706 
19 6.65732975435 497.200962525 496.141707721 
20 4.71654096751 465.004894429 530.278564603 
21 3.41765503209 434.396699968 562.185645 
22 2.52983688002 405.48978501 591.98037811 
23 1.91071916285 378.304626428 619.784654409 
24 1.47057622597 352.80966511 645.719758664 
25 1.152013944 328.944349319 669.903636737 
26 0.917506973632 306.633162833 692.449330194 
27 0.742114177569 285.793647057 713.464238766 
28 0.609016427654 266.341165121 733.049818452 
29 0.506541713486 248.191944987 751.3015133 
30 0.42662953341 231.264453107 768.308917359 
31 0.363559739023 215.480490861 784.1559494 
32 0.313213932761 200.765682409 798.921103658 
33 0.272600956487 187.049657389 812.677741655 
34 0.23952247542 174.266099071 825.494378454 
35 0.212349252152 162.352665415 837.434985332 
36 0.189782447288 151.251026045 848.559191507 
37 0.170889394177 140.906382883 858.922727723 
38 0.155006336444 131.26765099 868.577342673 
39 0.141531014113 122.286921526 877.57154746 
40 0.130053176831 113.919655683 885.95029114 
41 0.120198195919 106.124093185 893.755708619 
42 0.111686064638 98.8613180555 901.02699588 
43 0.104302082882 92.095074606 907.800623311 
44 0.0978630062941 85.7914902828 914.110646711 
45 0.092223212105 79.919019337 919.988757451 
46 0.0872626560293 74.4482490962 925.464488248 
47 0.0828815347095 69.351728036 930.565390429 
48 0.0789993977411 64.6039301094 935.317070493 
49 0.0755471780127 60.1810098602 939.743442962 
50 0.0724679698009 56.0607900166 943.866742014 
51 0.0697135155726 52.2225643791 947.707722105 
52 0.0672396885199 48.6469824103 951.285777901 
53 0.0650143644164 45.3161395965 954.618846039 
54 0.0630083053892 42.2133092827 957.723682412 
55 0.0611951258508 39.3228743281 960.615930546 
56 0.0595530225612 36.6303074001 963.310139577 
57 0.0580630363736 34.1220704314 965.819866532 
58 0.0567086353204 31.7855513354 968.157740029 
59 0.0554754224977 29.6089996653 970.335524912 
60 0.0543507812818 27.5814656878 972.364183531 
61 0.053323678637 25.6927516455 974.253924676 
62 0.0523843826149 23.9333560122 976.014259605 
63 0.0515243112952 22.2944276796 977.654048009 
64 0.0507358023386 20.7677153196 979.181548878 
65 0.0500120898845 19.3455373502 980.60445056 
66 0.0493472716563 18.0207443676 981.929908361 
67 0.0487359292914 16.7866664205 983.16459765 
68 0.0481732753174 15.6370934999 984.314733225 
69 0.047655010501 14.5662400538 985.386104936 
70 0.0471772521889 13.5687152517 986.384107496 
71 0.0467365263578 12.6394986239 987.31376485 
72 0.046329684252 11.7739128179 988.179757498 
73 0.0459538937562 10.9676020457 988.986444061 
74 0.0456065795128 10.2165070298 989.737886391 
75 0.045285413672 9.51684708243 990.437867504 
76 0.0449882767346 8.86509998579 991.089911737 
77 0.044713243112 8.25798512113 991.697301636 
78 0.0444585539143 7.69244558926 992.263095857 
79 0.0442226051908 7.16563396221 992.790143433 
80 0.0440039448351 6.67490016413 993.281095891 
81 0.043801237302 6.21777404353 993.738424719 
82 0.0436132482256 5.79195236784 994.164434384 
83 0.0434388597894 5.39529238198 994.561268758 
84 0.0432770454729 5.02579776556 994.930925189 
85 0.0431268525338 4.68160657224 995.275266575 
86 0.0429874140115 4.36098662195 995.596025964 
87 0.0428579335746 4.06232470936 995.894817357 
88 0.042737670006 3.78411566755 996.173146662 
89 0.0426259456825 3.52495926174 996.432414793 
90 0.0425221375293 3.28355183928 996.673926023 
91 0.0424256654661 3.0586767529 996.898897582 
92 0.042335996652 2.84920185348 997.10846215 
93 0.0422526404626 2.65407323874 997.303674121 
94 0.0421751403154 2.47230770014 997.48551716 
95 0.0421030751953 2.30299002025 997.654906905 
96 0.0420360569461 2.14526846377 997.812695479 
97 0.0419737244296 1.9983484177 997.959677858 
98 0.041915743579 1.86148993656 998.09659432 
99 0.0418618059981 1.73400450413 998.22413369 
100 0.0418116249157 1.61525000314 998.342938372 
