Time S I R
0  997 3 0
1 996.137423398 3.6048203428 0.257756259318 
2 995.102061317 4.33049928627 0.567439396718 
3 993.859881001 5.20071038572 0.939408613177 
4 992.370398922 6.24355555245 1.38604552594 
5 990.585581284 7.49229309709 1.92212561854 
6 988.448577709 8.98616345918 2.56525883219 
7 985.892346136 10.7712658436 3.33638802065 
8 982.83815119 12.9014868361 4.26036197422 
9 979.19398147 15.4394346237 5.3665839063 
10 974.852967493 18.4573069268 6.6897255807 
11 969.691896858 22.0375941386 8.2705090037 
12 963.569998605 26.273471647 10.1565297482 
13 956.328223443 31.2686840654 12.4030924918 
14 947.789330643 37.1366596763 15.0740096802 
15 937.759178315 43.9985314251 18.2422902598 
16 926.029693768 51.9796875865 21.990618646 
17 912.3840546 61.2044522736 26.4114931269 
18 896.604604206 71.788533133 31.6068626606 
19 878.483914941 83.8290079409 37.6870771179 
20 857.839149388 97.3918928734 44.768957739 
21 834.529415654 112.497770516 52.9728138303 
22 808.47515993 129.10654867 62.4182914004 
23 779.67784566 147.103104596 73.2190497434 
24 748.237379957 166.286195268 85.4764247752 
25 714.364207997 186.363351814 99.2724401892 
26 678.383145015 206.954131553 114.662723433 
27 640.725560212 227.604323579 131.670116209 
28 601.911219468 247.809039699 150.279740834 
29 562.518655674 267.045089492 170.436254834 
30 523.14885426 284.807316609 192.043829131 
31 484.386663365 300.644311625 214.969025009 
32 446.765147845 314.188758292 239.046093863 
33 410.737460119 325.177941122 264.084598759 
34 376.659112188 333.462925396 289.877962416 
35 344.781183751 339.006440159 316.21237609 
36 315.253353998 341.871507476 342.875138526 
37 288.134353378 342.203801296 369.661845326 
38 263.406971947 340.210971481 396.382056573 
39 240.994925509 336.141751487 422.863323005 
40 220.779363637 330.267069257 448.953567106 
41 202.613997182 322.863571674 474.522431144 
42 186.337267074 314.201844685 499.460888241 
43 171.782198733 304.537237554 523.680563714 
44 158.783625657 294.104085856 547.112288487 
45 147.183139545 283.112559787 569.704300668 
46 136.832115417 271.747596903 591.42028768 
47 127.593594692 260.168972927 612.237432381 
48 119.343011895 248.512509656 632.144478448 
49 111.968186848 236.891895147 651.139918005 
50 105.368839909 225.400817542 669.230342549 
51 99.4558429577 214.115178837 686.428978205 
52 94.1503266317 203.095286722 702.754386646 
53 89.3827971656 192.387977015 718.229225819 
54 85.0919881463 182.028574469 732.879437385 
55 81.2240821287 172.042603606 746.733314265 
56 77.7317786002 162.447435006 759.820786394 
57 74.5735538295 153.253527976 772.172918194 
58 71.7129122409 144.465757714 783.821330045 
59 69.1177681061 136.084389978 794.797841916 
60 66.7599098765 128.105928277 805.134161846 
61 64.6144564886 120.523970368 814.861573144 
62 62.6594911287 113.329717525 824.010791347 
63 60.8756495811 106.512589316 832.611761103 
64 59.2457904936 100.060676351 840.693533155 
65 57.7547351535 93.9610694477 848.284195399 
66 56.3890111041 88.2001923149 855.410796581 
67 55.1366335066 82.7640654003 862.099301093 
68 53.9869321328 77.6384951562 868.374572711 
69 52.9303866747 72.8092510614 874.260362264 
70 51.9584833839 68.2622088844 879.779307732 
71 51.0636009339 63.9834486041 884.952950462 
72 50.2388926739 59.9593594342 889.801747892 
73 49.4782264504 56.1766541451 894.345119405 
74 48.7760704763 52.6224775928 898.601451931 
75 48.1274391844 49.2844182619 902.588142554 
76 47.5278267199 46.1505393039 906.321633976 
77 46.9731598194 43.2093844556 909.817455725 
78 46.4597461465 40.4499944557 913.090259398 
79 45.9842372934 37.8619022214 916.153860485 
80 45.5435894668 35.4351386488 919.021271884 
81 45.1350340233 33.1602200038 921.704745973 
82 44.7560473609 31.028140459 924.21581218 
83 44.4043258512 29.030361849 926.5653123 
84 44.0777664442 27.1587950114 928.763438544 
85 43.774449538 25.4057806364 930.819769826 
86 43.4926100352 23.7640923373 932.743297627 
87 43.2306348349 22.2268996517 934.542465513 
88 42.9870429535 20.7877593286 936.225197718 
89 42.7604712909 19.440600707 937.798928002 
90 42.5496705462 18.1796996876 939.270629766 
91 42.3534875288 16.9996712486 940.646841223 
92 42.1708613187 15.8954467908 941.93369189 
93 42.0008148192 14.862258458 943.136926723 
94 41.8424443465 13.895627232 944.261928422 
95 41.6949176968 12.9913428691 945.313739434 
96 41.5574647683 12.1454518956 946.297083336 
97 41.4293735089 11.3542426331 947.216383858 
98 41.309986122 10.6142309792 948.075782899 
99 41.1986924041 9.92214890588 948.87915869 
100 41.094928074 9.27493078365 949.630141142 
