Time S I R
0.0  10000 1 0
1 9997.02180004 2.51114590237 1.46705405721 
2 9989.55032949 6.30026367555 5.14940683913 
3 9970.85038463 15.7717573503 14.3778580159 
4 9924.32018184 39.2639082665 37.4159098982 
5 9810.20468874 96.4180128712 94.3772983863 
6 9539.96310399 229.08015725 231.956738755 
7 8949.39248294 504.908398339 546.699118718 
8 7854.90208051 956.912579301 1189.18534019 
9 6315.48497555 1421.96982241 2263.54520204 
10 4777.5558942 1585.38409161 3638.06001419 
11 3634.3637504 1381.55025483 4985.08599476 
12 2921.0889961 1018.76961587 6061.14138803 
13 2506.68563348 679.63381893 6814.68054759 
14 2270.16803054 428.021184725 7302.81078474 
15 2135.00352346 260.846326839 7605.1501497 
16 2057.33573084 156.001610142 7787.66265902 
17 2012.48493977 92.2921556165 7896.22290461 
18 1986.49381043 54.2596323474 7960.24655722 
19 1971.39791843 31.784050401 7997.81803117 
20 1962.61761747 18.5790330398 8019.80334949 
21 1957.5064338 10.8468232089 8032.64674299 
22 1954.52962479 6.3280457187 8040.14232949 
23 1952.795413 3.69025575489 8044.51433124 
24 1951.78492358 2.15148022822 8047.0635962 
25 1951.19607403 1.25417017484 8048.5497558 
26 1950.85290999 0.731037631851 8049.41605238 
27 1950.65291734 0.426090798913 8049.92099186 
28 1950.53636119 0.248343240617 8050.21529557 
29 1950.46843117 0.144742171735 8050.38682666 
30 1950.42884075 0.0843594944323 8050.48679975 
31 1950.40576687 0.0491666339231 8050.5450665 
32 1950.39231902 0.028655331635 8050.57902565 
33 1950.38448139 0.0167008901133 8050.59881772 
34 1950.37991348 0.00973359686617 8050.61035292 
35 1950.3772512 0.00567288496289 8050.61707591 
36 1950.37569967 0.00330636155393 8050.62099397 
37 1950.37479534 0.00192701503905 8050.62327764 
38 1950.37426829 0.00112310771078 8050.62460861 
39 1950.37396111 0.000654579127293 8050.62538431 
40 1950.37378206 0.000381482012332 8050.62583645 
41 1950.37367772 0.000222330054334 8050.62609995 
42 1950.37361691 0.000129574823668 8050.62625352 
43 1950.37358145 7.5495532092e-05 8050.62634305 
44 1950.37356078 4.39635509957e-05 8050.62639526 
45 1950.37354878 2.56570563171e-05 8050.62642556 
46 1950.37354177 1.49646285231e-05 8050.62644327 
47 1950.37353769 8.75038230892e-06 8050.62645355 
48 1950.37353532 5.12931553121e-06 8050.62645955 
49 1950.37353385 2.88963015362e-06 8050.62646326 
50 1950.37353307 1.70330411559e-06 8050.62646522 
51 1950.37353259 9.7006859947e-07 8050.62646644 
52 1950.37353233 5.68256093965e-07 8050.6264671 
53 1950.37353218 3.42480435135e-07 8050.62646748 
54 1950.37353209 2.05997604943e-07 8050.6264677 
55 1950.37353204 1.22285872619e-07 8050.62646784 
56 1950.37353201 7.22690177568e-08 8050.62646792 
57 1950.37353199 4.28808545043e-08 8050.62646797 
58 1950.37353197 1.82600594996e-08 8050.62646801 
59 1950.37353195 -4.91479652967e-09 8050.62646805 
60 1950.37353194 -2.07760660885e-08 8050.62646808 
61 1950.37353194 -2.93237491768e-08 8050.62646809 
62 1950.37353194 -3.05578457947e-08 8050.62646809 
63 1950.37353194 -2.44783559421e-08 8050.62646808 
64 1950.37353194 -2.40738199372e-08 8050.62646808 
65 1950.37353194 -2.57489669121e-08 8050.62646808 
66 1950.37353194 -2.55233324591e-08 8050.62646808 
67 1950.37353194 -2.33969165781e-08 8050.62646808 
68 1950.37353195 -1.93697192691e-08 8050.62646807 
69 1950.37353195 -1.34417405321e-08 8050.62646806 
70 1950.37353195 -1.18564780939e-08 8050.62646806 
