Time S I R
0  997 3 0
1 996.116799062 3.68509665266 0.198104285591 
2 995.033118546 4.52546467587 0.441416778047 
3 993.704134683 5.5556974831 0.740167833444 
4 992.075347751 6.8177931571 1.1068590916 
5 990.080682488 8.36257564346 1.5567418689 
6 987.640251812 10.2513496915 2.10839849659 
7 984.657901186 12.5576894564 2.78440935718 
8 981.018451147 15.3694042634 3.61214458995 
9 976.58478804 18.7905416036 4.62467035619 
10 971.19494182 22.9432882492 5.86176993048 
11 964.659406295 27.9695177246 7.3710759799 
12 956.759125261 34.0316095161 9.2092652227 
13 947.244709626 41.3120151136 11.44327526 
14 935.837702353 50.0108588707 14.1514387766 
15 922.23491226 60.3406927118 17.4243950284 
16 906.11701649 72.5174032744 21.3655802358 
17 887.162670199 86.7462917329 26.0910380685 
18 865.069135055 103.202629926 31.7282350189 
19 839.579722225 122.006702766 38.4135750097 
20 810.517326938 143.194421059 46.2882520033 
21 777.821232811 166.686446049 55.4923211408 
22 741.582549475 192.260462504 66.156988021 
23 702.071623474 219.532880528 78.3954959982 
24 659.749998891 247.956627881 92.2933732275 
25 615.260665311 276.840173796 107.899160893 
26 569.393813495 305.38923353 125.216952976 
27 523.030604296 332.767382879 144.202012825 
28 477.072976807 358.166674755 164.760348437 
29 432.371253593 380.876255423 186.752490983 
30 389.661746371 400.337257104 210.000996525 
31 349.523576178 416.175836749 234.300587074 
32 312.35877784 428.211698278 259.429523882 
33 278.394430926 436.444756066 285.160813007 
34 247.701703837 441.026177258 311.272118905 
35 220.225029647 442.221290613 337.55367974 
36 195.814929672 440.371122378 363.81394795 
37 174.259499786 435.857470633 389.883029581 
38 155.311520878 429.074254832 415.614224289 
39 138.709841265 420.406085277 440.884073458 
40 124.194950616 410.213707983 465.591341401 
41 111.519451207 398.82522664 489.655322152 
42 100.454261239 386.53201418 513.013724581 
43 90.7917982867 373.587752861 535.620448853 
44 82.3469303929 360.209660899 557.443408708 
45 74.9566439473 346.580932815 578.462423237 
46 68.4785775276 332.854153601 598.667268872 
47 62.7891957124 319.154836992 618.055967296 
48 57.7818418773 305.584862884 636.633295238 
49 53.3647411145 292.225795673 654.409463212 
50 49.4590461787 279.14194909 671.399004731 
51 45.9971225921 266.383047002 687.619830406 
52 42.9209446159 253.986615206 703.092440178 
53 40.1807340761 241.980016833 717.839249091 
54 37.7337865374 230.382163301 731.884050162 
55 35.5433879631 219.205076899 745.251535137 
56 33.5779487295 208.455101253 757.966950018 
57 31.8102364781 198.133999016 770.055764505 
58 30.2167356095 188.239820549 781.543443842 
59 28.7771047947 178.767645421 792.455249785 
60 27.4736968766 169.710231219 802.816071905 
61 26.2911896785 161.058491683 812.650318638 
62 25.2162296037 152.801960514 821.981809882 
63 24.2371682985 144.929117539 830.833714162 
64 23.3438114842 137.427699764 839.228488751 
65 22.5272199428 130.284934565 847.187845492 
66 21.7795414586 123.487730017 854.732728524 
67 21.0938559537 117.022847876 861.883296171 
68 20.4640546797 110.877026823 868.658918497 
69 19.8847339541 105.037086483 875.078179563 
70 19.3510998933 99.4900167922 881.158883315 
71 18.8588932967 94.2230395583 886.918067145 
72 18.4043207808 89.2236626488 892.37201657 
73 17.9839961381 84.4797204392 897.536283423 
74 17.5948897253 79.9794043963 902.425705878 
75 17.2342861684 75.7112830343 907.054430797 
76 16.8997573035 71.6643011881 911.435941508 
77 16.5891053781 67.827825191 915.583069431 
78 16.3003568293 64.1916147687 919.508028402 
79 16.0317305151 60.7458337596 923.222435725 
80 15.7816083999 57.4810588564 926.737332744 
81 15.5485330737 54.3882512777 930.063215649 
82 15.3311744674 51.4587733818 933.210052151 
83 15.1283270915 48.6843636299 936.187309279 
84 14.9388934286 46.0571326294 939.003973942 
85 14.7618698268 43.5695569589 941.668573214 
86 14.5963433569 41.2144582998 944.189198343 
87 14.4414757237 38.9850011271 946.573523149 
88 14.2965009525 36.8746739686 948.828825079 
89 14.1607164035 34.8772798684 950.962003728 
90 14.0334756712 32.9869254568 952.979598872 
91 13.914185833 31.1980054363 954.887808731 
92 13.8022986802 29.5051950429 956.692506277 
93 13.6973109578 27.9034331615 958.399255881 
94 13.5987606479 26.3879106106 960.013328741 
95 13.5062165061 24.9540663002 961.539717194 
96 13.4192807757 23.5975701909 962.983149033 
97 13.3375872882 22.3143118397 964.348100872 
98 13.2607948199 21.1003934362 965.638811744 
99 13.1885868436 19.9521183138 966.859294843 
100 13.120671094 18.8659801705 968.013348736 
