Time S I R
0  997 3 0
1 993.6849259 5.97897385701 0.336100243017 
2 987.122876244 11.8724078307 1.00471592526 
3 974.267132209 23.4052813345 2.32758645615 
4 949.583450988 45.4993171094 4.91723190238 
5 903.968754253 86.1461977227 9.88504802478 
6 825.328729799 155.60181804 19.0694521614 
7 704.642896147 260.334244497 35.0228593558 
8 548.690181694 391.042777174 60.2670411328 
9 385.937203823 518.288490057 95.7743061205 
10 249.023338831 610.989609276 139.987051893 
11 152.256924852 658.109053765 189.634021383 
12 91.1641118996 667.442518869 241.393369232 
13 54.7502105458 652.402804594 292.84698486 
14 33.4557211527 623.991773655 342.552505193 
15 20.9541405497 589.277709374 389.768150076 
16 13.4942431254 552.328518411 434.177238464 
17 8.94220976377 515.356849784 475.700940452 
18 6.09466785588 479.517885736 514.387446408 
19 4.26761443432 445.38254852 550.349837046 
20 3.06566096807 413.202434313 583.731904719 
21 2.255795578 383.054633398 614.689571024 
22 1.69761406064 354.921694244 643.380691695 
23 1.30454009233 328.73587034 669.959589568 
24 1.02218931987 304.403593697 694.574216983 
25 0.815555937661 281.819728846 717.364715217 
26 0.661737802947 260.875388384 738.462873813 
27 0.545320183387 241.462675858 757.992003958 
28 0.455900413408 223.476936416 776.067163171 
29 0.386265587981 206.818291037 792.795443375 
30 0.331334072128 191.392299171 808.276366757 
31 0.287485895655 177.110179608 822.602334496 
32 0.252115315764 163.888805632 835.859079052 
33 0.22327905586 151.650656746 848.126064198 
34 0.199489347675 140.323532432 859.47697822 
35 0.179743436046 129.84028939 869.979967174 
36 0.163217673824 120.138505016 879.69827731 
37 0.149298452728 111.160391987 888.690309561 
38 0.137485249196 102.852224074 897.010290677 
39 0.127383168029 95.1641965209 904.708420311 
40 0.118700232998 88.0502091873 911.83109058 
41 0.111194576447 81.4675129092 918.421292514 
42 0.104673549305 75.3765324976 924.518793953 
43 0.0989816886117 69.7406315318 930.16038678 
44 0.0939913725117 64.5258585299 935.380150098 
45 0.0895993611608 59.7008083159 940.209592323 
46 0.0857191515462 55.2364010244 944.677879824 
47 0.0822806696524 51.1057367138 948.811982617 
48 0.079220699689 47.2838134297 952.636965871 
49 0.0764909900936 43.7476101211 956.175898889 
50 0.0740490454486 40.4757841973 959.450166757 
51 0.0718593047284 37.4485903234 962.479550372 
52 0.0698909902891 34.6477460895 965.28236292 
53 0.0681179457978 32.0563356196 967.875546435 
54 0.0665175843161 29.6587054222 970.274776994 
55 0.0650704151778 27.440371715 972.49455787 
56 0.0637596083069 25.3879369621 974.54830343 
57 0.0625703607013 23.488993278 976.448436361 
58 0.0614896068934 21.7320542696 978.206456123 
59 0.0605060907192 20.1065065816 979.832987328 
60 0.0596104417391 18.6025472916 981.337842267 
61 0.0587937773057 17.2110801704 982.730126052 
62 0.0580480704707 15.9236815374 984.018270392 
63 0.057366466145 14.7325684531 985.210065081 
64 0.0567430296404 13.630546722 986.312710248 
65 0.0561723035358 12.6109533296 987.332874367 
66 0.0556493721218 11.6676232817 988.276727346 
67 0.055169882248 10.7948527891 989.149977329 
68 0.0547299425782 9.98736388871 989.957906169 
69 0.0543260370762 9.24027377446 990.705400188 
70 0.0539550013807 8.54906651504 991.396978484 
71 0.0536139777633 7.9095624188 992.036823603 
72 0.053300384458 7.31789391808 992.628805697 
73 0.0530118827546 6.77048289882 993.176505218 
74 0.052746353123 6.26401926008 993.683234387 
75 0.0525018655665 5.79543901749 994.152059117 
76 0.0522766697054 5.36190842518 994.585814905 
77 0.0520691855334 4.96080892834 994.987121886 
78 0.0518779634498 4.58971518638 995.35840685 
79 0.0517016722199 4.24638088773 995.70191744 
80 0.0515390993646 3.9287284668 996.019732434 
81 0.051389139674 3.63483655568 996.313774305 
82 0.0512507863108 3.36292890445 996.585820309 
83 0.0511231173758 3.1113620769 996.837514806 
84 0.0510052818865 2.87861351509 997.070381203 
85 0.050896503313 2.66327603403 997.285827463 
86 0.0507960683539 2.46404694104 997.485156991 
87 0.0507033227342 2.27972105659 997.669575621 
88 0.0506176663312 2.10918371283 997.840198621 
89 0.050538546033 1.95140311325 997.998058341 
90 0.0504654547336 1.80542555336 998.144108992 
91 0.05039792552 1.67036824131 998.279233833 
92 0.0503355282375 1.54541393193 998.40425054 
93 0.050277867669 1.42980703197 998.5199151 
94 0.050224579189 1.32284807882 998.626927342 
95 0.0501753272849 1.2238902473 998.725934425 
96 0.0501298028317 1.13233511957 998.817535078 
97 0.0500877203757 1.04762858347 998.902283696 
98 0.0500488175052 0.969258727779 998.980692455 
99 0.0500128520511 0.896751766906 999.053235381 
100 0.0499795999419 0.829668674946 999.120351725 
