Time S I R
0  997 3 0
1 994.173772015 5.6321523986 0.194075586857 
2 988.896512977 10.5455433422 0.557943681029 
3 979.114888355 19.6475579096 1.23755373514 
4 961.229262265 36.2727782281 2.4979595072 
5 929.324193737 65.8701180007 4.80568826178 
6 874.840982921 116.222938774 8.93607830463 
7 788.374663011 195.574467106 16.0508698835 
8 665.874196289 306.52972701 27.5960767011 
9 517.428261222 437.731577892 44.8401608856 
10 367.822628323 564.005792402 68.1715792748 
11 242.12300087 661.117781961 96.7592171696 
12 151.156935749 719.874584191 128.96848006 
13 91.7592967339 745.147053841 163.093649425 
14 55.2238114731 746.967773571 197.808414956 
15 33.3717448031 734.38481642 232.243438777 
16 20.4013446753 713.711578887 265.887076438 
17 12.6684578692 688.869105553 298.462436577 
18 8.00637619378 662.159377921 329.834245885 
19 5.15384872221 634.896950125 359.949201152 
20 3.37949836737 607.820064032 388.800437601 
21 2.25680398561 581.336202497 416.406993517 
22 1.53399801233 555.663991176 442.802010812 
23 1.06070854176 530.913243463 468.026047996 
24 0.745688695268 507.131137206 492.123174099 
25 0.532539609563 484.328743695 515.138716696 
26 0.386134829863 462.495860256 537.118004915 
27 0.284066334453 441.61035778 558.105575885 
28 0.211896466005 421.643333829 578.144769705 
29 0.160188112289 402.562318031 597.277493857 
30 0.122595626972 384.333307412 615.544096961 
31 0.0949782303016 366.921675068 632.983346701 
32 0.0744482003956 350.293152265 649.632399535 
33 0.0590008401712 334.414166301 665.526832859 
34 0.0472404592163 319.252065374 680.700694167 
35 0.0382083848074 304.775258169 695.186533446 
36 0.0312092796196 290.953326709 709.015464012 
37 0.0257335896556 277.757063165 722.217203246 
38 0.0214013960392 265.158446019 734.820152585 
39 0.0179446958415 253.130617434 746.85143787 
40 0.0151690890556 241.64786088 758.336970031 
41 0.0129217135519 230.685631015 769.301447272 
42 0.011088269434 220.220409653 779.768502077 
43 0.00958102310187 210.229722025 789.760696952 
44 0.00833372004865 200.692093995 799.299572285 
45 0.00729441612759 191.5870047 808.405700884 
46 0.00642191008058 182.894847015 817.098731075 
47 0.00568682568814 174.596934923 825.397378251 
48 0.00506247208136 166.675355029 833.319582499 
49 0.00453210707462 159.113187071 840.882280822 
50 0.00407790835447 151.89407564 848.101846452 
51 0.00368696352689 145.002469765 854.993843271 
52 0.0033484606372 138.423498099 861.573153441 
53 0.00305450128144 132.143006872 867.853938626 
54 0.00279779837388 126.147434347 873.849767854 
55 0.00257303424712 120.423879668 879.573547298 
56 0.00237531365792 114.959965837 885.037658849 
57 0.00220095548934 109.74392933 890.253869714 
58 0.00204670363951 104.764567787 895.233385509 
59 0.00190983465222 100.011182153 899.986908013 
60 0.00178912971796 95.4735271672 904.524683703 
61 0.0016819012925 91.1417834013 908.856534697 
62 0.00158435341177 87.0065121316 912.991903515 
63 0.00149450641402 83.0587687758 916.939736718 
64 0.00141287901533 79.2901154518 920.708471669 
65 0.00134012575154 75.6924956068 924.306164267 
66 0.00127492084243 72.2581363504 927.740588729 
67 0.00121574495176 68.9796035346 931.01918072 
68 0.00116136576639 65.849805728 934.149032906 
69 0.00111163590998 62.8620122851 937.136876079 
70 0.00106615890797 60.0097802884 939.989153553 
71 0.00102449923247 57.2869604345 942.712015066 
72 0.000986252080793 54.6876822612 945.311331487 
73 0.000951102689669 52.2063400961 947.792708801 
74 0.000918740366956 49.8375846765 950.161496583 
75 0.000888869098617 47.5763052878 952.422805843 
76 0.000861238290668 45.4176244403 954.581514321 
77 0.000835659652239 43.3568895179 956.642274822 
78 0.000811954083019 41.3896550487 958.609532997 
79 0.000789954307493 39.5116815701 960.487528476 
80 0.000769510643522 37.718919187 962.280311302 
81 0.000750487714413 36.007496911 963.991752601 
82 0.000732767624186 34.3737257215 965.625541511 
83 0.000716244547448 32.8140854637 967.185198292 
84 0.000700818001178 31.3252097677 968.674089414 
85 0.000686398757693 29.9038867297 970.095426871 
86 0.000672911593142 28.5470553489 971.45227174 
87 0.000660283895627 27.2517877112 972.747552005 
88 0.000648449251344 26.0152878772 973.984063674 
89 0.000637350193301 24.834893292 975.164469358 
90 0.000626932403861 23.7080576147 976.291315453 
91 0.000617145377078 22.6323477779 977.367035077 
92 0.000607945121828 21.605446826 978.393945229 
93 0.000599290630475 20.6251406117 979.374260098 
94 0.000591143489714 19.6893128044 980.310096052 
95 0.000583469137609 18.7959457561 981.203470775 
96 0.000576236273901 17.9431149192 982.056308845 
97 0.000569415152086 17.1289791164 982.870451468 
98 0.000562978611697 16.3517820429 983.647654978 
99 0.000556902061703 15.6098494227 984.389593675 
100 0.000551162399347 14.9015806797 985.097868158 
