Time S I R
0  997 3 0
1 993.050000548 6.73528014443 0.214719307201 
2 984.261635153 15.0428356349 0.695529212349 
3 965.023130763 33.2136415019 1.7632277346 
4 924.364072256 71.5443807879 4.09154695633 
5 844.471700079 146.547401583 8.98089833745 
6 707.742514586 273.722846347 18.5346390674 
7 520.870662655 444.012224492 35.1171128533 
8 330.396854607 609.864267431 59.7388779617 
9 185.458153427 723.568658168 90.973188405 
10 96.962495745 776.987577793 126.049926462 
11 49.3852964644 788.072365723 162.542337812 
12 25.1937217824 775.85871264 198.947565577 
13 13.0588124532 752.450152935 234.491034612 
14 6.92297603336 724.258680329 268.818343637 
15 3.76328852598 694.447202182 301.789509292 
16 2.09899770025 664.532205425 333.368796875 
17 1.20095374993 635.228929632 363.570116618 
18 0.704373354986 606.865097782 392.430528863 
19 0.423120398488 579.579460552 419.99741905 
20 0.260063287569 553.417730694 446.322206019 
21 0.163364003009 528.379399569 471.457236428 
22 0.104824263125 504.440934335 495.454241402 
23 0.0685796779763 481.567861317 518.363559006 
24 0.0457828723374 459.720411886 540.233805242 
25 0.0311397904077 438.857179071 561.111681139 
26 0.0215286303938 418.936488235 581.041983135 
27 0.0151568718512 399.917364073 600.067479055 
28 0.0108510566329 381.760033099 618.229115844 
29 0.00789517268925 364.42601064 635.566094187 
30 0.00581232554691 347.878305094 652.11588258 
31 0.00433734417061 332.081519574 667.914143081 
32 0.00327915640446 317.001661898 682.995058946 
33 0.00249973616201 302.606190968 697.391309296 
34 0.00192810635269 288.864265636 711.133806258 
35 0.00150403822511 275.746215378 724.252280584 
36 0.0012000668853 263.223870619 736.774929315 
37 0.000973595423147 251.27015449 748.728871915 
38 0.000793465908941 239.859264562 760.139941972 
39 0.000648216586455 228.966536234 771.03281555 
40 0.000533746782708 218.56846806 781.430998193 
41 0.000443232931843 208.642579238 791.356977529 
42 0.000373873685021 199.167443906 800.832182221 
43 0.000320629378962 190.122578585 809.877100786 
44 0.000276528495306 181.488482724 818.511240747 
45 0.000240418244516 173.246529987 826.753229595 
46 0.000211662861943 165.378897597 834.620890741 
47 0.000182903532504 157.868513564 842.131303532 
48 0.000156306236022 150.699185117 849.300658577 
49 0.000134095510248 143.855438576 856.144427328 
50 0.000117098664418 137.322476211 862.677406691 
51 0.000104312167764 131.086197728 868.91369796 
52 9.41480574284e-05 125.13312923 874.866776622 
53 8.50572725994e-05 119.450406567 880.549508375 
54 7.72312432673e-05 114.025759891 885.974162878 
55 7.0235539738e-05 108.847432123 891.152497642 
56 6.35522162611e-05 103.904324052 896.095612396 
57 5.76015104343e-05 99.1856785667 900.814263832 
58 5.28151005028e-05 94.6813160898 905.318631095 
59 4.88455546019e-05 90.3815093881 909.618441766 
60 4.52573088978e-05 86.2769723028 913.72298244 
61 4.20947633302e-05 82.3588359515 917.641121954 
62 3.9282451894e-05 78.6186355652 921.381325152 
63 3.67723715726e-05 75.0482891774 924.95167405 
64 3.45216787991e-05 71.6400776984 928.35988778 
65 3.25004247088e-05 68.3866457355 931.613321764 
66 3.06853290795e-05 65.2809747617 934.718994553 
67 2.90438412094e-05 62.3163520021 937.683618954 
68 2.75607017102e-05 59.4863579603 940.513614479 
69 2.62185848214e-05 56.784877609 943.215096172 
70 2.49983820595e-05 54.2060824236 945.793892578 
71 2.38864706716e-05 51.7443962971 948.255579816 
72 2.28711751333e-05 49.3945040814 950.605473047 
73 2.19422314558e-05 47.1513294169 952.848648641 
74 2.10905755011e-05 45.0100239059 954.989955004 
75 2.03085591011e-05 42.9659639993 957.034015692 
76 1.95891349222e-05 41.0147318307 958.98524858 
77 1.89260697425e-05 39.1521103328 960.847870741 
78 1.83141648904e-05 37.3740781808 962.625903505 
79 1.77484660071e-05 35.6767921124 964.323190139 
80 1.72250411197e-05 34.0565916498 965.943391125 
81 1.67402105262e-05 32.5099791661 967.490004094 
82 1.62904144645e-05 31.0336103793 968.96637333 
83 1.58723108825e-05 29.6242885148 970.375695613 
84 1.54827822598e-05 28.2789567713 971.721027746 
85 1.51190783981e-05 26.9947022265 973.005282654 
86 1.47789750145e-05 25.7687565694 974.231228652 
87 1.44608138726e-05 24.5984769723 975.401508567 
88 1.4163776541e-05 23.4813504812 976.518635355 
89 1.38874178219e-05 22.414981639 977.585004474 
90 1.36295452648e-05 21.3970555524 978.602930818 
91 1.33880701014e-05 20.4253604178 979.574626194 
92 1.31605604565e-05 19.4977765574 980.502210282 
93 1.2946579659e-05 18.6123104546 981.387676599 
94 1.27455953134e-05 17.7670565435 982.232930711 
95 1.25569503098e-05 16.9601930481 983.039794395 
96 1.23796194202e-05 16.1899743733 983.810013247 
97 1.22125737789e-05 15.4547326982 984.545255089 
98 1.20551203509e-05 14.7528800547 985.24710789 
99 1.19067063906e-05 14.0829011824 985.917086911 
100 1.17667466384e-05 13.4433475259 986.556640707 
