Time S I R
0  997 3 0
1 992.226197438 7.58351501849 0.190287543178 
2 980.30562441 19.0248978251 0.66947776533 
3 951.296363439 46.8432399843 1.86039657675 
4 884.916067201 110.355823201 4.72810959796 
5 752.26740793 236.565942877 11.1666491922 
6 546.618668584 429.554124361 23.8272070559 
7 325.896535143 629.772386514 44.3310783428 
8 164.567921067 764.012805232 71.4192737011 
9 75.818513124 822.037445061 102.144041815 
10 33.880223018 832.040056991 134.079719991 
11 15.1854159284 818.919081145 165.895502927 
12 6.93103379133 796.078116989 196.990849219 
13 3.24121972701 769.633391068 227.125389205 
14 1.5560413491 742.225596211 256.21836244 
15 0.767144926198 714.975520378 284.257334696 
16 0.388240383572 688.353028914 311.258730702 
17 0.201562674278 662.547518867 337.250918459 
18 0.107185102419 637.625941378 362.26687352 
19 0.0583950585943 613.600629938 386.340975003 
20 0.0325907308518 590.459883964 409.507525306 
21 0.0186139691 568.181227231 431.8001588 
22 0.0108221620628 546.737636908 453.25154093 
23 0.00642415377501 526.100300008 473.893275838 
24 0.0038948361489 506.24027699 493.755828174 
25 0.00240685899303 487.129039607 512.868553534 
26 0.00151545890776 468.73877496 531.259709581 
27 0.0009668245998 451.042482857 548.956550319 
28 0.000627785331403 434.014098575 565.98527364 
29 0.000413964456357 417.628472326 582.37111371 
30 0.000266751806748 401.861400719 598.138332529 
31 0.000161861807101 386.689502703 613.310335435 
32 9.62417914252e-05 372.090330686 627.909573072 
33 4.6849113005e-05 358.042197368 641.957755783 
34 3.2423759194e-05 344.524515385 655.475452191 
35 3.93197789208e-05 331.517221525 668.482739155 
36 4.65244032739e-05 319.000992549 680.998960927 
37 4.56928186168e-05 306.957344171 693.042610136 
38 3.85704536257e-05 295.368373477 704.631587952 
39 2.82781306851e-05 284.216972558 715.782999164 
40 1.64448472333e-05 273.486554919 726.513428636 
41 7.9005187672e-06 263.161249309 736.83874279 
42 7.46210321267e-06 253.225789903 746.774202635 
43 1.27153564335e-05 243.66542486 756.334562424 
44 2.02996234293e-05 234.466002664 765.533977036 
45 2.3668015956e-05 225.613915425 774.386060907 
46 2.2972308102e-05 217.096071965 782.903905062 
47 2.10596301713e-05 208.899853685 791.100125255 
48 1.77798825689e-05 201.013067168 798.986915052 
49 1.33323723048e-05 193.423982156 806.576004512 
50 8.71847339567e-06 186.121419825 813.878571456 
51 5.11631446898e-06 179.094560569 820.905434314 
52 3.90173704545e-06 172.332984084 827.667012014 
53 4.47838806394e-06 165.826685246 834.173310276 
54 5.91364721458e-06 159.566030152 840.433963934 
55 6.7244013735e-06 153.541740104 846.458253172 
56 6.50535844215e-06 147.744892696 852.255100799 
57 5.88424256875e-06 142.166905863 857.833088253 
58 5.02444117956e-06 136.799511833 863.200483143 
59 4.20711739935e-06 131.634754057 868.365241736 
60 3.3361924352e-06 126.664989548 873.335007116 
61 2.61187039996e-06 121.882856289 878.117141099 
62 2.39171890826e-06 117.281264983 882.718732625 
63 2.60148556208e-06 112.853404984 887.146592415 
64 3.12975510042e-06 108.5927195 891.40727737 
65 3.79459197575e-06 104.49289418 895.507102026 
66 4.16003729242e-06 100.547850371 899.452145469 
67 4.05758453326e-06 96.7517399587 903.248255984 
68 4.00637759412e-06 93.0989406311 906.901055363 
69 4.0015875129e-06 89.5840431566 910.415952842 
70 3.9458094534e-06 86.2018486786 913.798147376 
71 3.6599719806e-06 82.947360343 917.052635997 
72 3.38267659572e-06 79.8157445811 920.184252036 
73 3.20840456425e-06 76.8023580333 923.197638758 
74 3.10810969495e-06 73.9027386966 926.097258195 
75 2.96735481697e-06 71.1125961525 928.88740088 
76 2.77684580396e-06 68.4277975769 931.572199646 
77 2.65768119334e-06 65.8443605757 934.155636767 
78 2.58706961631e-06 63.3584581603 936.641539253 
79 2.51265714724e-06 60.9664086078 939.03358888 
80 2.36769790263e-06 58.6646697438 941.335327888 
81 2.19715263938e-06 56.4498301366 943.550167666 
82 2.01579791792e-06 54.3186087291 945.681389255 
83 1.84213934062e-06 52.2678494074 947.73214875 
84 1.71648298419e-06 50.2945163029 949.705481981 
85 1.63715458257e-06 48.3956860631 951.6043123 
86 1.57671502166e-06 46.5685444812 953.431453942 
87 1.53053986196e-06 44.8103850172 955.189613452 
88 1.48796993926e-06 43.1186035313 956.881394981 
89 1.43696195209e-06 41.4906942461 958.509304317 
90 1.38721657095e-06 39.924244934 960.075753679 
91 1.33891546739e-06 38.4169351207 961.58306354 
92 1.29147133521e-06 36.9665323941 963.033466314 
93 1.2453826912e-06 35.5708891829 964.429109572 
94 1.19886442462e-06 34.2279367604 965.772062041 
95 1.15075999929e-06 32.935684556 967.064314293 
96 1.10219070848e-06 31.6922185721 968.307780326 
97 1.05564095065e-06 30.4956978376 969.504301107 
98 1.01527768948e-06 29.344352019 970.655646966 
99 9.86017198557e-07 28.2364782955 971.763520718 
100 9.63337811299e-07 27.170431862 972.829567175 
