Time S I R
0  997 3 0
1 992.906014728 6.97179550956 0.122189762274 
2 983.482984244 16.1116593995 0.405356356744 
3 962.182348613 36.7620705763 1.05558081026 
4 915.937141927 81.5445838379 2.51827423492 
5 823.769530392 170.562780579 5.66768902949 
6 667.804811913 320.294581453 11.9006066339 
7 464.758005859 512.577368668 22.6646254734 
8 274.222069977 687.446535245 38.3313947776 
9 142.526777636 799.708953983 57.7642683817 
10 69.0482501798 851.666462154 79.2852876665 
11 32.5526235328 865.832450695 101.614925773 
12 15.3022697463 860.666911122 124.030819132 
13 7.2579024798 846.560747201 146.181350319 
14 3.49189920116 828.599316367 167.908784432 
15 1.70780112378 809.144507595 189.147691281 
16 0.849747804988 789.275102382 209.875149813 
17 0.430210695017 769.48218448 230.087604825 
18 0.221579940453 749.988117376 249.790302684 
19 0.116047792653 730.891504778 268.99244743 
20 0.0617561356889 712.233283216 287.704960648 
21 0.0334431892592 694.02712445 305.93943236 
22 0.0184200836734 676.273969549 323.707610368 
23 0.010330447807 658.968485001 341.021184551 
24 0.0058172788722 642.102522025 357.891660696 
25 0.00332486182583 625.666355761 374.330319377 
26 0.00193730763988 609.649884539 390.348178153 
27 0.00114345531711 594.042868931 405.955987614 
28 0.000684157480123 578.835082074 421.164233769 
29 0.000415280334664 564.016445746 435.983138974 
30 0.000255576426071 549.57707895 450.422665473 
31 0.000158705206445 535.507313342 464.492527953 
32 9.41539898349e-05 521.7977378 478.202168046 
33 4.69355595669e-05 508.439117297 491.560835767 
34 2.50476596193e-05 495.422455047 504.577519905 
35 1.38347299981e-05 482.738990031 517.260996134 
36 1.14263571049e-06 470.380208584 529.619790273 
37 0 458.337849652 541.662150348 
38 0 446.60381347 553.39618653 
39 0 435.170174193 564.829825807 
40 0 424.029257247 575.970742753 
41 0 413.173568579 586.826431421 
42 0 402.595789202 597.404210798 
43 0 392.288817489 607.711182511 
44 0 382.245543893 617.754456107 
45 0 372.459723254 627.540276746 
46 0 362.924287843 637.075712157 
47 0 353.632988209 646.367011791 
48 0 344.579591088 655.420408912 
49 0 335.757952539 664.242047461 
50 0 327.162201284 672.837798716 
51 0 318.786468446 681.213531554 
52 0 310.625204884 689.374795116 
53 0 302.672859505 697.327140495 
54 0 294.924100235 705.075899765 
55 0 287.373684725 712.626315275 
56 0 280.016541774 719.983458226 
57 0 272.847717314 727.152282686 
58 0 265.862437949 734.137562051 
59 0 259.055986806 740.944013194 
60 0 252.423743914 747.576256086 
61 0 245.961299413 754.038700587 
62 0 239.664368938 760.335631062 
63 0 233.528652577 766.471347423 
64 0 227.550012048 772.449987952 
65 0 221.72443803 778.27556197 
66 0 216.048010192 783.951989808 
67 0 210.516896292 789.483103708 
68 0 205.12738386 794.87261614 
69 0 199.875867044 800.124132956 
70 0 194.758779939 805.241220061 
71 0 189.772694776 810.227305224 
72 0 184.91426525 815.08573475 
73 0 180.180218707 819.819781293 
74 0 175.567349946 824.432650054 
75 0 171.072562276 828.927437724 
76 0 166.692841603 833.307158397 
77 0 162.425252923 837.574747077 
78 0 158.266936952 841.733063048 
79 0 154.215106367 845.784893633 
80 0 150.267039025 849.732960975 
81 0 146.420079045 853.579920955 
82 0 142.671632747 857.328367253 
83 0 139.019164583 860.980835417 
84 0 135.460193713 864.539806287 
85 0 131.992290568 868.007709432 
86 0 128.613112107 871.386887893 
87 0 125.32042149 874.67957851 
88 0 122.11201443 877.88798557 
89 0 118.985750348 881.014249652 
90 0 115.939550705 884.060449295 
91 0 112.971357567 887.028642433 
92 0 110.079163383 889.920836617 
93 0 107.261018341 892.738981659 
94 0 104.515017759 895.484982241 
95 0 101.839305244 898.160694756 
96 0 99.2320923102 900.76790769 
97 0 96.6916269381 903.308373062 
98 0 94.2162001554 905.783799845 
99 0 91.8041466628 908.195853337 
100 0 89.4538442509 910.546155749 
