Time S I R
0.0  10000 1 0
1 9999.8276629 1.05508816563 0.117248929827 
2 9999.64583745 1.11320712979 0.240955421806 
3 9999.45399881 1.17452428214 0.371476904418 
4 9999.25159786 1.23921474168 0.509187400324 
5 9999.03805421 1.30746355473 0.654482232125 
6 9998.81275541 1.37946596645 0.807778620961 
7 9998.57505478 1.45542808694 0.969517128724 
8 9998.32427154 1.5355668588 1.14016160372 
9 9998.05968707 1.62011122421 1.32020170365 
10 9997.78054344 1.70930260783 1.51015395197 
11 9997.48604076 1.80339572757 1.71056350745 
12 9997.17533648 1.90265883364 1.92200468481 
13 9996.84754291 2.00737446836 2.14508261696 
14 9996.5017219 2.11784115096 2.38043694579 
15 9996.13688372 2.23437372036 2.62874255877 
16 9995.75198584 2.35730370866 2.89071044914 
17 9995.34592915 2.48698053555 3.1670903139 
18 9994.91755436 2.623772621 3.45867301676 
19 9994.46563893 2.76806834595 3.76629272758 
20 9993.98889449 2.92027685007 4.09082866174 
21 9993.48596171 3.08082962743 4.43320866177 
22 9992.9554082 3.25018118138 4.79441061871 
23 9992.39572359 3.42881053416 5.17546587355 
24 9991.80531545 3.61722249647 5.57746205752 
25 9991.18250533 3.81594887351 6.00154579629 
26 9990.52552198 4.02555054507 6.44892747241 
27 9989.83250093 4.24661762575 6.92088144004 
28 9989.10147883 4.47977120019 7.41874997205 
29 9988.33038811 4.72566494293 7.94394694533 
30 9987.51704408 4.98498896123 8.4979669614 
31 9986.6591455 5.25846969267 9.08238480598 
32 9985.75426873 5.54687170832 9.69885956515 
33 9984.79985976 5.85100009257 10.3491401464 
34 9983.79322834 6.17170214296 11.0350695122 
35 9982.73154116 6.50986938018 11.7585894623 
36 9981.61181308 6.86644030527 12.5217466164 
37 9980.43090009 7.24240246374 13.3266974468 
38 9979.1854912 7.63879479825 14.1757139982 
39 9977.87209976 8.05670994334 15.0711903 
40 9976.48705522 8.49729696809 16.0156478082 
41 9975.02649417 8.96176395885 17.0117418727 
42 9973.48635087 9.45138073238 18.0622683987 
43 9971.86234338 9.96748249803 19.1701741208 
44 9970.14996518 10.5114724375 20.3385623818 
45 9968.34447626 11.0848244168 21.5706993272 
46 9966.44089071 11.6890864137 22.8700228715 
47 9964.4339638 12.3258839075 24.2401522964 
48 9962.31817722 12.9969234631 25.6848993129 
49 9960.08773059 13.7039959305 27.2082734766 
50 9957.73652679 14.4489801623 28.8144930463 
51 9955.25815806 15.2338467061 30.5079952376 
52 9952.6458884 16.0606613175 32.2934502818 
53 9949.89264184 16.9315890939 34.1757690652 
54 9946.99098715 17.8488984546 36.1601143963 
55 9943.93312158 18.8149651708 38.2519132505 
56 9940.71085348 19.8322757605 40.4568707621 
57 9937.31558488 20.9034312748 42.7809838483 
58 9933.73829533 22.0311523194 45.2305523503 
59 9929.96952347 23.2182827722 47.8121937544 
60 9925.99935068 24.4677924968 50.5328568253 
61 9921.81738098 25.7827823665 53.3998366497 
62 9917.41272177 27.1664884774 56.4207897524 
63 9912.77396525 28.6222850458 59.603749706 
64 9907.88917062 30.1536857197 62.9571436554 
65 9902.74584166 31.7643501973 66.4898081396 
66 9897.33090699 33.4580868087 70.211006204 
67 9891.63070475 35.2388521199 74.1304431278 
68 9885.6309621 37.1107538539 78.2582840446 
69 9879.31677132 39.0780557695 82.6051729095 
70 9872.67257245 41.1451778207 87.1822497273 
