Time S I R
0  997 3 0
1 993.892926389 5.9000909465 0.206982664983 
2 987.820252107 11.5663493989 0.613398494149 
3 976.059799944 22.5325749959 1.4076250598 
4 953.683543553 43.3708980507 2.94555839648 
5 912.505804427 81.6217400302 5.87245554301 
6 841.175426014 147.554610515 11.2699634714 
7 729.626361015 249.669463506 20.7041754785 
8 580.215915057 383.885401425 35.8986835175 
9 416.478687629 525.635441237 57.8858711337 
10 271.661133185 642.118778175 86.2200886398 
11 165.304741089 715.533160446 119.162098465 
12 96.8234925648 748.543322932 154.633184503 
13 55.986317894 753.055214981 190.958467125 
14 32.4874004468 740.462913785 227.049685768 
15 19.0963688029 718.618208879 262.285422318 
16 11.4261612168 692.230639949 296.343198834 
17 6.97495758932 663.951015329 329.074027082 
18 4.34728813 635.227613302 360.425098568 
19 2.76654380341 606.837741354 390.395714842 
20 1.79692266153 579.19016363 419.012913708 
21 1.19044402621 552.491465286 446.318090688 
22 0.803892361094 526.836441055 472.359666584 
23 0.552827551387 502.258195354 497.188977094 
24 0.38688018532 478.755057751 520.858062064 
25 0.275318183399 456.306314396 543.418367421 
26 0.199076279189 434.880864936 564.920058784 
27 0.146172554126 414.442168443 585.411659003 
28 0.108852622254 394.951296224 604.939851154 
29 0.0822046953328 376.368367871 623.549427434 
30 0.0629146319635 358.653836104 641.283249264 
31 0.0487571966821 341.768956848 658.182285956 
32 0.0382184982702 325.676108 674.285673502 
33 0.030323769618 310.33892728 689.630748951 
34 0.0243271168455 295.722535998 704.253136885 
35 0.0197171698361 281.793471438 718.186811392 
36 0.0161382561698 268.519700573 731.464161171 
37 0.0133331608115 255.870565663 744.116101176 
38 0.0111176902509 243.816904579 756.17197773 
39 0.00935053393846 232.3307493 767.659900166 
40 0.0079284683502 221.385465144 778.606606388 
41 0.00677533021019 210.955646198 789.037578472 
42 0.00583235970873 201.016997764 798.977169876 
43 0.00505482515064 191.546433197 808.448511978 
44 0.0044101927067 182.521937997 817.473651811 
45 0.00387186837179 173.922487412 826.07364072 
46 0.0034210321121 165.728172146 834.268406821 
47 0.00304122935108 157.919918777 842.077039993 
48 0.00271860376517 150.479516725 849.517764672 
49 0.00244278261039 143.389629508 856.607927709 
50 0.00220611094801 136.633768725 863.364025164 
51 0.00200178752857 130.196178521 869.801819692 
52 0.0018248678191 124.061892003 875.936283129 
53 0.00167095190329 118.216596156 881.781732892 
54 0.00153659393015 112.646690786 887.35177262 
55 0.00141865129604 107.33923489 892.659346459 
56 0.00131536454717 102.281885934 897.716798701 
57 0.00122456478721 97.4628424982 902.535932937 
58 0.00114304771455 92.8707971904 907.128059762 
59 0.00106950186864 88.4950567789 911.503873719 
60 0.00100373044927 84.325476678 915.673519592 
61 0.000945377144944 80.3523743909 919.646680232 
62 0.000893166075116 76.5664771854 923.432629648 
63 0.000845984520083 72.9589482398 927.040205776 
64 0.00080324755254 69.5213872392 930.477809513 
65 0.000764515451351 66.2457893334 933.753446151 
66 0.000729347197648 63.1245227254 936.874747927 
67 0.000697338137115 60.1503186819 939.84898398 
68 0.000668161777753 57.3162469775 942.683084861 
69 0.000641514027507 54.6157070816 945.383651404 
70 0.000617111669612 52.0424064118 947.956976477 
71 0.000594707007508 49.5903481667 950.409057126 
72 0.000574115369545 47.2538228399 952.745603045 
73 0.000555159102419 45.0273849689 954.972059872 
74 0.00053768007399 42.9058500279 957.093612292 
75 0.000521536904216 40.8842748181 959.115203645 
76 0.000506603917415 38.9579466694 961.041546727 
77 0.000492762018894 37.1223768163 962.877130422 
78 0.000479912610672 35.3732899592 964.626230128 
79 0.000467989159802 33.7066164384 966.292915572 
80 0.000456909774698 32.1184728913 967.881070199 
81 0.000446590037313 30.6051562156 969.394397194 
82 0.0004369755261 29.1631423989 970.836420626 
83 0.000428014298677 27.7890727446 972.210499241 
84 0.00041964568436 26.4797441593 973.519836195 
85 0.000411823455579 25.2321064356 974.767481741 
86 0.000404506069231 24.0432532549 975.956342239 
87 0.000397654090875 22.9104143069 977.089188039 
88 0.000391232802826 21.8309506964 978.168658071 
89 0.000385210985087 20.8023483008 979.197266488 
90 0.000379559195835 19.822210199 980.177410242 
91 0.000374250833488 18.8882528275 981.111372922 
92 0.000369261716969 17.9983004839 982.001330254 
93 0.000364569510793 17.1502795908 982.84935584 
94 0.000360153787483 16.3422144187 983.657425427 
95 0.000355995956056 15.572222712 984.427421292 
96 0.000352078496121 14.8385099534 985.161137968 
97 0.000348385266193 14.1393662088 985.860285406 
98 0.000344901753124 13.4731630261 986.526492072 
99 0.000341614907256 12.8383495893 987.161308796 
100 0.00033851276703 12.2334483677 987.766213119 
