Time S I R
0  997 3 0
1 994.615265481 5.28206966755 0.102664851636 
2 990.434312642 9.28243338315 0.283253974755 
3 983.141552452 16.258362904 0.600084643809 
4 970.533546203 28.31303407 1.15341972708 
5 949.067807586 48.8199432064 2.11224920771 
6 913.456939266 82.7912733374 3.75178739713 
7 856.845378253 136.660039647 6.49458210006 
8 772.668488267 216.403824335 10.9276873983 
9 659.148088281 323.112058648 17.7398530706 
10 524.592795708 447.878930298 27.5282739945 
11 387.3586743 572.111638773 40.5296869261 
12 267.052120261 676.474368575 56.4735111639 
13 174.566613076 750.734246193 74.6991407308 
14 110.178107314 795.3936366 94.4282560866 
15 68.2144447784 816.803420036 114.982135185 
16 41.9128316205 822.224102856 135.863065523 
17 25.7532018316 817.504322702 156.742475466 
18 15.8996130033 806.683069011 177.417317986 
19 9.89070973598 792.341532682 197.767757582 
20 6.20929228438 776.064654426 217.72605329 
21 3.93735602773 758.806503937 237.256140035 
22 2.52273779716 741.136360625 256.340901578 
23 1.63346963142 723.39200167 274.974528699 
24 1.06882990287 705.773272324 293.157897773 
25 0.70667625401 688.39749113 310.895832616 
26 0.472030052208 671.332511315 328.195458633 
27 0.318476105175 654.616307076 345.065216819 
28 0.217005227639 638.268729791 361.514264982 
29 0.149222500941 622.298668223 377.552109276 
30 0.103604381955 606.707996092 393.188399526 
31 0.0725774550099 591.494652658 408.432769887 
32 0.0513387869071 576.653903215 423.294757998 
33 0.0366531682538 562.17958124 437.783765592 
34 0.0264150850749 548.064553214 451.909031701 
35 0.0191540685709 534.301239066 465.679606866 
36 0.0139915173004 520.881667069 479.104341414 
37 0.0103056512314 507.797813496 492.191880853 
38 0.00765207799964 495.041678009 504.950669913 
39 0.0057264875777 482.605331282 517.38894223 
40 0.00431663080167 470.480947464 529.514735905 
41 0.00327682913462 458.660830911 541.33589226 
42 0.00250790483278 447.137461513 552.860030582 
43 0.00193467233339 435.903463048 564.09460228 
44 0.00149473428041 424.951567398 575.046937867 
45 0.00116159683614 414.274757419 585.724080984 
46 0.000906396502501 403.86611924 596.132974363 
47 0.000714839588682 393.719023641 606.280261519 
48 0.000565262580494 383.826689384 616.172745353 
49 0.000451020687933 374.182933169 625.816615811 
50 0.000359824719908 364.781435295 635.21820488 
51 0.000284613166286 355.616112324 644.383603063 
52 0.000222168043592 346.681024904 653.318752928 
53 0.000173933553015 337.970443104 662.029382962 
54 0.000135591767162 329.478678538 670.52118587 
55 0.000104186167164 321.200199084 678.79969673 
56 8.26743861353e-05 313.129702198 686.870215127 
57 7.62846957514e-05 305.26205684 694.737866876 
58 7.97366615188e-05 297.592126899 702.407793364 
59 8.59411974261e-05 290.114891407 709.885022652 
60 9.16225903893e-05 282.825522207 717.174386171 
61 9.32313353132e-05 275.719325271 724.280581498 
62 9.06622570938e-05 268.79168182 731.208227518 
63 8.47328242344e-05 262.038088254 737.961827014 
64 7.55355357569e-05 255.454182247 744.545742217 
65 6.36022487015e-05 249.035742953 750.964193445 
66 5.02979735302e-05 242.778539588 757.221410115 
67 3.72509832687e-05 236.678550556 763.321412193 
68 2.6713605962e-05 230.731824724 769.268148562 
69 2.13678526961e-05 224.934525621 775.065453012 
70 2.04563435773e-05 219.28288765 780.717091894 
71 2.24600260026e-05 213.77324116 786.22673638 
72 2.65701971784e-05 208.402024829 791.5979486 
73 3.12437177854e-05 203.165767375 796.834201381 
74 3.40859211292e-05 198.061083232 801.938882682 
75 3.40425112881e-05 193.084672264 806.915293694 
76 3.34534387321e-05 188.233319238 811.766647309 
77 3.21999762036e-05 183.503879461 816.496088339 
78 3.01923455481e-05 178.893279014 821.106690793 
79 2.74682992085e-05 174.3985108 825.601461732 
80 2.41790980908e-05 170.016640168 829.983335653 
81 2.03574518309e-05 165.74486189 834.255117753 
82 1.62777732839e-05 161.580417626 838.419566096 
83 1.24095963656e-05 157.520609219 842.479378371 
84 9.40263862503e-06 153.56280453 846.437186067 
85 8.08528272955e-06 149.704435405 850.29555651 
86 8.13167935121e-06 145.943007116 854.056984753 
87 8.9345444394e-06 142.276088794 857.723902271 
88 1.02330736809e-05 138.701305974 861.298683793 
89 1.15894747523e-05 135.216343057 864.783645354 
90 1.23636033322e-05 131.818941483 868.181046153 
91 1.22463638945e-05 128.50690079 871.493086963 
92 1.18642778943e-05 125.27808003 874.721908106 
93 1.12384831255e-05 122.130388127 877.869600634 
94 1.04269909116e-05 119.061785495 880.938204078 
95 9.56018584475e-06 116.070282522 883.929707917 
96 8.76668048022e-06 113.153939931 886.846051302 
97 8.00912084742e-06 110.310871228 889.689120763 
98 7.21005574178e-06 107.539238417 892.460754373 
99 6.45774184704e-06 104.837245856 895.162747686 
100 5.85293605582e-06 102.203142452 897.796851695 
