Time S I R
0.0  10000 1 0
1 9995.2501199 5.44193944078 0.307940662334 
2 9969.47019906 29.5479589544 1.98184198704 
3 9831.48588425 158.49864927 11.0154664843 
4 9144.49761432 798.535711113 57.9666745706 
5 6652.43901415 3084.37097284 264.190013008 
6 2779.1758855 6391.90093355 829.923180953 
7 756.941492569 7571.12936942 1672.92913801 
8 195.436655352 7254.98825417 2550.57509048 
9 55.7126270239 6581.23473973 3364.05263324 
10 18.0155388612 5887.14645776 4095.83800338 
11 6.57751247214 5245.49624083 4748.92624669 
12 2.68211987554 4667.9079648 5330.40991532 
13 1.20743275006 4152.05903619 5847.73353106 
14 0.593498914513 3692.56432247 6307.84217862 
15 0.315637625601 3283.66951444 6717.01484793 
16 0.18001604466 2919.94921025 7080.8707737 
17 0.109269570969 2596.4703823 7404.42034813 
18 0.0701139328121 2308.80562412 7692.12426195 
19 0.0472077194863 2052.99949979 7947.95329249 
20 0.0332000595936 1825.5282006 8175.43859934 
21 0.0243076675179 1623.25829335 8377.71739898 
22 0.0184117170465 1443.39809942 8557.58348887 
23 0.0143906235262 1283.46522618 8717.52038319 
24 0.0115803001172 1141.25368885 8859.73473085 
25 0.0095716700489 1014.80071721 8986.18971112 
26 0.00802311674852 902.356386377 9098.63559051 
27 0.00688492120753 802.372019534 9198.62109554 
28 0.00600049683817 713.465911905 9287.5280876 
29 0.00531203622995 634.410918167 9366.5837698 
30 0.00476588304991 564.115473023 9436.87976109 
31 0.00432739173266 501.609113872 9499.38655874 
32 0.00397192054879 446.028666767 9554.96736131 
33 0.00368042275295 396.606742502 9604.38957708 
34 0.00343917980899 352.660975196 9648.33558562 
35 0.00323799577745 313.584592361 9687.41216964 
36 0.00306900212854 278.8380253 9722.1589057 
37 0.00292614890714 247.941515471 9753.05555838 
38 0.00280471769656 220.468471791 9780.52872349 
39 0.00270097711473 196.039556299 9804.95774272 
40 0.00261193588813 174.317377891 9826.68001017 
41 0.00253523421816 155.002153208 9845.99531156 
42 0.00246892715404 137.827169763 9863.17036131 
43 0.00241143228413 122.555274209 9878.44231436 
44 0.00236143427173 108.975569544 9892.02206902 
45 0.00231784758944 96.900553169 9904.09712898 
46 0.00227976700626 86.1635131677 9914.83420707 
47 0.00224643192269 76.6161863777 9924.38156719 
48 0.00221720002264 68.1267446377 9932.87103816 
49 0.00219152578211 60.5779567682 9940.41985171 
50 0.0021689464138 53.8656183078 9947.13221275 
51 0.00214906464316 47.8970442534 9953.10080668 
52 0.00213153922232 42.5898232316 9958.40804523 
53 0.00211607557321 37.8706595776 9963.12722435 
54 0.00210241988862 33.6744082269 9967.32348935 
55 0.0020903512177 29.943114198 9971.05479545 
56 0.00207967820461 26.6252746733 9974.37264565 
57 0.00207023348594 23.6750629557 9977.32286681 
58 0.0020618714334 21.0517526265 9979.9461855 
59 0.00205446423934 18.7191128222 9982.27883271 
60 0.0020479002178 16.6449449339 9984.35300717 
61 0.00204208111063 14.8006029327 9986.19735499 
62 0.00203692070318 13.1606245141 9987.83733857 
63 0.0020323430399 11.7023629935 9989.29560466 
64 0.00202828125111 10.4056835128 9990.59228821 
65 0.00202467635427 9.2526830694 9991.74529225 
66 0.00202147627351 8.22744013406 9992.77053839 
67 0.00201863503389 7.31580014978 9993.68218122 
68 0.00201611196462 6.5051730363 9994.49281085 
69 0.00201387112429 5.7843686057 9995.21361752 
70 0.00201188066239 5.14343157392 9995.85455655 
