Time S I R
0  997 3 0
1 995.871490272 4.00830429122 0.12020543704 
2 994.366005865 5.35321682433 0.280777310882 
3 992.359494123 7.14533973016 0.495166146978 
4 989.688582459 9.53020027016 0.781217270983 
5 986.139174595 12.698274192 1.16255121314 
6 981.432767135 16.8969222631 1.67031060213 
7 975.210504637 22.4441341224 2.34536124084 
8 967.015983422 29.7430340334 3.24098254486 
9 956.278965796 39.2949910617 4.42604314187 
10 942.304172433 51.7072778653 5.98854970154 
11 924.272280956 67.6884452736 8.03927377007 
12 901.26371948 88.0214129969 10.7148675232 
13 872.318959969 113.501557573 14.1794824585 
14 836.548864874 144.827666708 18.6234684183 
15 793.301535536 182.441070585 24.2573938798 
16 742.372793907 226.327410812 31.2997952808 
17 684.217541633 275.824447827 39.9580105397 
18 620.087917579 329.508597782 50.4034846383 
19 552.015545634 385.238763482 62.7456908847 
20 482.592623047 440.396440483 77.0109364699 
21 414.585982347 492.281610373 93.1324072798 
22 350.499972077 538.545099269 110.954928654 
23 292.228516242 577.51825253 130.253231228 
24 240.889962066 608.351586256 150.758451678 
25 196.85257393 630.961444562 172.185981508 
26 159.890312637 645.850617481 194.259069882 
27 129.388229883 653.886502078 216.72526804 
28 104.53358264 656.100973873 239.365443487 
29 84.4603666075 653.54290455 261.996728843 
30 68.3424810029 647.186118449 284.471400548 
31 55.4426889583 637.883946274 306.673364768 
32 45.1312646567 626.355058076 328.513677268 
33 36.8860627648 613.187988111 349.925949124 
34 30.2827552811 598.855186484 370.862058235 
35 24.9812325382 583.730316757 391.288450705 
36 20.7113386171 568.105636327 411.183025056 
37 17.2596908598 552.207708965 430.532600175 
38 14.4581922203 536.210928022 449.330879758 
39 12.1746000126 520.248545866 467.576854122 
40 10.3048808942 504.421578999 485.273540106 
41 8.76706058727 488.805949828 502.426989585 
42 7.49641597796 473.458058336 519.045525686 
43 6.44169737407 458.419157333 535.139145293 
44 5.56226317166 443.718668091 550.719068737 
45 4.82565038844 429.376995106 565.797354506 
46 4.20591612192 415.407441842 580.386642036 
47 3.68224699532 401.817817788 594.499935217 
48 3.2378678209 388.61170091 608.150431269 
49 2.85919991492 375.789409705 621.35139038 
50 2.53523589942 363.348722011 634.116042089 
51 2.25697545862 351.285524453 646.457500088 
52 2.01702038625 339.594274286 658.388705328 
53 1.80933213911 328.268272665 669.922395196 
54 1.62893577552 317.300001934 681.071062291 
55 1.47167640732 306.681400524 691.846923068 
56 1.33413450447 296.403953196 702.2619123 
57 1.21342713749 286.458912293 712.327660569 
58 1.10716064674 276.837341691 722.055497663 
59 1.01331806347 267.530240048 731.456441888 
60 0.930197803735 258.528602291 740.541199905 
61 0.856381043804 249.823447725 749.320171231 
62 0.790611825516 241.405950274 757.803437901 
63 0.731854927363 233.267360249 766.000784824 
64 0.67923589947 225.399064471 773.92169963 
65 0.63197979688 217.792648908 781.575371295 
66 0.589451654533 210.439842987 788.970705358 
67 0.551075519636 203.332603281 796.116321199 
68 0.516373371812 196.463061018 803.02056561 
69 0.484920830988 189.823563606 809.691515563 
70 0.456350023483 183.40666258 816.136987396 
71 0.430347130715 177.205107747 822.364545122 
72 0.40662884634 171.211865221 828.381505933 
73 0.38495838537 165.420097135 834.19494448 
74 0.365117568232 159.8231748 839.811707632 
75 0.346926710647 154.414653982 845.238419307 
76 0.330219493646 149.188297701 850.481482805 
77 0.314842164377 144.138077295 855.547080541 
78 0.30065706127 139.258165901 860.441177038 
79 0.287547853452 134.542867931 865.169584215 
80 0.275415416221 129.986674593 869.737909991 
81 0.264176101945 125.584287163 874.151536735 
82 0.25376314847 121.330595767 878.415641085 
83 0.244101718044 117.220615268 882.535283014 
84 0.235116130801 113.249503843 886.515380026 
85 0.226749138355 109.412612492 890.36063837 
86 0.218949637501 105.705444543 894.07560582 
87 0.21166693169 102.123620238 897.66471283 
88 0.20485995955 98.6629336899 901.132206351 
89 0.198493910079 95.3193316148 904.482174475 
90 0.192531371554 92.088853361 907.718615267 
91 0.186939957907 88.9676827311 910.845377311 
92 0.181693047924 85.9521530052 913.866153947 
93 0.176764894844 83.0387034478 916.784531657 
94 0.172129929392 80.223872454 919.603997617 
95 0.16776742143 77.5043433926 922.327889186 
96 0.163659099079 74.8769192438 924.959421657 
97 0.159784575904 72.3384541618 927.501761262 
98 0.156128460142 69.885959881 929.957911659 
99 0.152676336677 67.5165452213 932.330778442 
100 0.149414088587 65.2273952161 934.623190695 
