Time S I R
0.0  10000 1 0
1 9996.54252612 3.6804773302 0.776996552446 
2 9983.83528498 13.5297150259 3.63499999766 
3 9937.36291691 49.5188481508 14.1182349435 
4 9770.4325667 178.384431586 52.1830017144 
5 9207.39531695 608.059171963 185.545511086 
6 7647.48674695 1750.87515814 602.638094918 
7 4924.79582081 3484.71386685 1591.49031234 
8 2490.7345639 4387.04780723 3123.21762887 
9 1210.94086855 4046.41823706 4743.64089439 
10 655.906646837 3223.79194477 6121.30140839 
11 409.19114926 2410.32058226 7181.48826848 
12 289.135019983 1750.0371383 7961.82784172 
13 225.135398739 1251.8717554 8523.99284586 
14 188.38531539 888.189690249 8924.42499436 
15 166.062278376 627.115351651 9207.82236997 
16 151.93355608 441.453275633 9407.61316829 
17 142.723296352 310.158931057 9548.11777259 
18 136.59236189 217.636890543 9646.77074757 
19 132.450031342 152.584738577 9715.96523008 
20 129.621862768 106.915157317 9764.46297992 
21 127.676600283 74.8850090413 9798.43839068 
22 126.331704793 52.4362842343 9822.23201097 
23 125.398507296 36.7102034274 9838.89128928 
24 124.749331105 25.6971260184 9850.55354288 
25 124.29692693 17.9863060743 9858.716767 
26 123.981260567 12.5884400086 9864.43029942 
27 123.760810833 8.81013372611 9868.42905544 
28 123.606762439 6.16565633509 9871.22758123 
29 123.499069039 4.31486141672 9873.18606954 
30 123.423759166 3.01958761689 9874.55665322 
31 123.371084129 2.11311883732 9875.51579703 
32 123.334235444 1.47875742615 9876.18700713 
33 123.308455394 1.03482670158 9876.6567179 
34 123.290417901 0.724163871664 9876.98541823 
35 123.277796979 0.506762960218 9877.21544006 
36 123.268965757 0.354627293342 9877.37640695 
37 123.262786143 0.24816407766 9877.48904978 
38 123.258461898 0.173662049782 9877.56787605 
39 123.255435944 0.121526514085 9877.62303754 
40 123.253318462 0.0850426517708 9877.66163889 
41 123.2518367 0.0595117330569 9877.68865157 
42 123.250799792 0.0416455116068 9877.7075547 
43 123.250074183 0.0291429633566 9877.72078285 
44 123.249566414 0.0203938538311 9877.73003973 
45 123.249211086 0.0142713392793 9877.73651757 
46 123.248962432 0.00998688972695 9877.74105068 
47 123.248788429 0.00698868888544 9877.74422288 
48 123.248666661 0.00489055110318 9877.74644279 
49 123.248581455 0.00342239965461 9877.74799615 
50 123.248521829 0.00239500464923 9877.74908317 
51 123.2484801 0.00167598380039 9877.74984392 
52 123.2484509 0.00117283293503 9877.75037627 
53 123.248430466 0.00082074195402 9877.75074879 
54 123.248416163 0.000574289440112 9877.75100955 
55 123.248406153 0.000401813419949 9877.75119203 
56 123.248399152 0.000281190427913 9877.75131966 
57 123.248394254 0.000196781875086 9877.75140896 
58 123.248390824 0.000137686861222 9877.75147149 
59 123.248388425 9.63453857985e-05 9877.75151523 
60 123.248386749 6.74690477233e-05 9877.75154578 
61 123.248385576 4.72593330292e-05 9877.75156716 
62 123.248384753 3.30877885641e-05 9877.75158216 
63 123.248384177 2.31600671314e-05 9877.75159266 
64 123.248383775 1.62286502689e-05 9877.7516 
65 123.248383494 1.13914092134e-05 9877.75160511 
66 123.248383297 7.9967402519e-06 9877.75160871 
67 123.248383158 5.59856408955e-06 9877.75161124 
68 123.248383059 3.89643403711e-06 9877.75161304 
69 123.248382989 2.68194611713e-06 9877.75161433 
70 123.248382942 1.87606456802e-06 9877.75161518 
