Time S I R
0  997 3 0
1 995.620084607 4.1070901917 0.272825201423 
2 993.734641527 5.61914749052 0.646210982506 
3 991.161951999 7.68120707362 1.15684092701 
4 987.65801789 10.4875410037 1.85444110585 
5 982.897737133 14.2961191283 2.80614373903 
6 976.452713526 19.4452452599 4.10204121364 
7 967.766920945 26.3709940294 5.86208502548 
8 956.133839455 35.6218988326 8.24426171293 
9 940.682288647 47.8641296287 11.4535817244 
10 920.383424137 63.8658116588 15.7507642037 
11 894.097679677 84.4439418844 21.4583784388 
12 860.684658498 110.354549267 28.960792235 
13 819.194618532 142.112418227 38.6929632419 
14 769.13889692 179.748449374 51.1126537059 
15 710.791663907 222.555383966 66.6529521272 
16 645.418570582 268.923628931 85.6578004862 
17 575.299992521 316.38779206 108.312215419 
18 503.460831998 361.952246399 134.586921603 
19 433.150290522 402.632370282 164.217339196 
20 367.251334018 436.021669116 196.726996866 
21 307.838237444 460.67300584 231.488756716 
22 256.009233044 476.18637175 267.804395206 
23 211.978441981 483.041181636 304.980376383 
24 175.317091456 482.298072276 342.384836267 
25 145.223755829 475.295697334 379.480546836 
26 120.748467649 463.414774294 415.836758058 
27 100.943363163 447.930425792 451.126211045 
28 84.9463878668 429.939888445 485.113723688 
29 72.0162719043 410.342383789 517.641344307 
30 61.5383609873 389.848282127 548.613356886 
31 53.0145427947 369.00300951 577.982447695 
32 46.0469952792 348.214964003 605.738040718 
33 40.3207111414 327.782546933 631.896741925 
34 35.5873945009 307.917839809 656.49476569 
35 31.6515201328 288.76641172 679.582068147 
36 28.3591492997 270.423039115 701.217811585 
37 25.5887414269 252.944313076 721.466945497 
38 23.2440306785 236.358332104 740.397637218 
39 21.2484650116 220.672160384 758.079374605 
40 19.540887806 205.877542215 774.581569979 
41 18.0721983938 191.955256863 789.972544744 
42 16.8027747311 178.878405805 804.318819464 
43 15.7004738481 166.614908532 817.68461762 
44 14.7390814526 155.129377695 830.131540852 
45 13.8971014059 144.384529806 841.718368788 
46 13.1568174563 134.342225508 852.500957035 
47 12.5035747934 124.964215321 862.532209886 
48 11.9251554208 116.21276679 871.86207779 
49 11.4113341336 108.051044075 880.537621791 
50 10.953526207 100.443373316 888.603100477 
51 10.5444752289 93.355461938 896.100062833 
52 10.1780249815 86.7545157217 903.067459297 
53 9.84893475303 80.6093024027 909.541762844 
54 9.55271782026 74.8901908688 915.557091311 
55 9.28552029828 69.5691492175 921.145330484 
56 9.04401787759 64.6197248351 926.336257287 
57 8.82533397577 60.0170043259 931.157661698 
58 8.62697715598 55.7375569456 935.635465898 
59 8.4467642449 51.7594055655 939.79383019 
60 8.28279306513 48.0619375929 943.655269342 
61 8.13339061994 44.6258564068 947.240752973 
62 7.99708788816 41.4331054391 950.569806673 
63 7.87258557965 38.4668101498 953.660604271 
64 7.75873546132 35.7112071756 956.530057363 
65 7.654517511 33.1515849919 959.193897497 
66 7.55902486684 30.7742186382 961.666756495 
67 7.4714483081 28.566311226 963.962240466 
68 7.39106464418 26.5159363351 966.092999021 
69 7.31722583176 24.6119838526 968.070790316 
70 7.24934877006 22.8441078655 969.906543364 
71 7.18691015555 21.2026762884 971.610413556 
72 7.12944200979 19.6787231526 973.191834838 
73 7.07651565624 18.2639086859 974.659575658 
74 7.02774615836 16.9504746554 976.021779186 
75 6.98278622597 15.7312055343 977.28600824 
76 6.94131729224 14.5993918925 978.459290815 
77 6.90305279695 13.5487969668 979.548150236 
78 6.86773130492 12.5736229762 980.558645719 
79 6.83511357425 11.6684810015 981.496405424 
80 6.80498305995 10.8283647807 982.366652159 
81 6.77714088293 10.0486212381 983.174237879 
82 6.75140545979 9.32492800427 983.923666536 
83 6.72761134265 8.65327108855 984.619117569 
84 6.70560605811 8.02991973893 985.264474203 
85 6.68525039874 7.45141036222 985.863339239 
86 6.66641677216 6.91452651018 986.419056718 
87 6.64898753315 6.41627963534 986.934732832 
88 6.63285508146 5.95389640459 987.413248514 
89 6.61792029505 5.52480075934 987.857278946 
90 6.60409189208 5.12660051246 988.269307595 
91 6.59128613648 4.75707614529 988.651637718 
92 6.57942564981 4.41416554516 989.006408805 
93 6.56843919709 4.09595479625 989.335606007 
94 6.55826123535 3.8006680185 989.641070746 
95 6.54883111893 3.5266552758 989.924513605 
96 6.54009301122 3.27238598179 990.187521007 
97 6.53199539699 3.03643960248 990.431565001 
98 6.52449058893 2.81749655567 990.658012855 
99 6.5175346491 2.61433311762 990.868132233 
100 6.51108694132 2.42581307743 991.063099981 
