Time S I R
0  997 3 0
1 993.053172468 6.73034040833 0.216487123958 
2 984.278194133 15.0209037639 0.700902103265 
3 965.082113874 33.1420457068 1.7758404196 
4 924.536159524 71.3454451677 4.11839530846 
5 844.891796534 146.073216593 9.03498687267 
6 708.561495143 272.799338888 18.6391659688 
7 522.057182331 442.632254148 35.3105635211 
8 331.63652662 608.288653352 60.074820028 
9 186.445464033 722.048272684 91.5062632838 
10 97.6265714685 775.555894261 126.81753427 
11 49.7973541835 786.64360232 163.559043497 
12 25.4425671118 774.34681213 200.210620758 
13 13.2090413687 750.803224909 235.987733723 
14 7.01472760497 722.454061726 270.531210669 
15 3.8202538181 692.480484466 303.699261716 
16 2.13500378376 662.409098401 335.455897815 
17 1.22412863493 632.960318414 365.815552951 
18 0.71955653141 604.464261107 394.816182362 
19 0.433241425046 577.060530057 422.506228518 
20 0.266926408655 550.794852971 448.93822062 
21 0.168089105205 525.666298921 474.165611974 
22 0.108130756869 501.650658909 498.241210334 
23 0.0709270722352 478.712690143 521.216382785 
24 0.047472127321 456.811805209 543.140722663 
25 0.0323749785192 435.905771723 564.061853299 
26 0.022440346012 415.952114479 584.025445175 
27 0.0158431225379 396.909096644 603.075060234 
28 0.0113723317409 378.73620499 621.252422678 
29 0.00829565582467 361.394254271 638.597450073 
30 0.00612477773268 344.845609612 655.14826561 
31 0.00458382143484 329.054263341 670.941152838 
32 0.00347521032256 313.985638529 686.01088626 
33 0.00265739986196 299.606662073 700.390680528 
34 0.00205596231285 285.885990908 714.11195313 
35 0.00160870463776 272.793490438 727.204900857 
36 0.00128620924465 260.300556949 739.698156842 
37 0.00104463561024 248.379706791 751.619248574 
38 0.000852629668771 237.00476239 762.99438498 
39 0.000698216829733 226.150710827 773.848590956 
40 0.000576486542059 215.793726027 784.205697487 
41 0.000480186585264 205.911030453 794.088489361 
42 0.000405896238817 196.48091571 803.518678394 
43 0.000348440098946 187.482646334 812.517005226 
44 0.000300622917393 178.896486275 821.103213102 
45 0.000261881565621 170.703589217 829.296148901 
46 0.000230788300996 162.885926416 837.113842796 
47 0.000199765755383 155.426238379 844.573561855 
48 0.000171547441596 148.308169735 851.691658718 
49 0.000147985354488 141.516086192 858.483765822 
50 0.000129685736169 135.035047319 864.964822995 
51 0.000115648915653 128.85082247 871.149061881 
52 0.000104340424969 122.949816559 877.0500791 
53 9.44200630784e-05 117.319057178 882.680848402 
54 8.59294916609e-05 111.94617502 888.05373905 
55 7.83080602105e-05 106.819325396 893.180596296 
56 7.10432250344e-05 101.927320508 898.072608449 
57 6.45853341439e-05 97.2593368497 902.740598565 
58 5.93747798803e-05 92.8051268987 907.194813727 
59 5.50060908608e-05 88.5549048799 911.445040114 
60 5.10427883e-05 84.4993319549 915.500617002 
61 4.7547315603e-05 80.629492545 919.370459908 
62 4.44374863946e-05 76.9368812095 923.063074353 
63 4.16590826262e-05 73.4133808891 926.586577452 
64 3.91682112877e-05 70.0512429856 929.948717846 
65 3.69262465938e-05 66.843075204 933.15688787 
66 3.49085983089e-05 63.7818392007 936.218125891 
67 3.30872786662e-05 60.8608132914 939.139153621 
68 3.14356742592e-05 58.0735706806 941.926397884 
69 2.99394780541e-05 55.4139649721 944.586005088 
70 2.85797264041e-05 52.8761584413 947.123812979 
71 2.73398250101e-05 50.4545776139 949.545395046 
72 2.62067385393e-05 48.1438948342 951.856078959 
73 2.51693622886e-05 45.9390359498 954.060938881 
74 2.42177818564e-05 43.8351543228 956.164821459 
75 2.33432115238e-05 41.8276235035 958.172353153 
76 2.25382774488e-05 39.9120339294 960.087943532 
77 2.17960890723e-05 38.0841727368 961.915805467 
78 2.11106070083e-05 36.3400212451 963.659957644 
79 2.04767079595e-05 34.6757482739 965.324231249 
80 1.98895514814e-05 33.0876938255 966.912286285 
81 1.93451611494e-05 31.5723723234 968.427608331 
82 1.88399416174e-05 30.1264567174 969.873524443 
83 1.83703991752e-05 28.7467663146 971.253215315 
84 1.79332671451e-05 27.4302620047 972.569720062 
85 1.75255098611e-05 26.1740390145 973.82594346 
86 1.71444313537e-05 24.975330612 975.024652244 
87 1.67877983586e-05 23.8315074395 976.168475773 
88 1.64539059142e-05 22.7400609711 977.259922575 
89 1.61418057587e-05 21.6986071425 978.301376716 
90 1.58507618835e-05 20.7048721361 979.295112013 
91 1.55786354981e-05 19.7566605746 980.243323847 
92 1.53234183244e-05 18.8518759855 981.148108691 
93 1.50829555423e-05 17.9885123796 982.011472537 
94 1.48567654605e-05 17.164683424 982.835301719 
95 1.46441587958e-05 16.3785842716 983.621401084 
96 1.44443494037e-05 15.6284900519 984.371495504 
97 1.42563343388e-05 14.9127500426 985.087235701 
98 1.40791074728e-05 14.2297874861 985.770198435 
99 1.39119902087e-05 13.5781023526 986.421883735 
100 1.37543738674e-05 12.9562627376 987.043723508 
