Time S I R
0  997 3 0
1 993.627524582 6.31490458041 0.0575708378179 
2 986.579168926 13.2423055907 0.178525483737 
3 972.017978619 27.5508552199 0.431166160918 
4 942.642878433 56.4045624305 0.952559136099 
5 886.12570619 111.871216698 2.00307711213 
6 786.669296998 209.30486145 4.02584155195 
7 636.317986834 356.052267406 7.62974575983 
8 454.122694338 532.516025554 13.3612801082 
9 284.115056773 694.555201255 21.3297419715 
10 159.832193093 809.064059399 31.1037475083 
11 84.0413110174 873.932904473 42.0257845094 
12 42.6707761192 903.787189571 53.5420343093 
13 21.3597335369 913.340577814 65.2996886492 
14 10.6626210167 912.233166593 77.1042123906 
15 5.33927511242 905.804737497 88.855987391 
16 2.68967426439 896.804302915 100.506022821 
17 1.36497409402 886.604048565 112.030977341 
18 0.69827016941 875.881495371 123.42023446 
19 0.360148907705 864.970398793 134.669452299 
20 0.187257135943 854.03536142 145.777381444 
21 0.0981749998436 843.157524806 156.744300194 
22 0.0519268992526 832.376836404 167.571236697 
23 0.0277482309785 821.712664954 178.259586815 
24 0.0149332858132 811.174146157 188.810920558 
25 0.00803921654961 800.765071009 199.226889775 
26 0.00437984983398 790.486441337 209.509178813 
27 0.00239051562221 780.338136969 219.659472515 
28 0.00130923259769 770.3192407 229.679450067 
29 0.000726834875195 760.428496904 239.570776261 
30 0.000406471074825 750.66449548 249.335098049 
31 0.000228133024393 741.025715328 258.974056539 
32 0.000128688331642 731.510580119 268.489291193 
33 7.36376077839e-05 722.117543423 277.88238294 
34 4.30794003705e-05 712.845105789 287.154851132 
35 2.89969837013e-05 703.691955287 296.308015716 
36 2.25215378578e-05 694.65644589 305.343531588 
37 1.12097433203e-05 685.736834165 314.263154625 
38 0 676.93160633 323.06839367 
39 0 668.239434882 331.760565118 
40 0 659.658875885 340.341124115 
41 0 651.188507551 348.811492449 
42 0 642.826901334 357.173098666 
43 0 634.57265846 365.42734154 
44 0 626.424413626 373.575586374 
45 0 618.380799634 381.619200366 
46 0 610.440451588 389.559548412 
47 0 602.602072372 397.397927628 
48 0 594.864332967 405.135667033 
49 0 587.225949756 412.774050244 
50 0 579.685641137 420.314358863 
51 0 572.242148552 427.757851448 
52 0 564.894236623 435.105763377 
53 0 557.640677804 442.359322196 
54 0 550.48024563 449.51975437 
55 0 543.411748568 456.588251432 
56 0 536.434014544 463.565985456 
57 0 529.545890702 470.454109298 
58 0 522.746229484 477.253770516 
59 0 516.033878187 483.966121813 
60 0 509.407715574 490.592284426 
61 0 502.866636063 497.133363937 
62 0 496.409549273 503.590450727 
63 0 490.035377197 509.964622803 
64 0 483.74305106 516.25694894 
65 0 477.531520127 522.468479873 
66 0 471.399748117 528.600251883 
67 0 465.346713034 534.653286966 
68 0 459.371406878 540.628593122 
69 0 453.472821464 546.527178536 
70 0 447.649976645 552.350023355 
71 0 441.901900218 558.098099782 
72 0 436.227633771 563.772366229 
73 0 430.626227451 569.373772549 
74 0 425.096733036 574.903266964 
75 0 419.638226246 580.361773754 
76 0 414.249796137 585.750203863 
77 0 408.930544079 591.069455921 
78 0 403.679583555 596.320416445 
79 0 398.496039953 601.503960047 
80 0 393.379050368 606.620949632 
81 0 388.327763395 611.672236605 
82 0 383.341338926 616.658661074 
83 0 378.418947949 621.581052051 
84 0 373.559772342 626.440227658 
85 0 368.763004672 631.236995328 
86 0 364.02784799 635.97215201 
87 0 359.353515627 640.646484373 
88 0 354.739228078 645.260771922 
89 0 350.184209442 649.815790558 
90 0 345.687699345 654.312300655 
91 0 341.248946974 658.751053026 
92 0 336.867210464 663.132789536 
93 0 332.541756684 667.458243316 
94 0 328.271861019 671.728138981 
95 0 324.056807155 675.943192845 
96 0 319.895886864 680.104113136 
97 0 315.788399789 684.211600211 
98 0 311.733653223 688.266346777 
99 0 307.7309619 692.2690381 
100 0 303.779647775 696.220352225 
