Time S I R
0  997 3 0
1 995.318348049 4.35878041447 0.322871536819 
2 992.881240177 6.3270022753 0.791757547475 
3 989.356671429 9.17142370345 1.47190486777 
4 984.274781279 13.2683674973 2.45685122381 
5 976.979287958 19.1409577334 3.87975430842 
6 966.571087966 27.5006563689 5.92825566544 
7 951.853313574 39.2837667071 8.86291971893 
8 931.30028013 55.6617679909 13.0379518789 
9 903.093198455 77.9864819125 18.9203196322 
10 865.288844043 107.612144627 27.0990113299 
11 816.193586676 145.535628976 38.2707843474 
12 754.964369337 191.850308995 53.1853216682 
13 682.310170443 245.151779292 72.5380502658 
14 600.960121768 302.220368753 96.8195094792 
15 515.483467701 358.353300725 126.163231574 
16 431.319246475 408.424090845 160.256662681 
17 353.401355995 448.23461867 198.364025335 
18 285.075268729 475.46853866 239.456192611 
19 227.754403806 489.854727364 282.39086883 
20 181.246844131 492.677364669 326.075791201 
21 144.376593026 486.048681907 369.574725067 
22 115.562396453 472.285788851 412.151814696 
23 93.206883733 453.52234675 453.270769517 
24 75.8949557911 431.535596016 492.569448193 
25 62.4618007659 407.712107533 529.826091701 
26 51.9892388803 383.084834072 564.925927048 
27 43.7716095818 358.395936782 597.832453637 
28 37.2742469651 334.161206252 628.564546783 
29 32.0947646988 310.726308432 657.178926869 
30 27.9307425831 288.312075959 683.757181458 
31 24.5546653069 267.049066451 708.396268243 
32 21.7946132751 247.003671758 731.201714967 
33 19.5199991064 228.197181257 752.282819637 
34 17.6309940424 210.6197031 771.749302857 
35 16.0507487071 194.240246254 789.709005039 
36 14.7196728954 179.013969222 806.266357883 
37 13.5912134761 164.887390168 821.521396356 
38 12.6287241894 151.802111255 835.569164555 
39 11.8031520808 139.697439828 848.499408091 
40 11.0913075613 128.512233467 860.396458972 
41 10.4745289136 118.186225925 871.339245161 
42 9.93770272511 108.660879847 881.401417427 
43 9.46850620405 99.8799626889 890.651531107 
44 9.05683180059 91.7899015218 899.153266678 
45 8.69433642236 84.3399897734 906.965673804 
46 8.37409227953 77.4824735208 914.1434342 
47 8.0903116194 71.1725677342 920.737120646 
48 7.83813197246 65.3684079308 926.793460097 
49 7.6134663465 60.0309382576 932.355595396 
50 7.41283064211 55.1238513966 937.463317961 
51 7.23326349648 50.6134221564 942.153314347 
52 7.07222949626 46.4683828207 946.459387683 
53 6.92754668212 42.6597836368 950.412669681 
54 6.79733479965 39.1608443046 954.041820896 
55 6.67996157027 35.946823806 957.373214624 
56 6.57400924404 32.9948772025 960.431113553 
57 6.47824000287 30.2839274371 963.23783256 
58 6.39156945728 27.7945411621 965.813889381 
59 6.31304509723 25.5088096261 968.178145277 
60 6.24182623708 23.410237556 970.347936207 
61 6.17717676332 21.4836339185 972.339189318 
62 6.11843734408 19.7150204128 974.166542243 
63 6.06502613515 18.091535249 975.843438616 
64 6.01642452433 16.6013472266 977.382228249 
65 5.97216884048 15.2335769161 978.794254243 
66 5.93184711977 13.9782222728 980.089930607 
67 5.89508753172 12.8260880228 981.278824445 
68 5.8615589781 11.7687253382 982.369715684 
69 5.8309622937 10.7983688452 983.370668861 
70 5.80302915695 9.90788602822 984.289084815 
71 5.77751750975 9.09072397759 985.131758513 
72 5.75420862963 8.34086333673 985.904928034 
73 5.73290546078 7.65277728857 986.614317251 
74 5.71342905405 7.02138854117 987.265182405 
75 5.69561799487 6.44203717573 987.862344829 
76 5.67932552335 5.91044277116 988.410231705 
77 5.66441850515 5.422675882 988.912905613 
78 5.6507761999 4.97512980804 989.374093992 
79 5.63828876124 4.56449305554 989.797218183 
80 5.62685631562 4.187726169 990.185417515 
81 5.61638795672 3.84203925657 990.541572787 
82 5.60680092872 3.524872295 990.868326776 
83 5.59801975755 3.23387456024 991.168105682 
84 5.58997555192 2.96688728969 991.443137158 
85 5.58260559953 2.72193181304 991.695462587 
86 5.57585273851 2.49719315554 991.926954106 
87 5.56966459576 2.2910029616 992.139332443 
88 5.56399348172 2.10183246041 992.334174058 
89 5.55879573796 1.92827741797 992.512926844 
90 5.55403146299 1.76904922447 992.676919313 
91 5.54966419406 1.62296575526 992.827370051 
92 5.54566057814 1.4889423797 992.965397042 
93 5.54199013328 1.36598438702 993.09202548 
94 5.53862493156 1.25317825404 993.208196814 
95 5.53553944023 1.14968626893 993.314774291 
96 5.53271027011 1.05473950013 993.41255023 
97 5.53011602107 0.967632693822 993.502251285 
98 5.52773708381 0.887718477325 993.584544439 
99 5.52555550909 0.814403106293 993.660041385 
100 5.52355488082 0.747142372235 993.729302747 
