Time S I R
0  997 3 0
1 994.81038435 5.11430161772 0.0753140327526 
2 991.091658651 8.70473734612 0.203604002543 
3 984.802706294 14.7756317122 0.421661993602 
4 974.242993422 24.9660538757 0.790952701959 
5 956.723746211 41.8637027328 1.41255105648 
6 928.228515424 69.3231657758 2.44831880062 
7 883.34112086 112.512649651 4.14622948956 
8 816.076612892 177.064039505 6.85934760233 
9 722.454263822 266.512265243 11.0334709346 
10 604.679609243 378.191040822 17.1293499356 
11 473.955042263 500.571496492 25.4734612445 
12 347.458614212 616.432767798 36.10861799 
13 240.156942665 711.082201929 48.7608554059 
14 158.691261122 778.354971963 62.9537669149 
15 101.759916928 820.065282398 78.1748006736 
16 64.1323424587 841.878350462 93.989307079 
17 40.0965324026 849.825749572 110.077718026 
18 25.0259322165 848.749164245 126.224903539 
19 15.6554096374 842.05071624 142.293874123 
20 9.8400175769 831.959415981 158.200566442 
21 6.22340642588 819.881666792 173.894926782 
22 3.96388096046 806.687962392 189.348156647 
23 2.54362485636 792.911851521 204.544523623 
24 1.64490681517 778.878778496 219.476314688 
25 1.07206562514 764.787245726 234.140688649 
26 0.704182813308 750.758040641 248.537776546 
27 0.466143989423 736.864339399 262.669516612 
28 0.310931633297 723.150132372 276.538935995 
29 0.208990162196 709.641295269 290.149714569 
30 0.141509890673 696.352583739 303.505906371 
31 0.0964696818546 683.291755955 316.611774364 
32 0.0662759252018 670.462034239 329.471689836 
33 0.045851574063 657.864097383 342.090051043 
34 0.0319579025795 645.496791554 354.471250544 
35 0.0224526330285 633.3578995 366.619647867 
36 0.0159038962679 621.444536284 378.53955982 
37 0.011297398237 609.753463007 390.235239595 
38 0.00805960348657 598.281064006 401.710876391 
39 0.00578724895786 587.023622148 412.970590603 
40 0.00418466851306 575.977376801 424.01843853 
41 0.00304957435401 565.138559431 434.858390995 
42 0.00223586885488 554.503411281 445.494352851 
43 0.00164851748752 544.068193427 455.930158055 
44 0.00122275130525 533.829208311 466.169568938 
45 0.000913343300454 523.782814728 476.216271929 
46 0.000684286968067 513.92541117 486.073904543 
47 0.000515101567089 504.253464884 495.746020015 
48 0.000390048881627 494.763505806 505.236104145 
49 0.00029697582238 485.452113373 514.547589651 
50 0.000227169945788 476.31593873 523.6838341 
51 0.000172278218429 467.351705651 532.64812207 
52 0.000126363504933 458.556171021 541.443702616 
53 8.70811928735e-05 449.92614775 550.073765169 
54 5.5853351796e-05 441.458520772 558.541423374 
55 3.66695246612e-05 433.150243676 566.849719655 
56 2.06495936936e-05 424.998295312 575.001684038 
57 4.352411338e-06 416.999731257 583.00026439 
58 0 409.15167807 590.84832193 
59 0 401.451337118 598.548662882 
60 0 393.895968214 606.104031786 
61 0 386.482801237 613.517198763 
62 0 379.20914103 620.79085897 
63 0 372.072366305 627.927633695 
64 0 365.069909828 634.930090172 
65 0 358.199256063 641.800743937 
66 0 351.457907188 648.542092812 
67 0 344.843422157 655.156577843 
68 0 338.353416997 661.646583003 
69 0 331.985556959 668.014443041 
70 0 325.737571013 674.262428987 
71 0 319.607143386 680.392856614 
72 0 313.592089756 686.407910244 
73 0 307.690237812 692.309762188 
74 0 301.899462442 698.100537558 
75 0 296.217683175 703.782316825 
76 0 290.642836077 709.357163923 
77 0 285.172903612 714.827096388 
78 0 279.805913788 720.194086212 
79 0 274.539931974 725.460068026 
80 0 269.373059586 730.626940414 
81 0 264.303432767 735.696567233 
82 0 259.329222843 740.670777157 
83 0 254.448639826 745.551360174 
84 0 249.659922017 750.340077983 
85 0 244.961337918 755.038662082 
86 0 240.351185474 759.648814526 
87 0 235.827790858 764.172209142 
88 0 231.38950726 768.61049274 
89 0 227.034736394 772.965263606 
90 0 222.761923868 777.238076132 
91 0 218.569527329 781.430472671 
92 0 214.456033049 785.543966951 
93 0 210.419955265 789.580044735 
94 0 206.459835504 793.540164496 
95 0 202.57424226 797.42575774 
96 0 198.761776022 801.238223978 
97 0 195.021062187 804.978937813 
98 0 191.350750361 808.649249639 
99 0 187.749515219 812.250484781 
100 0 184.216055928 815.783944072 
