Time S I R
0  997 3 0
1 994.014504134 5.89533875541 0.0901571102945 
2 988.182360356 11.5505774256 0.267062218696 
3 976.887208239 22.5001268019 0.612664959437 
4 955.372967231 43.3448883738 1.28214439563 
5 915.663284471 81.7783128202 2.55840270848 
6 846.44967741 148.629053077 4.9212695128 
7 737.040256448 253.877558357 9.08218519567 
8 588.188211667 395.947607164 15.8641811687 
9 422.100954441 552.059947528 25.8390980305 
10 272.982575758 688.075867039 38.9415572037 
11 162.764889691 782.748193411 54.4869168978 
12 92.1905574104 836.233478615 71.5759639746 
13 50.8681190502 859.679940629 89.4519403206 
14 27.8068621411 864.584553979 107.60858388 
15 15.2093927456 859.043118012 125.747489242 
16 8.36942112396 847.925680914 143.704897962 
17 4.64675280537 833.958185082 161.395062113 
18 2.60661877439 818.618205462 178.775175764 
19 1.47827606414 802.696179354 195.825544581 
20 0.847813158792 786.61336391 212.538822931 
21 0.491737092316 770.594028068 228.91423484 
22 0.288410868904 754.757091494 244.954497637 
23 0.171036032867 739.164790424 260.664173543 
24 0.102470684556 723.848753684 276.048775631 
25 0.0620631839165 708.823641647 291.114295169 
26 0.0380056882725 694.095072743 305.866921569 
27 0.0235249383361 679.663575524 320.312899538 
28 0.0147456141169 665.526797739 334.458456647 
29 0.00931754974386 651.68093107 348.30975138 
30 0.00590326146062 638.1212423 361.872854439 
31 0.00377601511798 624.842490382 375.153733603 
32 0.00244633889054 611.839310358 388.158243303 
33 0.00160075900885 599.106279542 400.892119699 
34 0.00105599870858 586.637956717 413.360987284 
35 0.000703004692468 574.428940342 425.570356653 
36 0.0004722013432 562.473902156 437.525625643 
37 0.000319875967079 550.767599915 449.232080209 
38 0.000218473772065 539.304884171 460.694897355 
39 0.000149776101239 528.080706001 471.919144223 
40 9.87909942296e-05 517.090125498 482.909775711 
41 5.82848346085e-05 506.328268637 493.671673078 
42 3.07595159939e-05 495.790366828 504.209602413 
43 2.07984013514e-05 485.471758018 514.528221184 
44 1.10686828521e-05 475.367871985 524.632116946 
45 3.7896268168e-07 465.474253656 534.525745965 
46 0 455.786553326 544.213446674 
47 0 446.300513311 553.699486689 
48 0 437.011895591 562.988104409 
49 0 427.916591617 572.083408383 
50 0 419.010588099 580.989411901 
51 0 410.289950211 589.710049789 
52 0 401.750802576 598.249197424 
53 0 393.389370622 606.610629378 
54 0 385.201965522 614.798034478 
55 0 377.184968091 622.815031909 
56 0 369.334816193 630.665183807 
57 0 361.64804089 638.35195911 
58 0 354.121251982 645.878748018 
59 0 346.751120295 653.248879705 
60 0 339.534371772 660.465628228 
61 0 332.467817926 667.532182074 
62 0 325.548342517 674.451657483 
63 0 318.772882696 681.227117304 
64 0 312.138430057 687.861569943 
65 0 305.642053812 694.357946188 
66 0 299.280899066 700.719100934 
67 0 293.052121521 706.947878479 
68 0 286.952979388 713.047020612 
69 0 280.980774783 719.019225217 
70 0 275.132873153 724.867126847 
71 0 269.406678756 730.593321244 
72 0 263.799650759 736.200349241 
73 0 258.309312558 741.690687442 
74 0 252.933240467 747.066759533 
75 0 247.669061928 752.330938072 
76 0 242.51445371 757.48554629 
77 0 237.467139832 762.532860168 
78 0 232.52488909 767.47511091 
79 0 227.685514585 772.314485415 
80 0 222.946871428 777.053128572 
81 0 218.306854878 781.693145122 
82 0 213.763398529 786.236601471 
83 0 209.314473618 790.685526382 
84 0 204.958129158 795.041870842 
85 0 200.692452867 799.307547133 
86 0 196.515557634 803.484442366 
87 0 192.425594918 807.574405082 
88 0 188.420753712 811.579246288 
89 0 184.49925951 815.50074049 
90 0 180.659376559 819.340623441 
91 0 176.899412358 823.100587642 
92 0 173.21770421 826.78229579 
93 0 169.612623235 830.387376765 
94 0 166.082573868 833.917426132 
95 0 162.625992984 837.374007016 
96 0 159.241349288 840.758650712 
97 0 155.927148512 844.072851488 
98 0 152.681926421 847.318073579 
99 0 149.504247167 850.495752833 
100 0 146.39270428 853.60729572 
