Time S I R
0  997 3 0
1 993.975433962 5.95446342692 0.070102610591 
2 988.008469653 11.7824992233 0.209031123486 
3 976.341490737 23.1753955043 0.483113758712 
4 953.923356119 45.057561946 1.01908193483 
5 912.253210583 85.6971281951 2.04966122183 
6 839.368013539 156.661064177 3.97092228496 
7 724.473544326 268.159080256 7.36737541789 
8 569.991620358 417.107515471 12.9008641715 
9 401.259981341 577.740182799 20.9998358605 
10 253.897543037 714.542566852 31.5598901108 
11 148.073536046 807.925050972 44.0014129817 
12 82.0810818376 860.304162311 57.6147558519 
13 44.3319692831 883.840212124 71.8278185924 
14 23.7076112476 890.022976149 86.269412603 
15 12.6703090017 886.604233173 100.725457825 
16 6.80135028867 878.118434866 115.080214845 
17 3.6765509774 867.049892605 129.273556418 
18 2.00393670484 854.720696878 143.275366417 
19 1.10215533099 841.82643679 157.071407879 
20 0.611706605046 828.732521908 170.655771487 
21 0.342662514646 815.630400255 184.026937231 
22 0.193652374522 802.620673497 197.185674129 
23 0.110480185656 789.755558739 210.133961075 
24 0.0636091701689 777.061999396 222.874391434 
25 0.0370052699824 764.553118814 235.409875916 
26 0.0217173441081 752.234812219 247.743470437 
27 0.0128011682675 740.108906857 259.878291975 
28 0.00762476446585 728.174904261 271.817470975 
29 0.00456689613782 716.431317028 283.564116076 
30 0.00274183792453 704.875950922 295.12130724 
31 0.00166340244959 693.506250581 306.492086017 
32 0.00102023445231 682.319529502 317.679450263 
33 0.000631552476079 671.313015336 328.686353111 
34 0.000394670362084 660.483903219 339.515702111 
35 0.000248404396416 649.829392007 350.170359588 
36 0.000157526577823 639.346700018 360.653142456 
37 0.000100756828715 629.033077247 370.966821996 
38 6.46935848181e-05 618.885808634 381.114126673 
39 3.8768815557e-05 608.902228831 391.0977324 
40 1.64029008829e-05 599.079697385 400.920286212 
41 0 589.415608644 410.584391356 
42 0 579.907398738 420.092601262 
43 0 570.552559702 429.447440298 
44 0 561.348617463 438.651382537 
45 0 552.293145558 447.706854442 
46 0 543.38376241 456.61623759 
47 0 534.618113206 465.381886794 
48 0 525.993864793 474.006135207 
49 0 517.50873764 482.49126236 
50 0 509.160491385 490.839508615 
51 0 500.94691999 499.05308001 
52 0 492.865843715 507.134156285 
53 0 484.915125851 515.084874149 
54 0 477.09266677 522.90733323 
55 0 469.396159435 530.603840565 
56 0 461.824220043 538.175779957 
57 0 454.374309015 545.625690985 
58 0 447.044530931 552.955469069 
59 0 439.832990122 560.167009878 
60 0 432.737787638 567.262212362 
61 0 425.757041744 574.242958256 
62 0 418.888905834 581.111094166 
63 0 412.13156544 587.86843456 
64 0 405.48323087 594.51676913 
65 0 398.942144817 601.057855183 
66 0 392.50658669 607.49341331 
67 0 386.174845684 613.825154316 
68 0 379.94523903 620.05476097 
69 0 373.81611713 626.18388287 
70 0 367.785863558 632.214136442 
71 0 361.852883906 638.147116094 
72 0 356.015590752 643.984409248 
73 0 350.272444081 649.727555919 
74 0 344.621934908 655.378065092 
75 0 339.062584264 660.937415736 
76 0 333.592943192 666.407056808 
77 0 328.211555675 671.788444325 
78 0 322.916972721 677.083027279 
79 0 317.707794892 682.292205108 
80 0 312.582647178 687.417352822 
81 0 307.540178994 692.459821006 
82 0 302.579063312 697.420936688 
83 0 297.697977998 702.302022002 
84 0 292.895626526 707.104373474 
85 0 288.170740144 711.829259856 
86 0 283.522072414 716.477927586 
87 0 278.948399209 721.051600791 
88 0 274.448526571 725.551473429 
89 0 270.021222628 729.978777372 
90 0 265.665337381 734.334662619 
91 0 261.379718062 738.620281938 
92 0 257.163233342 742.836766658 
93 0 253.014772983 746.985227017 
94 0 248.9332396 751.0667604 
95 0 244.91754124 755.08245876 
96 0 240.966616529 759.033383471 
97 0 237.079422373 762.920577627 
98 0 233.254932953 766.745067047 
99 0 229.492139252 770.507860748 
100 0 225.790048582 774.209951418 
