Time S I R
0  997 3 0
1 994.705226758 5.24993485258 0.0448383897387 
2 990.705642972 9.1711215129 0.123235515241 
3 983.767901161 15.9721207228 0.259978115918 
4 971.832590189 27.6699149238 0.497494887474 
5 951.58855142 47.5043402782 0.907108301997 
6 918.062846592 80.3321354879 1.60501792016 
7 864.67991582 132.54938818 2.77069599978 
8 784.771789862 210.570714119 4.6574960191 
9 675.568568264 316.858338801 7.57309293534 
10 543.505964638 444.688478862 11.8055565002 
11 405.449169924 577.04309534 17.5077347359 
12 281.367485615 694.016019781 24.6164946047 
13 184.003426082 783.116020895 32.8805530234 
14 115.328434022 842.700640262 41.9709257159 
15 70.3686244577 878.04724138 51.5841341626 
16 42.2962150629 896.214419301 61.4893656359 
17 25.2462279846 903.223588691 71.5301833247 
18 15.0409555439 903.351446905 81.6075975514 
19 8.97178581946 899.36671059 91.6615035904 
20 5.36788085994 892.975773214 101.656345926 
21 3.22480901146 885.203691685 111.571499304 
22 1.94642637822 876.658326591 121.395247031 
23 1.18083407066 867.69802223 131.1211437 
24 0.720078722695 858.534081996 140.745839281 
25 0.441414590031 849.290767683 150.267817727 
26 0.272048858569 840.041311886 159.686639255 
27 0.168462285111 830.829042909 169.002494806 
28 0.104917018535 821.679126017 178.215956964 
29 0.0656989357835 812.606491221 187.327809843 
30 0.0413763021979 803.61965682 196.338966878 
31 0.0262445255112 794.723340983 205.250414492 
32 0.016687418801 785.920137591 214.06317499 
33 0.0106227287126 777.211082875 222.778294396 
34 0.00680331702461 768.596370562 231.396826121 
35 0.00438469656831 760.075794444 239.91982086 
36 0.00282738078977 751.648847397 248.348325222 
37 0.001826095659 743.314794175 256.68337973 
38 0.00118860414602 735.072795387 264.926016009 
39 0.000778713862019 726.921965837 273.077255449 
40 0.000512439278282 718.86137819 281.13810937 
41 0.000338870822588 710.890082417 289.109578712 
42 0.00022224313102 703.006955211 296.992822546 
43 0.000150694824697 695.211534975 304.788314331 
44 0.000100452434481 687.502281839 312.497617709 
45 6.76426391237e-05 679.878500938 320.121431419 
46 4.59379036784e-05 672.339251005 327.660703057 
47 3.24491545598e-05 664.883763969 335.116203582 
48 2.47590339768e-05 657.511091965 342.488883276 
49 1.87085036032e-05 650.220176906 349.779804385 
50 1.02330282061e-05 643.009965859 356.990023908 
51 1.48201388583e-06 635.879622107 364.120376411 
52 0 628.828343348 371.171656652 
53 0 621.855254875 378.144745125 
54 0 614.959496242 385.040503758 
55 0 608.140213633 391.859786367 
56 0 601.396544628 398.603455372 
57 0 594.727652173 405.272347827 
58 0 588.13272077 411.86727923 
59 0 581.610916721 418.389083279 
60 0 575.161435559 424.838564441 
61 0 568.783465072 431.216534928 
62 0 562.476225234 437.523774766 
63 0 556.238916739 443.761083261 
64 0 550.070774684 449.929225316 
65 0 543.971027543 456.028972457 
66 0 537.938914976 462.061085024 
67 0 531.973688643 468.026311357 
68 0 526.074612204 473.925387796 
69 0 520.240956126 479.759043874 
70 0 514.471980469 485.528019531 
71 0 508.766967693 491.233032307 
72 0 503.125212202 496.874787798 
73 0 497.546018319 502.453981681 
74 0 492.028700283 507.971299717 
75 0 486.572579857 513.427420143 
76 0 481.176965193 518.823034807 
77 0 475.841181061 524.158818939 
78 0 470.564564306 529.435435694 
79 0 465.346459583 534.653540417 
80 0 460.186219356 539.813780644 
81 0 455.083203739 544.916796261 
82 0 450.036775588 549.963224412 
83 0 445.046305675 554.953694325 
84 0 440.111173773 559.888826227 
85 0 435.230766966 564.769233034 
86 0 430.404479653 569.595520347 
87 0 425.631719394 574.368280606 
88 0 420.911876141 579.088123859 
89 0 416.24437157 583.75562843 
90 0 411.628624659 588.371375341 
91 0 407.064061537 592.935938463 
92 0 402.550115404 597.449884596 
93 0 398.086226452 601.913773548 
94 0 393.671836487 606.328163513 
95 0 389.306388279 610.693611721 
96 0 384.989338945 615.010661055 
97 0 380.720152124 619.279847876 
98 0 376.498297732 623.501702268 
99 0 372.323251863 627.676748137 
100 0 368.194496702 631.805503298 
