Time S I R
0  997 3 0
1 995.531636625 4.23284329719 0.235520078228 
2 993.464280373 5.96801370443 0.567705922508 
3 990.558213607 8.40595862893 1.03582776413 
4 986.482325536 11.8229657908 1.69470867331 
5 980.783635342 16.5958651269 2.6204995308 
6 972.850904905 23.2308743599 3.91822073482 
7 961.875442393 32.3932959149 5.73126169247 
8 946.817440616 44.929907931 8.25265145313 
9 926.39486323 61.8679858043 11.7371509655 
10 899.124140583 84.3640517258 16.5118076913 
11 863.453924277 113.565585042 22.9804906813 
12 818.03349673 150.351018998 31.6154842723 
13 762.12588641 194.946370681 42.9277429093 
14 696.093621286 246.496632896 57.4097458181 
15 621.768276126 302.778219812 75.4535040622 
16 542.451722648 360.287430676 97.2608466751 
17 462.399311818 414.824833833 122.775854349 
18 385.91685009 462.414675156 151.668474755 
19 316.454441871 500.16645644 183.379101689 
20 256.078632608 526.71414569 217.207221702 
21 205.444436684 542.143725823 252.411837493 
22 164.124238831 547.581276846 288.294484323 
23 131.053950708 544.694873161 324.25117613 
24 104.918674814 535.287435561 359.793889626 
25 84.4098975636 521.039914611 394.550187826 
26 68.3604010491 503.389106419 428.250492532 
27 55.7938091265 483.495566013 460.710624861 
28 45.9255308993 462.260391895 491.814077206 
29 38.1404046908 440.363523463 521.496071846 
30 31.9632254023 418.306322324 549.730452273 
31 27.029916847 396.450842639 576.519240514 
32 23.0625536983 375.052834878 601.884611424 
33 19.8490411137 354.288144378 625.862814508 
34 17.2273039148 334.273089681 648.499606404 
35 15.0729997601 315.080128059 669.84687218 
36 13.2903291511 296.749524811 689.960146038 
37 11.8050997899 279.298096348 708.896803862 
38 10.5595170432 262.725747125 726.714735831 
39 9.50829792198 247.020293468 743.47140861 
40 8.6157410718 232.161067768 759.22319116 
41 7.85352552123 218.121585292 774.024889187 
42 7.19903536871 204.871536167 787.929428464 
43 6.63412472889 192.378213228 800.987662043 
44 6.14413795555 180.607617023 813.248245021 
45 5.71716422331 169.525261963 824.757573814 
46 5.34345361128 159.096773305 835.559773084 
47 5.01500529515 149.288269123 845.696725582 
48 4.72521182542 140.06667373 855.208114445 
49 4.46857701183 131.399947969 864.131475019 
50 4.24051800632 123.257207129 872.502274864 
51 4.0371930594 115.608813909 880.353993031 
52 3.85536049176 108.426439469 887.718200039 
53 3.69227219474 101.683081878 894.624645928 
54 3.54560846712 95.3530381744 901.101353358 
55 3.41337653016 89.4119293123 907.174694158 
56 3.29387167434 83.8366491954 912.86947913 
57 3.18562371286 78.6053364005 918.209039887 
58 3.08736709146 73.6973218932 923.215311015 
59 2.99800135605 69.0930929902 927.908905654 
60 2.91657168848 64.7742369594 932.309191352 
61 2.84224273533 60.7233983177 936.434358947 
62 2.77428482211 56.9242245695 940.301490608 
63 2.71205559285 53.3613190902 943.926625317 
64 2.65499043767 50.0201896357 947.324819927 
65 2.60258961774 46.887204072 950.51020631 
66 2.55441057401 43.9495425023 953.496046924 
67 2.51005674654 41.1951565442 956.294786709 
68 2.46917945464 38.6127188815 958.918101664 
69 2.43147379627 36.191579781 961.376946423 
70 2.39665828887 33.9217513067 963.681590404 
71 2.36447994923 31.7938483706 965.84167168 
72 2.33471244102 29.7990425183 967.866245041 
73 2.30715431929 27.9290641409 969.76378154 
74 2.28162355142 26.1761549176 971.542221531 
75 2.25795081996 24.5330115257 973.209037654 
76 2.23598407703 22.9927861142 974.771229809 
77 2.21559033293 21.5490715292 976.235338138 
78 2.19664662822 20.1958460746 977.607507297 
79 2.17904053302 18.9274621947 978.893497272 
80 2.16266841385 17.7386148811 980.098716705 
81 2.14743569695 16.6243282825 981.228236021 
82 2.13325750024 15.5799454716 982.286797028 
83 2.12005486967 14.6010892888 983.278855841 
84 2.10775603243 13.6836618021 984.208582165 
85 2.09629481669 12.8238168782 985.079888305 
86 2.08561024438 12.0179462025 985.896443553 
87 2.07564669639 11.2626719386 986.661681365 
88 2.06635245314 10.5548201452 987.378827402 
89 2.05768014415 9.8914199625 988.050899893 
90 2.04958601222 9.26968512463 988.680728863 
91 2.0420294812 8.68700085674 989.270969662 
92 2.03497332023 8.14092077682 989.824105903 
93 2.02838285969 7.62914685781 990.342470283 
94 2.02222594886 7.14952351931 990.828250532 
95 2.01647283731 6.70003261359 991.283494549 
96 2.01109615908 6.27878498879 991.710118852 
97 2.00607085644 5.88401468142 992.109914462 
98 2.00137313828 5.51405783001 992.484569032 
99 1.99698076077 5.16735218828 992.835667051 
100 1.99287313637 4.84243475882 993.164692105 
