Time S I R
0  997 3 0
1 994.668828778 5.14394632032 0.187224901753 
2 990.687980398 8.80406139472 0.507958207284 
3 983.921987222 15.0219562906 1.05605648718 
4 972.513791454 25.4974073415 1.98880120453 
5 953.53494503 42.900010773 3.56504419734 
6 922.655517928 71.1465151589 6.19796691272 
7 874.183680825 115.302247471 10.5140717045 
8 802.214014536 180.400513023 17.3854724405 
9 703.69376761 268.440939385 27.8652930051 
10 582.754109178 374.298290154 42.9476006683 
11 452.513966993 484.307935327 63.1780976806 
12 330.349306616 581.305767954 88.3449254301 
13 229.389775474 653.094796148 117.515428378 
14 153.978402877 696.625677736 149.395919386 
15 101.498415575 715.772778911 182.728805515 
16 66.5272277824 716.958194942 216.514577275 
17 43.7397424888 706.206148511 250.054109 
18 29.0084044466 688.0924012 282.899194353 
19 19.4713507221 665.74666623 314.781983048 
20 13.2525047583 641.193017206 345.554478036 
21 9.15416173136 615.700863763 375.144974506 
22 6.41932139509 590.051492446 403.529186158 
23 4.56964304065 564.718557104 430.711799855 
24 3.30131606795 539.983741081 456.714942851 
25 2.4194837876 516.009559845 481.570956367 
26 1.79794734029 492.8841002 505.31795246 
27 1.35407299611 470.64890839 527.997018614 
28 1.03295254326 449.316597957 549.6504495 
29 0.797705733752 428.881618719 570.320675547 
30 0.623334240178 409.327075391 590.049590368 
31 0.49258935946 390.6293038 608.878106841 
32 0.39347967111 372.76059658 626.845923748 
33 0.317576169926 355.691044457 643.991379373 
34 0.25883612131 339.389793701 660.351370177 
35 0.212942514885 323.825719969 675.961337516 
36 0.176764092782 308.967972153 690.855263754 
37 0.147993354165 294.786317066 705.06568958 
38 0.124917371531 281.251333501 718.623749127 
39 0.106263715448 268.334520911 731.559215373 
40 0.0910729547916 256.00838385 743.900543195 
41 0.0786188431493 244.246459353 755.674921804 
42 0.0683122935898 233.023383838 766.908303868 
43 0.0597256024714 222.314773326 777.625501072 
44 0.052551920229 212.097296148 787.850151931 
45 0.0465088067023 202.348611226 797.604879967 
46 0.0414005385981 193.047379205 806.911220256 
47 0.0370479874366 184.173168652 815.789783361 
48 0.0333246316126 175.706492627 824.260182742 
49 0.0301190310075 167.628690113 832.341190856 
50 0.0273510640579 159.921980237 840.050668699 
51 0.0249469413803 152.569346624 847.405706435 
52 0.0228512198229 145.554573552 854.422575228 
53 0.0210156963504 138.862157897 861.116826407 
54 0.0194024636954 132.477319752 867.503277784 
55 0.0179788693547 126.385940387 873.596080744 
56 0.0167182887147 120.57455037 879.408731341 
57 0.0155982583549 115.030299267 884.954102474 
58 0.0145995581886 109.740907582 890.24449286 
59 0.0137065834431 104.694682768 895.291610648 
60 0.0129055798963 99.8804376083 900.106656812 
61 0.012185212008 95.2875219789 904.700292809 
62 0.0115356836261 90.9057902156 909.082674101 
63 0.0109493463677 86.7255512514 913.263499402 
64 0.0104186100663 82.737531158 917.252050232 
65 0.00993514752304 78.9328428003 921.057222052 
66 0.00949436038468 75.3030794422 924.687426197 
67 0.0090922067634 71.8402172733 928.15069052 
68 0.00872426742797 68.5365760608 931.454699672 
69 0.0083871280309 65.3848421964 934.606770676 
70 0.00807774977488 62.3780360829 937.613886167 
71 0.00779318530397 59.50948961 940.482717205 
72 0.00753106119453 56.7728498576 943.219619081 
73 0.00728926583326 54.1620539572 945.830656777 
74 0.00706577617757 51.6713095295 948.321624694 
75 0.0068589277771 49.2950996768 950.698041395 
76 0.00666725447832 47.0281610793 952.965171666 
77 0.00648937888707 44.8654657341 955.128044887 
78 0.00632411150502 42.8022226692 957.191453219 
79 0.00617038517657 40.8338609077 959.159968707 
80 0.00602719944345 38.9560137707 961.03795903 
81 0.00589369107342 37.1645208705 962.829585438 
82 0.00576908847313 35.4554135017 964.53881741 
83 0.00565266692911 33.8249003466 966.169446986 
84 0.00554378430411 32.2693676612 967.725088555 
85 0.0054418709484 30.7853704114 969.209187718 
86 0.00534638740362 29.3696161045 970.625037508 
87 0.00525685475054 28.0189675268 971.975775618 
88 0.00517283992758 26.7304325708 973.264394589 
89 0.00509393983714 25.5011534878 974.493752572 
90 0.00501978551767 24.3284029802 975.666577234 
91 0.00495003471474 23.2095808354 976.78546913 
92 0.00488438164052 22.1422076376 977.852907981 
93 0.00482256160774 21.1239211375 978.871256301 
94 0.00476433326867 20.1524679665 979.8427677 
95 0.00470943371602 19.2256890997 980.769601467 
96 0.00465764462024 18.3415301693 981.653812186 
97 0.00460877249873 17.4980328786 982.497358349 
98 0.00456263086494 16.6933272564 983.302110113 
99 0.00451904046315 15.9256279019 984.069853058 
100 0.00447784230016 15.1932330966 984.802289061 
