Time S I R
0  997 3 0
1 992.983246055 6.63338705056 0.38336689472 
2 984.182689438 14.5885515632 1.22875899874 
3 965.211820168 31.7110481471 3.07713168536 
4 925.711247649 67.2435344557 7.04521789519 
5 849.083601633 135.665861562 15.250536805 
6 718.878473007 250.062822384 31.0587046093 
7 540.255868822 401.559023788 58.1851073904 
8 354.807597718 547.078106321 98.114295961 
9 209.096700556 642.574275613 148.329023832 
10 116.312230214 679.660607046 204.027162739 
11 63.8745241609 675.180893974 260.944581865 
12 35.6125483093 647.962933902 316.424517789 
13 20.4438668971 610.42552509 369.130608012 
14 12.1541049059 569.332657938 418.513237156 
15 7.49406246111 528.072469404 464.433468135 
16 4.78918971957 488.257441972 506.953368308 
17 3.16704518196 450.604746043 546.228208775 
18 2.16269507815 415.384881049 582.452423873 
19 1.52180564706 382.645484536 615.832709817 
20 1.10097167952 352.324445403 646.574582918 
21 0.817251197534 324.306846203 674.875902599 
22 0.621210719378 298.454995762 700.923793519 
23 0.482679937119 274.623842424 724.893477639 
24 0.382657296482 252.669323004 746.9480197 
25 0.309049825765 232.452311299 767.238638875 
26 0.253905048245 213.840907092 785.90518786 
27 0.211908145274 196.711277206 803.076814649 
28 0.179454267985 180.94788029 818.872665442 
29 0.154004693869 166.443450126 833.402545181 
30 0.133749185036 153.098581066 846.767669749 
31 0.1174942971 140.821411385 859.061094318 
32 0.104295195325 129.527075125 870.36862968 
33 0.0934681293902 119.137295687 880.769236184 
34 0.0845077955682 109.579989957 890.335502248 
35 0.0770266139735 100.788655188 899.134318198 
36 0.0707390316289 92.7020976658 907.227163303 
37 0.0654113135532 85.263943939 914.670644747 
38 0.0608747101752 78.4223284298 921.51679686 
39 0.0569661332804 72.1293197402 927.813714127 
40 0.0535937825344 66.3410854075 933.60532081 
41 0.0506722338584 61.0172015084 938.932126258 
42 0.0481241991558 56.1204150688 943.831460732 
43 0.0458939320026 51.616498567 948.337607501 
44 0.0439341172662 47.4739549324 952.48211095 
45 0.0422056115929 43.663806586 956.293987802 
46 0.0406758797234 40.1593930906 959.79993103 
47 0.039317920031 36.9361937318 963.024488348 
48 0.0381090510716 33.971653283 965.990237666 
49 0.0370300085837 31.2450167002 968.717953291 
50 0.036064313585 28.7371907224 971.226744964 
51 0.0351984357279 26.4306318023 973.534169762 
52 0.0344204507687 24.3091904978 975.656389051 
53 0.0337201412509 22.3580128856 977.608266973 
54 0.0330886571389 20.5634353812 979.403475962 
55 0.0325183133422 18.9128902933 981.054591393 
56 0.032002430165 17.3948185364 982.573179033 
57 0.0315351887747 15.9985907587 983.969874052 
58 0.0311114747408 14.7144282608 985.254460264 
59 0.0307268019045 13.5333371781 986.43593602 
60 0.0303772038029 12.4470449056 987.522577891 
61 0.0300591798259 11.4479435599 988.52199726 
62 0.0297696063994 10.5290331359 989.441197258 
63 0.0295057364069 9.68387962358 990.28661464 
64 0.0292651289631 8.9065661109 991.06416876 
65 0.0290455587689 8.19164370243 991.779310739 
66 0.0288450727809 7.53410715829 992.437047769 
67 0.028661902714 6.92934940076 993.041988697 
68 0.0284944584034 6.37313305741 993.598372484 
69 0.0283413243607 5.86156442096 994.110094255 
70 0.0282012069169 5.39105752782 994.580741265 
71 0.0280729479732 4.95831745528 995.013609597 
72 0.027955502038 4.56031397707 995.411730521 
73 0.0278479153732 4.19425700685 995.777895078 
74 0.0277493315203 3.85758359926 996.114667069 
75 0.0276589692411 3.5479345315 996.424406499 
76 0.0275761193169 3.26314026615 996.709283615 
77 0.027500140177 3.00120710366 996.971292756 
78 0.0274304441386 2.76029876275 997.212270793 
79 0.0273664985914 2.53872811154 997.43390539 
80 0.0273078181455 2.33494331656 997.637748865 
81 0.0272539586031 2.14751587781 997.825230164 
82 0.0272045165485 1.97513357125 997.997661912 
83 0.0271591223901 1.81658830919 998.156252568 
84 0.0271174387152 1.67076927265 998.302113289 
85 0.0270791578603 1.53665559266 998.436265249 
86 0.027043997354 1.41330701513 998.559648988 
87 0.027011699541 1.29985971856 998.673128582 
88 0.0269820284811 1.1955190401 998.777498931 
89 0.0269547677636 1.09955360936 998.873491623 
90 0.0269297197293 1.01129157137 998.961778709 
91 0.026906702843 0.930114315741 999.042978981 
92 0.0268855508507 0.855453107733 999.117661341 
93 0.0268661115435 0.786785210528 999.186348678 
94 0.0268482449834 0.723629193356 999.249522562 
95 0.0268318230958 0.665542791226 999.307625386 
96 0.0268167283101 0.612119087941 999.361064184 
97 0.0268028526407 0.562983631858 999.410213516 
98 0.0267900971736 0.51779242954 999.455417473 
99 0.0267783709432 0.476228721628 999.496992907 
100 0.0267675905011 0.438001323967 999.535231086 
