Time S I R
0  997 3 0
1 996.332115131 3.35776649452 0.31011837413 
2 995.585166939 3.75763854684 0.657194513771 
3 994.750000612 4.2044289347 1.04557045376 
4 993.816447947 4.70346707282 1.48008498022 
5 992.773234698 5.26064191249 1.96612338997 
6 991.607874924 5.8824502574 2.50967481833 
7 990.306562065 6.57604471594 3.117393219 
8 988.854042724 7.3492875618 3.79666971458 
9 987.233511928 8.21079203319 4.55569603846 
10 985.426485216 9.16997057907 5.40354420447 
11 983.412677873 10.2370755504 6.35024657609 
12 981.169889185 11.4232317105 7.40687910461 
13 978.673895718 12.740455981 8.58564830055 
14 975.898344941 14.2016786128 9.89997644578 
15 972.814695319 15.8207108353 11.3645938455 
16 969.392141575 17.6122364692 12.9956219554 
17 965.597628967 19.5917164209 14.8106546122 
18 961.395862203 21.7753076716 16.828830125 
19 956.749397502 24.1797071621 19.0708953355 
20 951.618817714 26.8219391806 21.559243105 
21 945.962991077 29.7190765623 24.3179323604 
22 939.739397004 32.887921521 27.3726814745 
23 932.904619855 36.3445638403 30.7508163042 
24 925.414927784 40.1038876561 34.4811845595 
25 917.227043334 44.1789559373 38.594000729 
26 908.299043539 48.5803227549 43.1206337064 
27 898.591376338 53.3152842134 48.0933394482 
28 888.068085927 58.3870217296 53.5448923435 
29 876.698146882 63.7937223525 59.508130765 
30 864.456835009 69.5277045229 66.0154604677 
31 851.327311022 75.5745105178 73.0981784607 
32 837.301986494 81.9121868304 80.7858266756 
33 822.383995964 88.5105989302 89.105405106 
34 806.588353286 95.3310806232 98.0805660909 
35 789.943030151 102.326217617 107.730752232 
36 772.489564389 109.440082888 118.070352723 
37 754.283267179 116.608819198 129.107913623 
38 735.393039333 123.761586948 140.845373719 
39 715.900488531 130.822018297 153.277493173 
40 695.89870279 137.709927558 166.391369652 
41 675.490393788 144.34346288 180.166143331 
42 654.785699162 150.641305911 194.572994927 
43 633.899481399 156.525240868 209.575277733 
44 612.948783747 161.922254935 225.128961318 
45 592.049710259 166.76706121 241.183228531 
46 571.315066773 171.003602376 257.681330852 
47 550.851474301 174.58694016 274.56158554 
48 530.757596866 177.483925487 291.758477647 
49 511.122130927 179.67399205 309.203877023 
50 492.02274962 181.148992843 326.828257537 
51 473.525251897 181.912875251 344.561872851 
52 455.683322837 181.98073046 362.335946703 
53 438.538611507 181.377776043 380.083612451 
54 422.121320215 180.137663141 397.741016644 
55 406.450790031 178.301363054 415.247846915 
56 391.536776009 175.915106906 432.548117085 
57 377.380160986 173.029297352 449.590541662 
58 363.974523506 169.696581314 466.32889518 
59 351.306929773 165.970902309 482.722167918 
60 339.359409693 161.905995145 498.734595162 
61 328.109734613 157.554612377 514.33565301 
62 317.53261514 152.967543529 529.499841331 
63 307.600402964 148.193053241 544.206543796 
64 298.28395558 143.276375058 558.439669363 
65 289.553219709 138.259356738 572.187423554 
66 281.37779531 133.180310345 585.441894345 
67 273.727386727 128.073818654 598.198794619 
68 266.572128466 122.970919855 610.456951679 
69 259.882866559 117.899145079 622.217988362 
70 253.63140542 112.88237695 633.48621763 
71 247.790608637 107.941281581 644.268109782 
72 242.334553972 103.093536283 654.571909745 
73 237.238546066 98.3540213193 664.407432615 
74 232.479200796 93.7349095094 673.785889695 
75 228.034400165 89.2460516009 682.719548234 
76 223.883329228 84.8951522097 691.221518563 
77 220.006403973 80.6880244938 699.305571533 
78 216.385278861 76.6287618201 706.985959319 
79 213.0027612 72.7199808669 714.277257933 
80 209.842782858 68.9629793409 721.194237801 
81 206.890324946 65.3579323172 727.751742737 
82 204.131385194 61.9040377562 733.964577049 
83 201.552902136 58.5996701107 739.847427753 
84 199.142710114 55.4425056572 745.414784229 
85 196.889459301 52.4296460081 750.680894691 
86 194.782594383 49.5577193243 755.659686293 
87 192.812291893 46.8229704695 760.364737638 
88 190.969396985 44.221342044 764.809260971 
89 189.245399234 41.7485620131 769.006038753 
90 187.632372196 39.4001856563 772.967442148 
91 186.122937234 37.1716603793 776.705402386 
92 184.710228804 35.0583802231 780.231390973 
93 183.387852774 33.0557040402 783.556443186 
94 182.149855223 31.1590141906 786.691130586 
95 180.990691085 29.3637306374 789.645578278 
96 179.905194913 27.6653312719 792.429473815 
97 178.888552765 26.0593914337 795.052055802 
98 177.936278683 24.5415783028 797.522143014 
99 177.044192857 23.1076697216 799.848137421 
100 176.208392972 21.7535795471 802.038027481 
