Time S I R
0  997 3 0
1 995.692138527 3.96924328908 0.338618184023 
2 993.964865765 5.24862593274 0.786508302433 
3 991.686304244 6.93515328039 1.37854247548 
4 988.685089801 9.15448900991 2.16042118939 
5 984.739924876 12.0682378623 3.19183726157 
6 979.567552708 15.8820766688 4.55037062349 
7 972.809562226 20.8542173436 6.33622042997 
8 964.0194877 27.3027941513 8.67771814887 
9 952.652831949 35.6097450204 11.7374230302 
10 938.064580967 46.217154814 15.7182642188 
11 919.521113614 59.6101599875 20.8687263987 
12 896.235661105 76.2789319162 27.4854069783 
13 867.437473955 96.6520265027 35.9104995428 
14 832.481354962 120.997433292 46.5212117452 
15 790.99510035 149.296868994 59.7080306558 
16 743.043346114 181.116314623 75.8403392631 
17 689.265079921 215.514231208 95.2206888702 
18 630.926276108 251.039575274 118.034148618 
19 569.839911895 285.856597014 144.303491091 
20 508.145823694 317.99136864 173.862807667 
21 448.001931373 345.639153363 206.358915264 
22 391.278283788 367.439849977 241.281866236 
23 339.343609269 382.63871086 278.017679871 
24 292.986269316 391.104285862 315.909444822 
25 252.459265756 393.226673539 354.314060705 
26 217.599659776 389.754762321 392.645577903 
27 187.972043688 381.626239528 430.401716785 
28 162.997907771 369.826657407 467.175434822 
29 142.053198663 355.292645175 502.654156162 
30 124.53188394 338.856018164 536.612097896 
31 109.881402261 321.219968388 568.898629351 
32 97.6181369922 302.956418727 599.425444281 
33 87.3301511991 284.515725864 628.154122937 
34 78.6728070017 266.242207663 655.084985336 
35 71.3612185771 248.39126029 680.247521133 
36 65.1615758999 231.145901549 703.692522551 
37 59.882755613 214.631481389 725.485762998 
38 55.3688269123 198.928194873 745.702978215 
39 51.4925583886 184.08147111 764.425970501 
40 48.1499988489 170.11036766 781.739633491 
41 45.2560231414 157.01426222 797.729714639 
42 42.7407147698 144.77812755 812.48115768 
43 40.5464481809 133.376648404 826.076903415 
44 38.6255457431 122.777409173 838.597045084 
45 36.9383750786 112.94337859 850.118246331 
46 35.4519495717 103.834600913 860.713449515 
47 34.1385814379 95.4098528502 870.451565712 
48 32.9749840997 87.6275595761 879.397456324 
49 31.9414838177 80.4465776086 887.611938574 
50 31.0213897642 73.8267573817 895.151852854 
51 30.2004839965 67.7293429418 902.070173062 
52 29.4666017461 62.117235065 908.416163189 
53 28.8093009885 56.9551504971 914.235548514 
54 28.219587146 52.2097123717 919.570700482 
55 27.6896750955 47.8495101321 924.460814772 
56 27.2128048267 43.8450847916 928.942110382 
57 26.7830960004 40.1688812558 933.048022744 
58 26.3954036041 36.7952151571 936.809381239 
59 26.0452240547 33.7001820927 940.254593853 
60 25.7285976307 30.8615900907 943.409812279 
61 25.4420344944 28.2588670076 946.299098498 
62 25.1824530533 25.8729680536 948.944578893 
63 24.9471218873 23.686290731 951.366587382 
64 24.7336159439 21.6825811317 953.583802924 
65 24.5397798286 19.8468427508 955.613377421 
66 24.363696577 18.165250801 957.471052622 
67 24.2036460771 16.6250804323 959.171273491 
68 24.0580919311 15.2146133766 960.727294692 
69 23.925659092 13.923078818 962.15126209 
70 23.8051080806 12.7405676798 963.45432424 
71 23.6953318793 11.657983052 964.646685069 
72 23.5953275346 10.666961064 965.737711401 
73 23.5041969638 9.75983290251 966.735970134 
74 23.4211248368 8.92955089366 967.64932427 
75 23.3453789567 8.16965857671 968.484962467 
76 23.2762936417 7.47422482157 969.249481537 
77 23.213269406 6.83781977579 969.948910818 
78 23.1557611527 6.255457934 970.588780913 
79 23.1032740493 5.7225699172 971.174156033 
80 23.0553615496 5.23497512494 971.709663325 
81 23.0116220225 4.78885058226 972.199527395 
82 22.9716841381 4.3806784893 972.647637373 
83 22.9352096045 4.00723430153 973.057556094 
84 22.9018948354 3.66557529377 973.432529871 
85 22.8714639045 3.35300769758 973.775528398 
86 22.843663525 3.06705967576 974.089276799 
87 22.8182635659 2.80546946121 974.376266973 
88 22.7950547889 2.56616655584 974.638778655 
89 22.7738464134 2.34725548643 974.8788981 
90 22.7544646089 2.14700250675 975.098532884 
91 22.7367508917 1.96382051428 975.299428594 
92 22.7205606342 1.79625604527 975.483183321 
93 22.705761942 1.64297930076 975.651258757 
94 22.6922345133 1.5027737493 975.804991737 
95 22.6798684843 1.37452560634 975.945605909 
96 22.6685636685 1.25721637716 976.074219954 
97 22.658228718 1.14991492425 976.191856358 
98 22.6487799587 1.05176743979 976.299452602 
99 22.6401411456 0.961993821396 976.397865033 
100 22.6322426091 0.879880126265 976.487877265 
