Time S I R
0  997 3 0
1 995.757910795 4.12680787374 0.115281331753 
2 994.052262775 5.67391600474 0.273821220643 
3 991.712770959 7.79550911789 0.491719923333 
4 988.509034386 10.7000164275 0.790949186055 
5 984.131366202 14.6672382078 1.20139559025 
6 978.167474616 20.0690125523 1.76351283161 
7 970.075610001 27.3926871149 2.531702884 
8 959.156873467 37.2646487377 3.57847779506 
9 944.532813779 50.4678812523 4.99930496854 
10 925.139641347 67.9425627452 6.91779590807 
11 899.757835516 90.7517653957 9.49039908869 
12 867.1027052 119.988210683 12.9090841166 
13 826.002596632 156.597716995 17.3996863728 
14 775.676575694 201.110472109 23.212952197 
15 716.081135441 253.313158488 30.6057060701 
16 648.229810965 311.958625895 39.8115631399 
17 574.33135835 374.663831733 51.0048099178 
18 497.604979908 438.12907396 64.2659461322 
19 421.754599229 498.685425321 79.5599754499 
20 350.265494205 552.998719138 96.7357866568 
21 285.793822108 598.658841391 115.547336501 
22 229.85855004 634.4522272 135.68922276 
23 182.874214108 660.290411037 156.835374855 
24 144.412525733 676.916118572 178.671355695 
25 113.537622161 685.546738088 200.915639751 
26 89.0997868721 687.570304563 223.329908565 
27 69.9394355719 684.339596669 245.72096776 
28 55.0030660638 677.05938073 267.937553206 
29 43.3921448819 666.743233799 289.864621319 
30 34.3712251177 654.211753317 311.417021565 
31 27.3543341562 640.112195489 332.533470355 
32 21.8828659659 624.945789142 353.171344892 
33 17.6020191799 609.095604874 373.302375947 
34 14.2391344551 592.851654857 392.909210688 
35 11.5853487485 576.431926188 411.982725063 
36 9.4809737044 559.999055777 430.519970519 
37 7.80382474576 543.673590813 448.522584441 
38 6.46024694914 527.544161858 465.995591193 
39 5.37825312943 511.675254597 482.946492273 
40 4.50241125114 496.112996972 499.384591777 
41 3.78973560797 480.889814766 515.320449626 
42 3.20683639833 466.027656437 530.765507165 
43 2.72767547462 451.540533576 545.73179095 
44 2.33184178541 437.436475901 560.231682314 
45 2.00325788396 423.718996098 574.277746018 
46 1.72925267176 410.388138189 587.88260914 
47 1.49963117769 397.441529761 601.058839061 
48 1.30636995289 384.874721011 613.818909036 
49 1.14298270916 372.681900613 626.175116678 
50 1.00427805036 360.856165855 638.139556095 
51 0.886046006006 349.389873036 649.724080958 
52 0.784843019221 338.274874999 660.940281981 
53 0.697890632192 327.502625803 671.799483565 
54 0.622898713732 317.064376045 682.312725242 
55 0.557987181051 306.95125383 692.490758988 
56 0.501624118112 297.154326617 702.344049265 
57 0.452472230057 287.664768294 711.882759476 
58 0.409481787974 278.473742692 721.11677552 
59 0.371757101193 269.57254798 730.055694919 
60 0.338550037987 260.952616421 738.708833541 
61 0.309237741365 252.605531155 747.085231104 
62 0.283279101468 244.523067601 755.193653297 
63 0.260233629455 236.697164511 763.04260186 
64 0.239707966798 229.119975892 770.640316141 
65 0.221384871681 221.78382948 777.994785648 
66 0.20498085179 214.681266358 785.11375279 
67 0.190264499231 207.805018973 792.004716528 
68 0.177025472574 201.148027616 798.674946912 
69 0.165094651156 194.703417733 805.131487615 
70 0.154318750233 188.4645208 811.38116045 
71 0.144556232635 182.424879443 817.430564325 
72 0.135684133969 176.578226103 823.286089763 
73 0.127606016391 170.918435271 828.953958712 
74 0.120239728719 165.43959699 834.440163281 
75 0.113520775656 160.135996146 839.750483079 
76 0.107379691337 155.002066839 844.89055347 
77 0.101747553154 150.032402515 849.865849932 
78 0.09657690477 145.221794396 854.681628699 
79 0.0918289157694 140.565204188 859.342966896 
80 0.0874550193323 136.057700829 863.854844152 
81 0.0834175947122 131.694531734 868.222050671 
82 0.0796879045836 127.471115691 872.449196405 
83 0.0762397915909 123.383008709 876.5407515 
84 0.0730408923655 119.425845423 880.501113684 
85 0.070072138712 115.595469163 884.334458698 
86 0.0673154771398 111.887849473 888.04483505 
87 0.0647519917052 108.299053853 891.636194155 
88 0.0623646372569 104.825276249 895.112359113 
89 0.0601386348428 101.462842888 898.477018477 
90 0.0580592533203 98.2081927923 901.733747954 
91 0.0561150272621 95.0578826105 904.886002362 
92 0.054297853269 92.0085824279 907.937119719 
93 0.0525967960236 89.0570533801 910.890349824 
94 0.0510000203615 86.2001487699 913.74885121 
95 0.0494968813865 83.4348237798 916.515679339 
96 0.0480841128889 80.7581693969 919.19374649 
97 0.0467553557124 78.1673479304 921.785896714 
98 0.0455042462048 75.6596086254 924.294887128 
99 0.0443247488207 73.2322871599 926.723388091 
100 0.0432123050621 70.8828112574 929.073976437 
