Time S I R
0  997 3 0
1 993.60753692 6.25233075837 0.140132321744 
2 986.587791311 12.9805863675 0.431622321197 
3 972.228452359 26.7371468097 1.03440083099 
4 943.534187651 54.1997375697 2.26607477905 
5 888.780394169 106.495695929 4.72390990206 
6 792.928436274 197.655961891 9.41560183479 
7 647.925022129 334.356306765 17.7186711053 
8 470.54819527 498.582037202 30.8697675277 
9 301.924557437 648.962916591 49.1125259719 
10 175.455161417 753.116632738 71.4282058452 
11 95.9724125547 807.79519912 96.232388325 
12 51.0829696256 826.758316146 122.158714229 
13 27.0358996499 824.645489322 148.318611028 
14 14.4005793448 811.383867589 174.215553067 
15 7.76746003895 792.637010228 199.595529733 
16 4.25524552884 771.407095833 224.337658638 
17 2.37055694671 749.238902922 248.390540131 
18 1.34345116133 726.918234256 271.738314583 
19 0.774495135295 704.842347957 294.383156907 
20 0.454068938517 683.209616329 316.336314733 
21 0.270624146365 662.115863643 337.61351221 
22 0.163872407155 641.603559163 358.23256843 
23 0.100756659529 621.687085608 378.212157732 
24 0.0629172063013 602.36592939 397.571153403 
25 0.0398927856984 583.631847832 416.328259382 
26 0.0256972209143 565.472445209 434.50185757 
27 0.0167516425104 547.87334396 452.109904397 
28 0.0110471027144 530.819065757 469.16988714 
29 0.00738431242928 514.293816069 485.698799618 
30 0.00500295366317 498.28187222 501.713124827 
31 0.00343082938662 482.767719223 517.228849947 
32 0.00238190158893 467.736147872 532.261470226 
33 0.00167665706954 453.172344552 546.825978791 
34 0.00118623107119 439.061812312 560.937001456 
35 0.000845253104671 425.390498759 574.608655988 
36 0.00061086407004 412.144838609 587.854550527 
37 0.000445657666774 399.311478037 600.688076306 
38 0.000327503332301 386.877688197 613.1219843 
39 0.000236999636627 374.831016759 625.168746241 
40 0.00016620083386 363.159390414 636.840443385 
41 0.000116472573836 351.851192734 648.148690794 
42 7.68664995121e-05 340.895004867 659.104918266 
43 4.98686204082e-05 330.279925555 669.720024576 
44 4.47344492613e-05 319.995487528 680.004467738 
45 5.012838119e-05 310.031308186 689.968641685 
46 5.68584807752e-05 300.377380438 699.622562703 
47 5.92186387394e-05 291.024085613 708.975855169 
48 5.64178474178e-05 281.962041935 718.037901648 
49 4.96128577652e-05 273.182160843 726.817789544 
50 3.98962458803e-05 264.675712227 735.324247877 
51 2.83792403479e-05 256.434110335 743.565861286 
52 1.77450948513e-05 248.449135006 751.550847249 
53 1.13449788159e-05 240.712802905 759.28718575 
54 1.09863444777e-05 233.217382127 766.782606887 
55 1.41146635997e-05 225.95534269 774.044643195 
56 1.93375857407e-05 218.919428765 781.080551898 
57 2.37764364783e-05 212.102611644 787.89736458 
58 2.42477339043e-05 205.498078724 794.501897029 
59 2.36044018038e-05 199.099234008 800.900742388 
60 2.21693842377e-05 192.899667315 807.100310515 
61 1.98679063033e-05 186.893145947 813.106834185 
62 1.67853600033e-05 181.073610448 818.926372767 
63 1.3157747162e-05 175.435270712 824.56471613 
64 9.43908162299e-06 169.97250359 830.027486971 
65 6.33457023014e-06 164.679838766 835.3201549 
66 4.81616052639e-06 159.551971599 840.448023585 
67 4.84618965402e-06 154.58377324 845.416221913 
68 5.72274177557e-06 149.770279589 850.229714689 
69 6.98505061791e-06 145.106672946 854.893320069 
70 7.83196219345e-06 140.588283066 859.411709102 
71 7.77175660005e-06 136.210586835 863.789405393 
72 7.42393888231e-06 131.969209128 868.030783448 
73 6.81978576722e-06 127.859904265 872.140088915 
74 6.08692153037e-06 123.878555962 876.121437951 
75 5.39354959983e-06 120.021175809 879.978818797 
76 4.67192990072e-06 116.283908385 883.716086944 
77 3.94589415009e-06 112.663015908 887.336980146 
78 3.3747926409e-06 109.154872497 890.845124128 
79 3.14352712394e-06 105.755963683 894.244033173 
80 3.18847219205e-06 102.462892125 897.537104687 
81 3.44916236372e-06 99.272364236 900.727632315 
82 3.86546525988e-06 96.1811860402 903.818810094 
83 4.29230976806e-06 93.1862619962 906.813733712 
84 4.46560375167e-06 90.2845919565 909.715403578 
85 4.31309877058e-06 87.4732699807 912.526725706 
86 4.17285298226e-06 84.7494829943 915.250512833 
87 4.05811158544e-06 82.1105053443 917.889490598 
88 3.95955885324e-06 79.5536983845 920.446297656 
89 3.83627946121e-06 77.0765089048 922.923487259 
90 3.62450100511e-06 74.6764654855 925.32353089 
91 3.44206102909e-06 72.3511571178 927.64883944 
92 3.33302284616e-06 70.0982535027 929.901743164 
93 3.28685632667e-06 67.9155004704 932.084496243 
94 3.2608836591e-06 65.8007151077 934.199281631 
95 3.16835939884e-06 63.7517840044 936.248212827 
96 3.01189857055e-06 61.7666563418 938.233340646 
97 2.88320757136e-06 59.8433418835 940.156655233 
98 2.77842366359e-06 57.9799156964 942.020081525 
99 2.6882973998e-06 56.1745130453 943.825484266 
100 2.59687976722e-06 54.4253276695 945.574669734 
