Time S I R
0  997 3 0
1 996.213965459 3.65534835024 0.130686191206 
2 995.25715772 4.45293790203 0.289904377991 
3 994.092967056 5.42319414137 0.483838803051 
4 992.677161768 6.60284395774 0.719994274234 
5 990.95643451 8.03610106611 1.00746442416 
6 988.866694113 9.77605086549 1.35725502156 
7 986.331121222 11.8862136356 1.78266514218 
8 983.258022582 14.4422494253 2.2997279932 
9 979.538456714 17.5338151339 2.92772815248 
10 975.043759964 21.2664516571 3.68978837865 
11 969.623073323 25.7633930675 4.6135336096 
12 963.101105041 31.1670761972 5.73181876139 
13 955.276450609 37.6400452145 7.08350417611 
14 945.920927764 45.3648214095 8.71425082673 
15 934.780566916 54.5421538821 10.6772792021 
16 921.579051449 65.3869326845 13.034015866 
17 906.024545859 78.1209345696 15.8545195712 
18 887.820898598 92.9615562971 19.217545105 
19 866.684077891 110.105852092 23.2100700169 
20 842.364233877 129.709660679 27.9261054442 
21 814.673087258 151.862333622 33.4645791193 
22 783.514927174 176.558899264 39.9261735615 
23 748.918063604 203.672869655 47.4090667413 
24 711.061977086 232.934337316 56.0036855978 
25 670.294340656 263.918868466 65.7867908778 
26 627.132232574 296.052343063 76.8154243631 
27 582.243672647 328.63491103 89.1214163228 
28 536.409049541 360.883732163 102.707218296 
29 490.466492933 391.989784335 117.543722732 
30 445.249018095 421.180520343 133.570461562 
31 401.52329632 447.778475125 150.698228555 
32 359.939449902 471.246772201 168.813777897 
33 320.998340068 491.215706064 187.785953867 
34 285.038610737 507.488927087 207.472462176 
35 252.241713682 520.03176738 227.726518938 
36 222.6503956 528.946833935 248.402770464 
37 196.195073713 534.442825934 269.362100353 
38 172.722883416 536.801951377 290.475165207 
39 152.025413924 536.349898052 311.624688024 
40 133.862717334 533.430624121 332.706658545 
41 117.982392183 528.386956405 353.630651412 
42 104.133661931 521.546845311 374.319492758 
43 92.0769852311 513.214526709 394.70848806 
44 81.5900658676 503.66553762 414.744396512 
45 72.4705098405 493.14532666 434.384163499 
46 64.53756267 481.868565257 453.593872073 
47 57.6314451451 470.021081928 472.347472927 
48 51.612152865 457.76214972 490.625697415 
49 46.3581136 445.22681229 508.41507411 
50 41.7641214657 432.528860412 525.707018123 
51 37.7395056175 419.763437336 542.497057047 
52 34.2063988371 407.009465112 558.784136051 
53 31.0979754296 394.331996008 574.570028562 
54 28.3569708782 381.784198544 589.858830578 
55 25.9343215622 369.409149571 604.656528867 
56 23.7879496335 357.241409708 618.970640659 
57 21.881834942 345.30827372 632.809891338 
58 20.1850425811 333.630994754 646.183962665 
59 18.6710016787 322.225727915 659.103270407 
60 17.3168408673 311.104382908 671.578776224 
61 16.1028692845 300.275287609 683.621843107 
62 15.0120724734 289.743831098 695.244096428 
63 14.0297617779 279.51290544 706.457332782 
64 13.1431888071 269.583399017 717.273412176 
65 12.3413090181 259.954489113 727.704201869 
66 11.614499156 250.623997235 737.761503609 
67 10.9543888315 241.588595967 747.457015202 
68 10.3536564395 232.844062724 756.802280837 
69 9.80590378168 224.385430328 765.80866589 
70 9.30551621575 216.207157115 774.487326669 
71 8.8475627153 208.303244867 782.849192417 
72 8.42770143136 200.667349784 790.904948785 
73 8.04209299221 193.292883529 798.665023479 
74 7.6873575576 186.173057338 806.139585104 
75 7.36051549166 179.300947928 813.33853658 
76 7.05888577949 172.669619144 820.271495077 
77 6.7801139354 166.272073866 826.947812198 
78 6.52209015952 160.101349301 833.37656054 
79 6.28292927911 154.15053222 839.566538501 
80 6.06095981719 148.412762587 845.526277596 
81 5.85466788941 142.881296024 851.264036086 
82 5.66270621315 137.549481464 856.787812323 
83 5.48386202012 132.410793721 862.105344259 
84 5.31703875355 127.458847947 867.2241133 
85 5.16125480272 122.687391094 872.151354103 
86 5.01561729876 118.090326187 876.894056514 
87 4.87932160565 113.661704278 881.458974116 
88 4.75163961678 109.395730953 885.85262943 
89 4.63190712143 105.286774369 890.081318509 
90 4.51952394858 101.329356318 894.151119734 
91 4.41393955755 97.5181628579 898.067897585 
92 4.31465430853 93.8480348045 901.837310887 
93 4.22121761545 90.3139624476 905.464819937 
94 4.13321485048 86.9110952153 908.955689934 
95 4.05025963091 83.6347445526 912.314995816 
96 3.97200414074 80.480363436 915.547632423 
97 3.89813090427 77.4435503071 918.658318789 
98 3.82834243737 74.5200555689 921.651601994 
99 3.76236784655 71.7057670694 924.531865084 
100 3.69995995633 68.9967076312 927.303332412 
