Time S I R
0.0  10000 1 0
1 9996.09609947 4.46466971638 0.439230816082 
2 9978.69835046 19.9028966957 2.39875284008 
3 9901.76889148 88.1265763486 11.1045321705 
4 9573.0039393 378.908120289 49.0879404084 
5 8348.98515675 1449.03431957 202.980523685 
6 5400.31857649 3907.60712956 693.074293952 
7 2274.55877156 6060.70881926 1665.73240917 
8 781.593545627 6352.05842286 2867.34803151 
9 281.1885401 5702.48094358 4017.33051632 
10 115.338941883 4865.89100628 5019.77005183 
11 54.3253868016 4079.99919189 5866.67542131 
12 28.9655879535 3397.91801861 6574.11639344 
13 17.1713036715 2821.49490568 7162.33379065 
14 11.1272076809 2339.48642714 7650.38636518 
15 7.76677787879 1938.33572412 8054.897498 
16 5.76620409417 1605.26430904 8389.96948687 
17 4.50585085282 1329.06833328 8667.42581587 
18 3.67392111382 1100.20282824 8897.12325065 
19 3.10273210598 910.64200675 9087.25526114 
20 2.69772889509 753.680533756 9244.62173735 
21 2.40282074977 623.737099767 9374.86007948 
22 2.18328459584 516.175212329 9482.64150307 
23 2.01685849739 427.148312499 9571.834829 
24 1.88877258836 353.467535179 9645.64369223 
25 1.78895684821 292.490751858 9706.72029129 
26 1.71036075247 242.029465572 9757.26017368 
27 1.64793178358 200.271337274 9799.08073094 
28 1.59800308826 165.716394295 9833.68560262 
29 1.55783792904 137.122594561 9862.31956751 
30 1.52536795279 113.461831031 9886.01280102 
31 1.49901331247 93.8833331668 9905.61765352 
32 1.47755099719 77.6828971084 9921.83955189 
33 1.46002450766 64.2777646825 9935.26221081 
34 1.44567994909 53.1857278467 9946.3685922 
35 1.43391737378 44.0076767384 9955.55840589 
36 1.42425706569 36.4133802582 9963.16236268 
37 1.41631306088 30.1295722584 9969.45411468 
38 1.40977346087 24.9301209588 9974.66010558 
39 1.4043852379 20.62791549 9978.96769927 
40 1.39994244287 17.0681307888 9982.53192677 
41 1.39627697741 14.122652467 9985.48107056 
42 1.39325132665 11.6854733741 9987.9212753 
43 1.39075277957 9.66887995197 9989.94036727 
44 1.3886888032 8.0002925142 9991.61101868 
45 1.38698333045 6.61965624364 9992.99336043 
46 1.38557376084 5.47727951063 9994.13714673 
47 1.38440852878 4.53204559846 9995.08354587 
48 1.38344512598 3.74993334365 9995.86662153 
49 1.38264848825 3.10279267733 9996.51455883 
50 1.38198967628 2.56733123825 9997.05067909 
51 1.3814447955 2.12427627398 9997.49427893 
52 1.38099410962 1.75768104936 9997.86132484 
53 1.38062131176 1.45435064679 9998.16502804 
54 1.38031292532 1.20336719251 9998.41631988 
55 1.38005781053 0.995696967499 9998.62424522 
56 1.37984675762 0.823865237293 9998.79628801 
57 1.37967215142 0.681687215145 9998.93864063 
58 1.37952769447 0.564045450409 9999.05642686 
59 1.37940817853 0.466705624342 9999.1538862 
60 1.37930929581 0.386164156456 9999.23452655 
61 1.3792274831 0.319522099288 9999.30125042 
62 1.37915979285 0.26438075959 9999.35645945 
63 1.37910378672 0.218755402483 9999.40214081 
64 1.37905744749 0.181003774342 9999.43993878 
65 1.37901910628 0.149767021365 9999.47121387 
66 1.37898738272 0.123921030054 9999.49709159 
67 1.37896113444 0.102535439876 9999.51850343 
68 1.37893941629 0.0848404353849 9999.53622015 
69 1.37892144638 0.070199119606 9999.55087943 
70 1.37890657782 0.0580845413959 9999.56300888 
