Time S I R
0  997 3 0
1 993.318738637 6.27814031152 0.403121051955 
2 985.676099607 13.0790704618 1.2448299308 
3 970.015499355 26.994337261 2.99016338441 
4 938.767687695 54.6738358744 6.55847643042 
5 879.596147161 106.750473747 13.6533790923 
6 777.856868635 195.094394954 27.0487364104 
7 628.723819966 321.031844049 50.2443359858 
8 453.829404564 460.403195579 85.7673998572 
9 294.199574828 572.796040463 133.00438471 
10 177.274334731 634.518463626 188.207201643 
11 103.551665011 649.652382456 246.795952533 
12 60.5654775535 634.189722551 305.244799896 
13 36.1572666939 602.383061931 361.459671375 
14 22.2425592991 563.349815078 414.407625623 
15 14.1512694822 522.161881793 463.686848724 
16 9.31701646376 481.448393036 509.234590501 
17 6.34153887468 442.498776534 551.159684591 
18 4.45447438086 405.893120708 589.652404911 
19 3.22242203711 371.840569267 624.937008695 
20 2.39569317513 340.35725524 657.247051585 
21 1.82647379354 311.360977092 686.812549114 
22 1.42512918017 284.721251073 713.853619747 
23 1.13586929845 260.286705021 738.577425681 
24 0.923174727534 237.899790364 761.177034908 
25 0.763806259774 217.404958864 781.831234877 
26 0.64235257925 198.652681994 800.704965427 
27 0.548345516078 181.501700764 817.94995372 
28 0.47453356949 165.81995707 833.705509361 
29 0.415825318727 151.484794653 848.099380029 
30 0.368589999823 138.382765583 861.248644417 
31 0.330107677601 126.409468583 873.26042374 
32 0.298450526723 115.468737635 884.232811838 
33 0.272223980361 105.472443103 894.255332917 
34 0.250284958235 96.3396025553 903.410112487 
35 0.231793998639 87.9960954364 911.772110565 
36 0.216101074827 80.3740341182 919.409864807 
37 0.20269810806 73.411287291 926.386014601 
38 0.19118471329 67.0510294467 932.75778584 
39 0.181242223281 61.2412821209 938.577475656 
40 0.172614848575 55.9345051981 943.892879953 
41 0.165097488782 51.0872920983 948.747610413 
42 0.15851679694 46.659837575 953.181645628 
43 0.152732688841 42.6158222535 957.231445058 
44 0.147636421259 38.9221551553 960.930208423 
45 0.143130077667 35.5484833368 964.308386586 
46 0.139134567802 32.4671160877 967.393749345 
47 0.135582971921 29.6527511386 970.211665889 
48 0.132418518248 27.0822709473 972.785310534 
49 0.129592938284 24.7345530365 975.135854025 
50 0.127065032691 22.5903053667 977.282629601 
51 0.1247994628 20.631906157 979.24329438 
52 0.122765548075 18.8432478062 981.033986646 
53 0.120936956255 17.2096284667 982.669434577 
54 0.119290694954 15.7176132163 984.163096089 
55 0.117806738571 14.3549312148 985.527262047 
56 0.116467582836 13.1103767249 986.773155692 
57 0.115257819073 11.9737092181 987.911032963 
58 0.114163935012 10.9355815335 988.950254531 
59 0.113173954548 9.98745040361 989.899375642 
60 0.112277310816 9.12151664931 990.76620604 
61 0.111464610863 8.33065478707 991.557880602 
62 0.110727511087 7.60835722207 992.280915267 
63 0.110058558569 6.9486783692 992.941263072 
64 0.109451150007 6.34619502967 993.54435382 
65 0.108899336051 5.79594749861 994.095153165 
66 0.108397804334 5.29340772077 994.598194475 
67 0.107941776653 4.83443876878 995.057619455 
68 0.107526967043 4.4152634802 995.477209553 
69 0.107149515931 4.03243157242 995.860418912 
70 0.106805951168 3.68279288924 996.21040116 
71 0.106493137836 3.36346926122 996.530037601 
72 0.106208248652 3.07183242709 996.821959324 
73 0.105948726848 2.8054817897 997.088569483 
74 0.105712261144 2.5622250469 997.332062692 
75 0.105496757396 2.34005932983 997.554443913 
76 0.105300325392 2.13715745622 997.757542218 
77 0.10512124532 1.95184858312 997.943030172 
78 0.104957958571 1.78260712899 998.112434912 
79 0.104809052941 1.62804047499 998.267150472 
80 0.104673242156 1.48687540836 998.408451349 
81 0.104549361794 1.35795065678 998.537499981 
82 0.104436350872 1.24020452791 998.655359121 
83 0.104333245423 1.13266777293 998.762998982 
84 0.104239169774 1.03445568155 998.861305149 
85 0.104153324969 0.944759146088 998.951087529 
86 0.104074985739 0.862840174248 999.03308484 
87 0.104003490591 0.788024156348 999.107972353 
88 0.103938237462 0.719695212767 999.17636655 
89 0.103878678481 0.657291179608 999.238830142 
90 0.103824313373 0.600297950806 999.295877736 
91 0.103774687255 0.548246651873 999.347978661 
92 0.103729384875 0.500708634115 999.395561981 
93 0.103688027821 0.457292520525 999.439019452 
94 0.103650271368 0.417641074362 999.478708654 
95 0.103615800612 0.381427647493 999.514956552 
96 0.103584328906 0.348354329073 999.548061342 
97 0.103555594433 0.318148758411 999.578295647 
98 0.103529358424 0.290562248617 999.605908393 
99 0.103505403223 0.265367814232 999.631126783 
100 0.103483529923 0.242357898656 999.654158571 
