Time S I R
0.0  10000 1 0
1 9995.01802352 5.42901514541 0.552961333557 
2 9968.04758511 29.4011475316 3.55126736151 
3 9824.20269567 157.116495746 19.6808085816 
4 9113.90024765 784.141832471 102.957919875 
5 6596.49647441 2942.83885988 461.664665707 
6 2819.55064056 5776.62799341 1404.82136603 
7 852.94295418 6416.49439016 2731.56265566 
8 266.471926538 5711.97682595 4022.55124751 
9 98.2512591241 4773.06242611 5129.68631476 
10 43.0732601304 3913.19310874 6044.73363113 
11 21.9638719898 3186.91022918 6792.12589883 
12 12.7014587471 2588.40341793 7399.89512332 
13 8.14354033149 2099.66662659 7893.18983307 
14 5.67900930714 1702.11679234 8293.20419835 
15 4.24025347808 1379.34133781 8617.41840871 
16 3.34668099906 1117.53188416 8880.12143484 
17 2.76275296762 905.291140661 9092.94610637 
18 2.36525910903 733.291546789 9265.3431941 
19 2.0856082871 593.933018983 9404.98137273 
20 1.88351153626 481.03703188 9518.07945658 
21 1.73427770419 389.587643696 9609.6780786 
22 1.62212647953 315.515812916 9683.8620606 
23 1.53663979784 255.522487604 9743.9408726 
24 1.47070797842 206.933295569 9792.59599645 
25 1.41939559466 167.581878392 9831.99872601 
26 1.3791587623 135.712565536 9863.9082757 
27 1.34741170095 109.903129369 9889.74945893 
28 1.32223875986 89.0015862376 9910.676175 
29 1.30219807807 72.0747922844 9927.62300964 
30 1.2861918472 58.3670438761 9941.34676428 
31 1.27337414405 47.2662132706 9952.46041259 
32 1.26308794426 38.2765626488 9961.46034941 
33 1.25481904832 30.9966201962 9968.74856076 
34 1.24816253849 25.1012360365 9974.65060142 
35 1.24279795397 20.3270976865 9979.43010436 
36 1.23847059628 16.4609639796 9983.30056542 
37 1.2349773321 13.3301431435 9986.43487952 
38 1.23215569955 10.794787747 9988.97305655 
39 1.22987546011 8.74164565363 9991.02847889 
40 1.22803201007 7.07900319087 9992.6929648 
41 1.2265412061 5.73259007488 9994.04086872 
42 1.225335277 4.64226101609 9995.13240371 
43 1.22435958273 3.75930990229 9996.01633051 
44 1.22357003363 3.04429429723 9996.73213567 
45 1.22293102891 2.46527333327 9997.31179564 
46 1.22241380672 1.99638120748 9997.78120499 
47 1.22199511996 1.6166716851 9998.16133319 
48 1.22165617207 1.30918239619 9998.46916143 
49 1.22138176064 1.06017719306 9998.71844105 
50 1.22115958718 0.858532494667 9998.92030792 
51 1.22097970053 0.69524039779 9999.0837799 
52 1.22083404757 0.563006292359 9999.21615966 
53 1.22071611042 0.455922984085 9999.32336091 
54 1.22062061316 0.36920682009 9999.41017257 
55 1.22054328488 0.298983992097 9999.48047272 
56 1.22048066796 0.242117483521 9999.53740185 
57 1.22042996307 0.196066930369 9999.58350311 
58 1.22038890358 0.158774988983 9999.62083611 
59 1.22035565475 0.128576100946 9999.65106824 
60 1.22032873052 0.104121044092 9999.67555023 
61 1.22030692766 0.0843172938011 9999.69537578 
62 1.22028927198 0.0682802047088 9999.71143052 
63 1.2202749746 0.0552933708371 9999.72443165 
64 1.22026339666 0.0447765964035 9999.73496001 
65 1.22025402093 0.0362601128083 9999.74348587 
66 1.22024642852 0.0293634725082 9999.7503901 
67 1.22024028021 0.0237785626623 9999.75598116 
68 1.22023530133 0.0192558968781 9999.7605088 
69 1.22023126944 0.0155934405894 9999.76417529 
70 1.22022800442 0.0126275779359 9999.76714442 
