Time S I R
0  997 3 0
1 995.767088745 4.17563027768 0.057280977117 
2 994.054006143 5.80900533078 0.136988526643 
3 991.676554186 8.07560955987 0.247836253676 
4 988.382508219 11.215631997 0.40185978415 
5 983.828864757 15.5555080118 0.615627231155 
6 977.553750852 21.5344139642 0.911835183489 
7 968.943787602 29.734846513 1.32136588537 
8 957.200203342 40.9139437305 1.88585292753 
9 941.311583901 56.0277096612 2.6607064376 
10 920.048502861 76.2331191664 3.71837797277 
11 892.005157159 102.843520734 5.15132210681 
12 855.722260364 137.204095451 7.07364418497 
13 809.925395439 180.454734418 9.61987014292 
14 753.888046648 233.17304008 12.938913272 
15 687.865067376 294.953319091 17.181613533 
16 613.447114839 364.070916579 22.4819685814 
17 533.626276354 437.438731151 28.9349924948 
18 452.417699539 511.004942876 36.5773575851 
19 374.091536183 580.530713899 45.3777499179 
20 302.304657575 642.4543638 55.2409786256 
21 239.485820018 694.48993857 66.024241412 
22 186.663262335 735.77725855 77.5594791147 
23 143.679670407 766.645447995 89.6748815973 
24 109.594268471 788.195021905 102.210709624 
25 83.0878299924 801.883837854 115.028332154 
26 62.7649365321 809.221716822 128.013346646 
27 47.3347334715 811.590447164 141.074819365 
28 35.6932781474 810.164262251 154.142459602 
29 26.9421426518 805.894780292 167.163077056 
30 20.3746374785 799.528216842 180.097145679 
31 15.4465097235 791.637784288 192.915705988 
32 11.7449286366 782.657201644 205.597869719 
33 8.95961178127 772.91156795 218.128820269 
34 6.85872832182 762.642995945 230.498275734 
35 5.26965463812 752.031007586 242.699337776 
36 4.06390027927 741.208506252 254.727593469 
37 3.14591030668 730.273611065 266.580478628 
38 2.44458357918 719.298620506 278.256795915 
39 1.9068758906 708.336772969 289.75635114 
40 1.49311417638 697.427198603 301.079687221 
41 1.173565588 686.598545122 312.22788929 
42 0.925871193221 675.871690835 323.202437972 
43 0.733173070378 665.261725388 334.005101542 
44 0.582715224249 654.779429898 344.637854878 
45 0.464814344457 644.432366343 355.102819313 
46 0.372096641221 634.225685589 365.40221777 
47 0.298931848913 624.162726974 375.538341178 
48 0.240990275458 614.245487676 385.513522048 
49 0.194899054755 604.474986721 395.330114224 
50 0.158171583812 594.851339888 404.990488528 
51 0.128792823164 585.374199752 414.497007425 
52 0.105233593793 576.042740361 423.852026045 
53 0.0862590785207 566.855860143 433.057880779 
54 0.0709220925758 557.812188268 442.11688964 
55 0.0584918438942 548.910160177 451.031347979 
56 0.0483713503199 540.148105031 459.803523619 
57 0.0401516623458 531.524188252 468.435660085 
58 0.033425386885 523.036608614 476.929965999 
59 0.0279163925733 514.683460853 485.288622755 
60 0.023375432663 506.46284472 493.513779847 
61 0.0196295002905 498.372813612 501.607556888 
62 0.0165242602598 490.411433688 509.572042052 
63 0.0139470230476 482.57675352 517.409299457 
64 0.0118120049181 474.866853404 525.121334591 
65 0.0100284575233 467.27981238 532.710159162 
66 0.00854032146185 459.813745348 540.177714331 
67 0.00729449313735 452.466758627 547.52594688 
68 0.00624411723879 445.236973463 554.75678242 
69 0.00536270538669 438.122584949 561.872052346 
70 0.00461515516736 431.121756944 568.8736279 
71 0.00397374587442 424.232681369 575.763344885 
72 0.00343101479473 417.453626594 582.542942391 
73 0.00296853802354 410.782819622 589.21421184 
74 0.00257426598159 404.218552696 595.778873038 
75 0.00223665227293 397.759122924 602.238640424 
76 0.00194870763755 391.402871522 608.595179771 
77 0.00169967369595 385.148140504 614.850159822 
78 0.00148246144386 378.993327295 621.005190244 
79 0.00129186608115 372.936833242 627.061874892 
80 0.001125649085 366.977094828 633.021779523 
81 0.000984538210218 361.112583666 638.886431796 
82 0.000864989494175 355.341776303 644.657358707 
83 0.000759395562227 349.663155086 650.336085519 
84 0.000667345467036 344.075255144 655.924077511 
85 0.000589876716731 338.576640408 661.422769715 
86 0.000529462572104 333.165903555 666.833566983 
87 0.000484748480972 327.841645183 672.157870069 
88 0.000447666416449 322.602462398 677.397089936 
89 0.000415897783796 317.446998118 682.552585984 
90 0.000387279053484 312.373918942 687.625693779 
91 0.000359690308187 307.381914706 692.617725604 
92 0.000331907858936 302.469692372 697.52997572 
93 0.000304721014231 297.635968021 702.363727258 
94 0.000278042950413 292.879487566 707.120234391 
95 0.000252055228543 288.199018548 711.800729396 
96 0.000227271939139 283.593349677 716.406423051 
97 0.000204624230037 279.061291639 720.938503737 
98 0.000182511191269 274.601648816 725.398168673 
99 0.000162350795563 270.213272521 729.786565128 
100 0.000144676419723 265.895023561 734.104831763 
