Time S I R
0  997 3 0
1 994.317326069 5.42731239925 0.255361532226 
2 989.488219266 9.79499918246 0.716781551811 
3 980.85070806 17.6015535641 1.54773837571 
4 965.576563033 31.3882034449 3.03523352172 
5 939.10310253 55.2268816119 5.67001585769 
6 894.774107711 94.9730846618 10.2528076267 
7 824.656673441 157.356420457 17.9869061023 
8 723.124664418 246.436265704 30.4390698777 
9 593.336160448 357.476141471 49.1876980812 
10 451.24330032 473.623622933 75.1330767479 
11 319.356687204 572.746459128 107.896853668 
12 213.86823239 640.234763188 145.897004423 
13 138.542731139 674.410302177 187.046966683 
14 88.5651083555 681.981184698 229.453706947 
15 56.6945205266 671.575994018 271.729485456 
16 36.6846653933 650.328197234 312.987137373 
17 24.1233764289 623.161662979 352.714960592 
18 16.1663472436 593.184980309 390.648672447 
19 11.0540334204 562.269506258 426.676460321 
20 7.71365848751 531.509334264 460.777007249 
21 5.49145918853 501.527260805 492.981280007 
22 3.98597346064 472.664463695 523.349562844 
23 2.94744718676 445.094833128 551.957719685 
24 2.21840684408 418.89249443 578.889098726 
25 1.69800636492 394.072326337 604.229667298 
26 1.32045582571 370.614430289 628.065113885 
27 1.04236849079 348.478413583 650.479217926 
28 0.834567444936 327.612590871 671.552841684 
29 0.677154116027 307.959428511 691.363417373 
30 0.556399458888 289.458895202 709.984705339 
31 0.462600332464 272.050710071 727.486689597 
32 0.388900978738 255.675470054 743.935628968 
33 0.330378791222 240.275487924 759.394133285 
34 0.28343684986 225.795285575 773.921277575 
35 0.245417072314 212.18183532 787.572747608 
36 0.214350740526 199.384641981 800.401007279 
37 0.188757089873 187.35578957 812.45545334 
38 0.167517774378 176.049894087 823.782588139 
39 0.149719329999 165.424160465 834.426120205 
40 0.134695181825 155.438055787 844.427249031 
41 0.121969955619 146.053471099 853.824558945 
42 0.111103717777 137.234378206 862.654518076 
43 0.101788736089 128.946978424 870.95123284 
44 0.0937448229963 121.159316419 878.746938758 
45 0.086771492432 113.841463313 886.071765194 
46 0.080687825547 106.965099394 892.954212781 
47 0.0753658006639 100.503755568 899.420878631 
48 0.0706892567432 94.4324137334 905.49689701 
49 0.0665599762167 88.7275901873 911.205849837 
50 0.0629050559472 83.367236013 916.569858931 
51 0.0596563130172 78.3305550566 921.60978863 
52 0.0567465412355 73.5979483222 926.345305137 
53 0.054140837731 69.1511447097 930.794714453 
54 0.0518054792528 64.9729374353 934.975257085 
55 0.0497036085609 61.0470980677 938.903198324 
56 0.0478052939673 57.3583859775 942.593808729 
57 0.0460877538867 53.8924963185 946.061415928 
58 0.0445303556942 50.6359788246 949.31949082 
59 0.0431150721771 47.5761940689 952.380690859 
60 0.0418263591039 44.7012644388 955.256909202 
61 0.0406506259806 42.0000264148 957.959322959 
62 0.039576050125 39.4619913485 960.498432601 
63 0.0385923043442 37.0773028156 962.88410488 
64 0.0376903303234 34.8367014978 965.125608172 
65 0.0368620905472 32.7314832661 967.231654643 
66 0.0361004009975 30.753464545 969.210435054 
67 0.0353989235722 28.8949617831 971.069639293 
68 0.0347522969146 27.1487618221 972.816485881 
69 0.0341556113946 25.5080823814 974.457762007 
70 0.0336042641406 23.9665437721 975.999851964 
71 0.0330944141804 22.5181598366 977.448745749 
72 0.0326224403386 21.1573005248 978.810077035 
73 0.0321851185154 19.8786768385 980.089138043 
74 0.031779583568 18.6773205245 981.290899892 
75 0.0314032071617 17.5485621453 982.420034648 
76 0.0310536425 16.4880163122 983.480930045 
77 0.0307287529761 15.4915615088 984.477709738 
78 0.0304265930291 14.5553244287 985.414248978 
79 0.0301454055431 13.6756666056 986.294187989 
80 0.0298835783433 12.8491687257 987.120947696 
81 0.0296396467207 12.0726186747 987.897741679 
82 0.0294122706712 11.3429980759 988.627589653 
83 0.0292002146559 10.6574697289 989.313330056 
84 0.0290023618375 10.0133699952 989.957627643 
85 0.028817700689 9.40819807951 990.56298422 
86 0.0286452731912 8.83959983648 991.13175489 
87 0.0284842017719 8.30536397976 991.666151818 
88 0.028333690722 7.80341492382 992.168251385 
89 0.0281930070712 7.33180252078 992.640004472 
90 0.0280614592052 6.88869140542 993.083247135 
91 0.0279384186141 6.47235933477 993.499702247 
92 0.0278233092126 6.08118942905 993.890987262 
93 0.0277155900596 5.71366034074 994.258624069 
94 0.0276147592015 5.36834249087 994.60404275 
95 0.0275203563093 5.04389428586 994.928585358 
96 0.0274319554912 4.73905560652 995.233512438 
97 0.0273491552961 4.45263994937 995.520010895 
98 0.027271586138 4.18353386586 995.789194548 
99 0.027198906415 3.93069201402 996.04210908 
100 0.0271307964222 3.69313127926 996.279737924 
