Time S I R
0  997 3 0
1 996.51878656 3.35020332726 0.131010112689 
2 995.981690155 3.74100075564 0.277309089583 
3 995.382312388 4.17702164568 0.440665966793 
4 994.713536509 4.66341046647 0.623053024644 
5 993.96745422 5.20587807785 0.826667702111 
6 993.13529548 5.81075047479 1.05395404483 
7 992.207331267 6.48503634498 1.30763238763 
8 991.172788914 7.23648524727 1.59072583855 
9 990.019741699 8.07366286525 1.9065954358 
10 988.734999214 9.00602498185 2.25897580421 
11 987.304006389 10.0439843328 2.65200927837 
12 985.710715513 11.198994506 3.09028998142 
13 983.937462351 12.4836293498 3.57890829879 
14 981.964840036 13.9116615474 4.12349841685 
15 979.771571055 15.4981391612 4.73028978392 
16 977.334380014 17.2594596915 5.40616029495 
17 974.627874387 19.2134314067 6.15869420665 
18 971.62442628 21.3793323608 6.99624135939 
19 968.294087458 23.7779330093 7.92797953301 
20 964.604497022 26.4315284869 8.96397449092 
21 960.520858611 29.3638965235 10.1152448656 
22 956.005917272 32.6002621933 11.3938205343 
23 951.020009018 36.1671885229 12.8128024591 
24 945.521194483 40.0923942879 14.3864112296 
25 939.465387898 44.4045750071 16.130037095 
26 932.8067312 49.133005494 18.0602633059 
27 925.497872575 54.3072317718 20.1948956533 
28 917.490583577 59.9564658117 22.5529506118 
29 908.736361848 66.1090038305 25.1546343214 
30 899.187206546 72.7914948008 28.0212986528 
31 888.796707703 80.0279635605 31.1753287367 
32 877.520979987 87.8389625469 34.6400574658 
33 865.320178418 96.2402746556 38.4395469267 
34 852.159717416 105.241868658 42.5984139264 
35 838.011940679 114.84652131 47.1415380114 
36 822.857671822 125.04859559 52.0937325875 
37 806.687821654 135.832768509 57.4794098371 
38 789.504956879 147.172949512 63.3220936093 
39 771.324697195 159.031275509 69.6440272958 
40 752.176860956 171.357531691 76.4656073529 
41 732.106239041 184.088848474 83.8049124843 
42 711.173198481 197.149647359 91.67715416 
43 689.453229242 210.452592186 100.094178572 
44 667.036397184 223.89961104 109.063991775 
45 644.026254655 237.383388882 118.590356463 
46 620.537763802 250.789780393 128.672455805 
47 596.695120307 264.00022365 139.304656042 
48 572.62898988 276.894634415 150.476375704 
49 548.473378461 289.354513058 162.172108481 
50 524.362570598 301.265893485 174.371535917 
51 500.427960409 312.522258093 187.049781498 
52 476.795040851 323.02721313 200.177746018 
53 453.580913877 332.69647611 213.722610013 
54 430.891784203 341.459876021 227.648339777 
55 408.821749916 349.261906843 241.916343242 
56 387.451102209 356.062879058 256.486018733 
57 366.846248096 361.838278149 271.315473755 
58 347.059338087 366.578567264 286.362094649 
59 328.128594358 370.288221498 301.583184143 
60 310.07939481 372.984134833 316.936470357 
61 292.924826939 374.694527612 332.380645449 
62 276.667391581 375.456868961 347.875739458 
63 261.300018615 375.316474676 363.383506709 
64 246.807637317 374.3246466 378.867716083 
65 233.168508653 372.537171053 394.294320294 
66 220.355546776 370.012788821 409.631664403 
67 208.337527254 366.811958773 424.850513972 
68 197.080374339 362.995332445 439.924293216 
69 186.547733288 358.623533529 454.828733183 
70 176.70241262 353.755398025 469.542189354 
71 167.50638103 348.448317876 484.045301094 
72 158.922077433 342.756812331 498.321110236 
73 150.912233116 336.732966502 512.354800381 
74 143.44076499 330.425561747 526.133673263 
75 136.472686531 323.880344439 539.646969031 
76 129.974526676 317.139724254 552.88574907 
77 123.914393097 310.242840542 565.842766361 
78 118.262014788 303.225670229 578.512314983 
79 112.988912941 296.12097034 590.890116719 
80 108.068220235 288.958597717 602.973182047 
81 103.474872946 281.765436414 614.75969064 
82 99.1853555139 274.565757717 626.24888677 
83 95.1778356623 267.381215853 637.440948484 
84 91.431938463 260.231143684 648.336917853 
85 87.9287871214 253.132642021 658.938570857 
86 84.6508365087 246.100788148 669.248375343 
87 81.5818754779 239.14877977 679.269344753 
88 78.7068994981 232.288090929 689.005009573 
89 76.0119961115 225.528627354 698.459376535 
90 73.4843233987 218.878896167 707.636780434 
91 71.1120213236 212.346056591 716.541922086 
92 68.8841280602 205.936112951 725.179758989 
93 66.7905137815 199.654032348 733.555453871 
94 64.8218435777 193.503759955 741.674396467 
95 62.9694716498 187.488443745 749.542084605 
96 61.2254248797 181.610430599 757.164144521 
97 59.5823433406 175.871362724 764.546293935 
98 58.0334014211 170.272318841 771.694279738 
99 56.5723183969 164.813771458 778.613910145 
100 55.1932684138 159.495744177 785.31098741 
