Time S I R
0  997 3 0
1 995.099615321 4.65082127434 0.24956340458 
2 992.162424436 7.20135347966 0.636222084179 
3 987.635787568 11.1298462122 1.23436622006 
4 980.690282878 17.1522289948 2.1574881271 
5 970.105192395 26.3178125721 3.57699503304 
6 954.138276223 40.1139203794 5.74780339746 
7 930.422482863 60.5374023314 9.04011480518 
8 895.992157992 90.0354947206 13.9723472879 
9 847.623781315 131.144950472 21.2312682128 
10 782.711945654 185.635394305 31.6526600404 
11 700.716249215 253.156167656 46.1275831284 
12 604.646622808 329.937648251 65.4157289406 
13 501.408010442 408.686573479 89.9054160785 
14 400.090028223 480.477982063 119.431989714 
15 308.892271914 537.837124781 153.270603305 
16 232.705891483 576.977754417 190.3163541 
17 172.671467784 597.982531185 229.346001031 
18 127.285837189 603.478921355 269.235241457 
19 93.8661139009 597.060264678 309.073621422 
20 69.6045503476 582.206172997 348.189276655 
21 52.0826167972 561.794995799 386.122387404 
22 39.4134694132 538.005918834 422.580611753 
23 30.2033038125 512.401780641 457.394915547 
24 23.4529546935 486.063923511 490.483121796 
25 18.4564953666 459.721088626 521.822416007 
26 14.7180990188 433.852444485 551.429456496 
27 11.8895425395 408.763871169 579.346586291 
28 9.72512330839 384.642627492 605.632249199 
29 8.05037001924 361.595179288 630.354450693 
30 6.74038094054 339.673300079 653.586318981 
31 5.70493808453 318.891950579 675.403111337 
32 4.87828045518 299.241508384 695.880211161 
33 4.21195545885 280.696264343 715.091780198 
34 3.66996748236 263.220117796 733.109914721 
35 3.22531561416 246.770593008 750.004091378 
36 2.85754225809 231.301622678 765.840835064 
37 2.5510157785 216.765430109 780.683554112 
38 2.29369355786 203.113833482 794.59247296 
39 2.07621269468 190.299153825 807.62463348 
40 1.89120326514 178.274851075 819.83394566 
41 1.73286888233 166.99584001 831.271291108 
42 1.59660397694 156.418775695 841.984620328 
43 1.47870981179 146.502219783 852.019070406 
44 1.37619824617 137.206705994 861.417095759 
45 1.2866457295 128.494750354 870.218603917 
46 1.20807455623 120.33084223 878.461083214 
47 1.1388673259 112.681378862 886.179753812 
48 1.07765621415 105.514709531 893.407634255 
49 1.02329294698 98.8009669301 900.175740123 
50 0.974856058986 92.5119634248 906.513180516 
51 0.931615793527 86.621325669 912.447058537 
52 0.892872345009 81.1040829754 918.00304468 
53 0.858056032928 75.9368360091 923.205107958 
54 0.826687390976 71.0976010445 928.075711565 
55 0.798360333135 66.5657547714 932.635884896 
56 0.7727199086 62.3219251173 936.905354974 
57 0.74946083388 58.347926643 940.902612523 
58 0.728321347431 54.6267305061 944.644948146 
59 0.709069552148 51.1423185677 948.14861188 
60 0.691509088712 47.8797338267 951.428757085 
61 0.675463983407 44.8249003637 954.499635653 
62 0.660780696222 41.9646565029 957.374562801 
63 0.647327101726 39.2866738643 960.065999034 
64 0.634980008668 36.7793409705 962.585679021 
65 0.623630247968 34.4317846197 964.944585132 
66 0.613189263338 32.2338942922 967.152916444 
67 0.603574645585 30.1761630108 969.220262344 
68 0.594710149571 28.2496573571 971.155632493 
69 0.586529391183 26.4460275233 972.967443086 
70 0.578972986155 24.757452983 974.663574031 
71 0.571987370543 23.1766087719 976.251403858 
72 0.565524188561 21.696632909 977.737842902 
73 0.559539955783 20.3110995962 979.129360448 
74 0.553995258794 19.0139894662 980.432015275 
75 0.548854475685 17.7996675371 981.651477987 
76 0.544085308256 16.662857498 982.793057194 
77 0.539658347437 15.5986168744 983.861724778 
78 0.535546698655 14.6023145918 984.86213871 
79 0.531726114341 13.6696214719 985.798652414 
80 0.52817422538 12.7964768655 986.675348909 
81 0.524870742337 11.9790843622 987.496044895 
82 0.521796996895 11.2138856153 988.264317388 
83 0.518935899004 10.4975500586 988.983514042 
84 0.516271805526 9.82696071561 989.656767479 
85 0.513790265609 9.19919573646 990.287013998 
86 0.511478082652 8.61152422995 990.876997687 
87 0.509323026175 8.06138501156 991.429291962 
88 0.507313877758 7.54638332966 991.946302793 
89 0.505440268631 7.0642756602 992.430284071 
90 0.503692616361 6.61296109173 992.883346292 
91 0.502062094817 6.19047454255 993.307463363 
92 0.500540521919 5.79497452518 993.704484953 
93 0.499120316943 5.42473699715 994.076142686 
94 0.497794488413 5.07814958182 994.42405593 
95 0.496556586819 4.75370432323 994.74973909 
96 0.495400558411 4.449985116 995.054614326 
97 0.494320831995 4.16566869819 995.34001047 
98 0.493312231153 3.8995159854 995.607171783 
99 0.4923699344 3.65036627856 995.857263787 
100 0.491489476642 3.41713383628 996.091376687 
