Time S I R
0.0  10000 1 0
1 9999.86722949 1.09096471734 0.0418057878366 
2 9999.72238749 1.19019931425 0.0874131908435 
3 9999.56436994 1.29846003715 0.137170027392 
4 9999.39198288 1.41656467074 0.191452452936 
5 9999.20392078 1.54540740893 0.250671808396 
6 9998.99875796 1.68596471122 0.315277325665 
7 9998.7749392 1.83930171103 0.385759088699 
8 9998.53077058 2.00657848941 0.462650934677 
9 9998.26440271 2.18906153987 0.546535749965 
10 9997.97381907 2.38813176244 0.638049169517 
11 9997.65682038 2.60529511611 0.737884506024 
12 9997.31101054 2.8421922462 0.846797210585 
13 9996.93377034 3.10061645969 0.965613196202 
14 9996.52224585 3.38252163349 1.0952325168 
15 9996.07332655 3.69003715644 1.23663629617 
16 9995.58361856 4.02548621227 1.39089522914 
17 9995.04942259 4.3914008319 1.55917657526 
18 9994.4667028 4.79054313828 1.74275405793 
19 9993.83105988 5.22592370051 1.94301641774 
20 9993.13769659 5.7008250244 2.16147838253 
21 9992.38137995 6.21882731888 2.39979272968 
22 9991.55640938 6.78383020518 2.65976041706 
23 9990.65657606 7.40008038166 2.94334355697 
24 9989.67510094 8.07221376239 3.25268530151 
25 9988.60459696 8.80528119103 3.59012184949 
26 9987.43701432 9.60478560029 3.9582000767 
27 9986.16358195 10.4767217299 4.35969631591 
28 9984.77474165 11.4276208677 4.79763748492 
29 9983.26007808 12.4645981001 5.27532382265 
30 9981.60824805 13.5954003487 5.79635159861 
31 9979.80689612 14.8284633667 6.36464051346 
32 9977.84255945 16.1729758403 6.98446471457 
33 9975.70058464 17.6389357158 7.66047964679 
34 9973.36501255 19.237227393 8.39776006036 
35 9970.81847206 20.9796932869 9.20183465332 
36 9968.0420624 22.8792128577 10.0787247411 
37 9965.01520876 24.949798696 11.0349925461 
38 9961.71553754 27.2066804852 12.077781971 
39 9958.11871377 29.6664127179 13.2148735072 
40 9954.19827556 32.3469845325 14.4547399096 
41 9949.92547093 35.2679284352 15.8066006359 
42 9945.26905096 38.4504552062 17.2804938383 
43 9940.19508138 41.9175789137 18.8873397013 
44 9934.66672445 45.6942591489 20.6390163987 
45 9928.64399576 49.8075575329 22.5484467117 
46 9922.08353688 54.2867875368 24.6296755829 
47 9914.93833957 59.1636879565 26.8979724726 
48 9907.15747411 64.4725976712 29.3699282193 
49 9898.68580316 70.2506389235 32.0635579205 
50 9889.46367105 76.5379058536 34.9984230999 
51 9879.42657886 83.3776662862 38.1957548524 
52 9868.50484175 90.8165744447 41.6785838083 
53 9856.62326807 98.9048568515 45.471875077 
54 9843.70079969 107.696523844 49.60267647 
55 9829.65011349 117.249604697 54.1002818142 
56 9814.37729613 127.626316798 58.9963870699 
57 9797.78148327 138.893255574 64.3252611518 
58 9779.75444182 151.121622858 70.1239353252 
59 9760.18027402 164.387344853 76.4323811304 
60 9738.93511184 178.771188711 83.2936994524 
61 9715.88672475 194.35894253 90.7543327214 
62 9690.89433049 211.241415932 98.8642535758 
63 9663.80845071 229.514393328 107.677155967 
64 9634.47061647 249.278699313 117.250684219 
65 9602.71340267 270.639984603 127.646612725 
66 9568.36059526 293.708393323 138.931011413 
67 9531.22713308 318.598395392 151.174471532 
68 9491.11952851 345.428227054 164.452244434 
69 9447.83654683 374.319117257 178.844335912 
70 9401.1695971 405.394711492 194.435691411 
