Time S I R
0  997 3 0
1 993.061099466 6.63729004054 0.301610493465 
2 984.424089213 14.6087355322 0.967175254414 
3 965.782125993 31.7940268146 2.42384719285 
4 926.881570754 67.562154865 5.55627438095 
5 851.127431626 136.819896991 12.0526713834 
6 721.595666142 253.772676584 24.6316572732 
7 542.378341431 411.237173154 46.3844854149 
8 354.759031498 566.511206632 78.7297618698 
9 206.727513583 673.396532387 119.87595403 
10 112.742589221 721.186829101 166.070581678 
11 60.1962151464 725.92300629 213.880778564 
12 32.382385702 706.498495295 261.119119003 
13 17.8152883573 675.536889518 306.647822125 
14 10.0905217972 639.949799228 349.959678975 
15 5.89759894753 603.223999945 390.878401108 
16 3.55752235183 567.050967556 429.391510092 
17 2.21293368122 532.222230502 465.564835817 
18 1.41756766216 499.082543661 499.499888677 
19 0.933774096017 467.753514691 531.312711213 
20 0.631437574158 438.245324907 561.123237518 
21 0.43767778185 410.512274106 589.050048112 
22 0.310500836934 384.481794339 615.207704824 
23 0.225144002174 360.069312342 639.705543656 
24 0.166606922529 337.186231636 662.647161441 
25 0.125675602879 315.744004966 684.130319431 
26 0.0965146630716 295.656472116 704.247013221 
27 0.0753754456284 276.840946213 723.083678342 
28 0.0598117862427 259.218743169 740.721445045 
29 0.0481440176192 242.715463046 757.236392936 
30 0.039288285163 227.260868847 772.699842868 
31 0.0324824228527 212.788883081 787.178634496 
32 0.0271865167672 199.237430572 800.735382911 
33 0.0230131366451 186.548250044 813.428736819 
34 0.0196885716637 174.666668416 825.313643012 
35 0.0170131386732 163.54142701 836.441559852 
36 0.0148381416607 153.124477222 846.860684636 
37 0.0130545824114 143.370802228 856.61614319 
38 0.0115795713672 134.238226266 865.750194162 
39 0.010349897119 125.687237664 874.302412439 
40 0.00931692600477 117.680811312 882.309871762 
41 0.00844355268327 110.184303654 889.807252793 
42 0.00770176927597 103.165328793 896.826969438 
43 0.00706870123781 96.5934671762 903.399464123 
44 0.00652071058494 90.4401476736 909.553331616 
45 0.0060461159261 84.6787766584 915.315177226 
46 0.00563275986792 79.2843857826 920.709981458 
47 0.00527148813626 74.2336174838 925.761111028 
48 0.00495431964691 69.5045854243 930.490460256 
49 0.00467473951619 65.0768015336 934.918523727 
50 0.00442734030514 60.9310776871 939.064494973 
51 0.0042074035249 57.0494398274 942.946352769 
52 0.00401142747842 53.4150776383 946.580910934 
53 0.00383623047139 50.0122359496 949.98392782 
54 0.00367921454995 46.8261819219 953.170138864 
55 0.00353802847053 43.8430935514 956.15336842 
56 0.00341060174094 41.0500166052 958.946572793 
57 0.00329505806326 38.4348467598 961.561858182 
58 0.0031901481052 35.9862628476 964.010547004 
59 0.0030954248914 33.6936976136 966.303206961 
60 0.00300974759546 31.5472099954 968.449780257 
61 0.00293167573932 29.5374654166 970.459602908 
62 0.00286005564033 27.6557310331 972.341408911 
63 0.0027944533889 25.8938653222 974.103340224 
64 0.00273457095602 24.2442501641 975.753015265 
65 0.00267975605743 22.6997293268 977.297590917 
66 0.00262941310473 21.253604875 978.743765712 
67 0.00258309068499 19.8996078282 980.097809081 
68 0.00254045321185 18.6318685395 981.365591007 
69 0.00250117960923 17.444889738 982.552609082 
70 0.00246495772058 16.3335272413 983.664007801 
71 0.00243152050848 15.2929675236 984.704600956 
72 0.00240062593218 14.3186998784 985.678899496 
73 0.00237205543283 13.4064996106 986.591128334 
74 0.00234561262823 12.552411738 987.445242649 
75 0.00232112112758 11.7527344488 988.24494443 
76 0.00229842215901 11.0040021428 988.993699435 
77 0.00227736926547 10.3029677633 989.694754867 
78 0.00225783149028 9.64659319741 990.351148971 
79 0.00223969195918 9.0320362943 990.965724014 
80 0.00222284058123 8.45663147345 991.541145686 
81 0.00220717740956 7.91788357637 992.079909246 
82 0.00219261240613 7.41345809816 992.584349289 
83 0.0021790624163 6.94116786435 993.056653073 
84 0.00216645122009 6.49896502015 993.498868529 
85 0.00215470978173 6.08493389016 993.9129114 
86 0.00214377431678 5.69727989647 994.300576329 
87 0.00213358565304 5.33432162577 994.663544789 
88 0.00212408999232 4.99448648454 995.003389425 
89 0.00211523776852 4.67630194622 995.321582816 
90 0.00210698282638 4.37838767619 995.619505341 
91 0.00209928295885 4.09945254516 995.898448172 
92 0.00209209926822 3.83828792973 996.159619971 
93 0.00208539545349 3.5937609708 996.404153634 
94 0.00207913815598 3.36481191609 996.633108946 
95 0.00207329660054 3.15044907115 996.847477632 
96 0.0020678420517 2.94974255766 997.0481896 
97 0.00206274797392 2.76182230822 997.236114944 
98 0.00205798984848 2.58587422814 997.412067782 
99 0.00205354479817 2.42113526594 997.576811189 
100 0.00204939160699 2.26689115724 997.731059451 
