Time S I R
0  997 3 0
1 992.437692249 7.23083833972 0.331469411214 
2 981.56452718 17.3078417152 1.12763110482 
3 956.225595052 40.7566297333 3.01777521497 
4 900.137199783 92.4765392419 7.3862609746 
5 788.951745077 194.133771798 16.9144831259 
6 609.768860746 354.698067311 35.5330719435 
7 398.467863908 535.251481563 66.2806545294 
8 223.203132536 668.63262152 108.164245943 
9 114.01874696 729.27174853 156.70950451 
10 56.5259416012 736.055190154 207.418868245 
11 28.2722900239 714.238961545 257.488748431 
12 14.5375149143 679.903577931 305.558907155 
13 7.74341068538 641.175493046 351.081096269 
14 4.28175825131 601.81891474 393.899327008 
15 2.45717607699 563.506984715 434.035839208 
16 1.46138323067 526.947992721 471.590624049 
17 0.899181551118 492.405588165 506.695230284 
18 0.571175641655 459.93747631 539.491348049 
19 0.37386530526 429.505187101 570.120947594 
20 0.251681332791 401.026691376 598.721627292 
21 0.173938850544 374.401458906 625.424602243 
22 0.12316170734 349.522937782 650.353900511 
23 0.089249294221 326.284558029 673.626192677 
24 0.0660671277997 304.583035274 695.350897599 
25 0.0498759842249 284.319639289 715.630484727 
26 0.0383813758899 265.400838698 734.560779927 
27 0.0300560258335 247.738588298 752.231355676 
28 0.0239190124985 231.250175013 768.725905974 
29 0.0193283518382 215.858062378 784.12260927 
30 0.0158439432671 201.489721569 798.494434488 
31 0.013160720637 188.077284371 811.909554908 
32 0.011066846645 175.557217599 824.431715554 
33 0.00941248813217 163.87027315 836.120314362 
34 0.00809113680702 152.961036053 847.030872811 
35 0.00702730348007 142.777961188 857.215011509 
36 0.00616107028861 133.272693798 866.721145132 
37 0.00544887520675 124.400126849 875.594424276 
38 0.00485865290921 116.11817788 883.876963467 
39 0.00436557814692 108.387536336 891.608098086 
40 0.00395062996881 101.171468075 898.824581295 
41 0.00359939757891 94.4358223036 905.560578299 
42 0.00330161344209 88.1487128552 911.847985531 
43 0.00304787747859 82.2802289444 917.716723178 
44 0.0028252801086 76.8022715438 923.194903176 
45 0.00263035346234 71.6889270436 928.308442603 
46 0.0024625065804 66.916083725 933.081453768 
47 0.00231594362162 62.461010063 937.536673993 
48 0.00218639026923 58.3025122675 941.695301342 
49 0.00207197969473 54.4208682666 945.577059754 
50 0.00197063209191 50.7976498528 949.200379515 
51 0.00188053947375 47.4156541614 952.582465299 
52 0.00180019454183 44.2588236596 955.739376146 
53 0.00172827059544 41.3121623236 958.686109406 
54 0.00166372673527 38.5616817266 961.436654547 
55 0.00160566319971 35.9943221813 964.004072155 
56 0.00155329990866 33.5978937098 966.40055299 
57 0.00150596074661 31.3610090126 968.637485027 
58 0.00146308066269 29.2730536927 970.725483227 
59 0.00142415309074 27.3241061999 972.674469647 
60 0.00138875415496 25.504917907 974.493693339 
61 0.00135650472021 23.8068449354 976.19179856 
62 0.00132707938872 22.2218277449 977.776845176 
63 0.00130018874484 20.7423365552 979.256363256 
64 0.00127558027089 19.3613472949 980.637377125 
65 0.00125303079801 18.0723018774 981.926445092 
66 0.00123234186856 16.8690775445 983.129690114 
67 0.00121333916752 15.7459628435 984.252823817 
68 0.00119586546339 14.6976212383 985.301182896 
69 0.00117978234789 13.7190771239 986.279743094 
70 0.00116496497128 12.8056813844 987.193153651 
71 0.00115130078484 11.9530947508 988.045753948 
72 0.00113869059282 11.1572714264 988.841589883 
73 0.00112704594869 10.4144364243 989.58443653 
74 0.00111628356365 9.72105751758 990.277826199 
75 0.00110633090333 9.07384374729 990.925049922 
76 0.00109712109418 8.46972060756 991.529182271 
77 0.00108859360716 7.9058187273 992.093092679 
78 0.00108069380508 7.37946064156 992.619458665 
79 0.00107337163172 6.88814621913 993.110780409 
80 0.00106658178072 6.42954311475 993.569390303 
81 0.00106028274809 6.00147326488 993.997466452 
82 0.00105443665336 5.60190362209 994.397041941 
83 0.00104900890733 5.22893673775 994.770014253 
84 0.00104396771815 4.88080120662 995.118154826 
85 0.00103928404189 4.5558441397 995.443116576 
86 0.00103493108998 4.25252169468 995.746443374 
87 0.00103088431467 3.96939336388 996.029575752 
88 0.00102712131252 3.70511596586 996.293856913 
89 0.00102362130951 3.45843442843 996.54054195 
90 0.00102036504484 3.22817622587 996.770803409 
91 0.00101733492716 3.01324836824 996.985734297 
92 0.00101451472494 2.8126306196 997.186354866 
93 0.00101188930637 2.62536926832 997.373618842 
94 0.00100944479982 2.45057529797 997.548415257 
95 0.00100716841848 2.28741938505 997.711573447 
96 0.0010050482158 2.13512591323 997.863869039 
97 0.00100307318462 1.99297166861 998.006025258 
98 0.00100123317293 1.8602822762 998.138716491 
99 0.00099951871573 1.73642723556 998.262573246 
100 0.000997921041176 1.62081807458 998.378184004 
