Time S I R
0  997 3 0
1 992.562614992 7.33671070695 0.100674301286 
2 981.828874334 17.8250535849 0.346072080839 
3 956.429763573 42.632629675 0.937606751956 
4 899.333364109 98.3398065696 2.32682932098 
5 784.55366968 210.037917557 5.40841276311 
6 598.071322048 390.394841514 11.5338364386 
7 379.187221332 598.994535128 21.8182435406 
8 201.671489889 762.260277309 36.0682328022 
9 95.5266359055 851.54045666 52.9329074345 
10 42.83640737 886.129690934 71.0339016965 
11 18.8887048949 891.597206852 89.5140882532 
12 8.34525185116 883.704502984 107.950245165 
13 3.72505264044 870.12000109 126.15494627 
14 1.68567565157 854.263917045 144.050407303 
15 0.774398448204 837.61859966 161.607001892 
16 0.361253790619 820.822851132 178.815895078 
17 0.171069719446 804.151715338 195.677214943 
18 0.0822501569257 787.722805072 212.194944771 
19 0.0402347596283 771.585068787 228.374696454 
20 0.0199724921023 755.75729113 244.222736378 
21 0.0100040716871 740.244432998 259.74556293 
22 0.0050898612642 725.045201651 274.949708487 
23 0.00260210647969 710.155754245 289.841643649 
24 0.00135324381654 695.57089988 304.427746876 
25 0.00071442588569 681.285003393 318.714282181 
26 0.000383710852702 667.292224737 332.707391552 
27 0.000208631224496 653.586693443 346.413097926 
28 0.000114970237973 640.162583786 359.837301243 
29 6.41347137389e-05 627.014153172 372.985782694 
30 3.26985980337e-05 614.135770315 385.864196987 
31 7.33747879167e-06 601.521894261 398.478098401 
32 0 589.16707517 410.83292483 
33 0 577.065994425 422.934005575 
34 0 565.21344537 434.78655463 
35 0 553.604342611 446.395657389 
36 0 542.23370018 457.76629982 
37 0 531.096599312 468.903400688 
38 0 520.188246716 479.811753284 
39 0 509.503949354 490.496050646 
40 0 499.039096242 500.960903758 
41 0 488.78918261 511.21081739 
42 0 478.749627853 521.250372147 
43 0 468.916591959 531.083408041 
44 0 459.285396572 540.714603428 
45 0 449.852002332 550.147997668 
46 0 440.612367506 559.387632494 
47 0 431.562509081 568.437490919 
48 0 422.698532384 577.301467616 
49 0 414.016607578 585.983392422 
50 0 405.513014383 594.486985617 
51 0 397.184087016 602.815912984 
52 0 389.02621963 610.97378037 
53 0 381.035896229 618.964103771 
54 0 373.209684302 626.790315698 
55 0 365.5441868 634.4558132 
56 0 358.036104878 641.963895122 
57 0 350.682228605 649.317771395 
58 0 343.479429662 656.520570338 
59 0 336.424604125 663.575395875 
60 0 329.514670289 670.485329711 
61 0 322.746655336 677.253344664 
62 0 316.117653149 683.882346851 
63 0 309.62481955 690.37518045 
64 0 303.265339205 696.734660795 
65 0 297.036469512 702.963530488 
66 0 290.93553361 709.06446639 
67 0 284.959915504 715.040084496 
68 0 279.107044325 720.892955675 
69 0 273.374368471 726.625631529 
70 0 267.759435531 732.240564469 
71 0 262.259832579 737.740167421 
72 0 256.873199195 743.126800805 
73 0 251.597196209 748.402803791 
74 0 246.429549049 753.570450951 
75 0 241.36803624 758.63196376 
76 0 236.410482934 763.589517066 
77 0 231.554759267 768.445240733 
78 0 226.798778699 773.201221301 
79 0 222.140496654 777.859503346 
80 0 217.577910811 782.422089189 
81 0 213.10905661 786.89094339 
82 0 208.73200622 791.26799378 
83 0 204.444867243 795.555132757 
84 0 200.245781084 799.754218916 
85 0 196.132921325 803.867078675 
86 0 192.104497944 807.895502056 
87 0 188.15879879 811.84120121 
88 0 184.294132998 815.705867002 
89 0 180.508839809 819.491160191 
90 0 176.801294607 823.198705393 
91 0 173.1699084 826.8300916 
92 0 169.613121077 830.386878923 
93 0 166.129392535 833.870607465 
94 0 162.717221411 837.282778589 
95 0 159.375136367 840.624863633 
96 0 156.101694785 843.898305215 
97 0 152.89548193 847.10451807 
98 0 149.755118971 850.244881029 
99 0 146.679257301 853.320742699 
100 0 143.666571972 856.333428028 
