Time S I R
0  997 3 0
1 995.609025965 4.18108455756 0.209889477326 
2 993.674300435 5.82338373279 0.502315832174 
3 990.987094266 8.10348289505 0.90942283847 
4 987.26214882 11.2622761748 1.4755750053 
5 982.112870935 15.6253908265 2.26173823809 
6 975.021596515 21.6272351869 3.3511682981 
7 965.306758145 29.8366535199 4.85658833485 
8 952.092376072 40.9788194465 6.92880448158 
9 934.29109982 55.9426479954 9.76625218464 
10 910.620686226 75.7551897825 13.6241239912 
11 879.683619358 101.496018025 18.8203626164 
12 840.14448951 134.121430829 25.7340796614 
13 791.027529715 174.181990564 34.7904797208 
14 732.111354315 221.462163325 46.4264823603 
15 664.316504193 274.648290916 61.0352048904 
16 589.899946872 331.204036106 78.896017022 
17 512.273589887 387.618767489 100.107642624 
18 435.410585873 440.041548367 124.547865759 
19 363.036063531 485.086751602 151.877184867 
20 297.936736473 520.476495181 181.586768346 
21 241.637732131 545.288965617 213.073302251 
22 194.475518232 559.808365224 245.716116544 
23 155.916900683 565.145319819 278.937779499 
24 124.936015843 562.82354737 312.240436787 
25 100.32651849 554.453506115 345.219975395 
26 80.9056045983 541.529790983 377.564604419 
27 65.620525585 525.334807781 409.044666634 
28 53.5874663442 506.913390554 439.499143102 
29 44.0915715199 487.086461829 468.821966651 
30 36.5679093386 466.482469616 496.949621045 
31 30.5764780793 445.572658522 523.850863399 
32 25.7773686973 424.70420505 549.518426253 
33 21.9090894951 404.128348436 573.962562069 
34 18.7705719457 384.023322687 597.206105368 
35 16.2071822494 364.512122434 619.280695316 
36 14.0995676884 345.676484168 640.223948144 
37 12.3552759562 327.567381318 660.077342726 
38 10.9023744315 310.212961266 678.884664302 
39 9.68460516631 293.624560061 696.690834772 
40 8.65773510361 277.801202166 713.54106273 
41 7.78679278681 262.7329845 729.480222713 
42 7.04397038338 248.403623923 744.552405693 
43 6.40703062682 234.792367362 758.800602011 
44 5.85807096719 221.875451219 772.266477814 
45 5.38265837339 209.627094072 784.990247554 
46 4.96902199437 198.020420158 797.010557847 
47 4.60756023009 187.027984923 808.364454847 
48 4.2903605789 176.622283275 819.087356146 
49 4.01089830532 166.77603577 829.213065925 
50 3.76376206398 157.462441875 838.773796061 
51 3.54442771873 148.655381241 847.800191041 
52 3.34911130174 140.329509784 856.321378914 
53 3.17462744593 132.460353151 864.365019403 
54 3.01828056579 125.024365343 871.957354091 
55 2.87778149945 117.998955079 879.123263422 
56 2.7511816555 111.362493751 885.886324593 
57 2.63682260446 105.094307563 892.268869833 
58 2.53326374121 99.1747008095 898.292035449 
59 2.43927477814 93.5848989031 903.975826319 
60 2.35378315976 88.3070517381 909.339165102 
61 2.27586559218 83.3241847499 914.399949658 
62 2.20471117174 78.6201880359 919.175100792 
63 2.13961676247 74.1797683824 923.680614855 
64 2.07996201018 69.9884299537 927.931608036 
65 2.02520495749 66.0324307419 931.942364301 
66 1.97486527273 62.2987559104 935.726378817 
67 1.92852056825 58.7750796635 939.296399768 
68 1.8857947437 55.4497377832 942.664467473 
69 1.84635347329 52.3116936551 945.841952872 
70 1.80989512165 49.3505115201 948.839593358 
71 1.77615639053 46.5563163191 951.66752729 
72 1.74490777957 43.9197637972 954.335328423 
73 1.7159404314 41.4320290398 956.852030529 
74 1.68905588064 39.0847897082 959.226154411 
75 1.66408176685 36.870160269 961.465757964 
76 1.64086083723 34.780676841 963.578462322 
77 1.6192525621 32.8093041691 965.571443269 
78 1.59913103313 30.9494150155 967.451453951 
79 1.58037881306 29.1947395981 969.224881589 
80 1.56289108801 27.5393566083 970.897752304 
81 1.54657308629 25.9776700779 972.475756836 
82 1.53133610669 24.504386457 973.964277436 
83 1.51710078458 23.1145220841 975.368377131 
84 1.50379459587 21.8033736853 976.692831719 
85 1.49134978897 20.5664921348 977.942158076 
86 1.47970540341 19.399686445 979.120608152 
87 1.46880523126 18.2989988165 980.232195952 
88 1.45859683623 17.2606875156 981.280715648 
89 1.44903279892 16.2812298135 982.269737388 
90 1.44006910374 15.3572974172 983.202633479 
91 1.43166471339 14.4857444396 984.082590847 
92 1.42378230007 13.6636106763 984.912607024 
93 1.41638712467 12.8880995299 985.695513345 
94 1.4094467318 12.1565677534 986.433985515 
95 1.40293145448 11.4665280479 987.130540498 
96 1.39681360918 10.8156303647 987.787556026 
97 1.3910674652 10.2016560369 988.407276498 
98 1.38566900822 9.6225116325 988.991819359 
99 1.38059601369 9.07622366251 989.543180324 
100 1.37582813578 8.56093435426 990.06323751 
