Time S I R
0  997 3 0
1 995.049872584 4.63736190598 0.312765509797 
2 992.044798184 7.15927400373 0.795927812417 
3 987.427825407 11.0310609423 1.5411136507 
4 980.366539721 16.9458783352 2.68758194413 
5 969.641696439 25.9135469954 4.4447565653 
6 953.523153674 39.3543057734 7.12254055313 
7 929.677151658 59.1545642895 11.1682840528 
8 895.207492264 87.5887802335 17.2037275021 
9 847.010118865 126.945440034 26.0444411012 
10 782.644822585 178.685575805 38.6696016094 
11 701.73240685 242.16563652 56.1019566299 
12 607.334704194 313.484743206 79.1805525996 
13 506.194865523 385.525690718 108.279443759 
14 407.036180613 449.856744665 143.107074723 
15 317.64776166 499.635004724 182.717233616 
16 242.655162436 531.608283461 225.736554102 
17 183.149479695 546.171878702 270.678641603 
18 137.737295119 546.064269414 316.198435467 
19 103.906863495 534.870169332 361.222967173 
20 79.0125043191 516.0118473 404.97564838 
21 60.7585707784 492.300800535 446.940628686 
22 47.3396490686 465.853428651 486.806922281 
23 37.4098041274 438.176829923 524.413365949 
24 29.9946126105 410.301957173 559.703430217 
25 24.3983826781 382.910615349 592.691001973 
26 20.1268283956 356.437366528 623.435805076 
27 16.8285581419 331.145303559 652.026138299 
28 14.2524725872 307.180529279 678.566998134 
29 12.2178968175 284.610073318 703.172029865 
30 10.5937069278 263.448183026 725.958110046 
31 9.28384660007 243.674399406 747.041753994 
32 8.21725837585 225.245964785 766.536776839 
33 7.34085301138 208.106333418 784.55281357 
34 6.61456977089 192.190999299 801.19443093 
35 6.00792646111 177.431422993 816.560650546 
36 5.49745595696 163.757831773 830.744712271 
37 5.06495301042 151.100980974 843.834066016 
38 4.69616276986 139.393366452 855.910470778 
39 4.37983282008 128.569999748 867.050167432 
40 4.10700906857 118.568877643 877.324113288 
41 3.87051068713 109.33124669 886.798242623 
42 3.6645269786 100.801734165 895.533738856 
43 3.48435330913 92.9283196668 903.587327024 
44 3.32611613856 85.6623461584 911.011537703 
45 3.18663127003 78.9583783778 917.854990352 
46 3.06325372205 72.7740919749 924.162654303 
47 2.9537768538 67.0701201124 929.976103034 
48 2.85635244785 61.8098931684 935.333754384 
49 2.76941848826 56.9594888997 940.271092612 
50 2.691652452 52.4874624576 944.82088509 
51 2.62192856201 48.3646896926 949.013381745 
52 2.55928205839 44.5642175038 952.876500438 
53 2.50288021111 41.0611176629 956.436002126 
54 2.45200980542 37.832337798 959.715652397 
55 2.40606297446 34.8565657722 962.737371253 
56 2.36449470679 32.1141382563 965.521367037 
57 2.32683320131 29.5868625858 968.086304213 
58 2.29266940567 27.2579671362 970.449363458 
59 2.2616414311 25.1119696816 972.626388887 
60 2.23342352871 23.1345521435 974.632024328 
61 2.2077386356 21.3125445843 976.47971678 
62 2.18433925813 19.633786041 978.181874701 
63 2.16300365623 18.087056427 979.749939917 
64 2.14353248577 16.6619947344 981.19447278 
65 2.1257508132 15.3490653694 982.525183817 
66 2.10950071858 14.1394643823 983.751034899 
67 2.09464144348 13.0250843246 984.880274232 
68 2.08104577174 11.9984418113 985.920512417 
69 2.0686000006 11.0526470437 986.878752956 
70 2.05720105063 10.1813406394 987.76145831 
71 2.04675642208 9.37866972815 988.57457385 
72 2.03718208286 8.63923293945 989.323584978 
73 2.02840235238 7.95805921907 990.013538429 
74 2.02034829411 7.330559775 990.649091931 
75 2.01295728767 6.75250631375 991.234536399 
76 2.00617282272 6.22000933603 991.773817841 
77 1.99994410013 5.72949299328 992.270562907 
78 1.99422390346 5.27764646519 992.728129631 
79 1.98896906301 4.86141617501 993.149614762 
80 1.98414080115 4.47799865252 993.537860546 
81 1.97970384607 4.12481300102 993.895483153 
82 1.97562565159 3.79947567716 994.224898671 
83 1.97187652958 3.49979170671 994.528331764 
84 1.96842941276 3.22373927555 994.807831312 
85 1.96525952733 2.9694553218 995.065285151 
86 1.96234419293 2.73522436817 995.302431439 
87 1.95966265686 2.51946642763 995.520870916 
88 1.95719588778 2.32072470932 995.722079403 
89 1.95492645102 2.13765742517 995.907416124 
90 1.95283836387 1.96902885015 996.078132786 
91 1.95091696401 1.81370037073 996.235382665 
92 1.94914879648 1.67062297352 996.38022823 
93 1.94752154196 1.53883158443 996.513646874 
94 1.94602386489 1.41743602472 996.63654011 
95 1.94464535134 1.3056160044 996.749738644 
96 1.94337645845 1.2026167772 996.854006764 
97 1.94220839793 1.10774224201 996.95004936 
98 1.94113310354 1.02035158074 997.038515316 
99 1.9401431728 0.939854983745 997.120001843 
100 1.93923178197 0.86570821738 997.195060001 
