Time S I R
0  997 3 0
1 996.225215929 3.50078879782 0.273995273196 
2 995.321947371 4.08435555282 0.593697076125 
3 994.269268556 4.76408420092 0.966647243238 
4 993.042971959 5.55542187894 1.40160616166 
5 991.615115839 6.47614982686 1.90873433407 
6 989.953519705 7.54668110612 2.49979918872 
7 988.021179026 8.79039816721 3.18842280638 
8 985.775697603 10.2339688446 3.99033355268 
9 983.168645387 11.9076906904 4.92366392224 
10 980.144915951 13.845813204 6.00927084506 
11 976.642096276 16.0868222401 7.27108148416 
12 972.589880008 18.6736614595 8.73645853279 
13 967.909571713 21.6538426814 10.4365856052 
14 962.513762001 25.0793869817 12.406851017 
15 956.306246099 29.006535995 14.6872179055 
16 949.182291991 33.4951505364 17.3225574728 
17 941.029383997 38.6077004285 20.3629155748 
18 931.728573019 44.4077507592 23.863676222 
19 921.156646822 50.9577905701 27.8855626075 
20 909.189191446 58.3163779986 32.4944305558 
21 895.704691539 66.5345177 37.7607907615 
22 880.589746515 75.6512612574 43.7589922278 
23 863.745371632 85.6886179779 50.5660103903 
24 845.094307493 96.6459393596 58.2597531477 
25 824.588824407 108.494261016 66.9169145767 
26 802.218617315 121.171020712 76.6103619735 
27 778.018089943 134.575799884 87.4061101729 
28 752.072302019 148.567690857 99.3600071241 
29 724.519951791 162.965795239 112.51425297 
30 695.553841521 177.551960628 126.894197851 
31 665.41709177 192.077504366 142.505403864 
32 634.395587358 206.272936043 159.331476599 
33 602.806840507 219.860352455 177.332807037 
34 570.986156355 232.567396695 196.44644695 
35 539.271394676 244.141426228 216.587179096 
36 507.98781199 254.362445353 237.649742658 
37 477.434433319 263.053514258 259.512052423 
38 447.873127815 270.087715786 282.039156399 
39 419.521124604 275.391255921 305.087619475 
40 392.547208723 278.942785619 328.510005658 
41 367.071377253 280.769467185 352.159155562 
42 343.16703696 280.940900346 375.892062694 
43 320.866733222 279.560165814 399.573100965 
44 300.166895016 276.756640365 423.076464618 
45 281.035019361 272.676916696 446.288063943 
46 263.416138682 267.477199625 469.106661693 
47 247.238950551 261.316658287 491.444391162 
48 232.421221866 254.352035061 513.226743073 
49 218.874330642 246.733461352 534.392208006 
50 206.506954379 238.601453753 554.891591868 
51 195.227958288 230.085037286 574.687004426 
52 184.948435041 221.30054748 593.751017479 
53 175.583217606 212.351356731 612.065425663 
54 167.051869375 203.327900278 629.620230347 
55 159.279284673 194.308169133 646.412546193 
56 152.195852003 185.358586129 662.445561869 
57 145.737634512 176.534731902 677.727633586 
58 139.846107199 167.882514922 692.271377879 
59 134.468003099 159.439075419 706.092921482 
60 129.554988474 151.233819404 719.211192122 
61 125.0633167 143.289375719 731.647307581 
62 120.953497523 135.622460058 743.424042419 
63 117.189771323 128.244857389 754.565371288 
64 113.740075256 121.163842306 765.096082438 
65 110.57541644 114.383217258 775.041366301 
66 107.669759734 107.903550366 784.4266899 
67 104.99960165 101.723045861 793.277352488 
68 102.543813877 95.8376674263 801.618518696 
69 100.283305042 90.2418550552 809.474839903 
70 98.2009068592 84.9285649107 816.87052823 
71 96.2810753533 79.8898438085 823.829080838 
72 94.5098180512 75.1168311349 830.373350814 
73 92.8744395496 70.6001974476 836.525363003 
74 91.3634919991 66.3301254951 842.306382506 
75 89.9665666572 62.2966382069 847.736795136 
76 88.6742579736 58.4895711953 852.836170831 
77 87.4779960421 54.8988109353 857.623193023 
78 86.3700190303 51.514265444 862.115715526 
79 85.3432401181 48.3260324465 866.330727435 
80 84.3912251573 45.3243708125 870.28440403 
81 83.5080878249 42.4998158281 873.992096347 
82 82.6884709029 39.8431526051 877.468376492 
83 81.9274639426 37.3454920505 880.727044007 
84 81.2205872222 34.9982465797 883.781166198 
85 80.5637271702 32.7931774712 886.643095359 
86 79.9531224405 30.7223728409 889.324504719 
87 79.3853132322 28.7782745477 891.83641222 
88 78.8571291256 26.9536582512 894.189212623 
89 78.3656476015 25.2416458228 896.392706576 
90 77.9081915157 23.6356881558 898.456120329 
91 77.4822816358 22.1295652833 900.388153081 
92 77.0856426049 20.7173683337 902.196989061 
93 76.7161707626 19.3935110643 903.890318173 
94 76.3719228689 18.1527022225 905.475374909 
95 76.0511091322 16.9899253087 906.958965559 
96 75.7520816194 15.9004509876 908.347467393 
97 75.4733002457 14.8798051539 909.6468946 
98 75.2133554165 13.9237795145 910.862865069 
99 74.9709267119 13.0283901318 912.000683156 
100 74.744805355 12.1899000867 913.065294558 
