Time S I R
0.0  10000 1 0
1 9997.84104773 3.00543059666 0.15352167258 
2 9991.35679646 9.02839163276 0.614811904264 
3 9971.91681641 27.0836133126 1.99957027898 
4 9913.94792585 80.9071497467 6.14492440135 
5 9743.82454945 238.723575824 18.4518747216 
6 9267.0486535 679.828640614 54.1227058834 
7 8086.64101828 1763.35923063 150.999751097 
8 5881.09625343 3742.46627622 377.437470351 
9 3303.95829947 5909.61631132 787.42538921 
10 1506.99187809 7148.43143445 1345.57668746 
11 631.690853999 7405.5219948 1963.7871512 
12 265.819825727 7155.94322827 2579.236946 
13 116.736490762 6719.92785351 3164.33565573 
14 54.1800269019 6236.68146975 3710.13850335 
15 26.6267130812 5759.11187751 4215.26140941 
16 13.8289355021 5306.05522711 4681.11583739 
17 7.56466389305 4883.36849716 5110.06683895 
18 4.34276773972 4491.92695809 5504.73027417 
19 2.60653942993 4130.69130854 5867.70215203 
20 1.63009414123 3797.91377733 6201.45612853 
21 1.05890860409 3491.63362591 6508.30746548 
22 0.711813379865 3209.88319949 6790.40498713 
23 0.494198799983 2950.77103654 7049.73476466 
24 0.353389394935 2712.51866501 7288.12794559 
25 0.259632999685 2493.46924548 7507.27112152 
26 0.195562559275 2292.08803099 7708.71640645 
27 0.150739723282 2106.95832837 7893.89093191 
28 0.11865772358 1936.77271967 8064.10862261 
29 0.095199009882 1780.32706177 8220.57773922 
30 0.0777310089579 1636.51358213 8364.40868686 
31 0.0645313579244 1504.31489449 8496.62057416 
32 0.0543922436555 1382.79378215 8618.15182561 
33 0.046480479723 1271.08797313 8729.86554639 
34 0.0402265492357 1168.40503132 8832.55474213 
35 0.0352270081603 1074.01627384 8926.94849916 
36 0.0311868401168 987.252548245 9013.71626491 
37 0.0279045587176 907.49865673 9093.47343871 
38 0.025168327109 834.186247695 9166.78858398 
39 0.0228849446285 766.795925105 9234.18118995 
40 0.0209798432516 704.849991469 9296.12902869 
41 0.0193653585102 647.908133127 9353.07250151 
42 0.0179906656504 595.566242784 9405.41576655 
43 0.0168133529805 547.452764917 9453.53042173 
44 0.0157996294911 503.226139696 9497.75806067 
45 0.0149216366899 462.572351805 9538.41272656 
46 0.0141576275564 425.202795034 9575.78304734 
47 0.0134899372952 390.852178285 9610.13433178 
48 0.0129039294334 359.276571178 9641.71052489 
49 0.0123873572538 330.251744565 9670.73586808 
50 0.0119309892434 303.571770273 9697.41629874 
51 0.0115262649615 279.047170397 9721.94130334 
52 0.0111665199493 256.503850817 9744.48498266 
53 0.0108457493207 235.78171968 9765.20743457 
54 0.0105590407875 216.733653553 9784.25578741 
55 0.0103021789018 199.224409717 9801.7652881 
56 0.0100715904537 183.129684858 9817.86024355 
57 0.00986418527464 168.33519844 9832.65493737 
58 0.00967730423508 154.735907021 9846.25441567 
59 0.00950864491097 142.235257112 9858.75523424 
60 0.00935618893891 130.744472986 9870.24617083 
61 0.00921819753967 120.1819834 9880.8087984 
62 0.0090931699815 110.472835285 9890.51807155 
63 0.00897973106294 101.548044801 9899.44297547 
64 0.00887670907832 93.3442719526 9907.64685134 
65 0.00878305521474 85.8032603245 9915.18795662 
66 0.00869783495182 78.8714516064 9922.11985056 
67 0.0086202345683 72.4996579271 9928.49172184 
68 0.00854951229849 66.6426110838 9934.3488394 
69 0.00848501541259 61.258738658 9939.73277633 
70 0.00842616030786 56.3098236717 9944.68175017 
