Time S I R
0  997 3 0
1 993.755625762 5.84808083428 0.39629340402 
2 987.472519057 11.3600267097 1.16745423373 
3 975.421445974 21.9181748239 2.66037920231 
4 952.729214897 41.7484700158 5.52231508736 
5 911.442900022 77.6484328867 10.9086670913 
6 840.807093574 138.476532082 20.7163743449 
7 731.735166197 230.655270112 37.6095636908 
8 587.183114675 348.449037233 64.3678480921 
9 429.501546176 468.110108348 102.388345477 
10 289.294780931 560.269851621 150.435367448 
11 184.507047598 610.374562823 205.118389579 
12 114.990794674 622.401788497 262.607416829 
13 71.7796193487 608.316609351 319.903771301 
14 45.5774911232 579.297363124 375.125145753 
15 29.6817501386 543.048402413 427.269847449 
16 19.8965534114 504.20210088 475.901345709 
17 13.7405473939 465.34859113 520.910861476 
18 9.77050039363 427.861013101 562.368486505 
19 7.14391969922 392.41949697 600.43658333 
20 5.36202442278 359.317037076 635.320938501 
21 4.12382698832 328.632551829 667.243621183 
22 3.24377365049 300.328177581 696.428048768 
23 2.60500720321 274.304049222 723.090943575 
24 2.13225421292 250.429610296 747.438135491 
25 1.77603908531 228.561325938 769.662634977 
26 1.50316591621 208.552901454 789.94393263 
27 1.29094075184 190.261018468 808.44804078 
28 1.12360074052 173.548463011 825.327936249 
29 0.989966073274 158.28583394 840.724199987 
30 0.881994967235 144.352217823 854.76578721 
31 0.793831457414 131.635335777 867.570832765 
32 0.721142167775 120.031418758 879.247439074 
33 0.660696245365 109.444853072 889.894450683 
34 0.610002605702 99.7877920154 899.602205379 
35 0.567181683444 90.9796022537 908.453216063 
36 0.530765284878 82.9464042878 916.522830427 
37 0.499603589727 75.6205639726 923.879832438 
38 0.472792087395 68.9402206866 930.586987226 
39 0.449605036804 62.8488257149 936.701569248 
40 0.429458145109 57.2947041485 942.275837706 
41 0.411879480901 52.2306642381 947.357456281 
42 0.396481475796 47.6136102315 951.989908293 
43 0.382946771726 43.4042107801 956.212842448 
44 0.371011658271 39.5665693459 960.062418996 
45 0.360456269623 36.0679289338 963.571614797 
46 0.35109605052 32.878397707 966.770506243 
47 0.342775742271 29.9707257177 969.68649854 
48 0.335364057173 27.3200625168 972.344573426 
49 0.328746952589 24.9036748518 974.767578196 
50 0.322828932456 22.7009002628 976.976270805 
51 0.317527249415 20.6928772064 978.989595544 
52 0.312770385677 18.8624030543 980.82482656 
53 0.308496436843 17.193792051 982.497711512 
54 0.304651485026 15.6727416223 984.022606893 
55 0.301188494929 14.2862137966 985.412597708 
56 0.298066352424 13.0223243379 986.67960931 
57 0.295248439522 11.8702137776 987.834537783 
58 0.292702600742 10.8199931831 988.887304216 
59 0.290401032292 9.86266925359 989.846929714 
60 0.288319499579 8.99005453871 990.721625962 
61 0.286435160866 8.19463547088 991.518929368 
62 0.28472794123 7.46957111505 992.245700944 
63 0.283180713156 6.80865348665 992.9081658 
64 0.281777824433 6.20621107744 993.512011098 
65 0.280505085126 5.65706869098 994.062426224 
66 0.279349955968 5.15651125565 994.564138788 
67 0.278301186186 4.70023916117 995.021459653 
68 0.27734864628 4.28433660668 995.438314747 
69 0.276483236537 3.90523397988 995.818282784 
70 0.275696756193 3.55967421123 996.164629033 
71 0.274981816589 3.24468940216 996.480328781 
72 0.274331755197 2.95757505382 996.768093191 
73 0.273740551131 2.69586481609 997.030394633 
74 0.273202774725 2.45731234509 997.26948488 
75 0.272713506173 2.23986834644 997.487418147 
76 0.272268296105 2.04166494544 997.686066758 
77 0.271863114899 1.86099950474 997.86713738 
78 0.271494312905 1.69632042275 998.032185264 
79 0.27115858272 1.54621343481 998.182627982 
80 0.270852922385 1.40938893599 998.319758142 
81 0.270574611071 1.28467195597 998.444753433 
82 0.270321176116 1.17099083932 998.558687985 
83 0.270090375055 1.06736928183 998.662540343 
84 0.269880168803 0.972916921976 998.757202909 
85 0.269688706905 0.886822721505 998.843488572 
86 0.269514305761 0.808346904853 998.922138789 
87 0.269355436003 0.736815446513 998.993829117 
88 0.269210706288 0.671613767395 999.059175526 
89 0.269078851653 0.6121818011 999.118739347 
90 0.268958721301 0.558008993985 999.173032285 
91 0.268849268097 0.508629943757 999.222520788 
92 0.268749539529 0.463620529469 999.267629931 
93 0.268658668194 0.422593993103 999.308747339 
94 0.26857586502 0.385197945761 999.346226189 
95 0.268500411072 0.351110980079 999.380388609 
96 0.268431652941 0.320040517053 999.41152783 
97 0.268368994756 0.291719545967 999.439911459 
98 0.26831189396 0.265904706329 999.4657834 
99 0.268259856918 0.242374338308 999.489365805 
100 0.268212433322 0.220926131875 999.510861435 
