Time S I R
0  997 3 0
1 995.781885727 3.99238553682 0.225728736565 
2 994.163540075 5.31040809671 0.52605182871 
3 992.015697946 7.05891029946 0.925391754121 
4 989.16909484 9.37492133276 1.45598382684 
5 985.403320553 12.4364236866 2.16025575991 
6 980.433691556 16.4725059289 3.09380251516 
7 973.896369178 21.7745572669 4.32907355482 
8 965.332994588 28.7072202512 5.95978516046 
9 954.17734601 37.7166798835 8.10597410605 
10 939.748525107 49.332078623 10.9193962697 
11 921.25800441 64.1533759135 14.5886196762 
12 897.840754946 82.8165934437 19.3426516102 
13 868.62276547 105.925957959 25.4512765709 
14 832.835205506 133.945099131 33.2196953632 
15 789.97648023 167.048772416 42.9747473544 
16 740.003423969 204.955873981 55.0407020496 
17 683.505903179 246.789327922 69.7047688991 
18 621.796008786 291.027893951 87.1760972623 
19 556.846185087 335.607498635 107.546316278 
20 491.05491895 378.183131737 130.761949314 
21 426.889008838 416.493255128 156.617736034 
22 366.512600354 448.71343822 184.773961426 
23 311.51594135 473.6907185 214.79334015 
24 262.807358141 491.005030448 246.187611411 
25 220.659489133 500.877671821 278.462839046 
26 184.852667592 503.991781844 311.155550564 
27 154.849626413 501.294101454 343.856272133 
28 129.952670692 493.82638593 376.220943378 
29 109.421188081 482.605872151 407.972939768 
30 92.5467045489 468.554352095 438.898943356 
31 78.6926189888 452.465932286 468.841448725 
32 67.3099951289 434.999816299 497.690188572 
33 57.9383373035 416.688088034 525.373574662 
34 50.1983219581 397.950821957 551.850856085 
35 43.7812535017 379.11333177 577.105414728 
36 38.4378033851 360.42303865 601.139157965 
37 33.9674624038 342.064583476 623.96795412 
38 30.2092764195 324.172735318 645.617988262 
39 27.0340179986 306.843094578 666.122887424 
40 24.3378959609 290.140646592 685.521457447 
41 22.0372989463 274.106776424 703.855924629 
42 20.0646857425 258.76473106 721.170583198 
43 18.3653144458 244.123913723 737.510771831 
44 16.8946495149 230.183263692 752.922086793 
45 15.6163095835 216.93390419 767.449786227 
46 14.5004473922 204.361197384 781.138355224 
47 13.5224709656 192.446345205 794.031183829 
48 12.662032536 181.167627628 806.170339836 
49 11.9022220442 170.501366792 817.596411163 
50 11.2289164484 160.422682659 828.348400892 
51 10.6302905136 150.906032825 838.463676661 
52 10.096392332 141.925670119 847.977937549 
53 9.61880477793 133.455987208 856.925208014 
54 9.19037672292 125.471766839 865.337856438 
55 8.80503207515 117.948332492 873.246635433 
56 8.45755857619 110.861729956 880.680711468 
57 8.1434930643 104.188783409 887.667723527 
58 7.85898540002 97.9071863996 894.2338282 
59 7.60070791416 91.9955299263 900.40376216 
60 7.36577648253 86.4333216333 906.200901884 
61 7.15167740984 81.2010024019 911.647320188 
62 6.95621730436 76.2799336807 916.763849015 
63 6.77747286843 71.6523892333 921.570137898 
64 6.61376774961 67.3015148884 926.084717362 
65 6.46360819912 63.2113466381 930.325045163 
66 6.32568595355 59.3667425477 934.307571499 
67 6.19883535135 55.7533773947 938.047787254 
68 6.082025826 52.3576956017 941.560278572 
69 5.97433796279 49.1668873556 944.858774682 
70 5.87495098151 46.1688534434 947.956195575 
71 5.78313221873 43.3521704116 950.86469737 
72 5.69822270304 40.7060633828 953.595713914 
73 5.61963286829 38.2203682533 956.159998878 
74 5.54682951059 35.8855055966 958.567664893 
75 5.47933367763 33.6924464538 960.828219869 
76 5.41671092487 31.6326870051 962.95060207 
77 5.35856882398 29.6982181944 964.943212982 
78 5.30454973852 27.8815006075 966.813949654 
79 5.25432986857 26.1754371033 968.570233028 
80 5.20761755377 24.5733473405 970.219035106 
81 5.16414306337 23.068948183 971.766908754 
82 5.12365985454 21.6563296335 973.220010512 
83 5.08594535418 20.3299324179 974.584122228 
84 5.05079404085 19.0845289016 975.864677058 
85 5.01801676009 17.9152040566 977.066779183 
86 4.98744181196 16.8173374372 978.195220751 
87 4.95891065445 15.786585444 979.254503902 
88 4.93227648485 14.818865196 980.248858319 
89 4.90740536439 13.910340368 981.182254268 
90 4.88417360828 13.0574056499 982.058420742 
91 4.86246626213 12.2566725938 982.880861144 
92 4.84217796148 11.5049587284 983.65286331 
93 4.82321130888 10.7992741345 984.377514557 
94 4.80547552818 10.1368085719 985.0577159 
95 4.78888708478 9.51492343868 985.696189477 
96 4.77336865283 8.93114046883 986.295490878 
97 4.75884805118 8.38313051961 986.858021429 
98 4.74525861312 7.86870708383 987.386034303 
99 4.73253853542 7.38581705074 987.881644414 
100 4.72063006882 6.93253088355 988.346839048 
