Time S I R
0  997 3 0
1 995.333661248 4.55785378433 0.108484967299 
2 992.808517107 6.91825480795 0.273228084927 
3 988.990587883 10.4863008271 0.523111289453 
4 983.23764252 15.8608883733 0.90146910635 
5 974.613357062 23.9138074405 1.47283549711 
6 961.783547101 35.8842069665 2.33224593218 
7 942.913809614 53.4688869372 3.61730344919 
8 915.620708565 78.8570453396 5.52224609533 
9 877.082674297 114.606286716 8.31103898677 
10 824.473311143 163.203999811 12.322689046 
11 755.864417389 226.17818868 17.9573939311 
12 671.519671013 302.849470104 25.6308588824 
13 575.010632705 389.29604901 35.6933182851 
14 473.188930109 478.478030762 48.3330391288 
15 374.470171576 562.022020492 63.5078079313 
16 286.188818953 632.866707312 80.9444737351 
17 212.6441647 687.147673857 100.208161443 
18 154.790543194 724.406995356 120.802461451 
19 111.195270443 746.549413467 142.25531609 
20 79.3136598975 756.518128743 164.168211359 
21 56.442259276 757.326636826 186.231103898 
22 40.2143311575 751.56935456 208.216314282 
23 28.7574596708 741.278950329 229.96359 
24 20.6748779006 727.9611165 251.3640056 
25 14.9601781432 712.693827586 272.345994271 
26 10.9027262738 696.232822679 292.864451047 
27 8.00601843573 679.101281846 312.892699718 
28 5.92480419151 661.658422288 332.41677352 
29 4.41918917712 644.149406632 351.431404191 
30 3.32212074773 626.740635825 369.937243428 
31 2.51694002297 609.544101652 387.938958325 
32 1.92158316198 592.634530215 405.443886623 
33 1.47810855617 576.060745793 422.461145651 
34 1.14538507231 559.853611597 439.00100333 
35 0.893976397878 544.03159142 455.074432182 
36 0.702694962876 528.604495897 470.692809141 
37 0.556102707932 513.576199711 485.867697581 
38 0.443020228952 498.946262546 500.610717225 
39 0.355234058078 484.711336117 514.933429825 
40 0.286644500673 470.866091383 528.847264117 
41 0.232715966607 457.403810844 542.363473189 
42 0.190070385838 444.316827622 555.493101993 
43 0.156152323491 431.596885864 568.246961813 
44 0.128996564593 419.2353894 580.635614036 
45 0.107121623048 407.223508639 592.669369738 
46 0.0894444350623 395.552271335 604.35828423 
47 0.0750755072157 384.212776654 615.712147839 
48 0.0633342502832 373.196173312 626.740492437 
49 0.0536915758448 362.493716427 637.452591997 
50 0.0457296699215 352.096799623 647.857470707 
51 0.0391194760558 341.996974964 657.96390556 
52 0.0336086637465 332.185963594 667.780427742 
53 0.0290168700246 322.655656187 677.315326943 
54 0.0251547205816 313.398177668 686.576667612 
55 0.0219018143173 304.405822447 695.572275738 
56 0.0191415467348 295.671089223 704.30976923 
57 0.0167945564604 287.186667853 712.79653759 
58 0.0147884464188 278.945439846 721.039771708 
59 0.0130619887957 270.940339028 729.046598983 
60 0.0115926323977 263.165040636 736.823366732 
61 0.0103181461047 255.612601539 744.377080315 
62 0.00921551211513 248.276787714 751.713996773 
63 0.00825725243135 241.151397813 758.840344934 
64 0.00742223225575 234.230429529 765.762148238 
65 0.00669169015578 227.507992791 772.485315519 
66 0.0060512955331 220.978445007 779.015503697 
67 0.00548778517941 214.636223899 785.358288316 
68 0.00499075499579 208.475981646 791.519027599 
69 0.00455052436746 202.492472879 797.502976597 
70 0.00415923757043 196.680638749 803.315202013 
71 0.00381115331606 191.03556737 808.960621477 
72 0.00350162378766 185.552503051 814.443995325 
73 0.00322426720163 180.226744838 819.770030895 
74 0.00297583083125 175.053821021 824.943203149 
75 0.00275408691255 170.029408905 829.967837008 
76 0.00255470211982 165.149195913 834.848249385 
77 0.00237476660004 160.409037143 839.58858809 
78 0.00221218861248 155.8049278 844.192860012 
79 0.00206481953239 151.332953729 848.664981452 
80 0.00193090709081 146.989319679 853.008749413 
81 0.00180933912338 142.770364589 857.227826072 
82 0.0016984101137 138.672483977 861.325817613 
83 0.00159717290444 134.692215067 865.30618776 
84 0.00150465561035 130.826187477 869.172307868 
85 0.00142002566918 127.071125451 872.927454524 
86 0.00134240111629 123.423828141 876.574829458 
87 0.00127114513202 119.881208043 880.117520812 
88 0.0012056568761 116.440268818 883.558525525 
89 0.00114530548171 113.098100333 886.900754362 
90 0.00108953881954 109.851874643 890.147035818 
91 0.00103829630348 106.698842716 893.300118988 
92 0.000991177799847 103.636328099 896.362680723 
93 0.000947652156697 100.661723151 899.337329197 
94 0.000907048799377 97.7724847223 902.226608229 
95 0.000868647841912 94.9661372513 905.032994101 
96 0.000832570936495 92.2403209697 907.758846459 
97 0.000798798435653 89.5927345261 910.406466675 
98 0.000767321206013 87.0211415494 912.978091129 
99 0.000738211267503 84.523373111 915.475888678 
100 0.000711168504154 82.0973049852 917.901983846 
