Time S I R
0.0  10000 1 0
1 9995.09034145 5.12438757088 0.785270977094 
2 9969.99941863 26.1961322284 4.80444913893 
3 9843.48567597 132.288989254 25.2253347746 
4 9246.31251036 629.385579367 125.301910272 
5 7110.65021355 2345.08812091 545.261665537 
6 3497.03175937 4823.89489039 1680.07335024 
7 1245.15367689 5424.50560302 3331.34072009 
8 463.674017833 4626.39338069 4910.93260148 
9 208.425071589 3603.0437734 6189.53115501 
10 113.026321407 2719.88964409 7168.0840345 
11 71.4347989759 2027.78414405 7901.78105697 
12 50.7928161603 1503.10560763 8447.10157621 
13 39.463160206 1110.84918943 8850.68765036 
14 32.7531752329 819.557558638 9148.68926613 
15 28.5473839688 604.021640395 9368.43097564 
16 25.7986196689 444.874236119 9530.32714421 
17 23.9453754789 327.514842704 9649.53978182 
18 22.6667489612 241.042643994 9737.29060705 
19 21.7696221019 177.364180756 9801.86619714 
20 21.1322902456 130.4889132 9849.37879655 
21 20.6753667834 95.9921278474 9884.33250537 
22 20.3455716109 70.6097542746 9910.04467411 
23 20.1063496507 51.9361575229 9928.95749283 
24 19.9321928419 38.199492111 9942.86831505 
25 19.805064812 28.0952445445 9953.09969064 
26 19.7120825313 20.6632557878 9960.62466168 
27 19.6439761359 15.1970051766 9966.15901869 
28 19.5940370929 11.1766663958 9970.22929651 
29 19.557390527 8.2198310728 9973.2227784 
30 19.5304828392 6.04520373006 9975.42431343 
31 19.5107174714 4.44587171616 9977.04341081 
32 19.4961940729 3.26965205154 9978.23415388 
33 19.4855199637 2.40461245234 9979.10986758 
34 19.4776735971 1.76842970566 9979.7538967 
35 19.4719051505 1.300558944 9980.22753591 
36 19.4676639435 0.956470972104 9980.57586508 
37 19.4645454203 0.703417596899 9980.83203698 
38 19.4622522849 0.517314334138 9981.02043338 
39 19.4605660162 0.380448198762 9981.15898578 
40 19.4593259787 0.279792781058 9981.26088124 
41 19.4584140684 0.205767732332 9981.3358182 
42 19.4577434497 0.151327477426 9981.39092907 
43 19.4572502731 0.111290602397 9981.43145912 
44 19.4568875847 0.0818463234252 9981.46126609 
45 19.4566208577 0.0601921579387 9981.48318698 
46 19.4564247009 0.0442670304113 9981.49930827 
47 19.456280443 0.0325552425278 9981.51116431 
48 19.4561743524 0.0239420633905 9981.51988358 
49 19.4560963306 0.0176076837439 9981.52629599 
50 19.4560389513 0.0129491936789 9981.53101185 
51 19.4559967531 0.00952320728333 9981.53448004 
52 19.4559657193 0.00700364025383 9981.53703064 
53 19.4559428958 0.00515064311824 9981.53890646 
54 19.455926112 0.0037879910305 9981.5402859 
55 19.4559137686 0.00278585550244 9981.54130038 
56 19.4559046902 0.00204879593072 9981.54204651 
57 19.4558980138 0.00150674877209 9981.54259524 
58 19.4558931037 0.00110810911906 9981.54299879 
59 19.455889493 0.000814958907571 9981.54329555 
60 19.4558868372 0.000599335397473 9981.54351383 
61 19.4558848839 0.000440754828086 9981.54367436 
62 19.4558834476 0.000324139215195 9981.54379241 
63 19.4558823912 0.000238376490215 9981.54387923 
64 19.4558816143 0.000175301571465 9981.54394308 
65 19.4558810431 0.000128922193668 9981.54399003 
66 19.4558806231 9.48235475584e-05 9981.54402455 
67 19.4558803136 6.97018624269e-05 9981.54404998 
68 19.4558800862 5.12323271074e-05 9981.54406868 
69 19.4558799191 3.76712723429e-05 9981.54408241 
70 19.4558797967 2.77313307411e-05 9981.54409247 
