Time S I R
0  997 3 0
1 993.820365633 6.05926821098 0.120366156456 
2 987.439929093 12.1970049913 0.3630659157 
3 974.762952066 24.3870846595 0.849963274564 
4 950.064873621 48.1180985512 1.81702782747 
5 903.73332077 92.5657202939 3.70095893604 
6 822.677600467 170.080504536 7.24189499695 
7 696.76603591 289.732618439 13.501345651 
8 533.147755036 443.265388527 23.5868564369 
9 363.355696893 598.609623878 38.0346792288 
10 223.331691413 720.2931179 56.3751906872 
11 127.727897434 794.842235565 77.4298670016 
12 70.229648117 829.801954486 99.9683973972 
13 38.0267070533 838.887687512 123.085605435 
14 20.5755443671 833.195299246 146.229156386 
15 11.2152793495 819.689410219 169.095310432 
16 6.18415554855 802.288211603 191.527632848 
17 3.45634018184 783.093136029 213.450523789 
18 1.95971988386 763.208995211 234.831284905 
19 1.12755409374 743.212743457 255.659702449 
20 0.658305858166 723.404417948 275.937276193 
21 0.389923952903 703.938499341 295.671576706 
22 0.234249316645 684.892480132 314.873270552 
23 0.142658617128 666.302802692 333.554538691 
24 0.0880303053352 648.183734037 351.728235658 
25 0.0550562248914 630.537512818 369.407430957 
26 0.0349071976302 613.359948858 386.605143945 
27 0.0224422989381 596.64332489 403.334232811 
28 0.0145892237101 580.378096281 419.607314495 
29 0.0095637399279 564.553705838 435.436730422 
30 0.00634425573071 549.159130887 450.834524857 
31 0.00426327251967 534.183301412 465.812435315 
32 0.00289706241142 519.615220799 480.381882138 
33 0.0019897080133 505.444023954 494.553986338 
34 0.00138378762006 491.659062909 508.339553303 
35 0.000967963886751 478.249884657 521.749147379 
36 0.000681755166852 465.206297203 534.793021042 
37 0.00048576862082 452.518383246 547.481130986 
38 0.000349581204091 440.176451138 559.823199281 
39 0.000250871431263 428.171105004 571.828644124 
40 0.000173355438847 416.493160299 583.506666346 
41 0.000112510237955 405.133671864 594.866215626 
42 7.2121823905e-05 394.083983963 605.915943915 
43 3.77664160851e-05 383.33558479 616.664377444 
44 9.74862007297e-06 372.88028718 627.119703071 
45 0 362.710195583 637.289804417 
46 0 352.817546852 647.182453148 
47 3.56379314326e-06 343.194690776 656.80530566 
48 7.12609880793e-06 333.834287569 666.165705305 
49 7.59131285122e-06 324.729209372 675.270783037 
50 5.98522910877e-06 315.872457178 684.127536837 
51 3.464531801e-06 307.257253124 692.742743411 
52 1.63289519151e-06 298.877031701 701.122966666 
53 1.34967422127e-06 290.725393268 709.274605382 
54 6.5052518039e-07 282.796057333 717.203942016 
55 2.87447733172e-07 275.082987032 724.91701268 
56 2.44442844632e-07 267.580305514 732.419694242 
57 6.38648998574e-07 260.282253607 739.717745754 
58 1.52858331148e-06 253.183245529 746.816752942 
59 2.68406870418e-06 246.277859877 753.722137439 
60 3.35043830546e-06 239.560820955 760.439175695 
61 3.09948916311e-06 233.02699683 766.97300007 
62 3.42186308444e-06 226.671401442 773.328595136 
63 4.23112214776e-06 220.489168883 779.510826886 
64 4.98064480325e-06 214.475552904 785.524442116 
65 4.66168285129e-06 208.625921211 791.374074127 
66 3.72891167899e-06 202.935814084 797.064182187 
67 2.9212002346e-06 197.400902514 802.599094565 
68 2.28267447255e-06 192.016952834 807.983044883 
69 1.83002794074e-06 186.779844619 813.220153551 
70 1.55335408181e-06 181.685569091 818.314429356 
71 1.45615865677e-06 176.730237238 823.269761306 
72 1.48607648498e-06 171.910060861 828.089937653 
73 1.54208134973e-06 167.221352568 832.77864589 
74 1.47274158735e-06 162.660523546 837.339474981 
75 1.23798542973e-06 158.224085867 841.775912895 
76 9.64788227975e-07 153.908651189 846.091347847 
77 6.83513007971e-07 149.710918563 850.289080753 
78 4.54900941804e-07 145.627675566 854.372323979 
79 3.508048394e-07 141.655796643 858.344203006 
80 3.522230827e-07 137.79224583 862.207753817 
81 3.82229586648e-07 134.034072279 865.965927339 
82 4.28971929978e-07 130.378400986 869.621598585 
83 4.64436197944e-07 126.822434408 873.177565127 
84 4.78271658721e-07 123.363453333 876.636546189 
85 5.32275066689e-07 119.998820315 880.001179153 
86 6.30314048067e-07 116.725962971 883.274036399 
87 7.68542804508e-07 113.54237748 886.457621752 
88 9.36135620577e-07 110.445626881 889.554372183 
89 1.11047722839e-06 107.433339031 892.566659858 
90 1.25083386138e-06 104.50320466 895.496794089 
91 1.29050965825e-06 101.652975534 898.347023176 
92 1.20789115954e-06 98.8804668384 901.119531954 
93 1.21333778225e-06 96.1835656884 903.816433098 
94 1.34549941322e-06 93.5602095278 906.439789127 
95 1.60798902016e-06 91.0083924216 908.99160597 
96 1.97913595912e-06 88.5261650197 911.473833001 
97 2.4025739549e-06 86.1116337174 913.88836388 
98 2.77670540072e-06 83.7629599382 916.237037285 
99 2.94303640658e-06 81.4783595395 918.521637517 
100 2.75919433079e-06 79.2560961453 920.743901095 
