Time S I R
0  997 3 0
1 994.673349922 5.21593643433 0.110713643468 
2 990.644691713 9.05227707343 0.303031213096 
3 983.702459016 15.6612632912 0.636277692959 
4 971.838164302 26.9505559136 1.21127978483 
5 951.846101267 45.9576357294 2.19626300381 
6 918.945432098 77.1913902926 3.86317760927 
7 866.850750788 126.520573864 6.62867534754 
8 789.195363 199.728568351 11.0760686494 
9 683.24050445 298.851818956 17.9076765933 
10 554.82060875 417.40567224 27.7737190102 
11 419.635203487 539.357791777 41.0070047361 
12 296.692683701 645.871746469 57.4355698296 
13 198.657396878 724.89955324 76.4430498812 
14 128.129809268 774.646450763 97.2237399692 
15 80.8755772922 800.096481828 119.02794088 
16 50.5691905212 808.151328099 141.27948138 
17 31.5840489687 804.831509466 163.584441565 
18 19.8084254865 794.498975212 185.692599301 
19 12.5146430158 780.0324377 207.452919285 
20 7.97948776645 763.242330869 228.778181364 
21 5.1399774216 745.239232827 249.620789751 
22 3.34646408031 726.696230871 269.957305048 
23 2.20257261891 708.018550708 289.778876673 
24 1.46551388747 689.449060686 309.085425426 
25 0.985657539173 671.132229659 327.882112802 
26 0.669971280186 653.152832501 346.177196219 
27 0.460136271646 635.55913257 363.980731158 
28 0.319256057194 618.376970522 381.303773421 
29 0.223688651725 601.618428613 398.157882735 
30 0.158218111034 585.286953785 414.554828104 
31 0.112994020652 569.380608227 430.506397753 
32 0.0814383815087 553.894291501 446.024270118 
33 0.0592021135973 538.820843275 461.119954612 
34 0.0434210215515 524.151830823 475.804748156 
35 0.0321344706845 509.878163874 490.089701655 
36 0.0239755119326 495.990417711 503.985606777 
37 0.0180251761744 482.478980988 517.502993836 
38 0.0136589581912 469.3342112 530.652129842 
39 0.0104320709349 456.546564229 543.443003701 
40 0.00803519984083 444.106644203 555.885320597 
41 0.00623393244859 432.005150553 567.988615514 
42 0.00487074359739 420.233055233 579.762074023 
43 0.0038213344875 408.781466234 591.214712431 
44 0.00302032049399 397.641760588 602.355219091 
45 0.00239766523066 386.805405453 613.192196882 
46 0.00191632306974 376.264233655 623.733850022 
47 0.00153280908569 366.010211147 633.988256044 
48 0.00122541726364 356.035535168 643.963239415 
49 0.000990008169538 346.332654091 653.666355901 
50 0.000801602278671 336.894114092 663.105084306 
51 0.000655363643546 327.712742969 672.286601667 
52 0.000557908542191 318.781611865 681.217830226 
53 0.000488061914552 310.093865263 689.905646675 
54 0.000431128434002 301.642868854 698.356700018 
55 0.000377748866299 293.422196621 706.57742563 
56 0.000326653222032 285.425557007 714.57411634 
57 0.00027841604674 277.646842945 722.352878639 
58 0.000235534458852 270.080134932 729.919629534 
59 0.000196457299808 262.719626436 737.280177106 
60 0.000164156404367 255.559706639 744.440129205 
61 0.000141480861089 248.5949168 751.404941719 
62 0.000126922025061 241.819931229 758.179941849 
63 0.000118218134958 235.229576378 764.770305403 
64 0.000112310895929 228.818828849 771.181058841 
65 0.000103926788825 222.582802653 777.41709342 
66 9.49780921928e-05 216.516740955 783.483164067 
67 8.70046126238e-05 210.616010914 789.383902082 
68 7.90202128655e-05 204.876097543 795.123823436 
69 6.96045254927e-05 199.292598352 800.707332043 
70 5.95698487587e-05 193.861259213 806.138681217 
71 5.01000182567e-05 188.577942352 811.422007548 
72 4.20321940737e-05 183.438611468 816.5613465 
73 3.64847537639e-05 178.439338045 821.56062547 
74 3.31657188326e-05 173.576307302 826.423659533 
75 3.13134522685e-05 168.84580918 831.154159506 
76 3.01783411487e-05 164.244231942 835.755737879 
77 2.85342570123e-05 159.768061568 840.231909898 
78 2.64483742285e-05 155.413881451 844.586092101 
79 2.43240506279e-05 151.178367927 848.821607749 
80 2.21639617166e-05 147.058286149 852.941691687 
81 2.01895138616e-05 143.050469212 856.949510599 
82 1.81910055517e-05 139.151910112 860.848071697 
83 1.62961194974e-05 135.359589475 864.640394229 
84 1.46406345038e-05 131.670618553 868.329366806 
85 1.34599287094e-05 128.082181597 871.917804943 
86 1.26956099393e-05 124.591538954 875.40844835 
87 1.20263042618e-05 121.196026829 878.803961145 
88 1.12312009151e-05 117.893053639 882.10693513 
89 1.04386906514e-05 114.680095302 885.319894259 
90 9.73725229869e-06 111.554701012 888.445289251 
91 9.12585630886e-06 108.514483152 891.485507722 
92 8.57310692481e-06 105.557119982 894.442871445 
93 8.07232515854e-06 102.680355818 897.31963611 
94 7.6154603903e-06 99.8819909914 900.118001393 
95 7.19149352335e-06 97.1598922056 902.840100603 
96 6.79976574247e-06 94.5119774621 905.488015738 
97 6.43845282866e-06 91.9362268811 908.06376668 
98 6.10520180544e-06 89.4306731657 910.569320729 
99 5.79302286496e-06 86.9933980491 913.006596158 
100 5.49972162389e-06 84.6225430713 915.377451429 
