Time S I R
0.0  10000 1 0
1 9997.53273338 2.69425956035 0.773007060409 
2 9990.89034532 7.25460539041 2.85504929244 
3 9973.04151505 19.5018932774 8.45659167544 
4 9925.32262059 52.1956748594 23.4817045528 
5 9799.45801441 138.080418549 63.4615670403 
6 9478.94605321 354.418899734 167.635047054 
7 8730.57929628 845.151017462 425.269686259 
8 7284.61402624 1723.89351293 992.492460832 
9 5272.40875198 2723.37919736 2005.21205067 
10 3403.02529844 3221.21522695 3376.7594746 
11 2151.80693367 3036.55456173 4812.6385046 
12 1440.88603779 2491.11343835 6069.00052385 
13 1050.6734349 1891.93979939 7058.38676571 
14 830.993794386 1376.80706586 7793.19913975 
15 702.097045237 977.691791102 8321.21116366 
16 623.453831478 684.185252285 8693.36091624 
17 573.939154394 474.468683008 8952.5921626 
18 542.020819099 327.139725395 9131.83945551 
19 521.092362397 224.713228986 9255.19440862 
20 507.203691822 153.974441662 9339.82186652 
21 497.909068395 105.32996421 9397.7609674 
22 491.652615129 71.9737644718 9437.3736204 
23 487.424326252 49.1441774699 9464.43149628 
24 484.558857321 33.5390196699 9482.90212301 
25 482.613295555 22.8812491707 9495.50545527 
26 481.290617901 15.6065857325 9504.10279637 
27 480.390610766 10.6430746428 9509.96631459 
28 479.777840315 7.25737405874 9513.96478563 
29 479.360463949 4.94834604809 9516.69119 
30 479.076096633 3.37379640811 9518.55010696 
31 478.882314213 2.30018547298 9519.81750031 
32 478.750243791 1.5681829842 9520.68157322 
33 478.660224566 1.06911329923 9521.27066213 
34 478.598863746 0.72886328324 9521.67227297 
35 478.557035942 0.496895685779 9521.94606837 
36 478.528522396 0.338752248134 9522.13272536 
37 478.509084624 0.230939005196 9522.25997637 
38 478.495833723 0.157438801368 9522.34672748 
39 478.486800352 0.107331051515 9522.4058686 
40 478.480642119 0.0731709339761 9522.44618695 
41 478.476443907 0.0498828823101 9522.47367321 
42 478.473581874 0.0340066595255 9522.49241147 
43 478.471630754 0.0231833744918 9522.50518587 
44 478.470300619 0.0158047972488 9522.51389458 
45 478.469393829 0.010774605794 9522.51983156 
46 478.468775638 0.00734533275872 9522.52387903 
47 478.468354216 0.00500759467081 9522.52663819 
48 478.468066919 0.00341387747153 9522.5285192 
49 478.467871053 0.00232735544322 9522.52980159 
50 478.467737525 0.00158663295291 9522.53067584 
51 478.467646499 0.00108168782666 9522.53127181 
52 478.467584434 0.000737396734238 9522.53167817 
53 478.467542124 0.000502692520071 9522.53195518 
54 478.467513282 0.000342696136871 9522.53214402 
55 478.467493618 0.000233616543227 9522.53227276 
56 478.467480216 0.000159271775136 9522.53236051 
57 478.467471075 0.0001085592972 9522.53242037 
58 478.467464836 7.3950122148e-05 9522.53246121 
59 478.467460593 5.041416469e-05 9522.53248899 
60 478.467457708 3.44089264551e-05 9522.53250788 
61 478.467455736 2.34704556643e-05 9522.53252079 
62 478.467454392 1.6017289087e-05 9522.53252959 
63 478.46745348 1.0955013451e-05 9522.53253557 
64 478.467452858 7.50825372481e-06 9522.53253963 
65 478.467452424 5.09857577663e-06 9522.53254248 
66 478.467452118 3.40398763395e-06 9522.53254448 
67 478.467451924 2.32502929153e-06 9522.53254575 
68 478.467451785 1.55649996667e-06 9522.53254666 
69 478.467451695 1.05728317216e-06 9522.53254725 
70 478.467451636 7.26284316577e-07 9522.53254764 
