Time S I R
0.0  10000 1 0
1 9999.4109027 0.974801033899 0.614296262104 
2 9998.83669517 0.950204139703 1.21310068924 
3 9998.27701631 0.926196515415 1.7967871701 
4 9997.73151728 0.902765697456 2.36571701948 
5 9997.19985529 0.879899353011 2.92024536116 
6 9996.68169507 0.857585333785 3.46071959704 
7 9996.17670863 0.835811677403 3.98747969055 
8 9995.68457568 0.814566618974 4.50085770448 
9 9995.20498226 0.793838565362 5.00117917913 
10 9994.73762165 0.773616118546 5.48876223433 
11 9994.28219401 0.753888069963 5.96391792213 
12 9993.83840617 0.734643400923 6.42695042672 
13 9993.40597139 0.715871281471 6.87815732823 
14 9992.98460949 0.697561071045 7.31782944094 
15 9992.57404695 0.679702319217 7.74625073089 
16 9992.17401664 0.662284765884 8.16369859349 
17 9991.78425766 0.645298341464 8.57044399683 
18 9991.40451474 0.628733153331 8.96675210608 
19 9991.03453839 0.612579494844 9.35288211792 
20 9990.67408495 0.596827851482 9.7290871963 
21 9990.32291631 0.581468895991 10.0956147923 
22 9989.98079973 0.566493487723 10.452706779 
23 9989.64750861 0.551892646719 10.8005987408 
24 9989.32282174 0.537657570518 11.1395206935 
25 9989.00652281 0.523779643181 11.4696975434 
26 9988.69840064 0.510250425912 11.7913489301 
27 9988.398249 0.497061655536 12.1046893412 
28 9988.10586679 0.484205226896 12.4099279796 
29 9987.82105774 0.471673203234 12.7072690603 
30 9987.54363017 0.459457820123 12.9969120063 
31 9987.27339704 0.44755147873 13.2790514838 
32 9987.01017575 0.435946743776 13.5538775077 
33 9986.75378828 0.424636331376 13.8215753913 
34 9986.50406091 0.413613114974 14.0823259755 
35 9986.26082409 0.402870126316 14.3363057812 
36 9986.02391238 0.392400550334 14.5836870674 
37 9985.79316435 0.382197722819 14.8246379299 
38 9985.56842265 0.372255122186 15.0593222229 
39 9985.34953382 0.362566372081 15.2878998042 
40 9985.13634808 0.35312524057 15.5105266805 
41 9984.92871931 0.343925636137 15.7273550544 
42 9984.72650499 0.334961605181 15.9385334081 
43 9984.52956641 0.326227326065 16.1442062623 
44 9984.33776824 0.317717110763 16.3445146483 
45 9984.15097836 0.309425402888 16.5395962407 
46 9983.96906788 0.301346774191 16.7295853465 
47 9983.79191108 0.29347592218 16.9146129992 
48 9983.61938528 0.285807667736 17.0948070527 
49 9983.45137077 0.278336952729 17.2702922758 
50 9983.28775103 0.271058836664 17.4411901378 
51 9983.12841327 0.2639684922 17.6076182423 
52 9982.97324693 0.257061207345 17.7696918639 
53 9982.82214414 0.250332381294 17.9275234835 
54 9982.67499967 0.243777521828 18.0812228106 
55 9982.53171089 0.237392242891 18.2308968666 
56 9982.39217767 0.231172262177 18.376650068 
57 9982.2563023 0.225113398765 18.5185843032 
58 9982.12399024 0.219211579379 18.6567981776 
59 9981.99514948 0.213462829776 18.7913876947 
60 9981.86968986 0.207863266802 18.9224468735 
61 9981.74752351 0.202409100514 19.0500673923 
62 9981.62856471 0.197096631881 19.1743386604 
63 9981.51272986 0.191922250479 19.29534789 
64 9981.3999374 0.186882432191 19.4131801677 
65 9981.2901079 0.181973739956 19.5279183629 
66 9981.1831648 0.177192836991 19.639642366 
67 9981.07903302 0.172536459225 19.7484305163 
68 9980.97763928 0.168001419884 19.8543593039 
69 9980.87891208 0.163584609693 19.9575033076 
70 9980.78278175 0.159282994771 20.0579352554 
