Time S I R
0  997 3 0
1 995.659040135 4.06494776546 0.276012099292 
2 993.84549064 5.50461930683 0.649890053627 
3 991.395893083 7.44812773576 1.15597918119 
4 988.09284919 10.06677638 1.84037442955 
5 983.64925617 13.586032513 2.76471131664 
6 977.689791651 18.2992577234 4.01095062544 
7 969.730459653 24.5822401497 5.68730019779 
8 959.158843114 32.9059213301 7.93523555626 
9 945.220264364 43.8424477821 10.9372878541 
10 927.018876825 58.0563215557 14.9248016196 
11 903.547587222 76.2684011305 20.1840116474 
12 873.764479876 99.1777858987 27.0577342254 
13 836.732702623 127.328509303 35.9387880741 
14 791.828674764 160.92063876 47.2506864755 
15 738.994789113 199.593206336 61.4120045506 
16 678.970526554 242.244862333 78.7846111126 
17 613.39960414 286.988019434 99.6123764266 
18 544.719632125 331.316053599 123.964314276 
19 475.814255262 372.486046835 151.699697903 
20 409.522407473 408.008939905 182.468652622 
21 348.174838638 436.075282905 215.749878457 
22 293.311117543 455.774490908 250.914391549 
23 245.629246241 467.073867923 287.296885835 
24 205.119260058 470.622769281 324.257970661 
25 171.283227649 467.489194256 361.227578096 
26 143.356363928 458.915621573 397.728014498 
27 120.480204548 446.139638173 433.380157279 
28 101.816014704 430.285592475 467.898392821 
29 86.6061705435 412.314494581 501.079334876 
30 74.1990896616 393.01254802 532.788362318 
31 64.0520642635 373.001720778 562.946214958 
32 55.7222822104 352.760923497 591.516794293 
33 48.853172588 332.649959026 618.496868386 
34 43.1598550305 312.932544942 643.907600028 
35 38.4156879833 293.796512521 667.787799495 
36 34.4405268604 275.370812719 690.188660421 
37 31.0912188797 257.739119346 711.169661775 
38 28.2537201058 240.950821756 730.795458139 
39 25.8369078085 225.029566356 749.133525836 
40 23.7677077748 209.979880081 766.252412144 
41 21.9872680479 195.792287576 782.220444376 
42 20.4479719628 182.447246673 797.104781364 
43 19.1111079914 169.918142414 810.970749594 
44 17.9450491386 158.173572882 823.881377979 
45 16.9238288319 147.179078062 835.897093106 
46 16.0260205467 136.898447603 847.07553185 
47 15.2338453001 127.29471499 857.47143971 
48 14.5325256487 118.330812535 867.136661817 
49 13.9096554593 109.970219397 876.120125144 
50 13.3548136179 102.177268357 884.467918026 
51 12.8591966378 94.9174377002 892.223365662 
52 12.4153259065 88.1575492974 899.427124796 
53 12.0168347715 81.8658653782 906.11729985 
54 11.6582724416 76.0121746508 912.329552908 
55 11.3349544007 70.567816594 918.097229005 
56 11.0428434705 65.5056771453 923.451479384 
57 10.778441986 60.8001786228 928.421379391 
58 10.5387082897 56.4272426012 933.034049109 
59 10.3210024988 52.3642232735 937.314774228 
60 10.123004946 48.589885823 941.287109231 
61 9.94268577397 45.0843238097 944.972990416 
62 9.77825421951 41.8289091232 948.392836657 
63 9.62813439696 38.8062164439 951.565649159 
64 9.49092760452 35.9999700227 954.509102373 
65 9.36539561688 33.3949714428 957.23963294 
66 9.25043440497 30.9770446329 959.772520962 
67 9.14506156128 28.7329704871 962.121967952 
68 9.04839713977 26.6504315774 964.301171283 
69 8.9596543915 24.7179536774 966.322391931 
70 8.87812581577 22.924854986 968.197019198 
71 8.80317582099 21.2611936709 969.935630508 
72 8.73422969894 19.7177209092 971.548049392 
73 8.67077175858 18.2858333925 973.043394849 
74 8.61233680696 16.9575311284 974.430132065 
75 8.55849809905 15.7253792068 975.716122694 
76 8.50887295536 14.5824672604 976.908659784 
77 8.46311272683 13.5223739604 978.014513313 
78 8.42089868769 12.539133664 979.039967648 
79 8.38194315809 11.6272062062 979.990850636 
80 8.34598210981 10.7814450176 980.872572873 
81 8.31277462669 9.99707132612 981.690154047 
82 8.28210177671 9.26964947302 982.44824875 
83 8.25376192636 8.59505960038 983.151178473 
84 8.22757115793 7.96947873259 983.802950109 
85 8.20336133597 7.38935924905 984.407279415 
86 8.18097738916 6.851406437 984.967616174 
87 8.16027769809 6.35256470099 985.487157601 
88 8.14113212065 5.88999827592 985.968869603 
89 8.12342071624 5.46107481764 986.415504466 
90 8.10703365691 5.06335376795 986.829612575 
91 8.09186965853 4.69456975927 987.213560582 
92 8.0778354464 4.35262107539 987.569543478 
93 8.06484531461 4.03555907197 987.899595613 
94 8.0528200903 3.74157489503 988.205605015 
95 8.04168691498 3.46899148945 988.489321596 
96 8.03137864333 3.21625357502 988.752367782 
97 8.02183318436 2.98191757664 988.996249239 
98 8.01299337304 2.76464565857 989.222360968 
99 8.00480638278 2.56319654249 989.431997075 
100 7.9972234107 2.37641885933 989.62635773 
