Time S I R
0  997 3 0
1 993.277821115 6.35471825345 0.367460631086 
2 985.457238359 13.3987310159 1.14403062484 
3 969.246868516 27.9796218712 2.77350961327 
4 936.570107351 57.2871787409 6.14271390814 
5 874.246490588 112.845659698 12.9078497141 
6 766.979105721 207.252918508 25.7679757713 
7 611.161911718 340.759601518 48.0784867633 
8 432.20619707 485.678442908 82.1153600218 
9 273.587397542 599.37313894 127.039463518 
10 160.950374184 659.890397682 179.159228134 
11 91.8797316838 673.884906661 234.235361656 
12 52.5458148488 658.32172947 289.132455681 
13 30.6662956999 627.295987649 342.037716652 
14 18.4280417817 589.500917955 392.071040264 
15 11.4420247393 549.666720196 438.891255065 
16 7.3448132291 510.213552392 482.441634379 
17 4.87006393618 472.321923059 522.808013005 
18 3.33035999478 436.525840969 560.143799037 
19 2.34443531049 403.024542633 594.631022057 
20 1.6957023489 371.844087279 626.460210372 
21 1.25767661371 342.922351596 655.819971791 
22 0.95477187788 316.153411151 682.891816971 
23 0.740600655647 291.411784075 707.84761527 
24 0.586056928344 268.565349861 730.848593211 
25 0.472334013198 247.482582658 752.045083329 
26 0.387181544013 228.036033763 771.576784693 
27 0.322380456213 210.104460179 789.573159365 
28 0.272316726328 193.573698478 806.153984795 
29 0.233108030342 178.336930107 821.429961862 
30 0.202027611522 164.294628787 835.503343601 
31 0.177033537943 151.354520546 848.468445916 
32 0.156733956513 139.430939909 860.412326135 
33 0.140107699052 128.444691498 871.415200803 
34 0.126366107773 118.322605005 881.551028888 
35 0.11489980532 108.997001859 890.888098336 
36 0.105268219482 100.40558199 899.489149791 
37 0.0971107291333 92.4906683613 907.41222091 
38 0.0901558763921 85.1991346004 914.710709523 
39 0.0841912531591 78.4820040107 921.433804736 
40 0.0790471407458 72.2941266142 927.626826245 
41 0.074587284349 66.5938650325 933.331547683 
42 0.0707020016526 61.3428408322 938.586457166 
43 0.0673029634792 56.5057065231 943.426990513 
44 0.0643170695749 52.0498790145 947.885803916 
45 0.0616850775591 47.9453429903 951.992971932 
46 0.0593548849643 44.1643509329 955.776294182 
47 0.0572864466851 40.6814539524 959.261259601 
48 0.0554449228749 37.473165097 962.47138998 
49 0.0538010204613 34.5178437162 965.428355263 
50 0.0523299544391 31.7955551231 968.152114922 
51 0.0510104737702 29.2879257703 970.661063756 
52 0.049824530758 26.978039016 972.972136453 
53 0.0487565540387 24.8503082727 975.100935173 
54 0.0477930988034 22.8903727002 977.061834201 
55 0.0469223392341 21.084989353 978.868088308 
56 0.0461341051323 19.4219744656 980.531891429 
57 0.0454199192648 17.8901223827 982.064457698 
58 0.0447718289955 16.4790815842 983.476146587 
59 0.0441830649003 15.1793279587 984.776488976 
60 0.0436476347242 13.9820860135 985.974266352 
61 0.0431601692278 12.8792678273 987.077572004 
62 0.0427159864905 11.8634275582 988.093856455 
63 0.0423108750327 10.9277049729 989.029984152 
64 0.0419411256471 10.0657856066 989.892273268 
65 0.0416033966859 9.27184741142 990.686549192 
66 0.0412947151053 8.54052881315 991.418176472 
67 0.0410124074617 7.86689061792 992.092096975 
68 0.0407540740007 7.24638401578 992.71286191 
69 0.0405175552349 6.6748184008 993.284664044 
70 0.0403008975353 6.1483323623 993.81136674 
71 0.0401023595493 5.66337411108 994.296523529 
72 0.0399203515396 5.21666803413 994.743411614 
73 0.0397534273613 4.80519512246 995.15505145 
74 0.039600290459 4.42617809413 995.534221615 
75 0.0394597537136 4.0770556472 995.883484599 
76 0.0393307413432 3.75546955131 996.205199707 
77 0.0392122814119 3.45924985647 996.501537862 
78 0.0391034799948 3.18639412665 996.774502393 
79 0.0390035270094 2.93505991348 997.02593656 
80 0.0389116859598 2.70355109907 997.257537215 
81 0.0388272795033 2.49030240093 997.47087032 
82 0.0387496927881 2.29387397493 997.667376332 
83 0.0386783638747 2.1129394459 997.84838219 
84 0.0386127766297 1.94627581584 998.015111408 
85 0.0385524614641 1.79275834967 998.168689189 
86 0.0384969874754 1.65135011587 998.310152897 
87 0.0384459593594 1.52109539751 998.440458643 
88 0.0383990164358 1.40111514026 998.560485843 
89 0.0383558269731 1.29059856021 998.671045613 
90 0.0383160869457 1.18879897966 998.772884933 
91 0.0382795182511 1.09502936852 998.866691113 
92 0.0382458647653 1.00865587101 998.953098264 
93 0.0382148918651 0.929095163216 999.032689945 
94 0.0381863844782 0.855810324231 999.106003291 
95 0.0381601443847 0.788305850061 999.173534006 
96 0.0381359899906 0.726125943971 999.235738066 
97 0.0381137544955 0.668850799069 999.293035446 
98 0.0380932842469 0.616093206276 999.345813509 
99 0.0380744384096 0.567497061105 999.3944285 
100 0.0380570873901 0.522734136703 999.439208776 
