Time S I R
0  997 3 0
1 994.728785434 5.08989327731 0.181321288683 
2 990.890508428 8.62080022267 0.488691349145 
3 984.432707499 14.558762217 1.00853028431 
4 973.648416107 24.4672915644 1.88429232884 
5 955.861460697 40.7884028955 3.35013640771 
6 927.117144319 67.1052084332 5.7776472477 
7 882.160939022 108.109618734 9.72944224486 
8 815.320111684 168.686014116 15.9938741995 
9 723.042467108 251.414181136 25.5433517562 
10 607.82198728 352.833824779 39.3441879411 
11 480.587475251 461.394890366 58.0176343825 
12 357.576992243 560.899248063 81.5237596944 
13 252.712254759 638.168203899 109.119541342 
14 172.156060919 688.206685087 139.637253994 
15 114.789398825 713.35000068 171.860600496 
16 75.8772661428 719.348681189 204.774052669 
17 50.1860406288 712.174411574 237.639547797 
18 33.4184673523 696.613336823 269.968195825 
19 22.4891013127 676.052854348 301.458044339 
20 15.3281389723 652.736877301 331.934983726 
21 10.5934825308 628.098491405 361.308026064 
22 7.42724348693 603.034051832 389.538704681 
23 5.28309387973 578.095728635 416.621177486 
24 3.81192201379 553.61851821 442.569559777 
25 2.78907050574 529.80096443 467.409965064 
26 2.06843958297 506.756078079 491.175482338 
27 1.55416553301 484.542769632 513.903064835 
28 1.18258538434 463.185886635 535.631527981 
29 0.910733253811 442.688989704 556.400277042 
30 0.709531098071 423.041902778 576.248566124 
31 0.558953116496 404.226074098 595.214972786 
32 0.445025863966 386.217886158 613.337087978 
33 0.357939991665 368.990709581 630.651350427 
34 0.290729051861 352.516333682 647.192937266 
35 0.238325705362 336.765967989 662.995706305 
36 0.197108365315 321.710691018 678.092200616 
37 0.164412227599 307.32194524 692.513642533 
38 0.138258347205 293.571785938 706.289955715 
39 0.117167963956 280.433033457 719.449798579 
40 0.100033227217 267.879362306 732.020604466 
41 0.0860148541758 255.885363946 744.0286212 
42 0.0744714335232 244.426572327 755.498956239 
43 0.0648787303709 233.479518401 766.455602869 
44 0.0568572800566 223.021615266 776.921527454 
45 0.0501331916155 213.031233803 786.918633006 
46 0.0444504569383 203.48763806 796.467911483 
47 0.0396327258836 194.371003053 805.589364221 
48 0.0355166500165 185.662322007 814.302161343 
49 0.0319866069962 177.343450344 822.624563049 
50 0.0289400992151 169.396987711 830.57407219 
51 0.0263034224829 161.80633749 838.167359087 
52 0.0240081200548 154.555590925 845.420400955 
53 0.0220042821875 147.629588096 852.348407622 
54 0.0202459725786 141.013792494 858.965961533 
55 0.0186983745737 134.694355388 865.286946237 
56 0.0173302978161 128.658002451 871.324667251 
57 0.0161174434184 122.892086582 877.091795974 
58 0.0150381013717 117.384490196 882.600471703 
59 0.0140749569858 112.123668335 887.862256708 
60 0.0132123977515 107.098553585 892.888234017 
61 0.0124380562077 102.298611022 897.688950922 
62 0.0117408864659 97.7137446721 902.274514441 
63 0.0111116141162 93.334324331 906.654564055 
64 0.0105421724996 89.1511676086 910.838290219 
65 0.0100262251168 85.1554989133 914.834474862 
66 0.00955785622796 81.3389135962 918.651528548 
67 0.00913028808679 77.6933431309 922.297526581 
68 0.00873900553097 74.2111246566 925.780136338 
69 0.00838104700779 70.8849670743 929.106651879 
70 0.00805276825747 67.7078723028 932.284074929 
71 0.00775112987014 64.6731615586 935.319087312 
72 0.00747366857445 61.7744619191 938.218064412 
73 0.00721792644526 59.0056753262 940.987106747 
74 0.00698177065601 56.3609789552 943.632039274 
75 0.00676347153978 53.8348172249 946.158419304 
76 0.00656132900224 51.4218742658 948.571564405 
77 0.00637383764183 49.1170733522 950.87655281 
78 0.00619976621851 46.915573806 953.078226428 
79 0.00603794233223 44.8127447276 955.18121733 
80 0.0058873211143 42.8041645522 957.189948127 
81 0.00574702987103 40.8856204004 959.10863257 
82 0.00561621230827 39.0530768266 960.941306961 
83 0.005494067722 37.3026741193 962.691831813 
84 0.00537985013671 35.6307197584 964.363900391 
85 0.00527287405578 34.0336813305 965.961045795 
86 0.00517253004261 32.5082011429 967.486626327 
87 0.0050783081324 31.0510771652 968.943844527 
88 0.00498983074385 29.6592565175 970.335753652 
89 0.00490689492608 28.3298378913 971.665255214 
90 0.00482923122627 27.06003899 972.935131779 
91 0.00475633618112 25.8471720888 974.148071575 
92 0.00468770603459 24.6886634288 975.306648865 
93 0.0046228807546 23.5820556447 976.413321475 
94 0.00456175031195 22.5250413634 977.470396886 
95 0.00450415961859 21.5154094766 978.480086364 
96 0.00444988184358 20.5510374911 979.444512627 
97 0.00439865768908 19.6298919748 980.365709367 
98 0.00435024520982 18.7500303486 981.245619406 
99 0.00430449614748 17.9096060276 982.086089476 
100 0.00426124835622 17.1068506968 982.888888055 
