Time S I R
0  997 3 0
1 992.86694012 7.00076145036 0.132298429161 
2 983.315772069 16.244079444 0.440148486644 
3 961.646888947 37.2033019979 1.14980905525 
4 914.476798699 82.7716055838 2.75159571744 
5 820.425463501 173.366552213 6.20798428539 
6 661.863496633 325.088828793 13.0476745745 
7 457.302439673 517.875350753 24.8222095735 
8 267.783669739 690.350329508 41.8660007526 
9 138.40853187 798.707145696 62.8843224341 
10 66.8733740283 847.076113019 86.0505129525 
11 31.5245887626 858.4742612 110.001150038 
12 14.8491140428 851.173951859 133.976934098 
13 7.06969623178 835.318151977 157.612151791 
14 3.41947807001 815.835719451 180.744802479 
15 1.68364126546 795.007016104 203.30934263 
16 0.84445194397 773.871038238 225.284509818 
17 0.431477394684 752.899357143 246.669165462 
18 0.22453623681 732.304183619 267.471280144 
19 0.118932154832 712.178186475 287.70288137 
20 0.0640924088739 692.558190716 307.377716875 
21 0.0351647384603 673.454683607 326.510151655 
22 0.0196474017998 654.865713261 345.114639338 
23 0.0111753165329 636.783331274 363.205493409 
24 0.00639603338118 619.196846253 380.796757714 
25 0.00372019790825 602.094116311 397.902163491 
26 0.00220629751209 585.46270297 414.535090733 
27 0.00132655730135 569.290108125 430.708565318 
28 0.00080950114716 553.563927606 446.435262893 
29 0.000500766039977 538.271981386 461.727517848 
30 0.000313611832325 523.40235635 476.597330038 
31 0.000199059850729 508.943433517 491.056367423 
32 0.000124352043485 494.883917512 505.115958136 
33 6.78805386087e-05 481.212777574 518.787154545 
34 2.94722624403e-05 467.919260034 532.080710494 
35 1.38322860721e-05 454.992931431 545.007054737 
36 0 442.423626229 557.576373771 
37 0 430.201532086 569.798467914 
38 0 418.317148237 581.682851763 
39 0 406.761071491 593.238928509 
40 0 395.524223352 604.475776648 
41 0 384.597814186 615.402185814 
42 0 373.97324629 626.02675371 
43 0 363.642169934 636.357830066 
44 0 353.596501525 646.403498475 
45 0 343.828353477 656.171646523 
46 0 334.330036234 665.669963766 
47 0 325.094113727 674.905886273 
48 0 316.113351749 683.886648251 
49 0 307.380673421 692.619326579 
50 0 298.889235227 701.110764773 
51 0 290.632385807 709.367614193 
52 0 282.603622231 717.396377769 
53 0 274.796651861 725.203348139 
54 0 267.205362571 732.794637429 
55 0 259.823774955 740.176225045 
56 0 252.646101236 747.353898764 
57 0 245.666723197 754.333276803 
58 0 238.880144433 761.119855567 
59 0 232.281041605 767.718958395 
60 0 225.864254525 774.135745475 
61 0 219.624718735 780.375281265 
62 0 213.557549629 786.442450371 
63 0 207.657995932 792.342004068 
64 0 201.921410802 798.078589198 
65 0 196.343290424 803.656709576 
66 0 190.919265504 809.080734496 
67 0 185.645088467 814.354911533 
68 0 180.516627796 819.483372204 
69 0 175.529863216 824.470136784 
70 0 170.680878397 829.319121603 
71 0 165.96585545 834.03414455 
72 0 161.381069187 838.618930813 
73 0 156.922903836 843.077096164 
74 0 152.58789566 847.41210434 
75 0 148.372644877 851.627355123 
76 0 144.273841384 855.726158616 
77 0 140.288264064 859.711735936 
78 0 136.412784331 863.587215669 
79 0 132.644367594 867.355632406 
80 0 128.980056276 871.019943724 
81 0 125.416973084 874.583026916 
82 0 121.952318324 878.047681676 
83 0 118.583374053 881.416625947 
84 0 115.307499901 884.692500099 
85 0 112.122124105 887.877875895 
86 0 109.024744587 890.975255413 
87 0 106.012927723 893.987072277 
88 0 103.084309704 896.915690296 
89 0 100.236597107 899.763402893 
90 0 97.4675541514 902.532445849 
91 0 94.7750061044 905.224993896 
92 0 92.1568379757 907.843162024 
93 0 89.6110027646 910.388997235 
94 0 87.1355055423 912.864494458 
95 0 84.7284032116 915.271596788 
96 0 82.3878051261 917.612194874 
97 0 80.1118714198 919.88812858 
98 0 77.8988114186 922.101188581 
99 0 75.7468821352 924.253117865 
100 0 73.6543868465 926.345613154 
