Time S I R
0  997 3 0
1 994.601948572 5.17101504361 0.227036384776 
2 990.485979476 8.89602413709 0.617996387075 
3 983.456377138 15.2541395151 1.28948334682 
4 971.551741709 26.0105886995 2.43766959176 
5 951.676936835 43.936774714 4.38628845112 
6 919.27289836 73.0747850536 7.65231658664 
7 868.425694824 118.557489974 13.0168152017 
8 793.231009522 185.213679188 21.5553112901 
9 691.20421325 274.260397842 34.5353889075 
10 567.718997481 379.190896548 53.0901059713 
11 437.144005971 485.125032868 77.7309611606 
12 317.039491089 574.94416365 108.016345261 
13 219.507498011 637.815974477 142.676527511 
14 147.596489136 672.307701733 180.095809131 
15 97.922291789 683.298828747 218.778879465 
16 64.8852764499 677.535470083 257.579253467 
17 43.2962394171 660.984025523 295.71973506 
18 29.242338535 638.038836248 332.718825217 
19 20.0490369904 611.648504547 368.302458463 
20 13.9744213335 583.693388283 402.332190384 
21 9.9078113531 555.337422829 434.754765818 
22 7.1454515704 527.285410064 465.569138366 
23 5.24021605961 499.954244429 494.805539511 
24 3.90589574412 473.581656479 522.512447777 
25 2.95710518473 448.294455021 548.748439795 
26 2.27245435868 424.150337844 573.577207797 
27 1.77139979324 401.164182664 597.064417543 
28 1.39961423459 379.324636794 619.275748972 
29 1.12014791834 358.604095408 640.275756674 
30 0.907475776103 338.965396493 660.127127731 
31 0.74371271902 320.366031073 678.890256208 
32 0.616202412439 302.760763371 696.623034216 
33 0.515904714114 286.103348299 713.380746986 
34 0.436148000276 270.347822764 729.216029236 
35 0.372143107504 255.448918347 744.178938546 
36 0.320324943882 241.362685972 758.316989084 
37 0.278014890177 228.046752274 771.675232836 
38 0.243181921086 215.460464362 784.296353717 
39 0.214290756761 203.564931983 796.22077726 
40 0.190157827678 192.323077465 807.486764707 
41 0.169876549638 181.699591532 818.130531918 
42 0.152701400662 171.660993144 828.186305456 
43 0.1380442274 162.175459154 837.686496619 
44 0.125485585369 153.212804063 846.661710352 
45 0.114683930852 144.744459916 855.140856153 
46 0.105328695603 136.743316505 863.151354799 
47 0.0972035744027 129.183801987 870.718994439 
48 0.0900989047517 122.041602324 877.868298771 
49 0.0838694491497 115.293850186 884.622280365 
50 0.0783757731351 108.918761424 891.002862802 
51 0.0735207631087 102.895893558 897.030585679 
52 0.0692141331572 97.2058122869 902.72497358 
53 0.0653789648686 91.8301716135 908.104449422 
54 0.0619520694307 86.7516462088 913.186401722 
55 0.0588858173646 81.9538582146 917.987255968 
56 0.0561226501391 77.4212331274 922.522644222 
57 0.0536259928338 73.1391411914 926.807232816 
58 0.0513708341236 69.0937967352 930.854832431 
59 0.0493301627309 65.2721337096 934.678536128 
60 0.0474767730634 61.661778694 938.290744533 
61 0.0457890360942 58.2510539928 941.703156971 
62 0.0442497663652 55.0289343062 944.926815927 
63 0.0428432680127 51.9849973632 947.972159369 
64 0.0415556946012 49.109397218 950.849047087 
65 0.0403749109554 46.3928290751 953.566796014 
66 0.0392903183708 43.8265035495 956.134206132 
67 0.0382924395636 41.4021128148 958.559594746 
68 0.0373730698681 39.1118126193 960.850814311 
69 0.0365248338667 36.9481881396 963.015287027 
70 0.0357412551576 34.9042386612 965.060020084 
71 0.0350164644713 32.9733439869 966.991639549 
72 0.0343451791678 31.1492478556 968.816406965 
73 0.0337227017374 29.4260452013 970.540232097 
74 0.0331450187476 27.7981614179 972.168693563 
75 0.0326085373138 26.26033013 973.707061333 
76 0.032109648782 24.8075646054 975.160325746 
77 0.0316453817042 23.4351623447 976.533192274 
78 0.0312130336561 22.138680144 977.830106822 
79 0.0308100171197 20.9139163129 979.05527367 
80 0.0304340804832 19.7569044849 980.212661435 
81 0.0300831658684 18.6638972582 981.306019576 
82 0.0297553754901 17.6313538693 982.338890755 
83 0.0294490036391 16.6559310128 983.314619984 
84 0.0291624834052 15.7344694147 984.236368102 
85 0.0288943722572 14.8639835344 985.107122093 
86 0.0286433603644 14.0416538533 985.929702786 
87 0.0284082397061 13.2648164046 986.706775356 
88 0.0281878975632 12.5309545076 987.440857595 
89 0.0279813172131 11.8376913753 988.134327308 
90 0.0277875519635 11.1827803286 988.789432119 
91 0.0276057299757 10.5640991958 989.408295074 
92 0.0274350564284 9.97964468444 989.992920259 
93 0.0272748061462 9.42752574684 990.545199447 
94 0.0271242836709 8.90595203621 991.06692368 
95 0.0269828476976 8.41323274855 991.559784404 
96 0.0268499128003 7.94777218785 992.025377899 
97 0.0267249397547 7.50806371775 992.465211342 
98 0.0266074146604 7.09268129528 992.88071129 
99 0.0264968635771 6.70027862737 993.273224509 
100 0.0263928501755 6.32958502422 993.644022126 
