Time S I R
0  997 3 0
1 993.478132075 6.35047851344 0.171389411296 
2 986.079232619 13.3873275715 0.533439809747 
3 970.727848972 27.9787748341 1.29337619423 
4 939.684275716 57.4481757672 2.86754851641 
5 880.043332322 113.913251941 6.0434157365 
6 775.957586036 211.902631029 12.1397829351 
7 621.419225236 355.684515665 22.896259099 
8 439.148261436 521.14112783 39.7106107345 
9 273.949538127 663.484754351 62.5657075217 
10 155.702189306 754.368017774 89.9297929205 
11 84.0393761804 796.16448317 119.796140649 
12 44.5107827013 804.911256894 150.577960405 
13 23.6031547826 795.095323518 181.301521699 
14 12.6664935295 775.88660274 211.44690373 
15 6.91512404059 752.32414324 240.760732719 
16 3.84955472331 727.018757232 269.131688045 
17 2.18682987794 701.292039799 296.521130323 
18 1.26776251334 675.805189505 322.927047982 
19 0.749782198753 650.88457479 348.365643011 
20 0.452146828298 626.685855879 372.861997292 
21 0.277864503985 603.276839861 396.445295635 
22 0.173835693864 580.679815465 419.146348841 
23 0.110708494477 558.892963745 440.99632776 
24 0.0717102845363 537.90223225 462.026057465 
25 0.047195505844 517.687112805 482.265691689 
26 0.0315865807332 498.223880565 501.744532854 
27 0.0214548671835 479.487609303 520.49093583 
28 0.0147819611175 461.452921132 538.532296907 
29 0.0103364243053 444.09465069 555.895012886 
30 0.0073344735822 427.388121438 572.604544088 
31 0.00527535470064 411.309305455 588.68541919 
32 0.00382845085778 395.834864009 604.16130754 
33 0.00280989026669 380.942229567 619.054960543 
34 0.00208631629835 366.609631241 633.388282443 
35 0.00155238794343 352.816046075 647.182401537 
36 0.00116362684912 339.541300814 660.457535559 
37 0.000881394446878 326.765886229 673.233232377 
38 0.000682836011947 314.471059576 685.528257588 
39 0.000563347911566 302.63886052 697.360576132 
40 0.000474622256434 291.251817364 708.747708014 
41 0.000394743359266 280.293231167 719.70637409 
42 0.000321379925595 269.746953455 730.252725165 
43 0.000258066419292 259.597498858 740.402243076 
44 0.000204328011932 249.829903021 750.169892651 
45 0.000166109376323 240.429815211 759.570018679 
46 0.000143567649275 231.383405718 768.616450714 
47 0.000130759844296 222.677364203 777.322505037 
48 0.000117769277722 214.298905218 785.700977012 
49 0.000103655352177 206.235718423 793.764177921 
50 9.1265326887e-05 198.475936177 801.523972557 
51 7.76814805477e-05 191.008103656 808.991818663 
52 6.35636025663e-05 183.821240537 816.178695899 
53 5.13135776146e-05 176.904791213 823.095157473 
54 4.29413880738e-05 170.248572749 829.751384309 
55 3.82007219741e-05 163.842796792 836.157165007 
56 3.54864893097e-05 157.678044818 842.321919696 
57 3.24846961348e-05 151.745246923 848.254720592 
58 2.91330087521e-05 146.035678108 853.964292759 
59 2.58396546542e-05 140.540939678 859.459034483 
60 2.28495999863e-05 135.252931461 864.74704569 
61 1.99907779006e-05 130.163913516 869.836066494 
62 1.75213195917e-05 125.266366123 874.733616355 
63 1.58590087267e-05 120.55309005 879.446894091 
64 1.47026330524e-05 116.017153412 883.982831885 
65 1.35319866104e-05 111.651886368 888.3481001 
66 1.23533175156e-05 107.450863593 892.549124054 
67 1.13281076892e-05 103.40791047 896.592078202 
68 1.04449534319e-05 99.5170756574 900.482913898 
69 9.66901859556e-06 95.772639269 904.227351062 
70 8.98349662748e-06 92.1690898431 907.830901173 
71 8.36520848679e-06 88.701130171 911.298861464 
72 7.80683967605e-06 85.3636529456 914.636339248 
73 7.30449562525e-06 82.1517536169 917.848239079 
74 6.84947940499e-06 79.0607003801 920.93929277 
75 6.43371095066e-06 76.085945493 923.914048073 
76 6.05675563747e-06 73.2231227743 926.776871169 
77 5.72041926716e-06 70.4680301548 929.531964125 
78 5.40950827599e-06 67.8166160209 932.18337857 
79 5.12246856488e-06 65.2649722688 934.735022609 
80 4.8653482736e-06 62.8093228936 937.190672241 
81 4.63471315015e-06 60.446057855 939.55393751 
82 4.42253065103e-06 58.1717150217 941.828280556 
83 4.22729362981e-06 55.9829465543 944.017049218 
84 4.04809179599e-06 53.8765289935 946.123466958 
85 3.88268779261e-06 51.8493685071 948.15062761 
86 3.72964791495e-06 49.8984836662 950.101512604 
87 3.58792135557e-06 48.0210023611 951.978994051 
88 3.45655598721e-06 46.2141626192 953.785833924 
89 3.3346402688e-06 44.4753090111 955.524687654 
90 3.22138362208e-06 42.801882088 957.198114691 
91 3.11604503622e-06 41.1914174081 958.808579476 
92 3.01799332192e-06 39.6415478568 960.358449125 
93 2.92661297863e-06 38.1499948905 961.850002183 
94 2.84125167127e-06 36.7145627533 963.285434405 
95 2.76141179256e-06 35.3331408032 964.666856435 
96 2.6868333407e-06 34.0037019577 965.996295356 
97 2.61708521521e-06 32.7242901425 967.27570724 
98 2.5517422273e-06 31.4930211459 968.506976302 
99 2.49038714628e-06 30.3080796174 969.691917892 
100 2.43261263222e-06 29.1677162255 970.832281342 
