Time S I R
0  997 3 0
1 993.523400563 6.29309026116 0.183509176138 
2 986.284471376 13.1478495913 0.567679032477 
3 971.392217982 27.2408235211 1.36695849717 
4 941.50059362 55.4904762992 3.00893008084 
5 884.359698403 109.342157756 6.29814384115 
6 784.645596495 202.771536439 12.5828670656 
7 635.41267893 340.922044356 23.6652767137 
8 456.284270462 502.653330268 41.0623992701 
9 289.920421023 645.192442938 64.887136039 
10 167.747881542 738.621574609 93.630543849 
11 92.0191877787 782.805647265 125.175164956 
12 49.4695730788 792.750455065 157.779971856 
13 26.6137676157 783.038478878 190.347753506 
14 14.4914046087 763.226911529 222.281683862 
15 8.03139457096 738.681543148 253.287062281 
16 4.54190040739 712.224972559 283.233127034 
17 2.62311902142 685.302723842 312.074157137 
18 1.5472236106 658.645056612 339.807719777 
19 0.931714144751 632.615172129 366.453113726 
20 0.572479897981 607.387218881 392.040301221 
21 0.358678402525 583.037134092 416.604187505 
22 0.228929972914 559.589438268 440.181631759 
23 0.148798008119 537.041304819 462.809897173 
24 0.0984104613469 515.375795889 484.52579365 
25 0.0661383340948 494.568598572 505.365263094 
26 0.0452132072294 474.591616642 525.363170151 
27 0.0313948630198 455.415435082 544.553170055 
28 0.0220861391812 437.01017503 562.967738831 
29 0.0157981672529 419.346244352 580.637957481 
30 0.0114559905004 402.394682724 597.593861286 
31 0.00842171245404 386.127264896 613.864313392 
32 0.00626212535212 370.51676662 629.476971255 
33 0.00470569792992 355.536904951 644.458389351 
34 0.00357524973174 341.162296939 658.834127811 
35 0.00274470079262 327.368539984 672.628715316 
36 0.00211725781332 314.132204611 685.865678131 
37 0.00165362699067 301.430944926 698.567401447 
38 0.0013025003816 289.243075444 710.755622055 
39 0.00105111882181 277.547998366 722.450950515 
40 0.000862714744471 266.325754725 733.67338256 
41 0.000710542894012 255.557247046 744.442042411 
42 0.000584583029649 245.224118755 754.775296662 
43 0.000483099878124 235.308790386 764.690726515 
44 0.000400889281536 225.794347631 774.205251479 
45 0.000337189960646 216.664604988 783.335057822 
46 0.000288679544497 207.903992645 792.095718676 
47 0.000251262879715 199.497595511 800.502153226 
48 0.000218318314069 191.431118633 808.568663049 
49 0.000191506517012 183.690831973 816.308976521 
50 0.000169230511574 176.263530759 823.736300011 
51 0.000146393879845 169.136506062 830.863347544 
52 0.000128371951064 162.297633979 837.702237649 
53 0.000113529399414 155.73528916 844.26459731 
54 0.000100181164953 149.43827753 850.561622289 
55 8.87452794132e-05 143.395870795 856.60404046 
56 7.95364405803e-05 137.597785162 862.402135301 
57 7.19133016673e-05 132.034146887 867.9657812 
58 6.51190107419e-05 126.695472157 873.304462724 
59 5.89520026324e-05 121.572659461 878.427281587 
60 5.34720333007e-05 116.656978231 883.342968297 
61 4.84197097421e-05 111.940047768 888.059903813 
62 4.4188715151e-05 107.41384477 892.586111041 
63 4.05672282113e-05 103.070649095 896.929310338 
64 3.75000313397e-05 98.9030740472 901.096888453 
65 3.50021933855e-05 94.9040153566 905.095949641 
66 3.27033701524e-05 91.0666583633 908.933308933 
67 3.06877734602e-05 87.3844681182 912.615501194 
68 2.87567432906e-05 83.8511622844 916.148808959 
69 2.69071168759e-05 80.4607234473 919.539249646 
70 2.52056526051e-05 77.2073713663 922.792603428 
71 2.36419059547e-05 74.0855633214 925.914413037 
72 2.2257753244e-05 71.0899813772 928.909996365 
73 2.10502229265e-05 68.2155227998 931.78445615 
74 1.9982173967e-05 65.4572911039 934.542688914 
75 1.90359160115e-05 62.8105858608 937.189395103 
76 1.82275931593e-05 60.2709022426 939.72907953 
77 1.74756953584e-05 57.8339085764 942.166073948 
78 1.67561543094e-05 55.4954527881 944.504530456 
79 1.60995444958e-05 53.2515539332 946.748429967 
80 1.54677343289e-05 51.0983806003 948.901603932 
81 1.48579421193e-05 49.0322722533 950.967712889 
82 1.42826495448e-05 47.0497039904 952.950281727 
83 1.37551812713e-05 45.1472961193 954.852690126 
84 1.32576731176e-05 43.3218121653 956.678174577 
85 1.28140160314e-05 41.5701377121 958.429849474 
86 1.24167029298e-05 39.8892908311 960.110696752 
87 1.20556337606e-05 38.2764079718 961.723579973 
88 1.17211085353e-05 36.7287385959 963.271249683 
89 1.14181071922e-05 35.2436502388 964.756338343 
90 1.11266599561e-05 33.8186090742 966.181379799 
91 1.0842816323e-05 32.4511876993 967.548801458 
92 1.05727618802e-05 31.1390581926 968.860931235 
93 1.03137854239e-05 29.8799810864 970.1200086 
94 1.00637470268e-05 28.6718156575 971.328174279 
95 9.83094139428e-06 27.5125005166 972.487489652 
96 9.61980026659e-06 26.4000598675 973.599930513 
97 9.42268457038e-06 25.332600999 974.667389578 
98 9.24391122226e-06 24.3083024677 975.691688288 
99 9.08109518605e-06 23.3254209627 976.674569956 
100 8.92924686013e-06 22.38228157 977.617709501 
