Time S I R
0  997 3 0
1 994.897163764 4.82773050654 0.275105729842 
2 991.524981456 7.75752725045 0.717491293142 
3 986.136630646 12.4358655843 1.42750377014 
4 977.575839044 19.8606005382 2.56356041738 
5 964.097778241 31.5297421697 4.37247958939 
6 943.178181715 49.5909694756 7.23084880992 
7 911.414885574 76.8907151822 11.6943992439 
8 864.759125332 116.699789471 18.541085197 
9 799.449222632 171.777836453 28.7729409158 
10 713.899164335 242.58087758 43.519958085 
11 611.005307984 325.196016282 63.7986757346 
12 499.078285733 410.758524451 90.163189816 
13 389.627414166 487.951581892 122.421003942 
14 292.868218913 547.515400135 159.616380952 
15 214.310257015 585.382381729 200.307361256 
16 154.491034831 602.557381751 242.951583418 
17 110.856031749 602.946715202 286.197253049 
18 79.811064011 591.180224978 329.008711011 
19 57.9707728133 571.361674211 370.667552976 
20 42.6306351385 546.65312068 410.716244181 
21 31.8040967103 519.305717779 448.890185511 
22 24.095166924 490.846048129 485.058784947 
23 18.5439061125 462.275223914 519.180869974 
24 14.4956411079 434.231293219 551.273065673 
25 11.5043769386 407.10728027 581.388342791 
26 9.26463998364 381.133748963 609.601611053 
27 7.56558298867 356.434230475 636.000186537 
28 6.26026127373 333.062197791 660.677540935 
29 5.24517549447 311.025596701 683.729227805 
30 4.44664355262 290.303104463 705.250251985 
31 3.81149237788 270.855144355 725.333363268 
32 3.30104992571 252.630888342 744.068061732 
33 2.88680734488 235.573241502 761.539951153 
34 2.5475392412 219.622039247 777.830421512 
35 2.26728458863 204.716200789 793.016514623 
36 2.03391990628 190.795170747 807.170909347 
37 1.838104215 177.79990649 820.361989295 
38 1.67263617987 165.673372729 832.653991092 
39 1.53189256648 154.360956066 844.107151367 
40 1.41144184001 143.810671953 854.777886207 
41 1.30776079925 133.973249701 864.7189895 
42 1.21804419654 124.802142324 873.979813479 
43 1.14002231128 116.253473931 882.606503758 
44 1.07185869906 108.285990903 890.642150398 
45 1.01201039762 100.861051443 898.126938159 
46 0.959242061637 93.9422681976 905.098489741 
47 0.912601749013 87.4957634976 911.591634753 
48 0.871211620626 81.4896645013 917.639123878 
49 0.834349756153 75.8942137427 923.271436501 
50 0.801422111415 70.6816139855 928.516963903 
51 0.771926487377 65.8258960291 933.402177484 
52 0.745436345721 61.3028272083 937.951736446 
53 0.721583482859 57.089748716 942.188667801 
54 0.700058296493 53.1655640303 946.134377673 
55 0.680590385987 49.5105568918 949.808852722 
56 0.662949418279 46.1063598843 953.230690697 
57 0.64693348875 42.9358349664 956.417231545 
58 0.632369875411 39.983028196 959.384601929 
59 0.619103939946 37.2330159819 962.147880078 
60 0.606995780152 34.6718604114 964.721143808 
61 0.595933912683 32.2866775702 967.117388517 
62 0.585815861757 30.0654188746 969.348765264 
63 0.576547947858 27.9968250175 971.426627035 
64 0.568049467891 26.0704283491 973.361522183 
65 0.560248478259 24.27647336 975.163278162 
66 0.553080671013 22.6058712107 976.841048118 
67 0.546488622669 21.0501540209 978.403357356 
68 0.540420883875 19.601431201 979.858147915 
69 0.534831357963 18.2523548724 981.21281377 
70 0.529678555855 16.9960797897 982.474241654 
71 0.524925150141 15.8262308525 983.648843997 
72 0.520537197454 14.7368638714 984.742598931 
73 0.516484320845 13.7224511078 985.761064571 
74 0.512738758379 12.7778365487 986.709424693 
75 0.509275490264 11.8982242874 987.592500222 
76 0.506071644654 11.0791424086 988.414785947 
77 0.503106489468 10.3164298375 989.180463673 
78 0.500361081887 9.60620877893 989.893430139 
79 0.497818146521 8.94486884826 990.557313005 
80 0.495461912349 8.3290482745 991.175489813 
81 0.493277906705 7.75561398857 991.751108105 
82 0.49125293695 7.22165183961 992.287095223 
83 0.489374841165 6.7244438312 992.786181328 
84 0.487632510424 6.26146246728 993.250905022 
85 0.486015712748 5.83035170548 993.683632582 
86 0.484515029152 5.4289173287 994.086567642 
87 0.4831218298 5.05511829255 994.461759878 
88 0.481828185813 4.70705480748 994.811117007 
89 0.480626719577 4.3829534326 995.136419848 
90 0.479510683032 4.08116578818 995.439323529 
91 0.478473822867 3.80015546336 995.721370714 
92 0.477510371526 3.53849215395 995.983997475 
93 0.476615005739 3.2948442435 996.228540751 
94 0.475782799438 3.06797139763 996.456245803 
95 0.475009204861 2.85671925736 996.668271538 
96 0.474290008571 2.66001229432 996.865697697 
97 0.473621313675 2.47684916137 997.049529525 
98 0.47299951183 2.30629742304 997.220703065 
99 0.472421259453 2.14748878823 997.380089952 
100 0.471883460805 1.99961492906 997.52850161 
