Time S I R
0.0  10000 1 0
1 9998.2643252 1.58241353961 1.1532612555 
2 9995.51879956 2.50327822093 2.97792222073 
3 9991.1781233 3.95814249192 5.86373420664 
4 9984.32113978 6.25384143944 10.4250187841 
5 9973.50317596 9.86929181749 17.6275322186 
6 9956.4709551 15.545747744 28.9832971523 
7 9929.74074988 24.4150992554 46.8441508608 
8 9888.00104976 38.1683675039 74.8305827405 
9 9823.33191873 59.2427340155 118.42534725 
10 9724.33890729 90.9435079798 185.717584729 
11 9575.55637768 137.288934095 288.154688223 
12 9357.94933576 202.170108392 440.88055585 
13 9051.90450924 287.299477756 661.796013 
14 8644.02213182 388.851669689 968.126198487 
15 8136.88339634 494.296583912 1369.82001975 
16 7556.47253119 583.041738212 1861.4857306 
17 6949.43100824 633.692671094 2417.87632066 
18 6368.34541539 634.633926503 2998.02065811 
19 5854.23127977 589.500421313 3557.26829892 
20 5427.55224655 513.395236344 4060.0525171 
21 5090.10916875 424.374816625 4486.51601463 
22 4832.26868222 336.845079679 4831.8862381 
23 4639.87065756 259.305095389 5101.82424705 
24 4498.59092489 195.140771372 5307.26830374 
25 4395.9611411 144.442865337 5460.59599357 
26 4321.94813054 105.643095939 5573.40877352 
27 4268.83498802 76.6025575115 5655.56245447 
28 4230.84812116 55.2031803584 5714.94869849 
29 4203.74258887 39.6067795806 5757.65063155 
30 4184.432506 28.3275726167 5788.23992138 
31 4170.6913566 20.2151450004 5810.0934984 
32 4160.9208338 14.4029975731 5825.67616862 
33 4153.97735707 10.2503194867 5836.77232345 
34 4149.0448679 7.28907940188 5844.6660527 
35 4145.54188427 5.18035451236 5850.27776122 
36 4143.0546155 3.680189562 5854.26519494 
37 4141.28878969 2.61370073208 5857.09750958 
38 4140.03526281 1.8558878503 5859.10884934 
39 4139.14548102 1.31760522462 5860.53691375 
40 4138.51392014 0.935349711467 5861.55073015 
41 4138.06565843 0.66394309755 5862.27039847 
42 4137.74750442 0.47126479329 5862.78123079 
43 4137.52169832 0.334489805488 5863.14381187 
44 4137.36143782 0.237404997583 5863.40115719 
45 4137.24769721 0.168495603154 5863.58380719 
46 4137.1669735 0.119586346098 5863.71344015 
47 4137.10968274 0.0848732158657 5863.80544404 
48 4137.06902271 0.0602360644388 5863.87074123 
49 4137.04016591 0.0427504625397 5863.91708362 
50 4137.01968594 0.0303405460141 5863.94997352 
51 4137.00515111 0.0215330188152 5863.97331587 
52 4136.99483564 0.015282199822 5863.98988216 
53 4136.98751465 0.0108459141114 5864.00163943 
54 4136.9823189 0.00769743609609 5864.00998367 
55 4136.97863138 0.00546290266946 5864.01590571 
56 4136.97601449 0.00387713218098 5864.02010838 
57 4136.97415721 0.00275166968449 5864.02309112 
58 4136.97283903 0.00195288365608 5864.02520809 
59 4136.97190352 0.00138598504528 5864.0267105 
60 4136.9712396 0.000983668153985 5864.02777673 
61 4136.97076837 0.000698111574501 5864.02853352 
62 4136.97043391 0.000495438711959 5864.02907065 
63 4136.97019657 0.000351613042838 5864.02945182 
64 4136.97002811 0.00024953573177 5864.02972235 
65 4136.96990856 0.000177091309971 5864.02991434 
66 4136.96982374 0.000125688989871 5864.03005057 
67 4136.96976351 8.91932816818e-05 5864.03014729 
68 4136.9697207 6.32481021809e-05 5864.03021605 
69 4136.96969038 4.48760551768e-05 5864.03026474 
70 4136.96966893 3.18788384404e-05 5864.03029919 
