Time S I R
0  997 3 0
1 996.560057349 3.23261703245 0.207325619013 
2 996.086233586 3.48304608832 0.430720325679 
3 995.575973292 3.75261400106 0.671412706467 
4 995.026535843 4.04274105326 0.930723103938 
5 994.434981879 4.35494733153 1.21007078969 
6 993.79816551 4.69085609578 1.51097839392 
7 993.112717898 5.0522013723 1.83508072942 
8 992.375033418 5.44083402637 2.18413255562 
9 991.581261507 5.85872533163 2.56001316151 
10 990.727284393 6.30797637436 2.96473923247 
11 989.808701966 6.7908245712 3.40047346253 
12 988.82082446 7.30964578043 3.86952975929 
13 987.758651407 7.86696305263 4.37438554044 
14 986.616857783 8.46545101113 4.91769120575 
15 985.389778283 9.10794140934 5.50228030748 
16 984.07139187 9.79742770745 6.13118042255 
17 982.65530781 10.5370683683 6.80762382191 
18 981.134751184 11.3301902941 7.5350585215 
19 979.502551878 12.1802881103 8.31716001134 
20 977.751127928 13.0910306187 9.15784145347 
21 975.872478388 14.0662561515 10.0612654602 
22 973.85818183 15.1099615511 11.0318566188 
23 971.699373025 16.2263158617 12.0743111132 
24 969.386764026 17.4196296719 13.1936063024 
25 966.91063056 18.694357276 14.3950121639 
26 964.260808043 20.0550909033 15.6841010542 
27 961.42674208 21.5065081241 17.066749796 
28 958.39745114 23.0533932461 18.5491556137 
29 955.161585835 24.7005808453 20.1378333196 
30 951.70746903 26.452914475 21.8396164947 
31 948.023070519 28.3152565339 23.661672947 
32 944.096139059 30.2923802692 25.6114806714 
33 939.914215596 32.388949429 27.6968349753 
34 935.464712112 34.6094536224 29.9258342657 
35 930.734973721 36.9581530422 32.3068732364 
36 925.71239054 39.4389913942 34.8486180662 
37 920.384506898 42.0555105456 37.5599825568 
38 914.739114532 44.8107789525 40.4501065158 
39 908.764425568 47.7072695883 43.5283048437 
40 902.449159072 50.7467918364 46.8040490919 
41 895.782765233 53.9303465885 50.2868881781 
42 888.755517217 57.2580539578 53.986428825 
43 881.358762109 60.7290071282 57.9122307626 
44 873.585036221 64.3411848028 62.073778976 
45 865.42830297 68.091331417 66.4803656131 
46 856.884123182 71.9748461459 71.1410306724 
47 847.949828718 75.9857063294 76.0644649525 
48 838.624727814 80.1163734187 81.2588987676 
49 828.91029516 84.3577051913 86.731999649 
50 818.810230786 88.6989723903 92.4907968233 
51 808.330715 93.1277544356 98.5415305644 
52 797.48041545 97.6300119523 104.889572597 
53 786.270622613 102.190077559 111.539299828 
54 774.715277477 106.790729204 118.493993319 
55 762.830938128 111.413314487 125.755747385 
56 750.636806433 116.037839778 133.325353789 
57 738.154559259 120.643185804 141.202254937 
58 725.408286095 125.207277764 149.384436141 
59 712.424275994 129.707324338 157.868399669 
60 699.230801883 134.120085112 166.649113005 
61 685.85787891 138.422138106 175.719982984 
62 672.336965753 142.590155869 185.072878378 
63 658.700611323 146.601293763 194.698094914 
64 644.982174256 150.433383265 204.584442479 
65 631.215449902 154.065243011 214.719307087 
66 617.434202352 157.477108692 225.088688956 
67 603.672016665 160.650659732 235.677323603 
68 589.961812566 163.569395269 246.468792165 
69 576.335433973 166.218917823 257.445648204 
70 562.823636936 168.586828711 268.589534352 
71 549.455548355 170.66308535 279.881366295 
72 536.258465663 172.44005321 291.301481127 
73 523.257889733 173.912372207 302.82973806 
74 510.477093089 175.07713921 314.445767701 
75 497.937125883 175.933794535 326.129079582 
76 485.656821037 176.484000069 337.859178894 
77 473.652625279 176.731562914 349.615811807 
78 461.938672523 176.682313864 361.379013613 
79 450.526826388 176.343917778 373.129255833 
80 439.426743055 175.725637792 384.847619153 
81 428.645907305 174.838279911 396.515812783 
82 418.189805749 173.693879244 408.116315008 
83 408.062069902 172.305467751 419.632462347 
84 398.264485316 170.687051046 431.048463638 
85 388.797283571 168.853224898 442.349491531 
86 379.659251528 166.81903582 453.521712652 
87 370.847771497 164.59992747 464.552301034 
88 362.359137822 162.211401346 475.429460833 
89 354.188601947 159.66896472 486.142433333 
90 346.330484267 156.988023559 496.681492174 
91 338.778411595 154.183674405 507.037914001 
92 331.525342611 151.270674585 517.203982804 
93 324.563712315 148.263337878 527.172949807 
94 317.885573204 145.175440988 536.938985807 
95 311.482632791 142.020186002 546.497181207 
96 305.346375099 138.810149906 555.843474995 
97 299.468139477 135.557250962 564.974609561 
98 293.839170374 132.272711703 573.888117923 
99 288.450686749 128.967064782 582.582248469 
100 283.293938122 125.65013327 591.055928609 
