Time S I R
0  997 3 0
1 994.752264532 5.01612063926 0.231614828377 
2 991.008432968 8.37300985672 0.618557175577 
3 984.799217638 13.9372397467 1.26354261516 
4 974.57351142 23.0918295885 2.33465899193 
5 957.927188969 37.9702188676 4.10259216364 
6 931.332878995 61.6752984842 6.99182252027 
7 890.092616558 98.2678342272 11.6395492146 
8 828.998673031 152.064882531 18.936444438 
9 744.338090514 225.671066658 29.9908428276 
10 637.205005747 316.856806046 45.9381882065 
11 516.057744953 416.364536928 67.5777181184 
12 395.076812612 509.932058839 94.9911285494 
13 288.028776101 584.550661219 127.42056268 
14 202.606760716 633.872182716 163.521056568 
15 139.535176338 658.672060856 201.792762805 
16 95.3007746902 663.779982674 240.919242636 
17 65.1766877858 654.915511121 279.907801093 
18 44.9287776064 636.986948941 318.084273453 
19 31.3457383307 613.627307506 355.026954163 
20 22.185999827 587.320547349 390.493452824 
21 15.9494704254 559.689345445 424.36118413 
22 11.6512468932 531.764041883 456.584711224 
23 8.64855967528 504.184351813 487.167088511 
24 6.52110039224 477.337755603 516.141144004 
25 4.99221280345 451.450312127 543.55747507 
26 3.87795897097 426.645290253 569.476750776 
27 3.05470682082 402.980452031 593.964841149 
28 2.43840177461 380.471888161 617.089710064 
29 1.9712042365 359.109358509 638.919437254 
30 1.61268306588 338.866357414 659.52095952 
31 1.33440735469 319.70624562 678.959347025 
32 1.11605243457 301.586635961 697.297311604 
33 0.942935637969 284.462104663 714.594959699 
34 0.804346696811 268.285977628 730.909675675 
35 0.692388523143 253.011530505 746.296080972 
36 0.601107781482 238.592845347 760.806046872 
37 0.52607603253 224.985144293 774.488779674 
38 0.463928410342 212.145186012 787.390885578 
39 0.412071502719 200.031464913 799.556463584 
40 0.368493981451 188.604293267 811.027212752 
41 0.331635224126 177.825817372 821.842547404 
42 0.300269041297 167.660030772 832.039700187 
43 0.27343676241 158.072712564 841.653850674 
44 0.250337900831 149.031483632 850.718178467 
45 0.230317765283 140.50566448 859.264017754 
46 0.212889774071 132.46612189 867.320988336 
47 0.197692590601 124.885471622 874.916835788 
48 0.184364092117 117.737664517 882.07797139 
49 0.172624206426 110.998170324 888.829205469 
50 0.162237111195 104.643763469 895.19399942 
51 0.153020853622 98.6526010183 901.194378128 
52 0.144810117016 93.0039644696 906.851225413 
53 0.137475777052 87.6783845634 912.18413966 
54 0.130900729461 82.6574069169 917.211692354 
55 0.124991836682 77.9237008996 921.951307264 
56 0.119664681216 73.4608302522 926.419505067 
57 0.114851968132 69.2533792105 930.631768821 
58 0.110492825191 65.2867337483 934.602773427 
59 0.106535248525 61.547149086 938.346315666 
60 0.102935832354 58.0216719026 941.875392265 
61 0.0996558403183 54.6980532972 945.202290862 
62 0.0966563111032 51.5646768901 948.338666799 
63 0.0939098006727 48.6106916457 951.295398554 
64 0.0913932243603 45.8258794251 954.082727351 
65 0.0890832994163 43.2005555637 956.710361137 
66 0.0869587877745 40.7255763467 959.187464866 
67 0.0850022785776 38.3923432402 961.522654481 
68 0.0831982066205 36.1927446912 963.724057102 
69 0.0815326071702 34.1191334388 965.799333954 
70 0.0799929641635 32.1642971111 967.755709925 
71 0.078568185783 30.3214373367 969.599994478 
72 0.0772482679661 28.5841410308 971.338610701 
73 0.0760242963696 26.9463655247 972.977610179 
74 0.0748882145454 25.4024116779 974.522700108 
75 0.0738328212577 23.9469098467 975.979257332 
76 0.0728515263315 22.5747919858 977.352356488 
77 0.0719383660611 21.2812803301 978.646781304 
78 0.0710880374384 20.0618774043 979.867034558 
79 0.0702956195313 18.9123348119 981.017369569 
80 0.0695566997958 17.8286534695 982.101789831 
81 0.0688672438705 16.8070614987 983.124071257 
82 0.0682235348488 15.8439993641 984.087777101 
83 0.0676222325658 14.9361179483 984.996259819 
84 0.0670602357033 14.0802540543 985.85268571 
85 0.0665347149741 13.2734278558 986.660037429 
86 0.066043086249 12.5128319327 987.421124981 
87 0.065582948364 11.7958152937 988.138601758 
88 0.0651521159004 11.1198832763 988.814964608 
89 0.0647485648796 10.4826818128 989.452569622 
90 0.0643704213737 9.88199033706 990.053639242 
91 0.0640159699077 9.31571883963 990.62026519 
92 0.0636836161964 8.78189464973 991.154421734 
93 0.0633718830026 8.2786577818 991.657970335 
94 0.0630794014662 7.80425537606 992.132665222 
95 0.0628049186066 7.35703753443 992.580157547 
96 0.0625472666687 6.93544783559 993.002004898 
97 0.0623053436734 6.53801568416 993.399678972 
98 0.0620781422756 6.16335764063 993.774564217 
99 0.0618647223517 5.81016894227 994.127966335 
100 0.0616642033078 5.47721867562 994.461117121 
