Time S I R
0  997 3 0
1 993.728603338 6.08356066301 0.187835999263 
2 987.139366703 12.2925741614 0.568059135559 
3 974.004901358 24.661500567 1.33359807509 
4 948.358994539 48.7824175605 2.85858790074 
5 900.242949236 93.9226677472 5.83438301707 
6 816.367618144 172.208590051 11.4237918049 
7 687.275363882 291.463395351 21.2612407667 
8 522.112451169 440.918110605 36.9694382258 
9 353.988195703 586.832064796 59.1797395005 
10 217.740712584 695.306341459 86.952945957 
11 125.685363555 755.955801733 118.358834712 
12 70.3826660883 778.120096556 151.497237355 
13 39.1519601258 775.831318441 185.016721434 
14 21.9406045791 759.945414934 218.113980487 
15 12.4796997638 737.159417779 250.360882457 
16 7.23130356998 711.219562742 281.549133688 
17 4.27502096354 684.134252372 311.590726664 
18 2.57959917664 656.958903292 340.461497531 
19 1.58855103791 630.240790839 368.170658123 
20 0.997861733617 604.25757988 394.744558386 
21 0.638998774801 579.142910359 420.218090866 
22 0.416868661075 554.953067719 444.63006362 
23 0.276873314134 531.702411902 468.020714784 
24 0.187061986346 509.382579099 490.430358915 
25 0.128485082069 487.972852307 511.898662611 
26 0.0896556625037 467.446101064 532.464243274 
27 0.0635282392966 447.771996309 552.164475452 
28 0.0456388213292 428.918972005 571.035389174 
29 0.033249192889 410.855095869 589.111654938 
30 0.0245621624374 393.548866095 606.426571743 
31 0.0183754716022 376.969528619 623.012095909 
32 0.0139174014289 361.08724159 638.898841009 
33 0.0106725483319 345.873165479 654.116161972 
34 0.00828479372467 331.29947711 668.692238097 
35 0.00649013472025 317.339337911 682.654171954 
36 0.00513791165076 303.967152758 696.02770933 
37 0.00410489038995 291.158121743 708.837773367 
38 0.0033060603148 278.888552275 721.108141664 
39 0.00268169568005 267.135824459 732.861493845 
40 0.00219758484093 255.878291922 744.119510493 
41 0.00181644332633 245.095054357 754.9031292 
42 0.00152154086538 234.76626288 765.232215579 
43 0.00128392717647 224.872695632 775.12602044 
44 0.00108893292986 215.396038324 784.602872743 
45 0.00092838195576 206.318715656 793.680355962 
46 0.000796953950157 197.623919572 802.375283474 
47 0.000688456896 189.295519907 810.703791636 
48 0.000599476987418 181.318084575 818.681315948 
49 0.000526422474422 173.676803231 826.322670347 
50 0.000465921066279 166.357544797 833.641989282 
51 0.000413651970121 159.346776934 840.652809414 
52 0.000371349350644 152.631511068 847.368117582 
53 0.000336471037599 146.199271576 853.800391953 
54 0.000302791634908 140.038052934 859.961644274 
55 0.000269495630619 134.136427549 865.863302956 
56 0.000239763779632 128.483499658 871.516260578 
57 0.000216429363149 123.068817022 876.930966549 
58 0.000198314579507 117.882337988 882.117463698 
59 0.000183315056347 112.914435479 887.085381206 
60 0.000169208186321 108.155884724 891.843946068 
61 0.000156380610406 103.597872771 896.401970848 
62 0.000144753837276 99.2319483489 900.767906897 
63 0.000134255008788 95.0500140979 904.949851647 
64 0.000124724381521 91.0443201717 908.955555104 
65 0.000116387392382 87.2074373263 912.792446286 
66 0.000109278427203 83.5322512156 916.467639506 
67 0.000103026688294 80.0119500026 919.987946971 
68 9.72640194732e-05 76.6400034544 923.359899282 
69 9.18757319823e-05 73.4101601833 926.589747941 
70 8.6958277393e-05 70.3164334924 929.683479549 
71 8.25200756935e-05 67.3530847525 932.646832727 
72 7.83826890256e-05 64.5146269774 935.48529464 
73 7.4466052979e-05 61.7957985266 938.204127007 
74 7.07787824012e-05 59.1915539186 940.808375303 
75 6.74417335631e-05 56.6970552188 943.302877339 
76 6.46161249733e-05 54.3076659842 945.6922694 
77 6.17697838834e-05 52.018961283 947.980976947 
78 5.8759663375e-05 49.8266988487 950.173242392 
79 5.57099172056e-05 47.7268183363 952.273125954 
80 5.30470958893e-05 45.7154384952 954.284508458 
81 5.13269667408e-05 43.7888453427 956.21110333 
82 5.00685496263e-05 41.9434547779 958.056495154 
83 4.90642640898e-05 40.1758400703 959.824110865 
84 4.80101829226e-05 38.482715878 961.517236112 
85 4.66494178681e-05 36.8609359054 963.139017445 
86 4.51981999277e-05 35.3074982087 964.692456593 
87 4.3735947429e-05 33.819524034 966.18043223 
88 4.24764143645e-05 32.3942597585 967.605697765 
89 4.14931480464e-05 31.0290644039 968.970894103 
90 4.06346759974e-05 29.7214027379 970.278556627 
91 3.986405261e-05 28.4688504567 971.531109679 
92 3.90863688153e-05 27.269085346 972.730875568 
93 3.83092935863e-05 26.119882756 973.880078935 
94 3.75708492584e-05 25.019111488 974.980850941 
95 3.68715083141e-05 23.9647298808 976.035233248 
96 3.62201310509e-05 22.9547820739 977.045181706 
97 3.56060279501e-05 21.9873954107 978.012568983 
98 3.50238962028e-05 21.0607765134 978.939188463 
99 3.44760369444e-05 20.1732082535 979.82675727 
100 3.39666446507e-05 19.3230464035 980.67691963 
