Time S I R
0  997 3 0
1 995.788833696 3.93151179044 0.279654513564 
2 994.204215819 5.14973229927 0.646051882001 
3 992.133058876 6.74111210119 1.12582902298 
4 989.42952952 8.81686816418 1.75360231621 
5 985.906548818 11.5192156412 2.57423554046 
6 981.325930472 15.0284414412 3.64562808688 
7 975.387322261 19.5705582368 5.04211950195 
8 967.716844107 25.4246513741 6.85850451912 
9 957.857059107 32.928354204 9.21458668926 
10 945.261217859 42.4787756898 12.2600064509 
11 929.29634491 54.5248177042 16.1788373857 
12 909.261750382 69.545235111 21.1930145069 
13 884.430836563 88.0059706137 27.5631928235 
14 854.123877244 110.291039162 35.5850835934 
15 817.814996325 136.605928234 45.5790754412 
16 775.266867483 166.862030695 57.8711018214 
17 726.670386698 200.565494428 72.7641188736 
18 672.749651549 236.748369345 90.5019791062 
19 614.785169951 273.983960706 111.230869343 
20 554.520687235 310.512904776 134.966407989 
21 493.955936545 344.468794599 161.575268855 
22 435.074130455 374.148430374 190.777439171 
23 379.580745268 398.249663794 222.169590938 
24 328.72384519 416.012003092 255.264151718 
25 283.229092725 427.236055661 289.534851614 
26 243.338045321 432.202462914 324.459491765 
27 208.911477808 431.534941162 359.55358103 
28 179.554799875 426.053039674 394.392160451 
29 154.733399801 416.64622172 428.620378479 
30 133.862097327 404.182677709 461.955224964 
31 116.365526858 389.453161142 494.181312 
32 101.713288077 373.143421176 525.143290747 
33 89.4363649657 355.826769341 554.736865693 
34 79.1317894865 337.968315977 582.899894536 
35 70.4598689059 319.936177591 609.603953503 
36 63.1379535498 302.015032889 634.847013561 
37 56.9328239172 284.419930514 658.647245569 
38 51.6530284519 267.309089836 681.037881712 
39 47.1418447598 250.795084819 702.063070421 
40 43.2710021747 234.954406536 721.774591289 
41 39.9355740545 219.835200692 740.229225253 
42 37.0495301872 205.463732618 757.486737195 
43 34.5421804236 191.849508077 773.608311499 
44 32.3552819624 178.989353219 788.655364818 
45 30.4406795212 166.87066489 802.688655589 
46 28.7584172945 155.473961122 815.767621584 
47 27.2752211333 144.774868848 827.949910019 
48 25.9632745547 134.745678296 839.291047149 
49 24.7992253168 125.356561181 849.844213502 
50 23.7633965661 116.576487435 859.660115999 
51 22.8391397317 108.373942307 868.786917961 
52 22.0123141517 100.717462498 877.270223351 
53 21.270862684 93.576039042 885.153098274 
54 20.6044653931 86.919414057 892.47612055 
55 20.0042562372 80.7182944076 899.277449355 
56 19.4625893575 74.9445009355 905.592909707 
57 18.9728455335 69.571068266 911.4560862 
58 18.5292926412 64.5722744581 916.898432901 
59 18.126920016 59.9237203779 921.949359606 
60 17.7613630455 55.6022831351 926.636353819 
61 17.428783727 51.5861430506 930.985073222 
62 17.1258169453 47.8547238421 935.019459213 
63 16.8494890015 44.3886801066 938.761830892 
64 16.5971748821 41.1698383552 942.232986763 
65 16.3665454987 38.1811599463 945.452294555 
66 16.1555318811 35.4066844413 948.437783678 
67 15.9622908199 32.8314789991 951.206230181 
68 15.7851763156 30.4415862255 953.773237459 
69 15.6227154341 28.2239706561 956.15331391 
70 15.4735846618 26.1664705944 958.359944744 
71 15.3366014236 24.2577359022 960.405662674 
72 15.2107001641 22.4871918626 962.302107973 
73 15.0949149046 20.8449915224 964.060093573 
74 14.9883742645 19.3219577869 965.689667949 
75 14.8902938823 17.9095606617 967.200145456 
76 14.799956418 16.5998540459 968.600189536 
77 14.7167161389 15.3854550882 969.897828773 
78 14.6399853223 14.2594971661 971.100517512 
79 14.5692266625 13.2155944321 972.215178905 
80 14.5039554046 12.2478223105 973.248222285 
81 14.4437247459 11.3506661996 974.205609055 
82 14.3881302537 10.5190136573 975.092856089 
83 14.336800638 9.74811163188 975.91508773 
84 14.2893961658 9.0335477149 976.677056119 
85 14.2456070836 8.37123012692 977.383162789 
86 14.2051482355 7.75735489049 978.037496874 
87 14.1677576925 7.18839283565 978.643849472 
88 14.1331962889 6.66107332593 979.205730385 
89 14.1012474744 6.17236931578 979.72638321 
90 14.0717090051 5.71946334576 980.208827649 
91 14.0443929778 5.29973594771 980.655871075 
92 14.0191278697 4.91076146826 981.070110662 
93 13.9957576304 4.55029603893 981.453946331 
94 13.9741383278 4.21625818216 981.80960349 
95 13.9541360833 3.90671381528 982.139150101 
96 13.935627826 3.61987070709 982.444501467 
97 13.9185004335 3.35406748621 982.72743208 
98 13.9026495239 3.107763416 982.98958706 
99 13.8879787357 2.8795305705 983.232490694 
100 13.8743992405 2.6680460601 983.457554699 
