Time S I R
0  997 3 0
1 995.620929863 4.04069514607 0.338374991412 
2 993.767070461 5.43894382243 0.793985716686 
3 991.2782045 7.31479926855 1.40699623137 
4 987.942689176 9.82635555586 2.23095526846 
5 983.482983714 13.1800406135 3.33697567227 
6 977.538872961 17.6421698409 4.81895719849 
7 969.649286624 23.5507493645 6.7999640114 
8 959.235243368 31.3250920691 9.43966456329 
9 945.588772916 41.4688012438 12.9424258401 
10 927.875910121 54.5589867303 17.5651031485 
11 905.166139002 71.2111653953 23.6226956031 
12 876.503145894 92.0078879104 31.4889661957 
13 841.031325568 117.380758779 41.5879156528 
14 798.18069522 147.44769435 54.3716104304 
15 747.889400293 181.829669735 70.2809299725 
16 690.806517371 219.503763076 89.6897195538 
17 628.390192691 258.77020465 112.83960266 
18 562.81828816 297.401625613 139.780086228 
19 496.696330624 332.971533211 170.332136165 
20 432.633395611 363.277380613 204.089223776 
21 372.829051435 386.713040343 240.457908222 
22 318.803384896 402.469498895 278.727116209 
23 271.326794807 410.52672358 318.146481613 
24 230.514601787 411.489675464 357.995722749 
25 196.010251787 406.355741261 397.634006952 
26 167.179412387 396.293638086 436.526949526 
27 143.270502288 382.474847235 474.254650477 
28 123.52455458 365.969202401 510.50624302 
29 107.23916543 347.693547722 545.067286848 
30 93.7982177666 328.397752034 577.804030199 
31 82.679790361 308.67269407 608.647515569 
32 73.4515472579 288.969401101 637.579051641 
33 65.7604894182 269.621698361 664.61781222 
34 59.321116379 250.868467884 689.810415737 
35 53.9034095381 232.873701662 713.222888799 
36 49.3225360773 215.743263991 734.934199932 
37 45.4299459507 199.538720754 755.031333295 
38 42.1060552518 184.288403926 773.605540822 
39 39.2543359276 169.996095268 790.749568805 
40 36.7965968698 156.647783595 806.555619535 
41 34.6692444098 144.216863737 821.113891853 
42 32.8203289132 132.668107997 834.51156309 
43 31.2072155885 121.960677577 846.832106834 
44 29.7947470832 112.050388243 858.154864674 
45 28.5537912354 102.891400871 868.554807894 
46 27.460090875 94.4374690163 878.102440109 
47 26.4933373576 86.6428633084 886.863799334 
48 25.636505539 79.4629242282 894.900570233 
49 24.8751843942 72.8546508265 902.270164779 
50 24.1971560644 66.7769198589 909.025924077 
51 23.5920123968 61.1906778817 915.217309721 
52 23.0508502807 56.0590413252 920.890108394 
53 22.5660233709 51.3473375215 926.086639108 
54 22.130936619 47.0230918267 930.845971554 
55 21.7398805909 43.055984864 935.204134545 
56 21.3879086151 39.4177616038 939.194329781 
57 21.070695605 36.0821924013 942.847111994 
58 20.7844704993 33.0249364665 946.190593034 
59 20.5259198017 30.2234660317 949.250614167 
60 20.2921332196 27.6569468192 952.050919961 
61 20.0805428625 25.306141054 954.613316084 
62 19.8888783473 23.1533031123 956.95781854 
63 19.7151289247 21.1820789529 959.102792122 
64 19.5575067991 19.3774105834 961.065082617 
65 19.4144225051 17.7254409721 962.860136523 
66 19.2844565661 16.2134297724 964.502113662 
67 19.1663415669 14.8296678164 966.003990617 
68 19.0589412823 13.5634007408 967.377657977 
69 18.961242255 12.4047527192 968.634005026 
70 18.8723289271 11.3446623478 969.783008725 
71 18.7913805451 10.3748168476 970.833802607 
72 18.7176577567 9.48759210564 971.794750138 
73 18.6504931964 8.67599826287 972.673508541 
74 18.5892865643 7.93362913157 973.477084304 
75 18.5334931725 7.25461306423 974.211893763 
76 18.4826224403 6.6335722882 974.883805272 
77 18.4362290981 6.0655794051 975.498191497 
78 18.3939104552 5.54612301599 976.059966529 
79 18.3553014515 5.07107188925 976.573626659 
80 18.3200705205 4.6366429974 977.043286482 
81 18.2879173559 4.23937469608 977.472707948 
82 18.2585685079 3.87609678603 977.865334706 
83 18.2317760723 3.5439095927 978.224314335 
84 18.2073142859 3.24015828571 978.552527428 
85 18.1849779578 2.96241428364 978.852607759 
86 18.1645804025 2.70845557537 979.126964022 
87 18.1459515023 2.47624856983 979.377799928 
88 18.1289365822 2.26393396475 979.607129453 
89 18.1133944918 2.06980969192 979.816795816 
90 18.0991968138 1.89231992163 980.008483265 
91 18.086226376 1.73004083386 980.18373279 
92 18.0743763955 1.58167044697 980.343953158 
93 18.0635495246 1.44601812767 980.490432348 
94 18.0536568929 1.32199445987 980.624348647 
95 18.0446175279 1.20860384845 980.746778624 
96 18.0363574466 1.10493508768 980.858707466 
97 18.0288092105 1.01015550607 980.961035283 
98 18.0219112222 0.923503302852 981.054585475 
99 18.0156072631 0.844281967209 981.14011077 
100 18.0098460269 0.771854761076 981.218299212 
