Time S I R
0  997 3 0
1 994.461905724 5.19254759795 0.345546678455 
2 990.088811468 8.96819657701 0.942991955484 
3 982.594986445 15.4320646556 1.97294889923 
4 969.87248313 26.387855915 3.73966095468 
5 948.610597857 44.6448241617 6.74457798124 
6 913.994666116 74.2213881079 11.7839457763 
7 859.961784787 119.993510067 20.0447051457 
8 780.906522595 185.976117321 33.1173600845 
9 675.479654599 271.74197891 52.7783664912 
10 550.82909198 368.737889939 80.4330180802 
11 422.46448338 461.135034954 116.400481665 
12 307.253201917 533.178675543 159.56812254 
13 215.328438782 576.909869654 207.761691565 
14 148.071413487 593.402613124 258.525973389 
15 101.475976177 588.772432049 309.751591774 
16 70.0886509634 569.993181486 359.91816755 
17 49.1372338249 542.800325323 408.062440852 
18 35.1061949577 511.249852288 453.643952754 
19 25.6082448766 477.982893017 496.408862106 
20 19.0822660083 444.632476529 536.285257463 
21 14.5214837409 412.166950163 573.311566096 
22 11.2770212413 381.132702173 607.590276586 
23 8.92770286967 351.813443674 639.258853457 
24 7.19701020666 324.331257902 668.471731891 
25 5.90089454753 298.709812705 695.389292748 
26 4.91502193454 274.913786948 720.171191117 
27 4.15411054877 252.873485512 742.972403939 
28 3.55880592137 232.50021306 763.940981019 
29 3.08711939349 213.696043037 783.216837569 
30 2.70896881938 196.359774782 800.931256398 
31 2.40250587711 180.390720936 817.206773187 
32 2.15166240994 165.691007479 832.157330111 
33 1.94440904919 152.167019033 845.888571918 
34 1.77171213366 139.730016483 858.498271384 
35 1.62667801029 128.296566728 870.076755262 
36 1.50399428478 117.788638438 880.707367277 
37 1.3995261549 108.133534962 890.466938883 
38 1.31002717219 99.2637319077 899.42624092 
39 1.23293473764 91.1166465466 907.650418716 
40 1.16615950052 83.6344185498 915.19942195 
41 1.10805891429 76.7635590127 922.128382073 
42 1.05728318043 70.4547252257 928.487991594 
43 1.0127290589 64.6624220362 934.324848905 
44 0.973494146053 59.3447402247 939.681765629 
45 0.938823479852 54.4630907655 944.598085755 
46 0.9080921423 49.9819544758 949.109953382 
47 0.88077722564 45.8686844566 953.250538318 
48 0.85643205396 42.0932144154 957.050353531 
49 0.834683158709 38.6279344286 960.537382413 
50 0.815211059388 35.4474630779 963.737325863 
51 0.797742248629 32.5284762139 966.673781537 
52 0.782041607017 29.8495434692 969.368414924 
53 0.767906109956 27.3909773427 971.841116547 
54 0.755159832682 25.1346931308 974.110147037 
55 0.743650268814 23.0641023303 976.192247401 
56 0.733243820693 21.1639499966 978.102806183 
57 0.723822331897 19.4202056067 979.855972061 
58 0.715283637545 17.8200290923 981.46468727 
59 0.707537194725 16.3516192458 982.940843559 
60 0.700502874249 15.0041389055 984.29535822 
61 0.694109811025 13.7676416626 985.538248526 
62 0.688294941929 12.6329948235 986.678710235 
63 0.683002201744 11.5918187359 987.725179062 
64 0.678181761088 10.6364280974 988.685390141 
65 0.673788669779 9.75975538938 989.566455941 
66 0.669782284648 8.95530014435 990.374917571 
67 0.666126610574 8.21711713414 991.116756255 
68 0.662790075196 7.5397738523 991.797436073 
69 0.659743860129 6.91827001681 992.421986123 
70 0.65696080159 6.34797654441 992.995062654 
71 0.654417366352 5.82467951906 993.520903115 
72 0.652092385808 5.34451609851 994.003391516 
73 0.649966295527 4.90392768247 994.446106022 
74 0.648021565983 4.49965415892 994.852324275 
75 0.646242279444 4.12870331022 995.22505441 
76 0.644613976122 3.78832964099 995.567056383 
77 0.643123522006 3.47601322824 995.88086325 
78 0.641758976288 3.18944182304 996.168799201 
79 0.640509477298 2.9264939233 996.432996599 
80 0.639365133849 2.68522246305 996.675412403 
81 0.638316931586 2.46384044803 996.89784262 
82 0.637356659889 2.26070869797 997.101934642 
83 0.636476829754 2.07432305915 997.289200111 
84 0.635670605358 1.90330294581 997.461026449 
85 0.63493175114 1.74638214274 997.618686106 
86 0.634254566901 1.60239797129 997.763347462 
87 0.633633851575 1.47028449041 997.896081658 
88 0.633064845576 1.34906269201 998.017872462 
89 0.632543203777 1.23783513383 998.129621662 
90 0.632064947077 1.13577749332 998.23215756 
91 0.631626440586 1.04213413223 998.326239427 
92 0.631224353975 0.956210954253 998.412564692 
93 0.630855641193 0.87737141162 998.491772947 
94 0.630517521199 0.805032447226 998.564450032 
95 0.630207438405 0.738657663825 998.631134898 
96 0.629923056985 0.677755477178 998.692321466 
97 0.629662235757 0.621874561214 998.748463203 
98 0.629423014205 0.570600914686 998.799976071 
99 0.629203596243 0.523554660475 998.847241743 
100 0.629002336689 0.480387324996 998.890610338 
