Time S I R
0  997 3 0
1 996.423911307 3.4024803652 0.173608327536 
2 995.770970207 3.85853171864 0.370498074207 
3 995.031080174 4.37515710102 0.593762725035 
4 994.192848366 4.96024856695 0.846903066629 
5 993.243449447 5.62267751904 1.13387303352 
6 992.168453487 6.37240851812 1.45913799468 
7 990.951653047 7.2206123985 1.82773455429 
8 989.574855261 8.17980063407 2.24534410498 
9 988.017677724 9.26395507172 2.71836720461 
10 986.257333182 10.4886619388 3.25400487934 
11 984.268391253 11.8712570014 3.86035174577 
12 982.022538567 13.4309665934 4.54649483979 
13 979.488338659 15.1890412251 5.32262011578 
14 976.630993517 17.1688823899 6.20012409276 
15 973.412122503 19.3961418922 7.19173560482 
16 969.789557113 21.8988042926 8.31163859428 
17 965.717190147 24.7072080719 9.57560178063 
18 961.144880703 27.8540154614 11.0011038353 
19 956.01841591 31.3741251529 12.6074589376 
20 950.279632929 35.304435209 14.4159318622 
21 943.866646763 39.6835165818 16.4498366549 
22 936.714217188 44.5511612326 18.7346215795 
23 928.754441296 49.947650095 21.2979086086 
24 919.917597733 55.9129022875 24.16949998 
25 910.133251997 62.4854056639 27.3813423393 
26 899.331865702 69.700745374 30.9673889242 
27 887.446546101 77.5900417545 34.9634121446 
28 874.4151705 86.1781003532 39.4067291465 
29 860.183041307 95.4811983357 44.3357603575 
30 844.705529983 105.504933837 49.7895361804 
31 827.951063393 116.24186785 55.8070687575 
32 809.904239935 127.669231115 62.4265289497 
33 790.568620972 139.746974214 69.6844048138 
34 769.96948396 152.416003274 77.614512766 
35 748.155757981 165.597345219 86.2468967998 
36 725.201358598 179.191858018 95.6067833842 
37 701.205795845 193.080737954 105.713466201 
38 676.292747672 207.127944499 116.579307829 
39 650.608441032 221.182688066 128.208870902 
40 624.318362191 235.083419074 140.598218735 
41 597.602799528 248.662747282 153.73445319 
42 570.65166375 261.752786666 167.595549584 
43 543.658711846 274.190803387 182.150484767 
44 516.815669152 285.824664951 197.359665897 
45 490.306563088 296.517772107 213.175664804 
46 464.302489107 306.153444119 229.544066774 
47 438.957478049 314.63770589 246.404816061 
48 414.405386549 321.901220358 263.693393093 
49 390.757593524 327.900216287 281.342190189 
50 368.102513472 332.615563288 299.28192324 
51 346.505630985 336.051474588 317.442894427 
52 326.010374713 338.233390533 335.756234754 
53 306.640173883 339.204864162 354.154961956 
54 288.400529602 339.024603591 372.574866807 
55 271.281438909 337.763269558 390.955291533 
56 255.260128546 335.500213275 409.239658178 
57 240.303498881 332.320651681 427.375849438 
58 226.370495144 328.313050869 445.316453987 
59 213.414431151 323.566588958 463.018979891 
60 201.384665709 318.16961717 480.445717121 
61 190.228488817 312.207822174 497.563689009 
62 179.89211267 305.763438704 514.344448626 
63 170.322193947 298.913864577 530.763941477 
64 161.466152934 291.731715564 546.802131503 
65 153.273379417 284.283800645 562.442819938 
66 145.695112095 276.63163598 577.673251925 
67 138.685299373 268.830819751 592.483880876 
68 132.200292571 260.93168814 606.868019289 
69 126.199351765 252.979078199 620.821570035 
70 120.644342885 245.012921485 634.34273563 
71 115.499925434 237.068321802 647.431752763 
72 110.733327846 229.176026191 660.090645964 
73 106.314317566 221.362684208 672.322998226 
74 102.215033939 213.651232882 684.133733179 
75 98.4098465657 206.061202675 695.528950759 
76 94.8752540687 198.609060376 706.515685555 
77 91.5897120704 191.308495298 717.101792632 
78 88.5334366534 184.170714194 727.295849153 
79 85.6883327251 177.20475612 737.106911155 
80 83.0378424002 170.417612493 746.544545106 
81 80.5667964111 163.814620089 755.6185835 
82 78.2613343941 157.399513486 764.33915212 
83 76.1087574253 151.174720608 772.716521966 
84 74.0974427979 145.141499117 780.761058086 
85 72.2167645913 139.300044775 788.483190634 
86 70.4569612102 133.649741037 795.893297753 
87 68.8091228406 128.189132629 803.00174453 
88 67.2650470659 122.916189077 809.818763857 
89 65.8172320281 117.8282827 816.354485272 
90 64.4587808478 112.922344792 822.61887436 
91 63.1833589611 108.194921728 828.621719311 
92 61.9851485929 103.642234456 834.372616951 
93 60.8587841195 99.2602754572 839.880940423 
94 59.7993435229 95.0448019582 845.155854519 
95 58.8022729072 90.9914520275 850.206275065 
96 57.8633890447 87.0957213418 855.040889614 
97 56.9788182396 83.3530516384 859.668130122 
98 56.1449906534 79.7588243514 864.096184995 
99 55.3586026686 76.3084080875 868.332989244 
100 54.6165954421 72.9971797182 872.38622484 
