Time S I R
0  997 3 0
1 993.972264906 5.83862662239 0.18910847205 
2 988.114952931 11.3284575642 0.55658950437 
3 976.881533999 21.8509684228 1.26749757846 
4 955.691543137 41.6774079469 2.63104891577 
5 916.940306355 77.8549643446 5.20472929993 
6 849.927493745 140.149097182 9.92340907263 
7 744.501711197 237.340457204 18.1578315993 
8 600.951311182 367.572535275 31.4761535427 
9 439.389539002 509.664974176 50.9454868221 
10 291.85459546 631.76140767 76.3839968699 
11 180.161667898 713.460344237 106.377987866 
12 106.500017814 754.435207674 139.064774512 
13 61.848040015 765.296229979 172.855730006 
14 35.9005099047 757.423609967 206.675880128 
15 21.0428491943 739.066881973 239.890268833 
16 12.5235703632 715.319610531 272.156819106 
17 7.58852638871 689.104010471 303.307463141 
18 4.68668367011 662.041074376 333.272241954 
19 2.95097620911 635.01388401 362.035139781 
20 1.89400237931 608.496628399 389.609369221 
21 1.23845505119 582.737888718 416.023656231 
22 0.824582220163 557.860696839 441.31472094 
23 0.558658772117 533.918311144 465.523030084 
24 0.384911859192 510.924624573 488.690463568 
25 0.269470026596 488.871557876 510.858972097 
26 0.191584998676 467.738556772 532.06985823 
27 0.138235874771 447.498421196 552.363342929 
28 0.101161104478 428.120483185 571.778355711 
29 0.0750535955347 409.572517741 590.352428663 
30 0.0563685478287 391.821985995 608.121645457 
31 0.0428695618388 374.836470395 625.120660044 
32 0.0330046523005 358.584296802 641.382698546 
33 0.0256943692352 343.034683837 656.939621793 
34 0.0202274789344 328.157921599 671.821850922 
35 0.0160937453566 313.925332581 686.058573673 
36 0.0129368119242 300.309265035 699.677798153 
37 0.0104944217145 287.28320092 712.706304658 
38 0.00859232375296 274.821792975 725.169614701 
39 0.00709298039089 262.900523199 737.092383821 
40 0.00589969366331 251.496051135 748.498049172 
41 0.00494216400705 240.586063351 759.408994485 
42 0.00417406895167 230.149221191 769.84660474 
43 0.00355163194399 220.165009117 779.831439251 
44 0.00304901569064 210.613910258 789.383040726 
45 0.00263443540916 201.477083791 798.520281774 
46 0.00228927842522 192.736580392 807.261130329 
47 0.00200105074111 184.375221126 815.622777823 
48 0.00175887315197 176.376553525 823.621687602 
49 0.00155497830383 168.724865841 831.273579181 
50 0.00138267256375 161.405087374 838.593529954 
51 0.00123678393641 154.402811357 845.595951859 
52 0.00111279573025 147.704308601 852.294578603 
53 0.00100534289629 141.296451423 858.702543234 
54 0.00091524612867 135.16664705 864.832437704 
55 0.000839750372734 129.302815927 870.696344322 
56 0.000771976740339 123.693345394 876.30588263 
57 0.000705490132191 118.327120243 881.672174267 
58 0.00064426351662 113.193657259 886.805698477 
59 0.000591852206526 108.28290996 891.716498187 
60 0.000549290552954 103.585241808 896.414208901 
61 0.000512997227361 99.0913841711 900.908102832 
62 0.000479816444908 94.7924721363 905.207048047 
63 0.00044920892492 90.6800521199 909.319498671 
64 0.000421450732688 86.7460413665 913.253537183 
65 0.000396470261194 82.9826978265 917.016905703 
66 0.000373832690457 79.3826205419 920.617005625 
67 0.000353432603333 75.938726682 924.060919885 
68 0.000335262247177 72.6442392413 927.355425496 
69 0.000318913112892 69.492679494 930.507001593 
70 0.000303987862026 66.4778444782 933.521851534 
71 0.000290171171173 63.5938007632 936.405909066 
72 0.000277509699117 60.8348781479 939.164844342 
73 0.00026594292126 58.1956458102 941.804088247 
74 0.000255349842178 55.6709130327 944.328831618 
75 0.000245608621299 53.2557135297 946.744040862 
76 0.000236637924218 50.945293047 949.054470315 
77 0.000228357310789 48.7351026991 951.264668944 
78 0.000220618941853 46.6207941239 953.378985257 
79 0.000213384018934 44.5982090358 955.40157758 
80 0.00020675546557 42.6633744048 957.33641884 
81 0.000200653224056 40.8124827154 959.187316631 
82 0.000194919949308 39.0418880829 960.957916997 
83 0.000189574661249 37.3481080951 962.65170233 
84 0.000184688241006 35.7278125804 964.272002731 
85 0.000180149282642 34.1778113156 965.822008535 
86 0.000175911051429 32.6950541601 967.304769929 
87 0.000171947923945 31.2766242692 968.723203783 
88 0.000168237048229 29.9197309405 970.080100822 
89 0.000164758540109 28.6217038833 971.378131358 
90 0.000161496742066 27.3799896649 972.619848838 
91 0.00015843979179 26.1921461541 973.807695406 
92 0.000155571440587 25.05583571 974.944008719 
93 0.000152877080836 23.9688223881 976.031024735 
94 0.000150343058294 22.9289676347 977.070882022 
95 0.000147956934597 21.9342256061 978.065626437 
96 0.000145709568301 20.9826388054 979.017215485 
97 0.000143591502137 20.0723351087 979.9275213 
98 0.000141594272918 19.2015239143 980.798334491 
99 0.000139709075142 18.3684909992 981.631369292 
100 0.000137928085678 17.5715968628 982.428265209 
