Time S I R
0  997 3 0
1 996.184779318 3.53020505134 0.285015630447 
2 995.226439443 4.15319387023 0.620366686808 
3 994.100306858 4.88484692263 1.01484621897 
4 992.777619174 5.74363153658 1.47874928906 
5 991.224924276 6.75096407911 2.02411164474 
6 989.403409474 7.93160755648 2.66498296906 
7 987.26813979 9.31411208406 3.41774812639 
8 984.767294057 10.931240095 4.30146584824 
9 981.841321633 12.8204154315 5.33826293564 
10 978.422107276 15.0241323423 6.5537603819 
11 974.432161959 17.5903090366 7.97752900427 
12 969.783905526 20.5725150816 9.64357939239 
13 964.379123751 24.0300183045 11.5908579448 
14 958.108705289 28.0275569156 13.8637377956 
15 950.852799742 32.6347262248 16.5124740335 
16 942.481561969 37.9248534505 19.5935845804 
17 932.856704661 43.9731927414 23.170102598 
18 921.834062347 50.8543020389 27.3116356143 
19 909.267378195 58.6384657459 32.0941560588 
20 895.013511436 67.3870558207 37.599432743 
21 878.939171536 77.1468189458 43.9140095185 
22 860.929148842 87.9432079334 51.1276432247 
23 840.895834921 99.7730411566 59.3311239224 
24 818.789530058 112.597039738 68.613430204 
25 794.608675971 126.333049044 79.0582749852 
26 768.40901897 140.850866391 90.7401146387 
27 740.310424048 155.969761902 103.71981405 
28 710.500237902 171.459526191 118.040235907 
29 679.231064203 187.046792358 133.722143439 
30 646.81443169 202.424725159 150.760843151 
31 613.608246405 217.267895737 169.123857859 
32 580.000277633 231.249664183 188.750058184 
33 546.38878914 244.060838257 209.550372604 
34 513.162499351 255.427395393 231.410105256 
35 480.682022756 265.125344418 254.192632826 
36 449.264519244 272.991118494 277.744362262 
37 419.173041718 278.926724696 301.900233586 
38 390.610866793 282.899628001 326.489505206 
39 363.720714292 284.937989542 351.341296166 
40 338.58792263 285.122521247 376.289556123 
41 315.24657478 283.576202556 401.177222664 
42 293.687416809 280.453148783 425.859434408 
43 273.866497556 275.927736718 450.205765726 
44 255.713653922 270.184844093 474.101501985 
45 239.14040048 263.411139331 497.448460188 
46 224.046663361 255.788894333 520.164442306 
47 210.326217503 247.49094331 542.182839187 
48 197.871238275 238.677111836 563.451649889 
49 186.575492333 229.492310961 583.932196706 
50 176.33653869 220.065685298 603.597776012 
51 167.05746605 210.510239536 622.432294414 
52 158.647799966 200.923349489 640.428850545 
53 151.023840708 191.387747526 657.588411767 
54 144.108883834 181.972530469 673.918585697 
55 137.833091772 172.734439729 689.432468499 
56 132.13315677 163.719210122 704.147633108 
57 126.951924808 154.962843551 718.085231641 
58 122.238009821 146.492845026 731.269145152 
59 117.945204291 138.329433419 743.725362291 
60 114.032095449 130.486533826 755.481370725 
61 110.461579441 122.972822198 766.565598361 
62 107.200438291 115.792482982 777.007078726 
63 104.218934056 108.946050366 786.835015579 
64 101.490438663 102.431034484 796.078526852 
65 98.9911140664 96.2424692922 804.766416641 
66 96.6995814965 90.3734772583 812.926941245 
67 94.5966829901 84.8156084268 820.587708583 
68 92.6652146551 79.5592636287 827.775521716 
69 90.8897156971 74.593981528 834.516302775 
70 89.256288888 69.9086714026 840.835039709 
71 87.7524056918 65.4918766376 846.755717671 
72 86.3667834175 61.3318950266 852.301321556 
73 85.0892246159 57.4169784415 857.493796943 
74 83.9105274213 53.7353938386 862.35407874 
75 82.822359414 50.275565723 866.902074863 
76 81.8171689278 47.0261472365 871.156683836 
77 80.888104374 43.9760715352 875.135824091 
78 80.0289430984 41.1145944198 878.856462482 
79 79.2340247036 38.4313351073 882.334640189 
80 78.4981970654 35.9162928057 885.585510129 
81 77.8167623459 33.5598731688 888.623364485 
82 77.185435012 31.3528900098 891.461674978 
83 76.6002983769 29.2865735416 894.113128081 
84 76.0577701192 27.352569421 896.58966046 
85 75.5545711837 25.5429324196 898.902496397 
86 75.0877004553 23.8501129968 901.062186548 
87 74.6543988538 22.2669687123 903.078632434 
88 74.2521382446 20.786731207 904.961130548 
89 73.878593181 19.4030062453 906.718400574 
90 73.5316252544 18.1097561739 908.358618572 
91 73.2092683668 16.9012830134 909.88944862 
92 72.9097085019 15.7722220279 911.31806947 
93 72.6312765849 14.7175177251 912.65120569 
94 72.3724312678 13.7324167202 913.895152012 
95 72.1317509315 12.8124493665 915.055799702 
96 71.9079230862 11.9534157898 916.138661124 
97 71.69973377 11.1513735064 917.148892724 
98 71.5060621251 10.4026211676 918.091316707 
99 71.3258701222 9.70368821519 918.970441663 
100 71.1581979604 9.05132013536 919.790481904 
