Time S I R
0  997 3 0
1 995.099494876 4.76227785415 0.138227269883 
2 992.091830935 7.5506483604 0.357520704717 
3 987.346301477 11.9488182857 0.704880237177 
4 979.89404884 18.8522026735 1.25374848632 
5 968.277708193 29.6046047155 2.11768709169 
6 950.378071809 46.1524936526 3.46943453826 
7 923.280401886 71.1545673441 5.5650307701 
8 883.336845933 107.894164199 8.76898986887 
9 826.70836143 159.722868675 13.5687698952 
10 750.697774566 228.746273894 20.5559515407 
11 655.802442841 313.851197087 30.3463600716 
12 547.434569869 409.134356279 43.4310738523 
13 435.48616 504.508869974 60.0049700254 
14 331.045468303 589.084770692 79.8697610053 
15 242.289017774 655.229600065 102.481382161 
16 172.457704009 700.43129763 127.110998361 
17 120.603320966 726.376187223 153.020491811 
18 83.5906119029 736.832365228 179.577022869 
19 57.8084474746 735.897257497 206.294295028 
20 40.0810591429 727.093262448 232.82567841 
21 27.9514194333 713.111325948 258.937254618 
22 19.6466587245 695.875047043 284.478294232 
23 13.9362801453 676.707351128 309.356368727 
24 9.98383991052 656.497480941 333.518679149 
25 7.22597819123 635.835146628 356.938875181 
26 5.28442594265 615.107501559 379.608072498 
27 3.90466254995 594.566540423 401.528797027 
28 2.91476326949 574.374258054 422.710978676 
29 2.19768454693 554.633065121 443.169250332 
30 1.67324251654 535.40556752 462.921189963 
31 1.28609088839 516.727772664 481.986136447 
32 0.997704491444 498.617903899 500.384391609 
33 0.78089740232 481.082427287 518.13667531 
34 0.616478207316 464.119725199 535.263796593 
35 0.490760594789 447.722831646 551.786407759 
36 0.393850123555 431.881314375 567.724835501 
37 0.318534289031 416.582485225 583.098980486 
38 0.259580726974 401.812157349 597.928261924 
39 0.213085308385 387.555350111 612.231564581 
40 0.176131413884 373.796650465 626.027218121 
41 0.146555555617 360.520449879 639.332994565 
42 0.12274995923 347.711148369 652.166101672 
43 0.103470768806 335.353348206 664.543181025 
44 0.0877495156608 323.431930168 676.480320316 
45 0.0748511594838 311.932082745 687.993066096 
46 0.0642025160686 300.839359706 699.096437778 
47 0.0553554023911 290.139706694 709.804937903 
48 0.0480017570874 279.819443906 720.132554337 
49 0.0418313521113 269.865361133 730.092807515 
50 0.036641153054 260.264636664 739.698722183 
51 0.0322407955161 251.004867403 748.962891802 
52 0.0285006057701 242.074057749 757.897441645 
53 0.0253010959924 233.460602612 766.514096292 
54 0.0225546115532 225.153211575 774.824233814 
55 0.0201951276986 217.141314524 782.838490348 
56 0.0181517819653 209.414214877 790.567633341 
57 0.0163776133853 201.96190971 798.021712677 
58 0.0148308621237 194.774652112 805.210517026 
59 0.013477718849 187.843034632 812.143487649 
60 0.0122897560757 181.157981738 818.829728506 
61 0.0112429975889 174.710730443 825.278026559 
62 0.0103171229075 168.492831153 831.496851724 
63 0.00949659197454 162.496145556 837.494357852 
64 0.00876675015604 156.712791656 843.278441594 
65 0.00811548257138 151.13519571 848.856688808 
66 0.00753457832923 145.756123016 854.236342405 
67 0.00701374610071 140.568458707 859.424527547 
68 0.00654559067607 135.565398921 864.428055488 
69 0.00612378126186 130.740380007 869.253496212 
70 0.00574253168145 126.087058448 873.907199021 
71 0.00539756335445 121.599347683 878.395254754 
72 0.00508433656091 117.271333772 882.723581891 
73 0.0047995088172 113.097348576 886.897851915 
74 0.00454002827644 109.071911883 890.923548089 
75 0.00430299717539 105.189714533 894.80598247 
76 0.00408621752149 101.445672038 898.550241744 
77 0.00388768945095 97.8348870747 902.161225236 
78 0.00370541699419 94.3526383029 905.64365628 
79 0.00353816930487 90.9943638878 909.002097943 
80 0.00338497447103 87.755652775 912.24096225 
81 0.00324424560199 84.632238217 915.364517537 
82 0.00311405537616 81.6199842715 918.376901673 
83 0.00299209681828 78.7148793987 921.282128505 
84 0.0028778518722 75.9131233479 924.0839988 
85 0.00277132329552 73.2110688287 926.786159848 
86 0.00267263590661 70.6051999153 929.392127449 
87 0.00258160812871 68.0921125617 931.90530583 
88 0.0024970685588 65.6684837649 934.329019167 
89 0.00241823065687 63.3311202222 936.666461547 
90 0.00234422453661 61.0769362 938.920719575 
91 0.00227489299823 58.9029819223 941.094743185 
92 0.00220993573271 56.8064042253 943.191385839 
93 0.00214907010059 54.7844490506 945.213401879 
94 0.00209197815593 52.8344611451 947.163446877 
95 0.00203835499792 50.9538798021 949.044081843 
96 0.00198794998164 49.1402346653 950.857777385 
97 0.00194053251062 47.3911433374 952.60691613 
98 0.00189588545175 45.7043092231 954.293794891 
99 0.0018538031552 44.0775155062 955.920630691 
100 0.00181409023219 42.5086232051 957.489562705 
