Time S I R
0  997 3 0
1 996.257237446 3.59774411595 0.14501843764 
2 995.367290069 4.31379394025 0.318915990868 
3 994.30138926 5.17121080247 0.527399937874 
4 993.025297958 6.19741195451 0.777290087676 
5 991.498369404 7.42490779598 1.07672279992 
6 989.672455335 8.89215187522 1.43539278929 
7 987.490632007 10.6445238986 1.86484409443 
8 984.885866095 12.7353457638 2.37878814142 
9 981.779494233 15.2270220839 2.99348368346 
10 978.079639184 18.1921987283 3.7281620878 
11 973.679596062 21.714901872 4.60550206578 
12 968.456279386 25.8915614729 5.65215914126 
13 962.268898876 30.8317751821 6.8993259421 
14 954.958049645 36.6586271184 8.38332323694 
15 946.345512333 43.5082983636 10.1461893031 
16 936.235131734 51.5286381706 12.2362300955 
17 924.415225159 60.876298366 14.7084764753 
18 910.663040429 71.7119842206 17.6249753501 
19 894.751804141 84.1933742226 21.0548216366 
20 876.460837886 98.4653430173 25.0738190969 
21 855.589021946 114.647331258 29.7636467958 
22 831.971483059 132.818097736 35.2104192043 
23 805.498966679 152.998525193 41.5025081275 
24 776.138327241 175.134066178 48.7276065808 
25 743.951941439 199.079013444 56.9690451171 
26 709.113176111 224.585317614 66.3015062756 
27 671.914637239 251.298963311 76.78639945 
28 632.766271796 278.76643828 88.4672899238 
29 592.181530527 306.452610646 101.365858827 
30 550.751667958 333.769420756 115.478911286 
31 509.110794002 360.112376479 130.776829518 
32 467.895714989 384.900565563 147.203719448 
33 427.70590794 407.614782579 164.679309481 
34 389.069027896 427.828579254 183.10239285 
35 352.415967943 445.228617417 202.35541464 
36 318.067499156 459.622828824 222.30967202 
37 286.231962783 470.937412093 242.830625125 
38 257.012514412 479.204609149 263.782876439 
39 230.421114586 484.544427312 285.034458102 
40 206.396091226 487.143667294 306.460241481 
41 184.820627577 487.234957925 327.944414499 
42 165.540136653 485.077789367 349.382073979 
43 148.377477292 480.942473831 370.680048877 
44 133.145290783 475.097622379 391.757086838 
45 119.655368701 467.801065272 412.543566027 
46 107.72535321 459.293771138 432.980875653 
47 97.1832407618 449.79615808 453.020601158 
48 87.8698217143 439.506654693 472.623523593 
49 79.6401907446 428.601116752 491.758692503 
50 72.3637894674 417.23378819 510.402422343 
51 65.9243721473 405.538236604 528.537391249 
52 60.218876487 393.629396711 546.151726802 
53 55.1565554433 381.605202661 563.238241896 
54 50.6578701961 369.548399028 579.793730776 
55 46.653202221 357.528463445 595.818334334 
56 43.0818465697 345.603162867 611.314990563 
57 39.8908934516 333.820152119 626.288954429 
58 37.0342760999 322.218338748 640.747385152 
59 34.4719086135 310.829108331 654.698983056 
60 32.1688471563 299.677452343 668.1537005 
61 30.0947169649 288.782834187 681.122448848 
62 28.2230285387 278.160061698 693.616909763 
63 26.530668548 267.82001906 705.649312392 
64 24.9974589122 257.770237671 717.232303417 
65 23.605744693 248.015470167 728.37878514 
66 22.3400787126 238.558095275 739.101826012 
67 21.1869000682 229.398551985 749.414547946 
68 20.134310089 220.535627643 759.330062268 
69 19.1718274086 211.966783494 768.861389098 
70 18.2902242625 203.688359513 778.021416225 
71 17.4813461582 195.695807119 786.822846723 
72 16.737987617 187.983843202 795.278169181 
73 16.0537596402 180.546616503 803.399623857 
74 15.4229957689 173.377819852 811.199184379 
75 14.8406550366 166.470807714 818.68853725 
76 14.3022497587 159.818679229 825.879071012 
77 13.8037742613 153.414360426 832.781865313 
78 13.3416442724 147.250671924 839.407683803 
79 12.9126537983 141.320372674 845.766973527 
80 12.5139449246 135.616186189 851.869868886 
81 12.142923465 130.130903207 857.726173328 
82 11.7972674554 124.857354522 863.345378023 
83 11.4748885728 119.788449844 868.736661584 
84 11.1738875283 114.917225143 873.908887329 
85 10.892561318 110.236819139 878.870619543 
86 10.6293603181 105.740519229 883.630120453 
87 10.3828779127 101.421762647 888.195359441 
88 10.1518432338 97.2741338424 892.574022924 
89 9.93509235046 93.2913930888 896.773514561 
90 9.73156938974 89.4674624882 900.800968122 
91 9.54031169949 85.7964347729 904.663253528 
92 9.36043596468 82.272580919 908.366983116 
93 9.19113838242 78.8903396182 911.918521999 
94 9.03168015467 75.6443268902 915.323992955 
95 8.88138378481 72.5293310157 918.5892852 
96 8.73962850016 69.5403089741 921.720062526 
97 8.60583990784 66.672391055 924.721769037 
98 8.47949249467 63.9208686262 927.599638879 
99 8.36010554002 61.2811909419 930.358703518 
100 8.24722967027 58.7489748523 933.003795477 
