Time S I R
0  997 3 0
1 995.967539848 3.79134499704 0.241115154551 
2 994.664500283 4.78972273259 0.545776984442 
3 993.021133242 6.04828682534 0.93057993297 
4 990.950414827 7.63322791567 1.41635725782 
5 988.34416592 9.62662268129 2.02921139865 
6 985.068538954 12.1296963824 2.8017646632 
7 980.95896501 15.2663900765 3.77464491321 
8 975.814659589 19.1870962106 4.99824420005 
9 969.393103689 24.0721680167 6.53472829454 
10 961.405113724 30.1346053725 8.46028090355 
11 951.511579754 37.6209432005 10.8674770458 
12 939.323463764 46.8089204618 13.8676157739 
13 924.40721439 58.0000671676 17.5927184422 
14 906.298392255 71.5048586865 22.1967490582 
15 884.526527628 87.6180342525 27.8554381199 
16 858.653815664 106.582256799 34.7639275371 
17 828.328291168 128.540284806 43.1314240265 
18 793.34906926 153.478827182 53.1721035579 
19 753.735877673 181.172185144 65.0919371836 
20 709.789279463 211.138864231 79.0718563063 
21 662.124419383 242.626804895 95.248775722 
22 611.661445759 274.64156333 113.696990911 
23 559.563957396 306.022664493 134.413378111 
24 507.131580028 335.558980325 157.309439646 
25 455.665621559 362.121902229 182.212476212 
26 406.337432755 384.786670637 208.875896608 
27 360.086627287 402.916344165 236.997028548 
28 317.566727758 416.194077172 266.23919507 
29 279.139104685 424.606721146 296.254174169 
30 244.90526514 428.392574437 326.702160423 
31 214.761713911 427.971039662 357.267246427 
32 188.46151438 423.870751198 387.667734422 
33 165.671154279 416.667265152 417.661580569 
34 146.017367493 406.934523501 447.048109006 
35 129.120676247 395.212893434 475.66643032 
36 114.617908365 381.989686392 503.392405243 
37 102.175192656 367.69033116 530.134476184 
38 91.4941295539 352.676713141 555.829157305 
39 82.3133251166 337.250085529 580.436589355 
40 74.4070726619 321.65653038 603.936396958 
41 67.5824580801 306.093553309 626.323988611 
42 61.6757364261 290.716891595 647.607371978 
43 56.5487092414 275.647033024 667.804257735 
44 52.0848594154 260.975187174 686.93995341 
45 48.186252377 246.768369157 705.045378466 
46 44.7705442313 233.073965297 722.155490471 
47 41.7684599382 219.923501893 738.308038169 
48 39.1217073035 207.335722705 753.542569991 
49 36.7811123067 195.319301117 767.899586576 
50 34.7050991338 183.874997504 781.419903362 
51 32.8584613737 172.99737125 794.144167377 
52 31.2113096736 162.676224839 806.112465487 
53 29.7381802181 152.897801966 817.364017816 
54 28.4173190821 143.645720281 827.936960637 
55 27.2301078913 134.901694805 837.868197304 
56 26.160549701 126.646173537 847.193276762 
57 25.1948568557 118.858822628 855.946320516 
58 24.3211187346 111.51889624 864.159985026 
59 23.5290144312 104.605543539 871.865442029 
60 22.8095577274 98.0980686146 879.092373658 
61 22.1549251453 91.9760722531 885.869002602 
62 21.5582823244 86.2196047818 892.222112894 
63 21.0136237626 80.8092961462 898.177080091 
64 20.5156818246 75.7263942799 903.757923896 
65 20.0598089145 70.9528418342 908.987349251 
66 19.6418948628 66.4713062891 913.886798848 
67 19.2583042982 62.2651896311 918.476506071 
68 18.9058074246 58.3186460153 922.77554656 
69 18.5815256156 54.6165821022 926.801892282 
70 18.2828851021 51.1446506947 930.572464203 
71 18.0075958268 47.8892162619 934.103187911 
72 17.7535964847 44.8373621018 937.409041413 
73 17.519042388 41.9768523147 940.504105297 
74 17.3022674233 39.2961205871 943.40161199 
75 17.101775057 36.7842345225 946.11399042 
76 16.916208549 34.43087819 948.652913261 
77 16.7443444359 32.2263186425 951.029336922 
78 16.585069926 30.1613843944 953.25354568 
79 16.4373780131 28.2274356125 955.335186374 
80 16.3003538022 26.4163401909 957.283306007 
81 16.1731674027 24.7204471056 959.106385492 
82 16.0550480778 23.1325591672 960.812392755 
83 15.9452901427 21.6459109308 962.408798926 
84 15.8432726951 20.2541512824 963.902576023 
85 15.748409616 18.9513072844 965.3002831 
86 15.6601575636 17.7317663283 966.608076108 
87 15.578035743 16.5902746844 967.831689573 
88 15.5015939948 15.5218932893 968.976512716 
89 15.4304114739 14.5219797072 970.047608819 
90 15.3641085407 13.5861909896 971.04970047 
91 15.3023367558 12.7104553014 971.987207943 
92 15.244772941 11.8909512007 972.864275858 
93 15.1911182806 11.1240979625 973.684783757 
94 15.1410948108 10.4065333682 974.452371821 
95 15.0944469624 9.73511020123 975.170442836 
96 15.0509395381 9.10688224539 975.842178216 
97 15.0103531605 8.51908387181 976.470562968 
98 14.9724859369 7.96912975047 977.058384313 
99 14.9371499935 7.45459494618 977.60825506 
100 14.9041709556 6.97320766341 978.122621381 
