Time S I R
0.0  10000 1 0
1 9997.92685727 1.81515971592 1.25798301602 
2 9994.16567954 3.2933887128 3.54093174754 
3 9987.34773297 5.97080646329 7.6814605691 
4 9975.007614 10.8095964435 15.1827895613 
5 9952.73413213 19.5199193779 28.7459484927 
6 9912.73057556 35.0874210526 53.1820033846 
7 9841.51957162 62.5543630226 96.9260653578 
8 9716.73433557 109.916649256 174.349015173 
9 9503.95230804 188.35586593 308.691826029 
10 9157.31809168 309.560677606 534.121230714 
11 8632.01429045 476.432164684 892.553544864 
12 7915.29907964 667.225626694 1418.47529366 
13 7061.12990398 828.545994984 2111.32410104 
14 6184.8278914 900.883816938 2915.28829166 
15 5403.6425165 862.817725335 3734.53975816 
16 4780.85884203 742.63504292 4477.50611505 
17 4321.17928987 588.953098423 5090.86761171 
18 3997.70264905 440.335537702 5562.96181325 
19 3776.26877435 316.028873303 5908.70235234 
20 3627.0073646 220.601777397 6153.390858 
21 3527.25301226 151.146189505 6322.60079824 
22 3460.90546144 102.279695385 6437.81484318 
23 3416.8991371 68.6432111895 6515.45765171 
24 3387.75887585 45.8174043535 6567.4237198 
25 3368.48186797 30.4713189395 6602.04681309 
26 3355.73750235 20.2168189337 6625.04567872 
27 3347.31532515 13.3920441554 6640.29263069 
28 3341.75085083 8.86190492806 6650.38724424 
29 3338.07503057 5.86013193665 6657.0648375 
30 3335.64706892 3.87336491008 6661.47956617 
31 3334.04347853 2.55940608038 6664.39711539 
32 3332.98440164 1.69084385745 6666.3247545 
33 3332.28496337 1.11688998568 6667.59814665 
34 3331.82304917 0.737700029463 6668.4392508 
35 3331.51800105 0.48721904285 6668.99477991 
36 3331.31654902 0.321774933584 6669.36167604 
37 3331.18351213 0.212505140636 6669.60398273 
38 3331.09565612 0.140339340204 6669.76400454 
39 3331.03763713 0.0926796461712 6669.86968323 
40 3330.99932232 0.0612049469258 6669.93947273 
41 3330.97401982 0.0404191034447 6669.98556107 
42 3330.95731043 0.0266922477808 6670.01599733 
43 3330.94627583 0.0176271884416 6670.03609698 
44 3330.93898876 0.0116407312609 6670.04937051 
45 3330.9341765 0.00768735413026 6670.05813615 
46 3330.93099856 0.00507660705022 6670.06392483 
47 3330.92889986 0.00335247075463 6670.06774767 
48 3330.92751403 0.00221398108723 6670.07027199 
49 3330.92659883 0.00146211371649 6670.07193906 
50 3330.92599439 0.000965550776425 6670.07304006 
51 3330.92559523 0.000637634759984 6670.07376713 
52 3330.92533164 0.000421082829927 6670.07424728 
53 3330.92515744 0.000277978854026 6670.07456458 
54 3330.92504252 0.000183569953501 6670.07477391 
55 3330.92496663 0.000121220202687 6670.07491215 
56 3330.92491657 8.00913898269e-05 6670.07500334 
57 3330.92488355 5.2970701288e-05 6670.07506348 
58 3330.92486172 3.50351273927e-05 6670.07510324 
59 3330.92484719 2.30975993861e-05 6670.07512971 
60 3330.92483759 1.52109589957e-05 6670.0751472 
61 3330.92483115 9.91842987515e-06 6670.07515893 
62 3330.92482701 6.52284222248e-06 6670.07516646 
63 3330.92482437 4.34682290534e-06 6670.07517129 
64 3330.92482265 2.93442525013e-06 6670.07517442 
65 3330.9248215 1.98934667802e-06 6670.07517651 
66 3330.9248207 1.33896959715e-06 6670.07517796 
67 3330.92482016 8.93771763075e-07 6670.07517894 
68 3330.9248198 5.96680659005e-07 6670.0751796 
69 3330.92481956 3.99942156071e-07 6670.07518004 
70 3330.9248194 2.68120522539e-07 6670.07518033 
