Time S I R
0  997 3 0
1 994.929378511 4.87696447059 0.193657017986 
2 991.574835307 7.91691348619 0.508251206643 
3 986.159652987 12.8219990182 1.01834799523 
4 977.46821079 20.6888436581 1.84294555195 
5 963.646454544 33.1840432247 3.16950223141 
6 941.985168376 52.7275998147 5.28723180914 
7 908.803123984 82.5692371511 8.62763886529 
8 859.704554242 126.494364107 13.801081651 
9 790.648953721 187.750201789 21.6008444896 
10 700.123429536 266.949105368 32.9274650958 
11 591.739388493 359.666436268 48.5941752391 
12 475.085399178 455.867574263 69.0470265587 
13 362.871682711 542.982850872 94.1454664172 
14 265.737901081 611.097332667 123.164766252 
15 188.757390919 656.216594474 155.026014607 
16 131.642457435 679.763235494 188.594307071 
17 91.0963720906 686.0145162 222.88911171 
18 63.0511260615 679.783661361 257.165212577 
19 43.8921633407 665.203312458 290.904524201 
20 30.8426511616 645.386572604 323.770776234 
21 21.9249724624 622.51540767 355.559619868 
22 15.7863076457 598.056468434 386.157223921 
23 11.5193422074 572.970846138 415.509811654 
24 8.52016436472 547.877204021 443.602631614 
25 6.38695828767 523.167182236 470.445859477 
26 4.85115720884 499.083535209 496.065307582 
27 3.73201363166 475.771632827 520.496353542 
28 2.90662384686 453.313438242 543.779937911 
29 2.29075924454 431.749230768 565.960009987 
30 1.82604575577 411.092144684 587.08180956 
31 1.47152643843 391.337723368 607.190750194 
32 1.19820273222 372.470079331 626.331717937 
33 0.985375017321 354.46600926 644.548615723 
34 0.818054742795 337.297890182 661.884055075 
35 0.68529743328 320.935511571 678.379190996 
36 0.579044943328 305.34732569 694.073629367 
37 0.493326222043 290.501291849 709.005381929 
38 0.42355567784 276.365604267 723.210840056 
39 0.366359317026 262.908812293 736.72482839 
40 0.319138179797 250.100251246 749.580610575 
41 0.279876937691 237.910190164 761.809932898 
42 0.247021057102 226.309904465 773.443074478 
43 0.219349701233 215.271744797 784.508905502 
44 0.19591747148 204.769155663 795.034926865 
45 0.175955130081 194.776690259 805.047354611 
46 0.158872412399 185.269973073 814.571154514 
47 0.14415750921 176.225769923 823.630072568 
48 0.131404515729 167.621838815 832.24675667 
49 0.120313970896 159.4369455 840.442740529 
50 0.110648698497 151.650887767 848.238463535 
51 0.102169464475 144.24432527 855.653505266 
52 0.0947161430663 137.198928387 862.70635547 
53 0.0881313422756 130.497142708 869.41472595 
54 0.082296079903 124.122330519 875.795373401 
55 0.0771007481884 118.058550706 881.864348546 
56 0.0724633661697 112.290705662 887.636830971 
57 0.0683155531348 106.804434311 893.127250136 
58 0.0645932117152 101.58599763 898.349409158 
59 0.0612424530069 96.6223549042 903.316402643 
60 0.0582163544095 91.9010989472 908.040684698 
61 0.0554823231049 87.410435658 912.534082019 
62 0.0530001298051 83.1390800971 916.807919773 
63 0.0507368691967 79.076310778 920.872952353 
64 0.0486745616015 75.211993482 924.739331956 
65 0.0467905829157 71.5364395562 928.416769861 
66 0.0450662387822 68.0404400413 931.91449372 
67 0.0434856496772 64.7152371365 935.241277214 
68 0.0420334953391 61.5524877292 938.405478775 
69 0.0406973113148 58.5442650794 941.415037609 
70 0.0394660070352 55.6830257602 944.277508233 
71 0.0383292529583 52.961586566 947.000084181 
72 0.0372784425396 50.3731254737 949.589596084 
73 0.0363057851957 47.9111489112 952.052545304 
74 0.035404167954 45.5694761096 954.395119722 
75 0.0345675360661 43.3422380737 956.62319439 
76 0.0337902309191 41.223843625 958.742366144 
77 0.0330670684581 39.2089693069 960.757963625 
78 0.0323933371203 37.2925510427 962.67505562 
79 0.0317648246345 35.4697804475 964.498454728 
80 0.0311779858836 33.7360847879 966.232737226 
81 0.030630111173 32.0871236154 967.882246273 
82 0.0301186494743 30.5187659209 969.45111543 
83 0.0296403364827 29.0270638537 970.94329581 
84 0.0291924509138 27.6082671203 972.362540429 
85 0.0287724332298 26.2588070349 973.712420532 
86 0.028378390607 24.9752981029 974.996323506 
87 0.0280085653296 23.7545195943 976.21747184 
88 0.0276614692057 22.5934105956 977.378927935 
89 0.0273354000644 21.4890528074 978.483611793 
90 0.0270288581363 20.4386724684 979.534298673 
91 0.0267404505321 19.4396318184 980.533627731 
92 0.0264689720132 18.4894217686 981.484109259 
93 0.0262133132065 17.5856555774 982.388131109 
94 0.0259724499915 16.726062921 983.247964629 
95 0.0257454188671 15.9084846576 984.065769924 
96 0.0255313244196 15.1308676173 984.843601058 
97 0.0253293486185 14.391259769 985.583410882 
98 0.0251387305151 13.6878037889 986.287057481 
99 0.0249587601903 13.0187320714 986.956309168 
100 0.0247887826249 12.3823640028 987.592847215 
