Time S I R
0  997 3 0
1 996.604189979 3.27841499229 0.117395028325 
2 996.171834733 3.58248278983 0.245682477061 
3 995.699607576 3.91452816652 0.385864257718 
4 995.183885826 4.27708070384 0.539033470163 
5 994.620724112 4.67289285994 0.706383028052 
6 994.005831639 5.10495516209 0.88921319854 
7 993.334547175 5.5765128609 1.08893996417 
8 992.60180464 6.09108889773 1.30710646178 
9 991.802102669 6.65250392794 1.54539340336 
10 990.92947932 7.26489284762 1.80562783242 
11 989.977459328 7.93273914931 2.08980152272 
12 988.939030111 8.66089002528 2.40007986397 
13 987.806604084 9.45458029637 2.73881561914 
14 986.571974315 10.3194598984 3.10856578707 
15 985.226275408 11.2616179678 3.5121066245 
16 983.759940199 12.2876086117 3.95245118931 
17 982.162658655 13.4044744161 4.43286692907 
18 980.423335566 14.6197702335 4.9568942006 
19 978.530048813 15.9415845417 5.52836664545 
20 976.470008726 17.3785625782 6.15142869546 
21 974.229523323 18.9399149841 6.83056169252 
22 971.79395678 20.6354427728 7.57060044725 
23 969.147714033 22.4755270121 8.37675895478 
24 966.274199036 24.4711510258 9.25464993841 
25 963.155824577 26.6338673144 10.2103081081 
26 959.773981499 28.9758067009 11.2502118 
27 956.109075036 31.5096227656 12.3813021984 
28 952.140526184 34.2484690766 13.6110047389 
29 947.846827625 37.2059280905 14.9472442849 
30 943.205611571 40.3959275805 16.3984608486 
31 938.193709375 43.8326679632 17.9736226614 
32 932.787330043 47.5304426024 19.6822273547 
33 926.962109452 51.5035746142 21.5343159342 
34 920.693430095 55.7661201349 23.5404497706 
35 913.956469539 60.331804519 25.7117259423 
36 906.726662162 65.2136147451 28.0597230928 
37 898.979782363 70.4237041215 30.5965135156 
38 890.692516642 75.9729074315 33.334575927 
39 881.842635274 81.8705712767 36.2867934494 
40 872.409613909 88.1240481136 39.4663379772 
41 862.374948197 94.7384145984 42.8866372047 
42 851.722750223 101.716007694 46.5612420834 
43 840.440228498 109.056028485 50.5037430168 
44 828.518201654 116.754162209 54.7276361373 
45 815.951690337 124.802137173 59.24617249 
46 802.740347324 133.187415805 64.0722368706 
47 788.888996721 141.892874605 69.2181286738 
48 774.408052997 150.896494499 74.6954525041 
49 759.313760275 160.171379119 80.5148606055 
50 743.628680537 169.685386028 86.6859334352 
51 727.381436729 179.401627116 93.2169361555 
52 710.607261871 189.278071512 100.114666616 
53 693.347274262 199.268454909 107.384270829 
54 675.648505386 209.32242006 115.029074553 
55 657.563376889 219.386157305 123.050465806 
56 639.149197059 229.403046461 131.44775648 
57 620.467263843 239.314633998 140.218102159 
58 601.582104482 249.061439607 149.356455911 
59 582.560549801 258.583924004 158.855526194 
60 563.470634196 267.823533436 168.705832368 
61 544.380670285 276.723624922 178.895704793 
62 525.358107011 285.230456595 189.411436395 
63 506.468624679 293.294008844 200.237366477 
64 487.775130741 300.868826069 211.35604319 
65 469.336952786 307.914674275 222.748372939 
66 451.209189404 314.396882255 234.393928341 
67 433.441916941 320.287045172 246.271037887 
68 416.08014419 325.562724035 258.357131775 
69 399.162970558 330.208148913 270.628880529 
70 382.724103986 334.213389035 283.062506979 
71 366.791104271 337.57492793 295.633967799 
72 351.386240793 340.294571392 308.319187816 
73 336.525974175 342.37974393 321.094281895 
74 322.221895046 343.84240384 333.935701114 
75 308.480536784 344.698996414 346.820466801 
76 295.30420668 344.96955115 359.726242169 
77 282.691119566 344.677334506 372.631545928 
78 270.636042256 343.84818246 385.515775284 
79 259.130653083 342.509975527 398.35937139 
80 248.16401106 340.692170167 411.143818773 
81 237.723009405 338.425243877 423.851746718 
82 227.792703497 335.740396486 436.466900017 
83 218.356778016 332.668996306 448.974225678 
84 209.397933092 329.242143468 461.35992344 
85 200.897894475 325.49090202 473.611203505 
86 192.838082952 321.445404396 485.716512653 
87 185.199636622 317.134949594 497.665413784 
88 177.963459784 312.588055092 509.448485124 
89 171.110839846 307.831736894 521.05742326 
90 164.623103304 302.892028119 532.484868577 
91 158.482002891 297.793582582 543.724414527 
92 152.669897607 292.559524764 554.770577629 
93 147.169455782 287.21186111 565.618683108 
94 141.964120481 281.771010425 576.264869093 
95 137.037938343 276.256047914 586.706013743 
96 132.375529762 270.684793555 596.939676684 
97 127.962329847 265.073608952 606.964061201 
98 123.784351791 259.437684045 616.777964165 
99 119.828323502 253.790953856 626.380722642 
100 116.081690087 248.146140015 635.772169897 
