Time S I R
0  997 3 0
1 996.6291888 3.06961770093 0.301193499374 
2 996.249927564 3.14070604816 0.609366388054 
3 995.862039274 3.21328995908 0.924670766994 
4 995.465352448 3.28739325595 1.24725429596 
5 995.059690928 3.36304010504 1.57726896725 
6 994.644876222 3.44025467214 1.9148691058 
7 994.220727383 3.51906111069 2.26021150656 
8 993.787061099 3.5994835406 2.61345536088 
9 993.343691765 3.68154599059 2.97476224456 
10 992.890431202 3.76527242347 3.34429637413 
11 992.427089453 3.85068664333 3.72222390407 
12 991.953474135 3.93781233854 4.1087135263 
13 991.469390764 4.02667297385 4.50393626169 
14 990.974642687 4.11729184107 4.90806547214 
15 990.469031274 4.20969193486 5.32127679083 
16 989.952355934 4.30389595907 5.74374810722 
17 989.424414443 4.39992613607 6.17565942063 
18 988.885002328 4.49780455519 6.61719311706 
19 988.333913082 4.59755304777 7.06853387002 
20 987.770938267 4.69919313625 7.52986859628 
21 987.195869204 4.80274513739 8.00138565871 
22 986.608495345 4.90822902355 8.48327563189 
23 986.008603987 5.01566457507 8.97573143747 
24 985.395980716 5.12507114728 9.47894813719 
25 984.770410528 5.2364671449 9.99312232703 
26 984.131679048 5.34986946086 10.5184514907 
27 983.479569282 5.46529498267 11.0551357355 
28 982.813862905 5.58275999333 11.6033771017 
29 982.134340561 5.70228004593 12.1633793934 
30 981.440785133 5.82386859716 12.7353462701 
31 980.73297813 5.94753851616 13.3194833537 
32 980.010699665 6.07330209368 13.9159982415 
33 979.273729133 6.20117075802 14.5251001094 
34 978.521847443 6.33115423335 15.1469983237 
35 977.754838126 6.46326012164 15.7819017525 
36 976.972482593 6.59749569193 16.4300217154 
37 976.174562216 6.73386709502 17.0915706888 
38 975.360858926 6.87237915793 17.7667619164 
39 974.531160174 7.01303367683 18.4558061495 
40 973.685252766 7.15583153757 19.158915696 
41 972.822923535 7.30077248497 19.8763039803 
42 971.943960161 7.44785483883 20.6081850005 
43 971.048155029 7.59707428994 21.3547706808 
44 970.135305374 7.74842385452 22.1162707716 
45 969.205207476 7.90189568749 22.8928968367 
46 968.257659482 8.05748020145 23.6848603163 
47 967.292460362 8.21516636129 24.4923732763 
48 966.309426672 8.37493695271 25.3156363751 
49 965.308364478 8.53677650601 26.1548590159 
50 964.289087856 8.70066607538 27.0102460691 
51 963.251413417 8.86658478339 27.8820017993 
52 962.195165818 9.03450844611 28.7703257359 
53 961.120176594 9.20440985189 29.6754135536 
54 960.026279559 9.37625989554 30.5974605459 
55 958.913314122 9.55002674428 31.5366591338 
56 957.781125759 9.72567571385 32.4931985267 
57 956.629566543 9.90316926667 33.4672641903 
58 955.458495812 10.0824672445 34.4590369439 
59 954.267780295 10.2635261609 35.4686935443 
60 953.057294693 10.4462992787 36.4964060284 
61 951.826922163 10.6307365265 37.5423413106 
62 950.576554629 10.8167844584 38.6066609125 
63 949.306089481 11.0043878048 39.6895227147 
64 948.015433371 11.1934878942 40.7910787353 
65 946.704503245 11.3840222971 41.9114744578 
66 945.373225705 11.5759252021 43.0508490924 
67 944.021537367 11.7691273544 44.2093352787 
68 942.649385155 11.9635563989 45.3870584462 
69 941.256726624 12.1591370774 46.5841362989 
70 939.843530448 12.3557903054 47.8006792464 
71 938.40977672 12.5534335222 49.0367897577 
72 936.955457301 12.7519806586 50.2925620408 
73 935.480576113 12.9513422435 51.5680816438 
74 933.985149078 13.1514263212 52.863424601 
75 932.469205007 13.352137187 54.1786578062 
76 930.93278584 13.5533756107 55.5138385492 
77 929.375946934 13.7550389552 56.869014111 
78 927.798757156 13.9570213836 58.2442214608 
79 926.201299123 14.1592139403 59.6394869364 
80 924.58366808 14.3615058372 61.0548260829 
81 922.945974813 14.5637821647 62.490243022 
82 921.288344767 14.7659249701 63.9457302633 
83 919.61091836 14.9678132646 65.4212683752 
84 917.913850541 15.1693235229 66.9168259357 
85 916.197309439 15.3703307529 68.4323598083 
86 914.461479567 15.5707066786 69.9678137542 
87 912.706560917 15.7703205373 71.5231185456 
88 910.932769003 15.9690392702 73.0981917266 
89 909.140334997 16.1667276616 74.692937341 
90 907.329505396 16.3632486072 76.3072459966 
91 905.500540442 16.5584637152 77.9409958429 
92 903.653716653 16.7522328473 79.5940505 
93 901.78932605 16.9444145271 81.2662594231 
94 899.90767594 17.1348662119 82.9574578481 
95 898.009088826 17.3234445405 84.6674666332 
96 896.093902286 17.5100054184 86.3960922952 
97 894.16246878 17.6944031843 88.1431280358 
98 892.215155553 17.8764922922 89.9083521549 
99 890.252344433 18.056127268 91.6915282987 
100 888.274431607 18.2331628196 93.4924055732 
