Time S I R
0  997 3 0
1 996.512526273 3.24012838651 0.247345340298 
2 995.986321389 3.49919979585 0.514478815152 
3 995.418379681 3.77866148323 0.802958835389 
4 994.805472338 4.08006428428 1.11446337819 
5 994.144132755 4.40506871938 1.45079852544 
6 993.430645062 4.75544948825 1.81390544971 
7 992.661025026 5.13310325021 2.20587172386 
8 991.831006258 5.5400539367 2.62893980562 
9 990.936026079 5.97845798715 3.08551593366 
10 989.971198923 6.45061427799 3.57818679897 
11 988.931307627 6.9589665399 4.1097258328 
12 987.810785233 7.50610949416 4.68310527293 
13 986.603695953 8.09479413646 5.30150991088 
14 985.303718677 8.72793262212 5.96834870077 
15 983.904130173 9.4086012484 6.68726857878 
16 982.397789513 10.1400436759 7.4621668109 
17 980.77712365 10.9256716215 8.29720472842 
18 979.034116054 11.7690630495 9.19682089609 
19 977.16029108 12.6739646324 10.165744288 
20 975.146706401 13.6442864311 11.2090071677 
21 972.983956739 14.6840851994 12.3319580611 
22 970.662151166 15.7975742058 13.5402746281 
23 968.170944267 16.9890847406 14.8399709919 
24 965.49951577 18.2630717939 16.2374124366 
25 962.636599406 19.6240804157 17.739320178 
26 959.570512487 21.0767111665 19.3527763461 
27 956.289145871 22.6256173692 21.0852367597 
28 952.780066904 24.2754182845 22.9445148116 
29 949.030491742 26.0307073549 24.9388009035 
30 945.027404867 27.895957953 27.0766371803 
31 940.757607614 29.8754773782 29.3669150076 
32 936.20776611 31.9733632971 31.8188705926 
33 931.364604863 34.1933654614 34.4420296757 
34 926.214886851 36.538883628 37.2462295211 
35 920.745667871 39.0127997612 40.2415323677 
36 914.944354889 41.617424999 43.4382201122 
37 908.798867793 44.3543928287 46.8467393785 
38 902.297892537 47.2245025803 50.4776048826 
39 895.430922202 50.2276739472 54.3414038511 
40 888.188605976 53.3627637662 58.4486302582 
41 880.562835145 56.6274883837 62.8096764717 
42 872.547000701 60.0183039872 67.4346953115 
43 864.13622855 63.5302853873 72.3334860626 
44 855.327527593 67.1570318607 77.5154405461 
45 846.120045921 70.8906210487 82.9893330298 
46 836.515253355 74.7214624363 88.7632842091 
47 826.517070001 78.6383581894 94.8445718091 
48 816.132069319 82.6284163151 101.239514366 
49 805.369618977 86.6770210977 107.953359925 
50 794.241825483 90.7680576304 114.990116887 
51 782.76372104 94.8838269547 122.352452006 
52 770.953157711 99.0052569431 130.041585346 
53 758.830865281 103.111972118 138.057162601 
54 746.420185163 107.182632058 146.397182779 
55 733.747087867 111.195014619 155.057897513 
56 720.839781502 115.126417671 164.033800827 
57 707.728636818 118.953820475 173.317542707 
58 694.445705729 122.654313102 182.899981169 
59 681.024556044 126.205312282 192.770131674 
60 667.499741739 129.584973082 202.915285178 
61 653.906552629 132.772443809 213.321003562 
62 640.280502557 135.748208861 223.971288582 
63 626.657055683 138.494372101 234.848572217 
64 613.071101648 140.994856906 245.934041447 
65 599.556645303 143.23574706 257.207607637 
66 586.146498339 145.205278293 268.648223367 
67 572.871868157 146.894162757 280.233969086 
68 559.762194581 148.295510954 291.942294465 
69 546.844845815 149.404941571 303.750212613 
70 534.144925926 150.220605646 315.634468428 
71 521.685263652 150.742962563 327.571773785 
72 509.486087553 150.974947096 339.538965351 
73 497.565295182 150.921516577 351.513188241 
74 485.938105171 150.589803969 363.47209086 
75 474.617395855 149.988678778 375.393925367 
76 463.613596962 149.128662436 387.257740602 
77 452.934791723 148.021726291 399.043481986 
78 442.586915083 146.681019655 410.732065263 
79 432.573981665 145.120512195 422.30550614 
80 422.897917375 143.355123902 433.746958722 
81 413.558997054 141.400229023 445.040773924 
82 404.55594256 139.271518469 456.172538971 
83 395.885988353 136.984911714 467.129099933 
84 387.545197349 134.556244349 477.898558302 
85 379.528493545 132.001230587 488.470275868 
86 371.829886822 129.335270146 498.834843032 
87 364.442598153 126.573344787 508.98405706 
88 357.359168629 123.72994094 518.91089043 
89 350.57163175 120.81894376 528.60942449 
90 344.071576095 117.853588187 538.074835718 
91 337.850277649 114.846409993 547.303312359 
92 331.898788492 111.809206961 556.292004547 
93 326.208008446 108.753012045 565.038979509 
94 320.768765022 105.688092221 573.543142757 
95 315.571878877 102.623935237 581.804185886 
96 310.608213102 99.5692707955 589.822516103 
97 305.86872347 96.5320666358 597.599209894 
98 301.344493112 93.5195638099 605.135943078 
99 297.026771371 90.5382895932 612.434939036 
100 292.906996445 87.5940927618 619.498910793 
