Time S I R
0  997 3 0
1 994.651669082 5.14414296415 0.204187954288 
2 990.641512281 8.80449852488 0.5539891944 
3 983.826056583 15.022188829 1.15175458771 
4 972.336075607 25.4949762486 2.16894814397 
5 953.226657191 42.8857414191 3.88760138978 
6 922.150972516 71.0915976091 6.75742987498 
7 873.413615654 115.127290442 11.4590939034 
8 801.147648057 179.91524735 18.9371045931 
9 702.411079725 267.263310227 30.3256100473 
10 581.496300903 371.820504201 46.6831948954 
11 451.616037132 479.813855597 68.5701072708 
12 330.056612117 574.222306453 95.7210814301 
13 229.727659259 643.174769463 127.097571278 
14 154.790231292 683.925484073 161.284284635 
15 102.569724385 700.51281563 196.917459985 
16 67.6772550418 699.402871153 232.919873805 
17 44.8508790459 686.606678081 268.542442873 
18 30.0189013627 666.672532608 303.30856603 
19 20.357491555 642.705546046 336.936962398 
20 14.012695268 616.711347369 369.275957363 
21 9.79792701094 589.945808132 400.256264857 
22 6.96069091393 563.179607975 429.859701111 
23 5.02353904392 536.877282825 458.099178131 
24 3.68176732997 511.312054308 485.006178362 
25 2.7389021075 486.638200392 510.6228975 
26 2.0669229787 462.935673879 534.997403142 
27 1.58145549217 440.23795244 558.180592068 
28 1.22605185569 418.549681711 580.224266433 
29 0.962513425009 397.857515421 601.179971154 
30 0.76473434274 378.136995743 621.098269914 
31 0.614565737597 359.357157869 640.028276394 
32 0.49928069039 341.483306246 658.017413064 
33 0.409860439283 324.478870671 675.11126889 
34 0.339770236137 308.306704578 691.353525185 
35 0.284305809003 292.92973031 706.785963881 
36 0.240022312711 278.311498014 721.448479674 
37 0.20435776348 264.416525775 735.379116461 
38 0.175392422247 251.210485285 748.614122293 
39 0.151686289631 238.660295704 761.188018006 
40 0.132141565791 226.734199794 773.13365864 
41 0.115923555185 215.401764966 784.482311479 
42 0.10235672 204.633946793 795.263696487 
43 0.0909196187442 194.402972302 805.506108079 
44 0.0812435699087 184.682358732 815.236397698 
45 0.073007955358 175.446856938 824.480135107 
46 0.0659623836128 166.672447114 833.261590502 
47 0.0599013813007 158.336237779 841.60386084 
48 0.0546616930043 150.416478309 849.528859998 
49 0.0501058846969 142.892423362 857.057470754 
50 0.0461316937561 135.744401355 864.209466952 
51 0.0426520328966 128.953677264 871.003670703 
52 0.0395913728756 122.502430727 877.4579779 
53 0.0368878581489 116.373738698 883.589373444 
54 0.0344951875477 110.551512331 889.413992481 
55 0.0323610661851 105.020412097 894.947226837 
56 0.0304550920933 99.7659202488 900.203624659 
57 0.028748457612 94.77422397 905.197027572 
58 0.027215942952 90.0321954732 909.940588584 
59 0.0258362373048 85.5273620128 914.44680175 
60 0.0245900789287 81.2478667976 918.727543123 
61 0.023462200915 77.1824506815 922.794087118 
62 0.0224385250467 73.3204081407 926.657153334 
63 0.0215074419863 69.6515743076 930.32691825 
64 0.0206587705079 66.1662879212 933.813053308 
65 0.019883814894 62.855376572 937.124739613 
66 0.0191749916753 59.7101262924 940.270698716 
67 0.0185252391193 56.7222463133 943.259228448 
68 0.0179281037505 53.883850202 946.098221694 
69 0.0173777957818 51.1874504901 948.795171714 
70 0.0168693813141 48.625951823 951.357178796 
71 0.0163990719005 46.1926092359 953.790991692 
72 0.0159647008073 43.8810272687 956.10300803 
73 0.0155649339595 41.6851354835 958.299299583 
74 0.0151954480857 39.599132437 960.385672115 
75 0.0148528896091 37.6175133213 962.367633789 
76 0.0145336794661 35.735043257 964.250423063 
77 0.0142360569207 33.9467633639 966.039000579 
78 0.0139585925414 32.2479640916 967.738077316 
79 0.013700408584 30.6341755912 969.352124 
80 0.0134600354151 29.1011446741 970.885395291 
81 0.0132357384022 27.6448277724 972.341936489 
82 0.0130260973025 26.2613872348 973.725586668 
83 0.0128298491071 24.9471769807 975.03999317 
84 0.01264613118 23.6987322818 976.288621587 
85 0.0124740341554 22.5127614957 977.47476447 
86 0.0123127494038 21.3861374291 978.601549821 
87 0.0121614629021 20.3158905557 979.671947981 
88 0.012019465133 19.2992006685 980.688779866 
89 0.0118861204323 18.3333900815 981.654723798 
90 0.0117608246859 17.4159120043 982.572327171 
91 0.0116430233547 16.5443472336 983.444009743 
92 0.011532209209 15.7163981379 984.272069653 
93 0.0114279150092 14.929881936 985.058690149 
94 0.0113297111034 14.1827251565 985.805945132 
95 0.0112372038768 13.4729585662 986.51580423 
96 0.0111500267835 12.7987110559 987.190138917 
97 0.0110678319685 12.1582039219 987.830728246 
98 0.0109903059938 11.5497490081 988.439260686 
99 0.0109171632972 10.9717437612 989.017339075 
100 0.0108481422296 10.4226665582 989.5664853 
