Time S I R
0.0  10000 1 0
1 9997.68547512 2.04072594917 1.27379893535 
2 9992.96509527 4.16233014328 3.87257458755 
3 9983.34940767 8.48036116125 9.17023117176 
4 9963.80865659 17.239612204 19.9517312068 
5 9924.29132513 34.888708703 41.8199661715 
6 9845.15524104 69.9691773902 85.875581568 
7 9689.73920777 137.823772768 173.437019465 
8 9395.8169906 262.241660078 342.941349322 
9 8877.25543701 468.394041823 655.350521163 
10 8063.52589092 753.070851244 1184.40325783 
11 6988.45647697 1040.72829588 1971.81522715 
12 5835.50326312 1201.51747346 2963.97926342 
13 4824.33375647 1165.55947125 4011.10677228 
14 4063.40465649 981.913966534 4955.68137697 
15 3542.11325356 747.673317785 5711.21342865 
16 3201.81147335 532.148602444 6267.0399242 
17 2984.39524838 362.605817123 6653.9989345 
18 2846.66187124 240.328139725 6914.00998903 
19 2759.65462794 156.518176046 7084.82719601 
20 2704.72752637 100.813720789 7195.45875284 
21 2670.04996136 64.4823645655 7266.46767408 
22 2648.15126508 41.0626302232 7311.7861047 
23 2634.31903364 26.0761166697 7340.60484969 
24 2625.58032932 16.5300779301 7358.88959275 
25 2620.05880993 10.4670431252 7370.47414694 
26 2616.56974863 6.62320038423 7377.80705099 
27 2614.36486792 4.18908247259 7382.44604961 
28 2612.97146649 2.64879351517 7385.37974 
29 2612.09086822 1.67455831094 7387.23457347 
30 2611.53434143 1.05853147925 7388.40712709 
31 2611.18262031 0.66907779154 7389.1483019 
32 2610.96033347 0.422892560596 7389.61677397 
33 2610.81984817 0.267282892265 7389.91286894 
34 2610.73106123 0.168929101678 7390.10000967 
35 2610.67494765 0.106765967407 7390.21828639 
36 2610.63948369 0.0674773577634 7390.29303895 
37 2610.61707035 0.0426463085362 7390.34028334 
38 2610.60290504 0.0269527841057 7390.37014217 
39 2610.59395251 0.017034328143 7390.38901316 
40 2610.58829447 0.0107657875876 7390.40093974 
41 2610.58471853 0.00680399335118 7390.40847748 
42 2610.58245863 0.00430024156261 7390.41324113 
43 2610.58103032 0.00271780216196 7390.41625188 
44 2610.5801276 0.00171767257771 7390.41815473 
45 2610.57955711 0.0010856178195 7390.41935728 
46 2610.57919649 0.000686088562587 7390.42011742 
47 2610.5789686 0.00043360303401 7390.4205978 
48 2610.57882457 0.000274031483485 7390.4209014 
49 2610.57873354 0.000173183266945 7390.42109328 
50 2610.57867602 0.000109452271193 7390.42121453 
51 2610.57863961 6.91104273222e-05 7390.42129128 
52 2610.57861666 4.3690699491e-05 7390.42133965 
53 2610.57860216 2.76270771402e-05 7390.42137021 
54 2610.57859301 1.74832562482e-05 7390.42138951 
55 2610.57858723 1.10839061562e-05 7390.42140169 
56 2610.57858359 7.04811005436e-06 7390.42140936 
57 2610.57858123 4.4321222808e-06 7390.42141434 
58 2610.57857971 2.75749135613e-06 7390.42141753 
59 2610.57857878 1.72243093269e-06 7390.4214195 
60 2610.5785782 1.07523863119e-06 7390.42142073 
61 2610.57857784 6.84602598556e-07 7390.42142147 
62 2610.57857763 4.45202451572e-07 7390.42142193 
63 2610.57857749 2.89580718687e-07 7390.42142222 
64 2610.57857739 1.86535454375e-07 7390.42142242 
65 2610.57857733 1.19354618452e-07 7390.42142255 
66 2610.57857729 7.62180941199e-08 7390.42142263 
67 2610.57857727 4.89222642008e-08 7390.42142268 
68 2610.57857725 2.21988472466e-08 7390.42142273 
69 2610.57857722 -1.59168117124e-09 7390.42142278 
70 2610.57857721 -1.85901542497e-08 7390.42142281 
