Time S I R
0.0  10000 1 0
1 9999.61481486 0.667877271934 0.717307866842 
2 9999.35756724 0.446052233016 1.19638052696 
3 9999.18576701 0.297901745504 1.51633124629 
4 9999.07102935 0.198955626576 1.73001502769 
5 9998.99440207 0.132873330426 1.87272459926 
6 9998.94322672 0.0887398102101 1.96803347079 
7 9998.90904929 0.0592649902346 2.03168572239 
8 9998.88622399 0.0395801940028 2.07419581958 
9 9998.87098023 0.0264337511702 2.10258602086 
10 9998.86079959 0.0176537940166 2.1215466163 
11 9998.85400044 0.0117900793849 2.13420948124 
12 9998.84945979 0.00787413229992 2.14266607906 
13 9998.8464272 0.00525876914512 2.14831402684 
14 9998.84440179 0.00351200870665 2.15208620235 
15 9998.84304918 0.00234549022838 2.15460532947 
16 9998.84214583 0.00156642064044 2.15628775037 
17 9998.84154258 0.00104616244623 2.15741126128 
18 9998.84113962 0.000698647285093 2.15816172913 
19 9998.84087053 0.000466574926525 2.15866289529 
20 9998.84069083 0.000311596437854 2.15899757527 
21 9998.84057081 0.000208089494173 2.15922110114 
22 9998.84049068 0.000138982397364 2.15937033967 
23 9998.84043712 9.27887422213e-05 2.15947009603 
24 9998.84040132 6.19223839462e-05 2.15953675272 
25 9998.84037749 4.1369214921e-05 2.1595811378 
26 9998.84036155 2.76238000795e-05 2.15961082137 
27 9998.84035095 1.84799151659e-05 2.15963056782 
28 9998.84034386 1.23666411846e-05 2.15964376959 
29 9998.84033915 8.29835735211e-06 2.15965255516 
30 9998.84033596 5.5481553524e-06 2.15965849429 
31 9998.84033379 3.68209883427e-06 2.15966252408 
32 9998.84033234 2.42834592593e-06 2.15966523159 
33 9998.84033138 1.60051700644e-06 2.15966701931 
34 9998.84033075 1.05690817e-06 2.15966819325 
35 9998.84033035 7.07784162768e-07 2.15966894719 
36 9998.84033009 4.84999803286e-07 2.1596694283 
37 9998.84032991 3.32624095493e-07 2.15966975736 
38 9998.84032979 2.26287817205e-07 2.15966998699 
39 9998.8403297 1.53151571367e-07 2.15967014493 
40 9998.84032964 1.03506773811e-07 2.15967025214 
41 9998.84032961 6.98303055799e-08 2.15967032487 
42 9998.84032958 4.72397584115e-08 2.15967037365 
43 9998.84032955 2.50284783908e-08 2.15967042162 
44 9998.84032953 3.66656741654e-09 2.15967046775 
45 9998.84032951 -1.2703495462e-08 2.1596705031 
46 9998.8403295 -2.40817102447e-08 2.15967052767 
47 9998.84032949 -3.04680769317e-08 2.15967054146 
48 9998.84032949 -3.18625955229e-08 2.15967054448 
49 9998.84032949 -2.82652660184e-08 2.15967053671 
50 9998.8403295 -2.44406450308e-08 2.15967052845 
51 9998.84032949 -2.71288025679e-08 2.15967053425 
52 9998.84032949 -2.84542254768e-08 2.15967053712 
53 9998.84032949 -2.84169137575e-08 2.15967053704 
54 9998.84032949 -2.70168674099e-08 2.15967053401 
55 9998.8403295 -2.4254086434e-08 2.15967052805 
56 9998.8403295 -2.01285708299e-08 2.15967051914 
57 9998.84032951 -1.63101626069e-08 2.15967051089 
58 9998.84032951 -1.46263341779e-08 2.15967050725 
59 9998.84032951 -1.29425057489e-08 2.15967050362 
60 9998.84032951 -1.12586773198e-08 2.15967049998 
61 9998.84032951 -9.57484889081e-09 2.15967049635 
62 9998.84032952 -7.89102046178e-09 2.15967049271 
63 9998.84032952 -6.20719203276e-09 2.15967048907 
64 9998.84032952 -4.52336360373e-09 2.15967048544 
65 9998.84032952 -4.1271989805e-09 2.15967048458 
66 9998.84032952 -4.07176698933e-09 2.15967048446 
67 9998.84032952 -4.01633499815e-09 2.15967048434 
68 9998.84032952 -3.96090300698e-09 2.15967048422 
69 9998.84032952 -3.9054710158e-09 2.1596704841 
70 9998.84032952 -3.85003902463e-09 2.15967048398 
