Time S I R
0  997 3 0
1 995.049752926 4.66201424615 0.288232828105 
2 992.028542288 7.23559371155 0.735864000893 
3 987.362282877 11.2078010658 1.42991605746 
4 980.188462852 17.3081743402 2.50336280805 
5 969.23756238 26.6052039708 4.15723364923 
6 952.700513847 40.6089715565 6.69051459684 
7 928.130254615 61.3329701072 10.5367752776 
8 892.49021996 91.2089507117 16.300829328 
9 842.547539944 132.674746028 24.7777140277 
10 775.831516927 187.247133113 36.9213499596 
11 692.148036384 254.129300182 53.7226634335 
12 595.01594704 329.00222848 75.9818244798 
13 491.780411139 404.186787213 104.032801648 
14 391.618405427 470.823400354 137.55819422 
15 302.394738122 521.9863825 175.618879379 
16 228.462129132 554.648242432 216.889628437 
17 170.503526203 569.532605906 259.963867891 
18 126.774004915 569.637876895 303.58811819 
19 94.5410472952 558.684851375 346.77410133 
20 71.0556088111 540.132179608 388.812211581 
21 53.9943754206 516.772763546 429.232861033 
22 41.562999527 490.684638031 467.752362442 
23 32.4424281173 463.335892892 504.221678991 
24 25.6881077735 435.726671057 538.585221169 
25 20.6320647533 408.51780756 570.850127686 
26 16.8035905078 382.131988946 601.064420546 
27 13.8705593673 356.827681116 629.301759517 
28 11.5972786315 332.751713646 655.651007722 
29 9.81527709275 309.97553552 680.209187388 
30 8.40304987752 288.520228009 703.076722114 
31 7.27213907907 268.373572777 724.354288144 
32 6.35750380854 249.501755065 744.140741127 
33 5.61082785573 231.857384794 762.53178735 
34 4.99588792555 215.384934049 779.619178025 
35 4.48525883518 200.024507114 795.490234051 
36 4.05795439831 185.714438063 810.227607539 
37 3.69778689771 172.392985579 823.909227523 
38 3.39215503799 159.99950105 836.608343912 
39 3.13116253421 148.475205213 848.393632253 
40 2.90697956353 137.763656082 859.329364354 
41 2.71336092166 127.811042411 869.475596667 
42 2.54528055952 118.566343895 878.888375545 
43 2.39869292735 109.981345771 887.619961301 
44 2.2702811434 102.010688071 895.719030786 
45 2.15733213628 94.6117672071 903.230900657 
46 2.05760859044 87.7446569322 910.197734477 
47 1.96924953236 81.372007797 916.658742671 
48 1.89070431061 75.4589198835 922.650375806 
49 1.82067091844 69.972824196 928.206504886 
50 1.75805005812 64.8833528901 933.358597052 
51 1.70191128147 60.1622108034 938.135877915 
52 1.65145936261 55.7830552697 942.565485368 
53 1.6060084015 51.7213783745 946.672613224 
54 1.56498252374 47.9543688319 950.480648644 
55 1.52789308106 44.4608106579 954.011296261 
56 1.49429411167 41.2210241917 957.284681697 
57 1.4638049537 38.2166812225 960.319513824 
58 1.43609293343 35.4307468248 963.133160242 
59 1.41087179777 32.8474511875 965.741677015 
60 1.38788391434 30.4521311591 968.159984927 
61 1.36690810338 28.2311728755 970.401919021 
62 1.34774483165 26.171917713 972.480337455 
63 1.33021961682 24.2626383616 974.407142022 
64 1.31417657205 22.4924472259 976.193376202 
65 1.29947664781 20.851240844 977.849282508 
66 1.28599658321 19.3296498523 979.384353565 
67 1.27362477563 17.9189718672 980.807403357 
68 1.26226253444 16.6111468758 982.12659059 
69 1.2518198786 15.3986833255 983.349496796 
70 1.24221678867 14.2746466988 984.483136513 
71 1.23338040778 13.2325949323 985.53402466 
72 1.22524530312 12.2665608124 986.508193884 
73 1.21775211089 11.3710069812 987.411240908 
74 1.21084665871 10.540790248 988.248363093 
75 1.20447974252 9.77114633902 989.024373918 
76 1.19860730169 9.0576657597 989.743726939 
77 1.19319015561 8.39627132496 990.410538519 
78 1.18819095368 7.78315894053 991.028650106 
79 1.18357509243 7.21479324985 991.601631658 
80 1.17931196678 6.68791136003 992.132776673 
81 1.17537406009 6.19949540623 992.625130534 
82 1.17173565037 5.74673927283 993.081525077 
83 1.16837299471 5.32703905676 993.504587949 
84 1.16526449959 4.93798245242 993.896753048 
85 1.16239041899 4.5773327787 994.260276802 
86 1.15973258235 4.24301640952 994.597251008 
87 1.15727429664 3.93311244664 994.909613257 
88 1.1550002238 3.64583979175 995.199159984 
89 1.15289624058 3.37954566294 995.467558096 
90 1.15094935592 3.13269816373 995.71635248 
91 1.14914760989 2.90387781839 995.946974572 
92 1.14747998721 2.69176863953 996.160751373 
93 1.14593632734 2.49515011838 996.358913554 
94 1.14450728328 2.31289200603 996.542600711 
95 1.14318421985 2.14394572212 996.712870058 
96 1.14195916438 1.98733882838 996.870702007 
97 1.14082477002 1.8421703945 997.017004835 
98 1.13977424331 1.70760484971 997.152620907 
99 1.13880131795 1.58286804354 997.278330639 
100 1.13790020765 1.46724245491 997.394857337 
