Time S I R
0.0  10000 1 0
1 9998.02179103 2.17776633204 0.800442640536 
2 9993.71591865 4.74080599554 2.54327535368 
3 9984.35280791 10.3115371743 6.33565491412 
4 9964.03653582 22.3867795628 14.5766846151 
5 9920.15902992 48.4084643661 32.4325057139 
6 9826.34221602 103.780350312 70.8774336658 
7 9629.97351866 218.477327388 152.549153955 
8 9236.59057349 443.115330978 321.294095527 
9 8512.90021648 836.700269731 651.399513793 
10 7365.5309667 1398.33836613 1237.13066717 
11 5903.41655901 1965.17554262 2132.40789838 
12 4456.99273202 2274.4720931 3269.53517488 
13 3310.63334467 2217.84587723 4472.5207781 
14 2523.70089765 1906.66715882 5570.63194353 
15 2018.40793669 1508.03536198 6474.55670133 
16 1699.56092851 1131.23465884 7170.20441265 
17 1497.18266757 820.654732647 7683.16259979 
18 1366.98044455 582.75765129 8051.26190416 
19 1282.03520177 408.136501926 8310.8282963 
20 1225.9581243 283.25617742 8491.78569828 
21 1188.59942842 195.406172675 8616.99439891 
22 1163.54309502 134.260849491 8703.19605549 
23 1146.65681798 91.9994784023 8762.34370362 
24 1135.23796552 62.9257088876 8802.83632559 
25 1127.4980432 42.9866729254 8830.51528388 
26 1122.24320109 29.3410213313 8849.41577758 
27 1118.67153979 20.0156234763 8862.31283674 
28 1116.24204704 13.648806242 8871.10914672 
29 1114.58859676 9.30476905733 8877.10663418 
30 1113.46289925 6.34218043693 8881.19492031 
31 1112.69631686 4.32233668959 8883.98134645 
32 1112.17419807 2.94552295502 8885.88027898 
33 1111.81854257 2.0071579852 8887.17429945 
34 1111.57625935 1.36767840005 8888.05606225 
35 1111.41119989 0.931912242236 8888.65688787 
36 1111.29874627 0.634977314509 8889.06627641 
37 1111.2221307 0.432649369677 8889.34521993 
38 1111.16993103 0.294788413818 8889.53528056 
39 1111.13436595 0.200854819236 8889.66477923 
40 1111.11013424 0.136852258464 8889.7530135 
41 1111.09362435 0.0932440465768 8889.8131316 
42 1111.0823755 0.063531491533 8889.85409301 
43 1111.07471122 0.0432869443745 8889.88200183 
44 1111.06948922 0.0294933477286 8889.90101743 
45 1111.06593125 0.0200951476187 8889.9139736 
46 1111.06350705 0.0136917215809 8889.92280123 
47 1111.06185534 0.00932877860992 8889.92881588 
48 1111.06072996 0.00635611094904 8889.93291393 
49 1111.05996318 0.00433068029265 8889.93570614 
50 1111.05944076 0.00295071430151 8889.93760853 
51 1111.05908482 0.00201052896512 8889.93890465 
52 1111.05884228 0.00136984911167 8889.93978787 
53 1111.05867702 0.000933331471096 8889.94038964 
54 1111.05856443 0.000635929319976 8889.94079964 
55 1111.0584877 0.000433241016297 8889.94107906 
56 1111.05843541 0.000295116916582 8889.94126947 
57 1111.05839981 0.000201089410129 8889.9413991 
58 1111.05837556 0.000137024938157 8889.94148741 
59 1111.05835903 9.33496348461e-05 8889.94154762 
60 1111.05834777 6.36140249705e-05 8889.94158862 
61 1111.05834011 4.33860920475e-05 8889.9416165 
62 1111.05833489 2.95865244185e-05 8889.94163553 
63 1111.05833132 2.01631073709e-05 8889.94164852 
64 1111.05832889 1.37500046977e-05 8889.94165736 
65 1111.05832724 9.38816368028e-06 8889.94166337 
66 1111.05832612 6.4170620416e-06 8889.94166747 
67 1111.05832535 4.38714681651e-06 8889.94167026 
68 1111.05832481 2.97313421157e-06 8889.94167221 
69 1111.05832444 1.98393523402e-06 8889.94167358 
70 1111.0583242 1.35645669837e-06 8889.94167444 
