Time S I R
0  997 3 0
1 995.59802059 4.08016490253 0.321814507555 
2 993.695044814 5.54560021631 0.759354969347 
3 991.115568528 7.53065242568 1.35377904627 
4 987.625595455 10.2139159907 2.16048855385 
5 982.915562156 13.8306903936 3.25374745047 
6 976.580424751 18.6870701972 4.73250505212 
7 968.098112112 25.1743372839 6.72755060435 
8 956.809645511 33.7804645289 9.40988996005 
9 941.907340435 45.0928406945 12.9998188708 
10 922.441932476 59.7825635028 17.775504021 
11 897.364707956 78.55652739 24.078764654 
12 865.624111398 102.061516615 32.3143719878 
13 826.332618201 130.729446096 42.9379357029 
14 779.002213663 164.570761099 56.4270252374 
15 723.810176996 202.957377725 73.2324452781 
16 661.809675269 244.47815762 93.7121671114 
17 594.973352121 286.967437281 118.059210599 
18 525.988709742 327.768520003 146.242770255 
19 457.826539772 364.190286573 177.983173655 
20 393.220610343 394.007368514 212.772021143 
21 334.246280087 415.820703215 249.933016698 
22 282.122307699 429.172736507 288.704955794 
23 237.246345844 434.429656656 328.3239975 
24 199.382030152 432.529790944 368.088178904 
25 167.894833627 424.70809477 407.397071603 
26 141.961243995 412.270656276 445.76809973 
27 120.719602211 396.444809528 482.835588261 
28 103.360741957 378.299769873 518.33948817 
29 89.1716275873 358.719197548 552.109174865 
30 77.5491799799 338.404217077 584.046602943 
31 67.9963862223 317.893304004 614.110309774 
32 60.1104442062 297.587876409 642.301679384 
33 53.568207464 277.778199666 668.653592869 
34 48.111900875 258.666769347 693.221329778 
35 43.5363511815 240.388171656 716.075477162 
36 39.6782733275 223.025249876 737.296476796 
37 36.4075318466 206.621976319 756.970491834 
38 33.6200837986 191.193589994 775.186326208 
39 31.2324525431 176.734381086 792.03316637 
40 29.1773705704 163.223673764 807.598955665 
41 27.4003773925 150.630390452 821.969232155 
42 25.8571644694 138.916487983 835.226347548 
43 24.5114962003 128.039555149 847.448948651 
44 23.3335910056 117.954734995 858.711673999 
45 22.2988439152 108.61615939 869.084996695 
46 21.3868231091 99.9779949461 878.635181945 
47 20.5804774647 91.9951951688 887.424327366 
48 19.8655071546 84.6240322184 895.510460627 
49 19.2298622134 77.8224600656 902.947677721 
50 18.6633355578 71.5503580475 909.786306395 
51 18.157263378 65.7696365887 916.073100033 
52 17.7042313964 60.4443567146 921.851411889 
53 17.2978926697 55.5407025656 927.161404765 
54 16.9327734491 51.026989665 932.040236886 
55 16.6041461741 46.8735932211 936.522260605 
56 16.3079109255 43.0528813948 940.63920768 
57 16.0404951096 39.5391403993 944.420364491 
58 15.7987818614 36.3084716291 947.89274651 
59 15.580037974 33.3387025752 951.081259451 
60 15.3818621285 30.6092851504 954.008852721 
61 15.2021372253 28.1011988704 956.696663904 
62 15.038990291 25.796856036 959.164153673 
63 14.8907719707 23.6799935927 961.429234437 
64 14.7560082532 21.7356100982 963.508381649 
65 14.6333867294 19.9498511423 965.416762128 
66 14.521741854 18.3099507767 967.168307369 
67 14.420024766 16.8041328867 968.775842347 
68 14.3273026823 15.421556168 970.25114115 
69 14.2427349287 14.1522288455 971.605036226 
70 14.1655685377 12.9869587237 972.847472739 
71 14.095124792 11.9172826877 973.98759252 
72 14.0307919317 10.9354156172 975.033792451 
73 13.972018794 10.0341981859 975.99378302 
74 13.9183060472 9.20704421882 976.874649734 
75 13.869203453 8.44790311887 977.682893428 
76 13.824301377 7.75120489351 978.42449373 
77 13.783228349 7.11183473454 979.104936916 
78 13.7456510852 6.52510205529 979.72924686 
79 13.7112674376 5.98669795102 980.302034611 
80 13.6797969331 5.49264750313 980.827555564 
81 13.6509856337 5.03930279658 981.30971157 
82 13.6246057375 4.6233238349 981.752070428 
83 13.600449096 4.24164161201 982.157909292 
84 13.5783245295 3.89143382236 982.530241648 
85 13.558058267 3.57011051315 982.87183122 
86 13.5394920915 3.27529377076 983.185214138 
87 13.5224814922 3.00480063763 983.47271787 
88 13.5068945868 2.75662857636 983.736476837 
89 13.49261091 2.52893888113 983.978450209 
90 13.4795203461 2.32004297889 984.200436675 
91 13.4675222776 2.12839142801 984.404086294 
92 13.4565247479 1.95256259035 984.590912662 
93 13.4464435989 1.79125108512 984.762305316 
94 13.4372019178 1.64325958209 984.9195385 
95 13.4287294637 1.5074905062 985.06378003 
96 13.420961716 1.38293438408 985.1961039 
97 13.4138397313 1.26866587137 985.317494397 
98 13.4073095881 1.16383619107 985.428854221 
99 13.4013217974 1.06766553206 985.53101267 
100 13.3958311573 0.979439485255 985.624729357 
