Time S I R
0  997 3 0
1 992.312234351 7.47575741585 0.212008232859 
2 980.76855352 18.493065184 0.738381295798 
3 953.031568147 44.9395218789 2.0289099744 
4 890.139659975 104.760374666 5.09996535879 
5 764.512610886 223.543555115 11.9438339987 
6 566.7619407 407.830537367 25.4075219328 
7 347.535376333 605.056487908 47.4081357587 
8 180.709159736 742.464275547 76.8265647165 
9 85.4963657111 804.010484619 110.49314967 
10 39.154581465 815.221248483 145.624170052 
11 17.9822572577 801.389846822 180.62789592 
12 8.41886857167 776.814481587 214.766649841 
13 4.04503724807 748.214571584 247.740391168 
14 1.99899719982 718.55304063 279.44796217 
15 1.01639953505 689.108636335 309.87496413 
16 0.531444909691 660.424347822 339.044207268 
17 0.285517746338 632.720422136 366.994060118 
18 0.157400235806 606.073702638 393.768897126 
19 0.0889979373419 580.496157486 419.414844577 
20 0.0515666529448 555.970620195 443.977813152 
21 0.0306375602383 532.466719502 467.502642937 
22 0.0185572716055 509.94868353 490.032759198 
23 0.0114826361303 488.378549702 511.609967662 
24 0.00725565737707 467.718311501 532.274432841 
25 0.00467332940627 447.930641641 552.06468503 
26 0.00307100838108 428.979311132 571.01761786 
27 0.00205397407058 410.829335408 589.168610618 
28 0.00138940937507 393.446989147 606.551621444 
29 0.000953549623773 376.799903009 623.199143441 
30 0.000667417939667 360.85702371 639.142308872 
31 0.000473150122616 345.588581584 654.410945266 
32 0.000331811673846 330.966030929 669.03363726 
33 0.000232088284974 316.96213319 683.037634722 
34 0.000161918335152 303.550642724 696.449195357 
35 0.000119815852827 290.706555528 709.293324656 
36 0.000111530589152 278.406095477 721.593792993 
37 0.000110706291025 266.626062879 733.373826415 
38 0.000103325639657 255.344504783 744.655391892 
39 8.87374712875e-05 244.540280056 755.459631206 
40 6.99044322801e-05 234.19323894 765.806691156 
41 4.95503923048e-05 224.2839748 775.715975649 
42 3.38355546319e-05 214.793987144 785.205979021 
43 2.8864106639e-05 205.705565507 794.294405629 
44 3.1135745644e-05 197.001679451 802.998289413 
45 3.60805314585e-05 188.66607795 811.333885969 
46 3.62339053481e-05 180.683200667 819.316763099 
47 3.45741511865e-05 173.038150539 826.961814887 
48 3.15371206625e-05 165.71660794 834.283360522 
49 2.65204865855e-05 158.704796404 841.295177076 
50 2.02956987323e-05 151.989649851 848.010329854 
51 1.44543248553e-05 145.558639879 854.441345667 
52 1.13723782533e-05 139.399729834 860.600258794 
53 1.0909581988e-05 133.501413047 866.498576043 
54 1.16780348662e-05 127.852671692 872.14731663 
55 1.19265919238e-05 122.442940154 877.55704792 
56 1.11844925641e-05 117.26210718 882.737881636 
57 1.01421272802e-05 112.300492628 887.699497229 
58 8.98535643046e-06 107.54881323 892.451177784 
59 7.8695712773e-06 102.998183291 897.001808839 
60 6.73898773584e-06 98.6401038782 901.359889383 
61 5.88778721067e-06 94.4664241943 905.533569918 
62 5.56042607514e-06 90.4693387068 909.530655733 
63 5.57888984076e-06 86.6413831168 913.358611304 
64 5.82412474159e-06 82.9753992354 917.02459494 
65 5.93415541061e-06 79.4645283916 920.535465674 
66 5.64387266877e-06 76.102201859 923.897792497 
67 5.42550958471e-06 72.8821341554 927.117860419 
68 5.28005875822e-06 69.7983081658 930.201686554 
69 5.09254880399e-06 66.8449700594 933.155024848 
70 4.77874880289e-06 64.0166076423 935.983387579 
71 4.56014458905e-06 61.307917535 938.692077905 
72 4.43012731921e-06 58.7138362668 941.286159303 
73 4.29443059602e-06 56.2295185212 943.770477184 
74 4.06911919981e-06 53.8503234032 946.149672528 
75 3.883060117e-06 51.5717967216 948.428199395 
76 3.73067666715e-06 49.3896784929 950.610317776 
77 3.58355509888e-06 47.2998902453 952.700106171 
78 3.41603742982e-06 45.2985260618 954.701470522 
79 3.25047381011e-06 43.3818425928 956.618154157 
80 3.09088829908e-06 41.5462571507 958.453739758 
81 2.94973438031e-06 39.7883398857 960.211657165 
82 2.83862004835e-06 38.1048059662 961.895191195 
83 2.74149374491e-06 36.4925060837 963.507491175 
84 2.65527012289e-06 34.9484260419 965.051571303 
85 2.57525175584e-06 33.4696795277 966.530317897 
86 2.49695756338e-06 32.0535023056 967.946495197 
87 2.42350370172e-06 30.6972461452 969.302751431 
88 2.35449920183e-06 29.3983756858 970.60162196 
89 2.28982435146e-06 28.1544634642 971.845534246 
90 2.22935580041e-06 26.9631843776 973.036813393 
91 2.17178956063e-06 25.8223092036 974.177688625 
92 2.11703479636e-06 24.7297051334 975.27029275 
93 2.06546292247e-06 23.6833305941 976.31666734 
94 2.01793170618e-06 22.6812317885 977.318766194 
95 1.97532312995e-06 21.7215378055 978.278460219 
96 1.9363943693e-06 20.8024504682 979.197547595 
97 1.90067942185e-06 19.9222508855 980.077747214 
98 1.86760644283e-06 19.0792939018 980.920704231 
99 1.83620886673e-06 18.2720047235 981.72799344 
100 1.80528661531e-06 17.498875745 982.50112245 
