Time S I R
0  997 3 0
1 993.266018809 6.40961609054 0.324365100686 
2 985.353395717 13.6308330221 1.01577126061 
3 968.815803395 28.7052605779 2.47893602687 
4 935.227140847 59.2436842072 5.52917494536 
5 870.801007387 117.499685599 11.6993070146 
6 759.733173514 216.772367783 23.4944587028 
7 599.221938815 356.767019961 44.0110412244 
8 417.317790388 507.396488448 75.2857211637 
9 259.217219019 624.333400123 116.449380858 
10 149.370148636 686.528326171 164.101525193 
11 83.4171008193 702.120295732 214.462603449 
12 46.5990588343 688.603450088 264.797491077 
13 26.5143821946 659.942151595 313.54346621 
14 15.5019249075 624.557597171 359.940477922 
15 9.34592405943 586.970062462 403.684013478 
16 5.81464423827 549.477819686 444.707536075 
17 3.73102268614 513.205495193 483.063482121 
18 2.46597998914 478.672782786 518.861237225 
19 1.6762118154 446.088532554 552.23525563 
20 1.16988935405 415.501449929 583.328660717 
21 0.836904620581 386.878308077 612.284787302 
22 0.612704666883 360.144370669 639.242924664 
23 0.458344514425 335.205501347 664.336154138 
24 0.34986578154 311.959702102 687.690432116 
25 0.272094826371 290.303642831 709.424262343 
26 0.215340885303 270.135899833 729.648759281 
27 0.173216969104 251.358946244 748.467836787 
28 0.141457140753 233.880006487 765.978536373 
29 0.117170886567 217.611435387 782.271393727 
30 0.0983274027604 202.470877115 797.430795483 
31 0.0834993424274 188.38110742 811.535393237 
32 0.0717277446147 175.269886884 824.658385371 
33 0.0622763144158 163.069757691 836.867965995 
34 0.0546055609782 151.71776902 848.227625419 
35 0.0483161334107 141.155206034 858.796477832 
36 0.0431219346376 131.327406918 868.629471147 
37 0.0387953899585 122.183382008 877.777822602 
38 0.0351645548662 113.675687596 886.289147849 
39 0.0320906732916 105.760086825 894.207822502 
40 0.0294692645411 98.3954276175 901.575103118 
41 0.0272227714312 91.5434211981 908.42935603 
42 0.0252873991809 85.1684243797 914.806288221 
43 0.0236103652551 79.2372567972 920.739132838 
44 0.0221501120784 73.719041815 926.258808073 
45 0.020872686967 68.585047077 931.394080236 
46 0.0197506224434 63.808537174 936.171712204 
47 0.0187616938168 59.3646498752 940.616588431 
48 0.0178862739222 55.2302154101 944.751898316 
49 0.0171071621625 51.3836527946 948.599240043 
50 0.0164102771921 47.8049293411 952.178660382 
51 0.0157862918478 44.4754173817 955.508796326 
52 0.015230607852 41.3778156186 958.606953774 
53 0.0147330352368 38.4959573013 961.489309663 
54 0.0142837377998 35.8147919252 964.170924337 
55 0.013876498704 33.3203382984 966.665785203 
56 0.0135079471786 30.9996072871 968.986884766 
57 0.0131748515124 28.8405108752 971.146314273 
58 0.0128725426597 26.8317872118 973.155340246 
59 0.01259723749 24.9629661837 975.024436579 
60 0.0123463110075 23.2243036609 976.763350028 
61 0.0121173737456 21.6067323449 978.381150281 
62 0.0119082027586 20.1018181495 979.886273648 
63 0.0117168450299 18.7017183798 981.286564775 
64 0.0115415951926 17.3991357929 982.589322612 
65 0.0113809072058 16.1872766071 983.801342486 
66 0.0112334165027 15.0598219265 984.928944657 
67 0.011097910113 14.0108928767 985.978009213 
68 0.0109733124987 13.0350212285 986.954005459 
69 0.0108586411161 12.1271168149 987.862024544 
70 0.0107530236078 11.2824460657 988.706800911 
71 0.0106556965704 10.4966095146 989.492734789 
72 0.0105659441738 9.76550752245 990.223926533 
73 0.0104831194757 9.08532623139 990.904190649 
74 0.0104066489855 8.45252102774 991.537072323 
75 0.0103360054902 7.86379097703 992.125873017 
76 0.0102707103999 7.31606512716 992.673664162 
77 0.010210335686 6.80648964368 993.183300021 
78 0.0101544861668 6.33240677525 993.657438739 
79 0.010102799691 5.89134325814 994.098553942 
80 0.0100549503101 5.4810010572 994.508943992 
81 0.0100106379149 5.09924032833 994.890749034 
82 0.00996958649421 4.74406906953 995.245961344 
83 0.00993154590333 4.41363620396 995.57643225 
84 0.00989628577122 4.10621866795 995.883885046 
85 0.00986359344483 3.82021246601 996.169923941 
86 0.00983327532867 3.55412722169 996.436039503 
87 0.00980515302876 3.30657577208 996.683619075 
88 0.00977906138962 3.07626617724 996.913954761 
89 0.0097548494731 2.8619981122 997.128247038 
90 0.00973237809387 2.66265463507 997.327612987 
91 0.00971151815827 2.47719536139 997.51309312 
92 0.00969215130067 2.30465362395 997.685654225 
93 0.00967416827257 2.14413008181 997.84619575 
94 0.00965746761733 1.99478692831 997.995555604 
95 0.00964195606514 1.85584575299 998.134512291 
96 0.00962754745149 1.72658248832 998.263789964 
97 0.00961416167593 1.60632241518 998.384063423 
98 0.00960172493501 1.49443861765 998.495959657 
99 0.00959016898742 1.39034802284 998.600061808 
100 0.00957943036792 1.29350733994 998.69691323 
