Time S I R
0  997 3 0
1 996.123995609 3.63510416214 0.240900228845 
2 995.063707569 4.40353063192 0.532761798884 
3 993.780994992 5.33273966376 0.88626534406 
4 992.230113586 6.45560277528 1.31428363876 
5 990.356347346 7.81134652975 1.83230612407 
6 988.094417657 9.44663447557 2.45894786707 
7 985.366759022 11.4167156555 3.21652532264 
8 982.081606808 13.7866638504 4.13172934158 
9 978.130991926 16.6326203764 5.23638769722 
10 973.388735533 20.0429545758 6.56830989074 
11 967.708588752 24.1191931713 8.17221807637 
12 960.922767309 28.9765081731 10.1007245181 
13 952.841207597 34.7434699764 12.4153224264 
14 943.252002159 41.5606778347 15.1873200067 
15 931.92359246 49.5777878346 18.4986197056 
16 918.60940843 58.9483855592 22.4422060109 
17 903.055699872 69.8221361286 27.122163999 
18 885.013249217 82.3337386629 32.6530121201 
19 864.25341448 96.5884788177 39.1581067023 
20 840.588451355 112.644671424 46.766877221 
21 813.895259947 130.494041438 55.6106986144 
22 784.140628025 150.042054582 65.8173173929 
23 751.404861139 171.091207222 77.5039316398 
24 715.89972621 193.331000517 90.7692732726 
25 677.976450022 216.338239885 105.685310092 
26 638.119198486 239.591331107 122.289470407 
27 596.924202804 262.497407405 140.578389791 
28 555.063600349 284.432290238 160.504109413 
29 513.239547912 304.786970762 181.973481326 
30 472.134896563 323.014109127 204.85099431 
31 432.367644014 338.667673217 228.964682769 
32 394.455528161 351.429777337 254.114694502 
33 358.794696116 361.122219674 280.083084211 
34 325.652952299 367.703088936 306.643958765 
35 295.175747146 371.251354384 333.57289847 
36 267.401349691 371.943700549 360.65494976 
37 242.281177069 370.028039379 387.690783552 
38 219.701641783 365.797464068 414.500894148 
39 199.504897635 359.567030656 440.928071709 
40 181.506769362 351.654904886 466.838325752 
41 165.511213411 342.368333898 492.120452691 
42 151.321084222 331.993978179 516.684937599 
43 138.745556479 320.792253634 540.462189887 
44 127.605137472 308.994321506 563.400541022 
45 117.734461876 296.801463374 585.464074751 
46 108.98351558 284.386011872 606.630472548 
47 101.217801937 271.893232162 626.888965901 
48 94.3177767396 259.443767472 646.238455788 
49 88.1779123636 247.136266393 664.685821244 
50 82.7055090481 235.05007052 682.244420432 
51 77.8194995493 223.24779071 698.932709741 
52 73.4490059342 211.777779058 714.773215007 
53 69.532269211 200.676195189 729.7915356 
54 66.015469461 189.96904009 744.015490449 
55 62.8517290218 179.673772923 757.474498055 
56 60.0002152055 169.800798577 770.198986218 
57 57.4253026489 160.354796351 782.219901 
58 55.0959138721 151.335715367 793.568370761 
59 52.9848964627 142.739724595 804.275378943 
60 51.0684632712 134.560039313 814.371497416 
61 49.3257860735 126.787480646 823.886733281 
62 47.7385723401 119.411075222 832.850352438 
63 46.2907172436 112.418521541 841.290761216 
64 44.9680426701 105.796514604 849.235442726 
65 43.7580224158 99.5310965665 856.710881018 
66 42.6495672761 93.6079085992 863.742524125 
67 41.6328558276 88.0123729314 870.354771241 
68 40.6991562501 82.7298902664 876.570953484 
69 39.8406966642 77.745961058 882.413342278 
70 39.0505391514 73.0463042956 887.903156553 
71 38.3225101904 68.6168881863 893.060601623 
72 37.6510559488 64.4440878243 897.904856227 
73 37.0312085242 60.5146638214 902.454127654 
74 36.4584937416 56.8158352108 906.725671048 
75 35.9288886749 53.3352804954 910.73583083 
76 35.4387631093 50.0611654782 914.500071412 
77 34.9848380405 46.9821483556 918.033013604 
78 34.5641464248 44.0873848288 921.348468746 
79 34.1739981345 41.3665250176 924.459476848 
80 33.8119511595 38.8097064627 927.378342378 
81 33.4757827407 36.4075499453 930.116667314 
82 33.1634744195 34.1511344483 932.685391132 
83 32.8731837846 32.031996926 935.094819289 
84 32.6032241655 30.0421220035 937.354653831 
85 32.3520602217 28.1739083847 939.474031394 
86 32.1182806045 26.420171192 941.461548204 
87 31.9005942243 24.7741136521 943.325292124 
88 31.6978179256 23.2293117314 945.072870343 
89 31.5088608977 21.7797046146 946.711434488 
90 31.3327236999 20.4195681129 948.247708187 
91 31.1684843637 19.1435059137 949.688009723 
92 31.0152934783 17.9464311999 951.038275322 
93 30.8723692128 16.8235493363 952.304081451 
94 30.7389877372 15.7703460891 953.490666174 
95 30.6144818979 14.782569991 954.602948111 
96 30.4982344813 13.8562199551 955.645545564 
97 30.3896738754 12.987531968 956.622794157 
98 30.2882717381 12.1729650213 957.538763241 
99 30.19353704 11.409190052 958.397272908 
100 30.1050156419 10.693076986 959.201907372 
