Time S I R
0  997 3 0
1 992.718489166 7.1535703689 0.127940465225 
2 982.614005551 16.9539097074 0.432084741255 
3 959.241175636 39.6110603826 1.14776398159 
4 907.599287725 89.6077856457 2.7929266294 
5 804.202742542 189.40863072 6.38862673754 
6 632.677255267 353.802552497 13.5201922362 
7 420.62912332 553.715231594 25.6556450863 
8 235.868409518 721.278694266 42.852896216 
9 117.3067175 819.075731633 63.6175508674 
10 54.9399884076 858.891932034 86.1680795579 
11 25.2412783445 865.46884123 109.289880426 
12 11.6224170837 856.031965895 132.345617021 
13 5.41697634145 839.54188844 155.041135219 
14 2.56628634241 820.182746527 177.25096713 
15 1.23775885008 799.83539096 198.92685019 
16 0.608097441582 779.336859412 220.055043146 
17 0.30429428886 759.058568066 240.637137645 
18 0.155064890351 739.163427484 260.681507625 
19 0.0803580707029 719.720184072 280.199457857 
20 0.0424247558744 700.754084964 299.20349028 
21 0.0227832855782 682.27074637 317.706470345 
22 0.0124977707842 664.266226259 335.72127597 
23 0.00691031766121 646.732473817 353.260615865 
24 0.00386029221659 629.6591811 370.336958608 
25 0.00220233489813 613.035316541 386.962481125 
26 0.00127641334166 596.849667219 403.149056368 
27 0.000750047873908 581.090988334 418.908261618 
28 0.000447374178748 565.748179831 434.251372795 
29 0.000270729554586 550.810358631 449.189370639 
30 0.000165814976071 536.266884346 463.732949839 
31 9.75900493358e-05 522.107396505 477.892505904 
32 4.80833208485e-05 508.321747953 491.678203964 
33 2.49687664109e-05 494.900053764 505.099921267 
34 1.33510125124e-05 481.83269706 518.167289589 
35 3.07423078993e-07 469.110340625 530.889659068 
36 0 456.723931836 543.276068164 
37 0 444.664592738 555.335407262 
38 0 432.923659478 567.076340522 
39 0 421.492743998 578.507256002 
40 0 410.363651753 589.636348247 
41 0 399.528402739 600.471597261 
42 0 388.97925601 611.02074399 
43 0 378.70864996 621.29135004 
44 0 368.709219704 631.290780296 
45 0 358.973822214 641.026177786 
46 0 349.495479955 650.504520045 
47 0 340.26739509 659.73260491 
48 0 331.282975333 668.717024667 
49 0 322.535782161 677.464217839 
50 0 314.019541649 685.980458351 
51 0 305.728177863 694.271822137 
52 0 297.655726776 702.344273224 
53 0 289.79641884 710.20358116 
54 0 282.144634152 717.855365848 
55 0 274.694884243 725.305115757 
56 0 267.441822298 732.558177702 
57 0 260.380263536 739.619736464 
58 0 253.505163021 746.494836979 
59 0 246.811609612 753.188390388 
60 0 240.294817784 759.705182216 
61 0 233.950121644 766.049878356 
62 0 227.772971383 772.227028617 
63 0 221.758925795 778.241074205 
64 0 215.903646125 784.096353875 
65 0 210.202933778 789.797066222 
66 0 204.65274583 795.34725417 
67 0 199.249107862 800.750892138 
68 0 193.988147977 806.011852023 
69 0 188.866093652 811.133906348 
70 0 183.879275406 816.120724594 
71 0 179.024131738 820.975868262 
72 0 174.297186346 825.702813654 
73 0 169.695053046 830.304946954 
74 0 165.21443309 834.78556691 
75 0 160.852115966 839.147884034 
76 0 156.6049843 843.3950157 
77 0 152.46999684 847.53000316 
78 0 148.444190874 851.555809126 
79 0 144.524680071 855.475319929 
80 0 140.708655524 859.291344476 
81 0 136.993388808 863.006611192 
82 0 133.376222214 866.623777786 
83 0 129.854564407 870.145435593 
84 0 126.425891472 873.574108528 
85 0 123.087747089 876.912252911 
86 0 119.837751578 880.162248422 
87 0 116.673580057 883.326419943 
88 0 113.592966319 886.407033681 
89 0 110.593702599 889.406297401 
90 0 107.6736378 892.3263622 
91 0 104.830675797 895.169324203 
92 0 102.062773827 897.937226173 
93 0 99.3679409698 900.63205903 
94 0 96.7442370978 903.255762902 
95 0 94.1897874373 905.810212563 
96 0 91.7027677668 908.297232233 
97 0 89.2813987868 910.718601213 
98 0 86.9239511688 913.076048831 
99 0 84.628745143 915.371254857 
100 0 82.3941502043 917.605849796 
