Time S I R
0  997 3 0
1 996.476332014 3.31143561651 0.212232369432 
2 995.898646025 3.65486736646 0.446486608776 
3 995.261470113 4.03350797979 0.705021907696 
4 994.55879534 4.45087917953 0.990325480379 
5 993.784033657 4.9108344446 1.30513189862 
6 992.929965262 5.4175873994 1.65244733854 
7 991.988686226 5.97573964095 2.03557413296 
8 990.951555404 6.59030833046 2.45813626584 
9 989.809120638 7.26676427847 2.92411508341 
10 988.55107375 8.01105356947 3.43787268039 
11 987.16617801 8.82963291155 4.00418907894 
12 985.642204241 9.729499095 4.62829666366 
13 983.965863373 10.7182185698 5.31591805713 
14 982.122741544 11.8039533032 6.07330515243 
15 980.097236803 12.9954826613 6.90728053597 
16 977.872494747 14.302228071 7.82527718227 
17 975.430359899 15.7342547267 8.83538537408 
18 972.751317274 17.3022880786 9.94639464774 
19 969.814472876 19.0176892275 11.167837896 
20 966.597508074 20.8924571529 12.5100347733 
21 963.076708135 22.9391612626 13.9841306022 
22 959.226938486 25.1709230514 15.6021384625 
23 955.021748981 27.6012861627 17.3769648568 
24 950.4333834 30.244168866 19.3224477337 
25 945.432991098 33.1136499841 21.4533589179 
26 939.990679458 36.2238855536 23.7854349882 
27 934.075856788 39.5887971406 26.3353460715 
28 927.657444141 43.2218656247 29.1206902345 
29 920.704227484 47.135822387 32.1599501291 
30 913.185283368 51.3422880426 35.4724285889 
31 905.070446035 55.8513845441 39.0781694207 
32 896.330920805 60.6712574241 42.9978217709 
33 886.939854133 65.8076307389 47.2525151277 
34 876.873081295 71.2632556512 51.8636630535 
35 866.109869218 77.0373859111 56.8527448705 
36 854.633690898 83.1252363967 62.2410727055 
37 842.433087893 89.5174462649 68.0494658426 
38 829.502442153 96.1995920057 74.2979658409 
39 815.842783328 103.151775005 81.005441667 
40 801.462486251 110.348282695 88.1892310534 
41 786.377843258 117.757408669 95.8647480722 
42 770.613515209 125.341414735 104.045070056 
43 754.202831809 133.056641445 112.740526746 
44 737.187766031 140.853901498 121.958332471 
45 719.618826004 148.6789738 131.702200195 
46 701.554502344 156.473430778 141.972066878 
47 683.06064149 164.175558285 152.763800225 
48 664.209415348 171.721531112 164.06905354 
49 645.078202639 179.04665208 175.87514528 
50 625.748165735 186.086790465 188.1650438 
51 606.302785272 192.779779157 200.917435571 
52 586.826357542 199.066672022 214.106970436 
53 567.402226353 204.893321983 227.704451664 
54 548.111647766 210.211119462 241.677232772 
55 529.031881126 214.978488574 255.9896303 
56 510.235553095 219.16106797 270.603378935 
57 491.789031841 222.732744658 285.478223501 
58 473.752161939 225.67547816 300.572359902 
59 456.177295991 227.979585005 315.843119004 
60 439.109229006 229.643383657 331.247387337 
61 422.584993269 230.672757628 346.742249102 
62 406.633953366 231.080657861 362.285388772 
63 391.278166405 230.886240198 377.835593397 
64 376.532704057 230.114167511 393.353128432 
65 362.406247597 228.793687284 408.800065119 
66 348.901691668 226.957715569 424.140592763 
67 336.016706687 224.642097718 439.341195595 
68 323.744573042 221.884568723 454.370858235 
69 312.074607077 218.724248635 469.201144288 
70 300.993065226 215.200666113 483.80626866 
71 290.483479441 211.353398931 498.163121628 
72 280.527445425 207.221335951 512.251218625 
73 271.104936773 202.842377707 526.05268552 
74 262.194883901 198.252989074 539.552127025 
75 253.77548169 193.487946663 552.736571648 
76 245.824565139 188.580131124 565.595303737 
77 238.319883563 183.560354428 578.119762008 
78 231.239325344 178.457279009 590.303395648 
79 224.561131755 173.297365418 602.141502827 
80 218.264036512 168.10488391 613.631079577 
81 212.327391875 162.901914991 624.770693134 
82 206.73125138 157.708427849 635.560320771 
83 201.456444442 152.542340247 646.001215311 
84 196.484613148 147.419618289 656.095768563 
85 191.798239618 142.354375913 665.847384469 
86 187.380659288 137.358982841 675.260357871 
87 183.216054576 132.444185167 684.339760257 
88 179.28945161 127.619212983 693.091335407 
89 175.586697288 122.891902236 701.521400476 
90 172.09444271 118.268800847 709.636756443 
91 168.800088377 113.755307542 717.444604082 
92 165.691792916 109.355736319 724.952470765 
93 162.758422337 105.073434794 732.168142869 
94 159.989500936 100.910895391 739.099603673 
95 157.375211904 96.8698146999 745.754973396 
96 154.906328799 92.9512042804 752.142466921 
97 152.574200477 89.1554559165 758.270343607 
98 150.37071833 85.482412671 764.146868999 
99 148.288272753 81.9314415852 769.780285661 
100 146.319736355 78.5014896713 775.178773974 
