Time S I R
0.0  10000 1 0
1 9996.31456372 3.23039044532 1.45504583576 
2 9984.42653327 10.4212527266 6.1522140002 
3 9946.25534206 33.4724407181 21.2722172206 
4 9825.4761198 106.024598207 69.4992819927 
5 9460.32993547 321.678498745 218.99156578 
6 8491.62423158 863.962032269 645.413736154 
7 6602.64770129 1759.7423022 1638.60999651 
8 4376.46074288 2362.65168194 3261.88757518 
9 2789.13956392 2171.65448461 5040.20595147 
10 1934.82971802 1582.35503138 6483.81525059 
11 1506.51758868 1022.96293683 7471.51947449 
12 1287.88684847 622.653099577 8090.46005196 
13 1172.42359365 367.341021324 8461.23538503 
14 1109.73917141 213.125218601 8678.13560999 
15 1075.07636741 122.524928859 8803.39870373 
16 1055.69035138 70.0814694253 8875.22817919 
17 1044.7751099 39.97066685 8916.25422325 
18 1038.60523493 22.760387657 8939.63437741 
19 1035.10981875 12.9485631058 8952.94161815 
20 1033.12700833 7.36273088239 8960.51026079 
21 1032.00141646 4.18532344256 8964.8132601 
22 1031.36217707 2.37873849748 8967.25908444 
23 1030.9990575 1.35183345142 8968.64910905 
24 1030.79275987 0.768203863915 8969.43903626 
25 1030.67554769 0.436532412973 8969.8879199 
26 1030.60894827 0.248055491917 8970.14299623 
27 1030.57110589 0.140953877754 8970.28794023 
28 1030.5496032 0.0800945104631 8970.37030229 
29 1030.53738489 0.0455121161188 8970.41710299 
30 1030.53044215 0.0258613072239 8970.44369654 
31 1030.52649711 0.0146951373719 8970.45880775 
32 1030.52425543 0.00835019409991 8970.46739437 
33 1030.52298165 0.00474481428718 8970.47227354 
34 1030.52225785 0.00269612424201 8970.47504603 
35 1030.52184659 0.00153209639448 8970.47662131 
36 1030.52161288 0.000870572656221 8970.47751655 
37 1030.52148008 0.000494683570472 8970.47802524 
38 1030.52140458 0.000280990658682 8970.47831443 
39 1030.52136172 0.000159669342382 8970.47847861 
40 1030.52133737 9.07449777003e-05 8970.47857189 
41 1030.52132355 5.16472674805e-05 8970.4786248 
42 1030.52131569 2.93980403085e-05 8970.47865491 
43 1030.52131116 1.65628739403e-05 8970.47867228 
44 1030.52130861 9.35143433941e-06 8970.47868204 
45 1030.52130717 5.27015566562e-06 8970.47868756 
46 1030.52130639 3.0629170663e-06 8970.47869055 
47 1030.52130594 1.80028856473e-06 8970.47869226 
48 1030.52130568 1.04794293588e-06 8970.47869328 
49 1030.52130552 6.04965532742e-07 8970.47869388 
50 1030.52130543 3.49693390243e-07 8970.47869422 
51 1030.52130538 2.02972525107e-07 8970.47869442 
52 1030.52130535 1.17912244534e-07 8970.47869453 
53 1030.52130533 6.8393496769e-08 8970.4786946 
54 1030.52130532 3.3884107539e-08 8970.47869465 
55 1030.52130531 9.28845916247e-11 8970.47869469 
56 1030.5213053 -2.2434066485e-08 8970.47869472 
57 1030.52130529 -3.36967456908e-08 8970.47869474 
58 1030.52130529 -3.36951530258e-08 8970.47869474 
59 1030.5213053 -2.69697019253e-08 8970.47869473 
60 1030.52130529 -3.10426915129e-08 8970.47869474 
61 1030.52130529 -3.1996887123e-08 8970.47869474 
62 1030.52130529 -2.98322887555e-08 8970.47869473 
63 1030.5213053 -2.45488964105e-08 8970.47869473 
64 1030.5213053 -1.86303927154e-08 8970.47869472 
65 1030.5213053 -1.58849405574e-08 8970.47869472 
66 1030.5213053 -1.31394883994e-08 8970.47869471 
67 1030.5213053 -1.03940362414e-08 8970.47869471 
68 1030.5213053 -7.64858408338e-09 8970.4786947 
69 1030.5213053 -4.90313192537e-09 8970.4786947 
70 1030.5213053 -4.76692987177e-09 8970.4786947 
