Time S I R
0  997 3 0
1 995.41864598 4.46328287826 0.118071141394 
2 993.071592472 6.63474834931 0.293659178453 
3 989.595035663 9.85045247619 0.554511861299 
4 984.460606346 14.5979547705 0.941438883786 
5 976.91072963 21.575196909 1.51407346083 
6 965.879982463 31.7612900549 2.35872748223 
7 949.913381134 46.4880410529 3.59857781339 
8 927.111945425 67.482266041 5.40578853405 
9 895.168783207 96.8174596854 8.01375710785 
10 851.599761749 136.675169175 11.7250690756 
11 794.288452271 188.804326724 16.9072210051 
12 722.381115398 253.653322591 23.965562011 
13 637.305560019 329.408597374 33.2858426078 
14 543.332591391 411.515633208 45.1517754009 
15 447.027144024 493.309028203 59.663827773 
16 355.531662507 567.770781505 76.6975559882 
17 274.543862796 629.530773176 95.9253640283 
18 207.109351953 675.999856183 116.890791865 
19 153.650248043 707.250989217 139.098762739 
20 112.799751529 725.112720788 162.087527682 
21 82.3748493803 732.156859171 185.468291449 
22 60.085544937 730.97798057 208.936474493 
23 43.909294303 723.824981971 232.265723726 
24 32.2179049086 712.487628917 255.294466175 
25 23.7707620113 698.317910414 277.911327575 
26 17.6532946719 682.304484556 300.042220773 
27 13.2044681769 665.155488757 321.640043066 
28 9.95159272865 647.371519351 342.676887921 
29 7.55828297994 629.303359325 363.138357695 
30 5.78551597029 611.194990084 383.019493946 
31 4.46313119079 593.214992433 402.321876376 
32 3.46961020386 575.478801068 421.051588728 
33 2.71780560635 558.064410297 439.217784097 
34 2.14476793673 541.02357357 456.831658494 
35 1.70487365702 524.389368384 473.905757959 
36 1.36482707869 508.181706421 490.453466501 
37 1.100188507 492.411161677 506.488649816 
38 0.892834750072 477.081770673 522.025394577 
39 0.729275415933 462.192886517 537.077838067 
40 0.599446404347 447.7405074 551.660046195 
41 0.495764740676 433.718317786 565.785917474 
42 0.412466143972 420.118416926 579.46911693 
43 0.345139340561 406.931823614 592.723037045 
44 0.290437588774 394.148788119 605.560774292 
45 0.245734241888 381.759164592 617.995101166 
46 0.209009476172 369.752529361 630.038461163 
47 0.178651098935 358.11838956 641.702959341 
48 0.153465316595 346.846164871 653.000369812 
49 0.132459827362 335.925413915 663.942126257 
50 0.114870160391 325.345802038 674.539327802 
51 0.100062489948 315.097192321 684.802745189 
52 0.0875410550091 305.169630677 694.742828268 
53 0.0769080704514 295.553380055 704.369711875 
54 0.0678231851525 286.238948344 713.693228471 
55 0.0600588658202 277.217048003 722.722893132 
56 0.0533958541678 268.478662146 731.467942 
57 0.0476449204186 260.015031483 739.937323597 
58 0.0426744531293 251.817628671 748.139696876 
59 0.0383501329256 243.878174592 756.083475275 
60 0.0345817960831 236.188633271 763.776784933 
61 0.0312838993327 228.7411974 771.2275187 
62 0.0283886579693 221.528296656 778.443314686 
63 0.0258404542799 214.542534371 785.431625174 
64 0.0235941396842 207.776954001 792.199451859 
65 0.0216042024206 201.224499578 798.753896219 
66 0.0198378321551 194.878544825 805.101617343 
67 0.018264664538 188.732591028 811.249144308 
68 0.016860000129 182.780341253 817.202798747 
69 0.0156032196281 177.015745882 822.968650899 
70 0.0144746827282 171.432818812 828.552706505 
71 0.0134596360231 166.025904408 833.960635956 
72 0.0125437945705 160.789440482 839.198015723 
73 0.011715858667 155.718058488 844.270225653 
74 0.0109666641192 150.806583834 849.182449502 
75 0.0102859713537 146.049937324 853.939776705 
76 0.00966709466456 141.44328594 858.547046965 
77 0.0091042847472 136.981946427 863.008949288 
78 0.00859032545236 132.6612882 867.330121474 
79 0.00812023613457 128.47688468 871.514995083 
80 0.00768963336066 124.424446891 875.567863476 
81 0.00729419765935 120.499802236 879.492903566 
82 0.00693064275686 116.69893295 883.294136407 
83 0.00659595996285 113.017941342 886.975462698 
84 0.00628710377316 109.45303378 890.540679117 
85 0.00600183970982 106.000564075 893.993434086 
86 0.00573797442337 102.656983492 897.337278534 
87 0.00549347798255 99.4188485908 900.575657931 
88 0.00526669489955 96.2828416856 903.71189162 
89 0.00505607845105 93.2457512764 906.749192645 
90 0.00486013167733 90.304466339 909.690673529 
91 0.00467792061045 87.455971544 912.539350535 
92 0.00450841168708 84.6973405648 915.298151024 
93 0.00435036850104 82.0257302938 917.969919338 
94 0.00420239455013 79.4383752976 920.557422308 
95 0.0040631553569 76.9325954277 923.063341417 
96 0.00393240007224 74.5058392253 925.490228375 
97 0.00380965393197 72.1556230486 927.840567297 
98 0.00369456754913 69.8795443785 930.116761054 
99 0.00358670533922 67.6752709575 932.321142337 
100 0.00348535870353 65.5405307497 934.455983892 
