Time S I R
0  997 3 0
1 993.208045476 6.47145225029 0.320502273801 
2 985.096697154 13.8930876955 1.0102151504 
3 967.992873866 29.523756741 2.48336939291 
4 932.992805954 61.4263676907 5.58082635513 
5 865.565462727 122.544413485 11.8901237872 
6 749.52907346 226.474526075 23.9964004651 
7 583.708904211 371.264154426 45.0269413627 
8 399.726857626 523.401194088 76.8719482859 
9 244.013934266 637.602351793 118.383713941 
10 138.526479974 695.471030519 166.002489507 
11 76.4511728814 707.551801765 215.997025354 
12 42.3052983791 691.927808912 265.766892709 
13 23.8795549771 662.253263847 313.867181175 
14 13.8616096631 626.525293301 359.613097036 
15 8.30078767631 588.957979315 402.741233008 
16 5.13075786543 551.664409041 443.204833094 
17 3.27114617443 515.664821071 481.064032755 
18 2.14829941415 481.422342481 516.429358105 
19 1.45110277765 449.115876249 549.433020974 
20 1.0063989662 418.779413981 580.214187053 
21 0.71548634369 390.372973989 608.911539667 
22 0.520585056628 363.819955398 635.659459546 
23 0.387085098089 339.026706174 660.586208728 
24 0.293697557064 315.89318109 683.813121353 
25 0.227070760247 294.318542794 705.454386446 
26 0.178673986791 274.204215958 725.617110055 
27 0.142911114652 255.455560017 744.401528868 
28 0.116070561052 237.98259953 761.901329909 
29 0.0956360171726 221.700359693 778.20400429 
30 0.0798171417125 206.529001977 793.391180881 
31 0.0674462416606 192.39356833 807.538985428 
32 0.0576553063561 179.223922134 820.718422559 
33 0.0498213943822 166.954513596 832.99566501 
34 0.0434853111383 155.52413643 844.432378259 
35 0.038310007171 144.875629953 855.08606004 
36 0.0340500259575 134.955688984 865.01026099 
37 0.0305105043293 125.714592388 874.254897107 
38 0.0275467017818 117.105968248 882.86648505 
39 0.0250407424817 109.086574399 890.888384859 
40 0.022911794183 101.616146615 898.360941591 
41 0.0210924247078 94.6571496356 905.32175794 
42 0.0195276764263 88.174601026 911.805871298 
43 0.0181746484426 82.1359055511 917.8459198 
44 0.0169986889496 76.5106935136 923.472307797 
45 0.015972214793 71.2706763573 928.713351428 
46 0.0150731880752 66.389515526 933.595411286 
47 0.0142818149948 61.842627887 938.143090298 
48 0.0135805879204 57.6070677547 942.379351657 
49 0.012955221277 53.6615091813 946.325535597 
50 0.0123965780089 49.986133916 950.001469506 
51 0.0119017618738 46.5625297778 953.42556846 
52 0.0114616952778 43.373443723 956.615094582 
53 0.0110646993598 40.402740118 959.586195183 
54 0.0107050824652 37.6354579428 962.353836975 
55 0.010381141244 35.0577092187 964.93190964 
56 0.0100893087836 32.6565227689 967.333387922 
57 0.00982482949814 30.4197945211 969.570380649 
58 0.00958437212307 28.3362593661 971.654156262 
59 0.00936565612574 26.3954249355 973.595209408 
60 0.00916644760821 24.5875151051 975.403318447 
61 0.00898469074275 22.9034300981 977.087585211 
62 0.008818654111 21.3346950578 978.656486288 
63 0.00866675694692 19.8734064452 980.117926798 
64 0.00852760636496 18.5122028735 981.47926952 
65 0.00839999080199 17.2442303044 982.747369705 
66 0.00828283889439 16.0631046114 983.92861255 
67 0.00817517286589 14.9628758134 985.028949014 
68 0.00807614177222 13.938005416 986.053918442 
69 0.00798498232109 12.9833335746 987.008681443 
70 0.00790099196342 12.0940500759 987.898048932 
71 0.00782354966634 11.265676752 988.726499698 
72 0.00775209320807 10.4940409793 989.498206927 
73 0.00768611717569 9.77525679405 990.217057089 
74 0.00762516768418 9.105705702 990.88666913 
75 0.00756882717735 8.48201431689 991.510416856 
76 0.00751672036506 7.90104218169 992.091441098 
77 0.0074685058047 7.35986354658 992.632667948 
78 0.00742387140269 6.85575210414 993.136824024 
79 0.0073825346899 6.3861696165 993.606447849 
80 0.00734423633355 5.94875058866 994.043905175 
81 0.00730873977955 5.5412920669 994.451399193 
82 0.00727582929915 5.16174264995 994.830981521 
83 0.00724530613581 4.80819001695 995.184564677 
84 0.00721698891277 4.47885386568 995.513929145 
85 0.00719071095477 4.17207553458 995.820733754 
86 0.0071663188445 3.88630961638 996.106524065 
87 0.00714367204614 3.62011734316 996.372738985 
88 0.00712264079061 3.37215771615 996.620719643 
89 0.00710310572856 3.14118191504 996.851714979 
90 0.0070849570277 2.92602696343 997.06688808 
91 0.00706809307201 2.72560883615 997.267323071 
92 0.0070524203478 2.53891835667 997.454029223 
93 0.00703785237658 2.36501514342 997.627947004 
94 0.0070243092099 2.20302312425 997.789952567 
95 0.00701171720209 2.05212695411 997.940861329 
96 0.00700000803909 1.91156653015 998.081433462 
97 0.00698911843961 1.78063362404 998.212377258 
98 0.00697899000329 1.65866910604 998.334351904 
99 0.0069695685213 1.54505853465 998.447971897 
100 0.00696080376815 1.43922955397 998.553809642 
