Time S I R
0  997 3 0
1 994.011815443 5.58917389602 0.399010660902 
2 988.476766837 10.3819514346 1.14128172836 
3 978.304929884 19.1788034103 2.51626670557 
4 959.880801349 35.0756405566 5.0435580943 
5 927.367465615 63.0083357051 9.62419867951 
6 872.538563661 109.736125824 17.7253105152 
7 786.770983971 181.749590417 31.4794256117 
8 667.105095966 279.483602566 53.4113014679 
9 524.006338782 390.487360951 85.5063002664 
10 380.762614476 491.282869177 127.954516348 
11 259.919894615 561.372899547 178.707205838 
12 170.951834347 594.644971959 234.403193694 
13 111.056885242 597.202396267 291.740718491 
14 72.5948149435 579.149570101 348.255614955 
15 48.301993734 549.284070747 402.413935519 
16 32.9155415284 513.688345332 453.39611314 
17 23.0341434252 476.117482191 500.848374384 
18 16.5624810347 438.74212807 544.695390896 
19 12.2289518876 402.752204605 585.018843507 
20 9.2603064143 368.755492463 621.984201122 
21 7.18053745694 337.021961663 655.79750088 
22 5.69196572269 307.627518051 686.680516226 
23 4.60482594127 280.538641709 714.856532349 
24 3.79575518868 255.661807702 740.542437109 
25 3.18304709168 232.872452082 763.944500826 
26 2.71154663016 212.032171445 785.256281925 
27 2.34334727238 192.998817935 804.657834793 
28 2.05187544272 175.63248629 822.315638267 
29 1.81827725026 159.798704745 838.383018004 
30 1.62893845596 145.370314645 853.000746899 
31 1.47387880745 132.228327842 866.297793351 
32 1.34570877286 120.262185121 878.392106106 
33 1.23886250691 109.369640541 889.391496952 
34 1.14906146008 99.4566564351 899.394282105 
35 1.07303595957 90.4367711126 908.490192928 
36 1.00829146912 82.2307276788 916.760980852 
37 0.952825591888 74.766060064 924.281114344 
38 0.905047980523 67.9764859949 931.118466025 
39 0.863693423771 61.8014993256 937.334807251 
40 0.827736006476 56.1858610094 942.986402984 
41 0.796353566617 51.0793005102 948.124345923 
42 0.76885941628 46.4358880327 952.795252551 
43 0.744691043673 42.2138121778 957.041496779 
44 0.723377476426 38.3749721077 960.901650416 
45 0.704531767995 34.8847237555 964.410744477 
46 0.687826560858 31.7115126453 967.600660794 
47 0.672984933277 28.8266185933 970.500396473 
48 0.659771536896 26.2039068901 973.136321573 
49 0.647985596435 23.8196011514 975.532413252 
50 0.637454964359 21.6520721586 977.710472877 
51 0.628030688896 19.6816358625 979.690333449 
52 0.619584887851 17.8904019231 981.490013189 
53 0.612006535203 16.2620973718 983.125896093 
54 0.605198493516 14.7819184371 984.612883069 
55 0.599075890636 13.4364031911 985.964520918 
56 0.593564400566 12.2133112828 987.193124317 
57 0.588598610297 11.1015129003 988.309888489 
58 0.584120938534 10.0908896033 989.324989458 
59 0.580080456841 9.17223996826 990.247679575 
60 0.576432064916 8.33719853581 991.086369399 
61 0.573135732547 7.57816017235 991.848704095 
62 0.570155793081 6.88820896713 992.54163524 
63 0.567460640402 6.26106235038 993.171477009 
64 0.565021939423 5.69100502024 993.74397304 
65 0.562814358868 5.17284134874 994.264344292 
66 0.560815292643 4.70185005891 994.737334648 
67 0.559004379122 4.27373595567 995.167259665 
68 0.557363452621 3.88459864947 995.558037898 
69 0.555876105687 3.53088875497 995.913235139 
70 0.554527639432 3.20938284849 996.236089512 
71 0.553304799172 2.91714919132 996.52954601 
72 0.552195641348 2.65152265865 996.7962817 
73 0.551189417761 2.41008182041 997.038728762 
74 0.550276402133 2.19062384233 997.259099756 
75 0.549447843128 1.99114859974 997.459403557 
76 0.548695810812 1.80983594355 997.641468246 
77 0.54801315298 1.64503281218 997.806954035 
78 0.547393395486 1.49523594589 997.957370659 
79 0.546830679697 1.35907883564 998.094090485 
80 0.54631970982 1.23532005254 998.218360238 
81 0.545855681135 1.12283013934 998.33131418 
82 0.545434251685 1.02058364989 998.433982098 
83 0.545051479447 0.927647450498 998.52730107 
84 0.544703796714 0.84317403191 998.612122171 
85 0.54438796734 0.766392763615 998.689219269 
86 0.544101056286 0.696603106445 998.759295837 
87 0.543840404332 0.633168697452 998.822990898 
88 0.543603595421 0.575510527848 998.880885877 
89 0.543388441275 0.523102921312 998.933508637 
90 0.54319295315 0.475467554055 998.981339493 
91 0.54301532795 0.432169977074 999.024814695 
92 0.542853928367 0.392815179489 999.064330892 
93 0.542707267664 0.357044057898 999.100248674 
94 0.542573997232 0.324530430318 999.132895572 
95 0.542452890861 0.294977499151 999.16256961 
96 0.542342836654 0.268115805819 999.189541358 
97 0.542242823569 0.243700177737 999.214056999 
98 0.542151934096 0.221507921161 999.236340145 
99 0.54206933444 0.201336532312 999.256594133 
100 0.541994267151 0.183001934849 999.275003798 
