Time S I R
0  997 3 0
1 992.460748857 7.22342479448 0.315826348063 
2 981.652762377 17.2735741801 1.07366344319 
3 956.484436121 40.6443001258 2.87126375371 
4 900.78760971 92.1888713173 7.02351897269 
5 790.290908647 193.628183245 16.0809081076 
6 611.778807094 354.420430625 33.8007622803 
7 400.415054008 536.448149058 63.1367969339 
8 224.356964736 672.415564089 103.227471175 
9 114.391800407 735.76021312 149.847986473 
10 56.4767083748 744.826706755 198.69658487 
11 28.0750819567 724.854380362 247.070537681 
12 14.3234341012 692.02893856 293.647627339 
13 7.55874740143 654.555225056 337.886027543 
14 4.13575837073 616.242391191 379.621850439 
15 2.3459615879 578.790624045 418.863414367 
16 1.3778808133 542.927470847 455.69464834 
17 0.836641971413 508.932646394 490.230711634 
18 0.524128357379 476.87843943 522.597432213 
19 0.33818950461 446.739977947 552.921832548 
20 0.224346076543 418.448022564 581.32763136 
21 0.152753537206 391.913971785 607.933274678 
22 0.106535464672 367.042354047 632.851110489 
23 0.0760380404823 343.736787509 656.18717445 
24 0.0554431933847 321.903331189 678.041225618 
25 0.0412248963423 301.451788133 698.506986971 
26 0.0312535974432 282.296363362 717.672383041 
27 0.0241158069168 264.35602459 735.619859603 
28 0.0189136534549 247.554390971 752.426695376 
29 0.0150659692995 231.819627092 768.165306939 
30 0.0121773816875 217.084318229 782.903504389 
31 0.00997646230962 203.285175255 796.704848283 
32 0.00827725080808 190.362825865 809.628896884 
33 0.0069474706147 178.26162209 821.731430439 
34 0.00589591590665 166.929420365 833.064683719 
35 0.00505702211376 156.317510232 843.677432746 
36 0.00438056325379 146.380133331 853.615486106 
37 0.0038292156371 137.074411035 862.921759749 
38 0.00337603094999 128.360219534 871.636404435 
39 0.00300033863311 120.199959451 879.79704021 
40 0.00268659843516 112.558398428 887.438914973 
41 0.00242303469952 105.402598833 894.594978132 
42 0.00220031727656 98.7017899217 901.296009761 
43 0.00201272142181 92.4270703468 907.570916932 
44 0.00185081578741 86.5511979222 913.446951262 
45 0.0017078353336 81.048720055 918.94957211 
46 0.00158434416517 75.8960650118 924.102350644 
47 0.00147826690352 71.0710377996 928.927483934 
48 0.00138514579191 66.5527417019 933.445873152 
49 0.00130292969163 62.3216782411 937.677018829 
50 0.00123038517575 58.3595964623 941.639173152 
51 0.00116612683098 54.6494002319 945.349433641 
52 0.00110904565713 51.1750769741 948.82381398 
53 0.00105815131383 47.9216328005 952.077309048 
54 0.00101257851804 44.8750210864 955.123966335 
55 0.000971681955775 42.0220962184 957.9769321 
56 0.000934890343842 39.3505464269 960.648518683 
57 0.00090170503529 36.8488422752 963.15025602 
58 0.000871696281024 34.5061778266 965.492950477 
59 0.000844506037652 32.3124506573 967.686704837 
60 0.00081980995958 30.2581857878 969.740994402 
61 0.000797339256792 28.334522152 971.664680509 
62 0.000776855554022 26.5331542237 973.466068921 
63 0.000758151143827 24.8463075536 975.152934295 
64 0.000741045124869 23.266703357 976.732555598 
65 0.000725375507727 21.787519832 978.211754793 
66 0.000711003405513 20.4023775893 979.596911407 
67 0.000697802594686 19.1052935251 980.894008672 
68 0.000685663642571 17.8906730462 982.10864129 
69 0.000674487737228 16.7532710741 983.246054438 
70 0.000664187316829 15.6881788926 984.31115692 
71 0.000654684382653 14.6908002968 985.308545019 
72 0.000645908611887 13.756828231 986.24252586 
73 0.000637796424485 12.8822303432 987.11713186 
74 0.00063029240448 12.0632357532 987.936133954 
75 0.000623346332873 11.2963120904 988.703064563 
76 0.000616910915028 10.5781450552 989.421238034 
77 0.000610945208791 9.9056367375 990.093752317 
78 0.000605411195693 9.27588345365 990.723511135 
79 0.000600274416342 8.68616648905 991.313233237 
80 0.000595503830141 8.13394106129 991.865463435 
81 0.000591070873725 7.61682302334 992.382585906 
82 0.000586949681519 7.13258103843 992.866832012 
83 0.000583116573921 6.67912517671 993.320291707 
84 0.000579549832651 6.25449780022 993.74492265 
85 0.000576229656076 5.85686626808 994.142557502 
86 0.000573137798028 5.48451406588 994.514912796 
87 0.000570257543018 5.13583418068 994.863595562 
88 0.000567573523654 4.80932168236 995.190110744 
89 0.000565071525671 4.50356650868 995.49586842 
90 0.000562738561939 4.21724951406 995.782187747 
91 0.000560562734904 3.94913635507 996.050303082 
92 0.000558532863806 3.6980686099 996.301372857 
93 0.000556638678972 3.46296225248 996.536481109 
94 0.000554870760993 3.24280317692 996.756641952 
95 0.000553220351435 3.03664106 996.96280572 
96 0.000551679293721 2.84358529769 997.155863023 
97 0.000550240095663 2.66280297809 997.336646782 
98 0.000548895829183 2.49351448293 997.505936621 
99 0.000547639992988 2.33498826988 997.66446409 
100 0.0005464665918 2.18654014886 997.812913385 
