Time S I R
0  997 3 0
1 996.496101736 3.40896388581 0.0949343784553 
2 995.923839679 3.87335357879 0.202806742194 
3 995.274054974 4.40057761303 0.325367413226 
4 994.536380818 4.99901660557 0.464602575946 
5 993.699101981 5.67813480175 0.622763217624 
6 992.749000875 6.44860182877 0.802397295877 
7 991.671165286 7.32244443398 1.00639027958 
8 990.448812154 8.31318464562 1.23800320031 
9 989.063036767 9.43603560762 1.50092762523 
10 987.492617615 10.7080520374 1.79933034758 
11 985.713754668 12.1483311079 2.13791422386 
12 983.699808199 13.7782102521 2.52198154898 
13 981.42102601 15.6214705398 2.95750345004 
14 978.844265008 17.7045396795 3.45119531269 
15 975.932710024 20.0566923432 4.01059763325 
16 972.645603918 22.7102318972 4.64416418447 
17 968.937991888 25.7006528728 5.36135523946 
18 964.76051272 29.0667556933 6.17273158627 
19 960.059240293 32.8507047488 7.09005495854 
20 954.775598912 37.0980131112 8.12638797699 
21 948.846398075 41.857410186 9.29619173864 
22 942.204013378 47.1805696882 10.6154169341 
23 934.776734577 53.1216789584 12.1015864646 
24 926.489362948 59.736776979 13.7738600732 
25 917.264080875 67.0828436311 15.6530754942 
26 907.021621381 75.2166166981 17.7617619205 
27 895.682835543 84.1930552316 20.1241092253 
28 883.170642832 94.0634699657 22.765887202 
29 869.412387088 104.8733062 25.7143067118 
30 854.342618362 116.659569766 28.9978118713 
31 837.906213848 129.448004625 32.6457815274 
32 820.06186858 143.249975057 36.6881563631 
33 800.785558486 158.059483266 41.1549582475 
34 780.074240622 173.850018666 46.0757407117 
35 757.948971708 190.572097724 51.4789305672 
36 734.457751386 208.151124691 57.3911239226 
37 709.677520919 226.486173557 63.8363055242 
38 683.714733029 245.450173955 70.8350930162 
39 656.705295963 264.890774403 78.4039296343 
40 628.812095159 284.633474318 86.5544305225 
41 600.222010095 304.485265894 95.2927240107 
42 571.140670444 324.240312063 104.619017493 
43 541.786752373 343.685947386 114.527300242 
44 512.384787119 362.60999047 125.005222412 
45 483.158521692 380.807226893 136.034251415 
46 454.323264915 398.086792757 147.589942328 
47 426.080132928 414.277385191 159.642481881 
48 398.61021138 429.232469318 172.157319302 
49 372.070550706 442.833464538 185.095984756 
50 346.591678373 454.991422949 198.416898678 
51 322.276023441 465.647644688 212.076331871 
52 299.19833874 474.77245458 226.029206679 
53 277.406688158 482.363307979 240.230003863 
54 256.924762899 488.441756979 254.633480122 
55 237.754407526 493.0502451 269.195347374 
56 219.879074606 496.248077893 283.872847502 
57 203.266612768 498.108208905 298.625178327 
58 187.872947304 498.713188964 313.413863732 
59 173.644662006 498.152360212 328.202977781 
60 160.521966272 496.518722583 342.959311145 
61 148.440957403 493.906610376 357.652432221 
62 137.335597111 490.409690668 372.25471222 
63 127.139408086 486.119333269 386.741258646 
64 117.786713945 481.123433643 401.089852412 
65 109.213672448 475.505516356 415.280811197 
66 101.358982301 469.344155474 429.296862226 
67 94.1644673646 462.712533256 443.122999379 
68 87.575167335 455.678561755 456.74627091 
69 81.5397552873 448.304572783 470.15567193 
70 76.0105675636 440.647444897 483.341987539 
71 70.9433583353 432.7590558 496.297585865 
72 66.2975751963 424.686096525 509.016328279 
73 62.0357681108 416.470865128 521.493366761 
74 58.1238414791 408.151099301 533.72505922 
75 54.5305275912 399.760661043 545.708811366 
76 51.2273966001 391.329621544 557.442981856 
77 48.1885597261 382.884667731 568.926772543 
78 45.3904692561 374.449403079 580.160127665 
79 42.8117794206 366.044571618 591.143648961 
80 40.4330794681 357.68840487 601.878515662 
81 38.2368039026 349.396784745 612.366411353 
82 36.2070019347 341.183535921 622.609462144 
83 34.3292354248 333.060594183 632.610170392 
84 32.5903972146 325.038229656 642.37137313 
85 30.9785899477 317.125216821 651.896193232 
86 29.4830574206 309.328962334 661.187980245 
87 28.0940327463 301.655671181 670.250296073 
88 26.802650524 294.110478592 679.086870884 
89 25.6008564584 286.697580446 687.701563096 
90 24.4813418196 279.420305103 696.098353077 
91 23.4374576437 272.281237966 704.281304391 
92 22.4631521305 265.282304698 712.254543171 
93 21.5529290006 258.424819823 720.022251176 
94 20.7017702915 251.709593881 727.588635828 
95 19.9051027224 245.136975082 734.957922195 
96 19.1587648155 238.706890447 742.134344738 
97 18.4589430091 232.418933161 749.12212383 
98 17.8021581131 226.272376569 755.925465318 
99 17.1852341085 220.266214101 762.548551791 
100 16.6052523095 214.399219599 768.995528092 
