Time S I R
0  997 3 0
1 992.330354373 7.56723676633 0.1024088611 
2 980.690714214 18.9494981297 0.359787656752 
3 952.390143544 46.6113112116 0.998545244049 
4 887.548776967 109.914563909 2.53665912366 
5 757.244516359 236.755307222 6.00017641952 
6 552.842408427 434.294523597 12.8630679756 
7 330.034228396 645.849508401 24.1162632033 
8 165.263620849 795.53260163 39.2037775216 
9 74.5311327984 868.894139462 56.5747277393 
10 32.1691128123 892.928142937 74.9027442503 
11 13.7486410649 892.80558238 93.4457765549 
12 5.91021162326 882.227584781 111.862203595 
13 2.57229186614 867.419082828 130.008625306 
14 1.13647526034 851.03475877 147.828765969 
15 0.510081849854 834.186789302 165.303128848 
16 0.232646218319 817.339742566 182.427611216 
17 0.107773283514 800.687693159 199.204533558 
18 0.0507548864883 784.310352657 215.638892457 
19 0.0243609283873 768.238878815 231.736760257 
20 0.0117772124299 752.483619248 247.50460354 
21 0.00579696853993 737.04520035 262.949002681 
22 0.00286619001088 721.920633479 278.076500331 
23 0.00143844899424 707.105004493 292.893557058 
24 0.00073534467856 692.592741007 307.406523648 
25 0.00038196981393 678.377988208 321.621629822 
26 0.000201343666845 664.454814948 335.544983708 
27 0.000107528735953 650.817321612 349.182570859 
28 5.82269071856e-05 637.459686769 362.540255004 
29 2.94479609693e-05 624.376195176 375.623775376 
30 8.16011083771e-06 611.56122774 388.4387641 
31 0 599.009261401 400.990738599 
32 0 586.714897404 413.285102596 
33 0 574.672860382 425.327139618 
34 0 562.877992756 437.122007244 
35 0 551.325212077 448.674787923 
36 0 540.009545109 459.990454891 
37 0 528.926129866 471.073870134 
38 0 518.070193752 481.929806248 
39 0 507.437069535 492.562930465 
40 0 497.022114472 502.977885528 
41 0 486.82105794 513.17894206 
42 0 476.829311879 523.170688121 
43 0 467.042642911 532.957357089 
44 0 457.456841187 542.543158813 
45 0 448.067782932 551.932217068 
46 0 438.871430087 561.128569913 
47 0 429.86383209 570.13616791 
48 0 421.041122988 578.958877012 
49 0 412.399488429 587.600511571 
50 0 403.935205054 596.064794946 
51 0 395.644641769 604.355358231 
52 0 387.52421327 612.47578673 
53 0 379.570420271 620.429579729 
54 0 371.77986288 628.22013712 
55 0 364.149226651 635.850773349 
56 0 356.675249633 643.324750367 
57 0 349.354665298 650.645334702 
58 0 342.184324427 657.815675573 
59 0 335.161151197 664.838848803 
60 0 328.282138504 671.717861496 
61 0 321.544313384 678.455686616 
62 0 314.944769091 685.055230909 
63 0 308.480672424 691.519327576 
64 0 302.149254227 697.850745773 
65 0 295.947803579 704.052196421 
66 0 289.873612877 710.126387123 
67 0 283.924089352 716.075910648 
68 0 278.096678353 721.903321647 
69 0 272.388884063 727.611115937 
70 0 266.798235563 733.201764437 
71 0 261.322321723 738.677678277 
72 0 255.95879165 744.04120835 
73 0 250.70534388 749.29465612 
74 0 245.559724638 754.440275362 
75 0 240.519726095 759.480273905 
76 0 235.583184759 764.416815241 
77 0 230.747981872 769.252018128 
78 0 226.012039215 773.987960785 
79 0 221.373317353 778.626682647 
80 0 216.82981449 783.17018551 
81 0 212.379564754 787.620435246 
82 0 208.020636491 791.979363509 
83 0 203.751133539 796.248866461 
84 0 199.569239253 800.430760747 
85 0 195.473167206 804.526832794 
86 0 191.461159348 808.538840652 
87 0 187.531495742 812.468504258 
88 0 183.682493998 816.317506002 
89 0 179.91250452 820.08749548 
90 0 176.219897702 823.780102298 
91 0 172.603084053 827.396915947 
92 0 169.060506508 830.939493492 
93 0 165.590638463 834.409361537 
94 0 162.19198283 837.80801717 
95 0 158.863078203 841.136921797 
96 0 155.602498129 844.397501871 
97 0 152.408840165 847.591159835 
98 0 149.280730446 850.719269554 
99 0 146.216823018 853.783176982 
100 0 143.215799286 856.784200714 
