Time S I R
0  997 3 0
1 993.092154196 6.71436256424 0.193483239335 
2 984.423388487 14.9511928878 0.625418624814 
3 965.496704763 32.9214515035 1.58184373372 
4 925.569876836 70.7676127454 3.6625104183 
5 847.122369601 144.851885537 8.02574486283 
6 712.445524272 270.998720986 16.555754742 
7 527.012581587 441.578949416 31.408468997 
8 335.989124295 610.425350422 53.5855252829 
9 189.102431886 728.994522778 81.9030453359 
10 98.7731473584 787.327502707 113.899349934 
11 50.0767155376 802.558783244 147.364501218 
12 25.3477816979 793.74367243 180.908545872 
13 13.0000722626 773.194657077 213.805270661 
14 6.80215578907 747.482104644 245.715739567 
15 3.64157162571 719.858716335 276.499712039 
16 1.99635622809 691.889796117 306.113847655 
17 1.12065962853 664.318166783 334.561173589 
18 0.643836260573 637.489614424 361.866549316 
19 0.378298825401 611.556888105 388.06481307 
20 0.227120104354 586.577892251 413.194987645 
21 0.139219265591 562.563352284 437.297428451 
22 0.0870799008649 539.500531263 460.412388836 
23 0.0554905106669 517.365197805 482.579311684 
24 0.0360644656012 496.127432582 503.836502952 
25 0.0238562361703 475.755199179 524.220944585 
26 0.0160405923689 456.215694826 543.768264582 
27 0.0109727697084 437.476343965 562.512683265 
28 0.00763390731731 419.505279539 580.487086554 
29 0.00539212295166 402.271544858 597.72306302 
30 0.00385150282796 385.745203409 614.250945088 
31 0.00278743908507 369.897387934 630.099824627 
32 0.00204080645165 354.700330421 645.297628772 
33 0.0014957174958 340.127379445 659.871124837 
34 0.00111285523974 326.153036293 673.845850852 
35 0.000835067787762 312.752653328 687.246511604 
36 0.000661516598711 299.902839291 700.096499193 
37 0.000547930055632 287.580949148 712.418502922 
38 0.000453826782632 275.765314377 724.234231796 
39 0.000367948482562 264.43512888 735.564503172 
40 0.000293839461165 253.570464642 746.429241518 
41 0.000231101164673 243.152165304 756.847603595 
42 0.000185625139693 233.161906703 766.837907672 
43 0.000158614979682 223.582105809 776.417735576 
44 0.000142814525475 214.395891918 785.603965267 
45 0.00012634205018 205.587119369 794.412754289 
46 0.00011002999031 197.140298165 802.859591805 
47 9.54184255306e-05 189.040542494 810.959362087 
48 7.94397575419e-05 181.273542883 818.726377678 
49 6.44745798581e-05 173.825657016 826.17427851 
50 5.26839631902e-05 166.683776044 833.316171272 
51 4.54597031876e-05 159.835320539 840.164634001 
52 4.11860789882e-05 153.268244169 846.731714645 
53 3.75815371854e-05 146.970985358 853.028977061 
54 3.35057607117e-05 140.932459367 859.067507127 
55 2.96222754059e-05 135.142038134 864.857932243 
56 2.61150037204e-05 129.589509501 870.410464384 
57 2.28342117907e-05 124.26513976 875.734837406 
58 2.00609716785e-05 119.159519904 880.840460035 
59 1.8195675807e-05 114.263667694 885.73631411 
60 1.67783363167e-05 109.568966317 890.431016904 
61 1.5428178358e-05 105.067154043 894.932830529 
62 1.41116858003e-05 100.750297972 899.249687916 
63 1.29307377392e-05 96.6108053391 903.38918173 
64 1.19145199733e-05 92.6413951872 907.358592898 
65 1.10168708716e-05 88.8350671895 911.164921794 
66 1.02344446304e-05 85.1851371018 914.814852664 
67 9.5421567039e-06 81.6851625646 918.314827893 
68 8.91602712727e-06 78.3289987168 921.670992367 
69 8.35111916331e-06 75.1107196439 924.889272005 
70 7.8422781371e-06 72.0246715815 927.975320576 
71 7.38384062515e-06 69.0654218182 930.934570798 
72 6.96745917139e-06 66.2277532955 933.772239737 
73 6.59008912862e-06 63.5066789854 936.493314425 
74 6.24926633463e-06 60.897415817 939.102577934 
75 5.9359288116e-06 58.3953749723 941.604619092 
76 5.64916308576e-06 55.9961374219 944.003856929 
77 5.3910018778e-06 53.6954535555 946.304541053 
78 5.15491342412e-06 51.4892941847 948.51070066 
79 4.9379958682e-06 49.3737792214 950.626215841 
80 4.73891998354e-06 47.3451806763 952.654814585 
81 4.5557227395e-06 45.3999304149 954.600065029 
82 4.38665301772e-06 43.5346056393 956.465389974 
83 4.23033191055e-06 41.7459200018 958.254075768 
84 4.08559401421e-06 40.0307250397 959.969270875 
85 3.95144490994e-06 38.386003278 961.613992771 
86 3.82695134249e-06 36.8088570387 963.191139134 
87 3.71127373455e-06 35.2965083117 964.703487977 
88 3.60367596386e-06 33.846297679 966.153698717 
89 3.50343998434e-06 32.455671553 967.544324944 
90 3.40990129644e-06 31.1221806088 968.877815981 
91 3.32259105562e-06 29.8434813731 970.156515304 
92 3.24100756188e-06 28.6173227621 971.382673997 
93 3.16466980621e-06 27.4415440409 972.558452794 
94 3.09312713398e-06 26.3140712375 973.685925669 
95 3.02596708934e-06 25.232915367 974.767081607 
96 2.96284179058e-06 24.1961750032 975.803822034 
97 2.90344951281e-06 23.2020254388 976.797971658 
98 2.84755913071e-06 22.2487191796 977.751277973 
99 2.7950296726e-06 21.3345846656 978.665412539 
100 2.74574836112e-06 20.458019721 979.541977533 
