Time S I R
0.0  10000 1 0
1 9997.28795628 2.41305004544 1.29899367008 
2 9990.74909702 5.81852744232 4.43237553571 
3 9975.01365537 14.0052266959 11.9811179366 
4 9937.32000099 33.5676145148 30.1123844978 
5 9848.00703329 79.6435503951 73.3494163112 
6 9641.73777893 184.538871515 174.723349555 
7 9192.13707312 405.447372473 403.415554404 
8 8323.3609016 798.754113887 878.88498451 
9 6969.24687979 1302.5255998 1729.22752041 
10 5406.13285798 1649.3420069 2945.52513512 
11 4076.68063377 1627.07587483 4297.2434914 
12 3167.98857188 1328.03167424 5504.97975388 
13 2611.42937946 959.344742392 6430.22587815 
14 2282.99427686 644.079470599 7073.92625254 
15 2090.08720748 414.195803365 7496.71698915 
16 1976.16225491 259.696444821 7765.14130027 
17 1908.4269351 160.400812348 7932.17225256 
18 1867.93585484 98.1884877644 8034.87565739 
19 1843.63952636 59.7842786161 8097.57619503 
20 1829.02469535 36.2840029436 8135.69130171 
21 1820.21975788 21.9786609396 8158.80158118 
22 1814.90998452 13.2978031135 8172.79221237 
23 1811.7060553 8.03993286757 8181.25401183 
24 1809.77209272 4.85892279334 8186.36898449 
25 1808.6044566 2.93572972173 8189.45981368 
26 1807.89939838 1.77347385872 8191.32712776 
27 1807.47362612 1.07125512744 8192.45511876 
28 1807.2164971 0.647048021987 8193.13645487 
29 1807.06120916 0.390809622697 8193.54798122 
30 1806.96742443 0.236039665991 8193.7965359 
31 1806.91078341 0.142560531282 8193.94665606 
32 1806.87657498 0.0861013857498 8194.03732364 
33 1806.8559147 0.0520019014573 8194.0920834 
34 1806.84343683 0.0314070469361 8194.12515613 
35 1806.83590074 0.0189685531753 8194.1451307 
36 1806.83134928 0.011456209156 8194.15719451 
37 1806.82860037 0.00691903832739 8194.16448059 
38 1806.82694021 0.00417887436587 8194.16888091 
39 1806.82593753 0.00252389471223 8194.17153858 
40 1806.82533194 0.00152433757323 8194.17314373 
41 1806.82496619 0.000920655957578 8194.17411316 
42 1806.82474527 0.000556017229194 8194.17469871 
43 1806.82461185 0.000335804857938 8194.17505234 
44 1806.82453127 0.000202800881681 8194.17526593 
45 1806.82448262 0.000122496367905 8194.17539489 
46 1806.82445318 7.39117601907e-05 8194.17547291 
47 1806.82443544 4.46349311758e-05 8194.17551992 
48 1806.82442474 2.69645435257e-05 8194.1755483 
49 1806.82441829 1.63161317055e-05 8194.1755654 
50 1806.82441439 9.88950493344e-06 8194.17557572 
51 1806.82441204 6.00307865766e-06 8194.17558196 
52 1806.82441058 3.59843852711e-06 8194.17558582 
53 1806.8244097 2.14366305079e-06 8194.17558816 
54 1806.82440917 1.26596588456e-06 8194.17558957 
55 1806.82440886 7.64445303193e-07 8194.17559037 
56 1806.82440869 4.74849985464e-07 8194.17559084 
57 1806.82440858 2.96156652496e-07 8194.17559112 
58 1806.82440851 1.82827538222e-07 8194.17559131 
59 1806.82440847 1.11925239057e-07 8194.17559142 
60 1806.82440844 6.84654898662e-08 8194.17559149 
61 1806.82440843 4.20440761449e-08 8194.17559153 
62 1806.82440841 1.33120443801e-08 8194.17559158 
63 1806.82440839 -9.16190603094e-09 8194.17559161 
64 1806.82440839 -2.39880070643e-08 8194.17559164 
65 1806.82440838 -3.116625872e-08 8194.17559165 
66 1806.82440838 -3.06966609981e-08 8194.17559165 
67 1806.82440839 -2.32511914999e-08 8194.17559164 
68 1806.82440838 -2.681652353e-08 8194.17559164 
69 1806.82440838 -2.83033532687e-08 8194.17559165 
70 1806.82440838 -2.7711680716e-08 8194.17559164 
