Time S I R
0  997 3 0
1 992.830103623 6.77580685299 0.394089524228 
2 983.503036133 15.2153643162 1.2815995505 
3 963.007848772 33.7304101633 3.26174106505 
4 919.676530409 72.7327419917 7.59072759891 
5 835.085045746 148.251663418 16.6632908358 
6 692.878878369 272.904941729 34.2161799025 
7 504.405413954 431.526976497 64.0676095489 
8 319.137976552 573.752716154 107.109307294 
9 181.973307151 658.096255114 159.930437735 
10 98.8414401311 683.838900391 217.319659477 
11 53.4528280981 671.427139305 275.120032597 
12 29.52474524 639.543324595 330.931930165 
13 16.8571159101 599.513048459 383.629835631 
14 9.99257074557 557.20766104 432.799768214 
15 6.15364542923 515.462497315 478.383857255 
16 3.93228204454 475.575384233 520.492333723 
17 2.60231627381 438.087882162 559.309801564 
18 1.7795197913 403.171162334 595.049317875 
19 1.25442240692 370.815710017 627.929867576 
20 0.909499292516 340.924998718 658.16550199 
21 0.676752044087 313.363105383 685.960142572 
22 0.515803356082 287.978799147 711.505397497 
23 0.401861765667 264.618318821 734.979819413 
24 0.319491800428 243.131468895 756.549039305 
25 0.258785696846 223.375018021 776.366196282 
26 0.213232804302 205.214171292 794.572595903 
27 0.178494729697 188.523032558 811.298472712 
28 0.151608212068 173.184642005 826.663749783 
29 0.130443007673 159.090766515 840.778790477 
30 0.113623704922 146.141367003 853.745009292 
31 0.100091935085 134.244141273 865.655766792 
32 0.0890905124384 123.314076291 876.596833196 
33 0.0800560949519 113.272934194 886.647009711 
34 0.0725659907977 104.048637072 895.878796937 
35 0.0663125223447 95.5749562188 904.358731259 
36 0.0610458075279 87.7909437797 912.148010413 
37 0.0565853662738 80.640595566 919.302819068 
38 0.0527620274029 74.0722538333 925.874984139 
39 0.0494797380322 68.0387083885 931.911811873 
40 0.046647798432 62.4964706726 937.456881529 
41 0.0441880997175 57.405542875 942.550269025 
42 0.0420432415578 52.7292082873 947.228748471 
43 0.0401650325339 48.4337271473 951.52610782 
44 0.0385139148633 44.4880996241 955.473386461 
45 0.0370571088882 40.863841896 959.099100995 
46 0.035767594911 37.534791095 962.42944131 
47 0.034622774808 34.4769142816 965.488462944 
48 0.0336034399876 31.6681199808 968.298276579 
49 0.0326933013105 29.0881191651 970.879187534 
50 0.031879199241 26.7182951003 973.2498257 
51 0.0311492759176 24.5415252426 975.427325482 
52 0.0304936354918 22.5420882336 977.427418131 
53 0.0299035953353 20.7055373649 979.26455904 
54 0.0293717064129 19.0186041863 980.952024107 
55 0.0288914870167 17.4691004073 982.502008106 
56 0.0284573215424 16.0458337062 983.925708972 
57 0.0280642776448 14.7385200388 985.233415684 
58 0.0277080453034 13.537713584 986.434578371 
59 0.027384819293 12.4347372763 987.537877904 
60 0.0270912517467 11.4216220002 988.551286748 
61 0.0268243593034 10.4910447675 989.482130873 
62 0.0265815269363 9.63628393276 990.33713454 
63 0.0263604327303 8.8511656429 991.122473924 
64 0.0261589650034 8.13001222317 991.843828812 
65 0.025975274387 7.46761508757 992.506409638 
66 0.0258076865103 6.8591857309 993.115006583 
67 0.0256547025209 6.30032669705 993.6740186 
68 0.0255149879531 5.78700179923 994.187483213 
69 0.0253873247159 5.31549871625 994.659113959 
70 0.0252706265517 4.88241170445 995.092317669 
71 0.0251639107729 4.48461124894 995.49022484 
72 0.0250662852958 4.11922098474 995.85571273 
73 0.0249769493814 3.78360176642 996.191421284 
74 0.0248951723057 3.47532682538 996.499778002 
75 0.0248202936916 3.19216854988 996.783011156 
76 0.0247517154905 2.9320815936 997.043166691 
77 0.0246888910436 2.69318489735 997.282126212 
78 0.0246313262455 2.4737529425 997.501615731 
79 0.0245785700298 2.27219953535 997.703221895 
80 0.0245302114454 2.08706761401 997.888402175 
81 0.0244858772825 1.91702002172 998.058494101 
82 0.0244452256834 1.76082696609 998.214727808 
83 0.0244079457314 1.61736000088 998.358232053 
84 0.0243737535449 1.48558250038 998.490043746 
85 0.0243423892372 1.36454150739 998.611116103 
86 0.024313616134 1.25336278247 998.722323601 
87 0.0242872173064 1.15124245101 998.824470332 
88 0.0242629945611 1.05744243485 998.918294571 
89 0.0242407668482 0.971285189378 999.004474044 
90 0.0242203680258 0.89214757074 999.083632061 
91 0.0242016464073 0.819457924464 999.156340429 
92 0.0241844629548 0.752690862965 999.223124674 
93 0.024168690251 0.691363652618 999.284467657 
94 0.0241542117974 0.635033350274 999.340812438 
95 0.0241409206144 0.58329258527 999.392566494 
96 0.0241287187948 0.535767484289 999.440103797 
97 0.0241175166227 0.492114690666 999.483767793 
98 0.0241072317151 0.452018497685 999.523874271 
99 0.0240977886849 0.415189297824 999.560712913 
100 0.0240891183033 0.381360825185 999.594550057 
