Time S I R
0  997 3 0
1 996.452648606 3.26441068044 0.282940713788 
2 995.857425656 3.5517703451 0.590803998902 
3 995.210246372 3.86400444967 0.925749178537 
4 994.506693223 4.20318914773 1.29011762934 
5 993.741995358 4.57155939656 1.68644524594 
6 992.911004218 4.97151847079 2.11747731072 
7 992.008166586 5.40564825081 2.58618516284 
8 991.027505753 5.87671608364 3.09577816383 
9 989.962582359 6.38768865894 3.64972898232 
10 988.80647439 6.94173831703 4.25178729296 
11 987.551752041 7.54225060842 4.90599735071 
12 986.190447492 8.19283245564 5.61672005276 
13 984.714029104 8.89731859993 6.38865229558 
14 983.113375571 9.65977601561 7.22684841294 
15 981.37875322 10.4845059541 8.13674082581 
16 979.499794431 11.3760442901 9.12416127875 
17 977.465481047 12.3391569092 10.195362044 
18 975.264121927 13.3788416414 11.3570364314 
19 972.883362374 14.5002991976 12.6163384284 
20 970.310156529 15.7089399937 13.9809034776 
21 967.530803747 17.0103358008 15.4588604523 
22 964.530930177 18.4102168484 17.0588529747 
23 961.295547182 19.9144096179 18.7900431997 
24 957.809063283 21.5288096117 20.6621271052 
25 954.055352695 23.2593150427 22.6853322619 
26 950.017830147 25.1117546334 24.8704152199 
27 945.679507935 27.0918311551 27.22866091 
28 941.023168986 29.204985202 29.7718458123 
29 936.031402613 31.4563528232 32.5122445636 
30 930.686883196 33.8505679471 35.4625488571 
31 924.972407988 36.3917161795 38.6358758326 
32 918.871253965 39.0831015521 42.0456444827 
33 912.367263754 41.9271678382 45.7055684075 
34 905.445229994 44.9252666762 49.6295033296 
35 898.091079323 48.0775231888 53.8313974887 
36 890.292228256 51.3826386917 58.3251330522 
37 882.037891506 54.8377037117 63.1244047828 
38 873.319375344 58.4380443957 68.2425802607 
39 864.130477896 62.1770340136 73.6924880902 
40 854.467740462 66.045953136 79.486306402 
41 844.330822705 70.0338987765 85.6352785182 
42 833.722781625 74.1276136272 92.1496047476 
43 822.650274501 78.3115809049 99.0381445939 
44 811.123905129 82.5678229308 106.30827194 
45 799.15820732 86.8761669125 113.965625768 
46 786.771843633 91.2142461196 122.013910247 
47 773.987541076 95.5577254535 130.45473347 
48 760.832130366 99.8804583699 139.287411264 
49 747.336226943 104.154934423 148.508838634 
50 733.534113885 108.352524532 158.113361583 
51 719.463311227 112.44397598 168.092712794 
52 705.164189617 116.399837123 178.43597326 
53 690.679496288 120.190950943 189.129552769 
54 676.053738835 123.788972288 200.157288877 
55 661.332675125 127.166848178 211.500476697 
56 646.562593236 130.299307134 223.13809963 
57 631.789819751 133.163325414 235.046854835 
58 617.059959474 135.738457712 247.201582815 
59 602.417368964 138.007309195 259.575321841 
60 587.904659224 139.955588985 272.139751791 
61 573.562088344 141.572555195 284.865356461 
62 559.427331818 142.850819321 297.721848861 
63 545.534907101 143.786682667 310.678410231 
64 531.916190469 144.379756975 323.704052556 
65 518.598949696 144.633138123 336.767912181 
66 505.607531115 144.552939146 349.839529739 
67 492.962567901 144.148270782 362.889161317 
68 480.681240106 143.430786916 375.887972978 
69 468.777261046 142.414421933 388.808317021 
70 457.260994097 141.115111235 401.623894668 
71 446.13978647 139.55031425 414.30989928 
72 435.418213279 137.73861014 426.843176581 
73 425.097983276 135.699728249 439.202288475 
74 415.178459488 133.453941126 451.367599386 
75 405.656940142 131.021720249 463.321339609 
76 396.528841986 128.423563414 475.0475946 
77 387.787914461 125.679802696 486.532282843 
78 379.42653943 122.810316525 497.763144045 
79 371.43594959 119.834361345 508.729689065 
80 363.806423591 116.770438845 519.423137564 
81 356.52747971 113.636177192 529.836343098 
82 349.588059363 110.448230528 539.963710109 
83 342.976684852 107.2222188 549.801096348 
84 336.681591821 103.972679424 559.345728755 
85 330.690853981 100.713049045 568.596096974 
86 324.992494189 97.4556420069 577.551863804 
87 319.574564653 94.2116976368 586.213737711 
88 314.425228276 90.9913846401 594.583387084 
89 309.532837221 87.803776181 602.663386598 
90 304.885954212 84.6569896736 610.457056114 
91 300.47342069 81.5581683554 617.968410955 
92 296.284395292 78.5135188581 625.20208585 
93 292.308343191 75.5284381376 632.163218671 
94 288.53509851 72.6074937355 638.857407754 
95 284.954859015 69.7545085406 645.290632445 
96 281.55817437 66.972647532 651.469178098 
97 278.335991383 64.2644153828 657.399593235 
98 275.279621957 61.6317520959 663.088625947 
99 272.380739735 59.076086215 668.54317405 
100 269.63140554 56.5983521304 673.77024233 
