Time S I R
0.0  10000 1 0
1 9999.00715025 1.82195699197 0.170892753456 
2 9997.19856637 3.31919751135 0.48223612067 
3 9993.90486678 6.04574990376 1.04938331206 
4 9987.90933603 11.0084210203 2.08224295064 
5 9977.0048261 20.0328032526 3.96237064622 
6 9957.20236081 36.4157177123 7.38192147353 
7 9921.34108641 66.0670101608 13.5919034242 
8 9856.72363698 119.437986657 24.8383763673 
9 9741.33798728 214.556498376 45.1055143425 
10 9538.57805354 381.113665414 81.3082810437 
11 9192.11554931 663.896539511 144.987911176 
12 8627.40635336 1119.48113084 254.112515802 
13 7773.84921397 1793.73163358 433.419152457 
14 6619.0673827 2671.73376183 710.198855471 
15 5267.31392202 3630.31761536 1103.36846262 
16 3922.62848598 4467.67958121 1610.69193281 
17 2776.01863211 5019.21314971 2205.76821818 
18 1910.45798461 5241.62378153 2848.91823386 
19 1307.25630214 5191.79848872 3501.94520914 
20 904.162013206 4960.34377195 4136.49421485 
21 638.548834036 4627.32351235 4735.12765361 
22 462.860343316 4249.1938637 5288.94579298 
23 345.009309248 3861.27752145 5794.7131693 
24 264.418441474 3483.97628501 6252.60527351 
25 208.117449924 3128.18094358 6664.70160649 
26 167.923782421 2799.02617721 7034.05004037 
27 138.621229823 2498.26969772 7364.10907245 
28 116.833673317 2225.74143258 7658.4248941 
29 100.335137351 1980.2154643 7920.44939835 
30 87.6320707151 1759.92383285 8153.44409643 
31 77.7024833931 1562.86468044 8360.43283616 
32 69.8346596685 1386.98038145 8544.18495889 
33 63.5235948822 1230.26114177 8707.21526335 
34 58.4055934746 1090.80038796 8851.79401857 
35 54.2143920273 966.823903859 8979.96170411 
36 50.7521858354 856.701331722 9093.54648244 
37 47.869774331 758.947845963 9194.18237971 
38 45.4532510934 672.219772571 9283.32697634 
39 43.4151197825 595.306554344 9362.27832587 
40 41.6867973097 527.121749973 9432.19145272 
41 40.214004631 466.692485619 9494.09350975 
42 38.9538069887 413.150511231 9548.89568178 
43 37.8712660305 365.720337207 9597.40839676 
44 36.9381086375 323.711455802 9640.35043556 
45 36.1313530837 286.509929214 9678.3587177 
46 35.4320394467 253.569870084 9711.99809047 
47 34.8244380777 224.406323897 9741.76923803 
48 34.2954251796 198.588769459 9768.11580536 
49 33.8339933366 175.735215067 9791.4307916 
50 33.4308299591 155.506693039 9812.062477 
51 33.078083622 137.602864473 9830.31905191 
52 32.769061473 121.757448913 9846.47348961 
53 32.498042178 107.734449603 9860.76750822 
54 32.2601084152 95.324739881 9873.4151517 
55 32.0510361747 84.3431036032 9884.60586022 
56 31.867181711 74.6255269879 9894.5072913 
57 31.7053905948 66.0267332426 9903.26787616 
58 31.5629276126 58.4180955165 9911.01897687 
59 31.4374150647 51.6857340106 9917.87685092 
60 31.3267832113 45.7288442378 9923.94437255 
61 31.2292277999 40.4582042552 9929.31256794 
62 31.1431701437 35.7948148198 9934.06201504 
63 31.0672296649 31.66875794 9938.2640124 
64 31.0001976571 28.018168222 9941.98163412 
65 30.9410132293 24.7882782665 9945.2707085 
66 30.8887461294 21.9306434073 9948.18061046 
67 30.8425779734 19.4023686488 9950.75505338 
68 30.8017901199 17.165515407 9953.03269447 
69 30.7657494525 15.1864965909 9955.04775396 
70 30.7338992777 13.4356104238 9956.8304903 
