Time S I R
0.0  10000 1 0
1 9999.68330004 0.94683324346 0.369866718692 
2 9999.38344755 0.896484002385 0.720068451056 
3 9999.09954986 0.848804107794 1.05164603211 
4 9998.8307598 0.803652824911 1.36558737962 
5 9998.57627524 0.760896800849 1.66282796034 
6 9998.33533699 0.720409721942 1.94425329225 
7 9998.1072252 0.682071742799 2.21070305727 
8 9997.89125833 0.645769316524 2.46297235529 
9 9997.68678984 0.611394668359 2.70181549595 
10 9997.49320869 0.578845874492 2.92794543371 
11 9997.3099378 0.54802661019 3.14203559149 
12 9997.13643066 0.518845608676 3.34472373625 
13 9996.97216788 0.49121609173 3.53661602782 
14 9996.81665646 0.465055663036 3.71828787967 
15 9996.66942712 0.440285881422 3.8902870011 
16 9996.53003957 0.416833083575 4.05312735037 
17 9996.3980785 0.394627746135 4.20729375762 
18 9996.2731502 0.373603941043 4.35324585949 
19 9996.15487983 0.35369889092 4.49142128315 
20 9996.04291216 0.334853089153 4.62223475113 
21 9995.93691136 0.317010251827 4.74607839153 
22 9995.83656014 0.300117184257 4.86332267328 
23 9995.74155743 0.284123395936 4.97431917675 
24 9995.65161855 0.268981135814 5.07940031766 
25 9995.56647384 0.254645159227 5.17888100155 
26 9995.48586788 0.241072599745 5.27305952306 
27 9995.40955903 0.228222894602 5.36221807661 
28 9995.33731817 0.216057574194 5.44662425735 
29 9995.2689286 0.204540247254 5.52653115218 
30 9995.20418522 0.193636461229 5.60217832365 
31 9995.14289363 0.183313560202 5.6737928112 
32 9995.08487022 0.17354068864 5.74158909221 
33 9995.02994077 0.16428856802 5.80577066398 
34 9994.97793993 0.155529407875 5.86653066637 
35 9994.92871162 0.147236971316 5.92405140653 
36 9994.88210853 0.139386485293 5.97850498771 
37 9994.83799054 0.131954392183 6.03005506603 
38 9994.79622484 0.12491835481 6.07885680655 
39 9994.75668644 0.118257350172 6.12505621417 
40 9994.71925667 0.111951416912 6.16879191413 
41 9994.68382286 0.105981600359 6.21019553486 
42 9994.65027855 0.100329987079 6.2493914597 
43 9994.61852333 0.094979682097 6.28649698328 
44 9994.58846171 0.0899146149126 6.32162367514 
45 9994.5600031 0.0851195422814 6.35487735619 
46 9994.53306229 0.0805801203587 6.38635758922 
47 9994.50755843 0.0762827403802 6.41615883079 
48 9994.48341473 0.072214477223 6.44437078996 
49 9994.46055859 0.068363107299 6.47107830076 
50 9994.43892158 0.0647171097349 6.49636131193 
51 9994.41843864 0.0612655325869 6.52029582319 
52 9994.39904806 0.0579979817259 6.54295396133 
53 9994.38069173 0.054904675506 6.5644035964 
54 9994.36331458 0.0519763386921 6.58470908258 
55 9994.34686431 0.04920416423 6.60393152446 
56 9994.33129135 0.0465798029139 6.62212884795 
57 9994.31654877 0.0440953519102 6.63935588024 
58 9994.30259228 0.0417433524873 6.65566436563 
59 9994.28938 0.0395167489823 6.67110324917 
60 9994.27687245 0.0374088906144 6.68571866355 
61 9994.26503246 0.0354135181053 6.69955402176 
62 9994.25382418 0.0335245909901 6.71265122642 
63 9994.24321372 0.0317364001772 6.72504987953 
64 9994.23316922 0.0300435788747 6.73678720471 
65 9994.22366058 0.0284410578842 6.74789835951 
66 9994.2146593 0.0269240330657 6.75841666276 
67 9994.20613815 0.0254879172976 6.76837393094 
68 9994.19807149 0.0241283915246 6.77780011845 
69 9994.19043508 0.0228413710355 6.78672355357 
70 9994.18320599 0.0216229935397 6.79517102124 
