Time S I R
0.0  10000 1 0
1 9999.00506904 1.54753721898 0.447393741995 
2 9997.46564587 2.39463537449 1.13971875119 
3 9995.08422277 3.70485067205 2.21092655523 
4 9991.40135572 5.73059379703 3.86805048296 
5 9985.70850033 8.86071905554 6.43078061806 
6 9976.91498972 13.692816888 10.3921933964 
7 9963.34719014 21.1415659264 16.5112439313 
8 9942.44894807 32.5984206417 25.9526312876 
9 9910.3448245 50.1598434883 40.4953320068 
10 9861.22587209 76.937190202 62.8369377111 
11 9786.53858313 117.43903028 97.0223865945 
12 9674.03465823 177.952623026 149.012718746 
13 9506.93290298 266.70650962 227.360587398 
14 9263.82715325 393.334464932 343.838381816 
15 8920.53074245 566.834714672 513.634542879 
16 8455.40464658 791.175167455 754.420185969 
17 7858.82039827 1058.75357718 1083.42602455 
18 7144.04540681 1344.7537633 1512.20082989 
19 6352.27656615 1608.33550054 2040.38793331 
20 5544.64411728 1804.52801524 2651.82786747 
21 4783.0439006 1901.74512141 3316.21097799 
22 4111.75191723 1893.04074449 3996.20733828 
23 3550.33876355 1794.3408023 4656.32043416 
24 3097.8954252 1633.82104574 5269.28352906 
25 2741.78464027 1440.84545073 5818.36990899 
26 2465.2201028 1239.30459655 6296.47530065 
27 2251.77887097 1045.5384883 6703.68264073 
28 2087.34796142 869.015806185 7044.6362324 
29 1960.57058125 714.045835703 7326.38358304 
30 1862.61285076 581.533005918 7556.85414333 
31 1786.71907266 470.374516127 7743.90641122 
32 1727.7557902 378.444761675 7894.79944812 
33 1681.82626494 303.224007411 8015.94972765 
34 1645.96598169 242.171389419 8112.86262889 
35 1617.91115872 192.924144983 8190.1646963 
36 1595.92572413 153.388386475 8251.6858894 
37 1578.6724447 121.765906589 8300.56164872 
38 1565.1172447 96.5451972678 8339.33755804 
39 1554.45751954 76.4751822125 8370.06729825 
40 1546.06846609 60.5318239316 8394.39970998 
41 1539.46239899 47.8839417138 8413.6536593 
42 1534.25787467 37.861136277 8428.88098906 
43 1530.15594464 29.9252530591 8440.91880231 
44 1526.92202393 23.6459181948 8450.43205787 
45 1524.37181699 18.6799378032 8457.94824521 
46 1522.36038322 14.7542284182 8463.88538837 
47 1520.77365299 11.6518761508 8468.57447086 
48 1519.52179983 9.20081824713 8472.27738192 
49 1518.53405567 7.26471722976 8475.2012271 
50 1517.75464082 5.73562491809 8477.50973426 
51 1517.13957808 4.52812948532 8479.33229243 
52 1516.65418779 3.57468639067 8480.77112582 
53 1516.27111777 2.82190399557 8481.90697823 
54 1515.96878993 2.22758786501 8482.8036222 
55 1515.7301799 1.75840198239 8483.51141812 
56 1515.54185501 1.38801460956 8484.07013038 
57 1515.3932162 1.09563069785 8484.5111531 
58 1515.27589901 0.86482824461 8484.85927275 
59 1515.18330231 0.682640323648 8485.13405736 
60 1515.11021653 0.538829095401 8485.35095437 
61 1515.05253033 0.425312299592 8485.52215737 
62 1515.00699873 0.335709134304 8485.65729213 
63 1514.97106059 0.264982375473 8485.76395704 
64 1514.94269436 0.209155469619 8485.84815017 
65 1514.92030452 0.165089452329 8485.91460603 
66 1514.90263234 0.130307667126 8485.96706 
67 1514.88868358 0.102853770142 8486.00846265 
68 1514.87767369 0.0811838797964 8486.04114243 
69 1514.8689835 0.0640795123388 8486.06693698 
70 1514.86212424 0.0505787197748 8486.08729704 
