Time S I R
0.0  10000 1 0
1 9999.45806733 0.744575773285 0.797356896017 
2 9999.0545809 0.554376098367 1.391043004 
3 9998.75418109 0.412754908885 1.83306400208 
4 9998.53052684 0.307306212932 2.16216694236 
5 9998.36401553 0.228794530795 2.40718994284 
6 9998.24004747 0.170339754421 2.58961277596 
7 9998.14775369 0.126818911926 2.7254273953 
8 9998.07904118 0.0944169290556 2.8265418861 
9 9998.02788494 0.0702933032668 2.9018217588 
10 9997.98979941 0.0523331532368 2.95786743894 
11 9997.961445 0.0389618122887 2.99959318277 
12 9997.94033461 0.0290065190363 3.03065886679 
13 9997.92461873 0.0215951405547 3.05378612523 
14 9997.91291845 0.0160774337527 3.07100411767 
15 9997.9042076 0.0119694957224 3.08382290187 
16 9997.8977225 0.00891118601896 3.09336631479 
17 9997.89289425 0.00663422806338 3.10047152196 
18 9997.88929992 0.00493917146418 3.10576091145 
19 9997.88662401 0.00367723587119 3.10969875304 
20 9997.88463169 0.00273767133383 3.11263064157 
21 9997.88314843 0.00203817825368 3.11481339208 
22 9997.88204415 0.00151740874526 3.11643843976 
23 9997.88122208 0.00112972395541 3.11764819979 
24 9997.88060999 0.000841066061946 3.11854894889 
25 9997.88015425 0.000626146188352 3.11921960044 
26 9997.87981499 0.000466150295029 3.11971886318 
27 9997.87956243 0.000347044965197 3.12009052803 
28 9997.87937438 0.000258364667306 3.1203672524 
29 9997.87923439 0.000192344596321 3.12057326617 
30 9997.87913019 0.000143204932242 3.1207266051 
31 9997.8790526 0.000106612058823 3.12084079212 
32 9997.87899471 7.93117444915e-05 3.12092598197 
33 9997.8789517 5.90294480126e-05 3.1209892723 
34 9997.87891973 4.39555026025e-05 3.12103631012 
35 9997.87889598 3.27538442827e-05 3.12107126457 
36 9997.87887826 2.43953113028e-05 3.12109734714 
37 9997.87886506 1.81704943146e-05 3.1211167715 
38 9997.87885525 1.35447904663e-05 3.12113120588 
39 9997.87884796 1.01093095886e-05 3.1211419262 
40 9997.87884256 7.56047676293e-06 3.12114987976 
41 9997.87883846 5.62652255813e-06 3.12115591461 
42 9997.87883538 4.17348543836e-06 3.12116044877 
43 9997.87883299 3.04678822712e-06 3.1211639646 
44 9997.87883136 2.27662971816e-06 3.12116636785 
45 9997.87883009 1.67784942211e-06 3.12116823633 
46 9997.87882914 1.23140440536e-06 3.12116962945 
47 9997.87882847 9.17537367579e-07 3.12117060886 
48 9997.87882798 6.85823483875e-07 3.12117133192 
49 9997.87882763 5.20999811699e-07 3.12117184625 
50 9997.87882736 3.94441815223e-07 3.12117224117 
51 9997.87882716 2.99573512029e-07 3.1211725372 
52 9997.87882701 2.25838818904e-07 3.12117276729 
53 9997.87882689 1.70046113963e-07 3.12117294139 
54 9997.8788268 1.2743118841e-07 3.12117307437 
55 9997.87882673 9.56841034789e-08 3.12117317343 
56 9997.87882668 7.17550673336e-08 3.1211732481 
57 9997.87882664 5.40108175656e-08 3.12117330347 
58 9997.87882661 4.04541240177e-08 3.12117334578 
59 9997.87882657 2.21179589408e-08 3.12117340299 
60 9997.87882654 6.45249716833e-09 3.12117345188 
61 9997.87882651 -6.54226129955e-09 3.12117349243 
62 9997.87882649 -1.68663164629e-08 3.12117352464 
63 9997.87882648 -2.45196683216e-08 3.12117354852 
64 9997.87882647 -2.95023168758e-08 3.12117356407 
65 9997.87882646 -3.18142621255e-08 3.12117357129 
66 9997.87882646 -3.14555040706e-08 3.12117357017 
67 9997.87882647 -2.84260427111e-08 3.12117356071 
68 9997.87882648 -2.34063500889e-08 3.12117354505 
69 9997.87882647 -2.58017245352e-08 3.12117355252 
70 9997.87882647 -2.74677594654e-08 3.12117355772 
