Time S I R
0.0  10000 1 0
1 9997.89666829 2.07861731476 1.02471439582 
2 9993.52703393 4.31873634325 3.15422972191 
3 9984.45852505 8.96478809366 7.5766868545 
4 9965.67834656 18.5736135963 16.7480398405 
5 9926.95730344 38.3304466833 35.7122498778 
6 9847.84265677 78.4664523645 74.6908908622 
7 9689.1424317 158.024275221 153.83329308 
8 9382.17554256 308.161604666 310.662852777 
9 8827.79300245 565.846826858 607.360170697 
10 7938.50579553 937.895077987 1124.59912648 
11 6744.54778968 1337.868304 1918.58390632 
12 5456.93026023 1593.49836324 2950.57137653 
13 4333.5849549 1594.04123582 4073.37380928 
14 3497.34826865 1385.91097724 5117.7407541 
15 2929.81617969 1090.89527341 5980.2885469 
16 2560.5054229 803.863194895 6636.63138221 
17 2323.44904726 567.656778524 7109.89417421 
18 2171.44051177 390.059252616 7439.50023561 
19 2073.64354395 263.366639039 7663.98981701 
20 2010.469349 175.825995223 7814.70465577 
21 1969.51772336 116.527758346 7914.95451829 
22 1942.90092207 76.8624452773 7981.23663265 
23 1925.56818453 50.5426398699 8024.8891756 
24 1914.2663693 33.1686361454 8053.56499456 
25 1906.89046141 21.7383801726 8072.37115842 
26 1902.07383419 14.234899074 8084.69126674 
27 1898.92725253 9.31619364052 8092.75655383 
28 1896.87113232 6.09486129663 8098.03400638 
29 1895.52733833 3.98644058291 8101.48622108 
30 1894.64899228 2.60698697294 8103.74402075 
31 1894.07483581 1.70470081118 8105.22046338 
32 1893.69950339 1.11462435893 8106.18587225 
33 1893.45413655 0.728769000806 8106.81709445 
34 1893.29372908 0.476473544369 8107.22979738 
35 1893.18886206 0.311515482176 8107.49962246 
36 1893.12030423 0.203664471165 8107.6760313 
37 1893.0754836 0.133151912511 8107.79136449 
38 1893.04618134 0.0870516520886 8107.866767 
39 1893.02702451 0.0569122041631 8107.91606329 
40 1893.01450036 0.0372077033332 8107.94829193 
41 1893.00631245 0.0243253772468 8107.96936217 
42 1893.00095944 0.0159032493619 8107.98313731 
43 1892.99745981 0.0103970950762 8107.9921431 
44 1892.99517183 0.00679728877413 8107.99803088 
45 1892.99367609 0.00444395757374 8108.00187995 
46 1892.99269818 0.00290536465184 8108.00439645 
47 1892.99205884 0.00189944724839 8108.00604171 
48 1892.99164088 0.00124184290933 8108.00711728 
49 1892.9913676 0.000811876723237 8108.00782052 
50 1892.99118893 0.000530758309632 8108.00828031 
51 1892.99107213 0.000346989389084 8108.00858088 
52 1892.99099576 0.000226841782583 8108.00877739 
53 1892.99094585 0.000148314429678 8108.00890583 
54 1892.99091319 9.69170528455e-05 8108.0089899 
55 1892.99089183 6.33203028893e-05 8108.00904485 
56 1892.99087792 4.14271733438e-05 8108.00908066 
57 1892.99086881 2.7104124586e-05 8108.00910408 
58 1892.99086286 1.77350919236e-05 8108.00911941 
59 1892.99085898 1.16292818388e-05 8108.00912939 
60 1892.99085645 7.64844207873e-06 8108.0091359 
61 1892.99085475 4.98138414945e-06 8108.00914027 
62 1892.99085362 3.19534584872e-06 8108.00914319 
63 1892.99085291 2.08346447819e-06 8108.00914501 
64 1892.99085244 1.33493657266e-06 8108.00914623 
65 1892.99085214 8.7373037569e-07 8108.00914698 
66 1892.99085196 5.8436783836e-07 8108.00914746 
67 1892.99085184 3.92343713918e-07 8108.00914777 
68 1892.99085175 2.62017784809e-07 8108.00914798 
69 1892.9908517 1.73939045144e-07 8108.00914813 
70 1892.99085166 1.15113254837e-07 8108.00914822 
