Time S I R
0.0  10000 1 0
1 9999.34145713 0.81140607522 0.847136791486 
2 9998.80715351 0.658350871852 1.53449561413 
3 9998.37366044 0.534146615284 2.09219294622 
4 9998.02197821 0.433364953994 2.54465683531 
5 9997.73665694 0.351588707218 2.91175435483 
6 9997.5051861 0.285238887004 3.20957501014 
7 9997.31740164 0.231406459324 3.45119190102 
8 9997.16506098 0.187731419465 3.6472076051 
9 9997.04147522 0.152298023601 3.80622675244 
10 9996.94121746 0.123551574498 3.93523096233 
11 9996.85988437 0.100230359992 4.03988526532 
12 9996.79390416 0.0813107579623 4.12478508479 
13 9996.74037887 0.0659621521965 4.19365898095 
14 9996.69695755 0.0535106325854 4.24953181953 
15 9996.66173304 0.0434094566193 4.29485750266 
16 9996.63315728 0.0352147961806 4.33162792176 
17 9996.60997587 0.0285669932978 4.3614571385 
18 9996.59117117 0.0231742629599 4.38565456757 
19 9996.57591649 0.0187995567736 4.40528395813 
20 9996.56354124 0.0152505867776 4.42120817773 
21 9996.55350238 0.0123716335202 4.43412598331 
22 9996.54535861 0.0100361442302 4.44460524372 
23 9996.5387521 0.00814150863141 4.4531063869 
24 9996.53339268 0.00660451135205 4.46000280908 
25 9996.52904537 0.00535776878921 4.46559686469 
26 9996.52551872 0.00434637857536 4.4701349028 
27 9996.52265775 0.00352589407063 4.47381635605 
28 9996.52033681 0.00286028228407 4.47680290416 
29 9996.51845402 0.0023203230702 4.47922565724 
30 9996.51692665 0.00188229410027 4.48119105643 
31 9996.51568763 0.00152695857683 4.4827854163 
32 9996.51468261 0.00123873236775 4.48407866195 
33 9996.5138672 0.00100488436661 4.48512791703 
34 9996.51320572 0.000815180958829 4.48597909905 
35 9996.51266904 0.000661269488968 4.48666968574 
36 9996.51223373 0.000536428101419 4.48722983753 
37 9996.51188063 0.000435162053818 4.48768420889 
38 9996.51159416 0.00035300599983 4.48805283544 
39 9996.51136178 0.000286361531395 4.48835186292 
40 9996.51117325 0.000232293974894 4.48859445897 
41 9996.51102033 0.000188440627213 4.4887912248 
42 9996.51089633 0.000152876398942 4.48895079813 
43 9996.51079571 0.000124019887535 4.48908027456 
44 9996.51071394 0.000100570927844 4.48918548782 
45 9996.51064757 8.15376535478e-05 4.48927088832 
46 9996.51059387 6.61357141055e-05 4.48933999536 
47 9996.51055031 5.36433726297e-05 4.4893960473 
48 9996.51051509 4.35439893196e-05 4.48944136228 
49 9996.5104865 3.53448313313e-05 4.48947815112 
50 9996.51046322 2.86664306073e-05 4.48950811646 
51 9996.51044442 2.32757402285e-05 4.48953230398 
52 9996.51042912 1.88871753135e-05 4.48955199505 
53 9996.51041673 1.53351398153e-05 4.4895679327 
54 9996.51040671 1.2461322018e-05 4.48958082724 
55 9996.51039859 1.01307738504e-05 4.48959128419 
56 9996.51039201 8.24651892658e-06 4.48959973866 
57 9996.5103866 6.69368352103e-06 4.48960670609 
58 9996.51038215 5.41735257098e-06 4.48961243286 
59 9996.51037854 4.38154339251e-06 4.48961708044 
60 9996.51037539 3.47907960831e-06 4.48962112971 
61 9996.51037317 2.84117559421e-06 4.48962399192 
62 9996.51037128 2.30036424834e-06 4.48962641849 
63 9996.51036971 1.85105673948e-06 4.48962843449 
64 9996.51036844 1.48451982598e-06 4.48963007911 
65 9996.51036745 1.20030861623e-06 4.48963135433 
66 9996.51036666 9.74305406743e-07 4.48963236839 
67 9996.51036602 7.91722516679e-07 4.48963318762 
68 9996.51036553 6.50861786882e-07 4.48963381965 
69 9996.51036512 5.34722845743e-07 4.48963434075 
70 9996.51036479 4.38919822279e-07 4.48963477061 
