Time S I R
0.0  10000 1 0
1 9996.04918577 4.71363569954 0.23717852644 
2 9977.46204193 22.1836813591 1.35427670606 
3 9890.76505035 103.642488731 6.59246092152 
4 9502.03542216 468.306376809 30.658201027 
5 8025.30647249 1843.65627403 132.037253478 
6 4687.72180787 4858.53632629 454.741865837 
7 1677.38552529 7252.03259556 1071.58187915 
8 479.1785531 7698.22420716 1823.59723974 
9 138.394963854 7293.56717637 2569.03785977 
10 43.6193056053 6695.31173213 3262.06896226 
11 15.1992164087 6090.92962464 3894.87115895 
12 5.83400156959 5525.5577851 4469.60821333 
13 2.44873887398 5007.84292516 4990.70833596 
14 1.1150513875 4536.99765486 5462.88729375 
15 0.546655164031 4109.81747205 5890.63587279 
16 0.28652809218 3722.61749706 6278.09597484 
17 0.159694768034 3371.79453467 6629.04577056 
18 0.094186200562 3053.98859257 6946.91722123 
19 0.0583302453724 2766.11559136 7234.8260784 
20 0.0376425048071 2505.36315548 7495.59920201 
21 0.0253486756847 2269.18437826 7731.79027307 
22 0.0178042533626 2055.26777432 7945.71442142 
23 0.0128839352183 1861.51526511 8139.47185096 
24 0.00962175911445 1686.0267093 8314.96366894 
25 0.00742627948966 1527.08063057 8473.91194315 
26 0.00592711628815 1383.12067506 8617.87339782 
27 0.00477505770868 1252.73119982 8748.26402512 
28 0.00385685552646 1134.63241731 8866.36372583 
29 0.0032549488933 1027.6677308 8973.32901425 
30 0.00277097736034 930.786605429 9070.21062359 
31 0.00238766133953 843.038653594 9157.95895874 
32 0.00209130233816 763.562924388 9237.43498431 
33 0.00185763879745 691.579587205 9309.41855516 
34 0.00166530476963 626.382309031 9374.61602566 
35 0.00150817844587 567.331429228 9433.66706259 
36 0.00137860207724 513.847376313 9487.15124508 
37 0.0012667128558 465.405171312 9535.59356198 
38 0.00117542077351 421.529900067 9579.46892451 
39 0.00109663749754 381.79088745 9619.20801591 
40 0.00103309445149 345.798280136 9655.20068677 
41 0.000978687730822 313.198789174 9687.80023214 
42 0.000931652410145 283.672528309 9717.32654004 
43 0.000891002619028 256.929808373 9744.06930062 
44 0.000855828966451 232.708218542 9768.29092563 
45 0.000825123985123 210.770074125 9790.22910075 
46 0.000798247296188 190.900096354 9810.0991054 
47 0.00077464135029 172.903308905 9828.09591645 
48 0.000753825466745 156.603095011 9844.39615116 
49 0.000735503341275 141.83961474 9859.15964976 
50 0.000719298028343 128.467918442 9872.53136226 
51 0.00070492917439 116.356838245 9884.64245683 
52 0.0006921610875 105.387490622 9895.61181722 
53 0.000680796738379 95.4522640079 9905.5470552 
54 0.000670665531288 86.4536613895 9914.54566794 
55 0.000661619436869 78.303380868 9922.69595751 
56 0.000653531817079 70.9214710946 9930.07787537 
57 0.000646291637167 64.2354658121 9936.7638879 
58 0.000639803642116 58.1797833858 9942.81957681 
59 0.000633983212538 52.6949745824 9948.30439143 
60 0.000628757477898 47.7272489375 9953.2721223 
61 0.000624061513008 43.2278398901 9957.77153605 
62 0.000619838590865 39.1526102543 9961.84676991 
63 0.000616038440057 35.4615645325 9965.53781943 
64 0.000612616646322 32.1184846118 9968.88090277 
65 0.000609533884926 29.0905700618 9971.9088204 
66 0.000606755098488 26.348101991 9974.65129125 
67 0.000604249260505 23.8641821048 9977.13521365 
68 0.000601988558628 21.6144242658 9979.38497375 
69 0.000599948309173 19.5767632937 9981.42263676 
70 0.000598106355028 17.7311953229 9983.26820657 
