Time S I R
0.0  10000 1 0
1 9996.67368013 2.92518779111 1.40113207919 
2 9986.95530585 8.54725848961 5.49743566202 
3 9958.65842396 24.8942381334 17.4473379064 
4 9877.07954343 71.8309676723 52.0894888937 
5 9648.4444 201.83059441 150.725005586 
6 9055.04944999 527.900391999 418.050158013 
7 7775.74207516 1165.73107815 1059.52684669 
8 5835.11783402 1897.15493226 2268.72723371 
9 3970.5533317 2140.31548986 3890.13117843 
10 2736.55499681 1806.74863381 5457.69636938 
11 2054.60194233 1281.59373885 6664.80431882 
12 1692.90482222 827.781282875 7480.31389491 
13 1498.60894515 508.652278091 7993.73877676 
14 1391.87334522 304.209637619 8304.91701716 
15 1332.15050056 179.23022784 8489.6192716 
16 1298.31273501 104.708664394 8597.9786006 
17 1278.98971025 60.8791284437 8661.13116131 
18 1267.90279397 35.2988601097 8697.79834592 
19 1261.52347604 20.4346444516 8719.04187951 
20 1257.8468058 11.8189316249 8731.33426257 
21 1255.72574184 6.8322014119 8738.44205675 
22 1254.50143401 3.94831978386 8742.55024621 
23 1253.79451325 2.28132790678 8744.92415885 
24 1253.38625877 1.31801207981 8746.29572915 
25 1253.1504617 0.761422553626 8747.08811574 
26 1253.01426302 0.439863074427 8747.54587391 
27 1252.93559046 0.254097720193 8747.81031182 
28 1252.89014577 0.146784024953 8747.9630702 
29 1252.86389472 0.0847919030183 8748.05131338 
30 1252.84873069 0.0489810700798 8748.10228824 
31 1252.8399711 0.0282944405683 8748.13173446 
32 1252.83491106 0.0163445669827 8748.14874437 
33 1252.83198809 0.00944159873765 8748.15857031 
34 1252.83029961 0.00545402592517 8748.16424637 
35 1252.82932425 0.00315060307946 8748.16752514 
36 1252.82876084 0.00182002247909 8748.16941914 
37 1252.82843536 0.00105134784538 8748.1705133 
38 1252.82824734 0.000607326869099 8748.17114533 
39 1252.82813869 0.000350723688317 8748.17151059 
40 1252.82807598 0.000202618147565 8748.17172141 
41 1252.82803973 0.000117027573717 8748.17184324 
42 1252.82801882 6.7626021934e-05 8748.17191356 
43 1252.82800675 3.91212022188e-05 8748.17195413 
44 1252.82799974 2.25878255987e-05 8748.17197767 
45 1252.82799572 1.30863864923e-05 8748.17199119 
46 1252.8279934 7.59483734815e-06 8748.17199901 
47 1252.82799204 4.38691982195e-06 8748.17200358 
48 1252.82799123 2.47637895406e-06 8748.17200629 
49 1252.82799078 1.42620021181e-06 8748.17200779 
50 1252.82799052 8.11096670706e-07 8748.17200867 
51 1252.82799038 4.75984875542e-07 8748.17200914 
52 1252.8279903 2.84596118594e-07 8748.17200941 
53 1252.82799025 1.68928725609e-07 8748.17200958 
54 1252.82799022 9.91142472472e-08 8748.17200968 
55 1252.8279902 5.80628389306e-08 8748.17200974 
56 1252.82799019 3.41788318129e-08 8748.17200977 
57 1252.82799018 7.02121623002e-09 8748.17200981 
58 1252.82799017 -1.31422838763e-08 8748.17200984 
59 1252.82799017 -2.5782131988e-08 8748.17200986 
60 1252.82799017 -3.08983281053e-08 8748.17200986 
61 1252.82799017 -2.8490872228e-08 8748.17200986 
62 1252.82799017 -2.25671648027e-08 8748.17200985 
63 1252.82799017 -2.51810531236e-08 8748.17200986 
64 1252.82799017 -2.5843553131e-08 8748.17200986 
65 1252.82799017 -2.45546648248e-08 8748.17200985 
66 1252.82799017 -2.13143882051e-08 8748.17200985 
67 1252.82799017 -1.61227232719e-08 8748.17200984 
68 1252.82799017 -1.2512038884e-08 8748.17200984 
69 1252.82799018 -1.07302198449e-08 8748.17200984 
70 1252.82799018 -8.94840080581e-09 8748.17200983 
