Time S I R
0.0  10000 1 0
1 9995.4392184 5.53504481385 0.0257367863571 
2 9970.25891226 30.5730451079 0.168042637075 
3 9833.09252656 166.957870915 0.949602523423 
4 9137.1730561 858.736129618 5.09081427771 
5 6566.88794531 3410.38588392 23.7261707688 
6 2575.97132831 7348.50590237 76.5227693197 
7 597.056510301 9244.93978211 159.003707584 
8 116.381644074 9633.36346318 251.254892742 
9 22.124687951 9633.95632147 344.91899058 
10 4.24010100359 9558.6383315 438.1215675 
11 0.824110390009 9469.66810238 530.50778723 
12 0.162998016302 9378.81954635 622.017455638 
13 0.0321440635289 9288.32181899 712.646036951 
14 0.00650384268556 9198.59398973 802.399506425 
15 0.00148254827764 9109.71262799 891.285889461 
16 0.000425984602771 9021.68628657 979.31328745 
17 0.00019721483477 8934.51005689 1066.4897459 
18 0 8848.17600339 1152.82399661 
19 0 8762.67593454 1238.32406546 
20 0 8678.00199137 1322.99800863 
21 0 8594.14626025 1406.85373975 
22 0 8511.10084056 1489.89915944 
23 0 8428.85788106 1572.14211894 
24 0 8347.40963663 1653.59036337 
25 0 8266.74842888 1734.25157112 
26 0 8186.86665952 1814.13334048 
27 0 8107.75677784 1893.24322216 
28 0 8029.41135704 1971.58864296 
29 0 7951.82303168 2049.17696832 
30 0 7874.98445588 2126.01554412 
31 0 7798.88836197 2202.11163803 
32 0 7723.5275625 2277.4724375 
33 0 7648.89495028 2352.10504972 
34 0 7574.98349836 2426.01650164 
35 0 7501.78623609 2499.21376391 
36 0 7429.29621626 2571.70378374 
37 0 7357.50660974 2643.49339026 
38 0 7286.41066554 2714.58933446 
39 0 7216.0017081 2784.9982919 
40 0 7146.27313728 2854.72686272 
41 0 7077.21842835 2923.78157165 
42 0 7008.83109049 2992.16890951 
43 0 6941.10457304 3059.89542696 
44 0 6874.03248074 3126.96751926 
45 0 6807.60849312 3193.39150688 
46 0 6741.82635459 3259.17364541 
47 0 6676.67987441 3324.32012559 
48 0 6612.16292672 3388.83707328 
49 0 6548.26943766 3452.73056234 
50 0 6484.99334084 3516.00665916 
51 0 6422.32866461 3578.67133539 
52 0 6360.26950384 3640.73049616 
53 0 6298.81001404 3702.18998596 
54 0 6237.94441136 3763.05558864 
55 0 6177.66697256 3823.33302744 
56 0 6117.97208423 3883.02791577 
57 0 6058.85392963 3942.14607037 
58 0 6000.30703481 4000.69296519 
59 0 5942.32587515 4058.67412485 
60 0 5884.9049852 4116.0950148 
61 0 5828.03895817 4172.96104183 
62 0 5771.72244534 4229.27755466 
63 0 5715.9501465 4285.0498535 
64 0 5660.71674424 4340.28325576 
65 0 5606.01701727 4394.98298273 
66 0 5551.84581188 4449.15418812 
67 0 5498.19802618 4502.80197382 
68 0 5445.0686094 4555.9313906 
69 0 5392.45256122 4608.54743878 
70 0 5340.34493097 4660.65506903 
