Time S I R
0.0  10000 1 0
1 9996.48860309 3.20895758832 1.3024393219 
2 9985.23595952 10.2847117924 5.47932868565 
3 9949.32724904 32.8328537254 18.8398972377 
4 9836.25982133 103.514051362 61.2261273045 
5 9494.67975342 314.020196241 192.300050341 
6 8578.79639664 853.718223587 568.485379776 
7 6734.95211258 1800.16227322 1465.8856142 
8 4454.4457379 2547.53403949 2999.02022261 
9 2764.14487511 2468.23359995 4768.62152494 
10 1840.58152163 1883.72447835 6276.69400002 
11 1376.35847124 1270.10130618 7354.54022258 
12 1138.54483244 804.444650897 8058.01051667 
13 1011.66811224 493.157842919 8496.17404484 
14 941.592727962 297.024010631 8762.38326141 
15 901.945378001 177.134551983 8921.92007002 
16 879.164152475 105.042979812 9016.79286771 
17 865.94875996 62.0894112303 9072.96182881 
18 858.238216649 36.6307560641 9106.13102729 
19 853.723981478 21.5870678618 9125.68895066 
20 851.07565222 12.7133376727 9137.21101011 
21 849.520104651 7.48445647137 9143.99543888 
22 848.605771951 4.40518078808 9147.98904726 
23 848.068112211 2.59244836827 9150.33943942 
24 847.751871073 1.52553768435 9151.72259124 
25 847.565836888 0.897668367974 9152.53649474 
26 847.456389838 0.528198754616 9153.01541141 
27 847.391996994 0.310793509572 9153.2972095 
28 847.354110496 0.18286985811 9153.46301965 
29 847.331819084 0.107599504831 9153.56058141 
30 847.318703252 0.0633106951503 9153.61798605 
31 847.310986099 0.0372514295432 9153.65176247 
32 847.306445433 0.0219183731933 9153.67163619 
33 847.303773762 0.012896546677 9153.68332969 
34 847.302201782 0.00758819289735 9153.69021002 
35 847.301276844 0.00446480008425 9153.69425836 
36 847.30073265 0.00262712728981 9153.69664022 
37 847.300412429 0.00154578157087 9153.69804179 
38 847.300224014 0.000909529808424 9153.69886646 
39 847.300113149 0.000535153615195 9153.6993517 
40 847.300047916 0.000314867806229 9153.69963722 
41 847.300009532 0.00018524982162 9153.69980522 
42 847.299986954 0.000109006454264 9153.69990404 
43 847.299973656 6.41018659656e-05 9153.69996224 
44 847.299965836 3.76934936702e-05 9153.69999647 
45 847.299961235 2.21595917442e-05 9153.7000166 
46 847.299958546 1.30784705501e-05 9153.70002838 
47 847.29995696 7.72231769725e-06 9153.70003532 
48 847.299956026 4.56707810091e-06 9153.70003941 
49 847.299955444 2.60175407733e-06 9153.70004195 
50 847.299955131 1.54590919471e-06 9153.70004332 
51 847.299954937 8.89010279611e-07 9153.70004417 
52 847.299954829 5.25462599529e-07 9153.70004465 
53 847.299954768 3.1947818297e-07 9153.70004491 
54 847.299954731 1.94012176103e-07 9153.70004508 
55 847.299954708 1.16333999698e-07 9153.70004518 
56 847.299954694 6.94078326781e-08 9153.70004524 
57 847.299954686 4.15474621577e-08 9153.70004527 
58 847.299954679 1.96953326532e-08 9153.7000453 
59 847.299954673 -2.47692810276e-09 9153.70004533 
60 847.299954668 -1.82173005471e-08 9153.70004535 
61 847.299954665 -2.75257846799e-08 9153.70004536 
62 847.299954664 -3.04023805011e-08 9153.70004537 
63 847.299954665 -2.68470880106e-08 9153.70004536 
64 847.299954667 -2.19564243926e-08 9153.70004536 
65 847.299954666 -2.41234816798e-08 9153.70004536 
66 847.299954666 -2.46572318753e-08 9153.70004536 
67 847.299954666 -2.35576749789e-08 9153.70004536 
68 847.299954667 -2.08248109907e-08 9153.70004535 
69 847.299954668 -1.64586399107e-08 9153.70004535 
70 847.29995467 -1.19095046447e-08 9153.70004534 
