Time S I R
0.0  10000 1 0
1 9997.69521451 3.01286910347 0.29191638952 
2 9990.75626565 9.07254751637 1.17118683554 
3 9969.90698121 27.276231222 3.81678757105 
4 9907.63499337 81.6133543181 11.7516523085 
5 9724.91356556 240.760772048 35.325662393 
6 9215.48480361 682.048736803 103.466459591 
7 7975.83094711 1738.74371996 286.425332929 
8 5743.06443089 3555.58850699 702.347062125 
9 3254.05398689 5325.15664638 1421.78936673 
10 1564.23916039 6087.31572077 2349.44511884 
11 726.428859888 5953.76107601 3320.81006411 
12 353.540251372 5414.64659827 4232.81315035 
13 185.813256909 4767.74638261 5047.44036048 
14 105.948910482 4136.15584733 5758.89524219 
15 65.2039102655 3562.13814131 6373.65794843 
16 42.9619098396 3056.02641301 6902.01167715 
17 30.0479640494 2616.1756915 7354.77634445 
18 22.1300265384 2236.75752464 7742.11244882 
19 17.0397213471 1910.82586702 8073.13441163 
20 13.6305033371 1631.52603136 8355.8434653 
21 11.2653586644 1392.54979278 8597.18484856 
22 9.57452282101 1188.27633473 8803.14914245 
23 8.33402879 1013.78202584 8978.88394537 
24 7.40364121881 864.794072739 9128.80228604 
25 6.6927675276 737.625871227 9256.68136125 
26 6.14059888131 629.108049286 9365.75135183 
27 5.70579627287 536.521908684 9458.77229504 
28 5.35938901173 457.539262927 9538.10134806 
29 5.08062580441 390.168271173 9605.75110302 
30 4.8544136379 332.707273208 9663.43831315 
31 4.66946891027 283.701072983 9712.62945811 
32 4.51734441794 241.908126586 9754.574529 
33 4.391551589 206.268199267 9790.34024914 
34 4.28706624632 175.876635399 9820.83629835 
35 4.19994058741 149.961082942 9846.83897647 
36 4.12705305347 127.862923683 9869.01002326 
37 4.06590626958 109.020209978 9887.91388375 
38 4.01448870769 92.9537326401 9904.03177865 
39 3.97115890322 79.2543301945 9917.7745109 
40 3.93458388054 67.5735562738 9929.49185985 
41 3.90366902517 57.6142483071 9939.48208267 
42 3.87750035537 49.1225156778 9947.99998397 
43 3.85532836739 41.8822902758 9955.26238136 
44 3.83652425211 35.7091187324 9961.45435702 
45 3.82056419909 30.4457494205 9966.73368638 
46 3.80700908784 25.9581417998 9971.23484911 
47 3.79548993912 22.1319530862 9975.07255697 
48 3.78569618444 18.8697060242 9978.34459779 
49 3.7773660331 16.088303329 9981.13433064 
50 3.77027823029 13.7168667173 9983.51285505 
51 3.76424567885 11.6949713282 9985.54078299 
52 3.75910996449 9.97110061638 9987.26978942 
53 3.75473680828 8.50132905211 9988.74393414 
54 3.75101228864 7.24820239235 9990.00078532 
55 3.7478396952 6.1797883907 9991.07237191 
56 3.7451368748 5.26886104114 9991.98600208 
57 3.74283400088 4.49220661715 9992.76495938 
58 3.74087170055 3.83003369966 9993.4290946 
59 3.73919946626 3.26546772407 9993.99533281 
60 3.73777431794 2.78412098125 9994.4781047 
61 3.73655967242 2.37372666705 9994.88971366 
62 3.73552438398 2.02382637258 9995.24064924 
63 3.73464192984 1.72550323146 9995.53985484 
64 3.73388971896 1.47115440368 9995.79495588 
65 3.73324850769 1.25429785132 9996.01245364 
66 3.73270190151 1.06940707913 9996.19789102 
67 3.73223593157 0.911770245235 9996.35599382 
68 3.73183869439 0.77736999638 9996.49079131 
69 3.73150004565 0.662781085359 9996.60571887 
70 3.73121133994 0.565083209661 9996.70370545 
