Time S I R
0.0  10000 1 0
1 9997.77088098 2.04530252225 1.18381649527 
2 9993.21434239 4.18118229708 3.60447531602 
3 9983.91065405 8.53886115658 8.55048479736 
4 9964.95706236 17.4021039611 18.6408336764 
5 9926.52202212 35.3163762556 39.1616016198 
6 9849.30350931 71.0660486726 80.6304420192 
7 9697.01990914 140.606928582 163.373162273 
8 9407.34936817 269.235982462 324.414649366 
9 8892.02268116 485.40943373 623.567885108 
10 8074.05348287 790.960831036 1135.9856861 
11 6978.28053039 1112.23880839 1910.48066122 
12 5786.915276 1309.53493127 2904.54979273 
13 4730.94278091 1295.65622448 3974.40099461 
14 3931.00565921 1112.0085448 4957.98579599 
15 3380.67885179 861.471904391 5758.84924381 
16 3020.03141788 623.089574617 6357.8790075 
17 2788.48429816 431.054495097 6781.46120674 
18 2640.85368493 289.836918084 7070.30939698 
19 2546.85533966 191.382277689 7262.76238265 
20 2486.97299505 124.921023547 7389.10598141 
21 2448.78761854 80.9419322333 7471.27044922 
22 2424.41629424 52.2002846117 7524.38342115 
23 2408.851069 33.5637585983 7558.5851724 
24 2398.905275 21.5395552771 7580.55516973 
25 2392.5480913 13.806113615 7594.64579508 
26 2388.48379049 8.84231882425 7603.67389069 
27 2385.88503405 5.6603560732 7609.45460987 
28 2384.22320806 3.6222842495 7613.15450769 
29 2383.1604566 2.31756777039 7615.52197563 
30 2382.48079236 1.48260520067 7617.03660244 
31 2382.04611427 0.948379665774 7618.00550606 
32 2381.76811238 0.60661862679 7618.625269 
33 2381.59031224 0.388002456777 7619.02168531 
34 2381.47659679 0.24816681573 7619.2752364 
35 2381.4038676 0.158725538533 7619.43740686 
36 2381.35735193 0.101518661949 7619.54112941 
37 2381.32760172 0.0649295762907 7619.6074687 
38 2381.30857424 0.041527689758 7619.64989807 
39 2381.29640473 0.0265602365097 7619.67703503 
40 2381.28862141 0.0169873412657 7619.69439125 
41 2381.28364338 0.0108647157481 7619.70549191 
42 2381.28045955 0.00694882406711 7619.71259162 
43 2381.27842332 0.00444439027782 7619.71713229 
44 2381.27712094 0.00284254348191 7619.72003651 
45 2381.27628797 0.00181803461813 7619.721894 
46 2381.27575523 0.00116280585071 7619.72308196 
47 2381.27541446 0.000743678827683 7619.72384186 
48 2381.27519653 0.00047563482173 7619.72432783 
49 2381.27505713 0.000304184618501 7619.72463868 
50 2381.274968 0.000194559224008 7619.72483744 
51 2381.27491096 0.00012439559449 7619.72496465 
52 2381.27487445 7.95005992145e-05 7619.72504604 
53 2381.27485119 5.08828906005e-05 7619.72509793 
54 2381.2748363 3.2571840209e-05 7619.72513113 
55 2381.27482677 2.08510357769e-05 7619.72515238 
56 2381.2748207 1.33824968819e-05 7619.72516592 
57 2381.27481681 8.60462721315e-06 7619.72517458 
58 2381.27481427 5.47281039372e-06 7619.72518026 
59 2381.27481262 3.44888618927e-06 7619.72518393 
60 2381.27481159 2.17773004605e-06 7619.72518623 
61 2381.27481094 1.37699621929e-06 7619.72518769 
62 2381.27481054 8.86695558696e-07 7619.72518858 
63 2381.27481029 5.83208444827e-07 7619.72518913 
64 2381.27481013 3.83822274759e-07 7619.72518949 
65 2381.27481002 2.50246277786e-07 7619.72518973 
66 2381.27480995 1.61902340251e-07 7619.72518989 
67 2381.2748099 1.04554982301e-07 7619.72518999 
68 2381.27480987 6.79506061208e-08 7619.72519006 
69 2381.27480985 4.42942662343e-08 7619.7251901 
70 2381.27480984 2.64062193136e-08 7619.72519014 
