Time S I R
0.0  10000 1 0
1 9999.54221956 1.35966476132 0.098115675662 
2 9998.9198353 1.84864675033 0.231517947891 
3 9998.07369074 2.51341477872 0.412894477749 
4 9996.92341831 3.41709430068 0.659487391236 
5 9995.35982313 4.6454438268 0.994733045856 
6 9993.2346246 6.31490094069 1.45047446188 
7 9990.34655515 8.58347859481 2.06996625693 
8 9986.42256889 11.6654815507 2.91194955631 
9 9981.09256757 15.8512759429 4.05615648502 
10 9973.85550665 21.5337573869 5.6107359641 
11 9964.03408402 29.24365351 7.72226246792 
12 9950.71469416 39.6961542311 10.5891516102 
13 9932.66855753 53.8518802235 14.4795622495 
14 9908.24950044 72.9953753752 19.7551241852 
15 9875.26402974 98.833889444 26.9020808181 
16 9830.81086471 133.617530988 36.5716042977 
17 9771.09113074 180.277878762 49.630990503 
18 9691.19944258 242.573645189 67.2269122294 
19 9584.92245687 325.217237536 90.8603055939 
20 9444.59902483 433.931550318 122.469424857 
21 9261.1359754 575.352046166 164.511978433 
22 9024.32736039 756.644789665 220.027849947 
23 8723.6532713 984.693291194 292.653437505 
24 8349.739498 1264.71655106 386.543950945 
25 7896.51237937 1598.33141435 506.156206274 
26 7363.78705972 1981.35838444 655.854555837 
27 6759.57788923 2402.07659362 839.345517152 
28 6101.07292106 2840.90817303 1059.01890591 
29 5413.32839501 3272.31903258 1315.35257242 
30 4725.5669432 3668.86299392 1606.57006288 
31 4066.13368918 4006.17652666 1928.68978416 
32 3457.8875898 4267.14280514 2275.96960506 
33 2915.53760109 4443.84880346 2641.61359545 
34 2445.34441814 4537.1164051 3018.53917676 
35 2046.61880371 4554.35379728 3400.02739901 
36 1713.99097302 4506.84831164 3780.16071534 
37 1439.61706653 4407.33952239 4154.04341108 
38 1214.86585646 4268.28881003 4517.84533351 
39 1031.39982545 4100.86831384 4868.73186071 
40 881.74350881 3914.52289606 5204.73359513 
41 759.499558825 3716.90342954 5524.59701163 
42 659.357837659 3514.00276875 5827.6393936 
43 576.995267116 3310.3862327 6113.61850018 
44 508.935451179 3109.44083466 6382.62371416 
45 452.402782803 2913.61008769 6634.98712951 
46 405.189320301 2724.59743211 6871.21324759 
47 365.539450853 2543.5359796 7091.92456955 
48 332.057116754 2371.12349692 7297.81938632 
49 303.628965549 2207.73091065 7489.6401238 
50 279.364292793 2053.48614721 7668.14955999 
51 258.547746721 1908.33892244 7834.11333084 
52 240.602243069 1772.1105422 7988.28721473 
53 225.06002731 1644.53200934 8131.40796335 
54 211.54008318 1525.27286983 8264.18704699 
55 199.730492399 1413.96306536 8387.30644224 
56 189.374621135 1310.20933732 8501.41604154 
57 180.260247119 1213.60750874 8607.13224414 
58 172.210893312 1123.75170803 8705.03739866 
59 165.07949763 1040.24035483 8795.68014754 
60 158.742360375 962.681940319 8879.57569931 
61 153.095307986 890.697684176 8957.20700784 
62 148.050139351 823.923939651 9029.025921 
63 143.531758355 762.013765022 9095.45447662 
64 139.476071466 704.637542299 9156.88638624 
65 135.828095971 651.483449301 9213.68845473 
66 132.540463564 602.257434655 9266.20210178 
67 129.572254916 556.682896396 9314.74484869 
68 126.887953168 514.500306897 9359.61173994 
69 124.456606744 475.466636673 9401.07675658 
70 122.251293743 439.354491824 9439.39421443 
