Time S I R
0.0  10000 1 0
1 9997.51987466 3.3193515229 0.160773812179 
2 9989.2944248 11.0113019878 0.69427321293 
3 9962.0842277 36.4535208474 2.46225145431 
4 9872.83005456 119.87432926 8.29561618259 
5 9587.99848311 385.73112992 27.2703869684 
6 8753.19185453 1161.49364219 86.3145032834 
7 6810.66089263 2941.38062312 248.958484242 
8 3982.78503604 5421.50800872 596.706955238 
9 1756.2896691 7117.29989534 1127.41043555 
10 676.97921012 7578.70077811 1745.32001177 
11 258.341556608 7372.91346469 2369.7449787 
12 103.062699709 6932.55875143 2965.37854886 
13 43.7111354618 6435.93117218 3521.35769235 
14 19.7583516015 5945.19290023 4036.04874817 
15 9.49654656396 5480.56074953 4510.9427039 
16 4.835139129 5047.66388182 4948.50097905 
17 2.59697632224 4646.9996818 5351.40334188 
18 1.46541797477 4277.2519761 5722.28260593 
19 0.865657625818 3936.50213247 6063.6322099 
20 0.532824100288 3622.68905149 6377.77812441 
21 0.341066014284 3333.78324594 6666.87568804 
22 0.226222786547 3067.85852107 6932.91525614 
23 0.154995383247 2823.1120328 7177.73297182 
24 0.109525261119 2597.87320049 7403.01727424 
25 0.0795551669235 2390.59317361 7610.32727123 
26 0.0592651933239 2199.84462753 7801.09610727 
27 0.0451638012637 2024.31089987 7976.64393633 
28 0.0351667110117 1862.77992949 8138.18490379 
29 0.0279703827891 1714.13746696 8286.83456266 
30 0.0226480152596 1577.35479429 8423.6225577 
31 0.0186470085191 1451.48610277 8549.49525022 
32 0.0155963031575 1335.66065311 8665.32375059 
33 0.013242033232 1229.07704774 8771.90971023 
34 0.0114060109336 1130.99976056 8869.98883343 
35 0.00996757515531 1040.7496011 8960.24043133 
36 0.0087432475666 957.69874139 9043.29251536 
37 0.00777228908737 881.275751939 9119.71647577 
38 0.00697848900199 810.951234168 9190.04178734 
39 0.00631348783463 746.238277547 9254.75540897 
40 0.0057588305117 686.689310005 9314.30493116 
41 0.00529258015558 631.892262434 9369.10244499 
42 0.0048962928704 581.467913539 9419.52719017 
43 0.00455787546889 535.067376061 9465.92806606 
44 0.00426705137761 492.369586867 9508.62614608 
45 0.00401619663353 453.078984652 9547.91699915 
46 0.00379844184317 416.923736175 9584.07246538 
47 0.00360840930443 383.653625858 9617.34276573 
48 0.00344194588979 353.038420278 9647.95813778 
49 0.00329557389705 324.866295548 9676.13040888 
50 0.00316637628384 298.942246794 9702.05458683 
51 0.00305197644411 275.086938614 9725.91000941 
52 0.00295034894771 253.135230123 9747.86181953 
53 0.00285982772584 232.935269357 9768.06187082 
54 0.00277897992964 214.347219201 9786.65000182 
55 0.0027066043167 197.242485367 9803.75480803 
56 0.00264166042871 181.502643154 9819.49471519 
57 0.00258326253243 167.018787363 9833.97862937 
58 0.00253068229722 153.690800015 9847.3066693 
59 0.0024832387171 141.426367836 9859.57114893 
60 0.00244037425182 130.140650792 9870.85690883 
61 0.00240158348061 119.755518005 9881.24208041 
62 0.00236643442986 110.199111744 9890.79852182 
63 0.00233454443878 101.405291622 9899.59237383 
64 0.00230557959912 93.3132194447 9907.68447498 
65 0.00227924349929 85.8668888736 9915.13083188 
66 0.00225527511066 79.0147704419 9921.98297428 
67 0.00223344195365 72.7094420426 9928.28832452 
68 0.00221353792585 66.9072753636 9934.0905111 
69 0.00219537820158 61.5681051302 9939.42969949 
70 0.00217879896445 56.6549938136 9944.34282739 
