Time S I R
0.0  10000 1 0
1 9998.22070061 1.80783525435 0.971464133116 
2 9995.00533416 3.26723327198 2.72743256411 
3 9989.19859549 5.90137744935 5.90002706125 
4 9978.72426844 10.6482398832 11.6274916719 
5 9959.8700479 19.177620139 21.9523319621 
6 9926.05963732 34.4239198549 40.5164428297 
7 9865.83716166 61.4231712707 73.7396670692 
8 9759.84700949 108.445618316 132.707372196 
9 9577.16649569 187.972380332 235.861123981 
10 9273.30000879 315.816668425 411.883322784 
11 8796.2447384 504.541142696 700.214118903 
12 8110.15815847 747.290108295 1143.55173324 
13 7235.0773349 999.045006919 1766.87765818 
14 6268.19394986 1182.77043174 2550.0356184 
15 5345.04929876 1236.14868165 3419.80201958 
16 4567.37284334 1155.44182955 4278.18532711 
17 3969.2559998 987.289478746 5044.45452145 
18 3534.88620598 788.935443897 5677.17835013 
19 3229.3949979 600.978262037 6170.62674006 
20 3018.00549196 442.778954112 6540.21555392 
21 2872.81956209 318.808039154 6809.37239876 
22 2773.40644043 225.956321912 7001.63723766 
23 2705.40233797 158.42885365 7137.16880838 
24 2658.88930482 110.265366925 7231.84532825 
25 2627.06948272 76.357504345 7297.57301293 
26 2605.29559074 52.6943871308 7343.01002213 
27 2590.39233825 36.2785990132 7374.32906274 
28 2580.18969742 24.9364155964 7395.87388699 
29 2573.20400126 17.1212899399 7410.6747088 
30 2568.42040486 11.7465280993 7420.83306704 
31 2565.1444869 8.05483752274 7427.80067558 
32 2562.90092845 5.52140476438 7432.57766679 
33 2561.36433935 3.78387214517 7435.85178851 
34 2560.31192181 2.59269272493 7438.09538546 
35 2559.59110008 1.77629798923 7439.63260193 
36 2559.09739 1.21687732638 7440.68573267 
37 2558.75923085 0.833593463327 7441.40717569 
38 2558.5276131 0.571013054672 7441.90137385 
39 2558.36896848 0.391135005788 7442.23989651 
40 2558.2603061 0.267916829466 7442.47177707 
41 2558.18587839 0.183513518976 7442.63060809 
42 2558.13489953 0.125699256215 7442.73940122 
43 2558.09998176 0.0860983583537 7442.81391988 
44 2558.07606498 0.0589733019127 7442.86496171 
45 2558.05968327 0.0403938146779 7442.89992291 
46 2558.04846267 0.0276677291648 7442.9238696 
47 2558.04077716 0.0189509796495 7442.94027186 
48 2558.035513 0.0129804393763 7442.95150656 
49 2558.03190732 0.00889092357364 7442.95920175 
50 2558.02943762 0.00608980666157 7442.96447257 
51 2558.02774609 0.00417128911058 7442.96808262 
52 2558.02658742 0.00285712641941 7442.97055546 
53 2558.02579378 0.00195698597869 7442.97224924 
54 2558.02525019 0.00134045502106 7442.97340935 
55 2558.02487786 0.00091815248276 7442.97420399 
56 2558.0246228 0.000628865071087 7442.97474834 
57 2558.02444811 0.000430737044815 7442.97512115 
58 2558.02432846 0.000295022901835 7442.97537652 
59 2558.0242465 0.000202068834151 7442.97555143 
60 2558.02419038 0.000138420954974 7442.9756712 
61 2558.02415188 9.47550260212e-05 7442.97575336 
62 2558.02412553 6.48667047697e-05 7442.9758096 
63 2558.02410753 4.44521881182e-05 7442.97584802 
64 2558.02409518 3.04398079138e-05 7442.97587438 
65 2558.02408675 2.08839557122e-05 7442.97589236 
66 2558.02408097 1.43282915191e-05 7442.9759047 
67 2558.02407703 9.85235721786e-06 7442.97591312 
68 2558.02407431 6.77169516311e-06 7442.97591892 
69 2558.02407241 4.61703827853e-06 7442.97592297 
70 2558.02407108 3.10940888975e-06 7442.97592581 
