Time S I R
0.0  10000 1 0
1 9999.46790154 0.713621897257 0.818476567571 
2 9999.0882048 0.509240556066 1.40255464727 
3 9998.81726877 0.363388837987 1.81934238797 
4 9998.62393573 0.259305871877 2.11675839411 
5 9998.48598075 0.185032774919 2.32898647457 
6 9998.38754218 0.132032987305 2.48042483644 
7 9998.31730057 0.0942136652193 2.58848576862 
8 9998.26717924 0.0672269969386 2.66559375937 
9 9998.23141497 0.0479703128238 2.72061471873 
10 9998.20589506 0.0342294212258 2.75987551437 
11 9998.18768488 0.0244243003889 2.78789082106 
12 9998.17469149 0.0174280911786 2.8078804141 
13 9998.16541988 0.0124358288845 2.82214429353 
14 9998.15880417 0.00887362358355 2.83232220266 
15 9998.15408337 0.00633171817361 2.83958491016 
16 9998.15071509 0.00451807242296 2.84476683729 
17 9998.14831163 0.00322393038292 2.84846444259 
18 9998.14659653 0.00230043797458 2.85110303171 
19 9998.14537274 0.00164149105922 2.85298576478 
20 9998.14449952 0.00117130625886 2.85432916934 
21 9998.14387642 0.000835795390412 2.85528778555 
22 9998.14343175 0.000596364146014 2.85597188455 
23 9998.14311448 0.000425528146714 2.85645999432 
24 9998.14288809 0.000303632414465 2.85680827275 
25 9998.14272655 0.00021664730236 2.85705680514 
26 9998.1426113 0.000154590040264 2.85723411409 
27 9998.14252907 0.000110317005934 2.85736061025 
28 9998.14247027 7.86573340403e-05 2.85745106772 
29 9998.14242839 5.61048363957e-05 2.85751550433 
30 9998.14239858 4.00512617579e-05 2.85756137233 
31 9998.1423772 2.85392959713e-05 2.85759426412 
32 9998.14236212 2.0420880913e-05 2.85761745991 
33 9998.14235128 1.45829284288e-05 2.85763414001 
34 9998.14234357 1.04323675181e-05 2.85764599892 
35 9998.14233809 7.47995419508e-06 2.85765443451 
36 9998.1423341 5.33550628297e-06 2.85766056159 
37 9998.14233123 3.78924248803e-06 2.85766497954 
38 9998.14232914 2.66390007649e-06 2.85766819485 
39 9998.14232771 1.89455488964e-06 2.85767039301 
40 9998.14232666 1.32881237693e-06 2.85767200944 
41 9998.14232595 9.45533210796e-07 2.85767310454 
42 9998.14232545 6.76770587998e-07 2.85767387245 
43 9998.14232511 4.93842887437e-07 2.8576743951 
44 9998.14232486 3.59782198051e-07 2.85767477814 
45 9998.14232468 2.61726957145e-07 2.8576750583 
46 9998.14232455 1.89606432904e-07 2.85767526436 
47 9998.14232445 1.36304545357e-07 2.85767541666 
48 9998.14232438 9.83035083943e-08 2.85767552523 
49 9998.14232433 7.06643755553e-08 2.8576756042 
50 9998.14232429 5.10520975764e-08 2.85767566024 
51 9998.14232426 3.48112381134e-08 2.85767570664 
52 9998.14232422 1.52533949361e-08 2.85767576252 
53 9998.14232419 -9.16890622677e-10 2.85767580872 
54 9998.14232417 -1.3699618563e-08 2.85767584525 
55 9998.14232415 -2.30947888847e-08 2.85767587209 
56 9998.14232414 -2.9102401588e-08 2.85767588925 
57 9998.14232413 -3.17224566728e-08 2.85767589674 
58 9998.14232414 -3.0954954139e-08 2.85767589455 
59 9998.14232414 -2.67998939868e-08 2.85767588267 
60 9998.14232415 -2.42415103165e-08 2.85767587537 
61 9998.14232414 -2.64763677987e-08 2.85767588175 
62 9998.14232414 -2.77931144659e-08 2.85767588551 
63 9998.14232414 -2.81917503182e-08 2.85767588665 
64 9998.14232414 -2.76722753557e-08 2.85767588517 
65 9998.14232415 -2.62346895782e-08 2.85767588106 
66 9998.14232415 -2.38789929858e-08 2.85767587433 
67 9998.14232416 -2.06051855786e-08 2.85767586498 
68 9998.14232416 -1.64132673564e-08 2.857675853 
69 9998.14232417 -1.50792572338e-08 2.85767584919 
70 9998.14232417 -1.37207205119e-08 2.85767584531 
