Time S I R
0.0  10000 1 0
1 9999.84212949 0.499906897062 0.657963613536 
2 9999.76321021 0.249907050038 0.986882742528 
3 9999.72375807 0.124929922883 1.15131200724 
4 9999.70403586 0.062453338333 1.23351080229 
5 9999.69417665 0.0312209875596 1.27460236356 
6 9999.68924793 0.0156076068386 1.29514446253 
7 9999.68678403 0.00780236976443 1.30541359877 
8 9999.68555232 0.00390050728496 1.31054717187 
9 9999.68493656 0.00194986643981 1.31311357628 
10 9999.68462874 0.00097473792827 1.31439652597 
11 9999.68447485 0.000487255916406 1.31503789261 
12 9999.68439793 0.000243574075008 1.31535849809 
13 9999.68435948 0.00012176179863 1.31551876314 
14 9999.68434024 6.08169675616e-05 1.31559894657 
15 9999.68433064 3.04163411806e-05 1.31563894383 
16 9999.68432584 1.52234632027e-05 1.31565893268 
17 9999.68432345 7.64463077042e-06 1.31566890395 
18 9999.68432225 3.82866007504e-06 1.31567392451 
19 9999.68432163 1.88082497933e-06 1.31567648723 
20 9999.68432133 9.16670400737e-07 1.31567775574 
21 9999.68432119 4.66436794049e-07 1.3156783481 
22 9999.68432112 2.43525009265e-07 1.31567864138 
23 9999.68432108 1.24990662392e-07 1.31567879733 
24 9999.68432106 6.35358807163e-08 1.31567887818 
25 9999.68432105 3.25724021377e-08 1.31567891892 
26 9999.68432104 4.04947502145e-11 1.31567896172 
27 9999.68432103 -2.09050591466e-08 1.31567898928 
28 9999.68432103 -3.02203535224e-08 1.31567900154 
29 9999.68432103 -2.79053883773e-08 1.31567899849 
30 9999.68432103 -2.31732573746e-08 1.31567899226 
31 9999.68432103 -2.53349214623e-08 1.31567899511 
32 9999.68432103 -2.45011848752e-08 1.31567899401 
33 9999.68432103 -2.06720476134e-08 1.31567898897 
34 9999.68432103 -1.38475096769e-08 1.31567897999 
35 9999.68432103 -1.11616770963e-08 1.31567897646 
36 9999.68432104 -8.99696647147e-09 1.31567897361 
37 9999.68432104 -6.83225584669e-09 1.31567897076 
38 9999.68432104 -4.66754522192e-09 1.31567896792 
39 9999.68432104 -3.10320971973e-09 1.31567896586 
40 9999.68432104 -3.03698774067e-09 1.31567896577 
41 9999.68432104 -2.97076576161e-09 1.31567896568 
42 9999.68432104 -2.90454378255e-09 1.3156789656 
43 9999.68432104 -2.83832180348e-09 1.31567896551 
44 9999.68432104 -2.77209982442e-09 1.31567896542 
45 9999.68432104 -2.70587784536e-09 1.31567896533 
46 9999.68432104 -2.6396558663e-09 1.31567896525 
47 9999.68432104 -2.57343388724e-09 1.31567896516 
48 9999.68432104 -2.50721190818e-09 1.31567896507 
49 9999.68432104 -2.44098992911e-09 1.31567896499 
50 9999.68432104 -2.37476795005e-09 1.3156789649 
51 9999.68432104 -2.30854597099e-09 1.31567896481 
52 9999.68432104 -2.24232399193e-09 1.31567896473 
53 9999.68432104 -2.17610201287e-09 1.31567896464 
54 9999.68432104 -2.1098800338e-09 1.31567896455 
55 9999.68432104 -2.04365805474e-09 1.31567896446 
56 9999.68432104 -1.97743607568e-09 1.31567896438 
57 9999.68432104 -1.91121409662e-09 1.31567896429 
58 9999.68432104 -1.84499211756e-09 1.3156789642 
59 9999.68432104 -1.7787701385e-09 1.31567896412 
60 9999.68432104 -1.71254815943e-09 1.31567896403 
61 9999.68432104 -1.64632618037e-09 1.31567896394 
62 9999.68432104 -1.58010420131e-09 1.31567896385 
63 9999.68432104 -1.51388222225e-09 1.31567896377 
64 9999.68432104 -1.44766024319e-09 1.31567896368 
65 9999.68432104 -1.38143826412e-09 1.31567896359 
66 9999.68432104 -1.31521628506e-09 1.31567896351 
67 9999.68432104 -1.248994306e-09 1.31567896342 
68 9999.68432104 -1.18277232694e-09 1.31567896333 
69 9999.68432104 -1.11655034788e-09 1.31567896324 
70 9999.68432104 -1.05032836881e-09 1.31567896316 
