Time S I R
0.0  10000 1 0
1 9999.77076372 0.547376236675 0.68186004074 
2 9999.64528794 0.29961948135 1.05509257368 
3 9999.57660657 0.164003471526 1.25938996179 
4 9999.53901256 0.0897709833076 1.37121645384 
5 9999.51843471 0.0491381287921 1.43242715819 
6 9999.50717107 0.0268969778547 1.4659319521 
7 9999.50100563 0.0147227010279 1.484271671 
8 9999.49763082 0.00805880045055 1.49431038094 
9 9999.49578359 0.00441125062089 1.49980516429 
10 9999.49477241 0.00241458103773 1.50281300969 
11 9999.49421891 0.00132164041157 1.5044594495 
12 9999.49391596 0.000723428594526 1.50536061441 
13 9999.49375012 0.000395962429602 1.50585391963 
14 9999.49365935 0.000216730815127 1.5061239197 
15 9999.49360967 0.000118636888659 1.50627169145 
16 9999.49358245 6.4880617652e-05 1.50635267156 
17 9999.49356758 3.55175856211e-05 1.50639690495 
18 9999.49355945 1.94683882101e-05 1.50642108196 
19 9999.493555 1.06779618867e-05 1.50643432413 
20 9999.49355257 5.88885242798e-06 1.50644153859 
21 9999.49355121 3.20108420039e-06 1.50644558753 
22 9999.49355046 1.72403844793e-06 1.5064478126 
23 9999.49355006 9.23132767733e-07 1.50644901911 
24 9999.49354985 5.12491442752e-07 1.50644963771 
25 9999.49354974 2.91550508512e-07 1.50644997054 
26 9999.49354967 1.64249537249e-07 1.50645016231 
27 9999.49354964 9.14049293928e-08 1.50645027205 
28 9999.49354962 5.09175312156e-08 1.50645033304 
29 9999.4935496 2.3416459586e-08 1.50645037447 
30 9999.49354959 -3.81240496207e-09 1.50645041549 
31 9999.49354958 -2.17098991337e-08 1.50645044245 
32 9999.49354957 -3.02760229287e-08 1.50645045535 
33 9999.49354958 -2.95107763472e-08 1.5064504542 
34 9999.49354958 -2.25848625519e-08 1.50645044377 
35 9999.49354958 -2.55653472494e-08 1.50645044826 
36 9999.49354958 -2.61062586498e-08 1.50645044907 
37 9999.49354958 -2.42075967532e-08 1.50645044621 
38 9999.49354958 -1.98693615595e-08 1.50645043968 
39 9999.49354958 -1.37965343888e-08 1.50645043053 
40 9999.49354958 -1.17682744166e-08 1.50645042747 
41 9999.49354959 -9.74001444435e-09 1.50645042442 
42 9999.49354959 -7.71175447211e-09 1.50645042136 
43 9999.49354959 -5.68349449986e-09 1.50645041831 
44 9999.49354959 -3.65523452762e-09 1.50645041525 
45 9999.49354959 -3.31147934972e-09 1.50645041473 
46 9999.49354959 -3.24825796667e-09 1.50645041464 
47 9999.49354959 -3.18503658362e-09 1.50645041454 
48 9999.49354959 -3.12181520057e-09 1.50645041445 
49 9999.49354959 -3.05859381752e-09 1.50645041435 
50 9999.49354959 -2.99537243447e-09 1.50645041426 
51 9999.49354959 -2.93215105142e-09 1.50645041416 
52 9999.49354959 -2.86892966837e-09 1.50645041407 
53 9999.49354959 -2.80570828532e-09 1.50645041397 
54 9999.49354959 -2.74248690227e-09 1.50645041388 
55 9999.49354959 -2.67926551922e-09 1.50645041378 
56 9999.49354959 -2.61604413617e-09 1.50645041368 
57 9999.49354959 -2.55282275311e-09 1.50645041359 
58 9999.49354959 -2.48960137006e-09 1.50645041349 
59 9999.49354959 -2.42637998701e-09 1.5064504134 
60 9999.49354959 -2.36315860396e-09 1.5064504133 
61 9999.49354959 -2.29993722091e-09 1.50645041321 
62 9999.49354959 -2.23671583786e-09 1.50645041311 
63 9999.49354959 -2.17349445481e-09 1.50645041302 
64 9999.49354959 -2.11027307176e-09 1.50645041292 
65 9999.49354959 -2.04705168871e-09 1.50645041283 
66 9999.49354959 -1.98383030566e-09 1.50645041273 
67 9999.49354959 -1.92060892261e-09 1.50645041264 
68 9999.49354959 -1.85738753956e-09 1.50645041254 
69 9999.49354959 -1.79416615651e-09 1.50645041245 
70 9999.49354959 -1.73094477346e-09 1.50645041235 
