Time S I R
0.0  10000 1 0
1 9999.79750319 0.938734169312 0.263762642814 
2 9999.60741571 0.881217948241 0.511366345299 
3 9999.42897859 0.827222584711 0.743798822962 
4 9999.26147792 0.776532833901 0.961989243022 
5 9999.10424384 0.728946676152 1.16680947962 
6 9998.95664779 0.684274490815 1.35907771714 
7 9998.81809908 0.642338038472 1.53956287925 
8 9998.6880432 0.602969952369 1.70898684871 
9 9998.56595871 0.566012816283 1.86802847713 
10 9998.45135794 0.531319371661 2.01732268595 
11 9998.34378424 0.498751689924 2.15746406827 
12 9998.24280784 0.468179942982 2.28901221222 
13 9998.14802383 0.43948179195 2.41249437344 
14 9998.05904976 0.412541680774 2.5284085548 
15 9997.97552757 0.387251398977 2.63722103186 
16 9997.89712556 0.363510671964 2.73936376446 
17 9997.82353186 0.341225199269 2.83524294451 
18 9997.75445118 0.320305704945 2.92524311945 
19 9997.68960588 0.300668236557 3.00972587951 
20 9997.62873639 0.282234284057 3.08902932705 
21 9997.57159913 0.264930177764 3.16347068957 
22 9997.51796524 0.24868668311 3.23334807786 
23 9997.4676201 0.233438875063 3.29894102545 
24 9997.42036206 0.219125742037 3.36051220115 
25 9997.37600194 0.205690043209 3.41830802033 
26 9997.3343619 0.193077964804 3.47256013381 
27 9997.29527522 0.181239049046 3.52348573218 
28 9997.25858537 0.170125927105 3.57128869934 
29 9997.22414543 0.159694126489 3.6161604433 
30 9997.19181762 0.149901944771 3.65828043974 
31 9997.1614722 0.140710112102 3.69781769139 
32 9997.13298739 0.132081762713 3.73493084821 
33 9997.1062495 0.123982475672 3.76976802804 
34 9997.08115128 0.116379785659 3.80246893229 
35 9997.05759198 0.109243185339 3.83316483317 
36 9997.03547754 0.102544197775 3.86197825879 
37 9997.01471932 0.0962559804253 3.88902470367 
38 9996.99523392 0.0903532872427 3.91441279099 
39 9996.97694355 0.0848125548738 3.93824389883 
40 9996.9597749 0.0796115888883 3.96061351453 
41 9996.94365899 0.0747294983341 3.98161151622 
42 9996.92853142 0.070146783671 4.00132179242 
43 9996.91433164 0.0658450998432 4.01982326388 
44 9996.90100259 0.0618071731575 4.03719024159 
45 9996.88849094 0.0580168515268 4.05349220939 
46 9996.87674666 0.0544589797432 4.06879436146 
47 9996.86572255 0.0511192653737 4.0831581803 
48 9996.85537452 0.0479843492125 4.09664113245 
49 9996.84566116 0.0450416959938 4.10929713935 
50 9996.83654351 0.0422794967506 4.12117699788 
51 9996.82798489 0.039686650537 4.13232845882 
52 9996.81995098 0.0372527555287 4.14279626523 
53 9996.8124096 0.0349680667847 4.15262233397 
54 9996.80533066 0.0328234697721 4.16184586938 
55 9996.79868611 0.0308104660466 4.17050342472 
56 9996.79244916 0.0289209438362 4.17862989146 
57 9996.7865947 0.0271472905563 4.18625801358 
58 9996.78109928 0.0254824109261 4.19341830904 
59 9996.77594099 0.0239196614977 4.2001393519 
60 9996.77109907 0.0224527583011 4.20644817059 
61 9996.76655408 0.0210758070305 4.2123701173 
62 9996.76228779 0.0197832900989 4.21792892351 
63 9996.75828313 0.0185700346196 4.22314683797 
64 9996.75452403 0.0174311713785 4.22804480336 
65 9996.75099542 0.0163621374201 4.232642445 
66 9996.74768321 0.0153586617959 4.23695813216 
67 9996.74457419 0.0144167445183 4.24100906856 
68 9996.74165587 0.0135326003785 4.24481153424 
69 9996.73891653 0.0127026810348 4.24838079037 
70 9996.73634519 0.0119236586891 4.2517311495 
