Time S I R
0.0  10000 1 0
1 9999.90754168 0.488174641367 0.604283682228 
2 9999.86240635 0.238315113152 0.899278538435 
3 9999.84037241 0.11633943108 1.04328816347 
4 9999.82961604 0.0567941335758 1.11358982754 
5 9999.82436507 0.0277256727962 1.1479092609 
6 9999.82180165 0.0135350654228 1.16466328077 
7 9999.82055026 0.006607586707 1.17284214931 
8 9999.81993935 0.00322565777148 1.17683499473 
9 9999.81964111 0.00157466599987 1.178784224 
10 9999.81949552 0.000768716132467 1.1797357618 
11 9999.81942444 0.000375242846944 1.18020031265 
12 9999.81938975 0.000183168853893 1.18042708317 
13 9999.81937281 8.94303941657e-05 1.18053775467 
14 9999.81936454 4.36046144354e-05 1.18059185849 
15 9999.81936051 2.12907060752e-05 1.18061820321 
16 9999.81935854 1.0425180507e-05 1.1806310315 
17 9999.81935759 5.13166430038e-06 1.18063728124 
18 9999.8193571 2.43802854169e-06 1.18064046146 
19 9999.81935687 1.17991108993e-06 1.18064194685 
20 9999.81935676 5.7143115924e-07 1.18064266524 
21 9999.81935671 2.91217586763e-07 1.18064299608 
22 9999.81935669 1.47570620613e-07 1.18064316567 
23 9999.81935667 7.33849067439e-08 1.18064325326 
24 9999.81935667 3.65978420329e-08 1.18064329669 
25 9999.81935666 5.18839996628e-09 1.18064333377 
26 9999.81935666 -1.80479164595e-08 1.18064336121 
27 9999.81935665 -2.93313329517e-08 1.18064337453 
28 9999.81935665 -2.86618495104e-08 1.18064337374 
29 9999.81935666 -2.23159880153e-08 1.18064336625 
30 9999.81935666 -2.47543995362e-08 1.18064336913 
31 9999.81935666 -2.41449135418e-08 1.18064336841 
32 9999.81935666 -2.04875300321e-08 1.18064336409 
33 9999.81935666 -1.37822490071e-08 1.18064335617 
34 9999.81935666 -1.07543693559e-08 1.1806433526 
35 9999.81935666 -8.62545900517e-09 1.18064335008 
36 9999.81935666 -6.49654865441e-09 1.18064334757 
37 9999.81935666 -4.36763830366e-09 1.18064334506 
38 9999.81935666 -2.94678546601e-09 1.18064334338 
39 9999.81935666 -2.88246476478e-09 1.1806433433 
40 9999.81935666 -2.81814406354e-09 1.18064334323 
41 9999.81935666 -2.75382336231e-09 1.18064334315 
42 9999.81935666 -2.68950266108e-09 1.18064334308 
43 9999.81935666 -2.62518195985e-09 1.180643343 
44 9999.81935666 -2.56086125862e-09 1.18064334292 
45 9999.81935666 -2.49654055739e-09 1.18064334285 
46 9999.81935666 -2.43221985616e-09 1.18064334277 
47 9999.81935666 -2.36789915493e-09 1.1806433427 
48 9999.81935666 -2.3035784537e-09 1.18064334262 
49 9999.81935666 -2.23925775247e-09 1.18064334254 
50 9999.81935666 -2.17493705124e-09 1.18064334247 
51 9999.81935666 -2.11061635001e-09 1.18064334239 
52 9999.81935666 -2.04629564878e-09 1.18064334232 
53 9999.81935666 -1.98197494755e-09 1.18064334224 
54 9999.81935666 -1.91765424632e-09 1.18064334216 
55 9999.81935666 -1.85333354509e-09 1.18064334209 
56 9999.81935666 -1.78901284386e-09 1.18064334201 
57 9999.81935666 -1.72469214263e-09 1.18064334194 
58 9999.81935666 -1.6603714414e-09 1.18064334186 
59 9999.81935666 -1.59605074017e-09 1.18064334178 
60 9999.81935666 -1.53173003894e-09 1.18064334171 
61 9999.81935666 -1.4674093377e-09 1.18064334163 
62 9999.81935666 -1.40308863647e-09 1.18064334156 
63 9999.81935666 -1.33876793524e-09 1.18064334148 
64 9999.81935666 -1.27444723401e-09 1.1806433414 
65 9999.81935666 -1.21012653278e-09 1.18064334133 
66 9999.81935666 -1.14580583155e-09 1.18064334125 
67 9999.81935666 -1.08148513032e-09 1.18064334118 
68 9999.81935666 -1.01716442909e-09 1.1806433411 
69 9999.81935666 -9.52843727861e-10 1.18064334103 
70 9999.81935666 -8.8852302663e-10 1.18064334095 
