Time S I R
0.0  10000 1 0
1 9997.78372875 2.58585904627 0.630412207442 
2 9992.05646441 6.68337146826 2.26016411959 
3 9977.2784508 17.2518305357 6.46971866487 
4 9939.29476844 44.3870892859 17.3181422756 
5 9842.63330154 113.25321932 45.1134791361 
6 9602.74697645 282.962534747 115.290488801 
7 9042.62549471 672.151207755 286.223297539 
8 7900.77703145 1430.07147778 670.151490766 
9 6095.87062999 2497.34658899 1407.78278102 
10 4107.16128086 3362.95693368 2530.88178546 
11 2572.49675594 3566.97163546 3861.5316086 
12 1632.97017295 3213.89291532 5154.13691174 
13 1106.51191379 2633.43944917 6261.04863704 
14 811.500581886 2046.52871104 7142.97070707 
15 640.132849905 1543.23706805 7817.63008205 
16 536.167272781 1143.1341208 8321.69860642 
17 470.551857134 837.473400778 8692.97474209 
18 427.782435493 609.219700069 8963.99786444 
19 399.198458453 441.113735234 9160.68780631 
20 379.731638696 318.390677992 9302.87768331 
21 366.287681345 229.315147397 9405.39717126 
22 356.907720612 164.91286906 9479.17941033 
23 350.314334615 118.473450619 9532.21221477 
24 345.654768625 85.0484491458 9570.29678223 
25 342.348936411 61.021712354 9597.62935123 
26 339.996954759 43.7664176363 9617.2366276 
27 338.320200947 31.3820668521 9631.2977322 
28 337.123119751 22.4978172036 9641.37906305 
29 336.267598927 16.1265210464 9648.60588003 
30 335.655723856 11.5584343479 9653.7858418 
31 335.217871681 8.28375514969 9657.49837317 
32 334.904429006 5.93654950503 9660.15902149 
33 334.679984756 4.25427517103 9662.06574007 
34 334.519237088 3.04863899176 9663.43212392 
35 334.404092943 2.18463359061 9664.41127347 
36 334.321606341 1.56547280464 9665.11292085 
37 334.262510577 1.12178182321 9665.6157076 
38 334.220170488 0.803837771456 9665.97599174 
39 334.189834116 0.57600504764 9666.23416084 
40 334.168097744 0.41274577878 9666.41915648 
41 334.152523071 0.295758894725 9666.55171803 
42 334.141363285 0.211929977875 9666.64670674 
43 334.13336682 0.15186102172 9666.71477216 
44 334.127636979 0.108817801013 9666.76354522 
45 334.123531249 0.0779745758779 9666.79849418 
46 334.120589277 0.0558735181582 9666.8235372 
47 334.118481195 0.0400367717099 9666.84148203 
48 334.116970632 0.0286887615997 9666.85434061 
49 334.115888228 0.0205572263479 9666.86355455 
50 334.115112622 0.0147304942695 9666.87015688 
51 334.114556855 0.010555283561 9666.87488786 
52 334.114158615 0.00756349496224 9666.87827789 
53 334.113873248 0.00541966737267 9666.88070708 
54 334.113668778 0.00388358042064 9666.88244764 
55 334.113522261 0.00278286507279 9666.88369487 
56 334.113417267 0.00199408845012 9666.88458864 
57 334.113342033 0.00142889182958 9666.88522908 
58 334.113288124 0.00102390025532 9666.88568798 
59 334.113249495 0.000733690472361 9666.88601682 
60 334.113221811 0.000525717206484 9666.88625247 
61 334.113201975 0.000376701028784 9666.88642132 
62 334.113187763 0.000269925888988 9666.88654231 
63 334.113177577 0.000193408606436 9666.88662901 
64 334.11317028 0.000138589719698 9666.88669113 
65 334.113165053 9.93183302608e-05 9666.88673563 
66 334.113161299 7.11204721751e-05 9666.88676758 
67 334.113158613 5.09391409849e-05 9666.88679045 
68 334.113156692 3.65096454772e-05 9666.8868068 
69 334.113155318 2.61873392942e-05 9666.88681849 
70 334.113154332 1.87749952374e-05 9666.88682689 
