Time S I R
0.0  10000 1 0
1 9999.18544505 0.898295790969 0.916259156712 
2 9998.45381335 0.806881638807 1.7393050113 
3 9997.79670076 0.724726982005 2.47857225338 
4 9997.20654546 0.650902165681 3.14255237282 
5 9996.67654609 0.584569107039 3.73888480773 
6 9996.20060012 0.524974180557 4.27442570133 
7 9995.77320383 0.471436591578 4.75535957682 
8 9995.38941072 0.423343478308 5.18724579966 
9 9995.04479007 0.380144906156 5.57506502229 
10 9994.73534928 0.341344780027 5.92330593635 
11 9994.45750355 0.3064971059 6.23599934566 
12 9994.20803228 0.275200776746 6.51676694196 
13 9993.98404218 0.247095105674 6.76886270995 
14 9993.78293372 0.221855747282 6.99521052945 
15 9993.60237237 0.199191194467 7.19843643797 
16 9993.44026163 0.178839480177 7.38089889176 
17 9993.29471621 0.160564896331 7.54471889007 
18 9993.16404439 0.144155809694 7.69179980488 
19 9993.04672981 0.129422409874 7.82384778437 
20 9992.94140689 0.116193711877 7.94239939664 
21 9992.84685141 0.104316348948 8.04883223632 
22 9992.76196244 0.0936523633176 8.14438519979 
23 9992.68575216 0.0840779277366 8.23016990858 
24 9992.61733367 0.0754818310844 8.307184497 
25 9992.55591107 0.0677642479609 8.37632468261 
26 9992.50076904 0.0608354398183 8.43839552159 
27 9992.45126554 0.0546148423054 8.49411962263 
28 9992.40682416 0.0490301154378 8.54414572498 
29 9992.36692726 0.0440162814293 8.58905645805 
30 9992.33111024 0.0395150122358 8.6293747525 
31 9992.29895652 0.0354740021746 8.6655694735 
32 9992.27009107 0.0318461547131 8.69806277346 
33 9992.24417784 0.0285892654004 8.7272328984 
34 9992.22091474 0.0256653928523 8.75341986777 
35 9992.20003081 0.0230404994199 8.77692868914 
36 9992.18128287 0.0206840353302 8.79803309407 
37 9992.16445231 0.0185685364232 8.81697915693 
38 9992.1493433 0.0166693988467 8.83398730519 
39 9992.13577959 0.0149644774952 8.84925593339 
40 9992.1236032 0.0134339199771 8.86296288448 
41 9992.11267218 0.0120598911034 8.87526792552 
42 9992.10285917 0.0108263830349 8.88631444921 
43 9992.09404992 0.00971904067085 8.89623103802 
44 9992.08614167 0.00872494818836 8.90513338067 
45 9992.07904233 0.00783253261365 8.91312513372 
46 9992.07266902 0.00703137615625 8.92029960636 
47 9992.06694755 0.00631215689417 8.92674028898 
48 9992.06181155 0.00566652938778 8.93252192356 
49 9992.05720102 0.00508695530661 8.9377120255 
50 9992.05306208 0.00456666111064 8.94237125816 
51 9992.04934643 0.00409957613142 8.94655398912 
52 9992.04601099 0.00368028449849 8.95030872142 
53 9992.04301653 0.00330385533526 8.95367961441 
54 9992.04032824 0.00296591358603 8.95670584892 
55 9992.03791501 0.00266254883684 8.95942244421 
56 9992.0357485 0.00239019866224 8.96186130336 
57 9992.03380366 0.0021457137795 8.96405062897 
58 9992.03205783 0.00192624583297 8.96601592872 
59 9992.03049045 0.0017292107762 8.96778034335 
60 9992.02908346 0.00155233863185 8.9693642007 
61 9992.0278204 0.00139355908151 8.9707860407 
62 9992.02668648 0.00125101390042 8.97206250388 
63 9992.02566869 0.0011230671561 8.97320823997 
64 9992.02475503 0.00100820986345 8.97423676197 
65 9992.02393461 0.000905074454805 8.9751603165 
66 9992.02319814 0.000812492422275 8.97598936738 
67 9992.02253704 0.000729384860313 8.97673357612 
68 9992.02194347 0.000654766449264 8.97740176619 
69 9992.02141063 0.000587783057635 8.97800158621 
70 9992.02093236 0.000527659566824 8.97853997726 
