Time S I R
0.0  10000 1 0
1 9999.03612184 1.22190265001 0.741975506865 
2 9997.8585382 1.492907198 1.64855460666 
3 9996.42004701 1.82381108331 2.75614191074 
4 9994.66311983 2.22775030429 4.10912986958 
5 9992.51766499 2.72069422698 5.76164078743 
6 9989.8983714 3.32202719255 7.77960140602 
7 9986.70147314 4.05524789771 10.2432789643 
8 9982.80098791 4.94877146938 13.2502406182 
9 9978.0440333 6.03690435064 16.9190623504 
10 9972.24551058 7.36092509828 21.3935643179 
11 9965.18178402 8.97032283991 26.8478931423 
12 9956.58332468 10.9241736729 33.4925016447 
13 9946.12635238 13.2926021778 41.5810454438 
14 9933.42343948 16.1582721941 51.4182883285 
15 9918.01323025 19.6177838145 63.368985939 
16 9899.34959935 23.7827837279 77.8676169205 
17 9876.79081171 28.7805001786 95.4286881084 
18 9849.58962544 34.7532838283 116.657090731 
19 9816.8857502 41.8565862302 142.257663566 
20 9777.70269541 50.2546301919 173.042674397 
21 9730.95174917 60.112872927 209.935377902 
22 9675.44655139 71.5862732938 253.967175312 
23 9609.93231323 84.8024444205 306.26524235 
24 9533.1338828 99.8391346935 368.026982508 
25 9443.8261926 116.696280639 440.47752676 
26 9340.9286712 135.264241135 524.807087667 
27 9223.62156453 155.291763959 622.08667151 
28 9091.4766852 176.359515988 733.163798809 
29 8944.58853746 197.866974245 858.544488292 
30 8783.68548462 219.041194789 998.273320587 
31 8610.19700286 238.974285913 1151.82871123 
32 8426.2546908 256.691633747 1318.05367545 
33 8234.61315748 271.245482358 1495.14136016 
34 8038.49124767 281.820521767 1680.68823056 
35 7841.35201821 287.831043051 1871.81693874 
36 7646.65363212 288.99140974 2065.35495814 
37 7457.60786893 285.343859588 2258.04827148 
38 7276.98292056 277.240184718 2446.77689473 
39 7106.97194741 265.283112486 2628.74494011 
40 6949.13572477 250.242787169 2801.62148807 
41 6804.41209226 232.965669738 2963.622238 
42 6673.17632588 214.291608724 3113.53206539 
43 6555.3329319 194.989286067 3250.67778204 
44 6450.42050536 175.714367979 3374.86512666 
45 6357.71526432 156.989501727 3486.29523396 
46 6276.32405458 139.202117974 3585.47382745 
47 6205.26177079 122.61463735 3673.12359186 
48 6143.51208776 107.381969918 3750.10594233 
49 6090.07219732 93.5720225043 3817.35578018 
50 6043.98369438 81.1861878358 3875.83011779 
51 6004.35220044 70.1779314384 3926.46986812 
52 5970.3582539 60.4685616097 3970.17318449 
53 5941.2617277 51.9599027303 4007.77836957 
54 5916.40184509 44.5439791633 4040.05417575 
55 5895.19409173 38.1101431191 4067.69576515 
56 5877.1252965 32.5500149453 4091.32468856 
57 5861.7476894 27.7607279653 4111.49158263 
58 5848.67255576 23.6468763781 4128.68056787 
59 5837.56385706 20.1215077685 4143.31463518 
60 5828.13210863 17.1064465485 4155.76144482 
61 5820.12865385 14.5321614655 4166.33918469 
62 5813.34042347 12.337342375 4175.32223416 
63 5807.58521357 10.4683063382 4182.94648009 
64 5802.70747918 8.87831750992 4189.41420331 
65 5798.57462213 7.52688081231 4194.89849706 
66 5795.07374403 6.37904032163 4199.54721565 
67 5792.10881668 5.40472616297 4203.48645716 
68 5789.59822882 4.57813690278 4206.82363427 
69 5787.47267098 3.87718394791 4209.65014508 
70 5785.6733181 3.28299330642 4212.04368859 
