Time S I R
0.0  10000 1 0
1 9999.54759285 0.782723547043 0.66968360717 
2 9999.19349995 0.612643103705 1.19385694165 
3 9998.91635802 0.479511352127 1.60413062901 
4 9998.69945306 0.375307917321 1.92523902679 
5 9998.52968516 0.293744781151 2.17657005587 
6 9998.3968146 0.229905585489 2.37327981915 
7 9998.29282221 0.179939422433 2.52723836597 
8 9998.21143208 0.140832048772 2.64773587506 
9 9998.14773162 0.110223754281 2.74204462537 
10 9998.09787599 0.086267527547 2.81585648443 
11 9998.05885633 0.0675178590252 2.87362581123 
12 9998.02831748 0.0528432168338 2.91883930734 
13 9998.00441618 0.0413579823574 2.95422583714 
14 9997.98570934 0.0323687696829 2.98192188805 
15 9997.97106847 0.0253333429655 3.00359818718 
16 9997.95961017 0.0198272244792 3.02056260883 
17 9997.95064222 0.0155177944612 3.03383998964 
18 9997.94362343 0.0121450018221 3.04423156753 
19 9997.93813023 0.00950530369423 3.05236446981 
20 9997.93383088 0.00743929657261 3.0587298253 
21 9997.93046599 0.00582233107828 3.06371168228 
22 9997.92783265 0.00455690594802 3.06761044392 
23 9997.92577167 0.00356652275518 3.07066180271 
24 9997.92415853 0.00279133918572 3.07305013312 
25 9997.922896 0.00218464179999 3.07491935924 
26 9997.92190789 0.00170981394166 3.07638229687 
27 9997.92113454 0.0013381895839 3.07752726582 
28 9997.92052936 0.0010473709161 3.07842327354 
29 9997.92005561 0.00081971509965 3.07912467745 
30 9997.91968481 0.00064153153915 3.07967365808 
31 9997.91939463 0.000502088032917 3.08010328121 
32 9997.91916753 0.000392958708377 3.08043950683 
33 9997.91898978 0.000307541783129 3.08070267493 
34 9997.91885065 0.000240683413297 3.08090866443 
35 9997.9187418 0.000188374605651 3.08106982698 
36 9997.9186566 0.000147435329979 3.08119596018 
37 9997.91858993 0.000115397797301 3.08129466727 
38 9997.91853766 9.02778230898e-05 3.08137206148 
39 9997.91849674 7.06160113817e-05 3.08143263918 
40 9997.91846478 5.52564991573e-05 3.08147996157 
41 9997.91843982 4.32596861926e-05 3.08151692355 
42 9997.9184203 3.38828165281e-05 3.08154581352 
43 9997.91840497 2.65124236451e-05 3.08156852157 
44 9997.91839302 2.07716283496e-05 3.08158620886 
45 9997.91838364 1.62643500897e-05 3.08160009571 
46 9997.91837632 1.27473331072e-05 3.08161093158 
47 9997.9183706 9.99809727693e-06 3.08161940193 
48 9997.91836614 7.85458750132e-06 3.08162600604 
49 9997.9183626 6.1555778596e-06 3.08163124066 
50 9997.91835979 4.80441550804e-06 3.08163540357 
51 9997.91835759 3.74449392504e-06 3.08163866917 
52 9997.9183558 2.88587635409e-06 3.08164131455 
53 9997.9183545 2.26229342315e-06 3.0816432358 
54 9997.91835345 1.75714925631e-06 3.08164479214 
55 9997.91835262 1.35707255497e-06 3.08164602477 
56 9997.918352 1.05901354784e-06 3.08164694309 
57 9997.91835152 8.28967118331e-07 3.08164765186 
58 9997.91835115 6.53359877216e-07 3.0816481929 
59 9997.91835088 5.20182399298e-07 3.08164860322 
60 9997.91835065 4.12616258536e-07 3.08164893463 
61 9997.91835048 3.28766821103e-07 3.08164919296 
62 9997.91835034 2.60308593286e-07 3.08164940388 
63 9997.91835022 2.06056961668e-07 3.08164957103 
64 9997.91835013 1.62440006848e-07 3.08164970541 
65 9997.91835006 1.27831291438e-07 3.08164981204 
66 9997.91835 1.00843193984e-07 3.08164989519 
67 9997.91834996 7.92449041969e-08 3.08164996174 
68 9997.91834992 6.26804005507e-08 3.08165001277 
69 9997.9183499 4.938213279e-08 3.08165005374 
70 9997.91834987 3.78092334828e-08 3.0816500894 
