Time S I R
0.0  10000 1 0
1 9999.86889847 0.692327888619 0.438773636839 
2 9999.77813378 0.479315831939 0.742550383626 
3 9999.7152966 0.331844116918 0.952859282486 
4 9999.67179234 0.229743808169 1.09846384748 
5 9999.64167346 0.159057302457 1.19926924066 
6 9999.62082154 0.11011943082 1.26905902562 
7 9999.60638526 0.0762384769337 1.31737626192 
8 9999.59639066 0.052781806779 1.35082753041 
9 9999.58947117 0.0365421819945 1.37398665101 
10 9999.58468069 0.0252992331239 1.39002007218 
11 9999.58136406 0.0175152962743 1.40112063999 
12 9999.57906789 0.0121263028451 1.40880581023 
13 9999.57747818 0.0083953599039 1.41412645678 
14 9999.57637765 0.00581246644358 1.4178098855 
15 9999.57561564 0.0040240686612 1.4203602948 
16 9999.57508809 0.00278593626105 1.42212597821 
17 9999.57472286 0.00192876934807 1.42334837201 
18 9999.57447 0.00133531634441 1.42419468707 
19 9999.57429495 0.000924489636158 1.4247805613 
20 9999.57417375 0.000640033468823 1.42518622027 
21 9999.57408983 0.000443095504788 1.42546707075 
22 9999.57403175 0.000306765090355 1.42566148965 
23 9999.57399153 0.000212371212916 1.42579610344 
24 9999.57396368 0.000147026145632 1.42588929113 
25 9999.57394441 0.000101801807348 1.42595378492 
26 9999.57393105 7.04363687702e-05 1.42599851474 
27 9999.5739218 4.87377326924e-05 1.42602945886 
28 9999.57391542 3.37563161216e-05 1.42605082365 
29 9999.57391099 2.33537474477e-05 1.4260656586 
30 9999.57390794 1.6202591985e-05 1.42607585677 
31 9999.57390582 1.12321751736e-05 1.42608294501 
32 9999.57390436 7.8024281469e-06 1.42608783612 
33 9999.57390335 5.428801239e-06 1.42609122112 
34 9999.57390263 3.74387487257e-06 1.42609362397 
35 9999.57390212 2.53638673007e-06 1.42609534595 
36 9999.57390179 1.76192960532e-06 1.42609645039 
37 9999.57390155 1.20000921658e-06 1.42609725174 
38 9999.57390139 8.25697396444e-07 1.42609778554 
39 9999.57390128 5.7337076742e-07 1.42609814538 
40 9999.57390121 4.06593350471e-07 1.42609838322 
41 9999.57390116 2.88270686108e-07 1.42609855196 
42 9999.57390112 2.0326151104e-07 1.42609867319 
43 9999.5739011 1.42863011826e-07 1.42609875932 
44 9999.57390108 9.98230304563e-08 1.4260988207 
45 9999.57390107 6.96745482405e-08 1.42609886369 
46 9999.57390106 4.89087593734e-08 1.42609889331 
47 9999.57390105 3.42484716936e-08 1.42609891422 
48 9999.57390104 1.54611537559e-08 1.42609894101 
49 9999.57390104 -5.43503565894e-10 1.42609896383 
50 9999.57390103 -1.31744813219e-08 1.42609898184 
51 9999.57390103 -2.24317795122e-08 1.42609899505 
52 9999.57390102 -2.83153981367e-08 1.42609900344 
53 9999.57390102 -3.08253371953e-08 1.42609900702 
54 9999.57390102 -2.99615966882e-08 1.42609900578 
55 9999.57390103 -2.57241766153e-08 1.42609899974 
56 9999.57390103 -2.26130629088e-08 1.4260989953 
57 9999.57390103 -2.45424409839e-08 1.42609899806 
58 9999.57390103 -2.55962104689e-08 1.42609899956 
59 9999.57390103 -2.57743713638e-08 1.42609899981 
60 9999.57390103 -2.50769236686e-08 1.42609899882 
61 9999.57390103 -2.35038673833e-08 1.42609899657 
62 9999.57390103 -2.10552025079e-08 1.42609899308 
63 9999.57390103 -1.77309290425e-08 1.42609898834 
64 9999.57390103 -1.35310469869e-08 1.42609898235 
65 9999.57390103 -1.23887148087e-08 1.42609898072 
66 9999.57390103 -1.11954680627e-08 1.42609897902 
67 9999.57390103 -1.00022213167e-08 1.42609897732 
68 9999.57390103 -8.80897457067e-09 1.42609897562 
69 9999.57390103 -7.61572782467e-09 1.42609897392 
70 9999.57390103 -6.42248107867e-09 1.42609897222 
