Time S I R
0.0  10000 1 0
1 9994.9825992 5.16312361826 0.854277180608 
2 9969.14970907 26.5908315488 5.2594593853 
3 9838.0016132 135.197180682 27.8012061208 
4 9216.76947547 645.398056326 138.8324682 
5 7016.47935566 2381.39064172 603.130002612 
6 3408.23405216 4760.53159221 1832.23435563 
7 1227.71575499 5203.03474493 3570.24950007 
8 473.539449077 4335.56619515 5191.89435577 
9 222.762480306 3302.66221583 6475.57530386 
10 126.67293431 2437.85122816 7436.47583753 
11 83.7495083183 1776.42383608 8140.82665561 
12 62.0097868595 1286.57244775 8652.41776539 
13 49.8986316379 928.789260354 9022.31210801 
14 42.6600659176 669.25275835 9289.08717573 
15 38.1066783151 481.689415898 9481.20390579 
16 35.1345177 346.43867733 9619.42680497 
17 33.1418588613 249.044062555 9718.81407858 
18 31.7798234288 178.971474694 9790.24870188 
19 30.8358157395 128.585928047 9841.57825621 
20 30.1749862151 92.3708627939 9878.45415099 
21 29.7090577488 66.3481334963 9904.94280875 
22 29.3788492189 47.6528161866 9923.96833459 
23 29.1439578627 34.223475332 9937.63256681 
24 28.9764247952 24.577761912 9947.44581329 
25 28.856706727 17.6501547264 9954.49313855 
26 28.7710391191 12.6749412529 9959.55401963 
27 28.7096766445 9.10200090266 9963.18832245 
28 28.6656926982 6.53617223848 9965.79813506 
29 28.6341493946 4.69360823108 9967.67224237 
30 28.611519714 3.37045009989 9969.01803019 
31 28.5952805506 2.42028942839 9969.98443002 
32 28.5836250595 1.73798299226 9970.67839195 
33 28.5752583199 1.24802384469 9971.17671784 
34 28.5692517848 0.896189071112 9971.53455914 
35 28.5649393537 0.643540591912 9971.79152005 
36 28.5618430617 0.462117012827 9971.97603993 
37 28.5596198673 0.331839219186 9972.10854091 
38 28.5580235325 0.238288639581 9972.20368783 
39 28.5568772827 0.171111271759 9972.27201145 
40 28.5560542072 0.1228722363 9972.32107356 
41 28.5554631859 0.0882326221412 9972.35630419 
42 28.5550387899 0.0633584280582 9972.38160278 
43 28.5547340417 0.045496659713 9972.3997693 
44 28.5545152093 0.0326704273713 9972.41281436 
45 28.5543580702 0.0234601088845 9972.42218182 
46 28.5542452316 0.0168463209561 9972.42890845 
47 28.5541642044 0.0120970744929 9972.43373872 
48 28.5541060201 0.00868671349159 9972.43720727 
49 28.554064239 0.00623778707707 9972.43969797 
50 28.5540342361 0.00447921577379 9972.44148655 
51 28.5540126932 0.00321651252049 9972.44277079 
52 28.5539972236 0.00230978767366 9972.44369299 
53 28.553986114 0.00165861413022 9972.44435527 
54 28.5539781361 0.0011910035687 9972.44483086 
55 28.553972408 0.000855257669338 9972.44517233 
56 28.5539682944 0.000614148302499 9972.44541756 
57 28.5539653388 0.000440909493452 9972.44559375 
58 28.5539632176 0.000316578294477 9972.4457202 
59 28.5539616953 0.000227349597809 9972.44581096 
60 28.5539606019 0.000163260302806 9972.44587614 
61 28.5539598163 0.000117213134549 9972.44592297 
62 28.5539592526 8.41774136311e-05 9972.44595657 
63 28.5539588485 6.04879057134e-05 9972.44598066 
64 28.5539585582 4.34749509997e-05 9972.44599797 
65 28.5539583494 3.12358223038e-05 9972.44601041 
66 28.553958199 2.24204885995e-05 9972.44601938 
67 28.5539580916 1.61239791802e-05 9972.44602578 
68 28.5539580145 1.16043258173e-05 9972.44603038 
69 28.5539579591 8.35588038682e-06 9972.44603369 
70 28.5539579192 6.02119622126e-06 9972.44603606 
