Time S I R
0.0  10000 1 0
1 9998.88373369 1.86725553067 0.24901078124 
2 9996.79984627 3.4862059734 0.713947759953 
3 9992.9107932 6.50731150947 1.58189529459 
4 9985.65717553 12.1411849805 3.20163948908 
5 9972.14306763 22.6344306705 6.22250169858 
6 9947.01686105 42.1331783433 11.8499606052 
7 9900.47877901 78.2105826709 22.3106383226 
8 9814.88822804 144.433338426 41.6784335372 
9 9659.4960144 264.227058852 77.2769267472 
10 9383.87483041 475.274491961 141.850677629 
11 8914.56059262 830.142591983 256.296815401 
12 8168.09009148 1381.54350096 451.366407555 
13 7099.37192798 2137.46488944 764.163182582 
14 5775.48587963 3000.98606682 1224.52805355 
15 4393.05042008 3773.12397679 1834.82560312 
16 3172.82614913 4267.50092252 2560.67292835 
17 2232.55510722 4423.76447823 3344.68041455 
18 1569.82324505 4300.90866074 4130.26809421 
19 1123.50428256 4001.05992966 4876.43578778 
20 827.003995858 3614.09936581 5559.89663834 
21 628.837470398 3201.215364 6170.9471656 
22 494.178730122 2798.34194683 6708.47932305 
23 400.708813805 2424.12926444 7176.16192176 
24 334.35555064 2086.66766754 7579.97678182 
25 286.213382252 1788.02311827 7926.76349948 
26 250.572273825 1527.0168673 8223.41085887 
27 223.702193207 1300.86454746 8476.43325933 
28 203.11583099 1106.10887853 8691.77529048 
29 187.120033952 939.137794959 8874.74217109 
30 174.538731951 796.461443529 9029.99982452 
31 164.538476195 674.851287111 9161.61023669 
32 156.517767115 571.397458347 9273.08477454 
33 150.034929075 483.522265024 9367.4428059 
34 144.760488928 408.968905136 9447.27060594 
35 140.445117198 345.777993388 9514.77688941 
36 136.897609323 292.258816581 9571.8435741 
37 133.969531915 246.959219636 9620.07124845 
38 131.544437393 208.63622372 9660.81933889 
39 129.530089637 176.228820257 9695.24109011 
40 127.852805079 148.833229095 9724.31396583 
41 126.453256842 125.680908819 9748.86583434 
42 125.283423481 106.119205 9769.59737152 
43 124.30414315 89.5944775294 9787.10137932 
44 123.483345885 75.6374956689 9801.87915845 
45 122.794655196 63.8508595777 9814.35448523 
46 122.21629127 53.8982069842 9824.88550175 
47 121.730210504 45.4949679395 9833.77482156 
48 121.321426522 38.4004943794 9841.2780791 
49 120.977461925 32.4113513838 9847.61118669 
50 120.687906811 27.3556114973 9852.95648169 
51 120.444060873 23.0880080259 9857.4679311 
52 120.238641357 19.4858197034 9861.27553894 
53 120.065545281 16.4453940494 9864.48906067 
54 119.919652685 13.87919608 9867.20115123 
55 119.796664374 11.7133107727 9869.49002485 
56 119.692967431 9.88532855228 9871.42170402 
57 119.605523635 8.34255765255 9873.05191871 
58 119.531776832 7.0405161013 9874.42770707 
59 119.469575394 5.94165437126 9875.58877023 
60 119.417107496 5.01427676596 9876.56861574 
61 119.372846862 4.23162877419 9877.39552436 
62 119.335507421 3.57112777734 9878.0933648 
63 119.304005292 3.01371372075 9878.68228099 
64 119.277426797 2.54329986945 9879.17927333 
65 119.25500161 2.14630939372 9879.598689 
66 119.236080132 1.81128329578 9879.95263657 
67 119.220114527 1.52855058217 9880.25133489 
68 119.206642745 1.28994950616 9880.50340775 
69 119.195275046 1.08859205283 9880.7161329 
70 119.185682666 0.918665245576 9880.89565209 
