Time S I R
0.0  10000 1 0
1 9999.79166386 0.521739244429 0.686596892166 
2 9999.6829689 0.272211156334 1.04481994225 
3 9999.6262591 0.142022454687 1.23171844398 
4 9999.59667177 0.0740983940911 1.32922983422 
5 9999.58123499 0.0386598320735 1.3801051799 
6 9999.57318113 0.0201703721452 1.40664850249 
7 9999.56897909 0.0105236467663 1.42049726154 
8 9999.56678679 0.00549070875887 1.42772250464 
9 9999.5656429 0.00286464516709 1.43149245898 
10 9999.5650461 0.00149456539478 1.43345933366 
11 9999.56473475 0.000779777334112 1.43448547721 
12 9999.56457229 0.000406814331573 1.43502089965 
13 9999.56448753 0.000212241104378 1.43530022729 
14 9999.56444332 0.000110740737138 1.43544594033 
15 9999.56442022 5.77190687232e-05 1.43552205778 
16 9999.56440821 3.01338306228e-05 1.4355616589 
17 9999.56440194 1.57386499422e-05 1.4355823245 
18 9999.56439867 8.2440239867e-06 1.43559308372 
19 9999.56439696 4.31570034191e-06 1.43559872319 
20 9999.56439604 2.20985365413e-06 1.43560174632 
21 9999.56439557 1.12932085246e-06 1.43560329753 
22 9999.56439534 5.88660692381e-07 1.43560407369 
23 9999.56439522 3.1965137894e-07 1.43560445988 
24 9999.56439516 1.7278012689e-07 1.43560467073 
25 9999.56439512 9.1886309157e-08 1.43560478686 
26 9999.5643951 4.88544781833e-08 1.43560484863 
27 9999.56439509 1.94965201883e-08 1.43560489078 
28 9999.56439508 -7.89329951825e-09 1.4356049301 
29 9999.56439507 -2.46927312027e-08 1.43560495422 
30 9999.56439507 -3.09017748649e-08 1.43560496313 
31 9999.56439507 -2.65204305049e-08 1.43560495684 
32 9999.56439507 -2.39675293288e-08 1.43560495318 
33 9999.56439507 -2.58090140651e-08 1.43560495582 
34 9999.56439507 -2.4900005905e-08 1.43560495452 
35 9999.56439507 -2.12405048485e-08 1.43560494926 
36 9999.56439507 -1.48305108956e-08 1.43560494006 
37 9999.56439508 -1.18372042985e-08 1.43560493576 
38 9999.56439508 -9.71878027125e-09 1.43560493272 
39 9999.56439508 -7.60035624396e-09 1.43560492968 
40 9999.56439508 -5.48193221667e-09 1.43560492664 
41 9999.56439508 -3.36350818937e-09 1.4356049236 
42 9999.56439508 -3.19395511108e-09 1.43560492335 
43 9999.56439508 -3.12846779591e-09 1.43560492326 
44 9999.56439508 -3.06298048073e-09 1.43560492317 
45 9999.56439508 -2.99749316556e-09 1.43560492307 
46 9999.56439508 -2.93200585038e-09 1.43560492298 
47 9999.56439508 -2.86651853521e-09 1.43560492288 
48 9999.56439508 -2.80103122004e-09 1.43560492279 
49 9999.56439508 -2.73554390486e-09 1.4356049227 
50 9999.56439508 -2.67005658969e-09 1.4356049226 
51 9999.56439508 -2.60456927452e-09 1.43560492251 
52 9999.56439508 -2.53908195934e-09 1.43560492241 
53 9999.56439508 -2.47359464417e-09 1.43560492232 
54 9999.56439508 -2.408107329e-09 1.43560492223 
55 9999.56439508 -2.34262001382e-09 1.43560492213 
56 9999.56439508 -2.27713269865e-09 1.43560492204 
57 9999.56439508 -2.21164538348e-09 1.43560492194 
58 9999.56439508 -2.1461580683e-09 1.43560492185 
59 9999.56439508 -2.08067075313e-09 1.43560492176 
60 9999.56439508 -2.01518343796e-09 1.43560492166 
61 9999.56439508 -1.94969612278e-09 1.43560492157 
62 9999.56439508 -1.88420880761e-09 1.43560492147 
63 9999.56439508 -1.81872149243e-09 1.43560492138 
64 9999.56439508 -1.75323417726e-09 1.43560492129 
65 9999.56439508 -1.68774686209e-09 1.43560492119 
66 9999.56439508 -1.62225954691e-09 1.4356049211 
67 9999.56439508 -1.55677223174e-09 1.435604921 
68 9999.56439508 -1.49128491657e-09 1.43560492091 
69 9999.56439508 -1.42579760139e-09 1.43560492082 
70 9999.56439508 -1.36031028622e-09 1.43560492072 
