Time S I R
0.0  10000 1 0
1 9999.05892184 1.04102831368 0.900049850317 
2 9998.07936901 1.0836440205 1.83698696927 
3 9997.05986622 1.12790027283 2.81223350428 
4 9995.99888832 1.17385133729 3.82726034097 
5 9994.89486042 1.22155251287 4.88358706451 
6 9993.74615768 1.27106006207 5.98278225569 
7 9992.55110461 1.32243114669 7.12646424569 
8 9991.30797385 1.37572375357 8.31630239298 
9 9990.01498564 1.43099656364 9.55401779918 
10 9988.67030794 1.48830901432 10.8413830429 
11 9987.2720557 1.54772119453 12.1802231008 
12 9985.81829047 1.60929345398 13.5724160794 
13 9984.30701944 1.67308642359 15.0198941331 
14 9982.73619464 1.7391609975 16.5246443584 
15 9981.10371531 1.80757802604 18.0887066654 
16 9979.40742982 1.87839808924 19.7141720862 
17 9977.64513078 1.9516815584 21.4031876589 
18 9975.81455783 2.02748827445 23.1579538938 
19 9973.91340257 2.10587696148 24.9807204649 
20 9971.93930367 2.18690550638 26.8737908209 
21 9969.88984878 2.27063063585 28.83952058 
22 9967.76258207 2.35710711776 30.8803108114 
23 9965.55500097 2.4463878833 32.9986111467 
24 9963.26455622 2.53852386984 35.1969199059 
25 9960.88865998 2.63356322591 37.4777767926 
26 9958.42468875 2.73155092079 39.8437603333 
27 9955.86997932 2.83252889176 42.2974917885 
28 9953.22183663 2.93653531385 44.8416280544 
29 9950.47754504 3.04360366407 47.478851297 
30 9947.6343603 3.15376307148 50.2118766265 
31 9944.68951697 3.26703765468 53.0434453723 
32 9941.64024496 3.38344537242 55.9763096661 
33 9938.48376375 3.50299813331 59.0132381151 
34 9935.21728734 3.62570131219 62.1570113495 
35 9931.83803898 3.7515528093 65.4104082096 
36 9928.34326115 3.88054234197 68.776196512 
37 9924.73020785 4.01265151948 72.2571406294 
38 9920.99616329 4.14785284337 75.8559838638 
39 9917.13845911 4.28610884555 79.5754320422 
40 9913.15446753 4.42737193897 83.4181605278 
41 9909.04161613 4.57158361676 87.3868002509 
42 9904.79740183 4.71867396078 91.4839242045 
43 9900.41940395 4.8685610449 95.7120350038 
44 9895.90529273 5.02115002709 100.073557242 
45 9891.25284466 5.17633255446 104.570822783 
46 9886.45994466 5.33398717935 109.206068158 
47 9881.52460303 5.49397847322 113.981418497 
48 9876.44497556 5.65615591057 118.89886853 
49 9871.21937411 5.82035371688 123.960272172 
50 9865.84627329 5.98639156898 129.167335138 
51 9860.32433008 6.15407348739 134.521596437 
52 9854.65239971 6.32318736455 140.024412921 
53 9848.82954844 6.49350507253 145.676946488 
54 9842.85506043 6.66478358233 151.480155984 
55 9836.72845992 6.83676380057 157.434776283 
56 9830.44952524 7.00917076197 163.541304003 
57 9824.01829977 7.18171424597 169.799985989 
58 9817.43509461 7.35409030775 176.21081508 
59 9810.70051561 7.52598031216 182.773504073 
60 9803.8154732 7.697051874 189.48747493 
61 9796.78118757 7.86696012577 196.351852305 
62 9789.59918946 8.03534937642 203.365461163 
63 9782.27134743 8.20185292219 210.526799644 
64 9774.79987177 8.36609464768 217.834033581 
65 9767.18730838 8.52769088833 225.285000729 
66 9759.4365427 8.68625201882 232.877205282 
67 9751.55082251 8.84138344572 240.607794044 
68 9743.53375494 8.99268765243 248.473557409 
69 9735.38929727 9.13976613084 256.470936598 
70 9727.12173352 9.28222148662 264.596044994 
