Time S I R
0.0  10000 1 0
1 9999.52805904 1.15003954821 0.321901415307 
2 9998.98534201 1.32256145362 0.69209654007 
3 9998.36125451 1.52092501714 1.11782047595 
4 9997.64362176 1.74898869262 1.60738955224 
5 9996.8184565 2.01118275579 2.17036074881 
6 9995.8696945 2.31259192994 2.81771357457 
7 9994.77887869 2.65905377878 3.5620675275 
8 9993.5248212 3.05726360222 4.41791519611 
9 9992.083198 3.51489979931 5.40190220523 
10 9990.42609067 4.04076488737 6.53314444278 
11 9988.521471 4.64494339168 7.83358561267 
12 9986.33263344 5.33897473026 9.32839183401 
13 9983.81747024 6.13607201303 11.0464577509 
14 9980.92775072 7.05133788908 13.0209113868 
15 9977.60825041 8.10202345663 15.2897261287 
16 9973.79578473 9.30781023025 17.8964050426 
17 9969.41812417 10.6911248263 20.8907510075 
18 9964.39275144 12.277491054 24.3297575075 
19 9958.62551339 14.0959044025 28.2785822108 
20 9952.00910943 16.1792431477 32.8116474246 
21 9944.42141778 18.5647034032 38.0138788163 
22 9935.72368613 21.2942614305 43.9820524397 
23 9925.75853919 24.4151392406 50.8263215719 
24 9914.34788013 27.9802765804 58.671843293 
25 9901.29065717 32.0487796018 67.6605632287 
26 9886.36054566 36.6863192738 77.9531350676 
27 9869.30363116 41.96543909 89.7309297479 
28 9849.83613588 47.9657340023 103.19813012 
29 9827.64231018 54.7738351412 118.583854679 
30 9802.37267485 62.4831024183 136.144222732 
31 9773.64276446 71.1929544794 156.164281063 
32 9741.03260751 81.0077217855 178.959670707 
33 9704.0872629 92.0348785522 204.87785855 
34 9662.31881929 104.382490592 234.298690122 
35 9615.21010299 118.155799146 267.634097866 
36 9562.22061325 133.452751938 305.32663481 
37 9502.79523007 150.358340914 347.846429014 
38 9436.37592574 168.937772605 395.686301653 
39 9362.416833 189.228467456 449.354699544 
40 9280.40298381 211.231013554 509.366002632 
41 9189.87249747 234.899479719 576.228022814 
42 9090.44166397 260.131671056 650.426664972 
43 8981.83278573 286.759733667 732.407480601 
44 8863.90191444 314.543117265 822.554968294 
45 8736.66655649 343.163504351 921.169939162 
46 8600.33025841 372.224106236 1028.44563535 
47 8455.2996732 401.254879341 1144.44544746 
48 8302.19527502 429.722717521 1269.08200746 
49 8141.85184326 457.047858869 1402.10029787 
50 7975.30533945 482.627287892 1543.06737266 
51 7803.76898757 505.861645807 1691.36936662 
52 7628.59778044 526.185337303 1846.21688226 
53 7451.24358431 543.096730811 2006.65968488 
54 7273.20409608 556.185635218 2171.6102687 
55 7095.97028273 565.155112933 2339.87460434 
56 6920.97526807 569.836224266 2510.18850766 
57 6749.54881701 570.193984723 2681.25719827 
58 6582.88044166 566.324271116 2851.79528723 
59 6421.99305078 558.442691904 3020.56425732 
60 6267.72687447 546.86697929 3186.40614624 
61 6120.7337812 531.994872235 3348.27134657 
62 5981.48262661 514.279261662 3505.23811173 
63 5850.26886154 494.205531115 3656.52560735 
64 5727.23148701 472.267957885 3801.5005551 
65 5612.37305877 448.949751254 3939.67718998 
66 5505.58102077 424.70834406 4070.71063517 
67 5406.64902351 399.963016885 4194.3879596 
68 5315.29737608 375.08734032 4310.6152836 
69 5231.19179592 350.404885835 4419.40331824 
70 5153.95992318 326.187972961 4520.85210386 
