Time S I R
0.0  10000 1 0
1 9997.36563971 2.31727063078 1.31708966346 
2 9991.26590531 5.36601461105 4.36808007972 
3 9977.16659381 12.4059391364 11.427467052 
4 9944.70593456 28.5758663837 27.7181990588 
5 9870.65125316 65.2654817715 65.083265067 
6 9705.15940234 146.233260344 149.607337318 
7 9351.73057645 314.218052415 335.051371136 
8 8664.28502655 619.980481412 716.734492035 
9 7536.75167017 1050.56430115 1413.68402869 
10 6102.98737127 1429.47363617 2468.53899256 
11 4737.1039688 1528.84855104 3735.04748016 
12 3712.2248837 1335.00037138 4953.77474492 
13 3045.83137361 1012.30374478 5942.86488162 
14 2639.0830382 702.482283055 6659.43467875 
15 2395.61060257 462.084304119 7143.30509331 
16 2250.13881423 294.387574318 7456.47361146 
17 2162.93044726 183.996118009 7654.07343473 
18 2110.44918984 113.68612302 7776.86468714 
19 2078.77033461 69.7587643113 7852.47090107 
20 2059.60778621 42.6258418106 7898.76637198 
21 2048.00031877 25.9804689984 7927.01921223 
22 2040.96306915 15.8108163659 7944.22611449 
23 2036.6942642 9.61296165001 7954.69277415 
24 2034.10393416 5.84137164923 7961.05469419 
25 2032.53178491 3.54832702705 7964.91988806 
26 2031.57747938 2.15497420825 7967.26754641 
27 2030.99816473 1.30859616473 7968.69323911 
28 2030.64647321 0.794576815131 7969.55894997 
29 2030.43296157 0.482442898546 7970.08459553 
30 2030.3033366 0.292916422809 7970.40374698 
31 2030.22463919 0.177841904382 7970.5975189 
32 2030.17686041 0.107974172159 7970.71516542 
33 2030.14785282 0.0655545378599 7970.78659264 
34 2030.13024164 0.0398000884353 7970.82995827 
35 2030.11954946 0.0241637534426 7970.85628678 
36 2030.11305798 0.0146704751206 7970.87227155 
37 2030.10911682 0.00890683280772 7970.88197634 
38 2030.10672408 0.00540760875988 7970.88786831 
39 2030.1052714 0.00328316031954 7970.89144544 
40 2030.1043894 0.00199329892781 7970.8936173 
41 2030.10385395 0.00121023527064 7970.89493582 
42 2030.1035288 0.000734735032496 7970.89573646 
43 2030.10333142 0.000446073007478 7970.89622251 
44 2030.10321157 0.000270801455859 7970.89651763 
45 2030.10313883 0.000164420738689 7970.89669675 
46 2030.10309462 9.97740224442e-05 7970.8968056 
47 2030.10306779 6.05339866702e-05 7970.89687167 
48 2030.10305156 3.67983080365e-05 7970.89691164 
49 2030.10304169 2.23565765683e-05 7970.89693596 
50 2030.1030357 1.36075159889e-05 7970.89695069 
51 2030.10303209 8.31551353366e-06 7970.8969596 
52 2030.10302984 5.02887893939e-06 7970.89696513 
53 2030.10302845 3.00406967828e-06 7970.89696854 
54 2030.10302763 1.7980106501e-06 7970.89697057 
55 2030.10302714 1.08102629424e-06 7970.89697178 
56 2030.10302686 6.67518643329e-07 7970.89697248 
57 2030.10302668 4.18013603209e-07 7970.8969729 
58 2030.10302658 2.60283839851e-07 7970.89697316 
59 2030.10302651 1.60434988493e-07 7970.89697333 
60 2030.10302647 9.86795520737e-08 7970.89697343 
61 2030.10302644 6.09453703601e-08 7970.8969735 
62 2030.10302642 3.77579086573e-08 7970.89697354 
63 2030.10302641 2.01002122797e-08 7970.89697357 
64 2030.1030264 5.60854869678e-10 7970.8969736 
65 2030.10302639 -1.41049741208e-08 7970.89697362 
66 2030.10302638 -2.38972746918e-08 7970.89697364 
67 2030.10302638 -2.88160468432e-08 7970.89697365 
68 2030.10302638 -2.88612905751e-08 7970.89697365 
69 2030.10302638 -2.40330058874e-08 7970.89697364 
70 2030.10302638 -2.08128411192e-08 7970.89697364 
