Time S I R
0.0  10000 1 0
1 9996.19607621 3.60786381727 1.19605997518 
2 9982.49400024 12.9978481202 5.50815164233 
3 9933.41326514 46.5839798232 21.0027550392 
4 9761.06700201 163.908145717 76.0248522728 
5 9195.60713488 541.766159922 263.626705201 
6 7684.68707089 1488.40744971 827.905479394 
7 5141.54537144 2768.17803979 2091.27658877 
8 2883.09491468 3208.0461869 3909.85889842 
9 1645.91600587 2682.97408976 5672.10990437 
10 1071.38749527 1907.77636798 7021.83613675 
11 799.022375027 1258.03255993 7943.94506504 
12 660.920636524 799.605740355 8540.47362312 
13 586.520103761 498.567376199 8915.91252004 
14 544.648573831 307.599291927 9148.75213424 
15 520.392538661 188.637769465 9291.96969187 
16 506.079817421 115.276701968 9379.64348061 
17 497.536697012 70.2985002056 9433.16480278 
18 492.401057447 42.8160408033 9465.78290175 
19 489.300323052 26.0578858146 9485.64179113 
20 487.423206132 15.8516190635 9497.7251748 
21 486.284992561 9.64024063234 9505.07476681 
22 485.594140977 5.86177803807 9509.54408098 
23 485.17456781 3.56390886514 9512.26152332 
24 484.919656194 2.16669074178 9513.91365306 
25 484.764750229 1.31719784089 9514.91805193 
26 484.670603386 0.800746649433 9515.52864996 
27 484.613379272 0.48678052374 9515.8998402 
28 484.578595715 0.295915455911 9516.12548883 
29 484.557451933 0.17988692915 9516.26266114 
30 484.544599108 0.109352902187 9516.34604799 
31 484.536786078 0.0664752920123 9516.39673863 
32 484.532036623 0.0404100650616 9516.42755331 
33 484.529149473 0.0245651083807 9516.44628542 
34 484.527394396 0.014933019337 9516.45767258 
35 484.526327494 0.00907770411517 9516.4645948 
36 484.525678939 0.00551833231826 9516.46880273 
37 484.52528469 0.00335462739412 9516.47136068 
38 484.525045018 0.00203926947081 9516.47291571 
39 484.524899331 0.0012397124803 9516.47386096 
40 484.524810753 0.000753583989604 9516.47443566 
41 484.524756913 0.000458098473044 9516.47478499 
42 484.52472418 0.000278454918102 9516.47499736 
43 484.524704288 0.000169283568409 9516.47512643 
44 484.524692182 0.000102844570688 9516.47520497 
45 484.524684828 6.24808058249e-05 9516.47525269 
46 484.524680373 3.80329198456e-05 9516.47528159 
47 484.524677658 2.31351545775e-05 9516.47529921 
48 484.524676012 1.41015332842e-05 9516.47530989 
49 484.524675015 8.62858142337e-06 9516.47531636 
50 484.524674394 5.22206815356e-06 9516.47532038 
51 484.524674012 3.12478952692e-06 9516.47532286 
52 484.524673784 1.87050644075e-06 9516.47532435 
53 484.524673648 1.12712886177e-06 9516.47532522 
54 484.52467357 6.97590028194e-07 9516.47532573 
55 484.524673523 4.37426390879e-07 9516.47532604 
56 484.524673493 2.72594951913e-07 9516.47532623 
57 484.524673474 1.68175519475e-07 9516.47532636 
58 484.524673462 1.03561223976e-07 9516.47532643 
59 484.524673455 6.40438153505e-08 9516.47532648 
60 484.52467345 3.97290716023e-08 9516.47532651 
61 484.524673447 2.11000591359e-08 9516.47532653 
62 484.524673443 7.69961106299e-10 9516.47532656 
63 484.52467344 -1.44102877699e-08 9516.47532657 
64 484.524673438 -2.44406874927e-08 9516.47532659 
65 484.524673438 -2.93212380621e-08 9516.47532659 
66 484.524673438 -2.90519394781e-08 9516.47532659 
67 484.524673439 -2.36327917408e-08 9516.47532658 
68 484.524673439 -2.16827343102e-08 9516.47532658 
69 484.524673439 -2.32384058028e-08 9516.47532658 
70 484.524673439 -2.35147091224e-08 9516.47532658 
