Time S I R
0.0  10000 1 0
1 9999.87114188 1.12001224916 0.00884586616442 
2 9999.72682011 1.25442646812 0.0187534184795 
3 9999.56518096 1.40496907544 0.0298499621906 
4 9999.38414849 1.57357343381 0.0422780719209 
5 9999.18139462 1.76240773238 0.0561976512933 
6 9998.95431423 1.97389812498 0.0717876435509 
7 9998.69999061 2.21076097859 0.0892484154377 
8 9998.41515601 2.47603952462 0.108804467678 
9 9998.09615513 2.77313791443 0.130706954672 
10 9997.73889095 3.10587163443 0.155237416109 
11 9997.33877518 3.47851362924 0.182711193007 
12 9996.89067353 3.89584526292 0.21348120453 
13 9996.38883689 4.36322041259 0.24794270044 
14 9995.82682776 4.88663390173 0.286538339329 
15 9995.19743937 5.47279684762 0.329763784826 
16 9994.49260292 6.12922295719 0.378174121658 
17 9993.70328649 6.86432265332 0.432390859236 
18 9992.81938962 7.68750114232 0.493109234732 
19 9991.82959401 8.60929740314 0.561108590407 
20 9990.72123522 9.64150350325 0.637261279391 
21 9989.4801443 10.7973119895 0.722543706199 
22 9988.09046583 12.0914851619 0.818049003919 
23 9986.53446165 13.5405375765 0.925000769078 
24 9984.79229265 15.1629390227 1.0447683224 
25 9982.84176174 16.9793534782 1.17888477895 
26 9980.65805204 19.0128825068 1.32906545099 
27 9978.21341001 21.2893597199 1.49723027223 
28 9975.47681848 23.8376546027 1.68552691691 
29 9972.41360457 26.6900366594 1.89635877 
30 9968.98503739 29.8825490152 2.13241359863 
31 9965.14784497 33.4554566697 2.39669836206 
32 9960.85372016 37.4537050534 2.6925747829 
33 9956.0487312 41.927466416 3.02380238797 
34 9950.67271677 46.932700623 3.39458260809 
35 9944.65857038 52.5318176895 3.809611931 
36 9937.93150635 58.7943573539 4.27413629517 
37 9930.40819933 65.7977842525 4.79401642227 
38 9921.99590111 73.628304226 5.37579466835 
39 9912.59141922 82.3818059224 6.02677485472 
40 9902.08006668 92.164829318 6.75510399948 
41 9890.33446935 103.095661459 7.5698691926 
42 9877.21333683 115.305466346 8.4811968234 
43 9862.56010192 128.939529033 9.50036904435 
44 9846.20151275 144.158544053 10.6399431979 
45 9827.94613085 161.139978999 11.9138901462 
46 9807.58276696 180.079496663 13.3377363774 
47 9784.8789029 201.192371394 14.9287257069 
48 9759.57904658 224.714967334 16.7059860834 
49 9731.4032019 250.906083842 18.6907142612 
50 9700.04509251 280.048541422 20.9063660721 
51 9665.171199 312.449937562 23.3788634426 
52 9626.41899707 348.444192563 26.1368103694 
53 9583.39645711 388.391835951 29.2117069387 
54 9535.68140412 432.680417322 32.6381785566 
55 9482.82086608 481.724921262 36.4542126563 
56 9424.33300415 535.965641849 40.7013540002 
57 9359.70767408 595.867388133 45.4249377912 
58 9288.40917399 661.916555471 50.6742705399 
59 9209.87966934 734.617518961 56.5028116996 
60 9123.54525766 814.486467655 62.9682746888 
61 9028.82202769 902.045243951 70.1327283541 
62 8925.12555853 997.81186653 78.0625749373 
63 8811.88114394 1102.29035019 86.8285058737 
64 8688.53723375 1215.95745248 96.5053137683 
65 8554.58017212 1339.24821155 107.171616323 
66 8409.55185112 1472.53872207 118.909426806 
67 8253.06821221 1616.12819446 131.80359333 
68 8084.8402763 1770.21864907 145.941074634 
69 7904.69436439 1934.8955944 161.410041211 
70 7712.59446971 2110.106712 178.298818288 
