Time S I R
0.0  10000 1 0
1 9998.22682869 2.28072209656 0.492449213213 
2 9994.18454002 5.20005048475 1.61540949575 
3 9984.97752214 11.8476339113 4.17484395023 
4 9964.0492495 26.9493208405 10.001429664 
5 9916.69528506 61.0742888122 23.2304261244 
6 9810.6503773 137.263463353 53.0861593477 
7 9578.56408048 302.866470939 119.569448578 
8 9095.12094041 642.491136128 263.387923461 
9 8183.54784551 1260.78136282 556.670791665 
10 6744.12336459 2162.98776858 1093.88886683 
11 4990.0273331 3080.5738986 1930.3987683 
12 3389.32735815 3607.11493094 3004.55771091 
13 2235.36796514 3605.22592843 4160.40610643 
14 1508.83709108 3240.21721236 5251.94569656 
15 1072.5704174 2728.75405325 6199.67552934 
16 809.360307113 2210.05513054 6981.58456235 
17 646.137082622 1747.81459905 7607.04831833 
18 541.456940416 1361.6695854 8097.87347418 
19 472.129386207 1050.52218952 8478.34842427 
20 424.920837155 805.176277936 8770.90288491 
21 392.031313822 614.349929025 8994.61875715 
22 368.695843577 467.263965021 9165.0401914 
23 351.900571222 354.587815711 9294.51161307 
24 339.6777382 268.64114118 9392.68112062 
25 330.706342377 203.282642377 9467.01101525 
26 324.078293806 153.689672176 9523.23203402 
27 319.157274189 116.119473244 9565.72325257 
28 315.489740906 87.6907875477 9597.81947155 
29 312.748540691 66.1980567479 9622.05340256 
30 310.695260115 49.9595432218 9640.34519666 
31 309.154740729 37.6966975025 9654.14856177 
32 307.997492055 28.4394693183 9664.56303863 
33 307.127340966 21.4530611045 9672.41959793 
34 306.472608412 16.1815356691 9678.34585592 
35 305.979700344 12.2045619531 9682.8157377 
36 305.608468589 9.20456453704 9686.18696687 
37 305.328791901 6.94173641467 9688.72947168 
38 305.118042294 5.23505017558 9690.64690753 
39 304.95920542 3.94788627344 9692.09290831 
40 304.839478057 2.97715544551 9693.1833665 
41 304.749221667 2.24508748605 9694.00569085 
42 304.681176807 1.69301577264 9694.62580742 
43 304.62987459 1.27669134984 9695.09343406 
44 304.591193755 0.962739051586 9695.44606719 
45 304.562028265 0.725988265572 9695.71198347 
46 304.540036838 0.547456067367 9695.91250709 
47 304.523454531 0.412826957774 9696.06371851 
48 304.510950719 0.311305041446 9696.17774424 
49 304.501522172 0.234748966901 9696.26372886 
50 304.494412486 0.177019359881 9696.32856815 
51 304.48905133 0.133486561189 9696.37746211 
52 304.485008661 0.100659359633 9696.41433198 
53 304.4819602 0.0759049780185 9696.44213482 
54 304.479661449 0.0572382837385 9696.46310027 
55 304.477928022 0.0431621086166 9696.47890987 
56 304.47662089 0.0325475806697 9696.49083153 
57 304.475635214 0.0245433964618 9696.49982139 
58 304.474891941 0.0185076201393 9696.50660044 
59 304.474331457 0.0139561823394 9696.51171236 
60 304.473908809 0.0105240390825 9696.51556715 
61 304.4735901 0.00793593805263 9696.51847396 
62 304.473349766 0.00598428623679 9696.52066595 
63 304.473168546 0.00451267253647 9696.52231878 
64 304.473031892 0.00340296032729 9696.52356515 
65 304.472928838 0.00256609848932 9696.52450506 
66 304.472851128 0.00193504566942 9696.52521383 
67 304.472792528 0.00145918004499 9696.52574829 
68 304.472748342 0.00110036403696 9696.52615129 
69 304.472715019 0.000829753637836 9696.52645523 
70 304.472689888 0.000625679744112 9696.52668443 
