Time S I R
0.0  10000 1 0
1 9995.72694694 4.26265005612 1.01040300534 
2 9977.54951562 18.1370265089 5.3134578672 
3 9900.87174192 76.5765397907 23.5517182899 
4 9588.55070019 313.121322945 99.3279768609 
5 8476.96275655 1133.41231655 390.624926895 
6 5847.85052127 2884.79032949 1268.35914924 
7 2920.54076939 4170.7042893 2909.75494131 
8 1331.08337236 3902.51712201 4767.39950563 
9 689.88315713 2989.97908135 6321.13776152 
10 426.071642555 2114.50369947 7460.42465797 
11 304.912032537 1444.67761912 8251.41034834 
12 243.083932668 970.768507944 8787.14755939 
13 208.892533905 646.597286352 9145.51017974 
14 188.879721544 428.525959949 9383.59431851 
15 176.702478401 283.154096887 9541.14342471 
16 169.097030449 186.753612538 9645.14935701 
17 164.26379374 123.030147215 9713.70605904 
18 161.156620693 80.9901367935 9758.85324251 
19 159.143810109 53.2899114663 9788.56627842 
20 157.833337871 35.0527334148 9808.11392871 
21 156.97732321 23.0521438829 9820.97053291 
22 156.416941894 15.1580470906 9829.42501102 
23 156.049566679 9.96637947062 9834.98405385 
24 155.808495288 6.55249566027 9838.63900905 
25 155.65020643 4.30784257428 9841.041951 
26 155.546230652 2.83205876535 9842.62171058 
27 155.477913376 1.86182006728 9843.66026656 
28 155.433017592 1.22396372919 9844.34301868 
29 155.403510192 0.80463025791 9844.79185955 
30 155.384115208 0.528959210106 9845.08692558 
31 155.371366388 0.347733506824 9845.28090011 
32 155.362985998 0.22859678903 9845.40841721 
33 155.357477056 0.15027719253 9845.49224575 
34 155.353855642 0.0987906127975 9845.54735375 
35 155.351475008 0.0649438242624 9845.58358117 
36 155.349910029 0.0426933427018 9845.60739663 
37 155.348881236 0.0280661057063 9845.62305266 
38 155.348204924 0.0184503307603 9845.63334474 
39 155.347760326 0.0121290226544 9845.64011065 
40 155.347468056 0.00797351810239 9845.64455843 
41 155.347275923 0.00524176020616 9845.64748232 
42 155.347149615 0.00344589406756 9845.64940449 
43 155.347066582 0.0022653217278 9845.6506681 
44 155.347011997 0.00148923578176 9845.65149877 
45 155.346976109 0.000978972908386 9845.65204492 
46 155.346952519 0.000643561257405 9845.65240392 
47 155.346937009 0.000423038531947 9845.65263995 
48 155.346926815 0.000278106195167 9845.65279508 
49 155.346920112 0.000182807198273 9845.65289708 
50 155.346915702 0.000120093225743 9845.65296421 
51 155.346912809 7.89625499051e-05 9845.65300823 
52 155.346910906 5.19107176003e-05 9845.65303718 
53 155.346909658 3.41640547714e-05 9845.65305618 
54 155.346908839 2.25139900517e-05 9845.65306865 
55 155.346908301 1.48748992969e-05 9845.65307682 
56 155.346907941 9.7583392779e-06 9845.6530823 
57 155.346907695 6.25867709228e-06 9845.65308605 
58 155.346907546 4.13605483444e-06 9845.65308832 
59 155.346907443 2.66622054421e-06 9845.65308989 
60 155.346907378 1.747651162e-06 9845.65309087 
61 155.346907337 1.16626952395e-06 9845.6530915 
62 155.34690731 7.8568773912e-07 9845.6530919 
63 155.346907292 5.30063128324e-07 9845.65309218 
64 155.34690728 3.54727070506e-07 9845.65309237 
65 155.346907272 2.35706549586e-07 9845.65309249 
66 155.346907266 1.56338226847e-07 9845.65309258 
67 155.346907262 1.0437762041e-07 9845.65309263 
68 155.34690726 6.98128156785e-08 9845.65309267 
69 155.346907258 4.65789727788e-08 9845.6530927 
70 155.346907257 3.1097342433e-08 9845.65309271 
