Time S I R
0.0  10000 1 0
1 9998.8388482 1.26853162363 0.892620174879 
2 9997.36618421 1.60895542394 2.02486036971 
3 9995.49878633 2.04038678844 3.46082687704 
4 9993.13141571 2.58694289673 5.28164139114 
5 9990.13111841 3.2790032621 7.58987832561 
6 9986.33011538 4.15476117342 10.5151234471 
7 9981.51711801 5.26208768028 14.2207943093 
8 9975.42637037 6.66082337059 18.9128062618 
9 9967.72466722 8.42541055496 24.8499222228 
10 9957.99548945 10.6479641269 32.356546424 
11 9945.72033159 13.4416553848 41.8380130222 
12 9930.25714712 16.9442366934 53.7986161818 
13 9910.81624457 21.3213587977 68.8623966335 
14 9886.43469614 26.7690460317 87.7962578278 
15 9855.95131063 33.5143025128 111.53438686 
16 9817.98575628 41.8123132664 141.201930449 
17 9770.92754181 51.9380447621 178.134413425 
18 9712.94320128 64.1694144811 223.887384242 
19 9642.01284144 78.7587961226 280.22836244 
20 9556.00942595 95.8899293557 349.100644696 
21 9452.83421117 115.619015844 432.546772986 
22 9330.61742171 137.802700622 532.579877665 
23 9187.98206661 162.022243354 650.995690035 
24 9024.34969591 187.521632803 789.128671287 
25 8840.24196203 213.185131621 947.57290635 
26 8637.5086268 237.581441697 1125.90993151 
27 8419.40414512 259.091730794 1322.50412408 
28 8190.45341667 276.115152246 1534.43143109 
29 7956.09510663 287.314813789 1757.59007958 
30 7722.15875491 291.839759228 1987.00148586 
31 7494.27876168 289.465208167 2217.25603016 
32 7277.37074536 280.606364392 2443.02289025 
33 7075.26696905 266.212263955 2659.52076699 
34 6890.55285466 247.577756796 2862.86938854 
35 6724.59068175 226.130834474 3050.27848378 
36 6577.67868245 203.245230104 3220.07608745 
37 6449.28165061 180.108838699 3371.6095107 
38 6338.27778952 157.654905991 3505.06730449 
39 6243.18415835 136.547157743 3621.26868391 
40 6162.34043641 117.201882815 3721.45768078 
41 6094.04662824 99.8301647072 3807.12320705 
42 6036.65741531 84.486597417 3879.85598727 
43 5988.6408525 71.1156368843 3941.24351061 
44 5948.60993803 59.591008408 3992.79905356 
45 5915.3348571 49.7465961617 4035.91854674 
46 5887.74243384 41.3990378241 4071.85852833 
47 5864.90771464 34.3632316142 4101.72905375 
48 5846.04121871 28.462240219 4126.49654107 
49 5830.47425535 23.5330131913 4146.99273145 
50 5817.64384549 19.429109862 4163.92704465 
51 5807.07855654 16.0216561079 4177.89978736 
52 5798.38496156 13.1987741775 4189.41626427 
53 5791.2357651 10.86442721 4198.89980769 
54 5785.3595723 8.93696960843 4206.70345809 
55 5780.53166454 7.3474279566 4213.1209075 
56 5776.5663599 6.03787989063 4218.39576021 
57 5773.31044382 4.95990085169 4222.72965533 
58 5770.63760453 4.07314172988 4226.28925374 
59 5768.44382667 3.34408702201 4229.21208631 
60 5766.64352585 2.74496548415 4231.61150867 
61 5765.16630601 2.25280239714 4233.58089159 
62 5763.95431316 1.84862771661 4235.19705912 
63 5762.96001134 1.51679474534 4236.52319392 
64 5762.14435347 1.24441062096 4237.61123591 
65 5761.47528305 1.02086351777 4238.50385343 
66 5760.92648001 0.837422285117 4239.2360977 
67 5760.47634279 0.686908717883 4239.83674849 
68 5760.10714526 0.56342413139 4240.32943061 
69 5759.8043403 0.462122134711 4240.73353756 
70 5759.55599432 0.379023277309 4241.06498241 
