Time S I R
0.0  10000 1 0
1 9999.9034931 0.774207999391 0.322298896887 
2 9999.82877694 0.599396478356 0.571826577742 
3 9999.77093131 0.464055223432 0.765013466223 
4 9999.7261485 0.359276258336 0.914575236967 
5 9999.6914764 0.278152981194 1.03037062041 
6 9999.66463351 0.215347654677 1.12001883913 
7 9999.64385157 0.166723199637 1.18942523486 
8 9999.62776213 0.129077916476 1.24315995249 
9 9999.6153057 0.0999329016213 1.28476139777 
10 9999.60566185 0.0773686056408 1.31696954334 
11 9999.59819554 0.059899198485 1.34190526497 
12 9999.59241507 0.0463742560909 1.361210677 
13 9999.58793982 0.0359032200209 1.37615696035 
14 9999.58447511 0.027796592146 1.38772830209 
15 9999.58179266 0.021520276448 1.39668706834 
16 9999.57971589 0.016661126094 1.40362298264 
17 9999.57810805 0.0128991525727 1.40899279464 
18 9999.57686325 0.00998659455001 1.41315015726 
19 9999.57589952 0.00773169867335 1.4163687779 
20 9999.57515346 0.00598607668597 1.41886046491 
21 9999.57457578 0.00463445049302 1.42078976538 
22 9999.57412852 0.00358795779058 1.4222835207 
23 9999.57378227 0.00277779746779 1.42343993706 
24 9999.5735142 0.00215059149905 1.42433520582 
25 9999.57330666 0.00166498520106 1.42502835634 
26 9999.57314598 0.00128902809738 1.42556499448 
27 9999.57302158 0.000997975217864 1.42598044102 
28 9999.57292528 0.000772641162849 1.42630208103 
29 9999.57285071 0.000598170035151 1.42655111971 
30 9999.57279298 0.000463093460991 1.42674392692 
31 9999.57274829 0.000358523963623 1.42689318857 
32 9999.57271369 0.000277569862385 1.4270087418 
33 9999.5726869 0.000214890063174 1.42709821044 
34 9999.57266616 0.000166364180723 1.42716747589 
35 9999.57265011 0.000128801495449 1.42722109257 
36 9999.57263768 9.97296605043e-05 1.42726258947 
37 9999.57262805 7.71845010914e-05 1.42729477025 
38 9999.57262058 5.97157830581e-05 1.42731970495 
39 9999.57261481 4.62227065153e-05 1.42733896486 
40 9999.57261036 3.57956135926e-05 1.42735384841 
41 9999.57260691 2.77353726819e-05 1.42736535353 
42 9999.57260423 2.14718560634e-05 1.42737429403 
43 9999.57260217 1.66376261986e-05 1.42738119437 
44 9999.57260057 1.2888428728e-05 1.42738654594 
45 9999.57259933 9.99519614833e-06 1.42739067572 
46 9999.57259837 7.75764735782e-06 1.42739386958 
47 9999.57259763 6.03080342126e-06 1.42739633446 
48 9999.57259705 4.66606579236e-06 1.42739828247 
49 9999.5725966 3.60161686563e-06 1.42739980186 
50 9999.57259622 2.71862950376e-06 1.42740106223 
51 9999.57259597 2.12414387185e-06 1.42740191079 
52 9999.57259576 1.63896865247e-06 1.42740260333 
53 9999.57259559 1.25334425124e-06 1.42740315377 
54 9999.57259547 9.60827537644e-07 1.4274035713 
55 9999.57259538 7.44909268343e-07 1.4274038795 
56 9999.5725953 5.78290571444e-07 1.42740411733 
57 9999.57259525 4.55610312701e-07 1.42740429244 
58 9999.57259521 3.57732301282e-07 1.42740443215 
59 9999.57259518 2.82065471393e-07 1.42740454016 
60 9999.57259515 2.21260020983e-07 1.42740462695 
61 9999.57259513 1.73293623942e-07 1.42740469542 
62 9999.57259512 1.35255714547e-07 1.42740474972 
63 9999.5725951 1.05309861975e-07 1.42740479246 
64 9999.57259509 8.21957670425e-08 1.42740482545 
65 9999.57259508 6.39210475664e-08 1.42740485154 
66 9999.57259508 5.00401816528e-08 1.42740487135 
67 9999.57259507 3.8999909295e-08 1.42740488711 
68 9999.57259507 2.80880068358e-08 1.42740490269 
69 9999.57259506 1.50094443218e-08 1.42740492135 
70 9999.57259506 3.56689489709e-09 1.42740493769 
