Time S I R
0.0  10000 1 0
1 9997.50961919 3.47863103132 0.0117497766728 
2 9988.85403813 12.0933517259 0.0526101421284 
3 9958.85371604 41.9517768591 0.19450709671 
4 9855.86094379 144.454135102 0.684921107646 
5 9513.56069497 485.086843429 2.35246160331 
6 8488.19217155 1505.07544846 7.73237998958 
7 6175.14028638 3803.11899342 22.7407201919 
8 3174.84130136 6772.03375698 54.1249416623 
9 1185.50795436 8714.89606074 100.595984895 
10 376.190232981 9470.06485023 154.744916785 
11 113.035400734 9676.49692094 211.467678322 
12 33.5551506386 9698.68257021 268.76227915 
13 9.97465913685 9665.03500746 325.990333405 
14 2.98112753935 9615.05733492 382.961537539 
15 0.896764504239 9560.48229942 439.620936073 
16 0.271341627536 9504.77503026 495.953628112 
17 0.0834525996797 9448.95998945 551.956557946 
18 0.0252435932107 9393.34459548 607.630160927 
19 0.00763231934434 9338.0164032 662.975964478 
20 0.00252810081474 9283.00173324 717.995738659 
21 0.000809376488178 9228.30784122 772.691349403 
22 0.00037611580774 9173.93502086 827.064603028 
23 0 9119.88248877 881.117511231 
24 0 9066.14805396 934.851946042 
25 0 9012.73018783 988.269812175 
26 0 8959.62623773 1041.37376227 
27 0 8906.83680191 1094.16319809 
28 0 8854.35744494 1146.64255506 
29 0 8802.18716841 1198.81283159 
30 0 8750.32418275 1250.67581725 
31 0 8698.76697088 1302.23302912 
32 0 8647.51348166 1353.48651834 
33 0 8596.56266377 1404.43733623 
34 0 8545.91231484 1455.08768516 
35 0 8495.56035084 1505.43964916 
36 0 8445.50468779 1555.49531221 
37 0 8395.74367788 1605.25632212 
38 0 8346.27588547 1654.72411453 
39 0 8297.09956803 1703.90043197 
40 0 8248.21298302 1752.78701698 
41 0 8199.614412 1801.385588 
42 0 8151.30220782 1849.69779218 
43 0 8103.27467617 1897.72532383 
44 0 8055.53011815 1945.46988185 
45 0 8008.06694438 1992.93305562 
46 0 7960.88326161 2040.11673839 
47 0 7913.97765087 2087.02234913 
48 0 7867.3484315 2133.6515685 
49 0 7820.99393274 2180.00606726 
50 0 7774.91253945 2226.08746055 
51 0 7729.10266359 2271.89733641 
52 0 7683.56269617 2317.43730383 
53 0 7638.29104125 2362.70895875 
54 0 7593.28611594 2407.71388406 
55 0 7548.54635038 2452.45364962 
56 0 7504.07018774 2496.92981226 
57 0 7459.85608424 2541.14391576 
58 0 7415.90250574 2585.09749426 
59 0 7372.2078891 2628.7921109 
60 0 7328.77069974 2672.22930026 
61 0 7285.58942408 2715.41057592 
62 0 7242.66255951 2758.33744049 
63 0 7199.98861435 2801.01138565 
64 0 7157.56610791 2843.43389209 
65 0 7115.39357043 2885.60642957 
66 0 7073.46954309 2927.53045691 
67 0 7031.79256425 2969.20743575 
68 0 6990.36114656 3010.63885344 
69 0 6949.17384067 3051.82615933 
70 0 6908.22920846 3092.77079154 
