Time S I R
0.0  10000 1 0
1 9999.55934671 0.795343918284 0.645309372602 
2 9999.20889194 0.632559145817 1.15854891769 
3 9998.93017428 0.503083125793 1.56674259639 
4 9998.70851945 0.400107035559 1.89137351169 
5 9998.53223504 0.318203946477 2.14956101618 
6 9998.39204055 0.253065259428 2.354894193 
7 9998.28054637 0.201259568885 2.5181940605 
8 9998.19187764 0.160058405847 2.64806395437 
9 9998.12136192 0.127291469783 2.75134660994 
10 9998.06528242 0.101232174569 2.8334854023 
11 9998.02068389 0.0805075820096 2.89880852601 
12 9997.98521591 0.0640256784489 2.95075840865 
13 9997.95700922 0.0509179482368 2.99207283447 
14 9997.93457726 0.0404936705109 3.02492907242 
15 9997.91673727 0.0322032597604 3.05105947136 
16 9997.90254982 0.0256101852472 3.07183999476 
17 9997.89126733 0.0203670571991 3.0883656149 
18 9997.88229465 0.0161973159476 3.10150803839 
19 9997.87515887 0.0128812028129 3.11195993094 
20 9997.86948411 0.0102440433616 3.12027185158 
21 9997.86497107 0.00814675672195 3.12688216897 
22 9997.86138189 0.00647879445355 3.13213931898 
23 9997.85852776 0.00515242659319 3.13631981517 
24 9997.85625798 0.00409761453665 3.13964440971 
25 9997.85445284 0.00325873084855 3.14228843228 
26 9997.85301721 0.00259156831959 3.14439121744 
27 9997.85187553 0.0020610033417 3.14606346942 
28 9997.85096756 0.00163905189758 3.14739338943 
29 9997.85024549 0.00130349082739 3.14845102132 
30 9997.84967131 0.00103665891622 3.14929203037 
31 9997.84921459 0.000824413087021 3.14996099325 
32 9997.84885136 0.000655612150991 3.15049302515 
33 9997.84856252 0.000521382656115 3.1509160937 
34 9997.84833282 0.000414634369005 3.15125254614 
35 9997.84815015 0.000329741876905 3.15152011282 
36 9997.84800487 0.000262229109505 3.15173290156 
37 9997.84788933 0.000208535651034 3.15190213418 
38 9997.84779746 0.000165841134851 3.15203670002 
39 9997.84772442 0.000131900485959 3.15214367515 
40 9997.84766629 0.000104886391992 3.15222881897 
41 9997.84761998 8.33635961665e-05 3.15229665514 
42 9997.84758321 6.62745268881e-05 3.15235051697 
43 9997.84755399 5.26949209101e-05 3.15239331757 
44 9997.84753082 4.19268703117e-05 3.15242725663 
45 9997.84751239 3.33658621438e-05 3.15245423947 
46 9997.84749768 2.6529406451e-05 3.15247578681 
47 9997.84748604 2.1118345042e-05 3.15249284155 
48 9997.84747675 1.68011377885e-05 3.15250644865 
49 9997.84746938 1.3377002645e-05 3.15251724094 
50 9997.84746353 1.06586183438e-05 3.15252580882 
51 9997.84745889 8.50266132062e-06 3.15253260403 
52 9997.84745519 6.78264537514e-06 3.15253802522 
53 9997.84745218 5.38300961742e-06 3.15254243664 
54 9997.84744978 4.26875844657e-06 3.15254594857 
55 9997.84744772 3.31226764788e-06 3.15254896326 
56 9997.84744631 2.65718667864e-06 3.15255102797 
57 9997.84744514 2.10925261636e-06 3.15255275496 
58 9997.84744417 1.66191322779e-06 3.1525541649 
59 9997.84744341 1.30586953348e-06 3.15255528709 
60 9997.84744283 1.03763656809e-06 3.15255613251 
61 9997.84744237 8.25188915158e-07 3.15255680211 
62 9997.84744202 6.60657716157e-07 3.15255732068 
63 9997.84744175 5.34018941352e-07 3.15255771983 
64 9997.84744152 4.29984190893e-07 3.15255804773 
65 9997.84744135 3.4769278835e-07 3.1525583071 
66 9997.8474412 2.79924192717e-07 3.15255852069 
67 9997.84744108 2.24771842621e-07 3.15255869452 
68 9997.84744099 1.80474219275e-07 3.15255883414 
69 9997.84744091 1.44146982635e-07 3.15255894864 
70 9997.84744085 1.15544169001e-07 3.15255903879 
