Time S I R
0.0  10000 1 0
1 9998.83286551 1.74182958864 0.425304896877 
2 9996.80038249 3.03355538273 1.16606212872 
3 9993.26203353 5.2819609394 2.45600552758 
4 9987.10539727 9.19303962783 4.70156310045 
5 9976.40290712 15.9886307033 8.60846217987 
6 9957.82792032 27.7729360637 15.399143618 
7 9925.67927211 48.1386250392 27.1821028466 
8 9870.3051719 83.1275218836 47.5673062131 
9 9775.71170975 142.631715896 82.6565743547 
10 9616.37599534 242.087301188 142.536703468 
11 9354.21491981 403.532204764 243.252875429 
12 8939.00916658 653.301303905 408.689529517 
13 8319.20286449 1011.27063083 670.526504674 
14 7470.01137097 1468.13487285 1062.85375618 
15 6430.6437232 1961.58141811 1608.77485868 
16 5314.5766529 2383.06267488 2303.36067221 
17 4263.29595999 2631.21230737 3106.49173265 
18 3377.67326987 2668.35805826 3954.96867187 
19 2689.41214934 2526.32695982 4785.26089084 
20 2180.00940674 2270.55544864 5550.43514461 
21 1811.70235105 1964.53308516 6224.76456379 
22 1547.10638661 1653.84440138 6800.04921201 
23 1356.36452048 1365.14162033 7279.49385919 
24 1217.72568126 1110.89515253 7672.37916621 
25 1115.94957884 894.643448987 7990.40697218 
26 1040.48745277 714.980224379 8245.53232285 
27 984.024018453 568.14075242 8448.83522913 
28 941.440040811 449.524550879 8610.03540831 
29 909.108558446 354.519523538 8737.37191802 
30 884.425609363 278.902640084 8837.67175055 
31 865.497070948 218.999690626 8916.50323843 
32 850.928925932 171.71295408 8978.35811999 
33 839.684345183 134.485673921 9026.8299809 
34 830.985204437 105.238092166 9064.7767034 
35 824.243084534 82.296011172 9094.46090429 
36 819.010253027 64.3218883227 9117.66785865 
37 814.944274269 50.2531675124 9135.80255822 
38 811.782167428 39.2492872381 9149.96854533 
39 809.321299986 30.6474301896 9161.03126982 
40 807.40512753 23.9262028246 9169.66866965 
41 805.912450208 18.6762280155 9176.41132178 
42 804.74928349 14.5765383316 9181.67417818 
43 803.842654879 11.3757646099 9185.78158051 
44 803.135841925 8.87720724421 9188.98695083 
45 802.584719285 6.92705094302 9191.48822977 
46 802.154939911 5.40507716457 9193.43998292 
47 801.819754793 4.21736301076 9194.9628822 
48 801.558324171 3.29055265021 9196.15112318 
49 801.354406995 2.56736686261 9197.07822614 
50 801.195343279 2.00308862253 9197.8015681 
51 801.071262655 1.56281310425 9198.36592424 
52 800.974468546 1.21929767333 9198.80623378 
53 800.898958748 0.951281800164 9199.14975945 
54 800.840052002 0.742174608892 9199.41777339 
55 800.794097035 0.579029952908 9199.62687301 
56 800.758245781 0.451746141131 9199.79000808 
57 800.730276594 0.352441200025 9199.91728221 
58 800.708456424 0.274965332373 9200.01657824 
59 800.691433319 0.214520301612 9200.09404638 
60 800.678152605 0.167362475219 9200.15448492 
61 800.667791563 0.130571273105 9200.20163716 
62 800.659708272 0.101867750612 9200.23842398 
63 800.653401993 0.0794740855564 9200.26712392 
64 800.648482068 0.0620032208431 9200.28951471 
65 800.644643712 0.0483729586445 9200.30698333 
66 800.641649163 0.0377390533911 9200.32061178 
67 800.639312917 0.0294428074159 9200.33124428 
68 800.637490258 0.0229703365943 9200.33953941 
69 800.636068281 0.0179207214699 9200.346011 
70 800.634958902 0.0139811702666 9200.35105993 
