Time S I R
0.0  10000 1 0
1 9999.4097394 0.891987657031 0.698272938321 
2 9998.88327165 0.795614051311 1.32111429713 
3 9998.41371568 0.709630879358 1.87665343618 
4 9997.99492972 0.632922492144 2.37214778672 
5 9997.6214288 0.564491407499 2.81407979653 
6 9997.28833019 0.50344868932 3.20822111771 
7 9996.99127029 0.448999192527 3.55973052147 
8 9996.72634046 0.400430221887 3.87322931805 
9 9996.49007756 0.357109672527 4.15281276326 
10 9996.27938185 0.318471475488 4.40214667421 
11 9996.09148726 0.284010208584 4.62450252959 
12 9995.9239282 0.253275102193 4.82279669954 
13 9995.77450534 0.225863889829 4.99963076721 
14 9995.64125651 0.201417527629 5.15732596357 
15 9995.52243187 0.179615712841 5.2979524141 
16 9995.41647134 0.16017277549 5.42335588728 
17 9995.3219815 0.142833502832 5.53518500093 
18 9995.23772177 0.127370604563 5.6349076295 
19 9995.16258437 0.113581081293 5.72383454524 
20 9995.09558227 0.101284016503 5.80313370903 
21 9995.03583491 0.0903179837398 5.87384710255 
22 9994.9825566 0.0805389239805 5.93690447672 
23 9994.93504743 0.0718184885651 5.99313407825 
24 9994.89268245 0.0640420564462 6.0432754955 
25 9994.85490499 0.0571075218466 6.08798749026 
26 9994.82121836 0.0509237691209 6.12785787074 
27 9994.79117953 0.0454095186866 6.163410949 
28 9994.76439267 0.0404921458387 6.19511518123 
29 9994.74050612 0.0361071231592 6.2233867587 
30 9994.71920724 0.0321970808385 6.2485956748 
31 9994.70021485 0.0287104158404 6.27107473896 
32 9994.68327957 0.0256013657804 6.29111906197 
33 9994.66817821 0.0228289635138 6.30899283098 
34 9994.6547121 0.0203567505102 6.3249311452 
35 9994.64270409 0.0181522058068 6.33914370809 
36 9994.63199659 0.0161864086489 6.35181700174 
37 9994.62244881 0.0144335138633 6.36311767315 
38 9994.613935 0.0128704374584 6.37319456201 
39 9994.60634316 0.0114766218716 6.38218021549 
40 9994.59957344 0.0102337352065 6.39019282878 
41 9994.59353678 0.0091254314562 6.39733779126 
42 9994.58815376 0.00813712949469 6.40370911223 
43 9994.58335396 0.00725590160615 6.40939013877 
44 9994.57907413 0.00647013650916 6.41445573113 
45 9994.57525779 0.00576946447423 6.41897274401 
46 9994.57185473 0.00514466887324 6.42300059726 
47 9994.56882028 0.00458754786519 6.42659216812 
48 9994.56611425 0.0040907222474 6.42979503006 
49 9994.56370131 0.00364770816096 6.43265098375 
50 9994.56154966 0.00325266694584 6.43519767031 
51 9994.55963103 0.00290040654408 6.43746856208 
52 9994.55792027 0.00258630987353 6.43949342444 
53 9994.55639468 0.0023062117112 6.44129910973 
54 9994.55503436 0.00205645712124 6.44290918039 
55 9994.55382134 0.00183374603796 6.44434491107 
56 9994.55273974 0.00163516279615 6.44562509824 
57 9994.5517754 0.00145810869546 6.44676649493 
58 9994.55091538 0.00130020832883 6.4477844147 
59 9994.55014838 0.00115938749774 6.44869222924 
60 9994.54946451 0.00103382813747 6.44950165895 
61 9994.54885465 0.000921857191283 6.45022348949 
62 9994.54831079 0.000822003287016 6.45086720626 
63 9994.5478259 0.000732976939968 6.45144112208 
64 9994.54739353 0.000653592154565 6.45195288263 
65 9994.54700795 0.000582800915922 6.45240924409 
66 9994.54666421 0.000519688102629 6.45281610587 
67 9994.54635767 0.000463408161776 6.45317891893 
68 9994.54608428 0.000413213101706 6.45350250528 
69 9994.54584053 0.000368459339394 6.45379101384 
70 9994.54562317 0.000328552361429 6.4540482772 
