Time S I R
0.0  10000 1 0
1 9999.37889294 1.16210715509 0.45899990087 
2 9998.65716295 1.35044079286 0.992396252545 
3 9997.81855146 1.56922600306 1.61222253373 
4 9996.84418851 1.82336207772 2.33244941141 
5 9995.7121847 2.11852634359 3.16928895559 
6 9994.39713838 2.46129900071 4.14156261935 
7 9992.86959987 2.85929806484 5.27110206693 
8 9991.09543142 3.32133962732 6.58322895674 
9 9989.0350738 3.85761999306 8.10730621116 
10 9986.64272033 4.4799192385 9.8773604294 
11 9983.86539193 5.20182695397 11.9327811177 
12 9980.64175227 6.03902640562 14.3192213226 
13 9976.90096484 7.0095659281 17.0894692276 
14 9972.56125307 8.13419334887 20.304553586 
15 9967.52831729 9.43671562068 24.0349670852 
16 9961.69355367 10.9443924176 28.3620539165 
17 9954.9320871 12.6883536584 33.3795592373 
18 9947.10058498 14.7040437667 39.1953712511 
19 9938.03486723 17.0316782273 45.9334545424 
20 9927.54732957 19.7166938962 53.7359765288 
21 9915.42421047 22.8101714803 62.7656180519 
22 9901.42274606 26.369200596 73.2080533392 
23 9885.26828731 30.4571378308 85.2745748588 
24 9866.65155797 35.1436778992 99.2047641309 
25 9845.22610809 40.5047105939 115.269181313 
26 9820.60625936 46.6218195518 133.771921089 
27 9792.3659352 53.5812732019 155.052791601 
28 9760.03846425 61.4724822842 179.489053468 
29 9723.11806442 70.3856414034 207.496294181 
30 9681.06362613 80.4083841872 239.527989683 
31 9633.30488147 91.6214591413 276.073659385 
32 9579.25218251 104.09306014 317.654757347 
33 9518.3103725 117.871874631 364.817752873 
34 9449.89664911 132.978980393 418.124370499 
35 9373.46366476 149.398542826 478.137792409 
36 9288.5270243 167.068161998 545.404813703 
37 9194.69666931 185.869156581 620.434174108 
38 9091.71163836 205.617899036 703.670462602 
39 8979.47435087 226.060264997 795.465384134 
40 8858.08373251 246.86923336 896.047034126 
41 8727.86295808 267.647763249 1005.48927867 
42 8589.37760539 287.93868469 1123.68370992 
43 8443.44137435 307.241026167 1250.31759948 
44 8291.10717981 325.033120079 1384.85970011 
45 8133.64170962 340.800880658 1526.55740972 
46 7972.48446186 354.068977053 1674.44656109 
47 7809.19377285 364.431707765 1827.37451938 
48 7645.38404558 371.580097681 1984.03585673 
49 7482.66011969 375.321899325 2143.01798099 
50 7322.55392774 375.592608665 2302.85346359 
51 7166.4689078 372.456166546 2462.07492565 
52 7015.6362371 366.095711727 2619.26805118 
53 6871.08512041 356.796054249 2773.11882534 
54 6733.62762754 344.920448961 2922.4519235 
55 6603.85683245 330.884589172 3066.25857838 
56 6482.15631465 315.130339868 3203.71334549 
57 6368.71828192 298.101722221 3334.17999586 
58 6263.56726893 280.224755333 3457.20797573 
59 6166.58674204 261.891993586 3572.52126437 
60 6077.54625678 243.451960291 3680.00178293 
61 5996.12769735 225.203096267 3779.66920639 
62 5921.94922675 207.391690981 3871.65908227 
63 5854.58626783 190.212921743 3956.20081042 
64 5793.5893909 173.814164729 4033.59644437 
65 5738.49883645 158.299744941 4104.20141861 
66 5688.85613438 143.736507987 4168.40735763 
67 5644.21297166 130.159642096 4226.62738624 
68 5604.13772299 117.578395479 4279.28388153 
69 5568.22001605 105.981398766 4326.79858518 
70 5536.07368884 95.3414450986 4369.58486606 
