Time S I R
0.0  10000 1 0
1 9994.56517286 6.07054139319 0.364285747861 
2 9961.68475192 36.7428189493 2.57242913104 
3 9766.68388805 218.496358238 15.8197537088 
4 8733.40572129 1176.84302359 90.7512551204 
5 5371.48116935 4213.06568133 416.453149319 
6 1727.15563111 7097.08064044 1176.76372844 
7 411.069001753 7451.25767619 2138.67332206 
8 102.759642807 6830.55892182 3067.68143537 
9 29.5342938821 6068.24926123 3903.21644488 
10 9.80630415949 5349.1373598 4642.05633604 
11 3.71532090246 4704.79007293 5292.49460617 
12 1.58260022411 4135.07292765 5864.34447213 
13 0.74755492704 3633.38062699 6366.87181808 
14 0.386657278596 3192.21051061 6808.40283211 
15 0.216697851738 2804.4711924 7196.31210975 
16 0.130307593654 2463.77008879 7537.09960362 
17 0.0833769740857 2164.43307029 7836.48355273 
18 0.0562730113634 1901.44971167 8099.49401532 
19 0.0398314924987 1670.41115676 8330.54901175 
20 0.0294225772159 1467.44253922 8533.52803821 
21 0.0225448259334 1289.13418185 8711.84327332 
22 0.0178534769329 1132.4896367 8868.49250983 
23 0.014590865947 994.881603856 9006.10380528 
24 0.0121940612571 873.992953032 9126.99485291 
25 0.0103947884691 767.792103743 9233.19750147 
26 0.0090500092374 674.496313688 9326.4946363 
27 0.00800621763119 592.536705763 9408.45528802 
28 0.00719115076572 520.536166769 9480.45664208 
29 0.00654334153842 457.284505719 9543.70895094 
30 0.00602259443986 401.718725313 9599.27525209 
31 0.0055995459752 352.904839416 9648.08956104 
32 0.0052524878738 310.022426702 9690.97232081 
33 0.00496536609353 272.350758244 9728.64427639 
34 0.00472611865007 239.256669082 9761.7386048 
35 0.00452546897213 210.183928733 9790.8115458 
36 0.00435623817066 184.64388861 9816.35175515 
37 0.00421279550392 162.207267052 9838.78852015 
38 0.00409067747205 142.496941098 9858.49896822 
39 0.00398631346798 125.181644746 9875.81436894 
40 0.00389683554386 109.9704229 9891.02568026 
41 0.00381989425478 96.6075819374 9904.38859817 
42 0.00375355716096 84.8684933892 9916.12775305 
43 0.0036962321592 74.5558541638 9926.4404496 
44 0.00364659578736 65.4963398604 9935.50001354 
45 0.00360354131226 57.5376719678 9943.45872449 
46 0.00356613787881 50.5460819579 9950.4503519 
47 0.00353359891596 44.4040480305 9956.59241837 
48 0.0035052598414 39.0083696487 9961.98812509 
49 0.0034805518153 34.2683371849 9966.72818226 
50 0.00345898983869 30.1042776322 9970.89226338 
51 0.00344015836527 26.4462098934 9974.55034995 
52 0.00342369965801 23.2326400638 9977.76393624 
53 0.00340930605853 20.4095686451 9980.58702205 
54 0.00339671135407 17.9295354276 9983.06706786 
55 0.00338568548614 15.7508576949 9985.24575662 
56 0.00337602897525 13.8369198031 9987.15970417 
57 0.0033675685554 12.1555487182 9988.84108371 
58 0.0033601537325 10.6784894101 9990.31815044 
59 0.00335365335741 9.38091060022 9991.61573575 
60 0.00334795325398 8.24100515215 9992.75564689 
61 0.00334295378525 7.23961370046 9993.75704335 
62 0.00333856797442 6.35990384152 9994.63675759 
63 0.0033347198605 5.58709164061 9995.40957364 
64 0.00333134299035 4.90818524419 9996.08848341 
65 0.00332837928545 4.31177566112 9996.68489596 
66 0.00332577788322 3.78783763657 9997.20883659 
67 0.0033234942639 3.32756477259 9997.66911173 
68 0.00332148943016 2.92322170992 9998.0734568 
69 0.00331972920503 2.56801107445 9998.4286692 
70 0.00331818364612 2.25596377727 9998.74071804 
