Time S I R
0.0  10000 1 0
1 9998.18644115 1.89453525699 0.919023592684 
2 9994.75205915 3.58808231238 2.65985853391 
3 9988.25289155 6.79128484271 5.95582360539 
4 9975.97051362 12.8389600745 12.1905263078 
5 9952.8175725 24.218249863 23.9641776381 
6 9909.38086851 45.4925953745 46.126536112 
7 9828.61424066 84.7908354618 87.594923883 
8 9680.89209082 155.777980612 164.329928571 
9 9418.64634005 278.868769376 303.484890572 
10 8976.64045978 477.323355952 547.036184273 
11 8292.1721066 759.905434611 948.922458794 
12 7356.8175025 1088.81269495 1555.36980255 
13 6267.67971594 1366.09897384 2367.22131022 
14 5199.27571708 1487.53611441 3314.18816851 
15 4297.7503223 1424.15530126 4279.09437644 
16 3615.29282759 1230.42414107 5155.28303134 
17 3131.23547256 986.115689875 5883.64883756 
18 2799.0044914 750.005163877 6451.99034472 
19 2574.06946247 550.443345206 6876.48719232 
20 2422.37478565 394.366225194 7184.25898915 
21 2320.044341 277.992061976 7402.96359703 
22 2250.8959421 193.821805702 7556.2822522 
23 2204.08019579 134.137952107 7662.7818521 
24 2172.33138242 92.3672747038 7736.30134288 
25 2150.77214312 63.3874846841 7786.84037219 
26 2136.11786754 43.3993067381 7821.48282572 
27 2126.15004053 29.6672825517 7845.18267692 
28 2119.36655907 20.2584951513 7861.37494577 
29 2114.74853172 13.8235519131 7872.42791637 
30 2111.60394171 9.4279301627 7879.96812813 
31 2109.46231588 6.42785613578 7885.10982799 
32 2108.00359288 4.38142926037 7888.61497786 
33 2107.00993827 2.98605199978 7891.00400973 
34 2106.33304285 2.0348504629 7892.63210668 
35 2105.87191247 1.38655119275 7893.74153634 
36 2105.55776313 0.944752114033 7894.49748475 
37 2105.34374217 0.643702419775 7895.01255541 
38 2105.19793407 0.438573424766 7895.36349251 
39 2105.09859734 0.298808393204 7895.60259427 
40 2105.03092037 0.203581634176 7895.76549799 
41 2104.98481267 0.138701496638 7895.87648584 
42 2104.95339984 0.0944977712239 7895.95210238 
43 2104.93199848 0.0643813960561 7896.00362012 
44 2104.91741787 0.043863001858 7896.03871913 
45 2104.90748418 0.0298837926596 7896.06263203 
46 2104.90071639 0.0203597498929 7896.07892386 
47 2104.89610554 0.0138710409066 7896.09002342 
48 2104.89296418 0.00945029215438 7896.09758553 
49 2104.89082396 0.00643841807625 7896.10273762 
50 2104.88936592 0.00438654384109 7896.10624754 
51 2104.88837254 0.00298857828861 7896.10863889 
52 2104.88769573 0.00203611743651 7896.11026816 
53 2104.88723461 0.00138720170336 7896.11137819 
54 2104.88692047 0.000945118130664 7896.11213441 
55 2104.88670642 0.000643884495267 7896.1126497 
56 2104.88656059 0.000438668438726 7896.11300074 
57 2104.88646125 0.000298857645466 7896.1132399 
58 2104.88639356 0.000203603458315 7896.11340284 
59 2104.88634746 0.000138725011284 7896.11351382 
60 2104.88631602 9.44787561652e-05 7896.1135895 
61 2104.88629459 6.43237301615e-05 7896.11364109 
62 2104.88628003 4.38339429226e-05 7896.11367614 
63 2104.88627008 2.98340435112e-05 7896.11370009 
64 2104.88626336 2.03773191101e-05 7896.11371626 
65 2104.88625876 1.39026413528e-05 7896.11372734 
66 2104.88625564 9.50652489399e-06 7896.11373486 
67 2104.8862535 6.50483494289e-06 7896.11373999 
68 2104.88625202 4.41172327442e-06 7896.11374357 
69 2104.88625098 2.95254279622e-06 7896.11374607 
70 2104.88625031 2.00746622215e-06 7896.11374769 
