Time S I R
0.0  10000 1 0
1 9999.01146883 1.40004633537 0.588484835326 
2 9997.62771169 1.95993800044 1.4123503081 
3 9995.69103186 2.74336008337 2.56560805265 
4 9992.98111493 3.83919544793 4.17968961861 
5 9989.19045062 5.371328351 6.43822102424 
6 9983.8904547 7.51207467325 9.5974706278 
7 9976.48477839 10.5005258011 14.0146958113 
8 9966.14596588 14.6671132691 20.1869208491 
9 9951.73001482 20.4661077235 28.8038774544 
10 9931.66347935 28.5173178878 40.819202761 
11 9903.79788779 39.6573832662 57.5447289463 
12 9865.22953021 54.9983750104 80.7720947811 
13 9812.09032655 75.9858947104 112.923778742 
14 9739.3324349 104.43831454 157.229250555 
15 9640.55949152 142.53148107 217.909027412 
16 9508.0061957 192.668167397 300.325636899 
17 9332.82957851 257.146254312 411.024167182 
18 9105.92726975 337.533459274 557.539270972 
19 8819.47548722 433.714303388 747.810209391 
20 8469.18532255 542.748074796 989.066602655 
21 8056.84727893 657.96882815 1286.18389292 
22 7592.19263373 769.014032509 1639.79333376 
23 7092.87322538 863.36214624 2044.76462838 
24 6581.92266751 929.256375081 2489.82095741 
25 6083.35245176 958.915570195 2958.73197804 
26 5617.63029212 950.518736185 3432.8509717 
27 5198.7653243 908.107547729 3894.12712798 
28 4833.6523608 839.743723673 4327.60391553 
29 4523.17914148 755.025549477 4722.79530904 
30 4264.11373498 662.988783177 5073.89748184 
31 4050.95592643 570.876535924 5379.16753764 
32 3877.34889829 483.742013664 5639.90908804 
33 3736.98163661 404.607938828 5859.41042456 
34 3624.07518028 334.886818649 6042.03800107 
35 3533.58815363 274.854605406 6192.55724096 
36 3461.25522493 224.067952901 6315.67682216 
37 3403.5394206 181.684486246 6415.77609315 
38 3357.5465275 146.686832144 6496.76664035 
39 3320.9294921 118.026378332 6562.04412957 
40 3291.79658215 94.7076206836 6614.49579717 
41 3268.62948238 75.8316385969 6656.53887902 
42 3250.21319548 60.6133580436 6690.17344648 
43 3235.57742847 48.3829083539 6717.03966318 
44 3223.94846931 38.5783298828 6738.4732008 
45 3214.71001037 30.7340435151 6755.55594612 
46 3207.37151201 24.4679701536 6769.16051783 
47 3201.5427545 19.4688135166 6779.98843198 
48 3196.91346061 15.4843513347 6788.60218806 
49 3193.23700347 12.3111087005 6795.45188783 
50 3190.31738763 9.7854935221 6800.89711885 
51 3187.99888459 7.77631955914 6805.22479585 
52 3186.15778122 6.17860875361 6808.66361003 
53 3184.69580637 4.90848994673 6811.39570368 
54 3183.53490671 3.89904236936 6813.56605092 
55 3182.61309143 3.09692412122 6815.28998445 
56 3181.88112893 2.45965066639 6816.6592204 
57 3181.29992271 1.95340676254 6817.74667053 
58 3180.83842562 1.55129070981 6818.61028367 
59 3180.47198339 1.23190950419 6819.29610711 
60 3180.18101867 0.9782561772 6819.84072515 
61 3179.9499858 0.776813928968 6820.27320027 
62 3179.76654069 0.616842033355 6820.61661728 
63 3179.62088158 0.489807017526 6820.8893114 
64 3179.50522551 0.388929923498 6821.10584457 
65 3179.4133923 0.308825911777 6821.27778179 
66 3179.34047535 0.245218577579 6821.41430607 
67 3179.28257808 0.19471106583 6821.52271086 
68 3179.23660669 0.154605868463 6821.60878744 
69 3179.20010474 0.12276086711 6821.67713439 
70 3179.17112161 0.0974748677308 6821.73140352 
