Time S I R
0.0  10000 1 0
1 9997.42026237 2.71745796595 0.862279663792 
2 9990.41564389 7.37965346479 3.20470264444 
3 9971.43548386 20.0043707998 9.56014533635 
4 9920.29082407 53.9630044841 26.7461714477 
5 9784.51327806 143.68208326 72.8046386804 
6 9437.83672418 369.796248561 193.367027257 
7 8633.7395907 876.284557892 490.975851409 
8 7117.13694171 1747.29067566 1136.57238263 
9 5096.13561211 2651.9599839 2252.90440399 
10 3304.4627372 2995.81782029 3700.71944251 
11 2140.48747901 2708.526315 5151.98620599 
12 1485.10881873 2142.22215585 6373.66902542 
13 1124.60715303 1573.44546066 7302.94738632 
14 920.836884128 1109.11382867 7971.0492872 
15 801.170564481 763.532140487 8436.29729503 
16 728.456226322 518.259140809 8754.28463287 
17 683.091472411 348.733283919 8969.17524367 
18 654.245034353 233.379790567 9113.37517508 
19 635.656217043 155.636760386 9209.70702257 
20 623.567805777 103.556262729 9273.87593149 
21 615.658002804 68.8015499232 9316.54044727 
22 610.460856598 45.666620333 9344.87252307 
23 607.036630426 30.2916095167 9363.67176006 
24 604.77635142 20.0845947382 9376.13905384 
25 603.2825434 13.3132187814 9384.40423782 
26 602.294487445 8.82314103895 9389.88237152 
27 601.640599995 5.8466976791 9393.51270233 
28 601.207706968 3.8740313132 9395.91826172 
29 600.921050566 2.56680241452 9397.51214702 
30 600.731200327 1.70061646819 9398.56818321 
31 600.605450946 1.12670490902 9399.26784415 
32 600.522153718 0.746461374778 9399.73138491 
33 600.466974515 0.494538408 9400.03848708 
34 600.430420631 0.327634568518 9400.2419448 
35 600.406204746 0.217058808034 9400.37673645 
36 600.390162222 0.143801655217 9400.46603612 
37 600.379534279 0.0952685225186 9400.5251972 
38 600.372493377 0.0631152493042 9400.56439137 
39 600.367828838 0.0418137168692 9400.59035745 
40 600.364738616 0.0277015044198 9400.60755988 
41 600.362691357 0.0183521702479 9400.61895647 
42 600.361335057 0.0121582623924 9400.62650668 
43 600.360436514 0.0080548105052 9400.63150868 
44 600.359841237 0.00533630593863 9400.63482246 
45 600.359446881 0.00353536323209 9400.63701776 
46 600.359185605 0.00234216925863 9400.63847223 
47 600.359012513 0.00155169529051 9400.63943579 
48 600.358897844 0.00102802419733 9400.64007413 
49 600.358821864 0.000681040342668 9400.6404971 
50 600.358771531 0.000451175832109 9400.64077729 
51 600.358738186 0.000298897686455 9400.64096292 
52 600.358716095 0.000198012210819 9400.64108589 
53 600.358701464 0.00013119560856 9400.64116734 
54 600.358691756 8.68608394375e-05 9400.64122138 
55 600.35868533 5.75136162701e-05 9400.64125716 
56 600.358681086 3.81336242479e-05 9400.64128078 
57 600.358678272 2.52815874083e-05 9400.64129645 
58 600.358676406 1.67624203166e-05 9400.64130683 
59 600.358675175 1.11365209987e-05 9400.64131369 
60 600.358674361 7.42088882398e-06 9400.64131822 
61 600.358673809 4.90238082539e-06 9400.64132129 
62 600.358673432 3.17657623862e-06 9400.64132339 
63 600.358673198 2.10938255186e-06 9400.64132469 
64 600.358673036 1.37004948747e-06 9400.64132559 
65 600.358672934 9.06013918109e-07 9400.64132616 
66 600.358672869 6.09615036353e-07 9400.64132652 
67 600.358672827 4.13667264327e-07 9400.64132676 
68 600.358672798 2.81164845875e-07 9400.64132692 
69 600.358672777 1.89595297066e-07 9400.64132703 
70 600.358672764 1.26873956009e-07 9400.64132711 
