Time S I R
0.0  10000 1 0
1 9999.17947591 1.6220105978 0.19851348809 
2 9997.8487645 2.63074171728 0.520493779723 
3 9995.69098375 4.26633253771 1.04268370926 
4 9992.19294869 6.917592198 1.88945911611 
5 9986.52454494 11.2132060823 3.26224897687 
6 9977.34517364 18.1678379717 5.48698839139 
7 9962.49608709 29.4137188031 9.09019410737 
8 9938.51683754 47.562927535 14.92023493 
9 9899.90152294 76.7601247528 24.3383523041 
10 9837.99525046 123.49078683 39.5139627142 
11 9739.4598049 197.673316588 63.8668785114 
12 9584.39805936 313.908295086 102.693645557 
13 9344.6940637 492.337815134 163.968121162 
14 8984.13799007 757.700922594 259.161087337 
15 8463.39663936 1133.98890598 403.614454662 
16 7753.47935859 1631.95839909 615.562242314 
17 6857.30188651 2230.98497209 912.713141397 
18 5827.77467712 2866.95081646 1306.27450642 
19 4762.25076855 3443.99184153 1794.75738992 
20 3767.27082803 3871.97413986 2361.75503211 
21 2917.82577767 4103.27360957 2979.90061276 
22 2240.85997909 4141.60809468 3618.53192623 
23 1725.70453338 4024.7949458 4250.50052082 
24 1343.81963751 3801.57736935 4855.60299313 
25 1063.7812301 3516.26987595 5420.94889394 
26 858.469630768 3202.81331666 5939.71705257 
27 706.95677512 2884.55323847 6409.48998641 
28 593.974470306 2576.26451963 6830.76101006 
29 508.677702812 2286.52536175 7205.79693544 
30 443.44029616 2019.71722097 7537.84248287 
31 392.899658578 1777.50703961 7830.59330181 
32 353.262762836 1559.87576572 8087.86147145 
33 321.821452065 1365.80658814 8313.37195979 
34 296.620273729 1193.73385614 8510.64587013 
35 276.230128623 1041.83019934 8682.93967203 
36 259.593140572 908.187307469 8833.21955196 
37 245.916388337 790.925335523 8964.15827614 
38 234.598334481 688.256694588 9078.14497093 
39 225.177230431 598.520470937 9177.30229863 
40 217.294688186 520.197883497 9263.50742832 
41 210.669672877 451.915964014 9338.41436311 
42 205.07952565 392.444279747 9403.4761946 
43 200.34629402 340.687067805 9459.96663818 
44 196.326532576 295.673436771 9509.00003065 
45 192.903722245 256.546500512 9551.54977724 
46 189.982524422 222.552364295 9588.46511128 
47 187.484325742 193.029543356 9620.4861309 
48 185.34445752 167.398229581 9648.2573129 
49 183.508688511 145.151960573 9672.33935092 
50 181.931662913 125.848509529 9693.21982756 
51 180.575405152 109.101967887 9711.32262696 
52 179.407847682 94.5762550367 9727.01589728 
53 178.401883746 81.9788166814 9740.61929957 
54 177.534505375 71.0551243663 9752.41037026 
55 176.78612243 61.5837929732 9762.6300846 
56 176.140066756 53.3726018523 9771.48733139 
57 175.5820722 46.2544640022 9779.1634638 
58 175.099933091 40.0843195254 9785.81574738 
59 174.683186204 34.7362524935 9791.5805613 
60 174.322848638 30.1009830871 9796.57616828 
61 174.011199628 26.0836940807 9800.90510629 
62 173.741596911 22.6021397902 9804.6562633 
63 173.508316109 19.5849498303 9807.90673406 
64 173.306431669 16.9702997658 9810.72326857 
65 173.131692562 14.7045537654 9813.16375367 
66 172.980424915 12.7411673233 9815.27840776 
67 172.849463142 11.0398436577 9817.1106932 
68 172.736069209 9.56562314826 9818.69830764 
69 172.637877782 8.28820617562 9820.07391604 
70 172.552844608 7.18133855025 9821.26581684 
