Time S I R
0.0  10000 1 0
1 9999.69938228 0.610807523441 0.689810196324 
2 9999.5157688 0.373083506479 1.1111476922 
3 9999.40361827 0.227878624817 1.36850310571 
4 9999.33511783 0.139187493831 1.52569467631 
5 9999.29327845 0.0850153123744 1.62170623789 
6 9999.26772317 0.0519270166989 1.68034981818 
7 9999.25211425 0.0317169428115 1.71616880437 
8 9999.24258032 0.0193725913697 1.7380470878 
9 9999.23675704 0.0118327144563 1.75141024156 
10 9999.2332003 0.00722750725452 1.75957218775 
11 9999.23102774 0.00441450110868 1.76455776141 
12 9999.22970077 0.00269635967577 1.76760287367 
13 9999.22889023 0.00164688506064 1.76946288804 
14 9999.2283952 0.00100593511172 1.77059886222 
15 9999.2280928 0.000614388741067 1.77129281118 
16 9999.22790811 0.000375258202815 1.77171662914 
17 9999.22779529 0.000229182154007 1.77197552394 
18 9999.22772641 0.000139991302732 1.77213359946 
19 9999.22768431 8.54834847763e-05 1.77223020524 
20 9999.22765858 5.21680607835e-05 1.77228925112 
21 9999.22764292 3.18950793051e-05 1.77232518151 
22 9999.22763335 1.94984802446e-05 1.77234715236 
23 9999.2276275 1.19297397216e-05 1.77236056666 
24 9999.22762395 7.32919096506e-06 1.77236872035 
25 9999.22762174 4.47240785383e-06 1.77237378351 
26 9999.22762036 2.67738485945e-06 1.77237696488 
27 9999.22761955 1.62671799669e-06 1.772378827 
28 9999.22761904 9.77190053153e-07 1.77237997818 
29 9999.22761875 6.01104583514e-07 1.77238064473 
30 9999.22761858 3.78612794658e-07 1.77238103906 
31 9999.22761847 2.38196900639e-07 1.77238128792 
32 9999.2276184 1.48212598885e-07 1.7723814474 
33 9999.22761836 9.17526799006e-08 1.77238154747 
34 9999.22761833 5.68830950611e-08 1.77238160927 
35 9999.22761832 3.37707900364e-08 1.77238165023 
36 9999.2276183 7.37603673914e-09 1.77238169701 
37 9999.22761828 -1.22240159865e-08 1.77238173175 
38 9999.22761827 -2.50293681406e-08 1.77238175444 
39 9999.22761827 -3.10400197232e-08 1.7723817651 
40 9999.22761827 -3.02559707341e-08 1.77238176371 
41 9999.22761827 -2.26772211734e-08 1.77238175027 
42 9999.22761827 -2.57391953891e-08 1.7723817557 
43 9999.22761827 -2.72411216956e-08 1.77238175836 
44 9999.22761827 -2.69292298661e-08 1.77238175781 
45 9999.22761827 -2.48035199008e-08 1.77238175404 
46 9999.22761827 -2.08639917995e-08 1.77238174706 
47 9999.22761828 -1.51106455622e-08 1.77238173686 
48 9999.22761828 -1.34703197303e-08 1.77238173396 
49 9999.22761828 -1.16294421928e-08 1.77238173069 
50 9999.22761828 -9.78856465531e-09 1.77238172743 
51 9999.22761828 -7.94768711783e-09 1.77238172417 
52 9999.22761829 -6.10680958036e-09 1.77238172091 
53 9999.22761829 -4.26593204289e-09 1.77238171764 
54 9999.22761829 -3.69216451017e-09 1.77238171663 
55 9999.22761829 -3.63325832268e-09 1.77238171652 
56 9999.22761829 -3.57435213519e-09 1.77238171642 
57 9999.22761829 -3.5154459477e-09 1.77238171631 
58 9999.22761829 -3.45653976021e-09 1.77238171621 
59 9999.22761829 -3.39763357272e-09 1.77238171611 
60 9999.22761829 -3.33872738523e-09 1.772381716 
61 9999.22761829 -3.27982119774e-09 1.7723817159 
62 9999.22761829 -3.22091501025e-09 1.77238171579 
63 9999.22761829 -3.16200882276e-09 1.77238171569 
64 9999.22761829 -3.10310263527e-09 1.77238171558 
65 9999.22761829 -3.04419644778e-09 1.77238171548 
66 9999.22761829 -2.98529026029e-09 1.77238171537 
67 9999.22761829 -2.9263840728e-09 1.77238171527 
68 9999.22761829 -2.86747788531e-09 1.77238171517 
69 9999.22761829 -2.80857169782e-09 1.77238171506 
70 9999.22761829 -2.74966551033e-09 1.77238171496 
