Time S I R
0.0  10000 1 0
1 9999.9104585 0.721697317824 0.367844183307 
2 9999.84583686 0.520845677917 0.633317457454 
3 9999.79920023 0.375892461261 0.824907310258 
4 9999.76554286 0.27128006802 0.963177074749 
5 9999.74125255 0.195781689 1.06296576168 
6 9999.72372235 0.141294724881 1.13498292308 
7 9999.71107096 0.101971872593 1.18695716812 
8 9999.70194051 0.0735927195067 1.22446677014 
9 9999.69535109 0.0531115487318 1.25153735847 
10 9999.69059555 0.038330395233 1.27107405649 
11 9999.68716354 0.0276630371822 1.28517342467 
12 9999.68468663 0.0199643196352 1.29534905039 
13 9999.68289907 0.0144082151815 1.30269271967 
14 9999.68160897 0.0103983489878 1.30799267937 
15 9999.68067792 0.00750446966923 1.31181760581 
16 9999.68000602 0.00541606814813 1.3145779082 
17 9999.67952106 0.0039087108257 1.31657022715 
18 9999.67917107 0.00282087212585 1.31800805586 
19 9999.6789185 0.00203581383393 1.3190456907 
20 9999.6787362 0.00146921270924 1.31979458422 
21 9999.67860465 0.00106031969425 1.32033503025 
22 9999.67850971 0.000765239790339 1.32072504611 
23 9999.67844119 0.000552250204656 1.32100656076 
24 9999.67839174 0.000398547926815 1.32120971362 
25 9999.67835605 0.00028763065381 1.32135631627 
26 9999.6783303 0.000207573078722 1.32146213074 
27 9999.67831171 0.000149801154725 1.3215384896 
28 9999.6782983 0.000108119637228 1.3215935813 
29 9999.67828861 7.80127795169e-05 1.32163337442 
30 9999.67828161 5.62568784176e-05 1.32166212984 
31 9999.67827657 4.05895666432e-05 1.32168283779 
32 9999.67827295 2.93200428103e-05 1.32169773306 
33 9999.67827032 2.11608833936e-05 1.32170851726 
34 9999.67826843 1.52875350865e-05 1.32171628024 
35 9999.67826707 1.10462807288e-05 1.32172188603 
36 9999.67826609 7.99416622622e-06 1.3217259201 
37 9999.67826538 5.79836136022e-06 1.32172882236 
38 9999.67826486 4.17755738841e-06 1.32173096463 
39 9999.67826448 2.99960823831e-06 1.32173252156 
40 9999.6782642 2.13567682774e-06 1.32173366344 
41 9999.67826401 1.53475207446e-06 1.3217344577 
42 9999.67826386 1.08914194438e-06 1.32173504668 
43 9999.67826377 7.83948006313e-07 1.32173545006 
44 9999.6782637 5.67080658987e-07 1.3217357367 
45 9999.67826365 4.18135098272e-07 1.32173593357 
46 9999.67826361 3.07551254028e-07 1.32173607973 
47 9999.67826359 2.26579029857e-07 1.32173618675 
48 9999.67826357 1.65924891731e-07 1.32173626692 
49 9999.67826355 1.20799522984e-07 1.32173632656 
50 9999.67826354 8.80728389933e-08 1.32173636982 
51 9999.67826353 6.39320787253e-08 1.32173640173 
52 9999.67826353 4.67498816873e-08 1.32173642444 
53 9999.67826352 3.40654304589e-08 1.3217364412 
54 9999.67826352 1.8039544867e-08 1.32173646239 
55 9999.67826351 3.457458086e-09 1.32173648166 
56 9999.67826351 -8.54345699712e-09 1.32173649752 
57 9999.67826351 -1.79632003824e-08 1.32173650997 
58 9999.67826351 -2.48017720699e-08 1.32173651901 
59 9999.6782635 -2.90591720596e-08 1.32173652464 
60 9999.6782635 -3.07354003514e-08 1.32173652685 
61 9999.6782635 -2.98304569454e-08 1.32173652566 
62 9999.67826351 -2.63443418416e-08 1.32173652105 
63 9999.67826351 -2.17067569985e-08 1.32173651492 
64 9999.67826351 -2.36048633836e-08 1.32173651743 
65 9999.67826351 -2.48376963251e-08 1.32173651906 
66 9999.67826351 -2.54052558227e-08 1.32173651981 
67 9999.67826351 -2.53075418767e-08 1.32173651968 
68 9999.67826351 -2.45445544869e-08 1.32173651867 
69 9999.67826351 -2.31162936534e-08 1.32173651678 
70 9999.67826351 -2.10227593761e-08 1.32173651401 
