Time S I R
0.0  10000 1 0
1 9999.1077657 1.01333088191 0.878903414519 
2 9998.20375728 1.02675778793 1.7694849353 
3 9997.28789032 1.04027868632 2.67183099179 
4 9996.36008506 1.05389148016 3.5860234576 
5 9995.42026534 1.06759404795 4.51214061462 
6 9994.46835668 1.0813840861 5.45025923685 
7 9993.5042849 1.09525927893 6.40045582487 
8 9992.52798014 1.1092171043 7.36280275604 
9 9991.53937397 1.12325498443 8.3373710459 
10 9990.53840001 1.13737024165 9.32422974411 
11 9989.52499454 1.15156007379 10.3234453834 
12 9988.49909662 1.16582158357 11.3350817988 
13 9987.46064815 1.18015175542 12.3592000952 
14 9986.40959394 1.19454743811 13.3958586232 
15 9985.34588161 1.20900537963 14.4451130077 
16 9984.26946158 1.2235222541 15.507016163 
17 9983.18028714 1.23809460373 16.5816182609 
18 9982.07831456 1.25271885906 17.6689665777 
19 9980.96350434 1.26739133438 18.7691043279 
20 9979.83581981 1.2821082335 19.8820719599 
21 9978.69522736 1.29686564909 21.007906994 
22 9977.54169758 1.3116595615 22.1466428602 
23 9976.37520484 1.32648583897 23.2983093173 
24 9975.19572667 1.34134023801 24.4629330953 
25 9974.00324451 1.3562184051 25.6405370823 
26 9972.79774458 1.37111587994 26.8311395359 
27 9971.57921641 1.3860280896 28.0347555034 
28 9970.34765342 1.40095035158 29.2513962312 
29 9969.10305416 1.41587788506 30.4810679573 
30 9967.8454211 1.4308057997 31.7237730981 
31 9966.57476041 1.44572909145 32.9795104996 
32 9965.29108434 1.46064268013 34.2482729774 
33 9963.99440845 1.47554136432 35.5300501887 
34 9962.68475322 1.49041984814 36.8248269291 
35 9961.36214399 1.50527274501 38.1325832621 
36 9960.02661189 1.5200946041 39.4532935039 
37 9958.67819193 1.53487985545 40.7869282128 
38 9957.31692391 1.54962283408 42.1334532598 
39 9955.94285257 1.56431778387 43.4928296463 
40 9954.55602775 1.5789588596 44.8650133903 
41 9953.15650446 1.59354012896 46.2499554126 
42 9951.74434313 1.60805561359 47.6476012569 
43 9950.31960983 1.62249932134 49.0578908463 
44 9948.88237604 1.63686514319 50.4807588194 
45 9947.43271889 1.65114690446 51.9161342058 
46 9945.97072133 1.66533836959 53.3639403011 
47 9944.49647221 1.67943324535 54.824094548 
48 9943.0100664 1.69342518408 56.2965084175 
49 9941.51160255 1.7073078171 57.7810896378 
50 9940.00118305 1.7210747594 59.277742192 
51 9938.47891817 1.73471956247 60.7863622647 
52 9936.94492398 1.74823574504 62.3068402702 
53 9935.3993224 1.76161679722 63.8390608 
54 9933.84224126 1.77485618444 65.3829025596 
55 9932.27381434 1.78794735151 66.938238308 
56 9930.69417983 1.80088378577 68.5049363852 
57 9929.10348112 1.81365899281 70.0828598888 
58 9927.50186837 1.826266447 71.671865178 
59 9925.88949758 1.83869963171 73.2718027835 
60 9924.26653058 1.85095204442 74.8825173745 
61 9922.63313507 1.86301720177 76.5038477262 
62 9920.98948463 1.87488864561 78.1356267212 
63 9919.33575656 1.88656000837 79.7776834362 
64 9917.67213365 1.898024969 81.4298413818 
65 9915.99880519 1.9092772326 83.091917573 
66 9914.31596604 1.92031056115 84.7637233976 
67 9912.6238166 1.93111877949 86.4450646181 
68 9910.92256285 1.94169578149 88.1357413733 
69 9909.21241617 1.95203553782 89.8355482931 
70 9907.49359084 1.96213214173 91.5442770135 
