Time S I R
0.0  10000 1 0
1 9995.32297079 5.21809817522 0.45893103371 
2 9970.97989928 27.1690454354 2.85105528528 
3 9845.892982 139.871175693 15.2358423103 
4 9243.07503198 680.708755385 77.21621263 
5 7038.94300817 2617.59604133 344.460950496 
6 3279.22692817 5627.96305682 1093.81001502 
7 1018.21190099 6741.62088425 2241.16721476 
8 305.310227138 6272.91462035 3422.77515251 
9 104.44843961 5421.50983528 4475.04172511 
10 41.8119628492 4586.02018458 5373.16785257 
11 19.334929836 3851.84721195 6129.81785822 
12 10.1263430927 3226.49505257 6764.37860434 
13 5.89258883839 2699.52936206 7295.5780491 
14 3.74682455498 2257.36809521 7739.88508023 
15 2.56586560948 1887.07438844 8111.35974596 
16 1.86986323786 1577.25893071 8421.87120605 
17 1.43506389394 1318.1736162 8681.39131991 
18 1.15032102679 1101.57575392 8898.27392505 
19 0.956206962235 920.528407045 9079.51538599 
20 0.819393555352 769.213894075 9230.96671237 
21 0.720218583851 642.758474285 9357.52130713 
22 0.646661311695 537.084422303 9463.26891638 
23 0.590953290479 448.777817094 9551.63122962 
24 0.548111471093 374.987300272 9625.46458826 
25 0.514704392421 313.327619422 9687.15767619 
26 0.488357217642 261.805303476 9738.70633931 
27 0.467379675116 218.754168446 9781.77845188 
28 0.450543131654 182.781631164 9817.7678257 
29 0.436941775255 152.724135305 9847.83892292 
30 0.425892706051 127.609154871 9872.96495242 
31 0.416875217346 106.62405691 9893.95906787 
32 0.40948724028 89.0897861912 9911.50072657 
33 0.403414529021 74.4388933041 9926.15769217 
34 0.398409671641 62.1973047041 9938.40428562 
35 0.394275531286 51.9688262476 9948.63689822 
36 0.390854177056 43.4224096277 9957.1867362 
37 0.388018259026 36.2814505307 9964.33053121 
38 0.38566450998 30.3148339594 9970.29950153 
39 0.383708804809 25.3294393431 9975.28685185 
40 0.382082333739 21.1639065649 9979.4540111 
41 0.380728631557 17.6834085216 9982.93586285 
42 0.379601230587 14.7752898873 9985.84510888 
43 0.378661796563 12.3454213798 9988.27591682 
44 0.377878641078 10.3151553911 9990.30696597 
45 0.377225522703 8.61877642764 9992.00399805 
46 0.376680678804 7.20137468197 9993.42194464 
47 0.376226040753 6.0170711287 9994.60670283 
48 0.375846591107 5.02753190005 9995.59662151 
49 0.375529837429 4.20072712204 9996.42374304 
50 0.375265380535 3.50989492267 9997.1148397 
51 0.375044557955 2.9326738722 9997.69228157 
52 0.374860150479 2.45037978768 9998.17476006 
53 0.37470613931 2.04740141038 9998.57789245 
54 0.374577504626 1.71069491635 9998.91472758 
55 0.37447005849 1.42936161469 9999.19616833 
56 0.374380306168 1.19429523493 9999.43132446 
57 0.374305330615 0.997886825356 9999.62780784 
58 0.374242696711 0.833778821021 9999.79197848 
59 0.374190371323 0.696659241694 9999.92915039 
60 0.374146656739 0.582089710917 10000.0437636 
61 0.374110135188 0.486361802384 10000.1395281 
62 0.374079622561 0.406376912893 10000.2195435 
63 0.37405412981 0.339545977518 10000.2863999 
64 0.374032830812 0.283705746709 10000.3422614 
65 0.374015035479 0.237048740642 10000.3889362 
66 0.374000167334 0.198064735356 10000.4279351 
67 0.373987744762 0.165491788768 10000.4605205 
68 0.373977365491 0.138275703439 10000.4877469 
69 0.37396869338 0.11553548534 10000.5104958 
70 0.373961447598 0.0965350097457 10000.5295035 
