Time S I R
0.0  10000 1 0
1 9997.94762609 2.28581676588 0.766557144094 
2 9993.25885655 5.22275061653 2.51839283205 
3 9982.55910816 11.9217386548 6.51915318786 
4 9958.20485729 27.1536393807 15.6415033248 
5 9903.09273474 61.5398180904 36.367447174 
6 9780.00236304 137.920173142 83.0774638159 
7 9512.93819641 301.584793046 186.477010541 
8 8968.05811676 626.18498116 406.756902078 
9 7982.29746149 1177.0787751 841.623763404 
10 6526.35565599 1880.95638822 1593.6879558 
11 4890.03199911 2439.28934559 2671.6786553 
12 3493.67814573 2579.91096186 3927.4108924 
13 2518.29149455 2332.68604901 5150.02245644 
14 1902.70242462 1901.44680622 6196.85076916 
15 1525.48638421 1453.46030923 7022.05330657 
16 1292.80402873 1068.06867502 7640.12729624 
17 1146.50045371 765.850556345 8088.64898994 
18 1052.61462567 540.663918974 8407.72145535 
19 991.306343498 377.86373426 8631.82992224 
20 950.724266558 262.341105974 8787.93462747 
21 923.589716302 181.336117431 8896.07416627 
22 905.314572607 124.973612165 8970.71181523 
23 892.942899762 85.9578154383 9022.0992848 
24 884.537515195 59.042465772 9057.42001903 
25 878.812561551 40.5175949009 9081.66984355 
26 874.906518869 27.7875454329 9098.3059357 
27 872.238314443 19.0489263696 9109.71275919 
28 870.414168353 13.0545977842 9117.53123386 
29 869.166374735 8.94477808516 9122.88884718 
30 868.312500072 6.12796219419 9126.55953773 
31 867.728032389 4.1978008896 9129.07416672 
32 867.327898192 2.87541003424 9130.79669177 
33 867.053926682 1.96951180228 9131.97656152 
34 866.866322665 1.34897616785 9132.78470117 
35 866.737852012 0.923934337121 9133.33821365 
36 866.649872098 0.63280772524 9133.71732018 
37 866.589619595 0.433409247746 9133.97697116 
38 866.548355301 0.296839565505 9134.15480513 
39 866.520094809 0.203302812533 9134.27660238 
40 866.500739972 0.139239763007 9134.36002026 
41 866.48748436 0.0953636106214 9134.41715203 
42 866.478405868 0.0653132441488 9134.45628089 
43 866.472188194 0.0447321257771 9134.48307968 
44 866.46792982 0.0306363736176 9134.50143381 
45 866.465013338 0.0209824000124 9134.51400426 
46 866.463015886 0.0143705252277 9134.52261359 
47 866.461647867 0.00984215600699 9134.52850998 
48 866.460710931 0.00674073952416 9134.53254833 
49 866.460069231 0.00461660011526 9134.53531417 
50 866.459629771 0.00316191257611 9134.53720832 
51 866.45932878 0.00216557688732 9134.53850564 
52 866.459122627 0.0014831755646 9134.5393942 
53 866.458981435 0.00101580365844 9134.54000276 
54 866.458884738 0.000695720016372 9134.54041954 
55 866.458818505 0.000476473630603 9134.54070502 
56 866.458773144 0.000326321405485 9134.54090053 
57 866.458742078 0.000223488975546 9134.54103443 
58 866.458720801 0.000153058206994 9134.54112614 
59 866.458706232 0.000104831391377 9134.54118894 
60 866.45869625 7.17883245274e-05 9134.54123196 
61 866.458689404 4.9126250943e-05 9134.54126147 
62 866.458684726 3.36412930576e-05 9134.54128163 
63 866.458681531 2.30673159441e-05 9134.5412954 
64 866.458679338 1.58087223915e-05 9134.54130485 
65 866.458677836 1.08357415615e-05 9134.54131133 
66 866.458676811 7.44288743079e-06 9134.54131575 
67 866.458676111 5.12588538574e-06 9134.54131876 
68 866.45867562 3.50100351226e-06 9134.54132088 
69 866.458675269 2.33771486924e-06 9134.54132239 
70 866.45867505 1.61250201075e-06 9134.54132334 
