Time S I R
0.0  10000 1 0
1 9999.85650833 0.814871395582 0.328620273823 
2 9999.7395821 0.664013232433 0.596404665115 
3 9999.64430372 0.541082790238 0.814613492685 
4 9999.56666441 0.440909171277 0.992426418288 
5 9999.50340174 0.35928389452 1.13731436194 
6 9999.4518494 0.292767301195 1.25538330024 
7 9999.40984203 0.238565883145 1.35159208537 
8 9999.37561166 0.194398696177 1.42998964411 
9 9999.34771872 0.158408452407 1.49387282642 
10 9999.32498989 0.129081322716 1.54592878657 
11 9999.30646908 0.105183731354 1.58834719188 
12 9999.29137713 0.0857103787383 1.62291249496 
13 9999.27907927 0.0698422451393 1.65107848549 
14 9999.26905821 0.0569118763429 1.67402991377 
15 9999.26089242 0.0463753838139 1.69273219411 
16 9999.25423847 0.0377896291277 1.70797190489 
17 9999.24881647 0.0307934883534 1.72039004585 
18 9999.24439822 0.0250925089264 1.73050927322 
19 9999.24079794 0.0204469678846 1.73875509696 
20 9999.2378642 0.0166614839214 1.74547431983 
21 9999.2354736 0.0135768272829 1.75094957514 
22 9999.23352559 0.0110632547443 1.75541115732 
23 9999.23193824 0.00901504967624 1.75904671342 
24 9999.23064485 0.00734615401971 1.76200899644 
25 9999.22959084 0.00598613718006 1.76442302059 
26 9999.22873195 0.00487788889328 1.76639015648 
27 9999.22803203 0.00397476041524 1.76799320551 
28 9999.22746172 0.00323886690699 1.76929941314 
29 9999.22699703 0.00263925964147 1.77036371327 
30 9999.22661833 0.00215060940378 1.77123106516 
31 9999.22630974 0.00175243658728 1.77193782003 
32 9999.2260583 0.00142799368155 1.77251370465 
33 9999.22585341 0.00116361723562 1.77298297157 
34 9999.22568647 0.000948213579364 1.77336531202 
35 9999.22555041 0.000772646202909 1.77367694327 
36 9999.22543954 0.000629584278547 1.77393087749 
37 9999.2253492 0.000513017503395 1.77413778295 
38 9999.22527559 0.000418032077852 1.77430638162 
39 9999.22521561 0.000340643489989 1.77444374598 
40 9999.22516673 0.000277568474184 1.77455570383 
41 9999.22512689 0.000226164264351 1.77464694605 
42 9999.22509444 0.000184298259286 1.774721258 
43 9999.225068 0.000150177691564 1.77478182184 
44 9999.22504646 0.000122385562098 1.77483115273 
45 9999.2250289 9.97238685465e-05 1.77487137713 
46 9999.22501456 8.12242159182e-05 1.77490421392 
47 9999.22500288 6.61527160698e-05 1.77493096576 
48 9999.22499338 5.38970055004e-05 1.77495271959 
49 9999.22498565 4.39154854964e-05 1.77497043674 
50 9999.22497937 3.58091820208e-05 1.77498482538 
51 9999.22497424 2.91965854439e-05 1.77499656271 
52 9999.22497005 2.37882663292e-05 1.77500616245 
53 9999.22496665 1.93989064591e-05 1.77501395354 
54 9999.22496387 1.581197834e-05 1.77502032032 
55 9999.22496161 1.28956111071e-05 1.77502549686 
56 9999.22495977 1.05255562404e-05 1.7750297037 
57 9999.22495827 8.59477709816e-06 1.77503313082 
58 9999.22495706 7.02723504407e-06 1.7750359132 
59 9999.22495606 5.7321370631e-06 1.77503821199 
60 9999.22495523 4.66030342454e-06 1.77504011449 
61 9999.22495455 3.78716181604e-06 1.77504166431 
62 9999.22495395 3.01322079932e-06 1.77504303805 
63 9999.22495353 2.47542558108e-06 1.77504399264 
64 9999.22495318 2.01582169998e-06 1.77504480843 
65 9999.22495288 1.63173360694e-06 1.77504549019 
66 9999.22495263 1.3147920973e-06 1.77504605276 
67 9999.22495244 1.06439226351e-06 1.77504649721 
68 9999.22495229 8.6859544745e-07 1.77504684475 
69 9999.22495216 7.08010521863e-07 1.77504712979 
70 9999.22495206 5.82333112452e-07 1.77504735287 
