Time S I R
0.0  10000 1 0
1 9995.31568995 4.93031496699 0.753995086286 
2 9972.27793488 24.2547207938 4.46734432124 
3 9860.31331416 118.049242927 22.6374429158 
4 9345.96532197 546.184982459 108.849695569 
5 7477.68634489 2055.56904331 467.744611797 
6 3979.62438127 4538.6239349 1482.75168384 
7 1485.98902906 5446.98482974 3068.0261412 
8 554.120418813 4791.41058049 4655.4690007 
9 245.046372118 3787.44927667 5968.50435121 
10 130.277931156 2885.53877337 6985.18329548 
11 80.81445216 2166.57619607 7753.60935177 
12 56.5369023442 1615.94316566 8328.519932 
13 43.3327894205 1201.1232997 8756.54391088 
14 35.5664605879 891.061296407 9074.37224301 
15 30.7217610884 660.265108265 9310.01313065 
16 27.5638684285 488.882719651 9484.55341192 
17 25.4373906632 361.806306657 9613.75630268 
18 23.9702692763 267.670903852 9709.35882687 
19 22.9397069618 197.981345641 9780.0789474 
20 22.2060732612 146.411323435 9832.3826033 
21 21.6787285354 108.261486163 9871.0597853 
22 21.2968744372 80.045319222 9899.65780634 
23 21.0188837192 59.1794443022 9920.80167198 
24 20.8156990953 43.7508161719 9936.43348473 
25 20.6667520798 32.3434841452 9947.98976377 
26 20.5573278051 23.9098559208 9956.53281627 
27 20.4768096451 17.6749973513 9962.848193 
28 20.417490996 13.0657990786 9967.51670993 
29 20.3737519392 9.65847221789 9970.96777584 
30 20.3414795988 7.13966322398 9973.51885718 
31 20.3176564219 5.27770049294 9975.40464309 
32 20.3000641013 3.90130645291 9976.79862945 
33 20.2870695649 2.88385945302 9977.82907098 
34 20.2774693221 2.13175486297 9978.59077581 
35 20.2703757256 1.57579486293 9979.15382941 
36 20.265133734 1.16482757871 9979.57003869 
37 20.2612597264 0.861039769622 9979.8777005 
38 20.2583965393 0.63647959469 9980.10512387 
39 20.256280336 0.470484808887 9980.27323486 
40 20.2547161833 0.3477815215 9980.3975023 
41 20.2535600428 0.257079454087 9980.4893605 
42 20.2527054669 0.190032500404 9980.55726203 
43 20.2520737894 0.14047151589 9980.60745469 
44 20.2516068687 0.103836227347 9980.6445569 
45 20.2512617287 0.0767554854027 9980.67198279 
46 20.2510066061 0.0567374824831 9980.69225591 
47 20.2508180218 0.0419401912106 9980.70724179 
48 20.250678622 0.0310020831586 9980.71831929 
49 20.2505755787 0.0229166609904 9980.72650776 
50 20.2504994097 0.0169399420541 9980.73256065 
51 20.250443106 0.0125219610318 9980.73703493 
52 20.2504014864 0.00925620019319 9980.74034231 
53 20.2503707214 0.00684215849593 9980.74278712 
54 20.2503479796 0.00505766791719 9980.74459435 
55 20.2503311701 0.00373867198841 9980.74593016 
56 20.2503187448 0.00276368524172 9980.74691757 
57 20.2503095591 0.00204291152126 9980.74764753 
58 20.2503027691 0.00151011745341 9980.74818711 
59 20.25029775 0.00111627846934 9980.74858597 
60 20.25029404 0.000825162176377 9980.7488808 
61 20.2502912973 0.000609953717253 9980.74909875 
62 20.2502892699 0.000450863126621 9980.74925987 
63 20.2502877712 0.000333270965785 9980.74937896 
64 20.2502866635 0.000246352116398 9980.74946698 
65 20.2502858445 0.000182086555837 9980.74953207 
66 20.2502852394 0.000134603887951 9980.74958016 
67 20.2502847921 9.95049369374e-05 9980.7496157 
68 20.2502844613 7.35456674591e-05 9980.74964199 
69 20.2502842163 5.43210644543e-05 9980.74966146 
70 20.2502840356 4.01443181815e-05 9980.74967582 
