Time S I R
0.0  10000 1 0
1 9997.31226106 2.62335521956 1.06438371778 
2 9990.26735507 6.87701726272 3.85562767049 
3 9971.84043115 17.9937392257 11.1658296201 
4 9923.90509485 46.8490352987 30.2458698534 
5 9800.95955558 120.433193199 79.6072512236 
6 9496.71475623 299.814020585 204.471223182 
7 8805.68936636 691.699036976 503.611596669 
8 7497.44792523 1363.09482364 1140.45725113 
9 5679.55852308 2081.44122166 2240.00025526 
10 3948.64067392 2373.03308894 3679.32623715 
11 2739.92239123 2134.74220601 5126.33540275 
12 2022.79429196 1650.325048 6327.88066003 
13 1616.65410008 1169.03228812 7215.3136118 
14 1384.87141177 788.059142334 7828.0694459 
15 1249.56912719 516.279120021 8235.15175279 
16 1168.84845689 332.577770784 8499.57377233 
17 1119.87840456 212.080615426 8669.04098001 
18 1089.8199698 134.407488675 8776.77254152 
19 1071.22458993 84.8577025471 8844.91770752 
20 1059.66182885 53.4481732555 8887.8899979 
21 1052.44839484 33.6151704654 8914.93643469 
22 1047.93890126 21.1221674765 8931.93893127 
23 1045.11604104 13.2645276337 8942.61943132 
24 1043.34751375 8.32700334509 8949.3254829 
25 1042.23894998 5.22621997255 8953.53483004 
26 1041.54384093 3.2796324311 8956.17652664 
27 1041.10789239 2.05789930643 8957.8342083 
28 1040.83444483 1.29121598902 8958.87433918 
29 1040.6629116 0.810137159183 8959.52695124 
30 1040.55530353 0.508286686783 8959.93640978 
31 1040.4877955 0.318898856059 8960.19330565 
32 1040.4454434 0.200075282503 8960.35448131 
33 1040.4188729 0.125525377738 8960.45560172 
34 1040.40220318 0.0787531860831 8960.51904363 
35 1040.39174494 0.0494087387673 8960.55884632 
36 1040.38518363 0.0309983679844 8960.583818 
37 1040.38106717 0.019447938386 8960.59948489 
38 1040.37848458 0.0122013567102 8960.60931406 
39 1040.3768643 0.00765494048498 8960.61548076 
40 1040.37584779 0.00480269485544 8960.61934951 
41 1040.37521003 0.0030131553235 8960.62177682 
42 1040.3748099 0.00189042352519 8960.62329967 
43 1040.37455888 0.00118605860888 8960.62425506 
44 1040.37440136 0.000744088720092 8960.62485455 
45 1040.37430255 0.00046682080181 8960.62523063 
46 1040.37424055 0.000292862393478 8960.62546658 
47 1040.37420167 0.000183756215934 8960.62561457 
48 1040.37417724 0.000115194743064 8960.62570757 
49 1040.37416193 7.22386724204e-05 8960.62576583 
50 1040.37415236 4.53807252433e-05 8960.62580226 
51 1040.37414634 2.84894522059e-05 8960.62582517 
52 1040.37414257 1.79107377333e-05 8960.62583952 
53 1040.37414021 1.13013021782e-05 8960.62584849 
54 1040.37413871 7.08232059524e-06 8960.62585421 
55 1040.37413773 4.34800830251e-06 8960.62585792 
56 1040.37413715 2.72531210951e-06 8960.62586012 
57 1040.37413678 1.67503562101e-06 8960.62586155 
58 1040.37413656 1.05372269519e-06 8960.62586239 
59 1040.37413642 6.79957668399e-07 8960.6258629 
60 1040.37413634 4.39674129142e-07 8960.62586322 
61 1040.37413628 2.81670946376e-07 8960.62586344 
62 1040.37413625 1.78794816232e-07 8960.62586357 
63 1040.37413622 1.13398352062e-07 8960.62586366 
64 1040.37413621 7.23344991763e-08 8960.62586372 
65 1040.3741362 4.62800797892e-08 8960.62586375 
66 1040.37413619 2.61930732079e-08 8960.62586378 
67 1040.37413618 4.15581025421e-09 8960.62586381 
68 1040.37413618 -1.25293260825e-08 8960.62586383 
69 1040.37413617 -2.38623358021e-08 8960.62586385 
70 1040.37413617 -2.98432189047e-08 8960.62586386 
