Time S I R
0.0  10000 1 0
1 9998.01807859 1.73282147856 1.2490999328 
2 9994.58536703 3.00149107291 3.41314189772 
3 9988.64422178 5.19547617979 7.16030204481 
4 9978.37473211 8.98260187503 13.6426660197 
5 9960.66237791 15.498772238 24.8388498503 
6 9930.22820926 26.6485758926 44.1232148428 
7 9878.27246201 45.5460011097 77.1815368785 
8 9790.54724608 77.0569100773 133.395843844 
9 9645.13477492 128.170226357 227.694998727 
10 9411.27495344 207.350088055 382.374958503 
11 9052.6781302 321.134300106 627.187569697 
12 8540.5025097 466.285895663 994.211594633 
13 7876.82759344 620.17571864 1503.99668792 
14 7113.70686454 741.126095718 2146.16703974 
15 6341.98870413 789.195377993 2869.81591788 
16 5649.49121132 753.030735047 3598.47805363 
17 5085.43256271 654.22888697 4261.33855033 
18 4656.91743164 528.015867073 4816.06670128 
19 4345.97528931 403.477672178 5251.54703851 
20 4126.69941488 296.492280553 5577.80830456 
21 3974.71707931 212.001903842 5814.28101685 
22 3870.4676634 148.759346127 5981.77299047 
23 3799.41024975 103.046855684 6098.54289456 
24 3751.16540356 70.7586673276 6179.07592911 
25 3718.48953935 48.2996333653 6234.21082729 
26 3696.39310282 32.8368487775 6271.7700484 
27 3681.46598462 22.2637659727 6297.27024941 
28 3671.38877232 15.0674165683 6314.54381111 
29 3664.58872753 10.1845304469 6326.22674202 
30 3660.00142231 6.878287055 6334.12029063 
31 3656.90743203 4.64274389495 6339.44982408 
32 3654.82090582 3.13259188777 6343.04650229 
33 3653.41391419 2.11310421811 6345.47298159 
34 3652.46521135 1.42515867622 6347.10962997 
35 3651.82554637 0.961069825808 6348.2133838 
36 3651.39426111 0.648055247063 6348.95768364 
37 3651.1034799 0.436964896847 6349.45955521 
38 3650.90743099 0.294622159506 6349.79794685 
39 3650.77525318 0.198643238323 6350.02610358 
40 3650.68613832 0.133929163502 6350.17993251 
41 3650.62605687 0.0902966622131 6350.28364646 
42 3650.58554994 0.0608786529281 6350.3535714 
43 3650.55824023 0.0410446348921 6350.40071514 
44 3650.53982803 0.0276723481351 6350.43249962 
45 3650.52741459 0.018656705985 6350.45392871 
46 3650.51904546 0.0125783309745 6350.46837621 
47 3650.51340302 0.0084802906415 6350.47811669 
48 3650.5095989 0.00571739391571 6350.48468371 
49 3650.50703414 0.00385463079807 6350.48911123 
50 3650.50530508 0.00259881999138 6350.4920961 
51 3650.50413939 0.00175218635636 6350.49410843 
52 3650.50335336 0.00118130189818 6350.49546534 
53 3650.50282345 0.000796427280509 6350.49638013 
54 3650.5024662 0.000536957435034 6350.49699685 
55 3650.50222524 0.000361951923629 6350.49741281 
56 3650.50206279 0.000243966250991 6350.49769324 
57 3650.50195338 0.000164503264392 6350.49788211 
58 3650.5018796 0.000110918567184 6350.49800948 
59 3650.50182991 7.48287482149e-05 6350.49809526 
60 3650.50179646 5.05328387728e-05 6350.49815301 
61 3650.50177382 3.40866937035e-05 6350.4981921 
62 3650.50175812 2.26854083929e-05 6350.49821919 
63 3650.50174813 1.5432664161e-05 6350.49823643 
64 3650.50174102 1.02642540064e-05 6350.49824872 
65 3650.50173639 6.90131936803e-06 6350.49825671 
66 3650.50173335 4.69337930683e-06 6350.49826196 
67 3650.50173133 3.23111640753e-06 6350.49826543 
68 3650.50172996 2.23462775531e-06 6350.4982678 
69 3650.501729 1.53434150303e-06 6350.49826947 
70 3650.50172833 1.04568298997e-06 6350.49827063 
