Time S I R
0.0  10000 1 0
1 9998.53518948 2.39203982465 0.0727706941606 
2 9995.0325625 5.72061567158 0.24682182548 
3 9986.66307032 13.6739672721 0.662962406484 
4 9966.69811197 32.6448354006 1.65705262655 
5 9919.26465729 77.7084865526 4.02685616025 
6 9807.64302498 183.708420818 9.64855419782 
7 9550.77866124 427.389187269 22.8321514948 
8 8988.88571432 959.161903565 52.9523821132 
9 7885.06711776 1997.896523 118.036359247 
10 6111.02054391 3645.3317454 244.647710686 
11 4006.18256313 5540.41107035 454.406366521 
12 2239.80988591 7017.94615317 743.24396092 
13 1129.50421078 7788.16950341 1083.32628581 
14 545.312050249 8010.63425104 1445.05369872 
15 261.987539186 7929.80246932 1809.2099915 
16 127.745077062 7707.24443652 2166.01048642 
17 63.7734755912 7426.10880526 2511.11771915 
18 32.7050618095 7125.42968415 2842.86525404 
19 17.244296845 6822.93636568 3160.81933748 
20 9.34608487477 6526.55171784 3465.10219729 
21 5.2028805517 6239.71521383 3756.08190562 
22 2.9723002658 5963.79748174 4034.230218 
23 1.7400700568 5699.20338566 4300.05654429 
24 1.04340276921 5445.87940468 4554.07719255 
25 0.639895476761 5203.55970729 4796.80039723 
26 0.401130212093 4971.87904681 5028.71982298 
27 0.256949585182 4750.43169909 5250.31135132 
28 0.167700951893 4538.80016528 5462.03213377 
29 0.111716191639 4336.56863561 5664.3196482 
30 0.0758624872578 4143.33107162 5857.59306589 
31 0.052435719319 3958.69400354 6042.25356074 
32 0.0367207315976 3782.27837276 6218.6849065 
33 0.0261152661842 3613.72016692 6387.25371781 
34 0.0187887798984 3452.67017318 6548.31103804 
35 0.0135322313872 3298.79492353 6702.19154424 
36 0.00993138693593 3151.77608174 6849.21398688 
37 0.00739449931461 3011.30753524 6989.68507026 
38 0.00594793255368 2877.09991689 7123.89413518 
39 0.00494958586023 2748.87319195 7252.12185847 
40 0.00405414868874 2626.36143172 7374.63451413 
41 0.00323120260509 2509.30953668 7491.68723212 
42 0.00253470180542 2397.47457573 7603.52288957 
43 0.00197331652817 2290.62353854 7710.37448815 
44 0.00162694989558 2188.53468387 7812.46368918 
45 0.00144151806307 2090.99557798 7910.0029805 
46 0.0012982925964 1997.80365158 8003.19505013 
47 0.00112032088327 1908.76542339 8092.23345629 
48 0.000965103712588 1823.6957552 8177.3032797 
49 0.000804460718427 1742.41714771 8258.58204783 
50 0.000652797441944 1664.7608471 8336.2385001 
51 0.000533354110303 1590.56552683 8410.43393982 
52 0.000459885348391 1519.67685848 8481.32268164 
53 0.000415846421674 1451.94757852 8549.05200564 
54 0.000375290579541 1387.2368605 8613.76276421 
55 0.00033195544529 1325.41019948 8675.58946856 
56 0.000291194062811 1266.33906461 8734.6606442 
57 0.000255635211943 1209.90058522 8791.09915914 
58 0.00022387129502 1155.97748486 8845.02229127 
59 0.000199466814593 1104.45762857 8896.54217196 
60 0.000182633750228 1055.23393785 8945.76587951 
61 0.000169763385202 1008.20413495 8992.79569529 
62 0.00015859418636 963.270364261 9037.72947714 
63 0.000146754257003 920.339111255 9080.66074199 
64 0.000135611280712 879.321278718 9121.67858567 
65 0.000125180908071 840.131569719 9160.8683051 
66 0.000115592582006 802.688403688 9198.31148072 
67 0.000106797289845 766.914024758 9234.08586844 
68 9.89127511275e-05 732.734093769 9268.26580732 
69 9.22677827475e-05 700.077471206 9300.92243653 
70 8.69072446221e-05 668.876257163 9332.12365593 
