Time S I R
0.0  10000 1 0
1 9999.91073534 0.497319068874 0.591945593347 
2 9999.86634276 0.247326786045 0.886330451384 
3 9999.84426547 0.123000279677 1.03273424801 
4 9999.83328608 0.0611705641712 1.10554335928 
5 9999.82782583 0.0304215159076 1.14175265657 
6 9999.82511031 0.0151292679759 1.15976041755 
7 9999.82375983 0.00752411708343 1.16871604886 
8 9999.82308822 0.00374194261678 1.17316984077 
9 9999.8227542 0.00186092076792 1.17538488397 
10 9999.82258808 0.000925461445061 1.17648645692 
11 9999.82250547 0.000460228580144 1.17703430323 
12 9999.82246439 0.000228872753133 1.17730674193 
13 9999.82244396 0.000113822523004 1.17744222214 
14 9999.82243379 5.65535012962e-05 1.17750966067 
15 9999.82242874 2.81425721393e-05 1.17754311666 
16 9999.82242623 1.40122976594e-05 1.17755975611 
17 9999.82242499 7.00424100604e-06 1.17756800861 
18 9999.82242436 3.48503794825e-06 1.17757215274 
19 9999.82242405 1.70292458577e-06 1.17757425131 
20 9999.82242389 8.2707572054e-07 1.17757528269 
21 9999.82242382 4.201956586e-07 1.17757576182 
22 9999.82242378 2.18015462956e-07 1.1775759999 
23 9999.82242376 1.11086017687e-07 1.17757612582 
24 9999.82242375 5.62624757313e-08 1.17757619038 
25 9999.82242375 2.66128911146e-08 1.17757622529 
26 9999.82242374 -3.69977582736e-09 1.17757626099 
27 9999.82242374 -2.26808108427e-08 1.17757628334 
28 9999.82242374 -3.03302139313e-08 1.17757629235 
29 9999.82242374 -2.66479850932e-08 1.17757628801 
30 9999.82242374 -2.31071923344e-08 1.17757628384 
31 9999.82242374 -2.48628378748e-08 1.17757628591 
32 9999.82242374 -2.37296793963e-08 1.17757628457 
33 9999.82242374 -1.97077168991e-08 1.17757627984 
34 9999.82242374 -1.27969503832e-08 1.1775762717 
35 9999.82242374 -1.0552643021e-08 1.17757626906 
36 9999.82242374 -8.48127520623e-09 1.17757626662 
37 9999.82242374 -6.40990739149e-09 1.17757626418 
38 9999.82242374 -4.33853957675e-09 1.17757626174 
39 9999.82242374 -2.94425559536e-09 1.1775762601 
40 9999.82242374 -2.88169157635e-09 1.17757626002 
41 9999.82242374 -2.81912755734e-09 1.17757625995 
42 9999.82242374 -2.75656353833e-09 1.17757625988 
43 9999.82242374 -2.69399951932e-09 1.1775762598 
44 9999.82242374 -2.6314355003e-09 1.17757625973 
45 9999.82242374 -2.56887148129e-09 1.17757625965 
46 9999.82242374 -2.50630746228e-09 1.17757625958 
47 9999.82242374 -2.44374344327e-09 1.17757625951 
48 9999.82242374 -2.38117942426e-09 1.17757625943 
49 9999.82242374 -2.31861540524e-09 1.17757625936 
50 9999.82242374 -2.25605138623e-09 1.17757625929 
51 9999.82242374 -2.19348736722e-09 1.17757625921 
52 9999.82242374 -2.13092334821e-09 1.17757625914 
53 9999.82242374 -2.06835932919e-09 1.17757625906 
54 9999.82242374 -2.00579531018e-09 1.17757625899 
55 9999.82242374 -1.94323129117e-09 1.17757625892 
56 9999.82242374 -1.88066727216e-09 1.17757625884 
57 9999.82242374 -1.81810325315e-09 1.17757625877 
58 9999.82242374 -1.75553923413e-09 1.1775762587 
59 9999.82242374 -1.69297521512e-09 1.17757625862 
60 9999.82242374 -1.63041119611e-09 1.17757625855 
61 9999.82242374 -1.5678471771e-09 1.17757625848 
62 9999.82242374 -1.50528315809e-09 1.1775762584 
63 9999.82242374 -1.44271913907e-09 1.17757625833 
64 9999.82242374 -1.38015512006e-09 1.17757625825 
65 9999.82242374 -1.31759110105e-09 1.17757625818 
66 9999.82242374 -1.25502708204e-09 1.17757625811 
67 9999.82242374 -1.19246306303e-09 1.17757625803 
68 9999.82242374 -1.12989904401e-09 1.17757625796 
69 9999.82242374 -1.067335025e-09 1.17757625789 
70 9999.82242374 -1.00477100599e-09 1.17757625781 
