Time S I R
0.0  10000 1 0
1 9999.73784375 0.922446481745 0.33970976798 
2 9999.49602475 0.850901423369 0.653073827825 
3 9999.27296697 0.784900378782 0.942132654845 
4 9999.06721563 0.724014459857 1.20876990793 
5 9998.8774292 0.667848009127 1.45472278828 
6 9998.70236933 0.61603567868 1.68159499062 
7 9998.54089229 0.56823993372 1.89086777144 
8 9998.39194536 0.524149990723 2.08390465259 
9 9998.25456025 0.483479918584 2.2619598273 
10 9998.12784069 0.445964973602 2.42619433703 
11 9998.01095492 0.411359451209 2.5776856274 
12 9997.90313619 0.379436792767 2.71742702147 
13 9997.80368568 0.349990438192 2.84632388323 
14 9997.71195575 0.322828927294 2.96521532614 
15 9997.62734537 0.297774574123 3.0748800511 
16 9997.54930199 0.274663978723 3.17603403421 
17 9997.47731607 0.253346452811 3.26933747295 
18 9997.41091774 0.233683007677 3.35539924901 
19 9997.3496734 0.215545377086 3.43478122229 
20 9997.29318312 0.198815239771 3.50800164025 
21 9997.24107769 0.183383351126 3.57553895979 
22 9997.19301695 0.169149052448 3.63783399912 
23 9997.14868706 0.156019466869 3.69529347016 
24 9997.10779858 0.143908926164 3.7482924937 
25 9997.07008381 0.13273819898 3.79717799148 
26 9997.03529689 0.12243450677 3.84226860506 
27 9997.00321032 0.112930505304 3.88385917419 
28 9996.97361452 0.104164148929 3.92222132719 
29 9996.94631636 0.0960782576874 3.9576053791 
30 9996.92113716 0.0886199311915 3.99024290485 
31 9996.89791278 0.0817405684906 4.02034664686 
32 9996.87649123 0.0753951651208 4.04811360104 
33 9996.85673265 0.0695423069048 4.07372504084 
34 9996.83850802 0.0641437878038 4.0973481927 
35 9996.82169807 0.059164290586 4.11913763602 
36 9996.80619322 0.0545713594031 4.1392354213 
37 9996.79189197 0.0503349375186 4.15777309728 
38 9996.778701 0.0464273909732 4.17487160564 
39 9996.76653416 0.0428231966031 4.19064264825 
40 9996.7553117 0.0394987442937 4.20518955328 
41 9996.7449602 0.0364322813135 4.21860751882 
42 9996.7354121 0.033603800692 4.23098410102 
43 9996.72660549 0.0309949653874 4.24239954515 
44 9996.7184828 0.0285887217701 4.252928481 
45 9996.71099067 0.026369268649 4.26264005751 
46 9996.70408029 0.0243221415485 4.27159757161 
47 9996.69770648 0.0224339639915 4.27985955905 
48 9996.69182745 0.0206923569383 4.28748019091 
49 9996.6864048 0.019085942644 4.29450925555 
50 9996.68140309 0.0176042249434 4.3009926833 
51 9996.67678961 0.0162375146278 4.30697287324 
52 9996.67253431 0.014976908303 4.31248878534 
53 9996.66860945 0.0138141926095 4.31757635988 
54 9996.66498931 0.0127417473218 4.32226894161 
55 9996.66165022 0.0117525599463 4.32659721571 
56 9996.65857034 0.0108401593185 4.33058949846 
57 9996.65572955 0.00999858575296 4.334271868 
58 9996.65310928 0.00922234146576 4.33766838116 
59 9996.65069244 0.00850636088454 4.34080120343 
60 9996.64846317 0.00784594745591 4.3436908856 
61 9996.64640694 0.00723679593927 4.34635626603 
62 9996.64451041 0.0066749562147 4.34881462908 
63 9996.64276121 0.00615675918851 4.35108202947 
64 9996.64114784 0.00567880294251 4.35317335287 
65 9996.63965974 0.00523795546703 4.35510230383 
66 9996.63828712 0.00483132013135 4.35688155692 
67 9996.63702109 0.00445626120054 4.35852264515 
68 9996.63585338 0.00411032698396 4.36003629616 
69 9996.63477627 0.00379123534256 4.36143249573 
70 9996.63378272 0.00349689668941 4.36272038708 
