Time S I R
0.0  10000 1 0
1 9999.77227857 0.554726868106 0.672994562299 
2 9999.64595811 0.307720638313 1.04632125208 
3 9999.57588583 0.1706997151 1.25341445315 
4 9999.53701546 0.0946910756244 1.36829346754 
5 9999.51545323 0.0525272634096 1.43201950894 
6 9999.50349228 0.0291381949378 1.46736952569 
7 9999.49685722 0.0161636397615 1.48697913627 
8 9999.49317661 0.0089663598056 1.49785702905 
9 9999.49113494 0.00497396516745 1.50389109118 
10 9999.49000229 0.00275911608018 1.50723858989 
11 9999.489374 0.00153051587779 1.50909548273 
12 9999.4890255 0.000849028468411 1.51012547529 
13 9999.48883215 0.000470947361185 1.51069690289 
14 9999.48872491 0.000261236110265 1.51101385816 
15 9999.48866542 0.000144906722662 1.51118967711 
16 9999.48863241 8.03675649226e-05 1.51128722088 
17 9999.48861409 4.4537990962e-05 1.5113413733 
18 9999.48860394 2.46886652608e-05 1.51137137335 
19 9999.48859834 1.3737807466e-05 1.51138792435 
20 9999.48859523 7.65841496544e-06 1.51139711268 
21 9999.48859349 4.25470972121e-06 1.511402257 
22 9999.4885925 2.31662876206e-06 1.5114051862 
23 9999.48859196 1.26465541585e-06 1.51140677614 
24 9999.48859167 6.96315474399e-07 1.51140763512 
25 9999.48859152 3.98003577851e-07 1.51140808599 
26 9999.48859143 2.28783408042e-07 1.51140834174 
27 9999.48859138 1.29614921262e-07 1.51140849163 
28 9999.48859135 7.29666648742e-08 1.51140857724 
29 9999.48859133 4.12632307964e-08 1.51140862516 
30 9999.48859132 1.31751929793e-08 1.51140866761 
31 9999.48859131 -1.04903177042e-08 1.51140870338 
32 9999.4885913 -2.52167704759e-08 1.51140872564 
33 9999.4885913 -3.10041653356e-08 1.51140873438 
34 9999.4885913 -2.78525022835e-08 1.51140872962 
35 9999.4885913 -2.35089519418e-08 1.51140872306 
36 9999.4885913 -2.59036246479e-08 1.51140872667 
37 9999.4885913 -2.59602363053e-08 1.51140872676 
38 9999.4885913 -2.36787869141e-08 1.51140872331 
39 9999.4885913 -1.90592764742e-08 1.51140871633 
40 9999.48859131 -1.35704660628e-08 1.51140870803 
41 9999.48859131 -1.15826290979e-08 1.51140870503 
42 9999.48859131 -9.59479213306e-09 1.51140870203 
43 9999.48859131 -7.60695516821e-09 1.51140869902 
44 9999.48859131 -5.61911820336e-09 1.51140869602 
45 9999.48859131 -3.63128123851e-09 1.51140869301 
46 9999.48859131 -3.31931494486e-09 1.51140869254 
47 9999.48859131 -3.25731856846e-09 1.51140869245 
48 9999.48859131 -3.19532219206e-09 1.51140869235 
49 9999.48859131 -3.13332581566e-09 1.51140869226 
50 9999.48859131 -3.07132943926e-09 1.51140869217 
51 9999.48859131 -3.00933306287e-09 1.51140869207 
52 9999.48859131 -2.94733668647e-09 1.51140869198 
53 9999.48859131 -2.88534031007e-09 1.51140869188 
54 9999.48859131 -2.82334393367e-09 1.51140869179 
55 9999.48859131 -2.76134755727e-09 1.5114086917 
56 9999.48859131 -2.69935118088e-09 1.5114086916 
57 9999.48859131 -2.63735480448e-09 1.51140869151 
58 9999.48859131 -2.57535842808e-09 1.51140869142 
59 9999.48859131 -2.51336205168e-09 1.51140869132 
60 9999.48859131 -2.45136567528e-09 1.51140869123 
61 9999.48859131 -2.38936929889e-09 1.51140869114 
62 9999.48859131 -2.32737292249e-09 1.51140869104 
63 9999.48859131 -2.26537654609e-09 1.51140869095 
64 9999.48859131 -2.20338016969e-09 1.51140869085 
65 9999.48859131 -2.14138379329e-09 1.51140869076 
66 9999.48859131 -2.0793874169e-09 1.51140869067 
67 9999.48859131 -2.0173910405e-09 1.51140869057 
68 9999.48859131 -1.9553946641e-09 1.51140869048 
69 9999.48859131 -1.8933982877e-09 1.51140869039 
70 9999.48859131 -1.8314019113e-09 1.51140869029 
