Time S I R
0.0  10000 1 0
1 9998.5206951 1.49929965772 0.980005242423 
2 9996.30342652 2.24740757244 2.4491659077 
3 9992.98126963 3.3676955117 4.6510348562 
4 9988.00635898 5.04395065791 7.94969036425 
5 9980.56261053 7.54899081249 12.8883986612 
6 9969.43843121 11.2857337232 20.2758350682 
7 9952.84454503 16.844481781 31.3109731868 
8 9928.15894447 25.0797658929 47.7612896355 
9 9891.58429859 37.2059662635 72.2097351476 
10 9837.7180386 54.9000330095 108.38192839 
11 9759.07879171 80.3743478916 161.5468604 
12 9645.7279714 116.334439242 238.937589362 
13 9485.29528091 165.662177292 350.042541798 
14 9263.94345338 230.595524335 506.461022287 
15 8968.93801203 311.222655207 720.839332764 
16 8593.14027165 403.481447995 1004.37828035 
17 8140.47670644 497.66897798 1362.85431558 
18 7629.55748618 579.209371197 1792.23314262 
19 7091.995287 632.780217116 2276.22449588 
20 6564.66187941 648.283415621 2788.05470497 
21 6079.6706221 624.858465601 3296.4709123 
22 5657.53663314 570.297342592 3773.16602427 
23 5305.98070438 496.880203962 4198.13909165 
24 5022.87538362 416.762755544 4561.36186083 
25 4800.440011 339.151504362 4861.40848464 
26 4628.72743401 269.570628772 5102.70193722 
27 4497.81273422 210.429689602 5292.75757618 
28 4398.87391276 162.02676621 5440.09932103 
29 4324.56113067 123.475586409 5552.96328292 
30 4268.9883673 93.3713190631 5638.64031364 
31 4227.55890239 70.1997834065 5703.24131421 
32 4196.74203632 52.5519571873 5751.70600649 
33 4173.85604911 39.2150530113 5787.92889788 
34 4156.87968354 29.1934620503 5814.92685441 
35 4144.29764148 21.6947128915 5835.00764563 
36 4134.97822226 16.1011103493 5849.92066739 
37 4128.07853546 11.938186333 5860.98327821 
38 4122.97202321 8.84525883917 5869.18271795 
39 4119.19357102 6.55017618951 5875.25625279 
40 4116.39829444 4.84870207656 5879.75300349 
41 4114.33063838 3.58816325535 5883.08119836 
42 4112.80135429 2.65476477345 5885.54388094 
43 4111.67034066 1.96386182237 5887.36579751 
44 4110.83392371 1.45259693168 5888.71347936 
45 4110.21539224 1.07433954858 5889.71026821 
46 4109.75800152 0.794529888675 5890.44746859 
47 4109.4197782 0.587568355691 5890.99265345 
48 4109.16967837 0.434501437845 5891.3958202 
49 4108.98474424 0.321301670402 5891.69395409 
50 4108.84799708 0.237588934985 5891.91441398 
51 4108.74688193 0.175684386626 5892.07743368 
52 4108.67211372 0.129907345413 5892.19797893 
53 4108.61682911 0.096057776708 5892.28711312 
54 4108.57595035 0.0710278311329 5892.35302181 
55 4108.54572385 0.0525198043225 5892.40175635 
56 4108.52337364 0.0388342922287 5892.43779207 
57 4108.50684758 0.0287149049009 5892.46443752 
58 4108.4946279 0.0212323692448 5892.48413973 
59 4108.48559245 0.015699615865 5892.49870793 
60 4108.47891149 0.0116085835669 5892.50947992 
61 4108.47397147 0.00858358883219 5892.51744494 
62 4108.47031869 0.00634682515981 5892.52333448 
63 4108.46761789 0.00469299968285 5892.52768911 
64 4108.46562092 0.00347015443124 5892.53090893 
65 4108.46414422 0.00256589891328 5892.53328988 
66 4108.46305231 0.00189727298207 5892.53505041 
67 4108.46224494 0.00140288045934 5892.53635217 
68 4108.46164799 0.0010373361776 5892.53731467 
69 4108.46120655 0.000767019086892 5892.53802643 
70 4108.46088012 0.000567128640355 5892.53855275 
