Time S I R
0.0  10000 1 0
1 9998.50925527 1.68255550111 0.808189226369 
2 9996.00177535 2.83036366309 2.16786099087 
3 9991.78594426 4.75940684643 4.45464888869 
4 9984.70303345 7.99817001227 8.29879653896 
5 9972.81779402 13.4267355719 14.7554704052 
6 9952.91513019 22.4999961023 25.5848737109 
7 9919.70110436 37.5933469184 43.7055487218 
8 9864.58912471 62.5034301216 73.9074451665 
9 9774.00314557 103.078898465 123.91795596 
10 9627.39367535 167.757998175 205.848326478 
11 9395.91930831 267.301721787 337.778969902 
12 9044.26769611 412.174018399 544.558285494 
13 8539.74102107 605.534665129 855.7243138 
14 7871.12372772 832.181439886 1297.6948324 
15 7069.84370468 1051.45169891 1879.7045964 
16 6212.78874656 1207.96014371 2580.25110972 
17 5393.86843703 1260.64155276 3346.49001021 
18 4684.22456729 1205.59010691 4111.18532581 
19 4113.32347423 1071.93239566 4815.74413011 
20 3676.60507256 900.190473762 5424.20445367 
21 3352.71079481 724.15898348 5924.13022171 
22 3116.65606034 564.436249518 6319.90769014 
23 2946.1822234 429.977769118 6624.84000749 
24 2823.60554413 322.187177559 6855.20727831 
25 2735.62976983 238.572864631 7026.79736554 
26 2672.5237334 175.161833403 7153.3144332 
27 2627.25710417 127.822653232 7245.92024259 
28 2594.77974838 92.8699197915 7313.35033182 
29 2571.47186965 67.2633023919 7362.26482796 
30 2554.74024636 48.6073674466 7397.6523862 
31 2542.72676993 35.0689760049 7423.20425406 
32 2534.09946032 25.2719848547 7441.62855482 
33 2527.90304343 18.1967193067 7454.90023726 
34 2523.45212335 13.0944259021 7464.45345075 
35 2520.25476674 9.41873670535 7471.32649656 
36 2517.95778421 6.77273964391 7476.26947614 
37 2516.3075641 4.86899763916 7479.82343826 
38 2515.12196687 3.49981849347 7482.37821464 
39 2514.27015695 2.51536777929 7484.21447527 
40 2513.65815331 1.80768074789 7485.53416594 
41 2513.21843943 1.29902150671 7486.48253906 
42 2512.90250963 0.933452730625 7487.16403764 
43 2512.67551639 0.67074130791 7487.65374231 
44 2512.51242286 0.481957119118 7488.00562002 
45 2512.39524033 0.34630176779 7488.2584579 
46 2512.31104476 0.248826199582 7488.44012904 
47 2512.25055026 0.178786257166 7488.57066349 
48 2512.20708481 0.128460453899 7488.66445473 
49 2512.1758548 0.0923002546569 7488.73184495 
50 2512.15341599 0.0663185872815 7488.78026542 
51 2512.13729363 0.0476503951587 7488.81505598 
52 2512.12570966 0.0342371046718 7488.84005323 
53 2512.11738656 0.0245995562682 7488.85801389 
54 2512.11140637 0.0176749026023 7488.87091873 
55 2512.10710959 0.0126994946773 7488.88019092 
56 2512.10402234 0.00912464135457 7488.88685302 
57 2512.10180412 0.00655607135998 7488.89163981 
58 2512.1002104 0.00471063543143 7488.89507896 
59 2512.09906528 0.00338464587796 7488.89755008 
60 2512.09824248 0.00243189040897 7488.89932563 
61 2512.0976513 0.00174733249787 7488.90060137 
62 2512.09722656 0.00125550675183 7488.90151793 
63 2512.09692134 0.000902079478356 7488.90217658 
64 2512.09670203 0.000648125290375 7488.90264985 
65 2512.09654446 0.000465675877793 7488.90298986 
66 2512.09643125 0.000334581998921 7488.90323417 
67 2512.09634991 0.00024038909725 7488.9034097 
68 2512.09629147 0.000172724960694 7488.9035358 
69 2512.09624949 0.000124105779394 7488.90362641 
70 2512.09621925 8.90964202654e-05 7488.90369165 
