Time S I R
0.0  10000 1 0
1 9999.64476566 1.14070624346 0.214528098234 
2 9999.23956396 1.30119495968 0.459241082889 
3 9998.77737903 1.48424098455 0.73837998475 
4 9998.25020498 1.69300987203 1.0567851482 
5 9997.64891985 1.93110737158 1.41997278041 
6 9996.96312295 2.20264325531 1.83423379355 
7 9996.18096588 2.51229751213 2.30673660415 
8 9995.28893563 2.865405185 2.8456591872 
9 9994.2716419 3.26803934444 3.46031875335 
10 9993.11155009 3.72711512498 4.16133478804 
11 9991.78868674 4.25050413508 4.96080912389 
12 9990.28030035 4.84716579364 5.87253385181 
13 9988.56050094 5.52728665271 6.91221241213 
14 9986.59982262 6.30244843934 8.09772894175 
15 9984.36471993 7.18582104607 9.44945902071 
16 9981.81704722 8.1923605006 10.9905922753 
17 9978.91343465 9.33904574889 12.7475196029 
18 9975.6046013 10.6451359581 14.7502627427 
19 9971.83458249 12.1324593942 17.0329581137 
20 9967.5398469 13.8257388855 19.6344142153 
21 9962.64833904 15.752940984 22.5987199724 
22 9957.07840316 17.9456641087 25.9759327352 
23 9950.73758157 20.4395616625 29.8228567669 
24 9943.52131485 23.2747966943 34.2038884509 
25 9935.31148063 26.496531402 39.1919879719 
26 9925.97483662 30.1554407069 44.869722669 
27 9915.3613262 34.30824826 51.3304255439 
28 9903.30226342 39.0182663405 58.67947024 
29 9889.60841885 44.355937676 67.0356434775 
30 9874.06803034 50.3993391838 76.5326304785 
31 9856.4447872 57.2346236321 87.3205891724 
32 9836.47579739 64.9563869181 99.5678156912 
33 9813.86970079 73.6678455637 113.462453649 
34 9788.30493775 83.4808340405 129.214228213 
35 9759.42830447 94.5155261996 147.056169326 
36 9726.85411578 106.899696916 167.246187304 
37 9690.16388905 120.767588932 190.068522019 
38 9648.90701598 136.258107475 215.83487655 
39 9602.6027471 153.512202459 244.885050441 
40 9550.74338664 172.669500385 277.587112979 
41 9492.79964759 193.863720297 314.336632111 
42 9428.22804805 217.217026696 355.554925252 
43 9356.48061483 242.833186612 401.686198561 
44 9277.01781867 270.789313957 453.192867374 
45 9189.32389966 301.126679954 510.54942039 
46 9092.9254134 333.840355407 574.234231195 
47 8987.41235604 368.868581195 644.71906277 
48 8872.46124451 406.081997026 722.45675846 
49 8747.85983931 445.273652151 807.866508542 
50 8613.53095874 486.151457908 901.317583353 
51 8469.55597016 528.332507237 1003.1115226 
52 8316.19358285 571.342623693 1113.46379346 
53 8153.89342403 614.620550693 1232.48602528 
54 7983.30371925 657.527477396 1360.16880335 
55 7805.26723526 699.364280588 1496.36848415 
56 7620.8103851 739.39292897 1640.79668593 
57 7431.120568 776.864463485 1793.01496852 
58 7237.51451855 811.049012768 1952.43646868 
59 7041.39998388 841.267982836 2118.33203328 
60 6844.2307653 866.924968905 2289.8442658 
61 6647.46244006 887.53116985 2466.00639009 
62 6452.50547509 902.728147243 2645.76637767 
63 6260.68614801 912.299409771 2828.01444222 
64 6073.2120307 916.17616677 3011.61180253 
65 5891.14466826 914.434155405 3195.42117634 
66 5715.38440859 907.28218658 3378.33340483 
67 5546.66026782 895.04618065 3559.29355152 
68 5385.53076845 878.146959014 3737.32227254 
69 5232.38987466 857.078249283 3911.53187606 
70 5087.47918447 832.381481743 4081.13933379 
