Time S I R
0.0  10000 1 0
1 9995.68860907 4.32583693533 0.985553993248 
2 9977.07696838 18.6781015517 5.24493006937 
3 9897.43023353 80.0070302938 23.5627361732 
4 9568.87978655 331.403243428 100.716970018 
5 8393.9711756 1206.91409548 400.114728921 
6 5663.75329307 3037.97982513 1299.26688181 
7 2749.19422955 4300.67235371 2951.13341674 
8 1229.20610722 3981.02858075 4790.76531203 
9 629.055711811 3050.13650213 6321.80778606 
10 384.353274214 2168.89825957 7447.74846621 
11 272.373893914 1493.80675595 8234.81935014 
12 215.268175639 1013.17132153 8772.56050283 
13 183.638224559 681.609863926 9135.75191152 
14 165.060183924 456.429924281 9379.5098918 
15 153.697872927 304.793330775 9542.5087963 
16 146.555420413 203.183535614 9651.26104397 
17 141.981897551 135.29971211 9723.71839034 
18 139.016834982 90.0325070776 9771.95065794 
19 137.07863873 59.8828775755 9804.03848369 
20 135.804679714 39.8176339733 9825.37768631 
21 134.964237994 26.470509654 9839.56525235 
22 134.408435096 17.5951275365 9848.99643737 
23 134.040272301 11.6945892503 9855.26513845 
24 133.796138311 7.7723548796 9859.43150681 
25 133.63413327 5.16539744715 9862.20046928 
26 133.526576899 3.43276353618 9864.04065956 
27 133.455146751 2.28127026964 9865.26358298 
28 133.407698685 1.51601940049 9866.07628191 
29 133.376176501 1.0074641382 9866.61635936 
30 133.355232743 0.669502664493 9866.97526459 
31 133.341316569 0.44491147003 9867.21377196 
32 133.332069524 0.29566093201 9867.37226954 
33 133.325924863 0.196477870059 9867.47759727 
34 133.321841653 0.130566710572 9867.54759164 
35 133.319128288 0.0867663964288 9867.59410532 
36 133.317325186 0.0576594149185 9867.6250154 
37 133.316126973 0.0383167638067 9867.64555626 
38 133.315330724 0.0254628791475 9867.6592064 
39 133.31480159 0.0169209961546 9867.66827741 
40 133.314449963 0.0112446101804 9867.67430543 
41 133.314216294 0.00747244822227 9867.67831126 
42 133.314061013 0.00496570887868 9867.68097328 
43 133.313957822 0.00329986795973 9867.68274231 
44 133.313889255 0.00219296093417 9867.68391778 
45 133.313843685 0.00145731933989 9867.684699 
46 133.313813399 0.000968405928438 9867.68521819 
47 133.313793277 0.00064355991167 9867.68556316 
48 133.313779901 0.000427639728787 9867.68579246 
49 133.31377101 0.000284103514088 9867.68594489 
50 133.313765107 0.000188809894326 9867.68604608 
51 133.313761184 0.000125481038864 9867.68611333 
52 133.31375858 8.34380170824e-05 9867.68615798 
53 133.313756851 5.55389037505e-05 9867.68618761 
54 133.313755698 3.69141990703e-05 9867.68620739 
55 133.31375492 2.43523686808e-05 9867.68622073 
56 133.313754416 1.62243816493e-05 9867.68622936 
57 133.313754069 1.06264527153e-05 9867.6862353 
58 133.313753849 7.06166524366e-06 9867.68623909 
59 133.313753707 4.7794507067e-06 9867.68624151 
60 133.313753612 3.24854800387e-06 9867.68624314 
61 133.313753548 2.20661191242e-06 9867.68624425 
62 133.313753504 1.49212058939e-06 9867.686245 
63 133.313753473 1.00369213746e-06 9867.68624552 
64 133.313753453 6.72758009813e-07 9867.68624587 
65 133.313753439 4.53671794558e-07 9867.68624611 
66 133.31375343 3.06639166935e-07 9867.68624626 
67 133.313753424 2.06717768397e-07 9867.68624637 
68 133.31375342 1.39430946619e-07 9867.68624644 
69 133.313753417 9.41895439297e-08 9867.68624649 
70 133.313753415 6.34913889173e-08 9867.68624652 
