Time S I R
0.0  10000 1 0
1 9995.12810078 5.05477860904 0.817120614319 
2 9970.56720585 25.4902165705 4.94257758114 
3 9848.3525052 127.024407707 25.6230870983 
4 9277.46870446 597.777138342 125.7541572 
5 7230.62115827 2226.65855108 543.720290644 
6 3663.14896425 4653.90113953 1683.94989622 
7 1342.23324702 5291.32588287 3367.44087011 
8 511.682711536 4504.79216885 4984.52511961 
9 235.396341525 3479.15266516 6286.45099331 
10 130.694872235 2597.2223186 7273.08280916 
11 84.5112220007 1912.35845498 8004.13032302 
12 61.3726734162 1399.05810266 8540.56922392 
13 48.585568647 1020.08545629 8932.32897506 
14 40.9824517416 742.332515471 9217.68503279 
15 36.2114461676 539.57073309 9425.21782074 
16 33.0969853879 391.896125991 9576.00688862 
17 31.0048662373 284.496463149 9685.49867061 
18 29.569725357 206.459722328 9764.97055231 
19 28.5701174046 149.793225585 9822.63665701 
20 27.8661400453 108.662038088 9864.47182187 
21 27.366364625 78.8156908268 9894.81794455 
22 27.0094917933 57.1625442255 9916.82796398 
23 26.7535864715 41.4557399864 9932.79067354 
24 26.5695210474 30.0635020042 9944.36697695 
25 26.4368325774 21.8012430852 9952.76192434 
26 26.3410260568 15.8093223934 9958.84965155 
27 26.2717691472 11.4640573461 9963.26417351 
28 26.2216620561 8.31301358747 9966.46532436 
29 26.1853874716 6.02802365833 9968.78658887 
30 26.1591151308 4.37108075404 9970.46980412 
31 26.1400808855 3.16957332905 9971.69034579 
32 26.1262873907 2.29832464105 9972.57538797 
33 26.1162900033 1.66656012676 9973.21714987 
34 26.1090431003 1.20845325459 9973.68250365 
35 26.1037894954 0.876270284035 9974.01994022 
36 26.0999806808 0.635398248188 9974.26462107 
37 26.097219193 0.46073754788 9974.44204326 
38 26.0952169777 0.334088150744 9974.57069487 
39 26.0937652353 0.24225253967 9974.66398223 
40 26.0927126025 0.175660916968 9974.73162648 
41 26.0919493516 0.127374453393 9974.78067619 
42 26.0913959199 0.092361135542 9974.81624294 
43 26.0909946256 0.0669724495078 9974.84203292 
44 26.0907036451 0.0485627369579 9974.86073362 
45 26.0904926528 0.0352135711655 9974.87429378 
46 26.0903396599 0.0255338802391 9974.88412646 
47 26.0902287233 0.0185150008523 9974.89125628 
48 26.0901482818 0.0134255065802 9974.89642621 
49 26.0900899525 0.00973503462343 9974.90017501 
50 26.0900476572 0.00705901754376 9974.90289333 
51 26.0900169876 0.00511856167398 9974.90486445 
52 26.0899947503 0.00371160641511 9974.90629364 
53 26.0899786257 0.00269140211015 9974.90732997 
54 26.0899669325 0.00195157191797 9974.9080815 
55 26.0899584537 0.00141511814416 9974.90862643 
56 26.0899523055 0.00102612546031 9974.90902157 
57 26.0899478477 0.000744076049827 9974.90930808 
58 26.0899446148 0.000539531789303 9974.90951585 
59 26.0899422706 0.000391213179783 9974.90966652 
60 26.0899405709 0.000283672701722 9974.90977576 
61 26.0899393383 0.000205688967731 9974.90985497 
62 26.0899384446 0.000149143538577 9974.90991241 
63 26.0899377967 0.000108150472971 9974.90995405 
64 26.0899373268 7.84184922997e-05 9974.90998425 
65 26.0899369853 5.68150362287e-05 9974.9100062 
66 26.0899367383 4.11863600836e-05 9974.91002208 
67 26.0899365597 2.9882372494e-05 9974.91003356 
68 26.0899364294 2.16424023229e-05 9974.91004193 
69 26.089936336 1.57323441961e-05 9974.91004793 
70 26.0899362678 1.14158205412e-05 9974.91005232 
