Time S I R
0.0  10000 1 0
1 9997.46527534 2.53558661715 0.999138044668 
2 9991.04321543 6.42506374103 3.53172083313 
3 9974.80169798 16.2543570578 9.94394496472 
4 9933.91490408 40.9525188584 26.1325770596 
5 9832.16478993 102.124875822 66.7103342523 
6 9586.03308672 248.336731048 166.630182232 
7 9029.17757789 569.321654717 402.500767396 
8 7937.8137562 1152.95380644 910.232437362 
9 6283.45208946 1886.16007492 1831.38783562 
10 4509.62195352 2352.63653753 3138.74150895 
11 3136.13419187 2294.55616783 4570.3096403 
12 2269.09246877 1886.14706151 5845.76046972 
13 1763.64085517 1398.39219824 6838.9669466 
14 1471.43882441 976.668918017 7552.89225758 
15 1299.48089072 658.817262829 8042.70184646 
16 1196.0334611 435.316933268 8369.64960563 
17 1132.63284653 284.051569568 8584.3155839 
18 1093.23740033 183.919065124 8723.84353454 
19 1068.52271895 118.510631031 8813.96665001 
20 1052.91795503 76.1319328614 8871.95011211 
21 1043.02329471 48.8135739684 8909.16313132 
22 1036.73194189 31.2596170738 8933.00844104 
23 1032.72454861 20.002707968 8948.27274342 
24 1030.16900964 12.7931815451 8958.03780882 
25 1028.53813027 8.17958091396 8964.28228881 
26 1027.49685344 5.22872570745 8968.27442085 
27 1026.83182179 3.3419861683 8970.82619204 
28 1026.40700404 2.13588398571 8972.45711197 
29 1026.13559974 1.36498505738 8973.4994152 
30 1025.96219322 0.87229540007 8974.16551138 
31 1025.85139412 0.55742948426 8974.5911764 
32 1025.78059607 0.356213436145 8974.86319049 
33 1025.73535684 0.227628590438 8975.03701456 
34 1025.70644906 0.145459087057 8975.14809185 
35 1025.68797688 0.092950840234 8975.21907228 
36 1025.67617304 0.0593970601319 8975.2644299 
37 1025.66863027 0.0379556073178 8975.29341412 
38 1025.66381036 0.0242541688274 8975.31193547 
39 1025.66073038 0.0154987457751 8975.32377087 
40 1025.65876224 0.00990391065605 8975.33133385 
41 1025.65750457 0.00632873296642 8975.3361667 
42 1025.6567009 0.00404414137991 8975.33925495 
43 1025.65618735 0.00258426427986 8975.34122838 
44 1025.65585922 0.00165146494201 8975.34248932 
45 1025.65564949 0.0010552872585 8975.34329522 
46 1025.65551549 0.000674344959628 8975.34381017 
47 1025.65542986 0.00043092391376 8975.34413922 
48 1025.6553751 0.000275259265521 8975.34434964 
49 1025.65534014 0.000175887145559 8975.34448397 
50 1025.65531781 0.000112393061739 8975.3445698 
51 1025.65530355 7.18642821968e-05 8975.34462459 
52 1025.65529445 4.60085810783e-05 8975.34465954 
53 1025.65528862 2.94284574719e-05 8975.34468195 
54 1025.6552848 1.85666869068e-05 8975.34469663 
55 1025.65528247 1.19380869795e-05 8975.34470559 
56 1025.65528091 7.50484162816e-06 8975.34471159 
57 1025.65527996 4.79633169765e-06 8975.34471525 
58 1025.65527937 3.13500016789e-06 8975.34471749 
59 1025.65527899 2.05919597146e-06 8975.34471895 
60 1025.65527874 1.34401150414e-06 8975.34471991 
61 1025.65527858 8.70606415422e-07 8975.34472055 
62 1025.65527847 5.63516893554e-07 8975.34472097 
63 1025.6552784 3.65575318062e-07 8975.34472124 
64 1025.65527835 2.37413498949e-07 8975.34472141 
65 1025.65527832 1.54088387459e-07 8975.34472152 
66 1025.6552783 1.00189081174e-07 8975.34472159 
67 1025.65527829 6.51452026979e-08 8975.34472164 
68 1025.65527828 4.23103004836e-08 8975.34472167 
69 1025.65527828 2.71206724065e-08 8975.34472169 
70 1025.65527827 7.31157693787e-09 8975.34472172 
