Time S I R
0.0  10000 1 0
1 9994.77215957 5.52271470665 0.705125725087 
2 9965.98883413 30.4171569026 4.59400896451 
3 9810.09847222 165.048227486 25.8533002906 
4 9035.2577149 828.942434694 136.799850407 
5 6364.97992911 3026.83123876 609.188832127 
6 2651.18912526 5559.65751561 1790.15335914 
7 833.314645119 5816.912299 3350.77305588 
8 286.433993772 4923.79438707 4790.77161915 
9 119.802611811 3915.04809084 5966.14929735 
10 60.3795586087 3050.53692118 6890.08352022 
11 35.4821905061 2358.58689613 7606.93091336 
12 23.5412853081 1817.31245687 8160.14625782 
13 17.1660099472 1397.82323095 8586.0107591 
14 13.4654925954 1074.12682452 8913.40768288 
15 11.1743621822 824.912290746 9164.91334707 
16 9.68345744931 633.287330064 9358.02921249 
17 8.67543116354 486.058271514 9506.26629732 
18 7.97355980088 372.995401641 9620.03103856 
19 7.47372624117 286.198673007 9707.32760075 
20 7.11155786131 219.581079983 9774.30736216 
21 6.84564199153 168.45948734 9825.69487067 
22 6.64840496822 129.234042314 9865.11755272 
23 6.5009549036 99.1387357225 9895.36030937 
24 6.39006555819 76.050013284 9918.55992116 
25 6.30628238422 58.3371867657 9936.35653085 
26 6.24276170581 44.7493583278 9950.00787997 
27 6.19446967577 34.325979291 9960.47955103 
28 6.15767957965 26.3302725028 9968.51204792 
29 6.12960745147 20.1969190914 9974.67347346 
30 6.10816124063 15.4921894461 9979.39964931 
31 6.09176166538 11.8833489051 9983.02488943 
32 6.07921216694 9.11514709685 9985.80564074 
33 6.06960354702 6.99177136078 9987.93862509 
34 6.06224355447 5.36302760309 9989.57472884 
35 6.05660414516 4.11369825479 9990.8296976 
36 6.05228200747 3.15540001571 9991.79231798 
37 6.0489688109 2.42033732773 9992.53069386 
38 6.04642866476 1.85650905771 9993.09706228 
39 6.04448098228 1.42402684097 9993.53149218 
40 6.0429874467 1.09229290195 9993.86471965 
41 6.04184208859 0.837837955216 9994.12031996 
42 6.04096369366 0.642659223466 9994.31637708 
43 6.0402900122 0.492948356265 9994.46676163 
44 6.0397733192 0.378113349523 9994.58211333 
45 6.03937702276 0.2900297845 9994.67059319 
46 6.03907306348 0.222465772935 9994.73846116 
47 6.03883992349 0.170641146028 9994.79051893 
48 6.03866110075 0.130889322612 9994.83044958 
49 6.03852393915 0.10039786169 9994.8610782 
50 6.03841873255 0.0770096251576 9994.88457164 
51 6.03833803554 0.0590697838295 9994.90259218 
52 6.03827613816 0.0453091432458 9994.91641472 
53 6.03822866054 0.0347541195079 9994.92701722 
54 6.03819224334 0.0266579445742 9994.93514981 
55 6.03816430991 0.0204478268052 9994.94138786 
56 6.0381428838 0.0156843860365 9994.94617273 
57 6.0381264491 0.0120306198133 9994.94984293 
58 6.03811384298 0.00922801903594 9994.95265814 
59 6.03810417354 0.00707829902702 9994.95481753 
60 6.03809675667 0.00542936858876 9994.95647387 
61 6.0380910676 0.00416456565898 9994.95774437 
62 6.03808670367 0.00319436942462 9994.95871893 
63 6.03808335672 0.00245026882065 9994.95946637 
64 6.03808078949 0.00187951622097 9994.96003969 
65 6.03807882015 0.00144168876173 9994.96047949 
66 6.03807730946 0.00110582896853 9994.96081686 
67 6.03807615076 0.000848224433164 9994.96107562 
68 6.03807526196 0.000650624326824 9994.96127411 
69 6.03807458022 0.000499058761783 9994.96142636 
70 6.03807405726 0.000382792415231 9994.96154315 
