Time S I R
0.0  10000 1 0
1 9999.22919988 1.13786645829 0.632933657252 
2 9998.35223092 1.29466310034 1.35310598121 
3 9997.35454349 1.4729666444 2.17248986516 
4 9996.21961584 1.67569788818 3.10468627406 
5 9994.92869865 1.90616477763 4.16513657531 
6 9993.46051023 2.1681133315 5.37137644233 
7 9991.79091662 2.46578045405 6.7433029255 
8 9989.89256057 2.80395444478 8.30348498405 
9 9987.73444706 3.18804159663 10.0775113457 
10 9985.28147762 3.6241394246 12.0943829519 
11 9982.49396004 4.11911302693 14.3869269353 
12 9979.32702753 4.68068184218 16.9922906251 
13 9975.72999549 5.3175140198 19.9524904917 
14 9971.64570654 6.03931735478 23.3149761051 
15 9967.00976439 6.85694346113 27.1332921523 
16 9961.74974158 7.78248507734 31.4677733402 
17 9955.78430096 8.82937969382 36.38631935 
18 9949.02226999 10.0125058369 41.9652241768 
19 9941.36168736 11.3482642294 48.2900484065 
20 9932.68879581 12.8546526083 55.4565515792 
21 9922.8770645 14.5512960164 63.5716394804 
22 9911.78618721 16.4594629851 72.7543498015 
23 9899.26119643 18.6020043729 83.136799196 
24 9885.13166675 21.0032393646 94.8650938888 
25 9869.21108232 23.688752824 108.100164858 
26 9851.29658177 26.6850486831 123.018369552 
27 9831.16887048 30.0191219853 139.812007534 
28 9808.59292606 33.7177748917 158.689299048 
29 9783.31900487 37.8068278075 179.874167327 
30 9755.08471544 42.3100213156 203.605263248 
31 9723.61792505 47.2477164199 230.134358527 
32 9688.64067372 52.635325773 259.724000511 
33 9649.87471633 58.4814619502 292.64382172 
34 9607.0478964 64.7858937644 329.166209835 
35 9559.90260853 71.5373035596 369.560087905 
36 9508.20506412 78.7110037145 414.083932162 
37 9451.75636613 86.2666526987 462.97698117 
38 9390.40406041 94.1464261472 516.449513444 
39 9324.05500042 102.273246548 574.671753028 
40 9252.68694362 110.550487902 637.762568481 
41 9176.36023008 118.862061527 705.777708389 
42 9095.22762861 127.073830285 778.698541103 
43 9009.54079608 135.036863781 856.422340138 
44 8919.65347661 142.591741422 938.754781964 
45 8826.02029427 149.574408145 1025.40529758 
46 8729.19054581 155.823181351 1115.98627284 
47 8629.79675752 161.186309614 1210.01693287 
48 8528.53898957 165.529694095 1306.93131634 
49 8426.16491792 168.744106404 1406.09097568 
50 8323.44732462 170.751047349 1506.80162803 
51 8221.1605717 171.506872594 1608.33255571 
52 8120.05702656 171.004886271 1709.93808717 
53 8020.84539894 169.274977404 1810.87962365 
54 7924.17254082 166.381047516 1910.44641167 
55 7830.60867988 162.416672672 2007.97464744 
56 7740.63735171 157.499196705 2102.86345158 
57 7654.65007115 151.763029913 2194.58689894 
58 7572.94510982 145.352825313 2282.70206487 
59 7495.73005931 138.416735295 2366.8532054 
60 7423.12760806 131.100455157 2446.77193679 
61 7355.18335938 123.542351228 2522.2742894 
62 7291.87516613 115.869604864 2593.25522901 
63 7233.1233349 108.195557947 2659.68110715 
64 7178.80084628 100.618217045 2721.58093667 
65 7128.74310924 93.2196529021 2779.03723786 
66 7082.75720697 86.0661818959 2832.17661113 
67 7040.63070345 79.2094425326 2881.15985401 
68 7002.13772297 72.687176097 2926.17510093 
69 6967.04598295 66.5250422847 2967.42897477 
70 6935.12197433 60.7382765717 3005.1397491 
