Time S I R
0.0  10000 1 0
1 9998.61900867 1.94890639113 0.432084941021 
2 9995.92839603 3.79750798214 1.27409598698 
3 9990.68869468 7.39682558667 2.91447973438 
4 9980.49434846 14.3971797167 6.1084718258 
5 9960.69577997 27.9833238916 12.3208961378 
6 9922.37841886 54.2422509946 24.3793301501 
7 9848.71754107 104.590754931 47.6917039979 
8 9708.92345763 199.659037863 92.4175045026 
9 9449.97219651 374.033280637 176.994522857 
10 8991.05040833 677.207428569 332.742163097 
11 8237.59960964 1156.84227429 606.558116068 
12 7141.29375506 1806.33893001 1053.36731493 
13 5790.85058694 2500.98335711 1709.16605595 
14 4417.82842323 3027.31338896 2555.85818781 
15 3250.46199548 3234.67269902 3515.8653055 
16 2381.1183543 3130.31576239 4489.56588331 
17 1781.37111838 2822.1858729 5397.44300872 
18 1380.22789037 2425.11022241 6195.66188721 
19 1112.52124895 2018.22648857 6870.25226247 
20 931.614960309 1643.91802468 7425.46701501 
21 807.102143078 1319.57417531 7874.32368161 
22 719.735322127 1048.50959781 8232.75508006 
23 657.328088961 827.153920031 8516.51799101 
24 612.052860596 649.159363602 8739.7877758 
25 578.777329388 507.544779325 8914.67789129 
26 554.060143404 395.716669525 9051.22318707 
27 535.54270178 307.885610922 9157.5716873 
28 521.575304203 239.174118039 9240.25057776 
29 510.98317576 185.577160743 9304.4396635 
30 502.916669573 143.861299434 9354.22203099 
31 496.753276951 111.446167812 9392.80055524 
32 492.031842092 86.2895366656 9422.67862124 
33 488.407748837 66.7845757483 9445.80767542 
34 485.621615516 51.6725387488 9463.70584573 
35 483.477094711 39.9705417633 9477.55236353 
36 481.824882538 30.9129649696 9488.26215249 
37 480.551034723 23.9045137758 9496.5444515 
38 479.568351504 18.4829741556 9502.94867434 
39 478.809949852 14.2898357592 9507.90021439 
40 478.224443567 11.0472549088 9511.72830152 
41 477.772299979 8.54003791119 9514.68766211 
42 477.423071988 6.60158812566 9516.97533989 
43 477.153292078 5.10298249806 9518.74372542 
44 476.944860862 3.94447906752 9520.11066007 
45 476.783812546 3.04893026626 9521.16725719 
46 476.659366564 2.3566731997 9521.98396024 
47 476.563198723 1.82157317988 9522.6152281 
48 476.488880084 1.40795987492 9523.10316004 
49 476.431444634 1.08825620684 9523.48029916 
50 476.387055835 0.84114312527 9523.77180104 
51 476.352749424 0.650140225369 9523.99711035 
52 476.326234883 0.502507887022 9524.17125723 
53 476.305742233 0.388398654493 9524.30585911 
54 476.28990366 0.300200754315 9524.40989559 
55 476.277662063 0.232030428303 9524.49030751 
56 476.268200561 0.179340322637 9524.55245912 
57 476.260887736 0.1386151236 9524.60049714 
58 476.255235606 0.107137849981 9524.63762654 
59 476.250867037 0.0828085534884 9524.66632441 
60 476.247490524 0.0640040035707 9524.68850547 
61 476.244880783 0.0494696692295 9524.70564955 
62 476.242863683 0.0382358443084 9524.71890047 
63 476.241304644 0.029553054456 9524.7291423 
64 476.240099642 0.0228419941548 9524.73705836 
65 476.239168281 0.0176549127714 9524.74317681 
66 476.23844842 0.0136457417169 9524.74790584 
67 476.237892029 0.0105469926813 9524.75156098 
68 476.237461984 0.00815191292845 9524.7543861 
69 476.237129597 0.00630071770177 9524.75656969 
70 476.236872702 0.00486997197419 9524.75825733 
