Time S I R
0.0  10000 1 0
1 9994.23289075 6.53478263805 0.232326611019 
2 9956.69035491 42.5616414015 1.7480036859 
3 9718.13503429 271.35031441 11.5146512981 
4 8406.15334673 1524.92393812 69.9227151533 
5 4508.40416703 5171.76300959 320.832823377 
6 1186.16227318 7956.27191392 858.565812897 
7 237.197569338 8257.001605 1506.80082566 
8 49.0598707868 7810.48327144 2141.45685778 
9 11.2373038256 7254.75017369 2735.01252249 
10 2.86759747403 6713.08094181 3285.05146071 
11 0.810522396056 6206.43691601 3793.7525616 
12 0.252772605907 5736.74888865 4263.99833874 
13 0.0857841600882 5302.27367819 4698.64053765 
14 0.0316369658794 4900.60780553 5100.36055751 
15 0.0126078869034 4529.34067487 5471.64671724 
16 0.00531684458474 4186.19105537 5814.80362779 
17 0.00234636357527 3869.03474635 6131.96290729 
18 0.000893355327207 3575.90413662 6425.09497003 
19 0.000307451933622 3304.97920382 6696.02048872 
20 0.000436634105426 3054.58223807 6946.41732529 
21 0.000376331101506 2823.15651698 7177.84310669 
22 0.000172745700183 2609.26457733 7391.73524993 
23 7.91852198745e-05 2411.57763658 7589.42228424 
24 0.000182317557119 2228.86807144 7772.13174624 
25 0.000205988202651 2060.00197847 7940.99781554 
26 0.000163705430168 1903.93091512 8097.06892118 
27 8.36281305965e-05 1759.68298246 8241.31693391 
28 3.84352624678e-05 1626.36367956 8374.63628201 
29 5.47937961528e-05 1503.14501287 8497.85493234 
30 6.0616137489e-05 1389.26181508 8611.7381243 
31 4.83094263473e-05 1284.00689692 8716.99305477 
32 3.30484726874e-05 1186.72633939 8814.27362757 
33 2.33989012486e-05 1096.81609751 8904.1838791 
34 2.83910267171e-05 1013.71780555 8987.28216606 
35 3.75324161723e-05 936.915364372 9064.0845981 
36 3.67710072169e-05 865.93139016 9135.06857307 
37 3.75288382202e-05 800.325117424 9200.67484505 
38 3.28962869389e-05 739.689726448 9261.31024066 
39 2.95411136904e-05 683.648262914 9317.35170754 
40 2.66384504357e-05 631.852790473 9369.14718289 
41 2.49294716923e-05 583.981569094 9417.01840598 
42 2.3570146368e-05 539.737202304 9461.26277413 
43 2.05000305868e-05 498.844911347 9502.15506815 
44 1.74306478584e-05 461.050716952 9539.94926562 
45 1.59638402693e-05 426.119991797 9574.87999224 
46 1.51351396198e-05 393.835731027 9607.16425384 
47 1.42497356137e-05 363.997435663 9637.00255009 
48 1.33438861667e-05 336.419767829 9664.58021883 
49 1.24929538288e-05 310.931478355 9690.06850915 
50 1.1641306628e-05 287.374227623 9713.62576074 
51 1.08173262561e-05 265.601700868 9735.39828831 
52 1.0247935279e-05 245.478812755 9755.521177 
53 9.88862848317e-06 226.880512537 9774.11947757 
54 9.61794285104e-06 209.69126349 9791.30872689 
55 9.26634311327e-06 193.804369707 9807.19562103 
56 8.89091461431e-06 179.121091843 9821.87889927 
57 8.54072095535e-06 165.550250148 9835.44974131 
58 8.27491021482e-06 153.007617543 9847.99237418 
59 8.05014315119e-06 141.415227972 9859.58476398 
60 7.85002521297e-06 130.701117033 9870.29887512 
61 7.66081211623e-06 120.79877463 9880.20121771 
62 7.48998900235e-06 111.646647579 9889.35334493 
63 7.33460001356e-06 103.187921543 9897.81207112 
64 7.19213676348e-06 95.3700620742 9905.62993073 
65 7.06139508111e-06 88.1444900175 9912.85550292 
66 6.9441011874e-06 81.4663651403 9919.53362792 
67 6.83929283696e-06 75.2942005307 9925.70579263 
68 6.74449802318e-06 69.5896485012 9931.41034475 
69 6.65714651404e-06 64.3173065597 9936.68268678 
70 6.57679083815e-06 59.4444114409 9941.55558198 
