Time S I R
0.0  10000 1 0
1 9999.62758084 1.2938914945 0.0785276683335 
2 9999.14573715 1.67413010521 0.180132744482 
3 9998.52233119 2.16607287142 0.311595941469 
4 9997.71580518 2.80250735896 0.481687465633 
5 9996.67242076 3.62582786844 0.701751372182 
6 9995.32269613 4.69084321069 0.986460659171 
7 9993.57682984 6.06838152828 1.35478863075 
8 9991.31878815 7.84994539326 1.83126645368 
9 9988.39871802 10.1536809271 2.44760105653 
10 9984.62315104 13.1320777425 3.24477121729 
11 9979.7425519 16.9817442937 4.27570381061 
12 9973.43531714 21.9559500969 5.60873276311 
13 9965.28746352 28.3805129285 7.33202355302 
14 9954.76691207 36.6738567431 9.55923119048 
15 9941.19115203 47.3721383595 12.4367096132 
16 9923.68696797 61.1603812301 16.1526507965 
17 9901.14088329 78.910515344 20.948601362 
18 9872.13921345 101.726932418 27.13385413 
19 9834.89725876 130.999501955 35.1032392886 
20 9787.17848604 168.462737908 45.3587760497 
21 9726.2070397 216.257424451 58.5355358536 
22 9648.58105616 276.987329662 75.4316141739 
23 9550.2006245 353.757881712 97.0414937896 
24 9426.23346692 450.175668146 124.590864935 
25 9271.15247525 570.27823732 159.569287434 
26 9078.89583937 718.350082723 203.754077903 
27 8843.19880651 898.584179616 259.217013874 
28 8558.15880232 1114.54078688 328.300410795 
29 8219.05240073 1368.39858249 413.549016777 
30 7823.3665338 1660.04921131 517.584254894 
31 7371.89948321 1986.18567261 642.914844179 
32 6869.67197897 2339.6366535 791.691367534 
33 6326.31424155 2709.25349077 965.432267682 
34 5755.64166813 3080.58980611 1164.76852576 
35 5174.33825731 3437.39773531 1389.26400738 
36 4599.97037982 3763.66985102 1637.35976916 
37 4048.81714269 4045.71905469 1906.46380262 
38 3534.07518376 4273.75551905 2193.16929719 
39 3064.8267419 4442.62001321 2493.55324489 
40 2645.8624192 4551.64266193 2803.49491887 
41 2278.19341658 4603.84604911 3118.96053431 
42 1959.94809562 4604.83196829 3436.2199361 
43 1687.35564011 4561.65992047 3751.98443942 
44 1455.62474101 4481.90139276 4063.47386623 
45 1259.6176891 4372.95580225 4368.42650864 
46 1094.30732225 4241.62140159 4665.07127616 
47 955.048843706 4093.87329264 4952.07786365 
48 837.707809074 3934.7963073 5228.49588362 
49 738.703446703 3768.60116606 5493.69538724 
50 654.989122654 3598.70261651 5747.30826084 
51 584.005495502 3427.81774289 5989.1767616 
52 523.620893049 3258.06989529 6219.30921166 
53 472.069562517 3091.08789146 6437.84254602 
54 427.893536207 2928.09510468 6645.01135911 
55 389.890940037 2769.98637388 6841.12268608 
56 357.07029021 2617.39370768 7026.53600211 
57 328.614175876 2470.7392114 7201.64661272 
58 303.846790504 2330.28018731 7366.87302219 
59 282.208397827 2196.14474266 7522.64685951 
60 263.234145524 2068.36094344 7669.40491103 
61 246.53674079 1946.88012386 7807.58313535 
62 231.792601148 1831.59531456 7937.61208429 
63 218.730436356 1722.35619951 8059.91336413 
64 207.121917186 1618.98101572 8174.8970671 
65 196.774287002 1521.26573936 8282.95997364 
66 187.524243629 1428.99147511 8384.48428126 
67 179.232896968 1341.93033787 8479.83676516 
68 171.7817162 1259.84995343 8569.36833037 
69 165.069134951 1182.51705897 8653.41380607 
70 159.008077834 1109.69982186 8732.29210031 
