Time S I R
0.0  10000 1 0
1 9999.5372132 0.980348032952 0.48243876345 
2 9999.08354983 0.961061788925 0.955388379251 
3 9998.63883393 0.942135109806 1.41903095648 
4 9998.20289984 0.92356215858 1.87353799976 
5 9997.77558218 0.905337079879 2.31908074486 
6 9997.35671884 0.887454096296 2.75582706333 
7 9996.94615017 0.869907488786 3.18394234159 
8 9996.54371929 0.852691606962 3.60358909847 
9 9996.14927204 0.835800869312 4.01492709096 
10 9995.76265712 0.819229766622 4.41811311121 
11 9995.38372536 0.80297284734 4.81330179019 
12 9995.01233039 0.787024732265 5.20064488054 
13 9994.64832832 0.771380111242 5.58029156835 
14 9994.29157783 0.756033742326 5.9523884243 
15 9993.94194002 0.74098045259 6.31707953211 
16 9993.59927838 0.72621513747 6.67450648127 
17 9993.26345871 0.711732760862 7.02480853184 
18 9992.93434934 0.697528355498 7.3681223058 
19 9992.61182101 0.683597022997 7.70458196378 
20 9992.29574682 0.669933934032 8.03431924992 
21 9991.98600214 0.656534328499 8.35746352999 
22 9991.68246463 0.64339351485 8.67414185913 
23 9991.38501382 0.63050686182 8.98447932055 
24 9991.0935315 0.617869809132 9.28859868857 
25 9990.80790162 0.605477866372 9.58662051304 
26 9990.52801017 0.593326611339 9.87866322189 
27 9990.25374515 0.581411690065 10.1648431648 
28 9989.98499653 0.569728816826 10.445274657 
29 9989.72165658 0.558273762344 10.7200696539 
30 9989.46361976 0.547042356652 10.9893378838 
31 9989.21078217 0.536030502916 11.2531873228 
32 9988.96304185 0.525234169129 11.5117239778 
33 9988.72029869 0.514649387824 11.7650519218 
34 9988.48245442 0.504272255786 12.0132733273 
35 9988.2494126 0.494098931245 12.2564884649 
36 9988.02107876 0.484125625184 12.4947956166 
37 9987.79736007 0.474348615532 12.728291318 
38 9987.57816543 0.464764242107 12.9570703242 
39 9987.36340547 0.45536890529 13.1812256288 
40 9987.15299244 0.446159065557 13.4008484956 
41 9986.94684027 0.437131242816 13.6160284877 
42 9986.74486458 0.428282009844 13.8268534109 
43 9986.54698258 0.419607997412 14.0334094259 
44 9986.353113 0.411105895224 14.2357811007 
45 9986.16317614 0.402772449354 14.4340514118 
46 9985.97709376 0.394604461658 14.628301774 
47 9985.79478914 0.38659878919 14.8186120705 
48 9985.61618703 0.378752341819 15.0050606331 
49 9985.44121369 0.3710620802 15.1877242323 
50 9985.26979674 0.363525019882 15.366678237 
51 9985.10186519 0.356138228547 15.5419965844 
52 9984.93734937 0.348898825288 15.7137518059 
53 9984.77618096 0.341803979951 15.8820150554 
54 9984.61829297 0.334850912198 16.0468561143 
55 9984.46361986 0.328036888767 16.2083432505 
56 9984.31209726 0.321359226087 16.3665435117 
57 9984.16366202 0.314815288903 16.5215226946 
58 9984.01825217 0.308402489196 16.6733453389 
59 9983.87580696 0.302118285509 16.822074754 
60 9983.73626677 0.295960182282 16.9677730457 
61 9983.59957313 0.289925729176 17.1105011431 
62 9983.46566865 0.284012520406 17.2503188254 
63 9983.3344971 0.278218193869 17.3872847028 
64 9983.20600375 0.272540428599 17.5214558181 
65 9983.08013475 0.266976946859 17.6528883002 
66 9982.9568372 0.261525512997 17.7816372849 
67 9982.83605922 0.256183932352 17.9077568437 
68 9982.71774994 0.250950050561 18.0313000076 
69 9982.60185946 0.245821752882 18.1523187903 
70 9982.48833882 0.240796963508 18.2708642128 
