Time S I R
0.0  10000 1 0
1 9997.74000712 1.89613545427 1.36385742095 
2 9993.45725209 3.59349339162 3.94925451783 
3 9985.34966161 6.80368896259 8.84664942972 
4 9970.03130837 12.8581173931 18.1105742367 
5 9941.19542365 24.2165359303 35.5880404215 
6 9887.28756142 45.3143693689 68.3980692124 
7 9787.79593477 83.7797557157 129.424309514 
8 9608.44271661 151.537395014 241.01988838 
9 9298.32833998 263.687751902 438.983908113 
10 8798.44205498 430.129939573 772.428005445 
11 8075.38939809 635.737185252 1289.87341666 
12 7173.04807894 823.094241422 2004.85767963 
13 6223.62374704 915.804315809 2861.57193715 
14 5375.31561579 879.90548253 3745.77890168 
15 4709.55018053 747.814054731 4543.63576474 
16 4230.71597556 579.66468271 5190.61934173 
17 3903.74259588 421.28090606 5675.97649806 
18 3686.75232315 293.181425029 6021.06625182 
19 3544.91610436 198.290852081 6257.79304355 
20 3452.94448993 131.643057273 6416.4124528 
21 3393.56360343 86.3517790686 6521.0846175 
22 3355.31626798 56.2053092773 6589.47842274 
23 3330.71477387 36.401220471 6633.88400566 
24 3314.90336107 23.4996224292 6662.5970165 
25 3304.74630007 15.1394608976 6681.11423903 
26 3298.22349459 9.74057730022 6693.03592811 
27 3294.03537676 6.26166207913 6700.70296116 
28 3291.3466154 4.02306741484 6705.63031718 
29 3289.62056906 2.58388277184 6708.79554817 
30 3288.51258897 1.6591687907 6710.82824224 
31 3287.80137841 1.06523539977 6712.13338619 
32 3287.34486253 0.683849238857 6712.97128823 
33 3287.05183516 0.438984622424 6713.50918022 
34 3286.8637489 0.281787451651 6713.85446364 
35 3286.74302211 0.180876998526 6714.07610089 
36 3286.66553151 0.116101572493 6714.21836691 
37 3286.61579295 0.0745226715118 6714.30968438 
38 3286.5838675 0.0478339039241 6714.36829859 
39 3286.56337573 0.0307030607348 6714.40592121 
40 3286.5502228 0.019707267097 6714.43006993 
41 3286.5417804 0.0126494097738 6714.44557019 
42 3286.5363615 0.00811917208126 6714.45551933 
43 3286.53288345 0.00521149335925 6714.46190506 
44 3286.53065095 0.00334510170301 6714.46600395 
45 3286.52921796 0.00214711218223 6714.46863493 
46 3286.52829824 0.00137821196814 6714.47032355 
47 3286.52770779 0.00088459445709 6714.47140761 
48 3286.52732883 0.000567773685041 6714.4721034 
49 3286.52708559 0.000364426522071 6714.47254998 
50 3286.52692947 0.000233903099701 6714.47283663 
51 3286.52682928 0.000150147903106 6714.47302057 
52 3286.52676485 9.6280784893e-05 6714.47313887 
53 3286.52672359 6.17887923326e-05 6714.47321462 
54 3286.52669719 3.97140654506e-05 6714.4732631 
55 3286.52668019 2.55040521758e-05 6714.47329431 
56 3286.5266693 1.64042169438e-05 6714.47331429 
57 3286.52666235 1.05859710535e-05 6714.47332707 
58 3286.52665781 6.7922789375e-06 6714.4733354 
59 3286.52665477 4.25029761899e-06 6714.47334098 
60 3286.52665296 2.74179636141e-06 6714.4733443 
61 3286.52665174 1.72345298267e-06 6714.47334653 
62 3286.526651 1.10505845423e-06 6714.47334789 
63 3286.52665055 7.24353676836e-07 6714.47334873 
64 3286.52665025 4.77871848406e-07 6714.47334927 
65 3286.52665006 3.13725394996e-07 6714.47334963 
66 3286.52664993 2.04511708965e-07 6714.47334987 
67 3286.52664984 1.32935248909e-07 6714.47335003 
68 3286.52664979 8.6431440938e-08 6714.47335013 
69 3286.52664975 5.6244377874e-08 6714.47335019 
70 3286.52664973 3.67586926074e-08 6714.47335024 
