Time S I R
0.0  10000 1 0
1 9997.92320708 2.26047110773 0.816321812754 
2 9993.23128888 5.10751973036 2.66119139326 
3 9982.64318779 11.5291777863 6.82763442066 
4 9958.81009271 25.967700571 16.2222067167 
5 9905.46920568 58.200846904 37.3299474167 
6 9787.59744806 129.023119407 84.3794325357 
7 9534.28055396 279.279331138 187.440114904 
8 9020.85901983 575.143503528 404.997476642 
9 8092.3685528 1076.73495268 831.896494525 
10 6707.58826898 1723.87262569 1569.53910533 
11 5119.15618184 2250.14740414 2631.69641402 
12 3728.67569619 2394.98183806 3877.34246575 
13 2734.9004315 2170.53483703 5095.56473147 
14 2097.42197702 1764.97088251 6138.60714048 
15 1703.04328325 1340.70410568 6957.25261107 
16 1458.76064 976.464032459 7565.77532754 
17 1305.15716037 692.769279463 8003.07356017 
18 1206.89279061 483.393708182 8310.71350121 
19 1143.08023729 333.703668435 8524.21609428 
20 1101.15296723 228.761222073 8671.0858107 
21 1073.36655378 156.098558601 8771.53488762 
22 1054.83794812 106.18973659 8839.9723153 
23 1042.42925553 72.0900887329 8886.48065574 
24 1034.09425163 48.8732536724 8918.03249469 
25 1028.48408944 33.1028432724 8939.41306728 
26 1024.70269609 22.4072590568 8953.89004485 
27 1022.1514991 15.1610587233 8963.68744218 
28 1020.4291672 10.2552744101 8970.31555839 
29 1019.26590103 6.93556508663 8974.79853389 
30 1018.47999588 4.68986386692 8977.83014025 
31 1017.94893007 3.17103310271 8979.88003683 
32 1017.59001927 2.1439541908 8981.26602654 
33 1017.34743437 1.44948279515 8982.20308283 
34 1017.18346271 0.979938556164 8982.83659873 
35 1017.07262384 0.662485886298 8983.26489027 
36 1016.99769878 0.447867170168 8983.55443405 
37 1016.94704971 0.302773617771 8983.75017668 
38 1016.91281074 0.204684288796 8983.88250497 
39 1016.88966484 0.138372350334 8983.97196281 
40 1016.87401786 0.0935433218345 8984.03243882 
41 1016.86344025 0.0632376630321 8984.07332209 
42 1016.85628958 0.0427501945714 8984.10096023 
43 1016.85145559 0.0289001588871 8984.11964425 
44 1016.8481877 0.0195371860179 8984.13227511 
45 1016.84597855 0.0132075928129 8984.14081386 
46 1016.84448511 0.00892863895106 8984.14658625 
47 1016.84347551 0.00603596427333 8984.15048853 
48 1016.84279299 0.00408044730117 8984.15312656 
49 1016.8423316 0.00275846614515 8984.15490994 
50 1016.84201972 0.00186486497006 8984.15611542 
51 1016.84180885 0.00126070138444 8984.15693045 
52 1016.8416663 0.000852258984017 8984.15748144 
53 1016.84156993 0.000576142135262 8984.15785393 
54 1016.84150478 0.000389480622819 8984.15810574 
55 1016.84146071 0.000263205125363 8984.15827609 
56 1016.84143094 0.000177927884147 8984.15839113 
57 1016.84141081 0.000120248700609 8984.15846894 
58 1016.84139723 8.13423834711e-05 8984.15852142 
59 1016.84138806 5.50657625109e-05 8984.15855687 
60 1016.84138187 3.73124586113e-05 8984.15858082 
61 1016.84137764 2.51919758406e-05 8984.15859717 
62 1016.84137475 1.69232272549e-05 8984.15860833 
63 1016.84137283 1.14222309304e-05 8984.15861575 
64 1016.8413715 7.61302563238e-06 8984.15862089 
65 1016.84137064 5.1468994431e-06 8984.15862421 
66 1016.84137008 3.54258758757e-06 8984.15862638 
67 1016.8413697 2.4459889002e-06 8984.15862786 
68 1016.84136943 1.69132107774e-06 8984.15862887 
69 1016.84136925 1.16360728839e-06 8984.15862959 
70 1016.84136912 7.9485234133e-07 8984.15863008 
