Time S I R
0.0  10000 1 0
1 9998.60024191 2.09688898628 0.30286910302 
2 9995.66603479 4.39607686427 0.937888344502 
3 9989.51859598 9.21248622624 2.26891779431 
4 9976.6537252 19.2892316366 5.05704316294 
5 9949.79483744 40.3155480176 10.8896145471 
6 9893.99588546 83.9469169937 23.0571975446 
7 9779.25366085 173.451183949 48.2951552028 
8 9548.18080707 352.787440541 100.031752388 
9 9101.76027299 695.609925928 203.629801085 
10 8304.26209959 1294.71092196 402.026978453 
11 7058.84591897 2188.57467143 753.579409604 
12 5464.57522067 3228.98041367 1307.44436565 
13 3857.47049281 4082.56473107 2060.96477612 
14 2562.55995115 4492.56603836 2945.87401049 
15 1673.73206493 4459.82281636 3867.44511871 
16 1113.18415056 4137.99663097 4749.81921846 
17 768.883928267 3681.68114583 5550.43492591 
18 555.667319124 3192.22989356 6253.10278732 
19 420.29368892 2723.49733994 6857.20897114 
20 331.631535389 2299.54639445 7369.82207016 
21 271.698117662 1928.21025895 7801.09162339 
22 229.971449034 1609.19200361 8161.83654736 
23 200.145244072 1338.47329252 8462.38146341 
24 178.331262069 1110.61207896 8712.05665898 
25 162.061341406 919.899325828 8919.03933277 
26 149.723289421 760.914111111 9090.36259947 
27 140.235430396 628.761740133 9232.00282947 
28 132.853633582 519.149606371 9348.99676005 
29 127.054194191 428.38084477 9445.56496104 
30 122.460989834 353.309522961 9525.22948721 
31 118.798648986 291.280925502 9590.92042551 
32 115.862263791 240.067805723 9645.06993049 
33 113.497089827 197.809651162 9689.69325901 
34 111.584753207 162.957221417 9726.45802538 
35 110.033685904 134.2236208 9756.7426933 
36 108.772407856 110.541855231 9781.68573691 
37 107.744585419 91.0285712057 9802.22684338 
38 106.905534636 74.9532598986 9819.14120547 
39 106.219591183 61.7123557382 9833.06805308 
40 105.658146442 50.8075477644 9844.53430579 
41 105.198150922 41.8276495373 9853.97419954 
42 104.820970224 34.4335433569 9861.74548642 
43 104.511484535 28.3456068786 9868.14290859 
44 104.257406879 23.3334194657 9873.40917366 
45 104.048721833 19.2070866564 9877.74419151 
46 103.877256204 15.8101816441 9881.31256215 
47 103.736328379 13.0138489923 9884.24982263 
48 103.620469992 10.711965562 9886.66756445 
49 103.52520217 8.81715164283 9888.65764619 
50 103.446852309 7.25745034917 9890.29569734 
51 103.382406794 5.97361055543 9891.64398265 
52 103.329391923 4.9168540196 9892.75375406 
53 103.285776116 4.04702391519 9893.66719997 
54 103.249890135 3.33106033747 9894.41904953 
55 103.220362206 2.74175048694 9895.03788731 
56 103.196064569 2.25669240384 9895.54724303 
57 103.176069866 1.85744461706 9895.96648552 
58 103.159615478 1.52882772417 9896.3115568 
59 103.146074157 1.25834751165 9896.59557833 
60 103.134929912 1.03571954961 9896.82935054 
61 103.125758231 0.852478410568 9897.02176336 
62 103.118209833 0.701656033218 9897.18013413 
63 103.111997329 0.577517077327 9897.31048559 
64 103.106884238 0.475340808515 9897.41777495 
65 103.102675963 0.391241731197 9897.50608231 
66 103.099212365 0.322021744707 9897.57876589 
67 103.096361648 0.265048344905 9897.63859001 
68 103.09401535 0.21815483341 9897.68782982 
69 103.092084209 0.179557873789 9897.72835792 
70 103.090494761 0.147789634149 9897.76171561 
