Time S I R
0.0  10000 1 0
1 9996.62995348 2.81748153934 1.55256498145 
2 9987.1464058 7.92919166087 5.92440253761 
3 9960.54769768 22.2439265443 18.2083757765 
4 9886.63617092 61.848185694 52.5156433868 
5 9686.43916761 167.816171735 146.74466066 
6 9179.54139642 427.133480604 394.325122975 
7 8086.19719316 936.32952942 978.473277416 
8 6353.22489563 1558.3094718 2089.46563257 
9 4550.42091293 1823.8338602 3626.74522687 
10 3261.4277805 1578.72167486 5160.85054464 
11 2513.45268266 1126.75085772 6360.79645961 
12 2108.17647675 722.102103957 7170.72141929 
13 1889.73239805 436.683187745 7674.5844142 
14 1770.62119971 255.908888591 7974.4699117 
15 1704.90139606 147.407911555 8148.69069239 
16 1668.33270423 84.1027568561 8248.56453891 
17 1647.87553103 47.7294850962 8305.39498387 
18 1636.39469885 27.0064546837 8337.59884646 
19 1629.93945189 15.2552938342 8355.80525428 
20 1626.30600985 8.60922609659 8366.08476405 
21 1624.2596191 4.85598241291 8371.88439849 
22 1623.10667278 2.73816887654 8375.15515834 
23 1622.45697028 1.54372586094 8376.99930386 
24 1622.09081276 0.870239701381 8378.03894754 
25 1621.88444188 0.490551224775 8378.62500689 
26 1621.76812463 0.276513756254 8378.95536162 
27 1621.70256278 0.155861795886 8379.14157542 
28 1621.66560916 0.0878535665048 8379.24653728 
29 1621.64478017 0.0495195437615 8379.30570028 
30 1621.63303983 0.027912080133 8379.33904809 
31 1621.62642234 0.0157328445997 8379.35784481 
32 1621.62269236 0.00886791906571 8379.36843972 
33 1621.62058996 0.00499849946358 8379.37441154 
34 1621.61940493 0.00281748006389 8379.37777759 
35 1621.61873697 0.00158810271116 8379.37967493 
36 1621.61836047 0.000895166947969 8379.38074436 
37 1621.61814823 0.000504540399375 8379.38134723 
38 1621.61802861 0.000284379687895 8379.38168701 
39 1621.61796119 0.000160295985949 8379.38187852 
40 1621.61792315 9.02859058332e-05 8379.38198656 
41 1621.61790174 5.08763037161e-05 8379.38204739 
42 1621.61788969 2.87078292945e-05 8379.3820816 
43 1621.6178829 1.62079332462e-05 8379.38210089 
44 1621.61787909 9.19151399276e-06 8379.38211172 
45 1621.61787691 5.17472697075e-06 8379.38211792 
46 1621.61787565 2.86818550026e-06 8379.38212148 
47 1621.61787496 1.58518260508e-06 8379.38212346 
48 1621.61787458 8.89515596284e-07 8379.38212453 
49 1621.61787437 5.17063113386e-07 8379.38212511 
50 1621.61787426 3.01744757596e-07 8379.38212544 
51 1621.61787419 1.73644413915e-07 8379.38212564 
52 1621.61787415 9.93061257722e-08 8379.38212575 
53 1621.61787412 5.70242968842e-08 8379.38212582 
54 1621.61787411 3.28776553145e-08 8379.38212586 
55 1621.6178741 1.17146819393e-08 8379.38212589 
56 1621.61787409 -7.80275655941e-09 8379.38212592 
57 1621.61787408 -2.10630362651e-08 8379.38212594 
58 1621.61787408 -2.80661571777e-08 8379.38212595 
59 1621.61787408 -2.88121192973e-08 8379.38212595 
60 1621.61787408 -2.33009226239e-08 8379.38212594 
61 1621.61787408 -2.09702549251e-08 8379.38212594 
62 1621.61787408 -2.23659501852e-08 8379.38212594 
63 1621.61787408 -2.22415124373e-08 8379.38212594 
64 1621.61787408 -2.05969416815e-08 8379.38212594 
65 1621.61787408 -1.74322379178e-08 8379.38212593 
66 1621.61787409 -1.27474011461e-08 8379.38212593 
67 1621.61787409 -9.39505909798e-09 8379.38212592 
68 1621.61787409 -8.07609743446e-09 8379.38212592 
69 1621.61787409 -6.75713577093e-09 8379.38212592 
70 1621.61787409 -5.4381741074e-09 8379.38212591 
