Time S I R
0.0  10000 1 0
1 9999.34875627 0.889587462498 0.76165626842 
2 9998.76946468 0.79133208022 1.43920324397 
3 9998.25419375 0.703902448674 2.04190380379 
4 9997.79588169 0.626111330291 2.57800697796 
5 9997.38823955 0.55689998988 3.0548604595 
6 9997.02568428 0.495327316702 3.47898839955 
7 9996.70323258 0.440552464018 3.85621495995 
8 9996.41644271 0.391825332504 4.19173195826 
9 9996.16138523 0.348481590039 4.49013317843 
10 9995.93454945 0.309927369466 4.75552318246 
11 9995.73281509 0.275634464128 4.9915504416 
12 9995.55340685 0.245132781409 5.20146036463 
13 9995.39385575 0.218003899691 5.38814034748 
14 9995.25196497 0.193875343988 5.55415968615 
15 9995.12578115 0.172415778743 5.70180307339 
16 9995.01356649 0.153330324436 5.83310318212 
17 9994.91377458 0.136356492103 5.94986892344 
18 9994.82503068 0.121260861089 6.05370845932 
19 9994.74611252 0.107835846541 6.14605163277 
20 9994.67593197 0.0958966025323 6.22817142738 
21 9994.61352232 0.0852788737234 6.30119880507 
22 9994.55802311 0.0758364325723 6.36614045458 
23 9994.50866927 0.0674392392442 6.42389149358 
24 9994.4647807 0.059971682811 6.4752476183 
25 9994.42575203 0.0533308391503 6.52091713504 
26 9994.39104554 0.047425278816 6.56152917767 
27 9994.36018164 0.0421734437893 6.59764491684 
28 9994.33273478 0.0375029648723 6.62976225617 
29 9994.30832843 0.0333497975278 6.65832177048 
30 9994.28662506 0.0296565308424 6.6837184073 
31 9994.26732561 0.0263722927819 6.70630209559 
32 9994.25016351 0.0234517360932 6.72638475472 
33 9994.23490191 0.0208545683808 6.7442435196 
34 9994.22133025 0.0185449657918 6.76012478131 
35 9994.2092617 0.0164911419353 6.77424715376 
36 9994.19852991 0.0146647927717 6.78680529502 
37 9994.18898664 0.0130406954595 6.79797266784 
38 9994.18050023 0.0115964499775 6.80790331783 
39 9994.17295363 0.010312136515 6.81673423175 
40 9994.16624273 0.00917004019208 6.82458723078 
41 9994.16027495 0.00815440898664 6.83157063625 
42 9994.15496842 0.00725130745378 6.83778027473 
43 9994.15024975 0.00644825096619 6.84330199688 
44 9994.14605364 0.00573412440426 6.84821223437 
45 9994.14232228 0.0050990911114 6.85257862692 
46 9994.1390042 0.00453439053733 6.85646141424 
47 9994.13605337 0.00403219201698 6.8599144416 
48 9994.13342943 0.00358562554974 6.86298494776 
49 9994.13109602 0.00318850418421 6.8657154749 
50 9994.12902111 0.00283537528922 6.86814351543 
51 9994.12717602 0.00252135982458 6.8703026177 
52 9994.12553521 0.00224210935591 6.87222268145 
53 9994.12407619 0.00199379749033 6.87393001671 
54 9994.1227787 0.00177297731313 6.87544832423 
55 9994.12162505 0.0015766374262 6.87679831002 
56 9994.12059924 0.00140205290028 6.87799871038 
57 9994.1196868 0.00124676418741 6.87906643693 
58 9994.11887544 0.00110867790386 6.88001588336 
59 9994.11815396 0.000985889270486 6.88086014661 
60 9994.11751228 0.000876679664181 6.88161104367 
61 9994.11694171 0.000779574833673 6.88227871117 
62 9994.1164344 0.000693233596154 6.88287237082 
63 9994.11598321 0.000616445750616 6.88340034372 
64 9994.11558206 0.000548173000095 6.88386976896 
65 9994.11522536 0.000487466681585 6.88428716933 
66 9994.1149081 0.000433470355443 6.88465843353 
67 9994.11462599 0.000385457522783 6.88498855678 
68 9994.11437513 0.000342764736498 6.88528210078 
69 9994.114152 0.000304789027763 6.8855432114 
70 9994.11395367 0.000271034935054 6.88577529532 
