Time S I R
0.0  10000 1 0
1 9996.42756957 3.14992721512 1.42250321563 
2 9985.19019834 9.90938151041 5.90042014751 
3 9949.99122457 31.0494267732 19.9593486587 
4 9841.17968102 96.0835760528 63.7367429274 
5 9518.01626105 286.318738683 196.665000269 
6 8661.37875624 767.481100931 572.140142826 
7 6930.25450449 1610.8918604 1459.85363511 
8 4733.01121353 2289.97160102 2978.01718544 
9 3042.66402977 2221.32219097 4737.01377926 
10 2090.9333282 1679.61813831 6230.44853348 
11 1604.9467942 1112.50350246 7283.54970334 
12 1355.14682494 688.763465956 7957.0897091 
13 1222.66833323 411.681139449 8366.65052732 
14 1150.4267668 241.458228459 8609.11500474 
15 1110.26569583 140.15351237 8750.58079181 
16 1087.66609728 80.8795244382 8832.45437828 
17 1074.85528312 46.520662375 8879.6240545 
18 1067.56196118 26.7080531141 8906.72998571 
19 1063.3993768 15.3170914011 8922.2835318 
20 1061.02018201 8.7790256947 8931.20079229 
21 1059.65917887 5.02996998844 8936.31085114 
22 1058.88025233 2.88136380723 8939.23838386 
23 1058.43433602 1.65036995045 8940.91529403 
24 1058.17901976 0.945227287073 8941.87575295 
25 1058.03282127 0.541346074186 8942.42583266 
26 1057.94910107 0.310030306357 8942.74086862 
27 1057.90115762 0.177553096855 8942.92128928 
28 1057.87370166 0.10168319991 8943.02461514 
29 1057.8579782 0.0582328612007 8943.08378894 
30 1057.84897367 0.0333492785296 8943.11767705 
31 1057.84381692 0.0190987139418 8943.13708437 
32 1057.84086372 0.0109375647389 8943.14819872 
33 1057.8391725 0.00626387641105 8943.15456363 
34 1057.83820394 0.00358727205692 8943.15820879 
35 1057.83764927 0.00205441885995 8943.16029632 
36 1057.8373316 0.00117655641363 8943.16149184 
37 1057.83714967 0.000673774134285 8943.16217656 
38 1057.83704547 0.000385834366888 8943.16256869 
39 1057.83698582 0.00022098093194 8943.1627932 
40 1057.83695161 0.000126448434145 8943.16292194 
41 1057.83693206 7.2418883494e-05 8943.16299552 
42 1057.83692088 4.15153211944e-05 8943.16303761 
43 1057.83691447 2.38097212359e-05 8943.16306172 
44 1057.83691082 1.37174951912e-05 8943.16307546 
45 1057.83690869 7.83949480111e-06 8943.16308347 
46 1057.83690745 4.41574770906e-06 8943.16308813 
47 1057.83690675 2.48251051058e-06 8943.16309076 
48 1057.83690637 1.4133526212e-06 8943.16309222 
49 1057.83690616 8.3252359094e-07 8943.16309301 
50 1057.83690603 4.93591090093e-07 8943.16309347 
51 1057.83690596 2.89006780342e-07 8943.16309375 
52 1057.83690592 1.67940122036e-07 8943.16309392 
53 1057.83690589 9.7842401574e-08 8943.16309401 
54 1057.83690588 5.72519789967e-08 8943.16309407 
55 1057.83690587 2.81879624283e-08 8943.16309411 
56 1057.83690586 -4.68108550428e-10 8943.16309414 
57 1057.83690585 -1.9904527689e-08 8943.16309417 
58 1057.83690584 -3.01212949875e-08 8943.16309419 
59 1057.83690584 -3.11184104458e-08 8943.16309419 
60 1057.83690585 -2.29725332846e-08 8943.16309418 
61 1057.83690585 -2.6864160176e-08 8943.16309418 
62 1057.83690585 -2.82527427175e-08 8943.16309418 
63 1057.83690585 -2.7138280909e-08 8943.16309418 
64 1057.83690585 -2.35207747506e-08 8943.16309418 
65 1057.83690585 -1.74002242421e-08 8943.16309417 
66 1057.83690585 -1.45331358532e-08 8943.16309416 
67 1057.83690585 -1.22895942461e-08 8943.16309416 
68 1057.83690585 -1.00460526391e-08 8943.16309416 
69 1057.83690585 -7.80251103209e-09 8943.16309415 
70 1057.83690585 -5.55896942506e-09 8943.16309415 
