Time S I R
0.0  10000 1 0
1 9997.18817247 2.87702816864 0.934799364997 
2 9989.10608714 8.27073846301 3.62317439571 
3 9965.93478207 23.7224083519 11.3428095799 
4 9899.98533941 67.6018226659 33.4128379226 
5 9716.10737186 189.159599399 95.7330287425 
6 9231.43445717 503.738368188 265.827174641 
7 8121.3498555 1187.95115667 691.698987828 
8 6219.13252395 2203.08987085 1578.7776052 
9 4104.28266223 2936.46317424 2960.25416352 
10 2558.85503344 2911.37004652 4530.77492003 
11 1676.24333003 2387.886615 5936.87005496 
12 1207.09915042 1765.62624035 7028.27460923 
13 953.493791869 1235.27782555 7812.22838259 
14 810.54530657 838.314052019 8352.14064141 
15 726.660560843 559.053069709 8715.28636945 
16 675.861896088 368.95547878 8956.18262513 
17 644.396667316 241.949013369 9114.65431932 
18 624.601504278 158.031674283 9218.36682144 
19 612.017291055 102.960511519 9286.02219743 
20 603.961636608 66.9729511854 9330.06541221 
21 598.781328207 43.5191599191 9358.69951187 
22 595.440103446 28.2600712151 9377.29982534 
23 593.280863607 18.3434010092 9389.37573538 
24 591.883702398 11.9032623933 9397.21303521 
25 590.978908849 7.72279010348 9402.29830105 
26 590.392656459 5.00993376214 9405.59740978 
27 590.012667804 3.24980288558 9407.73752931 
28 589.766316703 2.10795270331 9409.12573059 
29 589.606581027 1.36725954356 9410.02615943 
30 589.502997528 0.886813202224 9410.61018927 
31 589.435822791 0.575185002081 9410.98899221 
32 589.392257694 0.373060448349 9411.23468186 
33 589.364003515 0.241962699631 9411.39403379 
34 589.345678902 0.156933477618 9411.49738762 
35 589.333794163 0.10178461297 9411.56442122 
36 589.326086045 0.0660158365124 9411.60789812 
37 589.321086737 0.0428167273079 9411.63609654 
38 589.317844295 0.0277701634967 9411.65438554 
39 589.315741318 0.0180112353926 9411.66624745 
40 589.314377368 0.0116817633749 9411.67394087 
41 589.313492735 0.00757657759353 9411.67893069 
42 589.312918979 0.00491402669744 9411.68216699 
43 589.312546873 0.00318724055169 9411.68426589 
44 589.31230551 0.00206718051509 9411.68562731 
45 589.312148971 0.00134074963527 9411.68651028 
46 589.312047444 0.000869606851281 9411.68708295 
47 589.311981587 0.000563990486109 9411.68745442 
48 589.311938876 0.000365787507653 9411.68769534 
49 589.311911175 0.000237237531016 9411.68785159 
50 589.311893208 0.000153862381062 9411.68795293 
51 589.311881559 9.98014365678e-05 9411.68801864 
52 589.311873987 6.4666864774e-05 9411.68806135 
53 589.311869088 4.19325832249e-05 9411.68808898 
54 589.311865921 2.72324082446e-05 9411.68810685 
55 589.311863861 1.76726324364e-05 9411.68811847 
56 589.311862526 1.14814396502e-05 9411.68812599 
57 589.311861665 7.48201966746e-06 9411.68813085 
58 589.3118611 4.86002873521e-06 9411.68813404 
59 589.31186071 3.05273112399e-06 9411.68813624 
60 589.311860484 2.00512792066e-06 9411.68813751 
61 589.311860328 1.27766495729e-06 9411.68813839 
62 589.31186023 8.23798032625e-07 9411.68813895 
63 589.311860169 5.40888327235e-07 9411.68813929 
64 589.31186013 3.59958518623e-07 9411.68813951 
65 589.311860104 2.39850801708e-07 9411.68813966 
66 589.311860086 1.58429623508e-07 9411.68813976 
67 589.311860075 1.03918401895e-07 9411.68813982 
68 589.311860067 6.80176389966e-08 9411.68813987 
69 589.311860062 4.48126741933e-08 9411.68813989 
70 589.311860058 2.43431618559e-08 9411.68813992 
