Time S I R
0.0  10000 1 0
1 9999.75808352 0.756245017021 0.485671459471 
2 9999.57513912 0.571902478421 0.852958402129 
3 9999.43679128 0.432492865712 1.13071585647 
4 9999.33217078 0.32706688616 1.34076233408 
5 9999.25305327 0.247338786217 1.49960794429 
6 9999.19322229 0.187045223965 1.61973248873 
7 9999.14797658 0.141449224226 1.71057419611 
8 9999.11376076 0.106968227775 1.779271017 
9 9999.08788574 0.08089252221 1.83122174119 
10 9999.06831831 0.0611732436683 1.8705084439 
11 9999.05352092 0.0462609605493 1.90021812285 
12 9999.04233088 0.0349840184106 1.92268509823 
13 9999.03386855 0.0264559415096 1.93967551148 
14 9999.02746905 0.0200067238298 1.95252422217 
15 9999.0226296 0.0151296633864 1.9622407346 
16 9999.01896986 0.0114414737627 1.96958867002 
17 9999.01620229 0.00865239242916 1.97514532114 
18 9999.01410947 0.00654331145813 1.9793472152 
19 9999.01252669 0.00494822223709 1.98252508973 
20 9999.01132973 0.00374195754151 1.98492831413 
21 9999.01042459 0.00282977975887 1.98674563307 
22 9999.00974007 0.00213993743906 1.98811999609 
23 9999.00922241 0.00161826091571 1.98915932473 
24 9999.00883097 0.0012237767196 1.98994524989 
25 9999.00853497 0.000925468326634 1.99053956536 
26 9999.00831109 0.000699848103427 1.99098906525 
27 9999.00814179 0.000529230290591 1.99132898462 
28 9999.00801376 0.000400213968477 1.99158602195 
29 9999.00791695 0.000302646700798 1.99178040378 
30 9999.00784373 0.00022885574112 1.99192741643 
31 9999.00778837 0.000173069966549 1.99203855761 
32 9999.00774652 0.000130891247246 1.99212258965 
33 9999.00771485 9.8972166494e-05 1.99218618156 
34 9999.00769085 7.47872352334e-05 1.99223436485 
35 9999.00767274 5.65414055258e-05 1.99227071575 
36 9999.00765907 4.27656265997e-05 1.99229816103 
37 9999.00764876 3.23689204864e-05 1.99231887423 
38 9999.00764093 2.44837982221e-05 1.99233458364 
39 9999.00763502 1.85262102554e-05 1.99234645286 
40 9999.00763055 1.40228252614e-05 1.99235542489 
41 9999.00762718 1.06277696543e-05 1.99236218881 
42 9999.00762464 8.06625943389e-06 1.99236729206 
43 9999.00762271 6.11604463507e-06 1.99237117745 
44 9999.00762121 4.61069798296e-06 1.99237417653 
45 9999.00761999 3.3807192235e-06 1.992376627 
46 9999.00761921 2.59065852879e-06 1.99237820102 
47 9999.00761858 1.95400547204e-06 1.99237946942 
48 9999.00761808 1.45812904204e-06 1.99238045735 
49 9999.00761772 1.0928357798e-06 1.99238118511 
50 9999.00761746 8.27258176794e-07 1.99238171422 
51 9999.00761726 6.30251820154e-07 1.99238210671 
52 9999.00761712 4.85714674871e-07 1.99238239467 
53 9999.00761701 3.73359898156e-07 1.99238261851 
54 9999.00761692 2.87653216368e-07 1.99238278927 
55 9999.00761686 2.20102446158e-07 1.99238292385 
56 9999.0076168 1.68331318775e-07 1.99238302699 
57 9999.00761676 1.28012994213e-07 1.99238310732 
58 9999.00761673 9.76942281033e-08 1.99238316772 
59 9999.00761671 7.42534481337e-08 1.99238321442 
60 9999.00761669 5.68194518682e-08 1.99238324915 
61 9999.00761668 4.32925055524e-08 1.9923832761 
62 9999.00761667 2.81437295014e-08 1.99238330628 
63 9999.00761665 1.26584988991e-08 1.99238333713 
64 9999.00761664 -5.18052370247e-10 1.99238336339 
65 9999.00761663 -1.13859243066e-08 1.99238338504 
66 9999.00761662 -1.994511691e-08 1.99238340209 
67 9999.00761661 -2.61956301804e-08 1.99238341454 
68 9999.00761661 -3.01374641178e-08 1.9923834224 
69 9999.00761661 -3.17706187223e-08 1.99238342565 
70 9999.00761661 -3.10950939938e-08 1.9923834243 
