Time S I R
0.0  10000 1 0
1 9999.75667817 0.734663375566 0.508658455745 
2 9999.57792215 0.539726341285 0.882351504344 
3 9999.44660077 0.396513470578 1.15688575701 
4 9999.35012551 0.291299833825 1.35857465122 
5 9999.27925047 0.214003940713 1.5067455925 
6 9999.2271823 0.15721805116 1.61559964605 
7 9999.18893076 0.115500300991 1.69556893828 
8 9999.16082935 0.0848522577944 1.75431838801 
9 9999.14018471 0.0623366219688 1.79747867239 
10 9999.12501818 0.0457955207699 1.82918630283 
11 9999.11387629 0.0336437883185 1.85247992588 
12 9999.10569076 0.024716354681 1.86959288413 
13 9999.09967729 0.0181578384846 1.88216486677 
14 9999.09525953 0.0133396487487 1.89140082305 
15 9999.09201402 0.0097999629069 1.89818602122 
16 9999.08962984 0.00719968682323 1.90317047033 
17 9999.08787817 0.00528924448078 1.90683258178 
18 9999.08659126 0.00388568680639 1.90952304975 
19 9999.08564588 0.00285461471736 1.91149950301 
20 9999.08495134 0.00209712012613 1.9129515378 
21 9999.0844411 0.00154062808262 1.9140182725 
22 9999.08406628 0.00113183110044 1.9148018918 
23 9999.0837909 0.000831494782175 1.9153776038 
24 9999.08358858 0.00061083225407 1.91580058982 
25 9999.08343996 0.000448738560713 1.91611130576 
26 9999.08333078 0.000329665056114 1.91633955668 
27 9999.08325056 0.000242178504743 1.91650725886 
28 9999.08319164 0.000177912189852 1.91663045038 
29 9999.08314836 0.000130712237488 1.91672092754 
30 9999.08311655 9.6014877414e-05 1.91678743859 
31 9999.08309313 7.0478318341e-05 1.91683638939 
32 9999.08307597 5.17633875333e-05 1.91687226387 
33 9999.0830634 3.80505709908e-05 1.91689854984 
34 9999.0830541 2.79124671521e-05 1.91691798348 
35 9999.08304737 2.05628928869e-05 1.91693207182 
36 9999.08304237 1.51145548298e-05 1.91694251569 
37 9999.08303871 1.1127056143e-05 1.91695015928 
38 9999.08303603 8.20371486991e-06 1.91695576301 
39 9999.08303406 6.04670338807e-06 1.91695989777 
40 9999.08303257 4.42685660396e-06 1.91696300284 
41 9999.08303141 3.16663432776e-06 1.91696541855 
42 9999.08303067 2.34928858859e-06 1.91696698531 
43 9999.08303008 1.71336679419e-06 1.9169682043 
44 9999.08302965 1.23857950447e-06 1.91696911442 
45 9999.08302934 9.09193305889e-07 1.91696974581 
46 9999.08302913 6.69664666903e-07 1.91697020496 
47 9999.08302897 5.02198921817e-07 1.91697052598 
48 9999.08302886 3.75445596809e-07 1.91697076895 
49 9999.08302877 2.81575657088e-07 1.91697094889 
50 9999.0830287 2.09617361658e-07 1.91697108682 
51 9999.08302865 1.55664143309e-07 1.91697119025 
52 9999.08302862 1.15288584651e-07 1.91697126764 
53 9999.08302859 8.53059801476e-08 1.91697132512 
54 9999.08302857 6.33214914263e-08 1.91697136726 
55 9999.08302855 4.69475210267e-08 1.91697139864 
56 9999.08302854 3.19587791998e-08 1.91697142738 
57 9999.08302852 1.45824724794e-08 1.91697146068 
58 9999.08302851 -3.18471229266e-11 1.9169714887 
59 9999.0830285 -1.18841796073e-08 1.91697151142 
60 9999.08302849 -2.09745249738e-08 1.91697152884 
61 9999.08302849 -2.73028832223e-08 1.91697154097 
62 9999.08302848 -3.08692543529e-08 1.91697154781 
63 9999.08302848 -3.16736383656e-08 1.91697154935 
64 9999.08302848 -2.97160352602e-08 1.9169715456 
65 9999.08302849 -2.4996445037e-08 1.91697153655 
66 9999.08302849 -2.4452714941e-08 1.91697153551 
67 9999.08302849 -2.63343069075e-08 1.91697153912 
68 9999.08302849 -2.74716353832e-08 1.9169715413 
69 9999.08302849 -2.78647003683e-08 1.91697154205 
70 9999.08302849 -2.75135018627e-08 1.91697154138 
