Time S I R
0.0  10000 1 0
1 9996.59517323 3.24405610551 1.16077066655 
2 9985.56411924 10.5116951061 4.92418565683 
3 9949.9704746 33.9336027074 17.0959226904 
4 9836.61136904 108.235786567 56.1528443881 
5 9490.05648389 332.534930978 178.408585127 
6 8549.75695749 917.174241094 534.068801414 
7 6640.76458474 1964.89299915 1395.34241611 
8 4283.17508189 2827.6956288 2890.12928931 
9 2558.62815248 2796.04730431 4646.32454321 
10 1632.77182465 2190.77983741 6177.44833794 
11 1173.43787088 1524.10933505 7303.45279407 
12 939.097054072 999.099519525 8062.8034264 
13 813.380876988 634.934563151 8552.68455986 
14 742.967366154 396.709234377 8861.32339947 
15 702.295159118 245.483075707 9053.22176517 
16 678.317345384 151.051058447 9171.63159617 
17 663.995730726 92.6347806102 9244.36948866 
18 655.371358853 56.6961488449 9288.9324923 
19 650.151411043 34.6583018964 9316.19028706 
20 646.98210997 21.1710386995 9332.84685133 
21 645.054180121 12.9265719072 9343.01924797 
22 643.880014936 7.89053909801 9349.22944597 
23 643.164400457 4.81568634409 9353.0199132 
24 642.728065836 2.93877245536 9355.33316171 
25 642.461946316 1.79327550059 9356.74477818 
26 642.299614066 1.09423794069 9357.60614799 
27 642.200581913 0.667677246945 9358.13174084 
28 642.140162837 0.407394640138 9358.45244252 
29 642.103300058 0.248576653309 9358.64812329 
30 642.080808896 0.151671192981 9358.76751991 
31 642.067086116 0.0925431458917 9358.84037074 
32 642.058713235 0.0564657161515 9358.88482105 
33 642.053604531 0.0344528284488 9358.91194264 
34 642.050487451 0.0210215413903 9358.92849101 
35 642.04858556 0.0128263802277 9358.93858806 
36 642.047425111 0.00782604624723 9358.94474884 
37 642.046717078 0.0047751494631 9358.94850777 
38 642.046285067 0.00291362375113 9358.95080131 
39 642.046021465 0.00177776747256 9358.95220077 
40 642.045860634 0.00108474710514 9358.95305462 
41 642.045762487 0.000661836255639 9358.95357568 
42 642.045702609 0.000403820552078 9358.95389357 
43 642.04566607 0.000246374918264 9358.95408756 
44 642.045643782 0.000150338555755 9358.95420588 
45 642.045630167 9.16689318486e-05 9358.95427816 
46 642.045621866 5.59008324601e-05 9358.95432223 
47 642.045616819 3.41548076155e-05 9358.95434903 
48 642.045613732 2.08530097546e-05 9358.95436541 
49 642.045611853 1.27576466519e-05 9358.95437539 
50 642.045610711 7.83500098559e-06 9358.95438145 
51 642.045609997 4.76009652645e-06 9358.95438524 
52 642.045609556 2.85841348655e-06 9358.95438759 
53 642.045609292 1.71897481284e-06 9358.95438899 
54 642.045609134 1.03883141355e-06 9358.95438983 
55 642.045609042 6.44343459411e-07 9358.95439031 
56 642.045608987 4.05315658805e-07 9358.95439061 
57 642.045608952 2.53675631216e-07 9358.95439079 
58 642.045608929 1.57195744814e-07 9358.95439091 
59 642.045608915 9.71757693435e-08 9358.95439099 
60 642.045608907 6.02950336481e-08 9358.95439103 
61 642.045608901 3.75228330159e-08 9358.95439106 
62 642.045608898 2.10242437635e-08 9358.95439108 
63 642.045608893 1.88689138818e-09 9358.9543911 
64 642.04560889 -1.26774657532e-08 9358.95439112 
65 642.045608888 -2.26688276606e-08 9358.95439114 
66 642.045608886 -2.80871943341e-08 9358.95439114 
67 642.045608886 -2.89325657737e-08 9358.95439114 
68 642.045608887 -2.52049419793e-08 9358.95439114 
69 642.045608888 -1.98384840343e-08 9358.95439113 
70 642.045608888 -2.16234555105e-08 9358.95439113 
