Time S I R
0.0  10000 1 0
1 9997.72716352 1.94055611883 1.33228035706 
2 9993.31921125 3.76381258233 3.91697616423 
3 9984.77955937 7.29281366763 8.92762695989 
4 9968.26978169 14.1032961633 18.6269221481 
5 9936.47896942 27.1720564476 37.3489741294 
6 9875.73261616 51.9768602412 73.2905235951 
7 9761.34218848 98.082174837 141.575636683 
8 9551.72357123 180.466581372 268.809847399 
9 9185.95760415 317.382730256 497.65966559 
10 8598.40720681 517.521760687 885.071032507 
11 7766.72304298 752.966148523 1481.31080849 
12 6770.79301572 944.577099708 2285.62988458 
13 5778.57225443 1008.03922953 3214.38851604 
14 4940.29479572 927.701196941 4133.00400734 
15 4312.91580184 759.082833525 4929.00136464 
16 3877.4708712 570.725817898 5552.8033109 
17 3587.52506899 405.144657615 6008.3302734 
18 3398.50635939 276.922481843 6325.57115876 
19 3276.56020345 184.693380317 6539.74641624 
20 3198.28637877 121.251865304 6681.46175593 
21 3148.17193794 78.8008284248 6774.02723364 
22 3116.12825141 50.8816661486 6833.99008244 
23 3095.65350731 32.7185978288 6872.62789486 
24 3082.57596801 20.983600511 6897.44043148 
25 3074.22504554 13.4348392253 6913.34011524 
26 3068.89308551 8.59244767458 6923.51446682 
27 3065.48896329 5.49163936222 6930.01939735 
28 3063.31576212 3.50829707359 6934.17594081 
29 3061.92842762 2.24062316667 6936.83094921 
30 3061.04279173 1.43074646932 6938.5264618 
31 3060.47743739 0.91349714095 6939.60906547 
32 3060.1165402 0.583203461033 6940.30025634 
33 3059.88615983 0.372316364824 6940.74152381 
34 3059.73909676 0.237679441123 6941.0232238 
35 3059.64521918 0.151726994655 6941.20305383 
36 3059.5852926 0.096856519198 6941.31785089 
37 3059.54703861 0.0618289154072 6941.39113247 
38 3059.52261926 0.0394686311511 6941.43791211 
39 3059.50703123 0.0251948078164 6941.46777397 
40 3059.49708066 0.0160830853349 6941.48683625 
41 3059.49072875 0.0102666117108 6941.49900464 
42 3059.48667402 0.00655366274195 6941.50677232 
43 3059.48408572 0.00418353589053 6941.51173074 
44 3059.48243354 0.00267061295659 6941.51489585 
45 3059.48137881 0.00170478343336 6941.51691641 
46 3059.48070552 0.00108824616472 6941.51820623 
47 3059.48027574 0.000694689199017 6941.51902957 
48 3059.48000136 0.000443439134575 6941.5195552 
49 3059.47982623 0.000283065165327 6941.51989071 
50 3059.47971442 0.000180681380788 6941.5201049 
51 3059.47964307 0.000115342602709 6941.52024159 
52 3059.47959749 7.3607933876e-05 6941.5203289 
53 3059.47956838 4.69509462875e-05 6941.52038467 
54 3059.47954986 2.99911052249e-05 6941.52042015 
55 3059.47953803 1.91611700264e-05 6941.5204428 
56 3059.47953048 1.22427261384e-05 6941.52045728 
57 3059.47952567 7.84231678377e-06 6941.52046648 
58 3059.47952261 5.03305435797e-06 6941.52047236 
59 3059.4795206 3.19496477664e-06 6941.52047621 
60 3059.4795193 2.00956159234e-06 6941.52047869 
61 3059.47951849 1.26618273982e-06 6941.52048024 
62 3059.47951798 7.99266118051e-07 6941.52048122 
63 3059.47951767 5.13965290151e-07 6941.52048182 
64 3059.47951748 3.3739493738e-07 6941.52048219 
65 3059.47951735 2.21606897025e-07 6941.52048243 
66 3059.47951727 1.44191186137e-07 6941.52048259 
67 3059.47951721 9.31289965524e-08 6941.5204827 
68 3059.47951717 6.00245040787e-08 6941.52048277 
69 3059.47951715 3.89313432096e-08 6941.52048281 
70 3059.47951713 1.91728509472e-08 6941.52048285 
