Time S I R
0.0  10000 1 0
1 9999.52668914 0.862197542132 0.611113314492 
2 9999.11862295 0.743367575387 1.1380094742 
3 9998.76681422 0.640902671849 1.59228310598 
4 9998.46350824 0.552551456053 1.9839403082 
5 9998.20202562 0.476373592123 2.3216007833 
6 9997.97660634 0.410694947953 2.61269871534 
7 9997.78226299 0.354065434764 2.86367157391 
8 9997.61472398 0.305242476406 3.08003354433 
9 9997.47028949 0.263149559633 3.26656094919 
10 9997.3457744 0.226859640008 3.42736596276 
11 9997.23843248 0.19557323543 3.56599428193 
12 9997.14589525 0.168600682771 3.68550406445 
13 9997.06612167 0.145347562465 3.78853076303 
14 9996.99735077 0.125300941468 3.87734828788 
15 9996.93806534 0.108018832872 3.95391582429 
16 9996.88695727 0.0931201160067 4.01992260978 
17 9996.84289865 0.0802761413426 4.07682520449 
18 9996.80491711 0.0692035551546 4.12587933606 
19 9996.77217458 0.0596581244741 4.16816730043 
20 9996.74394846 0.051429254026 4.20462228625 
21 9996.71961581 0.0443353779765 4.23604881324 
22 9996.69863934 0.0382198937825 4.26314076375 
23 9996.68055556 0.032947697697 4.28649674557 
24 9996.66496688 0.0284028966269 4.30663022831 
25 9996.65152864 0.0244850213732 4.32398634172 
26 9996.63994431 0.0211076281764 4.33894806474 
27 9996.6299578 0.0181960628805 4.35184614023 
28 9996.62134864 0.0156860555261 4.36296530045 
29 9996.61392718 0.0135223117429 4.37255051039 
30 9996.6075295 0.0116570512394 4.38081344399 
31 9996.60201427 0.010049064817 4.38793666233 
32 9996.59725978 0.00866287170972 4.39407734775 
33 9996.59316101 0.00746785519478 4.39937113365 
34 9996.58962773 0.00643770856556 4.40393455888 
35 9996.58658204 0.00554971809955 4.40786824496 
36 9996.58395645 0.00478421123754 4.41125934076 
37 9996.58169308 0.00412431197603 4.41418260613 
38 9996.57974181 0.00355540415832 4.41670278978 
39 9996.57805968 0.00306496896342 4.41887534911 
40 9996.57660956 0.00264217459421 4.42074826804 
41 9996.57535953 0.00227771935003 4.42236275219 
42 9996.57428189 0.0019635244561 4.4237545897 
43 9996.57335292 0.00169267857848 4.42495439697 
44 9996.57255208 0.0014591858394 4.42598873505 
45 9996.5718618 0.00125793030088 4.42688026689 
46 9996.57126668 0.00108441887769 4.42764889629 
47 9996.5707536 0.00093482469988 4.42831157579 
48 9996.57031131 0.000805871519225 4.4288828187 
49 9996.56992997 0.000694688552934 4.42937534222 
50 9996.56960129 0.00059885888392 4.42979985292 
51 9996.56931793 0.000516242161051 4.43016583227 
52 9996.56907369 0.000445032186083 4.43048128145 
53 9996.56886313 0.000383643327967 4.43075322458 
54 9996.5686816 0.000330715846601 4.43098768511 
55 9996.56852512 0.000285093839041 4.43118978351 
56 9996.56839021 0.000245757916359 4.43136403552 
57 9996.56827394 0.000211858956902 4.43151420263 
58 9996.5681737 0.000182633080988 4.4316436687 
59 9996.56808732 0.000157447643633 4.43175523625 
60 9996.56801285 0.000135737529834 4.43185140866 
61 9996.5679486 0.000117005146498 4.43193439019 
62 9996.56789314 0.000100835128867 4.43200602084 
63 9996.5678453 8.68866251174e-05 4.43206781053 
64 9996.56780415 7.48870687762e-05 4.43212096668 
65 9996.56776869 6.45493283308e-05 4.43216676125 
66 9996.56773813 5.56383179482e-05 4.43220623563 
67 9996.56771185 4.79780612003e-05 4.43224016937 
68 9996.56768922 4.13803426746e-05 4.43226939623 
69 9996.5676697 3.56868621031e-05 4.43229461745 
70 9996.56765268 3.07267616624e-05 4.43231658992 
