Time S I R
0.0  10000 1 0
1 9998.38496249 1.71573501748 0.899302493776 
2 9995.61495604 2.9429784962 2.44206546291 
3 9990.8664419 5.04579915312 5.08775894405 
4 9982.733395 8.64449549059 9.62210951264 
5 9968.82429557 14.7904009552 17.385303471 
6 9945.09786827 25.2491801287 30.6529516022 
7 9904.80091737 42.9396641469 53.2594184856 
8 9836.86406818 72.5550914217 91.580840394 
9 9723.73900073 121.27810173 155.982897545 
10 9539.18401518 199.140273648 262.675711173 
11 9247.85546836 317.774689851 435.369841789 
12 8810.83112759 485.259867986 704.909004421 
13 8202.12148309 695.373178486 1103.50533842 
14 7434.24455754 915.952908024 1650.80253444 
15 6573.57340887 1091.55641731 2335.87017382 
16 5720.85844015 1170.67972345 3109.4618364 
17 4965.1672358 1137.56256141 3898.2702028 
18 4351.61074903 1016.71453101 4632.67471996 
19 3882.77814228 850.83627025 5267.38558747 
20 3537.84066104 677.771281299 5785.38805766 
21 3289.51761276 520.890098359 6190.59228888 
22 3112.82578234 390.18062118 6497.99359648 
23 2987.84581745 286.999461415 6726.15472114 
24 2899.69385549 208.407843678 6892.89830083 
25 2837.59582556 149.972806871 7013.43136757 
26 2793.87283841 107.235837876 7099.89132371 
27 2763.09203282 76.3337290467 7161.57423814 
28 2741.42236968 54.1651058415 7205.41252448 
29 2726.16607347 38.3491530368 7236.48477349 
30 2715.42431828 27.1088580093 7258.46682371 
31 2707.86073195 19.1420019713 7273.99726608 
32 2702.53472406 13.5059763726 7284.95929957 
33 2698.78419801 9.52416340123 7292.69163858 
34 2696.14303493 6.71367453635 7298.14329053 
35 2694.28305207 4.73124786358 7301.98570007 
36 2692.97318494 3.33355936977 7304.69325569 
37 2692.05071942 2.34845522097 7306.60082536 
38 2691.40107285 1.65430302082 7307.94462413 
39 2690.94355773 1.16524983888 7308.89119243 
40 2690.62134946 0.820734067941 7309.55791647 
41 2690.39443177 0.578058184986 7310.02751005 
42 2690.23462284 0.407127623265 7310.35824954 
43 2690.12207558 0.286736035595 7310.59118838 
44 2690.04281304 0.20194319331 7310.75524376 
45 2689.98699138 0.142223839091 7310.87078478 
46 2689.94767833 0.100164359793 7310.95215731 
47 2689.91999162 0.0705427281442 7311.00946565 
48 2689.9004929 0.0496809542342 7311.04982615 
49 2689.8867607 0.0349886335609 7311.07825067 
50 2689.8770896 0.0246412757209 7311.09826912 
51 2689.87027862 0.0173539809985 7311.1123674 
52 2689.86548189 0.0122217868559 7311.12229632 
53 2689.86210374 0.0086073597083 7311.1292889 
54 2689.8597246 0.00606181858252 7311.13421358 
55 2689.85804915 0.00426918540366 7311.13768166 
56 2689.85686917 0.00300667273424 7311.14012415 
57 2689.85603813 0.00211749604342 7311.14184438 
58 2689.85545285 0.00149128456945 7311.14305586 
59 2689.85504069 0.00105029046639 7311.14390902 
60 2689.85475037 0.000739671453603 7311.14450995 
61 2689.85454591 0.000520906695573 7311.14493318 
62 2689.85440193 0.000366853955926 7311.14523122 
63 2689.85430052 0.000258352679355 7311.14544113 
64 2689.85422911 0.000181943101003 7311.14558895 
65 2689.85417883 0.00012814727308 7311.14569302 
66 2689.85414338 9.02162728703e-05 7311.14576641 
67 2689.8541184 6.34936916598e-05 7311.1458181 
68 2689.85410085 4.47148220105e-05 7311.14585443 
69 2689.85408852 3.15251092379e-05 7311.14587995 
70 2689.85407982 2.22158667645e-05 7311.14589796 
