Time S I R
0.0  10000 1 0
1 9998.63478613 1.41014683038 0.955067043955 
2 9996.7101288 1.98814391978 2.30172728095 
3 9993.99757376 2.80231563498 4.20011060056 
4 9990.17614223 3.9484413962 6.87541637429 
5 9984.79565357 5.56042479816 10.6439216322 
6 9977.22624595 7.82476454602 15.9489895029 
7 9966.58957742 10.9998491867 23.4105733905 
8 9951.66681922 15.4409131897 33.8922675872 
9 9930.77805742 21.6310512195 48.5908913611 
10 9901.63021086 30.2169187352 69.1528704001 
11 9861.13602315 42.0443108599 97.8196659936 
12 9805.2200008 58.1819487907 137.598050409 
13 9728.6523778 79.9101791204 192.437443078 
14 9624.99411163 108.634459048 267.371429321 
15 9486.79342413 145.665567268 368.541008598 
16 9306.2280895 191.804525872 502.967384628 
17 9076.38373296 246.71169376 677.904573276 
18 8793.20556016 308.164911715 899.629528123 
19 8457.78066454 371.526784648 1171.69255081 
20 8078.09557419 429.915151171 1492.98927464 
21 7669.1570711 475.45380724 1856.38912166 
22 7250.82860242 501.41137233 2248.76002525 
23 6843.92137919 504.308337932 2652.77028288 
24 6466.12995142 484.887808313 3049.98224026 
25 6129.40723952 447.506570091 3424.08619039 
26 5839.38868884 398.451877877 3763.15943328 
27 5596.40879737 344.12646943 4060.4647332 
28 5397.21082096 289.796780654 4313.99239838 
29 5236.61245036 239.085933878 4525.30161576 
30 5108.7678943 194.031830595 4698.20027511 
31 5007.96721376 155.429823013 4837.60296322 
32 4929.05994882 123.239818183 4948.700233 
33 4867.62425125 96.9388804457 5036.4368683 
34 4819.98585981 75.7790122166 5105.23512797 
35 4783.15929443 58.9539038734 5158.88680169 
36 4754.75663168 45.6945529213 5200.5488154 
37 4732.88934253 35.3162309961 5232.79442647 
38 4716.0760449 27.2350802791 5257.68887482 
39 4703.16172429 20.9675957335 5276.87067998 
40 4693.24984641 16.1214760407 5291.62867755 
41 4685.64683369 12.3830702745 5302.97009604 
42 4679.81747343 9.50429834765 5311.67822822 
43 4675.34952917 7.29050207212 5318.35996876 
44 4671.92594487 5.58984671814 5323.48420842 
45 4669.30312634 4.2844291459 5327.41244452 
46 4667.29408082 3.28300481772 5330.42291436 
47 4665.75536282 2.51514186252 5332.72949532 
48 4664.57697026 1.92657667498 5334.49645307 
49 4663.6745871 1.47556636277 5335.84984653 
50 4662.98360075 1.13003484041 5336.88636441 
51 4662.45450949 0.865355948932 5337.68013456 
52 4662.04939456 0.662635524096 5338.28796991 
53 4661.73921297 0.507384231023 5338.7534028 
54 4661.50172265 0.388495246337 5339.1097821 
55 4661.31989081 0.297456927689 5339.38265226 
56 4661.18067471 0.227747970562 5339.59157732 
57 4661.07408744 0.174372854745 5339.75153971 
58 4660.99248206 0.133505313688 5339.87401262 
59 4660.93000367 0.102215015066 5339.96778131 
60 4660.88216936 0.0782578826339 5340.03957276 
61 4660.84554686 0.05991552993 5340.09453761 
62 4660.81750832 0.0458721525003 5340.13661953 
63 4660.79604177 0.0351202501102 5340.16883798 
64 4660.77960682 0.0268884128748 5340.19350477 
65 4660.7670241 0.0205860021537 5340.2123899 
66 4660.7573907 0.0157608030321 5340.2268485 
67 4660.75001531 0.0120665821621 5340.23791811 
68 4660.74436867 0.00923825346084 5340.24639308 
69 4660.74004557 0.00707286161776 5340.25288157 
70 4660.73673578 0.00541502164164 5340.2578492 
