Time S I R
0.0  10000 1 0
1 9999.56683858 0.714065639938 0.719095775787 
2 9999.25754556 0.509879034576 1.23257540731 
3 9999.03670523 0.364076694712 1.59921807976 
4 9998.87901732 0.259963652897 1.86101902767 
5 9998.76642461 0.185622076414 2.04795330972 
6 9998.68603119 0.132539428846 2.1814293807 
7 9998.62862849 0.0946365751515 2.27673493576 
8 9998.58764176 0.0675728127835 2.34478542341 
9 9998.55837637 0.0482485424008 2.39337508407 
10 9998.53748051 0.0344506756009 2.42806881906 
11 9998.52256022 0.0245985373613 2.45284123874 
12 9998.5119069 0.0175639275068 2.47052917266 
13 9998.50430012 0.0125410033051 2.48315887503 
14 9998.49886883 0.00895459187689 2.49217658311 
15 9998.49499083 0.00639385932626 2.49861530959 
16 9998.49222166 0.00456530589005 2.50321303673 
17 9998.49024447 0.00325972281266 2.50649580248 
18 9998.48883271 0.0023274989694 2.50883979099 
19 9998.48782468 0.00166186882669 2.51051345459 
20 9998.48710498 0.00118663588275 2.51170838242 
21 9998.48659104 0.000847267173732 2.51256169252 
22 9998.48622406 0.000604942006001 2.5131709959 
23 9998.48596206 0.000431937082615 2.51360600016 
24 9998.48577498 0.000308402773445 2.5139166153 
25 9998.4856414 0.000220196755979 2.51413840085 
26 9998.48554605 0.000157230721852 2.51429672288 
27 9998.48547795 0.000112264431086 2.51440978628 
28 9998.48542922 8.00883253193e-05 2.51449069 
29 9998.48539451 5.71678307591e-05 2.51454832138 
30 9998.4853698 4.08490444207e-05 2.5145893534 
31 9998.48535209 2.9157697279e-05 2.51461875016 
32 9998.48533951 2.08505967052e-05 2.51463963756 
33 9998.48533051 1.49046524528e-05 2.51465458807 
34 9998.4853241 1.06722076e-05 2.51466523014 
35 9998.48531954 7.65939845348e-06 2.51467280556 
36 9998.4853162 5.45831313069e-06 2.51467833998 
37 9998.4853138 3.87516024007e-06 2.51468232066 
38 9998.48531207 2.73293327326e-06 2.51468519268 
39 9998.48531087 1.93846908683e-06 2.51468719029 
40 9998.48531 1.36039157058e-06 2.51468864381 
41 9998.48530941 9.71073127768e-07 2.51468962271 
42 9998.48530899 6.97961833838e-07 2.51469030942 
43 9998.48530871 5.09518631719e-07 2.51469078325 
44 9998.4853085 3.71975359462e-07 2.51469112908 
45 9998.48530834 2.70150207869e-07 2.51469138511 
46 9998.48530823 1.95755001974e-07 2.51469157217 
47 9998.48530815 1.40761904107e-07 2.51469171045 
48 9998.48530809 1.01522276817e-07 2.51469180911 
49 9998.48530805 7.31803625434e-08 2.51469188038 
50 9998.48530802 5.28154770908e-08 2.51469193158 
51 9998.48530799 3.4440384481e-08 2.51469197778 
52 9998.48530796 1.40832075082e-08 2.51469202897 
53 9998.48530793 -2.57715347454e-09 2.51469207086 
54 9998.48530791 -1.55406984671e-08 2.51469210346 
55 9998.4853079 -2.48074274694e-08 2.51469212676 
56 9998.48530789 -3.03773404816e-08 2.51469214076 
57 9998.48530789 -3.22504375036e-08 2.51469214547 
58 9998.48530789 -3.04267185355e-08 2.51469214089 
59 9998.4853079 -2.49061835772e-08 2.51469212701 
60 9998.4853079 -2.61934626038e-08 2.51469213024 
61 9998.48530789 -2.82775263185e-08 2.51469213548 
62 9998.48530789 -2.93371063057e-08 2.51469213815 
63 9998.48530789 -2.93722025655e-08 2.51469213823 
64 9998.48530789 -2.83828150979e-08 2.51469213575 
65 9998.4853079 -2.63689439028e-08 2.51469213068 
66 9998.4853079 -2.33305889802e-08 2.51469212304 
67 9998.48530791 -1.92677503303e-08 2.51469211283 
68 9998.48530791 -1.6987240939e-08 2.51469210709 
69 9998.48530791 -1.54746997947e-08 2.51469210329 
70 9998.48530791 -1.39621586503e-08 2.51469209949 
