Time S I R
0.0  10000 1 0
1 9998.59126082 2.01364915656 0.395090028437 
2 9995.75544317 4.05397453125 1.19058230247 
3 9990.04981524 8.15839831475 2.79178644793 
4 9978.5820484 16.4051296786 6.01282192562 
5 9955.58071153 32.9347388734 12.4845495953 
6 9909.63754127 65.9063119834 25.4561467462 
7 9818.62718706 131.042283319 51.3305296236 
8 9641.26040448 257.286917313 102.452678205 
9 9306.30984261 493.077281637 201.612875758 
10 8709.61936353 903.937647468 387.442988998 
11 7748.47323776 1537.16289925 715.363862991 
12 6422.11744197 2337.00423598 1241.87832205 
13 4924.70726774 3089.90176943 1986.39096283 
14 3555.18125864 3545.60270719 2900.21603417 
15 2502.2657641 3613.5996602 3885.1345757 
16 1777.45355013 3379.27417034 4844.27227953 
17 1303.31558662 2983.29932654 5714.38508683 
18 996.321907832 2537.05063235 6467.62745981 
19 795.145251437 2105.71665578 7100.13809278 
20 660.420480354 1719.81724605 7620.76227359 
21 567.986922543 1389.41328913 8043.59978833 
22 503.083961575 1114.03063869 8383.88539974 
23 456.564901789 888.452698502 8655.98239971 
24 422.632551842 705.810723307 8872.55672485 
25 397.517778895 559.120626943 9044.36159416 
26 378.706108382 441.979515489 9180.31437613 
27 364.478990099 348.823547124 9287.69746278 
28 353.635424632 274.96875568 9372.39581969 
29 345.319404048 216.550254396 9439.13034156 
30 338.91030332 170.421693322 9491.66800336 
31 333.951517008 134.045599738 9533.00288325 
32 330.103105143 105.388942987 9565.50795187 
33 327.109075785 82.8311789824 9591.05974523 
34 324.775263251 65.0849612318 9611.13977552 
35 322.953332028 51.1305232489 9626.91614472 
36 321.529308129 40.1616480266 9639.30904384 
37 320.415244846 31.5420080808 9649.04274707 
38 319.543019462 24.769915749 9656.68706479 
39 318.859762682 19.4503670648 9662.68987025 
40 318.324282114 15.2723395515 9667.40337833 
41 317.904463829 11.9912109234 9671.10432525 
42 317.575234378 9.41466616482 9674.01009946 
43 317.316988277 7.39152765901 9676.29148406 
44 317.114386986 5.80301877403 9678.08259424 
45 316.955418586 4.55581498068 9679.48876643 
46 316.830672912 3.57661529703 9680.59271179 
47 316.732774263 2.80784870171 9681.45937704 
48 316.655939697 2.20430390425 9682.1397564 
49 316.595633936 1.73047918983 9682.67388687 
50 316.548299334 1.35849809615 9683.09320257 
51 316.511144744 1.06647314558 9683.42238211 
52 316.48198006 0.837219606279 9683.68080033 
53 316.45908665 0.657245709446 9683.88366764 
54 316.441115703 0.515958910414 9684.04292539 
55 316.427008675 0.405043726691 9684.1679476 
56 316.41593467 0.317971498008 9684.26609383 
57 316.407241516 0.249616924809 9684.34314156 
58 316.400417311 0.195956476991 9684.40362621 
59 316.395060215 0.153831361943 9684.45110842 
60 316.390854809 0.120761905131 9684.48838329 
61 316.387553478 0.0948013569616 9684.51764516 
62 316.384961876 0.0744216604586 9684.54061646 
63 316.382927412 0.0584230222301 9684.55864957 
64 316.381330311 0.0458636385843 9684.57280605 
65 316.380076551 0.0360041974499 9684.58391925 
66 316.379092318 0.0282642549857 9684.59264343 
67 316.378319671 0.0221881937952 9684.59949213 
68 316.377713125 0.017418326439 9684.60486855 
69 316.37723697 0.0136738480758 9684.60908918 
70 316.376863177 0.0107343352104 9684.61240249 
