Time S I R
0.0  10000 1 0
1 9999.07270518 1.28029123196 0.647003585841 
2 9997.88567527 1.639004411 1.4753203176 
3 9996.36635051 2.0979915494 2.53565793977 
4 9994.42202841 2.68513503217 3.89283656213 
5 9991.93434403 3.43597716633 5.62967879968 
6 9988.7522869 4.39576669195 7.85194640812 
7 9984.68346903 5.62199457054 10.6945363966 
8 9979.48302404 7.18757614584 14.3293998105 
9 9972.83991736 9.18471103071 18.975371613 
10 9964.3600123 11.7295486055 24.910439096 
11 9953.54528157 14.9677393504 32.4869790784 
12 9939.76884968 19.0808029823 42.1503473419 
13 9922.24552164 24.2931647215 54.4613136381 
14 9899.9979861 30.8793905367 70.1226233591 
15 9871.8197122 39.1707742942 90.0095135021 
16 9836.23684049 49.5596852295 115.203474281 
17 9791.47354168 62.4991873214 147.027271003 
18 9735.42827572 78.4941711649 187.077553116 
19 9665.67245683 98.0787652798 237.24877789 
20 9579.48770546 121.773516185 299.738778358 
21 9473.96185795 150.015589 377.022553052 
22 9346.16553035 183.057154007 471.777315641 
23 9193.42620633 220.833294252 586.740499418 
24 9013.70106602 262.81222618 724.486707803 
25 8806.02152833 307.858051228 887.120420437 
26 8570.94153066 354.153307741 1075.9051616 
27 8310.88178696 399.238599045 1290.87961399 
28 8030.25092593 440.209841215 1530.53923285 
29 7735.24574402 474.075983657 1791.67827232 
30 7433.31753722 498.214775734 2069.46768704 
31 7132.39402428 510.811295792 2357.79467993 
32 6840.02884565 511.154081051 2649.8170733 
33 6562.67187258 499.704308117 2938.6238193 
34 6305.19753572 477.934827415 3217.86763686 
35 6070.73732805 448.00722867 3482.25544328 
36 5860.77537897 412.391846311 3727.83277472 
37 5675.41697181 373.52440749 3952.0586207 
38 5513.73236967 333.557943956 4153.70968637 
39 5374.09944357 294.225444485 4332.67511194 
40 5254.4998665 256.799210413 4489.70092308 
41 5152.74880328 222.118361754 4626.13283496 
42 5066.65857506 190.654568149 4743.68685679 
43 4994.14524386 162.592505735 4844.26225041 
44 4933.29055513 137.908748448 4929.80069643 
45 4882.37177212 116.440437233 5002.18779065 
46 4839.86973824 97.9403648631 5063.1898969 
47 4804.46318353 82.1183610325 5114.41845544 
48 4775.01504731 68.6705766564 5157.31437603 
49 4750.55483452 57.2989703293 5193.14619515 
50 4730.25957341 47.7233507155 5223.01707588 
51 4713.43485041 39.687837264 5247.87731233 
52 4699.49736358 32.9639766337 5268.53865979 
53 4687.95848377 27.3508558633 5285.69066037 
54 4678.41005142 22.6740448152 5299.91590377 
55 4670.51190797 18.7835847202 5311.70450731 
56 4663.98094142 15.5515007359 5321.46755784 
57 4658.58199467 12.8693095029 5329.54869583 
58 4654.11982778 10.6454377534 5336.23473447 
59 4650.43258559 8.80293697873 5341.76447743 
60 4647.3861568 7.27733751324 5346.33650568 
61 4644.86947989 6.0147683565 5350.11575176 
62 4642.79065118 4.97031632201 5353.2390325 
63 4641.07364121 4.10659601024 5355.81976278 
64 4639.6555749 3.39253560177 5357.9518895 
65 4638.4844724 2.80234119836 5359.7131864 
66 4637.51737016 2.31462041288 5361.16800943 
67 4636.71876338 1.91164506393 5362.36959155 
68 4636.05931734 1.57873388536 5363.36194878 
69 4635.51479747 1.30373497215 5364.18146756 
70 4635.06518464 1.07659437852 5364.85822099 
