Time S I R
0.0  10000 1 0
1 9996.74503716 3.27979011894 0.975172719696 
2 9986.08254774 10.7456188046 4.17183345283 
3 9951.288715 35.0843151743 14.6269698261 
4 9839.15777072 113.270752388 48.571476894 
5 9491.81961276 352.95236449 156.228022754 
6 8534.86874372 991.573763371 474.557492912 
7 6561.50375633 2177.30944355 1262.18680012 
8 4106.10447804 3228.59762721 2666.29789474 
9 2326.04222247 3306.31833805 4368.63943949 
10 1390.63072297 2700.81894991 5909.55032712 
11 936.460007243 1970.55676168 7093.98323108 
12 707.649609299 1360.15631138 7933.19407932 
13 584.899751216 912.237743459 8503.86250532 
14 515.275864163 602.2190272 8883.50510864 
15 474.10296335 393.933872543 9132.96316411 
16 449.03480448 256.275051704 9295.69014382 
17 433.468880067 166.158472999 9401.37264693 
18 423.676332472 107.503380818 9469.82028671 
19 417.462914348 69.4612640724 9514.07582158 
20 413.498365201 44.8429220181 9542.65871278 
21 410.959666197 28.9341033487 9561.10623045 
22 409.330178446 18.6627256165 9573.00709594 
23 408.282690317 12.0349121679 9580.68239752 
24 407.608674449 7.75976129496 9585.63156426 
25 407.174699191 5.00280641956 9588.82249439 
26 406.895163863 3.22517436927 9590.87966177 
27 406.715060204 2.07910307894 9592.20583672 
28 406.599000409 1.34025711535 9593.06074248 
29 406.524202675 0.863959377927 9593.61183795 
30 406.475993942 0.556921585321 9593.96708447 
31 406.444920979 0.358997884805 9594.19608114 
32 406.424892301 0.231413064009 9594.34369463 
33 406.411982187 0.149170398605 9594.43884741 
34 406.403660454 0.0961559819764 9594.50018356 
35 406.398296327 0.0619826127884 9594.53972106 
36 406.394838622 0.039954259969 9594.56520712 
37 406.392609787 0.0257546736957 9594.58163554 
38 406.391173077 0.0166015581294 9594.59222536 
39 406.390246971 0.010701423328 9594.59905161 
40 406.389649999 0.00689815699748 9594.60345184 
41 406.389265208 0.00444668080809 9594.60628811 
42 406.389017155 0.00286634956514 9594.6081165 
43 406.388857261 0.00184767787992 9594.60929506 
44 406.388754196 0.00119105707647 9594.61005475 
45 406.38868775 0.000767732000783 9594.61054452 
46 406.388644922 0.000494877090813 9594.6108602 
47 406.388617314 0.000318989960343 9594.6110637 
48 406.388599519 0.000205614618204 9594.61119487 
49 406.38858805 0.000132546797448 9594.6112794 
50 406.388580643 8.53595062215e-05 9594.611334 
51 406.388575881 5.50221975078e-05 9594.6113691 
52 406.388572808 3.54409015943e-05 9594.61139175 
53 406.38857084 2.29036819725e-05 9594.61140626 
54 406.388569568 1.47972625711e-05 9594.61141564 
55 406.38856875 9.59121845468e-06 9594.61142166 
56 406.388568214 6.17645806025e-06 9594.61142561 
57 406.388567855 3.88572370789e-06 9594.61142826 
58 406.38856764 2.51442048967e-06 9594.61142985 
59 406.388567494 1.58729293622e-06 9594.61143092 
60 406.388567405 1.02236526984e-06 9594.61143157 
61 406.388567351 6.72936887124e-07 9594.61143198 
62 406.388567315 4.45681715234e-07 9594.61143224 
63 406.388567291 2.93852316417e-07 9594.61143242 
64 406.388567275 1.92412803237e-07 9594.61143253 
65 406.388567265 1.25592226752e-07 9594.61143261 
66 406.388567258 8.19497203464e-08 9594.61143266 
67 406.388567253 5.35421310698e-08 9594.61143269 
68 406.388567251 3.51545357213e-08 9594.61143271 
69 406.388567248 1.79166491357e-08 9594.61143273 
70 406.388567245 3.0706275283e-10 9594.61143275 
