Time S I R
0.0  10000 1 0
1 9999.69129929 0.727235544498 0.581465169752 
2 9999.46680727 0.52886567201 1.004327055 
3 9999.30355625 0.384604754281 1.31183899367 
4 9999.1848364 0.279691783223 1.53547182158 
5 9999.09850242 0.203396612289 1.69810096665 
6 9999.03571949 0.147913114225 1.81636739964 
7 9998.99006331 0.107564672695 1.90237201579 
8 9998.9568615 0.0782224752413 1.96491602194 
9 9998.93271682 0.0568844127419 2.01039876346 
10 9998.91515852 0.0413670497672 2.04347442554 
11 9998.9023901 0.0300827648821 2.0675271304 
12 9998.89310464 0.0218765737854 2.08501878792 
13 9998.88635214 0.0159089246389 2.09773893778 
14 9998.88144161 0.0115691481218 2.10698924219 
15 9998.8778707 0.00841328521869 2.1137160122 
16 9998.87527392 0.00611832547813 2.11860775224 
17 9998.87338537 0.00444927244214 2.12216536215 
18 9998.87201202 0.00323555041865 2.12475242716 
19 9998.87101332 0.00235292545198 2.12663375403 
20 9998.87028703 0.00171105431153 2.12800191078 
21 9998.8697589 0.00124430403234 2.12899679505 
22 9998.86937484 0.00090487989829 2.12972028196 
23 9998.86909551 0.000658014082838 2.1302464796 
24 9998.86889239 0.000478505374645 2.13062910469 
25 9998.86874469 0.000347974792124 2.13090733228 
26 9998.86863727 0.000253040946661 2.13110968497 
27 9998.86855917 0.000184010346469 2.13125682457 
28 9998.86850238 0.000133825667785 2.13136379384 
29 9998.86846105 9.72988882934e-05 2.13144165113 
30 9998.86843095 7.07009085698e-05 2.13149834506 
31 9998.86840912 5.14007676933e-05 2.13153948356 
32 9998.86839329 3.74104280571e-05 2.13156930414 
33 9998.86838173 2.71966603424e-05 2.13159107491 
34 9998.86837337 1.98058970305e-05 2.13160682842 
35 9998.86836727 1.44168088987e-05 2.13161831533 
36 9998.86836285 1.05103841634e-05 2.13162664192 
37 9998.86835964 7.67899131798e-06 2.13163267707 
38 9998.86835727 5.58413235547e-06 2.13163714229 
39 9998.86835553 4.04422741088e-06 2.13164042462 
40 9998.86835423 2.89053202091e-06 2.13164288373 
41 9998.86835333 2.10289778685e-06 2.13164456259 
42 9998.86835266 1.50779076472e-06 2.13164583106 
43 9998.86835219 1.08699389085e-06 2.131646728 
44 9998.86835185 7.91003986115e-07 2.1316473589 
45 9998.86835162 5.845142174e-07 2.13164779904 
46 9998.86835144 4.32871739771e-07 2.13164812227 
47 9998.86835132 3.2186906263e-07 2.13164835887 
48 9998.86835122 2.37403206351e-07 2.13164853891 
49 9998.86835115 1.74946021888e-07 2.13164867204 
50 9998.8683511 1.28096151738e-07 2.1316487719 
51 9998.86835106 9.40113201391e-08 2.13164884455 
52 9998.86835103 6.89849407856e-08 2.1316488979 
53 9998.86835101 5.06931418268e-08 2.13164893689 
54 9998.86835099 3.48762675298e-08 2.1316489706 
55 9998.86835097 1.60938114501e-08 2.13164901063 
56 9998.86835096 4.02759261722e-10 2.13164904408 
57 9998.86835094 -1.21968890355e-08 2.13164907094 
58 9998.86835093 -2.17051334415e-08 2.1316490912 
59 9998.86835092 -2.81219739564e-08 2.13164910488 
60 9998.86835092 -3.14474105801e-08 2.13164911197 
61 9998.86835092 -3.16814433125e-08 2.13164911247 
62 9998.86835092 -2.88240721538e-08 2.13164910638 
63 9998.86835093 -2.32721540759e-08 2.13164909454 
64 9998.86835093 -2.5828113325e-08 2.13164909999 
65 9998.86835092 -2.75412471139e-08 2.13164910364 
66 9998.86835092 -2.84115554426e-08 2.1316491055 
67 9998.86835092 -2.84390383111e-08 2.13164910556 
68 9998.86835092 -2.76236957193e-08 2.13164910382 
69 9998.86835093 -2.59655276674e-08 2.13164910028 
70 9998.86835093 -2.34645341552e-08 2.13164909495 
