Time S I R
0.0  10000 1 0
1 9999.61842687 1.33221160576 0.049361528312 
2 9999.11011987 1.77475944837 0.115120682689 
3 9998.43300261 2.36427355321 0.202723841147 
4 9997.53105603 3.14952009683 0.319423876276 
5 9996.32969091 4.19542800118 0.474881088976 
6 9994.72963166 5.58840981504 0.681958526539 
7 9992.5987723 7.44344483303 0.95778286531 
8 9989.76142463 9.91342705654 1.32514831113 
9 9985.98399496 13.2016122361 1.81439280793 
10 9980.95621171 17.5779207264 2.46586756561 
11 9974.26629835 23.4004798521 3.33322179945 
12 9965.36849058 31.1437756354 4.48773378025 
13 9953.54068635 41.4352967736 6.02401687649 
14 9937.82966528 55.1028282751 8.0675064478 
15 9916.9809731 73.234794072 10.7842328246 
16 9889.35051291 97.2560031036 14.3934839878 
17 9852.79535012 129.020589565 19.1840603138 
18 9804.54290523 170.922238546 25.5348562277 
19 9741.0413474 226.018172196 33.9404804067 
20 9657.80124212 298.156506948 45.0422509308 
21 9549.25047351 392.085180398 59.6643460899 
22 9408.64369633 513.502758072 78.8535455961 
23 9228.09439746 668.986803545 103.918798995 
24 8998.82872263 865.707723148 136.463554226 
25 8711.78521316 1110.81547446 178.399312376 
26 8358.67794306 1410.3978734 231.924183542 
27 7933.56677116 1767.98593719 299.44729166 
28 7434.80306284 2182.75494444 383.441992717 
29 6866.94478066 2647.83247988 486.222739456 
30 6241.96923568 3149.36724606 609.663518268 
31 5579.05539333 3667.03946832 754.905138352 
32 4902.55148024 4176.3266469 922.121872861 
33 4238.45231574 4652.13132728 1110.41635698 
34 3610.41197284 5072.70793773 1317.88008943 
35 3036.54517787 5422.64982553 1541.8049966 
36 2527.85354551 5694.1591766 1778.9872779 
37 2088.37295561 5886.57990621 2026.04713818 
38 1716.52628798 6004.77234743 2279.70136459 
39 1406.96923459 6057.07546487 2536.95530054 
40 1152.3458719 6053.44429929 2795.20982881 
41 944.652833966 6004.04821013 3052.2989559 
42 776.137003857 5918.38493624 3306.4780599 
43 639.792210285 5804.82352988 3556.38425984 
44 529.567024292 5670.4488621 3800.98411361 
45 440.391617391 5521.08934136 4039.51904125 
46 368.105968579 5361.43984848 4271.45418294 
47 309.344171513 5195.22237802 4496.43345046 
48 261.407585137 5025.35083102 4714.24158385 
49 222.145343582 4854.08161711 4924.7730393 
50 189.848228289 4683.14497466 5128.00679705 
51 163.159216692 4513.85447906 5323.98630425 
52 141.000622329 4347.19564259 5512.80373508 
53 122.515703503 4183.89669484 5694.58760165 
54 107.021669116 4024.48536115 5869.49296973 
55 93.9728672945 3869.33320123 6037.69393147 
56 82.9317305114 3718.69056371 6199.37770578 
57 73.5463998467 3572.7134581 6354.74014205 
58 65.5325353172 3431.48538276 6503.98208193 
59 58.6595826741 3295.03374529 6647.30667203 
60 52.7399286146 3163.3427808 6784.91729059 
61 47.6201403176 3036.3639581 6917.01590158 
62 43.1743051016 2914.02385045 7043.80184445 
63 39.2986700809 2796.23041755 7165.47091237 
64 35.9074086185 2682.87791279 7282.21467859 
65 32.9291748225 2573.85085033 7394.21997484 
66 30.3044050303 2469.02704916 7501.66854581 
67 27.9835442569 2368.27956289 7604.73689285 
68 25.9246086987 2271.47941665 7703.59597465 
69 24.0924079255 2178.49632474 7798.41126733 
70 22.4569902873 2089.20034959 7889.34266012 
