Time S I R
0.0  10000 1 0
1 9994.42417026 6.18766554854 0.388164186885 
2 9960.04534193 38.1683998315 2.78625823834 
3 9752.53740629 231.023481705 17.4391120073 
4 8643.76119949 1255.80438537 101.434415138 
5 5135.48470547 4401.71919237 463.796102159 
6 1585.24705623 7133.90170228 1281.85124149 
7 373.577679629 7339.64258739 2287.77973298 
8 94.3109353555 6660.8900748 3245.79898984 
9 27.6344323922 5873.21633033 4100.14923728 
10 9.40603142165 5141.3607837 4850.23318488 
11 3.6661545344 4491.28596324 5506.04788222 
12 1.61011452913 3920.67724805 6078.71263742 
13 0.785040922299 3421.66724067 6578.5477184 
14 0.419349510907 2985.84161661 7014.73903388 
15 0.242653816087 2605.39625521 7395.36109098 
16 0.150565524671 2273.36878805 7727.48064643 
17 0.0993108715375 1983.62858872 8017.27210041 
18 0.0690252856402 1730.80058549 8270.13038922 
19 0.0502476925012 1510.18913207 8490.76062024 
20 0.0381044290425 1317.69435526 8683.26754032 
21 0.0299297803031 1149.73327504 8851.23679518 
22 0.0242538356579 1003.18012962 8997.79561654 
23 0.0202168158103 875.308843382 9125.6709398 
24 0.0172074265283 763.734344447 9237.24844813 
25 0.0149662862277 666.382429514 9334.6026042 
26 0.013246033559 581.439402464 9419.5473515 
27 0.0119080360855 507.323838201 9493.66425376 
28 0.0108514599015 442.655617131 9558.33353141 
29 0.0100064779526 386.230603404 9614.75939012 
30 0.00932316113904 336.997987043 9663.9926898 
31 0.00876516027347 294.040984176 9706.95025066 
32 0.00830562704505 256.559671642 9744.43202273 
33 0.00792439226279 223.85607435 9777.13600126 
34 0.00760607208395 195.321184515 9805.67120941 
35 0.00733878834399 170.423621905 9830.56903931 
36 0.00711325010525 148.699719264 9852.29316749 
37 0.00692211077694 129.74488742 9871.24819047 
38 0.00675954097824 113.206258641 9887.78698182 
39 0.0066208198532 98.7758321702 9902.21754701 
40 0.00650211305765 86.1848573162 9914.80864057 
41 0.00640027851296 75.198848506 9925.79475122 
42 0.0063127290905 65.6132339874 9935.38045328 
43 0.00623731856103 57.2494979259 9943.74426476 
44 0.00617225675524 49.9518853079 9951.04194244 
45 0.00611604136793 43.5844841446 9957.40939981 
46 0.0060674114593 38.0287543746 9962.96517821 
47 0.00602529616299 33.1812139867 9967.81276072 
48 0.00598878829987 28.9515903908 9972.04242082 
49 0.00595711504684 25.261120175 9975.73292271 
50 0.00592961593065 22.0410707921 9978.95299959 
51 0.00590572608417 19.2314883452 9981.76260593 
52 0.00588496009368 16.7800432189 9984.21407182 
53 0.00586690077216 14.6410817435 9986.35305136 
54 0.00585118885465 12.7747777266 9988.21937108 
55 0.00583751407976 11.1463706452 9989.84779184 
56 0.00582560856856 9.72553786815 9991.26863652 
57 0.00581524051086 8.48581984219 9992.50836492 
58 0.00580620912478 7.40412751647 9993.59006627 
59 0.00579834046403 6.46032060276 9994.53388106 
60 0.00579148352881 5.63682078318 9995.35738773 
61 0.00578550727005 4.91829222114 9996.07592227 
62 0.00578029786084 4.29135569629 9996.70286401 
63 0.00577575631905 3.74433439811 9997.24988985 
64 0.00577179660831 3.26704238002 9997.72718582 
65 0.00576834386629 2.85059121524 9998.14364044 
66 0.00576533292769 2.48722474544 9998.50700992 
67 0.00576270708552 2.17017724519 9998.82406005 
68 0.00576041693603 1.89354378343 9999.1006958 
69 0.00575841945283 1.65217274908 9999.34206883 
70 0.0057566771593 1.44156967909 9999.55267364 
