Time S I R
0.0  10000 1 0
1 9999.84066478 0.473122406263 0.68621281548 
2 9999.76528107 0.223845480408 1.01087344997 
3 9999.72961539 0.105906263062 1.16447834834 
4 9999.71274124 0.0501066693643 1.23715208911 
5 9999.70475776 0.0237067768533 1.27153546176 
6 9999.70098055 0.0112162419934 1.28780320369 
7 9999.6991935 0.00530679248713 1.29549970288 
8 9999.69834796 0.00251072381705 1.29914131778 
9 9999.69794792 0.00118785603465 1.30086422788 
10 9999.69775865 0.000561988733137 1.30167936081 
11 9999.69766911 0.000265878451809 1.30206501642 
12 9999.69762674 0.000125787241289 1.30224747196 
13 9999.69760668 5.94601154304e-05 1.30233385676 
14 9999.69759722 2.81516309638e-05 1.3023746331 
15 9999.69759274 1.33362804559e-05 1.30239392869 
16 9999.69759062 6.35502200995e-06 1.30240302112 
17 9999.69758961 2.9911928399e-06 1.30240740219 
18 9999.69758912 1.38439733053e-06 1.30240949489 
19 9999.6975889 6.4491992464e-07 1.30241045799 
20 9999.6975888 3.17529620379e-07 1.30241088438 
21 9999.69758875 1.56452894138e-07 1.30241109417 
22 9999.69758872 7.54779961178e-08 1.30241119963 
23 9999.69758871 3.65200109119e-08 1.30241125037 
24 9999.6975887 2.71729646052e-09 1.3024112944 
25 9999.6975887 -2.05816066442e-08 1.30241132474 
26 9999.69758869 -3.03805784588e-08 1.3024113375 
27 9999.69758869 -2.66796189832e-08 1.30241133268 
28 9999.69758869 -2.38424435518e-08 1.30241132899 
29 9999.69758869 -2.53519104633e-08 1.30241133095 
30 9999.69758869 -2.33877131719e-08 1.3024113284 
31 9999.6975887 -1.79498516775e-08 1.30241132131 
32 9999.6975887 -1.21438549543e-08 1.30241131375 
33 9999.6975887 -9.81827020181e-09 1.30241131072 
34 9999.6975887 -7.49268544936e-09 1.30241130769 
35 9999.6975887 -5.16710069691e-09 1.30241130467 
36 9999.6975887 -3.09926364312e-09 1.30241130197 
37 9999.6975887 -3.02820389614e-09 1.30241130188 
38 9999.6975887 -2.95714414916e-09 1.30241130179 
39 9999.6975887 -2.88608440218e-09 1.30241130169 
40 9999.6975887 -2.8150246552e-09 1.3024113016 
41 9999.6975887 -2.74396490822e-09 1.30241130151 
42 9999.6975887 -2.67290516124e-09 1.30241130142 
43 9999.6975887 -2.60184541426e-09 1.30241130132 
44 9999.6975887 -2.53078566728e-09 1.30241130123 
45 9999.6975887 -2.4597259203e-09 1.30241130114 
46 9999.6975887 -2.38866617332e-09 1.30241130105 
47 9999.6975887 -2.31760642634e-09 1.30241130095 
48 9999.6975887 -2.24654667936e-09 1.30241130086 
49 9999.6975887 -2.17548693237e-09 1.30241130077 
50 9999.6975887 -2.10442718539e-09 1.30241130068 
51 9999.6975887 -2.03336743841e-09 1.30241130058 
52 9999.6975887 -1.96230769143e-09 1.30241130049 
53 9999.6975887 -1.89124794445e-09 1.3024113004 
54 9999.6975887 -1.82018819747e-09 1.30241130031 
55 9999.6975887 -1.74912845049e-09 1.30241130021 
56 9999.6975887 -1.67806870351e-09 1.30241130012 
57 9999.6975887 -1.60700895653e-09 1.30241130003 
58 9999.6975887 -1.53594920955e-09 1.30241129994 
59 9999.6975887 -1.46488946257e-09 1.30241129984 
60 9999.6975887 -1.39382971559e-09 1.30241129975 
61 9999.6975887 -1.32276996861e-09 1.30241129966 
62 9999.6975887 -1.25171022163e-09 1.30241129957 
63 9999.6975887 -1.18065047465e-09 1.30241129947 
64 9999.6975887 -1.10959072767e-09 1.30241129938 
65 9999.6975887 -1.03853098069e-09 1.30241129929 
66 9999.6975887 -9.67471233712e-10 1.3024112992 
67 9999.6975887 -8.96411486732e-10 1.3024112991 
68 9999.6975887 -8.25351739752e-10 1.30241129901 
69 9999.6975887 -7.54291992772e-10 1.30241129892 
70 9999.6975887 -6.83232245792e-10 1.30241129883 
