Time S I R
0.0  10000 1 0
1 9998.59370206 2.06356212007 0.342735823922 
2 9995.69263703 4.25744192305 1.04992104716 
3 9989.7111764 8.78016901253 2.50865458409 
4 9977.39203173 18.0922183178 5.51574995457 
5 9952.07723394 37.2160181421 11.7067479164 
6 9900.29770643 76.2831217982 24.4191717686 
7 9795.38150954 155.236165753 50.3823247027 
8 9586.80154596 311.363351581 102.835102458 
9 9187.32923886 607.112906678 206.557854467 
10 8473.95642044 1123.51030271 403.533276854 
11 7344.58954456 1904.30758647 752.102868973 
12 5852.58925576 2842.91892822 1305.49181602 
13 4277.62289219 3653.92490515 2069.45220265 
14 2943.21129896 4077.16281359 2980.62588745 
15 1985.77736235 4075.66782233 3939.55481532 
16 1360.79400965 3779.6126653 4860.59332505 
17 966.944304353 3340.78888233 5693.26681332 
18 718.305526795 2865.04795079 6417.64652242 
19 558.095174372 2410.25015588 7032.65466974 
20 451.964674138 2002.36017189 7546.67515397 
21 379.606132979 1649.53973292 7971.8541341 
22 328.926673946 1351.00239831 8321.07092774 
23 292.573638227 1101.94251475 8606.48384702 
24 265.956825741 896.1163811 8838.92679316 
25 246.128672485 727.129756132 9027.74157138 
26 231.14342676 589.034487646 9180.82208559 
27 219.682736831 476.566165516 9304.75109765 
28 210.831759891 385.199550886 9404.96868922 
29 203.941526533 311.116313666 9485.9421598 
30 198.542761818 251.134013575 9551.32322461 
31 194.290157473 202.623016524 9604.086826 
32 190.926151653 163.423437835 9646.65041051 
33 188.255912859 131.769512105 9680.97457504 
34 186.130333357 106.222462327 9708.64720432 
35 184.434484828 85.6127736538 9730.95274152 
36 183.079017921 68.9918256589 9748.92915642 
37 181.994013709 55.5912031872 9763.4147831 
38 181.124460219 44.7892150312 9775.08632475 
39 180.426920358 36.0834890696 9784.48959057 
40 179.866935735 29.0681677942 9792.06489647 
41 179.417099085 23.4156355526 9798.16726536 
42 179.055561816 18.861549875 9803.08288831 
43 178.764873912 15.1927111484 9807.04241494 
44 178.531074794 12.2372056863 9810.23171952 
45 178.342982053 9.85645038163 9812.80056757 
46 178.191628172 7.93874353008 9814.8696283 
47 178.069816468 6.39406941843 9816.53611411 
48 177.971767241 5.14989491762 9817.87833784 
49 177.892836273 4.14778000757 9818.95938372 
50 177.829290112 3.34064337876 9819.83006651 
51 177.77812635 2.69055662465 9820.53131703 
52 177.736929816 2.16696676058 9821.09610342 
53 177.703757246 1.74526277271 9821.55097998 
54 177.677044785 1.40562075437 9821.91733446 
55 177.655533727 1.13207317404 9822.2123931 
56 177.63821084 0.91175893867 9822.45003022 
57 177.624260422 0.734319247011 9822.64142033 
58 177.613025731 0.591410805967 9822.79556346 
59 177.603977971 0.476313661226 9822.91970837 
60 177.596691385 0.383615924302 9823.01969269 
61 177.590823094 0.30895832442 9823.10021858 
62 177.586097005 0.248830110608 9823.16507288 
63 177.582290782 0.200403755005 9823.21730546 
64 177.57922537 0.16140187232 9823.25937276 
65 177.576756577 0.129990373409 9823.29325305 
66 177.574768271 0.104691978485 9823.32053975 
67 177.573166946 0.0843171370245 9823.34251592 
68 177.571877277 0.0679075934413 9823.36021513 
69 177.570838606 0.0546916043587 9823.37446979 
70 177.570002082 0.0440476677684 9823.38595025 
