Time S I R
0.0  10000 1 0
1 9998.4000052 1.67581829363 0.924176506445 
2 9995.71962217 2.80764794038 2.47272988769 
3 9991.23150749 4.70188778423 5.0666047264 
4 9983.72259974 7.86846742597 9.40893283304 
5 9971.17681333 13.1518554384 16.671331231 
6 9950.26312017 21.9388702472 28.7980095874 
7 9915.5319863 36.4749443323 48.9930693705 
8 9858.21505281 60.3086800291 82.4762671586 
9 9764.59488894 98.8172132695 137.587897788 
10 9614.21456139 159.557007458 227.228431147 
11 9378.99823757 251.711801234 370.289961193 
12 9025.82995339 383.195990786 591.974055829 
13 8526.39768409 553.85793461 920.744381302 
14 7875.61044915 746.079915275 1379.30963558 
15 7109.62932837 921.091414465 1970.27925717 
16 6304.18825941 1032.08867707 2664.72306351 
17 5545.34339323 1050.17190382 3405.48470295 
18 4894.43911981 979.93575479 4126.6251254 
19 4374.40208418 851.195367638 4775.40254818 
20 3978.59560562 699.232897464 5323.17149692 
21 3686.41548372 550.878335362 5763.70618092 
22 3474.61995899 420.93106587 6105.44897514 
23 3322.68475422 314.624478946 6363.69076683 
24 3214.324518 231.487296616 6555.18818538 
25 3137.29121639 168.417381502 6695.29140211 
26 3082.62597772 121.558229204 6796.81579308 
27 3043.87248342 87.2421303103 6869.88538627 
28 3016.41474459 62.3631192567 6922.22213615 
29 2996.96653951 44.4524824387 6959.58097805 
30 2983.19423089 31.6221186096 6986.1836505 
31 2973.44258433 22.4630208381 7005.09439483 
32 2966.53830761 15.9407206434 7018.52097175 
33 2961.65019839 11.304143433 7028.04565818 
34 2958.18961044 8.01212455712 7034.798265 
35 2955.73971157 5.67678557689 7039.58350285 
36 2954.00534676 4.02112243761 7042.9735308 
37 2952.77754183 2.84782948723 7045.37462868 
38 2951.90835333 2.01662754278 7047.07501912 
39 2951.29303871 1.4279015805 7048.27905971 
40 2950.85744841 1.01098193596 7049.13156965 
41 2950.54908766 0.715762304837 7049.73515004 
42 2950.33079524 0.506734510179 7050.16247025 
43 2950.1762634 0.35874207922 7050.46499452 
44 2950.06686851 0.253966934586 7050.67916455 
45 2949.98942672 0.179790701293 7050.83078258 
46 2949.93460472 0.127278027729 7050.93811726 
47 2949.89579577 0.0901026628096 7051.01410157 
48 2949.86832246 0.063785186545 7051.06789235 
49 2949.84887384 0.0451544857247 7051.10597167 
50 2949.83510597 0.0319654730451 7051.13292856 
51 2949.82535954 0.0226287537745 7051.1520117 
52 2949.81845995 0.0160191617604 7051.16552088 
53 2949.81357567 0.011340146561 7051.17508419 
54 2949.81011803 0.00802781057828 7051.18185416 
55 2949.80767033 0.00568297450645 7051.18664669 
56 2949.80593756 0.00402301961748 7051.19003942 
57 2949.80471095 0.0028479501287 7051.1924411 
58 2949.80384268 0.00201616501456 7051.19414115 
59 2949.80322796 0.00142727370348 7051.19534476 
60 2949.80279278 0.00101037730011 7051.19619684 
61 2949.80248472 0.000715258168052 7051.19680002 
62 2949.80226664 0.000506345328412 7051.19722701 
63 2949.80211217 0.00035836823319 7051.19752946 
64 2949.80200286 0.000253643570656 7051.1977435 
65 2949.80192554 0.000179574755768 7051.19789489 
66 2949.80187078 0.000127119342538 7051.1980021 
67 2949.80183205 9.00153891817e-05 7051.19807793 
68 2949.80180468 6.37971753285e-05 7051.19813152 
69 2949.80178532 4.52469117426e-05 7051.19816943 
70 2949.8017715 3.20098228013e-05 7051.19819649 
