Time S I R
0.0  10000 1 0
1 9997.27703095 2.51066022611 1.21230882702 
2 9990.44638668 6.29873999024 4.25487332896 
3 9973.34612504 15.7729231107 11.8809518498 
4 9930.75170799 39.3148225986 30.9334694139 
5 9825.97396457 96.8754136835 78.1506217455 
6 9575.95285555 232.161072466 192.886071983 
7 9020.03546176 521.845481271 459.119056969 
8 7954.53335874 1027.76057613 1018.70606513 
9 6378.37570266 1620.88820578 2001.73609155 
10 4718.28017698 1938.97672829 3343.74309473 
11 3438.11758043 1810.13519071 4752.74722886 
12 2624.86873725 1421.93871553 5954.19254722 
13 2147.44019799 1005.69899824 6847.86080377 
14 1871.37333791 669.215450172 7460.41121192 
15 1710.42720492 429.836407834 7860.73638724 
16 1615.40353223 270.416649082 8115.17981869 
17 1558.69342905 168.042198637 8274.26437232 
18 1524.58532351 103.657594745 8372.75708174 
19 1503.9645397 63.6580123289 8433.37744797 
20 1491.45622146 38.988430546 8470.555348 
21 1483.85289158 23.8401161109 8493.30699231 
22 1479.22512281 14.5629363849 8507.2119408 
23 1476.4061714 8.89050699815 8515.7033216 
24 1474.68819333 5.42555129004 8520.88625538 
25 1473.64087485 3.310271281 8524.04885387 
26 1473.00228763 2.01940650818 8525.97830586 
27 1472.61287444 1.23182096341 8527.1553046 
28 1472.37539228 0.751362069968 8527.87324565 
29 1472.23055862 0.45828687924 8528.31115451 
30 1472.14222639 0.279522863973 8528.57825075 
31 1472.08835284 0.170487381942 8528.74115977 
32 1472.05549519 0.103983346588 8528.84052147 
33 1472.03545513 0.063421103002 8528.90112376 
34 1472.02323253 0.0386814389652 8528.93808603 
35 1472.01577785 0.0235923206756 8528.96062983 
36 1472.01123116 0.0143892565189 8528.97437959 
37 1472.00845807 0.00877615782771 8528.98276578 
38 1472.00676678 0.00535276345992 8528.98788046 
39 1472.00573522 0.00326474682614 8528.99100003 
40 1472.00510606 0.00199122824775 8528.99290271 
41 1472.00472233 0.00121450919336 8528.99406316 
42 1472.00448826 0.000740718929465 8528.99477102 
43 1472.00434551 0.000451765394257 8528.99520273 
44 1472.00425844 0.000275522382235 8528.99546604 
45 1472.00420535 0.00016806256648 8528.99562659 
46 1472.00417291 0.000102408840742 8528.99572468 
47 1472.00415317 6.24464767819e-05 8528.99578438 
48 1472.00414113 3.80768183115e-05 8528.99582079 
49 1472.00413382 2.32785834563e-05 8528.9958429 
50 1472.00412935 1.4242769877e-05 8528.9958564 
51 1472.00412664 8.74066547849e-06 8528.99586462 
52 1472.00412494 5.29823987981e-06 8528.99586977 
53 1472.00412389 3.18505813369e-06 8528.99587292 
54 1472.00412326 1.9054455867e-06 8528.99587483 
55 1472.00412289 1.15647057736e-06 8528.99587595 
56 1472.00412267 7.21175157628e-07 8528.9958766 
57 1472.00412254 4.53873532241e-07 8528.995877 
58 1472.00412246 2.83428159494e-07 8528.99587726 
59 1472.0041224 1.75159907455e-07 8528.99587742 
60 1472.00412237 1.08157733329e-07 8528.99587752 
61 1472.00412235 6.71170644618e-08 8528.99587758 
62 1472.00412234 4.17825038347e-08 8528.99587762 
63 1472.00412233 2.12569795406e-08 8528.99587765 
64 1472.00412232 -1.81853069498e-11 8528.99587768 
65 1472.00412231 -1.56866376736e-08 8528.99587771 
66 1472.00412231 -2.57483775592e-08 8528.99587772 
67 1472.0041223 -3.02034049639e-08 8528.99587773 
68 1472.0041223 -2.90517198876e-08 8528.99587773 
69 1472.00412231 -2.22933223303e-08 8528.99587771 
70 1472.00412231 -2.32539613957e-08 8528.99587772 
