Time S I R
0.0  10000 1 0
1 9998.24925192 1.64414116242 1.10660691491 
2 9995.37188219 2.70237176781 2.92574604694 
3 9990.645517 4.43948357016 5.91499942988 
4 9982.88905305 7.2872009483 10.8237460011 
5 9970.17885949 11.9453845146 18.8757559915 
6 9949.40200286 19.5378034283 32.0601937096 
7 9915.57400062 31.8404419898 53.5855573928 
8 9860.85200591 51.5858824978 88.5621115876 
9 9773.24890643 82.7897525728 144.961340998 
10 9635.31300531 130.889101629 234.797893064 
11 9423.66300014 202.161358422 375.17564144 
12 9111.32538261 301.472019134 588.202598261 
13 8675.58855963 427.487080771 897.924359602 
14 8112.10001435 566.533271377 1322.36671428 
15 7448.69254534 690.710653736 1861.59680093 
16 6745.16485745 767.192200286 2488.64294226 
17 6072.42970468 775.880302738 3152.68999258 
18 5485.06567549 720.292000783 3795.64232372 
19 5007.73031032 622.196521238 4371.07316844 
20 4639.36588823 507.664720657 4853.96939112 
21 4364.85713455 396.689058344 5239.4538071 
22 4164.87293109 300.2568958 5535.87017311 
23 4021.26382942 222.092576645 5757.64359393 
24 3919.07332128 161.59431977 5920.33235895 
25 3846.77659821 116.210726736 6038.01267505 
26 3795.81981881 82.8866734359 6122.29350776 
27 3759.99193428 58.7762387646 6182.23182696 
28 3734.84216354 41.5095000758 6224.64833638 
29 3717.20729063 29.2314565053 6254.56125286 
30 3704.85098964 20.5438722947 6275.60513806 
31 3696.19763408 14.4179712023 6290.38439472 
32 3690.13967207 10.1087822865 6300.75154564 
33 3685.89967446 7.08262992203 6308.01769562 
34 3682.93257337 4.95999157513 6313.10743505 
35 3680.856473 3.47232895427 6316.67119805 
36 3679.4039192 2.43028481386 6319.16579598 
37 3678.38770609 1.70067975695 6320.91161415 
38 3677.67678227 1.18997486145 6322.13324287 
39 3677.17944679 0.832564602323 6322.98798861 
40 3676.83153525 0.582469213512 6323.58599553 
41 3676.58815826 0.407484602793 6324.00435714 
42 3676.41790822 0.285060753879 6324.29703103 
43 3676.29881354 0.199413785035 6324.50177267 
44 3676.21550398 0.139497743544 6324.64499828 
45 3676.15722699 0.0975831424678 6324.74518987 
46 3676.11646112 0.0682621316269 6324.81527675 
47 3676.08794457 0.0477510272029 6324.8643044 
48 3676.06799671 0.0334029032496 6324.89860039 
49 3676.05404283 0.0233660231932 6324.92259115 
50 3676.04428183 0.0163449850321 6324.93937319 
51 3676.03745385 0.0114336268577 6324.95111253 
52 3676.03267755 0.00799802828682 6324.95932442 
53 3676.02933645 0.00559476350924 6324.96506879 
54 3676.02699927 0.00391362208333 6324.9690871 
55 3676.02536441 0.00273765545827 6324.97189793 
56 3676.02422089 0.00191511075941 6324.973864 
57 3676.02342088 0.00133966159992 6324.97523946 
58 3676.02286125 0.000937112324747 6324.97620164 
59 3676.02246978 0.000655526847008 6324.97687469 
60 3676.02219595 0.000458558788418 6324.97734549 
61 3676.02200426 0.000320674253403 6324.97767507 
62 3676.02187024 0.000224277250007 6324.97790548 
63 3676.02177659 0.000156912513161 6324.9780665 
64 3676.02171106 0.000109773461307 6324.97817917 
65 3676.02166524 7.6817657463e-05 6324.97825794 
66 3676.02163325 5.38058849213e-05 6324.97831294 
67 3676.02161088 3.77132990977e-05 6324.97835141 
68 3676.02159508 2.63482666519e-05 6324.97837857 
69 3676.02158392 1.83218568546e-05 6324.97839776 
70 3676.02157626 1.28147174407e-05 6324.97841092 
