Time S I R
0.0  10000 1 0
1 9998.71569339 1.70470707166 0.579599534768 
2 9996.52688919 2.90554605296 1.56756475926 
3 9992.79786379 4.95089496767 3.25124124229 
4 9986.44852696 8.43202327536 6.11944976584 
5 9975.64845994 14.3491456811 11.0023943823 
6 9957.30905046 24.3847869249 19.3061626178 
7 9926.2569858 41.3420780077 33.4009361916 
8 9873.93593485 69.8141558 57.2499093486 
9 9786.49744371 117.11294759 97.3896086979 
10 9642.34912512 194.298667558 164.352207326 
11 9409.94786443 316.603204166 274.448931404 
12 9048.31431903 501.390927021 451.294753945 
13 8515.20314767 760.470731378 725.326120957 
14 7787.82215503 1084.90947332 1128.26837164 
15 6891.01968746 1429.62477989 1680.35553265 
16 5908.74267318 1717.91861057 2374.33871624 
17 4955.20926711 1877.2539214 3168.53681149 
18 4123.01009502 1879.77751215 3998.21239282 
19 3453.14902985 1749.56249598 4798.28847417 
20 2941.90846668 1537.75087218 5521.34066115 
21 2563.30811674 1294.68871959 6143.00316367 
22 2286.838219 1056.13579284 6658.02598816 
23 2085.80319845 841.933531524 7073.26327002 
24 1939.48072872 660.032605438 7401.48666584 
25 1832.62827662 511.156307116 7657.21541626 
26 1754.28511477 392.342212996 7854.37267223 
27 1696.61912989 299.177181118 8005.20368899 
28 1654.02588933 227.03465468 8119.93945599 
29 1622.47461868 171.673295233 8206.85208608 
30 1599.04815003 129.467733968 8272.484116 
31 1581.6221794 97.4460700245 8321.93175057 
32 1568.64110319 73.2369088066 8359.12198801 
33 1558.96045119 54.9820322491 8387.05751656 
34 1551.73500422 41.2436690416 8408.02132673 
35 1546.33863567 30.9192891373 8423.74207519 
36 1542.30633697 23.1688234203 8435.52483961 
37 1539.29221405 17.3552525797 8444.35253337 
38 1537.03854242 12.9971264628 8450.96433112 
39 1535.35312013 9.73153566735 8455.9153442 
40 1534.09246558 7.28540135863 8459.62213306 
41 1533.14942027 5.45355378673 8462.39702594 
42 1532.44390136 4.08198093033 8464.47411771 
43 1531.91604987 3.05517917791 8466.02877096 
44 1531.52110397 2.28656147175 8467.19233455 
45 1531.22558988 1.71125512817 8468.06315499 
46 1531.00446795 1.28066543536 8468.71486661 
47 1530.83900774 0.958403982965 8469.20258828 
48 1530.71519577 0.717224976203 8469.56757926 
49 1530.6225477 0.536732257164 8469.84072004 
50 1530.55321885 0.401658158969 8470.04512299 
51 1530.50133951 0.300575055312 8470.19808543 
52 1530.46251754 0.22492990246 8470.31255255 
53 1530.43346619 0.168321036617 8470.39821277 
54 1530.41172687 0.125959181805 8470.46231395 
55 1530.39545896 0.0942584775365 8470.51028256 
56 1530.3832854 0.0705359523835 8470.54617864 
57 1530.37417567 0.0527837011199 8470.57304063 
58 1530.36735868 0.0394992265664 8470.5931421 
59 1530.3622574 0.0295581694783 8470.60818443 
60 1530.35844 0.022119023737 8470.61944097 
61 1530.35558338 0.0165521628868 8470.62786446 
62 1530.3534457 0.012386338796 8470.63416796 
63 1530.35184603 0.00926896525439 8470.638885 
64 1530.35064896 0.00693614978924 8470.64241489 
65 1530.3497532 0.00519053048511 8470.64505627 
66 1530.34908288 0.00388423266647 8470.64703288 
67 1530.34858125 0.00290665814168 8470.64851209 
68 1530.34820586 0.00217512388448 8470.64961901 
69 1530.34792496 0.00162770072963 8470.65044734 
70 1530.34771477 0.00121808578744 8470.65106715 
