Time S I R
0.0  10000 1 0
1 9999.82424608 0.647884987731 0.52786893623 
2 9999.71037889 0.419752299093 0.869868808938 
3 9999.63660828 0.271950937355 1.09144078207 
4 9999.58881344 0.176191843659 1.23499471675 
5 9999.55784829 0.11415142127 1.32800028826 
6 9999.5377866 0.0739565468636 1.3882568494 
7 9999.52478904 0.0479150273388 1.42729593442 
8 9999.51636827 0.0310434079755 1.45258832297 
9 9999.51091254 0.0201124424897 1.46897502094 
10 9999.50737788 0.0130304841054 1.47959163913 
11 9999.50508784 0.00844221724716 1.4864699442 
12 9999.50360422 0.00546967752856 1.49092610025 
13 9999.50264293 0.00354365773205 1.49381341045 
14 9999.50202015 0.00229586720489 1.49568398217 
15 9999.50161665 0.00148741236884 1.49689594258 
16 9999.50135525 0.000963682373141 1.49768106994 
17 9999.50118588 0.000624336429697 1.49818978585 
18 9999.50107614 0.000404477764328 1.49851937753 
19 9999.50100506 0.000262048023494 1.49873289496 
20 9999.500959 0.000169768461466 1.49887123191 
21 9999.50092917 0.000110000993176 1.49896082974 
22 9999.50090981 7.12211090347e-05 1.49901896494 
23 9999.50089728 4.61152783657e-05 1.49905660127 
24 9999.50088919 2.99060553378e-05 1.49908090063 
25 9999.50088395 1.93921160362e-05 1.49909666215 
26 9999.50088054 1.2574823926e-05 1.499106882 
27 9999.50087835 8.17630832194e-06 1.49911347584 
28 9999.50087692 5.32390515164e-06 1.4991177519 
29 9999.50087598 3.4307929367e-06 1.49912058988 
30 9999.50087536 2.18957881388e-06 1.49912245059 
31 9999.50087497 1.4030786587e-06 1.49912362964 
32 9999.50087471 8.96891354327e-07 1.49912438847 
33 9999.50087456 5.83264897506e-07 1.49912485863 
34 9999.50087446 3.88438873398e-07 1.49912515069 
35 9999.5008744 2.58940505675e-07 1.49912534483 
36 9999.50087435 1.71083261379e-07 1.49912547653 
37 9999.50087432 1.12017270716e-07 1.49912556508 
38 9999.5008743 7.34096637147e-08 1.49912562296 
39 9999.50087429 4.82977374855e-08 1.4991256606 
40 9999.50087428 2.96814351222e-08 1.49912568851 
41 9999.50087427 7.86785255689e-09 1.49912572121 
42 9999.50087426 -9.11497504306e-09 1.49912574667 
43 9999.50087426 -2.12670476777e-08 1.49912576489 
44 9999.50087425 -2.85883653471e-08 1.49912577586 
45 9999.50087425 -3.10789280511e-08 1.4991257796 
46 9999.50087425 -2.87387357898e-08 1.49912577609 
47 9999.50087426 -2.18894811855e-08 1.49912576582 
48 9999.50087425 -2.45467586033e-08 1.4991257698 
49 9999.50087425 -2.59417502084e-08 1.4991257719 
50 9999.50087425 -2.60744560009e-08 1.49912577209 
51 9999.50087425 -2.49448759806e-08 1.4991257704 
52 9999.50087426 -2.25530101476e-08 1.49912576682 
53 9999.50087426 -1.88988585019e-08 1.49912576134 
54 9999.50087426 -1.39824210435e-08 1.49912575397 
55 9999.50087426 -1.25457462356e-08 1.49912575181 
56 9999.50087426 -1.10886634253e-08 1.49912574963 
57 9999.50087426 -9.63158061506e-09 1.49912574744 
58 9999.50087426 -8.17449780478e-09 1.49912574526 
59 9999.50087426 -6.71741499451e-09 1.49912574308 
60 9999.50087426 -5.26033218424e-09 1.49912574089 
61 9999.50087427 -3.80324937397e-09 1.49912573871 
62 9999.50087427 -3.32545104727e-09 1.49912573799 
63 9999.50087427 -3.2800629962e-09 1.49912573792 
64 9999.50087427 -3.23467494513e-09 1.49912573786 
65 9999.50087427 -3.18928689406e-09 1.49912573779 
66 9999.50087427 -3.14389884299e-09 1.49912573772 
67 9999.50087427 -3.09851079192e-09 1.49912573765 
68 9999.50087427 -3.05312274085e-09 1.49912573758 
69 9999.50087427 -3.00773468978e-09 1.49912573752 
70 9999.50087427 -2.96234663871e-09 1.49912573745 
