Time S I R
0.0  10000 1 0
1 9996.16450815 4.20893600453 0.626555847186 
2 9980.04917511 17.6890807655 3.261744121 
3 9912.81085538 73.8864410442 14.3027035788 
4 9640.25581464 300.905670213 59.8385151486 
5 8652.4138232 1112.17702521 236.409151583 
6 6139.3475111 3064.83915851 796.81333039 
7 3008.7899879 5030.58778179 1961.6222303 
8 1206.50329407 5340.38054192 3454.11616401 
9 508.854168783 4628.00374297 4864.14208825 
10 248.502399032 3717.78265107 6034.7149499 
11 141.033511873 2900.086406 6959.88008213 
12 90.9382261372 2233.48644427 7676.5753296 
13 64.9325966395 1709.37040175 8226.69700161 
14 50.2002919677 1303.8218246 8646.97788343 
15 41.2619710034 992.520617148 8967.21741185 
16 35.5441044273 754.614172286 9210.84172329 
17 31.7346769284 573.272032117 9395.99329095 
18 29.1166266922 435.27144311 9536.6119302 
19 27.2745367179 330.365901451 9643.35956183 
20 25.9547840545 250.67646974 9724.36874621 
21 24.9962385877 190.172517356 9785.83124406 
22 24.2927474851 144.251407009 9832.45584551 
23 23.7723922289 109.407524072 9867.8200837 
24 23.3851891309 82.9737254844 9894.64108538 
25 23.0957615641 62.9229584669 9914.98127997 
26 22.8786701289 47.7154330016 9930.40589687 
27 22.7154097402 36.1821437981 9942.10244646 
28 22.5923891655 27.4358929293 9950.97171791 
29 22.4995516894 20.8034829782 9957.69696533 
30 22.4294118854 15.7741841573 9962.79640396 
31 22.3763746952 11.9606084114 9966.66301689 
32 22.3362435639 9.06892995268 9969.59482648 
33 22.3058629185 6.87632312962 9971.81781395 
34 22.2828550554 5.21380187503 9973.50334307 
35 22.265425777 3.95322327346 9974.78135095 
36 22.2522196017 2.99741559221 9975.75036481 
37 22.242211637 2.27269779673 9976.48509057 
38 22.2346264137 1.72320028794 9977.0421733 
39 22.228876892 1.30656009939 9977.46456301 
40 22.2245185 0.990655557504 9977.78482594 
41 22.2212144644 0.751130908222 9978.02765463 
42 22.2187096193 0.569519169031 9978.21177121 
43 22.2168105951 0.431818135194 9978.35137127 
44 22.2153708351 0.327411065639 9978.4572181 
45 22.2142792497 0.248247997083 9978.53747275 
46 22.2134516288 0.188225321669 9978.59832305 
47 22.2128241348 0.142715206732 9978.64446066 
48 22.2123483706 0.108208694925 9978.67944293 
49 22.2119876468 0.0820454035776 9978.70596695 
50 22.2117141448 0.0622080228608 9978.72607783 
51 22.2115067738 0.047167023305 9978.7413262 
52 22.2113495435 0.0357627337528 9978.75288772 
53 22.2112303298 0.0271158189329 9978.76165385 
54 22.2111399408 0.0205596075326 9978.76830045 
55 22.2110714067 0.0155885912758 9978.77334 
56 22.2110194433 0.0118194934656 9978.77716106 
57 22.2109800437 0.00896168782828 9978.78005827 
58 22.210950171 0.00679490312538 9978.78225493 
59 22.2109275217 0.00515205978847 9978.78392042 
60 22.2109103482 0.00390639377796 9978.78518326 
61 22.2108973267 0.00296188905828 9978.78614078 
62 22.2108874537 0.00224575646407 9978.78686679 
63 22.2108799679 0.00170277971831 9978.78741725 
64 22.2108742923 0.00129111048403 9978.7878346 
65 22.2108699885 0.000978931958334 9978.78815108 
66 22.210866725 0.000742217217125 9978.78839106 
67 22.2108642508 0.000562751475025 9978.788573 
68 22.2108623748 0.000426682381679 9978.78871094 
69 22.2108609522 0.000323494661438 9978.78881555 
70 22.210859874 0.000245284466983 9978.78889484 
