Time S I R
0.0  10000 1 0
1 9995.84031805 4.23100688849 0.928675060793 
2 9978.27504389 17.870457002 4.85449910888 
3 9904.69196045 74.932316637 21.3757229104 
4 9606.46070736 304.922156263 89.6171363792 
5 8542.01182342 1107.23494721 351.753229366 
6 5968.00171943 2880.85023754 1152.14804302 
7 2990.81006606 4315.95438313 2694.23555081 
8 1332.68451965 4169.76911037 4498.54636998 
9 664.41511577 3284.39701627 6052.18786796 
10 393.337158339 2385.30622421 7222.35661745 
11 270.675531436 1673.71875946 8056.6057091 
12 208.704246609 1155.34143649 8636.9543169 
13 174.555516957 790.670375069 9035.77410797 
14 154.51165238 538.461605676 9308.02674194 
15 142.213278739 365.627382801 9493.15933846 
16 134.432261547 247.815510193 9618.75222826 
17 129.404990431 167.768557299 9703.82645227 
18 126.10999282 113.491251676 9761.3987555 
19 123.92922427 76.7354883785 9800.33528735 
20 122.476352675 51.8662963728 9826.65735095 
21 121.504119591 35.0491898375 9844.44669057 
22 120.851546446 23.6813282106 9856.46712534 
23 120.412634682 15.9989071408 9864.58845818 
24 120.117022275 10.8080057943 9870.07497193 
25 119.917737961 7.30097949551 9873.78128254 
26 119.783307462 4.9317763624 9876.28491618 
27 119.692586549 3.33132206753 9877.97609138 
28 119.631345629 2.25021422439 9879.11844015 
29 119.589997047 1.51994210304 9879.89006085 
30 119.56207567 1.0266617034 9880.41126263 
31 119.543219607 0.693467164001 9880.76331323 
32 119.530484825 0.468406823559 9881.00110835 
33 119.521883808 0.316387676583 9881.16172852 
34 119.516074565 0.213705354837 9881.27022008 
35 119.51215085 0.144348046412 9881.3435011 
36 119.509500631 0.0975002506441 9881.39299912 
37 119.507710572 0.0658568386026 9881.42643259 
38 119.506501485 0.0444831608277 9881.44901535 
39 119.505684812 0.0300462622519 9881.46426893 
40 119.505133191 0.0202948218142 9881.47457199 
41 119.504760599 0.0137081798842 9881.48153122 
42 119.504508931 0.00925921720709 9881.48623185 
43 119.504338943 0.00625417827572 9881.48940688 
44 119.504224128 0.00422447730036 9881.49155139 
45 119.504146572 0.00285343617836 9881.49299999 
46 119.504094187 0.00192737733241 9881.49397844 
47 119.504058805 0.00130190255711 9881.49463929 
48 119.504034903 0.000879352349946 9881.49508574 
49 119.504018758 0.000593939120436 9881.4953873 
50 119.504007853 0.000401173655206 9881.49559097 
51 119.504000488 0.000270960398527 9881.49572855 
52 119.503995513 0.000183027891599 9881.49582146 
53 119.503992152 0.000123610930134 9881.49588424 
54 119.503989879 8.34244495836e-05 9881.4959267 
55 119.503988347 5.63481229289e-05 9881.4959553 
56 119.503987316 3.81060194277e-05 9881.49597458 
57 119.503986617 2.57525345573e-05 9881.49598763 
58 119.503986145 1.74154044182e-05 9881.49599644 
59 119.503985828 1.1804911457e-05 9881.49600237 
60 119.503985613 8.01210272857e-06 9881.49600637 
61 119.503985465 5.38725364158e-06 9881.49600915 
62 119.503985362 3.57423128336e-06 9881.49601106 
63 119.503985296 2.40838965847e-06 9881.4960123 
64 119.50398525 1.59529745106e-06 9881.49601315 
65 119.503985221 1.07714176834e-06 9881.4960137 
66 119.503985202 7.38898703861e-07 9881.49601406 
67 119.503985189 5.10554454403e-07 9881.4960143 
68 119.50398518 3.53692549288e-07 9881.49601447 
69 119.503985174 2.4309839472e-07 9881.49601458 
70 119.503985169 1.65665790942e-07 9881.49601466 
