Time S I R
0.0  10000 1 0
1 9998.532933 1.83341480626 0.63365219265 
2 9995.84404211 3.36068473555 1.79527314981 
3 9990.91809238 6.15777645047 3.92413116755 
4 9981.90186858 11.2747197148 7.82341170278 
5 9965.42534606 20.6164697027 14.9581842369 
6 9935.40354674 37.6076471782 27.9888060864 
7 9880.99096497 68.3023900031 51.7066450233 
8 9783.31388805 123.073563049 94.6125489041 
9 9610.94941133 218.669113408 171.381475264 
10 9315.74748541 379.136495261 306.11601933 
11 8834.95841452 631.070000102 534.971585376 
12 8111.79191965 985.416929108 903.79115124 
13 7141.9401002 1405.32991998 1453.72997982 
14 6017.12581035 1789.99956424 2193.87462541 
15 4901.50092197 2019.96212825 3079.53694978 
16 3939.84543035 2038.37968911 4022.77488055 
17 3192.90723675 1877.45325735 4930.6395059 
18 2648.67423671 1614.60785173 5737.71791156 
19 2264.51043404 1322.00328891 6414.48627705 
20 1996.30533403 1045.77128144 6958.92338453 
21 1809.03128885 807.609400147 7384.359311 
22 1677.6012269 613.282900689 7710.11587241 
23 1584.75421552 460.233063948 7956.01272053 
24 1518.74270212 342.492239681 8139.7650582 
25 1471.54974593 253.352882158 8276.09737191 
26 1437.65793858 186.612030804 8376.73003061 
27 1413.23198936 137.029595356 8450.73841529 
28 1395.58019044 100.397466007 8505.02234355 
29 1382.79761314 73.4398956736 8544.76249118 
30 1373.52687718 53.6580248748 8573.81509795 
31 1366.7954825 39.1714571284 8595.03306037 
32 1361.90377023 28.5783882868 8610.51784148 
33 1358.34675767 20.8406660801 8621.81257625 
34 1355.75910109 15.1930262077 8630.04787271 
35 1353.87600679 11.0732281099 8636.0507651 
36 1352.50530516 8.06918048353 8640.42551435 
37 1351.50739694 5.8793620105 8643.61324105 
38 1350.7807983 4.28342661478 8645.93577509 
39 1350.25169629 3.12049587736 8647.62780784 
40 1349.86638286 2.27318554448 8648.86043159 
41 1349.585768 1.65588756587 8649.75834444 
42 1349.38139525 1.20618986223 8650.41241489 
43 1349.23254589 0.87860237523 8650.88885174 
44 1349.12413341 0.639975233918 8651.23589136 
45 1349.04517148 0.466154258503 8651.48867427 
46 1348.98765917 0.339541609919 8651.67279922 
47 1348.94576952 0.247317092171 8651.80691339 
48 1348.91525858 0.180141389688 8651.90460003 
49 1348.89303537 0.131211345227 8651.97575328 
50 1348.87684869 0.0955715095973 8652.0275798 
51 1348.8650588 0.0696121392178 8652.06532906 
52 1348.85647137 0.0507038234363 8652.09282481 
53 1348.85021652 0.0369314397013 8652.11285204 
54 1348.84566067 0.0268999670507 8652.12743936 
55 1348.84234231 0.0195932692744 8652.13806442 
56 1348.8399253 0.0142712469539 8652.14580345 
57 1348.83816481 0.0103948176238 8652.15144037 
58 1348.83688251 0.00757129413702 8652.1555462 
59 1348.83594855 0.00551480339536 8652.15853664 
60 1348.83526828 0.00401689223038 8652.16071483 
61 1348.83477276 0.00292580855432 8652.16230143 
62 1348.83441184 0.00213109654837 8652.16345706 
63 1348.83414897 0.00155226492593 8652.16429877 
64 1348.83395749 0.00113064539068 8652.16491186 
65 1348.833818 0.000823509831393 8652.16535849 
66 1348.83371641 0.000599810980962 8652.16568378 
67 1348.83364242 0.000436887222471 8652.16592069 
68 1348.83358852 0.000318191770765 8652.16609329 
69 1348.83354927 0.000231769214711 8652.16621896 
70 1348.83352068 0.000168830368429 8652.16631049 
