Time S I R
0.0  10000 1 0
1 9998.94169671 1.27604096666 0.78226231877 
2 9997.59149732 1.62809801408 1.78040466958 
3 9995.86916775 2.07699027358 3.05384197369 
4 9993.6725958 2.64916633761 4.6782378631 
5 9990.87193079 3.37818222722 6.74988698555 
6 9987.30220831 4.30654197818 9.39124971494 
7 9982.75423446 5.48794362981 12.7578219081 
8 9976.96300157 6.99007850282 17.0469199298 
9 9969.59374007 8.89792266127 22.508337268 
10 9960.22466452 11.3176710181 29.4576644641 
11 9948.32631788 14.381225137 38.2924569848 
12 9933.23721054 18.2511184267 49.5116710288 
13 9914.13586572 23.1255571313 63.738577145 
14 9890.01001319 29.2429655777 81.7470212312 
15 9859.62471717 36.8849242291 104.490358605 
16 9821.49282493 46.3757885112 133.131386563 
17 9773.85348279 58.0763682975 169.070148908 
18 9714.66762092 72.3680712004 213.964307877 
19 9641.64297375 89.6230222919 269.734003957 
20 9552.30475681 110.155398343 338.539844849 
21 9444.12983905 134.150459234 422.719701716 
22 9314.75956207 161.571712554 524.668725371 
23 9162.29583816 192.054421109 646.649740731 
24 8985.66460093 224.804921481 790.530477592 
25 8784.99693521 258.53992759 957.463137203 
26 8561.95221662 291.50220354 1147.54557984 
27 8319.87814536 321.589914695 1359.53193995 
28 8063.72358213 346.603077483 1590.67334039 
29 7799.66810123 364.57137372 1836.76052505 
30 7534.51633752 374.084353707 2092.39930877 
31 7274.98258303 374.530031564 2351.4873854 
32 7027.02346407 366.173085798 2607.80345014 
33 6795.35458411 350.057210043 2855.58820585 
34 6583.21590544 327.775517994 3090.00857657 
35 6392.37638196 301.184120284 3307.43949776 
36 6223.31518208 272.134611168 3505.55020676 
37 6075.49786213 242.274508091 3683.22762978 
38 5947.67622288 212.932911349 3840.39086577 
39 5838.16181298 185.083391211 3977.75479581 
40 5745.04916259 159.362636567 4096.58820084 
41 5666.38133144 136.121271861 4198.4973967 
42 5600.26270706 115.487071049 4285.25022189 
43 5544.92851765 97.4275083976 4358.64397395 
44 5498.78171863 81.8041818922 4420.41409948 
45 5460.4071773 68.4161452271 4472.17667747 
46 5428.5707473 57.0322770364 4515.39697567 
47 5402.209246 47.4138333143 4551.37692069 
48 5380.41549274 39.3291865328 4581.25532073 
49 5362.42123709 32.5626505916 4606.01611232 
50 5347.5797638 26.9190762774 4626.50115992 
51 5335.34925887 22.2255650463 4643.42517609 
52 5325.27753185 18.3313370134 4657.39113114 
53 5316.98836729 15.1065029513 4668.90512976 
54 5310.16952749 12.440223634 4678.39024887 
55 5304.56239209 10.2386116829 4686.19899622 
56 5299.95312037 8.42262180423 4692.62425782 
57 5296.16512247 6.9260180891 4697.90885944 
58 5293.05273763 5.69351355817 4702.25374881 
59 5290.49591884 4.67910014849 4705.82498101 
60 5288.39579982 3.84459074332 4708.75960943 
61 5286.67100973 3.15835234164 4711.17063793 
62 5285.25460904 2.59422401366 4713.15116695 
63 5284.09155195 2.13060123727 4714.77784681 
64 5283.13658744 1.74966147078 4716.11375108 
65 5282.35252611 1.43671521288 4717.21075867 
66 5281.70881114 1.1796643392 4718.11152452 
67 5281.18033999 0.968551017909 4718.85110899 
68 5280.74649353 0.795182971986 4719.4583235 
69 5280.39033762 0.652823308676 4719.95683907 
70 5280.09796589 0.535933785047 4720.36610032 
