Time S I R
0.0  10000 1 0
1 9996.72989006 3.55396660346 0.716143335557 
2 9985.12290994 12.61716331 3.25992675455 
3 9944.10258663 44.6237278533 12.2736855202 
4 9801.31714576 155.741063894 43.9417903508 
5 9329.39182612 519.615677841 151.992496035 
6 8001.4674279 1511.33717838 488.195393715 
7 5479.47114596 3204.3116123 1317.21724174 
8 2908.80979258 4388.36942676 2703.82078066 
9 1415.66657854 4304.68626608 4280.64715538 
10 744.165998247 3568.05820385 5688.7757979 
11 446.090271268 2745.61327237 6809.29645636 
12 303.043301636 2042.05835062 7655.89834774 
13 227.893300562 1493.17626397 8279.93043547 
14 185.209219668 1081.7571073 8734.03367303 
15 159.438165032 779.462004165 9062.0998308 
16 143.148222397 559.766878288 9298.08489931 
17 132.497818064 401.130633162 9467.37154877 
18 125.361597195 287.042724191 9588.59567861 
19 120.4945104 205.20577679 9675.29971281 
20 117.132384652 146.60405072 9737.26356463 
21 114.788528974 104.689559285 9781.52191174 
22 113.143811847 74.7345756493 9813.1216125 
23 111.984275999 53.3386414547 9835.67708255 
24 111.164045837 38.0621362745 9851.77381789 
25 110.582445159 27.1578563232 9863.25969852 
26 110.169342658 19.3759507364 9871.45470661 
27 109.875564366 13.8231145495 9877.30132108 
28 109.666461419 9.8612327789 9881.4723058 
29 109.517535504 7.03467438649 9884.44779011 
30 109.411421479 5.01819937798 9886.57037914 
31 109.335788197 3.57969001406 9888.08452179 
32 109.281868105 2.55351537558 9889.16461652 
33 109.243421432 1.82149598202 9889.93508259 
34 109.216004672 1.29931890337 9890.48467642 
35 109.196451838 0.926833143177 9890.87671502 
36 109.182506532 0.661129107813 9891.15636436 
37 109.172560153 0.47159597822 9891.35584387 
38 109.165465772 0.336397965519 9891.49813626 
39 109.160405505 0.239958523243 9891.59963597 
40 109.156796069 0.171166391195 9891.67203754 
41 109.154221471 0.122095742448 9891.72368279 
42 109.152385009 0.0870928979047 9891.76052209 
43 109.151075049 0.0621247509637 9891.7868002 
44 109.150140643 0.0443145647933 9891.80554479 
45 109.149474122 0.0316102883241 9891.81891559 
46 109.148998684 0.0225481118626 9891.8284532 
47 109.148659549 0.0160839224631 9891.83525653 
48 109.148417638 0.0114729159458 9891.84010945 
49 109.14824508 0.00818380847445 9891.84357111 
50 109.148121992 0.0058376383418 9891.84604037 
51 109.14803419 0.00416404696673 9891.84780176 
52 109.147971564 0.00297034289826 9891.84905809 
53 109.147926891 0.0021188349843 9891.84995427 
54 109.147895022 0.00151139097521 9891.85059359 
55 109.147872291 0.00107810087246 9891.85104961 
56 109.147856076 0.000769033684548 9891.85137489 
57 109.147844507 0.000548529136412 9891.85160696 
58 109.147836254 0.0003912011514 9891.85177255 
59 109.14783037 0.000279045739427 9891.85189058 
60 109.147826173 0.00019906436351 9891.85197476 
61 109.147823179 0.000141994008571 9891.85203483 
62 109.147821041 0.000101243728951 9891.85207771 
63 109.147819521 7.22587669014e-05 9891.85210822 
64 109.147818437 5.15955793542e-05 9891.85212997 
65 109.147817662 3.68308872614e-05 9891.85214551 
66 109.147817108 2.62753286288e-05 9891.85215662 
67 109.147816714 1.87558420393e-05 9891.85216453 
68 109.147816433 1.33977383817e-05 9891.85217017 
69 109.147816233 9.58643935551e-06 9891.85217418 
70 109.14781609 6.85952863819e-06 9891.85217705 
