Time S I R
0.0  10000 1 0
1 9999.86646715 0.594359524165 0.53917332143 
2 9999.78710194 0.3532638066 0.859634249156 
3 9999.73993039 0.209964798251 1.05010481421 
4 9999.71189383 0.124794175363 1.16331199385 
5 9999.6952302 0.0741725596225 1.23059723768 
6 9999.68532602 0.0440850698425 1.27058891262 
7 9999.67943945 0.0262024932117 1.29435806089 
8 9999.67594067 0.0155736991705 1.3084856303 
9 9999.67386114 0.00925637683125 1.31688248146 
10 9999.6726252 0.00550175046056 1.32187305111 
11 9999.67189054 0.00326997005436 1.32483948613 
12 9999.6714539 0.00194351445157 1.32660258266 
13 9999.67119438 0.00115512548995 1.32765049246 
14 9999.67104014 0.000686558702955 1.32827330144 
15 9999.67094846 0.000408044153767 1.32864349704 
16 9999.67089397 0.000242516556786 1.32886351279 
17 9999.67086159 0.000144136276522 1.32899427776 
18 9999.67084234 8.56716916548e-05 1.32907198764 
19 9999.67083088 5.0867483658e-05 1.32911824865 
20 9999.6708241 3.02522724055e-05 1.32914564995 
21 9999.67082006 1.80001656389e-05 1.32916193519 
22 9999.67081767 1.07147275129e-05 1.32917161884 
23 9999.67081625 6.40690081276e-06 1.32917734471 
24 9999.67081539 3.80328114044e-06 1.32918080538 
25 9999.67081487 2.21961597226e-06 1.32918291036 
26 9999.67081457 1.30472028204e-06 1.32918412642 
27 9999.67081439 7.6623655829e-07 1.32918484216 
28 9999.67081429 4.63269396551e-07 1.32918524485 
29 9999.67081423 2.84482039872e-07 1.32918548249 
30 9999.6708142 1.7350700925e-07 1.32918563 
31 9999.67081417 1.04639955454e-07 1.32918572154 
32 9999.67081416 6.30064641733e-08 1.32918577688 
33 9999.67081415 3.81282181909e-08 1.32918580994 
34 9999.67081414 1.43256405065e-08 1.32918584158 
35 9999.67081414 -6.74050710998e-09 1.32918586958 
36 9999.67081413 -2.12305178662e-08 1.32918588884 
37 9999.67081413 -2.91443917621e-08 1.32918589936 
38 9999.67081413 -3.04821287977e-08 1.32918590114 
39 9999.67081413 -2.5243728973e-08 1.32918589418 
40 9999.67081413 -2.33165413848e-08 1.32918589161 
41 9999.67081413 -2.51664568408e-08 1.32918589407 
42 9999.67081413 -2.53209169321e-08 1.32918589428 
43 9999.67081413 -2.37799216586e-08 1.32918589223 
44 9999.67081413 -2.05434710204e-08 1.32918588793 
45 9999.67081413 -1.56115650175e-08 1.32918588137 
46 9999.67081414 -1.22163725859e-08 1.32918587686 
47 9999.67081414 -1.05835035913e-08 1.32918587469 
48 9999.67081414 -8.95063459666e-09 1.32918587252 
49 9999.67081414 -7.31776560207e-09 1.32918587035 
50 9999.67081414 -5.68489660747e-09 1.32918586818 
51 9999.67081414 -4.05202761288e-09 1.32918586601 
52 9999.67081414 -3.11643301151e-09 1.32918586476 
53 9999.67081414 -3.06641626266e-09 1.3291858647 
54 9999.67081414 -3.01639951381e-09 1.32918586463 
55 9999.67081414 -2.96638276496e-09 1.32918586457 
56 9999.67081414 -2.91636601611e-09 1.3291858645 
57 9999.67081414 -2.86634926726e-09 1.32918586443 
58 9999.67081414 -2.81633251841e-09 1.32918586437 
59 9999.67081414 -2.76631576956e-09 1.3291858643 
60 9999.67081414 -2.71629902071e-09 1.32918586423 
61 9999.67081414 -2.66628227186e-09 1.32918586417 
62 9999.67081414 -2.61626552301e-09 1.3291858641 
63 9999.67081414 -2.56624877416e-09 1.32918586403 
64 9999.67081414 -2.51623202532e-09 1.32918586397 
65 9999.67081414 -2.46621527647e-09 1.3291858639 
66 9999.67081414 -2.41619852762e-09 1.32918586383 
67 9999.67081414 -2.36618177877e-09 1.32918586377 
68 9999.67081414 -2.31616502992e-09 1.3291858637 
69 9999.67081414 -2.26614828107e-09 1.32918586363 
70 9999.67081414 -2.21613153222e-09 1.32918586357 
