Time S I R
0.0  10000 1 0
1 9997.71993412 3.08245808455 0.197607798282 
2 9990.6968378 9.49659628785 0.806565911301 
3 9969.10798394 29.2108412517 2.68117481004 
4 9903.15566549 89.411123358 8.43321115 
5 9705.44268915 269.648151349 25.9091594986 
6 9144.72550575 778.795692318 77.4788019319 
7 7775.47441815 2007.48564153 218.039940324 
8 5371.80487679 4090.68564037 538.509482832 
9 2848.8780173 6063.99613967 1088.12584303 
10 1262.70027079 6945.06268335 1793.23704586 
11 533.590049495 6927.71876726 2539.69118325 
12 232.574344523 6509.11500147 3259.310654 
13 107.744562916 5967.16541843 3926.09001865 
14 53.4361496849 5413.76584735 4533.79800297 
15 28.3289741338 4888.94426895 5083.72675691 
16 15.9829775737 4405.27490943 5579.742113 
17 9.54627180111 3965.0388746 6026.4148536 
18 6.00383232015 3566.67570651 6428.32046117 
19 3.95631502644 3207.2615747 6789.78211027 
20 2.71928511048 2883.49566538 7114.78504951 
21 1.94105758733 2592.09815238 7406.96079003 
22 1.4336211889 2329.96701131 7669.5993675 
23 1.09176407475 2094.23652019 7905.67171573 
24 0.854774582756 1882.28915516 8117.85607025 
25 0.685872852564 1691.74992155 8308.5642056 
26 0.562615956242 1520.47121074 8479.9661733 
27 0.470914664791 1366.51525851 8634.01382683 
28 0.401351729939 1228.13606905 8772.46257922 
29 0.347633988869 1103.76134752 8896.89101849 
30 0.30558283022 991.976899691 9008.71751748 
31 0.272189584672 891.510082514 9109.2177279 
32 0.245273072924 801.215189528 9199.5395374 
33 0.223343197229 720.063266694 9280.71339011 
34 0.205315789599 647.12934277 9353.66534144 
35 0.190358014932 581.581607968 9419.22803402 
36 0.177845941686 522.672292661 9478.1498614 
37 0.16730465354 469.729341259 9531.10335409 
38 0.158366897751 422.148727254 9578.69290585 
39 0.15073798997 379.387130281 9621.46213173 
40 0.144189698694 340.956589346 9659.89922095 
41 0.138552902521 306.41887202 9694.44257508 
42 0.13367486706 275.379546954 9725.48677818 
43 0.12943921455 247.484326039 9753.38623475 
44 0.125747437531 222.414691377 9778.45956119 
45 0.122519464056 199.884431118 9800.99304942 
46 0.119689464102 179.636418675 9821.24389186 
47 0.117201913925 161.439450326 9839.44334776 
48 0.115010506037 145.085764727 9855.79922477 
49 0.113076051859 130.388655512 9870.49826844 
50 0.111365172608 117.180291816 9883.70834301 
51 0.1098497193 105.309922099 9895.58022818 
52 0.108505490218 94.6420294295 9906.24946508 
53 0.107311454791 85.0547794708 9915.83790907 
54 0.106249611512 76.4387113554 9924.45503903 
55 0.105304273018 68.6954295334 9932.19926619 
56 0.104461916617 61.7365512798 9939.1589868 
57 0.103710621725 55.4825913053 9945.41369807 
58 0.103040067814 49.8621766672 9951.03478326 
59 0.102441127026 44.8110988883 9956.08645998 
60 0.101905844382 40.2717041775 9960.62638998 
61 0.10142716394 36.1921380932 9964.70643474 
62 0.100998901613 32.5258451641 9968.37315593 
63 0.10061556095 29.2309423974 9971.66844204 
64 0.100272299134 26.2698223727 9974.62990533 
65 0.0999648069683 23.6086605888 9977.2913746 
66 0.0996892707844 21.2170799256 9979.6832308 
67 0.0994422936874 19.0677644457 9981.83279326 
68 0.0992208586595 17.1361789376 9983.7646002 
69 0.0990222758901 15.4002643297 9985.50071339 
70 0.0988441490681 13.8401999659 9987.06095589 
