Time S I R
0.0  10000 1 0
1 9998.60590894 1.51431521454 0.879775845881 
2 9996.49538906 2.29270556082 2.21190537944 
3 9993.30133777 3.47018301019 4.22847921814 
4 9988.46990094 5.25005226668 7.28004679659 
5 9981.16733459 7.93746670705 11.8951987046 
6 9970.14241822 11.9883401476 18.8692416313 
7 9953.52678241 18.0788221759 29.3943954107 
8 9928.55101437 27.2006212872 45.2483643421 
9 9891.15628778 40.7834315046 69.0602807156 
10 9835.49575127 60.8336471575 104.670601574 
11 9753.36676632 90.0486401683 157.584593515 
12 9633.72379194 131.805363194 235.470844869 
13 9462.62536728 189.82323506 348.551397665 
14 9224.25571234 267.195753765 509.548533897 
15 8903.85533774 364.513430198 732.631232061 
16 8493.01332405 477.253639274 1030.73303667 
17 7996.21693839 593.6943472 1411.08871441 
18 7435.15678482 695.68603599 1870.15717919 
19 6846.49254955 763.85467083 2390.65277962 
20 6272.29630886 785.305239502 2943.39845164 
21 5748.15570981 758.787012352 3494.05727784 
22 5295.63859017 693.888523267 4011.47288656 
23 4921.66100715 605.715598959 4473.62339389 
24 4622.45158225 509.137008217 4869.41140953 
25 4388.52979956 415.358024993 5197.11217545 
26 4208.55950933 331.091154035 5461.34933664 
27 4071.60900027 259.282756669 5670.10824306 
28 3968.17151156 200.338008365 5832.49048008 
29 3890.44449326 153.234434917 5957.32107182 
30 3832.2422425 116.319249062 6052.43850844 
31 3788.76646593 87.7971161085 6124.43641796 
32 3756.34671327 65.9884702941 6178.66481643 
33 3732.20078662 49.4406256422 6219.35858773 
34 3714.23277356 36.9554468673 6249.81177957 
35 3700.8703974 27.5748521908 6272.55475041 
36 3690.93764961 20.5486342284 6289.51371616 
37 3683.55671559 15.2979443304 6302.14534008 
38 3678.07337575 11.3807633059 6311.54586094 
39 3674.00047983 8.46209406162 6318.53742611 
40 3670.97562572 6.28944382954 6323.73493045 
41 3668.72935006 4.67324858132 6327.59740136 
42 3667.06137125 3.4716078225 6330.46702092 
43 3665.82286049 2.57852059051 6332.59861892 
44 3664.90329727 1.91495863743 6334.18174409 
45 3664.22055588 1.42203173738 6335.35741238 
46 3663.71365627 1.05591776665 6336.23042596 
47 3663.33731702 0.784024359107 6336.87865862 
48 3663.05791239 0.582120161116 6337.35996745 
49 3662.85047799 0.432199556987 6337.71732246 
50 3662.69647567 0.320883224963 6337.9826411 
51 3662.58214319 0.238233917194 6338.17962289 
52 3662.49726173 0.176870349842 6338.32586792 
53 3662.43424531 0.131311538374 6338.43444316 
54 3662.38746167 0.0974872913142 6338.51505104 
55 3662.35272944 0.0723754626535 6338.5748951 
56 3662.32694417 0.0537320268844 6338.6193238 
57 3662.30780115 0.0398909152224 6338.65230793 
58 3662.29358936 0.0296151457109 6338.6767955 
59 3662.28303851 0.0219863494541 6338.69497514 
60 3662.27520557 0.0163226995389 6338.70847173 
61 3662.2693904 0.0121179906816 6338.71849161 
62 3662.26507321 0.00899640438349 6338.72593038 
63 3662.26186813 0.00667893236795 6338.73145293 
64 3662.25948868 0.00495843889652 6338.73555288 
65 3662.25772214 0.00368111608466 6338.73859674 
66 3662.25641074 0.00273288545171 6338.74085637 
67 3662.2554372 0.00202895210495 6338.74253385 
68 3662.25471439 0.00150631160433 6338.7437793 
69 3662.25417773 0.00111827305736 6338.74470399 
70 3662.25377932 0.000830195903978 6338.74539048 
