Time S I R
0.0  10000 1 0
1 9998.69755348 1.50578396396 0.796662552147 
2 9996.73683463 2.2670015718 1.99616379605 
3 9993.78602199 3.4121636606 3.80181434479 
4 9989.34710418 5.13383027241 6.51906554499 
5 9982.67412445 7.7197214725 10.6061540727 
6 9972.6527076 11.5980523871 16.7492400144 
7 9957.62530444 17.4021420763 25.9725534823 
8 9935.14204107 26.0599123476 39.7980465812 
9 9901.61682082 38.9114590194 60.471720164 
10 9851.8766984 57.8494907258 91.2738108758 
11 9778.62422012 85.4552757859 136.920504098 
12 9671.91097106 125.055392953 204.03363599 
13 9518.87759041 180.540665259 301.581744334 
14 9304.26356462 255.678221184 441.058214197 
15 9012.43999808 352.595589559 635.96441236 
16 8631.64210925 469.348122624 900.009768128 
17 8160.10331841 597.288203842 1243.60847775 
18 7611.71090642 720.178914116 1669.11017947 
19 7017.02521837 817.313948931 2166.66083269 
20 6416.91606955 870.617211645 2713.4667188 
21 5851.18527912 871.857202993 3277.95751789 
22 5348.58426733 825.143354263 3827.27237841 
23 4922.99543785 743.605027796 4334.39953435 
24 4575.52270079 643.390750563 4782.08654865 
25 4299.20808673 538.722236528 5163.06967674 
26 4083.48211189 439.57794738 5477.93994073 
27 3917.15520917 351.563344222 5732.28144661 
28 3789.99215059 276.878953534 5934.12889588 
29 3693.31952145 215.517674507 6092.16280404 
30 3620.10576438 166.268993836 6214.62524178 
31 3564.80102731 127.41385837 6308.78511432 
32 3523.09848574 97.1440237847 6380.75749047 
33 3491.69131437 73.7824372995 6435.52624833 
34 3468.0582825 55.8776863871 6477.06403112 
35 3450.28600825 42.226238232 6508.48775352 
36 3436.92699066 31.8580012707 6532.21500807 
37 3426.8885356 24.0061605047 6550.10530389 
38 3419.3470028 18.0729100158 6563.58008719 
39 3413.68236856 13.5966537975 6573.72097765 
40 3409.42803316 10.2237762292 6581.34819061 
41 3406.23316476 7.68459391116 6587.08224133 
42 3403.83410294 5.77435716388 6591.39153989 
43 3402.03270068 4.33800798417 6594.62929133 
44 3400.68013067 3.25840825448 6597.06146108 
45 3399.66459129 2.44718511795 6598.8882236 
46 3398.9021201 1.83775665781 6600.26012324 
47 3398.32965546 1.37999487728 6601.29034966 
48 3397.89986238 1.03620374294 6602.06393387 
49 3397.57718355 0.778028888882 6602.64478756 
50 3397.33492499 0.584161934618 6603.08091307 
51 3397.15304523 0.438592556821 6603.40836221 
52 3397.01649565 0.329292153084 6603.6542122 
53 3396.91397983 0.247227403849 6603.83879277 
54 3396.83701487 0.185612665583 6603.97737247 
55 3396.77923271 0.139352763458 6604.08141453 
56 3396.73585225 0.104621576386 6604.15952617 
57 3396.70328402 0.0785461959087 6604.21816978 
58 3396.67883322 0.0589695788285 6604.2621972 
59 3396.66047658 0.0442720551379 6604.29525137 
60 3396.64669521 0.033237682934 6604.3200671 
61 3396.63634875 0.0249534802888 6604.33869777 
62 3396.62858108 0.0187340251003 6604.35268489 
63 3396.62274945 0.0140647094292 6604.36318584 
64 3396.61837128 0.0105591444246 6604.37106958 
65 3396.61508446 0.00792740977475 6604.37698813 
66 3396.61261687 0.00595162776133 6604.3814315 
67 3396.61076424 0.00446823541852 6604.38476752 
68 3396.60937337 0.00335456914235 6604.38727206 
69 3396.60832916 0.00251847286231 6604.38915237 
70 3396.6075453 0.00189084116439 6604.39056385 
