Time S I R
0.0  10000 1 0
1 9999.80017419 0.516008805497 0.683817003502 
2 9999.69706432 0.266264610391 1.03667106554 
3 9999.64385922 0.137394181754 1.21874659886 
4 9999.61640526 0.0708963695691 1.31269836562 
5 9999.60223886 0.0365830033423 1.36117813519 
6 9999.59492897 0.0188772073892 1.38619382504 
7 9999.59115696 0.00974077329424 1.39910226191 
8 9999.58921064 0.00502643639525 1.40576292541 
9 9999.58820625 0.00259363068877 1.40920012125 
10 9999.58768798 0.00133830192453 1.41097371569 
11 9999.58742057 0.000690572436112 1.41188886193 
12 9999.58728257 0.000356320204611 1.41236111104 
13 9999.58721136 0.000183850728748 1.41260478497 
14 9999.58717463 9.48795073993e-05 1.41273048818 
15 9999.58715565 4.89017942384e-05 1.41279544791 
16 9999.58714589 2.52650070658e-05 1.4128288432 
17 9999.58714085 1.30508262998e-05 1.41284610004 
18 9999.58713826 6.77728322876e-06 1.41285496363 
19 9999.5871369 3.49009638968e-06 1.41285960794 
20 9999.58713619 1.7701859543e-06 1.41286203792 
21 9999.58713583 8.92329621194e-07 1.4128632782 
22 9999.58713565 4.68971879647e-07 1.41286387634 
23 9999.58713557 2.52237485628e-07 1.41286418255 
24 9999.58713552 1.33612149943e-07 1.41286435015 
25 9999.58713549 7.005202461e-08 1.41286443996 
26 9999.58713548 3.69343794821e-08 1.41286448675 
27 9999.58713546 5.88233278553e-09 1.41286453062 
28 9999.58713545 -1.69512493074e-08 1.41286456288 
29 9999.58713545 -2.8923383327e-08 1.41286457979 
30 9999.58713545 -3.00340692733e-08 1.41286458136 
31 9999.58713545 -2.19469482464e-08 1.41286456994 
32 9999.58713545 -2.5159452145e-08 1.41286457448 
33 9999.58713545 -2.55569458821e-08 1.41286457504 
34 9999.58713545 -2.31394294578e-08 1.41286457162 
35 9999.58713545 -1.79069028719e-08 1.41286456423 
36 9999.58713546 -1.26370964549e-08 1.41286455678 
37 9999.58713546 -1.05051515034e-08 1.41286455377 
38 9999.58713546 -8.37320655181e-09 1.41286455076 
39 9999.58713546 -6.24126160025e-09 1.41286454775 
40 9999.58713546 -4.10931664868e-09 1.41286454474 
41 9999.58713546 -3.18382910376e-09 1.41286454343 
42 9999.58713546 -3.11809575668e-09 1.41286454333 
43 9999.58713546 -3.05236240959e-09 1.41286454324 
44 9999.58713546 -2.98662906251e-09 1.41286454315 
45 9999.58713546 -2.92089571542e-09 1.41286454306 
46 9999.58713546 -2.85516236834e-09 1.41286454296 
47 9999.58713546 -2.78942902125e-09 1.41286454287 
48 9999.58713546 -2.72369567416e-09 1.41286454278 
49 9999.58713546 -2.65796232708e-09 1.41286454268 
50 9999.58713546 -2.59222897999e-09 1.41286454259 
51 9999.58713546 -2.52649563291e-09 1.4128645425 
52 9999.58713546 -2.46076228582e-09 1.41286454241 
53 9999.58713546 -2.39502893874e-09 1.41286454231 
54 9999.58713546 -2.32929559165e-09 1.41286454222 
55 9999.58713546 -2.26356224457e-09 1.41286454213 
56 9999.58713546 -2.19782889748e-09 1.41286454203 
57 9999.58713546 -2.1320955504e-09 1.41286454194 
58 9999.58713546 -2.06636220331e-09 1.41286454185 
59 9999.58713546 -2.00062885622e-09 1.41286454176 
60 9999.58713546 -1.93489550914e-09 1.41286454166 
61 9999.58713546 -1.86916216205e-09 1.41286454157 
62 9999.58713546 -1.80342881497e-09 1.41286454148 
63 9999.58713546 -1.73769546788e-09 1.41286454138 
64 9999.58713546 -1.6719621208e-09 1.41286454129 
65 9999.58713546 -1.60622877371e-09 1.4128645412 
66 9999.58713546 -1.54049542663e-09 1.41286454111 
67 9999.58713546 -1.47476207954e-09 1.41286454101 
68 9999.58713546 -1.40902873246e-09 1.41286454092 
69 9999.58713546 -1.34329538537e-09 1.41286454083 
70 9999.58713546 -1.27756203829e-09 1.41286454073 
