Time S I R
0.0  10000 1 0
1 9999.58238161 1.04572161162 0.371896778484 
2 9999.14569107 1.09351466214 0.760794264544 
3 9998.6890667 1.14347118087 1.16746211863 
4 9998.21160882 1.19568710667 1.59270407703 
5 9997.7123778 1.25026247807 2.03735972382 
6 9997.19039182 1.30730164854 2.50230653619 
7 9996.64462701 1.36691324966 2.98845973669 
8 9996.07401427 1.42921050446 3.49677522093 
9 9995.47743744 1.494311383 4.02825117418 
10 9994.85373136 1.56233877747 4.58392985964 
11 9994.20168217 1.63342047856 5.1648973518 
12 9993.52002272 1.70768957159 5.77228770925 
13 9992.80742955 1.78528470479 6.4072857409 
14 9992.06252187 1.86635018868 7.07112793822 
15 9991.28386088 1.95103600119 7.76510312071 
16 9990.46994611 2.03949813361 8.49055575428 
17 9989.61921287 2.13189879736 9.24888833214 
18 9988.7300297 2.22840657982 10.0415637181 
19 9987.80069654 2.32919664351 10.8701068171 
20 9986.82944132 2.43445094007 11.7361077425 
21 9985.81441734 2.54435840841 12.6412242482 
22 9984.75370126 2.65911515306 13.5871835916 
23 9983.64528918 2.77892464242 14.5757861796 
24 9982.48709454 2.90399790656 15.6089075528 
25 9981.27694497 3.03455371376 16.6885013176 
26 9980.01257839 3.17081872811 17.8166028778 
27 9978.69164161 3.31302775208 18.9953306398 
28 9977.31168674 3.46142389562 20.2268893604 
29 9975.8701679 3.61625872318 21.5135733809 
30 9974.3644363 3.7777921932 22.8577715092 
31 9972.79173849 3.9462930601 24.2619684469 
32 9971.14921248 4.1220389829 25.7287485412 
33 9969.43388397 4.3053166323 27.2607994001 
34 9967.64266603 4.49642142824 28.8609125431 
35 9965.77235347 4.69565787132 30.5319886622 
36 9963.81961845 4.90333971447 32.2770418358 
37 9961.78100763 5.1197899398 34.09920243 
38 9959.65294056 5.34534040316 36.001719041 
39 9957.43170669 5.58033172859 37.9879615802 
40 9955.11345959 5.82511373681 40.0614266726 
41 9952.69421461 6.08004516046 42.2257402344 
42 9950.1698467 6.34549326202 44.4846600392 
43 9947.53609009 6.62183299214 46.842076921 
44 9944.78853123 6.90944771663 49.3020210557 
45 9941.92260719 7.2087286334 51.868664178 
46 9938.93360358 7.52007428715 54.5463221354 
47 9935.81665738 7.84388900701 57.3394536128 
48 9932.56674958 8.18058352007 60.2526669049 
49 9929.17870369 8.53057426302 63.2907220519 
50 9925.64718473 8.8942825888 66.4585326854 
51 9921.96670478 9.27213269206 69.7611625321 
52 9918.13161867 9.66455140109 73.2038299318 
53 9914.13612087 10.0719677146 76.7919114197 
54 9909.97424716 10.4948113895 80.5309414455 
55 9905.63988051 10.9335108383 84.426608649 
56 9901.12675601 11.3884911342 88.4847528567 
57 9896.42845436 11.860173939 92.7113717001 
58 9891.53840798 12.3489752568 97.1126167583 
59 9886.44990985 12.8553028778 101.69478727 
60 9881.15611968 13.37955414 106.464326175 
61 9875.6500626 13.9221146792 111.427822721 
62 9869.92463795 14.4833557364 116.592006317 
63 9863.97263514 15.0636306425 121.963734219 
64 9857.78674261 15.6632720518 127.549985342 
65 9851.3595496 16.2825899579 133.357860446 
66 9844.68356063 16.9218681677 139.394571202 
67 9837.75121795 17.581360265 145.667421784 
68 9830.55491372 18.2612862233 152.183800061 
69 9823.08699838 18.9618291998 158.951172421 
70 9815.33980101 19.683131377 165.977067612 
