Time S I R
0.0  10000 1 0
1 9998.61074043 2.2600750988 0.129184470979 
2 9995.47193151 5.1069463448 0.421122143758 
3 9988.38454013 11.534808735 1.08065113425 
4 9972.40293905 26.0274962042 2.56956474379 
5 9936.47522058 58.5993057857 5.92547363431 
6 9856.25790135 131.27974125 13.4623573947 
7 9679.8559911 290.889593634 30.2544152663 
8 9304.57191146 629.407685605 67.0204029372 
9 8559.44358468 1296.92369136 144.632723959 
10 7263.24655394 2440.43742203 297.316024028 
11 5450.50753329 3986.20923277 564.283233932 
12 3551.54460514 5486.90786653 962.547528322 
13 2064.98957694 6469.26437915 1466.74604391 
14 1130.4901226 6843.57281893 2026.93705847 
15 611.020909965 6790.94870954 2599.0303805 
16 335.665772392 6509.33086581 3156.0033618 
17 190.122963097 6126.32704731 3684.5499896 
18 111.665699392 5709.97425135 4179.36004926 
19 68.0977697123 5293.68933121 4639.21289908 
20 43.0848545821 4893.06404453 5064.85110089 
21 28.2321257705 4514.85954812 5457.90832611 
22 19.1181654554 4161.50123344 5820.3806011 
23 13.3496767458 3833.28290738 6154.36741588 
24 9.59001752809 3529.46590043 6461.94408204 
25 7.07249981539 3248.82595912 6745.10154106 
26 5.34381451016 2989.93773919 7005.7184463 
27 4.12927066699 2751.31940933 7245.55132 
28 3.25697460995 2531.50993378 7466.23309161 
29 2.61808917477 2329.10494165 7669.27696918 
30 2.14162701931 2142.77652752 7856.08184546 
31 1.78023272771 1971.28075147 8027.9390158 
32 1.50192334077 1813.45868338 8186.03939328 
33 1.28468470777 1668.23451706 8331.48079824 
34 1.11234982713 1534.61351483 8465.27413534 
35 0.974231780508 1411.67542716 8588.35034106 
36 0.862386529889 1298.57104107 8701.5665724 
37 0.770978364086 1194.51804991 8805.71097172 
38 0.695469510312 1098.79447171 8901.51005878 
39 0.63252290428 1010.7351003 8989.6323768 
40 0.579725213487 929.728910848 9070.69136394 
41 0.535088621273 855.21157725 9145.25333413 
42 0.497075185807 786.663940643 9213.83898417 
43 0.464474393666 723.608052755 9276.92747285 
44 0.43637544687 665.604631332 9334.95899322 
45 0.41203200038 612.249253086 9388.33871491 
46 0.390839447608 563.16971994 9437.43944061 
47 0.372309798693 518.023619055 9482.60407115 
48 0.356042045412 476.495879221 9524.14807873 
49 0.341706559548 438.296635287 9562.36165815 
50 0.329031054978 403.159250502 9597.51171844 
51 0.317785035026 370.838285656 9629.84392931 
52 0.307777779999 341.108086114 9659.58413611 
53 0.298853915801 313.761163255 9686.93998283 
54 0.290873470323 288.606440773 9712.10268576 
55 0.283722136654 265.468255585 9735.24802228 
56 0.277299350426 244.184952297 9756.53774835 
57 0.271520101716 224.607860568 9776.12061933 
58 0.266310578076 206.600223444 9794.13346598 
59 0.261607069689 190.036246052 9810.70214688 
60 0.257354047941 174.800199507 9825.94244644 
61 0.253503080196 160.785632228 9839.96086469 
62 0.250011762364 147.894630325 9852.85535791 
63 0.246842623723 136.037103104 9864.71605427 
64 0.243962918337 125.130211765 9875.62582532 
65 0.241344043916 115.097792283 9885.66086367 
66 0.238959861403 105.869693391 9894.89134675 
67 0.236787673804 97.3814559203 9903.38175641 
68 0.234807128109 89.5737620942 9911.19143078 
69 0.232999937607 82.392032867 9918.3749672 
70 0.231350002867 75.7861129748 9924.98253702 
