Time S I R
0.0  10000 1 0
1 9999.6030471 0.905426469597 0.491526426571 
2 9999.24365103 0.819783976867 0.936564989302 
3 9998.91826241 0.742231513897 1.33950607244 
4 9998.6236672 0.672006978036 1.70432582132 
5 9998.35695296 0.608419337228 2.03462770728 
6 9998.11548017 0.550841956312 2.3336778745 
7 9997.89686732 0.498709117287 2.60442355779 
8 9997.6989567 0.451508008172 2.84953528785 
9 9997.51978157 0.408771074696 3.07144735048 
10 9997.35756449 0.370075584692 3.27235992805 
11 9997.21070615 0.335040980353 3.45425286928 
12 9997.07775296 0.303321291443 3.61892574584 
13 9996.95738884 0.274603185211 3.76800797847 
14 9996.84842215 0.248602887973 3.9029749571 
15 9996.7497741 0.225063424945 4.02516247998 
16 9996.66046798 0.203752102572 4.13577991441 
17 9996.57961888 0.184458043329 4.23592308136 
18 9996.50642605 0.1669904031 4.32658355137 
19 9996.44016497 0.15117646862 4.40865856435 
20 9996.38017908 0.136859710128 4.48296120661 
21 9996.32587446 0.12389850779 4.55022702722 
22 9996.2767133 0.112164606759 4.61112209659 
23 9996.2322082 0.101541769146 4.66625003305 
24 9996.19191827 0.0919248301815 4.71615690146 
25 9996.15544421 0.0832185421278 4.76133724395 
26 9996.12242488 0.0753367479839 4.80223836713 
27 9996.09253294 0.0682013524253 4.83926570477 
28 9996.06547232 0.0617417160129 4.87278595966 
29 9996.04097478 0.0558938325892 4.90313138713 
30 9996.01879759 0.0505997847223 4.93060262091 
31 9995.99872089 0.0458071031646 4.95547200596 
32 9995.9805458 0.0414683293492 4.97798586855 
33 9995.9640924 0.0375405225622 4.99836707733 
34 9995.94919741 0.0339847168094 5.01681786922 
35 9995.93571335 0.0307657090497 5.03352094354 
36 9995.92350648 0.0278515838383 5.04864193484 
37 9995.91245583 0.0252134638932 5.0623307066 
38 9995.90245196 0.0228252280037 5.07472281589 
39 9995.89339561 0.0206631855974 5.08594120495 
40 9995.88519714 0.0187059385617 5.09609691649 
41 9995.87777527 0.0169340813174 5.10529065231 
42 9995.87105639 0.0153300493833 5.11361355887 
43 9995.86497397 0.0138779559221 5.12114807567 
44 9995.85946765 0.0125633963186 5.12796895033 
45 9995.85448292 0.0113733547518 5.13414372281 
46 9995.84997038 0.0102960392594 5.13973358201 
47 9995.84588526 0.00932076396303 5.14479397689 
48 9995.8421871 0.00843786911339 5.14937503139 
49 9995.83883917 0.00763858696199 5.15352224084 
50 9995.83580839 0.00691501746135 5.15727659749 
51 9995.8330648 0.00626001394184 5.16067518423 
52 9995.83058116 0.00566706915574 5.1637517663 
53 9995.82833278 0.0051302891721 5.16653692619 
54 9995.82629734 0.00464434485579 5.16905831563 
55 9995.82445478 0.00420444876774 5.17134077556 
56 9995.8227867 0.00380620883704 5.17340709541 
57 9995.82127651 0.00344566432759 5.17527782643 
58 9995.81990942 0.00311928403062 5.17697129105 
59 9995.81867182 0.00282381482203 5.17850436882 
60 9995.8175514 0.00255632503899 5.17989227128 
61 9995.81653719 0.00231418815286 5.18114862666 
62 9995.81561902 0.00209498308381 5.18228599718 
63 9995.81478779 0.00189653406785 5.18331567219 
64 9995.81403535 0.00171689298948 5.18424775978 
65 9995.81335415 0.00155426297349 5.18509158334 
66 9995.81273749 0.00140703894922 5.18585547103 
67 9995.81217931 0.00127377801229 5.18654690955 
68 9995.81167401 0.00115314104689 5.18717284711 
69 9995.81121646 0.0010439034188 5.18773963792 
70 9995.81080226 0.000945015211405 5.18825272958 
