Time S I R
0.0  10000 1 0
1 9999.38855661 1.16911220644 0.442331179708 
2 9998.67377212 1.36677206821 0.959455809479 
3 9997.83822258 1.59778030646 1.56399711309 
4 9996.8615626 1.86773794122 2.2706994555 
5 9995.72004696 2.18317567587 3.0967773634 
6 9994.38595313 2.55170942542 4.0623374489 
7 9992.82694489 2.98221081824 5.19084429546 
8 9991.00530998 3.48501033825 6.50967968064 
9 9988.87707807 4.07213051486 8.0507914179 
10 9986.39104331 4.757542811 9.85141388302 
11 9983.48758214 5.55747422396 11.9549436379 
12 9980.09730233 6.49075447139 14.4119432021 
13 9976.13954783 7.57919360831 17.2812585648 
14 9971.52065048 8.84801621173 20.6313333049 
15 9966.13198195 10.3263354332 24.5416826154 
16 9959.84769634 12.0476850179 29.1046186442 
17 9952.52226566 14.0505819841 34.42715236 
18 9943.98771521 16.3791305441 40.6331542508 
19 9934.05059256 19.0836379299 47.8657695135 
20 9922.48868981 22.2212410789 56.2900691088 
21 9909.04755079 25.8564705313 66.0959786825 
22 9893.43685273 30.0617610089 77.5013862629 
23 9875.32675659 34.9177815502 90.755461863 
24 9854.34442331 40.5135317538 106.142044934 
25 9830.07091676 46.9460742709 123.983008968 
26 9802.03881978 54.3197559045 144.641424314 
27 9769.73101558 62.7447287021 168.524255723 
28 9732.58116529 72.3345573532 196.084277357 
29 9689.97652692 83.2026820986 227.820790981 
30 9641.26389947 95.4574816561 264.27861887 
31 9585.75953379 109.195711806 306.0447544 
32 9522.76390168 124.494153823 353.741944494 
33 9451.58193265 141.399463991 408.018603362 
34 9371.54962919 159.916368698 469.534002109 
35 9282.0666437 179.994741062 538.938615237 
36 9182.63474911 201.516274975 616.84897591 
37 9072.90048763 224.282330034 703.817182339 
38 8952.6994299 248.004460006 800.296110093 
39 8822.09897148 272.299540399 906.601488122 
40 8681.4350864 296.691752215 1022.87316139 
41 8531.33694308 320.623605003 1149.03945191 
42 8372.73663801 343.475922083 1284.78743991 
43 8206.85930167 364.597416724 1429.54328161 
44 8035.19117439 383.342257035 1582.46656857 
45 7859.42726433 399.111378912 1742.46135676 
46 7681.40277695 411.393815733 1908.20340732 
47 7503.01318316 419.802609105 2078.18420773 
48 7326.13081556 424.102267887 2250.76691656 
49 7152.52589872 424.221869835 2424.25223144 
50 6983.79935567 420.255126984 2596.94551734 
51 6821.33149529 412.446446746 2767.22205796 
52 6666.24986789 401.166447234 2933.58368488 
53 6519.41569496 386.88014016 3094.70416488 
54 6381.42726125 370.112088629 3249.46065012 
55 6252.63676099 351.412268552 3396.95097045 
56 6133.17668683 331.325670371 3536.4976428 
57 6022.99185079 310.367581767 3667.64056744 
58 5921.87361326 289.005430912 3790.12095582 
59 5829.49363115 267.647182231 3903.85918662 
60 5745.43496633 246.635472338 4008.92956134 
61 5669.22084814 226.247284175 4105.53186768 
62 5600.33740445 206.696266582 4193.96632897 
63 5538.25248737 188.137759616 4274.60975301 
64 5482.43329787 170.67670494 4347.88999719 
65 5432.35620927 154.374129058 4414.26966167 
66 5387.51634314 139.255191304 4474.22846556 
67 5347.43349931 125.316268267 4528.25023243 
68 5311.65604742 112.531429775 4576.8125228 
69 5279.76304739 100.85813287 4620.37881974 
70 5251.36531052 90.2420956084 4659.39259388 
