Time S I R
0.0  10000 1 0
1 9999.45198092 1.02457751058 0.523441567667 
2 9998.89053475 1.04972746102 1.0597377915 
3 9998.31534673 1.07546173553 1.60919153503 
4 9997.72610148 1.10179216126 2.17210636104 
5 9997.12247565 1.12873078182 2.74879356431 
6 9996.50413941 1.15628979647 3.33957079439 
7 9995.87075649 1.18448155052 3.94476195708 
8 9995.2219836 1.21331854826 4.5646978505 
9 9994.5574713 1.24281342103 5.19971528379 
10 9993.87686339 1.27297894111 5.85015766963 
11 9993.17979684 1.30382801388 6.51637514313 
12 9992.46590178 1.33537367136 7.19872455278 
13 9991.73480141 1.36762906515 7.89756952421 
14 9990.98611188 1.40060743938 8.61328068545 
15 9990.21944249 1.43432217122 9.34623533663 
16 9989.43439562 1.46878675265 10.096817632 
17 9988.63056654 1.50401478179 10.8654186796 
18 9987.80754343 1.54001995716 11.6524366175 
19 9986.96490728 1.57681602103 12.4582767009 
20 9986.10223189 1.6144167214 13.2833513857 
21 9985.2190837 1.65283591897 14.1280803771 
22 9984.31502175 1.6920875275 14.9928907183 
23 9983.38959763 1.73218550455 15.8782168666 
24 9982.44235541 1.7731438423 16.7845007484 
25 9981.47283319 1.81497648251 17.7121903235 
26 9980.48056198 1.85769735939 18.6617406655 
27 9979.46506482 1.90132042759 19.6336147516 
28 9978.42585747 1.94585962197 20.6282829074 
29 9977.36244831 1.9913288473 21.6462228414 
30 9976.27433854 2.03774195003 22.6879195077 
31 9975.16102382 2.08511255069 23.7538636272 
32 9974.02199221 2.13345422548 24.8445535679 
33 9972.85672443 2.18278046699 25.960495101 
34 9971.66469422 2.23310464336 27.1022011414 
35 9970.44536827 2.28443998407 28.270191745 
36 9969.19820706 2.33679949905 29.4649934361 
37 9967.92266642 2.39019582092 30.6871377623 
38 9966.61819451 2.44464146293 31.9371640255 
39 9965.28423306 2.50014870132 33.215618239 
40 9963.92021748 2.55672954637 34.5230529776 
41 9962.52557695 2.61439572326 35.8600273247 
42 9961.09973646 2.67315849654 37.2271050391 
43 9959.64211675 2.73302865888 38.6248545939 
44 9958.15213184 2.79401671588 40.0538514441 
45 9956.62919059 2.85613275144 41.5146766604 
46 9955.07269679 2.9193864029 43.0079168106 
47 9953.48204947 2.98378682576 44.5341637054 
48 9951.85664659 3.04934242156 46.0940109922 
49 9950.19588189 3.11606104074 47.688057066 
50 9948.49914457 3.18394999446 49.3169054383 
51 9946.76582041 3.2530159555 50.9811636337 
52 9944.99529208 3.32326492721 52.6814429892 
53 9943.18694015 3.39470216417 54.4183576854 
54 9941.34014738 3.46733190096 56.1925207196 
55 9939.45429314 3.54115766533 58.0045491912 
56 9937.5287552 3.61618215568 59.855062644 
57 9935.56291052 3.69240717479 61.7446823051 
58 9933.55613562 3.76983359232 63.6740307833 
59 9931.50780924 3.84846119892 65.6437295566 
60 9929.41731503 3.92828855799 67.6543964132 
61 9927.28403559 4.00931326239 69.7066511442 
62 9925.10735567 4.09153176555 71.8011125629 
63 9922.88666268 4.17493933363 73.9383979913 
64 9920.62134719 4.25953000125 76.1191228109 
65 9918.31080819 4.34529637598 78.3438954325 
66 9915.95445106 4.43222967386 80.6133192622 
67 9913.55168488 4.52031977736 82.9279953466 
68 9911.10192519 4.60955511741 85.2885196909 
69 9908.60459467 4.69992262559 87.6954827019 
70 9906.0591242 4.79140767981 90.1494681208 
