Time S I R
0.0  10000 1 0
1 9998.75812537 1.97448156272 0.267393065705 
2 9996.30671393 3.89797216094 0.795313910406 
3 9991.46969348 7.69294183494 1.83736468773 
4 9981.93322126 15.17347063 3.89330811234 
5 9963.16134445 29.892621816 7.94603373744 
6 9926.32565287 58.7534862087 15.9208609256 
7 9854.48519695 114.95517344 31.5596296075 
8 9716.03339888 222.943483043 62.0231180799 
9 9455.21814479 425.173849401 120.608005814 
10 8984.27688053 786.116371646 230.606747825 
11 8195.2328019 1377.24892995 428.518268154 
12 7024.01983666 2216.43250611 760.547657227 
13 5559.63796482 3177.43513006 1263.92690511 
14 4065.21426947 3997.82178479 1937.96394574 
15 2809.22644686 4458.15118009 2733.62237305 
16 1898.19721069 4525.19772636 3577.60506295 
17 1292.49980087 4303.43811451 4405.06208463 
18 904.146582664 3922.42665832 5174.42675902 
19 655.844415083 3479.46159533 5865.69398959 
20 494.581375932 3033.11864177 6473.2999823 
21 387.28811932 2613.90801935 6999.80386133 
22 313.960168823 2235.31495101 7451.72488016 
23 262.502122599 1901.37157549 7837.12630191 
24 225.49350007 1611.19387486 8164.31262507 
25 198.283486305 1361.54200882 8441.17450488 
26 177.885942881 1148.22102097 8674.89303615 
27 162.335762043 966.825677244 8871.83856071 
28 150.308373477 813.120697108 9037.57092941 
29 140.889993167 683.219834767 9176.89017207 
30 133.436763125 573.653895616 9293.90934126 
31 127.485825467 481.38033155 9392.13384298 
32 122.698486553 403.762023665 9474.53948978 
33 118.822708047 338.532324326 9543.64496763 
34 115.668084252 283.754636518 9601.57727923 
35 113.088840993 237.781588614 9650.12957039 
36 110.972039055 199.216535758 9690.81142519 
37 109.229225927 166.878397511 9724.89237656 
38 107.790474184 139.770383628 9753.43914219 
39 106.600102223 117.05252837 9777.34736941 
40 105.613381691 98.017936143 9797.36868217 
41 104.794184799 82.0722668613 9814.13354834 
42 104.113168443 68.7162007294 9828.17063083 
43 103.5463982 57.5305345592 9839.92306724 
44 103.074271769 48.163513942 9849.76221429 
45 102.680679879 40.3201046901 9857.99921543 
46 102.35234941 33.7529551061 9864.89469548 
47 102.078304543 28.2546822635 9870.66701319 
48 101.849468712 23.6515565427 9875.49897475 
49 101.658309721 19.7979895671 9879.54370071 
50 101.498573573 16.5720365577 9882.92938987 
51 101.365059221 13.8715553695 9885.76338541 
52 101.253436778 11.6110000294 9888.13556319 
53 101.160099742 9.71874822057 9890.12115204 
54 101.082040368 8.13481843736 9891.78314119 
55 101.016749335 6.80898945026 9893.17426121 
56 100.962132138 5.69921681355 9894.33865105 
57 100.916439691 4.77030272081 9895.31325759 
58 100.878210606 3.99277750664 9896.12901189 
59 100.846223734 3.3419724528 9896.81180381 
60 100.819458411 2.79723853586 9897.38330305 
61 100.797061298 2.34129068311 9897.86164802 
62 100.778318736 1.95965843365 9898.26202283 
63 100.762633903 1.64022983132 9898.59713627 
64 100.749507615 1.37286701353 9898.87762537 
65 100.738522287 1.14908421995 9899.11239349 
66 100.729328538 0.961778104018 9899.30889336 
67 100.721634056 0.805003092739 9899.47336285 
68 100.715194268 0.673782785135 9899.61102295 
69 100.709804523 0.563951911368 9899.72624357 
70 100.705293567 0.472024033833 9899.8226824 
