Time S I R
0.0  10000 1 0
1 9998.48446619 1.48284204419 1.03269176495 
2 9996.23784975 2.19831557179 2.56383467401 
3 9992.9087331 3.25789694933 4.83336995463 
4 9987.97826024 4.82576339984 8.19597635907 
5 9980.68222003 7.14282210966 13.1749578608 
6 9969.89874074 10.5607435993 20.5405156614 
7 9953.98956446 15.5887407906 31.4216947525 
8 9930.5804863 22.955374267 47.464139434 
9 9896.26987122 33.6841622433 71.0459665411 
10 9846.26662338 49.1731597285 105.560216891 
11 9773.99383615 71.2493520778 155.756811775 
12 9670.76872539 102.13270909 228.098565524 
13 9525.80049283 144.190448702 331.009058471 
14 9326.92352784 199.310568213 474.765903943 
15 9062.59784766 267.751566107 670.650586236 
16 8725.49130331 346.577767343 928.930929345 
17 8317.06734727 428.367529105 1255.56512363 
18 7851.13036044 501.489384162 1648.3802554 
19 7353.49496796 552.962054881 2094.54297716 
20 6856.49104482 573.155426877 2571.3535283 
21 6390.56271978 559.592202798 3050.84507742 
22 5977.38206194 517.359861726 3506.25807634 
23 5627.38654453 456.243898207 3917.36955726 
24 5341.35941719 386.843711306 4272.7968715 
25 5113.84067283 317.773022988 4569.38630418 
26 4936.41596149 254.603815274 4809.98022323 
27 4800.02491999 200.090183375 5000.88489664 
28 4696.2504228 154.943308034 5149.80626917 
29 4617.87240371 118.64732217 5264.48027412 
30 4558.98798547 90.0908845175 5351.92113002 
31 4514.91721934 67.976307818 5418.10647284 
32 4482.02433231 51.048366131 5467.92730156 
33 4457.52343796 38.2010819128 5505.27548013 
34 4439.30019218 28.5121767367 5533.18763108 
35 4425.76065418 21.2392070308 5554.00013879 
36 4415.70894239 15.7985515243 5569.49250608 
37 4408.25088202 11.7389778724 5581.01014011 
38 4402.71962825 8.71557545334 5589.5647963 
39 4398.61867721 6.46704551423 5595.91427727 
40 4395.57885853 4.79650643001 5600.62463504 
41 4393.32600023 3.55634110582 5604.11765866 
42 4391.65656426 2.63618734646 5606.70724839 
43 4390.41959082 1.95376215552 5608.62664703 
44 4389.50311892 1.44780503556 5610.04907605 
45 4388.82413812 1.07276820677 5611.10309367 
46 4388.32112474 0.794822302656 5611.88405296 
47 4387.94848523 0.588858295004 5612.46265648 
48 4387.67243482 0.436248979186 5612.8913162 
49 4387.46794012 0.323180505984 5613.20887937 
50 4387.31645481 0.239412252052 5613.44413293 
51 4387.20423878 0.177353855625 5613.61840737 
52 4387.12111262 0.131380046496 5613.74750734 
53 4387.05953588 0.0973227995229 5613.84314132 
54 4387.01392215 0.0720936033298 5613.91398425 
55 4386.98013339 0.0534043873151 5613.96646222 
56 4386.95510409 0.0395599352793 5614.00533598 
57 4386.93656345 0.0293044152399 5614.03413213 
58 4386.92282935 0.0217074910846 5614.05546316 
59 4386.91265573 0.0160799789889 5614.07126429 
60 4386.90511957 0.0119113484176 5614.08296908 
61 4386.89953713 0.00882340263261 5614.09163947 
62 4386.8954019 0.00653598461165 5614.09806211 
63 4386.89233869 0.00484155231314 5614.10281975 
64 4386.89006961 0.0035863933949 5614.106344 
65 4386.8883889 0.00265669652769 5614.1089544 
66 4386.88714387 0.00196799991469 5614.11088813 
67 4386.88622153 0.00145779700697 5614.11232067 
68 4386.88553828 0.00107985021599 5614.11338187 
69 4386.88503222 0.000799922596006 5614.11416785 
70 4386.88465734 0.000592554467538 5614.1147501 
