Time S I R
0.0  10000 1 0
1 9997.69980854 2.07781177617 1.22237968768 
2 9992.92340472 4.31501567909 3.76157959874 
3 9983.01691312 8.95121271855 9.03187416094 
4 9962.52116213 18.5265152304 19.9523226432 
5 9920.3332284 38.1651806156 42.5015909823 
6 9834.39963052 77.8695197416 88.7308497354 
7 9663.02528826 155.831980328 182.142731415 
8 9335.16560643 300.273994864 365.560398707 
9 8754.50723188 539.691574328 706.801193791 
10 7851.54870961 864.21948891 1285.23180148 
11 6688.2778279 1175.42335239 2137.29881971 
12 5487.02791824 1324.73283246 3189.2392493 
13 4475.22492005 1253.45676442 4272.31831554 
14 3739.00899906 1034.6207071 5227.37029384 
15 3246.36064572 776.524788253 5978.11456603 
16 2929.44157609 547.610959367 6523.94746454 
17 2728.67658921 371.133155557 6901.19025523 
18 2602.07007899 245.291640057 7153.63828095 
19 2522.26219548 159.573797364 7319.16400715 
20 2471.912708 102.779294213 7426.30799778 
21 2440.11665843 65.7829900409 7495.10035153 
22 2420.02079491 41.9365914963 7539.04261359 
23 2407.31214139 26.667346497 7567.02051211 
24 2399.27188105 16.9307119173 7584.79740704 
25 2394.18372955 10.7382398535 7596.0780306 
26 2390.96320611 6.80634698646 7603.2304469 
27 2388.92455994 4.31240801456 7607.76303204 
28 2387.63396717 2.73158505593 7610.63444777 
29 2386.8169012 1.72997341732 7612.45312539 
30 2386.29960634 1.09551833232 7613.60487533 
31 2385.97209417 0.693699986049 7614.33420584 
32 2385.76473565 0.439244043518 7614.7960203 
33 2385.63344929 0.27811778605 7615.08843293 
34 2385.55032664 0.1760939942 7615.27357936 
35 2385.49769821 0.11149510833 7615.39080668 
36 2385.46437688 0.0705934314122 7615.46502969 
37 2385.44327966 0.0446962296176 7615.51202411 
38 2385.42992208 0.028299340119 7615.54177858 
39 2385.42146479 0.017917646778 7615.56061756 
40 2385.4161101 0.011344495923 7615.5725454 
41 2385.4127198 0.00718271537058 7615.58009749 
42 2385.41057333 0.00454780271396 7615.58487887 
43 2385.40921423 0.00287943413692 7615.58790633 
44 2385.40835373 0.0018231128867 7615.58982316 
45 2385.40780892 0.00115432980488 7615.59103675 
46 2385.40746393 0.000730834865221 7615.59180523 
47 2385.40724552 0.000462718276802 7615.59229176 
48 2385.40710722 0.000292950616493 7615.59259983 
49 2385.40701969 0.000185493748971 7615.59279482 
50 2385.4069642 0.000117385200128 7615.59291841 
51 2385.40692908 7.42728633004e-05 7615.59299664 
52 2385.40690693 4.7072239029e-05 7615.593046 
53 2385.40689288 2.98297260968e-05 7615.59307729 
54 2385.40688398 1.89090096036e-05 7615.59309711 
55 2385.40687838 1.20256850092e-05 7615.5931096 
56 2385.4068748 7.63355467431e-06 7615.59311757 
57 2385.40687239 4.67966206367e-06 7615.59312293 
58 2385.40687102 2.99935315161e-06 7615.59312598 
59 2385.4068701 1.86164743923e-06 7615.59312804 
60 2385.40686954 1.17458327624e-06 7615.59312929 
61 2385.4068692 7.58133290723e-07 7615.59313005 
62 2385.40686898 4.93665201109e-07 7615.59313053 
63 2385.40686884 3.2004721905e-07 7615.59313084 
64 2385.40686875 2.05848026916e-07 7615.59313105 
65 2385.40686869 1.3201567106e-07 7615.59313118 
66 2385.40686865 8.47669136821e-08 7615.59313127 
67 2385.40686862 5.44959279986e-08 7615.59313132 
68 2385.40686861 3.51007895333e-08 7615.59313136 
69 2385.40686859 1.44076660343e-08 7615.59313139 
70 2385.40686858 -3.97919803483e-09 7615.59313143 
