Time S I R
0.0  10000 1 0
1 9999.36242893 1.25144899158 0.386122076897 
2 9998.56461611 1.56606038146 0.869323512679 
3 9997.5663483 1.95966535228 1.47398635242 
4 9996.3173629 2.45204021311 2.23059688228 
5 9994.75484559 3.06788246418 3.17727194556 
6 9992.80033536 3.83801434185 4.36165029572 
7 9990.3558685 4.80087669014 5.84325481123 
8 9987.29922853 6.00436056128 7.6964109043 
9 9983.47805108 7.50806626102 10.0138826547 
10 9978.70254429 9.38607120099 12.9113845121 
11 9972.73664771 11.7302571318 16.5330951604 
12 9965.28719286 14.6543360647 21.0584710802 
13 9955.99078512 18.2986380786 26.7105768014 
14 9944.39811296 22.8357042358 33.7661828029 
15 9929.95535006 28.4767056217 42.5679443154 
16 9911.98249003 35.4785834933 53.5389264803 
17 9889.64870117 44.1516419747 67.1996568547 
18 9861.94511343 54.8670646772 84.1878218935 
19 9827.6561958 68.0634061826 105.280398018 
20 9785.3318284 84.2505335421 131.417638057 
21 9733.2636496 104.008695196 163.727655207 
22 9669.47121093 127.979402676 203.549386391 
23 9591.70589969 156.843714268 252.450386039 
24 9497.48321721 191.282565332 312.234217456 
25 9384.15628718 231.913450528 384.930262294 
26 9249.04414406 279.198895458 472.756960484 
27 9089.62579794 333.325754493 578.048447567 
28 8903.80316407 394.061496362 703.135339569 
29 8690.22110218 460.604578548 850.174319272 
30 8448.61140144 531.459270249 1020.92932831 
31 8180.10370652 604.376575645 1216.51971784 
32 7887.42887896 676.405280227 1437.16584081 
33 7574.94064575 744.083432982 1681.97592127 
34 7248.40826228 803.768298418 1948.82343931 
35 6914.5846457 852.059274567 2234.35607974 
36 6580.61494316 886.230255511 2534.15480133 
37 6253.39676469 904.573872242 2843.02936306 
38 5939.01396946 906.580513894 3155.40551664 
39 5642.33767119 892.92211321 3465.7402156 
40 5366.83562964 865.264106931 3768.90026343 
41 5114.5773734 825.967430702 4060.4551959 
42 4886.38560567 777.754994365 4336.85939997 
43 4682.07107838 723.406198103 4595.52272352 
44 4500.69393812 665.519268843 4834.78679303 
45 4340.81054909 606.355920693 5053.83353022 
46 4200.68256415 547.763311341 5252.55412451 
47 4078.44054796 491.158636391 5431.40081565 
48 3972.20107455 437.555003893 5591.24392156 
49 3880.14696154 387.612909089 5733.24012937 
50 3800.5761734 341.702075228 5858.72175137 
51 3731.92827045 299.96429936 5969.10743019 
52 3672.79502768 262.371207591 6065.83376473 
53 3621.92049494 228.773973615 6150.30553144 
54 3578.19452281 198.944014519 6223.86146267 
55 3540.64253585 172.604939933 6287.75252422 
56 3508.41348459 149.456700013 6343.1298154 
57 3480.76722915 129.193153568 6391.03961728 
58 3457.06214199 111.514317842 6432.42354016 
59 3436.74339304 96.1344722449 6468.12213472 
60 3419.33214987 82.7870993126 6498.88075081 
61 3404.41579861 71.2274059177 6525.35679547 
62 3391.63937003 61.2336915254 6548.12693844 
63 3380.69760905 52.6067669166 6567.69562403 
64 3371.32827704 45.1692093617 6584.5025136 
65 3363.30626335 38.7640254661 6598.92971119 
66 3356.43849471 33.2530837766 6611.30842151 
67 3350.5593257 28.51529165 6621.92538265 
68 3345.52677603 24.444947693 6631.02827628 
69 3341.2191744 20.9500608237 6638.83076478 
70 3337.53226704 17.950769439 6645.51696352 
