Time S I R
0.0  10000 1 0
1 9998.94124016 1.08957577919 0.969184058126 
2 9997.78783281 1.18704235423 2.02512483547 
3 9996.53147749 1.29306973745 3.17545277068 
4 9995.16317397 1.40838026175 4.4284457637 
5 9993.67317006 1.53375163329 5.79307830868 
6 9992.0509113 1.67001982114 7.27906887737 
7 9990.28497354 1.81808265773 8.8969438041 
8 9988.36300182 1.97890288128 10.6580953014 
9 9986.2716529 2.15351064468 12.5748364547 
10 9983.99652383 2.3430063749 14.6604697945 
11 9981.52208396 2.54856308394 16.9293529587 
12 9978.83160495 2.77142825717 19.3969667899 
13 9975.9070898 3.01292499986 22.0799851965 
14 9972.72920203 3.27445247573 24.9963454957 
15 9969.27719574 3.55748562163 28.1653186387 
16 9965.52884717 3.86357329695 31.6075795374 
17 9961.46039163 4.19433498478 35.3452733841 
18 9957.0464635 4.55145641626 39.4020800828 
19 9952.26004518 4.93668236099 43.803272459 
20 9947.07242739 5.35180707 48.5757655383 
21 9941.45317701 5.79866300541 53.7481599811 
22 9935.37012755 6.27910470274 59.3507677492 
23 9928.78939251 6.79498880094 65.4156186913 
24 9921.67536273 7.34815715101 71.976480118 
25 9913.99081996 7.94039897625 79.0687810677 
26 9905.69696156 8.57342999131 86.729608444 
27 9896.7536023 9.24884286344 94.9975548355 
28 9887.11926589 9.96807619029 103.912657916 
29 9876.75148487 10.7323534329 113.516161696 
30 9865.6070029 11.5426385031 123.850358596 
31 9853.64216688 12.3995666998 134.958266421 
32 9840.81328289 13.3033851409 146.883331967 
33 9827.07710123 14.2538780672 159.669020698 
34 9812.39135313 15.2502960902 173.358350777 
35 9796.71535079 16.2912765798 187.99337263 
36 9780.01064101 17.3747749484 203.61458404 
37 9762.24184876 18.4979794693 220.260171772 
38 9743.37739169 19.6572527299 237.965355584 
39 9723.39032071 20.8480755028 256.761603788 
40 9702.25927728 22.0649903682 276.675732353 
41 9679.96933933 23.3015865133 297.729074153 
42 9656.51299286 24.5504740081 319.936533131 
43 9631.89093224 25.8033237157 343.305744043 
44 9606.11298623 27.0508863847 367.836127382 
45 9579.198687 28.2831029773 393.518210021 
46 9551.17807753 29.4891844006 420.332738072 
47 9522.09192165 30.6577904466 448.250287908 
48 9491.99223224 31.7771862709 477.230581486 
49 9460.9420382 32.8354707032 507.222491098 
50 9429.01546741 33.8208131995 538.163719395 
51 9396.29706266 34.7216992981 569.981238043 
52 9362.88127843 35.5272293315 602.59149224 
53 9328.87140122 36.2273454669 635.901253318 
54 9294.37841742 36.8131463561 669.80843622 
55 9259.5196349 37.2770664577 704.203298647 
56 9224.41702195 37.6131417312 738.969836323 
57 9189.19563778 37.8171231054 773.987239118 
58 9153.98168599 37.8866303136 809.1316837 
59 9118.90085803 37.8211897524 844.277952219 
60 9084.07642606 37.6222417628 879.301332179 
61 9049.62760777 37.2930955665 914.079296664 
62 9015.66800211 36.8388001165 948.493197777 
63 8982.30410588 36.2660095085 982.429884616 
64 8949.63427799 35.5827681712 1015.78295384 
65 8917.74756307 34.7982872464 1048.45414968 
66 8886.72320888 33.9227116727 1080.35407944 
67 8856.62995178 32.9668262875 1111.40322194 
68 8827.52597489 31.9418574896 1141.53216762 
69 8799.45875602 30.8591528166 1170.68209116 
70 8772.46530828 29.7300360419 1198.80465568 
