Time S I R
0.0  10000 1 0
1 9998.73855672 1.74868532644 0.51275795069 
2 9996.53324951 3.0574124956 1.40933799601 
3 9992.67918047 5.34411308955 2.97670643634 
4 9985.94778123 9.33654385431 5.71567491376 
5 9974.20340848 16.297773513 10.4988180118 
6 9953.75076273 28.407187549 18.8420497235 
7 9918.24741252 49.3868897391 33.3656977429 
8 9856.96102967 85.4795794786 58.5593908552 
9 9752.17905398 146.822551073 101.998394951 
10 9575.93366713 248.938951162 176.127381711 
11 9287.44036432 413.09599396 300.463641723 
12 8835.46288828 662.293065835 503.244045883 
13 8173.27517161 1007.83428215 819.890546234 
14 7290.92445682 1425.84859862 1284.22694456 
15 6248.78153867 1841.05211696 1911.16634436 
16 5172.19937114 2149.06460432 2679.73602454 
17 4193.08722897 2275.17790831 3532.73486272 
18 3389.71043844 2214.04633013 4397.24323143 
19 2775.36387875 2015.62581664 5210.0103046 
20 2324.17470126 1745.68600183 5931.13929691 
21 1998.7957526 1458.04216221 6544.1620852 
22 1765.16694961 1186.4437165 7049.38933389 
23 1596.89472322 947.507552595 7456.59772418 
24 1474.91530544 746.512877721 7779.57181684 
25 1385.84122145 582.390244082 8032.76853447 
26 1320.33574375 451.082954256 8229.58130199 
27 1271.86256268 347.525457014 8381.6119803 
28 1235.80539421 266.686796056 8498.50780973 
29 1208.8697178 204.050563276 8588.07971893 
30 1188.67964078 155.782016637 8656.53834258 
31 1173.50535738 118.734992491 8708.75965013 
32 1162.07703043 90.3857240304 8748.53724554 
33 1153.45604691 68.7406629592 8778.80329013 
34 1146.94470768 52.2420548136 8801.81323751 
35 1142.02207864 39.6820881097 8819.29583325 
36 1138.29781639 30.1295823202 8832.57260129 
37 1135.47862552 22.8696118712 8842.65176261 
38 1133.34365096 17.3549676197 8850.30138142 
39 1131.72631287 13.167781414 8856.10590572 
40 1130.50080699 9.9894972845 8860.50969572 
41 1129.57203146 7.57758652843 8863.85038201 
42 1128.86803955 5.74757947317 8866.38438098 
43 1128.33437167 4.35927168135 8868.30635665 
44 1127.92978647 3.30615958254 8869.76405395 
45 1127.62304275 2.50737472273 8870.86958252 
46 1127.39046843 1.90153234846 8871.70799922 
47 1127.21412334 1.44204852724 8872.34382814 
48 1127.08040942 1.09357794106 8872.82601264 
49 1126.97901855 0.82930603291 8873.19167541 
50 1126.90213601 0.628892316015 8873.46897167 
51 1126.84383692 0.476908439575 8873.67925464 
52 1126.79962904 0.361652641123 8873.83871832 
53 1126.76610621 0.274250037309 8873.95964375 
54 1126.74068575 0.207969975821 8874.05134427 
55 1126.72140923 0.15770793447 8874.12088283 
56 1126.70679165 0.119592931896 8874.17361542 
57 1126.695707 0.0906895074807 8874.21360349 
58 1126.68730138 0.0687714461699 8874.24392717 
59 1126.6809273 0.0521505683964 8874.26692213 
60 1126.67609374 0.0395466201159 8874.28435964 
61 1126.6724284 0.0299888575991 8874.29758274 
62 1126.66964892 0.022741036637 8874.30761005 
63 1126.66754119 0.0172448899153 8874.31521392 
64 1126.66594288 0.0130770757899 8874.32098005 
65 1126.66473085 0.00991655025664 8874.3253526 
66 1126.66381174 0.00751985435785 8874.3286684 
67 1126.66311478 0.0057024377069 8874.33118278 
68 1126.66258629 0.00432430873557 8874.3330894 
69 1126.66218551 0.00327922166163 8874.33453527 
70 1126.66188158 0.00248668565027 8874.33563173 
