Time S I R
0.0  10000 1 0
1 9998.90896705 1.28754520557 0.803487746792 
2 9997.5044722 1.65757520556 1.83795259462 
3 9995.69676551 2.13362198554 3.16961250131 
4 9993.37060549 2.74584539812 4.88354911037 
5 9990.37815099 3.53284440404 7.08900460328 
6 9986.52994322 4.54393004073 9.92612674106 
7 9981.58364995 5.84192357717 13.5744264684 
8 9975.2297165 7.50665212943 18.2636313698 
9 9967.07391626 9.63908969141 24.2869940525 
10 9956.61569334 12.366308554 32.0179981032 
11 9943.22218207 15.8471025076 41.9307154247 
12 9926.09755036 20.2780950617 54.6243545753 
13 9904.24804733 25.8998107751 70.852141893 
14 9876.44405758 33.0017295647 91.55421286 
15 9841.18214057 41.9246255266 117.893233908 
16 9796.6525101 53.057514436 151.289975462 
17 9740.72108337 66.8252387636 193.45367787 
18 9670.93972876 83.6614219297 246.398849309 
19 9584.60345096 103.960577003 312.435972037 
20 9478.87700557 128.003697455 394.119296971 
21 9351.01291077 155.855175455 494.131913777 
22 9198.67348169 187.237170553 615.089347757 
23 9020.34715695 221.401141697 759.251701353 
24 8815.8095297 257.035358514 928.155111786 
25 8586.53966624 292.256030271 1122.20430349 
26 8335.96333653 324.732704251 1340.30395922 
27 8069.40407745 351.963659626 1579.63226293 
28 7793.68275509 371.664586782 1835.65265813 
29 7516.41177661 382.174727105 2102.41349628 
30 7245.13749003 382.758218195 2373.10429178 
31 6986.53344928 373.707594254 2640.75895647 
32 6745.82127619 356.226527494 2898.95219631 
33 6526.50140711 332.147977885 3142.35061501 
34 6330.37888083 303.586103373 3367.0350158 
35 6157.79899974 272.618286235 3570.58271403 
36 6007.98909652 241.056338055 3751.95456542 
37 5879.41639292 210.325149414 3911.25845767 
38 5770.10509923 181.433444933 4049.46145584 
39 5677.88723611 155.008093393 4168.1046705 
40 5600.58185696 131.361660844 4269.05648219 
41 5536.11213025 110.56998658 4354.31788317 
42 5482.57287113 92.5453064389 4425.88182243 
43 5438.26318327 77.0974219753 4485.63939475 
44 5401.69392271 63.9801990592 4535.32587823 
45 5371.5812515 52.9257392924 4576.49300921 
46 5346.83077037 43.666588403 4610.50264123 
47 5326.51804041 35.9497707816 4638.53218881 
48 5309.86763538 29.5444406022 4661.58792402 
49 5296.232745 24.2452561463 4680.52199885 
50 5285.07621709 19.8729920702 4696.05079084 
51 5275.95355384 16.2734194855 4708.77302667 
52 5268.49795892 13.3152801907 4719.18676089 
53 5262.40743091 10.8878149645 4727.70475412 
54 5257.43379229 8.89818745609 4734.66802025 
55 5253.37339889 7.26900410191 4740.35759701 
56 5250.05933989 5.93601847051 4745.00464164 
57 5247.35494225 4.84607967572 4748.79897807 
58 5245.14839378 3.95533966982 4751.89626655 
59 5243.34828926 3.22770656277 4754.42400418 
60 5241.87990943 2.63351898089 4756.48657159 
61 5240.68222423 2.14844146055 4758.16933431 
62 5239.70539858 1.75253003648 4759.54207138 
63 5238.90874779 1.42945487715 4760.66179733 
64 5238.25906963 1.16585728583 4761.57507308 
65 5237.72927037 0.950814929752 4762.3199147 
66 5237.29724176 0.775401327242 4762.92735691 
67 5236.94494991 0.632325568893 4763.42272452 
68 5236.65768494 0.515634392758 4763.82668066 
69 5236.42344719 0.420467229948 4764.15608558 
70 5236.23245069 0.34285740486 4764.42469191 
