Time S I R
0.0  10000 1 0
1 9999.85474309 0.455056114126 0.690200797199 
2 9999.78864421 0.207077128303 1.00427866078 
3 9999.75856546 0.0942318797113 1.14720266324 
4 9999.74487796 0.0428808882095 1.21224115663 
5 9999.7386494 0.0195133926516 1.24183720254 
6 9999.73581503 0.00887974236422 1.25530522539 
7 9999.73452524 0.00404086809919 1.261433889 
8 9999.73393829 0.00183879415357 1.26422291996 
9 9999.7336712 0.000836763446662 1.2654920393 
10 9999.73354965 0.000380746192802 1.26606960674 
11 9999.73349434 0.000173248952757 1.26633241182 
12 9999.73346917 7.88331203531e-05 1.26645199394 
13 9999.73345771 3.58400789799e-05 1.26650644666 
14 9999.73345252 1.633795646e-05 1.26653114702 
15 9999.73345015 7.46956098573e-06 1.26654237927 
16 9999.73344907 3.40030372018e-06 1.26654753317 
17 9999.73344856 1.51599401265e-06 1.26654991974 
18 9999.73344834 6.76332249725e-07 1.26655098321 
19 9999.73344825 3.19907672878e-07 1.26655143464 
20 9999.7334482 1.51908579045e-07 1.26655164742 
21 9999.73344818 7.04915267557e-08 1.26655175054 
22 9999.73344817 3.29172480714e-08 1.26655179813 
23 9999.73344816 -2.61279834495e-09 1.26655184313 
24 9999.73344815 -2.40229880029e-08 1.26655187024 
25 9999.73344815 -3.06443495206e-08 1.26655187863 
26 9999.73344815 -2.24768828979e-08 1.26655186829 
27 9999.73344815 -2.46935416688e-08 1.26655187109 
28 9999.73344815 -2.48071469563e-08 1.26655187124 
29 9999.73344815 -2.11251515752e-08 1.26655186657 
30 9999.73344816 -1.36475555255e-08 1.2665518571 
31 9999.73344816 -1.07086128245e-08 1.26655185338 
32 9999.73344816 -8.29332027142e-09 1.26655185032 
33 9999.73344816 -5.87802771837e-09 1.26655184726 
34 9999.73344816 -3.46273516531e-09 1.2665518442 
35 9999.73344816 -3.00614121344e-09 1.26655184363 
36 9999.73344816 -2.93257526981e-09 1.26655184353 
37 9999.73344816 -2.85900932617e-09 1.26655184344 
38 9999.73344816 -2.78544338254e-09 1.26655184335 
39 9999.73344816 -2.7118774389e-09 1.26655184325 
40 9999.73344816 -2.63831149527e-09 1.26655184316 
41 9999.73344816 -2.56474555163e-09 1.26655184307 
42 9999.73344816 -2.491179608e-09 1.26655184297 
43 9999.73344816 -2.41761366436e-09 1.26655184288 
44 9999.73344816 -2.34404772072e-09 1.26655184279 
45 9999.73344816 -2.27048177709e-09 1.26655184269 
46 9999.73344816 -2.19691583345e-09 1.2665518426 
47 9999.73344816 -2.12334988982e-09 1.26655184251 
48 9999.73344816 -2.04978394618e-09 1.26655184241 
49 9999.73344816 -1.97621800255e-09 1.26655184232 
50 9999.73344816 -1.90265205891e-09 1.26655184223 
51 9999.73344816 -1.82908611528e-09 1.26655184213 
52 9999.73344816 -1.75552017164e-09 1.26655184204 
53 9999.73344816 -1.68195422801e-09 1.26655184195 
54 9999.73344816 -1.60838828437e-09 1.26655184185 
55 9999.73344816 -1.53482234074e-09 1.26655184176 
56 9999.73344816 -1.4612563971e-09 1.26655184167 
57 9999.73344816 -1.38769045347e-09 1.26655184158 
58 9999.73344816 -1.31412450983e-09 1.26655184148 
59 9999.73344816 -1.2405585662e-09 1.26655184139 
60 9999.73344816 -1.16699262256e-09 1.2665518413 
61 9999.73344816 -1.09342667892e-09 1.2665518412 
62 9999.73344816 -1.01986073529e-09 1.26655184111 
63 9999.73344816 -9.46294791654e-10 1.26655184102 
64 9999.73344816 -8.72728848019e-10 1.26655184092 
65 9999.73344816 -7.99162904384e-10 1.26655184083 
66 9999.73344816 -7.25596960748e-10 1.26655184074 
67 9999.73344816 -6.52031017113e-10 1.26655184064 
68 9999.73344816 -5.78465073478e-10 1.26655184055 
69 9999.73344816 -5.04899129843e-10 1.26655184046 
70 9999.73344816 -4.31333186207e-10 1.26655184036 
