Time S I R
0.0  10000 1 0
1 9999.85330926 0.78301844462 0.363672297203 
2 9999.73844874 0.613115695288 0.648435565922 
3 9999.64851167 0.480077657897 0.871410675816 
4 9999.57809212 0.375909214252 1.04599866921 
5 9999.52295148 0.294341314345 1.1827072077 
6 9999.47977638 0.230473150742 1.28975047178 
7 9999.44596969 0.18046319027 1.37356712131 
8 9999.41949878 0.14130479275 1.43919642721 
9 9999.3987719 0.110643418399 1.49058467674 
10 9999.3825425 0.0866351064681 1.53082238982 
11 9999.36983472 0.0678363092467 1.56232897268 
12 9999.35988439 0.0531166235017 1.58699898949 
13 9999.35209316 0.0415909224372 1.6063159147 
14 9999.34599267 0.0325663413058 1.62144098828 
15 9999.34121582 0.0254998492099 1.63328432728 
16 9999.33747548 0.0199666756777 1.64255784378 
17 9999.33454676 0.0156341576796 1.64981907784 
18 9999.33225353 0.0122417263454 1.65550473999 
19 9999.33045791 0.00958541393992 1.65995667765 
20 9999.32905197 0.00750556981794 1.66344246319 
21 9999.32795109 0.00587701404166 1.66617189643 
22 9999.32708904 0.0046017563233 1.66830920768 
23 9999.32641403 0.00360320129245 1.66998276963 
24 9999.3258855 0.00282133655874 1.67129316212 
25 9999.32547166 0.00220912982999 1.67231921054 
26 9999.32514761 0.00172975807136 1.67312262971 
27 9999.32489389 0.00135441688806 1.67375169534 
28 9999.32469523 0.0010605315043 1.67424424239 
29 9999.32453967 0.000830408827967 1.67462992418 
30 9999.32441785 0.00065020683188 1.67493193974 
31 9999.32432247 0.000509104450421 1.675168425 
32 9999.32424779 0.000398628273535 1.67535358124 
33 9999.32418932 0.00031213159921 1.67549854823 
34 9999.32414353 0.000244395096432 1.67561207348 
35 9999.32410768 0.000191356771712 1.67570096483 
36 9999.32407961 0.000149834632924 1.67577055525 
37 9999.32405764 0.000117334251719 1.67582502535 
38 9999.32404042 9.1862941449e-05 1.67586771484 
39 9999.32402691 7.18809213457e-05 1.67590120437 
40 9999.32401636 5.62670427249e-05 1.67592737297 
41 9999.3240081 4.40496527818e-05 1.67594784912 
42 9999.32400166 3.45168733919e-05 1.6759638259 
43 9999.32399661 2.70459869629e-05 1.67597634698 
44 9999.32399264 2.11841160069e-05 1.67598617138 
45 9999.32398954 1.65919513332e-05 1.67599386777 
46 9999.32398711 1.30023798101e-05 1.67599988383 
47 9999.32398522 1.02003714611e-05 1.67600457995 
48 9999.32398374 8.00869836492e-06 1.67600825316 
49 9999.32398258 6.29479158147e-06 1.67601112564 
50 9999.32398165 4.92188626819e-06 1.6760134266 
51 9999.32398092 3.8425281861e-06 1.67601523559 
52 9999.32398031 2.93542768114e-06 1.67601675587 
53 9999.32397989 2.31858268709e-06 1.6760177897 
54 9999.32397955 1.81026854378e-06 1.67601864162 
55 9999.32397927 1.40164535433e-06 1.67601932647 
56 9999.32397906 1.08539906061e-06 1.67601985649 
57 9999.3239789 8.50834299844e-07 1.67602024962 
58 9999.32397878 6.66774323545e-07 1.6760205581 
59 9999.32397868 5.29664432652e-07 1.67602078789 
60 9999.32397861 4.20762230612e-07 1.67602097041 
61 9999.32397855 3.34579734498e-07 1.67602111485 
62 9999.3239785 2.66174924949e-07 1.6760212295 
63 9999.32397847 2.10544774986e-07 1.67602132273 
64 9999.32397844 1.66698181941e-07 1.67602139622 
65 9999.32397841 1.31177095443e-07 1.67602145575 
66 9999.32397839 1.03542513827e-07 1.67602150207 
67 9999.32397838 8.14915280181e-08 1.67602153902 
68 9999.32397837 6.42173266252e-08 1.67602156798 
69 9999.32397836 5.0781463609e-08 1.67602159049 
70 9999.32397835 4.0023326928e-08 1.67602160852 
