Time S I R
0.0  10000 1 0
1 9997.6801304 2.35059943385 0.969270169137 
2 9992.23064606 5.52233690042 3.24701703605 
3 9979.44775494 12.9574237731 8.59482128485 
4 9949.56275594 30.313064858 21.1241792013 
5 9880.23642206 70.4286441799 50.3349337551 
6 9722.27266603 161.061190095 117.666143877 
7 9376.53845345 355.528210738 268.933335813 
8 8681.7146398 728.709205158 590.57615504 
9 7493.80313388 1301.9129482 1205.28391792 
10 5916.70745025 1891.84692161 2192.44562814 
11 4367.32167134 2172.77436578 3460.90396288 
12 3191.96615421 2038.38853108 4770.64531471 
13 2429.14241541 1660.30242861 5911.55515599 
14 1964.25412226 1237.75295161 6798.99292613 
15 1683.81334787 874.62276755 7442.56388458 
16 1512.84851181 598.301555508 7889.84993269 
17 1407.04217613 401.210168285 8192.74765558 
18 1340.67489819 265.728054563 8394.59704725 
19 1298.61455041 174.625357953 8527.76009163 
20 1271.76179189 114.187220861 8615.05098725 
21 1254.53112391 74.4295492577 8672.03932684 
22 1243.43700353 48.4155461278 8709.14745034 
23 1236.27783959 31.4522325139 8733.2699279 
24 1231.65109799 20.4149453927 8748.93395662 
25 1228.65807546 13.243589535 8759.098335 
26 1226.72067765 8.58832484038 8765.69099751 
27 1225.46607442 5.56815086153 8769.96577472 
28 1224.65341208 3.60951296067 8772.73707496 
29 1224.12692324 2.33961393515 8774.53346282 
30 1223.78579541 1.51639580639 8775.69780879 
31 1223.56475232 0.982795825621 8776.45245185 
32 1223.42151465 0.636945975524 8776.94153938 
33 1223.32869264 0.412795053013 8777.2585123 
34 1223.2685402 0.267523269798 8777.46393653 
35 1223.22955846 0.173374621511 8777.59706692 
36 1223.20429617 0.112358885521 8777.68334495 
37 1223.18792471 0.072816151564 8777.73925914 
38 1223.17731504 0.0471897146792 8777.77549524 
39 1223.17043933 0.0305820596951 8777.79897861 
40 1223.16598343 0.0198191722482 8777.8141974 
41 1223.16309572 0.0128441087997 8777.82406017 
42 1223.1612243 0.0083237951738 8777.8304519 
43 1223.16001153 0.00539440832337 8777.83459406 
44 1223.15922558 0.0034959808634 8777.83727844 
45 1223.15871621 0.00226563165075 8777.83901816 
46 1223.15838611 0.00146829891114 8777.84014559 
47 1223.15817219 0.000951567908728 8777.84087625 
48 1223.15803353 0.000616654391335 8777.84134981 
49 1223.15794368 0.000399625148636 8777.84165669 
50 1223.15788545 0.000258969101777 8777.84185558 
51 1223.15784772 0.000167839377404 8777.84198444 
52 1223.15782325 0.000108729419593 8777.84206802 
53 1223.15780739 7.04134757805e-05 8777.8421222 
54 1223.15779714 4.56634969652e-05 8777.8421572 
55 1223.1577905 2.96157414173e-05 8777.84217989 
56 1223.15778619 1.92100075335e-05 8777.8421946 
57 1223.15778341 1.24879918382e-05 8777.84220411 
58 1223.15778161 8.14150101726e-06 8777.84221025 
59 1223.15778041 5.25298519237e-06 8777.84221434 
60 1223.15777962 3.34582402695e-06 8777.84221703 
61 1223.15777913 2.15505366757e-06 8777.84221872 
62 1223.1577788 1.37152380692e-06 8777.84221982 
63 1223.1577786 8.90889370675e-07 8777.8422205 
64 1223.15777848 5.92624304396e-07 8777.84222093 
65 1223.1577784 3.9506132925e-07 8777.84222121 
66 1223.15777834 2.61195259736e-07 8777.84222139 
67 1223.15777831 1.71392190879e-07 8777.84222152 
68 1223.15777828 1.12443044015e-07 8777.84222161 
69 1223.15777827 7.39100181023e-08 8777.84222166 
70 1223.15777826 4.85940833105e-08 8777.8422217 
