Time S I R
0.0  10000 1 0
1 9998.70382257 1.90633191031 0.389845515334 
2 9996.23355588 3.6334875221 1.13295659301 
3 9991.52763787 6.92325254825 2.54910958599 
4 9982.56986827 13.1835143047 5.24661742667 
5 9965.5441961 25.0754623152 10.3803415858 
6 9933.27641807 47.5894783567 20.1341035716 
7 9872.45041969 89.942795745 38.6067845688 
8 9758.94802345 168.668461702 73.3835148451 
9 9551.09684717 311.773158914 138.129993921 
10 9183.2157135 561.525564143 256.258722353 
11 8569.48958516 967.227927254 464.28248759 
12 7639.08314722 1551.98528351 809.931569277 
13 6411.49967331 2252.70825114 1336.79207555 
14 5049.39182661 2896.55745351 2055.05071988 
15 3785.78894198 3293.97334152 2921.2377165 
16 2777.01237845 3370.80462706 3853.18299449 
17 2048.93462961 3184.44482177 4767.62054862 
18 1550.22637183 2844.31019021 5606.46343795 
19 1214.30261054 2445.71247317 6340.98491629 
20 987.024348729 2049.74946096 6964.22619031 
21 830.95182746 1688.16645645 7481.88171609 
22 721.757445317 1373.6576782 7905.58487648 
23 643.905380246 1108.24274143 8248.85187833 
24 587.428585304 888.64089705 8524.93051765 
25 545.833778 709.365641133 8745.80058087 
26 514.805174723 564.378719388 8921.81610589 
27 491.412161255 447.907873514 9061.67996523 
28 473.622324546 354.803004159 9172.5746713 
29 459.998386287 280.647068034 9260.35454568 
30 449.505850033 221.744806851 9329.74934312 
31 441.388561572 175.055459975 9384.55597845 
32 435.086120103 138.105398971 9427.80848093 
33 430.178782531 108.89859755 9461.92261992 
34 426.349086971 85.8340989576 9488.81681407 
35 423.355006619 67.6334177992 9510.01157558 
36 421.010855824 53.2789734043 9526.71017077 
37 419.17356517 41.9630833761 9539.86335145 
38 417.732257959 33.0455944845 9550.22214756 
39 416.60079639 26.0200680308 9558.37913558 
40 415.712083214 20.4862743924 9564.80164239 
41 415.013733273 16.1281912738 9569.85807545 
42 414.464787727 12.6964915276 9573.83872075 
43 414.033165086 9.994524585 9576.97231033 
44 413.693719298 7.86729014094 9579.43899056 
45 413.426720899 6.19264511638 9581.38063398 
46 413.216679591 4.87435989212 9582.90896052 
47 413.051428304 3.83664460897 9584.11192709 
48 412.921405171 3.01981026751 9585.05878456 
49 412.819093702 2.37685708923 9585.80404921 
50 412.738583756 1.87078071789 9586.39063553 
51 412.675227088 1.47244741704 9586.8523255 
52 412.625367523 1.15892265922 9587.21570982 
53 412.586128759 0.912152277132 9587.50171896 
54 412.555247808 0.71792457562 9587.72682762 
55 412.530944104 0.565053030027 9587.90400287 
56 412.511816543 0.444732349449 9588.04345111 
57 412.496762582 0.350031839491 9588.15320558 
58 412.484914579 0.275496349038 9588.23958907 
59 412.475589724 0.216832169694 9588.30757811 
60 412.468250654 0.170659809142 9588.36108954 
61 412.462474463 0.134319334442 9588.4032062 
62 412.457928311 0.105717143221 9588.43635455 
63 412.454350264 0.0832055414374 9588.46244419 
64 412.451534158 0.0654876038382 9588.48297824 
65 412.44931773 0.0515425286529 9588.49913974 
66 412.447573283 0.0405669474581 9588.51185977 
67 412.446200308 0.0319285299195 9588.52187116 
68 412.4451197 0.025129586232 9588.52975071 
69 412.444269202 0.0197784296403 9588.53595237 
70 412.443599812 0.015566760468 9588.54083343 
