Time S I R
0.0  10000 1 0
1 9999.08951017 1.66866393811 0.241825888395 
2 9997.57045631 2.78420841958 0.645335266661 
3 9995.03657078 4.64487631383 1.3185529083 
4 9990.81121395 7.74723570285 2.44155034312 
5 9983.76904694 12.9167095549 4.31424350297 
6 9972.04265015 21.521822848 7.4355270063 
7 9952.54510414 35.8214588815 12.6334369744 
8 9920.20600212 59.5166872381 21.2773106421 
9 9866.78555849 98.5965471998 35.6178943065 
10 9779.13141774 162.551082984 59.3174992713 
11 9636.87539548 265.888554184 98.2360503346 
12 9410.05890018 429.448111784 161.492988037 
13 9058.40529913 679.949676891 262.645023975 
14 8536.08219163 1044.5378051 420.380003264 
15 7807.24474413 1536.33828631 657.41696956 
16 6873.05634801 2132.05311514 995.890536847 
17 5795.26598671 2756.8365964 1448.89741689 
18 4688.30388247 3300.83087622 2011.86524131 
19 3672.64858396 3668.03495141 2660.31646462 
20 2825.42801369 3818.74559622 3356.82639009 
21 2166.28147721 3772.36366402 4062.35485877 
22 1675.31408902 3580.7385052 4744.94740578 
23 1317.51592504 3300.45472859 5383.02934637 
24 1058.37961107 2977.93027751 5964.69011142 
25 869.972272216 2645.69860338 6485.32912441 
26 731.655050895 2324.14535256 6945.19959655 
27 628.824015823 2024.7235255 7347.45245868 
28 551.325832269 1752.90843362 7696.76573411 
29 492.124038688 1510.42080003 7998.45516128 
30 446.317733618 1296.75241573 8257.92985065 
31 410.457657291 1110.16362652 8480.37871618 
32 382.086563026 948.308531423 8670.60490555 
33 359.429823937 808.618232189 8832.95194387 
34 341.187648495 688.526988564 8971.28536294 
35 326.394757046 585.598989226 9089.00625373 
36 314.32467643 497.593295364 9189.08202821 
37 304.423712249 422.490818986 9274.08546877 
38 296.264866164 358.498667284 9346.23646655 
39 289.515250564 304.041488137 9407.4432613 
40 283.912748477 257.74589599 9459.34135553 
41 279.2491587 218.421636647 9503.32920465 
42 275.357685388 185.042041483 9540.60027313 
43 272.10378222 156.7246388 9572.17157898 
44 269.378208529 132.713117712 9598.90867376 
45 267.091773971 112.36078083 9621.5474452 
46 265.17129231 95.1156783803 9640.71302931 
47 263.556439795 80.5074486255 9656.93611158 
48 262.197367877 68.1357552577 9670.66687687 
49 261.052677364 57.6602187247 9682.28710391 
50 260.087916446 48.7916635763 9692.12041998 
51 259.274353209 41.2845990067 9700.44104778 
52 258.587972479 34.9307475399 9707.48127998 
53 258.008661376 29.5534785283 9713.4378601 
54 257.51955224 25.0030601328 9718.47738763 
55 257.106482767 21.152614376 9722.74090286 
56 256.757548427 17.8946612218 9726.34779035 
57 256.462730708 15.1381640907 9729.3991052 
58 256.213593271 12.806034826 9731.9803719 
59 256.003027587 10.8330104447 9734.16396197 
60 255.825040376 9.16384741272 9736.01111221 
61 255.67457515 7.75178257027 9737.57364228 
62 255.547364853 6.55723990575 9738.89539524 
63 255.43980737 5.54672948305 9740.01346315 
64 255.348860939 4.69191333131 9740.95922573 
65 255.271955919 3.96881115573 9741.75923293 
66 255.206921443 3.35713411488 9742.43594444 
67 255.151923188 2.83971737658 9743.00835944 
68 255.105410906 2.40203921987 9743.49254987 
69 255.066074108 2.03181308831 9743.9021128 
70 255.032805041 1.71864532609 9744.24854963 
