Time S_a1 S_a2 I_a1 I_a2 R_a1 R_a2
0 50 50 1 0 0 0
1 22.3841329116 49.6705692807 28.224825562 0.325873943088 0.391041526397 0.00355677625409
2 0.662974841488 48.2524970462 48.2336030187 1.70505168464 2.10342213983 0.0424512691956
3 0.0130534639866 46.7158470384 46.972637214 3.14421725357 4.01430932205 0.139935708071
4 0.000298815254652 45.2787658361 45.1431859551 4.42932287827 5.85651522961 0.291911285663
5 7.46063457058e-06 43.93776872 43.373379046 5.56987684137 7.62661349332 0.492354438679
6 0 42.6851163571 41.6726919052 6.57913203965 9.32730809479 0.735751603239
7 0 41.5137240331 40.0386824576 7.46918025337 10.9613175424 1.01709571356
8 0 40.4171801986 38.4687432402 8.25097747999 12.5312567598 1.33184232143
9 0 39.3896708277 36.9603622799 8.93446605128 14.0396377201 1.67586312101
10 0 38.4259177505 35.5111257826 9.52867300974 15.4888742174 2.0454092398
11 0 37.5211217737 34.1187146624 10.0418021849 16.8812853376 2.4370760414
12 0 36.6709129613 32.7809007595 10.4813150756 18.2190992405 2.84777196317
13 0 35.8713053674 31.4955431695 10.8540051229 19.5044568305 3.27468950967
14 0 35.1186633742 30.2605853145 11.1660532918 20.7394146855 3.71528333407
15 0 34.4096599537 29.0740509857 11.4230978208 21.9259490143 4.16724222544
16 0 33.7412455648 27.9340412141 11.6302860769 23.0659587859 4.62846835836
17 0 33.1106284798 26.8387318415 11.7923079971 24.1612681585 5.09706352308
18 0 32.5152453783 25.7863701632 11.9134463188 25.2136298368 5.57130830291
19 0 31.9527398987 24.7752721794 11.9976133023 26.2247278206 6.049646799
20 0 31.4209433986 23.8038199058 12.0483840581 27.1961800942 6.53067254324
21 0 30.9178582181 22.8704588233 12.0690256154 28.1295411767 7.01311616651
22 0 30.4416420692 21.9736953918 12.0625244079 29.0263046082 7.49583352289
23 0 29.990591927 21.1120945315 12.0316144334 29.8879054685 7.97779363961
24 0 29.5631331488 20.2842774414 11.9787967278 30.7157225586 8.45807012343
25 0 29.1578112377 19.4889195244 11.9063545932 31.5110804756 8.93583416907
26 0 28.7732775971 18.7247480673 11.8163786806 32.2752519327 9.41034372225
27 0 28.4082800234 17.9905401962 11.7107842327 33.0094598038 9.88093574395
28 0 28.0616574079 17.2851210493 11.5913212184 33.7148789507 10.3470213737
29 0 27.7323293506 16.6073617777 11.4595926767 34.3926382223 10.8080779727
30 0 27.4192916855 15.9561778294 11.3170635465 35.0438221706 11.263644768
31 0 27.1216088726 15.3305271635 11.1650743067 35.6694728365 11.7133168207
32 0 26.8384094312 14.7294086154 11.0048497509 36.2705913846 12.1567408178
33 0 26.5688800019 14.1518602591 10.8375100592 36.8481397409 12.5936099389
34 0 26.3122615027 13.5969578997 10.6640781063 37.4030421003 13.023660391
35 0 26.0678442848 13.0638135691 10.48548833 37.9361864309 13.4466673853
36 0 25.8349648134 12.5515741258 10.3025932177 38.4484258742 13.8624419689
37 0 25.613001517 12.0594198555 10.1161710474 38.9405801445 14.2708274356
38 0 25.401372612 11.5865632136 9.92693020773 39.4134367864 14.6716971803
39 0 25.1995333625 11.1322475755 9.73551446435 39.8677524245 15.0649521732
40 0 25.0069712339 10.6957458999 9.54251185296 40.3042541001 15.4505169131
41 0 24.8232054452 10.2763596837 9.34845591306 40.7236403163 15.8283386417
42 0 24.6477849802 9.87341786053 9.15382956116 41.1265821395 16.1983854586
43 0 24.4802847601 9.48627560732 8.95907205262 41.5137243927 16.5606431873
44 0 24.3203050083 9.1143134019 8.76458047556 41.8856865981 16.9151145162
45 0 24.1674699098 8.75693606252 8.57071240571 42.2430639375 17.2618176845
46 0 24.0214247177 8.41357168807 8.37779123745 42.5864283119 17.6007840448
47 0 23.8818350003 8.08367080697 8.18610774229 42.916329193 17.9320572574
48 0 23.748385729 7.76670553961 7.99592188223 43.2332944604 18.2556923887
49 0 23.6207791328 7.46216866126 7.80746684757 43.5378313387 18.5717540197
50 0 23.4987338933 7.16957282982 7.62095062798 43.8304271702 18.8803154788
51 0 23.3819845099 6.88844985554 7.43655726081 44.1115501445 19.1814582293
52 0 23.2702796942 6.61834987585 7.25444981944 44.3816501241 19.4752704864
53 0 23.1633815856 6.35884065386 7.07477190975 44.6411593461 19.7618465046
54 0 23.0610653049 6.10950694113 6.89764854587 44.8904930589 20.0412861492
55 0 22.9631177449 5.86994975074 6.72318841539 45.1300502493 20.3136938397
56 0 22.8693368384 5.63978571944 6.55148524894 45.3602142806 20.5791779126
57 0 22.7795312379 5.41864655292 6.38261840035 45.5813534471 20.8378503617
58 0 22.6935193359 5.20617837435 6.21665467489 45.7938216257 21.0898259892
59 0 22.6111286586 5.00204115525 6.05364944076 45.9979588448 21.3352219007
60 0 22.5321957448 4.80590825336 5.89364681161 46.1940917466 21.5741574436
61 0 22.4565655661 4.61746587842 5.73668069795 46.3825341216 21.806753736
62 0 22.384090368 4.43641244528 5.58277699319 46.5635875547 22.0331326389
63 0 22.3146297105 4.26245819567 5.43195341474 46.7375418043 22.2534168748
64 0 22.2480502838 4.09532478593 5.28421978244 46.9046752141 22.4677299338
65 0 22.184225359 3.93474480651 5.13957900431 47.0652551935 22.6761956367
66 0 22.1230340096 3.78046124435 4.99802850414 47.2195387556 22.8789374863
67 0 22.0643612733 3.63222720543 4.85955981874 47.3677727946 23.076078908
68 0 22.0080978013 3.48980551293 4.72415918811 47.5101944871 23.2677430106
69 0 21.9541394158 3.35296828428 4.59180833614 47.6470317157 23.454052248
70 0 21.9023866175 3.2214965004 4.46248535693 47.7785034996 23.6351280256
