Time S_a1 S_a2 I_a1 I_a2 R_a1 R_a2
0 50 50 1 0 0 0
1 15.7263271201 49.5838671223 34.7777467075 0.411718456296 0.49592617247 0.00441442137755
2 0.222360054204 48.0780785834 48.4559089589 1.87273218094 2.32173098692 0.0491892357095
3 0.00260256570854 46.5477246004 46.768859779 3.29913135107 4.22853765531 0.153144048524
4 3.55415011839e-05 45.1154079035 44.9375145424 4.57350694079 6.06244991606 0.31108515571
5 5.77531501733e-07 43.7749127972 43.1755233226 5.70792803911 7.82447609985 0.517159163688
6 0 42.5191873722 41.4825878225 6.71479181927 9.51741217745 0.766020808571
7 0 41.3417892355 39.8560325237 7.60541532147 11.1439674763 1.05279544308
8 0 40.2368456035 38.2932548368 8.39011320555 12.7067451632 1.37304119099
9 0 39.1990037214 36.7917547579 9.07828070204 14.2082452421 1.72271557653
10 0 38.223367327 35.3491294056 9.67850204379 15.6508705944 2.09813062922
11 0 37.305458418 33.9630701578 10.1986144543 17.0369298422 2.49592712762
12 0 36.4411763578 32.6313589153 10.6457782495 18.3686410847 2.91304539274
13 0 35.6267689416 31.3518652312 11.02652666 19.6481347688 3.34670439845
14 0 34.8587826516 30.1225411849 11.346851851 20.8774588151 3.79436549742
15 0 34.1340484897 28.9414195112 11.6122293669 22.0585804888 4.25372214343
16 0 33.4496536137 27.8066102455 11.8276676174 23.1933897545 4.72267876888
17 0 32.8029165535 26.716297491 11.9977521316 24.283702509 5.19933131487
18 0 32.1913656224 25.6687365188 12.1266834738 25.3312634812 5.68195090379
19 0 31.6127203356 24.6622509869 12.2183104713 26.3377490131 6.16896919308
20 0 31.0648753996 23.6952303215 12.2761588089 27.3047696785 6.65896579149
21 0 30.5458848864 22.766127113 12.3034596846 28.233872887 7.15065542893
22 0 30.053947302 21.873454558 12.3031767961 29.126545442 7.64287590189
23 0 29.5873931159 21.0157840984 12.2780289981 29.9842159016 8.13457788598
24 0 29.1446770898 20.1917433483 12.2305048536 30.8082566517 8.62481805663
25 0 28.7243661852 19.4000137607 12.1628847887 31.5999862393 9.11274902612
26 0 28.3251260328 18.6393283163 12.0772656424 32.3606716837 9.59760832475
27 0 27.9457188076 17.9084698057 11.9755656234 33.0915301943 10.078715569
28 0 27.5849909282 17.2062686626 11.8595463565 33.7937313374 10.5554627153
29 0 27.2418690889 16.5316012239 11.7308210482 34.4683987761 11.027309863
30 0 26.9153523463 15.8833878685 11.5908690263 35.1166121315 11.4937786275
31 0 26.6045073157 15.2605913262 11.4410450468 35.7394086738 11.9544476376
32 0 26.3084622542 14.6622149844 11.2825906088 36.3377850156 12.4089471369
33 0 26.0264027684 14.0873013155 11.1166422648 36.9126986845 12.8569549668
34 0 25.7575671402 13.5349303325 10.9442404115 37.4650696675 13.2981924484
35 0 25.5012425001 13.0042181251 10.7663367169 37.9957818749 13.732420783
36 0 25.2567609228 12.4943154271 10.5838016829 38.5056845729 14.1594373942
37 0 25.0234963316 12.004406273 10.3974306594 38.995593727 14.579073009
38 0 24.8008622742 11.533706744 10.2079483054 39.466293256 14.9911894204
39 0 24.5883077834 11.081463628 10.0160164477 39.918536372 15.3956757689
40 0 24.3853144544 10.6469531946 9.82223973835 40.3530468054 15.7924458072
41 0 24.1913960201 10.2294801631 9.62716681843 40.7705198369 16.1814371615
42 0 24.006094976 9.82837650762 9.4312966896 41.1716234924 16.5626083345
43 0 23.8289797798 9.44300032859 9.23508401535 41.5569996714 16.9359362049
44 0 23.659644781 9.0727349633 9.03893962413 41.9272650367 17.3014155949
45 0 23.4977077452 8.71698793645 8.84323519863 42.2830120635 17.6590570562
46 0 23.3428073906 8.37518993086 8.64830795113 42.6248100691 18.0088846582
47 0 23.1946033659 8.04679401073 8.45446087219 42.9532059893 18.3509357619
48 0 23.0527744694 7.73127470397 8.26196614937 43.268725296 18.6852593812
49 0 22.9170166299 7.42812707222 8.07106905948 43.5718729278 19.0119143106
50 0 22.7870427744 7.13686602083 7.88198828912 43.8631339792 19.3309689364
51 0 22.6625815693 6.85702549989 7.69491836503 44.1429745001 19.6425000656
52 0 22.5433757923 6.58815767282 7.51003272682 44.4118423272 19.9465914809
53 0 22.4291821115 6.32983229428 7.32748421488 44.6701677057 20.2433336736
54 0 22.3197701949 6.0816360169 7.14740676865 44.9183639831 20.5328230364
55 0 22.2149214255 5.84317164937 6.96991788782 45.1568283506 20.8151606867
56 0 22.1144286055 5.61405759325 6.79511917687 45.3859424068 21.0904522176
57 0 22.0180953198 5.39392724049 6.62309754243 45.6060727595 21.3588071378
58 0 21.9257348531 5.18242830101 6.45392725175 45.817571699 21.6203378951
59 0 21.8371700025 4.97922231768 6.28767024818 46.0207776823 21.8751597493
60 0 21.7522326689 4.78398415371 6.12437688968 46.2160158463 22.1233904414
61 0 21.6707632112 4.59640144504 5.96408715059 46.403598555 22.3651496382
62 0 21.5926092628 4.41617394742 5.80683289628 46.5838260526 22.6005578409
63 0 21.5176261686 4.24301325007 5.6526369273 46.7569867499 22.8297369041
64 0 21.4456764486 4.07664229094 5.50151396158 46.9233577091 23.0528095898
65 0 21.3766292021 3.91679486105 5.35347172567 47.083205139 23.2698990722
66 0 21.3103595 3.76321511422 5.20851206673 47.2367848858 23.4811284332
67 0 21.24674856 3.61565729771 5.06663051632 47.3843427023 23.6866209237
68 0 21.1856833035 3.47388532843 4.92781707068 47.5261146716 23.8864996258
69 0 21.127055789 3.33767233152 4.79205724468 47.6623276685 24.0808869663
70 0 21.070763001 3.20680030085 4.65933238771 47.7931996991 24.2699046113
