Time S_a1 S_a2 I_a1 I_a2 R_a1 R_a2
0 50 50 1 0 0 0
1 24.2723421768 49.9927678634 26.3629700851 0.00715350118392 0.364687738092 7.86354349866e-05
2 0.884556137551 49.9596340764 48.0794409957 0.0394060274182 2.03600286676 0.000959896177695
3 0.0200390251249 49.9217654778 47.0328602458 0.0749789313286 3.94710072911 0.00325559086607
4 0.000520162094112 49.8852294523 45.2076136993 0.107849125568 5.79186613861 0.00692142214403
5 1.54951291123e-05 49.8501384603 43.4354847385 0.138014206658 7.56449976634 0.0118473329953
6 0 49.8164383105 41.7323758001 0.165633014024 9.26762419989 0.0179286755086
7 0 49.7840728775 40.0960262196 0.190860823786 10.9039737804 0.0250662986743
8 0 49.7529885845 38.5238389973 0.213843760914 12.4761610027 0.0331676546262
9 0 49.7231339927 37.0132985151 0.23472023709 13.9867014849 0.0421457702442
10 0 49.6944597754 35.5619876456 0.253621204706 15.4380123544 0.0519190199118
11 0 49.6669185725 34.1675808881 0.270670689586 16.8324191119 0.0624107378817
12 0 49.6404650121 32.8278461552 0.285985828679 18.1721538448 0.0735491591843
13 0 49.6150557676 31.5406471901 0.299676643781 19.4593528099 0.0852675886291
14 0 49.5906490248 30.3039196466 0.311848081071 20.6960803534 0.0975028940997
15 0 49.5672047969 29.1156854271 0.322598838443 21.8843145729 0.110196364616
16 0 49.5446846946 27.9740426243 0.332022282572 23.0259573757 0.123293022865
17 0 49.5230518843 26.8771635712 0.340206614202 24.1228364288 0.136741501523
18 0 49.5022710732 25.8232941953 0.347234931423 25.1767058047 0.150493995353
19 0 49.4823083424 24.8107465902 0.353185903861 26.1892534098 0.164505753733
20 0 49.463131181 23.8379005511 0.3581336341 27.1620994489 0.178735184873
21 0 49.4447084543 22.9032021845 0.362147790595 28.0967978155 0.193143755104
22 0 49.4270102677 22.0051575998 0.365294141133 28.9948424002 0.207695591121
23 0 49.4100078734 21.142328797 0.367634936292 29.857671203 0.222357190321
24 0 49.3936735786 20.3133297801 0.369229288364 30.6866702199 0.237097133012
25 0 49.3779809018 19.5168330898 0.370132494743 31.4831669102 0.251886603449
26 0 49.362904531 18.7515679036 0.370396195924 32.2484320964 0.266699273049
27 0 49.348420069 18.0163088805 0.370069435112 32.9836911195 0.281510495897
28 0 49.3345041103 17.3098792789 0.369198316829 33.6901207211 0.296297572876
29 0 49.3211342143 16.6311496034 0.367826105368 34.3688503966 0.311039680307
30 0 49.3082888065 15.979033323 0.36599362529 35.020966677 0.325717568188
31 0 49.2959471786 15.3524866632 0.363739240645 35.6475133368 0.340313580751
32 0 49.2840894707 14.7505076576 0.361098910266 36.2494923424 0.354811619077
33 0 49.2726965902 14.1721325535 0.358106519171 36.8278674465 0.369196890674
34 0 49.2617502065 13.6164354249 0.354793873977 37.3835645751 0.383455919495
35 0 49.2512327434 13.0825277108 0.351190705311 37.9174722892 0.397576551318
36 0 49.2411273047 12.5695548613 0.347324976491 38.4304451387 0.411547718765
37 0 49.2314176688 12.0766959293 0.343222888017 38.9233040707 0.425359443194
38 0 49.2220882875 11.6031634273 0.338908860986 39.3968365727 0.439002851508
39 0 49.2131242015 11.1481994905 0.33440587324 39.8518005095 0.452469925214
40 0 49.2045110319 10.7110753807 0.32973547626 40.2889246193 0.46575349187
41 0 49.1962349551 10.291090282 0.324917878781 40.708909718 0.478847166125
42 0 49.1882826914 9.88757067512 0.319971978699 41.1124293249 0.491745329855
43 0 49.1806415335 9.49987158241 0.314915229983 41.5001284176 0.504443236528
44 0 49.1732992644 9.12737272818 0.309763952342 41.8726272718 0.516936783261
45 0 49.166244162 8.76947863913 0.304533295052 42.2305213609 0.529222542959
46 0 49.1594649926 8.42561827084 0.299237240626 42.5743817292 0.541297766803
47 0 49.1529509905 8.09524400948 0.293888673394 42.9047559905 0.553160336118
48 0 49.1466917234 7.77782575477 0.288499986791 43.2221742452 0.564808289766
49 0 49.1406771804 7.47285459371 0.283082642852 43.5271454063 0.576240176773
50 0 49.1348977486 7.17984170814 0.277647253725 43.8201582919 0.587454997632
51 0 49.1293441817 6.89831687583 0.272203708329 44.1016831242 0.598452110014
52 0 49.1240076322 6.62782983839 0.266760983302 44.3721701616 0.609231384532
53 0 49.1188796045 6.36794812064 0.261327348009 44.6320518794 0.619793047504
54 0 49.1139519379 6.11825621958 0.255910418715 44.8817437804 0.630137643354
55 0 49.1092168054 5.87835545929 0.250517139692 45.1216445407 0.640266054936
56 0 49.1046666626 5.64786172053 0.245153994088 45.3521382795 0.650179343293
57 0 49.1002942585 5.42640579371 0.239826934495 45.5735942063 0.659878807011
58 0 49.096092636 5.21363335045 0.234541355048 45.7863666496 0.66936600894
59 0 49.0920551111 5.00920394949 0.229302167808 45.9907960505 0.678642721085
60 0 49.0881752621 4.81279045079 0.224113847144 46.1872095492 0.687710890731
61 0 49.0844469192 4.62407849752 0.218980454716 46.3759215025 0.696572626061
62 0 49.0808641541 4.44276603175 0.213905658967 46.5572339683 0.705230186895
63 0 49.0774212709 4.2685628015 0.208892766083 46.7314371985 0.713685962997
64 0 49.0741127978 4.10118999058 0.203944719833 46.8988100094 0.721942482354
65 0 49.070933479 3.94037980217 0.199064119754 47.0596201978 0.730002401246
66 0 49.0678782661 3.78587498639 0.19425326044 47.2141250136 0.737868473448
67 0 49.0649423114 3.63742851237 0.189514134907 47.3625714876 0.745543553725
68 0 49.0621209548 3.49480291976 0.184848486535 47.5051970802 0.753030558696
69 0 49.0594097136 3.35776978308 0.180257847497 47.6422302169 0.760332438952
70 0 49.0568042841 3.22610980673 0.175743496478 47.7738901933 0.767452219413
