Time S_a1 S_a2 I_a1 I_a2 R_a1 R_a2
0 50 50 1 0 0 0
1 49.9971259326 49.9956961895 0.963606104461 0.00421853886064 0.039267962952 8.52716719963e-05
2 49.9942663461 49.9915336476 0.92862640188 0.0081328944317 0.0771072520213 0.000333458013012
3 49.991423743 49.9875072782 0.895001668187 0.0117602851799 0.113574588765 0.000732436620963
4 49.9886003918 49.9836122369 0.862675895917 0.0151168531443 0.14872371227 0.00127090994644
5 49.9857983188 49.9798439772 0.831596793819 0.0182175377138 0.182604887408 0.00193848510683
6 49.9830194136 49.9761980622 0.801713564803 0.0210767379932 0.215267021617 0.00272519982095
7 49.9802654043 49.9726702221 0.772977564188 0.0237081256343 0.246757031557 0.00362165223455
8 49.9775378679 49.9692563467 0.745342194821 0.0261246844507 0.277119937238 0.00461896880635
9 49.974838217 49.9659524954 0.718763047515 0.0283386580423 0.306398735517 0.00570884655478
10 49.9721677513 49.9627548557 0.693197335982 0.0303617552213 0.334634912711 0.00688338910492
11 49.9695276329 49.9596597676 0.668604215218 0.0322050397975 0.361868151932 0.00813519262896
12 49.9669188667 49.9566637408 0.644945008525 0.0338788513945 0.388136124798 0.00945740777119
13 49.9643424208 49.9537633476 0.622181783449 0.0353933051868 0.413475795725 0.0108433472429
14 49.9617991162 49.9509553209 0.600278661065 0.036757832459 0.437922222751 0.0122868466097
15 49.9592896871 49.9482365052 0.579201141613 0.0379814229108 0.461509171259 0.0137820718778
16 49.9568147691 49.945603865 0.558916230934 0.0390725776823 0.484268999981 0.0153235573661
17 49.9543749031 49.9430544814 0.539392391144 0.0400393272954 0.506232705726 0.0169061913423
18 49.9519705678 49.9405855279 0.520599204141 0.0408893547946 0.527430228038 0.0185251173471
19 49.9496021444 49.9381942967 0.502507738157 0.0416298614649 0.547890117427 0.020175841865
20 49.9472699722 49.9358781548 0.485089946926 0.0422677845079 0.567640080883 0.0218540606597
21 49.9449743043 49.9336345798 0.468319154495 0.0428096220614 0.586706541238 0.023555798135
22 49.9427153188 49.9314611506 0.452169934511 0.0432614770893 0.605114746659 0.0252773722619
23 49.9404931334 49.9293555367 0.436617955632 0.0436291134956 0.622888910923 0.0270153497705
24 49.9383078124 49.927315492 0.421639903056 0.0439179847564 0.640052284534 0.0287665232354
25 49.936159374 49.9253388452 0.407213356776 0.044133272288 0.656627269233 0.0305278824849
26 49.9340477978 49.9234234956 0.393316727445 0.0442799108514 0.672635474732 0.0322965935673
27 49.9319730324 49.9215674104 0.379929214599 0.0443626089188 0.688097753004 0.0340699806551
28 49.9299350023 49.9197686173 0.367030704407 0.0443858826559 0.703034293247 0.035845500011
29 49.9279336158 49.9180251982 0.354601689657 0.0443540848994 0.71746469454 0.0376207168711
30 49.9259687392 49.9163353067 0.342623514549 0.0442713126297 0.731407746273 0.0393933807148
31 49.9240401175 49.9146972236 0.331079161794 0.0441411115823 0.744880720681 0.0411616647955
32 49.9221474952 49.9131092714 0.319952043162 0.0439669277178 0.757900461629 0.0429238009217
33 49.92029058 49.9115698381 0.309226350446 0.0437519749791 0.77048306953 0.0446781868847
34 49.9184690644 49.9100773628 0.29888683972 0.043499315297 0.782644095926 0.0464233218715
35 49.9166826622 49.9086303084 0.288918458229 0.0432119975848 0.794398879553 0.0481576940398
36 49.9149310505 49.9072272023 0.279306919379 0.0428928410846 0.805762030155 0.0498799566568
37 49.9132138955 49.9058666172 0.270038431403 0.0425445361851 0.81674767306 0.0515888466501
38 49.9115308384 49.9045471808 0.261099838646 0.0421695903862 0.827369322908 0.0532832288161
39 49.9098814862 49.9032675812 0.252478699527 0.0417702980448 0.837639814272 0.0549621207277
40 49.9082654463 49.9020265421 0.244162938942 0.0413488699073 0.847571614726 0.0566245879657
41 49.9066823152 49.9008228303 0.236140956468 0.0409073914959 0.857176728289 0.058269778247
42 49.9051316749 49.8996552564 0.228401644798 0.0404478141531 0.866466680286 0.0598969294871
43 49.9036130946 49.8985226733 0.220934366342 0.0399719628124 0.875452539089 0.0615053638624
44 49.9021261367 49.8974239719 0.213728892558 0.0394815586896 0.884144970699 0.0630944693759
45 49.9006703564 49.8963580804 0.206775402129 0.0389782184472 0.892554241447 0.0646637011154
46 49.8992453036 49.8953239635 0.20006446226 0.0384634621286 0.90069023416 0.0662125744038
47 49.8978505241 49.8943206202 0.193587007142 0.0379387194795 0.908562468746 0.0677406603414
48 49.8964855607 49.8933470823 0.187334316229 0.037405336161 0.916180123093 0.0692475815102
49 49.8951499542 49.892402413 0.181297997175 0.0368645798145 0.923552048624 0.0707330071488
50 49.8938432376 49.8914857101 0.175470037629 0.0363176191491 0.930686724794 0.0721966707172
51 49.8925649417 49.8905961016 0.169842741346 0.0357655473259 0.937592316912 0.0736383510971
52 49.8913145984 49.889732743 0.164408695716 0.035209393317 0.944276705913 0.0750578636634
53 49.8900917389 49.8888948179 0.159160774991 0.0346501197169 0.950747486144 0.0764550624288
54 49.8888958924 49.8880815388 0.154092161594 0.0340886149593 0.957011946046 0.0778298462696
55 49.8877265896 49.8872921435 0.149196292185 0.0335257113785 0.963077118173 0.0791821450782
56 49.8865833638 49.886525894 0.144466844992 0.0329621890971 0.968949791176 0.0805119169233
57 49.8854657507 49.8857820753 0.1398977321 0.0323987782101 0.974636517237 0.0818191465352
58 49.8843732888 49.8850599952 0.135483091033 0.0318361611774 0.980143620164 0.0831038436435
59 49.8833055139 49.8843589891 0.13121735147 0.0312749489494 0.985477134608 0.0843660619311
60 49.8822619661 49.8836784128 0.127095141231 0.0307157132818 0.990642892648 0.0856058738899
61 49.8812421906 49.8830176414 0.123111273531 0.0301589906392 0.995646535859 0.0868233679739
62 49.8802457369 49.8823760694 0.119260751463 0.0296052800767 1.00049351159 0.0880186504786
63 49.8792721593 49.8817531105 0.11553876042 0.0290550453365 1.0051890803 0.0891918441139
64 49.8783210114 49.8811482011 0.111940722621 0.0285086951925 1.00973826596 0.0903431036789
65 49.8773918525 49.8805607949 0.108462224412 0.0279666083516 1.0141459231 0.0914725967055
66 49.8764842478 49.8799903619 0.105099001836 0.0274291379505 1.01841675038 0.0925805001454
67 49.8755977679 49.8794363884 0.101846945777 0.0268966091937 1.02255528632 0.0936670024475
68 49.874731989 49.8788983765 0.0987020951271 0.0263693212211 1.02656591586 0.0947323022986
69 49.8738864895 49.8783758473 0.0956606774246 0.0258475330024 1.03045283308 0.0957766196616
70 49.8730608535 49.8778683368 0.0927190564264 0.0253314805457 1.03422009005 0.0968001827038
