Time S_a1 S_a2 I_a1 I_a2 R_a1 R_a2
0 50 50 1 0 0 0
1 33.0456345718 49.8962990817 17.7008614263 0.102501355204 0.253504001953 0.00119956307583
2 3.37179171944 49.3282388887 45.9776402399 0.65687053065 1.65056804065 0.0148905806467
3 0.152613883126 48.567030165 47.3024725583 1.37731448623 3.54491355858 0.0556553487405
4 0.00731049683419 47.8298770224 45.5888791507 2.04579268031 5.40381035245 0.124330297313
5 0.000391985368502 47.1299358262 43.8080367648 2.65158336351 7.19157124982 0.218480810278
6 2.27919078597e-05 46.4655997903 42.0906579992 3.19872510608 8.90931920887 0.33567510362
7 1.42593393804e-06 45.8347686452 40.4402805156 3.69157615444 10.5597180585 0.4736552004
8 5.22484029375e-08 45.2354621201 38.8545959295 4.13420588448 12.1454040183 0.6303319954
9 0 44.6658364928 37.3310854436 4.53039105647 13.6689145564 0.803772450747
10 0 44.1241762914 35.8673123571 4.88363380132 15.1326876429 0.992189907257
11 0 43.6088839044 34.4609348194 5.19718292946 16.5390651806 1.19393316619
12 0 43.1184687329 33.1097021677 5.47405607548 17.8902978323 1.40747519164
13 0 42.6515398598 31.8114520494 5.71705461566 19.1885479506 1.63140552449
14 0 42.2067978663 30.5641067689 5.92878072785 20.4358932311 1.86442140587
15 0 41.7830303127 29.3656711992 6.11164682218 21.6343288008 2.10532286512
16 0 41.3791008379 28.2142273595 6.26789860493 22.7857726405 2.35300055721
17 0 40.9939434293 27.1079317521 6.39962690436 23.8920682479 2.60642966637
18 0 40.6265627897 26.0450146259 6.50876726983 24.9549853741 2.86466994046
19 0 40.2760240983 25.0237750387 6.59712166677 25.9762249613 3.12685423493
20 0 39.9414503686 24.0425788265 6.66636453171 26.9574211735 3.39218509971
21 0 39.6220179912 23.0998558869 6.7180523566 27.9001441131 3.65992965225
22 0 39.3169527701 22.1940976169 6.75363241422 28.8059023831 3.92941481567
23 0 39.0255268838 21.3238546557 6.77444946135 29.6761453443 4.20002365486
24 0 38.7470551828 20.4877344082 6.78175391448 30.5122655918 4.47119090273
25 0 38.4808928811 19.6843990172 6.77670720359 31.3156009828 4.74239991533
26 0 38.2264315892 18.9125628014 6.76039040732 32.0874371986 5.01317800347
27 0 37.9830976573 18.1709905165 6.73380814908 32.8290094835 5.28309419363
28 0 37.7503505065 17.4584955794 6.69789252123 33.5415044206 5.55175697227
29 0 37.5276805478 16.773938115 6.65350789872 34.226061885 5.81881155345
30 0 37.3146049902 16.1162225363 6.60146006109 34.8837774637 6.08393494872
31 0 37.1106680184 15.4842963443 6.54249628863 35.5157036557 6.34683569292
32 0 36.9154389699 14.877148411 6.47730952524 36.122851589 6.6072515049
33 0 36.7285096698 14.2938070744 6.40654418706 36.7061929256 6.86494614316
34 0 36.5494941559 13.7333388826 6.33079722238 37.2666611174 7.11970862168
35 0 36.3780267384 13.1948469593 6.2506224064 37.8051530407 7.37135085523
36 0 36.2137608423 12.6774695937 6.16653306181 38.3225304063 7.61970609589
37 0 36.0563680225 12.1803789026 6.07900443424 38.8196210974 7.86462754326
38 0 35.9055365718 11.702779412 5.98847697262 39.297220588 8.10598645553
39 0 35.7609707843 11.2439068644 5.89535808403 39.7560931356 8.34367113164
40 0 35.6223899236 10.8030269716 5.80002451678 40.1969730284 8.57758555965
41 0 35.4895272501 10.3794342165 5.70282458431 40.6205657835 8.80764816557
42 0 35.3621294033 9.97245077594 5.60407973182 41.0275492241 9.03379086486
43 0 35.2399553665 9.58142534494 5.5040869055 41.4185746551 9.25595772799
44 0 35.1227760047 9.20573218308 5.40311967476 41.7942678169 9.4741043205
45 0 35.0103735207 8.84477015709 5.30142952724 42.1552298429 9.68819695204
46 0 34.9025407411 8.49796174441 5.19924753617 42.5020382556 9.89821172275
47 0 34.799079872 8.16475185754 5.0967872123 42.8352481425 10.1041329157
48 0 34.6998027955 7.84460727687 4.9942438963 43.1553927231 10.3059533082
49 0 34.6045304659 7.53701576508 4.89179616301 43.4629842349 10.5036733711
50 0 34.5130922007 7.24148515047 4.78960743603 43.7585148495 10.6973003633
51 0 34.4253249396 6.95754241425 4.68782765948 44.0424575858 10.8868474009
52 0 34.3410734344 6.68473320053 4.58659293663 44.3152667995 11.072333629
53 0 34.2601897056 6.42262102974 4.48602675247 44.5773789703 11.2537835419
54 0 34.1825323745 6.17078644862 4.38624149517 44.8292135514 11.4312261304
55 0 34.1079663945 5.92882640232 4.28733906273 45.0711735977 11.6046945427
56 0 34.0363629875 5.69635372841 4.18941099951 45.3036462716 11.774226013
57 0 33.9675992405 5.47299649133 4.09253940117 45.5270035087 11.9398613583
58 0 33.9015575393 5.2583972156 3.99679823516 45.7416027844 12.1016442256
59 0 33.8381255374 5.05221246662 3.90225335851 45.9477875334 12.2596211041
60 0 33.7771959492 4.8541123349 3.80896296428 46.1458876651 12.4138410865
61 0 33.7186662403 4.66377986649 3.71697826737 46.3362201335 12.5643554923
62 0 33.6624382035 4.48091042155 3.62634444671 46.5190895785 12.7112173498
63 0 33.6084179948 4.30521136528 3.53710052274 46.6947886347 12.8544814825
64 0 33.5565158946 4.13640157928 3.44927986452 46.8635984207 12.9942042409
65 0 33.5066460411 3.97421095366 3.36291077571 47.0257890463 13.1304431832
66 0 33.4587261656 3.81837988882 3.27801707741 47.1816201112 13.2632567569
67 0 33.4126776001 3.66865903118 3.19461800986 47.3313409688 13.39270439
68 0 33.368425064 3.5248088361 3.11272868622 47.4751911639 13.5188462498
69 0 33.3258964135 3.3865990953 3.03236064192 47.6134009047 13.6417429446
70 0 33.2850225337 3.25380860715 2.95352202422 47.7461913928 13.761455442
