Time S_a1 S_a2 I_a1 I_a2 R_a1 R_a2
0 50 50 1 0 0 0
1 31.6575710746 49.8554897139 19.0722231402 0.142859504431 0.270205785289 0.00165078163426
2 2.71220776271 49.0847988598 46.5650158242 0.894661106859 1.72277641307 0.0205400333119
3 0.108825955988 48.0915266656 47.2677708348 1.83321872983 3.62340320918 0.0752546045701
4 0.00469918896164 47.1373310837 45.5155114729 2.69653117639 5.47978933815 0.166137739956
5 0.00022720167415 46.2344953214 43.7351675153 3.47565203548 7.26460528298 0.289852643115
6 1.18877612891e-05 45.3802722399 42.0204963597 4.17658018619 8.97949175258 0.44314757386
7 4.99873635817e-07 44.571573322 40.3728602766 4.8054085388 10.6271392235 0.623018139207
8 2.2371772701e-07 43.8055195987 38.7898182111 5.36778551708 12.2101815652 0.826694884193
9 0 43.0794446082 37.2688478562 5.86893112716 13.7311521438 1.05162426461
10 0 42.3908810104 35.8075152715 6.31366293343 15.1924847285 1.29545605622
11 0 41.737540131 34.4034824398 6.70643595892 16.5965175602 1.55602391012
12 0 41.1172980393 33.0545025641 7.05136924659 17.9454974359 1.8313327141
13 0 40.528181627 31.7584167468 7.35227289724 19.2415832532 2.11954547579
14 0 39.9683580168 30.5131512007 7.61266885609 20.4868487993 2.41897312714
15 0 39.4361235298 29.3167138252 7.83581285504 21.6832861748 2.72806361518
16 0 38.9298858557 28.1671892193 8.0247295257 22.8328107807 3.0453846186
17 0 38.4481648908 27.062738018 8.18221097985 23.937261982 3.36962412939
18 0 37.989579433 26.0015929079 8.31084323544 24.9984070921 3.69957733153
19 0 37.5528404859 24.9820559111 8.41302033924 26.0179440889 4.03413917483
20 0 37.1367430581 24.002495523 8.49096072691 26.997504477 4.37229621496
21 0 36.7401607225 23.0613442481 8.54671864083 27.9386557519 4.71312063663
22 0 36.3620392761 22.1570960449 8.58219705148 28.8429039551 5.05576367246
23 0 36.0013913973 21.2883039171 8.5991587631 29.7116960829 5.39944983958
24 0 35.6572922399 20.4535777007 8.59923582922 30.5464222993 5.74347193083
25 0 35.3288734385 19.6515815407 8.58394186683 31.3484184593 6.08718469465
26 0 35.0153197474 18.8810319358 8.55467926983 32.1189680642 6.4300009828
27 0 34.7158664528 18.140695921 8.51274492162 32.859304079 6.77138862557
28 0 34.429795828 17.4293890206 8.45933782494 33.5706109794 7.11086634705
29 0 34.1564307194 16.7459728504 8.39557226565 34.2540271496 7.4479970149
30 0 33.895134864 16.0893538254 8.32247785357 34.9106461746 7.78238728248
31 0 33.6453090594 15.458481243 8.24100749573 35.541518757 8.11368344491
32 0 33.4063881102 14.8523455169 8.1520438761 36.1476544831 8.4415680137
33 0 33.1778395808 14.269976721 8.05640251221 36.730023279 8.76575790699
34 0 32.9591607887 13.7104429212 7.95483803641 37.2895570788 9.08600117489
35 0 32.7498773566 13.1728487578 7.84804751676 37.8271512422 9.40207512663
36 0 32.5495411398 12.6563339704 7.73667503436 38.3436660296 9.71378382579
37 0 32.3577284882 12.160072012 7.62131555428 38.839927988 10.0209559576
38 0 32.1740389246 11.6832687695 7.50251786323 39.3167312305 10.3234432121
39 0 31.9980933463 11.2251612427 7.38078838978 39.7748387573 10.621118264
40 0 31.8295329786 10.7850163706 7.25659367365 40.2149836294 10.9138733478
41 0 31.668017849 10.3621298041 7.130363698 40.6378701959 11.201618453
42 0 31.5132257606 9.95582480871 7.00249418512 41.0441751913 11.4842800543
43 0 31.364851542 9.56545125054 6.8733483166 41.4345487495 11.7618001414
44 0 31.2226059118 9.1903845284 6.74325924252 41.8096154716 12.0341348457
45 0 31.0862135652 8.8300243617 6.61253420402 42.1699756383 12.3012522308
46 0 30.9554134724 8.48379408736 6.48145403589 42.5162059126 12.5631324917
47 0 30.8299579891 8.15113972399 6.35027513539 42.848860276 12.8197668755
48 0 30.709611578 7.83152895788 6.21923219595 43.1684710421 13.071156226
49 0 30.594150016 7.52445027156 6.08853993804 43.4755497284 13.3173100459
50 0 30.4833604081 7.22941229758 5.9583931929 43.7705877024 13.558246399
51 0 30.3770403447 6.94594297731 5.82896870996 44.0540570227 13.7939909453
52 0 30.274996758 6.6735886364 5.70042761372 44.3264113636 14.0245756283
53 0 30.1770459525 6.41191343248 5.57291537164 44.5880865675 14.2500386759
54 0 30.0830131361 6.16049867247 5.44656280867 44.8395013275 14.4704240552
55 0 29.9927317164 5.91894206268 5.32148763885 45.0810579373 14.6857806447
56 0 29.9060426669 5.68685699592 5.19779584724 45.3131430041 14.8961614858
57 0 29.8227945616 5.46387209996 5.07558157432 45.5361279 15.101623864
58 0 29.7428430626 5.24963060012 4.95492822019 45.7503693999 15.3022287172
59 0 29.6660502608 5.04378962785 4.8359098404 45.9562103721 15.4980398988
60 0 29.5922845691 4.84601977236 4.71859135552 46.1539802276 15.6891240754
61 0 29.521420473 4.65600458693 4.60302905955 46.3439954131 15.8755504675
62 0 29.4533381206 4.47344003483 4.48927148076 46.5265599652 16.0573903986
63 0 29.3879228719 4.29803392172 4.37736034627 46.7019660783 16.2347167819
64 0 29.3250653045 4.12950556707 4.26733048968 46.8704944329 16.4076042058
65 0 29.2646608976 3.96758532576 4.15921050407 47.0324146742 16.5761285983
66 0 29.206609636 3.81201406818 4.05302357517 47.1879859318 16.7403667888
67 0 29.1508158822 3.66254282265 3.94878769713 47.3374571773 16.9003964207
68 0 29.0971882301 3.51893241729 3.84651592848 47.4810675827 17.0562958414
69 0 29.0456392727 3.3809530819 3.74621684783 47.6190469181 17.2081438795
70 0 28.9960853582 3.24838403865 3.64789504478 47.7516159613 17.356019597
