Time S_a1 S_a2 I_a1 I_a2 R_a1 R_a2
0 50 50 1 0 0 0
1 28.329222396 49.7408195224 22.3593766987 0.256292742228 0.311400905345 0.00288773541763
2 1.63024346332 48.4572781727 47.4935907983 1.50703117137 1.87616573842 0.0356906558872
3 0.0500490920139 46.9328608412 47.1651965708 2.94206550846 3.78475433719 0.1250736503
4 0.00170758560357 45.496375481 45.3627522627 4.23452433244 5.6355401517 0.269100186556
5 6.43537683231e-05 44.1535233681 43.5856490756 5.38454119493 7.41428657068 0.461935436928
6 2.72355831044e-06 42.8972697058 41.8766912352 6.40459887271 9.12330604124 0.698131421482
7 2.12007961409e-07 41.7208685903 40.2346853164 7.30640333721 10.7653144716 0.972728072462
8 0 40.6181776846 38.6570613692 8.10061193408 12.3429386308 1.28121038134
9 0 39.5836107685 37.1412960805 8.79691850038 13.8587039195 1.61947073117
10 0 38.612084746 35.6849649932 9.40414055777 15.3150350068 1.9837746962
11 0 37.6989596149 34.2857375167 9.93031930414 16.7142624833 2.37072108093
12 0 36.8399992858 32.9413744411 10.3827841194 18.0586255589 2.77721659484
13 0 36.0313327281 31.6497246266 10.7682180166 19.3502753734 3.20044925526
14 0 35.2694182637 30.4087213896 11.092718136 20.5912786104 3.63786360039
15 0 34.5510010967 29.2163784332 11.3618675782 21.7836215668 4.08713132508
16 0 33.87310259 28.0707879027 11.5807539878 22.9292120973 4.54614342228
17 0 33.2329841592 26.9701166185 11.7540318165 24.0298833815 5.01298402429
18 0 32.6281267095 25.9126032708 11.88595814 25.0873967292 5.48591515055
19 0 32.0562106186 24.8965556081 11.980427685 26.1034443919 5.96336169638
20 0 31.5150976863 23.920347746 12.0410044764 27.079652254 6.44389783728
21 0 31.0028149154 22.9824175732 12.0709506889 28.0175824268 6.9262343957
22 0 30.5175384766 22.0812641656 12.0732551275 28.9187358344 7.40920639592
23 0 30.0575805313 21.2154454018 12.0506567966 29.7845545982 7.89176267212
24 0 29.6213810629 20.3835758551 12.0056601924 30.6164241449 8.37295874472
25 0 29.207494695 19.5843244263 11.9405589949 31.4156755737 8.8519463101
26 0 28.8145777851 18.8164120802 11.8574592194 32.1835879198 9.32796299546
27 0 28.4413849102 18.0786100343 11.7582865895 32.9213899657 9.8003285003
28 0 28.0867567367 17.3697376148 11.644808014 33.6302623852 10.2684352493
29 0 27.7496156755 16.6886604832 11.5186403729 34.3113395168 10.7317439516
30 0 27.4289576868 16.0342887621 11.381265351 34.9657112379 11.1897769622
31 0 27.1238473847 15.4055753271 11.2340388843 35.5944246729 11.642113731
32 0 26.8334117875 14.8015140954 11.0782029342 36.1984859046 12.0883852784
33 0 26.5568360956 14.221138445 10.9148935844 36.778861555 12.52827032
34 0 26.2933586374 13.6635196458 10.7451504083 37.3364803542 12.9614909544
35 0 26.0422672097 13.1277653919 10.5699236231 37.8722346081 13.3878091671
36 0 25.8028947426 12.6130183414 10.3900822854 38.3869816586 13.807022972
37 0 25.5746167543 12.1184547919 10.2064193304 38.8815452081 14.2189639153
38 0 25.3568485971 11.643283384 10.0196569522 39.356716616 14.6234944507
39 0 25.1490404496 11.1867437096 9.83045589746 39.8132562904 15.0205036529
40 0 24.9506763367 10.7481051935 9.63941767773 40.2518948065 15.4099059856
41 0 24.7612723214 10.3266659619 9.44708819944 40.6733340381 15.7916394792
42 0 24.5803725049 9.92175159806 9.25396512953 41.0782484019 16.1656623656
43 0 24.4075479869 9.53271413476 9.06050013305 41.4672858652 16.53195188
44 0 24.242395644 9.15893106579 8.86710138256 41.8410689342 16.8905029734
45 0 24.0845351105 8.79980424316 8.67413918355 42.2001957568 17.2413257059
46 0 23.9336077199 8.45475896701 8.48194811561 42.545241033 17.5844441645
47 0 23.7892756655 8.12324312283 8.29082875923 42.8767568772 17.9198955753
48 0 23.6512197576 7.80472620689 8.10105195914 43.1952737931 18.2477282832
49 0 23.5191383983 7.49869850207 7.91286083709 43.5013014979 18.5680007647
50 0 23.3927469825 7.20467032402 7.7264720003 43.795329676 18.8807810172
51 0 23.2717762174 6.92217116322 7.54207871315 44.0778288368 19.1861450695
52 0 23.155971175 6.65074893825 7.35985271718 44.3492510617 19.4841761078
53 0 23.0450908642 6.38996933668 7.17994510129 44.6100306633 19.7749640345
54 0 22.9389069599 6.13941505907 7.00248870834 44.8605849409 20.0586043318
55 0 22.8372029527 5.89868514197 6.82759975368 45.101314858 20.3351972936
56 0 22.7397738334 5.66739438289 6.6553784123 45.3326056171 20.6048477543
57 0 22.6464250657 5.44517266345 6.48591076129 45.5548273365 20.867664173
58 0 22.5569718816 5.23166434446 6.31927009718 45.7683356555 21.1237580212
59 0 22.4712391744 5.02652778735 6.15551710343 45.9734722127 21.3732437221
60 0 22.3890608742 4.82943479525 5.99470100353 46.1705652048 21.6162381222
61 0 22.3102787341 4.64006994224 5.83686187582 46.3599300578 21.8528593901
62 0 22.2347423225 4.45813016765 5.6820305962 46.5418698323 22.0832270813
63 0 22.1623088465 4.28332434945 5.53022910995 46.7166756505 22.3074620436
64 0 22.0928425612 4.11537280161 5.38147151134 46.8846271984 22.5256859275
65 0 22.0262139422 3.95400671413 5.23576558044 47.0459932859 22.7380204774
66 0 21.9622998461 3.79896785927 5.09311238836 47.2010321407 22.9445877656
67 0 21.9009831366 3.65000817212 4.95350694007 47.3499918279 23.1455099233
68 0 21.8421522066 3.50688930728 4.8169390362 47.4931106927 23.3409087572
69 0 21.785700464 3.36938219301 4.68339421096 47.630617807 23.5309053251
70 0 21.7315264757 3.23726679544 4.55285332277 47.7627332046 23.7156202015
