Time S_a1 S_a2 I_a1 I_a2 R_a1 R_a2
0 50 50 1 0 0 0
1 39.1850053215 49.7995303036 11.6335845891 0.197966235381 0.181410089394 0.00250346104551
2 9.42393676863 48.6425049313 40.334147239 1.32863509061 1.24191599235 0.0288599780992
3 0.827745673521 46.7261283899 47.1208413323 3.15572166124 3.0514129942 0.118149948843
4 0.0670888968509 44.8207023854 46.0131347567 4.89940905316 4.91977634641 0.279888561468
5 0.00590207996963 43.0471008761 44.2684632837 6.44545880224 6.72563463637 0.507440321619
6 0.000570786370844 41.4031335111 42.5378600898 7.8038444129 8.46156912383 0.79302207598
7 5.86142528647e-05 39.878043195 40.8704254051 8.99247118608 10.1295159807 1.1294856189
8 6.33970091002e-06 38.4614956492 39.267924106 10.0281226221 11.7320695543 1.51038172871
9 1.76369390203e-07 37.1441476571 37.7282128751 10.9259531135 13.2717869486 1.92989922938
10 0 35.9175854328 36.248868664 11.6996130275 14.751131336 2.3828015397
11 0 34.7742338838 34.8275301532 12.361391203 16.1724698468 2.86437491323
12 0 33.7072506241 33.4619231612 12.9223808188 17.5380768388 3.37036855714
13 0 32.7104520758 32.1498622866 13.3925940595 18.8501377134 3.89695386467
14 0 31.7782464966 30.8892481506 13.7810677452 20.1107518494 4.4406857582
15 0 30.905563648 29.6780635336 14.0959749455 21.3219364664 4.99846140656
16 0 30.0877938873 28.5143700606 14.3447213831 22.4856299394 5.56748472961
17 0 29.3207562351 27.3963056459 14.5339967823 23.6036943541 6.14524698261
18 0 28.6006437424 26.3220811639 14.6698633383 24.6779188361 6.72949291934
19 0 27.9239865333 25.28997763 14.757815548 25.71002237 7.31819791875
20 0 27.2876177195 24.2983434489 14.8028358781 26.7016565511 7.90954640237
21 0 26.6886442274 23.3455918041 14.8094426028 27.6544081959 8.5019131698
22 0 26.1244195958 22.4301981141 14.7817349968 28.5698018859 9.0938454074
23 0 25.5925162682 21.5506974747 14.7234389568 29.4493025253 9.68404477505
24 0 25.0907098916 20.7056825038 14.6379337921 30.2943174962 10.2713563163
25 0 24.6169614863 19.8938010814 14.5282825083 31.1061989186 10.8547560055
26 0 24.1693911277 19.1137539765 14.3972753221 31.8862460235 11.4333335502
27 0 23.7462716335 18.3642929739 14.2474416572 32.6357070261 12.0062867093
28 0 23.3460092376 17.6442187553 14.0810821444 33.3557812447 12.572908618
29 0 22.9671348348 16.9523790526 13.900284382 34.0476209474 13.1325807832
30 0 22.6082909567 16.2876667694 13.7069449806 34.7123332306 13.6847640627
31 0 22.2682231136 15.6490182302 13.5027848632 35.3509817698 14.2289920233
32 0 21.9457697587 15.0354114564 13.2893668062 35.9645885436 14.7648634351
33 0 21.6398551307 14.4458645495 13.0681080395 36.5541354505 15.2920368298
34 0 21.3494811769 13.8794341051 12.8402941775 37.1205658949 15.8102246456
35 0 21.0737214397 13.3352137117 12.6070902381 37.6647862883 16.3191883221
36 0 20.8117145416 12.8123324862 12.3695520672 38.1876675138 16.8187333912
37 0 20.562660575 12.3099537307 12.1286330221 38.6900462693 17.3087064029
38 0 20.3258144133 11.8272735414 11.8851956484 39.1727264586 17.7889899382
39 0 20.1004803706 11.3635194969 11.6400211109 39.6364805031 18.2594985185
40 0 19.8860112569 10.9179495174 11.39381138 40.0820504826 18.7201773631
41 0 19.681802176 10.4898505926 11.147199905 40.5101494074 19.1709979189
42 0 19.4872874534 10.0785376525 10.9007571757 40.9214623475 19.6119553709
43 0 19.3019392791 9.68335253525 10.6549934752 41.3166474647 20.0430672457
44 0 19.1252628821 9.30366284847 10.4103672272 41.6963371515 20.4643698907
45 0 18.9567948089 8.9388609958 10.1672882071 42.0611390042 20.875916984
46 0 18.7961013669 8.58836324216 9.92612044988 42.4116367578 21.2777781832
47 0 18.6427750066 8.25160869856 9.68718862872 42.7483913014 21.6700363647
48 0 18.4964333313 7.92805848121 9.45077991892 43.0719415188 22.0527867498
49 0 18.3567175273 7.61719486284 9.2171468344 43.3828051372 22.4261356383
50 0 18.2232896795 7.31852037475 8.98651190704 43.6814796252 22.7901984135
51 0 18.0958321719 7.03155707541 8.75906885468 43.9684429246 23.1450989735
52 0 17.9740462276 6.75584578067 8.53498517232 44.2441542193 23.4909686001
53 0 17.8576499499 6.49094527247 8.31440559227 44.5090547275 23.8279444579
54 0 17.7463779041 6.23643165922 8.09745282436 44.7635683408 24.1561692715
55 0 17.6399797592 5.99189767175 7.88422994451 45.0081023282 24.4757902963
56 0 17.5382188738 5.75695197018 7.67482286856 45.2430480298 24.7869582577
57 0 17.4408722019 5.53121860484 7.4693004906 45.4687813952 25.0898273075
58 0 17.3477293435 5.31433640661 7.26771632079 45.6856635934 25.3845543357
59 0 17.2585907011 5.10595828696 7.0701117429 45.894041713 25.671297556
60 0 17.173267498 4.9057507718 6.87651590273 46.0942492282 25.9502165992
61 0 17.0915814276 4.71339350903 6.68694626016 46.286606491 26.2214723123
62 0 17.0133636497 4.52857870708 6.50141030895 46.4714212929 26.4852260414
63 0 16.9384537684 4.35101057831 6.31990732209 46.6489894217 26.7416389095
64 0 16.8667000723 4.18040498326 6.14242782892 46.8195950167 26.9908720988
65 0 16.7979588555 4.01648895197 5.96895473398 46.983511048 27.2330864105
66 0 16.7320934539 3.85900016033 5.79946499041 47.1409998397 27.4684415557
67 0 16.6689741735 3.70768657627 5.63392959895 47.2923134237 27.6970962276
68 0 16.6084780357 3.56230608569 5.47231394952 47.4376939143 27.9192080148
69 0 16.5504882077 3.42262606684 5.31457876594 47.5773739332 28.1349330264
70 0 16.4948934151 3.28842296647 5.16068109606 47.7115770335 28.3444254888
