Time S_a1 S_a2 I_a1 I_a2 R_a1 R_a2
0 50 50 1 0 0 0
1 48.872841174 49.9291392725 2.06827844467 0.0696293704801 0.0588803813505 0.00123135697796
2 46.6461828312 49.7843774329 4.17463026848 0.209132646605 0.179186900359 0.00648992049179
3 42.5492051912 49.5000562031 8.03454667173 0.48024122993 0.41624813703 0.0197025669876
4 35.9086374727 48.9793090264 14.2377046613 0.972830253701 0.853657865922 0.0478607198854
5 27.0728391266 48.124237355 22.345693175 1.77408546373 1.58146769842 0.101677181279
6 17.9424331079 46.9047602853 30.4166667064 2.90105562617 2.64090018576 0.194184088534
7 10.6392616342 45.398636853 36.3749066413 4.26442447199 3.98583172443 0.336938675032
8 5.8715031592 43.7423810787 39.6144213681 5.72105092776 5.51407547267 0.536567993549
9 3.13335241201 42.0559298115 40.7399067408 7.14984291778 7.12674084715 0.794227270731
10 1.65980304811 40.4133415572 40.58388936 8.47944352954 8.75630759186 1.10721491324
11 0.8858134858 38.8506863222 39.7496614451 9.67848164988 10.3645250691 1.47083202789
12 0.479918953962 37.3814950811 38.5880944609 10.7388649151 11.9319865852 1.87964000375
13 0.264901977091 36.0078607407 37.2853691542 11.6640033206 13.4497288687 2.32813593874
14 0.149182667831 34.7266051665 35.9365950208 12.4623261538 14.9142223114 2.81106867969
15 0.0857480815147 33.5323727033 34.5895618534 13.1440598876 16.3246900651 3.32356740917
16 0.0502966265968 32.4191045883 33.2679716859 13.7197161106 17.6817316875 3.86117930107
17 0.0300934144285 31.3807208766 31.9832840895 14.1994135639 18.9866224961 4.41986555948
18 0.0183560846546 30.4114191402 30.7406869232 14.592601586 20.2409569921 4.99597927375
19 0.011407005146 29.505792108 29.5421277244 14.9079715099 21.4464652705 5.58623638212
20 0.00721558805242 28.6588601039 28.3878664228 15.1534546714 22.6049179891 6.18768522466
21 0.00464622333027 27.8660640302 27.2772768125 15.3362589815 23.7180769642 6.79767698825
22 0.00304082858823 27.1232411054 26.2092908423 15.4629217336 24.7876683291 7.41383716091
23 0.00202330839701 26.4265942877 25.1826056932 15.5393651696 25.8153709984 8.03404054272
24 0.00136826239675 25.7726609491 24.1958225964 15.5709514706 26.8028091412 8.65638758036
25 0.000938681553819 25.1582811781 23.2475112662 15.5625361257 27.7515500523 9.27918269613
26 0.000653407758584 24.5805690794 22.3362425054 15.5185157181 28.6631040868 9.90091520256
27 0.000461064232852 24.036886373 21.4606141242 15.4428720312 29.5389248116 10.5202415958
28 0.000329780645515 23.5248196171 20.6192598537 15.3392098434 30.3804103656 11.1359705394
29 0.000238967633813 23.0421573811 19.8108559392 15.2107949826 31.1889050932 11.7470476363
30 0.00017527824123 22.5868714973 19.0341234553 15.0605855954 31.9657012665 12.3525429073
31 0.000130091549096 22.157099677 18.2878289793 14.8912612788 32.7120409291 12.9516390443
32 9.76686806951e-05 21.7511297447 17.5707845981 14.7052496268 33.4291177332 13.5436206286
33 7.42082076783e-05 21.3673855181 16.8818469961 14.5047500705 34.1180787957 14.1278644114
34 5.71860149705e-05 21.0044188208 16.219917054 14.2917474564 34.78002576 14.7038337228
35 4.47449788439e-05 20.6608903827 15.5839375207 14.068044839 35.4160177343 15.2710647783
36 3.47743875864e-05 20.3355586691 14.9728924443 13.8352821373 36.0270727813 15.8291591936
37 2.71074340645e-05 20.0272839024 14.3858045713 13.5949294351 36.6141683213 16.3777866626
38 2.13132710485e-05 19.7350079269 13.8217348674 13.3483215392 37.1782438193 16.9166705339
39 1.70684260965e-05 19.4577514436 13.2797810889 13.0966632224 37.7202018427 17.445585334
40 1.39771369874e-05 19.1946060506 12.7590764479 12.8410427694 38.240909575 17.96435118
41 1.14683967709e-05 18.9447285274 12.2587883693 12.5824420661 38.7412001624 18.4728294066
42 9.33999351105e-06 18.7073357052 11.7781165381 12.3217453729 39.2218741219 18.9709189219
43 7.6933244415e-06 18.4816988034 11.3162916239 12.0597492213 39.6837006827 19.4585519752
44 6.4334575427e-06 18.2671399616 10.8725747442 11.7971687058 40.1274188224 19.9356913326
45 5.45071334557e-06 18.063027091 10.4462559529 11.5346464119 40.5537385964 20.4023264971
46 4.65597647548e-06 17.8687712627 10.0366531887 11.2727570438 40.9633421553 20.8584716935
47 3.95143094067e-06 17.6838223442 9.64311109529 11.0120150886 41.3568849533 21.3041625672
48 3.36407308055e-06 17.5076667832 9.2649999034 10.7528787403 41.7349967325 21.7394544765
49 2.89865549519e-06 17.3398243585 8.90171455871 10.4957556245 42.0982825426 22.164420017
50 2.52002784862e-06 17.1798458428 8.55267379701 10.2410069317 42.447323683 22.5791472255
51 2.21592631533e-06 17.0273096709 8.21731897734 9.98895327856 42.7826788067 22.9837370505
52 1.95046283835e-06 16.8818211254 7.89511347837 9.73987606784 43.1048845712 23.3783028067
53 1.70581849801e-06 16.7430106505 7.58554178207 9.49402048628 43.4144565121 23.7629688632
54 1.50482428296e-06 16.610532114 7.28810860835 9.25159857821 43.7118898868 24.1378693077
55 1.30337271997e-06 16.4840585025 7.00233795451 9.01279682424 43.9976607421 24.5031446732
56 1.13455296713e-06 16.3632834161 6.72777249482 8.77777350279 44.2722263706 24.8589430811
57 1.04193949824e-06 16.2479188558 6.46397284273 8.54666251141 44.5360261153 25.2054186328
58 9.74699027267e-07 16.1376930053 6.21051688397 8.31957714506 44.7894821413 25.5427298496
59 9.06926544531e-07 16.0323503803 5.96699908271 8.09660988827 45.0330000104 25.8710397314
60 8.29454407381e-07 15.9316500409 5.73302976832 7.87783543509 45.2669694022 26.190514524
61 7.50343083666e-07 15.8353647036 5.50823452293 7.66331216997 45.4917647267 26.5013231264
62 6.81740658592e-07 15.7432800683 5.29225362539 7.45308328492 45.7077456929 26.8036366467
63 6.21855690497e-07 15.6551936161 5.08474145186 7.24717894313 45.9152579263 27.0976274408
64 5.71299018759e-07 15.5709140882 4.88536593432 7.04561705113 46.1146334944 27.3834688607
65 5.31499978251e-07 15.4902607509 4.69380803103 6.84840445729 46.3061914375 27.6613347918
66 5.00590921604e-07 15.413062526 4.50976120312 6.65553833327 46.4902382963 27.9313991408
67 4.70445144174e-07 15.3391576309 4.33293095725 6.46700677412 46.6670685723 28.193835595
68 4.40350994779e-07 15.2683927736 4.16303431544 6.28279012367 46.8369652442 28.4488171027
69 4.15803121712e-07 15.2006226788 3.99979937489 6.10286169428 47.0002002093 28.696515627
70 3.94351808097e-07 15.1357098707 3.84296494522 5.92718800214 47.1570346604 28.9371021272
