Time S_a1 S_a2 I_a1 I_a2 R_a1 R_a2
0 50 50 1 0 0 0
1 35.3164322078 49.8823367296 15.4569636967 0.116269257014 0.226604095555 0.0013940133708
2 4.86265184302 49.2162906652 44.6185374285 0.76664792163 1.51881072846 0.0170614131409
3 0.272620385271 48.2632554068 47.3310987221 1.67090459641 3.39628089259 0.065839996741
4 0.0156138326931 47.3342283864 45.7250054358 2.51591878442 5.25938073155 0.149852829136
5 0.00100043239598 46.455407311 43.9463082357 3.27858191457 7.05269133194 0.266010774442
6 6.8673384952e-05 45.6249399112 42.2240550015 3.96395122931 8.77587632511 0.411108859461
7 5.19440470725e-06 44.839727928 40.5684879129 4.5780945166 10.4315068927 0.582177555448
8 1.33707700911e-07 44.0968374704 38.9777799493 5.12667939277 12.022219917 0.776483136845
9 0 43.393555318 37.449439794 5.61493591574 13.550560206 0.991508766301
10 0 42.7273742949 35.9810263953 6.04768764454 15.0189736047 1.22493806055
11 0 42.0959774264 34.5701897371 6.42938101278 16.4298102629 1.47464156079
12 0 41.4972206967 33.2146731476 6.76411800146 17.7853268524 1.73866130186
13 0 40.9291152257 31.9123071593 7.05568969279 19.0876928407 2.01519508156
14 0 40.3898166074 30.6610076014 7.30759632388 20.3389923986 2.30258706876
15 0 39.8776120792 29.4587720049 7.52307203973 21.5412279951 2.59931588104
16 0 39.3909124988 28.3036772835 7.70510043083 22.6963227165 2.90398707034
17 0 38.9282354784 27.1938745402 7.85644734065 23.8061254598 3.21531718096
18 0 38.4882008324 26.1275875541 7.97966970299 24.8724124459 3.5321294646
19 0 38.0695241934 25.103110246 8.07712817227 25.896889754 3.8533476343
20 0 37.6710068883 24.1188032776 8.15100746568 26.8811967224 4.17798564603
21 0 37.2915292824 23.1730915208 8.20332958717 27.8269084792 4.50514113044
22 0 36.9300454816 22.2644616634 8.23596468973 28.7355383366 4.83398982864
23 0 36.5855769817 21.3914596835 8.25064381478 29.6085403165 5.16377920352
24 0 36.2572080142 20.5526886012 8.24896845965 30.4473113988 5.49382352619
25 0 35.944081028 19.7468062791 8.2324200144 31.2531937209 5.82349895761
26 0 35.6453913168 18.9725230492 8.20237068176 32.0274769508 6.15223800148
27 0 35.3603834828 18.2285997421 8.16009089104 32.7714002579 6.47952562612
28 0 35.0883492406 17.5138459901 8.10675414597 33.4861540099 6.80489661342
29 0 34.8286240881 16.8271182367 8.04344410822 34.1728817633 7.12793180367
30 0 34.5805813743 16.167317462 7.97116656921 34.832682538 7.44825205648
31 0 34.3436322033 15.5333878498 7.89085029206 35.4666121502 7.76551750465
32 0 34.1172223367 14.9243150196 7.80335345652 36.0756849804 8.07942420673
33 0 33.9008289362 14.3391242648 7.70947037668 36.6608757352 8.38970068713
34 0 33.6939596313 13.7768791745 7.60993391123 37.2231208255 8.69610645746
35 0 33.4961496568 13.2366800196 7.50542134437 37.7633199804 8.99842899884
36 0 33.3069604679 12.7176623766 7.39655751762 38.2823376234 9.29648201445
37 0 33.1259778708 12.2189957141 7.28391891796 38.7810042859 9.5901032112
38 0 32.9528103372 11.7398820452 7.16803738103 39.2601179548 9.87915228176
39 0 32.7870878244 11.2795546972 7.04940269443 39.7204453028 10.1635094812
40 0 32.6284600915 10.8372770365 6.92846612933 40.1627229635 10.4430737792
41 0 32.4765957148 10.4123413312 6.80564273001 40.5876586688 10.7177615552
42 0 32.3311806975 10.0040675741 6.68131431894 40.9959324259 10.9875049835
43 0 32.1919174759 9.61180241268 6.55583168653 41.3881975873 11.2522508376
44 0 32.0585242579 9.23491817543 6.42951609914 41.7650818246 11.5119596429
45 0 31.9307339938 8.87281184711 6.30266154819 42.1271881529 11.766604458
46 0 31.8082925547 8.52490389389 6.17553861789 42.4750961061 12.0161688274
47 0 31.6909589946 8.19063757402 6.04839406392 42.809362426 12.2606469415
48 0 31.5785047761 7.86947804585 5.92145251116 43.1305219541 12.5000427127
49 0 31.4707126216 7.56091140107 5.79491888417 43.4390885989 12.7343684943
50 0 31.3673756504 7.2644437907 5.66898024525 43.7355562093 12.9636441044
51 0 31.2682974935 6.97960082397 5.54380566508 44.020399176 13.1878968414
52 0 31.1732915046 6.70592675563 5.41954789009 44.2940732444 13.4071606054
53 0 31.0821796948 6.44298359402 5.29634559858 44.557016406 13.6214747066
54 0 30.9947927171 6.19035055135 5.1743234614 44.8096494486 13.8308838215
55 0 30.9109694803 5.94762339937 5.0535929643 45.0523766006 14.0354375554
56 0 30.8305565162 5.7144137543 4.93425376289 45.2855862457 14.2351897209
57 0 30.7534073287 5.49034836487 4.81639508737 45.5096516351 14.4301975839
58 0 30.6793824623 5.27506868838 4.70009554838 45.7249313116 14.6205219893
59 0 30.6083490332 5.06823027833 4.5854241321 45.9317697217 14.8062268347
60 0 30.5401801285 4.86950212114 4.47244145484 46.1304978789 14.9873784167
61 0 30.4747546611 4.6785661831 4.36120004648 46.3214338169 15.1640452924
62 0 30.4119571761 4.49511694967 4.25174473204 46.5048830503 15.3362980918
63 0 30.3516774795 4.31886089575 4.14411339405 46.6811391042 15.5042091264
64 0 30.2938101929 4.14951592344 4.03833791592 46.8504840766 15.6678518912
65 0 30.2382547651 3.98681104761 3.93444407646 47.0131889524 15.8273011585
66 0 30.1849151886 3.83048593942 3.83245212057 47.1695140606 15.9826326908
67 0 30.1336996453 3.68029043136 3.73237749212 47.3197095686 16.1339228626
68 0 30.0845203485 3.53598414913 3.63423111405 47.4640158509 16.2812485375
69 0 30.0372934384 3.39733618391 3.53801954835 47.6026638161 16.4246870133
70 0 29.9919387578 3.26412470324 3.44374542704 47.7358752968 16.5643158151
