Time S_a1 S_a2 I_a1 I_a2 R_a1 R_a2
0 50 50 1 0 0 0
1 45.8108954491 49.9218894042 5.08743034965 0.0769661422692 0.101674201242 0.00114445350163
2 31.3039062798 49.5833738365 19.1520421008 0.407187059016 0.54405161935 0.00943910444183
3 11.5127744736 48.7049422976 37.7812915917 1.25414711684 1.70593393467 0.0409105855611
4 2.68243007052 47.4532496715 44.9201903753 2.43253150705 3.39737955415 0.114218821454
5 0.562154755514 46.1459616077 45.2269236051 3.61854346545 5.21092163939 0.235494926829
6 0.12071024865 44.8938989755 43.8841076868 4.70377648798 6.99518206456 0.402324536525
7 0.027298999753 43.7160758671 42.2545066409 5.67367145515 8.71819435933 0.610252677772
8 0.00652434896157 42.6113995493 40.6179521676 6.53384608293 10.3755234834 0.854754367724
9 0.00165252718037 41.5752230198 39.0300531463 7.29316112626 11.9682943265 1.13161585396
10 0.000438691641882 40.6025791435 37.5008477739 7.96043972762 13.4987135345 1.43698112891
11 0.000121334622591 39.6887870496 36.0307286535 8.543878007 14.9691500118 1.76733494338
12 3.41179464201e-05 38.8295438371 34.6180289299 9.05098106366 16.3819369521 2.11947509925
13 8.59886864646e-06 38.0209140654 33.2606613309 9.48859938142 17.7393300702 2.4904865532
14 1.08551408644e-05 37.2593023556 31.9564893982 9.86297872367 19.0434997466 2.87771892074
15 2.05026850608e-06 36.5414147635 30.703466184 10.1798275804 20.2965317657 3.2787576561
16 1.63092580152e-06 35.8642326583 29.4995663757 10.4443598714 21.5004319934 3.69140747034
17 5.78278516628e-07 35.2249865849 28.3428728237 10.6613410145 22.657126598 4.11367240058
18 4.46075681282e-07 34.6211318417 27.2315329803 10.8351293364 23.7684665736 4.54373882196
19 2.261191554e-07 34.0503278043 26.1637695601 10.9697120672 24.8362302138 4.97996012858
20 8.59473274772e-08 33.5104195951 25.1378742036 11.0687373059 25.8621257104 5.42084309899
21 4.69521879154e-08 32.9994176728 24.1522047114 11.1355501469 26.8477952417 5.8650321803
22 0 32.515485174 23.205183442 11.173214925 27.794816558 6.31129990107
23 0 32.0569252088 22.2952946238 11.1845379143 28.7047053762 6.75853687686
24 0 31.6221689381 21.4210826756 11.1720886321 29.5789173244 7.20574242986
25 0 31.2097650844 20.5811498537 11.1382191888 30.4188501463 7.65201572681
26 0 30.8183636437 19.7741512851 11.0850940643 31.2258487149 8.09654229209
27 0 30.4467130212 18.9987956075 11.0146948352 32.0012043925 8.53859214366
28 0 30.0936500744 18.253842032 10.9288389008 32.746157968 8.97751102482
29 0 29.7580925541 17.5380982627 10.829193511 33.4619017373 9.4127139349
30 0 29.4390352684 16.8504195139 10.7172828851 34.1495804861 9.8436818465
31 0 29.1355416424 16.1897057368 10.5945043171 34.8102942632 10.2699540406
32 0 28.8467324167 15.5548986621 10.4621491537 35.4451013379 10.6911184295
33 0 28.5717905001 14.9449824384 10.3213937935 36.0550175616 11.1068157064
34 0 28.3099533923 14.3589813441 10.173313908 36.6410186559 11.5167326997
35 0 28.0605071365 13.7959576653 10.0188962861 37.2040423347 11.9205965773
36 0 27.8227835852 13.2550104655 9.85904417729 37.7449895345 12.3181722376
37 0 27.5961567555 12.7352741128 9.69458418541 38.2647258872 12.7092590591
38 0 27.3800399351 12.2359169217 9.52627199803 38.7640830783 13.0936880669
39 0 27.1738824387 11.7561397814 9.35479855426 39.2438602186 13.4713190071
40 0 26.9771675841 11.2951749856 9.1807939749 39.7048250144 13.842038441
41 0 26.7894096912 10.8522848906 9.0048335185 40.1477151094 14.2057567903
42 0 26.6101523976 10.4267608319 8.82744093921 40.5732391681 14.5624066632
43 0 26.4389654885 10.0179217376 8.6490945704 40.9820782624 14.9119399411
44 0 26.2754440797 9.62511331353 8.47022897672 41.3748866865 15.2543269436
45 0 26.1192073002 9.24770704401 8.29123758462 41.752292956 15.5895551152
46 0 25.969897013 8.88509920729 8.11247524532 42.1149007927 15.9176277417
47 0 25.8271736444 8.53670944037 7.93426632632 42.4632905596 16.2385600293
48 0 25.6907171248 8.20198021462 7.75690299026 42.7980197854 16.5523798849
49 0 25.5602257912 7.8803759695 7.58064735911 43.1196240305 16.8591268497
50 0 25.4354137267 7.57138200411 7.405736558 43.4286179959 17.1588497153
51 0 25.3160109642 7.27450386017 7.23238246951 43.7254961398 17.4516065663
52 0 25.2017621885 6.9892664821 7.06077422004 44.0107335179 17.7374635915
53 0 25.0924254953 6.71521340831 6.89108055211 44.2847865917 18.0164939526
54 0 24.9877719954 6.4519061128 6.72345060796 44.5480938872 18.2887773967
55 0 24.8875847687 6.19892325373 6.55801601367 44.8010767463 18.5543992177
56 0 24.7916580942 5.95585998897 6.3948924048 45.044140011 18.813449501
57 0 24.6997969999 5.7223273751 6.23418023636 45.2776726249 19.0660227638
58 0 24.6118164027 5.49795170447 6.07596637667 45.5020482955 19.3122172206
59 0 24.5275406059 5.28237392367 5.92032507699 45.7176260763 19.5521343171
60 0 24.4468028277 5.0752490728 5.76731887958 45.9247509272 19.7858782927
61 0 24.3694444278 4.87624567011 5.61700010207 46.1237543299 20.0135554701
62 0 24.2953147392 4.68504526037 5.46941107385 46.3149547396 20.2352741869
63 0 24.2242706735 4.50134191937 5.32458484836 46.4986580806 20.4511444781
64 0 24.1561762809 4.32484175825 5.18254601393 46.6751582417 20.6612777052
65 0 24.0909016576 4.15526226157 5.0433128792 46.8447377384 20.8657854632
66 0 24.0283233243 3.99233203919 4.90689656461 47.0076679608 21.0647801111
67 0 23.9683238936 3.83579039643 4.77330159155 47.1642096036 21.2583745149
68 0 23.9107916678 3.68538689501 4.64252661313 47.314613105 21.446681719
69 0 23.8556198304 3.54088079226 4.51456594311 47.4591192077 21.6298142265
70 0 23.8027066893 3.40204082312 4.38940898369 47.5979591769 21.807884327
