Time S_a1 S_a2 I_a1 I_a2 R_a1 R_a2
0 50 50 1 0 0 0
1 48.7727612714 49.9996984056 2.1667800972 0.000296398457873 0.0604586313668 5.1959277627e-06
2 46.2528941846 49.9990538004 4.55758912617 0.00091821268152 0.189516689271 2.79869607097e-05
3 41.5042846938 49.997736637 9.04265513999 0.00217630152783 0.453060166203 8.70614403326e-05
4 33.8451869486 49.9952550194 16.2054570049 0.00452830374789 0.949356046493 0.000216676877338
5 24.118683767 49.9911311048 25.1076940173 0.00839913389113 1.77362221575 0.000469761331951
6 14.8941733509 49.9852591615 33.1595427871 0.0138311655125 2.94628386197 0.000909673022488
7 8.23624873619 49.9780334411 38.3762124152 0.0203754005039 4.38753884858 0.00159115836383
8 4.28372607601 49.9700472298 40.7383599329 0.0274066499272 5.97791399113 0.00254612027266
9 2.17993994807 49.9617785662 41.1987210488 0.0344378420016 7.62133900315 0.00378359181643
10 1.11140982515 49.9535146474 40.6283561997 0.041188016802 9.26023397519 0.00529733579376
11 0.574623365338 49.9454033636 39.5602934612 0.0475235665548 10.8650831734 0.00707306988672
12 0.302976292433 49.9375138887 38.2748045779 0.0533931207991 12.4222191297 0.00909299046058
13 0.16329163655 49.9298752552 36.91065863 0.0587865815873 13.9260497335 0.0113381632123
14 0.0900131813503 49.9224968215 35.5350526709 0.0637134860139 15.3749341478 0.013789692457
15 0.0507472782078 49.9153784291 34.1801162894 0.0681923046214 16.7691364324 0.0164292662375
16 0.0292479600172 49.9085153755 32.8609284278 0.0722452266841 18.1098236122 0.0192393977722
17 0.0172190546419 49.901900833 31.5842023369 0.0758956492197 19.3985786085 0.022203517785
18 0.010348827673 49.8955270391 30.3524904485 0.07916696561 20.6371607238 0.0253059953173
19 0.00634472174978 49.8893858985 29.1662704698 0.082081976747 21.8273848085 0.0285321247113
20 0.00396457135965 49.8834692823 28.0249739267 0.0846626221859 22.971061502 0.031868095484
21 0.00252151031886 49.8777691795 26.9275113972 0.0869298649202 24.0699670925 0.0353009555345
22 0.0016342410032 49.8722777723 25.8725368207 0.0889036563709 25.1258289383 0.0388185713659
23 0.00107702325877 49.8669874777 24.8586055142 0.0906029346759 26.1403174626 0.0424095876551
24 0.000722590574732 49.8618909688 23.884235334 0.092045614215 27.1150420754 0.0460634169594
25 0.000493605447147 49.8569811508 22.947948937 0.0932487310313 28.0515574576 0.0497701181341
26 0.000340690468825 49.8522511816 22.048300208 0.0942284013711 28.9513591015 0.053520417044
27 0.000238189152959 49.8476944694 21.1838777977 0.0949998434451 29.8158840131 0.0573056871891
28 0.000168817268957 49.8433046525 20.3533154019 0.0955774774471 30.6465157809 0.0611178700292
29 0.000120484490694 49.8390756013 19.5552952079 0.0959749333207 31.4445843076 0.0649494653965
30 8.73610626968e-05 49.8350014392 18.7885517509 0.0962049811683 32.211360888 0.0687935796557
31 6.49144171945e-05 49.8310764827 18.0518626527 0.0962797598445 32.9480724329 0.0726437574352
32 4.94971118101e-05 49.8272952615 17.3440536071 0.0962107147526 33.6558968957 0.0764940237465
33 3.77833328145e-05 49.8236525003 16.6639947461 0.0960086649792 34.3359674706 0.0803388346905
34 2.8820947179e-05 49.8201431199 16.0105986772 0.0956838067994 34.9893725018 0.0841730733406
35 2.21173267647e-05 49.8167622283 15.38282039 0.0952457497322 35.6171574927 0.0879920219225
36 1.72982861812e-05 49.8135051132 14.7796555488 0.094703553495 36.220327153 0.0917913333
37 1.36940969426e-05 49.8103672301 14.2001382697 0.0940657750429 36.7998480362 0.0955669948292
38 1.10943108638e-05 49.8073442179 13.6433439688 0.093340403667 37.3566449369 0.0993153784182
39 9.20962830975e-06 49.8044318633 13.1083814072 0.0925350103532 37.8916093832 0.103033126351
40 7.6948868184e-06 49.8016261058 12.5943938366 0.0916567273903 38.4055984685 0.10671716683
41 6.37912012991e-06 49.7989230481 12.1005612967 0.0907122029355 38.8994323242 0.110364748998
42 5.23343506842e-06 49.7963189156 11.6260909439 0.0897077669568 39.3739038226 0.113973317446
43 4.30222497982e-06 49.7938100905 11.1702252476 0.0886492931448 39.8297704502 0.117540616374
44 3.57040784138e-06 49.7913930785 10.7322342348 0.0875423308736 40.2677621948 0.121064590658
45 2.99326876529e-06 49.7890645122 10.3114162285 0.0863920925298 40.6885807782 0.124543395298
46 2.56852999314e-06 49.7868211602 9.90709996439 0.0852034164859 41.0928974671 0.127975423301
47 2.23219033302e-06 49.7846598896 9.51863575664 0.083980913238 41.4813620112 0.131359197143
48 1.93847719743e-06 49.7825777024 9.14540410731 0.0827288238999 41.8545939542 0.134693473695
49 1.67126965778e-06 49.7805716996 8.78680718004 0.0814511559945 42.2131911487 0.137977144442
50 1.436495495e-06 49.7786390879 8.44227041645 0.0801516579723 42.5577281471 0.141209254151
51 1.23393927254e-06 49.7767771843 8.11124358736 0.0788338037548 42.8887551787 0.144389011953
52 1.06482751505e-06 49.7749834035 7.79319786184 0.0775008381128 43.2068010733 0.147515758393
53 9.34638237027e-07 49.773255255 7.48762519272 0.0761557807526 43.5123738726 0.150588964232
54 8.37734553727e-07 49.7715903323 7.19403566893 0.0748014748791 43.8059634933 0.153608192824
55 7.53713102597e-07 49.7699863069 6.91195617848 0.0734406070908 44.0880430678 0.156573085966
56 6.75760439606e-07 49.7684409464 6.64093464676 0.072075632942 44.3590646775 0.159483420688
57 6.15284591277e-07 49.7669521146 6.38054023885 0.0707087716515 44.6194591459 0.162339113793
58 5.6296786255e-07 49.7655177414 6.13035607474 0.0693421284124 44.8696433623 0.16514013017
59 5.05843487986e-07 49.7641358315 5.88998131494 0.0679776568878 45.1100181792 0.167886511647
60 4.49451178497e-07 49.7628044667 5.65903187179 0.0666171441056 45.3409676788 0.170578389158
61 3.98045401084e-07 49.7615217981 5.43713835641 0.0652622444878 45.5628612455 0.173215957459
62 3.55635144444e-07 49.7602860421 5.22394539852 0.0639144894788 45.7760542458 0.175799468432
63 3.24659602313e-07 49.7590954813 5.01911166449 0.0625752848128 45.9808880109 0.178329233894
64 3.00469295667e-07 49.7579484637 4.82230984222 0.0612459083842 46.1776898573 0.180805627965
65 2.80949642217e-07 49.7568433952 4.63322484378 0.0599275396353 46.3667748753 0.183229065176
66 2.62962927877e-07 49.7557787394 4.45155370428 0.0586212588619 46.5484460328 0.18560000175
67 2.45855957814e-07 49.754753018 4.27700583787 0.0573280395161 46.7229939163 0.187918942451
68 2.30388934597e-07 49.7537648079 4.10930226426 0.0560487596229 46.8906975054 0.190186432489
69 2.15843762419e-07 49.7528127358 3.94817443783 0.054784220582 47.0518253463 0.192403043653
70 2.01774376762e-07 49.751895479 3.79336440377 0.0535351420916 47.2066353945 0.194569378888
