Time S_a1 S_a2 I_a1 I_a2 R_a1 R_a2
0 50 50 1 0 0 0
1 38.5095556436 49.7910855386 12.3011565727 0.206332531221 0.189287783671 0.00258193015686
2 8.3647199117 48.5860119102 41.3392304719 1.38381159049 1.29604961645 0.030176499314
3 0.672197499491 46.6567826573 47.2045806637 3.22119627854 3.12322183682 0.122021064181
4 0.0510251796848 44.7589462806 45.9578030218 4.95485739432 4.9911717985 0.286196325031
5 0.00422993532979 42.995480118 44.2012923789 6.48879556846 6.79447768575 0.515724313521
6 0.00038475355958 41.3619069529 42.4718763516 7.83529276387 8.52773889484 0.802800283265
7 3.7412185371e-05 39.8471458881 40.8068684054 9.01256148367 10.1930941824 1.14029262824
8 3.89818025326e-06 38.440756007 39.2068409094 10.0374687906 11.7931551924 1.52177520245
9 0 37.1333285123 37.6695225605 10.9252094236 13.3304774395 1.94146206418
10 0 35.9164061152 36.1924794406 11.6894495565 14.8075205594 2.39414432838
11 0 34.7823815651 34.7733520106 12.3424842406 16.2266479894 2.87513419427
12 0 33.7243924246 33.4098693706 12.8953997282 17.5901306294 3.38020784725
13 0 32.7362448708 32.0998495848 13.3581914445 18.9001504152 3.90556368468
14 0 31.8123439759 30.8411965849 13.7398730651 20.1588034151 4.44778295907
15 0 30.9476122285 29.6318960149 14.0486044215 21.3681039851 5.00378334992
16 0 30.1374528361 28.4700127852 14.2917495038 22.5299872148 5.57079766013
17 0 29.3776898469 27.3536876461 14.4759719361 23.6463123539 6.14633821694
18 0 28.6645250962 26.2811342422 14.607304123 24.7188657578 6.72817078074
19 0 27.9944992339 25.2506362565 14.6912100475 25.7493637435 7.31429071864
20 0 27.3644578465 24.2605446845 14.7326402723 26.7394553155 7.90290188124
21 0 26.7715200933 23.3092751759 14.7360833007 27.6907248241 8.49239660603
22 0 26.2130485484 22.3953054235 14.7056147791 28.6046945765 9.08133667248
23 0 25.6866323185 21.5171729212 14.6449262319 29.4828270788 9.66844144959
24 0 25.1900617169 20.6734725098 14.5573669332 30.3265274902 10.2525713499
25 0 24.72130533 19.8628540617 14.4459819742 31.1371459383 10.8327126958
26 0 24.278498129 19.0840204287 14.3135329709 31.9159795713 11.4079689002
27 0 23.8599227203 18.3357252981 14.1625292428 32.6642747019 11.9775480369
28 0 23.4639975737 17.6167712381 13.9952482422 33.3832287619 12.5407541841
29 0 23.0892639838 16.9260077699 13.8137576591 34.0739922301 13.0969783571
30 0 22.7343750552 16.2623295243 13.6199346022 34.7376704757 13.6456903426
31 0 22.3980858844 15.6246744751 13.4154826829 35.3753255249 14.1864314326
32 0 22.0792443672 15.0120222363 13.2019477916 35.9879777637 14.7188078412
33 0 21.7767833785 14.4233924343 12.9807318484 36.5766075657 15.242484773
34 0 21.4897127859 13.8578431218 12.7531067325 37.1421568782 15.7571804816
35 0 21.2171144033 13.3144693071 12.5202234047 37.6855306929 16.2626621919
36 0 20.9581359285 12.7924015035 12.2831226173 38.2075984965 16.7587414542
37 0 20.7119824081 12.290804258 12.0427495442 38.709195742 17.2452680477
38 0 20.4779153999 11.8088749211 11.7999559812 39.1911250789 17.722128619
39 0 20.2552469654 11.3458423175 11.5555107572 39.6541576825 18.1892422774
40 0 20.0433341497 10.9009654675 11.3101092837 40.0990345325 18.6465565666
41 0 19.8415782008 10.4735324944 11.0643755333 40.5264675056 19.0940462659
42 0 19.6494192074 10.0628594128 10.8188712723 40.9371405872 19.5317095203
43 0 19.4663331923 9.66828904132 10.5741012877 41.3317109587 19.9595655201
44 0 19.2918307085 9.28919000628 10.3305161307 41.7108099937 20.3776531608
45 0 19.1254526665 8.92495565538 10.0885194248 42.0750443446 20.7860279087
46 0 18.9667688564 8.57500312955 9.84847061911 42.4249968705 21.1847605245
47 0 18.8153762221 8.23877245073 9.61068813231 42.7612275493 21.5739356456
48 0 18.6708957693 7.9157255589 9.37545473136 43.0842744411 21.9536494993
49 0 18.5329717821 7.60534551276 9.14301906771 43.3946544872 22.3240091502
50 0 18.401270057 7.30713565347 8.91359881986 43.6928643465 22.6851311231
51 0 18.2754757334 7.02061876147 8.68738452288 43.9793812385 23.0371397437
52 0 18.1552927662 6.74533635787 8.46454054139 44.2546636421 23.3801666924
53 0 18.0404421714 6.48084792979 8.24520815765 44.5191520702 23.7143496709
54 0 17.9306607066 6.2267302126 8.02950789172 44.7732697874 24.0398314017
55 0 17.8257005796 5.98257658518 7.81754001954 45.0174234148 24.3567594008
56 0 17.7253282178 5.74799639773 7.60938672153 45.2520036023 24.6652850607
57 0 17.6293221329 5.52261422305 7.4051158431 45.477385777 24.965562024
58 0 17.5374734138 5.30606939468 7.20477996986 45.6939306053 25.2577466163
59 0 17.4495848803 5.09801542679 7.00841787872 45.9019845732 25.541997241
60 0 17.3654697206 4.89811937992 6.81605689288 46.1018806201 25.8184733865
61 0 17.2849509749 4.7060613497 6.62771373041 46.2939386503 26.0873352947
62 0 17.2078613995 4.52153402051 6.44339467153 46.4784659795 26.348743929
63 0 17.1340426151 4.34424213631 6.26309699974 46.6557578637 26.6028603852
64 0 17.0633440805 4.17390195243 6.08681078095 46.8260980476 26.8498451385
65 0 16.9956232859 4.01024089174 5.91451838152 46.9897591083 27.0898583326
66 0 16.9307451672 3.85299709147 5.74619542844 47.1470029085 27.3230594043
67 0 16.8685812936 3.70191891037 5.58181222163 47.2980810896 27.5496064847
68 0 16.8090097159 3.55676457616 5.42133387527 47.4432354238 27.7696564089
69 0 16.7519147319 3.41730182782 5.26472062215 47.5826981722 27.983364646
70 0 16.6971863654 3.28330750731 5.11192865346 47.7166924927 28.1908849812
