Time S_a1 S_a2 I_a1 I_a2 R_a1 R_a2
0 50 50 1 0 0 0
1 17.2858889276 49.7031877903 33.2448546971 0.293657363132 0.469256375359 0.00315484659678
2 0.29194645105 48.5766975314 48.43584207 1.38738571221 2.27221147893 0.035916756397
3 0.00388573409437 47.4074570514 46.8158198255 2.47893927738 4.18029444044 0.113603671223
4 6.0301681998e-05 46.3041820269 44.9838536578 3.46302674829 6.01608604056 0.232791224765
5 1.04247298793e-06 45.2638072593 43.2200690026 4.34688308244 7.77992995495 0.389309658264
6 0 44.2820687982 41.5253871392 5.1386166487 9.47461286083 0.579314553138
7 0 43.3550218443 39.8971536535 5.84570630537 11.1028463465 0.799271850302
8 0 42.4790316439 38.332763633 6.47503443164 12.667236367 1.04593392442
9 0 41.6507503926 36.8297142833 7.03292893139 14.1702857167 1.31632067606
10 0 40.8670863476 35.3856004994 7.5252207778 15.6143995006 1.60769287463
11 0 40.1251829507 33.9981112258 7.95728207469 17.0018887742 1.91753497462
12 0 39.4223981606 32.6650259519 8.33406466769 18.3349740481 2.2435371717
13 0 38.7562901125 31.384211946 8.6601270118 19.615788054 2.58358287571
14 0 38.1245958061 30.1536198036 8.93967458491 20.8463801964 2.935729609
15 0 37.5252109668 28.9712795253 9.176597724 22.0287204747 3.29819130923
16 0 36.9561894138 27.8352994645 9.37447312583 23.1647005355 3.66933746036
17 0 36.4157211703 26.7438618012 9.53660570278 24.2561381988 4.04767312692
18 0 35.9021236971 25.695220011 9.66604587821 25.304779989 4.43183042466
19 0 35.4138316843 24.6876960699 9.7656094041 26.3123039301 4.82055891164
20 0 34.9493868929 23.7196776899 9.83789715969 27.2803223101 5.21271594736
21 0 34.5074306011 22.7896158583 9.88531005786 28.2103841417 5.607259341
22 0 34.0866955265 21.8960223252 9.91006515191 29.1039776748 6.00323932157
23 0 33.6859979703 21.03746711 9.91421119045 29.96253289 6.39979083924
24 0 33.3042310748 20.2125761885 9.89964204794 30.7874238115 6.79612687727
25 0 32.9403612481 19.4200296167 9.86810427443 31.5799703833 7.19153447744
26 0 32.5934226825 18.6585593344 9.82120827854 32.3414406656 7.58536903899
27 0 32.2625083472 17.9269467209 9.76044600461 33.0730532791 7.97704564819
28 0 31.94676944 17.2240210656 9.68719285335 33.7759789344 8.36603770665
29 0 31.6454097273 16.5486575459 9.60271890795 34.4513424541 8.75187136479
30 0 31.3576815108 15.8997754013 9.50819721407 35.1002245987 9.13412127514
31 0 31.0828830535 15.2763362956 9.4047093767 35.7236637044 9.51240756983
32 0 30.8203544508 14.6773425769 9.29325385791 36.3226574231 9.88639169129
33 0 30.56947542 14.1018357457 9.17475079378 36.8981642543 10.2557737862
34 0 30.3296619871 13.5488948586 9.05004893286 37.4511051414 10.62028908
35 0 30.1003643564 13.0176350941 8.9199301826 37.9823649059 10.979705461
36 0 29.8810644453 12.5072063235 8.78511470338 38.4927936765 11.3338208513
37 0 29.6712736807 12.0167917464 8.64626552639 38.9832082536 11.6824607929
38 0 29.4705312002 11.5456065973 8.50399247427 39.4543934027 12.0254763255
39 0 29.2784016452 11.0928968425 8.35885674998 39.9071031575 12.3627416049
40 0 29.0944741893 10.6579380679 8.2113731236 40.3420619321 12.6941526871
41 0 28.9183609802 10.2400343202 8.0620132518 40.7599656798 13.019625768
42 0 28.7496943832 9.83851681081 7.91121134381 41.1614831892 13.3390942729
43 0 28.5881267222 9.45274299832 7.75936489514 41.5472570017 13.6525083826
44 0 28.4333293764 9.08209561029 7.6068366756 41.9179043897 13.959833948
45 0 28.2849909093 8.72598154473 7.45395856802 42.2740184553 14.2610505226
46 0 28.1428157304 8.38383087932 7.30103435383 42.6161691207 14.5561499158
47 0 28.0065240994 8.05509612376 7.14833990406 42.9449038762 14.8451359966
48 0 27.8758508347 7.73925128404 6.9961258431 43.260748716 15.1280233222
49 0 27.7505437194 7.43579087933 6.8446208284 43.5642091207 15.4048354522
50 0 27.6303635783 7.14422930634 6.6940314869 43.8557706937 15.6756049348
51 0 27.5150834658 6.864100053 6.54454411222 44.135899947 15.940372422
52 0 27.4044874591 6.59495483263 6.39632719529 44.4050451674 16.1991853456
53 0 27.2983702469 6.33636292438 6.24953228749 44.6636370756 16.4520974656
54 0 27.1965368014 6.08791055255 6.10429468482 44.9120894475 16.6991685138
55 0 27.0988015769 5.84920016503 5.96073508253 45.150799835 16.9404633405
56 0 27.0049877135 5.61984972534 5.81896120235 45.3801502747 17.1760510842
57 0 26.9149270206 5.39949223429 5.67906783538 45.6005077657 17.406005144
58 0 26.8284593915 5.18777511069 5.5411380305 45.8122248893 17.630402578
59 0 26.7454320655 4.98435952837 5.4052446265 46.0156404716 17.849323308
60 0 26.6656995074 4.78891996935 5.27145045127 46.2110800307 18.0628500413
61 0 26.5891230614 4.60114371678 5.13980900498 46.3988562832 18.2710679336
62 0 26.5155703692 4.42073027179 5.01036564902 46.5792697282 18.4740639817
63 0 26.4449150808 4.24739089141 4.88315816182 46.7526091086 18.6719267574
64 0 26.3770367726 4.08084821747 4.75821684369 46.9191517825 18.8647463837
65 0 26.3118206126 3.92083582069 4.63556516634 47.0791641793 19.0526142211
66 0 26.2491567725 3.76709764429 4.51522098756 47.2329023557 19.2356222399
67 0 26.188940173 3.61938759877 4.39719702744 47.3806124012 19.4138627996
68 0 26.131070607 3.47746932765 4.28150050393 47.5225306724 19.5874288891
69 0 26.0754523804 3.34111577875 4.16813383975 47.6588842213 19.7564137798
70 0 26.0219939226 3.21010875528 4.05709543129 47.7898912447 19.9209106461
