Time S_a1 S_a2 I_a1 I_a2 R_a1 R_a2
0 50 50 1 0 0 0
1 49.7847875623 49.988084247 1.17186392451 0.0116868192054 0.0433485132273 0.00022893378856
2 49.5335434586 49.9741060407 1.37232587519 0.0249381376166 0.0941306661689 0.00095582168941
3 49.2407710744 49.9577271266 1.6056557778 0.0400244032491 0.153573147767 0.00224847018763
4 48.9003230673 49.9385596439 1.87659276128 0.057254026713 0.223084171412 0.00418632942148
5 48.505401542 49.9161615276 2.19032744948 0.0769764515704 0.304271008555 0.00686202080884
6 48.048590741 49.8900324825 2.55245351753 0.0995845824128 0.398955741434 0.0103829350981
7 47.5219232611 49.8596099175 2.96888514403 0.125516939385 0.509191594908 0.0148731431316
8 46.9170037474 49.8242669063 3.44572397351 0.155257965102 0.637272279063 0.0204751285897
9 46.22520646 49.7833117343 3.98905727855 0.189336597008 0.785736261449 0.0273516686729
10 45.4379524579 49.7359904004 4.60468666471 0.228322083289 0.957360877381 0.0356875163258
11 44.547084426 49.681492758 5.29777159741 0.272816338557 1.15514397657 0.0456909033987
12 43.5453309284 49.6189631675 6.07239927581 0.323442238356 1.38226979579 0.0575945941556
13 42.4268588244 49.5475163646 6.93108469131 0.380827220334 1.64205648427 0.0716564151133
14 41.1878873363 49.4662590371 7.874229427 0.445581920146 1.93788323674 0.0881590427546
15 39.8273531069 49.3743184671 8.8995549243 0.518272748547 2.27309196883 0.107408784399
16 38.3474980425 49.2708755399 10.0016297885 0.59939123809 2.65087216896 0.12973322203
17 36.7543599256 49.1552024436 11.1715124775 0.689320001385 3.07412759689 0.155477555023
18 35.0580767713 49.0267032162 12.3965926808 0.788297295017 3.54533054791 0.184999488757
19 33.2729040957 48.8849531539 13.6607187046 0.896384018366 4.06637719965 0.218662827758
20 31.4169054929 48.7297342662 14.944640856 1.01343594374 4.63845365115 0.256829790032
21 29.5112987605 48.5610629311 16.2267749967 1.13908468225 5.26192624279 0.299852386659
22 27.5794941224 48.3792064356 17.4842376028 1.27273029608 5.93626827483 0.348063268358
23 25.6459163252 48.1846866404 18.6940534107 1.41354683424 6.66003026407 0.401766525412
24 23.7347050622 47.9782678682 19.8344299822 1.5605031206 7.43086495553 0.461229011195
25 21.8684969486 47.7609326003 20.8859064688 1.71239466281 8.24559658263 0.526672736885
26 20.0673754086 47.533845555 21.8322913202 1.86788571595 9.1003332712 0.598268729091
27 18.3480886998 47.2983095938 22.6612995322 2.02555765006 9.99061176805 0.676132756103
28 16.7235974193 47.0557175238 23.3648413783 2.18395938355 10.9115612024 0.76032309266
29 15.2029519225 46.8075041064 23.9389772163 2.34165581106 11.8580708611 0.850840082491
30 13.7914483646 46.5551016645 24.3836018422 2.49727061282 12.8249497932 0.947627722652
31 12.4910078472 46.2999010641 24.7019207177 2.64952220923 13.8070714351 1.05057672671
32 11.3006967896 46.0432200771 24.8998080368 2.7972509981 14.7994951735 1.15952892482
33 10.2172978957 45.786281568 24.98514682 2.9394358861 15.7975552842 1.27428254592
34 9.23586582532 45.5301971748 24.9672031521 3.0752049343 16.7969310226 1.39459789093
35 8.35028914766 45.2759587204 24.8560205769 3.20383781514 17.7936902754 1.52020346448
36 7.55373464644 45.0244359281 24.6619555623 3.32476218982 18.7843097912 1.65080188212
37 6.83902414934 44.7763778812 24.3952948513 3.43754641764 19.7656809994 1.78607570113
38 6.19894207074 44.532418736 24.0659579969 3.54188838107 20.7350999324 1.92569288289
39 5.62644422812 44.2930853061 23.6833072707 3.63760303505 21.6902485012 2.06931165884
40 5.11481600089 44.0588057276 23.2560134477 3.72460929876 22.6291705514 2.21658497364
41 4.65777187799 43.8299193228 22.7919858186 3.8029162929 23.5502423034 2.36716438435
42 4.24949207588 43.6066874953 22.2983703485 3.87260907416 24.4521375757 2.52070343057
43 3.8846732061 43.3893014724 21.7815234271 3.93383815147 25.3338033668 2.67686037611
44 3.55850034614 43.1778925654 21.2470746892 3.98680690682 26.1944249646 2.83530052777
45 3.26665572992 42.9725398774 20.6999442729 4.0317618452 27.0333999972 2.99569827743
46 3.00526412657 42.7732786848 20.1444273683 4.06898279716 27.8503085051 3.15773851807
47 2.77088507796 42.5801065912 19.5842235767 4.09877543431 28.6448913453 3.32111797446
48 2.56045679054 42.3929900598 19.0225172421 4.12146398602 29.4170259674 3.48554595416
49 2.37127299517 42.2118693651 18.4620187391 4.1373856461 30.1667082657 3.65074498884
50 2.20093968258 42.0366634893 17.9050265032 4.14688524121 30.8940338142 3.8164512695
51 2.04734429397 41.8672740605 17.3534730753 4.15031105717 31.5991826307 3.98241488238
52 1.90862398169 41.7035888623 16.8089706115 4.14801127345 32.2824054069 4.14839986426
53 1.78313625391 41.5454847086 16.2728519686 4.14033119004 32.9440117775 4.31418410134
54 1.66943415539 41.3928301965 15.7462065859 4.12761054412 33.5843592588 4.47955925936
55 1.5662400808 41.2454873508 15.2299143144 4.11018234901 34.2038456048 4.64433030014
56 1.47242831973 41.1033141017 14.72467256 4.08837043195 34.8028991203 4.80831546635
57 1.38700607077 40.966165362 14.2310206921 4.06248890897 35.3819732371 4.97134572905
58 1.3090958614 40.8338944581 13.749363972 4.03284113995 35.9415401666 5.13326440198
59 1.23792186007 40.7063542882 13.279992489 3.9997189776 36.4820856509 5.29392673424
60 1.17279802009 40.5833979219 12.8230963998 3.9634027243 37.0041055801 5.45319935377
61 1.11311558311 40.4648797664 12.3787834813 3.92416029262 37.5081009356 5.61095994093
62 1.05833582101 40.3506556746 11.9470878948 3.88224774435 37.9945762842 5.767096581
63 1.0079789725 40.2405838594 11.5279853272 3.83790873195 38.4640357003 5.92150740867
64 0.961619495617 40.1345249195 11.1213987174 3.79137505866 38.916981787 6.07410002185
65 0.918877643832 40.0323424209 10.7272095444 3.74286650178 39.3539128118 6.22479107732
66 0.879415150271 39.9339029804 10.3452631499 3.6925912378 39.7753216998 6.37350578178
67 0.842929892936 39.8390764845 9.97537551921 3.64074607654 40.1816945879 6.52017743896
68 0.809151445387 39.7477362445 9.61733888652 3.58751674641 40.5735096681 6.66474700912
69 0.777838084525 39.6597590054 9.27092530856 3.53307833933 40.9512366069 6.80716265522
70 0.748772408929 39.5750251217 8.93589220587 3.47759553024 41.3153353852 6.94737934805
