Time S_a1 S_a2 I_a1 I_a2 R_a1 R_a2
0 50 50 1 0 0 0
1 40.4154654204 49.967467508 10.4174984973 0.0321179462874 0.167036082276 0.00041454569463
2 11.7645456701 49.7790106034 38.0997721676 0.216334731684 1.13568216226 0.00465466487329
3 1.23901935143 49.4362888611 46.858763341 0.544014937952 2.90221730756 0.0196962009268
4 0.114713659092 49.0750580542 46.1154655748 0.876760749372 4.7698207661 0.0481811964693
5 0.0114115764416 48.7257149785 44.4077875915 1.18478475899 6.58080083204 0.0895002625034
6 0.00124524125225 48.3905778425 42.6764293878 1.46680547822 8.3223253709 0.142616679287
7 0.000145446606076 48.0692547789 41.0041336496 1.72422846118 9.99572090375 0.206516759871
8 1.81519452411e-05 47.761138259 39.3964626389 1.95861383851 11.6035192092 0.280247902484
9 2.4497040414e-06 47.4656295427 37.8517206296 2.17145175958 13.1482769207 0.36291869776
10 3.35847026633e-07 47.1821586069 36.3675356456 2.36414576444 14.6324640185 0.453695628654
11 0 46.9101846243 34.9415449824 2.53801573085 16.0584550176 0.55179964489
12 0 46.6491939671 33.571466501 2.69430402805 17.428533499 0.656502004899
13 0 46.3987001997 32.2551100839 2.83417560355 18.7448899161 0.767124196795
14 0 46.1582406784 30.9903689234 2.95872789101 20.0096310766 0.883031430574
15 0 45.9273759706 29.7752190188 3.06899235621 21.2247809812 1.00363167318
16 0 45.7056884349 28.6077157474 3.16593863539 22.3922842526 1.1283729297
17 0 45.4927809589 27.4859906682 3.25047826308 23.5140093318 1.25674077798
18 0 45.2882758296 26.4082486742 3.32346798569 24.5917513258 1.38825618467
19 0 45.0918142574 25.3727667427 3.38571117062 25.6272332573 1.52247457195
20 0 44.9030541741 24.3778878118 3.4379643855 26.6221121882 1.65898144045
21 0 44.7216688622 23.4220176954 3.48094134717 27.5779823046 1.79738979068
22 0 44.5473482413 22.5036274562 3.51530916213 28.4963725438 1.93734259655
23 0 44.3797965915 21.6212477395 3.54169503147 29.3787522605 2.07850837701
24 0 44.2187319074 20.7734665584 3.5606883084 30.2265334416 2.22057978422
25 0 44.0638853141 19.9589274106 3.57284227141 31.0410725894 2.3632724145
26 0 43.9150001752 19.1763267416 3.57867674396 31.8236732584 2.50632308089
27 0 43.771831729 18.4244123755 3.57867926444 32.5755876245 2.64948900651
28 0 43.634146145 17.7019808861 3.57330788887 33.2980191139 2.79254596613
29 0 43.5017203001 17.0078764038 3.56299185278 33.9921235962 2.93528784711
30 0 43.37434093 16.3409881073 3.54813415275 34.6590118927 3.07752491723
31 0 43.2518044324 15.7002490912 3.52911219978 35.2997509088 3.2190833678
32 0 43.1339160913 15.0846340257 3.50628012541 35.9153659743 3.35980378329
33 0 43.0204895675 14.4931573717 3.47997032656 36.5068426283 3.49954010598
34 0 42.9113467004 13.924872348 3.45049407097 37.075127652 3.63815922861
35 0 42.8063172473 13.3788697316 3.41814228811 37.6211302684 3.77554046461
36 0 42.7052384161 12.8542761001 3.38318699048 38.1457238999 3.91157459343
37 0 42.6079545659 12.3502525943 3.34588218386 38.6497474057 4.0461632502
38 0 42.5143161235 11.8659920859 3.3064671662 39.1340079141 4.17921671032
39 0 42.4241801359 11.4007196113 3.26516484252 39.5992803887 4.31065502162
40 0 42.3374098658 10.9536909164 3.22218295662 40.0463090836 4.44040717753
41 0 42.2538741468 10.5241905937 3.1777159882 40.4758094063 4.56840986497
42 0 42.1734472432 10.1115311762 3.13194558409 40.8884688238 4.69460717272
43 0 42.0960087664 9.71505235158 3.08504082432 41.2849476484 4.8189504093
44 0 42.0214433213 9.33411970893 3.03715925089 41.6658802911 4.94139742784
45 0 41.9496401921 8.9681235898 2.98844776915 42.0318764102 5.06191203877
46 0 41.8804932658 8.6164783529 2.93904288873 42.3835216471 5.18046384543
47 0 41.8139007943 8.27862138784 2.88907140972 42.7213786122 5.29702779598
48 0 41.7497651151 7.95401199672 2.83865132457 43.0459880033 5.41158356034
49 0 41.6879925381 7.64213070444 2.78789208712 43.3578692956 5.52411537479
50 0 41.6284931866 7.34247846118 2.73689506925 43.6575215388 5.63461174417
51 0 41.571180785 7.05457576211 2.6857541562 43.9454242379 5.74306505878
52 0 41.5159724851 6.77796185989 2.63455622549 44.2220381401 5.84947128944
53 0 41.4627887772 6.51219413416 2.58338142425 44.4878058658 5.95382979854
54 0 41.4115533184 6.25684733113 2.53230364182 44.7431526689 6.05614303976
55 0 41.3621927285 6.01151271519 2.48139111152 44.9884872848 6.15641616
56 0 41.3146365669 5.77579768366 2.43070641218 45.2242023163 6.25465702095
57 0 41.2688171996 5.5493251161 2.38030683656 45.4506748839 6.35087596382
58 0 41.2246696924 5.33173280029 2.33024467308 45.6682671997 6.44508563453
59 0 41.1821315875 5.12267255852 2.28056788225 45.8773274415 6.53730053027
60 0 41.1411427652 4.92180960672 2.23132048872 46.0781903933 6.62753674612
61 0 41.1016455351 4.72882253163 2.18254219635 46.2711774684 6.71581226854
62 0 41.0635844673 4.54340258744 2.13426888598 46.4565974126 6.80214664675
63 0 41.0269063029 4.36525321255 2.08653284091 46.6347467874 6.88656085618
64 0 40.9915597304 4.19408917995 2.03936339867 46.8059108201 6.9690768709
65 0 40.9574954304 4.0296365015 1.99278675304 46.9703634985 7.04971781656
66 0 40.9246660141 3.87163204556 1.94682609146 47.1283679544 7.12850789442
67 0 40.8930259286 3.7198230696 1.90150183814 47.2801769304 7.20547223329
68 0 40.8625313567 3.57396673405 1.85683191834 47.4260332659 7.28063672497
69 0 40.8331400634 3.43382945135 1.81283220444 47.5661705486 7.3540277322
70 0 40.8048114701 3.29918696059 1.76951619927 47.7008130394 7.4256723306
