Time S_a1 S_a2 I_a1 I_a2 R_a1 R_a2
0 50 50 1 0 0 0
1 46.4224046756 49.9296092688 4.48387121919 0.0693337338372 0.0937241052429 0.00105699737634
2 34.5257233517 49.6499093304 16.0068648856 0.341915064018 0.467411762706 0.00817560557567
3 15.5767529892 48.9058439408 33.9514938911 1.05962700382 1.47175311968 0.034529055388
4 4.42587338752 47.7524720339 43.5152317943 2.14949989056 3.05889481817 0.0980280755109
5 1.07223343147 46.4859749724 45.0817838004 3.30674442183 4.84598276809 0.207280605757
6 0.259420526181 45.2524364266 44.1071742659 4.38608116106 6.63340520795 0.361482412334
7 0.0654047253647 44.0865459002 42.567026329 5.35674700458 8.36756894561 0.556707095227
8 0.0173305268222 42.9916677743 40.9448664403 6.21974775858 10.0378030329 0.788584467079
9 0.00482300910289 41.9643470259 39.3516038509 6.98270032093 11.64357314 1.05295265318
10 0.00141741047681 40.9999537214 37.8119298395 7.65406634522 13.18665275 1.34597993337
11 0.000433599152629 40.0939205958 36.3302637493 8.24191351569 14.6693026516 1.6641658885
12 0.000137206652319 39.2419974367 34.9060236428 8.75368181094 16.0938391505 2.0043207524
13 4.44510676516e-05 38.4402821711 33.5374297065 9.19617929032 17.4625258424 2.36353853856
14 1.30435369243e-05 37.6852034503 32.2224387506 9.57562273973 18.7775482059 2.73917381002
15 1.4114717942e-05 36.9734956106 30.9589771482 9.89768239559 20.0410087371 3.1288219938
16 6.13328492705e-06 36.3021630264 29.7450660022 10.1675447907 21.2549278645 3.53029218286
17 1.4675856761e-06 35.6684570895 28.5787498607 10.3899502876 22.4212486717 3.94159262285
18 1.80642482661e-06 35.0698531966 27.45816053 10.5692337729 23.5418376636 4.36091303054
19 2.84110271309e-07 34.5040295732 26.3815121594 10.7093613629 24.6184875565 4.78660906382
20 2.90917952839e-07 33.9688493188 25.3470789164 10.8139611218 25.6529207927 5.21718955938
21 1.11755099397e-07 33.4623397065 24.3532069495 10.8863601735 26.6467929387 5.65130011997
22 5.89237885151e-08 32.9826787517 23.3983048006 10.9296080877 27.6016951405 6.08771316055
23 9.24863314822e-08 32.5281820382 22.4808436853 10.9465004373 28.5191562222 6.52531752454
24 1.48471741568e-08 32.0972947793 21.5993561908 10.9395929555 29.4006437944 6.96311226528
25 1.22753931464e-08 31.6885780665 20.7524329099 10.9112264148 30.2475670779 7.4001955187
26 2.31910419757e-08 31.3006940636 19.9387182424 10.8635542352 31.0612817344 7.83575170124
27 1.35056126283e-08 30.9324012214 19.1569098111 10.7985506889 31.8430901754 8.26904808975
28 1.92804350263e-09 30.5825460567 18.4057564455 10.7180260638 32.5942435526 8.69942787949
29 4.40535785629e-09 30.2500564197 17.6840562091 10.6236393689 33.3159437865 9.12630421142
30 1.36758444569e-08 29.933933141 16.990654027 10.5169139061 34.0093459593 9.54915295286
31 1.52033834411e-08 29.6332481814 16.3244411135 10.3992407831 34.6755588713 9.96751103558
32 1.46471350604e-08 29.3471341262 15.6843513874 10.2718989689 35.3156485979 10.3809669048
33 6.11969852571e-09 29.0747757482 15.0693593638 10.1360708422 35.9306406301 10.7891534096
34 0 28.8154181368 14.4784814403 9.99282713742 36.5215185597 11.1917547257
35 0 28.5683528864 13.9107720906 9.843152883 37.0892279094 11.5884942306
36 3.20547144383e-10 28.3329176906 13.3653229587 9.68794886081 37.634677041 11.9791334486
37 2.03360883688e-09 28.1084913784 12.8412611768 9.52804088139 38.1587388212 12.3634677403
38 2.89702484224e-10 27.8944920811 12.3377481806 9.36418346245 38.6622518191 12.7413244565
39 0 27.6903735 11.8539781961 9.19706707816 39.1460218039 13.1125594218
40 0 27.4956228752 11.3891770975 9.02732203807 39.6108229025 13.4770550867
41 0 27.3097583804 10.9426011108 8.8555235626 40.0573988892 13.834718057
42 0 27.1323270201 10.5135356456 8.68219604459 40.4864643544 14.1854769353
43 4.21309209742e-10 26.962902608 10.1012941374 8.50781701861 40.8987058622 14.5292803734
44 5.19648324371e-10 26.8010831347 9.70521676195 8.33282225631 41.2947832375 14.866094609
45 1.3828227452e-09 26.6464900595 9.32466966081 8.15760718855 41.6753303378 15.195902752
46 2.9915270261e-09 26.4987670474 8.95904394531 7.98252944237 42.0409560517 15.5187035102
47 2.51885978741e-09 26.357578799 8.60775475543 7.80791118517 42.3922452421 15.8345100158
48 2.04180850005e-09 26.2226070358 8.27023981726 7.63404695215 42.7297601807 16.1433460121
49 2.06424033422e-09 26.09355172 7.94595901314 7.4612013566 43.0540409848 16.4452469234
50 1.62065560971e-09 25.9701298469 7.63439350417 7.28961146346 43.3656064942 16.7402586896
51 1.51722190367e-09 25.852072999 7.33504464924 7.11949144419 43.6649553492 17.0284355568
52 1.49006496031e-09 25.7391276012 7.047433425 6.95103221069 43.9525665735 17.3098401881
53 1.04859054773e-09 25.6310537075 6.7710996065 6.7844037445 44.2289003924 17.584542548
54 5.26711119164e-10 25.5276238397 6.50560097829 6.61975731936 44.4943990212 17.852618841
55 2.001954158e-10 25.4286226434 6.25051270228 6.45722617768 44.7494872975 18.114151179
56 2.38323139001e-10 25.3338459377 6.00542659192 6.29692742211 44.9945734078 18.3692266402
57 3.9781156147e-10 25.2430999643 5.76995043948 6.13896351833 45.2300495601 18.6179365174
58 4.84760676045e-10 25.1562010058 5.54370744224 5.98342295841 45.4562925573 18.8603760358
59 4.38490133092e-10 25.0729745999 5.32633555982 5.83038172816 45.6736644397 19.096643672
60 3.36086714015e-10 24.9932550344 5.11748694389 5.67990425994 45.8825130558 19.3268407056
61 2.53400855854e-10 24.9168849545 4.91682740427 5.53204419849 46.0831725955 19.551070847
62 1.08641984298e-10 24.8437146361 4.72403580882 5.38684579277 46.2759641911 19.7694395712
63 0 24.7736017841 4.53880363539 5.24434420297 46.4611963646 19.9820540129
64 0 24.7064112103 4.36083450382 5.10456606506 46.6391654962 20.1890227246
65 0 24.6420144578 4.18984370553 4.96753016958 46.8101562945 20.3904553727
66 0 24.580288811 4.02555756357 4.83324944835 46.9744424364 20.5864617406
67 0 24.5211174446 3.86771313866 4.70173054436 47.1322868613 20.7771520111
68 0 24.4643893004 3.71605786759 4.57297395864 47.2839421324 20.962636741
69 0 24.4099986969 3.5703491337 4.44697476924 47.4296508663 21.1430265338
70 0 24.3578446205 3.43035373317 4.32372396803 47.5696462668 21.3184314114
