Time S_a1 S_a2 I_a1 I_a2 R_a1 R_a2
0 50 50 1 0 0 0
1 26.9531569877 49.864996316 23.7178052527 0.133513426659 0.329037759665 0.00149025737641
2 1.32518232962 49.2116143074 47.7416970485 0.769991010944 1.93312062187 0.0183946816911
3 0.0366624224923 48.4436504202 47.1201747669 1.49252737761 3.84316281062 0.0638222022026
4 0.00114000118665 47.7105193077 45.3070445514 2.15253997566 5.69181544738 0.136940716682
5 3.98558018233e-05 47.015244075 43.5315980684 2.74957069451 7.46836207584 0.235185230457
6 1.52559518085e-06 46.355653059 41.8247369413 3.28821880658 9.17526153306 0.356128134403
7 0 45.7295960521 40.1847676248 3.77288002755 10.8152323752 0.497523920349
8 0 45.1350713637 38.6091009141 4.20763368333 12.3908990859 0.657294952995
9 0 44.570218628 37.0952164736 4.5962609145 13.9047835264 0.833520457513
10 0 44.0333083631 35.6406915141 4.94226542131 15.3593084859 1.02442621558
11 0 43.5227324673 34.2431998634 5.2488923575 16.7568001366 1.22837517519
12 0 43.036990037 32.9005047248 5.51915758621 18.0994952752 1.44385237681
13 0 42.5746819093 31.6104574128 5.75585816619 19.3895425872 1.66945992447
14 0 42.13450173 30.3709933794 5.96159089647 20.6290066206 1.90390737354
15 0 41.7152296306 29.1801293026 6.13876535351 21.8198706974 2.14600501584
16 0 41.3157269213 28.0359605002 6.28961505581 22.9640394998 2.39465802292
17 0 40.9349244811 26.9366553008 6.41622175613 24.0633446992 2.64885376278
18 0 40.5718211807 25.880454032 6.52051871121 25.119545968 2.90766010808
19 0 40.2254810488 24.8656669909 6.60429682183 26.1343330091 3.1702221294
20 0 39.8950251254 23.8906702954 6.66922204986 27.1093297046 3.43575282476
21 0 39.579628425 22.9539037584 6.71684213566 28.0460962416 3.70352943935
22 0 39.2785160873 22.0538683871 6.74859492492 28.9461316129 3.97288898782
23 0 38.9909594832 21.189123879 6.76581688387 29.810876121 4.2432236329
24 0 38.7162734939 20.3582865072 6.76974908339 30.6417134928 4.51397742267
25 0 38.4538129495 19.5600267209 6.76154502236 31.4399732791 4.78464202814
26 0 38.2029706029 18.793067255 6.74227536399 32.206932745 5.05475403314
27 0 37.9631734445 18.0561806901 6.71293593632 32.9438193099 5.32389061918
28 0 37.7338807893 17.3481876529 6.67445211599 33.6518123471 5.59166709466
29 0 37.5145830373 16.6679552735 6.62768178797 34.3320447265 5.8577351747
30 0 37.3047997609 16.01439529 6.57341978299 34.98560471 6.1217804561
31 0 37.1040760569 15.3864618242 6.51240582153 35.6135381758 6.38351812155
32 0 36.9119816937 14.7831499465 6.44532669241 36.2168500535 6.64269161384
33 0 36.7281105103 14.2034943453 6.37281787764 36.7965056547 6.89907161204
34 0 36.5520773978 13.646567366 6.29547002326 37.353432634 7.15245257892
35 0 36.3835179944 13.1114777999 6.21383000959 37.8885222001 7.40265199605
36 0 36.2220871964 12.5973694036 6.12840431434 38.4026305964 7.64950848929
37 0 36.067457722 12.103419468 6.03966224346 38.896580532 7.89288003456
38 0 35.9193194088 11.6288375971 5.94803768308 39.3711624029 8.13264290813
39 0 35.7773778997 11.172864353 5.85393216516 39.827135647 8.36868993509
40 0 35.6413538004 10.7347700692 5.7577168591 40.2652299308 8.60092934051
41 0 35.5109819053 10.3138537163 5.65973438373 40.6861462837 8.82928371096
42 0 35.3860101544 9.90944172111 5.56030112329 41.0905582789 9.05368872231
43 0 35.2661990735 9.52088694561 5.45970864603 41.4791130544 9.27409228045
44 0 35.1513209418 9.14756760937 5.358225624 41.8524323906 9.49045343419
45 0 35.041159061 8.78888627263 5.25609952481 42.2111137274 9.70274141421
46 0 34.9355074404 8.4442689953 5.15355737579 42.5557310047 9.91093518377
47 0 34.83417021 8.11316441871 5.05080712979 42.8868355813 10.1150226602
48 0 34.7369605426 7.79504267269 4.94804013232 43.2049573273 10.3149993251
49 0 34.6437003525 7.48939461163 4.84543183701 43.5106053884 10.5108678105
50 0 34.5542202237 7.19573116388 4.74314199623 43.8042688361 10.7026377801
51 0 34.4683588135 6.9135824927 4.64131602845 44.0864175073 10.8903251581
52 0 34.3859619476 6.64249702727 4.54008703254 44.3575029727 11.0739510199
53 0 34.3068826435 6.38204093119 4.43957577384 44.6179590688 11.2535415826
54 0 34.23098084 6.13179745764 4.33989130085 44.8682025424 11.4291278592
55 0 34.1581229456 5.89136623547 4.2411319549 45.1086337645 11.6007450995
56 0 34.0881811476 5.66036243455 4.14338693348 45.3396375655 11.7684319189
57 0 34.0210335384 5.43841638663 4.04673597975 45.5615836134 11.9322304819
58 0 33.9565637854 5.22517297661 3.95125011069 45.7748270234 12.0921861039
59 0 33.89466076 5.0202910145 3.85699245295 45.9797089855 12.2483467871
60 0 33.8352180808 4.82344256129 3.76401928956 46.1765574387 12.4007626296
61 0 33.7781342015 4.63431262121 3.67237978156 46.3656873788 12.5494860169
62 0 33.7233121081 4.45259859282 3.58211663923 46.5474014072 12.6945712527
63 0 33.6706589885 4.27800970326 3.49326684358 46.7219902967 12.8360741679
64 0 33.6200859841 4.11026651263 3.40586217428 46.8897334874 12.9740518416
65 0 33.571508188 3.94910060907 3.31992916519 47.0508993909 13.1085626469
66 0 33.5248444084 3.79425414337 3.23548959928 47.2057458566 13.2396659923
67 0 33.4800168638 3.64547930288 3.15256119182 47.3545206971 13.3674219443
68 0 33.4369510969 3.50253798375 3.0711577219 47.4974620163 13.4918911812
69 0 33.3955758806 3.36520146495 2.99128918439 47.634798535 13.613134935
70 0 33.3558230459 3.23325002084 2.91296214195 47.7667499792 13.7312148121
