Time S_a1 S_a2 I_a1 I_a2 R_a1 R_a2
0 50 50 1 0 0 0
1 12.9749068165 49.8453678656 37.4776709935 0.152996107742 0.547422189976 0.00163602668614
2 0.132093086715 49.3218443723 48.4589779355 0.660491551566 2.40892897778 0.0176640761166
3 0.00121217409653 48.7895937618 46.6856444219 1.15626292568 4.31314340397 0.0541433125027
4 1.33595972542e-05 48.2809168162 44.8562341455 1.60948778151 6.14375249493 0.109595402306
5 0 47.7948937552 43.0974123523 2.02273626532 7.90258764768 0.182369979467
6 0 47.3303722911 41.4075392315 2.39870840282 9.59246076854 0.270919306032
7 0 46.8862690442 39.7839272329 2.73992651855 11.2160727671 0.373804437214
8 0 46.4615631909 38.2239777976 3.04875412236 12.7760222024 0.48968268671
9 0 46.0552930911 36.7251940649 3.32740433782 14.2748059351 0.617302571077
10 0 45.6665529104 35.2851776806 3.57794815777 15.7148223194 0.755498931845
11 0 45.2944894973 33.9016260909 3.80232221065 17.0983739091 0.903188292027
12 0 44.9382963698 32.57232432 4.00234392988 18.42767568 1.0593597003
13 0 44.5972127231 31.2951452223 4.17971380259 19.7048547777 1.22307347429
14 0 44.2705196946 30.0680447478 4.33602492172 20.9319552522 1.3934553837
15 0 43.9575379624 28.8890590475 4.47276907083 22.1109409525 1.56969296682
16 0 43.6576266074 27.7563031038 4.59133964706 23.2436968962 1.75103374556
17 0 43.3701782933 26.6679643379 4.69304418994 24.3320356621 1.93677751674
18 0 43.0946161049 25.6222991489 4.77911228332 25.3777008511 2.12627161174
19 0 42.8303959016 24.6176347349 4.85068967616 26.3823652651 2.3189144222
20 0 42.5770018073 23.6523636987 4.90884980083 27.3476363013 2.51414839187
21 0 42.3339446147 22.7249414103 4.95459818589 28.2750585897 2.71145719939
22 0 42.1007604782 21.8338839111 4.98887593576 29.1661160889 2.91036358604
23 0 41.8770090367 20.9777652306 5.01256457359 30.0222347694 3.11042638973
24 0 41.6622725384 20.1552155181 5.02648853546 30.8447844819 3.31123892617
25 0 41.456153893 19.3649183356 5.03142020885 31.6350816644 3.51242589818
26 0 41.2582761697 18.6056092165 5.02808132205 32.3943907835 3.71364250822
27 0 41.068280765 17.8760729806 5.01714782156 33.1239270194 3.91457141339
28 0 40.8858270405 17.1751424476 4.99925101017 33.8248575524 4.11492194937
29 0 40.7105906144 16.501695875 4.97498200124 34.498304125 4.3144273844
30 0 40.5422625093 15.8546552232 4.94489405289 35.1453447768 4.51284343781
31 0 40.3805488235 15.2329850665 4.90950350036 35.7670149335 4.70994767618
32 0 40.2251698445 14.6356907501 4.86929218693 36.3643092499 4.90553796858
33 0 40.0758595036 14.0618169901 4.82470898554 36.9381830099 5.09943151088
34 0 39.9323633669 13.5104452129 4.77617511686 37.4895547871 5.29146151626
35 0 39.7944389583 12.9806929555 4.72408341452 38.0193070445 5.48147762718
36 0 39.6618554235 12.4717127043 4.6687992971 38.5282872957 5.6693452794
37 0 39.5343921873 11.9826899178 4.61066424372 39.0173100822 5.85494356903
38 0 39.4118386874 11.5128419556 4.54999659844 39.4871580444 6.03816471417
39 0 39.2939940734 11.0614170034 4.48709244807 39.9385829966 6.2189134785
40 0 39.1806664495 10.6276926695 4.4222275982 40.3723073305 6.39710595231
41 0 39.0716724652 10.2109748728 4.35565868719 40.7890251272 6.57266884759
42 0 38.9668370032 9.81059683137 4.28762405191 41.1894031686 6.74553894486
43 0 38.8659926396 9.4259178641 4.21834523068 41.5740821359 6.91566212975
44 0 38.7689792576 9.05632235936 4.14802802591 41.9436776406 7.08299271652
45 0 38.6756437962 8.70121890377 4.0768631513 42.2987810962 7.2474930525
46 0 38.5858398194 8.36003926072 4.00502736687 42.6399607393 7.40913281376
47 0 38.4994271583 8.03223744073 3.93268440227 42.9677625593 7.56788843946
48 0 38.4162717158 7.71728891346 3.8599855399 43.2827110865 7.72374274433
49 0 38.3362450916 7.4146896857 3.78707059386 43.5853103143 7.8766843145
50 0 38.2592242655 7.12395544542 3.7140687551 43.8760445546 8.02670697943
51 0 38.185091506 6.84462097709 3.6410987938 44.1553790229 8.17380970022
52 0 38.1137341035 6.57623939229 3.56826976329 44.4237606077 8.31799613324
53 0 38.0450440945 6.31838136143 3.49568172787 44.6816186386 8.45927417758
54 0 37.9789177305 6.07063405322 3.42342722395 44.9293659468 8.59765504556
55 0 37.9152557019 5.83260099087 3.35159055782 45.1673990091 8.73315374027
56 0 37.8539628638 5.60390132569 3.28024853286 45.3960986743 8.86578860336
57 0 37.794948037 5.38416921427 3.20947095538 45.6158307857 8.99558100761
58 0 37.7381235893 5.17305292348 3.1393217293 45.8269470765 9.12255468137
59 0 37.6834054888 4.97021455301 3.06985867284 46.029785447 9.24673583835
60 0 37.6307131865 4.77532955137 3.00113379396 46.2246704486 9.36815301957
61 0 37.5799694388 4.58808616727 2.93319372529 46.4119138327 9.48683683592
62 0 37.531100028 4.40818474897 2.86608045857 46.591815251 9.60281951348
63 0 37.4840336522 4.23533730612 2.79983159227 46.7646626939 9.71613475557
64 0 37.4387019395 4.06926726475 2.73448022576 46.9307327352 9.82681783478
65 0 37.3950392728 3.90970895132 2.67005539274 47.0902910487 9.93490533448
66 0 37.3529826296 3.75640709229 2.60658246405 47.2435929077 10.0404349064
67 0 37.3124713791 3.60911624621 2.54408368202 47.3908837538 10.1434449388
68 0 37.2734473501 3.46760071596 2.48257786998 47.532399284 10.24397478
69 0 37.2358546811 3.33163408863 2.42208080594 47.6683659114 10.342064513
70 0 37.1996397163 3.20099885865 2.36260545719 47.7990011414 10.4377548265
