Time S_a1 S_a2 I_a1 I_a2 R_a1 R_a2
0 50 50 1 0 0 0
1 48.9385738396 49.939307923 2.00358580302 0.0596308650686 0.0578403573601 0.00106121190809
2 46.9013879098 49.8192237491 3.92616883466 0.175267963724 0.172443255566 0.00550828715806
3 43.2263372322 49.5895442092 7.38129988883 0.394009198876 0.392362878936 0.0164465919454
4 37.2807106815 49.1756830829 12.928128324 0.784994799929 0.791160994472 0.0393221171432
5 29.1659280437 48.4966531606 20.3813712376 1.42081666124 1.45270071864 0.0825301781407
6 20.3122561878 47.5128109176 28.2601297715 2.33050991011 2.42761404077 0.15667917228
7 12.7025531409 46.2656578057 34.6049446026 3.46238139141 3.6925022565 0.271960802916
8 7.36121208582 44.8568646264 38.4763607291 4.70795264563 5.1624271851 0.435182727991
9 4.09651825123 43.3907152501 40.1621825853 5.96061104051 6.74129916348 0.648673709433
10 2.24933745728 41.9399912997 40.394564335 7.14885217022 8.3560982077 0.911156530116
11 1.23907190959 40.5446308318 39.7989943336 8.23614329309 9.9619337568 1.21922587508
12 0.691003227091 39.2225068178 38.7746205362 9.20897647424 11.5343762367 1.56851670793
13 0.391900235694 37.9792415963 37.5468639597 10.0663562256 13.0612358046 1.95440217811
14 0.22650425705 36.8143220766 36.2364481148 10.813325884 14.5370476281 2.37235203938
15 0.133499590116 35.7244089814 34.9065945972 11.4574938028 15.9599058126 2.81809721588
16 0.0802419960025 34.7050125789 33.58999911 12.0072940883 17.329758894 3.28769333283
17 0.049169757666 33.7513152177 32.3033219655 12.4711497782 18.6475082768 3.77753500412
18 0.0307009050854 32.8585609975 31.0547642745 12.857092275 19.9145348204 4.28434672757
19 0.0195211405162 32.0222309066 29.8480307465 13.1726054943 21.132448113 4.80516359908
20 0.0126312152416 31.2381120052 28.6844161318 13.424579836 22.3029526529 5.33730815885
21 0.00831123016766 30.502315133 27.5639125131 13.6193180413 23.4277762567 5.87836682573
22 0.0055601019552 29.8112679714 26.4858088324 13.7625650592 24.5086310657 6.42616696937
23 0.00377693734232 29.1616967784 25.4490309739 13.8595482972 25.5471920888 6.97875492439
24 0.0026049928104 28.5506039854 24.4523073476 13.9150193249 26.5450876595 7.53437668973
25 0.00182430339579 27.9752456075 23.4942826693 13.9332946546 27.5038930273 8.09145973791
26 0.00129506257154 27.4331077938 22.5735766649 13.9182962883 28.4251282725 8.64859591796
27 0.000931564337797 26.9218856919 21.6888098648 13.8735876252 29.3102585709 9.20452668288
28 0.000678843672588 26.4394641387 20.8386268035 13.802406535 30.1606943528 9.7581293263
29 0.000500739842323 25.9839000535 20.0217068292 13.7076953231 30.977792431 10.3084046234
30 0.0003738648198 25.5534069498 19.2367685867 13.5921271422 31.7628575485 10.854465908
31 0.000282352055876 25.1463396514 18.4825735905 13.4581321298 32.5171440575 11.3955282189
32 0.000215561191368 24.7611818766 17.7579268208 13.3079186949 33.241857618 11.9308994285
33 0.000166323334021 24.3965342826 17.0616766837 13.143494138 33.938156993 12.4599715795
34 0.000129647255704 24.0511038908 16.3927145692 12.9666829911 34.6071557835 12.9822131181
35 0.000102116874245 23.7236946594 15.7499737246 12.7791434057 35.2499241586 13.4971619349
36 8.13546771994e-05 23.4132022588 15.132428851 12.5823763036 35.8674897943 14.0044214376
37 6.56422336363e-05 23.1186006821 14.5390936152 12.3777491039 36.4608407426 14.503650214
38 5.2923229191e-05 22.8389334406 13.9690201488 12.1665108216 37.030926928 14.9945557378
39 4.28918578308e-05 22.5733191529 13.4212969899 11.9497824505 37.5786601182 15.4768983967
40 3.50246911864e-05 22.3209351856 12.8950481881 11.7285857389 38.1049167872 15.9504790755
41 2.89299945351e-05 22.0810172035 12.3894321434 11.5038445695 38.6105389266 16.415138227
42 2.4203448163e-05 21.8528523722 11.9036401935 11.2763967376 39.0963356031 16.8707508902
43 2.04092859519e-05 21.6357766326 11.436895513 11.0469990608 39.5630840777 17.3172243066
44 1.72097635058e-05 21.4291698975 10.9884515956 10.8163358586 40.0115311947 17.7544942438
45 1.45947175696e-05 21.2324531984 10.5575908472 10.5850240586 40.4423945581 18.182522743
46 1.2504534368e-05 21.0450851425 10.1436238568 10.3536197145 40.8563636386 18.601295143
47 1.07961566655e-05 20.8665592923 9.74588835965 10.1226227867 41.2541008442 19.010817921
48 9.38147292828e-06 20.6964014474 9.36374801077 9.89248199619 41.6362426078 19.4111165564
49 8.18098808963e-06 20.5341670723 8.99659138737 9.66359951188 42.0034004316 19.8022334158
50 7.15661715844e-06 20.3794394269 8.64383102424 9.43633434354 42.3561618191 20.1842262295
51 6.30366335486e-06 20.2318271539 8.30490240787 9.2110067163 42.6950912885 20.5571661298
52 5.58849394849e-06 20.0909628793 7.97926324556 8.98790061372 43.0207311659 20.9211365069
53 4.97447369696e-06 19.9565010644 7.66639246719 8.76726766845 43.3336025583 21.2762312671
54 4.44657116816e-06 19.8281168927 7.3657894545 8.54932916304 43.6342060989 21.6225539443
55 3.99084858316e-06 19.7055044359 7.07697317433 8.33427935108 43.9230228348 21.960216213
56 3.59701115116e-06 19.5883756972 6.79948148878 8.12228716263 44.2005149142 22.2893371401
57 3.25674789536e-06 19.4764592346 6.53287038247 7.91349868105 44.4671263608 22.6100420844
58 2.96137170608e-06 19.3694991343 6.27671327427 7.70803897408 44.7232837644 22.9224618916
59 2.70306395578e-06 19.2672534182 6.03060016613 7.50601497441 44.9693971308 23.2267316074
60 2.4754992296e-06 19.169493564 5.79413713451 7.30751626002 45.20586039 23.522990176
61 2.27576236256e-06 19.0760041017 5.56694584326 7.1126156873 45.433051881 23.811380211
62 2.09869476464e-06 18.986581625 5.34866283258 6.92137118233 45.6513350687 24.0920471927
63 1.9397965616e-06 18.9010337691 5.13893889785 6.73382754899 45.8610591624 24.3651386819
64 1.79790683319e-06 18.8191775283 4.93743830517 6.55001953296 46.0625598969 24.6308029388
65 1.67139463514e-06 18.7408403795 4.74383865116 6.36996961521 46.2561596775 24.8891900053
66 1.55899792986e-06 18.665858984 4.55783019166 6.19369032366 46.4421682493 25.1404506923
67 1.45859414147e-06 18.5940779686 4.3791152091 6.02118634496 46.6208833323 25.3847356865
68 1.36838965403e-06 18.5253503316 4.20740772599 5.85245372863 46.7925909056 25.6221959398
69 1.2866376764e-06 18.4595366734 4.04243298897 5.68748117977 46.9575657244 25.8529821469
70 1.21248742602e-06 18.3965045087 3.88392698394 5.52625119326 47.1160718036 26.077244298
