Time S_a1 S_a2 I_a1 I_a2 R_a1 R_a2
0 50 50 1 0 0 0
1 44.2068179581 49.8916079792 6.67139300936 0.106885542032 0.12178903257 0.00150647873543
2 23.6617318432 49.3449122766 26.598347148 0.640931738118 0.739921008774 0.014155985244
3 5.4070978803 48.0768182258 43.393128838 1.86068473458 2.1997732817 0.0624970396399
4 0.861787375953 46.5432377092 46.1222950254 3.29116148228 4.01591759863 0.165600808495
5 0.135844657464 45.0481148735 45.0212288133 4.62745271924 5.84292652928 0.324432407308
6 0.0227228208819 43.645194507 43.3661699838 5.82092839925 7.61110719529 0.533877093796
7 0.00406365809653 42.335359648 41.6839470411 6.87637586633 9.31198930082 0.788264485657
8 0.000781026725647 41.1122588283 40.0526965341 7.80543862064 10.9465224392 1.08230255104
9 0.000157672473058 39.9690841257 38.482815947 8.61974498419 12.5170263805 1.41117089011
10 3.3796618979e-05 38.8995086394 36.9740042753 9.32999447003 14.0259619281 1.77049689058
11 5.09137237259e-06 37.8977738005 35.524261506 9.94590994438 15.4757334027 2.15631625517
12 1.15809299928e-06 36.9586480997 34.1313395571 10.4763183325 16.8686592848 2.56503356774
13 6.94514312727e-08 36.0773767454 32.7930313783 10.929234292 18.2069685522 2.99338896251
14 0 35.2496402543 31.5071980744 11.3119268059 19.4928019256 3.43843293986
15 0 34.4715027107 30.271783054 11.6310044809 20.728216946 3.89749280842
16 0 33.7393682378 29.0848094197 11.892487017 21.9151905803 4.3681447452
17 0 33.0499527711 27.9443776286 12.101851288 23.0556223714 4.84819594099
18 0 32.4002514905 26.8486626502 12.2640858875 24.1513373498 5.33566262195
19 0 31.7875178388 25.7959117255 12.3837264321 25.2040882745 5.8287557291
20 0 31.2092219676 24.7844397447 12.464925724 26.2155602553 6.32585230848
21 0 30.6630429658 23.8126280131 12.5114668386 27.1873719869 6.82549019567
22 0 30.1468493158 22.8789215306 12.5267965284 28.1210784694 7.32635415584
23 0 29.6586780369 21.9818262135 12.5140617748 29.0181737865 7.82726018822
24 0 29.1967183313 21.1199065004 12.4761378241 29.8800934996 8.32714384464
25 0 28.7592995543 20.2917831418 12.4156495661 30.7082168582 8.82505087957
26 0 28.3448779146 19.4961309698 12.33499466 31.5038690302 9.32012742543
27 0 27.9520251287 18.7316767619 12.2363636318 32.2683232381 9.81161123947
28 0 27.5794193976 17.9971972768 12.1217562943 33.0028027232 10.2988243081
29 0 27.22583344 17.2915170902 11.9930027618 33.7084829098 10.7811637982
30 0 26.8901289375 16.6135069345 11.8517737461 34.3864930655 11.2580973165
31 0 26.571250929 15.9620819563 11.6995910592 35.0379180437 11.7291580118
32 0 26.2682170008 15.33619975 11.5378467871 35.66380025 12.1939362121
33 0 25.9801119077 14.7348587301 11.367813319 36.2651412699 12.6520747733
34 0 25.7060843578 14.1570966562 11.1906495989 36.8429033438 13.1032660433
35 0 25.4453392322 13.6019889512 11.0074148985 37.3980110488 13.5472458692
36 0 25.1971353598 13.0686473352 10.8190735005 37.9313526648 13.9837911397
37 0 24.9607798785 12.5562183373 10.6265048208 38.4437816627 14.4127153007
38 0 24.735625409 12.0638819724 10.4305088802 38.9361180276 14.8338657108
39 0 24.5210659291 11.5908503916 10.2318140611 39.4091496084 15.2471200097
40 0 24.3165340814 11.1363666453 10.0310822413 39.8636333547 15.6523836773
41 0 24.1214980666 10.6997034609 9.8289145076 40.3002965391 16.0495874258
42 0 23.9354590701 10.2801620834 9.62585602649 40.7198379166 16.4386849034
43 0 23.7579488158 9.87707115032 9.4224007315 41.1229288497 16.8196504527
44 0 23.5885272404 9.48978561014 9.2189956885 41.5102143899 17.1924770711
45 0 23.4267812818 9.11768574914 9.01604348604 41.8823142509 17.5571752321
46 0 23.2723226217 8.76017616974 8.81390647844 42.2398238303 17.9137708999
47 0 23.1247844623 8.41668472187 8.6129127462 42.5833152781 18.2623027915
48 0 22.9838220769 8.08666175303 8.41335528618 42.913338247 18.6028226369
49 0 22.8491109837 7.76957920123 8.21549543457 43.2304207988 18.9353935817
50 0 22.7203442604 7.46492962696 8.01956773599 43.535070373 19.2600880036
51 0 22.5972325189 7.1722255144 7.82578016034 43.8277744856 19.5769873208
52 0 22.4795029608 6.8909985126 7.63431589417 44.1090014874 19.8861811451
53 0 22.3668974273 6.62079858711 7.44533691824 44.3792014129 20.1877656544
54 0 22.2591716994 6.36119333241 7.25898532714 44.6388066676 20.4818429734
55 0 22.1560951807 6.11176734952 7.0753839436 44.8882326505 20.7685208757
56 0 22.0574495993 5.87212152099 6.89463872783 45.127878479 21.0479116729
57 0 21.963027887 5.64187232256 6.71684086877 45.3581276774 21.3201312442
58 0 21.872634212 5.42065131894 6.54206667876 45.5793486811 21.5852991092
59 0 21.786083061 5.20810453734 6.37037928199 45.7918954627 21.843537657
60 0 21.703198161 5.0038918233 6.20183056442 45.9961081767 22.0949712746
61 0 21.623812469 4.80768639404 6.03646117269 46.192313606 22.3397263583
62 0 21.547767577 4.61917430709 5.87430156705 46.3808256929 22.5779308559
63 0 21.4749128513 4.43805388334 5.71537360496 46.5619461167 22.8097135437
64 0 21.4051052346 4.26403528107 5.55969083032 46.7359647189 23.0352039351
65 0 21.338208911 4.09684005431 5.40725902973 46.9031599457 23.2545320593
66 0 21.2740946229 3.93620064036 5.258077466 47.0637993596 23.4678279111
67 0 21.2126393683 3.78185995096 5.11213936709 47.218140049 23.6752212646
68 0 21.153726311 3.63357102759 4.96943199986 47.3664289724 23.8768416892
69 0 21.0972444112 3.49109663859 4.82993728587 47.5089033614 24.072818303
70 0 21.0430876619 3.35420877303 4.69363321137 47.645791227 24.2632791268
