Time S_a1 S_a2 I_a1 I_a2 R_a1 R_a2
0 50 50 1 0 0 0
1 33.8169247725 49.7971641026 16.9387583329 0.200470583156 0.244316894627 0.00236531425684
2 3.81263338443 48.6793465029 45.5794985411 1.29148850651 1.60786807443 0.0291649906018
3 0.185113301819 47.1691136273 47.3173157561 2.72126628518 3.4975709421 0.109620087502
4 0.00941318829275 45.7250509261 45.6326938616 4.02981715558 5.35789295013 0.245131918303
5 0.000536533355174 44.3747689867 43.8520373447 5.19514009838 7.14742612195 0.430090914884
6 3.29099621084e-05 43.1122823 42.1330640402 6.22873053043 8.86690304988 0.658987169552
7 2.03244637476e-06 41.9307344254 40.4810330387 7.14247344117 10.5189649288 0.926792133417
8 0 40.8238351731 38.8937510525 7.94723251438 12.1062489475 1.2289323125
9 0 39.7858687105 37.3687052712 8.65288185872 13.6312947288 1.56124943081
10 0 38.8116348814 35.9034573452 9.26840405464 15.0965426548 1.91996106399
11 0 37.8963988525 34.495662606 9.80197261429 16.504337394 2.30162853319
12 0 37.0358419564 33.1430682868 10.261033123 17.8569317132 2.70312492058
13 0 36.2260202828 31.843509949 10.6523719917 19.156490051 3.12160772547
14 0 35.4633271608 30.5949079911 10.9821792601 20.4050920089 3.55449357906
15 0 34.7444603267 29.3952643479 11.2561039319 21.6047356521 3.9994357414
16 0 34.066397035 28.2426597795 11.479296385 22.7573402205 4.45430658
17 0 33.426353359 27.1352493575 11.6564778097 23.8647506425 4.91716883124
18 0 32.8217765686 26.0712610525 11.7919534636 24.9287389475 5.38626996777
19 0 32.2503174771 25.0489923065 11.8896604431 25.9510076935 5.8600220798
20 0 31.7098119757 24.0668072885 11.9532003855 26.9331927115 6.33698763874
21 0 31.1982642923 23.1231343032 11.9858687523 27.8768656968 6.81586695543
22 0 30.7138313887 22.2164632583 11.9906824183 28.7835367417 7.29548619305
23 0 30.2548101542 21.3453432975 11.9704025028 29.6546567025 7.77478734301
24 0 29.8196252118 20.5083804861 11.9275564252 30.4916195139 8.25281836303
25 0 29.4068154993 19.7042354117 11.8644617833 31.2957645883 8.72872271734
26 0 29.0150267474 18.9316212323 11.7832402883 32.0683787677 9.20173296428
27 0 28.643004455 18.1893017006 11.6858309557 32.8106982994 9.67116458923
28 0 28.2895817998 17.476088963 11.5740117873 33.523911037 10.1364064129
29 0 27.9536728483 16.7908416925 11.4494124936 34.2091583075 10.5969146581
30 0 27.6342679857 16.1324633772 11.3135233056 34.8675366228 11.0522087087
31 0 27.3304253776 15.4999004396 11.1677103536 35.5000995604 11.5018642689
32 0 27.04126758 14.8921406533 11.0132225583 36.1078593467 11.9455098617
33 0 26.7659751279 14.3082114633 10.851203312 36.6917885367 12.3828215602
34 0 26.5037829407 13.7471784698 10.6826975219 37.2528215302 12.8135195374
35 0 26.2539753696 13.208143892 10.5086610161 37.791856108 13.2373636144
36 0 26.0158830437 12.6902451645 10.3299666452 38.3097548355 13.6541503112
37 0 25.7888789194 12.192653534 10.1474116348 38.807346466 14.0637094458
38 0 25.5723754482 11.7145727508 9.96172314885 39.2854272492 14.465901403
39 0 25.3658212432 11.2552377653 9.77356464965 39.7447622347 14.8606141071
40 0 25.1686989139 10.8139135371 9.58354014209 40.1860864629 15.247760944
41 0 24.9805231957 10.3898938973 9.39219788313 40.6101061027 15.6272789211
42 0 24.8008373382 9.98250032111 9.20003716707 41.0174996789 15.9991254948
43 0 24.6292111655 9.59108085195 9.00751211286 41.4089191481 16.3632767216
44 0 24.4652406553 9.21500916521 8.81503272639 41.7849908348 16.7197266183
45 0 24.3085451614 8.85368348508 8.62297009844 42.1463165149 17.0684847401
46 0 24.1587651272 8.50652556464 8.43166069621 42.4934744354 17.4095741766
47 0 24.01556218 8.17297989685 8.24140648064 42.8270201031 17.7430313393
48 0 23.8786171407 7.8525127695 8.05247864416 43.1474872305 18.0689042151
49 0 23.7476278835 7.54461132003 7.8651216247 43.45538868 18.3872504918
50 0 23.6223094415 7.24878284983 7.67955305869 43.7512171502 18.6981374998
51 0 23.5023926409 6.9645540056 7.49596637542 44.0354459944 19.0016409837
52 0 23.3876223492 6.69146992375 7.31453414561 44.3085300762 19.2978435052
53 0 23.2777573644 6.42909361011 7.13540831437 44.5709063899 19.5868343212
54 0 23.1725695302 6.17700523811 6.95872189312 44.8229947619 19.8687085767
55 0 23.071842365 5.93480138925 6.78459151818 45.0651986107 20.1435661168
56 0 22.9753707604 5.70209447607 6.613118043 45.2979055239 20.4115111966
57 0 22.8829604278 5.47851214443 6.44438757482 45.5214878556 20.6726519974
58 0 22.7944268644 5.26369660524 6.27847342699 45.7363033948 20.9270997086
59 0 22.709594911 5.05730409093 6.11543692598 45.9426959091 21.1749681631
60 0 22.6282984212 4.85900434901 5.95532799406 46.140995651 21.4163735848
61 0 22.5503794418 4.66848004799 5.79818668321 46.331519952 21.651433875
62 0 22.4756877478 4.48542627341 5.64404401304 46.5145737266 21.8802682391
63 0 22.4040807469 4.30955012036 5.49292208333 46.6904498796 22.1029971698
64 0 22.3354230088 4.14057021484 5.34483491629 46.8594297852 22.3197420749
65 0 22.2695853242 3.97821612518 5.19979024455 47.0217838748 22.5306244312
66 0 22.2064446404 3.82222800645 5.05778954356 47.1777719936 22.735765816
67 0 22.145884012 3.67235626053 4.91882803304 47.3276437395 22.935287955
68 0 22.0877921486 3.52836110508 4.78289548186 47.4716388949 23.1293123696
69 0 22.0320627495 3.39001207653 4.64997743234 47.6099879235 23.3179598182
70 0 21.9785945571 3.2570877666 4.52005499593 47.7429122334 23.5013504469
