Time S_a1 S_a2 I_a1 I_a2 R_a1 R_a2
0 50 50 1 0 0 0
1 45.8578204215 49.9466317759 5.04110723836 0.0525850089707 0.101072340185 0.000783215085706
2 31.5486012439 49.716408846 18.9132376972 0.277156871374 0.538161058979 0.00643428266263
3 11.7850505753 49.1151722889 37.526175659 0.856936289401 1.6887737657 0.0278914217407
4 2.78573669998 48.2471280305 44.8405514681 1.67468206525 3.37371183194 0.0781899042336
5 0.59022112913 47.3295624845 45.2238753694 2.50843958731 5.18590350148 0.161997928213
6 0.127959486608 46.4418099947 43.9014960362 3.28017603067 6.97054447721 0.278013974605
7 0.0292065937142 45.5989582899 42.2764263833 3.97762502057 8.69436702296 0.423416689518
8 0.00704372467133 44.8015205294 40.6403674001 4.60321442045 10.3525888753 0.595265050138
9 0.00179914919222 44.0472503095 39.051953347 5.16196692949 11.9462475038 0.790782761035
10 0.000482261366727 43.3335134771 37.5219898517 5.65908534574 13.477527887 1.00740117713
11 0.000134707530307 42.6577555852 36.0510712181 6.09948996918 14.9487940744 1.24275444564
12 3.97896205868e-05 42.0175889375 34.6375817206 6.48774429656 16.3623784898 1.49466676594
13 9.73274937621e-06 41.4107981881 33.2794530168 6.82806431006 17.7205372504 1.76113750185
14 2.57358878741e-06 40.8353301084 31.9745549629 7.1243419688 19.0254424636 2.04032792283
15 1.13945210956e-06 40.2892792252 30.7208158953 7.38017400639 20.2791829653 2.33054676839
16 0 39.7708809672 29.5162359157 7.59887458215 21.4837640843 2.63024445062
17 0 39.2784976431 28.3588874629 7.78350231916 22.6411125371 2.93800003773
18 0 38.8106041512 27.2469194254 7.93688863203 23.7530805746 3.25250721675
19 0 38.3657816472 26.1785523512 8.06164939881 24.8214476488 3.57256895404
20 0 37.9427088869 25.1520765086 8.16020197456 25.8479234914 3.89708913852
21 0 37.5401535462 24.165848974 8.23478245002 26.834151026 4.2250640038
22 0 37.1569682966 23.2182923401 8.2874533972 27.7817076599 4.55557830623
23 0 36.7920815144 22.307890676 8.3201227014 28.692109324 4.88779578416
24 1.75191559038e-08 36.4444864475 21.433186081 8.33456496557 29.5668139015 5.22094858691
25 0 36.1132454327 20.5927789885 8.33241335157 30.4072210115 5.5543412157
26 0 35.7974803761 19.7853246252 8.31517859809 31.2146753748 5.88734102585
27 0 35.4963685525 19.0095309786 8.28425810691 31.9904690214 6.2193733406
28 4.21682244678e-09 35.2091380361 18.2641566284 8.24094518791 32.7358433674 6.54991677604
29 0 34.935064874 17.5480088772 8.18643505839 33.4519911228 6.87850006757
30 0 34.6734687649 16.8599416427 8.12183378758 34.1400583573 7.20469744752
31 0 34.4237107897 16.1988539221 8.0481630541 34.8011460779 7.52812615616
32 0 34.1851897596 15.563687803 7.96636778311 35.436312197 7.84844245732
33 0 33.9573404013 14.9534269813 7.87732022199 36.0465730187 8.16533937666
34 0 33.7396298764 14.3670948518 7.78182715533 36.6329051482 8.47854296822
35 5.25105292581e-10 33.5315556063 13.8037529676 7.68063455989 37.1962470319 8.78780983385
36 1.40514586633e-08 33.3326442987 13.2624998769 7.57442980302 37.7375001091 9.09292589831
37 1.93952374161e-08 33.1424501724 12.7424696542 7.46384556292 38.2575303264 9.39370426469
38 6.84138967699e-09 32.9605521257 12.242830254 7.34946578409 38.7571697392 9.68998209018
39 9.53285450578e-10 32.7865511841 11.7627819422 7.23183108401 39.2372180568 9.98161773189
40 8.02444333203e-10 32.6200714597 11.3015566369 7.11143710154 39.6984433623 10.2684914387
41 7.53357909389e-09 32.4607569579 10.8584162568 6.98874103402 40.1415837357 10.5505020081
42 1.57982498195e-08 32.308270742 10.4326516448 6.86416356981 40.5673483394 10.8275656882
43 9.38220523494e-09 32.1622941553 10.0235815272 6.73809068724 40.9764184634 11.0996151575
44 0 32.0225251241 9.63055127429 6.61087718981 41.3694487257 11.3665976861
45 0 31.8886775116 9.25293194976 6.48284818905 41.7470680502 11.6284742993
46 0 31.7604800936 8.890119295 6.35430135524 42.109880705 11.8852185511
47 0 31.6376754392 8.54153271484 6.22550941596 42.4584672852 12.1368151449
48 0 31.5200193946 8.2066144132 6.09672125838 42.7933855868 12.383259347
49 0 31.4072801207 7.88482845315 5.96816396679 43.1151715468 12.6245559125
50 0 31.2992373609 7.57565989498 5.84004439168 43.424340105 12.8607182474
51 0 31.1956819222 7.27861401512 5.7125503427 43.7213859849 13.0917677351
52 0 31.0964147713 6.99321543894 5.58585251763 44.0067845611 13.317732711
53 0 31.0012467145 6.71900745366 5.46010518395 44.2809925463 13.5386481015
54 0 30.9099979498 6.45555130728 5.33544713512 44.5444486927 13.754554915
55 0 30.8224975137 6.20242549554 5.21200287674 44.7975745045 13.9654996096
56 0 30.7385821022 5.95922487236 5.0898851875 45.0407751276 14.1715327103
57 0 30.6580963854 5.72556024093 4.9691943935 45.2744397591 14.3727092211
58 0 30.5808925763 5.50105773217 4.85001928154 45.4989422678 14.5690881422
59 0 30.5068299123 5.28535816449 4.73243818909 45.7146418355 14.7607318986
60 0 30.4357738006 5.07811627737 4.61652078889 45.9218837226 14.9477054105
61 0 30.3675960957 4.87900042752 4.50232748574 46.1209995725 15.1300764186
62 0 30.3021746923 4.68769202847 4.38991024713 46.3123079715 15.3079150605
63 0 30.2393931078 4.50388499349 4.27931346343 46.4961150065 15.4812934287
64 0 30.1791398829 4.32728510771 4.17057521151 46.6727148923 15.6502849056
65 0 30.1213087873 4.15760977344 4.06372673697 46.8423902266 15.8149644757
66 0 30.0657984659 3.9945875173 3.95879317049 47.0054124827 15.9754083636
67 0 30.0125120937 3.83795749954 3.85579424109 47.1620425005 16.1316936652
68 0 29.9613569856 3.68746900588 3.75474510073 47.3125309941 16.2838979137
69 0 29.9122447069 3.54288122854 3.65565596844 47.4571187715 16.4320993247
70 0 29.8650907896 3.40396283717 3.55853270604 47.5960371628 16.5763765044
