Time S_a1 S_a2 I_a1 I_a2 R_a1 R_a2
0 50 50 1 0 0 0
1 17.7190924916 49.7013420247 32.8187945402 0.295480336199 0.462112968285 0.00317763910343
2 0.314128246938 48.5561287561 48.4275119209 1.40754064927 2.25835983211 0.0363305946014
3 0.00432812077315 47.3659101198 46.8289020476 2.51885484896 4.16676983162 0.115235031261
4 6.95058889875e-05 46.245789524 44.9968430669 3.51787725802 6.00308742719 0.236333217937
5 1.23874727365e-06 45.192300819 43.2325578285 4.41242664523 7.76744093278 0.395272535784
6 0 44.2006856378 41.5373865558 5.21126192059 9.46261344418 0.588052441591
7 0 43.2665660778 39.908682643 5.92242724311 11.091317357 0.811006679044
8 0 42.3859301761 38.3438406824 6.55329345846 12.6561593176 1.06077636539
9 0 41.5551014443 36.8403568859 7.11061062708 14.1596431141 1.33428792859
10 0 40.7707032939 35.3958257929 7.60057068394 15.6041742071 1.62872602212
11 0 40.0296290669 34.0079355805 8.0288599473 16.9920644195 1.94151098579
12 0 39.3290188839 32.6744651581 8.40069997482 18.3255348419 2.2702811413
13 0 38.6662397711 31.3932809762 8.72088310351 19.6067190238 2.61287712539
14 0 38.0388634369 30.1623331953 8.99381267583 20.8376668047 2.96732388726
15 0 37.4446391865 28.9796512694 9.2235516651 22.0203487306 3.33180914844
16 0 36.8814934929 27.8433429451 9.41382392413 23.1566570549 3.70468258297
17 0 36.347504884 26.7515898877 9.56805998806 24.2484101123 4.08443512789
18 0 35.8408932395 25.7026450724 9.68941735822 25.2973549276 4.46968940227
19 0 35.3600077531 24.694829985 9.78080288454 26.305170015 4.85918936235
20 0 34.9033153102 23.7265318786 9.844894524 27.2734681214 5.25179016584
21 0 34.4693916107 22.796201287 9.88415817798 28.203798713 5.64645021131
22 0 34.0569120357 21.9023495289 9.90086522055 29.0976504711 6.04222274375
23 0 33.6646424043 21.0435461902 9.89711006083 29.9564538098 6.43824753492
24 0 33.2914319927 20.2184168946 9.87482362793 30.7815831054 6.83374437938
25 0 32.9362090855 19.4256413301 9.83578240138 31.5743586699 7.2280085131
26 0 32.5979742637 18.6639510278 9.78162151637 32.3360489722 7.62040421992
27 0 32.2757908551 17.9321270056 9.7138528114 33.0678729944 8.01035633346
28 0 31.9687850114 17.2289982473 9.63386578033 33.7710017527 8.39734920822
29 0 31.6761378052 16.5534395656 9.5429424017 34.4465604344 8.78091979309
30 0 31.3970825987 15.9043699194 9.44226286545 35.0956300806 9.16065453582
31 0 31.1309007376 15.2807506561 9.33291407043 35.7192493439 9.53618519195
32 0 30.8769180419 14.681583851 9.21589666956 36.318416149 9.90718528858
33 0 30.6345017598 14.1059107186 9.09213135563 36.8940892814 10.2733668846
34 0 30.403057248 13.5528100486 8.9624656265 37.4471899514 10.6344771255
35 0 30.1820257131 13.0213967697 8.8276784468 37.9786032303 10.9902958401
36 0 29.9708812403 12.5108204986 8.6884861272 38.4891795014 11.3406326325
37 0 29.7691288977 12.0202642105 8.54554640694 38.9797357895 11.6853246954
38 0 29.576302134 11.5489428824 8.39946370376 39.4510571176 12.0242341623
39 0 29.3919613999 11.0961022981 8.25079206618 39.9038977019 12.3572465339
40 0 29.2156926441 10.6610178738 8.10003834545 40.3389821262 12.6842690104
41 0 29.0471045434 10.2429933727 7.94766773518 40.7570066273 13.0052277214
42 0 28.8858271909 9.84135981721 7.79410654361 41.1586401828 13.3200662655
43 0 28.7315117286 9.45547454134 7.63974316517 41.5445254587 13.6287451062
44 0 28.5838283687 9.08472008071 7.48493204939 41.9152799193 13.9312395819
45 0 28.4424644175 8.72850308351 7.32999761877 42.2714969165 14.2275379637
46 0 28.3071244752 8.3862535416 7.17523415777 42.6137464584 14.5176413671
47 0 28.1775290415 8.05742383229 7.02090861765 42.9425761677 14.8015623408
48 0 28.0534127154 7.74148770725 6.86726420912 43.2585122927 15.0793230755
49 0 27.9345241679 7.43793959535 6.71452058587 43.5620604047 15.3509552462
50 0 27.8206253189 7.14629379885 6.56287553945 43.8537062011 15.6164991417
51 0 27.7114899873 6.86608360351 6.41250774745 44.1339163965 15.8760022652
52 0 27.6069034352 6.59686058662 6.26357772445 44.4031394134 16.1295188404
53 0 27.5066619867 6.33819396118 6.11622861231 44.6618060388 16.377109401
54 0 27.4105720994 6.08966981987 5.97058805092 44.9103301801 16.6188398497
55 0 27.3184495925 5.85089043 5.82676972168 45.14910957 16.8547806858
56 0 27.2301195635 5.62147370836 5.68487354232 45.3785262916 17.0850068942
57 0 27.1454157116 5.40105257005 5.54498701402 45.59894743 17.3095972744
58 0 27.0641795613 5.18927425633 5.40718679461 45.8107257437 17.5286336441
59 0 26.9862603892 4.98579987783 5.27153880437 46.0142001222 17.7422008065
60 0 26.9115147604 4.79030386072 5.13809913936 46.2096961393 17.9503861002
61 0 26.8398058441 4.60247332885 5.00691544518 46.3975266711 18.1532787107
62 0 26.7710033162 4.42200769429 4.87802706005 46.5779923057 18.3509696237
63 0 26.7049831041 4.24861820775 4.75146548512 46.7513817923 18.5435514107
64 0 26.6416270307 4.08202748625 4.62725506485 46.9179725138 18.7311179044
65 0 26.5808220131 3.92196888431 4.50541462329 47.0780311157 18.9137633636
66 0 26.5224602446 3.76818624277 4.38595699113 47.2318137572 19.0915827642
67 0 26.4664389743 3.62043349904 4.26888939471 47.379566501 19.264671631
68 0 26.4126601831 3.4784742671 4.15421406495 47.5215257329 19.4331257519
69 0 26.361030053 3.34208132702 4.0419292846 47.657918673 19.5970406624
70 0 26.3114590527 3.21103640244 3.93202912005 47.7889635976 19.7565118272
