Time S_a1 S_a2 I_a1 I_a2 R_a1 R_a2
0 50 50 1 0 0 0
1 36.5220547033 49.9495889496 14.2654704739 0.0498052649642 0.212474822819 0.000605785395606
2 5.94387941236 49.6590483333 43.6155845917 0.333611305382 1.44053599595 0.00734036128905
3 0.378074112396 49.2208346084 47.3180185928 0.750182558557 3.30390729481 0.0289828330428
4 0.0239718582037 48.7852127256 45.8068899154 1.14773482983 5.16913822637 0.0670524445466
5 0.00168408250582 48.3683877582 44.0324476036 1.51126724642 6.96586831392 0.120344995342
6 0.000129114379618 47.9703859901 42.307423127 1.84209631683 8.69244775857 0.187517693085
7 1.06325013292e-05 47.590305489 40.6486406651 2.14238884809 10.3513487024 0.267305662954
8 9.76421340226e-07 47.2272397228 39.0547941128 2.41423068831 11.9452049108 0.358529588921
9 0 46.8803317764 37.5234351789 2.65957709909 13.4765648211 0.460091124547
10 0 46.5487740266 36.0521200809 2.88025922354 14.9478799191 0.570966749875
11 0 46.231806449 34.6384958527 3.07798843482 16.3615041473 0.690205116165
12 0 45.9287124161 33.2803008168 3.2543669178 17.7196991832 0.816920666048
13 0 45.6388157135 31.9753614611 3.41089478152 19.0246385389 0.950289504969
14 0 45.3614782082 30.7215895138 3.54897579553 20.2784104862 1.08954599627
15 0 45.096097282 29.5169786456 3.6699238894 21.4830213544 1.23397882857
16 0 44.8421035448 28.3596012614 3.77496887783 22.6403987386 1.38292757732
17 0 44.5989586531 27.2476053103 3.86526194795 23.7523946897 1.535779399
18 0 44.3661533484 26.1792113526 3.9418806558 24.8207886474 1.69196599576
19 0 44.1432056398 25.1527097256 4.00583357803 25.8472902744 1.85096078218
20 0 43.9296590687 24.1664577436 4.05806477561 26.8335422564 2.01227615573
21 0 43.7250809633 23.2188767582 4.09945831079 27.7811232418 2.17546072592
22 0 43.5290619161 22.3084513243 4.13083959148 28.6915486757 2.34009849237
23 0 43.3412136491 21.4337252562 4.15298103184 29.5662747438 2.50580531904
24 0 43.1611666566 20.5932976915 4.16660815852 30.4067023085 2.67222518488
25 0 42.9885703857 19.7858230703 4.17239913321 31.2141769297 2.83903048105
26 0 42.8230928558 19.010010034 4.17098579936 31.989989966 3.00592134485
27 0 42.664418015 18.2646169256 4.16296061237 32.7353830744 3.1726213726
28 0 42.5122458096 17.5484511712 4.14887665281 33.4515488288 3.33887753763
29 0 42.366290648 16.8603666196 4.12925156581 34.1396333804 3.50445778616
30 0 42.2262810991 16.1992623193 4.10456849084 34.8007376807 3.66915041006
31 0 42.0919586646 15.5640802213 4.07527929244 35.4359197787 3.83276204299
32 0 41.9630774424 14.9538040035 4.04180546423 36.0461959965 3.9951170934
33 0 41.8394031422 14.3674570349 4.00454077736 36.6325429651 4.15605608042
34 0 41.7207127516 13.8041012213 3.96385224476 37.1958987787 4.3154350036
35 0 41.6067936312 13.2628350766 3.92008251899 37.7371649234 4.47312384983
36 0 41.497442846 12.7427921153 3.87355169159 38.2572078847 4.62900546243
37 0 41.3924669419 12.2431399422 3.82455791004 38.7568600578 4.78297514809
38 0 41.2916816022 11.7630791309 3.77337831086 39.2369208691 4.93494008694
39 0 41.1949111167 11.3018417502 3.72027046547 39.6981582498 5.08481841787
40 0 41.1019879069 10.8586901323 3.66547366196 40.1413098677 5.23253843116
41 0 41.0127512864 10.4329146594 3.60921223673 40.5670853406 5.3780364769
42 0 40.9270482096 10.0238340303 3.5516935902 40.9761659697 5.52125820021
43 0 40.8447326618 9.63079386093 3.49310982869 41.3692061391 5.66215750949
44 0 40.7656648233 9.25316506387 3.43363993661 41.7468349361 5.80069524013
45 0 40.6897111175 8.89034327073 3.37344969567 42.1096567293 5.93683918686
46 0 40.6167439626 8.54174792955 3.31269235119 42.4582520705 6.07056368624
47 0 40.5466413237 8.20682120582 3.25150976187 42.7931787942 6.20184891445
48 0 40.4792864468 7.8850271014 3.19003309245 43.1149728986 6.33068046075
49 0 40.4145677148 7.57585072174 3.12838320077 43.4241492783 6.45704908448
50 0 40.3523783433 7.27879737531 3.06667144572 43.7212026247 6.58095021098
51 0 40.2926160673 6.99339164546 3.00500058088 44.0066083545 6.70238335182
52 0 40.2351830519 6.71917682517 2.94346489556 44.2808231748 6.82135205259
53 0 40.179985659 6.45571414 2.88215084452 44.54428586 6.93786349652
54 0 40.1269341751 6.20258196272 2.82113769853 44.7974180373 7.05192812633
55 0 40.075942699 5.95937522064 2.76049785986 45.0406247794 7.16355944116
56 0 40.0269289776 5.72570476568 2.70029726798 45.2742952343 7.27277375444
57 0 39.9798141594 5.50119662445 2.64059604207 45.4988033755 7.37958979849
58 0 39.9345226801 5.28549147039 2.58144874299 45.7145085296 7.48402857689
59 0 39.8909821805 5.07824415988 2.52290454001 45.9217558401 7.58611327951
60 0 39.8491233551 4.87912316546 2.46500758319 46.1208768345 7.68586906171
61 0 39.8088797882 4.68780999385 2.40779741595 46.3121900062 7.78332279588
62 0 39.7701876032 4.50399829101 2.35130994508 46.496001709 7.87850245177
63 0 39.7329856466 4.32739388211 2.29557681596 46.6726061179 7.97143753743
64 0 39.6972153159 4.1577142041 2.240625853 46.8422857959 8.06215883112
65 0 39.6628204457 3.99468785013 2.18648132507 47.0053121499 8.15069822925
66 0 39.6297470849 3.8380539129 2.13316451572 47.1619460871 8.2370883994
67 0 39.5979434207 3.68756161329 2.08069387846 47.3124383867 8.32136270085
68 0 39.5673598131 3.542970144 2.02908488198 47.457029856 8.40355530488
69 0 39.5379486548 3.40404819368 1.97835034542 47.5959518063 8.48370099973
70 0 39.5096642761 3.27057355818 1.92850064931 47.7294264418 8.56183507454
