Time S_a1 S_a2 I_a1 I_a2 R_a1 R_a2
0 50 50 1 0 0 0
1 16.4564904891 49.6249484408 34.0602638384 0.371069098721 0.483245672493 0.00398246048306
2 0.253058511012 48.2395027264 48.448342247 1.71570583711 2.29859924195 0.044791436438
3 0.0031491952835 46.822488371 46.7908289682 3.03718621203 4.20602183654 0.140325416941
4 4.57888722067e-05 45.4957978067 44.959142456 4.21831529058 6.04081175514 0.285886902682
5 7.47336088125e-07 44.2538614098 43.1963129515 5.27007241728 7.80368630112 0.476066172931
6 0 43.0901351166 41.5025624426 6.20394210237 9.49743755735 0.705922781001
7 0 41.9986502342 39.8752239863 7.03039754233 11.1247760137 0.970952223507
8 0 40.9739751346 38.3116938415 7.75897530454 12.6883061585 1.26704956083
9 0 40.0111676086 36.8094706888 8.39835331613 14.1905293112 1.59047907524
10 0 39.1057147158 35.366150688 8.95645183812 15.633849312 1.93783344612
11 0 38.2534926228 33.9794240434 9.44049981382 17.0205759566 2.3060075634
12 0 37.4507288859 32.6470715573 9.85709850863 18.3529284427 2.69217260551
13 0 36.6939743223 31.3669617101 10.212269267 19.6330382899 3.09375641067
14 0 35.9800584739 30.1370457569 10.5115297308 20.8629542431 3.50841179529
15 0 35.3060703548 28.9553553475 10.7599267001 22.0446446525 3.93400294505
16 0 34.6693373853 27.8199996501 10.9620726851 23.1800003499 4.36858992965
17 0 34.0673993582 26.7291618903 11.1221917986 24.2708381097 4.81040884322
18 0 33.4979887609 25.6810964955 11.2441541192 25.3189035045 5.25785711995
19 0 32.9590137129 24.6741263214 11.3315060697 26.3258736786 5.70948021735
20 0 32.4485428256 23.7066400173 11.3874973183 27.2933599827 6.16395985602
21 0 31.9647905761 22.7770894225 11.4151071332 28.2229105775 6.62010229069
22 0 31.5061038404 21.8839870317 11.4170687098 29.1160129683 7.07682744983
23 0 31.0709498579 21.0259035936 11.3958909204 29.9740964064 7.53315922161
24 0 30.6579094177 20.2014660532 11.3538713367 30.7985339468 7.98821924566
25 0 30.2656660983 19.4093552336 11.2931159691 31.5906447664 8.44121793255
26 0 29.8929933019 18.6483035058 11.2155626138 32.3516964942 8.89144408432
27 0 29.5387526513 17.9170930725 11.1229849954 33.0829069275 9.33826235324
28 0 29.2018826478 17.2145538065 11.0170129995 33.7854461935 9.78110435271
29 0 28.8813950406 16.5395615027 10.8991402372 34.4604384973 10.2194647222
30 0 28.5763676429 15.8910360205 10.7707372585 35.1089639795 10.6528950986
31 0 28.2859399348 15.26793959 10.6330601224 35.73206041 11.0809999428
32 0 28.0093076753 14.6692751187 10.4872607286 36.3307248813 11.5034315961
33 0 27.7457190013 14.0940846182 10.33439442 36.9059153818 11.9198865787
34 0 27.4944701641 13.541447658 10.1754280392 37.458552342 12.3301017967
35 0 27.2549020745 13.0104799028 10.0112466877 37.9895200972 12.7338512378
36 0 27.0263967014 12.5003316758 9.84266072616 38.4996683242 13.1309425725
37 0 26.808374351 12.0101866206 9.67041112226 38.9898133794 13.5212145268
38 0 26.6002916089 11.5392604425 9.4951736192 39.4607395575 13.9045347719
39 0 26.401637452 11.0867995618 9.31756612551 39.9132004382 14.2807964225
40 0 26.2119307946 10.6520799022 9.13815353045 40.3479200978 14.649915675
41 0 26.0307200196 10.2344058502 8.95744896323 40.7655941498 15.0118310172
42 0 25.8575798449 9.83310905523 8.77591972256 41.1668909448 15.3665004326
43 0 25.6921088662 9.4475473095 8.59399196798 41.5524526905 15.7138991659
44 0 25.5339294819 9.07710365469 8.41205123746 41.9228963453 16.0540192806
45 0 25.3826855982 8.72118532891 8.23044681408 42.2788146711 16.3868675877
46 0 25.2380404177 8.37922274053 8.04949594823 42.6207772595 16.7124636341
47 0 25.0996764332 8.05066869149 7.86948408977 42.9493313085 17.030839477
48 0 24.9672937785 7.73499745638 7.69066807525 43.2650025436 17.3420381462
49 0 24.8406083941 7.43170385294 7.51327968657 43.5682961471 17.6461119193
50 0 24.7193519241 7.14030255366 7.33752593056 43.8596974463 17.9431221453
51 0 24.6032705524 6.86032728439 7.16359130547 44.1396727156 18.2331381422
52 0 24.492123518 6.5913299922 6.99164062226 44.4086700078 18.5162358597
53 0 24.3856829232 6.33288022493 6.82181944903 44.6671197751 18.7924976278
54 0 24.2837329115 6.08456443644 6.6542556916 44.9154355636 19.0620113969
55 0 24.1860684945 5.84598524378 6.4890618614 45.1540147562 19.3248696441
56 0 24.0924952826 5.61676086475 6.32633558013 45.3832391353 19.5811691373
57 0 24.0028289012 5.39652451504 6.16616069156 45.603475485 19.8310104072
58 0 23.9168939997 5.18492373445 6.00860916252 45.8150762655 20.0744968378
59 0 23.8345240762 4.9816199023 5.85374138439 46.0183800977 20.3117345394
60 0 23.7555611045 4.78628772526 5.70160685716 46.2137122747 20.5428320383
61 0 23.6798549506 4.59861469135 5.5522452852 46.4013853087 20.7678997642
62 0 23.6072622716 4.41830041117 5.40568871005 46.5816995888 20.9870490183
63 0 23.5376469116 4.24505633322 5.26196064344 46.7549436668 21.200392445
64 0 23.4708794191 4.07860526137 5.12107695546 46.9213947386 21.4080436254
65 0 23.4068365139 3.9186808626 4.98304686143 47.0813191374 21.6101166246
66 0 23.3454004928 3.76502716514 4.84787402362 47.2349728349 21.8067254836
67 0 23.2864594049 3.61739829627 4.71555612018 47.3826017037 21.9979844749
68 0 23.2299066448 3.47555805843 4.58608556844 47.5244419416 22.1840077867
69 0 23.1756404525 3.33927947395 4.4594504591 47.660720526 22.3649090884
70 0 23.1235636634 3.20834442685 4.33563496662 47.7916555731 22.54080137
