Time S_a1 S_a2 I_a1 I_a2 R_a1 R_a2
0 50 50 1 0 0 0
1 46.5128031602 49.9758829378 4.39466124544 0.0237536909526 0.0925355943353 0.0003633712067
2 35.0128904315 49.8811545094 15.5310711853 0.11605911642 0.456038383204 0.00278637419824
3 16.2992075393 49.626784065 33.2661981575 0.361470255098 1.43459430327 0.0117456798607
4 4.79116933218 49.2214344656 43.2074379265 0.744973062672 3.00139274134 0.0335924717204
5 1.19144277626 48.7634322203 45.026553386 1.16477425861 4.78200383771 0.0717935210458
6 0.294684379919 48.3063674733 44.1360783088 1.56710777708 6.56923731127 0.126524749662
7 0.075852526852 47.8648398797 42.6190257159 1.93841595364 8.30512175723 0.196744166613
8 0.0205107045105 47.4416135385 41.0019229417 2.27722275188 9.97756635377 0.281163709645
9 0.00582927565212 47.0366295952 39.4085457398 2.58486413986 11.5856249846 0.378506264977
10 0.00174510218626 46.6491987924 37.8673016895 2.86323852074 13.1309532083 0.487562686812
11 0.000544613854046 46.2785152887 36.3836760466 3.1142834843 14.6157793395 0.607201226992
12 0.000176498008969 45.9237785156 34.9574116902 3.33985526139 16.0424118118 0.736366222977
13 5.972764842e-05 45.5842221363 33.5868264295 3.54170390197 17.4131138429 0.874073961713
14 2.10632447448e-05 45.2591196763 32.2699062693 3.72147160864 18.7300726674 1.01940871503
15 7.57322860068e-06 44.9477839666 31.0045987098 3.88069766745 19.9953937169 1.17151836592
16 1.6701498069e-06 44.6495650738 29.7888968754 4.02082482131 21.2111014544 1.32961010492
17 0 44.3638479411 28.6208580712 4.14320556427 22.3791419288 1.49294649463
18 0 44.0900524035 27.4986177342 4.24910227028 23.5013822658 1.6608453262
19 0 43.8276275477 26.4203812531 4.33970211908 24.5796187469 1.83267033317
20 0 43.5760520107 25.3844231721 4.41611596141 25.6155768279 2.00783202785
21 0 43.3348317164 24.3890854853 4.47938436196 26.6109145147 2.18578392163
22 0 43.1034982648 23.4327752736 4.53048191349 27.5672247264 2.36601982168
23 0 42.8816073777 22.5139620963 4.57032137159 28.4860379037 2.54807125076
24 0 42.6687382957 21.6311772056 4.59975525849 29.3688227944 2.73150644577
25 0 42.4644908956 20.7830076509 4.61958362539 30.2169923491 2.91592547897
26 4.43181704668e-08 42.268483794 19.9680946801 4.6305590289 31.0319052756 3.10095717709
27 0 42.0803562244 19.1851347558 4.63338153966 31.8148652442 3.28626223593
28 0 41.8997649348 18.4328749986 4.62870701213 32.5671250014 3.47152805311
29 0 41.7263833868 17.7101116496 4.61714942107 33.2898883504 3.65646719213
30 1.68483111906e-08 41.5599010085 17.0156882898 4.59928291551 33.9843116934 3.84081607594
31 4.726459224e-09 41.4000220331 16.3484936671 4.57564489285 34.6515063281 4.02433307403
32 0 41.2464650584 15.7074602085 4.54673728955 35.2925397915 4.20679765203
33 0 41.0989618136 15.0915619226 4.51302989922 35.9084380774 4.38800828719
34 0 40.9572569103 14.4998134019 4.47496104129 36.5001865981 4.56778204837
35 0 40.8211067372 13.9312676342 4.43294060205 37.0687323658 4.74595266078
36 0 40.6902792329 13.3850150278 4.38735073081 37.6149849722 4.9223700363
37 1.30727784153e-09 40.5645529039 12.8601814514 4.33854848388 38.1398185473 5.09689861219
38 7.38734229344e-09 40.443716184 12.3559267234 4.2868675842 38.6440732692 5.26941623177
39 1.55103805355e-08 40.3275672134 11.8714437194 4.23261903177 39.1285562651 5.43981375482
40 4.66121079512e-08 40.215913473 11.4059572544 4.17609211045 39.594042699 5.60799441658
41 7.02270668285e-08 40.108571272 10.9587227622 4.11755580821 40.0412771676 5.7738729198
42 4.15617762428e-08 40.0053652601 10.5290250446 4.05726015938 40.4709749138 5.93737458056
43 2.10898463138e-08 39.9061271478 10.1161759328 3.99543976768 40.8838240461 6.09843308447
44 1.54998502921e-08 39.8106964933 9.71951479789 3.93231164822 41.2804851866 6.25699185848
45 1.28033832425e-08 39.7189200823 9.3384071431 3.86807693045 41.6615928441 6.4130029873
46 2.07802202112e-08 39.6306510862 8.97224297622 3.8029230909 42.027757003 6.56642582289
47 3.6785756663e-08 39.5457490862 8.62043626879 3.73702392732 42.3795636944 6.71722698646
48 3.90727095123e-08 39.4640798407 8.28242411581 3.67054019074 42.7175758451 6.8653799686
49 1.86136190905e-08 39.3855148363 7.95766563593 3.6036207625 43.0423343455 7.01086440117
50 0 39.3099309932 7.64564107884 3.5364034311 43.3543589212 7.15366557573
51 0 39.2372105339 7.34585116515 3.46901524626 43.6541488348 7.29377421981
52 0 39.1672406799 7.0578162174 3.40157333506 43.9421837826 7.43118598503
53 0 39.0999133242 6.78107526219 3.33418585929 44.2189247378 7.5659008165
54 0 39.0351249366 6.51518545919 3.26695216611 44.4848145408 7.69792289726
55 0 38.9727763357 6.25972136804 3.19996341321 44.740278632 7.82726025112
56 0 38.9127724102 6.01427416579 3.13330324454 44.9857258342 7.95392434523
57 0 38.8550219903 5.77845106901 3.0670481476 45.221548931 8.07792986214
58 0 38.799437693 5.55187473917 3.0012678465 45.4481252608 8.19929446047
59 0 38.7459356838 5.33418257805 2.93602592637 45.6658174219 8.31803838985
60 0 38.6944355173 5.12502615208 2.87138022847 45.8749738479 8.4341842542
61 0 38.6448600854 4.92407078526 2.80738292779 46.0759292147 8.54775698677
62 0 38.5971354519 4.73099499665 2.74408094934 46.2690050033 8.65878359877
63 0 38.5511907121 4.54548998176 2.68151631293 46.4545100182 8.76729297498
64 0 38.5069576179 4.36725871965 2.61972720065 46.6327412803 8.87331518143
65 0 38.4643707182 4.19601593314 2.55874744201 46.8039840669 8.97688183975
66 0 38.4233672385 4.03148763147 2.49860680238 46.9685123685 9.07802595916
67 0 38.383886946 3.87341063997 2.43933131576 47.12658936 9.17678173822
68 0 38.3458719735 3.72153204936 2.38094372852 47.2784679506 9.27318429795
69 0 38.3092666279 3.57560864619 2.32346398236 47.4243913538 9.36726938969
70 0 38.2740175054 3.43540692139 2.26690882869 47.5645930786 9.45907366594
