Time S_a1 S_a2 I_a1 I_a2 R_a1 R_a2
0 50 50 1 0 0 0
1 28.9375223996 49.9371292196 21.7587433737 0.0621679768076 0.303734226684 0.000702803552404
2 1.78809303186 49.6178757 47.3620211876 0.373369631141 1.84988578058 0.0087546688415
3 0.0576138626023 49.2255866171 47.1848407707 0.743259014552 3.75754536666 0.0311543683395
4 0.00205279558659 48.8463300517 45.3886398603 1.08583383275 5.60930734412 0.0678361155425
5 8.15750274583e-05 48.4831914904 43.6108401922 1.39917761548 7.38907823278 0.117630894076
6 6.53128994799e-06 48.1355177944 41.900909326 1.68507694981 9.09908414272 0.179405255835
7 0 47.8025760837 40.257959231 1.94532755013 10.742040769 0.252096366221
8 0 47.4836704552 38.6794224992 2.18161691992 12.3205775008 0.334712624915
9 0 47.1781427514 37.162780981 2.39552951204 13.837219019 0.426327736597
10 0 46.8853702542 35.7056079712 2.58855292039 15.2943920288 0.526076825422
11 0 46.604763157 34.3055708197 2.76208480002 16.6944291803 0.633152042936
12 0 46.3357632153 32.9604293375 2.91743644929 18.0395706625 0.746800335379
13 0 46.0778418992 31.6680323228 3.05583793041 19.3319676772 0.8663201704
14 0 45.8304974734 30.4263109103 3.17844606401 20.5736890897 0.99105646262
15 0 45.593254326 29.2332781266 3.28634622049 21.7667218734 1.1203994535
16 0 45.3656610533 28.0870246858 3.38055767201 22.9129753142 1.25378127473
17 0 45.1472889775 26.985715812 3.46203772504 24.014284188 1.39067329746
18 0 44.9377318148 25.9275906024 3.53168263732 25.0724093976 1.5305855479
19 0 44.7366033259 24.910956527 3.59033433474 26.089043473 1.67306233935
20 0 44.5435352152 23.9341851448 3.63878623346 27.0658148552 1.81767855132
21 0 44.3581775493 22.9957125314 3.67778207045 28.0042874686 1.96404038027
22 0 44.1801984068 22.0940380461 3.70801693074 28.9059619539 2.11178466248
23 0 44.009281133 21.2277185098 3.73014499095 29.7722814902 2.26057387604
24 0 43.8451246635 20.3953679545 3.74477885536 30.6046320455 2.41009648114
25 0 43.6874419223 19.5956542535 3.75249394711 31.4043457465 2.56006413064
26 0 43.5359596195 18.8272978577 3.75382923333 32.1727021423 2.71021114713
27 0 43.3904171085 18.0890691016 3.74929047868 32.9109308984 2.86029241286
28 0 43.2505659491 17.379786683 3.73935149225 33.620213317 3.01008255869
29 0 43.1161691972 16.6983156525 3.72445618555 34.3016843475 3.15937461722
30 0 42.9870007597 16.0435655192 3.70502049017 34.9564344808 3.30797875008
31 0 42.8628449817 15.4144887667 3.6814335858 35.5855112333 3.45572143246
32 0 42.7434957158 14.8100784692 3.65406054637 36.1899215308 3.60244373787
33 0 42.6287559947 14.2293669918 3.62324332299 36.7706330082 3.74800068234
34 0 42.518437899 13.6714251542 3.58930113206 37.3285748458 3.89226096896
35 0 42.4123619482 13.1353603045 3.55253224292 37.8646396955 4.03510580892
36 0 42.3103568747 12.6203152408 3.5132146448 38.3796847592 4.17642848049
37 0 42.2122584164 12.1254655154 3.47160954934 38.8745344846 4.31613203421
38 0 42.1179094949 11.6500190095 3.42796089461 39.3499809905 4.45412961049
39 0 42.0271601437 11.1932151134 3.38249557055 39.8067848866 4.59034428573
40 0 41.9398668161 10.7543229435 3.33542538922 40.2456770565 4.72470779472
41 0 41.8558919186 10.3326399414 3.28694840477 40.6673600586 4.85715967667
42 0 41.7751039074 9.92749134131 3.23724869707 41.0725086587 4.9876473955
43 0 41.6973768613 9.53822887267 3.18649756977 41.4617711273 5.11612556889
44 0 41.6225900921 9.16422955652 3.13485462814 41.8357704435 5.24255527977
45 0 41.5506280476 8.80489492704 3.08246807737 42.195105073 5.36690387507
46 0 41.4813800591 8.45965005933 3.02947542729 42.5403499407 5.48914451358
47 0 41.4147400244 8.12794245625 2.97600446899 42.8720575438 5.60925550659
48 0 41.3506062519 7.80924127679 2.92217367581 43.1907587232 5.72722007227
49 0 41.288881296 7.50303655397 2.86809265078 43.496963446 5.84302605323
50 0 41.229471717 7.20883830188 2.81386278582 43.7911616981 5.95666549721
51 0 41.1722878734 6.92617570034 2.75957781198 44.0738242997 6.06813431459
52 0 41.1172438251 6.65459644842 2.70532410348 44.3454035516 6.17743207146
53 0 41.0642571352 6.39366598812 2.65118120411 44.6063340119 6.28456166073
54 0 41.0132486426 6.14296665655 2.59722247783 44.8570333435 6.38952887959
55 0 40.9641424347 5.90209727135 2.54351512134 45.0979027286 6.49234244394
56 0 40.9168656959 5.67067246597 2.49012057328 45.329327534 6.59301373081
57 0 40.871348588 5.44832210401 2.43709482162 45.551677896 6.69155659036
58 0 40.8275239658 5.23469033701 2.38448924413 45.765309663 6.78798679008
59 0 40.7853272916 5.02943511379 2.33235080841 45.9705648862 6.88232189995
60 0 40.7446966852 4.83222799853 2.28072183944 46.1677720015 6.97458147539
61 0 40.705572748 4.6427535011 2.22964051129 46.3572464989 7.06478674075
62 0 40.6678984501 4.46070855101 2.17914113584 46.539291449 7.15296041403
63 0 40.6316188791 4.28580165699 2.12925486559 46.714198343 7.23912625535
64 0 40.5966813318 4.11775288159 2.08000936153 46.8822471184 7.32330930665
65 0 40.5630352048 3.95629334897 2.03142907069 47.043706651 7.4055357245
66 0 40.530631901 3.80116480342 1.98353544951 47.1988351966 7.48583264945
67 0 40.4994246815 3.65211901847 1.93634736946 47.3478809815 7.56422794903
68 0 40.4693685617 3.50891733382 1.88988137912 47.4910826662 7.64075005914
69 0 40.4404203608 3.3713306076 1.84415148052 47.6286693924 7.71542815869
70 0 40.4125385853 3.23913873304 1.79916943227 47.760861267 7.78829198242
