Time S_a1 S_a2 I_a1 I_a2 R_a1 R_a2
0 50 50 1 0 0 0
1 34.3119406869 49.880024826 16.4496109734 0.118569349238 0.238448339673 0.00140582471861
2 4.12823922956 49.2104225832 45.2923561215 0.772246925059 1.5794046489 0.0173304917158
3 0.209862113297 48.2829681759 47.3245386802 1.65116375759 3.46559920649 0.065868066471
4 0.0110886748819 47.3839060587 45.6620692702 2.46758062544 5.32684205494 0.148513315811
5 0.000656647610903 46.5337335967 43.8817733276 3.20406123328 7.11757002476 0.262205169996
6 4.17039063194e-05 45.7302964569 42.1617423402 3.86586093937 8.83821595591 0.403842603773
7 2.96006781753e-06 44.9705817525 40.5085945167 4.45886113524 10.4914025233 0.570557112243
8 1.69912127035e-07 44.251758867 38.9202327244 4.98853329313 12.0797671057 0.759707839922
9 0 43.5712118845 37.3941490368 5.4599246473 13.6058509632 0.968863468214
10 0 42.9265234166 35.9279030448 5.87769061518 15.0720969552 1.19578596819
11 0 42.3154611831 34.519149688 6.24611930843 16.480850312 1.4384195085
12 0 41.7359556866 33.165634426 6.56917420431 17.834365574 1.69487010904
13 0 41.1860895275 31.8651912535 6.85051357457 19.1348087465 1.96339689792
14 0 40.6640833165 30.6157389829 7.0935175277 20.3842610171 2.24239915579
15 0 40.168286305 29.4152785767 7.30130592025 21.5847214233 2.53040777476
16 0 39.6971646447 28.2618894624 7.47676123165 22.7381105376 2.82607412365
17 0 39.2492858048 27.1537250616 7.62255855812 23.8462749384 3.12815563711
18 0 38.823320284 26.0890123565 7.74116265233 24.9109876435 3.43551706363
19 0 38.4180273016 25.0660475833 7.83485579062 25.9339524167 3.7471169078
20 0 38.0322496488 24.083193842 7.9057485759 26.916806158 4.0620017753
21 0 37.6649062633 23.1388783542 7.95579453348 27.8611216458 4.37929920317
22 0 37.3149866422 22.2315899907 7.98680154775 28.7684100093 4.69821181003
23 0 36.9815457255 21.3598769256 8.00044221581 29.6401230744 5.01801205871
24 0 36.6636985043 20.522344224 7.99826486309 30.477655776 5.33803663258
25 0 36.3606161816 19.7176517317 7.98170166454 31.2823482683 5.65768215385
26 0 36.0715204417 18.9445116016 7.95208020221 32.0554883984 5.97639935614
27 0 35.7956812212 18.2016865843 7.91062837295 32.7983134157 6.29369040588
28 0 35.5324138665 17.4879881139 7.8584805236 33.5120118861 6.60910560993
29 0 35.2810753387 16.8022742785 7.79668537681 34.1977257215 6.92223928445
30 0 35.0410590126 16.1434476298 7.72621659466 34.8565523702 7.23272439274
31 0 34.8117954722 15.5104539858 7.64797192422 35.4895460142 7.54023260353
32 0 34.5927477716 14.902280392 7.56278268025 36.097719608 7.84446954818
33 0 34.3834099914 14.3179536202 7.4714171214 36.6820463798 8.14517288721
34 0 34.1833052866 13.7565386344 7.37458470317 37.2434613656 8.44211001019
35 0 33.9919834916 13.217137033 7.27294108549 37.782862967 8.73507542293
36 0 33.8090198567 12.6988856806 7.1670910422 38.3011143194 9.02388910115
37 0 33.6340129642 12.2009552534 7.05759298952 38.7990447466 9.30839404628
38 0 33.4665834773 11.7225489562 6.9449617698 39.2774510438 9.58845475285
39 0 33.3063726863 11.2629012414 6.82967178881 39.7370987586 9.86395552493
40 0 33.1530410612 10.821276564 6.71216010958 40.178723436 10.1347988292
41 0 33.0062672795 10.39696824 6.59282872035 40.60303176 10.4009040001
42 0 32.8657467459 9.98929724483 6.47204769975 41.0107027552 10.6622055543
43 0 32.7311909854 9.59761121783 6.35015662742 41.4023887822 10.9186523872
44 0 32.6023267893 9.22128344336 6.22746648403 41.7787165566 11.1702067266
45 0 32.4788948377 8.85971174094 6.10426261648 42.1402882591 11.4168425458
46 0 32.3606485348 8.51231742917 5.9808072557 42.4876825708 11.6585442095
47 0 32.2473542238 8.17854462531 5.85733919495 42.8214553747 11.8953065812
48 0 32.1387901728 7.85785929306 5.73407597771 43.1421407069 12.1271338495
49 0 32.0347451976 7.54974820648 5.6112167744 43.4502517935 12.354038028
50 0 31.9350186575 7.2537182945 5.48894250469 43.7462817055 12.5760388378
51 0 31.8394199913 6.96929588875 5.36741686284 44.0307041113 12.7931631458
52 0 31.7477679011 6.6960258885 5.24678805458 44.3039741115 13.0054440444
53 0 31.6598894975 6.4334709273 5.12719061505 44.5665290727 13.2129198874
54 0 31.5756204468 6.18121087356 5.00874513116 44.8187891264 13.4156344221
55 0 31.494804369 5.9388421146 4.89155951553 45.0611578854 13.6136361155
56 0 31.4172920632 5.70597677571 4.77573069009 45.2940232243 13.8069772467
57 0 31.342941346 5.48224219135 4.66134490766 45.5177578087 13.9957137463
58 0 31.2716168198 5.2672803652 4.54847822674 45.7327196348 14.1799049534
59 0 31.2031894022 5.06074734835 4.43719750486 45.9392526517 14.3596130929
60 0 31.1375357648 4.86231258713 4.32756156994 46.1376874129 14.5349026653
61 0 31.0745383661 4.67165854677 4.21962112751 46.3283414532 14.7058405064
62 0 31.0140851049 4.48848018133 4.11341946614 46.5115198187 14.872495429
63 0 30.9560688649 4.31248435045 4.00899342555 46.6875156495 15.0349377095
64 0 30.9003873405 4.14338939503 3.90637372098 46.856610605 15.1932389386
65 0 30.8469428988 3.98092474363 3.80558518259 47.0190752564 15.3474719186
66 0 30.7956422961 3.82483044945 3.70664732987 47.1751695506 15.497710374
67 0 30.7463963115 3.67485668264 3.60957513487 47.3251433174 15.6440285536
68 0 30.6991197362 3.53076344975 3.51437896688 47.4692365503 15.7865012969
69 0 30.6537311502 3.3923201922 3.42106502616 47.6076798078 15.9252038236
70 0 30.6101527321 3.25930541301 3.32963570235 47.740694587 16.0602115656
