Time S_a1 S_a2 I_a1 I_a2 R_a1 R_a2
0 50 50 1 0 0 0
1 30.9677673223 49.9537006154 19.7536295802 0.0457738123553 0.278603097463 0.000525572209124
2 2.43830386317 49.7083913821 46.805043441 0.285043295826 1.75665269582 0.0065653220606
3 0.0924530102471 49.3931672883 47.2479422877 0.582869943071 3.65960470204 0.0239627685828
4 0.00380372118455 49.0863361957 45.4814182383 0.860750890563 5.51477804049 0.0529129137118
5 0.000172687498342 48.7917521256 43.7015923011 1.11573140351 7.29823501141 0.092516470928
6 4.07053393303e-06 48.5090290821 41.9881928347 1.34908810855 9.01180309476 0.141882809378
7 8.28741342218e-07 48.2376475154 40.3418155628 1.56217886185 10.6581836084 0.200173622766
8 3.39989725262e-08 47.9771082198 38.7599911947 1.75628757933 12.2400087713 0.266604200893
9 4.60083526832e-09 47.7269366667 37.2401902995 1.9326235736 13.7598096959 0.340439759663
10 7.86648541862e-08 47.4866819115 35.7799818295 2.09232558597 15.2200180918 0.420992502565
11 0 47.255914856 34.3770282934 2.23646702117 16.6229717066 0.50761812286
12 0 47.0342280031 33.0290853978 2.36605671031 17.9709146022 0.599715286549
13 0 46.8212332468 31.7339962467 2.48204571033 19.2660037533 0.696721042873
14 0 46.6165611496 30.4896883288 2.58532948705 20.5103116712 0.798109363368
15 0 46.4198599306 29.2941703712 2.67675103469 21.7058296288 0.903389034724
16 0 46.2307943988 28.145528943 2.75710419807 22.854471057 1.01210140315
17 0 46.049045303 27.0419262669 2.82713569582 23.9580737331 1.1238190012
18 0 45.8743086111 25.9815977093 2.88754739004 25.0184022907 1.2381439989
19 0 45.7062938771 24.9628459066 2.93900144265 26.0371540934 1.35470468022
20 0 45.5447235531 23.9840388876 2.98212238649 27.0159611124 1.47315406043
21 0 45.3893337387 23.0436114706 3.01749482518 27.9563885294 1.59317143613
22 0 45.2398720491 22.1400585815 3.04567009083 28.8599414185 1.71445786005
23 0 45.0960976601 21.271934565 3.06716624881 29.728065435 1.83673609113
24 0 44.9577804113 20.4378501351 3.08247085838 30.5621498649 1.95974873034
25 0 44.8247004698 19.6364706748 3.09204208024 31.3635293252 2.08325744996
26 0 44.6966476706 18.8665137295 3.09631077309 32.1334862705 2.20704155634
27 0 44.5734211116 18.1267472064 3.0956817625 32.8732527936 2.33089712592
28 0 44.4548286797 17.4159873594 3.09053534898 33.5840126406 2.45463597129
29 0 44.3406866297 16.7330969188 3.08122868436 34.2669030812 2.5780846859
30 0 44.230819191 16.0769833074 3.06809702716 34.9230166926 2.70108378189
31 0 44.1250579684 15.4465962887 3.05145562894 35.5534037113 2.82348640263
32 0 44.0232416792 14.8409265693 3.03160058573 36.1590734307 2.94515773505
33 0 43.9252160867 14.2590050697 3.00880903847 36.7409949303 3.06597487487
34 0 43.8308335024 13.6999007548 2.98334076591 37.3000992452 3.1858257317
35 0 43.7399526296 13.1627195701 2.95543867887 37.8372804299 3.30460869156
36 0 43.6524378164 12.6466018212 2.92533122104 38.3533981788 3.42223096254
37 0 43.5681589289 12.1507211812 2.89323276866 38.8492788188 3.53860830242
38 0 43.4869914556 11.6742843195 2.8593432811 39.3257156805 3.65366526327
39 0 43.4088160594 11.2165291112 2.82384972148 39.7834708888 3.76733421909
40 0 43.3335180641 10.7767227332 2.78692764413 40.2232772668 3.87955429178
41 0 43.260987591 10.3541613684 2.74874079128 40.6458386316 3.99027161768
42 0 43.1911192729 9.94816889422 2.70944197818 41.0518311058 4.09943874894
43 0 43.123811955 9.55809559078 2.66917399012 41.4419044092 4.20701405486
44 0 43.0589685553 9.18331721633 2.62807001689 41.8166827837 4.31296142784
45 0 42.9964959283 8.82323411551 2.58625406576 42.1767658845 4.41725000594
46 0 42.9363046573 8.47727015632 2.54384161596 42.5227298437 4.51985372675
47 0 42.8783088379 8.14487162126 2.50094034278 42.8551283787 4.62075081929
48 0 42.8224260103 7.82550660533 2.45765023577 43.1744933947 4.71992375394
49 0 42.7685769935 7.51866409632 2.41406412516 43.4813359037 4.8173588813
50 0 42.7166856928 7.22385304532 2.37026822514 43.7761469547 4.91304608203
51 0 42.6666790059 6.94060167073 2.32634242633 44.0593983293 5.00697856779
52 0 42.6184867128 6.66845674743 2.28236061882 44.3315432526 5.09915266835
53 0 42.5720413193 6.40698277587 2.23839115839 44.5930172241 5.18956752226
54 0 42.5272779176 6.15576120952 2.19449728055 44.8442387905 5.27822480184
55 0 42.4841341601 5.91439005683 2.15073712188 45.0856099432 5.36512871802
56 0 42.4425501366 5.6824831809 2.10716407944 45.3175168191 5.45028578399
57 0 42.4024682846 5.4596697171 2.06382705391 45.5403302829 5.53370466147
58 0 42.3638331478 5.24559297598 2.02077123959 45.754407024 5.61539561259
59 0 42.3265913844 5.03991021515 1.97803801892 45.9600897848 5.69537059671
60 0 42.2906917473 4.84229232187 1.93566496036 46.1577076781 5.77364329232
61 0 42.2560849659 4.65242316516 1.89368617111 46.3475768348 5.85022886303
62 0 42.2227236565 4.46999905614 1.85213253931 46.5300009439 5.92514380419
63 0 42.1905621354 4.29472786256 1.81103230726 46.7052721374 5.99840555736
64 0 42.1595564904 4.12632906046 1.77041077405 46.8736709395 6.07003273553
65 0 42.129664492 3.96453321615 1.73029053901 47.0354667839 6.14004496896
66 0 42.1008455226 3.80908154328 1.69069168185 47.1909184567 6.20846279559
67 0 42.0730604746 3.65972533457 1.65163205602 47.3402746654 6.27530746938
68 0 42.0462716476 3.51622539279 1.61312758832 47.4837746072 6.34060076408
69 0 42.0204427997 3.37835209145 1.57519203165 47.6216479085 6.40436516867
70 0 41.9955390553 3.24588486195 1.53783722683 47.7541151381 6.46662371784
