Time S I R
1 1000 1 0
2 999.379143987 1.56962662536 0.0512293880398
3 998.405598656 2.46277659875 0.131624744758
4 996.880462063 3.86180970538 0.257728231527
5 994.494751281 6.04987431001 0.455374409058
6 990.771541848 9.46368187415 0.764776277448
7 984.982007558 14.7697835106 1.2482089313
8 976.029861669 22.9687923749 2.0013459563
9 962.307140119 35.523515076 3.16934480476
10 941.548917261 54.4828769536 4.96820578582
11 910.769572435 82.5205975309 7.70983003395
12 866.456031336 122.719731322 11.8242373415
13 805.284234467 177.852066251 17.863699282
14 725.552734898 248.983227991 26.4640371115
15 629.028523417 333.731629259 38.2398473235
16 522.025281288 425.353999346 53.6207193666
17 414.270350282 514.037758787 72.691890931
18 315.593923708 590.272122196 95.1339540954
19 232.594805069 648.099223037 120.305971895
20 167.436551077 686.144181381 147.419267543
21 118.830410415 706.464507248 175.705082337
22 83.7995801932 712.684617144 204.515802662
23 59.0738089134 708.569012474 233.357178612
24 41.8061513671 697.316387489 261.877461143
25 29.7867987665 681.37381353 289.839387704
26 21.4066725708 662.502717215 317.090610215
27 15.5346744113 641.926571418 343.53875417
28 11.3907859533 620.476573603 369.132640444
29 8.44166885109 598.709429782 393.848901367
30 6.32339170245 576.993945033 417.682663264
31 4.78717652949 555.571561774 440.641261697
32 3.6621434287 534.597884786 462.739971785
33 2.8302034409 514.170663623 483.999132936
34 2.20897026312 494.348838282 504.442191454
35 1.74070921559 475.164859433 524.094431352
36 1.38448683255 456.633451349 542.982061819
37 1.11105598956 438.757316327 561.131627683
38 0.89936497948 421.531023166 578.569611854
39 0.734123159593 404.943717897 595.322158944
40 0.604024212278 388.98109113 611.414884658
41 0.500802924319 373.626409567 626.872787509
42 0.418312235182 358.861529644 641.720158121
43 0.351909994549 344.66756194 655.980528065
44 0.298075872671 331.025271455 669.676652673
45 0.254141291732 317.915349185 682.830509523
46 0.218059740213 305.318644937 695.463295323
47 0.18824800023 293.216315356 707.595436643
48 0.163437623724 281.589963676 719.2465987
49 0.142693344722 270.421590259 730.435716396
50 0.125254689781 259.693740241 741.181005069
51 0.110524485675 249.389499139 751.499976375
52 0.0980093857352 239.492514686 761.409475928
53 0.0873274535445 229.986978422 770.925694125
54 0.0781685292492 220.857658526 780.064172945
55 0.0702815556656 212.089859413 788.839859032
56 0.0634587156173 203.669413867 797.267127418
57 0.057530454716 195.582664216 805.359805329
58 0.0523592478219 187.816486821 813.131153931
59 0.0478303266955 180.358246463 820.593923211
60 0.0438460133223 173.195786312 827.760367675
61 0.0403321879811 166.317440791 834.642227021
62 0.0372225518184 159.711970189 841.250807259
63 0.0344593575639 153.36858319 847.596957452
64 0.0320049466379 147.277028043 853.690967011
65 0.0298125535805 141.427257317 859.542930129
66 0.0278489387455 135.809703212 865.162447849
67 0.0260850809777 130.415161147 870.558753772
68 0.0244957693654 125.234785293 875.740718938
69 0.0230616885821 120.260110826 880.716827485
70 0.021762907987 115.482950895 885.495286197
71 0.020584980829 110.895497613 890.083917406
72 0.0195141621028 106.490214349 894.490271489
73 0.018538570929 102.259866502 898.721594927
74 0.0176481360439 98.1975296882 902.784822176
75 0.0168333386194 94.2965527044 906.686613957
76 0.0160881049161 90.550543463 910.433368432
77 0.0154054559234 86.9533447192 914.031249825
78 0.0147769441826 83.499015136 917.48620792
79 0.014194208403 80.1818379697 920.803967822
80 0.0136548492849 76.9964007093 923.989944441
81 0.0131561519541 73.9374935852 927.049350263
82 0.012695812252 71.0001134793 929.987190708
83 0.0122695503092 68.1794233872 932.808307062
84 0.0118737793164 65.4707816238 935.517344597
85 0.0115052090802 62.8697297384 938.118765053
86 0.0111619742737 60.3720030667 940.616834959
87 0.0108419989639 57.9734977675 943.015660234
88 0.0105434038215 55.6702726114 945.319183985
89 0.0102644209662 53.458545196 947.531190383
90 0.0100034813765 51.3346810433 949.655315475
91 0.00975916503012 49.2951900108 951.695050824
92 0.00953019571614 47.3367222523 953.653747552
93 0.00931537608506 45.4560580563 955.534626568
94 0.00911362630018 43.6501061639 957.34078021
95 0.00892400914552 41.9159007683 959.075175223
96 0.00874563913862 40.2505909947 960.740663366
97 0.00857771581991 38.6514406913 962.339981593
98 0.00841951554105 37.1158239345 963.87575655
99 0.00827035547422 35.6412155735 965.350514071
100 0.00812959347547 34.2251881818 966.766682225
