Time S I R
1 1000 1 0
2 999.377546702 1.57119761606 0.0512556815312
3 998.400523213 2.46770405395 0.131772732952
4 996.868419873 3.87338711137 0.258193015646
5 994.469458656 6.07400910017 0.456532244324
6 990.721963722 9.51071225718 0.767324020359
7 984.889237153 14.8573653772 1.25339747017
8 975.862397354 23.1262441071 2.01135853911
9 962.014317738 35.797797482 3.1878847803
10 941.053180576 54.9454697599 5.00134966456
11 909.960667057 83.2722018159 7.76713112689
12 865.194714993 123.885425671 11.9198593357
13 803.427935359 179.555099954 18.0169646877
14 723.01301891 251.288672478 26.698308612
15 625.846860067 336.574443702 38.5786962302
16 518.415863624 428.502453996 54.0816823809
17 410.573241556 517.146300543 73.2804579014
18 312.151145662 593.007455285 95.8413990526
19 229.636895734 650.250794202 121.112310063
20 165.047961093 687.652924897 148.299114009
21 116.984015434 707.382851941 176.633132625
22 82.4118519762 713.117995713 205.470152311
23 58.0474016335 708.63209036 234.320508006
24 41.0524862398 697.110629044 262.836884716
25 29.2340439443 680.980222775 290.78573328
26 21.0000794319 661.982340779 318.017579789
27 15.2339118521 641.323909536 344.442178612
28 11.1666689254 619.82344473 370.009886344
29 8.27325978266 598.028313226 394.698426992
30 6.19570334188 576.30060259 418.503694068
31 4.68945911674 554.876981201 441.433559682
32 3.58665315685 533.909675806 463.503671037
33 2.77134088716 513.494034021 484.734625092
34 2.16265076289 493.687306688 505.150042549
35 1.70393189542 474.520744401 524.775323703
36 1.35502813898 456.008219531 543.63675233
37 1.0872585302 438.151822137 561.760919333
38 0.879986634646 420.94568069 579.174332675
39 0.718207033224 404.378648478 595.903144489
40 0.590856200386 388.436171627 611.972972173
41 0.489828631422 373.101366483 627.408804886
42 0.409099520303 358.355981652 642.234918828
43 0.344121513476 344.18105101 656.474827477
44 0.291448980139 330.557284476 670.151266544
45 0.248467427823 317.465341161 683.286191411
46 0.213172356295 304.886051833 695.900775811
47 0.184010809815 292.800567318 708.015421872
48 0.159742630171 281.190484673 719.649772697
49 0.139457046515 270.037805084 730.822737869
50 0.122403667013 259.325086017 741.552510316
51 0.108000900907 249.035421227 751.856577872
52 0.0957421782908 239.152337191 761.751920631
53 0.0853213325358 229.660445324 771.254233343
54 0.0763680687498 220.544120218 780.379511713
55 0.068658251048 211.788816745 789.142525004
56 0.0619889191296 203.380382263 797.557628818
57 0.0561947547774 195.305183518 805.638621728
58 0.0511407082439 187.550105584 813.398753708
59 0.0467140535632 180.102524367 820.850761579
60 0.0428197565295 172.950304008 828.006876235
61 0.0393866991908 166.08180226 834.878811041
62 0.036347233903 159.485773234 841.477879532
63 0.0336477342189 153.15147108 847.814881185
64 0.0312502036479 147.068640624 853.900109173
65 0.029108111342 141.227240487 859.743651402
66 0.0271899158233 135.617727385 865.355082699
67 0.0254665839775 130.230901233 870.743632183
68 0.0239140610961 125.057936942 875.918148997
69 0.0225131599674 120.090375908 880.887110932
70 0.0212444830411 115.320045682 885.658709835
71 0.0200940152582 110.739151098 890.240754886
72 0.0190481114042 106.340160012 894.640791876
73 0.0180953299083 102.115854517 898.866050153
74 0.0172257056767 98.0593202486 902.923454046
75 0.0164300414796 94.1639148409 906.819655118
76 0.0157025824107 90.4232538284 910.561043589
77 0.0150360501536 86.8311849849 914.153778965
78 0.0144217900635 83.3817703993 917.603807811
79 0.0138522901866 80.0693123823 920.916835328
80 0.0133254864795 76.8884095797 924.098264934
81 0.0128387178837 73.8338590061 927.153302276
82 0.0123893736347 70.9006593591 930.086951267
83 0.0119732043203 68.0839799671 932.904046829
84 0.0115866619082 65.3791852875 935.609228051
85 0.011226744231 62.7818268115 938.206946444
86 0.0108916023032 60.2876452694 940.701463128
87 0.0105791889366 57.8925420904 943.096878721
88 0.0102876502639 55.592582384 945.397129966
89 0.0100152653134 53.3839889677 947.605995767
90 0.00976049997587 51.2631323207 949.727107179
91 0.00952197237712 49.226527981 951.763950047
92 0.00929842962523 47.2708305107 953.71987106
93 0.00908869869818 45.3928247006 955.598086601
94 0.00889173121891 43.5894241881 957.401684081
95 0.00870661362194 41.8576674473 959.133625939
96 0.00853247720056 40.1947073516 960.796760171
97 0.00836853951762 38.5978118063 962.393819654
98 0.008214085541 37.0643574604 963.927428454
99 0.00806845111015 35.5918233233 965.400108226
100 0.00793102538591 34.1777877451 966.81428123
