Time S I R
1 1000 1 0
2 999.377546702 1.57119761622 0.0512556814488
3 998.400523213 2.46770405445 0.131772732748
4 996.868419872 3.87338711256 0.258193015266
5 994.469458654 6.07400910266 0.456532243685
6 990.721963719 9.51071226204 0.767324019348
7 984.889237145 14.8573653863 1.25339746862
8 975.86239734 23.1262441235 2.01135853681
9 962.014317712 35.7977975106 3.18788477694
10 941.053180532 54.9454698085 5.00134965972
11 909.960666984 83.2722018956 7.76713112
12 865.194714878 123.885425796 11.9198593261
13 803.427935186 179.55510014 18.0169646742
14 723.01301867 251.288672737 26.698308593
15 625.846859762 336.574444034 38.5786962034
16 518.415863271 428.502454386 54.0816823431
17 410.573241187 517.146300965 73.2804578482
18 312.15114531 593.007455711 95.8413989792
19 229.636895423 650.250794612 121.112309965
20 165.047960833 687.652925285 148.299113882
21 116.984015225 707.382852309 176.633132466
22 82.4118518122 713.117996069 205.470152119
23 58.0474015064 708.632090713 234.32050778
24 41.0524861417 697.110629401 262.836884457
25 29.2340438685 680.980223142 290.78573299
26 21.0000793732 661.982341159 318.017579467
27 15.2339118062 641.323909931 344.442178263
28 11.1666688893 619.823445142 370.009885969
29 8.27325975401 598.028313654 394.698426592
30 6.19570331897 576.300603034 418.503693647
31 4.68945909826 554.876981661 441.433559241
32 3.58665314182 533.90967628 463.503670578
33 2.77134087484 513.494034508 484.734624617
34 2.16265075271 493.687307187 505.15004206
35 1.70393188695 474.520744911 524.775323202
36 1.35502813188 456.00822005 543.636751819
37 1.08725852421 438.151822663 561.760918812
38 0.879986629552 420.945681223 579.174332147
39 0.718207028866 404.378649016 595.903143955
40 0.590856196635 388.436172169 611.972971634
41 0.489828628175 373.101367028 627.408804344
42 0.409099517476 358.3559822 642.234918283
43 0.344121511 344.181051558 656.474826931
44 0.29144897796 330.557285025 670.151265997
45 0.248467425895 317.465341709 683.286190865
46 0.213172354581 304.88605238 695.900775266
47 0.184010808284 292.800567862 708.015421329
48 0.159742628798 281.190485215 719.649772156
49 0.139457045277 270.037805623 730.822737332
50 0.122403665893 259.325086552 741.552509783
51 0.108000899889 249.035421756 751.856577344
52 0.095742177363 239.152337716 761.751920107
53 0.0853213316867 229.660445844 771.254232825
54 0.0763680679697 220.544120732 780.3795112
55 0.0686582503288 211.788817253 789.142524497
56 0.0619889184645 203.380382764 797.557628318
57 0.0561947541603 195.305184012 805.638621234
58 0.0511407076698 187.550106071 813.398753222
59 0.0467140530272 180.102524847 820.8507611
60 0.0428197560278 172.95030448 828.006875764
61 0.0393866987199 166.081802725 834.878810577
62 0.03634723346 159.485773691 841.477879076
63 0.033647733801 153.15147153 847.814880737
64 0.0312502032527 147.068641065 853.900108732
65 0.0291081109674 141.22724092 859.743650969
66 0.0271899154675 135.61772781 865.355082275
67 0.0254665836388 130.23090165 870.743631767
68 0.0239140607732 125.057937351 875.918148588
69 0.0225131596586 120.090376309 880.887110532
70 0.0212444827455 115.320046074 885.658709443
71 0.0200940149748 110.739151483 890.240754502
72 0.0190481111318 106.340160388 894.6407915
73 0.0180953296463 102.115854886 898.866049785
74 0.0172257054239 98.0593206086 902.923453686
75 0.0164300412357 94.163915193 906.819654766
76 0.0157025821748 90.4232541726 910.561043245
77 0.015036049925 86.8311853213 914.153778629
78 0.014421789842 83.3817707279 917.603807482
79 0.0138522899715 80.0693127032 920.916835007
80 0.0133254862706 76.888409893 924.098264621
81 0.0128387176804 73.833859312 927.15330197
82 0.0123893734365 70.9006596576 930.086950969
83 0.011973204127 68.0839802583 932.904046538
84 0.0115866617194 65.3791855716 935.609227767
85 0.0112267440464 62.7818270885 938.206946167
86 0.0108916021228 60.2876455395 940.701462858
87 0.0105791887598 57.8925423536 943.096878458
88 0.0102876500907 55.5925826405 945.397129709
89 0.0100152651435 53.3839892176 947.605995517
90 0.00976049980909 51.2631325642 949.727106936
91 0.00952197221329 49.2265282181 951.76394981
92 0.00929842946402 47.2708307416 953.719870829
93 0.0090886985397 45.3928249253 955.598086376
94 0.00889173106293 43.5894244069 957.401683862
95 0.00870661346823 41.8576676602 959.133625726
96 0.0085324770489 40.1947075587 960.796759964
97 0.00836853936812 38.5978120078 962.393819453
98 0.00821408539332 37.0643576564 963.927428258
99 0.00806845096429 35.5918235139 965.400108035
100 0.00793102524187 34.1777879304 966.814281044
