Time S I R
1 1000 1 0
2 999.379143991 1.56962662148 0.0512293878646
3 998.405598669 2.4627765866 0.13162474411
4 996.880462093 3.86180967684 0.257728229827
5 994.494751344 6.04987425055 0.455374405224
6 990.771541972 9.46368175835 0.764776269525
7 984.982007789 14.7697832951 1.24820891584
8 976.029862085 22.9687919876 2.00134592735
9 962.307140846 35.5235144018 3.16934475233
10 941.548918489 54.4828758172 4.96820569363
11 910.769574438 82.5205956856 7.70982987653
12 866.456034457 122.719728462 11.8242370812
13 805.284239058 177.852062074 17.8636988673
14 725.552741179 248.983222342 26.4640364797
15 629.028531288 333.731622302 38.2398464102
16 522.025290221 425.353991657 53.6207181217
17 414.270359437 514.037751229 72.691889334
18 315.593932236 590.272115602 95.1339521621
19 232.594812395 648.099217935 120.305969671
20 167.436556989 686.144177923 147.419265088
21 118.830414979 706.464505306 175.705079715
22 83.7995836175 712.684616455 204.515799928
23 59.07381144 708.56901275 233.35717581
24 41.806153217 697.316388475 261.877458308
25 29.7868001187 681.373815021 289.83938486
26 21.4066735617 662.502719056 317.090607382
27 15.5346751413 641.926573496 343.538751363
28 11.3907864948 620.476575835 369.13263767
29 8.4416692561 598.70943211 393.848898634
30 6.32339200799 576.993947415 417.682660577
31 4.78717676209 555.571564179 440.641259059
32 3.66214360741 534.597887194 462.739969199
33 2.83020357947 514.170666018 483.999130402
34 2.20897037153 494.348840654 504.442188975
35 1.74070930116 475.164861772 524.094428927
36 1.38448690067 456.633453651 542.982059448
37 1.11105604425 438.757318588 561.131625367
38 0.89936502374 421.531025384 578.569609593
39 0.734123195717 404.943720068 595.322156736
40 0.604024241972 388.981093254 611.414882504
41 0.500802948908 373.626411643 626.872785408
42 0.418312255691 358.861531672 641.720156072
43 0.351910011775 344.667563921 655.980526067
44 0.298075887231 331.025273387 669.676650726
45 0.254141304117 317.91535107 682.830507626
46 0.218059750811 305.318646775 695.463293474
47 0.188248009359 293.216317147 707.595434843
48 0.163437631634 281.589965421 719.246596948
49 0.142693351604 270.421591958 730.43571469
50 0.125254695805 259.693741896 741.181003409
51 0.110524490973 249.38950075 751.499974759
52 0.0980093904163 239.492516254 761.409474356
53 0.0873274577023 229.986979947 770.925692595
54 0.0781685329572 220.85766001 780.064171457
55 0.070281558988 212.089860856 788.839857585
56 0.0634587186069 203.66941527 797.267126011
57 0.0575304574159 195.582665581 805.359803962
58 0.05235925027 187.816488147 813.131152602
59 0.047830328925 180.358247752 820.593921919
60 0.0438460153603 173.195787565 827.76036642
61 0.040332189847 166.317442009 834.642225801
62 0.0372225535366 159.711971372 841.250806075
63 0.0344593591479 153.368584339 847.596956302
64 0.0320049481019 147.277029159 853.690965893
65 0.0298125549396 141.427258401 859.542929044
66 0.0278489400098 135.809704264 865.162446796
67 0.026085082158 130.415162169 870.558752749
68 0.0244957704696 125.234786285 875.740717945
69 0.0230616896179 120.260111789 880.716826522
70 0.0217629089609 115.482951829 885.495285262
71 0.0205849817465 110.89549852 890.083916499
72 0.0195141629695 106.490215229 894.490270608
73 0.0185385717491 102.259867355 898.721594073
74 0.0176481368219 98.197530516 902.784821347
75 0.0168333393586 94.2965535073 906.686613153
76 0.0160881056191 90.5505442417 910.433367653
77 0.0154054565937 86.9533454744 914.031249069
78 0.0147769448245 83.4990158683 917.486207187
79 0.0141942090187 80.1818386797 920.803967111
80 0.0136548498756 76.9964013976 923.989943752
81 0.0131561525209 73.9374942525 927.049349595
82 0.0126958127968 71.0001141261 929.987190061
83 0.0122695508337 68.1794240142 932.808306435
84 0.0118737798226 65.4707822314 935.517343989
85 0.0115052095695 62.8697303272 938.118764463
86 0.011161974747 60.3720036372 940.616834388
87 0.0108419994223 57.9734983203 943.01565968
88 0.0105434042662 55.6702731469 945.319183449
89 0.0102644213977 53.4585457149 947.531189864
90 0.010003481796 51.3346815459 949.655314972
91 0.00975916543814 49.2951904975 951.695050337
92 0.00953019611359 47.3367227238 953.65374708
93 0.0093153764725 45.4560585129 955.534626111
94 0.00911362667841 43.650106606 957.340779767
95 0.00892400951489 41.9159011964 959.075174794
96 0.00874563949969 40.2505914093 960.740662951
97 0.00857771617325 38.6514410926 962.339981191
98 0.008419515887 37.115824323 963.875756161
99 0.00827035581324 35.6412159497 965.350513694
100 0.00812959380801 34.2251885459 966.76668186
