Time S I R
1 1000 1 0
2 999.377779804 1.57083109016 0.0513891057948
3 998.4013495 2.46655356887 0.132096930838
4 996.870531186 3.87068155133 0.258787263127
5 994.474133095 6.06836281465 0.457504090057
6 990.731489622 9.49969448822 0.768815890214
7 984.907596822 14.8368111419 1.25559203568
8 975.896314563 23.0892049686 2.01448046818
9 962.074737116 35.7330672337 3.19219565043
10 941.157054571 54.83581058 5.00713484858
11 910.132407244 83.0929058227 7.77468693303
12 865.465663097 123.604822407 11.9295144965
13 803.831076958 179.139706909 18.0292161325
14 723.570567157 250.71523909 26.7141937528
15 626.553306527 335.846222432 38.600471041
16 519.227497957 427.658881392 54.1136206511
17 411.416970874 516.253777314 73.3292518115
18 312.950817991 592.133531102 95.9156509074
19 230.338581284 649.440236516 121.221182199
20 165.62883557 686.920360521 148.450803909
21 117.446066006 706.720101406 176.833832588
22 82.7704801715 712.505818236 205.723701592
23 58.3222032055 708.049233558 234.628563236
24 41.2620950472 696.538568184 263.199336769
25 29.394085176 680.404746562 291.201168262
26 21.1228329564 661.393480765 318.483686279
27 15.3287012374 640.715230519 344.956068244
28 11.2404529815 619.191215648 370.568331371
29 8.33119192171 597.370778579 395.2980295
30 6.24159658818 575.617399707 419.141003704
31 4.72614199623 554.168704456 442.105153548
32 3.61623419277 533.177558739 464.206207068
33 2.79540037296 512.73972313 485.464876497
34 2.18238224182 492.912698385 505.904919374
35 1.7202439451 473.727870526 525.551885529
36 1.36861797723 455.199167489 544.432214533
37 1.09866452096 437.328680671 562.572654808
38 0.889626827241 420.110502354 579.999870818
39 0.72641303856 403.533418198 596.740168763
40 0.597886193932 387.582799221 612.819314585
41 0.49588871616 372.241669773 628.262441511
42 0.414355330456 357.491680652 643.093964017
43 0.348706433228 343.313765835 657.337527732
44 0.295470667745 329.688535227 671.015994105
45 0.252013669039 316.596548118 684.151438213
46 0.216315280193 304.018537418 696.765147302
47 0.186810474605 291.935558338 708.877631188
48 0.162248365543 280.32911736 720.508634274
49 0.141709235684 269.18112834 731.677162424
50 0.124436979761 258.474064077 742.401498943
51 0.109844167528 248.190938816 752.699217016
52 0.0974187627201 238.315196432 762.587384805
53 0.0868542186323 228.831396035 772.081749746
54 0.0777737506546 219.723825138 781.198401112
55 0.0699519682371 210.977881656 789.952166376
56 0.0631837353235 202.579352969 798.357463296
57 0.057301733642 194.514546544 806.428151722
58 0.0521694981126 186.770294774 814.177535728
59 0.0476732442901 179.333925567 821.618401188
60 0.0437166189923 172.193253913 828.763029468
61 0.0402272634 165.336592549 835.623180187
62 0.037137563687 158.752660437 842.210201999
63 0.0343923688758 152.430664331 848.5349433
64 0.0319534953386 146.360319032 854.607727473
65 0.0297740413498 140.531550664 860.438675294
66 0.0278218375707 134.93478262 866.037395542
67 0.0260675968021 129.560787537 871.413144866
68 0.0244868332044 124.4007122 876.574800967
69 0.0230601189597 119.446074105 881.530865776
70 0.0217677940645 114.688677575 886.28955463
71 0.0205956076762 110.120706066 890.858698327
72 0.0195297250257 105.734607987 895.245862288
73 0.0185585289958 101.523147112 899.458294359
74 0.0176719312021 97.4793929688 903.5029351
75 0.0168605834681 93.5966885971 907.386450819
76 0.0161186179873 89.8686358931 911.115245489
77 0.0154387161164 86.2890705118 914.695490772
78 0.0148121656989 82.8520435593 918.133144275
79 0.0142311445853 79.5518435417 921.433925314
80 0.0136935276204 76.3830600243 924.603246448
81 0.0131966315922 73.3404823411 927.646321027
82 0.0127379067886 70.4191034066 930.568158687
83 0.0123130112573 67.614085262 933.373601727
84 0.0119183376171 64.9207862804 936.067295382
85 0.0115507844569 62.3347518839 938.653697332
86 0.0112084883636 59.8517186821 941.13707283
87 0.010889369539 57.4675842693 943.521526361
88 0.0105915449889 55.1784103456 945.810998109
89 0.0103132591348 52.9804169727 948.009269768
90 0.0100529498459 50.869972397 950.119974653
91 0.0098092090642 48.8435902975 952.146600493
92 0.00958076126608 46.8979239028 954.092495336
93 0.00936640911004 45.0297568516 955.960876739
94 0.00916509245519 43.2360027122 957.754832195
95 0.00897587174711 41.5136992251 959.477324903
96 0.00879786421899 39.8599995381 961.131202598
97 0.00863027786829 38.2721727643 962.719196958
98 0.00847238778761 36.7475967078 964.243930904
99 0.00832351127519 35.2837503714 965.707926117
100 0.00818300867729 33.8782110135 967.113605978
