Time S I R
1 1000 1 0
2 999.377548107 1.57122189841 0.0512299941289
3 998.400511728 2.46778033481 0.13170793735
4 996.868364543 3.8735666889 0.258068768592
5 994.469297816 6.07438439877 0.45631778519
6 990.721580999 9.5114460181 0.766972983018
7 984.888421788 14.8587379522 1.25284025952
8 975.860781825 23.128726902 2.01049127259
9 962.011286673 35.8021597606 3.18655356648
10 941.047754712 54.9529164276 4.99932886039
11 909.951394767 83.2845107702 7.76409446272
12 865.179663392 123.904992768 11.9153438404
13 803.404948445 179.584721552 18.010330003
14 722.980410609 251.330889822 26.6886995693
15 625.804446741 336.630528016 38.5650252431
16 518.365735041 428.571607893 54.0626570666
17 410.519463401 517.225860926 73.2546756734
18 312.098344919 593.094153187 95.8075018944
19 229.588713543 650.342134649 121.069151808
20 165.006337181 687.747783516 148.245879303
21 116.949374359 707.481248646 176.569376995
22 82.3836789381 713.220546815 205.395774246
23 58.0247735581 708.739542125 234.235684317
24 41.0344069117 697.223595819 262.741997269
25 29.2196062774 681.099090393 290.68130333
26 20.9885214965 662.107262911 317.904215593
27 15.2246197541 641.454843734 344.320536512
28 11.1591585525 619.960198395 369.880643053
29 8.26715350342 598.170586041 394.562260455
30 6.19070766726 576.448021757 418.361270575
31 4.68534601621 555.029128577 441.285525407
32 3.58324507662 534.066108253 463.35064667
33 2.76849907785 513.654298299 484.577202623
34 2.16026641309 493.850950022 504.988783565
35 1.7019191513 474.68732221 524.610758639
36 1.35331891607 456.177300621 543.469380463
37 1.08579860118 438.322992141 561.591209258
38 0.87873264028 421.11854428 579.002723079
39 0.717123809414 404.552831095 595.730045096
40 0.589915518526 388.611319548 611.798764933
41 0.489007483945 373.277147402 627.233845114
42 0.408379082185 358.532084486 642.059536432
43 0.343486325457 344.357185476 656.299328198
44 0.29088630028 330.733180505 669.975933195
45 0.24796669904 317.640748228 683.111285073
46 0.212724781002 305.06073821 695.726537009
47 0.183609005058 292.974319289 707.842071706
48 0.159380404629 281.36310564 719.477513956
49 0.139129211955 270.209114717 730.651756071
50 0.122105805931 259.494919472 741.382974722
51 0.107729265783 249.203628277 751.688642457
52 0.0954935780217 239.318781602 761.58572482
53 0.0850929923374 229.82500344 771.089903567
54 0.0761576421932 220.706681082 780.217161276
55 0.0684636986305 211.949280741 788.982255561
56 0.0618084706133 203.538660584 797.399530946
57 0.0560268921294 195.461197734 805.482775374
58 0.0509841070083 187.703786846 813.245229047
59 0.0465675327345 180.253812557 820.699619911
60 0.0426823041062 173.099147565 827.858170131
61 0.0392574521006 166.228157404 834.732585144
62 0.0362253592451 159.629602941 841.334171699
63 0.0335325667227 153.292745892 847.673721542
64 0.0311411287615 147.207336883 853.761521988
65 0.0290045699439 141.363340371 859.607655059
66 0.0270914214007 135.751218658 865.221689921
67 0.0253726965244 130.36177663 870.612850674
68 0.0238243883641 125.18619388 875.789981732
69 0.0224273528618 120.216016139 880.761556509
70 0.0211622244069 115.443074872 885.535762903
71 0.0200150207052 110.859578591 890.120406389
72 0.0189721283655 106.457998644 894.523029227
73 0.0180221266241 102.231120102 898.750857772
74 0.0171550708326 98.172031344 902.810813585
75 0.0163617810815 94.2740925036 906.709545715
76 0.015636516738 90.5309214696 910.453442014
77 0.0149720158952 86.9363681616 914.048659822
78 0.0143596413403 83.4844966506 917.501143708
79 0.0137919084377 80.1696112024 920.816596889
80 0.0132667587984 76.9863119129 924.000421328
81 0.0127815329888 73.9293970388 927.057821428
82 0.0123336214211 70.9938663744 929.993800004
83 0.0119187886073 68.1748904086 932.813190803
84 0.01153349725 65.467834585 935.520631918
85 0.0111747532674 62.8682512236 938.120574023
86 0.0108407117202 60.3718817125 940.617277576
87 0.0105293302604 57.9746280531 943.014842617
88 0.0102387599113 55.6725558178 945.317205422
89 0.00996728464929 53.4618882059 947.528144509
90 0.00971337463989 51.3389959825 949.651290643
91 0.00947565178171 49.3003948778 951.69012947
92 0.00925286677705 47.3427395911 953.648007542
93 0.0090438499642 45.4628149778 955.528141172
94 0.00884755555933 43.6575346424 957.333617802
95 0.00866307292665 41.9239370024 959.067399925
96 0.0084895358757 40.2591748065 960.732335658
97 0.00832616421133 38.6605157691 962.331158067
98 0.0081722451207 37.1253363303 963.866491425
99 0.00802711642393 35.6511152334 965.34085765
100 0.0078901691179 34.2354305123 966.756679319
