Time S I R
1 1000 1 0
2 999.379145406 1.56965087944 0.0512037142848
3 998.405587263 2.46285271484 0.131560022448
4 996.880407076 3.86198871715 0.257604207267
5 994.494591453 6.05024805845 0.455160488296
6 990.771161711 9.46441189937 0.764426389264
7 984.981198188 14.7711478229 1.24765398946
8 976.028259012 22.9712580558 2.00048293197
9 962.304134913 35.527843885 3.16802120194
10 941.543540008 54.4902618136 4.96619817842
11 910.76038493 82.5327995105 7.70681555955
12 866.441114424 122.739127526 11.8197580505
13 805.261436375 177.881441797 17.8571218273
14 725.52034868 249.025135964 26.4545153559
15 628.986309101 333.787386903 38.2263039962
16 521.97525166 425.422876625 53.6018717149
17 414.21651453 514.117143067 72.6663424037
18 315.540906636 590.35874679 95.100346574
19 232.546294381 648.190553098 120.263152521
20 167.394549479 686.239040969 147.366409552
21 118.795393562 706.56287843 175.641728008
22 83.7710635044 712.787098656 204.44183784
23 59.0508817801 708.676348799 233.272769421
24 41.7878191772 697.42919967 261.782981153
25 29.7721504421 681.492497455 289.735352103
26 21.3949404069 662.627436516 316.977623077
27 15.5252384578 642.057292424 343.417469118
28 11.3831566781 620.613110752 369.00373257
29 8.43546395131 598.851488238 393.713047811
30 6.3183139085 577.141156003 417.540530088
31 4.78299472605 555.723510014 440.49349526
32 3.65867756098 534.754129187 462.587193252
33 2.82731275228 514.330752282 483.841934966
34 2.20654435248 494.512319209 504.281136439
35 1.73866094628 475.331288442 523.930050612
36 1.3827470832 456.802397351 542.814855566
37 1.10956969178 438.928364839 560.96206547
38 0.898088077923 421.703778596 578.398133326
39 0.733019955431 405.117805266 595.149174778
40 0.603066035725 389.156156222 611.240777742
41 0.499966347227 373.802119593 626.69791406
42 0.417578135882 359.037572936 641.544848928
43 0.351262663007 344.84364762 655.805089717
44 0.297502355047 331.201128851 669.501368794
45 0.253630841187 318.090727188 682.655641971
46 0.217603409029 305.493311227 695.289085364
47 0.187838286098 293.39005563 707.422106084
48 0.163068218181 281.762580783 719.074350999
49 0.142358970716 270.592903324 730.264737706
50 0.124950849047 259.863583896 741.011465255
51 0.11024736631 249.557722656 751.332029978
52 0.0977557251549 239.658981196 761.243263079
53 0.0870944537045 230.151564117 770.761341429
54 0.077953787395 221.02025187 779.901794343
55 0.0700829935682 212.250360343 788.679556663
56 0.063274531425 203.827733207 797.108992262
57 0.0573591062175 195.738723255 805.203917639
58 0.0521993778873 187.97021622 812.977584402
59 0.0476807367049 180.509585769 820.442733494
60 0.0437056675381 173.344683695 827.611610637
61 0.0402002146569 166.463852267 834.495947518
62 0.0370980958982 159.85585834 841.107043564
63 0.0343417360441 153.509918277 847.455739987
64 0.0318935438168 147.415786299 853.552320157
65 0.0297067950626 141.563420624 859.406872581
66 0.0277483289378 135.943259129 865.028992542
67 0.0259891713783 130.546102209 870.427908619
68 0.0244041600899 125.363108736 875.612487104
69 0.0229740234317 120.385818228 880.591207748
70 0.0216788637532 115.606047768 885.372273368
71 0.020504266993 111.015993137 889.963502596
72 0.0194365213856 106.608121234 894.372442245
73 0.0184637672344 102.375200446 898.606335786
74 0.0175759538613 98.3103091483 902.672114898
75 0.0167635806496 94.4067986309 906.576437788
76 0.0160205882725 90.6582791565 910.325700255
77 0.0153400128472 87.0585956252 913.926064362
78 0.014713423416 83.6018086704 917.383477906
79 0.0141324868196 80.2822035224 920.703663991
80 0.0135948155644 77.0943692167 923.892035968
81 0.0130976953094 74.0330972127 926.953805092
82 0.0126388200454 71.0933854462 929.893975734
83 0.012213922825 68.270398062 932.717388015
84 0.0118194279886 65.5594943687 935.428686203
85 0.0114520557064 62.9562167822 938.032331162
86 0.01110994435 60.4563012921 940.532588764
87 0.010791022824 58.0556446301 942.933564347
88 0.0104934163978 55.7503060351 945.239200549
89 0.0102153624065 53.5365034885 947.453281149
90 0.00995529616648 51.4106028009 949.579441903
91 0.00971180155761 49.3691140285 951.62117417
92 0.00948360597158 47.4086874605 953.581828933
93 0.00926951546774 45.5261034521 955.464627032
94 0.00906845301972 43.718270724 957.272660823
95 0.00887948425986 41.9822234057 959.00889711
96 0.00870172630607 40.3151105035 960.67618777
97 0.00853438094009 38.7141956685 962.277269951
98 0.00837672679404 37.1768527728 963.8147705
99 0.00822808312637 35.7005564098 965.291215507
100 0.00808780969351 34.282878849 966.709033341
