Time S I R
1 1000 1 0
2 999.377547037 1.57119604505 0.0512569181153
3 998.400525048 2.46769912011 0.131775831576
4 996.868425588 3.87337550064 0.2581989116
5 994.469472821 6.07398484747 0.456542331263
6 990.72199476 9.51066487392 0.767340366092
7 984.889300042 14.8572768317 1.25342312648
8 975.862517848 23.1260841705 2.01139798112
9 962.014538436 35.797517046 3.18794451837
10 941.053568488 54.944992432 5.00143908042
11 909.961320313 83.2714160956 7.76726359176
12 865.195762295 123.884184035 11.9200536701
13 803.429516931 179.553236074 18.0172469946
14 723.015238348 251.286047275 26.6987143769
15 625.849715238 336.571012612 38.5792721508
16 518.419198771 428.498314616 54.0824866121
17 410.576773912 517.141669099 73.2815569884
18 312.154565359 593.002573673 95.8428609681
19 229.639969088 650.245835566 121.114195346
20 165.050573591 687.647957887 148.301468523
21 116.986153784 707.377861975 176.635984241
22 82.4135623168 713.112926249 205.473511434
23 58.0487531724 708.626876415 234.324370413
24 41.0535494348 697.105215422 262.841235143
25 29.2348806931 680.974570519 290.790548788
26 21.0007403091 661.976427184 318.022832506
27 15.2344366497 641.31772554 344.44783781
28 11.1670883638 619.816991713 370.015919923
29 8.27359736498 598.021600114 394.704802521
30 6.19597701341 576.293643498 418.510379489
31 4.68968259601 554.869793627 441.440523777
32 3.58683696855 533.902279301 463.510883731
33 2.77149314332 513.486449225 484.742057632
34 2.16277774858 493.679554638 505.157667613
35 1.70403851432 474.512846037 524.783115448
36 1.35511824086 456.000195357 543.644686402
37 1.08733515296 438.143691994 561.768972853
38 0.880052186549 420.937463609 579.182484205
39 0.718263455031 404.370362555 595.91137399
40 0.590905036664 388.427834011 611.981260953
41 0.489871133659 373.092993324 627.417135543
42 0.409136707615 358.3475881 642.243275193
43 0.344154218344 344.172651225 656.483194556
44 0.291477884904 330.548891656 670.159630459
45 0.248493095416 317.456967565 683.29453934
46 0.213195254144 304.877708814 695.909095932
47 0.184031329413 292.792265358 708.023703312
48 0.159761098053 281.18223343 719.658005472
49 0.139473734744 270.029613425 730.83091284
50 0.12241880769 259.316962058 741.560619134
51 0.10801468999 249.027372374 751.864612936
52 0.0957547806677 239.144370161 761.759875059
53 0.0853328959618 229.652566248 771.262100856
54 0.0763787133296 220.536334582 780.387286705
55 0.0686680826631 211.781129492 789.150202425
56 0.0619980294059 203.37279781 797.565204161
57 0.0562032220755 195.297705772 805.646091006
58 0.051148600885 187.542737986 813.406113413
59 0.0467214324738 180.095269936 820.858008632
60 0.0428266737513 172.94316534 828.014007986
61 0.0393931988463 166.07478157 834.885825231
62 0.0363533589496 159.478872412 841.48477423
63 0.0336535184604 153.144691638 847.821654844
64 0.031255678614 147.061983794 853.906760528
65 0.0291133057168 141.220707218 859.750179476
66 0.0271948543942 135.611318349 865.361486797
67 0.0254712892704 130.224616861 870.74991185
68 0.023918553034 125.051777433 875.924304014
69 0.0225174563716 120.084341249 880.893141295
70 0.0212486000332 115.314135667 885.664615733
71 0.0200979672743 110.733365342 890.246536691
72 0.0190519113091 106.334497957 894.646450131
73 0.0180989894538 102.110315459 898.871585551
74 0.0172292356021 98.0539033473 902.928867417
75 0.0164334515885 94.1586191336 906.824947415
76 0.0157058817574 90.4180782363 910.566215882
77 0.0150392470744 86.8261283245 914.158832428
78 0.0144248921092 83.3768313904 917.608743718
79 0.0138553033096 80.0644896443 920.921655052
80 0.0133284163237 76.8837016601 924.102969924
81 0.0128415699874 73.8292643904 927.15789404
82 0.0123921535868 70.8961764796 930.091431367
83 0.0119759170026 68.0796071983 932.908416885
84 0.0115893116812 65.3749209548 935.613489733
85 0.0112293349733 62.7776691974 938.211101468
86 0.0108941377109 60.2835926237 940.705513239
87 0.0105816724591 57.8885926337 943.100825694
88 0.0102900851087 55.588734313 945.400975602
89 0.0100176544355 53.3802404596 947.609741886
90 0.00976284611477 51.2594815375 949.730755616
91 0.00952427807988 49.222973074 951.767502648
92 0.00930069725916 47.2673696236 953.723329679
93 0.00909093046289 45.389455973 955.601453097
94 0.00889392917713 43.5861457598 957.404960311
95 0.00870877969157 41.8544774599 959.13681376
96 0.00853461317251 40.1916039519 960.799861435
97 0.00837064706889 38.5947931492 962.396836204
98 0.00821616623705 37.0614217102 963.930362124
99 0.00807050641731 35.5889686562 965.402960837
100 0.00793305667764 34.1750123519 966.817054591
