Time S I R
1 1000 1 0
2 999.377548442 1.57122032727 0.0512312308042
3 998.400513563 2.46777540049 0.131711036273
4 996.868370258 3.87355507687 0.258074665265
5 994.469311983 6.07436014298 0.456327873654
6 990.72161204 9.51139862808 0.766989331756
7 984.888484686 14.8586493928 1.25286592148
8 975.860902337 23.1285669379 2.01053072482
9 962.011507405 35.8018792725 3.18661332256
10 941.048142688 54.952439005 4.99941830724
11 909.952048134 83.2837248861 7.76422697968
12 865.180710875 123.903750865 11.9155382602
13 803.406530284 179.58285727 18.0106124462
14 722.982630391 251.328264064 26.6891055447
15 625.807302287 336.627096237 38.5656014766
16 518.369070517 428.56746774 54.0634617429
17 410.522995963 517.221228672 73.2557753647
18 312.101764666 593.089270741 95.8089645931
19 229.591786807 650.337175129 121.071038064
20 165.008949491 687.742815525 148.248234984
21 116.951512469 707.476257558 176.572229973
22 82.385389018 713.215476056 205.399134926
23 58.0261248369 708.73432669 234.239548473
24 41.0354698586 697.218180502 262.74634964
25 29.2204427949 681.093436229 290.686120976
26 20.9891821611 662.101347194 317.909470645
27 15.2251443575 641.4486574 344.326198242
28 11.1595778142 619.953742822 369.886679364
29 8.26749092533 598.163870158 394.568638917
30 6.19098119319 576.441059677 418.36795913
31 4.68556936328 555.0219378 441.292492837
32 3.58342876819 534.058708333 463.357862899
33 2.76865122472 513.646709877 484.584638898
34 2.16039329923 493.84319414 504.996412561
35 1.70202567936 474.679419812 524.618554509
36 1.35340893492 456.169272215 543.47731885
37 1.0858751479 438.314857573 561.599267279
38 0.87879812238 421.110322587 579.010879291
39 0.717180167041 404.544540378 595.738279455
40 0.589964295684 388.602976963 611.807058742
41 0.48904993156 373.268769105 627.242180963
42 0.408416218928 358.523685635 642.067898146
43 0.343518983407 344.348780238 656.307700778
44 0.290915161418 330.724782085 669.984302754
45 0.247992325965 317.632368892 683.119638782
46 0.212747640857 305.052389319 695.73486304
47 0.183629489083 292.966011333 707.850359178
48 0.159398839127 281.354848283 719.485752878
49 0.139145868789 270.200916836 730.659937296
50 0.122120917015 259.48678919 741.391089893
51 0.107743026915 249.195573008 751.696683965
52 0.0955061539463 239.310808069 761.593685777
53 0.0851045306706 229.817117784 771.097777686
54 0.0761682629268 220.698888795 780.224942942
55 0.0684735075382 211.941586773 788.989939719
56 0.0618175592197 203.531069359 797.407113082
57 0.0560353387269 195.453713168 805.490251493
58 0.0509919798266 187.696412386 813.252595634
59 0.0465748926291 180.246551228 820.70687388
60 0.0426892030512 173.09200197 827.865308827
61 0.0392639341812 166.221129765 834.739606301
62 0.0362314673474 159.622695154 841.341073379
63 0.0335383346024 153.285959473 847.680502192
64 0.0311465879171 147.200673073 853.768180339
65 0.0290097490124 141.356800123 859.614190128
66 0.0270963451343 135.744802649 865.228101006
67 0.0253773874147 130.355485296 870.619137317
68 0.0238288663047 125.180027425 875.796143709
69 0.0224316356456 120.209974555 880.76759381
70 0.02116632813 115.437157959 885.541675713
71 0.0200189597811 110.853785965 890.126195075
72 0.0189759156375 106.452329755 894.52869433
73 0.018025773825 102.225574247 898.756399979
74 0.0171585886803 98.1666076882 902.816233723
75 0.0163651793644 94.2687900871 906.714844734
76 0.0156398044937 90.525739217 910.458620979
77 0.0149752014333 86.9313048923 914.053719906
78 0.0143627321772 83.4795510869 917.506086181
79 0.0137949105322 80.164781967 920.821423123
80 0.0132696778008 76.9815975561 924.005132766
81 0.0127843744393 73.9247960486 927.062419577
82 0.0123363908856 70.9893771853 929.998286424
83 0.0119214909514 68.1705113971 932.817567112
84 0.0115361368184 65.4635640783 935.524899785
85 0.0111773339379 62.8640875062 938.12473516
86 0.0108432371818 60.3678230357 940.621333727
87 0.0105318039558 57.9706726391 943.018795557
88 0.0102411850404 55.6687018647 945.32105695
89 0.00996966416062 53.4581338921 947.531896444
90 0.00971571126684 51.335339471 949.654944818
91 0.00947794806598 49.296834321 951.693687731
92 0.00925512508036 47.3392731335 953.651471741
93 0.00904607248106 45.4594407597 955.531513168
94 0.0088497443478 43.6542508043 957.336899451
95 0.00866522990043 41.9207416864 959.070593084
96 0.00849166282171 40.2560661599 960.735442177
97 0.00832826280248 38.6574919471 962.33417979
98 0.00817431691905 37.1223954973 963.869430186
99 0.00802916289217 35.6482555658 965.343715271
100 0.00789219162618 34.232650201 966.759457607
