Time S I R
1 1000 1 0
2 999.38446928 1.56028311771 0.0552476024944
3 998.425007783 2.43355924593 0.141432970955
4 996.93082762 3.79335691033 0.275815469959
5 994.607266766 5.9075423378 0.48519089583
6 991.002043467 9.18692954606 0.811026987414
7 985.42760118 14.2552190422 1.31717977823
8 976.854410701 22.0443583737 2.10123092526
9 963.777412592 33.912061482 3.31052592586
10 944.078832371 51.757683135 5.16348449357
11 914.958059311 78.0671298803 7.97481080883
12 873.080639242 115.740745607 12.1786151513
13 815.184292836 167.480508756 18.3351984079
14 739.340179489 234.562123297 27.0976972135
15 646.670895244 315.214948661 39.1141560941
16 542.551436883 403.582157022 54.8664060942
17 435.921050542 490.577932016 74.5010174416
18 336.432025191 566.821389718 97.7465850908
19 251.158774539 625.866091497 123.975133964
20 183.025463531 665.604130826 152.370405643
21 131.395392031 687.497070026 182.107537943
22 93.672011261 694.855314043 212.472674696
23 66.7255791515 691.364794444 242.909626404
24 47.7062777998 680.277523369 273.016198831
25 34.3389396623 664.143359379 302.517700959
26 24.9337643805 644.83020949 331.236026129
27 18.2854697746 623.652222443 359.062307783
28 13.5530108485 601.511193438 385.935795714
29 10.1558113457 579.015708888 411.828479766
30 7.6943614156 556.571312445 436.734326139
31 5.8933750225 534.4448013 460.661823678
32 4.5625058076 512.808511463 483.62898273
33 3.56924999667 491.770869857 505.659880147
34 2.82064836445 471.397020958 526.782330677
35 2.25096954992 451.722709633 547.026320817
36 1.81339428005 432.763660155 566.422945565
37 1.47422100384 414.52211138 585.003667616
38 1.20901025892 396.991152627 602.799837114
39 0.999919849155 380.157717403 619.842362748
40 0.83366259905 364.004868819 636.161468582
41 0.700436228913 348.512975156 651.786588615
42 0.592883623623 333.660856272 666.746260104
43 0.505426283773 319.426506116 681.068067601
44 0.433810486888 305.787572276 694.778617237
45 0.374780578494 292.721682124 707.903537297
46 0.325815388968 280.206705932 720.467478679
47 0.284960175685 268.220909599 732.494130226
48 0.250658500886 256.743106623 744.006234876
49 0.22169563608 245.752683246 755.025621118
50 0.197108518206 235.229662655 765.573228827
51 0.176136755834 225.154727027 775.669136217
52 0.158154330227 215.50925811 785.33258756
53 0.1426659009 206.275308829 794.58202527
54 0.129262670147 197.43561823 803.4351191
55 0.117614170701 188.97358728 811.908798549
56 0.107451144834 180.873273668 820.019275187
57 0.0985481511157 173.119369085 827.782082763
58 0.0907247312742 165.69717568 835.212099588
59 0.0838176751978 158.592625242 842.323557083
60 0.0776906735401 151.792218893 849.130090433
61 0.0722395064222 145.282971321 855.644789173
62 0.0673829288449 139.052519202 861.880097869
63 0.0630441923406 133.088969447 867.84798636
64 0.0591501535386 127.380893562 873.559956285
65 0.055651719421 121.917433969 879.026914312
66 0.0524983615009 116.688114181 884.259387458
67 0.0496459750827 111.682906315 889.26744771
68 0.0470637681096 106.892291068 894.060645164
69 0.0447160206656 102.307008915 898.648275064
70 0.0425785344105 97.9183073335 903.039114132
71 0.0406302655099 93.7178099637 907.241559771
72 0.0388503637988 89.6974390504 911.263710586
73 0.0372204199108 85.8494707763 915.113308804
74 0.0357235671161 82.1665076503 918.797768783
75 0.0343483318177 78.6415033104 922.324148358
76 0.0330818972519 75.2676772909 925.699240812
77 0.0319121595228 72.0385298862 928.929557954
78 0.030831472034 68.9478831192 932.021285409
79 0.0298314608254 65.9897999498 934.980368589
80 0.0289045898115 63.1585962975 937.812499113
81 0.0280445923429 60.4488375807 940.523117827
82 0.0272454527989 57.855314801 943.117439746
83 0.0265018597057 55.3730436901 945.60045445
84 0.025809234086 52.9972569138 947.976933852
85 0.0251632690459 50.7233863575 950.251450373
86 0.024560131013 48.547061319 952.42837855
87 0.0239964472497 46.4641012239 954.511902329
88 0.0234690513413 44.4704999191 956.50603103
89 0.0229751466119 42.5624264503 958.414598403
90 0.0225121937498 40.7362137562 960.24127405
91 0.0220778394212 38.9883491703 961.98957299
92 0.0216699300272 37.3154695837 963.662860486
93 0.0212864996446 35.7143586438 965.264354857
94 0.0209258004109 34.1819386237 966.797135576
95 0.0205863323542 32.7152666543 968.264147013
96 0.0202666924561 31.3115249044 969.668208403
97 0.0199653838151 29.9680093798 971.012025236
98 0.019681178811 28.6821369134 972.298181908
99 0.0194129927854 27.4514364323 973.529150575
100 0.0191597590298 26.2735405643 974.707299677
