Time S I R
1 1000 1 0
2 999.377547371 1.57119447394 0.051258154765
3 998.400526884 2.46769418595 0.13177893036
4 996.868431303 3.87336388919 0.258204807847
5 994.469486988 6.07396059327 0.456552418683
6 990.7220258 9.5106174878 0.767356712567
7 984.889362935 14.857188281 1.2534487839
8 975.862638351 23.1259242246 2.01143742472
9 962.014759148 35.7972365938 3.18800425866
10 941.053956424 54.944515077 5.00152849934
11 909.961973608 83.2706303312 7.76739606074
12 865.196809661 123.882942329 11.9202480099
13 803.4310986 179.551372092 18.0175293084
14 723.017457923 251.283421926 26.699120151
15 625.852570587 336.567581329 38.5798480837
16 518.422534135 428.494175005 54.0832908602
17 410.580306505 517.137037396 73.2826560991
18 312.157985292 592.997691791 95.8443229171
19 229.643042661 650.240876663 121.116080676
20 165.05318628 687.642990621 148.303823099
21 116.988292296 707.372871767 176.638835937
22 82.4152727893 713.107856554 205.476870656
23 58.0501048177 708.621662244 234.328232938
24 41.0546127151 697.099801577 262.845585708
25 29.2357175104 680.968918039 290.795364451
26 21.0014012417 661.970513364 318.028085395
27 15.2349614922 641.311541315 344.453497192
28 11.1675078389 619.810538462 370.021953699
29 8.27393497768 598.014886766 394.711178257
30 6.19625071023 576.286684164 418.517065126
31 4.68990609651 554.862605808 441.447488095
32 3.58702079822 533.89488255 463.518096652
33 2.77164541479 513.478864182 484.749490403
34 2.16290474745 493.671802342 505.16529291
35 1.70414514461 474.504947428 524.790907427
36 1.35520835265 455.99217094 543.652620708
37 1.0874117844 438.135561611 561.777026604
38 0.880117746097 420.929246291 579.190635963
39 0.718319883609 404.362076399 595.919603717
40 0.59095387897 388.419496167 611.989549954
41 0.489913641291 373.084619943 627.425466415
42 0.409173899779 358.339194332 642.251631768
43 0.344186927596 344.164251233 656.49156184
44 0.291506793646 330.540498636 670.167994571
45 0.248518766632 317.448593775 683.302887458
46 0.213218155307 304.869365608 695.917416236
47 0.184051852054 292.783963221 708.031984927
48 0.159779568739 281.173982017 719.666238415
49 0.139490425567 270.021421605 730.83908797
50 0.122433950772 259.308837946 741.568728103
51 0.108028481313 249.019323377 751.872648142
52 0.0957673851354 239.136402995 761.76782962
53 0.0853444613451 229.644687045 771.269968494
54 0.0763893597472 220.528548828 780.395061813
55 0.0686779160084 211.773442129 789.157879955
56 0.0620071413158 203.365213254 797.572779604
57 0.0562116909186 195.290227932 805.653560377
58 0.0511564949916 187.535370304 813.413473201
59 0.0467288127777 180.088015427 820.86525576
60 0.0428335923008 172.936026602 828.021139805
61 0.0393996997689 166.067760818 834.892839482
62 0.0363594852084 159.471971535 841.49166898
63 0.0336593038641 153.137912149 847.828428548
64 0.0312611546959 147.055326924 853.913411921
65 0.0291185011652 141.214173917 859.756707582
66 0.0271997939996 135.604909287 865.367890919
67 0.0254759955617 130.218332469 870.756191535
68 0.0239230459368 125.04561791 875.930459045
69 0.0225217537104 120.078306581 880.899171665
70 0.0212527179314 115.30822565 885.670521632
71 0.0201019201701 110.727579589 890.252318491
72 0.0190557120692 106.328835911 894.652108377
73 0.0181026498316 102.104776415 898.877120935
74 0.0172327663388 98.048486465 902.934280769
75 0.0164368624887 94.1533234499 906.830239688
76 0.015709181877 90.4129026723 910.571388146
77 0.0150424447515 86.8210716964 914.163885859
78 0.0144279948966 83.3718924177 917.613679587
79 0.0138583171597 80.0596669465 920.926474736
80 0.0133313468807 76.8789937842 924.107674869
81 0.0128444227895 73.8246698217 927.162485756
82 0.0123949342251 70.8916936504 930.095911415
83 0.0119786303595 68.0752344828 932.912786887
84 0.0115919621181 65.3706566782 935.61775136
85 0.0112319263696 62.773511642 938.215256432
86 0.0108966737628 60.279540039 940.709563287
87 0.0105841566168 57.8846432403 943.104772603
88 0.0102925205804 55.5848863076 945.404821172
89 0.0100200441764 53.3764920189 947.613487937
90 0.00976519286473 51.2558308235 949.734403984
91 0.00952658438655 49.2194182378 951.771055178
92 0.00930296549052 47.2639088089 953.726788226
93 0.00909316281866 45.3860873191 955.604819518
94 0.00889612772039 43.5828674064 957.408236466
95 0.00871094634056 41.8512875486 959.140001505
96 0.0085367497187 40.1885006292 960.802962621
97 0.00837275518927 38.59177457 962.399852675
98 0.00821824749767 37.0584860386 963.933295714
99 0.0080725622845 35.5861140683 965.405813369
100 0.00793508852541 34.1722370383 966.819827873
