Time S I R
1 1000 1 0
2 999.377547033 1.57119604893 0.0512569182906
3 998.400525035 2.46769913228 0.131775832225
4 996.868425557 3.87337552927 0.258198913305
5 994.469472758 6.07398490716 0.456542335108
6 990.721994636 9.5106649903 0.767340374044
7 984.889299809 14.8572770485 1.25342314202
8 975.862517429 23.1260845604 2.01139801023
9 962.014537704 35.7975177252 3.18794457112
10 941.053567249 54.9449935774 5.00143917324
11 909.961318294 83.271417956 7.76726375034
12 865.19575915 123.884186918 11.9200539325
13 803.429512308 179.55324028 18.0172474125
14 723.015232032 251.286052955 26.6987150133
15 625.849707341 336.571019589 38.57927307
16 518.419189835 428.498322301 54.0824878636
17 410.576764785 517.141676624 73.2815585914
18 312.154556885 593.002580209 95.8428629057
19 229.639961831 650.245840597 121.114197572
20 165.05056775 687.647961274 148.301470976
21 116.986149285 707.377863856 176.63598686
22 82.4135589472 713.11292689 205.473514163
23 58.0487506894 708.626876103 234.324373208
24 41.0535476187 697.105214411 262.841237971
25 29.2348793666 680.974569011 290.790551622
26 21.0007393377 661.976425333 318.022835329
27 15.2344359344 641.317723458 344.447840607
28 11.1670878334 619.81698948 370.015922687
29 8.27359696845 598.021597789 394.704805243
30 6.19597671435 576.29364112 418.510382166
31 4.68968236839 554.869791227 441.440526405
32 3.5868367937 533.902276899 463.510886307
33 2.77149300778 513.486446837 484.742060156
34 2.16277764256 493.679552274 505.157670083
35 1.70403843066 474.512843705 524.783117864
36 1.35511817426 456.000193062 543.644688764
37 1.0873350995 438.143689741 561.76897516
38 0.880052143292 420.937461399 579.182486458
39 0.718263419729 404.370360391 595.91137619
40 0.590905007645 388.427831893 611.981263099
41 0.489871109634 373.092991254 627.417137636
42 0.40913668758 358.347586078 642.243277234
43 0.344154201517 344.172649252 656.483196547
44 0.291477870681 330.548889731 670.159632399
45 0.24849308332 317.456965687 683.29454123
46 0.213195243794 304.877706982 695.909097774
47 0.184031320498 292.792263574 708.023705106
48 0.159761090329 281.182231691 719.658007219
49 0.139473728024 270.029611732 730.83091454
50 0.122418801809 259.316960409 741.560620789
51 0.108014684818 249.027370768 751.864614547
52 0.0957547761143 239.144368598 761.759876626
53 0.0853328919031 229.652564728 771.26210238
54 0.0763787097108 220.536333103 780.387288187
55 0.0686680794208 211.781128054 789.150203867
56 0.0619980264886 203.372796411 797.565205563
57 0.0562032194406 195.297704411 805.646092369
58 0.051148598496 187.542736664 813.406114737
59 0.0467214302982 180.09526865 820.858009919
60 0.0428266717629 172.943164091 828.014009237
61 0.0393931970254 166.074780356 834.885826447
62 0.0363533572732 159.478871232 841.48477541
63 0.0336535169156 153.144690493 847.82165599
64 0.0312556771856 147.061982681 853.906761641
65 0.0291133043911 141.220706138 859.750180558
66 0.0271948531608 135.6113173 865.361487847
67 0.025471288119 130.224615843 870.749912869
68 0.023918551957 125.051776444 875.924305004
69 0.0225174553614 120.084340289 880.893142256
70 0.0212485990833 115.314134735 885.664616666
71 0.0200979663795 110.733364438 890.246537596
72 0.019051910464 106.33449708 894.646451009
73 0.0180989886541 102.110314609 898.871586403
74 0.0172292348437 98.053902522 902.928868243
75 0.016433450868 94.1586183331 906.824948216
76 0.0157058810721 90.41807746 910.566216659
77 0.0150392464209 86.8261275716 914.158833182
78 0.0144248914831 83.3768306603 917.608744448
79 0.0138553027092 80.0644889364 920.921655761
80 0.0133284157479 76.8837009737 924.102970611
81 0.012841569435 73.829263725 927.157894706
82 0.012392153056 70.8961758347 930.091432012
83 0.0119759164913 68.0796065732 932.90841751
84 0.0115893111875 65.374920349 935.61349034
85 0.0112293344964 62.7776686103 938.211102055
86 0.0108941372497 60.2835920548 940.705513808
87 0.0105816720123 57.8885920825 943.100826246
88 0.0102900846756 55.588733779 945.400976136
89 0.010017654015 53.3802399422 947.609742404
90 0.00976284570595 51.2594810363 949.730756118
91 0.0095242776822 49.2229725886 951.767503134
92 0.00930069687183 47.2673691535 953.72333015
93 0.00909093008534 45.3894555176 955.601453552
94 0.00889392880867 43.5861453189 957.404960752
95 0.00870877933164 41.854477033 959.136814188
96 0.00853461282077 40.1916035385 960.799861849
97 0.00837064672476 38.594792749 962.396836604
98 0.00821616590008 37.0614213227 963.930362511
99 0.00807050608705 35.5889682811 965.402961213
100 0.00793305635386 34.1750119887 966.817054955
