Time S I R
1 1000 1 0
2 999.379142505 1.56962793596 0.0512295592792
3 998.405594041 2.46278070698 0.131625251786
4 996.880451278 3.86181935171 0.257729370097
5 994.494728894 6.04989440509 0.455376700871
6 990.77149837 9.46372100215 0.764780627751
7 984.981926801 14.7698563121 1.24821688654
8 976.029716766 22.96892312 2.0013601142
9 962.306888005 35.5237425523 3.169369443
10 941.54849222 54.4832600115 4.96824776856
11 910.768881344 82.5212186663 7.70989998987
12 866.454957004 122.720692083 11.8243509137
13 805.282657531 177.853464595 17.8638778744
14 725.550582476 248.985110426 26.4643070981
15 629.025832992 333.733930348 38.2402366597
16 522.022236483 425.356511807 53.6212517105
17 414.267240621 514.040179827 72.6925795515
18 315.591039104 590.27416197 95.1347989263
19 232.592339418 648.10069935 120.306961232
20 167.43457326 686.14504401 147.42038273
21 118.828894308 706.464803096 175.706302596
22 83.7984522083 712.684439451 204.517108341
23 59.0729845083 708.568462818 233.358552674
24 41.8055542534 697.315556282 261.878889465
25 29.7863675197 681.372773687 289.840858793
26 21.406360725 662.501524534 317.092114741
27 15.5344480055 641.925267496 343.540284499
28 11.3906206293 620.475189125 369.134190245
29 8.44154729841 598.707987384 393.850465318
30 6.3233016628 576.992461517 417.68423682
31 4.78710930903 555.570049766 440.642840925
32 3.66209283988 534.596353914 462.741553246
33 2.83016506757 514.16912134 484.000713592
34 2.20894092962 494.347290464 504.443768606
35 1.74068662232 475.163310793 524.096002585
36 1.38446930136 456.631905731 542.983624968
37 1.11104228967 438.755776908 561.133180802
38 0.899354203967 421.529492606 578.57115319
39 0.734114620735 404.942198461 595.323686918
40 0.604017408471 388.979584738 611.416397854
41 0.500797470987 373.624917877 626.874284652
42 0.418307839084 358.86005409 641.721638071
43 0.35190643102 344.666103766 655.981989803
44 0.298072970948 331.023831736 669.678095293
45 0.254138918299 317.913928858 682.831932224
46 0.218057790914 305.317244809 695.4646974
47 0.188246391258 293.214936128 707.596817481
48 0.163436289856 281.588605943 719.247957767
49 0.142692238507 270.420254525 730.437053236
50 0.125253768193 259.692426932 741.1823193
51 0.110523716906 249.388208604 751.501267679
52 0.0980087432692 239.491247208 761.410744049
53 0.0873269152692 229.985734223 770.926938861
54 0.0781680783 220.856437767 780.065394155
55 0.0702811774294 212.088662205 788.841056618
56 0.0634583984538 203.668240273 797.268301329
57 0.0575301892579 195.58151426 805.360955551
58 0.0523590259568 187.81536048 813.132280494
59 0.0478301414818 180.357143676 820.595026183
60 0.0438458591755 173.194706987 827.761447154
61 0.0403320613534 166.316384815 834.643283124
62 0.0372224476233 159.7109374 841.251840152
63 0.0344592735571 153.367573428 847.597967298
64 0.0320048802381 147.276041113 853.691954007
65 0.0298125018063 141.426292994 859.543894505
66 0.0278488999046 135.80876126 865.16338984
67 0.0260850530528 130.414241309 870.559673638
68 0.0244957511346 125.233887302 875.741616947
69 0.0230616787609 120.259234397 880.717703924
70 0.0217629055319 115.482095733 885.496141362
71 0.020584984943 110.894663415 890.0847516
72 0.0195141718723 106.489400795 894.491085033
73 0.0185385857442 102.259073271 898.722388144
74 0.0176481552867 98.1967564512 902.785595394
75 0.0168333618144 94.295799128 906.68736751
76 0.0160881318768 90.549809207 910.434102661
77 0.015405486085 86.9526294359 914.031965078
78 0.0147769767023 83.4983184697 917.486904554
79 0.0141942429138 80.1811595688 920.804646188
80 0.0136548858336 76.9957402262 923.990604888
81 0.0131561905787 73.9368506709 927.049993139
82 0.0126958527849 70.9994877811 929.987816366
83 0.0122695924568 68.1788145509 932.808915857
84 0.0118738227877 65.4701892953 935.517936882
85 0.011505253752 62.8691535675 938.119341179
86 0.0111620200668 60.3714427051 940.617395275
87 0.0108420457808 57.9729528683 943.016205086
88 0.0105434515658 55.6697428307 945.319713718
89 0.0102644695507 53.4580301929 947.531705338
90 0.0100035307241 51.3341804796 949.65581599
91 0.00975921507575 49.2947035523 951.695537233
92 0.00953024639762 47.3362495686 953.654220185
93 0.0093154273394 45.45559882 955.535085753
94 0.00911367808533 43.6496600532 957.341226269
95 0.0089240614185 41.9154674652 959.075608473
96 0.00874569185908 40.2501701854 960.741084123
97 0.00857776895703 38.6510320676 962.340390163
98 0.00841956906299 37.1154271925 963.876153238
99 0.00827040934985 35.6408304136 965.350899177
100 0.00812964767488 34.2248143092 966.767056043
