Time S I R
1 1000 1 0
2 999.377547371 1.57119447384 0.0512581548319
3 998.400526884 2.46769418563 0.131778930526
4 996.868431303 3.87336388843 0.258204808162
5 994.469486989 6.07396059168 0.456552419218
6 990.722025802 9.51061748469 0.767356713426
7 984.88936294 14.8571882752 1.25344878524
8 975.862638359 23.1259242141 2.01143742675
9 962.014759163 35.7972365755 3.18800426169
10 941.05395645 54.9445150458 5.00152850382
11 909.961973653 83.27063028 7.76739606729
12 865.196809732 123.882942248 11.9202480194
13 803.431098707 179.551371971 18.017529322
14 723.017458072 251.283421757 26.6991201704
15 625.852570778 336.567581111 38.5798481111
16 518.422534357 428.494174745 54.0832908987
17 410.580306738 517.137037109 73.2826561522
18 312.157985517 592.997691495 95.8443229886
19 229.643042861 650.24087637 121.116080769
20 165.053186449 687.642990334 148.303823217
21 116.988292433 707.372871486 176.638836082
22 82.4152728978 713.107856274 205.476870828
23 58.0501049026 708.62166196 234.328233137
24 41.0546127813 697.099801285 262.845585934
25 29.235717562 680.968917736 290.795364702
26 21.0014012821 661.970513048 318.02808567
27 15.2349615241 641.311540986 344.45349749
28 11.1675078642 619.810538119 370.021954017
29 8.27393499791 598.014886409 394.711178593
30 6.19625072653 576.286683794 418.51706548
31 4.68990610974 554.862605426 441.447488465
32 3.58702080905 533.894882156 463.518097035
33 2.77164542372 513.478863778 484.749490799
34 2.16290475486 493.671801928 505.165293317
35 1.70414515082 474.504947006 524.790907843
36 1.35520835788 455.992170511 543.652621132
37 1.08741178883 438.135561176 561.777027035
38 0.880117749875 420.929245851 579.190636399
39 0.718319886852 404.362075955 595.919604158
40 0.590953881771 388.41949572 611.989550398
41 0.489913643724 373.084619494 627.425466862
42 0.409173901903 358.339193882 642.251632216
43 0.34418692946 344.164250782 656.491562289
44 0.291506795291 330.540498185 670.16799502
45 0.248518768091 317.448593325 683.302887907
46 0.213218156606 304.86936516 695.917416683
47 0.184051853217 292.783962775 708.031985372
48 0.159779569784 281.173981573 719.666238857
49 0.13949042651 270.021421164 730.839088409
50 0.122433951627 259.308837509 741.568728539
51 0.10802848209 249.019322943 751.872648575
52 0.095767385845 239.136402565 761.767830049
53 0.0853444619961 229.64468662 771.269968918
54 0.076389360346 220.528548408 780.395062232
55 0.0686779165609 211.773441715 789.157880368
56 0.0620071418275 203.365212846 797.572780013
57 0.0562116913939 195.290227529 805.65356078
58 0.0511564954342 187.535369907 813.413473598
59 0.0467288131914 180.088015036 820.865256151
60 0.0428335926883 172.936026217 828.02114019
61 0.0393997001328 166.06776044 834.89283986
62 0.0363594855513 159.471971163 841.491669352
63 0.0336593041877 153.137911783 847.828428913
64 0.031261155002 147.055326565 853.91341228
65 0.0291185014554 141.214173564 859.756707935
66 0.0271997942752 135.604908941 865.367891265
67 0.0254759958244 130.21833213 870.756191874
68 0.0239230461875 125.045617577 875.930459377
69 0.0225217539499 120.078306256 880.899171991
70 0.0212527181609 115.308225331 885.670521951
71 0.0201019203904 110.727579276 890.252318803
72 0.0190557122809 106.328835605 894.652108682
73 0.0181026500354 102.104776116 898.877121234
74 0.0172327665355 98.0484861722 902.934281061
75 0.0164368626785 94.1533231636 906.830239974
76 0.0157091820605 90.4129023926 910.571388425
77 0.0150424449292 86.821071423 914.163886132
78 0.014427995069 83.3718921507 917.613679854
79 0.0138583173273 80.0596666857 920.926474997
80 0.0133313470436 76.8789935296 924.107675123
81 0.0128444229481 73.8246695732 927.162486004
82 0.0123949343795 70.8916934079 930.095911658
83 0.01197863051 68.0752342463 932.912787123
84 0.0115919622652 65.3706564475 935.61775159
85 0.0112319265136 62.7735114171 938.215256656
86 0.0108966739035 60.2795398198 940.709563506
87 0.0105841567548 57.8846430267 943.104772817
88 0.0102925207156 55.5848860994 945.40482138
89 0.0100200443089 53.376491816 947.61348814
90 0.00976519299491 51.2558306259 949.734404181
91 0.00952658451445 49.2194180454 951.77105537
92 0.00930296561626 47.2639086216 953.726788413
93 0.00909316294246 45.3860871368 955.6048197
94 0.00889612784226 43.5828672289 957.408236643
95 0.00871094646072 41.8512873759 959.140001678
96 0.00853674983716 40.1885004613 960.802962789
97 0.00837275530614 38.5917744066 962.399852838
98 0.00821824761306 37.0584858797 963.933295873
99 0.00807256239841 35.5861139138 965.405813524
100 0.00793508863796 34.1722368881 966.819828023
