Time S I R
1 1000 1 0
2 999.377546698 1.57119762004 0.0512556816395
3 998.4005232 2.46770406645 0.131772733434
4 996.868419842 3.87338714075 0.258193017035
5 994.469458591 6.07400916145 0.456532247634
6 990.721963596 9.51071237666 0.767324027452
7 984.889236916 14.8573655998 1.25339748437
8 975.862396926 23.1262445074 2.01135856619
9 962.01431699 35.7977981795 3.18788483002
10 941.053179311 54.9454709365 5.0013497529
11 909.960664994 83.2722037275 7.76713127891
12 865.194711777 123.885428635 11.9198595886
13 803.427930628 179.55510428 18.016965092
14 723.013012444 251.288678327 26.698309229
15 625.84685198 336.574450899 38.5786971219
16 518.415854465 428.502461941 54.0816835938
17 410.573232195 517.146308354 73.2804594513
18 312.151136964 593.007462117 95.8414009187
19 229.636888278 650.250799526 121.112312196
20 165.047955084 687.652928571 148.299116345
21 116.984010797 707.382854103 176.633135099
22 82.4118484982 713.117996633 205.470154868
23 58.0473990656 708.632090332 234.320510603
24 41.0524843575 697.110628325 262.836887318
25 29.2340425662 680.98022157 290.785735863
26 21.0000784201 661.982339244 318.017582336
27 15.233911105 641.323907783 344.442181112
28 11.1666683698 619.823442841 370.00988879
29 8.27325936592 598.028311257 394.698429377
30 6.19570302654 576.300600583 418.503696391
31 4.6894588759 554.876979184 441.43356194
32 3.58665297118 533.909673798 463.50367323
33 2.7713407427 513.494032037 484.73462722
34 2.16265064945 493.687304738 505.150044612
35 1.70393180555 474.520742491 524.775325703
36 1.35502806716 456.008217665 543.636754268
37 1.08725847231 438.151820318 561.760921209
38 0.879986587614 420.945678921 579.174334492
39 0.718206994682 404.378646758 595.903146247
40 0.590856168569 388.436169957 611.972973875
41 0.489828604968 373.101364862 627.408806533
42 0.409099498147 358.355980081 642.234920421
43 0.344121494787 344.181049487 656.474829018
44 0.291448964273 330.557283001 670.151268034
45 0.24846741427 317.465339733 683.286192853
46 0.213172344647 304.88605045 695.900777205
47 0.184010799738 292.80056598 708.015423221
48 0.159742621404 281.190483378 719.649774
49 0.139457038852 270.037803832 730.822739129
50 0.122403660278 259.325084806 741.552511534
51 0.108000894958 249.035420055 751.85657905
52 0.0957421730277 239.152336058 761.751921769
53 0.085321327827 229.660444229 771.254234443
54 0.0763680645331 220.544119159 780.379512777
55 0.0686582472541 211.788815721 789.142526032
56 0.0619889157016 203.380381273 797.557629811
57 0.0561947516682 195.305182561 805.638622688
58 0.0511407054132 187.550104659 813.398754636
59 0.046714050975 180.102523473 820.850762476
60 0.0428197541546 172.950303144 828.006877102
61 0.0393866970068 166.081801425 834.878811878
62 0.036347231885 159.485772427 841.477880341
63 0.0336477323515 153.151470301 847.814881967
64 0.0312502019142 147.068639871 853.900109928
65 0.0291081097267 141.22723976 859.743652131
66 0.0271899143147 135.617726682 865.355083404
67 0.025466582564 130.230900554 870.743632864
68 0.0239140597691 125.057936286 875.918149654
69 0.0225131587179 120.090375274 880.887111567
70 0.021244481862 115.32004507 885.658710449
71 0.0200940141435 110.739150507 890.240755479
72 0.0190481103477 106.340159441 894.640792448
73 0.0180953289049 102.115853966 898.866050705
74 0.0172257047218 98.0593197161 902.923454579
75 0.0164300405696 94.1639143267 906.819655633
76 0.015702581542 90.4232533318 910.561044087
77 0.0150360493222 86.8311845054 914.153779445
78 0.0144217892652 83.3817699363 917.603808274
79 0.0138522894189 80.0693119352 920.916835775
80 0.013325485741 76.8884091479 924.098265366
81 0.0128387171731 73.8338585893 927.153302694
82 0.0123893729494 70.9006589566 930.08695167
83 0.0119732036584 68.0839795785 932.904047218
84 0.0115866612675 65.3791849124 935.609228426
85 0.0112267436103 62.7818264493 938.206946807
86 0.0108916017015 60.2876449198 940.701463479
87 0.0105791883523 57.8925417528 943.096879059
88 0.0102876496959 55.5925820582 945.397130292
89 0.0100152647606 53.3839886532 947.605996082
90 0.00976049943733 51.2631320171 949.727107483
91 0.009521971852 49.226527688 951.76395034
92 0.0092984291125 47.2708302279 953.719871343
93 0.00908869819716 45.3928244276 955.598086874
94 0.00889173072892 43.5894239246 957.401684345
95 0.00870661314241 41.857667193 959.133626194
96 0.00853247673081 40.1947071061 960.796760417
97 0.00836853905719 38.5978115694 962.393819892
98 0.00821408508898 37.0643572319 963.927428683
99 0.00806845066643 35.5918231027 965.400108447
100 0.00793102494993 34.1777875322 966.814281443
