Time S I R
1 1000 1 0
2 999.500308631 1.45282089974 0.0468704694952
3 998.774885863 2.11015813732 0.114955999661
4 997.72236895 3.06380167905 0.213829370504
5 996.19656265 4.44608846716 0.35734888306
6 993.98734886 6.44711034028 0.565540799341
7 990.794314327 9.33842047109 0.867265202302
8 986.1911501 13.5048948868 1.30395501308
9 979.579563197 19.4856783916 1.93475841109
10 970.133451379 28.0231218693 2.84342675172
11 956.739232978 40.1135994944 4.14716752734
12 937.948774662 57.0439690955 6.00725624296
13 911.979441077 80.3802823341 8.64027658839
14 876.819775475 111.853075814 12.3271487107
15 830.51878044 153.066681809 17.4145377512
16 771.716487146 204.982763472 24.3007493816
17 700.36920425 267.232953848 33.3978419017
18 618.417100553 337.515243156 45.0676562906
19 529.960995625 411.496174495 59.5428298803
20 440.602160611 483.538274837 76.8595645519
21 356.079052649 548.088134933 96.8328124182
22 280.853539825 601.058916342 119.087543833
23 217.332585057 640.535520329 143.131894614
24 165.925437288 666.633783836 168.440778875
25 125.638321638 680.839129789 194.522548573
26 94.7756818743 685.267008102 220.957310023
27 71.4808707175 682.109318045 247.409811237
28 54.0480440987 673.3262262 273.625729702
29 41.0508982683 660.529221419 299.419880313
30 31.3631336328 644.974396557 324.66246981
31 24.1254409306 627.608469606 349.266089463
32 18.6959886935 609.129097955 373.174913351
33 14.6012726608 590.042513501 396.356213838
34 11.4941712979 570.711903039 418.793925663
35 9.1207273221 551.395367373 440.483905305
36 7.29499212934 532.274601594 461.430406277
37 5.88052132044 513.475893434 481.643585245
38 4.77679936046 495.085528624 501.137672016
39 3.90941081746 477.160944878 519.929644304
40 3.22294217164 459.73878457 538.038273258
41 2.6758579002 442.840705594 555.483436506
42 2.23692666269 426.477435766 572.285637571
43 1.88244486835 410.651924705 588.465630427
44 1.5943259505 395.361507264 604.044166785
45 1.35869496626 380.599489004 619.04181603
46 1.16485815167 366.356309006 633.478832843
47 1.00445665418 352.620489422 647.375053924
48 0.870961802139 339.379191977 660.749846221
49 0.759250460512 326.618684246 673.622065293
50 0.665302201049 314.324669048 686.010028751
51 0.585888708952 302.48262079 697.931490501
52 0.518426181663 291.077935549 709.403638269
53 0.46085512477 280.096044732 720.443100144
54 0.411500804773 269.52255662 731.065942575
55 0.369008798415 259.343311225 741.287679977
56 0.332287267593 249.544426265 751.123286467
57 0.300396659542 240.112403778 760.587199562
58 0.272603304838 231.034049406 769.693347289
59 0.248288368197 222.296557138 778.455154494
60 0.226943476892 213.887498302 786.885558221
61 0.208140780384 205.794836883 794.997022337
62 0.191521447775 198.006926313 802.801552239
63 0.176785825786 190.512503925 810.310710249
64 0.163677308309 183.300692208 817.535630483
65 0.15198432427 176.36098084 824.487034836
66 0.141522318181 169.683231506 831.175246176
67 0.132138037882 163.257661373 837.61020059
68 0.123697565789 157.074835706 843.801466728
69 0.116089915331 151.125653774 849.75825631
70 0.109211646833 145.401361284 855.489427069
71 0.102973397125 139.893520851 861.003505752
72 0.097303873591 134.593968934 866.308727192
73 0.0921433968634 129.494887358 871.412969245
74 0.0874408453342 124.588750604 876.323808551
75 0.0831410466948 119.868249739 881.048609215
76 0.0792034149986 115.32640187 885.594394715
77 0.0755939661909 110.956494986 889.967911048
78 0.0722755076827 106.752002115 894.175722377
79 0.0692197996518 102.706689862 898.224090338
80 0.0664038384591 98.8145810719 902.11901509
81 0.0638011527213 95.069832707 905.86636614
82 0.0613933502326 91.4669018274 909.471704822
83 0.0591637389612 88.0004502483 912.940386013
84 0.0570954551907 84.6652948684 916.277609676
85 0.0551743119897 81.4564715235 919.488354164
86 0.0533873457132 78.369208631 922.577404023
87 0.0517224900435 75.398911192 925.549366318
88 0.0501714625312 72.5411679821 928.408660555
89 0.0487246910884 69.7917140934 931.159561215
90 0.0473717624441 67.1464244494 933.806203788
91 0.0461026428275 64.6013232286 936.352574129
92 0.0449125287431 62.1526429703 938.802444501
93 0.0437963901821 59.796748415 941.159455195
94 0.0427499036996 57.5301441153 943.427105981
95 0.0417672736172 55.3494408989 945.608791827
96 0.0408433780688 53.2513798016 947.70777682
97 0.039973343389 51.2328221859 949.727204471
98 0.0391536511571 49.290762011 951.670084338
99 0.0383808801955 47.4223029905 953.539316129
100 0.0376518305441 45.6246565816 955.337691588
