Time S I R
1 1000 1 0
2 999.377780138 1.57082951942 0.0513903422165
3 998.401351335 2.466548637 0.132100028396
4 996.870536896 3.87066994795 0.258793155637
5 994.474147249 6.06833858286 0.457514168416
6 990.731520626 9.49964715655 0.768832217269
7 984.907659633 14.8367227123 1.25561765458
8 975.896434886 23.0890452748 2.01451983934
9 962.074957464 35.7327872765 3.19225525989
10 941.157441819 54.8353341425 5.00722403886
11 910.133059334 83.0921216524 7.77481901393
12 865.466708544 123.60358326 11.929708196
13 803.832655942 179.137846637 18.0294974206
14 723.572783595 250.712618467 26.7145979377
15 626.556159121 335.842796273 38.6010446059
16 519.230832071 427.6547464 54.1144215289
17 411.420504536 516.249149099 73.3303463651
18 312.954241328 592.128651661 95.9171070113
19 230.341659903 649.435279704 121.223060393
20 165.631454032 686.915395838 148.45315013
21 117.448210276 706.715114905 176.836674819
22 82.772195954 712.500753699 205.727050347
23 58.3235595334 708.044026086 234.632414381
24 41.2631623577 696.533162539 263.203675103
25 29.3949254252 680.399103692 291.205970883
26 21.1234968009 661.387577865 318.488925334
27 15.3292285537 640.70905844 344.961713007
28 11.2408745656 619.184775697 370.574349737
29 8.33153134205 597.364079628 395.30438903
30 6.24187184256 575.610455829 419.147672329
31 4.72636684634 554.161533116 442.112100038
32 3.61641919895 533.170179462 464.213401339
33 2.79555367542 512.732156534 485.472289791
34 2.18251014896 492.904965486 505.912524365
35 1.72035137952 473.719992245 525.559656375
36 1.36870880434 455.19116431 544.440126886
37 1.09874179163 437.320572415 562.580685794
38 0.889692960706 420.102308028 580.007999011
39 0.726469984284 403.525155876 596.748374139
40 0.597935503784 387.574486028 612.827578468
41 0.495931648771 372.233321832 628.270746519
42 0.41439291017 357.483313085 643.102294005
43 0.348739497065 343.305392773 657.34586773
44 0.295499901959 329.680169838 671.02433026
45 0.252039640139 316.588202628 684.159757732
46 0.216338458536 304.010223148 696.773438393
47 0.186831254142 291.927285738 708.885883008
48 0.162267075117 280.320896053 720.516836872
49 0.141726149251 269.172967159 731.685306692
50 0.124452331166 258.465971103 742.409576565
51 0.109858154153 248.182921421 752.707220425
52 0.0974315506637 238.307261296 762.595307153
53 0.0868659570179 228.823549257 772.089584786
54 0.0777845605002 219.716072168 781.206143272
55 0.0699619563417 210.970227403 789.959810641
56 0.0631929941583 202.571801816 798.36500519
57 0.0573103421002 194.507102363 806.435587295
58 0.0521775253212 186.762960976 814.184861499
59 0.0476807517119 179.326705138 821.625614111
60 0.0437236592408 172.186149416 828.770126925
61 0.0402338808713 165.329606167 835.630159952
62 0.0371438019182 158.745794032 842.217062166
63 0.0343982620859 152.423919386 848.541682352
64 0.0319590752221 146.353696747 854.614344177
65 0.0297793369868 140.525051964 860.445168699
66 0.0278268740111 134.928408148 866.043764978
67 0.0260723968343 129.554537699 871.419389904
68 0.0244914169745 124.394587169 876.580921414
69 0.0230645045009 119.440073846 881.53686165
70 0.021771997689 114.682801859 886.295426143
71 0.0205996439934 110.114954483 890.864445873
72 0.0195336070553 105.728979962 895.251486431
73 0.0185622686309 101.517641918 899.463795814
74 0.0176755393312 97.4740097455 903.508314715
75 0.0168640700081 93.5914263645 907.391709566
76 0.0161219921055 89.8634935558 911.120384452
77 0.0154419863348 86.2840468709 914.700511143
78 0.0148153398052 82.8471373212 918.138047339
79 0.0142342285475 79.5470533103 921.438712461
80 0.0136965270128 76.3783843307 924.607919142
81 0.0131995519315 73.3359196565 927.650880792
82 0.0127407538114 70.4146521523 930.572607094
83 0.012315789969 67.6097438019 933.377940408
84 0.0119210524913 64.9165529302 936.071526017
85 0.0115534393852 62.3306249157 938.657821645
86 0.0112110870858 59.8476963364 941.141092577
87 0.0108919155516 57.4636647587 943.525443326
88 0.0105940415534 55.1745918591 945.814814099
89 0.0103157092503 52.9766976806 948.01298661
90 0.0100553562945 50.866350455 950.123594189
91 0.00981157443152 48.8400638514 952.150124574
92 0.00958308795771 46.8944910913 954.095925821
93 0.00936869936311 45.02641581 955.964215491
94 0.00916734836017 43.2327515763 957.758081075
95 0.00897809525327 41.5105361333 959.480485771
96 0.00880005714669 39.8569226345 961.134277308
97 0.00863244192203 38.2691802015 962.722187357
98 0.00847452455957 36.7446866486 964.246838827
99 0.00832562225366 35.2809209905 965.710753387
100 0.0081850952588 33.8754605007 967.116354404
