Time S I R
1 1000 1 0
2 999.379143991 1.56962662154 0.0512293878492
3 998.405598669 2.46277658678 0.131624744073
4 996.880462093 3.86180967727 0.257728229761
5 994.494751343 6.04987425145 0.455374405121
6 990.771541971 9.4636817601 0.764776269374
7 984.982007786 14.7697832984 1.24820891563
8 976.029862079 22.9687919935 2.00134592708
9 962.307140836 35.523514412 3.169344752
10 941.548918472 54.4828758345 4.96820569327
11 910.76957441 82.5205957138 7.7098298762
12 866.456034413 122.719728506 11.824237081
13 805.284238993 177.852062139 17.8636988674
14 725.552741089 248.983222431 26.4640364801
15 629.028531174 333.731622415 38.239846411
16 522.025290091 425.353991787 53.6207181225
17 414.270359302 514.037751364 72.6918893341
18 315.593932108 590.272115732 95.1339521603
19 232.594812283 648.099218052 120.305969666
20 167.436556896 686.144178025 147.419265079
21 118.830414906 706.464505394 175.7050797
22 83.7995835611 712.684616532 204.515799907
23 59.0738113972 708.56901282 233.357175783
24 41.8061531846 697.316388541 261.877458275
25 29.7868000941 681.373815085 289.839384821
26 21.406673543 662.50271912 317.090607337
27 15.534675127 641.926573562 343.538751311
28 11.3907864838 620.476575903 369.132637613
29 8.44166924751 598.709432181 393.848898572
30 6.32339200125 576.993947488 417.68266051
31 4.78717675674 555.571564256 440.641258987
32 3.66214360313 534.597887273 462.739969124
33 2.83020357601 514.170666101 483.999130323
34 2.20897036871 494.348840739 504.442188893
35 1.74070929885 475.16486186 524.094428842
36 1.38448689876 456.63345374 542.982059361
37 1.11105604265 438.75731868 561.131625278
38 0.899365022397 421.531025477 578.569609501
39 0.734123194579 404.943720163 595.322156643
40 0.604024241002 388.98109335 611.414882409
41 0.500802948075 373.62641174 626.872785312
42 0.418312254972 358.861531769 641.720155976
43 0.35191001115 344.667564018 655.98052597
44 0.298075886685 331.025273485 669.676650628
45 0.254141303637 317.915351168 682.830507528
46 0.218059750387 305.318646873 695.463293377
47 0.188248008982 293.216317245 707.595434746
48 0.163437631297 281.589965519 719.24659685
49 0.142693351303 270.421592056 730.435714593
50 0.125254695534 259.693741992 741.181003312
51 0.110524490727 249.389500846 751.499974663
52 0.0980093901937 239.492516349 761.409474261
53 0.0873274574992 229.986980042 770.9256925
54 0.0781685327715 220.857660104 780.064171364
55 0.0702815588176 212.089860949 788.839857492
56 0.0634587184496 203.669415362 797.267125919
57 0.0575304572707 195.582665671 805.359803871
58 0.0523592501353 187.816488237 813.131152513
59 0.0478303287995 180.35824784 820.593921831
60 0.0438460152429 173.195787652 827.760366333
61 0.0403321897375 166.317442095 834.642225715
62 0.0372225534335 159.711971456 841.25080599
63 0.0344593590509 153.368584422 847.596956219
64 0.0320049480106 147.27702924 853.690965812
65 0.029812554853 141.427258481 859.542928964
66 0.027848939928 135.809704343 865.162446717
67 0.0260850820803 130.415162246 870.558752672
68 0.0244957703956 125.234786361 875.740717869
69 0.0230616895474 120.260111863 880.716826447
70 0.0217629088935 115.482951902 885.495285189
71 0.0205849816821 110.895498591 890.083916427
72 0.0195141629077 106.490215299 894.490270538
73 0.0185385716898 102.259867424 898.721594004
74 0.0176481367647 98.1975305832 902.78482128
75 0.0168333393036 94.2965535732 906.686613088
76 0.016088105566 90.5505443061 910.433367588
77 0.0154054565426 86.9533455373 914.031249006
78 0.0147769447747 83.4990159299 917.486207125
79 0.0141942089703 80.1818387399 920.803967051
80 0.0136548498286 76.9964014564 923.989943694
81 0.0131561524753 73.9374943099 927.049349538
82 0.0126958127523 71.0001141821 929.987190005
83 0.0122695507906 68.1794240689 932.80830638
84 0.0118737797804 65.4707822847 935.517343935
85 0.0115052095281 62.8697303793 938.118764411
86 0.0111619747066 60.372003688 940.616834337
87 0.0108419993827 57.9734983698 943.015659631
88 0.0105434042274 55.6702731952 945.319183401
89 0.0102644213598 53.4585457619 947.531189817
90 0.0100034817588 51.3346815918 949.655314926
91 0.00975916540142 49.2951905422 951.695050292
92 0.00953019607755 47.3367227673 953.653747037
93 0.00931537643714 45.4560585553 955.534626068
94 0.0091136266434 43.6501066473 957.340779726
95 0.00892400948044 41.9159012366 959.075174754
96 0.00874563946581 40.2505914484 960.740662912
97 0.00857771613971 38.6514411307 962.339981153
98 0.00841951585392 37.1158243601 963.875756124
99 0.00827035578061 35.6412159857 965.350513658
100 0.00812959377583 34.225188581 966.766681825
