Time S I R
1 1000 1 0
2 999.377547371 1.571194474 0.0512581547495
3 998.400526884 2.46769418614 0.131778930323
4 996.868431303 3.87336388962 0.258204807782
5 994.469486987 6.07396059417 0.456552418579
6 990.722025798 9.51061748955 0.767356712415
7 984.889362932 14.8571882843 1.25344878369
8 975.862638345 23.1259242305 2.01143742445
9 962.014759138 35.7972366041 3.18800425833
10 941.053956407 54.9445150945 5.00152849898
11 909.96197358 83.2706303596 7.7673960604
12 865.196809617 123.882942374 11.9202480097
13 803.431098534 179.551372157 18.0175293085
14 723.017457833 251.283422016 26.6991201514
15 625.852570473 336.567581443 38.5798480844
16 518.422534004 428.494175135 54.0832908609
17 410.58030637 517.137037531 73.2826560991
18 312.157985165 592.99769192 95.8443229152
19 229.64304255 650.240876779 121.116080671
20 165.053186189 687.642990722 148.303823089
21 116.988292224 707.372871854 176.638835922
22 82.4152727338 713.107856631 205.476870635
23 58.0501047755 708.621662314 234.328232911
24 41.0546126832 697.099801642 262.845585674
25 29.2357174863 680.968918103 290.795364411
26 21.0014012233 661.970513428 318.028085349
27 15.2349614781 641.311541381 344.453497141
28 11.1675078281 619.81053853 370.021953642
29 8.27393496926 598.014886837 394.711178194
30 6.19625070361 576.286684238 418.517065058
31 4.68990609126 554.862605885 441.447488024
32 3.58702079402 533.89488263 463.518096576
33 2.7716454114 513.478864265 484.749490324
34 2.16290474468 493.671802427 505.165292828
35 1.70414514234 474.504947515 524.790907342
36 1.35520835078 455.992171029 543.65262062
37 1.08741178283 438.135561703 561.777026514
38 0.880117744779 420.929246384 579.190635872
39 0.718319882493 404.362076494 595.919603624
40 0.590953878019 388.419496263 611.989549859
41 0.489913640475 373.08462004 627.42546632
42 0.409173899075 358.33919443 642.251631671
43 0.344186926984 344.16425133 656.491561743
44 0.291506793112 330.540498734 670.167994473
45 0.248518766163 317.448593873 683.30288736
46 0.213218154892 304.869365707 695.917416138
47 0.184051851686 292.783963319 708.031984829
48 0.15977956841 281.173982114 719.666238317
49 0.139490425272 270.021421702 730.839087872
50 0.122433950507 259.308838043 741.568728006
51 0.108028481073 249.019323473 751.872648046
52 0.0957673849174 239.13640309 761.767829525
53 0.0853444611465 229.64468714 771.269968399
54 0.0763893595655 220.528548922 780.395061719
55 0.0686779158414 211.773442222 789.157879862
56 0.062007141162 203.365213346 797.572779513
57 0.0562116907764 195.290228023 805.653560286
58 0.0511564948596 187.535370394 813.413473112
59 0.0467288126549 180.088015515 820.865255672
60 0.0428335921863 172.936026689 828.021139718
61 0.0393996996617 166.067760904 834.892839396
62 0.0363594851078 159.47197162 841.491668895
63 0.0336593037694 153.137912232 847.828428465
64 0.0312611546067 147.055327006 853.913411839
65 0.0291185010807 141.214173997 859.756707502
66 0.0271997939195 135.604909366 865.36789084
67 0.0254759954857 130.218332547 870.756191458
68 0.0239230458646 125.045617986 875.930458969
69 0.0225217536414 120.078306656 880.89917159
70 0.0212527178654 115.308225723 885.670521559
71 0.0201019201071 110.72757966 890.252318419
72 0.0190557120088 106.328835981 894.652108307
73 0.0181026497735 102.104776484 898.877120866
74 0.0172327662829 98.0484865322 902.934280701
75 0.0164368624347 94.1533235157 906.830239622
76 0.0157091818248 90.4129027367 910.571388081
77 0.015042444701 86.8210717593 914.163885796
78 0.0144279948477 83.3718924792 917.613679526
79 0.0138583171123 80.0596670066 920.926474676
80 0.0133313468348 76.8789938429 924.10767481
81 0.0128444227448 73.824669879 927.162485698
82 0.0123949341815 70.8916937064 930.095911359
83 0.011978630317 68.0752345375 932.912786832
84 0.0115919620769 65.3706567315 935.617751306
85 0.0112319263293 62.773511694 938.21525638
86 0.0108966737233 60.2795400898 940.709563236
87 0.0105841565783 57.8846432898 943.104772554
88 0.0102925205426 55.5848863558 945.404821124
89 0.0100200441393 53.3764920659 947.61348789
90 0.00976519282835 51.2558308693 949.734403938
91 0.00952658435085 49.2194182825 951.771055133
92 0.00930296545539 47.2639088524 953.726788182
93 0.0090931627841 45.3860873614 955.604819476
94 0.0088961276864 43.5828674476 957.408236425
95 0.00871094630713 41.8512875887 959.140001465
96 0.00853674968573 40.1885006683 960.802962582
97 0.00837275515687 38.5917746081 962.399852637
98 0.00821824746572 37.0584860756 963.933295677
99 0.00807256225289 35.5861141043 965.405813333
100 0.00793508849404 34.1722370734 966.819827838
