Time S_a1 S_a2 I_a1 I_a2 R_a1 R_a2 V_a1 V_a2
0 50 50 1 0 0 0 0 0
1 24.8636560749 49.9589683369 1.7096247867 0.0402918723297 0.0547066847118 0.000739790776339 24.3720124537 0
2 12.2465032488 49.8998809135 2.18493814306 0.0966797196422 0.13351130018 0.0034393668279 36.435047308 0
3 5.99967691311 49.8304249372 2.4151502415 0.16099627946 0.226198404013 0.00857878337095 42.3589744414 0
4 2.93370461722 49.7567367668 2.48524137642 0.226923957679 0.324597930437 0.0163392755428 45.2564560759 0
5 1.43514639343 49.6824316645 2.46927804508 0.290862974398 0.423884651527 0.0267053610974 46.67169091 0
6 0.703648538276 49.6093484842 2.4117634066 0.351093092854 0.521595516323 0.0395584229031 47.3629925388 0
7 0.346518281185 49.5383358155 2.33597803371 0.406930164297 0.616587178141 0.0547340202435 47.700916507 0
8 0.172004236115 49.4697416667 2.25335311653 0.458206407859 0.708385084565 0.0720519254 47.8662575628 0
9 0.0866337455181 49.4036729727 2.16931377654 0.504996356003 0.796837799714 0.0913306712612 47.9472146782 0
10 0.0448075522412 49.3401241714 2.08636829955 0.54748160866 0.88194537195 0.112394219985 47.9868787763 0
11 0.0242958125386 49.2790387464 2.00563248012 0.58588646346 0.963776997176 0.13507479009 48.0062947102 0
12 0.0142180553458 49.2203385368 1.92756779927 0.620447575862 1.04243170105 0.159213887386 48.0157824443 0
13 0.00927162507077 49.163937274 1.85232703287 0.651400240974 1.11802011242 0.184662484995 48.0203812296 0
14 0.00684259385919 49.1097470687 1.77992198 0.678972041096 1.19065568903 0.211280890172 48.0225797371 0
15 0.00564407926857 49.0576811884 1.71029963322 0.703380555342 1.26045091107 0.238938256272 48.0236053764 0
16 0.00505223152157 49.0076552948 1.64337817783 0.724832571665 1.32751555665 0.267512133525 48.024054034 0
17 0.00476505426985 48.9595880945 1.57906452757 0.74352360613 1.39195578901 0.296888299365 48.0242146292 0
18 0.00462536819106 48.9134013796 1.51726288694 0.759638634857 1.453874033 0.326959985583 48.0242377119 0
19 0.00456055163681 48.869020077 1.45787770934 0.773352276286 1.51336887663 0.357627646731 48.0241928624 0
20 0.00453187457119 48.8263723781 1.40081605194 0.78482867742 1.57053487591 0.388798944464 48.0241171976 0
21 0.00451778960583 48.7853890296 1.34598747047 0.794223898125 1.62546341076 0.420387072261 48.0240313292 0
22 0.00451335449887 48.7460038467 1.29330474069 0.801684363208 1.67824202904 0.452311790108 48.0239398758 0
23 0.00451616636384 48.7081533744 1.24268397456 0.807348071162 1.72895484784 0.484498554451 48.0238450112 0
24 0.00452150203309 48.6717766664 1.19404450566 0.811345365331 1.77768281558 0.516877968236 48.0237511767 0
25 0.00452621346013 48.6368152065 1.14730869343 0.813799255715 1.82450379319 0.549385537824 48.0236612999 0
26 0.00452756456717 48.6032132206 1.10240234628 0.814824444523 1.86949216434 0.581962334863 48.0235779248 0
27 0.00452699514548 48.5709168515 1.05925363425 0.814530056243 1.91271984026 0.614553092208 48.0234995303 0
28 0.00452787350836 48.5398748823 1.01779404016 0.813017354749 1.95425536045 0.647107762938 48.0234227259 0
29 0.00453326124311 48.5100377469 0.977957218661 0.810382983849 1.99416511628 0.679579269256 48.0233444038 0
30 0.00454625002885 48.4813579885 0.939679540333 0.806717476326 2.03251278141 0.711924535132 48.0232614282 0
31 0.00456220139701 48.4537900515 0.902900024456 0.802106035419 2.06935954815 0.744103913068 48.023178226 0
32 0.00457394724796 48.4272903175 0.867560256283 0.796628368422 2.10476409387 0.776081314105 48.0231017026 0
33 0.00457587973508 48.4018168254 0.833603931591 0.790359686128 2.13878291909 0.807823488461 48.0230372696 0
34 0.00456336647973 48.3773293922 0.800977042046 0.783370268217 2.1714702021 0.83930033957 48.0229893894 0
35 0.00454660501982 48.3537893433 0.769627288855 0.775726395897 2.20287812872 0.87048426085 48.0229479774 0
36 0.00453912948854 48.3311596365 0.739504454887 0.767489931783 2.23305673999 0.901350431739 48.0228996756 0
37 0.0045502023586 48.309404633 0.710560310392 0.758719146202 2.26205421275 0.931876220831 48.0228352745 0
38 0.00458472313385 48.2884900546 0.682748489621 0.749468721878 2.28991692692 0.962041223557 48.0227498603 0
39 0.00459672212122 48.2683835242 0.65602596355 0.73978861112 2.31668872832 0.991827864667 48.022688586 0
40 0.0045738464216 48.2490531738 0.630349847214 0.729727428203 2.34241278842 1.02121939804 48.0226635179 0
41 0.00458277061668 48.2304688138 0.605678235547 0.719329566399 2.36713003906 1.05020161985 48.0226089548 0
42 0.00458899247644 48.2126014096 0.581972333681 0.708636694772 2.39087986475 1.07876189567 48.0225588091 0
43 0.00459012653352 48.1954230603 0.559194374057 0.697687729549 2.41370013156 1.10688921015 48.0225153678 0
44 0.00459368355587 48.1789069608 0.5373079207 0.68651899047 2.43562723474 1.13457404876 48.022471161 0
45 0.00459633238125 48.1630273817 0.516278131778 0.675164304648 2.4566961221 1.16180831362 48.0224294137 0
46 0.00459852003134 48.1477595872 0.496071450847 0.663655226639 2.47694040342 1.18858518616 48.0223896257 0
47 0.00460105958169 48.1330798544 0.476655684378 0.652021051912 2.49639232064 1.21489909373 48.0223509354 0
48 0.00460598388154 48.1189653079 0.457999766292 0.640289169159 2.51508297229 1.24074552294 48.0223112775 0
49 0.0046152604967 48.1053940284 0.440073922598 0.628484880852 2.53304216396 1.26612109077 48.0222686529 0
50 0.0046278285698 48.0923449215 0.422849536583 0.616631789669 2.5502985796 1.29102328884 48.0222240552 0
51 0.00464369810321 48.0797979748 0.406299436079 0.604751095598 2.56687944234 1.31545092959 48.0221774235 0
52 0.00465782734911 48.0677336535 0.39039714694 0.592863191584 2.58281132094 1.3394031549 48.0221337048 0
53 0.00466350734003 48.056133269 0.375117355304 0.580986696206 2.59811963712 1.36288003484 48.0220995002 0
54 0.00465600835184 48.0449788943 0.360435758273 0.569138706042 2.61282877653 1.38588239967 48.0220794568 0
55 0.00463406950218 48.0342532489 0.346328893714 0.557335117198 2.62696224221 1.40841163394 48.0220747946 0
56 0.00460417282983 48.0239398214 0.332774281982 0.54559026064 2.64054249244 1.43046991793 48.0220790527 0
57 0.00461660190997 48.0140226415 0.319749846569 0.533917548118 2.65359124577 1.45205981043 48.0220423058 0
58 0.00461712258959 48.0044864241 0.307235276683 0.522329133685 2.66612928451 1.47318444222 48.0220183162 0
59 0.00462143379337 47.9953164694 0.29521050165 0.510836115129 2.6781765933 1.49384741543 48.0219914713 0
60 0.00462156084559 47.9864986479 0.283656409342 0.499448601977 2.68975237738 1.51405275012 48.0219696524 0
61 0.00462324333002 47.9780193697 0.272554525387 0.488175782498 2.70087510427 1.53380484783 48.021947127 0
62 0.00462532497673 47.9698655837 0.261887159198 0.477025950606 2.71156250462 1.55310846566 48.0219250112 0
63 0.00462655914547 47.9620247467 0.251637313606 0.466006577303 2.72183161462 1.57196867603 48.0219045126 0
64 0.00462783097711 47.9544847992 0.241788639109 0.455124367667 2.73169880788 1.59039083312 48.021884722 0
65 0.0046290243144 47.9472341501 0.232325432091 0.444385305273 2.74117981738 1.60838054463 48.0218657262 0
66 0.00463002063271 47.9402616696 0.223232619852 0.433794688603 2.75028974407 1.62594364183 48.0218476154 0
67 0.00463086291139 47.9335566253 0.214495671991 0.423357233386 2.75904314469 1.64308614134 48.0218303204 0
68 0.00463178773898 47.9271087249 0.206100658412 0.413076999145 2.76745397341 1.65981427598 48.0218135804 0
69 0.00463298609525 47.9209080337 0.198034139259 0.402957598834 2.77553569399 1.6761343675 48.0217971807 0
70 0.0046347884205 47.9149450894 0.19028332008 0.393001968055 2.78330112295 1.6920529425 48.0217807685 0
