Time S_a1 S_a2 I_a1 I_a2 R_a1 R_a2 V_a1 V_a2
0 50 50 1 0 0 0 0 0
1 37.3181634302 49.9569224154 1.92421815059 0.0423181637583 0.0574362222507 0.000759420835084 11.700182197 0
2 27.3850870039 49.8821181364 3.09246197099 0.114101323322 0.157235372402 0.00378054024654 20.3652156527 0
3 19.7093626358 49.7710574387 4.31930729421 0.218615839569 0.305613517505 0.0103267217184 26.6657165525 0
4 13.9206889282 49.6250805662 5.41927166382 0.353246033117 0.501053736512 0.021673400706 31.1589856714 0
5 9.67860949128 49.4501507922 6.27779887242 0.510954308619 0.735896695587 0.0388948991478 34.3076949407 0
6 6.65217023652 49.2543286659 6.86436464831 0.682931576207 0.99962535029 0.0627397579054 36.4838397649 0
7 4.5388150295 49.0455602483 7.20596389138 0.860832103612 1.28176898739 0.0936076480804 37.9734520917 0
8 3.08530674311 48.8304658732 7.35386495003 1.03793924948 1.57351930736 0.131594877303 38.9873089995 0
9 2.09516514496 48.6140031804 7.36107260716 1.20942970178 1.86820674889 0.176567117834 39.675555499 0
10 1.42414559212 48.3996199264 7.27211879672 1.37214834391 2.16112857326 0.228231729667 40.1426070379 0
11 0.970307578003 48.1895746828 7.12062455023 1.52422853728 2.44914681594 0.28619677993 40.4599210558 0
12 0.663300112548 47.9852658793 6.93046424405 1.6647188938 2.73026632603 0.350015226951 40.6759693174 0
13 0.4552817461 47.7874987225 6.71796056625 1.79328611647 3.00328837946 0.419215161 40.8234693082 0
14 0.313975497182 47.5966826138 6.49400222836 1.90999743059 3.26755199376 0.493319955574 40.9244702807 0
15 0.217691920317 47.4129689106 6.26571749748 2.01517002811 3.52275188444 0.571861061257 40.9938386978 0
16 0.151862303448 47.2363445209 6.0377036971 2.1092695907 3.7688137051 0.654385888406 41.0416202943 0
17 0.106695729452 47.066693579 5.81287489559 2.19284413932 4.00581110399 0.7404622817 41.074618271 0
18 0.0755959785059 46.9038380626 5.59303719823 2.26648102481 4.2339105542 0.829680912544 41.0974562691 0
19 0.0541073633406 46.7475640793 5.37927054054 2.33077966517 4.45333524283 0.921656255524 41.1132868533 0
20 0.0392090352497 46.5976388682 5.17218146746 2.38633442497 4.66434138323 1.01602670684 41.1242681141 0
21 0.0288467241846 46.4538216221 4.9720683424 2.43372422501 4.86720286939 1.11245415292 41.131882064 0
22 0.0216200892946 46.315870339 4.77902952891 2.47350644349 5.06220132955 1.2106232175 41.1371490523 0
23 0.0165628667867 46.1835463573 4.59303807258 2.50621330206 5.2496193603 1.3102403406 41.1407797003 0
24 0.0130146208153 46.0566166468 4.41398406657 2.53235063884 5.42973687121 1.41103271439 41.1432644414 0
25 0.0105222539478 45.9348554403 4.24170660202 2.55239734479 5.6028283666 1.51274721489 41.1449427774 0
26 0.00876928698283 45.8180451937 4.07601547505 2.56680546053 5.76916118163 1.61514934581 41.1460540563 0
27 0.00753462155095 45.705976909 3.9167037697 2.57600092399 5.92899463897 1.71802216705 41.1467669698 0
28 0.00666567528988 45.5984501785 3.76355579662 2.58038453948 6.08257963586 1.82116528201 41.1471988922 0
29 0.00605549568881 45.4952731114 3.61635333257 2.58033309737 6.23015839258 1.92439379127 41.1474327792 0
30 0.00562650590391 45.3962622276 3.4748800694 2.57620032816 6.3719643195 2.02753744427 41.1475291052 0
31 0.00532717767939 45.3012420339 3.33892207914 2.56831826892 6.50822233177 2.13043969718 41.1475284114 0
32 0.00512099668788 45.2100448225 3.20827054896 2.55699830123 6.63914887456 2.23295687629 41.1474595798 0
33 0.00498160305875 45.1225103831 3.08272271045 2.54253218126 6.76495210965 2.33495743567 41.1473435768 0
34 0.00488845673036 45.0384855955 2.96208249224 2.52519339073 6.88583222166 2.43632101372 41.1471968294 0
35 0.00482802740742 44.9578241253 2.8461601082 2.50523801579 7.00198170067 2.53693785888 41.1470301637 0
36 0.00479141624029 44.8803861323 2.73477233444 2.48290569274 7.11358557684 2.63670817499 41.1468506725 0
37 0.00477205868292 44.8060379558 2.62774269016 2.45842061733 7.22082168438 2.73554142692 41.1466635668 0
38 0.004764951582 44.7346518045 2.52490128244 2.43199248785 7.32386094732 2.83335570763 41.1464728187 0
39 0.00476623487842 44.6661055654 2.42608473215 2.40381708621 7.42286755398 2.93007734841 41.146281479 0
40 0.00477335266694 44.60028237 2.33113576375 2.374077554 7.51799937288 3.02564007601 41.1460915107 0
41 0.00478462438688 44.5370704917 2.23990316502 2.34294470647 7.60940805616 3.11998480178 41.1459041544 0
42 0.00479891594743 44.4763630648 2.15224158115 2.3105778706 7.69723931065 3.21305906464 41.1457201923 0
43 0.0048151756566 44.418057776 2.06801126694 2.27712579694 7.78163320782 3.30481642705 41.1455403496 0
44 0.0048326899775 44.3620567524 1.98707793401 2.24272697746 7.86272430527 3.39521627015 41.1453650707 0
45 0.00485099822509 44.3082662672 1.90931246865 2.20751050313 7.94064194647 3.48422322971 41.1451945867 0
46 0.0048696319607 44.2565968353 1.83459107296 2.17159579848 8.01551015529 3.5718073662 41.1450291398 0
47 0.00488838131196 44.206962734 1.76279469386 2.13509399993 8.08744816566 3.65794326604 41.1448687592 0
48 0.00490706350504 44.1592816916 1.69380874243 2.09810886994 8.15657073952 3.74260943841 41.1447134545 0
49 0.00492497102744 44.1134746329 1.62752294919 2.06073756244 8.22298840093 3.82578780462 41.1445636789 0
50 0.00494216069968 44.0694662056 1.5638316348 2.0230689561 8.28680697097 3.90746483835 41.1444192335 0
51 0.00495895899238 44.0271842926 1.50263329963 1.98518510909 8.34812805487 3.98763059831 41.1442796865 0
52 0.00497553560847 43.9865595886 1.44383026059 1.94716252145 8.40704947048 4.06627788998 41.1441447333 0
53 0.00499207295144 43.9475257989 1.38732875818 1.90907150898 8.46366510331 4.14340269208 41.1440140656 0
54 0.00500878054416 43.9100193565 1.3330386796 1.87097702068 8.51806518966 4.21900362279 41.1438873502 0
55 0.00502581777069 43.8739792739 1.28087339941 1.83293905195 8.57033648235 4.29308167419 41.1437643005 0
56 0.00504282740722 43.8393471703 1.23074979245 1.79501252445 8.62056226164 4.36564030521 41.1436451185 0
57 0.00505919050259 43.8060670299 1.18258797162 1.75724799457 8.6688225869 4.43668497558 41.143530251 0
58 0.00507419886925 43.7740851123 1.1363111612 1.71969187291 8.71519440925 4.5062230148 41.1434202307 0
59 0.00508806680825 43.7433499504 1.09184558617 1.68238633908 8.75975160449 4.57426371054 41.1433147425 0
60 0.0051009845689 43.7138121329 1.04912031191 1.64537001368 8.80256520498 4.64081785345 41.1432134985 0
61 0.00511330581659 43.6854242554 1.00806716111 1.60867805786 8.84370347316 4.70589768679 41.1431160599 0
62 0.00512540704698 43.6581408984 0.968620689156 1.57234220524 8.88323194732 4.76951689641 41.1430219565 0
63 0.00513801993912 43.6319184371 0.930717937852 1.53639128803 8.92121365266 4.83169027484 41.1429303896 0
64 0.00515147411407 43.6067150249 0.894298445428 1.50085125205 8.95770913706 4.89243372305 41.1428409434 0
65 0.00516500464558 43.5824905511 0.859304223323 1.46574524469 8.9927765314 4.95176420418 41.1427542406 0
66 0.00517773733792 43.5592063813 0.825679387772 1.43109430265 9.02647186608 5.00969931609 41.1426710088 0
67 0.00518881749133 43.5368258471 0.793370766393 1.39691609929 9.058848456 5.06625805362 41.1425919601 0
68 0.00519867498203 43.515313211 0.762326481531 1.36322747355 9.08995823705 5.12145931547 41.1425166064 0
69 0.00520719938669 43.4946344689 0.732497108984 1.33004250053 9.11985072058 5.17532303053 41.1424449711 0
70 0.00521496403589 43.4747569376 0.703835076951 1.29737344789 9.1485735416 5.22786961449 41.1423764174 0
