Time S_a1 S_a2 I_a1 I_a2 R_a1 R_a2 V_a1 V_a2
0 50 50 1 0 0 0 0 0
1 22.0452802836 49.9594764938 1.65979734814 0.0397887850404 0.0540287581423 0.00073472113372 27.2408936101 0
2 9.64131699214 49.9034534217 2.02756851648 0.0931818427857 0.128741057205 0.00336473551744 39.2023734342 0
3 4.20177161656 49.8401988191 2.16340859594 0.151547355299 0.213134326891 0.00825382563377 44.4216854606 0
4 1.83077101177 49.7749790157 2.17574708491 0.209538725497 0.300189062495 0.0154822588409 46.6932928408 0
5 0.799492970339 49.7103662572 2.1325064608 0.264655791698 0.386468566805 0.0249779511191 47.6815320021 0
6 0.351006697269 49.6474599213 2.06683568627 0.315936794327 0.470498286839 0.0366032843518 48.1116593296 0
7 0.15582732689 49.5866759043 1.99344508137 0.363125881322 0.551715976627 0.0501982144007 48.2990116151 0
8 0.0708040427966 49.5281338705 1.91858262417 0.406266798237 0.629955775353 0.0655993312271 48.3806575577 0
9 0.0337184529067 49.4718297856 1.84482360852 0.445522476417 0.705217948536 0.0826477380206 48.41623999 0
10 0.0175222536133 49.4177097413 1.77318401849 0.481098198933 0.777570177796 0.101192059749 48.4317235501 0
11 0.0104499929732 49.3657010851 1.70402542492 0.513209514273 0.847105846665 0.121089400652 48.4384187354 0
12 0.00736255598034 49.3157254459 1.63743773095 0.542069058337 0.913926531657 0.142205495727 48.4412731814 0
13 0.00600751716355 49.2677040358 1.57339927426 0.567881561558 0.978134835405 0.164414402675 48.4424583732 0
14 0.00541477487046 49.2215597641 1.51184306864 0.590842094535 1.03983149904 0.187598141389 48.4429106574 0
15 0.00515757245211 49.1772181197 1.45268580173 0.611135512536 1.09911417764 0.211646367756 48.4430424482 0
16 0.00504839226457 49.1346074101 1.39583944029 0.628936665698 1.15607707659 0.236455924208 48.4430350909 0
17 0.00500434714456 49.0936587881 1.34121601188 0.64441077562 1.21081087967 0.261930436237 48.4429687613 0
18 0.00498797529865 49.054306219 1.2887296026 0.657713788663 1.26340276395 0.287979992344 48.4428796582 0
19 0.0049837482156 49.0164863456 1.23829698862 0.668992953134 1.31393654789 0.314520701218 48.4427827153 0
20 0.0049838022063 48.9801384281 1.189838018 0.678387145115 1.36249274748 0.341474426787 48.4426854323 0
21 0.00498564909593 48.9452041287 1.14327541604 0.686027585763 1.40914884168 0.368768285546 48.4425900932 0
22 0.00499084829638 48.9116274782 1.09853482929 0.692038072222 1.45397929146 0.396334449548 48.442495031 0
23 0.00500467259811 48.8793550487 1.0555450582 0.696534451423 1.49705531734 0.424110499924 48.4423949519 0
24 0.00502595805218 48.8483354284 1.01423763075 0.69962643941 1.53844554777 0.452038132224 48.4422908634 0
25 0.00504772805953 48.8185192132 0.974546785818 0.701417659411 1.57821602734 0.480063127438 48.4421894588 0
26 0.00505854104792 48.7898590346 0.936409443985 0.702005616932 1.61643016577 0.50813534842 48.4421018492 0
27 0.00504056212475 48.7623090986 0.899764664409 0.701483083326 1.65314933731 0.536207818032 48.4420454362 0
28 0.00503116134559 48.7358269372 0.864554835971 0.699932995094 1.68843058685 0.56424006772 48.4419834158 0
29 0.00504964136817 48.7103695493 0.830721977402 0.697439915861 1.72233164781 0.592190534866 48.4418967334 0
30 0.00503415096929 48.6858971781 0.798213747794 0.694079104159 1.75490601235 0.620023717776 48.4418460889 0
31 0.00503026925053 48.6623712234 0.766977529393 0.689922451071 1.78620565271 0.647706325531 48.4417865486 0
32 0.00503125283474 48.6397546649 0.736963637635 0.68503746151 1.81628046053 0.67520787362 48.441724649 0
33 0.00503211437355 48.6180119754 0.708124323946 0.679487503106 1.845178356 0.70250052148 48.4416652057 0
34 0.00503465705113 48.5971090299 0.680413585765 0.673332104355 1.87294540404 0.729558865695 48.4416063531 0
35 0.00503683449124 48.5770132587 0.653787535421 0.666626613098 1.89962560599 0.756360128243 48.4415500241 0
36 0.00503800232968 48.557692938 0.628203387671 0.659424127567 1.92526183818 0.782882934411 48.4414967718 0
37 0.00503941330878 48.5391179931 0.603620524624 0.651773397582 1.94989478075 0.809108609361 48.4414452813 0
38 0.00504201602337 48.5212593307 0.579999642668 0.643720643922 1.97356380215 0.835020025428 48.4413945392 0
39 0.00504611520261 48.504089096 0.557303099372 0.635308913205 1.99630661553 0.860601990777 48.4413441699 0
40 0.00505039315649 48.4875805117 0.535494711779 0.626578556213 2.01815948993 0.885840932061 48.4412954051 0
41 0.0050535276398 48.4717077294 0.514539541136 0.617567634963 2.03915744654 0.910724635667 48.4412494847 0
42 0.0050543642282 48.4564461289 0.494404292079 0.608311194134 2.05933385615 0.935242677006 48.4412074875 0
43 0.00505127386056 48.4417721896 0.475057148032 0.598841567762 2.07872061338 0.959386242633 48.4411709647 0
44 0.00504489055257 48.4276629285 0.456467000045 0.589189978907 2.09734887892 0.983147092552 48.4411392305 0
45 0.00503563602699 48.4140966995 0.438604534041 0.579384369754 2.11524801775 1.00651893075 48.4411118122 0
46 0.00502720844451 48.4010523976 0.421441146488 0.569451599913 2.13244665772 1.02949600244 48.4410849874 0
47 0.00502510263616 48.3885097623 0.404949357462 0.559416603988 2.14897228631 1.05207363373 48.4410532536 0
48 0.00503378769326 48.3764493877 0.389102855779 0.549302397343 2.16485123314 1.07424821492 48.4410121234 0
49 0.00505614436914 48.3648525959 0.373876337809 0.539130445164 2.18010883836 1.09601695898 48.4409586795 0
50 0.00507808579469 48.3537015224 0.359245723136 0.528920404996 2.19476934068 1.11737807257 48.4409068504 0
51 0.00507091482671 48.3429789173 0.345187864135 0.518690752984 2.20885614166 1.13833032975 48.4408850794 0
52 0.00507266015018 48.3326682221 0.331680063179 0.508458481913 2.22239170363 1.15887329603 48.440855573 0
53 0.00507245715401 48.3227535391 0.318700878188 0.498239274634 2.23539759001 1.1790071863 48.4408290746 0
54 0.00507459060446 48.3132195838 0.306229592374 0.488047599617 2.24789452933 1.19873281657 48.4408012877 0
55 0.00507508501838 48.3040516494 0.294246329953 0.477896795413 2.25990246313 1.21805155514 48.4407761219 0
56 0.00507626723202 48.2952350429 0.282731198334 0.467799562835 2.2714413092 1.23696539427 48.4407512252 0
57 0.00507739917333 48.2867568382 0.271666718835 0.457766550753 2.28252858565 1.25547661101 48.4407272963 0
58 0.00507845073321 48.2786052744 0.261036987807 0.447806960148 2.29318022818 1.27358776541 48.4407043333 0
59 0.00507954546087 48.2707663816 0.2508231162 0.437931404899 2.30341516301 1.29130221349 48.4406821753 0
60 0.00508071548678 48.2632276598 0.24100821098 0.428148759973 2.31325031692 1.30862358026 48.4406607566 0
61 0.00508192234658 48.2559780337 0.231577310959 0.418466395182 2.32270068139 1.32555557108 48.4406400853 0
62 0.00508302887718 48.2490064861 0.222515540411 0.408891096385 2.33178116271 1.34210241752 48.440620268 0
63 0.00508391927747 48.2423022237 0.213808329108 0.399429292461 2.34050636094 1.35826848385 48.4406013907 0
64 0.00508457949822 48.235855002 0.205441853707 0.390086556719 2.34889012728 1.37405844133 48.4405834395 0
65 0.00508502125568 48.2296548335 0.197402641785 0.380868075132 2.3569459612 1.38947709135 48.4405663758 0
66 0.00508530742909 48.2236922456 0.189677923053 0.371778259541 2.36468665851 1.40452949483 48.440550111 0
67 0.00508555728199 48.2179581877 0.182255502169 0.362820856535 2.37212443861 1.41922095577 48.4405345019 0
68 0.00508596003426 48.212443863 0.175123530328 0.353999304047 2.37927117361 1.433556833 48.440519336 0
69 0.00508677540167 48.2071407711 0.168270563196 0.345316655026 2.38613833019 1.44754257392 48.4405043312 0
70 0.00508832290741 48.2020409456 0.161685884096 0.336775147792 2.39273664569 1.46118390665 48.4404891473 0
