Time S_a1 S_a2 I_a1 I_a2 R_a1 R_a2 V_a1 V_a2
0 50 50 1 0 0 0 0 0
1 36.7269808592 49.9570141509 1.91412828224 0.0422272841382 0.0573138314201 0.000758564991561 12.3015770271 0
2 26.5352520124 49.8830510234 3.03987199645 0.113185310382 0.155989157648 0.00376366625301 21.2688868335 0
3 18.8218871447 49.7746771216 4.18628506398 0.215094124467 0.300768519448 0.0102287538872 27.6910592718 0
4 13.1219856308 49.6341842691 5.18139029779 0.344476461447 0.488836027678 0.0213392694878 32.2077880438 0
5 9.0212466183 49.4679079035 5.93250593946 0.494035698 0.711989542021 0.0380563985102 35.3342579002 0
6 6.1412753147 49.2836654569 6.42652984247 0.65531651657 0.95998667823 0.0610180265081 37.4722081646 0
7 4.15606137455 49.0887848764 6.69847733144 0.820679748313 1.22314291791 0.0905353752947 38.9223183761 0
8 2.80504643825 48.8891643478 6.80001490102 0.984188814797 1.49359326354 0.126646837405 39.9013453972 0
9 1.89275586076 48.689108906 6.78064088706 1.14170129819 1.76553617959 0.169189795843 40.5610670726 0
10 1.2791442623 48.4915489669 6.68025685444 1.29058370486 2.03496918702 0.217867328283 41.0056296962 0
11 0.866931947738 48.2983681609 6.5282132316 1.42933086976 2.29927205399 0.27230096929 41.3055827667 0
12 0.589846584284 48.1107079579 6.34496385727 1.55722324506 2.55681335036 0.332068797022 41.5083762081 0
13 0.403257393933 47.9292062787 6.1442922679 1.67406244061 2.80663912428 0.3967312807 41.6458112139 0
14 0.277292144869 47.7541691975 5.93527775064 1.77998269724 3.04824701457 0.465848105311 41.7391830899 0
15 0.192002492551 47.5856891792 5.72379937717 1.87532206049 3.28142949834 0.538988760328 41.8027686319 0
16 0.134072259974 47.4237237949 5.51360293075 1.96053735148 3.50616869687 0.615738853659 41.8461561124 0
17 0.094598156625 47.2681475925 5.30703125368 2.03614872439 3.72256648566 0.695703683103 41.875804104 0
18 0.067617093615 47.1187856081 5.10550989091 2.10270439229 3.93079890545 0.778509999596 41.89607411 0
19 0.0491153826092 46.9754352625 4.90987137154 2.16075806777 4.13108605063 0.863806669679 41.9099271952 0
20 0.036390233172 46.8378799264 4.72056168551 2.21085549951 4.32367314563 0.951264574073 41.9193749357 0
21 0.0276175267123 46.7058977346 4.53777744356 2.25352616027 4.50881803649 1.04057610518 41.9257869932 0
22 0.021554829896 46.5792672976 4.36155762828 2.2892782661 4.68678290248 1.13145443629 41.9301046394 0
23 0.0173574933744 46.4577709578 4.19183987075 2.31859644441 4.85782935171 1.22363259774 41.9329732842 0
24 0.0144498137182 46.3411968429 4.02849831848 2.34194064362 5.02221518151 1.31686251346 41.9348366863 0
25 0.0124301099831 46.2293402154 3.87137106857 2.35974577058 5.18019213089 1.41091401403 41.9360066906 0
26 0.011028819962 46.1220037421 3.72027164604 2.37242243335 5.33200516377 1.50557382453 41.9366943702 0
27 0.010060178081 46.0189979431 3.57500215349 2.38035744305 5.47789152097 1.60064461386 41.9370461475 0
28 0.0093930940028 45.9201412408 3.43536043309 2.38391468945 5.61808035227 1.69594406972 41.9371661206 0
29 0.00893524251182 45.8252597914 3.30114399743 2.38343622971 5.75279267646 1.79130397887 41.9371280836 0
30 0.00862554629445 45.7341872461 3.17215186855 2.37924329467 5.88224149521 1.88656945927 41.93698109 0
31 0.00841980951515 45.6467644939 3.04818755102 2.3716375506 6.00663186492 1.98159795547 41.9367607745 0
32 0.00828654966288 45.5628394515 2.9290597528 2.36090187102 6.12616103983 2.07625867749 41.9364926577 0
33 0.00820241676535 45.4822667134 2.81458327316 2.34730155882 6.2410187297 2.17043172779 41.9361955804 0
34 0.00815461687125 45.4049072856 2.70457811469 2.33108505855 6.35138737235 2.26400765582 41.9358798961 0
35 0.00813290633059 45.330628227 2.59887089914 2.31248532173 6.45744237924 2.3568864513 41.9355538153 0
36 0.00813023074344 45.2593025322 2.49729457851 2.29172013096 6.55935225252 2.44897733688 41.9352229382 0
37 0.00813968268123 45.1908086122 2.39968845956 2.26899374312 6.65727905196 2.54019764469 41.9348928058 0
38 0.00815643559893 45.1250303465 2.30589795461 2.2444966847 6.75137836446 2.63047296882 41.9345672453 0
39 0.00817822011027 45.0618564744 2.21577402088 2.2184075817 6.84179988861 2.71973594386 41.9342478704 0
40 0.00820360858643 45.0011805812 2.12917334952 2.1908932352 6.92868744958 2.80792618357 41.9339355923 0
41 0.00823178788435 44.9429008638 2.0459581963 2.16210933263 7.01217922468 2.89498980362 41.9336307911 0
42 0.00826252635859 44.8869201106 1.96599632435 2.13220050495 7.09240777492 2.98087938445 41.9333333744 0
43 0.00829409117097 44.8331448373 1.88916044057 2.10130297015 7.16950090225 3.06555219257 41.933044566 0
44 0.00832550731277 44.7814860013 1.81532859704 2.06954232818 7.24358094645 3.1489716705 41.9327649492 0
45 0.00835627569089 44.7318578994 1.74438311002 2.0370368409 7.31476592495 3.23110525971 41.9324946893 0
46 0.00838607672384 44.6841788498 1.67621129592 2.00389541868 7.38316882144 3.31192573156 41.9322338059 0
47 0.0084151434972 44.6383702865 1.61070448571 1.97022027423 7.44889855633 3.39140943927 41.9319818145 0
48 0.00844412643823 44.5943572199 1.54775852355 1.93610557605 7.51205948965 3.4695372041 41.9317378604 0
49 0.00847285733943 44.5520675061 1.48727307719 1.90163958481 7.57275222621 3.54629290912 41.9315018393 0
50 0.00850116845726 44.5114322905 1.42915205169 1.86690335688 7.63107312604 3.62166435261 41.9312736538 0
51 0.00852881756143 44.472385517 1.3733030406 1.83197215011 7.68711485841 3.69564233292 41.9310532834 0
52 0.00855563889185 44.4348637335 1.31963708729 1.79691597186 7.74096662484 3.76822029463 41.930840649 0
53 0.00858118646528 44.3988062906 1.2680689526 1.76179902898 7.79271392719 3.83939468042 41.9306359337 0
54 0.00860531422256 44.3641550453 1.21851670684 1.72668053658 7.84243892757 3.90916441814 41.9304390514 0
55 0.00862844769979 44.3308541952 1.17090150691 1.69161517333 7.89022065031 3.97753063145 41.9302493951 0
56 0.00865066704827 44.2988499577 1.12514734343 1.65665405046 7.93613531351 4.04449599184 41.930066676 0
57 0.00867217824854 44.2680908761 1.08118130852 1.62184374527 7.98025601896 4.11006537859 41.9298904943 0
58 0.00869338450597 44.2385279146 1.03893367965 1.58722598533 8.02265266123 4.17424610005 41.9297202746 0
59 0.00871463964736 44.2101137933 0.998337214932 1.55283961738 8.06339265942 4.2370465893 41.929555486 0
60 0.00873602457843 44.1828031806 0.959327342669 1.51872000929 8.10254077054 4.29847681012 41.9293958622 0
61 0.00875714530321 44.1565526392 0.921842093817 1.48489918786 8.14015916564 4.35854817292 41.9292415952 0
62 0.00877740120993 44.1313204262 0.885821875623 1.45140639927 8.17630764863 4.4172731745 41.9290930745 0
63 0.00879637188404 44.1070665002 0.851209430847 1.41826804251 8.21104367027 4.47466545727 41.928950527 0
64 0.00881410761204 44.0837524648 0.817949742868 1.3855077981 8.24442240541 4.53073973714 41.9288137441 0
65 0.00883049338589 44.0613414194 0.785989902075 1.35314706719 8.27649692442 4.58551151344 41.9286826801 0
66 0.00884572300239 44.0397979606 0.755279074185 1.3212049057 8.30731820645 4.63899713374 41.9285569964 0
67 0.00886044482946 44.0190881345 0.725768432792 1.28969812127 8.33693520398 4.69121374423 41.9284359184 0
68 0.00887565069257 43.9991793038 0.697410995961 1.25864166032 8.36539500316 4.74217903586 41.9283183502 0
69 0.00889173346243 43.9800401627 0.670161675455 1.22804853032 8.39274281827 4.79191130697 41.9282037728 0
70 0.00890830727147 43.9616406815 0.643977211206 1.19792993293 8.41902206523 4.8404293856 41.9280924163 0
