Time S_a1 S_a2 I_a1 I_a2 R_a1 R_a2 V_a1 V_a2
0 50 50 1 0 0 0 0 0
1 44.0973062025 49.9558973503 2.03988022186 0.043333803189 0.0588038583933 0.000768846487138 4.80400971729 0
2 38.0453788388 49.8706157247 3.78292702284 0.12540334352 0.172603271439 0.00398093180169 8.99909086697 0
3 31.711638583 49.7210456281 6.3540068075 0.267354648314 0.372593931133 0.0115997236181 12.5617606784 0
4 25.2149637139 49.4841818552 9.62785153266 0.489376768394 0.6904483005 0.0264413764182 15.4667364529 0
5 18.9715420806 49.1462638826 13.1654781365 0.801773365979 1.14641294024 0.0519627514398 17.7165668427 0
6 13.5129983721 48.7101291338 16.3830346828 1.1981604664 1.73934334194 0.0917103997854 19.3646236031 0
7 9.19383852747 48.194536279 18.8476112413 1.6568147835 2.44686808311 0.148648937522 20.5116821481 0
8 6.05626891843 47.6261274447 20.4296358242 2.14916877739 3.23527642175 0.224703777864 21.2788188357 0
9 3.91525862527 47.0306680335 21.2353726381 2.64865760157 4.07085112123 0.3206743649 21.7785176154 0
10 2.51145301877 46.4282797563 21.4627448678 3.1352984553 4.92640272581 0.436421788415 22.0993993876 0
11 1.6110047851 45.832647597 21.3019048699 3.5961998764 5.78271723246 0.57115252664 22.3043731125 0
12 1.03878907725 45.2521886869 20.8984853768 4.0241347191 6.62734169792 0.723676593956 22.4353838481 0
13 0.675562798915 44.6916236033 20.352289069 4.415777948 7.45270735082 0.892598448658 22.5194407812 0
14 0.444079806408 44.1532890355 19.7277826261 4.77026806585 8.25449069643 1.07644289864 22.573646871 0
15 0.29552161047 43.6380591742 19.0652778399 5.08820857729 9.03043002001 1.27373224854 22.6087705296 0
16 0.199343121675 43.1459422563 18.3895165987 5.37102663976 9.7795407059 1.48303110393 22.6315995737 0
17 0.136480799566 42.6764505356 17.715467871 5.6205787171 10.5016170665 1.7029707473 22.646434263 0
18 0.0949858285147 42.2288248112 17.0520721485 5.83891402645 11.196921888 1.93226116234 22.6560201349 0
19 0.0673283760193 41.802168545 16.4045511057 6.02813574427 11.8659955483 2.16969571073 22.6621249699 0
20 0.0487161267771 41.3955281557 15.7758465456 6.19032027326 12.5095375144 2.41415157105 22.6658998132 0
21 0.0360802639514 41.0079389665 15.1674852724 6.32747339388 13.1283348402 2.66458763961 22.6680996235 0
22 0.0274306061286 40.6384526644 14.5801265593 6.44150610706 13.7232165792 2.92004122857 22.6692262554 0
23 0.0214680935405 40.286151907 14.0138896799 6.5342241027 14.2950267203 3.17962399035 22.6696155062 0
24 0.0173335953673 39.9501584192 13.4685645404 6.60732394166 14.8446067325 3.44251763911 22.6694951317 0
25 0.0144533323719 39.6296364604 12.9437404397 6.66239396423 15.3727852593 3.70796957539 22.6690209686 0
26 0.0124441251615 39.3237936182 12.4388839832 6.70091777288 15.8803721332 3.97528860893 22.6682997584 0
27 0.0110441170016 39.0318806283 11.9533953515 6.72427849009 16.3681541988 4.24384088161 22.6674063327 0
28 0.010073847055 38.7531898869 11.4866393541 6.7337641735 16.8368935096 4.51304593964 22.6663932893 0
29 0.00940998525373 38.4870535982 11.037965891 6.73057336606 17.2873264388 4.78237303579 22.665297685 0
30 0.00896624841262 38.2328417476 10.6067242992 6.71582066807 17.7201632962 5.05133758429 22.6641461562 0
31 0.00867991157638 37.9899601066 10.1922733444 6.69054191569 18.1360883368 5.31949797768 22.6629584072 0
32 0.00851043796875 37.7578481142 9.79398129982 6.65569898435 18.5357606239 5.58645290145 22.6617476383 0
33 0.00842699249145 37.535976575 9.41123467281 6.61218569849 18.9198142544 5.85183772647 22.6605240803 0
34 0.00840741165689 37.3238461518 9.04343823462 6.56083127434 19.2888590231 6.11532257382 22.6592953306 0
35 0.00843487777379 37.1209852287 8.69001656284 6.50240531649 19.6434812492 6.37660945481 22.6580673102 0
36 0.00849773817686 36.9269479589 8.35041326767 6.43762224438 19.9842448017 6.6354297967 22.6568441925 0
37 0.00858745259505 36.7413127149 8.02409164657 6.36714494317 20.3116917925 6.8915423419 22.6556291084 0
38 0.00869814563475 36.5636815566 7.71053472736 6.29158600227 20.626342836 7.14473244113 22.654424291 0
39 0.00882486988939 36.3936771562 7.40924479316 6.2115148867 20.9286986788 7.39480795711 22.6532316581 0
40 0.00896382602146 36.2309430039 7.1197433377 6.1274574424 21.2192401067 7.64159955366 22.6520527295 0
41 0.00911213279331 36.0751405699 6.84156953252 6.03990240115 21.4984296701 7.88495702892 22.6508886646 0
42 0.00926783312502 35.9259500565 6.57428064449 5.94929966982 21.7667112438 8.12475027363 22.6497402786 0
43 0.00942929978955 35.7830672953 6.3174504975 5.85606750874 22.0245119692 8.36086519593 22.6486082335 0
44 0.00959542261296 35.6462047331 6.07066991221 5.76059026018 22.2722416742 8.59320500669 22.647492991 0
45 0.0097650962523 35.5150887151 5.83354523475 5.66322465688 22.5102946627 8.82168662799 22.6463950063 0
46 0.00993755544052 35.389460132 5.60569848677 5.56429830298 22.7390493672 9.04624156506 22.6453145906 0
47 0.010112162823 35.2690724089 5.38676609945 5.46411433401 22.9588697499 9.26681325706 22.6442519878 0
48 0.010288350719 35.1536918495 5.17639920422 5.36295063228 23.1701050426 9.48335751824 22.6432074025 0
49 0.0104657729666 35.043096383 4.97426238736 5.26106275561 23.3730908961 9.6958408614 22.6421809435 0
50 0.0106439440987 34.9370738259 4.78003283948 5.15868796111 23.5681504572 9.90423821294 22.6411727593 0
51 0.0108224131133 34.8354222381 4.59340035928 5.05604430874 23.7555942599 10.1085334531 22.6401829677 0
52 0.0110010998533 34.7379510058 4.4140676903 4.95332805207 23.9357196858 10.3087209421 22.639211524 0
53 0.0111797985944 34.6444776901 4.24174871921 4.8507210446 24.1088130676 10.5048012653 22.6382584146 0
54 0.0113583313895 34.5548288838 4.07616869552 4.74838880078 24.2751493634 10.6967823155 22.6373236097 0
55 0.0115365234857 34.4688393296 3.9170636026 4.64648248892 24.4349928054 10.8846781814 22.6364070685 0
56 0.0117141937549 34.386351452 3.76417972927 4.54513998007 24.5885973334 11.068508568 22.6355087436 0
57 0.0118911615806 34.3072152742 3.61727343189 4.4444859979 24.7362068204 11.2482987279 22.6346285861 0
58 0.0120672192781 34.2312875937 3.476110519 4.34463406028 24.8780557084 11.424078346 22.6337665534 0
59 0.0122422278104 34.1584319511 3.34046603257 4.24568643458 25.0143691859 11.5958816143 22.6329225537 0
60 0.0124161086596 34.0885181768 3.21012382355 4.14773516962 25.1453636162 11.7637466536 22.6320964516 0
61 0.0125887816332 34.0214219609 3.08487616712 4.05086310562 25.2712469465 11.9277149335 22.6312881048 0
62 0.0127601220029 33.9570248407 2.96452363181 3.95514386031 25.3922188546 12.087831299 22.6304973916 0
63 0.0129300389202 33.8952135342 2.84887447967 3.86064333 25.508471319 12.2441431358 22.6297241624 0
64 0.0130984521376 33.8358797523 2.73774441604 3.76742008924 25.6201888777 12.3967001584 22.6289682541 0
65 0.0132652603979 33.7789201183 2.63095644501 3.67552550949 25.7275487828 12.5455543722 22.6282295117 0
66 0.0134303522132 33.7242359672 2.52834059809 3.58500416762 25.8307212667 12.6907598652 22.627507783 0
67 0.0135936406914 33.6717331055 2.42973360954 3.49589435088 25.9298698534 12.8323725436 22.6268028964 0
68 0.0137550598724 33.621321663 2.33497870718 3.40822834253 26.0251515682 12.9704499944 22.6261146647 0
69 0.0139145150404 33.5729152067 2.24392498926 3.32203458584 26.1167175887 13.1050502075 22.625442907 0
70 0.0140719536964 33.5264312434 2.1564275488 3.2373363083 26.2047130845 13.2362324483 22.624787413 0
