Time S_a1 S_a2 I_a1 I_a2 R_a1 R_a2 V_a1 V_a2
0 50 50 1 0 0 0 0 0
1 45.7857925842 49.9556484868 2.06874732529 0.0435804174557 0.0591358938822 0.000771095751966 3.08632419659 0
2 40.9570173846 49.8674953177 3.98315237378 0.128471600889 0.176772995296 0.00403308138681 5.8830572463 0
3 35.2167785427 49.7056197843 7.04954821693 0.282413003483 0.393268079374 0.0119672122398 8.34040516101 0
4 28.5519676342 49.4349802499 11.2944222043 0.537047164752 0.756716204087 0.0279725853766 10.3968939574 0
5 21.4913949395 49.028793442 16.1958721522 0.914624636245 1.30579777231 0.0565819217954 12.006935136 0
6 14.9712558265 48.4845502297 20.8059512136 1.41268747695 2.04842847599 0.102762293334 13.1743644839 0
7 9.765631223 47.8278133163 24.3176242423 2.00137514883 2.9553507106 0.170811534888 13.9613938241 0
8 6.08777091093 47.0992893149 26.4739735452 2.63721160618 3.97555639139 0.263499078885 14.4626991525 0
9 3.70223584426 46.3381759286 27.4693766684 3.27994915961 5.05772785507 0.381874911799 14.7706596323 0
10 2.23169805563 45.5734951237 27.6496056414 3.90090571829 6.16226070574 0.525599158051 14.9564355972 0
11 1.34766512445 44.8234687992 27.321486666 4.48310455156 7.26296241343 0.693426649229 15.0678857961 0
12 0.820587650168 44.0982252746 26.700430362 5.01815825461 8.34411069273 0.883616470773 15.1348712951 0
13 0.505746194748 43.4027165822 25.9219909648 5.50307408103 9.39692422416 1.09420933677 15.1753386163 0
14 0.316230092688 42.7388530759 25.0669863929 5.93795253897 10.4168657386 1.32319438515 15.1999177758 0
15 0.200910476768 42.106841906 24.1823053883 6.32455660299 11.4018968326 1.568601491 15.2148873023 0
16 0.129869362035 41.5059779205 23.2947375272 6.66547250435 12.3514171025 1.82854957513 15.2239760082 0
17 0.0855279684042 40.9350934779 22.4194089732 6.96363728544 13.2656421688 2.10126923664 15.2294208896 0
18 0.0574906588539 40.3928078286 21.5646859224 7.22208118702 14.1452461632 2.38511098442 15.2325772555 0
19 0.0395350194262 39.8776666989 20.7350345868 7.44378734328 14.9911522946 2.67854595782 15.2342780992 0
20 0.0278979146534 39.3882171205 19.9326476449 7.63162047644 15.8044131516 2.98016240306 15.2350412888 0
21 0.0202670034053 38.9230479229 19.1583992062 7.78829188693 16.5861396817 3.28866019019 15.2351941087 0
22 0.0152148784038 38.4808089175 18.4123791722 7.91634678436 17.3374615014 3.60284429817 15.234944448 0
23 0.0118413473164 38.0602205948 17.6942296918 8.01816125594 18.059501674 3.92161814926 15.2344272868 0
24 0.00957409202775 37.6600765052 17.0033316628 8.09594660256 18.7533632608 4.24397689222 15.2337309844 0
25 0.00804570624125 37.2792424433 16.3389188724 8.15175666211 19.4201214335 4.56900089464 15.2329139879 0
26 0.0070130019585 36.9166541514 15.7001522444 8.18749620229 20.0608187062 4.89584964627 15.2320160475 0
27 0.00632182253681 36.5713135054 15.0861513019 8.20493029108 20.6764636793 5.22375620351 15.2310631963 0
28 0.0058668462664 36.2422848996 14.4960301075 8.20569362641 21.2680292868 5.55202147397 15.2300737595 0
29 0.00557581898018 35.9286912525 13.928910473 8.19129945604 21.8364529608 5.8800092915 15.2290607472 0
30 0.00540052236119 35.6297098798 13.3839289407 8.16314846919 22.3826374409 6.20714165102 15.2280330959 0
31 0.00530800038963 35.3445687516 12.8602434629 8.12253696706 22.9074514371 6.53289428137 15.2269970996 0
32 0.00527637542133 35.0725437991 12.3570361712 8.07066271019 23.4117303106 6.85679349073 15.2259571428 0
33 0.00528871417362 34.8129546602 11.873517352 8.00863410464 23.8962772058 7.17841123514 15.224916728 0
34 0.00533341902074 34.5651617047 11.4089238739 7.93747639434 24.3618643478 7.49736190098 15.2238783592 0
35 0.00540257094861 34.3285636321 10.9625196557 7.85813682263 24.8092339417 7.81329954528 15.2228438316 0
36 0.00549063067387 34.1025947759 10.5335956649 7.77149039548 25.2390992416 8.1259148286 15.2218144629 0
37 0.00559322785728 33.8867221666 10.1214696173 7.67834620303 25.6521458049 8.43493163035 15.2207913499 0
38 0.00570717128632 33.6804432004 9.72548483083 7.57945237394 26.049032656 8.74010442569 15.2197753418 0
39 0.00583042798912 33.483285948 9.34501038018 7.47549543365 26.4303921426 9.04121861833 15.2187670492 0
40 0.00596117044103 33.2948031956 8.97943891043 7.36711318301 26.79683289 9.33808362136 15.2177670292 0
41 0.00609814897295 33.1145744532 8.62818729881 7.25489035117 27.1489388388 9.63053519559 15.2167757135 0
42 0.00624028834598 32.9422009802 8.29069426684 7.13936931425 27.4872719561 9.91842970555 15.2157934887 0
43 0.00638686162999 32.7773076488 7.96642122406 7.02104609157 27.8123712536 10.2016462597 15.2148206607 0
44 0.00653726109981 32.6195381778 7.65484967208 6.90038066428 28.1247555711 10.4800811579 15.2138574957 0
45 0.00669107720586 32.4685570614 7.35548222301 6.77779281242 28.4249224897 10.7536501261 15.2129042101 0
46 0.0068478985196 32.3240452948 7.06784008912 6.65367141622 28.713350996 11.022283289 15.2119610164 0
47 0.00700743776073 32.1857022321 6.79146408755 6.52837040799 28.9905003826 11.2859273599 15.2110280921 0
48 0.00716943117681 32.0532418526 6.52591223095 6.402216903 29.2568127351 11.5445412444 15.2101056028 0
49 0.00733363949675 31.9263938041 6.2707604626 6.27550892997 29.5127121953 11.798097266 15.2091937026 0
50 0.00749989679959 31.8049019471 6.02560132167 6.14851864247 29.7586062594 12.0465794104 15.2082925221 0
51 0.00766800577337 31.6885221009 5.7900426424 6.02149721777 29.9948871584 12.2899806813 15.2074021934 0
52 0.00783776150176 31.5770220277 5.5637074093 5.89467482777 30.2219319867 12.5283031445 15.2065228425 0
53 0.00800908312805 31.4701832724 5.34623456556 5.76825652403 30.4401017936 12.7615602036 15.2056545577 0
54 0.00818184966319 31.3677970661 5.13727654617 5.64243126178 30.6497441755 12.9897716721 15.2047974287 0
55 0.00835594350206 31.2696653569 4.93649957721 5.5173697289 30.8511929389 13.2129649142 15.2039515404 0
56 0.00853124412907 31.1755997432 4.74358292378 5.39322661488 31.0447688593 13.431173642 15.2031169727 0
57 0.00870762951999 31.0854209128 4.55821837577 5.27014178407 31.2307801947 13.6444373031 15.2022938 0
58 0.00888498436974 30.9989584943 4.38010992911 5.14824055487 31.4095229973 13.8528009508 15.2014820892 0
59 0.0090631852796 30.9160500681 4.20897305588 5.02763589315 31.5812818548 14.0563140388 15.200681904 0
60 0.00924212535966 30.8365411658 4.04453448696 4.90842828113 31.746330093 14.2550305531 15.1998932947 0
61 0.00942170779494 30.7602846149 3.88653164207 4.79070714844 31.9049303495 14.4490082366 15.1991163007 0
62 0.00960183345902 30.6871401434 3.73471221689 4.67455172892 32.0573349935 14.6383081277 15.1983509561 0
63 0.00978239397536 30.6169742365 3.58883391453 4.56003132903 32.2037863982 14.8229944345 15.1975972933 0
64 0.00996328663913 30.5496593851 3.44866380331 4.44720692281 32.3445175748 15.003133692 15.1968553352 0
65 0.0101444083915 30.4850738887 3.31397801987 4.3361315394 32.4797524728 15.1787945719 15.1961250989 0
66 0.0103256543033 30.4231017869 3.18456159704 4.22685032231 32.6097061524 15.3500478908 15.1954065962 0
67 0.010506921491 30.3636325163 3.06020804479 4.11940123645 32.7345852014 15.5169662472 15.1946998324 0
68 0.0106881127427 30.3065607479 2.94071907093 4.01381534997 32.854588012 15.6796239022 15.1940048043 0
69 0.0108691315082 30.2517858779 2.82590413724 3.91011794278 32.9699052286 15.8380961794 15.1933215027 0
70 0.0110498742168 30.1992113433 2.7155799173 3.80833003636 33.0807202943 15.9924586204 15.1926499142 0
