Time S_a1 S_a2 I_a1 I_a2 R_a1 R_a2 V_a1 V_a2
0 50 50 1 0 0 0 0 0
1 18.5991774106 49.9601325114 1.59757873239 0.0391394391971 0.0531535867154 0.000728049387094 30.7500902703 0
2 6.87382004535 49.9076671433 1.85348726369 0.0890593972202 0.123115171859 0.00327345948717 42.1495775191 0
3 2.53621848664 49.8509303171 1.90924065945 0.141189610828 0.19879378852 0.00788007203415 46.3557470654 0
4 0.937299573748 49.7939772867 1.88215143579 0.191479714628 0.274779681948 0.0145429986532 47.9057693085 0
5 0.348273307906 49.7383675282 1.82565125657 0.238478339127 0.348987375038 0.0231541326505 48.4770880605 0
6 0.131171071853 49.6846201458 1.76031347871 0.28180766723 0.420719195223 0.033572186931 48.6877962542 0
7 0.0510742708089 49.6328663923 1.69358374829 0.321483625555 0.489795817962 0.0456499821522 48.7655461629 0
8 0.0214925160042 49.5830996733 1.62806073556 0.357656176901 0.556222671758 0.0592441498161 48.7942240767 0
9 0.01055892128 49.5352664506 1.56460302141 0.390515254746 0.620068455458 0.0742182946963 48.8047696019 0
10 0.00651207478392 49.4892986479 1.50345194602 0.420257537079 0.681421749834 0.0904438150571 48.8086142294 0
11 0.00501970444367 49.4451250509 1.44463143856 0.447075045405 0.740375710945 0.107799903743 48.8099731461 0
12 0.00446990282543 49.4026753133 1.38809116811 0.471151373123 0.797022663169 0.126173313602 48.8104162659 0
13 0.00426320851766 49.3618812139 1.33375648644 0.492660907402 0.851452373206 0.145457878736 48.8105279318 0
14 0.00419013975733 49.3226770795 1.28154597048 0.511768667885 0.903751454878 0.165554252661 48.8105124349 0
15 0.00416526531247 49.2849998565 1.23137838442 0.528630628667 0.954003243231 0.18636951485 48.810453107 0
16 0.00415843746249 49.2487891196 1.18317449736 0.543393894801 1.00228776254 0.20781698562 48.8103793026 0
17 0.00415601761964 49.2139868137 1.13685769092 0.556197699817 1.04868203682 0.229815486487 48.8103042546 0
18 0.00415417116387 49.180537212 1.09235409736 0.567173616644 1.09326012798 0.252289171343 48.8102316035 0
19 0.00415550101495 49.148386908 1.04959268389 0.576445658159 1.13609313509 0.275167433868 48.81015868 0
20 0.00416190646612 49.1174846312 1.0085051675 0.584130958382 1.17724941833 0.298384410417 48.8100835077 0
21 0.00417034009622 49.0877810961 0.96902590248 0.590340333306 1.21679478241 0.321878570584 48.810008975 0
22 0.00417640084353 49.0592291536 0.931092013101 0.595177855283 1.25479227119 0.345592991092 48.8099393149 0
23 0.00417338237918 49.0317837218 0.894643324834 0.598741073932 1.29130225855 0.369475204235 48.8098810342 0
24 0.00415710939394 49.005401229 0.859621581727 0.601122976992 1.32638313817 0.393475793965 48.8098381707 0
25 0.0041609699724 48.9800402781 0.825970824674 0.602409744407 1.3600904888 0.41754997746 48.8097777166 0
26 0.00417172803593 48.9556606338 0.79363729006 0.602684268928 1.39247834674 0.441655097306 48.8097126352 0
27 0.0041807311029 48.9322238978 0.762569548952 0.602023845182 1.42359834586 0.465752257007 48.8096513741 0
28 0.00418228977303 48.9096931981 0.73271812323 0.600501267746 1.45350011234 0.489805534181 48.8095994747 0
29 0.00418572938085 48.8880331203 0.704035267819 0.598185065003 1.48223134942 0.513781814718 48.8095476534 0
30 0.00418782698752 48.8672096735 0.676475274089 0.595139670809 1.509837878 0.537650655714 48.8094990209 0
31 0.00418991057951 48.8471902175 0.6499941665 0.591425670434 1.5363637287 0.561384112091 48.8094521942 0
32 0.0041916280282 48.8279434229 0.62454972831 0.587099972638 1.56185119037 0.584956604448 48.8094074533 0
33 0.00419314841788 48.8094391605 0.600101331524 0.582216151626 1.58634095486 0.608344687868 48.8093645652 0
34 0.0041951633719 48.7916484941 0.576609931069 0.576824502346 1.60987212341 0.631527003602 48.8093227821 0
35 0.00419859558719 48.7745436956 0.55403809461 0.570972065765 1.63248218125 0.654484238631 48.8092811286 0
36 0.0042039545571 48.7580981902 0.532349931719 0.564702783538 1.65420707282 0.677199026223 48.8092390409 0
37 0.00421027472362 48.7422862979 0.511510767658 0.558058310279 1.67508153962 0.699655391847 48.809197418 0
38 0.00421563030065 48.7270834301 0.491487395284 0.551077432968 1.69513885951 0.721839136977 48.8091581149 0
39 0.00421594975614 48.7124654701 0.472247258329 0.54379773749 1.71441167491 0.743736792386 48.809125117 0
40 0.00420973050652 48.698411139 0.453761588081 0.536249652789 1.73292880815 0.765339208198 48.8090998733 0
41 0.00419564541854 48.6848972562 0.435999063681 0.528468443469 1.75072163963 0.786634300353 48.8090836513 0
42 0.00419695274373 48.6719033027 0.418931767284 0.520482719438 1.76781796373 0.807613977825 48.8090533162 0
43 0.00420855505436 48.6594091483 0.402532518264 0.512320247472 1.78424504602 0.82827060421 48.8090138807 0
44 0.00420714609584 48.6473954462 0.386775314802 0.504006928592 1.80002909234 0.848597625233 48.8089884468 0
45 0.00420880153708 48.6358430559 0.371634164962 0.495567588544 1.81519602869 0.868589355558 48.8089610048 0
46 0.00421071331129 48.6247350188 0.357086154809 0.487023530416 1.82976882513 0.888241450751 48.8089343068 0
47 0.00421122556775 48.6140550722 0.343109303116 0.478394496679 1.84376950919 0.907550431144 48.8089099621 0
48 0.00421028188553 48.6037846388 0.329678490615 0.469702689079 1.85722324159 0.926512672141 48.8088879859 0
49 0.00420949898431 48.5939086456 0.31677333278 0.460965100791 1.87015043127 0.945126253643 48.808866737 0
50 0.00421034329042 48.5844119567 0.304373364933 0.452198344802 1.88257156938 0.963389698489 48.8088447224 0
51 0.00421387334449 48.5752799063 0.292458763613 0.443417960527 1.89450650751 0.981302133221 48.8088208555 0
52 0.00421889702819 48.5664984414 0.281010549453 0.434638248542 1.90597426328 0.998863310013 48.8087962902 0
53 0.0042239706797 48.5580539599 0.27001035606 0.425872615797 1.91699324064 1.01607342429 48.8087724326 0
54 0.00422716746719 48.5499334951 0.259440683094 0.41713320407 1.92758097722 1.03293330083 48.8087511722 0
55 0.00422503284245 48.5421246719 0.249284840923 0.408430961866 1.93775420597 1.04944436628 48.8087359203 0
56 0.00421334256615 48.5346153812 0.239526503017 0.399776434796 1.94752929485 1.065608184 48.8087308596 0
57 0.00418649552979 48.527394159 0.230150224875 0.391178901762 1.95692173356 1.08142693928 48.808741546 0
58 0.00418405248642 48.5204500371 0.221141067102 0.382646720742 1.9659463363 1.09690324213 48.8087285441 0
59 0.00421603316609 48.5137722062 0.212484421431 0.374188117463 1.97461770005 1.11203967633 48.8086818453 0
60 0.00421325791869 48.507350447 0.204166776016 0.365810190851 1.98294961579 1.12683936211 48.8086703503 0
61 0.00422437840686 48.501174903 0.196174680115 0.357519442147 1.99095538033 1.14130565481 48.8086455611 0
62 0.00422191530215 48.4952361085 0.188495486231 0.349321730713 1.99864775707 1.15544216077 48.8086348414 0
63 0.00422388262536 48.4895248552 0.181116744534 0.341222388898 2.00603915631 1.16925275593 48.8086202165 0
64 0.00422416666314 48.4840324709 0.17402681264 0.333226087716 2.01314125964 1.1827414414 48.8086077611 0
65 0.00422480394994 48.4787507103 0.167214602133 0.32533691818 2.01996516781 1.19591237152 48.8085954261 0
66 0.00422539732958 48.4736720087 0.160669952392 0.317558306769 2.02652105966 1.20876968454 48.8085835906 0
67 0.00422536884282 48.4687873633 0.154380772513 0.309894298657 2.03282104811 1.22131833802 48.8085728105 0
68 0.00422452714201 48.4640898464 0.148337770468 0.302347332369 2.03887444114 1.23356282124 48.8085632613 0
69 0.00422276840337 48.4595722055 0.142531217499 0.294920024393 2.04469098406 1.24550777016 48.80855503 0
70 0.00422075424491 48.4552276796 0.136952053812 0.287614249951 2.05027975025 1.25715807041 48.8085474417 0
