Time S_a1 S_a2 I_a1 I_a2 R_a1 R_a2 V_a1 V_a2
0 50 50 1 0 0 0 0 0
1 19.7327164179 49.9599117955 1.61824192582 0.0393578937178 0.0534480346441 0.000730310741929 29.5955936216 0
2 7.73196361234 49.9062970938 1.90868018526 0.0903993530741 0.124944306492 0.00330355317202 41.2344118959 0
3 3.02169350977 49.8475332319 1.98708174412 0.144466258531 0.203332920442 0.00800050955097 45.7878918257 0
4 1.18085302063 49.7880799849 1.96999722832 0.197079711381 0.282665842221 0.0148403037215 47.5664839088 0
5 0.462162146857 49.7297972242 1.91611226803 0.24647924181 0.360456565431 0.0237235339472 48.2612690197 0
6 0.181468141693 49.673361955 1.84985228641 0.292129584597 0.435795903258 0.0345084604232 48.5328836686 0
7 0.0717467104188 49.6189768478 1.7806855792 0.333979987764 0.508408370246 0.047043164442 48.6391593401 0
8 0.0288057925879 49.5666641935 1.7121520167 0.372157936465 0.578260106335 0.0611778700554 48.6807820844 0
9 0.0119784896523 49.5163801635 1.64552144163 0.40685051405 0.645406236141 0.0767693224771 48.6970938326 0
10 0.00538667807414 49.4680581859 1.58120680148 0.438259679668 0.709932816882 0.0936821344066 48.7034737036 0
11 0.00280233102192 49.4216252641 1.51930148827 0.466585708865 0.771934944973 0.111789027067 48.7059612357 0
12 0.00177893945958 49.3770079398 1.45978075547 0.492021526319 0.831508715089 0.130970533833 48.70693159 0
13 0.00137862459968 49.3341344913 1.40257685493 0.51475073682 0.888748237587 0.151114771869 48.7072962829 0
14 0.00122146589042 49.2929356685 1.34760897814 0.53494738204 0.943744609063 0.172116949444 48.7074249469 0
15 0.00116159612877 49.2533449126 1.29479318256 0.552775992037 0.996585590224 0.19387909534 48.7074596311 0
16 0.0011388257921 49.2152983409 1.24404658905 0.56839202389 1.04735559393 0.216309635201 48.7074589912 0
17 0.00113052999284 49.1787346553 1.19528861422 0.58194233777 1.09613578025 0.239323006925 48.7074450755 0
18 0.00112719758338 49.1435950551 1.14844150907 0.59356560512 1.14300414994 0.26283933982 48.7074271434 0
19 0.00112756014979 49.1098231445 1.10343039106 0.603392685527 1.18803564847 0.286784169968 48.7074064003 0
20 0.00113252716772 49.0773649174 1.06018337733 0.611546761797 1.23130217299 0.311088320786 48.7073819225 0
21 0.00113539287803 49.0461684556 1.01863140937 0.618144412465 1.27287294286 0.335687131895 48.7073602549 0
22 0.00113085009473 49.0161839509 0.978708098827 0.623295564098 1.31281446436 0.360520484986 48.7073465867 0
23 0.00112565073606 48.987363751 0.940349628087 0.627103412908 1.35119046101 0.385532836053 48.7073342602 0
24 0.00112908099735 48.9596619374 0.903494392185 0.629665816294 1.38806241022 0.410672246301 48.7073141166 0
25 0.00113063343743 48.9330345587 0.868083671576 0.63107465647 1.42348923163 0.435890784797 48.7072964634 0
26 0.00113181728559 48.907439409 0.834060821496 0.631416538593 1.45752756986 0.461144052431 48.7072797914 0
27 0.00113268239149 48.8828359934 0.801371457741 0.630772969093 1.49023183119 0.486391037459 48.7072640287 0
28 0.001133416346 48.8591854184 0.769963293776 0.629220739658 1.52165432183 0.511593841931 48.7072489681 0
29 0.0011343199243 48.836450387 0.739786142363 0.626832008364 1.55184524627 0.536717604625 48.7072342914 0
30 0.00113525258676 48.8145950084 0.710791672351 0.62367484739 1.58085295901 0.561730144162 48.7072201161 0
31 0.00113575598427 48.7935848236 0.682933452558 0.619813305089 1.60872391663 0.586601871321 48.7072068748 0
32 0.00113498505766 48.7733869549 0.656167146056 0.61530692488 1.63550248529 0.611306120184 48.7071953836 0
33 0.00113257646188 48.7539697293 0.63045001045 0.610211961232 1.66123142958 0.635818309432 48.7071859835 0
34 0.00112869914933 48.7353026196 0.605740822437 0.604581574338 1.68595198699 0.660115806107 48.7071784914 0
35 0.00112431849062 48.717356404 0.582000088445 0.598465353235 1.70970365754 0.684178242786 48.7071719355 0
36 0.0011219547031 48.7001029713 0.559189787739 0.591909977256 1.73252445316 0.707987051399 48.7071638044 0
37 0.00112416262237 48.6835153908 0.537273474788 0.584958964331 1.75445081097 0.731525644872 48.7071515516 0
38 0.00113293497247 48.6675677176 0.516216041672 0.5776533614 1.77551784036 0.75477892096 48.707133183 0
39 0.00114239236996 48.6522351317 0.495983953533 0.57003125931 1.79575914676 0.777733609012 48.7071145073 0
40 0.00113933611032 48.6374937019 0.476544936455 0.562128616442 1.81520713448 0.800377681691 48.707108593 0
41 0.00114052575821 48.6233204699 0.457867759019 0.553978927908 1.83389289993 0.822700602206 48.7070988153 0
42 0.00114016996262 48.6096933887 0.439922617207 0.545613486238 1.85184631044 0.844693125021 48.7070909024 0
43 0.00114088541566 48.596591273 0.422680797876 0.537061515994 1.86909607018 0.866347211031 48.7070822465 0
44 0.00114099489368 48.5839935008 0.406114383842 0.528350631094 1.88567012209 0.887655868109 48.7070744992 0
45 0.00114135429794 48.5718808864 0.390197382523 0.519505752258 1.90159446383 0.908613361316 48.7070667993 0
46 0.00114165098471 48.5602343361 0.374903933352 0.510550878485 1.91689496982 0.929214785395 48.7070594458 0
47 0.00114194145716 48.5490373748 0.36021171882 0.50150605798 1.93159396715 0.949456567223 48.7070523726 0
48 0.00114228381557 48.5382703647 0.346094139786 0.49239474321 1.94571806647 0.969334892124 48.7070455099 0
49 0.00114266205294 48.5279175304 0.332529833227 0.483234781672 1.9592886405 0.98884768793 48.7070388642 0
50 0.0011429979139 48.5179629299 0.319497213294 0.474043619452 1.97232728524 1.00799345065 48.7070325036 0
51 0.00114322656526 48.5083910937 0.306975336217 0.464837721532 1.98485495424 1.02677118472 48.707026483 0
52 0.00114333380991 48.4991872426 0.294944195691 0.455632145512 1.99689166281 1.04518061184 48.7070208077 0
53 0.00114332327725 48.4903370944 0.283384462984 0.446440970602 2.00845674834 1.06322193498 48.7070154654 0
54 0.001143230723 48.4818270349 0.272277717692 0.437276921522 2.01956863932 1.08089604359 48.7070104123 0
55 0.001143136298 48.4736440301 0.261606329103 0.4281515836 2.03024497395 1.09820438626 48.7070055606 0
56 0.00114317956553 48.4657753368 0.251353064715 0.419076092575 2.04050299196 1.11514857064 48.7070007638 0
57 0.00114354160395 48.4582089969 0.241501760076 0.410060002145 2.0503588643 1.131731001 48.706995834 0
58 0.00114437468752 48.4509333279 0.232036627355 0.401112473343 2.05982838541 1.14795419872 48.7069906125 0
59 0.0011458328492 48.4439370626 0.222942444594 0.392241946384 2.0689267837 1.16382099102 48.7069849389 0
60 0.00114803083135 48.4372094599 0.214204707541 0.383455887993 2.07766856971 1.17933465209 48.7069786919 0
61 0.00115079699967 48.430740135 0.205809400184 0.374761222586 2.08606776663 1.19449864241 48.7069720362 0
62 0.00115393509308 48.4245191663 0.197743138159 0.366164045607 2.09413776586 1.20931678813 48.7069651609 0
63 0.0011569157464 48.4185369857 0.189993020525 0.357669918577 2.10189147603 1.22379309571 48.7069585877 0
64 0.001158901023 48.4127843867 0.182546640333 0.349283848154 2.10934131242 1.23793176512 48.7069531462 0
65 0.00115893699608 48.4072525635 0.17539213778 0.341010178264 2.11649914324 1.25173725821 48.706949782 0
66 0.00115605476365 48.4019329982 0.168518045097 0.332852886437 2.12337644381 1.26521411535 48.7069494563 0
67 0.00114922953738 48.3968175325 0.161913385167 0.324815396446 2.1299841986 1.27836707104 48.7069531867 0
68 0.00113927312452 48.3918983072 0.155567583557 0.316900726126 2.13633298396 1.29120096671 48.7069601594 0
69 0.00112813096258 48.387167777 0.149470491024 0.309111452113 2.14243294767 1.30372077091 48.7069684303 0
70 0.00112165139588 48.3826186408 0.143612283443 0.30144987698 2.14829390474 1.31593148219 48.7069721604 0
