Time S_a1 S_a2 I_a1 I_a2 R_a1 R_a2 V_a1 V_a2
0 50 50 1 0 0 0 0 0
1 18.9081813414 49.9600718405 1.60323171161 0.0391994868529 0.0532345251404 0.000728672684398 30.4353524218 0
2 7.10293800188 49.907295065 1.86834325637 0.0894232623148 0.123611922113 0.00328167265174 41.9051068196 0
3 2.66326731072 49.8500160738 1.92995750342 0.142071242803 0.200015348922 0.00791268337597 46.2067598369 0
4 0.999868280081 49.7924001487 1.90536853222 0.192976827633 0.276888599146 0.0146230236924 47.8178745886 0
5 0.377096657106 49.7360853936 1.84946606425 0.240607885973 0.352041211026 0.0233067204461 48.4213960676 0
6 0.143822178704 49.68163108 1.78383911258 0.284546660791 0.424721699191 0.0338222591732 48.6476170095 0
7 0.0563598829962 49.6291861622 1.71645068912 0.32479267815 0.49472689886 0.0460211596145 48.732462529 0
8 0.0235319837913 49.5787509888 1.65013392953 0.361490661958 0.562052786487 0.059758349264 48.7642813002 0
9 0.0112004258954 49.5302742377 1.58584744418 0.394830132567 0.626764948351 0.0748956296978 48.7761871816 0
10 0.00656178649081 49.4836880798 1.52387346164 0.425009295818 0.688951505844 0.0913026243758 48.780613246 0
11 0.00482227576379 49.4389207645 1.4642518325 0.452222406653 0.748706219731 0.108856828868 48.782219672 0
12 0.00416987382476 49.3959011184 1.4069378746 0.476655494741 0.806122422051 0.127443386907 48.7827698295 0
13 0.0039214070641 49.3545600126 1.35185842839 0.498485344447 0.861291007507 0.14695464295 48.782929157 0
14 0.00383057433361 49.3148308498 1.29893197732 0.517879316222 0.91429974987 0.167289834027 48.7829376985 0
15 0.00379861180069 49.2766496734 1.24807651618 0.534995607452 0.965233124763 0.188354719105 48.7828917473 0
16 0.00378858065327 49.2399551043 1.19921177058 0.549983705207 1.01417236778 0.210061190494 48.782827281 0
17 0.00378593071607 49.2046882565 1.15226008801 0.562984808119 1.06119556211 0.232326935412 48.7827584192 0
18 0.00378805745044 49.1707926433 1.10714659653 0.574132222336 1.10637774484 0.255075134404 48.7826876012 0
19 0.00379634839889 49.1382141667 1.06379938307 0.583551482129 1.14979090715 0.278234351132 48.7826133614 0
20 0.00380219001805 49.1069008266 1.02214940604 0.591361404037 1.19150435171 0.301737769383 48.7825440522 0
21 0.00379745296752 49.0768027433 0.982130316909 0.597674035058 1.23158465514 0.325523221606 48.782487575 0
22 0.0037914102157 49.0478721487 0.943678193354 0.602594741782 1.2700956708 0.349533109528 48.7824347256 0
23 0.00379804363985 49.0200630694 0.906731373274 0.606223287462 1.30709892767 0.373713643171 48.7823716554 0
24 0.00380120938215 48.9933314719 0.871231190557 0.608653476194 1.34265343352 0.398015051914 48.7823141665 0
25 0.00380419423281 48.9676350714 0.837120946768 0.609973748002 1.37681591801 0.422391180643 48.782258941 0
26 0.003806509954 48.9429332873 0.804346225901 0.610267397098 1.40964088248 0.446799315557 48.7822063817 0
27 0.00380876460751 48.9191871792 0.772854744075 0.609612824861 1.44118067802 0.471199995969 48.7821558133 0
28 0.00381130690477 48.8963593253 0.742596216264 0.608083952594 1.47148565822 0.495556722095 48.7821068186 0
29 0.0038139015945 48.8744137903 0.71352231904 0.605750337786 1.50060422068 0.519835871952 48.7820595587 0
30 0.00381568254377 48.8533161021 0.685586670877 0.602677354825 1.52858282445 0.544006543098 48.7820148221 0
31 0.00381561383939 48.833033325 0.658744917761 0.598925938789 1.55546590081 0.56804073621 48.7819735676 0
32 0.00381360977495 48.8135335759 0.632954095296 0.594554173155 1.581296476 0.591912250977 48.7819358189 0
33 0.00381025160032 48.7947863642 0.608173077036 0.589616204262 1.60611572975 0.615597431575 48.7819009416 0
34 0.00380843149274 48.7767623591 0.584362262568 0.58416304938 1.62996329108 0.639074591565 48.7818660149 0
35 0.00381115612639 48.7594334406 0.561483663318 0.578242408484 1.65287717571 0.662324150889 48.7818280048 0
36 0.00382103157199 48.7427725586 0.539500732277 0.571899175898 1.67489396504 0.685328265532 48.7817842711 0
37 0.00383620147104 48.7267537793 0.518378452943 0.565175269984 1.69604874703 0.708070950712 48.7817365986 0
38 0.00384420117287 48.7113521496 0.498083218612 0.558110125431 1.71637529072 0.730537724933 48.7816972895 0
39 0.00383620426461 48.696543713 0.478582715655 0.550740613952 1.73590602621 0.752715673014 48.7816750539 0
40 0.00381161998159 48.6823054681 0.459845841679 0.543101189032 1.75467209849 0.774593342837 48.7816704398 0
41 0.00379467447824 48.6686152972 0.441842492642 0.535224124943 1.77270346071 0.796160577817 48.7816593722 0
42 0.00380727681117 48.6554519565 0.424543779618 0.527139564598 1.79002888693 0.817408478942 48.7816200566 0
43 0.00385243578924 48.6427950291 0.407922078231 0.518875668276 1.80667603355 0.838329302641 48.7815494524 0
44 0.00383440088718 48.6306249806 0.391951629148 0.510458552066 1.82267136281 0.858916467299 48.7815426072 0
45 0.00382830613972 48.6189229177 0.376606377872 0.501912790978 1.83804046975 0.879164291282 48.7815248462 0
46 0.00383490831783 48.6076707397 0.361861822507 0.493261168092 1.85280787451 0.89906809218 48.7814953947 0
47 0.00383577367043 48.5968506648 0.347694034703 0.484525336027 1.86699766366 0.918623999218 48.781472528 0
48 0.00383765604867 48.5864463541 0.334080875218 0.475724525499 1.88063196678 0.937829120368 48.781449502 0
49 0.0038382117429 48.5764431019 0.321002471227 0.466875404199 1.89373070053 0.956681493895 48.7814286165 0
50 0.00383795142802 48.5668236026 0.308435418773 0.457997246385 1.90631730083 0.975179151003 48.781409329 0
51 0.00383796073582 48.5575733306 0.29636007753 0.449105315995 1.91841143193 0.993321353444 48.7813905298 0
52 0.00383912748141 48.548678214 0.2847574251 0.440214010442 1.93003214058 1.01110777559 48.7813713068 0
53 0.0038416074517 48.540124692 0.273609140002 0.431336444933 1.94119777584 1.02853886307 48.7813514767 0
54 0.00384490110677 48.5318993974 0.262897166682 0.422485376961 1.95192642322 1.04561522561 48.781331509 0
55 0.00384721697039 48.523989774 0.252604558083 0.413671989464 1.96223506384 1.0623382365 48.7813131611 0
56 0.00384739514651 48.5163836001 0.242714819363 0.404906859016 1.97214022169 1.0787095409 48.7812975638 0
57 0.00384328293864 48.5090692536 0.233212275618 0.396199395584 1.98165760404 1.09473135085 48.7812868374 0
58 0.00383229990656 48.5020355172 0.224081803891 0.387558304704 1.99080236575 1.11040617814 48.7812835304 0
59 0.00381160105373 48.4952715157 0.215308747394 0.378991732674 1.99958919395 1.12573675163 48.7812904576 0
60 0.00378364621263 48.4887670432 0.206879341512 0.370506551098 2.00803186409 1.14072640569 48.7813051482 0
61 0.00383087334745 48.4825120299 0.198779728794 0.362109545568 2.01614396659 1.15537842456 48.7812454313 0
62 0.00383311695448 48.4764968596 0.19099737933 0.353806713434 2.02393847074 1.169696427 48.781231033 0
63 0.00384667021769 48.4707123042 0.183519679674 0.345603406559 2.03142781725 1.18368428924 48.7812058329 0
64 0.00384742138538 48.4651495021 0.176334784014 0.337504406221 2.03862394655 1.19734609164 48.7811938481 0
65 0.00384858306248 48.4597999149 0.169431169368 0.329513987102 2.04553835796 1.21068609797 48.7811818896 0
66 0.00384935463191 48.4546552025 0.162797628879 0.321635981796 2.05218227739 1.22370881575 48.7811707391 0
67 0.00384972964322 48.4497075786 0.156423704261 0.313873653973 2.05856617925 1.23641876747 48.7811603868 0
68 0.00385037368408 48.4449502307 0.150300248771 0.306229540085 2.06469922239 1.24882022921 48.7811501552 0
69 0.00385068332313 48.4403752093 0.144416595672 0.298706449977 2.07059209153 1.26091834075 48.7811406295 0
70 0.00385020036133 48.4359750446 0.138762727822 0.29130674179 2.07625482032 1.27271821357 48.7811322515 0
