Time S_a1 S_a2 I_a1 I_a2 R_a1 R_a2 V_a1 V_a2
0 50 50 1 0 0 0 0 0
1 18.8952966051 49.9600743472 1.60299737588 0.0391970058222 0.0532311810121 0.000728646979392 30.4484748381 0
2 7.09311537579 49.9073105783 1.86771930036 0.0894080902192 0.123591210758 0.00328133151682 41.9155741131 0
3 2.65754724939 49.8500545148 1.92907600328 0.142034165329 0.199963985539 0.00791131986762 46.2134127618 0
4 0.996776499512 49.7924669821 1.90436776085 0.192913360469 0.276799228625 0.0146196574115 47.822056511 0
5 0.375394105305 49.7361828145 1.84842606416 0.240516919978 0.35191084252 0.023300265537 48.424268988 0
6 0.142791041773 49.6817595744 1.78279818791 0.28442880145 0.42454963015 0.0338116241041 48.6498611402 0
7 0.0556367969042 49.6293454377 1.71542554102 0.324649268276 0.494513474073 0.0460052940582 48.734424188 0
8 0.0229454393262 49.5789404264 1.64913133108 0.361323310638 0.561798793574 0.0597362629443 48.766124436 0
9 0.0106728518774 49.5304930941 1.58486985945 0.394640507624 0.62647134754 0.074866398307 48.7779859411 0
10 0.00605907612995 49.4839355725 1.52292154709 0.424799037591 0.6886193145 0.0912653899418 48.7824000623 0
11 0.00432974892666 49.4391961077 1.46332550322 0.451993094451 0.748336464429 0.108810797894 48.7840082834 0
12 0.00368134251292 49.3962035371 1.40603674861 0.476408634992 0.805716119008 0.127387827943 48.7845657899 0
13 0.00343422657826 49.3548887477 1.35098201044 0.498222369791 0.860849155391 0.146888882461 48.7847346076 0
14 0.00334373195673 49.3151851604 1.29807972856 0.517601584931 0.913823326424 0.167213254683 48.7847532131 0
15 0.00331165258601 49.2770288374 1.24724788807 0.534704405819 0.96472308568 0.188266756796 48.7847173737 0
16 0.00330133453832 49.2403584177 1.1984062141 0.549680251293 1.01362964689 0.209961330962 48.7846628045 0
17 0.00329834188022 49.2051150336 1.15147705859 0.562670254879 1.06062107161 0.232214711493 48.7846035279 0
18 0.00330015802199 49.1712422168 1.10638555655 0.573807658051 1.10577237451 0.254950125175 48.7845419109 0
19 0.00330809170946 49.1386858861 1.06305980384 0.583217937328 1.14915552613 0.278096176528 48.7844765783 0
20 0.00331349403116 49.1073940585 1.02143076765 0.591019851792 1.19083980799 0.301586089665 48.7844159303 0
21 0.00330832604012 49.077316873 0.98143210839 0.5973253881 1.2308917737 0.325357738931 48.7843677919 0
22 0.00330209221902 49.0484065722 0.942999902062 0.602239876926 1.26937526293 0.349353550858 48.7843227428 0
23 0.00330847144382 49.0206172037 0.906072506708 0.605863017258 1.3063517784 0.373519779034 48.7842672434 0
24 0.00331129565749 48.9939047479 0.87059126287 0.608288570738 1.34188031024 0.397806681346 48.7842171312 0
25 0.00331398666965 48.9682269356 0.836499479501 0.609604930709 1.37601756813 0.422168133707 48.7841689657 0
26 0.00331601563291 48.9435432004 0.803742749062 0.609895350644 1.40881803537 0.446561448977 48.7841231999 0
27 0.00331800618454 48.9198146168 0.772268797234 0.609238189126 1.44033404347 0.470947194118 48.7840791531 0
28 0.00332029505882 48.8970037758 0.742027345993 0.607707332382 1.47061592977 0.495288891804 48.7840364292 0
29 0.00332263641867 48.875074756 0.712970081103 0.605372300752 1.49971207365 0.519552943273 48.7839952088 0
30 0.00332415363404 48.8539931022 0.685050634434 0.602298422417 1.52766891215 0.543708475409 48.7839562998 0
31 0.00332382363878 48.8337258886 0.658224656519 0.598546608957 1.55453086339 0.567727502419 48.7839206565 0
32 0.00332156256756 48.8142412453 0.632449192087 0.594174910132 1.58034093631 0.591583844524 48.783888309 0
33 0.00331798525985 48.7955086939 0.607683122585 0.58923744366 1.6051402946 0.615253862459 48.7838585976 0
34 0.00331600121824 48.7774989168 0.583886857563 0.583785193569 1.62896854964 0.638715889675 48.7838285916 0
35 0.00331860688976 48.7601838046 0.561022415583 0.577865837033 1.65186370299 0.661950358339 48.7837952745 0
36 0.00332843099537 48.7435363202 0.539053259772 0.571524237105 1.67386231875 0.684939442698 48.7837559905 0
37 0.00334340953577 48.7275305401 0.517944382422 0.564802291496 1.69499947119 0.707667168439 48.7837127368 0
38 0.00335099202618 48.7121415226 0.497662186399 0.557739409586 1.7153089139 0.730119067861 48.7836779077 0
39 0.00334242289757 48.6973453218 0.478174365298 0.550372440652 1.73482306255 0.7522822375 48.7836601493 0
40 0.00331759373843 48.6831189467 0.459449820679 0.542735817856 1.75357304847 0.774145235435 48.7836595371 0
41 0.00330112223115 48.66944029 0.441458454152 0.534861793972 1.77158881056 0.795697916029 48.7836516131 0
42 0.00331469556534 48.6562881174 0.424171386895 0.526780494224 1.78889910982 0.816931388353 48.7836148077 0
43 0.00335933139061 48.6436420251 0.407561020182 0.518520053743 1.80553158531 0.837837921167 48.7835480631 0
44 0.00333866881891 48.6314824811 0.391601597105 0.510106587614 1.82151269563 0.858410931245 48.7835470384 0
45 0.00333487990117 48.6197906063 0.376267029328 0.501564641509 1.83686801673 0.878644752211 48.783530074 0
46 0.00334051310335 48.6085483133 0.361532883453 0.492916979546 1.85162205035 0.898534707122 48.7835045531 0
47 0.00334142257663 48.5977377911 0.347375159051 0.48418528513 1.86579892267 0.918076923751 48.7834844957 0
48 0.00334311991465 48.587342803 0.333771858444 0.475388665336 1.87942062503 0.937268531707 48.7834643966 0
49 0.00334352859026 48.5773485846 0.320703024518 0.466543849292 1.89250715298 0.956107566118 48.7834462939 0
50 0.00334314176722 48.5677377853 0.308145187857 0.457670170547 1.90508200353 0.974592044115 48.7834296668 0
51 0.00334306145816 48.5584959768 0.29607883609 0.448782771777 1.91716470893 0.99272125138 48.7834133935 0
52 0.0033441491607 48.54960907 0.284484920004 0.439896063469 1.9287743392 1.01049486655 48.7833965916 0
53 0.00334658010567 48.5410634924 0.273345098854 0.431023188091 1.93992925901 1.02791331952 48.783379062 0
54 0.00334976436744 48.5328459178 0.262641369721 0.422176827936 1.95064749807 1.04497725427 48.7833613678 0
55 0.00335198496879 48.5249437636 0.252356746075 0.413368222564 1.96094607332 1.06168801388 48.7833451956 0
56 0.00335205421437 48.51734483 0.242474760119 0.404607909755 1.97084147854 1.07804726022 48.7833317071 0
57 0.00334778945438 48.5100375067 0.232979749743 0.395905280107 1.98034940528 1.09405721317 48.7833230555 0
58 0.00333661202536 48.5030105686 0.223856578587 0.38726906316 1.98948501871 1.10972036823 48.7833217907 0
59 0.00331561733816 48.4962531595 0.215090613198 0.378707370424 1.99826297995 1.12503947003 48.7833307895 0
60 0.00328876347847 48.4897550802 0.206668090204 0.370227065532 2.0066970553 1.14001785422 48.783346091 0
61 0.00333662808708 48.4835062544 0.198575147557 0.361834955808 2.01480084385 1.15465878977 48.7832873805 0
62 0.00333710836483 48.4774970805 0.190799279021 0.353537013036 2.02258729488 1.16896590641 48.7832763177 0
63 0.00335139557549 48.4717183345 0.183327857759 0.345338587204 2.03006884364 1.18294307833 48.783251903 0
64 0.00335138434305 48.4661611604 0.176149056706 0.337244454285 2.03725742254 1.19659438534 48.7832421364 0
65 0.00335269786583 48.4608170305 0.169251357579 0.329258881739 2.04416451633 1.20992408778 48.7832314282 0
66 0.00335329249565 48.4556775809 0.162623523308 0.32138571045 2.05080138273 1.22293670867 48.7832218015 0
67 0.00335363218712 48.4507350871 0.156255175166 0.313628176218 2.05717841306 1.23563673671 48.7832127796 0
68 0.00335422067005 48.4459827226 0.150137146683 0.305988814594 2.06330478456 1.24802846276 48.7832038481 0
69 0.00335445083513 48.4414124695 0.144258676972 0.298470476672 2.06919127414 1.26011705378 48.7831955981 0
70 0.00335389204741 48.4370169574 0.138609880816 0.291075459454 2.07484778127 1.2719075831 48.7831884459 0
