Time S_a1 S_a2 I_a1 I_a2 R_a1 R_a2 V_a1 V_a2
0 50 50 1 0 0 0 0 0
1 40.1609656301 49.9564870777 1.97270444759 0.0427494723634 0.0580170433367 0.000763449929798 8.80831287897 0
2 31.6525088254 49.8774828621 3.36153513303 0.118654230665 0.163427902988 0.00386290724912 15.8225281386 0
3 24.3346666934 49.7521331317 5.04741056809 0.237042009406 0.330950236323 0.0108248588597 21.2869725022 0
4 18.1943632557 49.5750928733 6.80501032738 0.401463703639 0.56818238867 0.0234434230681 25.4324440282 0
5 13.2403552338 49.3483820785 8.39546186689 0.608110250006 0.87308472556 0.043507671476 28.4910981738 0
6 9.41682486213 49.0802205929 9.65642513338 0.847252677194 1.23537518389 0.0725267298914 30.6913748206 0
7 6.58416313077 48.7819652182 10.5330829519 1.10647933057 1.64043658953 0.111555451264 32.2423173278 0
8 4.55314468167 48.4650825792 11.0536295224 1.37376589045 2.07325591015 0.16115153035 33.3199698858 0
9 3.13047400738 48.1393043814 11.286398146 1.63926397904 2.52088721484 0.221431639563 34.0622406318 0
10 2.14867328933 47.8120085801 11.3066178182 1.89581912884 2.9733390773 0.292172291082 34.5713698152 0
11 1.47666273524 47.4883604875 11.1795709075 2.13872518516 3.42346066106 0.372914327334 34.9203056963 0
12 1.01825479513 47.1717508361 10.9555242587 2.36519854598 3.86641774988 0.463050617942 35.1598031963 0
13 0.705569052388 46.8642726392 10.6706679864 2.57383536504 4.29909680615 0.561891995764 35.324666155 0
14 0.491810713685 46.5671188427 10.3500153232 2.76416800205 4.71959744162 0.6687131552 35.4385765215 0
15 0.345155715578 46.2808793297 10.0103995576 2.93633754016 5.12684748747 0.782783130095 35.5175972393 0
16 0.244086589687 46.0057512038 9.6629545209 3.0908639597 5.52032660565 0.903384836459 35.5726322838 0
17 0.174087555286 45.741680764 9.31493616343 3.22849234087 5.8998772686 1.0298268951 35.6110990127 0
18 0.125353804688 45.488458352 8.97100606683 3.3500911687 6.26557667944 1.16145047925 35.638063449 0
19 0.0912494714846 45.2457802461 8.63409985402 3.45658694483 6.61765190598 1.29763280909 35.6569987685 0
20 0.0672576849548 45.0132895934 8.30601698305 3.54892178772 6.95642277723 1.43778861884 35.6703025548 0
21 0.0502954438691 44.7906021452 7.9878040263 3.62802767879 7.28226516033 1.58137017603 35.6796353695 0
22 0.0382466898381 44.5773231246 7.68001279241 3.69481033459 7.59558623061 1.72786654084 35.6861542871 0
23 0.0296525933481 44.3730578242 7.38286959046 3.75013986472 7.89680836739 1.87680231106 35.6906694488 0
24 0.0234955067895 44.1774185247 7.09639203816 3.79484537496 8.18635817567 2.02773610038 35.6937542794 0
25 0.019070490065 43.9900280223 6.8204570732 3.82971316754 8.46466028788 2.18025881016 35.6958121489 0
26 0.0158826985188 43.8105222573 6.55485441269 3.85548582253 8.73213249474 2.33399192016 35.697130394 0
27 0.0135813239446 43.6385515669 6.29931997655 3.87286267189 8.98918288745 2.4885857612 35.6979158121 0
28 0.0119190392754 43.4737810526 6.05355638474 3.88250116275 9.23620835256 2.64371778467 35.6983162234 0
29 0.0107197693482 43.315890699 5.81724838586 3.88501836924 9.47359348622 2.79909093174 35.6984383586 0
30 0.00985638451695 43.1645751766 5.59007327908 3.88099277476 9.70171002917 2.95443204862 35.6983603072 0
31 0.00923765430998 43.0195433721 5.37170679274 3.87096624697 9.92091678016 3.10949038096 35.6981387728 0
32 0.00879866008042 42.8805178469 5.16182709294 3.85544601192 10.131559669 3.26403614118 35.697814578 0
33 0.00849220568925 42.7472343275 4.96011820863 3.8349065 10.3339718487 3.41785917248 35.697417737 0
34 0.00828324259022 42.6194411217 4.76627200763 3.80979119943 10.5284739478 3.57076767882 35.696970802 0
35 0.00814599517839 42.4968984936 4.57998907884 3.78051449346 10.7153744354 3.72258701298 35.6964904906 0
36 0.00806212891148 42.3793780486 4.40097910694 3.7474634103 10.8949700216 3.87315854111 35.6959887425 0
37 0.00801794289482 42.2666621972 4.2289615255 3.71099921251 11.0675459907 4.02233859033 35.6954745409 0
38 0.00800327222727 42.1585435571 4.06366550966 3.67145905905 11.233376635 4.1699973839 35.6949545831 0
39 0.00800974281151 42.0548245713 3.90483044153 3.62915712554 11.3927254878 4.31601830312 35.6944343278 0
40 0.00803195971157 41.9553166606 3.75220469363 3.58438681886 11.5458460777 4.46029652051 35.6939172689 0
41 0.00806639286331 41.8598404826 3.60554629929 3.53742014139 11.6929816714 4.60273937597 35.6934056364 0
42 0.0081096464197 41.7682244022 3.46462230002 3.48851190863 11.8343665039 4.74326368919 35.6929015496 0
43 0.00815952924815 41.6803052128 3.32920894069 3.43789774014 11.9702252157 4.88179704701 35.6924063143 0
44 0.0082137779264 41.5959266378 3.1990908124 3.38579814322 12.1007741127 5.01827521894 35.6919212969 0
45 0.00827084246006 41.5149400097 3.07406117907 3.33241665268 12.2262206069 5.15264333761 35.6914473716 0
46 0.0083297203772 41.4372028891 2.95392084694 3.27794353823 12.3467644464 5.28485357268 35.6909849862 0
47 0.00838980911723 41.3625796549 2.83847868924 3.22255422597 12.4625971954 5.41486611915 35.6905343063 0
48 0.00845046942511 41.2909402685 2.72755063734 3.16641261266 12.5739033731 5.54264711881 35.6900955201 0
49 0.00851144005281 41.22216124 2.62096045378 3.10966847318 12.6808595632 5.66817028678 35.6896685429 0
50 0.00857225013727 41.1561238048 2.51853813699 3.05246233765 12.7836361596 5.79141385753 35.6892534532 0
51 0.00863251570657 41.0927148833 2.42012077246 2.99492292534 12.8823964416 5.91236219133 35.6888502703 0
52 0.0086919984656 41.0318261968 2.32555162713 2.93716945583 12.9772974728 6.03100434733 35.6884589016 0
53 0.00875055502696 40.973354095 2.23467999573 2.87931210971 13.0684902679 6.14733379533 35.6880791814 0
54 0.00880810202126 40.9171997907 2.14736142493 2.8214514024 13.1561195725 6.26134880693 35.6877109006 0
55 0.00886458127798 40.8632682512 2.06345657346 2.76368107267 13.2403250161 6.37305067616 35.6873538292 0
56 0.00891999620391 40.8114691449 1.9828321881 2.70608561845 13.3212401233 6.4824452367 35.6870076924 0
57 0.00897425234761 40.7617153834 1.90535955905 2.64874405297 13.3989938879 6.58954056363 35.6866723007 0
58 0.009027294676 40.7139241848 1.83091565202 2.59172717135 13.4737096168 6.69434864387 35.6863474365 0
59 0.00907909177955 40.6680159927 1.75938190383 2.53510028784 13.5455061381 6.79688371943 35.6860328663 0
60 0.00912963002992 40.623914635 1.69064440241 2.47892283768 13.6144976217 6.89716252735 35.6857283459 0
61 0.0091788831613 40.5815472863 1.62459385786 2.42324847981 13.6807936134 6.99520423385 35.6854336456 0
62 0.00922686609682 40.5408442542 1.56112529342 2.36812558034 13.7444993349 7.09103016541 35.6851485055 0
63 0.00927360174094 40.5017386321 1.50013767858 2.31359810649 13.8057160568 7.18466326141 35.6848726629 0
64 0.00931908053132 40.4641659395 1.44153355528 2.25970655933 13.8645414787 7.27612750118 35.6846058855 0
65 0.00936332162715 40.4280647942 1.38521971108 2.20648613847 13.9210690449 7.36544906728 35.6843479224 0
66 0.00940635520946 40.3933765537 1.33110678211 2.1539676588 13.9753883442 7.45265578745 35.6840985185 0
67 0.00944819145538 40.3600447492 1.27910863799 2.10217901874 14.0275857308 7.53777623207 35.6838574397 0
68 0.00948884859733 40.3280153216 1.22914258597 2.05114455169 14.0777441157 7.62084012672 35.6836244497 0
69 0.00952834864486 40.297236473 1.18112919512 2.00088538298 14.1259431423 7.701878144 35.683399314 0
70 0.00956670662082 40.2676584585 1.13499206667 1.95141993832 14.1722594181 7.7809216032 35.6831818086 0
