Time S_a1 S_a2 I_a1 I_a2 R_a1 R_a2 V_a1 V_a2
0 50 50 1 0 0 0 0 0
1 26.5237167704 49.958678742 1.7386493502 0.0405786146036 0.055093034394 0.000742643417266 22.682540845 0
2 13.9242638282 49.8977126996 2.28471574364 0.0988037575153 0.13640664266 0.00348354284157 34.6546137855 0
3 7.26174840946 49.8241715253 2.5860083322 0.167048557397 0.234558481124 0.00877991727018 40.9176847772 0
4 3.775747751 49.7445803009 2.70595606105 0.238530296393 0.340869448845 0.0168894026701 44.1774267391 0
5 1.96227906715 49.6632391702 2.71779044437 0.308914033655 0.449605141987 0.0278467961248 45.8703253465 0
6 1.02112350565 49.5825612035 2.67216747002 0.375882349049 0.557536262406 0.0415564474523 46.7491727619 0
7 0.532882685569 49.503775034 2.59844079706 0.438367643969 0.663009786088 0.0578573219819 47.2056667313 0
8 0.279439503149 49.4274523741 2.51230052122 0.495986794871 0.765249273732 0.0765608310573 47.4430107019 0
9 0.147735821932 49.3538220476 2.42179084186 0.54870707649 0.863937289577 0.0974708759292 47.5665360466 0
10 0.079197322666 49.2829400415 2.33092840232 0.59666607823 0.958988740671 0.120393880253 47.6308855343 0
11 0.0434824088235 49.2147774706 2.24166555385 0.640078994602 1.05043334425 0.145143534808 47.6644186931 0
12 0.0248437120059 49.1492653077 2.15491422452 0.679191829584 1.13835569802 0.171542862673 47.6818863655 0
13 0.0151065665977 49.0863167039 2.07106491652 0.714258363094 1.22286527966 0.199424932999 47.6909632372 0
14 0.0100141897226 49.0258381355 1.99024960368 0.745528941158 1.30408139596 0.228632923351 47.6956548106 0
15 0.00734863913562 48.9677348469 1.91247284566 0.773245291154 1.38212578492 0.259019861958 47.6980527303 0
16 0.00595124946342 48.9119134971 1.83767790467 0.797638269342 1.45711897875 0.290448233573 47.6992518671 0
17 0.00522792802219 48.8582833502 1.76577864143 0.818927120866 1.52917863111 0.322789528976 47.6998147994 0
18 0.00484820185436 48.8067569001 1.69667810866 0.837319322086 1.59841861026 0.355923777805 47.7000550792 0
19 0.0046521937888 48.757250011 1.63027449222 0.853010773534 1.66494876276 0.389739215511 47.7001245512 0
20 0.00455168107925 48.7096818169 1.56646622504 0.866186715435 1.728874973 0.424131467631 47.7001071209 0
21 0.00449952076575 48.6639747532 1.50515376677 0.877021877037 1.79029908924 0.459003369764 47.7000476232 0
22 0.00447584700233 48.6200544846 1.44624028261 0.885680860381 1.84931898374 0.494264655009 47.6999648867 0
23 0.00446681269244 48.5778497376 1.38963242366 0.892318847054 1.90602873251 0.529831415344 47.6998720311 0
24 0.0044646020342 48.5372921486 1.33524019881 0.897082144757 1.96051878266 0.565625706662 47.6997764165 0
25 0.00446631544618 48.4983162224 1.28297700896 0.900108404219 2.01287598596 0.601575373394 47.6996806896 0
26 0.00447023437777 48.4608590539 1.23275946495 0.901527553729 2.06318393035 0.637613392361 47.6995863703 0
27 0.00447495608729 48.4248603353 1.18450745134 0.901461880149 2.11152291041 0.673677784531 47.6994946822 0
28 0.00447966441708 48.3902623949 1.13814416055 0.900025893028 2.15796988249 0.709711712046 47.6994062925 0
29 0.00448432397322 48.3570096991 1.09359550862 0.897328010774 2.20259905403 0.745662290168 47.6993211134 0
30 0.00448960918153 48.3250493933 1.05079080198 0.893468891809 2.24548121302 0.781481714864 47.6992383758 0
31 0.00449551440427 48.2943304062 1.0096616793 0.888544303938 2.28668483476 0.81712528982 47.6991579715 0
32 0.00450187236312 48.2648037688 0.970142489714 0.882644107039 2.32627568521 0.852552124123 47.6990799527 0
33 0.00450775140345 48.2364225006 0.932170184075 0.875852707859 2.36431694093 0.88772479159 47.6990051236 0
34 0.00451181101558 48.2091416109 0.895684301466 0.868249019633 2.40086919589 0.922609369511 47.6989346916 0
35 0.00451427872733 48.1829178154 0.860626577913 0.85990746065 2.43599080355 0.957174723973 47.6988683398 0
36 0.00451566684748 48.1577096845 0.826941157994 0.850897430384 2.46973769805 0.99139288516 47.6988054771 0
37 0.00451689228472 48.1334773366 0.79457422736 0.841284376613 2.50216376653 1.02523828674 47.6987451138 0
38 0.00451954432351 48.1101825801 0.763474173579 0.831129305059 2.53332067644 1.0586881148 47.6986856057 0
39 0.0045259500168 48.087788792 0.733591437369 0.82048920124 2.56325802171 1.09172200676 47.6986245909 0
40 0.00453218038488 48.0662607995 0.704878497135 0.809417424666 2.59202347812 1.12432177587 47.6985658444 0
41 0.00453198720538 48.0455647532 0.677289641361 0.797964162687 2.61966295031 1.15647108407 47.6985154211 0
42 0.00451830877282 48.025668014 0.650780802557 0.786176827275 2.6462207081 1.18815515876 47.6984801806 0
43 0.00453228946903 48.0065393886 0.625308987619 0.774099043452 2.6717391188 1.21936156793 47.6984196041 0
44 0.00453693032902 47.9881490529 0.600834341759 0.761771211164 2.69625872586 1.25007973596 47.6983700021 0
45 0.00454475607896 47.9704682457 0.577317617047 0.749231321423 2.71981863644 1.2803004329 47.6983189904 0
46 0.00454797137162 47.9534693582 0.554721445747 0.73651475485 2.74245640855 1.31001588693 47.6982741743 0
47 0.00455434361182 47.937125864 0.533009666703 0.723654439234 2.76420814436 1.33921969681 47.6982278453 0
48 0.00455624308636 47.9214122963 0.512147778578 0.710680970851 2.78510851656 1.36790673287 47.6981874618 0
49 0.00455921033711 47.906304186 0.492102435092 0.697622767663 2.80519085133 1.39607304637 47.6981475032 0
50 0.00456147286739 47.8917780479 0.472841720934 0.684506153025 2.82448714373 1.42371579907 47.6981096625 0
51 0.00456355763655 47.8778112919 0.454334900393 0.671355572281 2.84302817676 1.4508331358 47.6980733652 0
52 0.00456596154777 47.864382221 0.436552447435 0.658193631274 2.86084352216 1.47742414775 47.6980380689 0
53 0.00456816743486 47.8514699978 0.419466014037 0.645041198979 2.87796158417 1.50348880319 47.6980042344 0
54 0.00457022959477 47.8390546025 0.403048354399 0.631917525435 2.89440965606 1.52902787208 47.6979717599 0
55 0.00457225157744 47.8271168164 0.387273311124 0.61884030548 2.91021394039 1.55404287817 47.6979404969 0
56 0.00457418493501 47.8156381123 0.372115668885 0.605825917457 2.92539969774 1.57853597023 47.6979104484 0
57 0.00457601903266 47.8046007919 0.357551340398 0.592889211165 2.93999105831 1.60250999694 47.6978815823 0
58 0.0045777626781 47.7939877258 0.343557013316 0.580043988455 2.95401137588 1.62596828574 47.6978538481 0
59 0.0045794495793 47.7837825371 0.330110399507 0.567302659056 2.96748297795 1.64891480388 47.697827173 0
60 0.00458110843031 47.7739693886 0.317189950954 0.55467678215 2.98042745087 1.67135382924 47.6978014897 0
61 0.0045827918937 47.7645332481 0.304775215828 0.542176447621 2.99286528264 1.69329030427 47.6977767096 0
62 0.00458452906638 47.7554596787 0.292846555483 0.529810747958 3.00481614692 1.71472957334 47.6977527685 0
63 0.00458626019414 47.74673455 0.281384753614 0.517588430288 3.01629929503 1.73567701967 47.6977296912 0
64 0.00458793802737 47.7383444629 0.270371590954 0.50551694279 3.02733297944 1.7561385943 47.6977074916 0
65 0.00458947522708 47.730276479 0.259789480694 0.493603084086 3.03793481921 1.77612043694 47.6976862249 0
66 0.00459075104226 47.7225181676 0.249621531438 0.481852881961 3.04812173695 1.79562895045 47.6976659806 0
67 0.00459164441985 47.7150576463 0.239851601184 0.470271488723 3.05790990456 1.81467086498 47.6976468498 0
68 0.00459226259869 47.7078833799 0.230464023803 0.458863685549 3.06731501569 1.83325293451 47.6976286979 0
69 0.00459266488309 47.7009843823 0.221443884262 0.447633378012 3.07635201184 1.85138223969 47.697611439 0
70 0.00459297624683 47.6943500598 0.21277680557 0.436583979505 3.0850352953 1.86906596074 47.6975949229 0
