Time S_a1 S_a2 I_a1 I_a2 R_a1 R_a2 V_a1 V_a2
0 50 50 1 0 0 0 0 0
1 18.8228872652 49.9600884447 1.60168011179 0.0391830529295 0.0532123741589 0.000728502380509 30.5222202488 0
2 7.03800654102 49.9073977222 1.86421716656 0.0893228634571 0.123474867049 0.00327941433783 41.9743014254 0
3 2.62548969873 49.8502702765 1.92413310614 0.141826060939 0.199675693796 0.00790366254321 46.2507015013 0
4 0.979446963461 49.7928419059 1.89875888327 0.192557331401 0.276297878386 0.0146007626792 47.8454962749 0
5 0.365831011234 49.7367291499 1.84259838517 0.24000680216 0.351179742687 0.0232640479651 48.4403908609 0
6 0.136972992382 49.6824800333 1.7769652248 0.283767999065 0.423584860679 0.0337519676725 48.6624769221 0
7 0.0515331512417 49.6302383955 1.70968023117 0.323845290999 0.493316948442 0.0459163135174 48.7454696691 0
8 0.0196000040439 49.5800024438 1.643511328 0.360385147566 0.560374888332 0.0596124086576 48.7765137796 0
9 0.0076541091981 49.5317200382 1.57938887523 0.393577472695 0.624825398932 0.0747024890906 48.7881316166 0
10 0.00317772345338 49.4853230939 1.517583268 0.42362029101 0.686756977431 0.0910566150512 48.7924820311 0
11 0.00150448195913 49.4407398365 1.45812950929 0.450707456833 0.746263446831 0.108552706637 48.7941025619 0
12 0.000877969857115 49.3978991621 1.40098097461 0.475024521701 0.803438073417 0.127076316215 48.7947029821 0
13 0.000638196540649 49.3567320442 1.34606376156 0.496747785874 0.858371639128 0.146520169928 48.7949264028 0
14 0.000549451974592 49.3171720028 1.2932960669 0.516044122259 0.911151782825 0.166783874898 48.7950026983 0
15 0.000516713589818 49.2791552128 1.24259582774 0.533071223893 0.961862825529 0.187773563349 48.7950246331 0
16 0.000504643482458 49.2426203844 1.19388273163 0.547978227626 1.01058589848 0.209401388022 48.7950267264 0
17 0.000499685359486 49.207508778 1.14707918239 0.560905806873 1.05739890775 0.231585415139 48.7950222245 0
18 0.000499737227742 49.1737640175 1.1021103398 0.571986873486 1.10237675666 0.254249109002 48.7950131663 0
19 0.000505602814648 49.1413321131 1.05890434494 0.581346588097 1.14559130447 0.277321298839 48.7949987478 0
20 0.000508499333662 49.1101611769 1.01739221032 0.589103385253 1.18711171512 0.300735437801 48.7949875752 0
21 0.000500911696037 49.0802014477 0.977507639995 0.595368922134 1.2270044182 0.324429630129 48.7949870301 0
22 0.000493637908605 49.0514052344 0.939186704143 0.600248312667 1.26533317168 0.348346452979 48.7949864863 0
23 0.000498456057763 49.0237266936 0.902367866691 0.603840913628 1.30215933974 0.372432392747 48.7949743375 0
24 0.00049936976248 48.9971218842 0.866992499194 0.606240245556 1.33754181376 0.396637870288 48.7949663173 0
25 0.00050037736559 48.9715486226 0.833003951087 0.607534443234 1.37153719391 0.42091693419 48.7949584776 0
26 0.000500781122625 48.9469664224 0.800347861383 0.607806526362 1.40419986113 0.445227051204 48.7949514964 0
27 0.000501266995151 48.9233364396 0.768972003821 0.607134622041 1.43558204191 0.469528938406 48.7949446873 0
28 0.000502109368085 48.9006213366 0.738826139433 0.605592414652 1.46573398134 0.49378624874 48.7949377699 0
29 0.000503003979077 48.8787852676 0.70986200112 0.603249222701 1.49470396011 0.517965509735 48.7949310348 0
30 0.000503014933045 48.8577938742 0.682033297592 0.600170105463 1.5225382889 0.54203602033 48.7949253986 0
31 0.000501202163115 48.8376142801 0.655295695206 0.596415862004 1.54928132069 0.565969857868 48.7949217819 0
32 0.000497477833257 48.8182146939 0.629606295078 0.592044335569 1.57497596135 0.58974097049 48.7949202657 0
33 0.000492668562188 48.799564701 0.604924016791 0.587109494712 1.59966328969 0.613325804317 48.794920025 0
34 0.000489761497967 48.78163506 0.581209326749 0.581662129974 1.6233828164 0.636702810008 48.7949180954 0
35 0.000491697471361 48.7643977186 0.5584242795 0.575749797784 1.64617246684 0.659852483661 48.7949115562 0
36 0.000501218004075 48.7478257131 0.536532395349 0.569417180886 1.66806870706 0.682757105997 48.7948976796 0
37 0.00051501976732 48.7318931762 0.515498714224 0.56270606374 1.68910653601 0.705400760021 48.79487973 0
38 0.000520137244536 48.7165752302 0.495289690366 0.555655714339 1.70931962153 0.727769055443 48.7948705509 0
39 0.00050822648376 48.7018479897 0.475873057473 0.548302853594 1.72874029799 0.749849156747 48.794878418 0
40 0.000482413480263 48.6876885183 0.457217732311 0.540681805325 1.74739962241 0.771629676353 48.7949002318 0
41 0.000469017975419 48.6740747689 0.439293652473 0.532824698664 1.765327453 0.793100532477 48.7949098766 0
42 0.000488425276309 48.660985561 0.422071995644 0.524761558174 1.78255247751 0.814252880854 48.7948871016 0
43 0.000528361998519 48.6484005572 0.405525312972 0.516520392156 1.79910224485 0.835079050685 48.7948440802 0
44 0.000495595997251 48.6363002527 0.389627832959 0.508127276703 1.81500317666 0.85557247058 48.7948733944 0
45 0.000502507329934 48.6246658357 0.374353323801 0.499606622999 1.83028075726 0.875727541294 48.7948634116 0
46 0.000503311895848 48.6134792581 0.359677634841 0.490981129106 1.84495943485 0.895539612832 48.7948596184 0
47 0.000504159208127 48.6027226751 0.345576562607 0.482272489852 1.85906338033 0.915004835046 48.7948558979 0
48 0.000504831293149 48.5923803138 0.332028748911 0.473499246236 1.87261395665 0.934120440003 48.7948524631 0
49 0.000504409660174 48.5824369868 0.319013634918 0.464678599183 1.88563173191 0.952884414033 48.7948502235 0
50 0.000503319399634 48.5728753064 0.306507676266 0.455829938388 1.89814025239 0.971294755224 48.7948487519 0
51 0.000502730591656 48.5636812459 0.294491883286 0.446967921492 1.91015850537 0.989350832587 48.7948468808 0
52 0.000503375133313 48.5548406783 0.282947136255 0.438106929019 1.92170561093 1.00705239263 48.7948438777 0
53 0.000505495428897 48.5463399534 0.271854967931 0.429260286458 1.9328000393 1.02439976012 48.7948394973 0
54 0.000508089877783 48.5381659333 0.26119761412 0.420440331607 1.94345956317 1.04139373506 48.7948347328 0
55 0.000509800967578 48.5303059453 0.250957945452 0.411658510304 1.95370132139 1.05803554435 48.7948309322 0
56 0.000509278593789 48.5227478885 0.241119611266 0.40292518866 1.96354167281 1.07432692283 48.7948294373 0
57 0.000504194117966 48.5154802145 0.231667017592 0.394249655786 1.97299622386 1.09027012972 48.7948325644 0
58 0.000491938626872 48.5084916631 0.222584963579 0.385640758216 1.98208018665 1.10586757869 48.7948429111 0
59 0.00046927762223 48.5017714857 0.213858947474 0.377106409742 1.99080807549 1.12112210461 48.7948636994 0
60 0.000453465254324 48.495309503 0.205475171723 0.368653468099 1.99919362898 1.13603702895 48.794877734 0
61 0.000497748339413 48.4890956254 0.197419838456 0.36028881106 2.00725046352 1.15061556353 48.7948319497 0
62 0.000494650764196 48.4831203164 0.189680462684 0.352018302086 2.0149914393 1.1648613815 48.7948334472 0
63 0.000507958981672 48.4773743868 0.182244444005 0.34384725878 2.02242894336 1.17877835443 48.7948186537 0
64 0.000504902564295 48.4718490038 0.17509998872 0.335780441349 2.02957487608 1.19237055484 48.7948202326 0
65 0.000506457407312 48.4665356719 0.168235593675 0.327822086121 2.03644067771 1.20564224193 48.7948172712 0
66 0.000506373440757 48.4614259869 0.161639968729 0.319976037019 2.0430376592 1.21859797611 48.7948159986 0
67 0.000506492001456 48.4565125184 0.155303116204 0.312245394127 2.04937581496 1.23124208747 48.7948145768 0
68 0.000506741267365 48.4517882705 0.14921563396 0.304632736619 2.05546454915 1.24357899283 48.7948130756 0
69 0.000506521067692 48.4472449657 0.143366399504 0.297141084034 2.06131498815 1.2556139503 48.7948120913 0
70 0.000505537611204 48.4428757428 0.137746203887 0.289772419162 2.06693634334 1.26735183808 48.7948119152 0
