Time S_a1 S_a2 I_a1 I_a2 R_a1 R_a2 V_a1 V_a2
0 50 50 1 0 0 0 0 0
1 43.6514100694 49.955963437 2.03226440965 0.0432683165522 0.0587156846097 0.000768246457954 5.25760983633 0
2 37.293279955 49.8714215084 3.73209540565 0.124611171673 0.171526567184 0.00396731996805 9.80309807222 0
3 30.8195721688 49.7248934013 6.18522603797 0.263600177978 0.367438090159 0.0115064207003 13.6277637031 0
4 24.3619670953 49.4960324109 9.24003527266 0.477903590366 0.67449734697 0.026063998763 16.723500285 0
5 18.2990465943 49.1737616557 12.4801280606 0.775383495694 1.1091597569 0.0508548485714 19.1116655881 0
6 13.0764399462 48.7620065779 15.3928253836 1.1488790205 1.66846618926 0.0891144015529 20.862268481 0
7 8.96550809755 48.2783067846 17.6158336993 1.57818150889 2.33126174007 0.14351170653 22.087396463 0
8 5.97015175854 47.7466357202 19.0482729396 2.03759504959 3.06710090502 0.21576923022 22.9144743968 0
9 3.90824566149 47.1900096007 19.7862297103 2.50338892114 3.84583301683 0.306601478199 23.4596916114 0
10 2.54002910509 46.6265127476 20.0024397255 2.95760422851 4.64304935477 0.415883023856 23.8144818146 0
11 1.65059240181 46.068609733 19.8638363608 3.38849371079 5.44131683207 0.542896556257 24.0442544053 0
12 1.07757508581 45.5241124327 19.5000879133 3.78932724979 6.22917284029 0.686560317505 24.1931641606 0
13 0.708940941061 44.997508636 19.0014850329 4.15689303482 6.99953858314 0.845598329226 24.2900354429 0
14 0.47098643097 44.491104889 18.4273341713 4.49024010382 7.74829309637 1.01865500722 24.3533863014 0
15 0.316419884903 44.0058433992 17.8153130672 4.78978997659 8.47322607313 1.20436662425 24.3950409747 0
16 0.215220720692 43.5418415015 17.188898673 5.05675492152 9.17333014697 1.40140357696 24.4225504593 0
17 0.148372892008 43.0987345145 16.5625235247 5.2927712202 9.8483413473 1.60849426534 24.440762236 0
18 0.103808979064 42.6758855773 15.9449337607 5.49967731586 10.498450886 1.82443710685 24.4528063742 0
19 0.0738301080663 42.2725142531 15.341325819 5.67938000778 11.1241236504 2.04810573914 24.4607204225 0
20 0.053478192506 41.8877748243 14.7546923136 5.83377508046 11.7259841099 2.27845009524 24.4658453839 0
21 0.0395441370063 41.5208016711 14.1866396904 5.9647034178 12.3047470905 2.51449491109 24.469069082 0
22 0.0299297634581 41.1707369373 13.6379113481 6.07392604484 12.8611730952 2.75533701788 24.4709857932 0
23 0.023247948561 40.8367463307 13.1087136578 6.16311177903 13.3960405322 3.00014189023 24.4719978615 0
24 0.0185769142694 40.5180273895 12.5989150252 6.23383279411 13.9101289711 3.24813981637 24.4723790894 0
25 0.0152947853402 40.2138140191 12.1081785139 6.28756394448 14.4042080216 3.49862203643 24.4723186791 0
26 0.0129811180198 39.9233778731 11.6360401304 6.32568526137 14.8790311978 3.75093686549 24.4719475538 0
27 0.0113497571231 39.6460284589 11.181961321 6.34948556765 15.3353319546 4.00448597347 24.4713569673 0
28 0.0102019438817 39.3811124641 10.7453650046 6.36016669411 15.7738211853 4.25872084175 24.4706118662 0
29 0.00939959424273 39.1280122575 10.3256556699 6.35884837985 16.1951862898 4.51313936268 24.4697584461 0
30 0.00884652620032 38.8861442244 9.92223305715 6.34657311706 16.6000907793 4.76728265855 24.4688296374 0
31 0.00847465714286 38.6549569631 9.53450173887 6.32431105573 16.9891742464 5.02073198117 24.4678493576 0
32 0.00823345947406 38.4339297024 9.16187846056 6.29296420353 17.3630524622 5.27310609403 24.4668356177 0
33 0.00808979822556 38.2225702611 8.80379121354 6.25337109508 17.7223183743 5.52405864381 24.465800614 0
34 0.00801893357824 38.0204134399 8.45968509733 6.20631104417 18.0675423409 5.77327551591 24.4647536282 0
35 0.00800269882156 37.8270196813 8.12902293954 6.15250733302 18.3992727053 6.02047298571 24.4637016563 0
36 0.00802667951616 37.6419728484 7.81128614695 6.09263248798 18.7180368051 6.26539466366 24.4626503685 0
37 0.00808088624078 37.4648793361 7.5059737793 6.02731030659 19.0243415499 6.50781035729 24.4616037846 0
38 0.00815831049188 37.295366505 7.21260272855 5.95711956777 19.3186742103 6.74751392725 24.4605647507 0
39 0.00825329458684 37.1330809731 6.93070778218 5.88259811055 19.6015033325 6.98432091638 24.4595355908 0
40 0.00836238409391 36.9776892198 6.65984135863 5.80424140098 19.8732784683 7.21806937923 24.458517789 0
41 0.00848185090123 36.8288735029 6.39957272213 5.72251224043 20.134432503 7.4486142567 24.457512924 0
42 0.00860930821823 36.6863338038 6.14948802985 5.63783610111 20.385380619 7.67583009509 24.456522043 0
43 0.00874278238 36.5497843069 5.90918872513 5.55060941402 20.6265225092 7.89960627906 24.4555459833 0
44 0.00888096613986 36.4189547543 5.67829217371 5.46119640151 20.8582415574 8.11984884419 24.4545853027 0
45 0.00902274084788 36.293587592 5.45643004908 5.36993579718 21.0809067618 8.33647661081 24.4536404482 0
46 0.00916732638134 36.1734389366 5.24324882477 5.27713857819 21.2948721292 8.54942248519 24.4527117196 0
47 0.00931391382021 36.0582763398 5.03840838987 5.18309324607 21.5004782715 8.75863041411 24.4517994248 0
48 0.00946194836445 35.9478794222 4.84158228225 5.08806430988 21.6980520215 8.96405626797 24.4509037479 0
49 0.00961096277321 35.8420380436 4.65245639822 4.99229659827 21.8879078203 9.16566535817 24.4500248187 0
50 0.00976053110586 35.7405527531 4.47072938111 4.89601420997 22.0703473493 9.36343303696 24.4491627385 0
51 0.00991039410924 35.643233827 4.29611158274 4.79942277966 22.2456604975 9.55734339334 24.4483175256 0
52 0.0100602184299 35.5498998492 4.1283242205 4.70271282872 22.4141263414 9.74738732204 24.4474892197 0
53 0.01020963221 35.4603775748 3.9670991873 4.60606003728 22.5760133162 9.93356238787 24.4466778643 0
54 0.0103585753496 35.3745035346 3.81217985082 4.5096213266 22.7315782238 10.1158751388 24.44588335 0
55 0.0105068980166 35.292121083 3.66331913804 4.41354192343 22.88106837 10.2943369936 24.4451055939 0
56 0.0106544651711 35.2130810079 3.52027972676 4.31795393161 23.0247213081 10.4689650605 24.4443445 0
57 0.0108011511034 35.137241086 3.38283363637 4.22297736155 23.1627652502 10.6397815525 24.4435999623 0
58 0.010946824044 35.0644654538 3.25076172196 4.12872156136 23.2954195848 10.8068129848 24.4428718692 0
59 0.0110913558201 34.9946246767 3.12385355758 4.03528499222 23.4228949803 10.9700903311 24.4421601063 0
60 0.0112346004331 34.9275950884 3.00190689611 3.94275681091 23.5453939388 11.1296481007 24.4414645646 0
61 0.0113764334363 34.8632586149 2.88472741444 3.85121720808 23.6631110367 11.285524177 24.4407851155 0
62 0.0115167987216 34.8015026218 2.77212847223 3.76073768471 23.7762331487 11.4377596935 24.4401215804 0
63 0.0116556492169 34.7422193797 2.66393064992 3.67138234256 23.8849399311 11.5863982777 24.4394737698 0
64 0.0117929092335 34.6853061097 2.55996168047 3.58320772666 23.9894039009 11.7314861637 24.4388415094 0
65 0.0119285116797 34.6306645408 2.46005601322 3.49626382398 24.0897908604 11.8730716353 24.4382246147 0
66 0.012062405771 34.5782006257 2.36405449858 3.41059469221 24.1862602091 12.0112046821 24.4376228866 0
67 0.0121945426092 34.5278244058 2.27180419405 3.32623872615 24.2789651422 12.1459368681 24.4370361211 0
68 0.0123248466511 34.4794499927 2.18315828695 3.24322862279 24.368052735 12.2773213845 24.4364641314 0
69 0.0124532566547 34.432995273 2.09797572795 3.16159203682 24.4536642964 12.4054126902 24.435906719 0
70 0.0125797269754 34.3883818478 2.01612109025 3.08135164666 24.5359355083 12.5302665055 24.4353636745 0
