Time S_a1 S_a2 I_a1 I_a2 R_a1 R_a2 V_a1 V_a2
0 50 50 1 0 0 0 0 0
1 29.2222531141 49.9582209499 1.78544972572 0.0410319491531 0.0557037828692 0.00074710098585 19.9365933773 0
2 16.8764966174 49.8940727465 2.45929644272 0.102371290414 0.14126762541 0.00355596311353 31.5229393144 0
3 9.65957682092 49.813095971 2.9067144944 0.177779365016 0.249368155468 0.00912466402951 38.1843405292 0
4 5.49957222074 49.7220957241 3.14334443272 0.260035500383 0.370976982792 0.017868775471 41.9861063637 0
5 3.12384404095 49.6265212691 3.23020431439 0.343535590479 0.498842665291 0.0299431404604 44.1471089794 0
6 1.77392250948 49.5299656102 3.22439757122 0.424714419095 0.62816620777 0.0453199707341 45.3735137115 0
7 1.00848035922 49.4345504719 3.16594634868 0.501587088641 0.756099477964 0.0638624394319 46.0694738141 0
8 0.574578883206 49.3414350291 3.0796182746 0.573188568589 0.881074800751 0.0853764022987 46.4647280414 0
9 0.328434208567 49.2512036881 2.97979753985 0.639154072277 1.00229177247 0.109642239629 46.6894764791 0
10 0.188619956105 49.1641142963 2.87454377215 0.69945260817 1.11938771387 0.136433095502 46.8174485579 0
11 0.10908717403 49.0802447028 2.76826419559 0.754230495175 1.23224249128 0.165524801979 46.8904061391 0
12 0.0637631938135 48.9995761303 2.66331710624 0.803722827134 1.34086714631 0.196701042538 46.9320525536 0
13 0.0378937257309 48.9220392126 2.56092434568 0.848204967093 1.44534219218 0.22975582033 46.9558397364 0
14 0.0231044062713 48.8475394914 2.46168608679 0.88796601587 1.54578330429 0.264494492718 46.9694262026 0
15 0.0146379468737 48.7759711819 2.36586326706 0.923294809798 1.64232270625 0.300734008331 46.9771760798 0
16 0.00978334639778 48.707224643 2.27353365972 0.954472620717 1.73509899727 0.338302736273 46.9815839966 0
17 0.00699433372256 48.6411903297 2.18467701265 0.981769588888 1.8242517155 0.377040081375 46.9840769381 0
18 0.0053950058067 48.5777608287 2.09922093484 1.00544317116 1.90991848735 0.416796000119 46.985465572 0
19 0.0044759432072 48.5168319745 2.01706789664 1.02573753939 1.99223342486 0.457430486141 46.9862227353 0
20 0.00395000918236 48.4583032583 1.93810790621 1.04288370894 2.07132648788 0.498813032766 46.9866155967 0
21 0.00364845706842 48.4020780448 1.86222689031 1.05709984269 2.14732311207 0.540822112545 46.9868015406 0
22 0.00347617145789 48.3480635571 1.78931023863 1.06859176151 2.22034415999 0.583344681421 46.9868694299 0
23 0.00338143753169 48.2961708056 1.7192449501 1.07755349942 2.29050595333 0.626275694962 46.986867659 0
24 0.00332951922503 48.2463144691 1.65192131991 1.08416795327 2.35792036942 0.669517577662 46.9868287914 0
25 0.00330098846781 48.1984129095 1.58723318633 1.08860695435 2.42269479191 0.712980136099 46.9867710333 0
26 0.00328702540071 48.1523877708 1.525077812 1.09103260067 2.48493257298 0.756579628497 46.9867025896 0
27 0.00328164845317 48.1081639321 1.46535627296 1.09159751606 2.54473306474 0.800238551833 46.9866290138 0
28 0.00328040461537 48.0656693588 1.4079733922 1.09044538576 2.6021917784 0.843885255402 46.9865544248 0
29 0.00328173110107 48.0248350452 1.35283762764 1.08771119717 2.65740043853 0.887453757641 46.9864802027 0
30 0.00328481017604 47.9855947008 1.29986081515 1.08352225357 2.71044735195 0.930883045683 46.9864070227 0
31 0.0032888268941 47.9478849483 1.2489584647 1.07799768246 2.76141714382 0.974117369218 46.9863355646 0
32 0.00329366717356 47.9116451425 1.20004950556 1.07124897063 2.81039098238 1.01710588687 46.9862658449 0
33 0.00329888898393 47.876816866 1.15305575128 1.06338161419 2.8574471665 1.0598015198 46.9861981932 0
34 0.00330439108266 47.8433445663 1.10790263432 1.05449321533 2.90266035255 1.10216221837 46.986132622 0
35 0.00330933971426 47.8111743434 1.0645177741 1.04467717688 2.9461030371 1.14414847968 46.9860698491 0
36 0.00331332899801 47.7802547951 1.02283197537 1.03402016269 2.9878445102 1.1857250422 46.9860101854 0
37 0.00331655860193 47.7505365235 0.982778637378 1.0226036643 3.02795144362 1.22685981224 46.9859533604 0
38 0.00331943286702 47.721972224 0.944293865573 1.01050371304 3.06648779479 1.26752406292 46.9858989068 0
39 0.00332281991284 47.6945164193 0.907316152688 0.997791780655 3.10351512075 1.30769180003 46.9858459067 0
40 0.00332748816211 47.6681254948 0.871786432048 0.984534641486 3.13909253931 1.34733986374 46.9857935405 0
41 0.00333399684437 47.6427575156 0.837647863555 0.970794988973 3.17327694855 1.38644749539 46.985741191 0
42 0.00334328555742 47.6183724379 0.804846071277 0.956630738703 3.20612277059 1.42499682341 46.9856878726 0
43 0.0033564328643 47.5949318655 0.773328861816 0.942095842243 3.23768224297 1.46297229224 46.9856324623 0
44 0.00336564808161 47.5723988454 0.743046172601 0.927240995254 3.26800567514 1.50036015936 46.9855825042 0
45 0.00335222230323 47.5507376434 0.713949814416 0.912114332438 3.29714174075 1.53714802412 46.9855562225 0
46 0.00335388436469 47.5299142267 0.685992554019 0.896759559077 3.32513686007 1.57332621425 46.9855167016 0
47 0.00335892245216 47.5098958336 0.659130017234 0.88121784827 3.3520357452 1.60888631814 46.9854753151 0
48 0.00335264522406 47.4906510582 0.633319664345 0.865527285017 3.3778812899 1.64382165678 46.9854464005 0
49 0.00335708353501 47.4721496924 0.608519809405 0.849723316829 3.40271478009 1.67812699073 46.985408327 0
50 0.0033618948554 47.4543627668 0.584691102183 0.833838784645 3.42657583063 1.71179844858 46.9853711723 0
51 0.00336144532546 47.4372624545 0.561795620591 0.81790412095 3.44950251392 1.74483342458 46.9853404202 0
52 0.00336433017786 47.4208220167 0.539796651917 0.801947499069 3.47153143179 1.77723048428 46.9853075861 0
53 0.00336652091748 47.4050157849 0.518659161991 0.785994938523 3.49269773506 1.80898927661 46.985276582 0
54 0.00336835139398 47.389819122 0.49834943697 0.770070408061 3.513035175 1.84011046996 46.9852470366 0
55 0.00337088215132 47.3752083389 0.478835038657 0.754196030331 3.53257621429 1.87059563075 46.9852178649 0
56 0.00337308444601 47.3611606695 0.460084817053 0.738392167891 3.55135205906 1.90044716257 46.9851900394 0
57 0.00337491950851 47.3476542543 0.442068840979 0.722677484837 3.56939267955 1.92966826085 46.98516356 0
58 0.00337677925459 47.3346681195 0.424758380766 0.707069024093 3.58672683694 1.95826285639 46.985138003 0
59 0.00337868940476 47.3221821573 0.408125893832 0.691582281448 3.60338210928 1.98623556127 46.9851133075 0
60 0.00338057531861 47.3101768668 0.392144668929 0.676231694331 3.61938524356 2.01359143884 46.9850895122 0
61 0.00338229425624 47.29863364 0.376789216262 0.661030149236 3.63476176458 2.04033621072 46.9850667249 0
62 0.00338388404947 47.2875346581 0.362035124662 0.645989221033 3.64953611489 2.06647612091 46.9850448764 0
63 0.00338540765851 47.2768626575 0.347858744159 0.631119580298 3.66373197464 2.09201776217 46.9850238735 0
64 0.00338693717185 47.266601112 0.334237435303 0.616430714023 3.67737201218 2.11696817396 46.9850036153 0
65 0.00338847316428 47.2567341022 0.321149393924 0.601931197216 3.69047806037 2.14133470055 46.9849840725 0
66 0.00339001809848 47.2472464009 0.30857376498 0.587628500344 3.70307100176 2.16512509878 46.9849652152 0
67 0.00339156667665 47.2381234692 0.296490639084 0.573529038398 3.71517077216 2.18834749244 46.9849470221 0
68 0.003393046992 47.229351054 0.284880504407 0.559638964595 3.72679690979 2.21100998142 46.9849295388 0
69 0.0033943855531 47.2209157938 0.27372507237 0.545963020437 3.73796772815 2.23312118581 46.9849128139 0
70 0.00339553913947 47.212804759 0.263006649174 0.532505415891 3.74870094489 2.25468982512 46.9848968668 0
