Time S_a1 S_a2 I_a1 I_a2 R_a1 R_a2 V_a1 V_a2
0 50 50 1 0 0 0 0 0
1 22.0666481878 49.9594724719 1.66018406149 0.0397927664016 0.054034123724 0.000734761710983 27.219133627 0
2 9.65871696232 49.9034267035 2.02869641597 0.0932079897468 0.128776731323 0.00336530672479 39.1838098904 0
3 4.2116180657 49.84012942 2.16508232332 0.151614368779 0.213227076171 0.0082562111898 44.4100725348 0
4 1.83483046612 49.7748553076 2.17766585223 0.209656371975 0.300354550446 0.0154883204564 46.6871491312 0
5 0.799959108748 49.7101844425 2.13445895197 0.264825787777 0.386712005293 0.0249897697063 47.678869934 0
6 0.349441911636 49.6472210037 2.0687064796 0.316156092365 0.470818452462 0.0366229039169 48.1110331563 0
7 0.153172900992 49.586383316 1.99518016461 0.363389178476 0.552108370903 0.0502275055224 48.2995385635 0
8 0.0675833961738 49.5277920864 1.92016119983 0.406567980843 0.630414477404 0.0656399327447 48.3818409266 0
9 0.0302090135565 49.4714436066 1.84624143949 0.445855352353 0.705736576299 0.0827010410397 48.4178129707 0
10 0.013866703046 49.4172839483 1.77444464703 0.481456839494 0.778142355433 0.101259212239 48.4335462945 0
11 0.00671997182592 49.3652402815 1.70513582113 0.513588397853 0.847725418151 0.121171320691 48.4404187889 0
12 0.0035941226369 49.315233993 1.63840616399 0.542463116528 0.914587651172 0.14230289051 48.4434120622 0
13 0.00221842310913 49.2671860325 1.57423436719 0.568286180593 0.978831996546 0.164527786898 48.4447152132 0
14 0.00161297136541 49.2210190445 1.5125533697 0.591253106228 1.04055954075 0.187727849256 48.4452741182 0
15 0.00134766130853 49.176658264 1.4532795335 0.611549152759 1.09986827176 0.211792583256 48.4455045334 0
16 0.00123225164835 49.1340317503 1.39632446878 0.629349570132 1.156852721 0.236618679613 48.4455905586 0
17 0.00118317083722 49.0930704274 1.34159980104 0.644819927906 1.21160387475 0.262109644712 48.4456131534 0
18 0.00116232188676 49.0537080377 1.28901922098 0.65811651706 1.26420920501 0.288175445241 48.4456092521 0
19 0.00115398579223 49.0158810208 1.23849912307 0.669386882333 1.31475280102 0.314732096913 48.4455940901 0
20 0.00115021118877 48.9795284391 1.18995898184 0.678770190988 1.36331544186 0.341701369882 48.4455753651 0
21 0.0011483427193 48.9445917732 1.14332117518 0.686397922585 1.40997484957 0.369010304193 48.4455556325 0
22 0.00114986768224 48.9110148831 1.09851101508 0.692394105562 1.45480571482 0.396591011381 48.4455334024 0
23 0.00115988559493 48.8787441653 1.05545697132 0.696874853415 1.49787949213 0.42438098132 48.445503651 0
24 0.0011775805368 48.8477280718 1.01409027982 0.699950028505 1.53926499573 0.4523218997 48.4454671439 0
25 0.00119602948403 48.8179170459 0.974344879324 0.701723470444 1.57902847505 0.480359483678 48.4454306161 0
26 0.00120412692454 48.7892635871 0.93615741442 0.702292842752 1.61723351921 0.508443570125 48.4454049394 0
27 0.00118372703172 48.7617217439 0.8994666499 0.701751163045 1.65394171388 0.536527093032 48.4454079092 0
28 0.00117139232608 48.7352490135 0.864214853891 0.700181266045 1.68921015628 0.564569720444 48.4454035975 0
29 0.00118680170769 48.7098022001 0.830343696034 0.697668084357 1.72309683988 0.59252971559 48.4453726624 0
30 0.0011696908123 48.6853414687 0.797800620764 0.694286911902 1.75565536517 0.620371619375 48.4453743232 0
31 0.00116297826099 48.6618281207 0.766532844376 0.690109750198 1.78693783883 0.648062129055 48.4453663385 0
32 0.00116169672613 48.6392250436 0.736490454455 0.685204197483 1.8169942786 0.675570758951 48.4453535702 0
33 0.00116020909094 48.6174966218 0.707625521242 0.679633713516 1.84587272558 0.70286966472 48.4453415441 0
34 0.00116052357372 48.5966086504 0.679891861685 0.673457900902 1.87361935423 0.729933448704 48.4453282605 0
35 0.00116059006584 48.5765284761 0.653245408958 0.666732198129 1.90027828018 0.756739325762 48.4453157208 0
36 0.00115974978785 48.5572243197 0.627643237227 0.659509723326 1.92589245707 0.783265956992 48.4453045559 0
37 0.00115917782241 48.538666036 0.60304457308 0.651839293102 1.95050266123 0.809494670872 48.4452935879 0
38 0.00115982621486 48.520824451 0.579409943372 0.643767225055 1.97414837196 0.835408323993 48.4452818585 0
39 0.00116200630319 48.5036716798 0.55670160707 0.635336536693 1.99686734472 0.860991783493 48.4452690419 0
40 0.00116448975206 48.4871808684 0.534883221134 0.626587673952 2.01869595339 0.886231457626 48.4452563357 0
41 0.00116593344867 48.471326129 0.513919739846 0.617558700746 2.03966927407 0.911115170232 48.4452450526 0
42 0.00116525129972 48.4560827876 0.4937777431 0.608284710004 2.05982075151 0.935632502403 48.4452362541 0
43 0.00116082322709 48.4414272833 0.474425310479 0.598798049968 2.07918233614 0.959774666759 48.4452315302 0
44 0.00115324792401 48.427336593 0.455831231247 0.589129960101 2.09778524405 0.983533446935 48.4452302768 0
45 0.00114293589354 48.413789025 0.437966084756 0.579308420659 2.1156589026 1.00690255432 48.4452320767 0
46 0.00113337746062 48.4007634528 0.420801195229 0.569360266993 2.13283197036 1.02987628017 48.4452334569 0
47 0.00112990311565 48.3882395748 0.404308986648 0.559310466977 2.14933199084 1.05244995818 48.4452291194 0
48 0.00113692360066 48.3761979591 0.388463071423 0.549182031195 2.16518533025 1.07462000967 48.4452146747 0
49 0.0011571160609 48.3646198964 0.373238066027 0.538996439542 2.18041737156 1.09638366404 48.4451874463 0
50 0.00117828396701 48.3534874972 0.358609804122 0.528773349577 2.19505238839 1.11773915317 48.4451595235 0
51 0.00116962515649 48.3427834893 0.344555087163 0.518531233862 2.20911381293 1.13868527682 48.4451614748 0
52 0.00117035591018 48.3324912916 0.331051143715 0.508287085554 2.22262413879 1.15922162281 48.4451543616 0
53 0.00116892228168 48.3225949867 0.318076476232 0.498056583872 2.23560495662 1.17934842939 48.4451496449 0
54 0.00117008909284 48.3130792717 0.305610307544 0.487854192675 2.24807702047 1.19906653565 48.4451425829 0
55 0.00116958659517 48.3039294375 0.293632730038 0.477693231132 2.26006027504 1.21837733134 48.4451374083 0
56 0.00116982888856 48.2951313528 0.282124579842 0.467585924966 2.27157387796 1.23728272221 48.4451317133 0
57 0.00117000567941 48.2866714368 0.271067463856 0.457543481095 2.28263623571 1.25578508207 48.4451262948 0
58 0.00117022408057 48.2785367702 0.260443885351 0.447575917899 2.29326485252 1.27388731187 48.4451210381 0
59 0.00117071690953 48.270714725 0.250236744272 0.437692738851 2.30347683512 1.29159253613 48.4451157037 0
60 0.00117153772779 48.2631931216 0.240429553736 0.427902674403 2.31328867776 1.308904204 48.4451102308 0
61 0.00117248634059 48.2559605133 0.23100682864 0.418213184902 2.32271587384 1.32582630185 48.4451048112 0
62 0.00117335316927 48.2490055948 0.221953277254 0.408631525095 2.33177372317 1.34236288006 48.4450996464 0
63 0.00117372123304 48.2423178409 0.213254673308 0.399163661332 2.34047646039 1.35851849775 48.4450951451 0
64 0.00117339378106 48.2358868123 0.204896907506 0.38981545494 2.34883820211 1.37429773271 48.4450914966 0
65 0.00117236117126 48.2297027014 0.19686673183 0.380591778881 2.35687220225 1.38970551976 48.4450887047 0
66 0.00117064506331 48.2237558216 0.189151064169 0.371497341826 2.36459154875 1.40474683658 48.445086742 0
67 0.00116843179136 48.218037089 0.181737644886 0.362535979471 2.37200850614 1.41942693156 48.4450854172 0
68 0.00116602459578 48.2125378184 0.174614758675 0.353710900957 2.37913479378 1.43375128059 48.4450844229 0
69 0.00116394125511 48.2072496527 0.167771137432 0.345024879391 2.38598168308 1.4477254679 48.4450832382 0
70 0.00116296159555 48.2021643067 0.161195611623 0.336480709513 2.39256034657 1.46135498378 48.4450810802 0
