Time S_a1 S_a2 I_a1 I_a2 R_a1 R_a2 V_a1 V_a2
0 50 50 1 0 0 0 0 0
1 27.5664481214 49.9585000552 1.75678328416 0.0407555540408 0.0553314226398 0.00074439075472 21.6214371718 0
2 15.032010233 49.8963238701 2.35028890924 0.100164707419 0.138261307455 0.00351142247479 33.4794395503 0
3 8.13594663993 49.8200329223 2.70316980149 0.171056698688 0.240091971868 0.00891037896497 39.9207915867 0
4 4.38666927648 49.7363228635 2.86225236277 0.246422613273 0.351924642384 0.0172545232605 43.3991537184 0
5 2.36245217634 49.6499390592 2.89788004388 0.321442305875 0.467435531117 0.0286186349391 45.2722322487 0
6 1.27313175881 49.5637136791 2.86392760194 0.393358391081 0.582836963745 0.0429279298572 46.2801036755 0
7 0.687464948601 49.4791751649 2.7938316321 0.460797559036 0.696074294681 0.0600272760678 46.8226291246 0
8 0.372470307297 49.3970836503 2.70647136853 0.523192057797 0.80611707999 0.0797242918856 47.1149412442 0
9 0.202878289477 49.3177772636 2.61200053363 0.580409219344 0.912499266106 0.101813517092 47.2726219108 0
10 0.111446331789 49.2413712246 2.51572388835 0.632539613999 1.01505413997 0.126089161352 47.3577756399 0
11 0.0620851043241 49.1678661472 2.42034739519 0.679782355647 1.11376977367 0.152351497142 47.4037977268 0
12 0.0353891408265 49.0972054873 2.32721172303 0.722384643254 1.20871213216 0.18040986945 47.428687004 0
13 0.0209361953534 49.0293053047 2.23694416923 0.760610775376 1.29998510873 0.210083919892 47.4421345267 0
14 0.0130948831465 48.9640698889 2.14980578331 0.794726187301 1.38770945634 0.241203923805 47.4493898772 0
15 0.00884364780488 48.901399528 2.06586716195 0.82498981332 1.47201225078 0.273610658672 47.4532769395 0
16 0.00653344130751 48.8411946711 1.98510464163 0.851650263867 1.55302119794 0.307155065059 47.4553407191 0
17 0.00528038517229 48.7833578008 1.90744647509 0.874944411929 1.63086202802 0.34169778725 47.4564111117 0
18 0.0046055896302 48.7277944168 1.83279843926 0.895096870716 1.70565709531 0.377108712514 47.4569388758 0
19 0.00423522296441 48.6744134719 1.76105776807 0.912320063636 1.77752471735 0.413266464443 47.4571822916 0
20 0.00403524846928 48.6231274002 1.69211775677 0.926814676327 1.84657907775 0.450057923466 47.457267917 0
21 0.00392978002066 48.5738522532 1.62587271864 0.938769817462 1.91292999376 0.487377929299 47.4572675076 0
22 0.00387332596761 48.5265074205 1.56221931902 0.948364140098 1.97668321871 0.525128439366 47.4572241363 0
23 0.00384386813298 48.4810155908 1.50105706523 0.955766093477 2.03794045993 0.563218315722 47.4571586067 0
24 0.00383084297533 48.4373026978 1.44228889021 0.961134237193 2.0967994186 0.601563064991 47.4570808482 0
25 0.00382645506352 48.3952975873 1.38582119095 0.964618387059 2.15335417603 0.640084025678 47.456998178 0
26 0.00382638981942 48.3549323707 1.33156426176 0.966358612657 2.20769473839 0.678709016601 47.45691461 0
27 0.0038292995965 48.316141803 1.27943159909 0.966487227664 2.25990778753 0.717370969374 47.4568313138 0
28 0.00383405015036 48.2788633632 1.22934011597 0.965128618631 2.31007656786 0.756008018164 47.456749266 0
29 0.00383886738581 48.243037013 1.18120989406 0.962400039733 2.35828117325 0.794562947283 47.4566700653 0
30 0.00384282118431 48.2086052179 1.13496416684 0.958411597775 2.404598506 0.832983184315 47.456594506 0
31 0.00384679307508 48.1755127884 1.09052910732 0.953266797973 2.44910246725 0.87122041359 47.4565216324 0
32 0.00385168954047 48.1437067517 1.04783374133 0.947062999819 2.4918641052 0.909230248443 47.4564504639 0
33 0.00385892316955 48.1131363429 1.00680992231 0.939891448125 2.53295162507 0.946972208966 47.4563795294 0
34 0.00387110166835 48.0837529361 0.967392228866 0.93183751769 2.57243046882 0.984409546184 47.4563062006 0
35 0.00388258782049 48.0555098358 0.929517961405 0.922981462809 2.61036356628 1.02150870143 47.4562358845 0
36 0.00388340692896 48.0283621552 0.893126904461 0.913398845778 2.6468114719 1.058238999 47.4561782167 0
37 0.00386446853469 48.0022666982 0.858161059233 0.903160943083 2.6818325029 1.09457235875 47.4561419693 0
38 0.00387546432911 47.9771821732 0.824563436615 0.892333706411 2.71548252403 1.13048412042 47.456078575 0
39 0.00387665265517 47.9530690065 0.79228146848 0.880978964477 2.74781512006 1.16595202901 47.4560267588 0
40 0.00388268970151 47.9298891297 0.761263290949 0.869154695721 2.77888188795 1.20095617462 47.4559721314 0
41 0.0038848844443 47.9076060184 0.731459624825 0.856915113122 2.80873237537 1.23547886852 47.4559231154 0
42 0.00389135417527 47.8861845909 0.702822730523 0.844310887192 2.8374142151 1.26950452187 47.4558717002 0
43 0.00389365601201 47.865591185 0.67530710549 0.831389308108 2.86497314891 1.30301950693 47.4558260896 0
44 0.00389672460118 47.8457934655 0.648868746109 0.818194511861 2.89145314727 1.33601202263 47.455781382 0
45 0.00389961857508 47.8267604162 0.623465526064 0.804767578586 2.91689641622 1.36847200518 47.4557384391 0
46 0.00390196550115 47.8084622134 0.599056905084 0.791146859698 2.94134356281 1.40039092687 47.4556975666 0
47 0.00390468840719 47.7908702154 0.5756039055 0.777368044461 2.96483360612 1.43176174014 47.4556578 0
48 0.00390738516806 47.7739569327 0.553069121581 0.763464272101 2.98740401432 1.46257879523 47.4556194789 0
49 0.00390985683545 47.7576959853 0.53141663793 0.749466270515 3.00909075941 1.49283774415 47.4555827458 0
50 0.0039122301695 47.7420619839 0.510611870092 0.735402652634 3.0299284754 1.52253536342 47.4555474243 0
51 0.00391457419364 47.7270305686 0.490621625456 0.721299867236 3.04995040355 1.55166956418 47.4555133968 0
52 0.00391682832272 47.7125783374 0.471414009689 0.707182389791 3.06918848691 1.58023927278 47.4554806751 0
53 0.00391896207709 47.6986827902 0.452958349954 0.693072882542 3.08767344482 1.60824432727 47.4554492432 0
54 0.0039209802932 47.685322314 0.435225177521 0.678992259683 3.10543479032 1.63568542632 47.4554190519 0
55 0.0039228910402 47.6724761984 0.418186246064 0.664959607579 3.12250081226 1.66256419404 47.4553900506 0
56 0.00392472752497 47.6601244375 0.40181427176 0.650992753772 3.13889883536 1.68888280876 47.4553621654 0
57 0.00392654284056 47.6482479423 0.386083217641 0.637107768104 3.15465493552 1.71464428955 47.455335304 0
58 0.00392838287127 47.6368285138 0.370968255965 0.623319023628 3.16979397775 1.73985246252 47.4553093834 0
59 0.00393022932327 47.6258482938 0.356445030944 0.6096404887 3.18434035519 1.76451121747 47.4552843845 0
60 0.0039320714984 47.6152903285 0.342490416321 0.596084403589 3.19831722962 1.78862526789 47.4552602826 0
61 0.00393384619534 47.605138274 0.329082122314 0.582662022506 3.21174692551 1.81219970354 47.455237106 0
62 0.00393545054055 47.5953764342 0.316198745925 0.569383506171 3.22465087957 1.83524005959 47.455214924 0
63 0.00393679303043 47.585989784 0.303819799678 0.556257860408 3.23704961154 1.85775235557 47.4551937958 0
64 0.0039379204448 47.5769637739 0.291925449437 0.543293453893 3.24896298548 1.87974277216 47.4551736446 0
65 0.00393884630303 47.5682845332 0.280496788237 0.53049747973 3.26040993722 1.9012179871 47.4551544282 0
66 0.00393962411632 47.5599386448 0.269515532854 0.517876535839 3.27140877781 1.92218481932 47.4551360652 0
67 0.00394033851676 47.551913228 0.258964134449 0.505436415799 3.28197708263 1.9426503562 47.4551184444 0
68 0.00394112530908 47.5441959657 0.248825816583 0.493182040199 3.29213165304 1.96262199407 47.4551014051 0
69 0.00394219550054 47.5367750268 0.239084469406 0.481117658813 3.30188862219 1.98210731435 47.4550847129 0
70 0.00394381226855 47.5296390322 0.229724603045 0.469246917723 3.31126350226 2.00111405008 47.4550680824 0
