Time S_a1 S_a2 I_a1 I_a2 R_a1 R_a2 V_a1 V_a2
0 50 50 1 0 0 0 0 0
1 19.6374047613 49.9599301656 1.61651190375 0.039339711268 0.0534235278863 0.000730123170109 29.6926598071 0
2 7.65798118459 49.9064128602 1.90396574076 0.0902861140221 0.124789745889 0.0033010258187 41.3132633288 0
3 2.97886299229 49.8478234905 1.98034052781 0.144186214059 0.202945066874 0.00799029545248 45.837851413 0
4 1.15893866242 49.7885877593 1.96232576138 0.196597335703 0.281986778022 0.0148149049956 47.5967487982 0
5 0.451784775543 49.7305389945 1.90817630748 0.245786378461 0.359463802259 0.0236746270339 48.2805751147 0
6 0.176902480617 49.6743397761 1.84198050125 0.291232504136 0.434486272821 0.0344277197309 48.5466307453 0
7 0.0699611020756 49.6201860516 1.77302286221 0.33289128759 0.506787754435 0.0469226607794 48.6502282813 0
8 0.0283063362276 49.5680973082 1.70475527626 0.370892459824 0.576338197238 0.0610102320145 48.6906001903 0
9 0.0120605443889 49.518028727 1.63840808104 0.405423488955 0.643194104552 0.0765477840098 48.70633727 0
10 0.00572737912316 49.4699135423 1.57437722623 0.436685924492 0.707441840622 0.0934005332127 48.712453554 0
11 0.00325575793583 49.4236788962 1.51274914107 0.464879326178 0.769176356971 0.111441777665 48.714818744 0
12 0.00228247750879 49.3792515992 1.45349633254 0.490195801185 0.828493424892 0.13055259963 48.7157277651 0
13 0.00190360270206 49.336560246 1.39655025873 0.512818126292 0.885486762479 0.150621627685 48.7160593761 0
14 0.00175633641103 49.2955359152 1.34182998516 0.532919523752 0.940247054899 0.17154456109 48.7161666235 0
15 0.00170072059622 49.2561123649 1.28925179741 0.550663766524 0.992861662307 0.193223868552 48.7161858197 0
16 0.00168007903595 49.2182260302 1.23873313499 0.566205555778 1.0434145944 0.215568413983 48.7161721916 0
17 0.00167282019374 49.1818158922 1.19019375742 0.579691124143 1.09198665472 0.238492983639 48.7161467677 0
18 0.00167025770428 49.1468234533 1.14355629786 0.591258432269 1.13865545606 0.261918114474 48.7161179884 0
19 0.00167158399285 49.1131925937 1.09874623483 0.601037716658 1.18349558857 0.285769689663 48.7160865926 0
20 0.00167671338658 49.0808695543 1.05569203882 0.609151631288 1.22657862965 0.309978814402 48.7160526181 0
21 0.00167893307398 49.0498026713 1.01432499274 0.615716193053 1.26797346908 0.334481135602 48.7160226051 0
22 0.0016742724016 49.0199423991 0.974579038436 0.62084073906 1.30774627157 0.359216861836 48.7160004176 0
23 0.00167131663184 48.991241242 0.936390547069 0.624628203784 1.34596055501 0.384130554194 48.7159775813 0
24 0.00167526220169 48.9636535643 0.899698366432 0.627175796742 1.38267742706 0.409170638983 48.7159489443 0
25 0.00167669921988 48.9371356051 0.864444019378 0.628575027003 1.41795555664 0.434289367939 48.7159237248 0
26 0.00167817602639 48.911645357 0.830571118396 0.628912100602 1.45185132639 0.459442542435 48.7158993792 0
27 0.00167925675262 48.8871425044 0.798025535047 0.628268181946 1.48441890555 0.484589313629 48.7158763027 0
28 0.00168030963803 48.8635883662 0.766755272641 0.626719624015 1.51571031856 0.509692009783 48.7158540992 0
29 0.00168150083191 48.8409457725 0.736710325673 0.624338388337 1.54577560053 0.534715839133 48.715832573 0
30 0.00168257867321 48.8191790211 0.707842624795 0.621192167202 1.57466285557 0.559628811705 48.715811941 0
31 0.00168305507101 48.7982538133 0.680105964422 0.617344726578 1.60241832423 0.584401460143 48.7157926563 0
32 0.00168210203066 48.7781374819 0.653456294894 0.612855146098 1.62908609451 0.609007371987 48.7157755086 0
33 0.00167966967097 48.7587983993 0.627850944461 0.607779747562 1.65470886521 0.633421853104 48.7157605207 0
34 0.00167597905616 48.7402062401 0.603248965382 0.602171243665 1.67932760649 0.657622516279 48.7157474491 0
35 0.0016724683116 48.7223318796 0.57961100239 0.596079128934 1.70298168405 0.681588991422 48.7157348452 0
36 0.00167165935578 48.7051473713 0.556899261667 0.589549742313 1.72570889086 0.705302886405 48.7157201881 0
37 0.00167575232921 48.6886258729 0.535077432817 0.582626525025 1.74754554142 0.728747602106 48.7157012734 0
38 0.00168663750868 48.6727415855 0.514110611754 0.575350240002 1.76852654965 0.751908174463 48.7156762011 0
39 0.00169854943215 48.6574697644 0.493965370257 0.567758933894 1.78868541641 0.774771301751 48.7156506639 0
40 0.00169094789401 48.6427865912 0.474609652787 0.559888389422 1.80805439265 0.797325019345 48.7156450067 0
41 0.00167534792564 48.6286692743 0.456012515676 0.551771741971 1.82666435266 0.819558983743 48.7156477837 0
42 0.00168516439323 48.6150958108 0.438143892139 0.543440299808 1.84454510091 0.841463889385 48.7156258426 0
43 0.00168976236208 48.6020451188 0.42097548919 0.534923149314 1.86172520041 0.863031731924 48.715609548 0
44 0.00168968194657 48.5894969398 0.404479866518 0.526247423664 1.87823210086 0.884255636555 48.7155983507 0
45 0.0016913448823 48.5774317948 0.388630599443 0.51743844016 1.89409219733 0.905129765015 48.7155858583 0
46 0.0016920859946 48.5658305085 0.373401740287 0.50852032722 1.90933147327 0.925649164321 48.7155747004 0
47 0.00169264253802 48.5546755138 0.358769496743 0.499514470214 1.92397373162 0.945810015952 48.7155641291 0
48 0.00169320406822 48.5439510836 0.344712571211 0.49043934939 1.93804028275 0.965609566996 48.715553942 0
49 0.00169358285466 48.5336386545 0.331205829056 0.481316369825 1.95155627917 0.985044975683 48.7155443089 0
50 0.00169378315186 48.5237224781 0.318227951816 0.472162752921 1.96454305342 1.00411476898 48.7155352116 0
51 0.00169391225778 48.51418748 0.305758535596 0.462994517146 1.97702102233 1.02281800282 48.7155265298 0
52 0.00169422515008 48.5050190615 0.293777824284 0.453826399378 1.98900995381 1.04115453915 48.7155179968 0
53 0.00169483906133 48.4962029025 0.282266441796 0.444672601206 2.00052923629 1.0591244963 48.7155094829 0
54 0.00169574713711 48.4877254621 0.271206072397 0.435545784108 2.01159719793 1.07672875376 48.7155009825 0
55 0.00169691527097 48.4795736302 0.260578988214 0.426457798393 2.02223157867 1.09396857141 48.7154925178 0
56 0.00169820571809 48.4717349272 0.250368319719 0.417419242645 2.03244926015 1.11084583018 48.7154842144 0
57 0.00169933406941 48.4641972617 0.240557727774 0.408440047674 2.04226659369 1.12736269066 48.7154763445 0
58 0.00169987066845 48.4569489922 0.231131487619 0.39952934455 2.05169931628 1.14352166324 48.7154693254 0
59 0.00169929232205 48.4499791333 0.222074767827 0.390695009146 2.06076227139 1.15932585753 48.7154636685 0
60 0.00169717722484 48.4432768565 0.213372950818 0.381944797562 2.06947008761 1.17477834595 48.7154597843 0
61 0.00169301706912 48.4368318446 0.205012116136 0.373285534573 2.07783669617 1.18988262078 48.7154581706 0
62 0.00168661290788 48.4306342011 0.19697891578 0.364723340102 2.08587545431 1.20464245879 48.715459017 0
63 0.00167837463528 48.4246743757 0.189260473013 0.356263811973 2.09359924548 1.21906181233 48.7154619069 0
64 0.00166816310686 48.4189428697 0.181843982414 0.34791239781 2.10102088319 1.23314473246 48.7154669713 0
65 0.00165945226752 48.4134319621 0.174719053601 0.339671846435 2.10815075454 1.24689619148 48.7154707396 0
66 0.00165284094629 48.4081321648 0.167872894078 0.331547660038 2.11500165847 1.26032017516 48.7154726065 0
67 0.00166139348132 48.4030356484 0.161294938365 0.323542767074 2.12158413017 1.27342158455 48.715459538 0
68 0.00168918713365 48.3981346055 0.154974679178 0.315660162062 2.12790867478 1.28620523239 48.7154274589 0
69 0.00169346590896 48.3934215142 0.148902128823 0.307902413282 2.13398540784 1.29867607251 48.7154189974 0
70 0.00169624142308 48.3888890069 0.143067329717 0.300271746371 2.13982423132 1.31083924676 48.7154121975 0
