Time S_a1 S_a2 I_a1 I_a2 R_a1 R_a2 V_a1 V_a2
0 50 50 1 0 0 0 0 0
1 39.8628109206 49.9565323558 1.96761891647 0.0427046119867 0.0579566337974 0.000763032192833 9.11161352915 0
2 31.1913940309 49.8779811556 3.33201309032 0.118164687495 0.162762172736 0.00385415690621 16.3138307061 0
3 23.8227020115 49.7542432079 4.96362033864 0.234986400858 0.328124654694 0.0107703912738 21.8855529952 0
4 17.7145808025 49.580863895 6.63855018521 0.395891985245 0.560428840972 0.0232441197873 26.0864401714 0
5 12.8400666834 49.3604850855 8.13231274711 0.596540790899 0.856754085552 0.0429741235768 29.1708664839 0
6 9.1102408006 49.1014151485 9.3009783699 0.827216147917 1.20663099963 0.0713687035894 31.3821498299 0
7 6.36347754039 48.8146117433 10.1028472512 1.0759957976 1.59590801264 0.10939245907 32.9377671958 0
8 4.40103640267 48.5108920787 10.5708079545 1.33157000252 2.0103923149 0.157537918804 34.017763328 0
9 3.02865500526 48.199318893 10.7717325162 1.58479555271 2.43801147644 0.215885554301 34.7616010021 0
10 2.08183177943 47.8867116469 10.7766614732 1.82908695885 2.86952373759 0.284201394271 35.2719830098 0
11 1.43340602811 47.5778237367 10.6463121049 2.0601410159 3.29834808924 0.362035247412 35.6219337777 0
12 0.990634377251 47.2757676291 10.4271198314 2.27543037259 3.72005005474 0.448801998355 35.8621957366 0
13 0.688243273251 46.9824606932 10.152407951 2.47369690769 4.13178182586 0.54384239912 36.0275669499 0
14 0.481276143153 46.6989925003 9.84516569066 2.6545422178 4.53181207233 0.646465281927 36.1417460939 0
15 0.339126935204 46.4258986463 9.52087220045 2.81812585258 4.91917015479 0.755975501104 36.2208307096 0
16 0.241075556985 46.1633532691 9.1897655353 2.96495486586 5.29339290125 0.871691865061 36.2757660065 0
17 0.173124876941 45.9112994654 8.85851595895 3.09574258181 5.65435077007 0.992957952801 36.314008394 0
18 0.125806226676 45.6695363518 8.53140797438 3.21131526808 6.00213023235 1.11914838008 36.3406555666 0
19 0.0926947580768 45.4377764271 8.21114014177 3.31255155478 6.33695516836 1.24967201809 36.3592099318 0
20 0.069415725026 45.2156828014 7.89936057346 3.40034393701 6.65913496476 1.38397326158 36.3720887367 0
21 0.0529774113896 45.0028933326 7.5970238627 3.47557460883 6.96903015279 1.52153205853 36.3809685731 0
22 0.0413233190078 44.79903618 7.30462824479 3.53910063718 7.26702967704 1.66186318287 36.3870187592 0
23 0.0330284468997 44.6037398056 7.02237474673 3.59174514557 7.55353578984 1.80451504884 36.3910610165 0
24 0.0271090170931 44.4166386901 6.75026511242 3.63429309734 7.82895489129 1.94906821258 36.3936709792 0
25 0.0228762085154 44.2373774697 6.48817569351 3.66748870004 8.09369061414 2.0951338303 36.3952574838 0
26 0.019845462031 44.0656130285 6.23590244413 3.69203495935 8.34813983955 2.24235201211 36.3961122543 0
27 0.0176766904284 43.9010155326 5.99319025429 3.70859430495 8.59269028155 2.39039016248 36.3964427737 0
28 0.0161291416099 43.7432689858 5.75975405432 3.71778961677 8.82771880687 2.53894139739 36.3963979972 0
29 0.0150277769621 43.5920714114 5.53529449534 3.72020561353 9.05359034183 2.68772297503 36.3960873859 0
30 0.0142512045575 43.4471343519 5.31950304403 3.71639083796 9.27065786472 2.83647481013 36.3955878867 0
31 0.0137118786029 43.3081826866 5.11207062771 3.70685925435 9.4792619623 2.98495805904 36.3949555314 0
32 0.0133458887549 43.1749541615 4.91269159954 3.69209206181 9.67973087069 3.1329537767 36.394231641 0
33 0.0131059271338 43.0471988597 4.72106626949 3.67253949299 9.8723806603 3.28026164736 36.3934471431 0
34 0.012958781439 42.9246785764 4.53690175164 3.64862265606 10.0575156167 3.42669876755 36.3926238502 0
35 0.0128800936937 42.8071663332 4.35991361709 3.62073512461 10.2354284621 3.57209854221 36.3917778271 0
36 0.0128518946194 42.6944457659 4.18982636247 3.58924472564 10.4064007595 3.71630950851 36.3909209834 0
37 0.0128600964914 42.5863107321 4.02637414757 3.55449473678 10.5707031376 3.85919453109 36.3900626184 0
38 0.012894384726 42.4825645596 3.86930026018 3.51680593591 10.7285958964 4.00062950451 36.3892094587 0
39 0.0129486497655 42.3830199487 3.71835683888 3.4764768415 10.8803291028 4.14050320981 36.3883654085 0
40 0.0130176353857 42.2874980728 3.57330537354 3.43378634784 11.026143239 4.27871557935 36.387533752 0
41 0.0130973613252 42.1958284753 3.43391644816 3.38899398095 11.1662693012 4.41517754375 36.3867168893 0
42 0.0131844587368 42.1078483484 3.29996930293 3.34234187519 11.3009294162 4.54980977645 36.3859168222 0
43 0.0132760759597 42.0234024908 3.17125184735 3.29405489716 11.4303368701 4.68254261202 36.3851352066 0
44 0.0133704447556 41.9423425128 3.0475598343 3.24434277953 11.5546968368 4.81331470763 36.3843728842 0
45 0.0134665844416 41.8645269226 2.92869701309 3.1933998979 11.6742062919 4.94207317946 36.3836301105 0
46 0.0135635440242 41.7898202344 2.81447450339 3.1414077116 11.7890548308 5.06877205398 36.3829071218 0
47 0.0136608177575 41.7180934772 2.70471115408 3.08853337178 11.8994242027 5.193373151 36.3822038255 0
48 0.0137578767416 41.6492232096 2.59923271464 3.03493240117 12.0054892484 5.31584438927 36.3815201602 0
49 0.0138540152154 41.583091251 2.49787162761 2.98074942631 12.107418148 5.43615932274 36.3808562092 0
50 0.0139488219166 41.519585053 2.40046724631 2.92611713781 12.205372096 5.55429780918 36.3802118358 0
51 0.0140420665611 41.4585964099 2.30686460903 2.87115974477 12.2995065666 5.67024384537 36.3795867578 0
52 0.014133620973 41.4000224682 2.21691544109 2.81599028089 12.3899703165 5.78398725088 36.3789806214 0
53 0.0142234035658 41.3437642475 2.13047666373 2.76071452641 12.4769068987 5.8955212261 36.378393034 0
54 0.0143114446023 41.2897275779 2.04741134351 2.7054285261 12.5604536935 6.00484389599 36.3778235184 0
55 0.0143976226697 41.2378218061 1.96758735658 2.65022198534 12.6407432892 6.11195620852 36.3772717315 0
56 0.0144818522753 41.1879606248 1.89087824748 2.59517609672 12.7179025926 6.21686327846 36.3767373077 0
57 0.0145640672872 41.1400612943 1.81716237708 2.540365552 12.7920536838 6.31957315374 36.3762198718 0
58 0.0146442555124 41.0940444005 1.74632264504 2.48585915956 12.8633140888 6.42009643993 36.3757190107 0
59 0.0147223792457 41.0498341181 1.67824680475 2.43171918194 12.9317964769 6.51844669998 36.3752343391 0
60 0.0147984437515 41.0073578434 1.61282700539 2.37800224132 12.9976091081 6.61463991527 36.3747654428 0
61 0.0148725103917 40.9665459764 1.54995952918 2.32475986508 13.060856094 6.70869415847 36.3743118664 0
62 0.0149445779729 40.9273314456 1.48954433486 2.27203975945 13.1216378737 6.80062879495 36.3738732135 0
63 0.0150146667487 40.8896501763 1.43148549727 2.21988449149 13.1800507585 6.89046533219 36.3734490775 0
64 0.0150828347273 40.853441182 1.37569127935 2.16833120435 13.2361868567 6.97822761364 36.3730390293 0
65 0.015149099677 40.8186456815 1.32207320521 2.11741397131 13.2901350148 7.06394034718 36.3726426803 0
66 0.0152134854831 40.785207367 1.27054629407 2.06716304635 13.3419805754 7.14762958667 36.372259645 0
67 0.015276029048 40.7530723257 1.22102894827 2.01760504571 13.3918054878 7.2293226286 36.3718895349 0
68 0.0153367508884 40.7221887759 1.17344267811 1.96876361277 13.4396885876 7.30904761136 36.3715319834 0
69 0.0153956764469 40.6925070888 1.12771208834 1.92065930935 13.4857056075 7.38683360182 36.3711866278 0
70 0.0154528407731 40.6639797134 1.08376477388 1.87330977494 13.5299292809 7.4627105117 36.3708531044 0
