Time S_a1 S_a2 I_a1 I_a2 R_a1 R_a2 V_a1 V_a2
0 50 50 1 0 0 0 0 0
1 18.3238136404 49.9601868331 1.59253295878 0.039085676539 0.0530811186419 0.000727490328711 31.0305722822 0
2 6.67173348081 49.907997765 1.84035717784 0.08873609596 0.12267377283 0.00326613904099 42.3652355685 0
3 2.42462578943 49.8517385099 1.89103648269 0.140410347945 0.19771394893 0.00785114214435 46.486623779 0
4 0.881828790502 49.7953671636 1.86179801947 0.190160598171 0.27292122997 0.0144722382486 47.9834519601 0
5 0.321690961951 49.7403754094 1.80477251812 0.236605091328 0.346300659891 0.0230194993093 48.52723586 0
6 0.118212734125 49.6872482936 1.73965555328 0.279399870075 0.417200193204 0.033351836373 48.7249315194 0
7 0.0442223951106 49.6361022451 1.67345447444 0.318574581928 0.485460468849 0.0453231730005 48.7968626616 0
8 0.0172889623431 49.5869248933 1.60857252844 0.35428352744 0.551094778704 0.0587915793026 48.8230437305 0
9 0.00747679382544 49.5396608389 1.5457861394 0.386716980524 0.614174433722 0.0736221806037 48.8325626331 0
10 0.00389623997025 49.4942417531 1.48530345752 0.416070374318 0.674788460135 0.0896878725954 48.8360118424 0
11 0.00259378133836 49.4505968034 1.42713562165 0.442533913337 0.733029597516 0.106869283218 48.8372409995 0
12 0.00211958053969 49.4086562555 1.37122773132 0.466289224116 0.788989434927 0.125054520378 48.8376632532 0
13 0.0019428743797 49.3683525742 1.31750383077 0.487508725484 0.842756894839 0.144138700287 48.8377964 0
14 0.00188070832138 49.3296207816 1.26588252552 0.50635554453 0.89441772616 0.164023673826 48.83781904 0
15 0.0018589019944 49.2923985056 1.21628305466 0.522983847638 0.944054410065 0.18461764674 48.8378036333 0
16 0.00185212326749 49.2566260217 1.16862687885 0.537538887413 0.991746086982 0.20583509084 48.8377749109 0
17 0.00184806646195 49.2222458212 1.12283797006 0.550158567226 1.03756908899 0.227595611614 48.8377448745 0
18 0.00184465988531 49.1892028282 1.07884318736 0.560972782845 1.08159664945 0.249824388965 48.8377155033 0
19 0.00184502992076 49.1574443402 1.03657232939 0.570103714379 1.12389896651 0.272451945402 48.8376836742 0
20 0.00185078136041 49.1269193429 0.995957388421 0.577668108188 1.16454407145 0.295412548901 48.8376477588 0
21 0.00185807138524 49.0975793495 0.956933701841 0.583774657471 1.20359673923 0.318645993051 48.8376114875 0
22 0.00186196940574 49.06937771 0.919438990065 0.588526257946 1.24111936894 0.342096032038 48.8375796716 0
23 0.00185581967511 49.0422697624 0.883413568335 0.592019566374 1.27717178528 0.365710671178 48.8375588267 0
24 0.00183441029509 49.0162125049 0.848799881306 0.594346171186 1.3118116421 0.389441323886 48.8375540663 0
25 0.0018467087952 48.9911649092 0.815542206241 0.595591516309 1.34509403294 0.413243574538 48.837517052 0
26 0.00185255352271 48.9670872109 0.783587710505 0.595837439104 1.37707237509 0.437075350023 48.8374873609 0
27 0.00185918240707 48.9439414418 0.752885266121 0.595160287474 1.40779773689 0.46089827075 48.8374578146 0
28 0.00185961028178 48.92169113 0.723385898061 0.593632011985 1.43731921547 0.484676858 48.8374352762 0
29 0.00186167205658 48.900301255 0.695042360826 0.591320320215 1.4656839923 0.508378424747 48.8374119748 0
30 0.00186264117514 48.8797382028 0.667809398952 0.588288875331 1.49293738751 0.531972921851 48.8373905724 0
31 0.00186360214661 48.8599696971 0.641643485173 0.58459753289 1.51912294692 0.555432770035 48.8373699658 0
32 0.0018642090693 48.8409647555 0.61650282802 0.580302524688 1.54428249585 0.578732719859 48.8373504671 0
33 0.00186482617539 48.822693577 0.592347199306 0.575456789291 1.56845628737 0.601849633665 48.8373316871 0
34 0.00186616775675 48.8051275439 0.56913794743 0.570110044274 1.59168299439 0.624762411847 48.8373128904 0
35 0.00186927711226 48.7882393107 0.546838116218 0.56430853401 1.61399959051 0.647452155302 48.8372930162 0
36 0.00187380448929 48.7720024902 0.525412046991 0.55809600496 1.63544176415 0.669901504887 48.8372723844 0
37 0.00187851214814 48.7563917526 0.504825505029 0.551513403986 1.65604378683 0.692094843426 48.837252196 0
38 0.00188049395277 48.741382756 0.485045594559 0.544599148661 1.67583860108 0.714018095356 48.8372353104 0
39 0.00187625971264 48.7269520679 0.466040644568 0.537389298534 1.69485792769 0.73565863354 48.837225168 0
40 0.00186574241573 48.7130774911 0.447780617776 0.529916841156 1.71313182189 0.75700566775 48.8372218179 0
41 0.0018593631861 48.6997372253 0.43023593802 0.52221376775 1.73068980395 0.778049006993 48.8372148948 0
42 0.00186982630916 48.6869106252 0.413378577861 0.514309266896 1.74755983404 0.798780107953 48.8371917618 0
43 0.00186976012395 48.6745777875 0.397181792577 0.506230753565 1.76376886904 0.819191458922 48.8371795783 0
44 0.00187101411846 48.6627190407 0.381618876863 0.4980045027 1.77934355247 0.839276456558 48.8371665566 0
45 0.00187207746421 48.6513168819 0.366666151705 0.489653179492 1.79430759038 0.859029938579 48.8371541805 0
46 0.00187224083157 48.64035457 0.352300963199 0.481197754815 1.80868365759 0.878447675225 48.8371431384 0
47 0.00187190736553 48.629813049 0.338497518967 0.472661726222 1.82249756267 0.897525224778 48.837133011 0
48 0.00187197119055 48.6196768001 0.325234816289 0.464063197702 1.83577031877 0.916260002196 48.8371228938 0
49 0.00187292801421 48.6099302539 0.312491789428 0.455419848991 1.84852300467 0.934649897136 48.8371122779 0
50 0.00187484700125 48.6005583127 0.300248016333 0.446748273531 1.86077605746 0.952693413788 48.8371010792 0
51 0.00187678590153 48.5915465316 0.288483966564 0.438063718425 1.87254902693 0.970389749979 48.8370902206 0
52 0.00187780687718 48.5828809212 0.277180729251 0.429380512782 1.88386084217 0.987738565987 48.8370806217 0
53 0.00187671737113 48.5745481479 0.266320286314 0.420711650562 1.89472953946 1.00474020155 48.8370734569 0
54 0.00187163382964 48.5665354845 0.255885447426 0.412068884502 1.90517232984 1.02139563099 48.8370705889 0
55 0.00186052362639 48.5588304689 0.245859383891 0.403463562887 1.91520606094 1.03770596824 48.8370740315 0
56 0.00184072546194 48.551421341 0.236226224694 0.394905614494 1.92484662446 1.05367304447 48.8370864254 0
57 0.00185128133867 48.5442967876 0.22697054793 0.386404153404 1.93410930436 1.06929905898 48.8370688664 0
58 0.00187092001642 48.5374457149 0.218077464735 0.377968017156 1.94300908344 1.08458626798 48.8370425318 0
59 0.00187199955091 48.5308576102 0.209532899109 0.369604918897 1.95156015176 1.09953747091 48.8370349496 0
60 0.00187814019964 48.5245223444 0.201323106194 0.361321924937 1.95977617662 1.11415573063 48.837022577 0
61 0.00187678605263 48.518430031 0.193434806098 0.353125526421 1.96767049179 1.12844444261 48.8370179161 0
62 0.00187809701374 48.512571629 0.185855785871 0.345021309162 1.97525528475 1.14240706186 48.8370108324 0
63 0.00187818622098 48.5069377478 0.178573415042 0.337014695765 1.98254320806 1.15604755639 48.8370051907 0
64 0.00187855536928 48.501520489 0.171577060459 0.329109885106 1.98954489806 1.16936962593 48.8369994861 0
65 0.0018787807341 48.4963113615 0.164855302593 0.321311118793 1.99627178404 1.1823775197 48.8369941326 0
66 0.00187844357364 48.4913014715 0.158396182808 0.313622682354 2.00273583476 1.19507584619 48.8369895389 0
67 0.0018773966476 48.4864837348 0.15219018742 0.306047354334 2.00894657124 1.20746891091 48.8369858447 0
68 0.00187566159454 48.4818506689 0.146227267048 0.298588094753 2.01491405024 1.21956123633 48.8369830211 0
69 0.00187379559254 48.4773952916 0.140498053054 0.291247138489 2.02064764596 1.23135756995 48.8369805054 0
70 0.00187239163608 48.4731106914 0.134993273255 0.284026650747 2.02615663616 1.24286265788 48.8369776989 0
