Time S_a1 S_a2 I_a1 I_a2 R_a1 R_a2 V_a1 V_a2
0 50 50 1 0 0 0 0 0
1 44.7027273593 49.9558078342 2.05022700667 0.0434225082022 0.0589232914559 0.000769657617324 4.18812234259 0
2 39.077493076 49.8695095104 3.85328774102 0.126490969401 0.174081444302 0.00399952020558 7.89513773871 0
3 32.9445816008 49.7156745684 6.59275433898 0.272596575574 0.379791605959 0.0117288559849 11.0828724542 0
4 26.3916881974 49.467360858 10.1875273072 0.505667997927 0.713096261956 0.0269711440431 13.7076882334 0
5 19.8813131974 49.10669542 14.1682868872 0.839766189425 1.20005641369 0.0535383905514 15.7503435017 0
6 14.0740997336 48.6348266492 17.8398345841 1.26973361136 1.84236077561 0.095439739441 17.2437049066 0
7 9.45411508371 48.0724904628 20.6563591988 1.77143195756 2.61565840831 0.15607757968 18.2738673091 0
8 6.12075343047 47.4505795548 22.4452006652 2.31175251587 3.48102872889 0.237667929292 18.9530171754 0
9 3.87970894143 46.7991086003 23.3333182819 2.85977485577 4.39921928156 0.341116543941 19.3877534951 0
10 2.43811530127 46.1412037955 23.5611522212 3.39255348001 5.33890248394 0.466242724479 19.6618299936 0
11 1.53234728381 45.4922297246 23.3554661038 3.89564818409 6.27836016573 0.612122091275 19.8338264467 0
12 0.968533725059 44.8613516071 22.8856019211 4.36125550528 7.20384301945 0.77739288766 19.9420213344 0
13 0.617693099759 44.2535061591 22.2645667062 4.78601701212 8.10721056022 0.960476828807 20.0105296338 0
14 0.398262308883 43.6709818541 21.5634924487 5.16929757935 8.98395271046 1.15972056654 20.0542925319 0
15 0.259872978773 43.1144893167 20.8257966962 5.51203101238 9.831809333 1.3734796709 20.082520992 0
16 0.17170874088 42.583834664 20.0775022589 5.81599934698 10.649880106 1.60016598904 20.1009088942 0
17 0.114926977679 42.0783230569 19.3340008505 6.08340489227 11.4380762898 1.83827205081 20.1129958821 0
18 0.0779434422278 41.5969987867 18.6042676483 6.31661873051 12.196785617 2.08638248279 20.1210032924 0
19 0.0535774707458 41.1387849503 17.8934117805 6.51803740075 12.9266704713 2.34317764892 20.1263402774 0
20 0.0373479402049 40.702563046 17.2041964056 6.69000410739 13.6285475877 2.60743284663 20.1299080665 0
21 0.026419220029 40.2872197145 16.5379759505 6.83476498809 14.3033131353 2.87801529738 20.1322916942 0
22 0.0189837694547 39.8916715544 15.8952433037 6.95444869615 14.9518990377 3.15387974944 20.1338738891 0
23 0.0138752013315 39.5148787681 15.2759709567 7.05105763685 15.5752455964 3.43406359504 20.1349082456 0
24 0.0103307655196 39.1558516097 14.6798193102 7.12646662227 16.1742850577 3.71768176803 20.1355648666 0
25 0.00785150442893 38.8136523398 14.1062581917 7.18242598815 16.7499322973 4.00392167202 20.1359580066 0
26 0.00610336985432 38.4873955274 13.5546519693 7.22056614903 17.3030784388 4.29203832355 20.1361662221 0
27 0.00486212838744 38.1762464331 13.0243063251 7.24240390741 17.8345879144 4.58134965951 20.1362436321 0
28 0.00397616116015 37.8794188308 12.514499218 7.24934907668 18.3452968193 4.87123209257 20.1362278015 0
29 0.00334043234872 37.5961726221 12.024502077 7.2427109876 18.8360120569 5.16111639031 20.1361454337 0
30 0.00288187725735 37.3258110048 11.553591146 7.2237053492 19.3075114823 5.450483646 20.1360154945 0
31 0.00255287984601 37.0676782613 11.1010520162 7.19345940515 19.7605443327 5.73886233359 20.1358507713 0
32 0.00231764477509 36.8211567353 10.6661897679 7.15301926541 20.1958315122 6.0258239993 20.1356610752 0
33 0.00215019013565 36.5856645178 10.2483295876 7.10335505192 20.6140664694 6.31098043027 20.1354537528 0
34 0.00203238346147 36.3606531942 9.84681745906 7.04536593119 21.0159160996 6.5939808746 20.1352340579 0
35 0.0019516404473 36.1456054848 9.4610209756 6.97988542129 21.4020216847 6.87450909386 20.1350056992 0
36 0.00189874615925 35.9400334742 9.0903302023 6.90768543165 21.7729995882 7.15228109419 20.1347714633 0
37 0.00186709967991 35.7434767334 8.73415729893 6.8294805124 22.1294421755 7.42704275418 20.1345334259 0
38 0.00185127637711 35.5555004342 8.39193674242 6.74593211507 22.4719186499 7.69856745069 20.1342933313 0
39 0.00184739248508 35.3756931478 8.06312381892 6.65765346026 22.8009763332 7.96665339191 20.1340524554 0
40 0.00185280405928 35.2036666896 7.74719475616 6.56520991738 23.1171407401 8.23112339298 20.1338116997 0
41 0.00186544526935 35.0390531545 7.44364556145 6.46912567902 23.4209172253 8.49182116652 20.133571768 0
42 0.00188375119494 34.8815044046 7.15199167548 6.36988494406 23.7127913579 8.74861065132 20.1333332154 0
43 0.00190651742555 34.7306913339 6.87176765032 6.26793357588 23.9932293461 9.00137509021 20.1330964861 0
44 0.00193281055228 34.5863015148 6.60252568694 6.16368440941 24.2626795724 9.25001407575 20.1328619301 0
45 0.00196191092613 34.4480392807 6.34383574861 6.05751706832 24.5215725173 9.49444365099 20.1326298232 0
46 0.00199324828723 34.3156245803 6.09528478206 5.94978058483 24.7703215792 9.73459483486 20.1324003905 0
47 0.00202645202151 34.1887913144 5.85647541517 5.84079720944 25.0093243399 9.97041147621 20.1321737929 0
48 0.00206084806349 34.0672854337 5.62702531073 5.73086666248 25.238963562 10.2018479038 20.1319502792 0
49 0.00209629012031 33.9508675662 5.40656782836 5.62026006776 25.4596059645 10.428872366 20.131729917 0
50 0.002132675669 33.8393100419 5.19475055503 5.50922673674 25.6716040218 10.6514632213 20.1315127475 0
51 0.00216986034448 33.7323961636 4.99123473941 5.3979958874 25.8752965797 10.869607949 20.1312988205 0
52 0.00220772553114 33.6299202462 4.79569503443 5.28677661521 26.0710090574 11.0833031386 20.1310881827 0
53 0.00224613746633 33.5316863188 4.60781870541 5.17576073571 26.2590542773 11.2925529454 20.1308808798 0
54 0.00228496607131 33.4375082023 4.42730540238 5.0651225994 26.4397326672 11.4973691983 20.1306769644 0
55 0.00232404710383 33.3472085499 4.25386649617 4.95502128815 26.6133329517 11.697770162 20.130476505 0
56 0.00236324894043 33.260618477 4.08722464671 4.84560139081 26.7801325525 11.8937801322 20.1302795518 0
57 0.00240256856453 33.1775773099 3.92711341591 4.73699348741 26.9403979285 12.0854292027 20.130086087 0
58 0.00244199549714 33.0979317572 3.77327670313 4.62931609576 27.094385207 12.272752147 20.1298960944 0
59 0.00248145909609 33.0215359774 3.6254686243 4.52267548185 27.2423403279 12.4557885408 20.1297095887 0
60 0.00252091937094 32.9482507558 3.48345281727 4.41716748229 27.3844996974 12.6345817619 20.129526566 0
61 0.00256035068865 32.8779431852 3.34700208683 4.31287820205 27.52109055 12.8091786127 20.1293470125 0
62 0.00259970114423 32.8104865421 3.21589820869 4.20988423396 27.6523311623 12.979629224 20.1291709278 0
63 0.00263889930154 32.7457600597 3.08993162346 4.10825311853 27.7784311543 13.1459868218 20.1289983229 0
64 0.00267790638247 32.6836486035 2.96890102029 4.00804403557 27.899591882 13.3083073609 20.1288291913 0
65 0.00271670805161 32.6240424442 2.85261306173 3.9093082702 28.0160067163 13.4666492856 20.1286635139 0
66 0.00275523764683 32.5668361715 2.74088170646 3.81209179017 28.1278617665 13.6210720383 20.1285012893 0
67 0.00279348937242 32.5119293538 2.63352829978 3.71643353122 28.2353357273 13.771637115 20.1283424835 0
68 0.00283152806725 32.4592262232 2.53038124058 3.62236608135 28.3386002084 13.9184076954 20.1281870229 0
69 0.00286935623345 32.4086351568 2.43127563624 3.52991684363 28.4378201397 14.0614479996 20.1280348678 0
70 0.00290689203105 32.3600684478 2.33605304085 3.43910850261 28.533154042 14.2008230496 20.1278860252 0
