Time S_a1 S_a2 I_a1 I_a2 R_a1 R_a2 V_a1 V_a2
0 50 50 1 0 0 0 0 0
1 22.2699087022 49.9594350799 1.66380349058 0.0398297825675 0.0540840076412 0.00073513753408 27.0122037996 0
2 9.83669688086 49.9031731828 2.03957899687 0.093456136642 0.129115234821 0.00337068052149 38.9946088875 0
3 4.32808048321 49.8394562769 2.18182637519 0.152264698602 0.214126724941 0.0082790244857 44.2759664167 0
4 1.90266740063 49.7736272228 2.19769123882 0.210825507004 0.30199745869 0.015547270185 46.5976439019 0
5 0.837180559323 49.7083351909 2.15585336358 0.266558116482 0.389188197887 0.0251066925859 47.6177778792 0
6 0.369217141205 49.6447289173 2.09036680293 0.318450664971 0.474158345267 0.036820417699 48.0662577106 0
7 0.163542780947 49.5832508462 2.01654140006 0.366221491748 0.556309963741 0.0505276620221 48.2636058552 0
8 0.0730586985887 49.5240334951 1.94095719819 0.409902944068 0.635459783768 0.0660635608175 48.3505243195 0
9 0.0331976252838 49.4670784275 1.86635919469 0.449654097567 0.711600377318 0.0832674748874 48.3888428027 0
10 0.0156136898818 49.4123337194 1.79384608945 0.485680065322 0.78479659083 0.101986215308 48.4057436298 0
11 0.00785074097623 49.359726978 1.72381851024 0.518197930585 0.855141301737 0.122075091405 48.413189447 0
12 0.00443215646447 49.3091792961 1.65638329159 0.547422535881 0.922736669928 0.143398167995 48.416447882 0
13 0.00291489560171 49.2606110204 1.591526675 0.573561121217 0.987686334933 0.165827858347 48.4178720945 0
14 0.00223916603791 49.2139440652 1.52918429979 0.596811256656 1.05009226641 0.189244678156 48.4184842678 0
15 0.00194241322678 49.1691028983 1.4692730564 0.61736018836 1.11005339709 0.213536913337 48.4187311333 0
16 0.00181125971543 49.1260147862 1.41170448247 0.635385190653 1.16766524346 0.238600023186 48.4188190144 0
17 0.0017555123143 49.0846099225 1.35638957747 0.651053600858 1.22301970702 0.264336476631 48.4188352032 0
18 0.00173179481358 49.0448212986 1.30324128995 0.664523540488 1.27620520591 0.290655160882 48.4188217093 0
19 0.00172246408261 49.0065846784 1.25217524202 0.675944134214 1.32730668583 0.317471187405 48.4187956081 0
20 0.0017189037455 48.9698384357 1.20311007028 0.685456162776 1.37640580393 0.344705401503 48.418765222 0
21 0.00171714344275 48.9345234246 1.15596741146 0.693192550197 1.42358108044 0.372284025211 48.4187343647 0
22 0.00171813053372 48.9005829217 1.11067184104 0.699278587982 1.46890796214 0.400138490322 48.4187020663 0
23 0.00172523285707 48.8679625924 1.06715095458 0.703832187838 1.51245883792 0.428205219753 48.4186649746 0
24 0.00174085801793 48.8366104931 1.02533540141 0.706963863897 1.55430304585 0.456425642968 48.4186206947 0
25 0.00175849300328 48.8064764382 0.985158320125 0.708778928509 1.5945076458 0.484744633254 48.4185755411 0
26 0.00176980612488 48.7775124504 0.946555697501 0.70937598449 1.63313685644 0.513111565121 48.4185376399 0
27 0.00175387359817 48.7496716711 0.909465186832 0.708850321898 1.6702534429 0.541478006952 48.4185274967 0
28 0.00174249053387 48.722912258 0.87382999171 0.70728239007 1.70591365582 0.569805351978 48.4185138619 0
29 0.00175147723532 48.6971894722 0.839589859522 0.70476125748 1.74017749943 0.598049270323 48.4184811638 0
30 0.00174571183675 48.6724633744 0.806691659974 0.701362044957 1.77309872526 0.626174580681 48.4184639029 0
31 0.00173548999219 48.6486948628 0.775082632958 0.697157564095 1.80472997299 0.654147573067 48.4184519041 0
32 0.00173550945674 48.6258464265 0.744712022549 0.692216140845 1.83512179223 0.681937432669 48.4184306758 0
33 0.00173415594709 48.6038820554 0.715531479511 0.686601979774 1.86432275072 0.709515964802 48.4184116138 0
34 0.00173465922714 48.5827671847 0.687494329713 0.680375326134 1.89237950524 0.73685748914 48.4183915058 0
35 0.00173527858108 48.5624686182 0.660555787106 0.673592746936 1.91933689735 0.763938634909 48.418372037 0
36 0.00173496215398 48.5429544686 0.634672792268 0.666307329286 1.94523802892 0.79073820214 48.4183542167 0
37 0.00173316625926 48.5241941148 0.609803962633 0.658568828416 1.9701243167 0.817237056829 48.4183385544 0
38 0.0017316911774 48.5061582201 0.585909599294 0.650423680011 1.99403546231 0.843418099893 48.4183232472 0
39 0.00173237388577 48.488818592 0.562951534052 0.641915412755 2.01700963825 0.869265995245 48.4183064538 0
40 0.00173718204076 48.4721480963 0.540893016557 0.633084907451 2.03908359913 0.894766996211 48.4182862023 0
41 0.00174390095595 48.4561206904 0.519698807869 0.623970355218 2.06029263395 0.919908954423 48.4182646572 0
42 0.00174851302834 48.4407113483 0.499335052494 0.614607444545 2.08067066642 0.944681207192 48.4182457681 0
43 0.00174673677184 48.4258961636 0.479769395891 0.605029204141 2.10025011219 0.969074632305 48.4182337551 0
44 0.00174183980086 48.4116519816 0.460970422167 0.595266873002 2.1190623744 0.993081145378 48.4182253636 0
45 0.00174292783715 48.3979566541 0.44290801908 0.585349367546 2.13713749723 1.01669397832 48.4182115559 0
46 0.0017448457042 48.3847888836 0.4255533619 0.575303658532 2.15450437509 1.03990745787 48.4181974173 0
47 0.00174443966482 48.3721282163 0.408878744855 0.5651548221 2.17119076073 1.0627169616 48.4181860547 0
48 0.00174485283257 48.3599549891 0.392857476726 0.554926187872 2.18722333599 1.085118823 48.4181743345 0
49 0.0017455547716 48.3482503381 0.377463981275 0.54463935593 2.20262769906 1.10711030593 48.4181627649 0
50 0.00174598067353 48.3369961203 0.362673660207 0.534314395501 2.21742846965 1.1286894842 48.4181518895 0
51 0.00174660084408 48.3261749035 0.348462872722 0.523969896678 2.23164930154 1.14985519981 48.4181412249 0
52 0.00174910543306 48.315769925 0.334808877476 0.513623058943 2.24531293907 1.17060701609 48.418129078 0
53 0.00175341756858 48.3057650718 0.321689832039 0.503289798226 2.25844124142 1.19094512993 48.418115509 0
54 0.00175931638391 48.2961449609 0.309084885924 0.492984554206 2.27105507548 1.21087048492 48.4181007222 0
55 0.0017631528053 48.2868946873 0.296973861744 0.482720897086 2.28317465545 1.23038441564 48.41808833 0
56 0.0017611049974 48.2779999751 0.285337438227 0.472511173669 2.29481933918 1.24948885127 48.4180821176 0
57 0.00175267668283 48.2694470849 0.274157002555 0.462366759399 2.30600775191 1.26818615568 48.4180825689 0
58 0.00173918445515 48.2612228046 0.263414650405 0.452298047072 2.3167578003 1.28647914833 48.4180883648 0
59 0.00173038027115 48.2533145398 0.253093277715 0.442314354048 2.32708654721 1.30437110617 48.4180897948 0
60 0.00173671408054 48.2457100239 0.243176226672 0.432424416643 2.33701060822 1.32186555941 48.418076451 0
61 0.00174593701539 48.2383975688 0.233647749305 0.422636009482 2.34654580897 1.33896642173 48.4180605047 0
62 0.00174822192743 48.2313658896 0.224492630491 0.412956203692 2.35570742344 1.35567790675 48.4180517241 0
63 0.00175032920817 48.224603727 0.215695614146 0.403391577803 2.36451068464 1.37200469518 48.418043372 0
64 0.00175136240816 48.2181012042 0.207243356014 0.393947504921 2.37296894998 1.38795129083 48.4180363316 0
65 0.00175177551073 48.2118493514 0.199123736828 0.384628477742 2.38109434499 1.40352217085 48.4180301427 0
66 0.00175231498267 48.2058375458 0.191322406527 0.375439584691 2.38890122644 1.4187228695 48.418024052 0
67 0.00175344237281 48.2000558174 0.183825904409 0.366385228718 2.39640306242 1.43355895389 48.4180175908 0
68 0.00175510551483 48.1944959503 0.176623150045 0.357468453179 2.40361094161 1.44803559651 48.4180108028 0
69 0.00175687161813 48.1891493828 0.169702600585 0.348692266819 2.41053641644 1.46215835039 48.4180041114 0
70 0.00175789240876 48.1840080756 0.163053428434 0.340058967192 2.417190325 1.47593295716 48.4179983542 0
