Time S_a1 S_a2 I_a1 I_a2 R_a1 R_a2 V_a1 V_a2
0 50 50 1 0 0 0 0 0
1 46.3629772657 49.9555639438 2.07862513104 0.0436641995268 0.0592486924707 0.000771856627589 2.49914891083 0
2 41.9752242577 49.866403006 4.05450208824 0.129545859304 0.178232694891 0.00405113473828 4.79204095916 0
3 36.4601783867 49.7000169834 7.30942823583 0.287884770174 0.400778774318 0.0120982464472 6.82961460319 0
4 29.7249922066 49.4164420302 11.9443704515 0.555021877945 0.781702253792 0.0285360918607 8.54893508816 0
5 22.3246307345 48.9832470178 17.409700412 0.958422666208 1.36769984914 0.0583303160056 9.89796900432 0
6 15.3727835708 48.395704846 22.5867128658 1.49726315657 2.17056157417 0.107031997387 10.8699419892 0
7 9.8342970769 47.6829151541 26.4929229435 2.13761242149 3.1573407679 0.179472424445 11.5154392117 0
8 5.98477069655 46.8922182948 28.8284468183 2.8290621599 4.26879384292 0.278719545315 11.9179886422 0
9 3.54739789096 46.0685308656 29.8471558913 3.52561082277 5.445999108 0.405858311651 12.1594471097 0
10 2.08467590817 45.2441361723 29.9689949227 4.19545781268 6.64464843211 0.560406015017 12.301680737 0
11 1.22852139178 44.4385404684 29.5499615687 4.82056535044 7.83636231702 0.740894181177 12.3851547225 0
12 0.730855570029 43.6620889487 28.8300857117 5.39257029027 9.00467584323 0.945340761039 12.434382875 0
13 0.440529612849 42.9195023903 27.9550591587 5.90894092076 10.1407268132 1.17155668892 12.4636844153 0
14 0.269557235095 42.2123196331 27.0089787538 6.3703577224 11.2401487281 1.41732264454 12.481315283 0
15 0.167606392203 41.5403682713 26.0392201728 6.7791484233 12.3011385578 1.68048330535 12.4920348772 0
16 0.105954483765 40.9025987477 25.0721109139 7.13840728842 13.3233270595 1.95899396385 12.4986075428 0
17 0.0681295335662 40.2975412876 24.1220767813 7.45151815174 14.307138306 2.25094056063 12.5026553791 0
18 0.0445761591891 39.7235551395 23.1968536832 7.72189913207 15.2534258627 2.55454572838 12.5051442949 0
19 0.0297000942108 39.1789596175 22.3003736264 7.95287322124 16.1632705835 2.86816716123 12.5066556958 0
20 0.0201723152867 38.6621044661 21.4344188196 8.14760311265 17.037863095 3.19029242126 12.5075457702 0
21 0.0139904801738 38.1714042481 20.5995357122 8.30906383454 17.878438589 3.51953191734 12.5080352187 0
22 0.00992643075726 37.7053546673 19.7955717603 8.44003429491 18.6862383461 3.85461103774 12.5082634628 0
23 0.00722332386004 37.2625380255 19.0219686571 8.54309945251 19.4624890356 4.19436252203 12.5083189834 0
24 0.00540847236105 36.8416236003 18.2779425451 8.6206576163 20.2083901716 4.53771878337 12.5082588109 0
25 0.00417736598754 36.4413651972 17.5625949103 8.67493025183 20.9251069219 4.88370455093 12.5081208018 0
26 0.00333419823085 36.0605963603 16.8749684821 8.7079739503 21.6137673755 5.23142968936 12.5079299442 0
27 0.00275718931615 35.6982266983 16.2140794131 8.7216892741 22.2754610474 5.58008402762 12.5077023502 0
28 0.00236010591675 35.3532362181 15.5789524693 8.71783379261 22.9112376749 5.92892998931 12.5074497498 0
29 0.00208630096973 35.0246705681 14.9686252978 8.69803180992 23.5221082939 6.27729762198 12.5071801074 0
30 0.00189900534077 34.7116363784 14.3821562325 8.66378416663 24.1090460376 6.62457945497 12.5068987246 0
31 0.00177327185482 34.4132969965 13.81863051 8.61647725796 24.6729869057 6.9702257455 12.5066093124 0
32 0.00169129607373 34.1288682623 13.2771632219 8.55739184407 25.2148308692 7.31373989365 12.5063146128 0
33 0.00164116079049 33.857615343 12.7568993522 8.48770956242 25.7354429534 7.65467509462 12.5060165336 0
34 0.00161421665716 33.5988481754 12.2570145162 8.40852242456 26.2356547679 7.99262940002 12.5057164992 0
35 0.00160441202826 33.3519189167 11.7767145259 8.32083810658 26.7162655117 8.32724297674 12.5054155503 0
36 0.00160745517346 33.1162190247 11.3152349615 8.22558602842 27.1780431261 8.65819494691 12.5051144573 0
37 0.00162025582848 32.8911761121 10.8718403155 8.12362392566 27.621725632 8.98519996228 12.5048137966 0
38 0.00164054979867 32.6762515161 10.445823194 8.01574296071 28.0480222432 9.30800552318 12.504514013 0
39 0.00166671158351 32.4709379498 10.0365033329 7.90267265419 28.4576145101 9.62638939604 12.5042154455 0
40 0.00169755074589 32.2747580668 9.64322711677 7.78508389477 28.8511569746 9.94015803839 12.5039183578 0
41 0.00173220588635 32.0872625102 9.26536660495 7.66359312315 29.2292782299 10.2491443667 12.5036229593 0
42 0.00176997664869 31.9080261686 8.90231765604 7.53877032161 29.5925829313 10.5532035098 12.503329436 0
43 0.00180986594792 31.7366460353 8.5534994619 7.41114339356 29.9416526602 10.8522105712 12.5030380119 0
44 0.00185179559008 31.5727446339 8.2183545103 7.28119091031 30.2770449429 11.1460644558 12.5027487512 0
45 0.00189556310825 31.4159638579 7.89634673449 7.14935515341 30.5992959767 11.4346809887 12.5024617257 0
46 0.00194099965581 31.2659655063 7.5869611645 7.01604121411 30.9089208307 11.7179932796 12.5021770052 0
47 0.00198794546259 31.1224294396 7.28970295374 6.8816208366 31.2064144454 11.9959497238 12.5018946554 0
48 0.00203622703999 30.9850526371 7.00409667321 6.74643442072 31.4922523509 12.2685129422 12.5016147488 0
49 0.00208562937028 30.8535482763 6.72968561169 6.61079303137 31.7668913827 12.5356586923 12.5013373762 0
50 0.0021359337839 30.7276443447 6.46603088747 6.47498132341 32.0307705517 12.7973743319 12.501062627 0
51 0.00218713102612 30.6070833068 6.21271077601 6.33925816311 32.2843115628 13.0536585301 12.5007905302 0
52 0.00223922797706 30.4916205978 5.96931995069 6.20385992422 32.5279197127 13.304519478 12.5005211086 0
53 0.00229214979721 30.3810244784 5.73546916865 6.06900082827 32.7619842727 13.5499746933 12.5002544088 0
54 0.00234583498513 30.2750747172 5.51078433074 5.93487571615 32.9868793626 13.7900495666 12.4999904716 0
55 0.00240022891965 30.1735622861 5.2949060552 5.80166067129 33.2029643797 14.0247770426 12.4997293362 0
56 0.0024552665884 30.0762886714 5.08748908967 5.66951448558 33.4105845983 14.254196843 12.4994710454 0
57 0.00251087869403 29.9830650185 4.88820164065 5.53858047894 33.6100718387 14.4783545026 12.4992156419 0
58 0.00256704874202 29.8937120011 4.69672499909 5.40898672485 33.8017448038 14.697301274 12.4989631484 0
59 0.00262376590722 29.8080588232 4.51275282972 5.28084819412 33.9859098206 14.9110929827 12.4987135838 0
60 0.00268099530835 29.7259431372 4.3359909203 5.15426686918 34.1628611097 15.1197899936 12.4984669747 0
61 0.00273869310237 29.6472103466 4.16615656312 5.02933322303 34.3328813944 15.3234564304 12.4982233493 0
62 0.00279681985942 29.5717132164 4.00297811742 4.9061270059 34.4962423298 15.5221597777 12.4979827329 0
63 0.00285534357242 29.4993116176 3.84619465391 4.78471773706 34.6532048558 15.7159706454 12.4977451468 0
64 0.00291422780922 29.4298718892 3.69555538907 4.66516605427 34.8040197708 15.9049620566 12.4975106123 0
65 0.00297344251007 29.3632667782 3.55081945994 4.54752376281 34.9489279509 16.089209459 12.4972791466 0
66 0.00303296076292 29.2993748656 3.41175537991 4.43183504232 35.0881608957 16.2687900921 12.4970507636 0
67 0.0030927509937 29.2380804491 3.27814081116 4.31813662327 35.22194096 16.4437829277 12.4968254778 0
68 0.00315277973205 29.1792731487 3.14976213031 4.20645858998 35.350481787 16.6142682613 12.496603303 0
69 0.00321301469068 29.1228474925 3.02641398068 4.09682522668 35.4739887541 16.7803272809 12.4963842505 0
70 0.00327342274335 29.0687027516 2.90789901357 3.98925529716 35.5926592329 16.9420419513 12.4961683308 0
