Time S_a1 S_a2 I_a1 I_a2 R_a1 R_a2 V_a1 V_a2
0 50 50 1 0 0 0 0 0
1 18.70313594 49.9601120284 1.59948427244 0.0391597116442 0.0531809122426 0.00072826000255 30.6441988754 0
2 6.95014405227 49.9075420372 1.85846668254 0.0891817371024 0.123282196607 0.00327622570945 42.0681070686 0
3 2.57790675281 49.8506239606 1.91615111764 0.141485014486 0.199203121501 0.00789102489232 46.306739008 0
4 0.957274104212 49.7934502802 1.88986410331 0.191979907075 0.275484374607 0.0145698127654 47.8773774179 0
5 0.356954550279 49.7376067548 1.83353355869 0.239188086963 0.350005382212 0.0232051581892 48.4595065088 0
6 0.134471085623 49.6836257837 1.76807359897 0.282718551009 0.422050657901 0.0336556652597 48.6754046575 0
7 0.0519368530334 49.6316444078 1.70110196337 0.322581898608 0.491433079066 0.0457736935623 48.7555281045 0
8 0.0212862541834 49.5816582547 1.63529474511 0.358926461055 0.558155046428 0.0594152842931 48.7852639543 0
9 0.00989441378309 49.5336144522 1.57154328975 0.391942124893 0.62228431788 0.0744434229343 48.7962779786 0
10 0.00565412775623 49.4874449483 1.51010219783 0.421826150501 0.683909398614 0.0907289011813 48.8003342758 0
11 0.004080951349 49.4430783008 1.45100047006 0.44877136534 0.74312371205 0.108150333857 48.8017948665 0
12 0.00349740448743 49.4004438444 1.39418950151 0.472962227691 0.800019976399 0.126593927859 48.8022931176 0
13 0.00327645796763 49.3594730158 1.33959503336 0.494573972926 0.85468838765 0.14595301129 48.802440121 0
14 0.00319698413622 49.3200997975 1.28713551288 0.513772442208 0.90721599488 0.166127760275 48.8024515081 0
15 0.00316912819434 49.2822608019 1.23672937279 0.530714388097 0.957686558312 0.187024810019 48.8024149407 0
16 0.0031606397432 49.2458952661 1.18829697599 0.545547705023 1.00618053342 0.208557028902 48.8023618508 0
17 0.00315736442949 49.2109448645 1.14176134186 0.558412197384 1.05277529216 0.230642938113 48.8023060015 0
18 0.00315473190527 49.1773535579 1.09704818917 0.569440154276 1.09754529873 0.253206287815 48.8022517802 0
19 0.00315500702625 49.145067652 1.05408609202 0.578756226397 1.14056202448 0.276176121633 48.8021968765 0
20 0.00316045134939 49.1140356055 1.01280638346 0.58647813353 1.18189418144 0.299486260982 48.8021389838 0
21 0.00316805392282 49.0842079096 0.973143101754 0.592717129656 1.22160786599 0.323074960702 48.8020809783 0
22 0.00317367663551 49.0555371329 0.935032976055 0.59757792381 1.25976648999 0.346884943293 48.8020268573 0
23 0.00317066383784 49.0279779792 0.898415528138 0.601158482476 1.29643070917 0.37086353829 48.8019830989 0
24 0.00315511687464 49.0014866377 0.863232163387 0.603552298525 1.33165923125 0.394961063744 48.8019534885 0
25 0.00312502150469 48.9760215038 0.829427119255 0.604845990192 1.36550790558 0.419132506053 48.8019399537 0
26 0.00309332452747 48.9515421501 0.796945982265 0.605122786643 1.39803102371 0.443335063284 48.8019296695 0
27 0.00307713342528 48.9280099876 0.765736690641 0.60446031196 1.42928047891 0.46752970039 48.801905697 0
28 0.00310052530863 48.9053879056 0.735749092311 0.602931875324 1.45930620991 0.491680219047 48.8018441725 0
29 0.00315124375249 48.8836403862 0.706935567527 0.600606084298 1.48815606339 0.51575352951 48.8017571253 0
30 0.00317043027135 48.8627332524 0.679250820496 0.597547803197 1.51587610411 0.539718944369 48.8017026451 0
31 0.00317837941487 48.8426337001 0.652650399734 0.593817896232 1.54251058272 0.563548403708 48.8016606381 0
32 0.00318285992885 48.8233102335 0.627091753378 0.58947356285 1.56810201153 0.587216203681 48.8016233752 0
33 0.00318505607191 48.804732602 0.60253406093 0.584568554117 1.59269124598 0.610698843921 48.801589637 0
34 0.00318673655305 48.7868717612 0.578938104759 0.57915331931 1.61631753282 0.633974919528 48.8015576259 0
35 0.00318809231 48.7696998124 0.556266213085 0.573275215399 1.63901858811 0.657024972183 48.8015271065 0
36 0.00318937020781 48.7531899819 0.53448221799 0.566978611043 1.66083062201 0.679831407017 48.8014977898 0
37 0.00319087099154 48.7373165128 0.513551313261 0.560305212679 1.68178848118 0.702378274549 48.8014693346 0
38 0.00319298023825 48.7220546584 0.493440044879 0.553294067968 1.70192565797 0.724651273622 48.8014413169 0
39 0.0031958531312 48.7073806186 0.474116236102 0.545981873139 1.72127436818 0.746637508303 48.8014135426 0
40 0.00319962249667 48.6932717164 0.455549217507 0.538402416694 1.73986531896 0.768325866936 48.801385841 0
41 0.00320398640987 48.6797060692 0.437709393827 0.530587573554 1.75772814501 0.789706357199 48.8013584748 0
42 0.00320815723358 48.6666625476 0.42056819022 0.522567433289 1.77489146281 0.810770019111 48.8013321897 0
43 0.00321110205608 48.654120965 0.404098302878 0.514369744019 1.79138261759 0.831509290948 48.8013079775 0
44 0.00321125257945 48.6420618421 0.388273389645 0.50602067136 1.80722799368 0.851917486509 48.8012873641 0
45 0.00320673535435 48.6304661688 0.373067741463 0.497545192414 1.82245334383 0.871988638759 48.8012721794 0
46 0.00319710199156 48.6193171083 0.358458581064 0.48896336748 1.8370814731 0.891719524257 48.8012628438 0
47 0.00318154952684 48.608596342 0.344421130315 0.480298668209 1.85113719399 0.911104989764 48.8012601262 0
48 0.00317256697696 48.5982876916 0.330933433631 0.47156971133 1.8646424179 0.930142597021 48.8012515815 0
49 0.0031855075294 48.58837519 0.317973812768 0.462794743297 1.87761876669 0.948830066681 48.801221913 0
50 0.00321074993302 48.5788435335 0.305521633787 0.453990574875 1.89008696056 0.967165891653 48.8011806557 0
51 0.00322142706209 48.5696753439 0.293553540973 0.445175447649 1.90207052262 0.985149208427 48.8011545093 0
52 0.00320936359076 48.560864571 0.282061396027 0.436355600118 1.91357764191 1.0027798289 48.8011515985 0
53 0.00320064101792 48.5523891249 0.271015212466 0.427552919308 1.92463820895 1.02005795581 48.8011459376 0
54 0.00320416409621 48.5442391894 0.260401692702 0.418776345213 1.93526549902 1.03698446535 48.8011286442 0
55 0.00320382841367 48.5364028949 0.250204879175 0.410036519182 1.94547556338 1.05356058591 48.801115729 0
56 0.00319654708159 48.5288669094 0.240406783554 0.401345017982 1.95528642625 1.06978807264 48.8011102431 0
57 0.00319222302026 48.5216201141 0.230992358577 0.392710880158 1.96471311173 1.08566900579 48.8011023067 0
58 0.00319801821816 48.5146501144 0.221944857671 0.38414367813 1.97377236144 1.10120620744 48.8010847627 0
59 0.00321101921593 48.5079500145 0.213254993035 0.375648519933 1.98247348719 1.11640146559 48.8010605006 0
60 0.00321110523735 48.5015053322 0.204903315303 0.367235673889 1.99083603753 1.13125899394 48.8010495419 0
61 0.00320868244708 48.4953080114 0.196878933134 0.358910296827 1.99887087888 1.14578169178 48.8010415055 0
62 0.00321071514116 48.4893491962 0.189169896816 0.350677814371 2.00658995297 1.15997298941 48.8010294351 0
63 0.00322103001398 48.4836184432 0.181762132515 0.342544480087 2.01400733998 1.17383707676 48.8010094975 0
64 0.00323505476313 48.4781073154 0.174644306571 0.334514730565 2.02113440362 1.18737795399 48.800986235 0
65 0.00324659459103 48.4728074343 0.167805169548 0.32659281322 2.02798242664 1.20059975245 48.8009658092 0
66 0.00324437056177 48.4677056968 0.161227145587 0.318784403849 2.03456903597 1.21350989931 48.8009594479 0
67 0.00322681364679 48.462809169 0.15491973031 0.311086763084 2.04088473181 1.22610406794 48.8009687242 0
68 0.00320017348952 48.4580957914 0.148853275019 0.303508685627 2.04695917576 1.23839552295 48.8009873757 0
69 0.00320543720414 48.4535626688 0.143023799611 0.296050859198 2.05279625164 1.25038647201 48.8009745115 0
70 0.00321082550652 48.4492031968 0.137422530358 0.288715202418 2.05840482549 1.26208160077 48.8009618186 0
