Time S_a1 S_a2 I_a1 I_a2 R_a1 R_a2 V_a1 V_a2
0 50 50 1 0 0 0 0 0
1 33.1496153994 49.9575787842 1.85297569661 0.0416679689156 0.0565605199738 0.000753246855458 15.940848384 0
2 21.6676283792 49.8884848763 2.74409254666 0.107851838735 0.148730775721 0.00366328499432 26.4395482984 0
3 13.9761702894 49.7945852638 3.49207493055 0.19574222244 0.274128045341 0.0096725137471 33.2576267347 0
4 8.92377120685 49.6817023569 4.0184511129 0.298772907744 0.425102637301 0.0195247353136 37.632675043 0
5 5.66057530797 49.5565866672 4.33064289744 0.409733871354 0.592732267841 0.0336794614499 40.4160495268 0
6 3.57843379299 49.4250400172 4.47465301303 0.522631533595 0.769310824963 0.0523284491658 42.177602369 0
7 2.25986222378 49.2913248233 4.50133356001 0.633216731498 0.949145169881 0.0754584451869 43.2896590463 0
8 1.42812490926 49.158283127 4.4522070849 0.738798304662 1.12841240448 0.102918568308 43.9912556014 0
9 0.904232434996 49.0276835878 4.3569016349 0.837841610649 1.30471054049 0.134474801577 44.4341553896 0
10 0.574187722517 48.900560923 4.23508698264 0.929590641445 1.47661425538 0.169848435554 44.7141110395 0
11 0.366022535587 48.7774755557 4.09927916241 1.01378326528 1.64333299227 0.20874117902 44.8913653097 0
12 0.234500196725 48.6586921429 3.95723079068 1.09045708281 1.80447469229 0.250850774253 45.0037943203 0
13 0.151231561352 48.5442953764 3.81364899972 1.15982433818 1.95989182086 0.295880285416 45.0752276181 0
14 0.0983986390002 48.4342628051 3.6713384106 1.22219379837 2.10958407633 0.343543396559 45.1206788741 0
15 0.0648010174753 48.3285098439 3.53193202462 1.27792291432 2.25363794973 0.393567241788 45.1496290082 0
16 0.0433894178502 48.2269171257 3.39634600713 1.32738915137 2.39218977764 0.445693722949 45.1680747974 0
17 0.029713071901 48.1293471639 3.26506191397 1.37097289478 2.52540307422 0.49967994134 45.1798219399 0
18 0.0209639375973 48.0356542113 3.13829715663 1.40904768752 2.65345499945 0.555298101231 45.1872839063 0
19 0.0153573617781 47.945690326 3.01611218091 1.44197456065 2.77652792785 0.612335113397 45.1920025295 0
20 0.0117560285728 47.8593088174 2.89847422883 1.47009916492 2.89480457184 0.670592017707 45.1949651708 0
21 0.00944726478194 47.7763661073 2.78529391183 1.49375052702 3.00846527451 0.729883365732 45.1967935489 0
22 0.00796674903557 47.6967230582 2.67645256242 1.51324041533 3.1176860155 0.790036526426 45.197894673 0
23 0.00701368113081 47.6202454376 2.57181529308 1.52886356497 3.22263762234 0.850890997461 45.1985334035 0
24 0.00640204016472 47.5468040689 2.4712384426 1.54089820472 3.32348542049 0.912297726342 45.1988740967 0
25 0.00601177473074 47.4762749573 2.37457609881 1.5496065838 3.42038892567 0.974118458889 45.1990232008 0
26 0.00576431256493 47.408539222 2.28168326876 1.55523566012 3.51350181417 1.0362251179 45.1990506045 0
27 0.0056102155277 47.3434829601 2.19241734367 1.55801779052 3.60297200817 1.09849924938 45.1990004326 0
28 0.00551588446883 47.2809970883 2.10663963083 1.55817150478 3.68894178094 1.16083140689 45.1989027038 0
29 0.00545918893176 47.2209771332 2.02421566256 1.55590227057 3.77154794963 1.2231205962 45.1987771989 0
30 0.00542720954872 47.1633230431 1.94501532409 1.55140316549 3.85092205462 1.28527379139 45.1986354117 0
31 0.00541175084199 47.1079390132 1.86891313902 1.54485552658 3.92719052301 1.34720546021 45.1984845871 0
32 0.00540691985513 47.0547333134 1.79578833715 1.53642955698 4.00047483769 1.40883712962 45.1983299053 0
33 0.00540843626762 47.0036180709 1.72552470907 1.52628505407 4.07089175999 1.47009687507 45.1981750947 0
34 0.00541421450753 46.9545091202 1.65801041949 1.5145718955 4.13855348839 1.53091898427 45.1980218776 0
35 0.00542280146283 46.9073258346 1.59313795835 1.50143061443 4.20356783406 1.59124355099 45.1978714061 0
36 0.00543300942635 46.8619909693 1.53080400361 1.48699291421 4.26603838778 1.65101611654 45.1977245992 0
37 0.0054440351415 46.8184305002 1.47090924206 1.47138219266 4.32606469544 1.71018730713 45.1975820274 0
38 0.00545547014607 46.7765734633 1.41335819476 1.45471406076 4.38374243548 1.76871247596 45.1974438996 0
39 0.00546706116327 46.7363518357 1.35805910378 1.43709672564 4.43916354966 1.82655143869 45.1973102854 0
40 0.00547905623569 46.697700556 1.30492393512 1.41863092751 4.49241621904 1.88366851651 45.1971807896 0
41 0.0054915210939 46.6605572297 1.25386808303 1.39941088767 4.54358520072 1.94003188262 45.1970551952 0
42 0.00550405262713 46.6248619163 1.20481014755 1.37952499554 4.59275206858 1.99561308815 45.1969337312 0
43 0.00551649487521 46.5905570025 1.15767177438 1.35905622275 4.63999533961 2.05038677473 45.1968163911 0
44 0.00552847908694 46.5575873833 1.11237783403 1.33808148134 4.68539030266 2.1043311354 45.1967033842 0
45 0.00553937277999 46.5259003295 1.06885627509 1.31667204268 4.72900916835 2.15742762782 45.1965951838 0
46 0.00554834758662 46.4954451119 1.0270377275 1.29489478004 4.77092147515 2.20966010802 45.1964924498 0
47 0.00555549267962 46.4661731228 0.986855551937 1.2728117205 4.81119398558 2.26101515671 45.1963949698 0
48 0.00556160254742 46.4380377373 0.948245694649 1.25048048708 4.84989084119 2.31148177562 45.1963018616 0
49 0.00556778635936 46.4109941657 0.911146541919 1.22795477382 4.8870737264 2.36105106047 45.1962119453 0
50 0.00557482686226 46.3849994746 0.875498958512 1.20528424622 4.92280186666 2.40971627918 45.196124348 0
51 0.00558365226411 46.3600124541 0.841246113491 1.18251496012 4.95713217951 2.45747258583 45.1960380547 0
52 0.0055950962122 46.3359934583 0.808333294192 1.15968984449 4.99011946511 2.50431669717 45.1959521445 0
53 0.00560872584821 46.3129047197 0.776708307765 1.13684771532 5.02181603588 2.55024756503 45.1958669305 0
54 0.00562150755971 46.29070964 0.746320671154 1.11402541124 5.05227257815 2.59526494876 45.1957852431 0
55 0.00563053751814 46.2693732686 0.717122105394 1.09125637479 5.08153756678 2.63937035664 45.1957097903 0
56 0.00563584452683 46.2488620295 0.689066077799 1.06857139879 5.10965761642 2.68256657169 45.1956404613 0
57 0.00563705589766 46.2291436879 0.662107892141 1.04599876803 5.13667751188 2.72485754406 45.1955775401 0
58 0.00563635839382 46.210187254 0.636204491042 1.0235644972 5.16264033799 2.76624824884 45.1955188126 0
59 0.00563821356078 46.1919630079 0.611314489548 1.00129226297 5.18758744769 2.80674472918 45.1954598492 0
60 0.00564523934928 46.1744424356 0.587398201251 0.979203596289 5.21155854224 2.84635396813 45.1953980172 0
61 0.00565533303623 46.1575980728 0.564417517496 0.957318312738 5.23459187407 2.88508361442 45.1953352754 0
62 0.0056667836915 46.1414036629 0.542335965861 0.935654064643 5.25672404362 2.92294227249 45.1952732068 0
63 0.00567655423021 46.1258338646 0.521118353736 0.914227120179 5.27799038034 2.95993901523 45.1952147117 0
64 0.00567933059784 46.1108637646 0.500730123212 0.893052939413 5.29842563086 2.99608329602 45.1951649153 0
65 0.00568001127191 46.0964720042 0.481141394928 0.872141402078 5.31805962631 3.03138659369 45.1951189675 0
66 0.00567879064965 46.0826342651 0.462318317559 0.851507130602 5.33692628511 3.06585860433 45.1950766067 0
67 0.00568053010787 46.0693296588 0.444231676552 0.831159348119 5.35505478399 3.09951099308 45.1950330094 0
68 0.00568760044523 46.0565374568 0.42685255217 0.811107193027 5.37247407024 3.13235535018 45.1949857771 0
69 0.0056946945037 46.0442378173 0.410153388173 0.79135851312 5.38921185862 3.16440366956 45.1949400587 0
70 0.00569986586355 46.0324116574 0.394107617691 0.771920114179 5.40529480776 3.19566822839 45.1948977087 0
