Time S_a1 S_a2 I_a1 I_a2 R_a1 R_a2 V_a1 V_a2
0 50 50 1 0 0 0 0 0
1 39.449637981 49.9565951156 1.96057523178 0.0426424290965 0.0578728993423 0.00076245531802 9.53191388787 0
2 30.5569845095 49.8786667622 3.29161122609 0.117491156531 0.161846201102 0.00384208128501 16.9895580634 0
3 23.1220602678 49.7571178422 4.85045953765 0.232186373799 0.324275471093 0.0106957840224 22.7032047235 0
4 17.0591410832 49.5886499407 6.41644444185 0.388376723534 0.549969533969 0.0229733357611 26.974444941 0
5 12.2914371599 49.3766784873 7.78446864797 0.581066787302 0.834910714195 0.042254725377 30.0891834779 0
6 8.68602459822 49.1295917651 8.83409709303 0.800591072801 1.16843733842 0.0698171620641 32.3114409703 0
7 6.05301879187 48.8578180369 9.53970286505 1.03567298508 1.5370229022 0.106508977997 33.8702554409 0
8 4.18171946875 48.5713438399 9.93966715092 1.27591735693 1.92752745668 0.152738803159 34.9510859237 0
9 2.87673032557 48.278384552 10.0988385972 1.51307534666 2.32898659893 0.208540101339 35.6954444783 0
10 1.9773378332 47.985053065 10.0829750559 1.74128240078 2.73310692338 0.273664534211 36.2065801876 0
11 1.36134362452 47.6955783932 9.94710965691 1.95674944913 3.13403134855 0.34767215766 36.55751537 0
12 0.940398974623 47.4127156453 9.73289065099 2.15727944992 3.52783640451 0.43000490475 36.7988739699 0
13 0.652606990488 47.1381529731 9.47002660111 2.34180616084 3.9120179009 0.52004086608 36.9653485075 0
14 0.455398991891 46.872842623 9.1789579411 2.51002557052 4.28506528107 0.617131806508 37.0805777859 0
15 0.319796414757 46.6172447657 8.87342552705 2.66212732795 4.64614386653 0.720627906303 37.1606341917 0
16 0.226165316183 46.3714987171 8.56250440896 2.79860766011 4.99486919086 0.829893622739 37.216461084 0
17 0.16122093864 46.1355387695 8.25210311596 2.92014401787 5.33115235297 0.944317212613 37.2555235924 0
18 0.115961942476 45.9091714149 7.94601007084 3.0275123699 5.6550956384 1.06331621523 37.2829323483 0
19 0.0842739277875 45.6921262019 7.64660243821 3.12153356321 5.9669228318 1.18634023487 37.3022008022 0
20 0.0619820612713 45.4840892153 7.35532656743 3.2030387553 6.26693260713 1.31287202944 37.3157587642 0
21 0.046231826801 45.2847241328 7.07300966004 3.27284844917 6.55546856905 1.44242741803 37.3252899441 0
22 0.0350563608111 45.0936864145 6.80007462948 3.33175898088 6.83289859947 1.57455460458 37.3319704102 0
23 0.0270957667811 44.9106319559 6.53667792745 3.38053501264 7.09960180277 1.7088330315 37.336624503 0
24 0.0214067365159 44.7352225427 6.28280142109 3.41990544052 7.35595989408 1.84487201673 37.3398319483 0
25 0.0173271093296 44.567129394 6.03831645683 3.45056131133 7.60235127952 1.9823092947 37.3420051543 0
26 0.0143934254196 44.4060348903 5.80302232944 3.4731556363 7.83914774335 2.12080947336 37.3434365018 0
27 0.0122817981041 44.2516335635 5.57667301961 3.48830392322 8.06671222333 2.2600625133 37.344332959 0
28 0.0107617898529 44.1036326946 5.35899739904 3.49658504262 8.28539719185 2.39978226282 37.3448436193 0
29 0.00966707885914 43.9617523754 5.14971150398 3.49854259236 8.4955438615 2.53970503224 37.3450775557 0
30 0.00888096612252 43.825725155 4.94852486833 3.494686659 8.69748205266 2.67958818596 37.3451121129 0
31 0.00831958876168 43.6952957957 4.75514698592 3.48549535566 8.89152994281 2.81920884861 37.3450034825 0
32 0.00792221042146 43.5702208163 4.56929078101 3.47141657132 9.07799415613 2.95836261237 37.3447928524 0
33 0.00764270853189 43.4502681235 4.39067586036 3.45286942784 9.25716981837 3.09686244862 37.3445116127 0
34 0.00745096592679 43.3352163102 4.21902735551 3.43024612565 9.42934112904 3.2345375642 37.3441805495 0
35 0.0073243874388 43.2248543047 4.05407886809 3.40391335891 9.59478142214 3.3712323364 37.3438153223 0
36 0.00724609487064 43.1189809261 3.89557273359 3.37421362975 9.75375347055 3.50680544418 37.343427701 0
37 0.00720242864201 43.0174041881 3.74326031015 3.34146727327 9.90650998939 3.64112853862 37.3430272718 0
38 0.00718389951295 42.9199410794 3.59690155531 3.30597303071 10.0532938415 3.77408588992 37.3426207036 0
39 0.00718408974073 42.8264169106 3.45626494344 3.26800990698 10.1943385454 3.90557318243 37.3422124215 0
40 0.00719780955151 42.736664771 3.32112750739 3.22783874638 10.3298687093 4.03549648265 37.3418059737 0
41 0.00722234400332 42.6505259922 3.1912748473 3.18570089923 10.4600996648 4.16377310859 37.3414031439 0
42 0.00725456455514 42.5678485189 3.06650058393 3.14182286551 10.5852388254 4.29032861555 37.3410060261 0
43 0.00729186500438 42.4884874498 2.94660655297 3.09641475348 10.7054852338 4.41509779667 37.3406163482 0
44 0.00733251020618 42.4123042825 2.83140203062 3.04967232616 10.8210302683 4.53802339129 37.3402351909 0
45 0.00737519593814 42.3391666313 2.72070362049 3.00177780235 10.932057881 4.65905556631 37.3398633025 0
46 0.00741917814293 42.268948238 2.61433519464 2.95289981426 11.0387446193 4.7781519477 37.3395010079 0
47 0.00746404099345 42.2015280387 2.51212711707 2.90319597539 11.1412604902 4.89527598595 37.3391483517 0
48 0.00750963397157 42.1367907982 2.41391679837 2.85281113738 11.2397683782 5.01039806438 37.3388051894 0
49 0.00755533976366 42.074625765 2.31954756061 2.80188108676 11.3344253438 5.1234931482 37.3384717559 0
50 0.00760085151847 42.0149276397 2.22886941175 2.7505298713 11.4253816901 5.23454248895 37.3381480466 0
51 0.00764593344906 41.9575951947 2.14173770632 2.69887353891 11.5127823571 5.34353126642 37.3378340032 0
52 0.00769032060868 41.9025318552 2.05801376404 2.64701857949 11.596766319 5.45044956533 37.3375295963 0
53 0.00773375065327 41.8496452317 1.9775643699 2.59506317649 11.6774670819 5.5552915918 37.3372347976 0
54 0.00777634307046 41.7988469324 1.90026143909 2.54309766317 11.7550129458 5.65805540444 37.336949272 0
55 0.00781793850786 41.7500519081 1.82598156628 2.49120635585 11.8295275885 5.75874173609 37.3366729067 0
56 0.00785842257007 41.7031787495 1.75460619548 2.43946666675 11.901129828 5.85735458372 37.3364055539 0
57 0.00789800448651 41.6581501401 1.68602196074 2.38794778689 11.969933222 5.95390207305 37.3361468128 0
58 0.0079367565297 41.6148916298 1.62011959599 2.33671409757 12.0360472588 6.04839427258 37.3358963886 0
59 0.00797471234032 41.5733319484 1.55679415132 2.28582427526 12.0995771093 6.14084377635 37.335654027 0
60 0.00801183616464 41.5334028941 1.4959448519 2.23533157436 12.1606237694 6.23126553149 37.3354195426 0
61 0.00804803920522 41.4950390185 1.4374747913 2.18528465589 12.2192843716 6.31967632566 37.3351927979 0
62 0.0080832601065 41.4581776588 1.3812909007 2.13572743912 12.2756522008 6.40609490206 37.3349736384 0
63 0.00811744242633 41.4227587757 1.32730376515 2.08669952543 12.3298168805 6.49054169887 37.3347619119 0
64 0.00815048609875 41.3887247555 1.27542741476 2.03823672413 12.3818645893 6.57303852038 37.3345575098 0
65 0.00818242123448 41.3560204224 1.22557928725 1.99037093065 12.4318780822 6.653608647 37.3343602094 0
66 0.0082133865154 41.3245928832 1.17768004878 1.94313052832 12.4799368711 6.73227658851 37.3341696936 0
67 0.00824355497262 41.2943913686 1.13165341635 1.89654080849 12.5261174089 6.80906782295 37.3339856198 0
68 0.00827291694295 41.2653672782 1.0874261944 1.85062380216 12.570493075 6.88400891964 37.3338078137 0
69 0.00830151399246 41.2374739586 1.04492800561 1.80539884545 12.6131344214 6.95712719594 37.333636059 0
70 0.0083294130965 41.2106666164 1.00409117936 1.76088277823 12.6541092873 7.02845060538 37.3334701202 0
