Time S_a1 S_a2 I_a1 I_a2 R_a1 R_a2 V_a1 V_a2
0 50 50 1 0 0 0 0 0
1 38.0927098484 49.9568028995 1.93743073219 0.0424365684483 0.0575956775275 0.00076053206836 10.9122637418 0
2 28.5188516951 49.8808802704 3.16308993015 0.115316981064 0.158889044875 0.00380274849375 19.1591693299 0
3 20.912366664 49.7661563987 4.50273398259 0.223385719535 0.312174255319 0.0104578817212 25.2727250981 0
4 15.016862943 49.6125170779 5.75526313733 0.365354885385 0.517918600643 0.0221280367313 29.709955319 0
5 10.5883348774 49.425237799 6.77527441935 0.534709575904 0.76945325387 0.0400526250523 32.8669374494 0
6 7.36258418295 49.2126096617 7.50491417458 0.722243160143 1.05603648575 0.0651471781692 35.0764651567 0
7 5.07242932758 48.9834311705 7.95689226766 0.918619580833 1.36612861594 0.0979492487042 36.6045497888 0
8 3.47689906443 48.7453907458 8.18017517152 1.11596059221 1.68953578144 0.138648661974 37.6533899826 0
9 2.37903492119 48.5044464837 8.23224930397 1.30839373036 2.01826342491 0.187159785982 38.3704523499 0
10 1.62901558978 48.2648511039 8.1643859575 1.4919478029 2.34652194386 0.243201093247 38.8600765089 0
11 1.11831365793 48.0294561464 8.01672648879 1.66417969074 2.67035536911 0.30636416282 39.1946044842 0
12 0.770763900369 47.8000688524 7.81847418259 1.82376462842 2.9871894589 0.376166519218 39.4235724581 0
13 0.53394439989 47.5777621951 7.58995410091 1.97014868565 3.29543261792 0.452089119239 39.5806688813 0
14 0.372183215413 47.3631117642 7.3449095236 2.10328656258 3.59416743056 0.533601673269 39.6887398304 0
15 0.261342285381 47.1563651078 7.09245445958 2.22345584049 3.88292791656 0.620179051691 39.7632753385 0
16 0.185121873361 46.9575579404 6.83853864523 2.33113055908 4.16154522033 0.71131150054 39.8147942611 0
17 0.132512386388 46.7665920395 6.58698663835 2.42689726211 4.4300431456 0.80651069839 39.8504578297 0
18 0.0960623729932 46.5832868131 6.34021097643 2.51140010098 4.68856826413 0.905313085962 39.8751583864 0
19 0.0707151405485 46.4074129691 6.09969105104 2.58530562393 4.93734371747 1.00728140699 39.8922500909 0
20 0.0530247582549 46.2387145058 5.8662934376 2.64928036908 5.17663860806 1.1120051251 39.9040431961 0
21 0.0406409554052 46.0769226207 5.64047993339 2.7039772518 5.40674828899 1.21910012749 39.9121308222 0
22 0.031946626079 45.9217650611 5.42245130153 2.75002694095 5.62798080528 1.3282079979 39.9176212671 0
23 0.0258258682063 45.77297171 5.21223802141 2.78803328523 5.84064852165 1.43899500481 39.9212875887 0
24 0.0215122350311 45.6302779476 5.00975840839 2.81857103834 6.04506286003 1.55115101409 39.9236664965 0
25 0.0184697069628 45.4934270524 4.81486256804 2.84218466375 6.24153034185 1.66438828387 39.9251373831 0
26 0.0163223218819 45.3621713093 4.62735814132 2.85938844835 6.43035049252 1.77844024235 39.9259690443 0
27 0.0148092030036 45.2362724903 4.44702640446 2.8706672216 6.61181466871 1.8930602881 39.9263497238 0
28 0.0137467701813 45.115502144 4.27363497979 2.87647723773 6.78620517087 2.00802061829 39.9264130792 0
29 0.0130042806617 44.9996415484 4.1069458531 2.87724740548 6.95379485328 2.12311104613 39.926255013 0
30 0.0124941874261 44.8884815625 3.94671826173 2.873380147 7.11484707542 2.2381382905 39.9259404754 0
31 0.0121486253352 44.7818223731 3.79271589282 2.86525317523 7.26961549772 2.35292445167 39.9255199841 0
32 0.0119197086812 44.6794730671 3.64470640042 2.85322068724 7.41834444016 2.46730624562 39.9250294507 0
33 0.0117744094942 44.5812513418 3.50246282134 2.83761443812 7.56126903167 2.58113422004 39.9244937375 0
34 0.0116900067469 44.4869830633 3.36576462599 2.81874521907 7.69861549848 2.69427171767 39.9239298688 0
35 0.0116492779586 44.3965019217 3.23439856042 2.79690403718 7.83060139186 2.80659404109 39.9233507698 0
36 0.0116397053234 44.3096490695 3.10815861644 2.77236319929 7.95743588761 2.91798773116 39.9227657906 0
37 0.0116526242537 44.2262729059 2.98684608266 2.74537696909 8.07931995989 3.02835012498 39.9221813332 0
38 0.0116814054947 44.1462284585 2.87026947248 2.71618344104 8.19644690666 3.13758810047 39.9216022154 0
39 0.0117213979398 44.0693773563 2.75824451316 2.68500461671 8.3090023745 3.24561802703 39.9210317144 0
40 0.0117688940093 43.9955871674 2.65059378648 2.65204835142 8.41716495467 3.35236448121 39.9204723648 0
41 0.0118215081054 43.9247315211 2.54714674544 2.61750798891 8.52110608191 3.45776048996 39.9199256645 0
42 0.011877445552 43.8566894395 2.44773927719 2.58156431819 8.62099065085 3.56174624227 39.9193926264 0
43 0.0119354098927 43.7913452454 2.35221359645 2.54438583365 8.7169771192 3.66426892098 39.9188738745 0
44 0.0119944833439 43.7285884351 2.26041815681 2.50612910596 8.80921762641 3.76528245898 39.9183697334 0
45 0.0120539607311 43.6683131183 2.17220712414 2.46694038278 8.89785855486 3.86474649895 39.9178803603 0
46 0.012113349043 43.6104181199 2.08744048059 2.42695529994 8.98304042575 3.96262658014 39.9174057446 0
47 0.0121721797388 43.5548067713 2.00598385664 2.38629948751 9.06489810384 4.05889374122 39.9169458598 0
48 0.0122302831167 43.5013864726 1.927707961 2.34508979088 9.14356129905 4.15352373647 39.9165004568 0
49 0.0122871669303 43.4500683132 1.85248838461 2.30343539389 9.21915489534 4.24649629289 39.9160695531 0
50 0.0123420928435 43.400766929 1.78020543358 2.26143820157 9.29179910742 4.3377948694 39.9156533662 0
51 0.012395451767 43.3534012496 1.71074453428 2.21919055058 9.36160882792 4.42740819987 39.915251186 0
52 0.0124474701517 43.3078933616 1.64399539672 2.17677857625 9.42869470076 4.51532806217 39.9148624324 0
53 0.0124983808202 43.2641685558 1.57985198584 2.13428204316 9.49316311439 4.60154940103 39.9144865189 0
54 0.0125483555558 43.2221553983 1.51821253345 2.09177412341 9.55511618539 4.68607047827 39.9141229256 0
55 0.0125976354368 43.1817853378 1.45897916506 2.04932249933 9.61465212834 4.76889216283 39.9137710712 0
56 0.012646232736 43.1429926893 1.40205786229 2.00698938285 9.67186531258 4.85001792789 39.9134305924 0
57 0.0126936507642 43.1057145664 1.34735838345 1.96483167693 9.72684636004 4.92945375672 39.9131016057 0
58 0.0127391458484 43.0698906109 1.29479397557 1.92290175435 9.77968242102 5.00720763479 39.9127844576 0
59 0.0127824414189 43.0354629909 1.24428126709 1.88124737173 9.83045721309 5.08328963739 39.9124790784 0
60 0.0128238552649 43.0023762803 1.19574011234 1.8399119811 9.87925116507 5.15771173861 39.9121848673 0
61 0.0128637338948 42.9705772701 1.14909343845 1.79893528356 9.92614162111 5.23048744633 39.9119012065 0
62 0.0129023864925 42.9400149801 1.10426724453 1.75835315169 9.9712028592 5.30163186822 39.9116275098 0
63 0.0129402634509 42.9106405112 1.06119041344 1.71819801971 10.0145062607 5.37116146912 39.9113630624 0
64 0.0129780074441 42.8824069153 1.01979455033 1.67849922376 10.0561204626 5.43909386097 39.9111069796 0
65 0.0130152980116 42.8552692135 0.980014056782 1.63928290927 10.0961113583 5.5054478772 39.9108592869 0
66 0.0130514049854 42.8291842367 0.941785912912 1.60057246269 10.1345422832 5.57024330056 39.9106203989 0
67 0.0130854380873 42.8041105007 0.905049500631 1.56238881284 10.1714741741 5.63350068647 39.9103908872 0
68 0.0131174659669 42.7800083916 0.8697467405 1.5247499169 10.2069653542 5.6952416915 39.9101704393 0
69 0.013147747579 42.75683964 0.835821488491 1.48767208731 10.2410721886 5.75548827269 39.9099585753 0
70 0.0131765703934 42.7345676421 0.803219958552 1.45116919331 10.2738486799 5.81426316464 39.9097547912 0
