Time S_a1 S_a2 I_a1 I_a2 R_a1 R_a2 V_a1 V_a2
0 50 50 1 0 0 0 0 0
1 41.7555319568 49.9562464822 1.99990248573 0.0429878549384 0.0583380448835 0.000765662884394 7.18622751257 0
2 34.1747177968 49.8747665402 3.52498291503 0.121323305119 0.16705707561 0.00391015464282 13.1332422125 0
3 27.1865009304 49.7402909184 5.52946405852 0.248583129101 0.34681035396 0.0111259524854 17.9372246571 0
4 20.8922506544 49.5417632922 7.79760907805 0.433664839244 0.612980177812 0.0245718685265 21.6971600897 0
5 15.4828849293 49.2767168564 10.0106295384 0.676687044084 0.969867516684 0.0465960995623 24.5366180156 0
6 11.1016574148 48.9522420226 11.8820480839 0.968399117624 1.40921041284 0.0793588598244 26.6070840885 0
7 7.75513154443 48.58205494 13.2587885389 1.29343220462 1.91376847587 0.124512855361 28.0723114408 0
8 5.32117710415 48.1819564671 14.1293550372 1.63499087641 2.46312506337 0.183052656539 29.0863427953 0
9 3.61357095348 47.7662700968 14.5699511276 1.97839494806 3.03837294663 0.255334955162 29.7781049723 0
10 2.44351640602 47.3461968188 14.6856139251 2.31260324565 3.62439392222 0.34119993558 30.2464757467 0
11 1.65260983395 46.9296581078 14.5743231135 2.63022121434 4.2102066038 0.440120677888 30.5628604487 0
12 1.12130314613 46.5218455644 14.3134816955 2.92681799671 4.78835576236 0.551336438855 30.776859396 0
13 0.764797212542 46.1259343251 13.9590200323 3.20011086748 5.35404454678 0.673954807381 30.9221382084 0
14 0.525057360997 45.7437099809 13.5493274821 3.4492668954 5.90434650552 0.807023123712 31.0212686514 0
15 0.363135977229 45.3760407305 13.1099594796 3.67438385398 6.43759918878 0.949575415564 31.0893053544 0
16 0.253149895483 45.023207464 12.6575889576 3.87613045946 6.95297290416 1.1006620765 31.1362882428 0
17 0.17796288452 44.68512404 12.2029310859 4.05550844229 7.45017782629 1.25936751772 31.1689282033 0
18 0.126213821198 44.3614814447 11.7527850341 4.2136983501 7.92926888222 1.42482020517 31.1917322625 0
19 0.0903477785093 44.0518403555 11.3113894924 4.35196194607 8.39051811839 1.59619769841 31.2077446107 0
20 0.0653177762194 43.7556901107 10.8813165528 4.47158130172 8.8343314943 1.77272858762 31.2190341767 0
21 0.0477320271984 43.4724860752 10.4640564803 4.57382142563 9.26119468368 1.95369249919 31.2270168088 0
22 0.0352938670092 43.2016731406 10.0603990864 4.65990791525 9.6716377392 2.13841894415 31.2326693074 0
23 0.0264393887351 42.9426999979 9.67067873429 4.73101455711 10.0662125651 2.32628544494 31.2366693119 0
24 0.0201001429763 42.6950277322 9.29493278157 4.78825696569 10.4454783628 2.51671530216 31.2394887126 0
25 0.0155357433516 42.4581353156 8.93301182204 4.83268944015 10.8099915534 2.70917524429 31.2414608812 0
26 0.0122324045405 42.2315221581 8.58464600156 4.86530490525 11.1603000495 2.90317293666 31.2428215444 0
27 0.00983145504894 42.0147094341 8.24949075185 4.88703601663 11.496939409 3.09825454922 31.2437383841 0
28 0.00807901297357 41.8072405604 7.92715831177 4.89875704971 11.8204303453 3.2940023899 31.24433233 0
29 0.00679518651064 41.6086808949 7.61723673011 4.90128649684 12.1312775334 3.49003260823 31.24469055 0
30 0.00585336051691 41.4186171066 7.31930209615 4.89538987743 12.4299690306 3.68599301596 31.2448755127 0
31 0.00516202735393 41.2366565382 7.03292900258 4.88178243002 12.7169758181 3.88156103182 31.2449331519 0
32 0.00465453186088 41.0624263063 6.7576960187 4.86113195444 12.992751868 4.07644173925 31.2448975815 0
33 0.00428305306941 40.8955722931 6.49318882869 4.8340616877 13.2577344783 4.27036601923 31.24479364 0
34 0.00401288584122 40.7357582461 6.23900290451 4.80115289444 13.5123445672 4.46308885944 31.2446396424 0
35 0.00381853280695 40.5826647583 5.99474502154 4.76294765692 13.7569871461 4.65438758474 31.2444492995 0
36 0.00368022384222 40.4359885761 5.76003485161 4.71995081214 13.9920515928 4.84406061178 31.2442333318 0
37 0.00358363191502 40.2954413009 5.53450425045 4.67263322951 14.2179125239 5.03192546957 31.2439995938 0
38 0.00351970600804 40.1607493641 5.31779731115 4.62143188838 14.4349298071 5.21781874748 31.2437531757 0
39 0.00348044114588 40.031652127 5.10957130983 4.56675494188 14.6434496814 5.40159293115 31.2434985676 0
40 0.00346023006547 39.9079023119 4.90949626338 4.50898053958 14.8438045311 5.58311714856 31.2432389754 0
41 0.00345399946173 39.7892640749 4.71725447028 4.44846179282 15.036314206 5.76227413225 31.2429773243 0
42 0.00345818116581 39.6755136393 4.53254048988 4.38552512585 15.2212856167 5.93896123486 31.2427157123 0
43 0.0034702508668 39.5664373377 4.35505998707 4.32047524727 15.3990141942 6.11308741501 31.2424555678 0
44 0.0034885462056 39.4618322221 4.18453017743 4.25359362097 15.5697834471 6.28457415696 31.2421978292 0
45 0.0035114852241 39.3615044394 4.02067892607 4.18514261462 15.7338662104 6.45335294596 31.2419433783 0
46 0.0035382170935 39.2652702666 3.86324524421 4.11536285164 15.8915238678 6.61936688178 31.2416926709 0
47 0.00356757658122 39.1729534273 3.71197754653 4.04448006723 16.0430085207 6.78256650552 31.2414463562 0
48 0.00359880170517 39.0843868712 3.56663480442 3.97270055301 16.1885615498 6.94291257577 31.2412048441 0
49 0.00363131853081 38.9994104436 3.42698464418 3.90021703444 16.3284156271 7.10037252194 31.2409684102 0
50 0.00366475915929 38.9178720595 3.29280434934 3.82720571916 16.4627936906 7.2549222213 31.2407372009 0
51 0.0036988089069 38.8396260874 3.16387944568 3.75383035418 16.5919104224 7.40654355842 31.240511323 0
52 0.00373327273334 38.7645339539 3.04000423932 3.68024070977 16.7159716858 7.55522533636 31.2402908021 0
53 0.00376791661029 38.6924628383 2.92098059561 3.60657583424 16.8351757932 7.70096132748 31.2400756946 0
54 0.00380255971709 38.6232864321 2.80661864928 3.53296216049 16.9497127686 7.8437514074 31.2398660224 0
55 0.00383705318929 38.5568839854 2.69673586286 3.4595158615 17.0597652986 7.98360015309 31.2396617854 0
56 0.00387129676441 38.493139834 2.59115654046 3.38634401046 17.1655092152 8.12051615555 31.2394629476 0
57 0.0039051929337 38.4319437646 2.4897122263 3.31354369389 17.2671131095 8.25451254149 31.2392694712 0
58 0.00393868638639 38.3731904923 2.39224108018 3.24120326062 17.3647389437 8.38560624711 31.2390812898 0
59 0.00397173712026 38.3167791883 2.29858741154 3.16940348743 17.4585425256 8.51381732426 31.2388983257 0
60 0.00400425009001 38.262612849 2.20860112754 3.09821916422 17.548674085 8.63916798679 31.2387205374 0
61 0.00403620423117 38.2105993634 2.12213862152 3.0277162987 17.6352773409 8.76168433791 31.2385478334 0
62 0.00406760036037 38.1606507597 2.0390620525 2.95795400592 17.7184902398 8.88139523437 31.2383801073 0
63 0.00409841604808 38.1126825347 1.95923869588 2.88898618805 17.7984456201 8.99833127722 31.238217268 0
64 0.00412864438034 38.0666139845 1.88254115144 2.82086068369 17.8752709899 9.11252533177 31.2380592143 0
65 0.00415828032614 38.0223678225 1.80884697573 2.75362018236 17.9490888996 9.22401199518 31.2379058443 0
66 0.00418731612255 37.9798699798 1.7380384563 2.68730268613 18.0200171688 9.33282733404 31.2377570588 0
67 0.00421573721223 37.9390496588 1.67000259813 2.62194130054 18.0881688985 9.4390090407 31.2376127661 0
68 0.00424352264459 37.8998390002 1.60463077846 2.55756507073 18.1536528178 9.54259592909 31.2374728811 0
69 0.00427065066307 37.8621729716 1.54181859538 2.49419920795 18.2165734335 9.64362782041 31.2373373205 0
70 0.00429712842858 37.8259893787 1.48146582977 2.43186496029 18.2770310637 9.74214566102 31.2372059781 0
