Time S_a1 S_a2 I_a1 I_a2 R_a1 R_a2 V_a1 V_a2
0 50 50 1 0 0 0 0 0
1 18.1275140459 49.9602258526 1.58892107247 0.0390470594144 0.0530290646335 0.000727087964945 31.230535817 0
2 6.53066626741 49.9082331357 1.83107386035 0.0885059560014 0.122359541773 0.0032609082718 42.5159003305 0
3 2.34908235891 49.8523096894 1.87829519312 0.139859715062 0.196950800568 0.00783059551882 46.5756716474 0
4 0.846226107153 49.7963437227 1.84766984588 0.189234044945 0.271615480016 0.0144222323866 48.0344885669 0
5 0.306354996189 49.7417794192 1.79038199752 0.235295831331 0.344422060534 0.0229247494798 48.5588409458 0
6 0.112307966835 49.6890784698 1.72550784563 0.277724216978 0.414749794354 0.0331973132016 48.7474343932 0
7 0.04249162301 49.6383473977 1.65975127729 0.316557890642 0.482452669067 0.0450947116739 48.8153044306 0
8 0.017346598774 49.5895701449 1.5953824805 0.351953760303 0.547549006427 0.0584760947668 48.8397219143 0
9 0.00828372142823 49.5426902701 1.53312288283 0.384102019854 0.610111598476 0.0732077100725 48.8484817973 0
10 0.0050127138575 49.4976394682 1.47315890869 0.413196983663 0.670229515088 0.0891635481751 48.8515988624 0
11 0.00383591272703 49.4543473406 1.41549366582 0.439427378963 0.727994981334 0.106225280473 48.8526754401 0
12 0.00341251539216 49.4127447226 1.36006959872 0.462973287931 0.783498881424 0.124281989517 48.8530190045 0
13 0.0032574411545 49.3727646893 1.30681022638 0.484005596616 0.836829372114 0.143229714117 48.8531029604 0
14 0.00320439907973 49.3343428713 1.25563449761 0.50268596079 0.888071432516 0.162971167931 48.8530896708 0
15 0.00318677132601 49.2974174816 1.20646223745 0.519167164935 0.937306799553 0.183415353501 48.8530441917 0
16 0.00318210073115 49.2619293856 1.15921562638 0.533593064715 0.984613859945 0.204477549652 48.8529884129 0
17 0.00317909208469 49.2278215623 1.11381927571 0.546100501011 1.03006831897 0.226077936642 48.8529333132 0
18 0.00317678531401 49.1950394722 1.07020074829 0.556818135757 1.07374271957 0.248142392039 48.8528797468 0
19 0.00317885660116 49.163530866 1.02829045581 0.56586717873 1.11570667316 0.270601955315 48.8528240144 0
20 0.0031858885644 49.133245335 0.988021226658 0.573362915067 1.15602742635 0.293391749899 48.8527654584 0
21 0.00319428975583 49.1041347065 0.949328835877 0.579413508582 1.19476934201 0.316451784947 48.8527075324 0
22 0.00319845424503 49.0761528401 0.912151707771 0.584120673847 1.2319941564 0.339726486065 48.8526556816 0
23 0.00319181292156 49.0492554154 0.876430633497 0.587580446606 1.26776124225 0.363164138041 48.8526163113 0
24 0.00316863340001 49.0233999185 0.842108730179 0.589883287312 1.30212761631 0.386716794213 48.8525950201 0
25 0.00318720192215 48.9985456021 0.809130563494 0.5911141947 1.33514799738 0.410340203168 48.8525342372 0
26 0.00319226457611 48.9746531066 0.777444053819 0.591354150445 1.36687526904 0.433992742953 48.8524884126 0
27 0.00319861508549 48.9516847957 0.746998439632 0.590678862734 1.39736005913 0.457636341553 48.8524428861 0
28 0.0032001541356 48.9296045297 0.717745201453 0.589159641721 1.42665102334 0.481235828579 48.8524036211 0
29 0.00320253703887 48.9083776032 0.689637565114 0.586863603281 1.45479492302 0.504758793479 48.8523649748 0
30 0.00320410669958 48.8879707006 0.662630683625 0.583853862326 1.48183667982 0.528175437057 48.8523285299 0
31 0.00320557610444 48.8683518335 0.636681441587 0.580189754302 1.50781945409 0.551458412183 48.8522935282 0
32 0.00320669011248 48.8494902859 0.611748424895 0.575927047558 1.53278471398 0.57458266657 48.852260171 0
33 0.00320793915938 48.8313565245 0.587791784131 0.571118209263 1.55677235299 0.597525266225 48.8522279237 0
34 0.00321004441742 48.8139222048 0.564773255638 0.565812472257 1.57982067601 0.620265322913 48.8521960239 0
35 0.00321370591547 48.7971602205 0.542656227058 0.560055685871 1.6019663347 0.642784093587 48.8521637323 0
36 0.00321791178852 48.781044379 0.521405327695 0.553891326285 1.62324475386 0.665064294708 48.8521320067 0
37 0.00322087525622 48.7655495833 0.500986658621 0.547359960302 1.64368988989 0.687090456364 48.8521025762 0
38 0.00321928305954 48.7506515263 0.481367392115 0.540500113688 1.66333463739 0.708848360061 48.8520786874 0
39 0.00321329025487 48.7363276207 0.462516982331 0.5333459187 1.68220957642 0.730326460606 48.852060151 0
40 0.0032064272294 48.7225550548 0.444404558806 0.525932109831 1.7003455881 0.751512835361 48.8520434259 0
41 0.00321484897504 48.7093126309 0.427001336521 0.518289378998 1.71777137808 0.772397990106 48.8520124364 0
42 0.00321648584136 48.6965798096 0.410279693809 0.510446843008 1.73451476146 0.792973347363 48.8519890589 0
43 0.00321793433362 48.684336379 0.394212245434 0.502432318389 1.75060311157 0.813231302611 48.8519667087 0
44 0.00321923870605 48.6725640028 0.378774188729 0.49427028975 1.76606126169 0.833165707447 48.8519453109 0
45 0.003219904206 48.6612456499 0.363942488861 0.485982768272 1.78091227884 0.85277158182 48.8519253281 0
46 0.00322039491526 48.6503616855 0.349690583579 0.477594738736 1.79518275575 0.872043575767 48.8519062658 0
47 0.00322121526995 48.6398959709 0.335996644514 0.469125694556 1.80889454559 0.890978334571 48.8518875946 0
48 0.00322250082505 48.6298324672 0.322838982844 0.460594505253 1.82206936402 0.909573027552 48.8518691523 0
49 0.0032240274352 48.6201556142 0.310196561794 0.452018877871 1.83472827588 0.92782550788 48.8518511349 0
50 0.00322515382926 48.6108504962 0.298049220925 0.443415166549 1.84689147046 0.945734337258 48.8518341548 0
51 0.00322524541402 48.6019026836 0.286377460942 0.434798723216 1.85857847468 0.963298593183 48.851818819 0
52 0.00322359123894 48.5932984149 0.275162690443 0.426183515096 1.86980790641 0.980518069983 48.8518058119 0
53 0.00321916731726 48.5850245529 0.264387167153 0.417582207077 1.88059753465 0.99739324007 48.8517961309 0
54 0.00321101653148 48.577068242 0.254033533678 0.409007015103 1.89096474185 1.01392474293 48.8517907079 0
55 0.0031979237584 48.5694173468 0.244085411963 0.400468672465 1.90092593074 1.03011398074 48.8517907335 0
56 0.00320869039839 48.5620601878 0.234526927409 0.391977066398 1.91049688372 1.04596274579 48.8517674985 0
57 0.00322267660351 48.5549853235 0.225342725469 0.383541759363 1.91969305685 1.06147291713 48.8517415411 0
58 0.00322466870951 48.5481819031 0.216518232467 0.375171150628 1.92852910068 1.07664694624 48.8517279981 0
59 0.00322886309923 48.5416394758 0.208039306737 0.366872948354 1.93701912058 1.09148757586 48.8517127096 0
60 0.00322848330571 48.5353478936 0.199892299879 0.358654225305 1.94517680682 1.10599788106 48.85170241 0
61 0.00322951261575 48.5292976637 0.192064406429 0.350521222581 1.95301496036 1.1201811137 48.8516911206 0
62 0.00322984036086 48.5234792347 0.184542776673 0.342479833056 1.96054645446 1.13404093221 48.8516809285 0
63 0.00323034590934 48.5178845419 0.177316557914 0.334534660133 1.96778215291 1.14758079792 48.8516709433 0
64 0.00323069535442 48.5125045583 0.170373610653 0.326690611316 1.9747342118 1.16080483036 48.8516614822 0
65 0.00323059405611 48.5073303024 0.163701861247 0.318952330022 1.98141472113 1.17371736755 48.8516528236 0
66 0.00322992494723 48.5023544129 0.157291424288 0.311323034358 1.98783357922 1.18632255271 48.8516450715 0
67 0.0032287531804 48.4975691912 0.151131962238 0.303806040192 1.99400113668 1.1986247686 48.8516381479 0
68 0.00322748604403 48.4929673912 0.145213753375 0.296403997808 1.99992712666 1.21062861102 48.8516316339 0
69 0.00322661787596 48.4885419169 0.139527279937 0.289119377741 2.00562107805 1.22233870536 48.8516250241 0
70 0.00322687269676 48.4842860128 0.134063486811 0.281954191428 2.0110920561 1.2337597958 48.8516175844 0
