Time S_a1 S_a2 I_a1 I_a2 R_a1 R_a2 V_a1 V_a2
0 50 50 1 0 0 0 0 0
1 47.5152502254 49.9553959474 2.09836038629 0.0438306882419 0.0594728380786 0.000773364402728 1.32691655025 0
2 44.0431222926 49.8641817241 4.20157874073 0.131730712104 0.181201220012 0.00408756374817 2.57409774668 0
3 39.011006098 49.6882892794 7.86555469703 0.299342089178 0.416503012389 0.0123686313942 3.70693619256 0
4 32.1039194707 49.3764869779 13.383042428 0.593784759111 0.83558690382 0.0297282630019 4.6774511975 0
5 23.9082340916 48.8829023724 20.1474478176 1.05498506972 1.50428391404 0.0621125578322 5.44003417679 0
6 15.980252942 48.1980306248 26.5971422864 1.68556029251 2.44310937798 0.116409082674 5.97949539364 0
7 9.75548818518 47.3609618172 31.3117300246 2.44041345683 3.60835978308 0.198624725926 6.32442200711 0
8 5.61667733547 46.4357650054 33.934706747 3.25184389255 4.91979007409 0.312391102 6.52882584345 0
9 3.14435423048 45.4801901536 34.9097928221 4.06107734338 6.30111916163 0.458732503023 6.64473378575 0
10 1.74870900713 44.5326726433 34.8432210718 4.83058805037 7.69876637216 0.636739306343 6.70930354887 0
11 0.978516979229 43.6143920387 34.1953248035 5.5412185095 9.08090792324 0.844389451794 6.74525029407 0
12 0.554704727156 42.7353458028 33.2493831564 6.18550464859 10.4304719886 1.07914954858 6.76544012777 0
13 0.319656140116 41.8992661549 32.1643746316 6.76240381742 11.7390351216 1.33833002766 6.77693410664 0
14 0.18754634078 41.1066316626 31.0259493844 7.27409650886 13.0029269453 1.61927182849 6.78357732946 0
15 0.112088359502 40.3563232628 29.8794238984 7.72423989802 14.2210126993 1.91943683918 6.7874750428 0
16 0.0682470132535 39.6464881937 28.7484671418 8.11706507512 15.393493554 2.23644673119 6.78979229091 0
17 0.0423245732773 38.974984477 27.6452289309 8.4569196974 16.5212623694 2.56809582557 6.79118412638 0
18 0.0267324401391 38.3396032189 26.5756808533 8.74804607665 17.6055623897 2.91235070449 6.79202431687 0
19 0.0171937099656 37.7381793096 25.5424740143 8.99447699782 18.6478021322 3.26734369254 6.79253014353 0
20 0.0112630136137 37.1686427602 24.5464506336 9.19999379547 19.649456518 3.63136344435 6.79282983483 0
21 0.00751379933065 36.6290408242 23.5874734191 9.36811457988 20.6120122145 4.00284459589 6.79300056712 0
22 0.00511170793948 36.1175438757 22.6648601213 9.5020987445 21.5369391794 4.38035737976 6.79308899139 0
23 0.00354938651478 35.6324448225 21.7776529657 9.60495776598 22.4256732304 4.7625974115 6.79312441737 0
24 0.00251779745699 35.1721530202 20.9247481855 9.67947123233 23.2796087938 5.14837574751 6.79312522327 0
25 0.00183135344909 34.735188274 20.1049708796 9.72820093155 24.1000949256 5.53661079442 6.79310284143 0
26 0.00136784686413 34.3201730082 19.3171343666 9.75350794103 24.8884327411 5.92631905078 6.79306504537 0
27 0.00105089203272 33.9258246979 18.5600561943 9.7575675869 25.6458760629 6.31660771518 6.79301685085 0
28 0.000832848325452 33.5509486892 17.8325736813 9.74238380083 26.3736320033 6.70666750993 6.79296146716 0
29 0.000681653447792 33.1944315371 17.1335555481 9.70980246 27.0728616661 7.09576600293 6.7929011324 0
30 0.000576438352773 32.8552350012 16.4619046693 9.66152312335 27.7446815397 7.48324187543 6.79283735267 0
31 0.00050317986333 32.5323898928 15.8165606587 9.59911117352 28.3901649887 7.86849893371 6.79277117275 0
32 0.000452333179496 32.2249908711 15.1965006331 9.52400805669 29.0103437056 8.25100107219 6.79270332809 0
33 0.000417410346884 31.9321915996 14.6007390424 9.43754084338 29.6062092115 8.63026755706 6.79263433577 0
34 0.000393993819529 31.6532002901 14.0283271129 9.34093105998 30.1787143338 9.00586864989 6.79256455948 0
35 0.000378950457851 31.3872753034 13.4783520131 9.23530345158 30.7287747695 9.37742124501 6.792494267 0
36 0.000370130887212 31.1337215646 12.9499357525 9.12169312362 31.2572704668 9.74458531179 6.7924236498 0
37 0.000366021219016 30.8918890666 12.4422349723 9.00104855572 31.7650461574 10.1070623777 6.79235284901 0
38 0.000365631466529 30.6611667406 11.9544383288 8.87424409343 32.2529140688 10.464589166 6.79228197095 0
39 0.000367369394894 30.4409776975 11.4857660047 8.74208930661 32.721655464 10.8169329959 6.79221116195 0
40 0.000370938643677 30.2307831131 11.0354686257 8.60532122562 33.1720199739 11.1638956613 6.79214046171 0
41 0.000376175966451 30.030075404 10.6028258653 8.46461802914 33.6047280688 11.5053065669 6.79206988988 0
42 0.000382886669101 29.8383769688 10.1871456582 8.32060190683 34.0204719853 11.8410211243 6.7919994698 0
43 0.000390893374934 29.6552378428 9.78776302024 8.1738437737 34.4199168636 12.1709183835 6.79192922275 0
44 0.000399966653028 29.4802340346 9.40403911561 8.02486666529 34.8037017368 12.4948993001 6.79185918089 0
45 0.000409753041424 29.3129657622 9.03536029551 7.87414941522 35.1724405529 12.8128848226 6.79178939852 0
46 0.000420007427365 29.1530556832 8.68113684715 7.72213018742 35.5267232311 13.1248141293 6.79171991429 0
47 0.000430803389079 29.0001477043 8.34080190653 7.56920888883 35.8671165666 13.4306434069 6.79165072344 0
48 0.000442194971249 28.8539051609 8.01381077684 7.41575098789 36.1941652043 13.7303438512 6.79158182386 0
49 0.000454084378795 28.7140101458 7.69964036536 7.26208896494 36.5083923154 14.0239008892 6.79151323481 0
50 0.00046640515491 28.5801617674 7.39778798809 7.10852581999 36.8103006352 14.3113124126 6.79144497151 0
51 0.000479107690722 28.4520754902 7.1077707211 6.95533644456 37.1003731217 14.5925880652 6.79137704953 0
52 0.000492129117504 28.329481742 6.82912452331 6.80277049565 37.3790738615 14.8677477624 6.79130948609 0
53 0.000505486125064 28.2121253641 6.56140353567 6.65105350565 37.6468486939 15.1368211302 6.7912422843 0
54 0.000519200922398 28.0997643696 6.30417930554 6.50038944733 37.9041260472 15.3998461831 6.79117544637 0
55 0.000533241623316 27.9921694902 6.05704030612 6.35096165115 38.1513174678 15.6568688587 6.79110898442 0
56 0.000547580433761 27.889123096 5.81959107823 6.20293502036 38.3888184315 15.9079418836 6.79104290979 0
57 0.00056221125358 27.7904187942 5.59145170991 6.05645682275 38.6170088486 16.1531243831 6.7909772302 0
58 0.000577124229508 27.6958605024 5.37225712854 5.91165859298 38.8362537933 16.3924809046 6.79091195396 0
59 0.000592314925321 27.6052620959 5.1616566292 5.76865681427 39.0469039679 16.6260810898 6.79084708801 0
60 0.000607781651354 27.5184466392 4.95931321618 5.6275544853 39.2492963635 16.8539988755 6.79078263864 0
61 0.000623515247391 27.4352461093 4.76490320892 5.48844163934 39.443754662 17.0763122513 6.79071861381 0
62 0.000639509656551 27.3555005031 4.57811549067 5.35139717647 39.630589979 17.2931023204 6.79065502063 0
63 0.000655757942745 27.2790574285 4.39865103736 5.2164896614 39.8101013385 17.5044529101 6.7905918662 0
64 0.000672254781087 27.2057720467 4.22622267941 5.08377733219 39.9825759084 17.7104506212 6.79052915737 0
65 0.000688994098539 27.1355065874 4.06055456617 4.95330907317 40.1482895387 17.9111843394 6.79046690103 0
66 0.000705967936909 27.0681300433 3.9013817407 4.82512499251 40.3075071873 18.1067449642 6.79040510411 0
67 0.000723168928232 27.0035175518 3.74844960556 4.69925767152 40.4604834522 18.2972247767 6.79034377331 0
68 0.000740592903334 26.9415496085 3.60151330354 4.57573378755 40.607463189 18.482716604 6.79028291458 0
69 0.000758236389267 26.8821127092 3.46033776259 4.4545726282 40.7486814677 18.6633146626 6.79022253332 0
70 0.000776097752528 26.8250987544 3.32469717929 4.33578729407 40.8843640887 18.8391139516 6.79016263422 0
