Time S_a1 S_a2 I_a1 I_a2 R_a1 R_a2 V_a1 V_a2
0 50 50 1 0 0 0 0 0
1 28.3801402126 49.9583622516 1.77088598514 0.0408920166339 0.0555152688813 0.000745731724673 20.7934585334 0
2 15.926005238 49.8952248882 2.40309762997 0.101241848346 0.13972894945 0.00353326343308 32.5311681826 0
3 8.86495092127 49.8166813186 2.80043601329 0.174304121054 0.24457359794 0.00901456038482 39.0900394675 0
4 4.91290185722 49.729507838 2.99513094745 0.252941218979 0.361050262045 0.0175509429812 42.7309169333 0
5 2.71872611816 49.6387973849 3.05372773064 0.331948769101 0.482376343167 0.0292538459733 44.745169808 0
6 1.50546316688 49.5477408135 3.0320258539 0.408189878122 0.60428700416 0.0440693083743 45.8582239751 0
7 0.835562696901 49.4581386156 2.96670354508 0.480011659511 0.724363551342 0.0618497249095 46.4733702067 0
8 0.465649605561 49.3709299522 2.87940380041 0.546668882356 0.841334421786 0.0824011654491 46.8136121722 0
9 0.261201967477 49.2865613565 2.78221154164 0.607927503531 0.954586336418 0.105511139944 47.0020001545 0
10 0.148056915345 49.2052096418 2.68166292322 0.663826511645 1.06386790334 0.130963846551 47.1064122581 0
11 0.0853511364228 49.1269080605 2.58121122027 0.714543796339 1.16912139686 0.158548143139 47.1643162464 0
12 0.0505399602336 49.0516154929 2.48263643368 0.760323009726 1.27039023525 0.188061497386 47.1964333708 0
13 0.0311906608411 48.9792534922 2.38681857347 0.801434759073 1.36776927776 0.219311748724 47.2142214879 0
14 0.020415852438 48.9097262393 2.29416073398 0.838156021474 1.46137794683 0.252117739212 47.2240454668 0
15 0.0144168322811 48.8429308472 2.2048112048 0.870759820567 1.55134627371 0.286309332201 47.2294256892 0
16 0.0110696518823 48.7787630011 2.1187873452 0.899509859648 1.63780720375 0.32172713926 47.2323357992 0
17 0.00920788416759 48.7171196201 2.03603682432 0.92465828893 1.72089291594 0.35822209093 47.2338623756 0
18 0.00817391827891 48.6579003705 1.95647376978 0.946444667772 1.80073269333 0.395654961734 47.2346196186 0
19 0.0075951196968 48.6010082432 1.87999652313 0.965096012774 1.87745205412 0.433895743979 47.234956303 0
20 0.00727885984494 48.5463500117 1.80649604512 0.980826281658 1.95117210386 0.472823706632 47.2350529912 0
21 0.00710686892421 48.4938359735 1.73586267828 0.993838020497 2.02200975059 0.512326005986 47.2350207022 0
22 0.00701407718146 48.4433800784 1.66798782051 1.00432219882 2.09007751232 0.552297722825 47.23492059 0
23 0.00696529317188 48.3948999306 1.60276558677 1.0124584731 2.1554834658 0.592641596284 47.2347856543 0
24 0.00694296508249 48.3483159335 1.54009251432 1.01841792532 2.21833226896 0.633266141232 47.2346322516 0
25 0.00693649083382 48.3035525427 1.47986971184 1.02235945852 2.2787235874 0.674087998815 47.2344702099 0
26 0.00693785302824 48.2605371519 1.42200176388 1.02443323787 2.33675344492 0.715029610272 47.2343069382 0
27 0.006943899018 48.2192000756 1.36639667001 1.02478085659 2.39251421904 0.756019067805 47.2341452119 0
28 0.00695452585421 48.1794747347 1.31296615397 1.02353483007 2.44609440413 0.796990435239 47.233984916 0
29 0.00696581761174 48.1412969668 1.26162516025 1.02082082965 2.49757943341 0.837882203552 47.2338295887 0
30 0.00697541736527 48.10460537 1.21229203368 1.01675662301 2.54705125123 0.878638007016 47.2336812977 0
31 0.00698219455933 48.0693410858 1.16488829525 1.0114527938 2.5945885663 0.919206120403 47.2335409439 0
32 0.00698896073057 48.0354476206 1.11933835412 1.00501336855 2.64026706111 0.959539010844 47.233405624 0
33 0.00699832025397 48.002870795 1.07556959482 0.997536004056 2.68415944917 0.999593200906 47.2332726358 0
34 0.0070120655887 47.9715586357 1.03351227963 0.989112372043 2.72633559948 1.0393289923 47.2331400553 0
35 0.00703377554245 47.9414613776 0.993099459318 0.979828142709 2.7668625335 1.07871047969 47.2330042316 0
36 0.00705633367166 47.912531258 0.95426707125 0.969763732923 2.80580467101 1.11770500906 47.2328719241 0
37 0.00706434251531 47.8847223669 0.916953706437 0.958994829174 2.84322400031 1.15628280394 47.2327579507 0
38 0.00704230468934 47.857990511 0.881100236791 0.94759284168 2.87918023485 1.1944166473 47.2326772237 0
39 0.00705331787194 47.8322934177 0.846647897663 0.935623807732 2.91373062415 1.23208277461 47.2325681603 0
40 0.00705405109183 47.8075906074 0.813543071443 0.923149570554 2.94693003446 1.269259822 47.232472843 0
41 0.00706336116468 47.7838431245 0.781732569024 0.910228102056 2.9788313226 1.30592877345 47.2323727472 0
42 0.00706653895311 47.7610136089 0.751166141516 0.896913560504 3.00948522635 1.34207283058 47.2322820932 0
43 0.00707637678357 47.7390661612 0.721794821399 0.883256546701 3.0389405467 1.37767729214 47.2321882551 0
44 0.00708227555098 47.7179663447 0.693572115007 0.869304239708 3.06724413456 1.4127294156 47.2321014749 0
45 0.00708738136214 47.6976810776 0.666453030128 0.855100644535 3.09444103361 1.44721827791 47.2320185549 0
46 0.00709330612019 47.67817862 0.640394401454 0.84068669539 3.12057449137 1.48113468459 47.2319378011 0
47 0.00709824354733 47.6594284759 0.615354795765 0.826100529991 3.14568608763 1.51447099409 47.2318608731 0
48 0.00710330253658 47.6414013353 0.59129431341 0.811377653915 3.16981580818 1.5472210108 47.2317865759 0
49 0.0071085477322 47.6240690651 0.568174655438 0.796551007725 3.19300205405 1.57937992722 47.2317147428 0
50 0.00711349550629 47.6074046661 0.545959058245 0.781651106063 3.21528169654 1.61094422784 47.2316457497 0
51 0.00711817568155 47.5913821796 0.524612151474 0.76670627724 3.23669020116 1.64191154317 47.2315794717 0
52 0.0071227273715 47.5759766782 0.504099956066 0.751742719247 3.25726163696 1.67228060256 47.2315156796 0
53 0.00712714839803 47.5611642518 0.484389871052 0.736784570649 3.27702869373 1.70205117757 47.2314542868 0
54 0.00713138763727 47.5469218182 0.465450417583 0.721854324852 3.29602293698 1.73122385692 47.2313952578 0
55 0.00713543152089 47.533227323 0.447251510595 0.70697248746 3.31427453429 1.75980018955 47.2313385236 0
56 0.00713929175049 47.5200594909 0.429764122692 0.69215806639 3.3318125925 1.78778244272 47.2312839931 0
57 0.00714298777783 47.507397999 0.412960518087 0.677428220565 3.34866492336 1.81517378045 47.2312315708 0
58 0.00714655917378 47.4952231283 0.396813789417 0.662799128009 3.36485850795 1.84197774373 47.2311811435 0
59 0.00715006150821 47.4835162214 0.381298470531 0.648284929523 3.38041888215 1.86819884905 47.2311325858 0
60 0.00715351821338 47.4722592758 0.366389989086 0.633898662064 3.39537068613 1.89384206218 47.2310858066 0
61 0.00715690081761 47.4614347545 0.352064412923 0.619652691693 3.40973791881 1.91891255385 47.2310407675 0
62 0.00716018511506 47.4510260058 0.33829901437 0.605557759616 3.42354337141 1.94341623461 47.2309974291 0
63 0.0071633049496 47.441016932 0.32507182811 0.591623796085 3.43680907103 1.96735927187 47.2309557959 0
64 0.007166171923 47.431392126 0.31236183207 0.577859563317 3.44955609926 1.99074831065 47.2309158967 0
65 0.00716874525254 47.4221367878 0.300148835012 0.564272871151 3.46180470415 2.013590341 47.2308777156 0
66 0.00717110297693 47.41323662 0.288413335023 0.550870849816 3.47357444138 2.03589253015 47.2308411206 0
67 0.00717329966066 47.4046779818 0.277136728195 0.537659547982 3.48488396647 2.05766247026 47.2308060057 0
68 0.00717541690421 47.3964476525 0.266300989272 0.524644527431 3.49575135484 2.07890782003 47.230772239 0
69 0.0071775741895 47.388532984 0.255888876636 0.511830486644 3.5061938958 2.09963652937 47.2307396534 0
70 0.00717995011041 47.380921863 0.245883882486 0.499221355198 3.51622814235 2.11985678185 47.2307080251 0
