Time S_a1 S_a2 I_a1 I_a2 R_a1 R_a2 V_a1 V_a2
0 50 50 1 0 0 0 0 0
1 31.2427000955 49.9578873546 1.82025529398 0.0413623351415 0.0561488429294 0.000750310275365 17.8808957676 0
2 19.2685391494 49.891244022 2.60096761575 0.105145131583 0.145045542707 0.0036108464 28.9854476921 0
3 11.753435562 49.8039622729 3.18803750455 0.186638654259 0.261584087922 0.00939907279999 35.7969428455 0
4 7.11573236081 49.7026115942 3.55165699453 0.278705880569 0.39707901839 0.0186825252192 39.9355316263 0
5 4.29015496215 49.5934213575 3.73162017631 0.374829871293 0.543262666166 0.0317487712064 42.4349621954 0
6 2.58253711867 49.4810631509 3.7837681362 0.470277746278 0.693909469762 0.048659102796 43.9397852754 0
7 1.55497467871 49.3686157216 3.75526413486 0.562062701221 0.84489543705 0.0693215771691 44.8448657494 0
8 0.937670918984 49.2579459795 3.67923673245 0.648501551557 0.993702322953 0.09355246891 45.3893900256 0
9 0.566838674556 49.1501121967 3.57693847241 0.728768612961 1.13888776353 0.121119190342 45.7173350895 0
10 0.343857692243 49.0456691437 3.46133384193 0.802563323436 1.27968228217 0.151767532824 45.9151261836 0
11 0.209578697439 48.9448706265 3.34009494706 0.869891409653 1.41572072985 0.185237963866 46.0346056257 0
12 0.128575586287 48.8477953108 3.21766375967 0.930929745194 1.5468748178 0.221274944007 46.1068858362 0
13 0.0796161362881 48.7544223615 3.09656076853 0.985945614408 1.67315206217 0.25963202408 46.150671033 0
14 0.0499681348525 48.6646758231 2.97817745538 1.03524974757 1.79463624672 0.300074429285 46.177218163 0
15 0.0319794946691 48.5784505386 2.86324898024 1.07916925349 1.91145248303 0.342380207875 46.1933190421 0
16 0.02104608459 48.4956270428 2.75213052037 1.11803240508 2.02374701858 0.386340552165 46.2030763765 0
17 0.0143931258843 48.416080102 2.64495853564 1.1521602359 2.13167556475 0.431759662126 46.2089727737 0
18 0.0103343019757 48.3396836405 2.54174647927 1.18186201071 2.23539649125 0.478454348752 46.2125227275 0
19 0.0078635048161 48.2663132519 2.44243591556 1.20743321821 2.33506729353 0.526253529916 46.2146332861 0
20 0.00635661470757 48.1958478775 2.34693197948 1.2291544725 2.43084218051 0.574997649988 46.2158692253 0
21 0.00543410402287 48.1281704228 2.25511961003 1.24729149948 2.52287112222 0.624538077707 46.2165751637 0
22 0.00487205406016 48.0631680645 2.16687362626 1.26209542425 2.61129932379 0.674736511291 46.2169549959 0
23 0.00452984095094 48.0007324245 2.08206612918 1.27380318478 2.69626688436 0.725464390688 46.2171371455 0
24 0.00432447294332 47.9407595194 2.00056909783 1.282638074 2.7779087875 0.776602406654 46.2171976417 0
25 0.00420191254888 47.8831496725 1.9222570993 1.28881043637 2.85635492334 0.828039891124 46.2171860648 0
26 0.0041289853795 47.8278073614 1.84700788595 1.29251829606 2.93173022764 0.879674342548 46.217132901 0
27 0.00408722776505 47.7746410563 1.77470285365 1.29394799965 3.00415483235 0.93141094404 46.2170550862 0
28 0.0040650811373 47.723563072 1.70522751351 1.29327481833 3.07374420499 0.983162109711 46.2169632004 0
29 0.00405469525304 47.6744894055 1.63847158123 1.2906635408 3.14060931221 1.03484705371 46.2168644113 0
30 0.00405130580583 47.6273395722 1.57432887444 1.28626904591 3.20485679206 1.0863913819 46.2167630277 0
31 0.00405244500794 47.5820364503 1.51269721666 1.28023684265 3.26658911835 1.13772670705 46.21666122 0
32 0.00405631111755 47.5385060882 1.45347833942 1.27270374115 3.32590480706 1.18879017068 46.2165605424 0
33 0.00406184557227 47.496677618 1.39657778546 1.26379814252 3.38289851063 1.23952423947 46.2164618583 0
34 0.00406897010479 47.4564833229 1.34190496045 1.25363981088 3.43766094719 1.28987686618 46.2163651223 0
35 0.00407674755369 47.4178579511 1.28937250533 1.24234221771 3.49027965298 1.33979983123 46.2162710941 0
36 0.00408478782981 47.3807392405 1.23889677774 1.2300107462 3.5408384062 1.38925001334 46.2161800282 0
37 0.00409248084505 47.3450672853 1.19039718779 1.21674482291 3.58941793756 1.43818789181 46.2160923938 0
38 0.0040991280005 47.3107847183 1.14379639736 1.20263730729 3.63609572419 1.48657797437 46.2160087504 0
39 0.00410456418418 47.2778365755 1.09902013368 1.18777492724 3.68094615024 1.5343884973 46.2159291519 0
40 0.0041093881369 47.2461699655 1.05599680681 1.17223937197 3.72404088389 1.58159066255 46.2158529212 0
41 0.00411425690724 47.2157344026 1.01465791577 1.15610619543 3.76544849758 1.62815940198 46.2157793297 0
42 0.00411963096865 47.1864811519 0.974937303825 1.13944696118 3.80523523212 1.67407188696 46.2157078331 0
43 0.00412621276181 47.1583637524 0.936771744803 1.12232752871 3.84346438379 1.71930871885 46.2156376586 0
44 0.00413385380851 47.1313374337 0.90010028838 1.10480994037 3.88019699868 1.7638526259 46.2155688591 0
45 0.00414197075863 47.1053592874 0.864864453066 1.08695186931 3.9154916665 1.80768884327 46.2155019097 0
46 0.0041495161262 47.0803881808 0.831008126428 1.068806902 3.94940462282 1.85080491722 46.2154377346 0
47 0.00415568726411 47.0563846624 0.798477395602 1.05042479499 3.98198988082 1.89319054258 46.2153770363 0
48 0.00415936702888 47.0333107775 0.76722036203 1.03185209242 4.01329944281 1.93483713006 46.2153208281 0
49 0.00415885933773 47.0111299177 0.737186979729 1.01313261874 4.04338347518 1.97573746359 46.2152706858 0
50 0.00415484825228 46.9898071585 0.708329352973 0.994306297759 4.07228992669 2.01588654377 46.2152258721 0
51 0.00414975249771 46.9693090347 0.680601488674 0.975409891649 4.10006479411 2.05528107364 46.2151839647 0
52 0.00414690004381 46.9496032933 0.653959027807 0.956477816595 4.12675241384 2.09391889014 46.2151416583 0
53 0.00414879728441 46.9306590022 0.628359419891 0.93754176704 4.15239534677 2.13179923072 46.2150964361 0
54 0.00415751585957 46.9124464762 0.603761820504 0.91863094355 4.17703447034 2.16892258024 46.2150461933 0
55 0.0041760838953 46.8949371691 0.580126921507 0.899772381927 4.20070910582 2.20529044899 46.2149878888 0
56 0.00420288690206 46.8781036913 0.557417068423 0.880990877974 4.22345700601 2.24090543073 46.2149230387 0
57 0.00423064145021 46.8619197604 0.535596216651 0.862309132554 4.24531441868 2.27577110705 46.2148587232 0
58 0.00425207245592 46.8463600027 0.514629576896 0.843748331224 4.26631633831 2.30989166604 46.2148020123 0
59 0.00425535885287 46.8314004501 0.494484348694 0.825326730082 4.28649586579 2.34327281986 46.2147644267 0
60 0.00425496651514 46.817017526 0.475127747511 0.807062379154 4.3058855333 2.37592009488 46.2147317527 0
61 0.00425652451054 46.8031888786 0.456528832441 0.788970941095 4.32451621049 2.40784018028 46.2146984326 0
62 0.00425649730417 46.789893 0.438657971996 0.771066720219 4.34241760447 2.4390402798 46.2146679262 0
63 0.00423557055895 46.7771092663 0.421487064798 0.753362554867 4.35961821047 2.46952817888 46.2146591542 0
64 0.0042283003563 46.7648177824 0.404988107955 0.735870110287 4.3761455192 2.49931210729 46.2146380725 0
65 0.00422643899988 46.7529994567 0.389134901278 0.718599810408 4.39202591308 2.52840073289 46.2146127466 0
66 0.00422325711632 46.7416360538 0.373902383763 0.701560774596 4.40728459269 2.55680317156 46.2145897664 0
67 0.00422230506204 46.7307099135 0.359266139757 0.684761270703 4.4219459651 2.58452881583 46.2145655901 0
68 0.00422447780909 46.720204116 0.345202813087 0.668208489234 4.43603341348 2.61158739472 46.2145392956 0
69 0.00422598859952 46.7101023959 0.331690012467 0.651908704382 4.44956941608 2.63798889968 46.2145145829 0
70 0.00422688947981 46.7003891341 0.318706188959 0.635867303282 4.46257555603 2.6637435626 46.2144913655 0
