Time S_a1 S_a2 I_a1 I_a2 R_a1 R_a2 V_a1 V_a2
0 50 50 1 0 0 0 0 0
1 38.2701663788 49.9567755933 1.94045910535 0.0424636212791 0.0576321089128 0.000760785455628 10.7317424069 0
2 28.7812113968 49.8805940716 3.1795386764 0.115598064184 0.15927138607 0.00380786421591 18.8799785407 0
3 21.1928741362 49.7650086493 4.54618383189 0.224502964543 0.313710780395 0.0104883861341 24.9472312515 0
4 15.2734214782 49.6095390609 5.83606190687 0.368226084275 0.521916861929 0.0222348548552 29.368599753 0
5 10.8009862494 49.4192714543 6.89633590927 0.540401388208 0.777492225324 0.0403271575173 32.525185616 0
6 7.52748636394 49.2025375135 7.66211218282 0.731739948274 1.06966310557 0.0657225382514 34.7407383477 0
7 5.19466020185 48.9683411962 8.14216739508 0.932665339591 1.38663449628 0.0989934641756 36.2765379068 0
8 3.56479318069 48.7246397293 8.38464386041 1.13500658485 1.71786513368 0.140353685884 37.3326978252 0
9 2.44093614694 48.4776473843 8.44805750929 1.33262252861 2.05502180186 0.189730087111 38.0559845419 0
10 1.67192657662 48.2318250422 8.38538054583 1.52133094581 2.3920339518 0.246844011984 38.5506589257 0
11 1.14761798305 47.9901775649 8.23843675771 1.69853971005 2.72473385143 0.31128272509 38.8892114078 0
12 0.790407955865 47.7546176868 8.03781662411 1.8628277421 3.05039733685 0.3825545711 39.1213780832 0
13 0.54674675918 47.5262870418 7.80488942346 2.01358464289 3.36733144057 0.460128315266 39.2810323768 0
14 0.380131289168 47.305803353 7.55414467972 2.15073683309 3.67455299151 0.543459813874 39.3911710396 0
15 0.265830199946 47.0934380325 7.29521351381 2.27455260734 3.9715552767 0.632009360141 39.4674010095 0
16 0.187127528597 46.8892383954 7.03439708795 2.38550908825 4.25814589384 0.725252516367 39.5203294896 0
17 0.132723688368 46.6931097754 6.77575558855 2.48420365599 4.53433669756 0.822686568571 39.5571840255 0
18 0.0949654760911 46.5048699649 6.52185781502 2.57129593534 4.80027004363 0.923834099769 39.5829066653 0
19 0.0686556278727 46.3242848061 6.27428552747 2.64747052204 5.05616996307 1.02824467183 39.6008888816 0
20 0.0502498503668 46.1510914649 6.03397133717 2.71341321916 5.30230976619 1.13549531596 39.6134690463 0
21 0.0373284805093 45.9850131826 5.80141862204 2.76979655025 5.53899113381 1.24519026714 39.6222617636 0
22 0.0282255977861 45.8257691747 5.57685319384 2.81727058702 5.76652975723 1.35696023825 39.6283914511 0
23 0.0217903552579 45.6730805887 5.36031962674 2.85645801789 5.98524640551 1.4704613934 39.6326436125 0
24 0.0172310667855 45.5266740878 5.1517429137 2.88795168123 6.19546131211 1.58537423099 39.6355647074 0
25 0.0139938750635 45.3862843943 4.95097477669 2.91231325544 6.39748997816 1.70140235026 39.6375413701 0
26 0.0116897432607 45.2516554998 4.75782127278 2.93007331026 6.5916408957 1.81827118992 39.6388480883 0
27 0.010048211719 45.1225411893 4.57205990757 2.94173201928 6.77821428039 1.93572679146 39.6396776003 0
28 0.00887865501525 44.99870536 4.39345314309 2.94776005109 6.95750111 2.05353458893 39.6401670919 0
29 0.00804526000914 44.8799219863 4.22175690495 2.94859981746 7.12978269119 2.17147819625 39.6404151439 0
30 0.00745648657953 44.7659749675 4.05672387175 2.944666391 7.29533058618 2.28935864153 39.6404890555 0
31 0.00704178826628 44.6566578812 3.89811087728 2.93634927422 7.45440638267 2.4069928446 39.6404409518 0
32 0.0067511315263 44.5517735332 3.74567866441 2.92401368294 7.60726205247 2.52421278384 39.6403081516 0
33 0.00654993008726 44.4511336503 3.59919333037 2.90800166787 7.75414010851 2.64086468183 39.640116631 0
34 0.00641432852136 44.354558449 3.45842747704 2.88863356467 7.89527387403 2.75680798633 39.6398843204 0
35 0.00632610231123 44.261876253 3.32316117114 2.86620929566 8.03088772851 2.87191445132 39.639624998 0
36 0.00627199781795 44.1729231038 3.19318186819 2.84100951937 8.16119742921 2.98606737681 39.6393487048 0
37 0.00624304261392 44.0875426071 3.06828447796 2.8132961011 8.28641023221 3.09916129183 39.6390622472 0
38 0.0062320985902 44.0055851842 2.94827137748 2.78331437757 8.40672551284 3.21110043819 39.6387710111 0
39 0.00623422097387 43.926908139 2.83295236581 2.75129294603 8.52233471634 3.32179891499 39.6384786969 0
40 0.00624541325445 43.8513749005 2.72214429873 2.71744587937 8.63342202745 3.43117922017 39.6381882606 0
41 0.00626312141477 43.7788551958 2.61567111378 2.68197221385 8.74016422789 3.53917259032 39.6379015369 0
42 0.00628543975736 43.7092243238 2.5133633749 2.64505806394 8.84273135829 3.64571761231 39.6376198271 0
43 0.00631097401872 43.6423630716 2.41505817691 2.60687685584 8.94128681354 3.7507600726 39.6373440355 0
44 0.00633872345818 43.5781575888 2.32059906142 2.56758969482 9.035987459 3.85425271643 39.6370747561 0
45 0.00636791275194 43.5164988082 2.22983547872 2.52734700972 9.1269842057 3.95615418213 39.6368124028 0
46 0.00639798395835 43.4572825101 2.14262285466 2.48628837256 9.21442194494 4.05642911738 39.6365572164 0
47 0.00642839595544 43.4004091486 2.0588224645 2.44454300262 9.29843971508 4.15504784876 39.6363094245 0
48 0.00645895544544 43.3457833975 1.97830083375 2.40223102666 9.37917122038 4.25198557587 39.6360689904 0
49 0.00648914869603 43.2933137458 1.90092953393 2.35946466441 9.45674518073 4.3472215898 39.6358361366 0
50 0.0065181736914 43.2429123337 1.8265850065 2.31634867652 9.53128550665 4.44073898975 39.6356113132 0
51 0.0065464174735 43.194495735 1.75514896196 2.27297797779 9.60291062306 4.53252628723 39.6353939975 0
52 0.00657411277051 43.1479837981 1.6865075509 2.22944105143 9.67173455449 4.62257515043 39.6351837818 0
53 0.00660148630747 43.1032996751 1.6205513182 2.18581983453 9.73786693709 4.71088049035 39.6349802584 0
54 0.00662867290995 43.0603698994 1.55717521812 2.14218947961 9.80141299901 4.79744062099 39.63478311 0
55 0.00665586798445 43.0191239815 1.49627823145 2.09861948205 9.86247393887 4.88225653646 39.6345919617 0
56 0.00668303879937 42.9794943911 1.43776332388 2.05517370205 9.92114698554 4.96533190681 39.6344066518 0
57 0.00670967320791 42.9414164841 1.38153735755 2.01191054174 9.97752550282 5.04667297413 39.6342274664 0
58 0.00673500130075 42.904828225 1.32751080213 1.96888373795 10.03169927 5.126288037 39.6340549265 0
59 0.00675876564839 42.8696701867 1.2755976182 1.92614226941 10.0837545226 5.20418754389 39.6338890936 0
60 0.00678129505276 42.8358854185 1.22571509567 1.88373070106 10.1337741063 5.28038388043 39.633729503 0
61 0.0068029724082 42.8034192575 1.17778369905 1.84168973323 10.1818376823 5.35489100924 39.6335756462 0
62 0.00682407067777 42.7722193417 1.13172707612 1.80005612096 10.2280217446 5.4277245373 39.6334271086 0
63 0.0068449866292 42.7422354496 1.08747185039 1.75886309729 10.2723998028 5.49890145307 39.6332833602 0
64 0.00686626822969 42.7134193733 1.04494746466 1.71814070102 10.3150425313 5.56843992571 39.6331437358 0
65 0.00688754092076 42.685724935 1.00408624832 1.67791568685 10.3560177733 5.63635937813 39.6330084374 0
66 0.0069080604824 42.6591078166 0.964823187457 1.63821198839 10.395390738 5.70268019499 39.6328780141 0
67 0.00692693001363 42.6335254796 0.92709580532 1.5990509036 10.4332241041 5.76742361676 39.6327531605 0
68 0.00694441653286 42.6089371502 0.890844024695 1.56045106701 10.4695780626 5.83061178279 39.6326334961 0
69 0.00696070829333 42.585303671 0.856010088102 1.52242886627 10.5045104849 5.89226746275 39.6325187187 0
70 0.00697616600283 42.5625874584 0.822538480968 1.48499851867 10.5380769871 5.95241402295 39.6324083659 0
