Time S I R
1 997 3 0
2 995.462094182 4.39124179562 0.146664022757
3 993.216158902 6.42258348639 0.361257611525
4 989.942286951 9.38277418144 0.674938867872
5 985.182853577 13.6843341168 1.13281230645
6 978.290818315 19.9093963003 1.79978538444
7 968.366994202 28.8645476735 2.76845812421
8 954.193580459 41.6371284421 4.16929109882
9 934.184326598 59.6329256532 6.18274774898
10 906.393742487 84.5543127134 9.05194479915
11 868.657143354 118.250728488 13.0921281585
12 818.95228207 162.357550088 18.6901678414
13 756.038735569 217.676922772 26.2843416594
14 680.283710393 283.400897697 36.3153919103
15 594.329270206 356.522167849 49.1485619446
16 503.08268351 431.933110249 64.984206241
17 412.731220414 503.477236192 83.7915433941
18 329.119416779 565.581873576 105.298709645
19 256.330248424 614.623839312 129.045912263
20 196.133542616 649.390079247 154.476378137
21 148.314563932 670.658442876 181.026993192
22 111.431032523 680.376711721 208.192255756
23 83.5458842769 680.898902499 235.555213224
24 62.7215327528 674.485688651 262.792778597
25 47.2684726639 663.06509858 289.666428756
26 35.8230612608 648.169793535 316.007145204
27 27.334783796 630.965308058 341.699908146
28 21.0169899176 612.312838834 366.670171248
29 16.2904816738 592.836514338 390.873003989
30 12.7325135844 572.982698632 414.284787784
31 10.035722124 553.067205895 436.897071981
32 7.97677709036 533.31113328 458.71208963
33 6.39302667018 513.867466276 479.739507053
34 5.16555991116 494.84034191 499.994098179
35 4.20708786404 476.29882611 519.494086026
36 3.45304583301 458.287031352 538.259922815
37 2.85547357499 440.831069347 556.313457078
38 2.37851853664 423.944165047 573.677316416
39 1.99519499426 407.630340971 590.374464035
40 1.68505876914 391.88705583 606.4278854
41 1.43244342195 376.707200695 621.860355883
42 1.2253790948 362.080315225 636.69430568
43 1.05463022929 347.993671103 650.951698668
44 0.912997089588 334.433052347 664.653950564
45 0.794839999088 321.383276482 677.821883519
46 0.695726568482 308.828573724 690.475699707
47 0.612156933899 296.752881302 702.634961764
48 0.541360790639 285.140051983 714.318587226
49 0.481033238493 273.974133431 725.54483333
50 0.429418377269 263.239245671 736.331335951
51 0.385038608168 252.919869641 746.695091751
52 0.346733724666 243.000780386 756.652485889
53 0.313521181834 233.467183678 766.21929514
54 0.284616162803 224.304672433 775.410711404
55 0.259354872375 215.499290467 784.241354661
56 0.237197583104 207.037504057 792.72529836
57 0.217700702211 198.906227641 800.876071657
58 0.200478904049 191.092821229 808.706699867
59 0.185227551066 183.585064646 816.229707803
60 0.171676087369 176.371188243 823.45713567
61 0.1595819282 169.439879003 830.400539069
62 0.148750166781 162.780180544 837.071069289
63 0.139026613326 156.381539341 843.479434045
64 0.130291271011 150.233845982 849.635862747
65 0.122422200412 144.32732656 855.550251239
66 0.115304335668 138.652561163 861.232134502
67 0.108860065245 133.200547971 866.690591963
68 0.103014216998 127.962594369 871.934391414
69 0.0976901251993 122.930301824 876.972008051
70 0.0928350702269 118.095663656 881.811501274
71 0.0884017739784 113.450966625 886.460631601
72 0.0843382444951 108.988716721 890.926945034
73 0.0806110377495 104.701809151 895.217579811
74 0.077188946937 100.583397035 899.339414018
75 0.0740396112267 96.6268456816 903.299114707
76 0.0711366735234 92.8258145811 907.103048745
77 0.0684543458477 89.1742040526 910.757341602
78 0.0659739441908 85.6661642595 914.267861796
79 0.0636796018881 82.2960694097 917.640250988
80 0.0615515324304 79.0584838168 920.879964651
81 0.0595688371361 75.9481644092 923.992266754
82 0.0577212463339 72.9601314998 926.982147254
83 0.0559997077193 70.0895999569 929.854400335
84 0.0543961871529 67.3319713189 932.613632494
85 0.0529003008363 64.6828060985 935.264293601
86 0.0515024444805 62.137836945 937.810660611
87 0.0501935792203 59.6929610136 940.256845407
88 0.0489672610069 57.344249336 942.606783403
89 0.047817381494 55.0879238021 944.864258816
90 0.0467382243286 52.9203520548 947.032909721
91 0.0457245103983 50.8380466985 949.116228791
92 0.0447714199257 48.8376559331 951.117572647
93 0.0438745269686 46.9159582718 953.040167201
94 0.0430298804041 45.069861119 954.887109001
95 0.0422338056344 43.2963916115 956.661374583
96 0.0414828880178 41.5926922616 958.36582485
97 0.0407740937474 39.9560208559 960.00320505
98 0.0401046081304 38.3837416844 961.576153707
99 0.0394718086183 36.8733212667 963.087206925
100 0.0388733329462 35.4223285651 964.538798102
