Time S I R
1 997 3 0
2 995.462094182 4.39124179557 0.146664022751
3 993.216158902 6.42258348626 0.361257611507
4 989.942286951 9.38277418116 0.674938867834
5 985.182853577 13.6843341162 1.13281230638
6 978.290818316 19.9093962993 1.79978538431
7 968.366994204 28.8645476718 2.768458124
8 954.193580462 41.6371284394 4.16929109846
9 934.184326603 59.6329256488 6.1827477484
10 906.393742495 84.5543127066 9.05194479824
11 868.657143365 118.250728478 13.0921281571
12 818.952282087 162.357550074 18.6901678393
13 756.038735591 217.676922753 26.2843416563
14 680.283710421 283.400897673 36.315391906
15 594.329270239 356.522167822 49.1485619388
16 503.082683546 431.933110221 64.9842062334
17 412.731220451 503.477236165 83.7915433846
18 329.119416814 565.581873552 105.298709634
19 256.330248456 614.623839294 129.04591225
20 196.133542643 649.390079235 154.476378122
21 148.314563954 670.65844287 181.026993176
22 111.43103254 680.376711721 208.192255739
23 83.5458842906 680.898902504 235.555213206
24 62.7215327634 674.485688659 262.792778578
25 47.2684726721 663.065098592 289.666428736
26 35.823061267 648.169793549 316.007145184
27 27.3347838007 630.965308073 341.699908126
28 21.0169899213 612.312838851 366.670171227
29 16.2904816766 592.836514356 390.873003968
30 12.7325135866 572.982698651 414.284787762
31 10.0357221257 553.067205915 436.897071959
32 7.97677709172 533.3111333 458.712089609
33 6.39302667125 513.867466297 479.739507032
34 5.16555991201 494.84034193 499.994098158
35 4.20708786472 476.298826131 519.494086005
36 3.45304583356 458.287031373 538.259922794
37 2.85547357544 440.831069368 556.313457057
38 2.378518537 423.944165068 573.677316395
39 1.99519499456 407.630340991 590.374464015
40 1.68505876938 391.887055851 606.42788538
41 1.43244342215 376.707200715 621.860355863
42 1.22537909496 362.080315245 636.69430566
43 1.05463022943 347.993671122 650.951698648
44 0.912997089704 334.433052366 664.653950544
45 0.794839999186 321.383276501 677.8218835
46 0.695726568565 308.828573743 690.475699688
47 0.612156933968 296.75288132 702.634961746
48 0.541360790698 285.140052002 714.318587208
49 0.481033238544 273.974133449 725.544833312
50 0.429418377312 263.239245689 736.331335934
51 0.385038608205 252.919869659 746.695091733
52 0.346733724698 243.000780403 756.652485872
53 0.313521181861 233.467183695 766.219295123
54 0.284616162827 224.30467245 775.410711388
55 0.259354872395 215.499290483 784.241354644
56 0.237197583122 207.037504073 792.725298344
57 0.217700702227 198.906227657 800.876071641
58 0.200478904062 191.092821245 808.706699851
59 0.185227551077 183.585064661 816.229707788
60 0.171676087379 176.371188257 823.457135655
61 0.159581928209 169.439879017 830.400539055
62 0.148750166789 162.780180558 837.071069275
63 0.139026613332 156.381539355 843.479434032
64 0.130291271017 150.233845995 849.635862734
65 0.122422200417 144.327326573 855.550251226
66 0.115304335672 138.652561175 861.232134489
67 0.108860065248 133.200547984 866.690591951
68 0.103014217001 127.962594381 871.934391402
69 0.0976901252018 122.930301836 876.972008039
70 0.0928350702288 118.095663667 881.811501262
71 0.0884017739801 113.450966636 886.46063159
72 0.0843382444963 108.988716732 890.926945023
73 0.0806110377504 104.701809162 895.217579801
74 0.0771889469377 100.583397046 899.339414007
75 0.0740396112269 96.6268456918 903.299114697
76 0.0711366735234 92.825814591 907.103048735
77 0.0684543458476 89.1742040623 910.757341592
78 0.0659739441904 85.6661642689 914.267861787
79 0.0636796018875 82.2960694189 917.640250979
80 0.0615515324296 79.0584838258 920.879964642
81 0.0595688371354 75.9481644179 923.992266745
82 0.0577212463331 72.9601315083 926.982147245
83 0.0559997077183 70.0895999652 929.854400327
84 0.0543961871517 67.331971327 932.613632486
85 0.0529003008349 64.6828061064 935.264293593
86 0.0515024444792 62.1378369526 937.810660603
87 0.0501935792188 59.6929610211 940.2568454
88 0.0489672610054 57.3442493432 942.606783396
89 0.0478173814925 55.0879238092 944.864258809
90 0.0467382243268 52.9203520616 947.032909714
91 0.0457245103966 50.8380467052 949.116228784
92 0.0447714199238 48.8376559395 951.117572641
93 0.0438745269666 46.915958278 953.040167195
94 0.0430298804022 45.0698611251 954.887108995
95 0.0422338056323 43.2963916174 956.661374577
96 0.0414828880156 41.5926922673 958.365824845
97 0.0407740937452 39.9560208615 960.003205045
98 0.0401046081282 38.3837416899 961.576153702
99 0.039471808616 36.873321272 963.087206919
100 0.038873332944 35.4223285702 964.538798097
