Time S I R
1 997 3 0
2 995.507254458 4.35223629777 0.140509244268
3 993.346443771 6.30928038235 0.344275846917
4 990.223999525 9.1364905933 0.63950988182
5 985.723259486 13.2100334135 1.0667071009
6 979.259210521 19.0571085008 1.68368097857
7 970.023400981 27.4042851479 2.57231387104
8 956.924467175 39.2282728893 3.84725993571
9 938.539869958 55.7937085759 5.66642146648
10 913.111668795 78.6461653586 8.24216584632
11 878.643294769 109.506139418 11.8505658123
12 833.173732355 149.99277969 16.8334879548
13 775.290333215 201.123926018 23.5857407673
14 704.842726855 262.63822293 32.5190502151
15 623.622975979 332.377161653 43.9998623682
16 535.586340491 406.142662213 58.270997296
17 446.252278345 478.364771057 75.3829505973
18 361.378563816 543.455798824 95.1656373597
19 285.533579168 597.210512699 117.255908132
20 221.265036563 637.566545423 141.168418014
21 169.104838165 664.515930152 166.379231683
22 128.137515855 679.468517291 192.393966854
23 96.7030776238 684.508908904 218.788013473
24 72.9497959097 681.829357758 245.220846332
25 55.1605814115 673.40619734 271.433221248
26 41.8920005885 660.872176342 297.235823069
27 31.9998359056 645.504651923 322.495512172
28 24.6090852575 628.268606176 347.122308566
29 19.0651748726 609.876365695 371.058459432
30 14.8848235294 590.845361946 394.269814524
31 11.7133950765 571.547343025 416.739261899
32 9.29138410343 552.24673008 438.461885817
33 7.42881318456 533.129786928 459.441399888
34 5.98623994625 514.326195985 479.687564068
35 4.86094948721 495.924727911 499.214322602
36 3.97690733272 477.984642012 518.038450656
37 3.2774608038 460.543967626 536.17857157
38 2.72022562929 443.625302628 553.654471742
39 2.27328430132 427.240130064 570.486585635
40 1.91245891735 411.391911748 586.695629335
41 1.61929674238 396.078370606 602.302332652
42 1.37959099848 381.293161099 617.327247902
43 1.18241269355 367.026957687 631.790629619
44 1.01928981125 353.268377675 645.712332513
45 0.883583092317 340.004678414 659.111738494
46 0.770063874468 327.222220117 672.007716009
47 0.674607153063 314.906795487 684.41859736
48 0.593940357215 303.043900299 696.362159344
49 0.525466652056 291.618915258 707.85561809
50 0.467017761039 280.617369405 718.915612834
51 0.416924617907 270.024836702 729.55823868
52 0.373791230162 259.827175979 739.799032791
53 0.336513238508 250.010491685 749.652995076
54 0.30415312705 240.561256461 759.134590412
55 0.275963480916 231.466267475 768.257769044
56 0.251303380209 222.712721956 777.035974664
57 0.22966089939 214.288172075 785.482167026
58 0.210596370104 206.180572286 793.608831344
59 0.193751143867 198.378255248 801.427993608
60 0.178819862105 190.869939641 808.951240497
61 0.1655513033 183.644716271 816.189732426
62 0.153713133474 176.692085598 823.154201269
63 0.143107733147 170.001911448 829.854980818
64 0.133582849048 163.56435532 836.302061831
65 0.125014547022 157.36998258 842.505002873
66 0.117301955751 151.409708574 848.47298947
67 0.110326606528 145.674714316 854.214959077
68 0.104004996081 140.156551389 859.739443615
69 0.0982729807109 134.847104433 865.054622586
70 0.0930553047644 129.7384835 870.168461195
71 0.0882944945142 124.823130656 875.08857485
72 0.0839490887996 120.093816932 879.822233979
73 0.0799660545025 115.543457612 884.376576334
74 0.0763118023547 111.165331642 888.758356555
75 0.0729557795914 106.952964977 892.974079243
76 0.0698683957585 102.900091965 897.03003964
77 0.0670227072019 99.000677279 900.932300014
78 0.0643952060744 95.2489286267 904.686676167
79 0.0619632710302 91.6392653806 908.298771348
80 0.0597129404659 88.1663333045 911.773953755
81 0.0576279895187 84.8249599839 915.117412027
82 0.0556897996426 81.6101444848 918.334165716
83 0.0538819486925 78.5170774442 921.429040607
84 0.0521981861115 75.5411857653 924.406616049
85 0.0506282310984 72.6780368611 927.271334908
86 0.0491620584822 69.923359991 930.027477951
87 0.0477913221014 67.273051096 932.679157582
88 0.0465089816141 64.7231645801 935.230326438
89 0.0453079030749 62.2698974671 937.68479463
90 0.0441813408995 59.9095877579 940.046230901
91 0.0431239140073 57.6387193913 942.318156695
92 0.0421305952416 55.453907052 944.503962353
93 0.0411965266708 53.3518893566 946.606914117
94 0.0403172489292 51.3295277572 948.630154994
95 0.0394890249827 49.3838092827 950.576701692
96 0.0387083133166 47.5118318071 952.44945988
97 0.0379717467216 45.7107997038 954.251228549
98 0.0372763074449 43.9780256093 955.984698083
99 0.0366193380477 42.3109277461 957.652452916
100 0.035998261231 40.7070172551 959.256984484
