Time S I R
1 997 3 0
2 995.466540105 4.38687708042 0.1465828145
3 993.229303664 6.40985145069 0.36084488495
4 989.971285336 9.35498177039 0.673732893985
5 985.239413645 13.6305832761 1.1300030791
6 978.393596355 19.8123997647 1.79400388073
7 968.544876712 28.6976612084 2.75746207951
8 954.489779542 41.3607037401 4.14951671791
9 934.660648061 59.1906414235 6.14871051544
10 907.133244394 83.8712365909 8.99551901459
11 869.761645888 117.23651697 13.0018371424
12 820.529559637 160.919654125 18.5507862378
13 758.175056742 215.747641435 26.0773018233
14 683.004231648 280.975245896 36.0205224555
15 597.561790609 353.690880299 48.7473290921
16 506.650124643 428.886108298 64.4637670596
17 416.388212338 500.463714338 83.1480733242
18 332.619214239 562.842326466 104.538459296
19 259.485610678 612.330803449 128.183585873
20 198.844024353 647.624184026 153.531791621
21 150.558827858 669.4196557 180.021516442
22 113.241262023 679.612623246 207.146114731
23 84.9809782847 680.53304826 234.485973455
24 63.8476038873 674.437586641 261.714809472
25 48.1476976119 663.261309678 288.59099271
26 36.5088346527 648.548383427 314.94278192
27 27.8706185024 631.476462231 340.652919267
28 21.4372348114 612.917680997 365.645084191
29 16.6217528063 593.505271874 389.87297532
30 12.9952210602 573.692847798 413.311931142
31 10.2454289496 553.80185746 435.952713591
32 8.14533847418 534.057693313 457.796968213
33 6.52947812063 514.616598453 478.853923427
34 5.27680756124 495.585163387 499.138029052
35 4.29843619451 477.034292981 518.667270825
36 3.52858588693 459.009486934 537.461927179
37 2.91837264656 441.537906893 555.543720461
38 2.43124656569 424.633563494 572.93518994
39 2.03968300924 408.301080051 589.65923694
40 1.72284478727 392.538346148 605.738809065
41 1.46472915507 377.338616934 621.196653911
42 1.25313147302 362.691678157 636.05519037
43 1.07862567803 348.584995453 650.336378869
44 0.933860972403 335.004500545 664.061638482
45 0.813076928103 321.93512405 677.251799022
46 0.711750462053 309.361174267 689.927075271
47 0.626305314633 297.266650031 702.107044654
48 0.553913721909 285.635444103 713.810642175
49 0.492226949841 274.451628935 725.056144115
50 0.439442027493 263.699353611 735.861204361
51 0.394053295843 253.363106457 746.242840247
52 0.354874690002 243.427667935 756.217457375
53 0.320901448432 233.878245436 765.800853116
54 0.29133400342 224.700425571 775.008240425
55 0.265490836966 215.880250091 783.854259072
56 0.242821515052 207.4041747 792.353003785
57 0.222874433277 199.259105 800.518020567
58 0.205253350661 191.432389903 808.362356746
59 0.189645681922 183.911800153 815.898554165
60 0.17577866809 176.685547795 823.138673537
61 0.163405117618 169.742304172 830.094290711
62 0.152322363905 163.071114636 836.776563
63 0.142371924884 156.66140084 843.196227236
64 0.13342836824 150.503035687 849.363535944
65 0.125375594287 144.586249544 855.288374862
66 0.118090753215 138.901596299 860.980312947
67 0.111492502014 133.440055184 866.448452314
68 0.105508992509 128.192940002 871.701551006
69 0.100059561272 123.151828573 876.748111866
70 0.095088790959 118.308694318 881.596216891
71 0.0905508637284 113.655831642 886.253617495
72 0.0863910123696 109.185721379 890.727887609
73 0.0825747427941 104.891245148 895.026180109
74 0.0790707042219 100.765553177 899.155376118
75 0.075846028823 96.8020012005 903.122152771
76 0.072873643677 92.9942344793 906.932891877
77 0.0701278432983 89.3361457136 910.593726443
78 0.067587283845 85.8218692357 914.110543481
79 0.0652373619147 82.445777452 917.488985186
80 0.0630587292158 79.2024310296 920.734510241
81 0.0610301178381 76.086577934 923.852391948
82 0.0591386113297 73.0932148015 926.847646587
83 0.0573756450165 70.2175537415 929.725070614
84 0.0557330200515 67.4549892637 932.489277716
85 0.0542009896825 64.8010799919 935.144719018
86 0.0527695349093 62.2515501972 937.695680268
87 0.0514294193048 59.8022900233 940.146280557
88 0.0501735875282 57.4493606883 942.500465724
89 0.0489960022958 55.1889796347 944.762024363
90 0.0478908144376 53.0175083527 946.934600833
91 0.0468526415291 50.9314529697 949.021694389
92 0.0458765470474 48.927456515 951.026666938
93 0.0449580017311 47.0022920203 952.952749978
94 0.0440929397015 45.1528610883 954.803045972
95 0.0432776238273 43.3761864083 956.580535968
96 0.0425085602196 41.6694055841 958.288085856
97 0.0417826135082 40.0297708378 959.928446549
98 0.0410969241663 38.4546427075 961.504260368
99 0.0404488047278 36.9414831882 963.018068007
100 0.0398358260369 35.4878564943 964.47230768
