Time S I R
1 997 3 0
2 995.45764224 4.39561962353 0.146738136306
3 993.202979902 6.43536637105 0.361653726594
4 989.913179114 9.4107047065 0.676116179454
5 985.12601789 13.7384032834 1.13557882643
6 978.187434126 20.0070559097 1.8055099642
7 968.187896084 29.032716985 2.77938693086
8 953.895114864 41.9158857895 4.18899934621
9 933.704049579 60.0792070919 6.21674332886
10 905.647790137 85.2438171554 9.1083927075
11 867.542901381 119.274538762 13.1825598576
12 817.361617376 163.808515704 18.8298669201
13 753.886109068 219.621985796 26.4919051354
14 677.546344795 285.842717692 36.6109375134
15 591.083246208 359.36632521 49.5504285823
16 499.509182631 434.985940669 65.5048767001
17 409.078075068 506.487561449 84.434363483
18 325.633088154 568.309974241 106.056937605
19 253.195357681 616.900185887 129.904456431
20 193.447004393 651.137792281 155.415203326
21 146.094581336 671.88073707 182.024681594
22 109.643326208 681.128010773 209.228663018
23 82.1304924412 681.256573512 236.612934046
24 61.6120492501 674.530311937 263.857638813
25 46.4028706942 662.869762238 290.727367068
26 35.1483045557 647.795882986 317.055812458
27 26.8077812806 630.462042782 342.730175938
28 20.6037962394 611.718538129 367.677665631
29 15.9648341679 592.180462822 391.85470301
30 12.4742974648 572.2870069 415.238695635
31 9.82961313124 552.348421274 437.821965594
32 7.81111168659 532.581567247 459.607321066
33 6.25891247237 513.136233016 480.604854511
34 5.05621170059 494.114131915 500.829656384
35 4.11729122674 475.582530301 520.300178472
36 3.37878027883 457.584179495 539.037040226
37 2.79362741894 440.14416192 557.062210661
38 2.3266652921 423.274934075 574.398400633
39 1.95143893452 406.97993012 591.068630946
40 1.64788762924 391.256191686 607.095920685
41 1.40067490457 376.096255729 622.503069367
42 1.19806772822 361.489416076 637.312516196
43 1.03101186023 347.422763349 651.546224791
44 0.892456863492 333.881938105 665.225605031
45 0.776881452695 320.851649541 678.371469006
46 0.679944535545 308.316051085 691.004004379
47 0.59821993021 296.259023275 703.142756795
48 0.528991061274 284.664384885 714.806624053
49 0.470001824294 273.516154623 726.013843552
50 0.419536885135 262.798432439 736.782030675
51 0.376150836962 252.495688573 747.12816059
52 0.338704866874 242.592699013 757.06859612
53 0.306241678045 233.07466573 766.619092592
54 0.277988481103 223.927192119 775.7948194
55 0.253300074054 215.13632411 784.610375816
56 0.231646573494 206.68854023 793.079813196
57 0.212593248485 198.570764605 801.216642147
58 0.195764970207 190.770369019 809.033866011
59 0.180864370585 183.275144388 816.543991241
60 0.167623353917 176.073340124 823.759036522
61 0.155804387394 169.153657211 830.690538401
62 0.145220011062 162.505141326 837.349638663
63 0.135720477924 156.117263786 843.747015736
64 0.127189993968 149.979931016 849.89287899
65 0.119501928732 144.083368239 855.797129832
66 0.112548948777 138.418182228 861.469268823
67 0.106256638183 132.975388859 866.918354503
68 0.100546086091 127.746288381 872.153165533
69 0.0953457333393 122.722510702 877.182143565
70 0.0906083811865 117.896091589 882.01330003
71 0.0862746508889 113.259233397 886.654491952
72 0.0823061510428 108.804546522 891.113147327
73 0.0786670385888 104.524915169 895.396417792
74 0.0753255651969 100.413488844 899.511185591
75 0.0722505708424 96.4636505344 903.464098895
76 0.0694160486325 92.6690707634 907.261513188
77 0.0667965395813 89.0236588825 910.909544578
78 0.0643755205043 85.5215791789 914.414045301
79 0.062135862863 82.1572076979 917.780656439
80 0.0600573040093 78.9251122512 921.014830445
81 0.0581202093824 75.8200647274 924.121815063
82 0.056316060682 72.8371031743 927.106580765
83 0.0546355758415 69.9714470409 929.973917383
84 0.0530705488129 67.2185028485 932.728426603
85 0.0516103095372 64.5738353372 935.374554353
86 0.0502455386663 62.0331847178 937.916569744
87 0.0489675910489 59.5924566307 940.358575778
88 0.0477704152621 57.2477302728 942.704499312
89 0.046647895532 54.9952324505 944.958119654
90 0.0455944369616 52.8313372321 947.123068331
91 0.044604873853 50.7525633828 949.202831743
92 0.0436744947475 48.7555642787 951.200761227
93 0.0427989872298 46.8371241926 953.12007682
94 0.0419744994807 44.9941559467 954.963869554
95 0.0411974205504 43.2236911398 956.73511144
96 0.0404644274688 41.522877564 958.436658009
97 0.0397725711156 39.8889780191 960.07124941
98 0.039119085529 38.3193606389 961.641520276
99 0.0385014183203 36.8114967552 963.150001826
100 0.0379172654075 35.3629596002 964.599123134
