Time S I R
1 997 3 0
2 995.462092548 4.39125057716 0.146656875166
3 993.216150402 6.42260916334 0.361240434787
4 989.942261947 9.38283039629 0.67490765705
5 985.182795238 13.6844432417 1.13276152071
6 978.290698439 19.9095941608 1.79970740053
7 968.366767274 28.8648902021 2.76834252433
8 954.193175855 41.6377003833 4.16912376116
9 934.183639725 59.6338505609 6.18250971413
10 906.392627547 84.555761559 9.05161089377
11 868.655413648 118.25292098 13.0916653726
12 818.949727251 162.360739265 18.6895334843
13 756.035165253 217.68135335 26.2834813975
14 680.279023461 283.406738517 36.3142380217
15 594.323526717 356.529440736 49.1470325477
16 503.076135273 431.941657973 64.9822067542
17 412.724266628 503.486761975 83.7889713976
18 329.112498134 565.592038738 105.295463128
19 256.323736948 614.634363646 129.041899407
20 196.12767904 649.400795187 154.471525773
21 148.309453816 670.669294403 181.021251781
22 111.426678538 680.387721075 208.185600387
23 83.5422273776 680.910131072 235.547641551
24 62.7184859556 674.497206953 262.784307092
25 47.2659429501 663.076968584 289.657088466
26 35.8209613788 648.182060851 315.99697777
27 27.3330372991 630.978000297 341.688962404
28 21.0155323913 612.325967094 366.658500515
29 16.2892600334 592.850075987 390.86066398
30 12.7314846305 572.996680311 414.271835059
31 10.0348509398 553.081586245 436.883562816
32 7.97603552074 533.325885268 458.698079211
33 6.3923919982 513.882559085 479.725048917
34 5.16501380525 494.855742357 499.979243838
35 4.20661546035 476.314499815 519.478884724
36 3.45263504501 458.302943568 538.244421387
37 2.85511454606 440.847185574 556.29769988
38 2.37820318714 423.960451509 573.661345304
39 1.99491668398 407.646764929 590.358318387
40 1.68481198071 391.903585864 606.411602155
41 1.43222360218 376.723806782 621.843969616
42 1.22518243784 362.096968889 636.677848673
43 1.05445354549 348.010345456 650.935200999
44 0.91283769878 334.449722107 664.637440194
45 0.794695641167 321.399917967 677.805386392
46 0.695595325959 308.845164834 690.45923984
47 0.612037177061 296.769401478 702.618561344
48 0.541251124471 285.156482173 714.302266702
49 0.480932461366 273.990456033 725.528611506
50 0.429325463562 263.255444463 736.315230074
51 0.384952670323 252.935929734 746.679117596
52 0.346653994023 243.01668816 756.636657846
53 0.313446992026 233.48292672 766.203626288
54 0.284546930377 224.320239478 775.395213592
55 0.259290088636 215.514671335 784.226038577
56 0.23713680143 207.052689594 792.710173605
57 0.217643529418 198.92120966 800.861146811
58 0.200424993979 191.107592456 808.69198255
59 0.185176596706 183.599618668 816.215204735
60 0.171627815581 176.385519454 823.44285273
61 0.159536096589 169.453982552 830.386481352
62 0.148706563082 162.794052279 837.057241158
63 0.138985048925 156.395175788 843.465839163
64 0.130251576949 150.24724428 849.622504143
65 0.122384213969 144.340484407 855.537131379
66 0.115267920746 138.665476822 861.219255257
67 0.108825101001 133.213220211 866.677954688
68 0.102980582633 127.975022377 871.921997041
69 0.0976577199554 122.942485263 876.959857017
70 0.0928038043348 118.107602596 881.7995936
71 0.0883715581311 113.462661446 886.448966996
72 0.0843090042855 109.000168203 890.915522793
73 0.0805827050326 104.713018385 895.20639891
74 0.0771614565875 100.594365365 899.328473178
75 0.0740129043868 96.6375747311 903.288412365
76 0.0711106958868 92.8363062221 907.092583082
77 0.0684290463738 89.1844603723 910.747110581
78 0.0659492822665 85.6761875624 914.257863155
79 0.063655533928 82.3058621539 917.630482312
80 0.0615280155771 79.0680486107 920.870423374
81 0.0595458344153 75.957504033 923.982950133
82 0.0576987309822 72.9692489135 926.973052355
83 0.0559776517866 70.0984982116 929.845524137
84 0.0543745625797 67.340653552 932.604971885
85 0.0528790797333 64.6912755274 935.255845393
86 0.0514816018992 62.1460968742 937.802421524
87 0.0501730927472 59.7010148228 940.248812084
88 0.0489471105504 57.3521004676 942.598952422
89 0.0477975477042 55.0955757409 944.856626711
90 0.0467186890138 52.927808324 947.025472987
91 0.0457052566055 50.8453108536 949.10898389
92 0.0447524318405 48.8447315508 951.110516017
93 0.0438557898107 46.9228489446 953.033295266
94 0.0430113803625 45.0765704489 954.880418171
95 0.0422155297381 43.3029232025 956.654861268
96 0.0414648241072 41.5990497146 958.359485461
97 0.0407562304366 39.9622077645 959.997036005
98 0.0400869347122 38.3897616277 961.570151438
99 0.0394543150328 36.8791778063 963.081367879
100 0.0388560097509 35.4280252417 964.533118749
