Time S I R
1 997 3 0
2 995.462092548 4.39125057716 0.146656875165
3 993.216150402 6.42260916333 0.361240434786
4 989.942261947 9.38283039627 0.674907657048
5 985.182795238 13.6844432416 1.1327615207
6 978.290698439 19.9095941607 1.79970740052
7 968.366767274 28.864890202 2.76834252432
8 954.193175856 41.6377003831 4.16912376113
9 934.183639725 59.6338505606 6.18250971409
10 906.392627548 84.5557615585 9.05161089371
11 868.655413649 118.252920979 13.0916653725
12 818.949727252 162.360739264 18.6895334841
13 756.035165254 217.681353348 26.2834813973
14 680.279023463 283.406738515 36.3142380214
15 594.323526719 356.529440734 49.1470325472
16 503.076135275 431.941657971 64.9822067537
17 412.72426663 503.486761973 83.7889713969
18 329.112498137 565.592038736 105.295463127
19 256.32373695 614.634363644 129.041899406
20 196.127679042 649.400795187 154.471525772
21 148.309453818 670.669294402 181.02125178
22 111.42667854 680.387721075 208.185600386
23 83.5422273786 680.910131072 235.547641549
24 62.7184859563 674.497206954 262.78430709
25 47.2659429507 663.076968584 289.657088465
26 35.8209613792 648.182060852 315.996977768
27 27.3330372994 630.978000298 341.688962402
28 21.0155323916 612.325967095 366.658500514
29 16.2892600336 592.850075988 390.860663979
30 12.7314846306 572.996680312 414.271835057
31 10.0348509399 553.081586246 436.883562814
32 7.97603552084 533.32588527 458.69807921
33 6.39239199828 513.882559087 479.725048915
34 5.16501380532 494.855742359 499.979243836
35 4.20661546039 476.314499817 519.478884723
36 3.45263504504 458.302943569 538.244421386
37 2.85511454609 440.847185575 556.297699878
38 2.37820318717 423.96045151 573.661345303
39 1.994916684 407.646764931 590.358318385
40 1.68481198072 391.903585866 606.411602153
41 1.43222360219 376.723806784 621.843969614
42 1.22518243786 362.09696889 636.677848672
43 1.0544535455 348.010345457 650.935200998
44 0.912837698788 334.449722108 664.637440193
45 0.794695641174 321.399917968 677.805386391
46 0.695595325965 308.845164835 690.459239839
47 0.612037177066 296.76940148 702.618561343
48 0.541251124476 285.156482174 714.302266701
49 0.480932461369 273.990456034 725.528611504
50 0.429325463565 263.255444464 736.315230073
51 0.384952670325 252.935929735 746.679117595
52 0.346653994025 243.016688161 756.636657845
53 0.313446992027 233.482926721 766.203626287
54 0.284546930379 224.320239479 775.39521359
55 0.259290088637 215.514671336 784.226038576
56 0.237136801431 207.052689595 792.710173604
57 0.217643529419 198.921209661 800.86114681
58 0.200424993979 191.107592458 808.691982548
59 0.185176596706 183.599618669 816.215204734
60 0.171627815582 176.385519456 823.442852729
61 0.15953609659 169.453982553 830.386481351
62 0.148706563082 162.79405228 837.057241157
63 0.138985048925 156.395175789 843.465839162
64 0.130251576949 150.247244281 849.622504142
65 0.122384213969 144.340484408 855.537131378
66 0.115267920747 138.665476823 861.219255256
67 0.108825101002 133.213220212 866.677954687
68 0.102980582634 127.975022378 871.92199704
69 0.0976577199557 122.942485264 876.959857016
70 0.0928038043352 118.107602596 881.799593599
71 0.0883715581315 113.462661446 886.448966995
72 0.0843090042857 109.000168204 890.915522792
73 0.0805827050328 104.713018386 895.206398909
74 0.0771614565879 100.594365366 899.328473178
75 0.0740129043872 96.6375747318 903.288412364
76 0.0711106958871 92.8363062228 907.092583081
77 0.068429046374 89.184460373 910.747110581
78 0.0659492822667 85.6761875631 914.257863155
79 0.0636555339283 82.3058621545 917.630482312
80 0.0615280155774 79.0680486113 920.870423373
81 0.0595458344154 75.9575040337 923.982950132
82 0.0576987309823 72.9692489142 926.973052355
83 0.0559776517867 70.0984982122 929.845524136
84 0.0543745625797 67.3406535525 932.604971885
85 0.0528790797333 64.691275528 935.255845392
86 0.0514816018992 62.1460968747 937.802421523
87 0.0501730927473 59.7010148233 940.248812084
88 0.0489471105504 57.3521004681 942.598952421
89 0.0477975477042 55.0955757414 944.856626711
90 0.0467186890137 52.9278083245 947.025472986
91 0.0457052566054 50.8453108541 949.108983889
92 0.0447524318403 48.8447315513 951.110516017
93 0.0438557898107 46.922848945 953.033295265
94 0.0430113803625 45.0765704494 954.88041817
95 0.042215529738 43.3029232029 956.654861267
96 0.0414648241072 41.5990497151 958.359485461
97 0.0407562304367 39.9622077649 959.997036005
98 0.0400869347122 38.3897616281 961.570151437
99 0.0394543150328 36.8791778067 963.081367878
100 0.0388560097509 35.4280252421 964.533118748
