Time S I R
1 997 3 0
2 995.462093365 4.39124618629 0.146660448949
3 993.216154652 6.42259632457 0.361249023126
4 989.942274449 9.3828022882 0.674923262406
5 985.182824409 13.6843886779 1.13278691349
6 978.29075838 19.9094952281 1.79974639233
7 968.366880742 28.8647189336 2.76840032405
8 954.193378165 41.6374144056 4.16920742964
9 934.183983173 59.6333880955 6.18262873104
10 906.393185036 84.5550371181 9.0517778457
11 868.656278529 118.251824707 13.0918967644
12 818.951004701 162.359144638 18.6898506613
13 756.036950465 217.679138009 26.2839115263
14 680.281366995 283.403818042 36.3148149632
15 594.32639854 356.525804218 49.1477972427
16 503.079409474 431.937384032 64.9832064937
17 412.727743602 503.481999007 83.7902573917
18 329.115957529 565.586956088 105.297086383
19 256.326992747 614.629101421 129.043905832
20 196.130610876 649.395437172 154.473951953
21 148.31200891 670.663868604 181.024122486
22 111.428855556 680.382216371 208.188928073
23 83.5440558447 680.904516765 235.551427391
24 62.7200093653 674.491447785 262.78854285
25 47.2672078136 663.071033566 289.66175862
26 35.822011323 648.175927178 316.002061499
27 27.3339105484 630.971654161 341.694435291
28 21.0162611537 612.319402945 366.664335901
29 16.2898708517 592.843295141 390.866834007
30 12.7319991049 572.989689447 414.278311448
31 10.0352865289 553.074396042 436.890317429
32 7.97640630225 533.318509242 458.705084456
33 6.39270933075 513.875012645 479.732278025
34 5.16528685473 494.848042093 499.986671052
35 4.20685165873 476.306662918 519.486485423
36 3.45284043561 458.29498741 538.252172154
37 2.85529405722 440.839127407 556.305578536
38 2.3783608587 423.95230822 573.669330922
39 1.99505583604 407.638552887 590.366391277
40 1.68493537197 391.89532078 606.419743848
41 1.43233350923 376.715503667 621.852162824
42 1.22528076361 362.088641981 636.686077255
43 1.0545418848 348.002008199 650.943449916
44 0.912917391703 334.441387143 664.645695465
45 0.794767817754 321.391597137 677.813635045
46 0.695660944949 308.836869188 690.467469868
47 0.612097053303 296.761141295 702.626761652
48 0.541305955469 285.14826698 714.310427065
49 0.480982847928 273.98229463 725.536722522
50 0.429371918494 263.247344962 736.323283119
51 0.384995637398 252.92789958 746.687104783
52 0.346693857567 243.008734162 756.64457198
53 0.313484085216 233.475055086 766.211460829
54 0.284581544937 224.31245584 775.402962615
55 0.259322478909 215.506980783 784.233696739
56 0.237167190723 207.045096705 792.717736104
57 0.21767211432 198.913718528 800.868609358
58 0.200451947565 191.100206719 808.699341334
59 0.18520207248 183.592341531 816.222456397
60 0.171651950109 176.378353721 823.449994329
61 0.159559011066 169.446930648 830.393510341
62 0.148728363638 162.787116281 837.064155355
63 0.139005829865 156.388357433 843.472636737
64 0.130271422751 150.240544998 849.629183579
65 0.12240320599 144.333905351 855.543691443
66 0.115286127033 138.659018859 861.225695014
67 0.108842581975 133.206883957 866.684273461
68 0.102997398692 127.968808238 871.928194363
69 0.0976739214749 122.936393408 876.96593267
70 0.0928194361993 118.10163299 881.805547573
71 0.0883866649928 113.4568139 886.454799435
72 0.0843236233467 108.994442327 890.92123405
73 0.0805968703646 104.707413633 895.211989497
74 0.0771752007522 100.588881065 899.333943734
75 0.074026256812 96.6322100715 903.293763672
76 0.0711236837246 92.8310602672 907.097816049
77 0.0684416951433 89.1793320786 910.752226226
78 0.0659616122741 85.6711757776 914.26286261
79 0.0636675669659 82.3009656491 917.635366784
80 0.0615397730734 79.0632660818 920.875194145
81 0.0595573348548 75.95283409 923.987608575
82 0.0577099877469 72.9646900764 926.977599936
83 0.055988678851 70.094048955 929.849962366
84 0.0543853739736 67.3363123072 932.609302319
85 0.0528896894006 64.6870406858 935.260069625
86 0.0514920223136 62.1419667835 937.806541194
87 0.0501833351146 59.6969877933 940.252828872
88 0.0489571849166 57.3481747781 942.602868037
89 0.0478074637437 55.0917496491 944.860442887
90 0.0467284558221 52.9240800682 947.029191476
91 0.0457148826587 50.8416786562 949.112606461
92 0.0447619250453 48.8411936235 951.114044451
93 0.0438651575572 46.9194034911 953.036731351
94 0.0430206295558 45.0732156683 954.883763702
95 0.0422246668634 43.2996572928 956.65811804
96 0.041473855244 41.5958708754 958.362655269
97 0.0407651612778 39.959114199 960.00012064
98 0.0400957706109 38.3867515464 961.573152683
99 0.0394630610188 36.8762494283 963.084287511
100 0.0388646705453 35.4251767967 964.535958533
