Time S I R
1 997 3 0
2 995.462092548 4.39125057711 0.146656875159
3 993.216150402 6.42260916319 0.361240434766
4 989.942261947 9.38283039597 0.674907657007
5 985.182795238 13.684443241 1.13276152063
6 978.29069844 19.9095941597 1.79970740038
7 968.366767276 28.8648902002 2.76834252409
8 954.193175859 41.6377003802 4.16912376075
9 934.183639731 59.6338505558 6.18250971347
10 906.392627556 84.5557615512 9.05161089273
11 868.655413661 118.252920968 13.091665371
12 818.949727269 162.360739249 18.6895334819
13 756.035165278 217.681353328 26.283481394
14 680.279023493 283.40673849 36.3142380168
15 594.323526754 356.529440705 49.147032541
16 503.076135314 431.941657941 64.9822067456
17 412.72426667 503.486761944 83.7889713868
18 329.112498174 565.592038711 105.295463115
19 256.323736983 614.634363625 129.041899392
20 196.12767907 649.400795174 154.471525756
21 148.309453841 670.669294396 181.021251763
22 111.426678558 680.387721074 208.185600367
23 83.5422273932 680.910131077 235.54764153
24 62.7184859676 674.497206962 262.78430707
25 47.2659429594 663.076968597 289.657088444
26 35.8209613859 648.182060867 315.996977747
27 27.3330373045 630.978000315 341.68896238
28 21.0155323955 612.325967113 366.658500491
29 16.2892600366 592.850076007 390.860663956
30 12.731484633 572.996680333 414.271835034
31 10.0348509418 553.081586267 436.883562791
32 7.97603552229 533.325885291 458.698079187
33 6.39239199942 513.882559108 479.725048892
34 5.16501380623 494.85574238 499.979243813
35 4.20661546112 476.314499839 519.4788847
36 3.45263504563 458.302943591 538.244421363
37 2.85511454657 440.847185597 556.297699856
38 2.37820318755 423.960451532 573.661345281
39 1.99491668431 407.646764952 590.358318363
40 1.68481198098 391.903585887 606.411602132
41 1.4322236024 376.723806805 621.843969593
42 1.22518243803 362.096968911 636.677848651
43 1.05445354565 348.010345478 650.935200976
44 0.912837698912 334.449722129 664.637440172
45 0.794695641278 321.399917989 677.80538637
46 0.695595326053 308.845164855 690.459239819
47 0.61203717714 296.7694015 702.618561323
48 0.541251124539 285.156482194 714.302266681
49 0.480932461423 273.990456054 725.528611485
50 0.429325463611 263.255444483 736.315230054
51 0.384952670365 252.935929754 746.679117576
52 0.346653994059 243.016688179 756.636657827
53 0.313446992057 233.482926739 766.203626269
54 0.284546930404 224.320239497 775.395213573
55 0.259290088659 215.514671353 784.226038558
56 0.23713680145 207.052689612 792.710173587
57 0.217643529435 198.921209677 800.861146793
58 0.200424993994 191.107592474 808.691982532
59 0.185176596719 183.599618685 816.215204718
60 0.171627815592 176.385519471 823.442852713
61 0.159536096599 169.453982568 830.386481336
62 0.148706563089 162.794052295 837.057241142
63 0.138985048932 156.395175803 843.465839148
64 0.130251576955 150.247244295 849.622504128
65 0.122384213974 144.340484422 855.537131364
66 0.115267920751 138.665476837 861.219255242
67 0.108825101006 133.213220225 866.677954674
68 0.102980582637 127.975022391 871.921997027
69 0.097657719958 122.942485276 876.959857004
70 0.092803804337 118.107602609 881.799593587
71 0.088371558133 113.462661459 886.448966983
72 0.0843090042869 109.000168216 890.91552278
73 0.0805827050335 104.713018397 895.206398898
74 0.0771614565882 100.594365377 899.328473166
75 0.0740129043875 96.6375747428 903.288412353
76 0.071110695887 92.8363062335 907.092583071
77 0.0684290463737 89.1844603835 910.74711057
78 0.0659492822664 85.6761875732 914.257863145
79 0.0636555339278 82.3058621644 917.630482302
80 0.0615280155766 79.0680486209 920.870423363
81 0.0595458344144 75.957504043 923.982950123
82 0.0576987309812 72.9692489233 926.973052346
83 0.0559776517855 70.0984982211 929.845524127
84 0.0543745625785 67.3406535612 932.604971876
85 0.052879079732 64.6912755364 935.255845384
86 0.0514816018976 62.1460968829 937.802421515
87 0.0501730927456 59.7010148313 940.248812076
88 0.0489471105487 57.3521004758 942.598952414
89 0.0477975477024 55.0955757489 944.856626703
90 0.0467186890119 52.9278083319 947.025472979
91 0.0457052566036 50.8453108612 949.108983882
92 0.0447524318383 48.8447315582 951.11051601
93 0.0438557898086 46.9228489518 953.033295258
94 0.0430113803604 45.0765704559 954.880418164
95 0.0422155297358 43.3029232092 956.654861261
96 0.0414648241049 41.5990497212 958.359485455
97 0.0407562304345 39.9622077708 959.997035999
98 0.04008693471 38.3897616339 961.570151431
99 0.0394543150304 36.8791778123 963.081367873
100 0.0388560097485 35.4280252476 964.533118743
