Time S I R
1 997 3 0
2 995.466540105 4.38687708042 0.1465828145
3 993.229303664 6.40985145069 0.360844884951
4 989.971285336 9.35498177039 0.673732893987
5 985.239413645 13.6305832761 1.1300030791
6 978.393596355 19.8123997647 1.79400388073
7 968.544876712 28.6976612084 2.75746207951
8 954.489779542 41.3607037401 4.14951671792
9 934.660648061 59.1906414235 6.14871051546
10 907.133244394 83.8712365909 8.99551901462
11 869.761645888 117.23651697 13.0018371424
12 820.529559637 160.919654125 18.5507862379
13 758.175056742 215.747641435 26.0773018234
14 683.004231648 280.975245896 36.0205224556
15 597.561790609 353.690880299 48.7473290922
16 506.650124643 428.886108297 64.4637670597
17 416.388212338 500.463714338 83.1480733244
18 332.619214239 562.842326465 104.538459296
19 259.485610678 612.330803449 128.183585873
20 198.844024353 647.624184026 153.531791621
21 150.558827858 669.419655699 180.021516443
22 113.241262023 679.612623245 207.146114732
23 84.9809782847 680.53304826 234.485973455
24 63.8476038873 674.43758664 261.714809473
25 48.147697612 663.261309677 288.590992711
26 36.5088346528 648.548383426 314.942781921
27 27.8706185024 631.47646223 340.652919267
28 21.4372348114 612.917680997 365.645084192
29 16.6217528064 593.505271873 389.87297532
30 12.9952210602 573.692847797 413.311931143
31 10.2454289496 553.801857459 435.952713591
32 8.1453384742 534.057693312 457.796968214
33 6.52947812065 514.616598452 478.853923428
34 5.27680756126 495.585163386 499.138029053
35 4.29843619453 477.03429298 518.667270826
36 3.52858588695 459.009486933 537.46192718
37 2.91837264657 441.537906892 555.543720462
38 2.4312465657 424.633563493 572.935189941
39 2.03968300925 408.30108005 589.659236941
40 1.72284478728 392.538346147 605.738809066
41 1.46472915508 377.338616933 621.196653912
42 1.25313147303 362.691678156 636.055190371
43 1.07862567803 348.584995452 650.33637887
44 0.93386097241 335.004500544 664.061638483
45 0.813076928109 321.935124049 677.251799023
46 0.711750462058 309.361174266 689.927075272
47 0.626305314639 297.26665003 702.107044655
48 0.553913721913 285.635444102 713.810642176
49 0.492226949846 274.451628934 725.056144116
50 0.439442027497 263.699353611 735.861204362
51 0.394053295847 253.363106456 746.242840248
52 0.354874690005 243.427667934 756.217457376
53 0.320901448436 233.878245435 765.800853116
54 0.291334003423 224.70042557 775.008240426
55 0.265490836969 215.88025009 783.854259073
56 0.242821515055 207.404174699 792.353003786
57 0.22287443328 199.259104999 800.518020568
58 0.205253350663 191.432389903 808.362356747
59 0.189645681924 183.911800152 815.898554166
60 0.175778668092 176.685547794 823.138673538
61 0.16340511762 169.742304171 830.094290711
62 0.152322363907 163.071114636 836.776563
63 0.142371924886 156.661400839 843.196227236
64 0.133428368242 150.503035687 849.363535945
65 0.125375594289 144.586249543 855.288374862
66 0.118090753217 138.901596299 860.980312948
67 0.111492502016 133.440055183 866.448452315
68 0.105508992511 128.192940001 871.701551006
69 0.100059561274 123.151828572 876.748111867
70 0.0950887909605 118.308694317 881.596216892
71 0.0905508637298 113.655831641 886.253617495
72 0.086391012371 109.185721378 890.727887609
73 0.0825747427955 104.891245148 895.026180109
74 0.0790707042231 100.765553177 899.155376119
75 0.0758460288242 96.8020011999 903.122152771
76 0.0728736436782 92.9942344787 906.932891878
77 0.0701278432996 89.336145713 910.593726444
78 0.0675872838463 85.8218692351 914.110543481
79 0.0652373619159 82.4457774514 917.488985187
80 0.0630587292169 79.2024310291 920.734510242
81 0.0610301178392 76.0865779335 923.852391949
82 0.0591386113308 73.093214801 926.847646588
83 0.0573756450177 70.217553741 929.725070614
84 0.0557330200527 67.4549892632 932.489277717
85 0.0542009896836 64.8010799914 935.144719019
86 0.0527695349103 62.2515501967 937.695680268
87 0.051429419306 59.8022900229 940.146280558
88 0.0501735875293 57.4493606879 942.500465725
89 0.0489960022969 55.1889796342 944.762024363
90 0.0478908144388 53.0175083523 946.934600833
91 0.0468526415302 50.9314529693 949.021694389
92 0.0458765470486 48.9274565146 951.026666938
93 0.0449580017322 47.0022920199 952.952749978
94 0.0440929397025 45.1528610879 954.803045972
95 0.0432776238284 43.3761864079 956.580535968
96 0.0425085602209 41.6694055837 958.288085856
97 0.0417826135094 40.0297708374 959.928446549
98 0.0410969241674 38.4546427071 961.504260369
99 0.0404488047288 36.9414831879 963.018068007
100 0.0398358260379 35.487856494 964.47230768
