Time S I R
1 997 3 0
2 995.462092548 4.39125057716 0.146656875166
3 993.216150402 6.42260916333 0.361240434787
4 989.942261947 9.38283039628 0.67490765705
5 985.182795238 13.6844432416 1.13276152071
6 978.290698439 19.9095941608 1.79970740052
7 968.366767274 28.864890202 2.76834252433
8 954.193175856 41.6377003832 4.16912376115
9 934.183639725 59.6338505607 6.18250971412
10 906.392627547 84.5557615588 9.05161089375
11 868.655413648 118.252920979 13.0916653726
12 818.949727251 162.360739265 18.6895334842
13 756.035165253 217.681353349 26.2834813974
14 680.279023462 283.406738516 36.3142380216
15 594.323526718 356.529440735 49.1470325475
16 503.076135274 431.941657972 64.982206754
17 412.724266629 503.486761974 83.7889713973
18 329.112498135 565.592038737 105.295463128
19 256.323736949 614.634363645 129.041899406
20 196.127679041 649.400795187 154.471525773
21 148.309453817 670.669294402 181.021251781
22 111.426678539 680.387721074 208.185600387
23 83.5422273781 680.910131072 235.54764155
24 62.718485956 674.497206953 262.784307091
25 47.2659429504 663.076968584 289.657088466
26 35.820961379 648.182060851 315.99697777
27 27.3330372993 630.978000297 341.688962403
28 21.0155323915 612.325967094 366.658500515
29 16.2892600335 592.850075987 390.86066398
30 12.7314846306 572.996680311 414.271835058
31 10.0348509399 553.081586245 436.883562815
32 7.9760355208 533.325885268 458.698079211
33 6.39239199825 513.882559086 479.725048916
34 5.16501380529 494.855742357 499.979243837
35 4.20661546038 476.314499816 519.478884724
36 3.45263504503 458.302943568 538.244421387
37 2.85511454608 440.847185574 556.29769988
38 2.37820318716 423.960451509 573.661345304
39 1.99491668399 407.646764929 590.358318387
40 1.68481198072 391.903585865 606.411602155
41 1.43222360219 376.723806782 621.843969615
42 1.22518243785 362.096968889 636.677848673
43 1.0544535455 348.010345456 650.935200999
44 0.912837698787 334.449722107 664.637440194
45 0.794695641173 321.399917967 677.805386392
46 0.695595325965 308.845164834 690.45923984
47 0.612037177065 296.769401479 702.618561344
48 0.541251124476 285.156482173 714.302266702
49 0.48093246137 273.990456033 725.528611505
50 0.429325463566 263.255444463 736.315230074
51 0.384952670326 252.935929734 746.679117596
52 0.346653994026 243.01668816 756.636657846
53 0.313446992028 233.48292672 766.203626288
54 0.28454693038 224.320239478 775.395213591
55 0.259290088638 215.514671335 784.226038577
56 0.237136801432 207.052689594 792.710173605
57 0.21764352942 198.92120966 800.861146811
58 0.20042499398 191.107592457 808.691982549
59 0.185176596707 183.599618668 816.215204735
60 0.171627815582 176.385519455 823.44285273
61 0.159536096591 169.453982552 830.386481352
62 0.148706563083 162.794052279 837.057241158
63 0.138985048926 156.395175788 843.465839163
64 0.13025157695 150.24724428 849.622504143
65 0.12238421397 144.340484407 855.537131379
66 0.115267920747 138.665476822 861.219255257
67 0.108825101003 133.213220211 866.677954688
68 0.102980582635 127.975022377 871.92199704
69 0.0976577199566 122.942485263 876.959857017
70 0.092803804336 118.107602596 881.7995936
71 0.0883715581322 113.462661446 886.448966996
72 0.0843090042864 109.000168203 890.915522793
73 0.0805827050336 104.713018385 895.20639891
74 0.0771614565886 100.594365365 899.328473178
75 0.0740129043878 96.6375747311 903.288412364
76 0.0711106958877 92.8363062222 907.092583082
77 0.0684290463746 89.1844603724 910.747110581
78 0.0659492822673 85.6761875624 914.257863155
79 0.0636555339288 82.3058621539 917.630482312
80 0.061528015578 79.0680486107 920.870423374
81 0.0595458344161 75.9575040331 923.982950132
82 0.0576987309829 72.9692489136 926.973052355
83 0.0559776517874 70.0984982116 929.845524137
84 0.0543745625804 67.340653552 932.604971885
85 0.052879079734 64.6912755275 935.255845393
86 0.0514816018998 62.1460968742 937.802421524
87 0.0501730927479 59.7010148228 940.248812084
88 0.0489471105511 57.3521004676 942.598952422
89 0.0477975477049 55.095575741 944.856626711
90 0.0467186890144 52.9278083241 947.025472987
91 0.0457052566061 50.8453108536 949.10898389
92 0.0447524318409 48.8447315508 951.110516017
93 0.0438557898113 46.9228489446 953.033295266
94 0.0430113803631 45.076570449 954.880418171
95 0.0422155297385 43.3029232025 956.654861268
96 0.0414648241077 41.5990497147 958.359485461
97 0.0407562304373 39.9622077645 959.997036005
98 0.0400869347128 38.3897616277 961.570151438
99 0.0394543150334 36.8791778063 963.081367879
100 0.0388560097515 35.4280252417 964.533118749
