Time S I R
1 997 3 0
2 995.462093365 4.39124618638 0.146660448964
3 993.216154652 6.42259632482 0.361249023166
4 989.942274449 9.38280228876 0.674923262489
5 985.182824407 13.684388679 1.13278691364
6 978.290758377 19.9094952301 1.79974639261
7 968.366880739 28.8647189369 2.76840032451
8 954.193378158 41.6374144112 4.1692074304
9 934.183983163 59.6333881043 6.18262873226
10 906.393185021 84.5550371317 9.05177784761
11 868.656278506 118.251824727 13.0918967674
12 818.951004668 162.359144666 18.6898506657
13 756.036950421 217.679138046 26.2839115327
14 680.281366939 283.403818089 36.3148149722
15 594.326398474 356.525804271 49.1477972549
16 503.079409402 431.937384089 64.9832065094
17 412.727743528 503.481999061 83.7902574113
18 329.115957459 565.586956134 105.297086406
19 256.326992685 614.629101457 129.043905859
20 196.130610823 649.395437194 154.473951983
21 148.312008867 670.663868614 181.02412252
22 111.428855522 680.38221637 208.188928109
23 83.5440558176 680.904516753 235.551427429
24 62.7200093445 674.491447765 262.78854289
25 47.2672077976 663.071033541 289.661758662
26 35.8220113108 648.175927148 316.002061542
27 27.333910539 630.971654127 341.694435334
28 21.0162611465 612.319402908 366.664335945
29 16.2898708462 592.843295101 390.866834052
30 12.7319991006 572.989689406 414.278311494
31 10.0352865255 553.074395999 436.890317475
32 7.97640629963 533.318509199 458.705084502
33 6.3927093287 513.875012601 479.732278071
34 5.1652868531 494.848042049 499.986671098
35 4.20685165744 476.306662873 519.486485469
36 3.45284043458 458.294987366 538.2521722
37 2.85529405639 440.839127362 556.305578582
38 2.37836085802 423.952308175 573.669330967
39 1.9950558355 407.638552843 590.366391322
40 1.68493537152 391.895320736 606.419743892
41 1.43233350887 376.715503623 621.852162868
42 1.22528076331 362.088641938 636.686077299
43 1.05454188455 348.002008156 650.943449959
44 0.912917391498 334.4413871 664.645695508
45 0.794767817584 321.391597095 677.813635088
46 0.695660944807 308.836869146 690.467469909
47 0.612097053185 296.761141254 702.626761693
48 0.54130595537 285.148266939 714.310427105
49 0.480982847845 273.982294591 725.536722561
50 0.429371918424 263.247344923 736.323283159
51 0.384995637339 252.927899541 746.687104822
52 0.346693857517 243.008734124 756.644572018
53 0.313484085175 233.475055048 766.211460866
54 0.284581544903 224.312455803 775.402962652
55 0.25932247888 215.506980747 784.233696774
56 0.237167190699 207.04509667 792.717736139
57 0.2176721143 198.913718493 800.868609392
58 0.200451947549 191.100206685 808.699341368
59 0.185202072467 183.592341498 816.22245643
60 0.171651950099 176.378353689 823.449994361
61 0.159559011058 169.446930616 830.393510372
62 0.148728363631 162.78711625 837.064155386
63 0.13900582986 156.388357403 843.472636767
64 0.130271422748 150.240544969 849.629183609
65 0.122403205988 144.333905322 855.543691472
66 0.115286127033 138.65901883 861.225695043
67 0.108842581975 133.206883929 866.684273489
68 0.102997398693 127.968808211 871.92819439
69 0.0976739214768 122.936393382 876.965932697
70 0.0928194362019 118.101632965 881.805547599
71 0.0883866649961 113.456813875 886.45479946
72 0.0843236233504 108.994442302 890.921234075
73 0.0805968703688 104.707413609 895.211989521
74 0.077175200757 100.588881042 899.333943758
75 0.0740262568171 96.6322100486 903.293763695
76 0.0711236837301 92.8310602449 907.097816071
77 0.0684416951492 89.1793320568 910.752226248
78 0.0659616122804 85.6711757564 914.262862631
79 0.0636675669724 82.3009656285 917.635366805
80 0.06153977308 79.0632660617 920.875194165
81 0.0595573348616 75.9528340704 923.987608595
82 0.0577099877536 72.9646900574 926.977599955
83 0.0559886788578 70.0940489364 929.849962385
84 0.0543853739807 67.3363122891 932.609302337
85 0.0528896894078 64.6870406682 935.260069642
86 0.051492022321 62.1419667664 937.806541211
87 0.0501833351219 59.6969877766 940.252828888
88 0.0489571849241 57.3481747619 942.602868053
89 0.0478074637512 55.0917496333 944.860442903
90 0.0467284558296 52.9240800529 947.029191491
91 0.0457148826662 50.8416786413 949.112606476
92 0.044761925053 48.841193609 951.114044466
93 0.0438651575648 46.919403477 953.036731365
94 0.0430206295637 45.0732156546 954.883763716
95 0.0422246668712 43.2996572795 956.658118054
96 0.0414738552518 41.5958708625 958.362655282
97 0.0407651612857 39.9591141864 960.000120652
98 0.0400957706189 38.3867515342 961.573152695
99 0.0394630610269 36.8762494165 963.084287523
100 0.0388646705535 35.4251767852 964.535958544
