Time S I R
1 997 3 0
2 995.462000568 4.39138372752 0.146615704817
3 993.215856427 6.42299805316 0.361145520129
4 989.941575824 9.38368054263 0.674743633319
5 985.181399346 13.6860903451 1.13251030842
6 978.288078236 19.9125729104 1.79934885389
7 968.362114815 28.8700291713 2.767856014
8 954.18526716 41.6462417706 4.16849106918
9 934.170702715 59.6475778941 6.18171939066
10 906.372250061 84.5770865359 9.05066340361
11 868.624592992 118.284830474 13.0905765338
12 818.905213837 162.406455454 18.6883307091
13 755.974236473 217.743579346 26.2821841808
14 680.200634355 283.486550754 36.3128148905
15 594.229407315 356.625256673 49.1453360113
16 502.97109969 432.048993434 64.9799068767
17 412.615254314 503.599221957 83.7855237288
18 329.006694789 565.703165851 105.29013936
19 256.226796278 614.739326959 129.033876762
20 196.04285859 649.497141592 154.459999818
21 148.237746698 670.756721446 181.005531856
22 111.367485171 680.467349795 208.165165034
23 83.4940964834 680.983749794 235.522153722
24 62.6796738882 674.566724795 262.753601317
25 47.2347472145 663.144109172 289.621143614
26 35.7958782726 648.248235669 315.955886058
27 27.3128108452 631.044289029 341.642900126
28 20.9991475953 612.393149127 366.607703278
29 16.275911878 592.918681297 390.805406825
30 12.7205412154 573.067041615 414.21241717
31 10.0258187834 553.153885114 436.820296102
32 7.96852955948 533.400190614 458.631279827
33 6.38611114714 513.958857709 479.655031144
34 5.15972235495 494.933961804 499.906315841
35 4.20212764792 476.394526914 519.403345438
36 3.44880390201 458.384637563 538.166558535
37 2.85182332567 440.930387983 556.217788691
38 2.37535850566 424.0449938 573.579647695
39 1.99244361958 407.732473777 590.275082603
40 1.68264947419 391.990287955 606.327062571
41 1.43032249993 376.811330501 621.758346999
42 1.2235023927 362.185147296 636.591350311
43 1.05296131919 348.099017622 650.848021059
44 0.911505864248 334.538733978 664.549760158
45 0.793501484437 321.489122973 677.717375542
46 0.694519854461 308.934424413 690.371055733
47 0.611064500552 296.858585169 702.530350331
48 0.54036777857 285.245467788 714.214164433
49 0.480126987798 274.079129552 725.44074346
50 0.428588265151 263.34369963 736.227712105
51 0.384275527132 253.023668077 746.592056395
52 0.346029831619 243.10381873 756.550151438
53 0.312869785554 233.569365703 766.117764512
54 0.284011393053 224.40591007 775.310078537
55 0.258791719111 215.599503223 784.141705058
56 0.236671653872 207.136618807 792.626709539
57 0.217208134666 199.004178157 800.778613708
58 0.200016357028 191.189547855 808.610435788
59 0.184792096629 183.680513895 816.134694008
60 0.17126507625 176.465312603 823.363422321
61 0.159193014227 169.532636473 830.308170513
62 0.148381354122 162.87153401 836.980084635
63 0.138676151351 156.471456865 843.389866984
64 0.129957635779 150.322300208 849.547742156
65 0.122103811276 144.414293959 855.46360223
66 0.114999943397 138.738022646 861.146977411
67 0.108568593779 133.284488307 866.6069431
68 0.102734513202 128.045001082 871.852264405
69 0.0974212716693 123.011166275 876.891412454
70 0.0925762680018 118.17498038 881.732443352
71 0.0881521916724 113.52873212 886.383115688
72 0.0840972157802 109.064930817 890.850971967
73 0.0803779576215 104.776474082 895.143147961
74 0.0769632275549 100.656516784 899.266519988
75 0.0738207242173 96.698426441 903.227752835
76 0.0709241319295 92.8958645003 907.033211368
77 0.0682476875292 89.2427329337 910.689019379
78 0.0657728247955 85.7331836963 914.201043479
79 0.0634836321851 82.3615920974 917.57492427
80 0.0613603200752 79.1225235651 920.816116115
81 0.0593820460821 76.010736447 923.929881507
82 0.0575386521272 73.021252688 926.92120866
83 0.0558210708922 70.1492878591 929.79489107
84 0.0542212672873 67.3902442103 932.555534522
85 0.0527288503307 64.739682871 935.207588279
86 0.0513342426256 62.1933372423 937.755328515
87 0.0500284284271 59.7471051473 940.202866424
88 0.0488049890993 57.3970582214 942.554136789
89 0.0476578207192 55.1394187359 944.812923443
90 0.0465812173331 52.9705547182 946.982864064
91 0.0455699104613 50.886979113 949.067450977
92 0.0446190903186 48.8853403668 951.070040543
93 0.0437243401564 46.9624172046 952.993858455
94 0.0428817175758 45.115117202 954.84200108
95 0.0420875549846 43.3404675918 956.617444853
96 0.0413384449608 41.6356109613 958.323050594
97 0.0406313608057 39.9978051409 959.961563498
98 0.0399634934076 38.4244143936 961.535622113
99 0.0393322259663 36.9129052023 963.047762572
100 0.0387352016714 35.4608464677 964.500418331
