Time S I R
1 997 3 0
2 995.462094182 4.39124179552 0.146664022744
3 993.216158902 6.42258348612 0.361257611487
4 989.942286951 9.38277418084 0.674938867791
5 985.182853578 13.6843341156 1.1328123063
6 978.290818318 19.9093962982 1.79978538417
7 968.366994206 28.8645476699 2.76845812375
8 954.193580466 41.6371284362 4.16929109805
9 934.184326608 59.6329256438 6.18274774774
10 906.393742504 84.5543126988 9.0519447972
11 868.657143378 118.250728466 13.0921281555
12 818.952282105 162.357550058 18.6901678369
13 756.038735616 217.676922731 26.2843416528
14 680.283710453 283.400897646 36.3153919011
15 594.329270277 356.522167791 49.1485619322
16 503.082683587 431.933110188 64.9842062248
17 412.731220493 503.477236134 83.7915433739
18 329.119416854 565.581873525 105.298709621
19 256.330248492 614.623839273 129.045912235
20 196.133542673 649.390079221 154.476378106
21 148.314563979 670.658442863 181.026993158
22 111.43103256 680.376711721 208.192255719
23 83.5458843062 680.898902509 235.555213185
24 62.7215327754 674.485688668 262.792778556
25 47.2684726813 663.065098605 289.666428714
26 35.8230612742 648.169793565 316.007145161
27 27.3347838062 630.965308091 341.699908102
28 21.0169899255 612.312838871 366.670171204
29 16.2904816799 592.836514376 390.873003944
30 12.7325135891 572.982698673 414.284787738
31 10.0357221277 553.067205937 436.897071935
32 7.97677709327 533.311133322 458.712089584
33 6.39302667248 513.86746632 479.739507008
34 5.16555991299 494.840341954 499.994098133
35 4.2070878655 476.298826154 519.49408598
36 3.45304583418 458.287031396 538.25992277
37 2.85547357594 440.831069391 556.313457033
38 2.37851853742 423.944165091 573.677316371
39 1.9951949949 407.630341014 590.374463991
40 1.68505876966 391.887055874 606.427885357
41 1.43244342238 376.707200738 621.86035584
42 1.22537909515 362.080315268 636.694305637
43 1.05463022959 347.993671145 650.951698626
44 0.912997089836 334.433052388 664.653950522
45 0.794839999297 321.383276523 677.821883478
46 0.695726568659 308.828573765 690.475699667
47 0.612156934048 296.752881342 702.634961724
48 0.541360790765 285.140052022 714.318587187
49 0.481033238602 273.97413347 725.544833291
50 0.429418377361 263.239245709 736.331335913
51 0.385038608247 252.919869679 746.695091713
52 0.346733724734 243.000780423 756.652485853
53 0.313521181892 233.467183714 766.219295104
54 0.284616162853 224.304672468 775.410711369
55 0.259354872418 215.499290502 784.241354626
56 0.237197583142 207.037504091 792.725298326
57 0.217700702244 198.906227674 800.876071623
58 0.200478904077 191.092821262 808.706699834
59 0.185227551091 183.585064678 816.229707771
60 0.17167608739 176.371188274 823.457135639
61 0.159581928219 169.439879033 830.400539038
62 0.148750166798 162.780180574 837.071069259
63 0.13902661334 156.381539371 843.479434016
64 0.130291271023 150.23384601 849.635862719
65 0.122422200422 144.327326588 855.550251211
66 0.115304335676 138.65256119 861.232134474
67 0.108860065252 133.200547998 866.690591937
68 0.103014217004 127.962594395 871.934391388
69 0.0976901252041 122.930301849 876.972008025
70 0.0928350702305 118.095663681 881.811501249
71 0.0884017739814 113.450966649 886.460631577
72 0.0843382444973 108.988716745 890.926945011
73 0.0806110377509 104.701809174 895.217579788
74 0.0771889469378 100.583397058 899.339413995
75 0.0740396112268 96.6268457035 903.299114685
76 0.0711366735229 92.8258146024 907.103048724
77 0.0684543458469 89.1742040734 910.757341581
78 0.0659739441894 85.6661642797 914.267861776
79 0.0636796018864 82.2960694295 917.640250969
80 0.0615515324283 79.058483836 920.879964632
81 0.0595688371341 75.9481644279 923.992266735
82 0.0577212463318 72.960131518 926.982147236
83 0.0559997077169 70.0895999747 929.854400318
84 0.05439618715 67.3319713362 932.613632477
85 0.0529003008332 64.6828061153 935.264293584
86 0.0515024444774 62.1378369613 937.810660594
87 0.0501935792167 59.6929610295 940.256845391
88 0.0489672610033 57.3442493515 942.606783387
89 0.0478173814903 55.0879238172 944.864258801
90 0.0467382243245 52.9203520694 947.032909706
91 0.0457245103943 50.8380467128 949.116228777
92 0.0447714199214 48.8376559469 951.117572633
93 0.0438745269641 46.9159582852 953.040167188
94 0.0430298803996 45.0698611321 954.887108988
95 0.0422338056297 43.2963916242 956.66137457
96 0.041482888013 41.5926922739 958.365824838
97 0.0407740937424 39.9560208679 960.003205038
98 0.0401046081254 38.3837416961 961.576153696
99 0.0394718086133 36.873321278 963.087206913
100 0.0388733329411 35.422328576 964.538798091
