Time S I R
1 997 3 0
2 995.462094182 4.39124179552 0.146664022756
3 993.216158902 6.42258348611 0.361257611518
4 989.942286951 9.38277418083 0.674938867849
5 985.182853578 13.6843341156 1.13281230639
6 978.290818318 19.9093962982 1.79978538432
7 968.366994206 28.8645476698 2.76845812399
8 954.193580466 41.6371284361 4.1692910984
9 934.184326608 59.6329256435 6.18274774826
10 906.393742504 84.5543126984 9.05194479795
11 868.657143378 118.250728466 13.0921281566
12 818.952282105 162.357550057 18.6901678385
13 756.038735616 217.676922729 26.284341655
14 680.283710452 283.400897644 36.315391904
15 594.329270277 356.522167787 49.1485619361
16 503.082683588 431.933110182 64.9842062299
17 412.731220494 503.477236126 83.7915433803
18 329.119416855 565.581873516 105.298709629
19 256.330248493 614.623839262 129.045912245
20 196.133542675 649.390079208 154.476378117
21 148.314563981 670.658442848 181.026993171
22 111.431032562 680.376711704 208.192255734
23 83.5458843082 680.89890249 235.555213201
24 62.7215327773 674.485688649 262.792778574
25 47.2684726831 663.065098583 289.666428734
26 35.8230612757 648.169793542 316.007145182
27 27.3347838076 630.965308068 341.699908125
28 21.0169899268 612.312838846 366.670171227
29 16.290481681 592.836514351 390.873003968
30 12.7325135901 572.982698646 414.284787764
31 10.0357221286 553.06720591 436.897071962
32 7.97677709405 533.311133294 458.712089611
33 6.39302667317 513.867466291 479.739507036
34 5.1655599136 494.840341925 499.994098162
35 4.20708786605 476.298826124 519.494086009
36 3.45304583467 458.287031366 538.259922799
37 2.85547357638 440.831069361 556.313457063
38 2.37851853781 423.944165061 573.677316402
39 1.99519499525 407.630340983 590.374464021
40 1.68505876998 391.887055843 606.427885387
41 1.43244342267 376.707200707 621.86035587
42 1.22537909541 362.080315237 636.694305668
43 1.05463022983 347.993671114 650.951698656
44 0.912997090051 334.433052357 664.653950553
45 0.794839999494 321.383276492 677.821883508
46 0.695726568839 308.828573734 690.475699697
47 0.612156934214 296.752881311 702.634961755
48 0.541360790919 285.140051992 714.318587217
49 0.481033238743 273.97413344 725.544833321
50 0.429418377493 263.23924568 736.331335943
51 0.38503860837 252.919869649 746.695091742
52 0.346733724848 243.000780394 756.652485882
53 0.313521181999 233.467183685 766.219295133
54 0.284616162954 224.30467244 775.410711397
55 0.259354872513 215.499290474 784.241354654
56 0.237197583231 207.037504064 792.725298353
57 0.217700702328 198.906227647 800.876071651
58 0.200478904156 191.092821235 808.706699861
59 0.185227551166 183.585064651 816.229707797
60 0.171676087462 176.371188248 823.457135665
61 0.159581928287 169.439879008 830.400539064
62 0.148750166862 162.780180549 837.071069284
63 0.139026613402 156.381539346 843.479434041
64 0.130291271083 150.233845986 849.635862743
65 0.122422200479 144.327326565 855.550251235
66 0.115304335731 138.652561167 861.232134498
67 0.108860065305 133.200547975 866.69059196
68 0.103014217055 127.962594373 871.93439141
69 0.0976901252532 122.930301827 876.972008047
70 0.0928350702783 118.095663659 881.81150127
71 0.0884017740275 113.450966628 886.460631598
72 0.0843382445421 108.988716724 890.926945031
73 0.0806110377945 104.701809154 895.217579808
74 0.0771889469802 100.583397038 899.339414015
75 0.0740396112681 96.6268456842 903.299114704
76 0.0711366735632 92.8258145836 907.103048743
77 0.0684543458862 89.174204055 910.757341599
78 0.0659739442278 85.6661642618 914.267861794
79 0.063679601924 82.2960694119 917.640250986
80 0.061551532465 79.0584838189 920.879964649
81 0.0595688371698 75.9481644112 923.992266752
82 0.0577212463666 72.9601315017 926.982147252
83 0.055999707751 70.0895999588 929.854400333
84 0.0543961871838 67.3319713207 932.613632492
85 0.0529003008663 64.6828061002 935.264293599
86 0.0515024445099 62.1378369466 937.810660609
87 0.0501935792488 59.6929610152 940.256845406
88 0.0489672610348 57.3442493375 942.606783401
89 0.0478173815214 55.0879238035 944.864258815
90 0.0467382243553 52.9203520561 947.03290972
91 0.0457245104245 50.8380466998 949.11622879
92 0.0447714199514 48.8376559343 951.117572646
93 0.0438745269937 46.9159582729 953.0401672
94 0.0430298804288 45.0698611201 954.887108999
95 0.0422338056586 43.2963916126 956.661374582
96 0.0414828880414 41.5926922626 958.365824849
97 0.0407740937708 39.9560208569 960.003205049
98 0.0401046081533 38.3837416854 961.576153706
99 0.0394718086409 36.8733212676 963.087206924
100 0.0388733329686 35.4223285659 964.538798101
