Time S I R
1 997 3 0
2 995.462093365 4.39124618634 0.146660448963
3 993.216154652 6.42259632471 0.361249023162
4 989.942274449 9.38280228851 0.674923262478
5 985.182824408 13.6843886785 1.13278691362
6 978.290758378 19.9094952292 1.79974639256
7 968.36688074 28.8647189355 2.76840032441
8 954.193378161 41.6374144087 4.16920743023
9 934.183983168 59.6333881004 6.18262873196
10 906.393185027 84.5550371257 9.05177784712
11 868.656278516 118.251824718 13.0918967666
12 818.951004682 162.359144654 18.6898506645
13 756.03695044 217.679138029 26.2839115309
14 680.281366963 283.403818067 36.3148149696
15 594.326398502 356.525804247 49.1477972513
16 503.079409433 431.937384062 64.9832065049
17 412.72774356 503.481999034 83.7902574057
18 329.11595749 565.586956111 105.2970864
19 256.326992712 614.629101437 129.043905851
20 196.130610846 649.395437179 154.473951975
21 148.312008886 670.663868603 181.024122511
22 111.428855537 680.382216363 208.1889281
23 83.5440558301 680.90451675 235.55142742
24 62.7200093542 674.491447765 262.788542881
25 47.2672078052 663.071033543 289.661758652
26 35.8220113167 648.175927151 316.002061532
27 27.3339105436 630.971654131 341.694435325
28 21.0162611502 612.319402914 366.664335936
29 16.289870849 592.843295107 390.866834044
30 12.7319991028 572.989689412 414.278311485
31 10.0352865273 553.074396006 436.890317467
32 7.97640630109 533.318509205 458.705084494
33 6.39270932988 513.875012607 479.732278063
34 5.16528685406 494.848042055 499.986671091
35 4.20685165823 476.30666288 519.486485462
36 3.45284043523 458.294987372 538.252172193
37 2.85529405694 440.839127368 556.305578575
38 2.37836085848 423.952308181 573.66933096
39 1.99505583588 407.638552848 590.366391316
40 1.68493537185 391.895320742 606.419743886
41 1.43233350915 376.715503629 621.852162862
42 1.22528076355 362.088641943 636.686077293
43 1.05454188476 348.002008162 650.943449954
44 0.912917391678 334.441387105 664.645695503
45 0.794767817741 321.3915971 677.813635083
46 0.695660944945 308.836869151 690.467469904
47 0.612097053307 296.761141259 702.626761688
48 0.541305955478 285.148266944 714.310427101
49 0.480982847942 273.982294595 725.536722557
50 0.42937191851 263.247344927 736.323283155
51 0.384995637417 252.927899545 746.687104818
52 0.346693857588 243.008734128 756.644572014
53 0.313484085239 233.475055052 766.211460863
54 0.284581544961 224.312455807 775.402962648
55 0.259322478933 215.50698075 784.233696771
56 0.237167190748 207.045096673 792.717736136
57 0.217672114345 198.913718496 800.868609389
58 0.20045194759 191.100206688 808.699341365
59 0.185202072505 183.592341501 816.222456427
60 0.171651950134 176.378353691 823.449994359
61 0.159559011091 169.446930619 830.39351037
62 0.148728363662 162.787116253 837.064155384
63 0.139005829889 156.388357405 843.472636765
64 0.130271422775 150.240544971 849.629183606
65 0.122403206013 144.333905324 855.54369147
66 0.115286127056 138.659018832 861.225695041
67 0.108842581997 133.206883931 866.684273487
68 0.102997398714 127.968808213 871.928194388
69 0.0976739214971 122.936393384 876.965932695
70 0.0928194362209 118.101632966 881.805547597
71 0.0883866650144 113.456813876 886.454799458
72 0.0843236233679 108.994442304 890.921234073
73 0.0805968703854 104.70741361 895.211989519
74 0.0771752007729 100.588881043 899.333943756
75 0.0740262568323 96.6322100502 903.293763693
76 0.0711236837448 92.8310602464 907.09781607
77 0.0684416951632 89.1793320583 910.752226247
78 0.0659616122938 85.6711757578 914.26286263
79 0.0636675669853 82.3009656298 917.635366803
80 0.0615397730926 79.063266063 920.875194164
81 0.0595573348738 75.9528340717 923.987608593
82 0.0577099877656 72.9646900586 926.977599954
83 0.0559886788695 70.0940489375 929.849962384
84 0.054385373992 67.3363122902 932.609302336
85 0.0528896894189 64.6870406692 935.260069641
86 0.0514920223317 62.1419667674 937.80654121
87 0.0501833351327 59.6969877776 940.252828887
88 0.0489571849345 57.3481747628 942.602868052
89 0.0478074637614 55.0917496342 944.860442902
90 0.0467284558396 52.9240800538 947.02919149
91 0.0457148826761 50.8416786421 949.112606475
92 0.0447619250626 48.8411936098 951.114044465
93 0.0438651575743 46.9194034778 953.036731365
94 0.0430206295729 45.0732156554 954.883763715
95 0.0422246668802 43.2996572802 956.658118053
96 0.0414738552606 41.5958708631 958.362655282
97 0.0407651612943 39.9591141871 960.000120652
98 0.0400957706274 38.3867515348 961.573152695
99 0.0394630610352 36.8762494171 963.084287522
100 0.0388646705617 35.4251767858 964.535958544
