Time S I R
1 997 3 0
2 995.45764224 4.39561962352 0.146738136305
3 993.202979902 6.43536637102 0.361653726593
4 989.913179114 9.41070470644 0.676116179451
5 985.12601789 13.7384032833 1.13557882642
6 978.187434126 20.0070559095 1.80550996419
7 968.187896085 29.0327169846 2.77938693083
8 953.895114865 41.9158857889 4.18899934617
9 933.70404958 60.0792070909 6.21674332878
10 905.647790139 85.2438171539 9.10839270738
11 867.542901383 119.27453876 13.1825598574
12 817.36161738 163.8085157 18.8298669198
13 753.886109073 219.621985792 26.491905135
14 677.546344801 285.842717687 36.6109375128
15 591.083246215 359.366325204 49.5504285815
16 499.509182639 434.985940662 65.5048766989
17 409.078075076 506.487561442 84.4343634816
18 325.633088161 568.309974235 106.056937603
19 253.195357688 616.900185882 129.90445643
20 193.447004399 651.137792277 155.415203324
21 146.09458134 671.880737068 182.024681592
22 109.643326212 681.128010772 209.228663016
23 82.1304924442 681.256573512 236.612934044
24 61.6120492525 674.530311937 263.857638811
25 46.402870696 662.869762238 290.727367066
26 35.1483045572 647.795882987 317.055812456
27 26.8077812818 630.462042783 342.730175936
28 20.6037962403 611.718538131 367.677665629
29 15.9648341686 592.180462823 391.854703008
30 12.4742974653 572.287006901 415.238695633
31 9.82961313168 552.348421276 437.821965592
32 7.81111168695 532.581567249 459.607321064
33 6.25891247266 513.136233018 480.604854509
34 5.05621170083 494.114131917 500.829656382
35 4.11729122694 475.582530303 520.30017847
36 3.37878027899 457.584179497 539.037040225
37 2.79362741908 440.144161921 557.06221066
38 2.32666529221 423.274934076 574.398400632
39 1.95143893462 406.979930121 591.068630944
40 1.64788762932 391.256191687 607.095920684
41 1.40067490464 376.09625573 622.503069365
42 1.19806772827 361.489416077 637.312516194
43 1.03101186028 347.42276335 651.54622479
44 0.892456863536 333.881938107 665.22560503
45 0.776881452734 320.851649542 678.371469005
46 0.679944535579 308.316051086 691.004004378
47 0.59821993024 296.259023276 703.142756794
48 0.528991061301 284.664384887 714.806624052
49 0.470001824317 273.516154624 726.013843551
50 0.419536885156 262.79843244 736.782030674
51 0.376150836981 252.495688574 747.128160589
52 0.338704866891 242.592699014 757.068596119
53 0.30624167806 233.07466573 766.619092592
54 0.277988481117 223.92719212 775.794819399
55 0.253300074066 215.136324111 784.610375815
56 0.231646573506 206.688540231 793.079813195
57 0.212593248495 198.570764606 801.216642146
58 0.195764970217 190.77036902 809.03386601
59 0.180864370594 183.275144389 816.54399124
60 0.167623353925 176.073340125 823.759036522
61 0.155804387402 169.153657212 830.690538401
62 0.14522001107 162.505141327 837.349638662
63 0.135720477931 156.117263786 843.747015736
64 0.127189993975 149.979931017 849.892878989
65 0.119501928738 144.08336824 855.797129832
66 0.112548948783 138.418182229 861.469268823
67 0.106256638188 132.97538886 866.918354502
68 0.100546086096 127.746288381 872.153165532
69 0.0953457333444 122.722510702 877.182143564
70 0.0906083811913 117.89609159 882.013300029
71 0.0862746508935 113.259233397 886.654491952
72 0.0823061510471 108.804546522 891.113147327
73 0.0786670385929 104.52491517 895.396417792
74 0.0753255652007 100.413488844 899.511185591
75 0.0722505708461 96.4636505348 903.464098894
76 0.0694160486362 92.6690707637 907.261513188
77 0.0667965395849 89.0236588828 910.909544578
78 0.0643755205077 85.5215791793 914.4140453
79 0.0621358628663 82.1572076982 917.780656439
80 0.0600573040126 78.9251122515 921.014830444
81 0.0581202093856 75.8200647277 924.121815063
82 0.056316060685 72.8371031746 927.106580765
83 0.0546355758445 69.9714470412 929.973917383
84 0.0530705488159 67.2185028488 932.728426602
85 0.0516103095403 64.5738353375 935.374554353
86 0.0502455386692 62.0331847181 937.916569743
87 0.0489675910517 59.5924566309 940.358575778
88 0.0477704152647 57.247730273 942.704499312
89 0.0466478955348 54.9952324507 944.958119654
90 0.0455944369642 52.8313372323 947.123068331
91 0.0446048738556 50.752563383 949.202831743
92 0.0436744947499 48.7555642789 951.200761226
93 0.0427989872322 46.8371241928 953.12007682
94 0.041974499483 44.9941559469 954.963869554
95 0.0411974205526 43.22369114 956.735111439
96 0.0404644274711 41.5228775642 958.436658008
97 0.0397725711177 39.8889780192 960.07124941
98 0.0391190855312 38.3193606391 961.641520275
99 0.0385014183224 36.8114967554 963.150001826
100 0.0379172654098 35.3629596004 964.599123134
