Time S I R
1 997 3 0
2 995.462093365 4.39124618629 0.146660448962
3 993.216154652 6.42259632456 0.361249023157
4 989.942274449 9.38280228819 0.674923262464
5 985.182824409 13.6843886779 1.13278691358
6 978.290758379 19.9094952281 1.79974639249
7 968.366880742 28.8647189335 2.76840032428
8 954.193378165 41.6374144055 4.16920742999
9 934.183983173 59.6333880953 6.18262873156
10 906.393185036 84.5550371177 9.05177784645
11 868.656278529 118.251824706 13.0918967655
12 818.9510047 162.359144637 18.6898506628
13 756.036950465 217.679138007 26.2839115285
14 680.281366995 283.403818039 36.3148149662
15 594.32639854 356.525804213 49.1477972466
16 503.079409475 431.937384027 64.9832064988
17 412.727743603 503.481998999 83.7902573981
18 329.115957531 565.586956079 105.297086391
19 256.326992749 614.62910141 129.043905841
20 196.130610878 649.395437158 154.473951964
21 148.312008912 670.663868589 181.024122499
22 111.428855558 680.382216354 208.188928087
23 83.5440558467 680.904516746 235.551427407
24 62.7200093673 674.491447765 262.788542868
25 47.2672078153 663.071033545 289.66175864
26 35.8220113246 648.175927155 316.00206152
27 27.3339105498 630.971654137 341.694435313
28 21.016261155 612.319402921 366.664335924
29 16.2898708529 592.843295115 390.866834032
30 12.7319991059 572.989689421 414.278311474
31 10.0352865297 553.074396015 436.890317456
32 7.97640630304 533.318509214 458.705084483
33 6.39270933145 513.875012616 479.732278053
34 5.16528685534 494.848042064 499.986671081
35 4.20685165928 476.306662888 519.486485452
36 3.4528404361 458.29498738 538.252172183
37 2.85529405766 440.839127377 556.305578566
38 2.37836085909 423.952308189 573.669330952
39 1.99505583639 407.638552856 590.366391307
40 1.68493537229 391.895320749 606.419743878
41 1.43233350952 376.715503636 621.852162854
42 1.22528076387 362.08864195 636.686077286
43 1.05454188503 348.002008168 650.943449946
44 0.912917391918 334.441387112 664.645695496
45 0.794767817951 321.391597106 677.813635076
46 0.695660945129 308.836869157 690.467469898
47 0.61209705347 296.761141265 702.626761682
48 0.541305955623 285.14826695 714.310427095
49 0.480982848071 273.982294601 725.536722551
50 0.429371918626 263.247344932 736.323283149
51 0.384995637521 252.92789955 746.687104812
52 0.346693857681 243.008734133 756.644572009
53 0.313484085324 233.475055057 766.211460858
54 0.284581545038 224.312455811 775.402962644
55 0.259322479003 215.506980755 784.233696766
56 0.237167190812 207.045096678 792.717736132
57 0.217672114404 198.913718501 800.868609385
58 0.200451947645 191.100206692 808.699341361
59 0.185202072556 183.592341505 816.222456423
60 0.171651950181 176.378353695 823.449994355
61 0.159559011135 169.446930623 830.393510366
62 0.148728363703 162.787116256 837.06415538
63 0.139005829928 156.388357409 843.472636761
64 0.130271422811 150.240544974 849.629183603
65 0.122403206047 144.333905327 855.543691467
66 0.115286127089 138.659018835 861.225695038
67 0.108842582028 133.206883934 866.684273484
68 0.102997398743 127.968808216 871.928194386
69 0.0976739215245 122.936393386 876.965932692
70 0.0928194362473 118.101632969 881.805547595
71 0.0883866650394 113.456813879 886.454799456
72 0.0843236233918 108.994442306 890.92123407
73 0.0805968704083 104.707413612 895.211989517
74 0.077175200795 100.588881045 899.333943754
75 0.0740262568536 96.6322100523 903.293763691
76 0.0711236837652 92.8310602484 907.097816068
77 0.0684416951829 89.1793320602 910.752226245
78 0.0659616123128 85.6711757597 914.262862628
79 0.0636675670038 82.3009656316 917.635366801
80 0.0615397731103 79.0632660647 920.875194162
81 0.0595573348909 75.9528340733 923.987608592
82 0.0577099877821 72.9646900601 926.977599952
83 0.0559886788857 70.0940489391 929.849962382
84 0.0543853740078 67.3363122917 932.609302334
85 0.0528896894341 64.6870406706 935.26006964
86 0.0514920223465 62.1419667687 937.806541209
87 0.050183335147 59.6969877789 940.252828886
88 0.0489571849486 57.3481747641 942.602868051
89 0.047807463775 55.0917496354 944.860442901
90 0.046728455853 52.9240800549 947.029191489
91 0.0457148826891 50.8416786433 949.112606474
92 0.0447619250755 48.8411936108 951.114044464
93 0.0438651575869 46.9194034788 953.036731364
94 0.0430206295853 45.0732156563 954.883763714
95 0.0422246668924 43.2996572812 956.658118052
96 0.0414738552727 41.5958708641 958.362655281
97 0.0407651613061 39.959114188 960.000120651
98 0.040095770639 38.3867515356 961.573152694
99 0.0394630610467 36.8762494179 963.084287521
100 0.038864670573 35.4251767866 964.535958543
