Time S I R
1 997 3 0
2 995.45754933 4.39575730123 0.14669336883
3 993.202680994 6.43576889451 0.361550111181
4 989.9124782 9.41158555319 0.675936247016
5 985.12458683 13.7401115913 1.13530157876
6 978.184740347 20.0101484131 1.80511123975
7 968.183102051 29.0380573234 2.778840626
8 953.886950269 41.9247698763 4.18827985442
9 933.690673926 60.0934967455 6.2158293282
10 905.626697955 85.2660304587 9.10727158606
11 867.510976903 119.307792887 13.18123021
12 817.315498635 163.856167847 18.8283335185
13 753.823001943 219.686840303 26.4901577544
14 677.465224127 285.925869814 36.608906059
15 590.985984577 359.466098475 49.5479169477
16 499.400837753 435.097664819 65.5014974286
17 408.965854864 506.604634984 84.4295101522
18 325.524386702 568.425790723 106.049822575
19 253.095933939 617.009858449 129.894207612
20 193.360128564 651.238889601 155.400981834
21 146.021203218 671.973018162 182.00577862
22 109.582782378 681.212663842 209.204553781
23 82.0812680132 681.335441814 236.583290172
24 61.5723465438 674.605341103 263.822312354
25 46.3709440659 662.942695457 290.686360477
26 35.1226168974 647.868137739 317.009245364
27 26.7870510496 630.534694715 342.678254236
28 20.5869886552 611.792355838 367.620655507
29 15.9511289465 592.255960815 391.792910239
30 12.4630506631 572.364499627 415.17244971
31 9.82032175888 552.428070314 437.751607927
32 7.8033830361 532.663420724 459.53319624
33 6.2524393535 513.220256617 480.527304029
34 5.05075347051 494.200232213 500.749014317
35 4.11265803357 475.670573676 520.216768291
36 3.37482180847 457.674005372 538.95117282
37 2.79022418317 440.235592754 556.974183063
38 2.32372163034 423.367783148 574.308495221
39 1.94887806822 407.074006798 590.977115134
40 1.64564687053 391.351306385 607.003046744
41 1.39870370752 376.192221545 622.409074747
42 1.19632477357 361.586051489 637.217623737
43 1.02946291983 347.519894001 651.450643079
44 0.891073693215 333.979397392 665.129528915
45 0.775640636045 320.94927923 678.275080134
46 0.67882654252 308.41370173 690.907471727
47 0.597208378721 296.356554388 703.046237234
48 0.528071984312 284.76166513 714.710262885
49 0.469163486468 273.613061381 725.917775133
50 0.418769299965 262.894851753 736.686378947
51 0.375445567508 252.591514793 747.033039639
52 0.338054557381 242.687834764 756.974110678
53 0.305640117451 233.169021305 766.525338578
54 0.277430187051 224.020685429 775.701884384
55 0.252780383961 215.228880079 784.518339537
56 0.231161395408 206.780090629 792.988747976
57 0.212138998549 198.661247611 801.126613391
58 0.195338543973 190.859728904 808.944932552
59 0.180463037694 183.363331181 816.456205782
60 0.167244647584 176.160309404 823.672445949
61 0.155446135908 169.239369621 830.605184243
62 0.144880366203 162.58956213 837.265557504
63 0.135397824489 156.200363036 843.664239139
64 0.126882891024 150.061682953 849.811434156
65 0.119208927555 144.16375077 855.717040302
66 0.11226889842 138.497177365 861.390553737
67 0.105988521434 133.052982091 866.841029387
68 0.10028884568 127.82246791 872.077243244
69 0.0950985242148 122.797268262 877.107633214
70 0.0903704202752 117.969421504 881.940208076
71 0.086045241487 113.331132724 886.582822035
72 0.0820846427644 108.875014592 891.042900765
73 0.0784528787553 104.593953865 895.327593256
74 0.0751181923829 100.48110144 899.443780367
75 0.0720495052469 96.5298426564 903.398107838
76 0.0692208350054 92.7338497267 907.196929438
77 0.0666067653947 89.0870336032 910.846359631
78 0.0641908558061 85.5835601432 914.352249001
79 0.0619559414639 82.2178064367 917.720237622
80 0.0598817540356 78.9843413231 920.955776923
81 0.0579487546817 75.8779382923 924.064112953
82 0.0561484822155 72.8936365974 927.05021492
83 0.0544716531579 70.0266564298 929.918871917
84 0.0529100474968 67.2724048989 932.674685054
85 0.0514530056931 64.6264474348 935.322099559
86 0.0500912272817 62.0845249111 937.865383862
87 0.0488160959176 59.6425436455 940.308640259
88 0.0476215745009 57.2965833293 942.655795096
89 0.0465015541839 55.0428711484 944.910627297
90 0.0454504495408 52.8777815441 947.076768006
91 0.0444631052027 50.7978335906 949.157703304
92 0.0435348186253 48.7996808977 951.156784284
93 0.0426612862648 46.8801079491 953.077230765
94 0.0418386639103 45.036027719 954.922133617
95 0.0410633471524 43.2644719007 956.694464752
96 0.0403320200705 41.5625883712 958.397079609
97 0.0396417396954 39.9276399608 960.032718299
98 0.0389897453231 38.3569947856 961.604015469
99 0.0383734900419 36.848124156 963.113502354
100 0.0377906746229 35.398601241 964.563608084
