Time S I R
1 997 3 0
2 995.462093365 4.39124618634 0.146660448957
3 993.216154652 6.42259632471 0.361249023147
4 989.942274449 9.38280228852 0.674923262449
5 985.182824408 13.6843886785 1.13278691357
6 978.290758378 19.9094952293 1.79974639248
7 968.36688074 28.8647189355 2.76840032429
8 954.193378161 41.6374144088 4.16920743005
9 934.183983168 59.6333881006 6.1826287317
10 906.393185027 84.5550371259 9.05177784674
11 868.656278516 118.251824718 13.091896766
12 818.951004682 162.359144654 18.6898506637
13 756.03695044 217.67913803 26.2839115298
14 680.281366963 283.403818069 36.3148149682
15 594.326398502 356.525804249 49.1477972494
16 503.079409433 431.937384065 64.9832065023
17 412.727743559 503.481999038 83.7902574024
18 329.115957489 565.586956115 105.297086396
19 256.326992711 614.629101442 129.043905847
20 196.130610845 649.395437185 154.473951969
21 148.312008885 670.663868611 181.024122504
22 111.428855536 680.382216371 208.188928092
23 83.5440558291 680.90451676 235.551427411
24 62.7200093533 674.491447775 262.788542872
25 47.2672078043 663.071033553 289.661758642
26 35.8220113159 648.175927162 316.002061522
27 27.3339105429 630.971654143 341.694435314
28 21.0162611495 612.319402926 366.664335924
29 16.2898708485 592.84329512 390.866834031
30 12.7319991023 572.989689425 414.278311472
31 10.0352865269 553.07439602 436.890317454
32 7.9764063007 533.318509219 458.70508448
33 6.39270932953 513.875012622 479.732278049
34 5.16528685375 494.84804207 499.986671076
35 4.20685165796 476.306662894 519.486485448
36 3.45284043499 458.294987387 538.252172178
37 2.85529405672 440.839127383 556.30557856
38 2.37836085828 423.952308196 573.669330945
39 1.99505583571 407.638552864 590.366391301
40 1.68493537169 391.895320757 606.419743871
41 1.432333509 376.715503644 621.852162847
42 1.22528076342 362.088641959 636.686077278
43 1.05454188464 348.002008177 650.943449938
44 0.91291739157 334.441387121 664.645695488
45 0.794767817643 321.391597115 677.813635067
46 0.695660944855 308.836869166 690.467469889
47 0.612097053224 296.761141274 702.626761673
48 0.541305955402 285.148266959 714.310427086
49 0.480982847871 273.98229461 725.536722542
50 0.429371918445 263.247344942 736.32328314
51 0.384995637356 252.92789956 746.687104803
52 0.34669385753 243.008734143 756.644572
53 0.313484085185 233.475055066 766.211460848
54 0.28458154491 224.312455821 775.402962634
55 0.259322478885 215.506980764 784.233696757
56 0.237167190703 207.045096687 792.717736122
57 0.217672114303 198.91371851 800.868609376
58 0.20045194755 191.100206701 808.699341351
59 0.185202072467 183.592341514 816.222456414
60 0.171651950098 176.378353704 823.449994346
61 0.159559011057 169.446930632 830.393510357
62 0.14872836363 162.787116265 837.064155371
63 0.139005829858 156.388357418 843.472636753
64 0.130271422745 150.240544983 849.629183594
65 0.122403205985 144.333905336 855.543691458
66 0.115286127029 138.659018844 861.225695029
67 0.108842581971 133.206883943 866.684273475
68 0.102997398689 127.968808224 871.928194377
69 0.0976739214725 122.936393395 876.965932684
70 0.0928194361975 118.101632977 881.805547587
71 0.0883866649915 113.456813887 886.454799448
72 0.0843236233458 108.994442314 890.921234063
73 0.080596870364 104.70741362 895.211989509
74 0.0771752007522 100.588881053 899.333943746
75 0.0740262568122 96.6322100598 903.293763683
76 0.0711236837253 92.8310602558 907.09781606
77 0.068441695144 89.1793320675 910.752226237
78 0.0659616122751 85.6711757668 914.262862621
79 0.0636675669673 82.3009656386 917.635366794
80 0.0615397730749 79.0632660716 920.875194155
81 0.0595573348562 75.95283408 923.987608585
82 0.0577099877484 72.9646900667 926.977599946
83 0.0559886788527 70.0940489455 929.849962376
84 0.0543853739754 67.336312298 932.609302328
85 0.0528896894026 64.6870406768 935.260069634
86 0.0514920223156 62.1419667747 937.806541203
87 0.0501833351168 59.6969877848 940.25282888
88 0.0489571849189 57.3481747698 942.602868045
89 0.0478074637459 55.091749641 944.860442895
90 0.0467284558243 52.9240800604 947.029191484
91 0.0457148826611 50.8416786486 949.112606469
92 0.0447619250477 48.8411936161 951.114044459
93 0.0438651575597 46.9194034839 953.036731359
94 0.0430206295584 45.0732156613 954.883763709
95 0.0422246668661 43.299657286 956.658118047
96 0.0414738552466 41.5958708688 958.362655276
97 0.0407651612804 39.9591141926 960.000120646
98 0.0400957706138 38.3867515402 961.573152689
99 0.0394630610215 36.8762494223 963.084287517
100 0.0388646705482 35.4251767909 964.535958539
