Time S I R
1 997 3 0
2 995.45764224 4.39561962353 0.146738136305
3 993.202979902 6.43536637105 0.361653726593
4 989.913179114 9.4107047065 0.676116179452
5 985.12601789 13.7384032834 1.13557882642
6 978.187434126 20.0070559097 1.80550996419
7 968.187896084 29.032716985 2.77938693085
8 953.895114864 41.9158857895 4.1889993462
9 933.704049579 60.0792070919 6.21674332884
10 905.647790137 85.2438171554 9.10839270748
11 867.542901381 119.274538762 13.1825598576
12 817.361617376 163.808515704 18.82986692
13 753.886109068 219.621985796 26.4919051353
14 677.546344795 285.842717692 36.6109375133
15 591.083246208 359.36632521 49.5504285822
16 499.509182631 434.985940669 65.5048766999
17 409.078075068 506.487561449 84.4343634828
18 325.633088154 568.309974242 106.056937605
19 253.195357681 616.900185888 129.904456431
20 193.447004393 651.137792281 155.415203326
21 146.094581336 671.880737071 182.024681593
22 109.643326208 681.128010774 209.228663018
23 82.1304924411 681.256573513 236.612934046
24 61.6120492501 674.530311937 263.857638812
25 46.4028706941 662.869762238 290.727367068
26 35.1483045557 647.795882987 317.055812458
27 26.8077812806 630.462042782 342.730175937
28 20.6037962393 611.71853813 367.677665631
29 15.9648341679 592.180462823 391.85470301
30 12.4742974647 572.287006901 415.238695635
31 9.82961313121 552.348421275 437.821965593
32 7.81111168657 532.581567248 459.607321065
33 6.25891247235 513.136233017 480.60485451
34 5.05621170057 494.114131916 500.829656383
35 4.11729122673 475.582530302 520.300178471
36 3.37878027882 457.584179496 539.037040225
37 2.79362741893 440.144161921 557.06221066
38 2.32666529209 423.274934076 574.398400632
39 1.95143893451 406.979930121 591.068630945
40 1.64788762923 391.256191687 607.095920684
41 1.40067490456 376.09625573 622.503069366
42 1.19806772821 361.489416077 637.312516195
43 1.03101186022 347.42276335 651.54622479
44 0.892456863485 333.881938106 665.22560503
45 0.776881452689 320.851649542 678.371469006
46 0.67994453554 308.316051086 691.004004378
47 0.598219930205 296.259023276 703.142756794
48 0.528991061269 284.664384886 714.806624052
49 0.470001824289 273.516154624 726.013843552
50 0.419536885131 262.79843244 736.782030675
51 0.376150836958 252.495688574 747.128160589
52 0.33870486687 242.592699014 757.06859612
53 0.306241678041 233.07466573 766.619092592
54 0.277988481099 223.92719212 775.794819399
55 0.253300074051 215.136324111 784.610375815
56 0.231646573491 206.688540231 793.079813195
57 0.212593248482 198.570764606 801.216642146
58 0.195764970204 190.77036902 809.03386601
59 0.180864370582 183.275144389 816.54399124
60 0.167623353914 176.073340125 823.759036521
61 0.155804387392 169.153657212 830.690538401
62 0.145220011061 162.505141327 837.349638662
63 0.135720477922 156.117263786 843.747015736
64 0.127189993966 149.979931017 849.892878989
65 0.11950192873 144.08336824 855.797129831
66 0.112548948775 138.418182229 861.469268822
67 0.106256638181 132.97538886 866.918354502
68 0.10054608609 127.746288382 872.153165532
69 0.095345733338 122.722510703 877.182143564
70 0.0906083811851 117.89609159 882.013300029
71 0.0862746508876 113.259233397 886.654491952
72 0.0823061510415 108.804546522 891.113147326
73 0.0786670385876 104.52491517 895.396417791
74 0.0753255651955 100.413488844 899.511185591
75 0.0722505708411 96.463650535 903.464098894
76 0.0694160486313 92.6690707639 907.261513187
77 0.0667965395803 89.023658883 910.909544577
78 0.0643755205032 85.5215791795 914.4140453
79 0.0621358628619 82.1572076984 917.780656439
80 0.0600573040084 78.9251122518 921.014830444
81 0.0581202093814 75.8200647279 924.121815063
82 0.0563160606811 72.8371031748 927.106580764
83 0.0546355758406 69.9714470414 929.973917383
84 0.053070548812 67.218502849 932.728426602
85 0.0516103095365 64.5738353377 935.374554353
86 0.0502455386655 62.0331847183 937.916569743
87 0.0489675910483 59.5924566311 940.358575778
88 0.0477704152614 57.2477302732 942.704499312
89 0.0466478955312 54.9952324509 944.958119654
90 0.0455944369609 52.8313372325 947.12306833
91 0.0446048738523 50.7525633832 949.202831743
92 0.0436744947467 48.7555642791 951.200761226
93 0.042798987229 46.837124193 953.12007682
94 0.0419744994799 44.9941559471 954.963869553
95 0.0411974205496 43.2236911402 956.735111439
96 0.0404644274682 41.5228775644 958.436658008
97 0.0397725711149 39.8889780194 960.071249409
98 0.0391190855285 38.3193606393 961.641520275
99 0.0385014183196 36.8114967556 963.150001826
100 0.037917265407 35.3629596005 964.599123134
