Time S I R
1 997 3 0
2 995.466540105 4.38687708042 0.146582814499
3 993.229303664 6.40985145068 0.360844884949
4 989.971285336 9.35498177037 0.673732893983
5 985.239413645 13.630583276 1.13000307909
6 978.393596355 19.8123997646 1.79400388072
7 968.544876712 28.6976612083 2.75746207949
8 954.489779542 41.3607037399 4.14951671788
9 934.660648061 59.1906414232 6.1487105154
10 907.133244395 83.8712365904 8.99551901453
11 869.761645889 117.236516969 13.0018371423
12 820.529559639 160.919654124 18.5507862377
13 758.175056743 215.747641433 26.0773018231
14 683.00423165 280.975245895 36.0205224552
15 597.561790611 353.690880297 48.7473290916
16 506.650124645 428.886108296 64.463767059
17 416.38821234 500.463714336 83.1480733236
18 332.619214241 562.842326464 104.538459295
19 259.48561068 612.330803448 128.183585872
20 198.844024355 647.624184025 153.53179162
21 150.55882786 669.419655699 180.021516441
22 113.241262024 679.612623246 207.14611473
23 84.9809782857 680.533048261 234.485973454
24 63.847603888 674.437586641 261.714809471
25 48.1476976125 663.261309679 288.590992709
26 36.5088346532 648.548383428 314.942781919
27 27.8706185027 631.476462232 340.652919265
28 21.4372348117 612.917680998 365.64508419
29 16.6217528066 593.505271875 389.872975318
30 12.9952210603 573.692847799 413.31193114
31 10.2454289497 553.801857461 435.952713589
32 8.14533847428 534.057693314 457.796968211
33 6.5294781207 514.616598454 478.853923425
34 5.2768075613 495.585163388 499.13802905
35 4.29843619456 477.034292982 518.667270823
36 3.52858588697 459.009486936 537.461927177
37 2.91837264659 441.537906894 555.543720459
38 2.43124656572 424.633563496 572.935189939
39 2.03968300927 408.301080052 589.659236939
40 1.72284478729 392.538346149 605.738809064
41 1.46472915508 377.338616935 621.19665391
42 1.25313147303 362.691678159 636.055190368
43 1.07862567804 348.584995454 650.336378868
44 0.933860972411 335.004500547 664.061638481
45 0.813076928111 321.935124051 677.251799021
46 0.711750462059 309.361174268 689.92707527
47 0.626305314639 297.266650032 702.107044653
48 0.553913721913 285.635444104 713.810642174
49 0.492226949845 274.451628937 725.056144114
50 0.439442027496 263.699353613 735.86120436
51 0.394053295846 253.363106458 746.242840246
52 0.354874690004 243.427667936 756.217457374
53 0.320901448435 233.878245437 765.800853114
54 0.291334003422 224.700425572 775.008240424
55 0.265490836968 215.880250092 783.854259071
56 0.242821515053 207.404174701 792.353003784
57 0.222874433278 199.259105001 800.518020566
58 0.205253350662 191.432389904 808.362356745
59 0.189645681922 183.911800154 815.898554164
60 0.175778668091 176.685547796 823.138673536
61 0.163405117618 169.742304173 830.09429071
62 0.152322363906 163.071114637 836.776562999
63 0.142371924885 156.661400841 843.196227235
64 0.13342836824 150.503035688 849.363535943
65 0.125375594288 144.586249545 855.288374861
66 0.118090753215 138.9015963 860.980312946
67 0.111492502014 133.440055185 866.448452313
68 0.105508992509 128.192940003 871.701551005
69 0.100059561272 123.151828574 876.748111865
70 0.0950887909593 118.308694319 881.59621689
71 0.0905508637286 113.655831643 886.253617494
72 0.0863910123697 109.18572138 890.727887608
73 0.0825747427943 104.891245149 895.026180108
74 0.079070704222 100.765553178 899.155376118
75 0.0758460288232 96.8020012012 903.12215277
76 0.0728736436772 92.99423448 906.932891876
77 0.0701278432985 89.3361457143 910.593726442
78 0.0675872838452 85.8218692363 914.11054348
79 0.065237361915 82.4457774526 917.488985185
80 0.063058729216 79.2024310303 920.734510241
81 0.0610301178383 76.0865779346 923.852391948
82 0.0591386113297 73.0932148021 926.847646587
83 0.0573756450167 70.2175537421 929.725070613
84 0.0557330200519 67.4549892643 932.489277716
85 0.0542009896827 64.8010799924 935.144719018
86 0.0527695349095 62.2515501977 937.695680267
87 0.0514294193051 59.8022900238 940.146280557
88 0.0501735875285 57.4493606888 942.500465724
89 0.048996002296 55.1889796352 944.762024363
90 0.047890814438 53.0175083532 946.934600832
91 0.0468526415294 50.9314529701 949.021694388
92 0.0458765470477 48.9274565154 951.026666938
93 0.0449580017315 47.0022920207 952.952749978
94 0.0440929397018 45.1528610887 954.803045972
95 0.0432776238275 43.3761864087 956.580535967
96 0.0425085602201 41.6694055845 958.288085855
97 0.0417826135086 40.0297708382 959.928446548
98 0.0410969241666 38.4546427079 961.504260368
99 0.0404488047282 36.9414831886 963.018068007
100 0.0398358260373 35.4878564947 964.472307679
