Time S I R
1 997 3 0
2 995.466447421 4.38701448511 0.146538093666
3 993.22900612 6.41025238539 0.360741494133
4 989.970588994 9.35585743881 0.673553567445
5 985.23799456 13.6322783254 1.12972711449
6 978.390929787 19.8154626896 1.79360752348
7 968.540138748 28.7029414972 2.75691975463
8 954.481721833 41.3694746959 4.14880347086
9 934.647462252 59.2047319441 6.14780580421
10 907.112465777 83.893123025 8.9944111985
11 869.730198266 117.269275497 13.0005262365
12 820.484095984 160.966624445 18.5492795713
13 758.112736719 215.811669061 26.0755942197
14 682.923890914 281.057555835 36.0185532513
15 597.4650777 353.790004867 48.7449174328
16 506.541861171 428.997592937 64.4605458922
17 416.275465745 500.58107645 83.1434578051
18 332.509399198 562.958922188 104.531678614
19 259.384645383 612.441579613 128.173775004
20 198.755394149 647.726498189 153.518107662
21 150.483675832 669.513086642 180.003237526
22 113.179056828 679.698245286 207.122697887
23 84.9302746825 680.612654711 234.457070607
24 63.806626379 674.513119586 261.680254035
25 48.1146944364 663.334534636 288.550770928
26 36.4822485192 648.620751342 314.897000139
27 27.8491426416 631.549084435 340.601772924
28 21.4198094335 612.991359022 365.588831545
29 16.6075351963 593.580548469 389.811916334
30 12.9835479444 573.770060864 413.246391191
31 10.2357813251 553.881187362 435.883031313
32 8.13731059695 534.139202931 457.723486472
33 6.5227523353 514.70026485 478.776982815
34 5.27113462099 495.67090207 499.057963309
35 4.29361949781 477.121976924 518.584403578
36 3.5244696766 459.098960513 537.376569811
37 2.91483301744 441.628996239 555.456170744
38 2.42818429783 424.726084525 572.845731177
39 2.03701836719 408.394844046 589.568137587
40 1.72051280867 392.633164654 605.646322538
41 1.46267747685 377.434303659 621.103018865
42 1.25131693411 362.788052239 635.960630827
43 1.07701281939 348.681882523 650.241104658
44 0.932420489818 335.10173383 663.96584568
45 0.811784532967 322.032544975 677.155670492
46 0.710585781512 309.458633052 689.830781167
47 0.625251313991 297.364005685 702.010743001
48 0.552956026015 285.732564553 713.714479421
49 0.491353193118 274.548391132 724.960255674
50 0.438641955257 263.795642801 735.765715244
51 0.393318026378 253.45881644 746.147865534
52 0.354196659368 243.522700565 756.123102775
53 0.320274135053 233.972510397 765.707215468
54 0.290751746994 224.793840058 774.915408195
55 0.264948768115 215.972738395 783.762312837
56 0.24231539733 207.49566794 792.262016663
57 0.222400513033 199.34954073 800.428058757
58 0.20480839683 191.521711808 808.273479795
59 0.18922687444 183.999957646 815.810815479
60 0.17538344764 176.772495875 823.052120677
61 0.163031206807 169.828003041 830.008965753
62 0.151967830141 163.155528956 836.692503214
63 0.142035070161 156.74450015 843.11346478
64 0.133107737217 150.584793868 849.282098395
65 0.125069666903 144.666643987 855.208286346
66 0.117798303767 138.980608525 860.901593171
67 0.111212486425 133.517670356 866.371117157
68 0.105240338352 128.269145999 871.625613663
69 0.0998013523376 123.22661661 876.673582038
70 0.0948402520635 118.382058698 881.52310105
71 0.0903112140277 113.727768649 886.181920137
72 0.0861595980783 109.256230215 890.657610187
73 0.0823509735932 104.960327298 894.957321729
74 0.0788540289763 100.833211975 899.087933996
75 0.0756359297875 96.8682417869 903.056122283
76 0.0726696557988 93.0590639613 906.868266383
77 0.0699295147004 89.3995727189 910.530497766
78 0.0673942806867 85.8839041089 914.04870161
79 0.0650493217188 82.5064316146 917.428519064
80 0.0628752816662 79.2617169331 920.675407785
81 0.060850910698 76.1445091336 923.794639956
82 0.0589634361031 73.1498066606 926.791229903
83 0.0572042704614 70.2728222231 929.669973506
84 0.0555652269989 67.5089510836 932.435483689
85 0.0540365356439 64.8537523346 935.09221113
86 0.0526082085115 62.3029509981 937.644440793
87 0.0512710246203 59.8524378033 940.096291172
88 0.050017961419 57.49827461 942.451707429
89 0.0488429834234 55.2366792056 944.714477811
90 0.0477402518285 53.0640134417 946.888246306
91 0.0467043937372 50.9767837799 948.976511826
92 0.0457304826078 48.9716334896 950.982636028
93 0.044813997732 47.045335802 952.9098502
94 0.0439508819925 45.1947924969 954.761256621
95 0.0431374049385 43.4170263606 956.539836234
96 0.0423700793276 41.7091750668 958.248454854
97 0.0416457769858 40.0684908995 959.889863324
98 0.0409616436467 38.4923343758 961.466703981
99 0.0403149972573 36.9781674582 962.981517545
100 0.0397034140467 35.5235543191 964.436742267
