Time S I R
1 997 3 0
2 995.45764224 4.39561962351 0.146738136302
3 993.202979902 6.43536637099 0.361653726584
4 989.913179114 9.41070470636 0.676116179433
5 985.12601789 13.7384032832 1.13557882639
6 978.187434127 20.0070559092 1.80550996413
7 968.187896085 29.0327169841 2.77938693074
8 953.895114866 41.9158857881 4.18899934602
9 933.704049582 60.0792070897 6.21674332855
10 905.647790141 85.243817152 9.10839270702
11 867.542901386 119.274538757 13.1825598569
12 817.361617385 163.808515697 18.829866919
13 753.886109079 219.621985787 26.4919051338
14 677.546344809 285.84271768 36.6109375112
15 591.083246224 359.366325196 49.5504285793
16 499.509182649 434.985940655 65.5048766961
17 409.078075087 506.487561435 84.4343634781
18 325.633088171 568.30997423 106.056937599
19 253.195357697 616.900185879 129.904456425
20 193.447004406 651.137792276 155.415203319
21 146.094581346 671.880737068 182.024681585
22 109.643326217 681.128010774 209.228663009
23 82.1304924478 681.256573515 236.612934037
24 61.6120492552 674.530311942 263.857638803
25 46.4028706981 662.869762244 290.727367058
26 35.1483045588 647.795882994 317.055812448
27 26.8077812829 630.46204279 342.730175927
28 20.6037962411 611.718538139 367.67766562
29 15.9648341693 592.180462832 391.854702999
30 12.4742974658 572.28700691 415.238695624
31 9.82961313206 552.348421285 437.821965583
32 7.81111168723 532.581567258 459.607321055
33 6.25891247287 513.136233027 480.6048545
34 5.05621170099 494.114131926 500.829656373
35 4.11729122706 475.582530312 520.300178461
36 3.37878027908 457.584179506 539.037040215
37 2.79362741915 440.144161931 557.06221065
38 2.32666529226 423.274934086 574.398400622
39 1.95143893465 406.979930131 591.068630934
40 1.64788762935 391.256191697 607.095920674
41 1.40067490466 376.09625574 622.503069356
42 1.19806772829 361.489416087 637.312516185
43 1.03101186029 347.42276336 651.54622478
44 0.892456863542 333.881938116 665.225605021
45 0.776881452737 320.851649551 678.371468996
46 0.67994453558 308.316051096 691.004004369
47 0.598219930239 296.259023285 703.142756785
48 0.528991061298 284.664384896 714.806624043
49 0.470001824314 273.516154633 726.013843543
50 0.419536885152 262.798432449 736.782030666
51 0.376150836976 252.495688583 747.12816058
52 0.338704866885 242.592699022 757.068596111
53 0.306241678055 233.074665739 766.619092583
54 0.277988481111 223.927192128 775.79481939
55 0.25330007406 215.136324119 784.610375807
56 0.231646573499 206.688540239 793.079813188
57 0.212593248489 198.570764614 801.216642138
58 0.195764970211 190.770369027 809.033866002
59 0.180864370588 183.275144397 816.543991233
60 0.167623353919 176.073340132 823.759036514
61 0.155804387396 169.153657219 830.690538394
62 0.145220011064 162.505141334 837.349638655
63 0.135720477925 156.117263793 843.747015729
64 0.127189993969 149.979931023 849.892878983
65 0.119501928732 144.083368246 855.797129825
66 0.112548948777 138.418182235 861.469268816
67 0.106256638183 132.975388866 866.918354496
68 0.100546086091 127.746288388 872.153165526
69 0.0953457333389 122.722510708 877.182143558
70 0.0906083811857 117.896091596 882.013300023
71 0.0862746508882 113.259233403 886.654491946
72 0.0823061510417 108.804546528 891.113147321
73 0.0786670385877 104.524915175 895.396417786
74 0.0753255651956 100.413488849 899.511185585
75 0.0722505708411 96.4636505401 903.464098889
76 0.0694160486312 92.6690707689 907.261513182
77 0.06679653958 89.0236588879 910.909544573
78 0.0643755205027 85.5215791842 914.414045295
79 0.0621358628614 82.157207703 917.780656434
80 0.0600573040078 78.9251122562 921.01483044
81 0.0581202093808 75.8200647322 924.121815058
82 0.0563160606805 72.8371031791 927.10658076
83 0.0546355758401 69.9714470456 929.973917379
84 0.0530705488112 67.218502853 932.728426598
85 0.0516103095356 64.5738353416 935.374554349
86 0.0502455386647 62.0331847221 937.916569739
87 0.0489675910472 59.5924566348 940.358575774
88 0.0477704152604 57.2477302768 942.704499308
89 0.0466478955303 54.9952324544 944.95811965
90 0.04559443696 52.831337236 947.123068327
91 0.0446048738513 50.7525633865 949.20283174
92 0.0436744947458 48.7555642823 951.200761223
93 0.042798987228 46.8371241961 953.120076817
94 0.0419744994788 44.9941559501 954.96386955
95 0.0411974205484 43.2236911431 956.735111436
96 0.040464427467 41.5228775672 958.436658005
97 0.0397725711136 39.8889780222 960.071249407
98 0.0391190855271 38.319360642 961.641520273
99 0.0385014183183 36.8114967582 963.150001823
100 0.0379172654057 35.3629596031 964.599123132
