Time S I R
1 997 3 0
2 995.461026762 4.39239589471 0.146577343306
3 993.212946805 6.42595283947 0.361100355795
4 989.935104196 9.39013558697 0.674760217105
5 985.16869449 13.698584861 1.13272064891
6 978.264870302 19.935139807 1.79998989055
7 968.321774907 28.9088927992 2.76933229378
8 954.11785596 41.7106790238 4.17146501608
9 934.061975505 59.7507919242 6.18723257077
10 906.203030711 84.7366872428 9.06028204662
11 868.37133918 118.522128567 13.1065322525
12 818.542975642 162.743433825 18.7135905331
13 755.483015334 218.196641389 26.3203432766
14 679.574551296 284.057748417 36.3677002872
15 593.485066378 357.294640844 49.2202927779
16 502.149269593 432.773799522 65.0769308856
17 411.77236164 504.323051291 83.9045870689
18 328.199395919 566.371563703 105.429040378
19 255.498033965 615.313284502 129.188681533
20 195.415684055 649.958478223 154.625837722
21 147.717135898 671.105461764 181.177402338
22 110.946206433 680.715271672 208.338521895
23 83.158818523 681.147972012 235.693209465
24 62.4154016397 674.665190472 262.919407888
25 47.0273531075 663.193110461 289.779536431
26 35.6332064961 648.26142534 316.105368164
27 27.184932889 631.032556615 341.782510496
28 20.8982050496 612.364899426 366.736895525
29 16.1957968176 592.880256969 390.923946213
30 12.6565545367 573.023147244 414.320298219
31 9.97436415325 553.107956779 436.917679067
32 7.92685722767 533.354701067 458.718441706
33 6.35211467085 513.915556309 479.73232902
34 5.13178660626 494.894053106 499.974160288
35 4.1790055125 476.358814899 519.462179588
36 3.42952895649 458.353627425 538.216843619
37 2.83564370608 440.904362943 556.259993351
38 2.36168490384 424.024075355 573.614239741
39 1.98081303657 407.716663384 590.302523579
40 1.67269105324 391.979506064 606.347802882
41 1.42174457825 376.80543102 621.772824402
42 1.2160699616 362.183942966 636.599987073
43 1.04648399678 348.102293259 650.851222744
44 0.905829548677 334.54625542 664.547915032
45 0.788501051853 321.500644565 677.710854383
46 0.690092451221 308.949696 690.360211548
47 0.607125613851 296.877355803 702.515518583
48 0.536846593711 285.267490248 714.195663158
49 0.47696428498 274.104161884 725.418873831
50 0.425735483867 263.371505389 736.202759127
51 0.381691757506 253.054019043 746.564289199
52 0.343680055416 243.136496121 756.519823824
53 0.310725000029 233.604159326 766.085115674
54 0.282046002047 224.442620538 775.27533346
55 0.256984687888 215.637939873 784.105075439
56 0.235004578978 207.176601417 792.588394004
57 0.215664888663 199.045535939 800.738799172
58 0.198583420025 191.232119531 808.569297049
59 0.183457876056 183.724147021 816.092395103
60 0.170018747304 176.509865003 823.32011625
61 0.158025041166 169.577974904 830.264000054
62 0.147284067284 162.917530764 836.935185168
63 0.137643007558 156.517994794 843.344362199
64 0.128983255704 150.369270463 849.501746281
65 0.121181735279 144.461591467 855.417226798
66 0.114125612792 138.785552462 861.100321926
67 0.107738324349 133.332163379 866.560098296
68 0.101943744269 128.092735725 871.80532053
69 0.096666713689 123.058884605 876.844448681
70 0.0918552070915 118.222613666 881.685531127
71 0.0874614738721 113.57621153 886.336326996
72 0.0834345513518 109.112197188 890.80436826
73 0.079741305564 104.823473451 895.096785243
74 0.0763505048487 100.703196844 899.220452651
75 0.0732301016072 96.7447402416 903.182029657
76 0.0703539180713 92.9417696143 906.987876468
77 0.0676962538876 89.288190426 910.64411332
78 0.0652391331748 85.7781594972 914.15660137
79 0.0629663418927 82.4060536924 917.530979966
80 0.0608579983231 79.1664403725 920.772701629
81 0.058893512065 76.0540819935 923.887024494
82 0.0570632490835 73.064006151 926.8789306
83 0.0553580619675 70.1914299598 929.753211978
84 0.0537699026079 67.4317575625 932.514472535
85 0.0522882943167 64.7805514546 935.167160251
86 0.0509037533885 62.2335473978 937.715548849
87 0.0496073532731 59.7866455128 940.163747134
88 0.048392794713 57.4359198071 942.515687398
89 0.0472539727551 55.1775939036 944.775152124
90 0.0461852173423 53.0080374916 946.945777291
91 0.045181293332 50.9237651208 949.031053586
92 0.0442374235746 48.9214265211 951.034336055
93 0.0433492228595 46.9978017574 952.95884902
94 0.0425127789252 45.1497996835 954.807687538
95 0.0417244441949 43.3744485092 956.583827047
96 0.0409808361699 41.6688919102 958.290127254
97 0.0402789537784 40.0303887867 959.92933226
98 0.0396160032553 38.4563041171 961.50407988
99 0.0389893874199 36.9441052631 963.016905349
100 0.0383967674981 35.4913619304 964.470241302
