Time S I R
1 997 3 0
2 995.620207054 4.22079834768 0.158994597862
3 993.682787179 5.93459553998 0.382617280577
4 990.96628887 8.33681224755 0.696898882715
5 987.165117359 11.6967630659 1.13811957481
6 981.861170014 16.3822074175 1.75662256826
7 974.489417898 22.8887542711 2.62182783061
8 964.299545792 31.8718266045 3.82862760393
9 950.320067842 44.1747825741 5.5051495841
10 931.338635018 60.8399092147 7.82145576726
11 905.923243269 83.0788186875 10.9979380431
12 872.521503483 112.167626924 15.3108695927
13 829.680777387 149.22832584 21.0908967729
14 776.413946492 194.877218107 28.7088354002
15 712.672407402 248.784065327 38.543527271
16 639.780836198 309.288547367 50.9306164346
17 560.593782296 373.306419776 66.0997979279
18 479.167469846 436.714372812 84.1181573421
19 399.962513964 495.176334434 104.861151602
20 326.884968126 545.090486284 128.024545591
21 262.578958443 584.247654994 153.173386562
22 208.209292939 611.981548376 179.809158685
23 163.682306585 628.884410053 207.433283363
24 128.07917498 636.328118977 235.592706043
25 100.087759298 636.008193892 263.904046811
26 78.319512661 629.620264495 292.060222844
27 61.4944166792 618.679586976 319.825996345
28 48.5214516917 604.450534633 347.028013675
29 38.5149537746 587.941646679 373.543399546
30 30.7777804536 569.933312926 399.28890662
31 24.7718008697 551.016566854 424.211632276
32 20.0865034074 531.632025215 448.281471378
33 16.4107197682 512.104070263 471.485209969
34 13.5092241112 492.668773063 493.822002826
35 11.2042304795 473.495815728 515.299953792
36 9.36110907716 454.705337333 535.933553589
37 7.87761462757 436.380606466 555.741778907
38 6.67576757607 418.5775628 574.746669624
39 5.69581130629 401.331910657 592.972278037
40 4.89172757981 384.664376866 610.443895554
41 4.22788422526 368.584638642 627.187477132
42 3.67653651145 353.094245986 643.229217503
43 3.21596110511 338.188797382 658.595241512
44 2.82903918889 323.85958599 673.311374821
45 2.50225409182 310.094755989 687.40298992
46 2.22480903162 296.880316735 700.894874233
47 1.98806734127 284.200774163 713.811158495
48 1.78508308237 272.039654441 726.175262476
49 1.6102354083 260.379904502 738.00986009
50 1.45895000509 249.204191815 749.33685818
51 1.32749065847 238.495118158 760.177391183
52 1.21279128489 228.235386112 770.551822604
53 1.11231829797 218.407931261 780.479750441
54 1.02396834338 208.99601144 789.980020216
55 0.946013350486 199.983241005 799.070745644
56 0.87698697242 191.35369612 807.769316908
57 0.815660747719 183.091912213 816.09242704
58 0.761005312505 175.18290209 824.056092598
59 0.712139030173 167.612187133 831.675673837
60 0.668326806557 160.365772627 838.965900567
61 0.628932902416 153.430176315 845.940890783
62 0.593416709173 146.792406191 852.6141771
63 0.561320095052 140.439968296 858.998711609
64 0.532237061594 134.360840574 865.106922364
65 0.505828738545 128.543465231 870.950706031
66 0.481794765995 122.976748452 876.541456782
67 0.459866784078 117.650068363 881.890064853
68 0.439813061477 112.553191968 887.006994971
69 0.421438304202 107.676298325 891.902263371
70 0.404583190467 103.01003073 896.585386079
71 0.389094844745 98.5453734326 901.065531723
72 0.374826856748 94.2736516952 905.351521448
73 0.36166953239 90.1866305089 909.451699959
74 0.349522056824 86.2763992429 913.3740787
75 0.338282539442 82.5353224015 917.126395059
76 0.327868855725 78.9561392233 920.715991921
77 0.31820544585 75.5318646222 924.149929932
78 0.309227667557 72.2558366433 927.434935689
79 0.300877662898 69.1216762618 930.577446075
80 0.29310015859 66.1232457005 933.583654141
81 0.285848998759 63.2547101505 936.459440851
82 0.27908009476 60.5104463805 939.210473525
83 0.27275482774 57.8850924536 941.842152719
84 0.266838704274 55.3735211167 944.359640179
85 0.261298907769 52.9707957871 946.767905305
86 0.256107581844 50.6722316677 949.07166075
87 0.251238262742 48.4733159244 951.275445813
88 0.246667080441 46.3697376208 953.383595299
89 0.242372148717 44.3573751471 955.400252704
90 0.238334130986 42.4322886341 957.329377235
91 0.234535051807 40.5907001676 959.174764781
92 0.2309571305 38.8289742275 960.940068642
93 0.227584871703 37.1436472431 962.628767885
94 0.224405218435 35.5314261899 964.244168592
95 0.221405146152 33.9891425428 965.789452311
96 0.218572684477 32.5137649917 967.267662324
97 0.215897170422 31.1023982553 968.681704574
98 0.21336847197 29.7522673507 970.034364177
99 0.210977176674 28.4607161909 971.328306632
100 0.208714813665 27.2252083851 972.566076801
