Time S I R
1 997 3 0
2 995.462093365 4.39124618639 0.146660448964
3 993.216154652 6.42259632485 0.361249023166
4 989.942274449 9.38280228882 0.67492326249
5 985.182824407 13.6843886791 1.13278691365
6 978.290758377 19.9094952303 1.79974639261
7 968.366880738 28.8647189373 2.76840032452
8 954.193378158 41.6374144118 4.16920743043
9 934.183983162 59.6333881053 6.18262873232
10 906.393185019 84.5550371332 9.05177784771
11 868.656278504 118.251824729 13.0918967675
12 818.951004665 162.359144669 18.689850666
13 756.036950416 217.679138051 26.2839115331
14 680.281366933 283.403818094 36.3148149728
15 594.326398467 356.525804278 49.1477972556
16 503.079409394 431.937384095 64.9832065104
17 412.72774352 503.481999068 83.7902574125
18 329.115957452 565.586956141 105.297086408
19 256.326992678 614.629101462 129.04390586
20 196.130610817 649.395437198 154.473951985
21 148.312008862 670.663868617 181.024122521
22 111.428855518 680.382216372 208.188928111
23 83.5440558145 680.904516755 235.551427431
24 62.720009342 674.491447766 262.788542892
25 47.2672077956 663.071033541 289.661758663
26 35.8220113092 648.175927147 316.002061543
27 27.3339105378 630.971654126 341.694435336
28 21.0162611456 612.319402908 366.664335947
29 16.2898708454 592.843295101 390.866834054
30 12.7319991 572.989689405 414.278311495
31 10.035286525 553.074395999 436.890317476
32 7.97640629925 533.318509198 458.705084503
33 6.39270932838 513.8750126 479.732278072
34 5.16528685284 494.848042048 499.986671099
35 4.20685165723 476.306662873 519.48648547
36 3.4528404344 458.294987365 538.252172201
37 2.85529405624 440.839127361 556.305578582
38 2.3783608579 423.952308174 573.669330968
39 1.99505583539 407.638552842 590.366391323
40 1.68493537143 391.895320736 606.419743893
41 1.43233350879 376.715503623 621.852162868
42 1.22528076324 362.088641938 636.686077299
43 1.05454188449 348.002008156 650.943449959
44 0.912917391446 334.4413871 664.645695508
45 0.794767817539 321.391597094 677.813635088
46 0.695660944767 308.836869146 690.467469909
47 0.612097053149 296.761141254 702.626761693
48 0.541305955338 285.148266939 714.310427105
49 0.480982847817 273.982294591 725.536722562
50 0.429371918398 263.247344923 736.323283159
51 0.384995637316 252.927899541 746.687104822
52 0.346693857496 243.008734124 756.644572018
53 0.313484085156 233.475055048 766.211460866
54 0.284581544885 224.312455803 775.402962652
55 0.259322478864 215.506980747 784.233696774
56 0.237167190684 207.04509667 792.717736139
57 0.217672114286 198.913718493 800.868609392
58 0.200451947536 191.100206685 808.699341368
59 0.185202072455 183.592341498 816.22245643
60 0.171651950087 176.378353689 823.449994361
61 0.159559011048 169.446930617 830.393510372
62 0.148728363622 162.78711625 837.064155386
63 0.139005829851 156.388357403 843.472636767
64 0.130271422739 150.240544969 849.629183608
65 0.12240320598 144.333905322 855.543691472
66 0.115286127025 138.65901883 861.225695043
67 0.108842581968 133.206883929 866.684273489
68 0.102997398685 127.968808211 871.92819439
69 0.09767392147 122.936393382 876.965932697
70 0.0928194361952 118.101632965 881.805547599
71 0.0883866649898 113.456813875 886.45479946
72 0.0843236233444 108.994442302 890.921234074
73 0.0805968703629 104.707413609 895.211989521
74 0.0771752007512 100.588881042 899.333943757
75 0.0740262568115 96.6322100489 903.293763694
76 0.0711236837247 92.8310602451 907.097816071
77 0.068441695144 89.179332057 910.752226248
78 0.0659616122751 85.6711757566 914.262862631
79 0.0636675669673 82.3009656287 917.635366804
80 0.0615397730752 79.0632660619 920.875194165
81 0.0595573348569 75.9528340706 923.987608595
82 0.0577099877491 72.9646900576 926.977599955
83 0.0559886788536 70.0940489366 929.849962385
84 0.0543853739765 67.3363122893 932.609302337
85 0.0528896894037 64.6870406684 935.260069642
86 0.051492022317 62.1419667666 937.806541211
87 0.0501833351183 59.6969877768 940.252828888
88 0.0489571849205 57.3481747621 942.602868053
89 0.0478074637476 55.0917496335 944.860442903
90 0.046728455826 52.9240800531 947.029191491
91 0.0457148826629 50.8416786415 949.112606476
92 0.0447619250497 48.8411936092 951.114044466
93 0.0438651575615 46.9194034772 953.036731365
94 0.0430206295603 45.0732156548 954.883763716
95 0.0422246668679 43.2996572797 956.658118053
96 0.0414738552486 41.5958708626 958.362655282
97 0.0407651612825 39.9591141866 960.000120652
98 0.0400957706157 38.3867515343 961.573152695
99 0.0394630610238 36.8762494166 963.084287522
100 0.0388646705504 35.4251767854 964.535958544
