Time S I R
1 997 3 0
2 995.561987559 4.29367436153 0.144338079048
3 993.508192379 6.14096137843 0.350846242755
4 990.579587167 8.77435707281 0.646055759922
5 986.413019904 12.5194179569 1.06756213877
6 980.504294405 17.8273304758 1.66837511929
7 972.163208612 25.314083562 2.5227078263
8 960.464135445 35.8024502944 3.73341426059
9 944.202656255 50.3563463426 5.44099740221
10 921.88061818 70.2858744826 7.83350733699
11 891.759335796 97.0852124011 11.1554518025
12 852.037622136 132.250367114 15.7120107492
13 801.210655003 176.926663526 21.8626814709
14 738.615989793 231.386759827 29.9972503799
15 665.046676476 294.463980758 40.4893427658
16 583.1489579 363.220218766 53.6308233342
17 497.262905917 433.173853799 69.5632402836
18 412.580944388 499.187146572 88.2319090399
19 333.923154721 556.692823572 109.384021707
20 264.706466859 602.680659165 132.612873976
21 206.532213382 636.038434092 157.429352526
22 159.399267041 657.266934679 183.333798281
23 122.249071732 667.881899307 209.86902896
24 93.5283898023 669.822901725 236.648708473
25 71.600355458 665.034414457 263.365230085
26 54.9764050529 655.238771444 289.784823503
27 42.4100711748 641.853332398 315.736596427
28 32.9091142381 625.990710449 341.100175313
29 25.7081731344 608.497617938 365.794208927
30 20.2282761891 590.004992852 389.766730959
31 16.0365888659 570.975899822 412.987511312
32 12.8112854824 551.746539343 435.442175175
33 10.3136651638 532.558520182 457.127814654
34 8.36662161221 513.583659129 478.049719259
35 6.83842068823 494.942606562 498.21897275
36 5.63071727762 476.71858622 517.650696503
37 4.66982101307 458.967405336 536.362773651
38 3.90011595812 441.724997633 554.374886409
39 3.27946733672 425.01268176 571.707850904
40 2.77578230855 408.841101264 588.383116427
41 2.36444726522 393.213160455 604.422392279
42 2.02652912364 378.12607838 619.847392496
43 1.7471951434 363.573192198 634.679612659
44 1.51499534134 349.544763981 648.940240678
45 1.32091620287 336.029054778 662.650029019
46 1.15782395443 323.012948701 675.829227345
47 1.02006229605 310.482398193 688.497539511
48 0.903123359872 298.422778815 700.674097825
49 0.803383919323 286.819173909 712.377442172
50 0.717929964846 275.656556232 723.625513803
51 0.644403507136 264.91994282 734.435653673
52 0.580821197318 254.594582303 744.824596499
53 0.525645132994 244.665849053 754.808505814
54 0.477556337087 235.119485207 764.402958456
55 0.435501908209 225.941525831 773.622972261
56 0.398578228527 217.118412167 782.483009605
57 0.366053619216 208.636946802 790.996999579
58 0.337298642702 200.484352167 799.178349191
59 0.311794880239 192.648235966 807.039969154
60 0.289113844987 185.116619564 814.594266591
61 0.268872963117 177.877927489 821.853199547
62 0.250766207376 170.920971287 828.828262506
63 0.234528234386 164.234956612 835.530515154
64 0.219915013282 157.809508645 841.970576342
65 0.206715894881 151.634633633 848.158650472
66 0.194764238522 145.70061823 854.104617532
67 0.183922858188 139.998167355 859.817909787
68 0.174086549765 134.518369032 865.307544418
69 0.16513532889 129.252572302 870.582292369
70 0.156961108174 124.192451417 875.650587474
71 0.149489848531 119.330059146 880.520451005
72 0.142657565778 114.657751129 885.199591305
73 0.136387385267 110.168088761 889.695523854
74 0.130621554637 105.853974686 894.015403759
75 0.125309975644 101.708577606 898.166112419
76 0.120407843166 97.7253057642 902.154286393
77 0.115879525481 93.897865116 905.986255359
78 0.111689927747 90.2201722416 909.668137831
79 0.107806481705 86.6863724298 913.205821088
80 0.104203175927 83.2908743045 916.60492252
81 0.100854407305 80.0282618416 919.870883751
82 0.0977378899214 76.8933437608 923.008918349
83 0.0948349460409 73.8811565802 926.024008474
84 0.0921263823698 70.9868721639 928.921001454
85 0.0895968567545 68.2058999717 931.704503172
86 0.0872323661417 65.5338236289 934.378944005
87 0.0850194067503 62.9663702505 936.948610343
88 0.0829462305832 60.4994531951 939.417600574
89 0.0810018671452 58.1291430304 941.789855102
90 0.0791770555006 55.8516695372 944.069153407
91 0.0774631629546 53.6634026119 946.259134225
92 0.0758513369281 51.5608357197 948.363312943
93 0.0743333112274 49.5405960703 950.385070618
94 0.072903423908 47.5994842248 952.327612351
95 0.0715555596784 45.7344050612 954.194039379
96 0.07028387754 43.9423797365 955.987336386
97 0.0690832703882 42.2205505832 957.710366146
98 0.0679491006778 40.5661722907 959.365878609
99 0.0668769248027 38.9766028769 960.956520198
100 0.0658626229966 37.4493028994 962.484834478
