Time S I R
1 1000 1 0
2 999.667585761 1.27579811753 0.0566161218518
3 999.24367951 1.62747819751 0.128842292497
4 998.703218449 2.07580974509 0.220971805706
5 998.014357944 2.64717156481 0.338470491277
6 997.136685217 3.37502244624 0.488292336874
7 996.018971208 4.30174767468 0.679281117509
8 994.596431448 5.48090148808 0.922667064153
9 992.787321574 6.97998244322 1.23269598246
10 990.488871093 8.88372975178 1.62739915492
11 987.57233718 11.2980988981 2.1295639214
12 983.877342278 14.3547605697 2.76789715205
13 979.205470975 18.2160964938 3.57843253106
14 973.313367496 23.0804311202 4.60620138382
15 965.905947955 29.1868988366 5.90715320822
16 956.630677147 36.819029939 7.55029291431
17 945.074493211 46.3055693886 9.61993740056
18 930.765764324 58.0163369291 12.2178987468
19 913.184498507 72.3502240577 15.4652774352
20 891.784722131 89.7118896866 19.5033881822
21 866.033003364 110.473829652 24.4931669836
22 835.465798017 134.921930535 30.6122714482
23 799.764849062 163.186082337 38.0490686011
24 758.843921054 195.163161177 46.9929177694
25 712.931992764 230.447312353 57.620694883
26 662.630678916 268.288843585 70.0804774987
27 608.923331596 307.60238423 84.4742841733
28 553.117512577 347.039613023 100.8428744
29 496.722628268 385.121712634 119.155659099
30 441.284015249 420.407652416 139.308332335
31 388.211574305 451.659436597 161.128989099
32 338.642291848 477.966097335 184.391610817
33 293.362440102 498.803364148 208.83419575
34 252.795232795 514.026594627 234.178172579
35 217.041003431 523.812908381 260.146088188
36 185.948417537 528.575924675 286.475657788
37 159.194063864 528.876644792 312.929291345
38 136.35599004 525.344547829 339.299462131
39 116.972145053 518.617319556 365.41053539
40 100.581913306 509.300011163 391.118075532
41 86.7523557675 497.941079956 416.306564276
42 75.0923653043 485.021396664 440.886238032
43 65.2581837514 470.9522139 464.789602348
44 56.9538180836 456.078106714 487.968075202
45 49.9278789857 440.683362893 510.388758121
46 43.9690364585 424.999358015 532.031605527
47 38.9008449632 409.212171045 552.886983991
48 34.5766364932 393.469784844 572.953578663
49 30.8748352466 377.888509401 592.236655352
50 27.6948208619 362.55856372 610.746615418
51 24.9532469991 347.548911716 628.497841285
52 22.5811567804 332.911147361 645.507695858
53 20.5213523659 318.682878317 661.795769317
54 18.7263293229 304.890429166 677.383241511
55 17.156521198 291.551115793 692.292363009
56 15.7789203548 278.675010042 706.546069603
57 14.565909728 266.266436039 720.167654233
58 13.4942989414 254.32519911 733.180501949
59 12.5445814282 242.847519483 745.607899089
60 11.7002859583 231.826843767 757.472870274
61 10.9474592177 221.254485835 768.798054947
62 10.274255823 211.12012613 779.605618047
63 9.67057788499 201.412246711 789.917175404
64 9.12779356996 192.118462613 799.753743817
65 8.63849840305 183.225797749 809.135703848
66 8.19632717437 174.720894775 818.08277805
67 7.79581592734 166.590160333 826.61402374
68 7.43219581248 158.820001649 834.747802538
69 7.10136334595 151.396829635 842.501807019
70 6.79972170011 144.307232577 849.893045723
71 6.52415698949 137.537974188 856.937868822
72 6.27192561708 131.076108804 863.651965579
73 6.04063670804 124.908972362 870.05039093
74 5.82817628567 119.024253562 876.147570153
75 5.63268958224 113.409986437 881.95732398
76 5.45253118748 108.054585876 887.492882936
77 5.28624863683 102.946841803 892.76690956
78 5.1325487902 98.0759370767 897.791514133
79 4.99028312995 93.4314404978 902.578276372
80 4.8584230175 89.0033139802 907.138263002
81 4.73605345513 84.7818968282 911.482049717
82 4.62236240451 80.7578966395 915.619740956
83 4.51660670168 76.9224118098 919.560981488
84 4.41812544243 73.266892697 923.314981861
85 4.32632502997 69.7831404601 926.89053451
86 4.24066315532 66.4633078193 930.296029025
87 4.16065561195 63.2998720041 933.539472384
88 4.08586168042 60.2856350972 936.628503222
89 4.01587954445 57.4137126624 939.570407793
90 3.95034739103 54.6775160811 942.372136528
91 3.88893325166 52.0707496898 945.040317059
92 3.83133495709 49.5873959714 947.581269071
93 3.77727795688 47.2217038824 950.001018161
94 3.72650912844 44.9681817172 952.305309154
95 3.67879779541 42.8215837455 954.499618459
96 3.63393261261 40.7769011696 956.589166218
97 3.5917184252 38.8293538819 958.578927693
98 3.55197664238 36.9743786938 960.473644664
99 3.51454172919 35.207622121 962.27783615
100 3.47926109718 33.524930466 963.995808437
