Time S I R
1 1000 1 0
2 999.671118654 1.27662456941 0.052256776555
3 999.251443794 1.62959127657 0.118964929331
4 998.716026443 2.07986228857 0.204111268883
5 998.033143968 2.6540810697 0.312774961923
6 997.162508821 3.38606851632 0.451422662367
7 996.053012805 4.31870294934 0.628284245736
8 994.639973878 5.50620792558 0.853818196853
9 992.841711074 7.01698739755 1.14130152821
10 990.555447898 8.9369995638 1.50755253835
11 987.652317382 11.3738388567 1.97384376109
12 983.971637214 14.4613657274 2.56699705861
13 979.314413332 18.3648750458 3.32071162217
14 973.436311081 23.2865448619 4.27714405708
15 966.040704777 29.4705658622 5.48872936107
16 956.772746476 37.2070379622 7.02021556155
17 945.216045179 46.8331313127 8.95082350791
18 930.894360705 58.7292845729 11.3763547223
19 913.281578027 73.3074681179 14.410953855
20 891.823963245 90.9879575313 18.188079224
21 865.97880749 112.161124424 22.8600680856
22 835.272304718 137.132146775 28.5955485079
23 799.376061645 166.050014911 35.5739234439
24 758.195624681 198.828032604 43.976342715
25 711.955840034 235.071084353 53.9730756128
26 661.260885481 274.030999131 65.7081153885
27 607.104805673 314.612424157 79.2827701708
28 550.814327643 355.44459879 94.7410735671
29 493.924593902 395.015474423 112.059931675
30 438.009612806 431.843865702 131.146521493
31 384.506416711 464.649849691 151.843733598
32 334.573548729 492.483799761 173.942651511
33 289.010738877 514.789735811 197.199525312
34 248.246044838 531.399906317 221.354048845
35 212.377106524 542.476813969 246.146079507
36 181.244447825 548.42658271 271.328969466
37 154.513306152 549.808055954 296.678637895
38 131.749212965 547.252055203 321.998731832
39 112.477886237 541.399674496 347.122439267
40 96.2276792573 532.860401362 371.911919381
41 82.5562687984 522.187502442 396.25622876
42 71.0649224242 509.866666518 420.068411058
43 61.4039067151 496.31381905 443.282274235
44 53.2727295815 481.877980884 465.849289534
45 46.416727655 466.847672976 487.735599369
46 40.6222869549 451.458317575 508.91939547
47 35.7114507159 435.899889316 529.388659968
48 31.5366308751 420.324141625 549.1392275
49 27.9757719641 404.851052354 568.173175682
50 24.9280974378 389.574415068 586.497487494
51 22.310335981 374.56668117 604.122982849
52 20.053755666 359.882854692 621.063389642
53 18.1014966433 345.563854828 637.334648529
54 16.4064517055 331.639233658 652.954314637
55 14.9294852172 318.129435517 667.941079266
56 13.6380407248 305.047550677 682.314408598
57 12.5049431743 292.400824243 696.094232583
58 11.5074400912 280.191859184 709.300700725
59 10.626447001 268.419555409 721.95399759
60 9.84588630408 257.079928368 734.074185328
61 9.1521817285 246.166730112 745.68108816
62 8.53383986837 235.671958152 756.794201979
63 7.98108619102 225.586294792 767.432619017
64 7.48559286799 215.899428556 777.614978576
65 7.04023703797 206.600336849 787.359426113
66 6.63890262476 197.677512984 796.683584392
67 6.27637118029 189.119079396 805.604549423
68 5.94808928167 180.913061079 814.13884964
69 5.650153629 173.047377944 822.302468427
70 5.37915253173 165.51002179 830.110825678
71 5.13213782195 158.289067219 837.578794959
72 4.90652500774 151.372774832 844.72070016
73 4.70006131444 144.749607324 851.550331362
74 4.51076794798 138.408281587 858.080950465
75 4.33690607642 132.337789591 864.325304333
76 4.17694451463 126.527416137 870.295639348
77 4.02952893464 120.966756337 876.003714729
78 3.89346309756 115.645719295 881.460817607
79 3.76768208886 110.554542152 886.677775759
80 3.65124045826 105.683784901 891.664974641
81 3.54329143767 101.024337907 896.432370656
82 3.44308964318 96.5673999149 900.989510442
83 3.3499631403 92.3044961523 905.345540707
84 3.26330178197 88.227476108 909.50922211
85 3.18256709807 84.3284840831 913.488948819
86 3.1072691934 80.5999724049 917.292758402
87 3.03696540102 77.0346878293 920.92834677
88 2.97126089765 73.6256560498 924.403083053
89 2.909793493 70.3661863782 927.724020129
90 2.85223586658 67.2498553583 930.897908775
91 2.79829318401 64.2704966883 933.931210128
92 2.74769400901 61.4222002412 936.83010575
93 2.70019256363 58.6992971743 939.600510262
94 2.65556548365 56.0963522682 942.248082248
95 2.61360663589 53.6081583462 944.778235018
96 2.57412874207 51.2297245698 947.196146688
97 2.53696028093 48.9562696663 949.506770053
98 2.50194282067 46.7832153999 951.714841779
99 2.46893164512 44.7061764232 953.824891932
100 2.43779243348 42.7209549282 955.841252638
