Time S I R
1 1000 1 0
2 999.667584516 1.27579933391 0.0566161499319
3 999.243676275 1.62748129961 0.128842425251
4 998.703212164 2.07581567678 0.220972159684
5 998.014347118 2.64718164331 0.338471239077
6 997.136667778 3.37503849338 0.488293728973
7 996.018944299 4.3017721894 0.679283511555
8 994.596391163 5.48093787229 0.922670964265
9 992.787262615 6.98003529402 1.2327020914
10 990.488786324 8.88380523376 1.62740844253
11 987.572217069 11.2982052159 2.12957771489
12 983.877174202 14.3549085461 2.76791725154
13 979.205238376 18.2163002664 3.57846135739
14 973.313048889 23.0807089466 4.60624216432
15 965.905515827 29.187273969 5.90721020421
16 956.630096817 36.8195314902 7.55037169279
17 945.07372182 46.3062330339 9.62004514595
18 930.764750204 58.0172051971 12.2180445986
19 913.183181337 72.3513458405 15.4654728229
20 891.783034402 89.7133184919 19.5036471058
21 866.030873774 110.475620062 24.4935061644
22 835.463157316 134.924132435 30.6127102486
23 799.761638545 163.188732858 38.0496285968
24 758.840103203 195.166274925 46.9936218723
25 712.927562267 230.450871766 57.6215659667
26 662.625671971 268.292791439 70.0815365898
27 608.917829786 307.606621819 84.4755483941
28 553.111639499 347.044005506 100.844354996
29 496.716538111 385.126101965 119.157359924
30 441.27787551 420.411875359 139.310249131
31 388.205546728 451.663343556 161.131109715
32 338.636516028 477.96956768 184.393916292
33 293.357022773 498.806315206 208.83666202
34 252.790244051 514.028983502 234.180772447
35 217.036478702 523.814728063 260.148793235
36 185.944363393 528.577196618 286.47843999
37 159.19046527 528.877410447 312.932124284
38 136.352817719 525.34486049 339.302321791
39 116.969361645 518.617237781 365.413400574
40 100.579478102 509.299593899 391.120927998
41 86.750228034 497.940383293 416.309388673
42 75.0905062946 485.020472016 440.889021689
43 65.2565579684 470.951106995 464.792335036
44 56.9523937599 456.076857409 487.970748831
45 49.9266281717 440.68200538 510.391366448
46 43.967934839 424.997921274 532.034143887
47 38.8998715913 409.21067936 552.889449049
48 34.5757734196 393.468258389 572.955968191
49 30.8740671501 377.886964809 592.238968041
50 27.6941346879 362.5570146 610.748850712
51 24.9526316276 347.547369127 628.499999245
52 22.5806027614 332.909620196 645.509777043
53 20.5208516426 318.681373678 661.79777468
54 18.7258750279 304.888952647 677.385172325
55 17.1561074664 291.54967174 692.294220794
56 15.7785421595 278.673601774 706.547856066
57 14.5655627648 266.265066005 720.16937123
58 13.4939795056 254.323869055 733.182151439
59 12.5442863216 242.846230578 745.609483101
60 11.7000124223 231.825596693 757.474390885
61 10.9472048586 221.253280885 768.799514257
62 10.2740185574 211.11896328 779.607018163
63 9.67035590106 201.411125675 789.918518424
64 9.12758528213 192.117382897 799.755031821
65 8.63830241667 183.224758699 809.136938884
66 8.19614227591 174.719895589 818.083962135
67 7.79564103651 166.58920012 826.615158843
68 7.43202998031 158.819079434 834.748890586
69 7.1012057291 151.395944386 842.502849885
70 6.79957155083 144.306383222 849.894045228
71 6.52401364243 137.537159624 856.938826733
72 6.27178847718 131.075327914 863.652883609
73 6.04050524475 124.908224022 870.051270734
74 5.82805002145 119.023536649 876.14841333
75 5.63256808984 113.409299836 881.958132074
76 5.45241408049 108.053928485 887.493657435
77 5.2861355682 102.946212535 892.767651897
78 5.13243944462 98.0753348684 897.792225687
79 4.99017722269 93.4308643068 902.57895847
80 4.85832028856 89.0027627917 907.13891692
81 4.73595367114 84.7813696496 911.482676679
82 4.62226535173 80.7573925081 915.62034214
83 4.5165121829 76.9219297944 919.561558023
84 4.41803328033 73.2664318914 923.315534828
85 4.32623505988 69.7826999909 926.891064949
86 4.24057522699 66.4628868412 930.296537932
87 4.16056958864 63.2994696996 933.539960712
88 4.08577743423 60.2852506805 936.628971885
89 4.01579695885 57.4133453746 939.570857667
90 3.95026635873 54.6771651914 942.37256845
91 3.88885367262 52.0704144961 945.040731831
92 3.83125673958 49.5870757976 947.581667463
93 3.77720101579 47.221398079 950.001400905
94 3.72643338457 44.9678896605 952.305676955
95 3.67872317578 42.8213048363 954.499971988
96 3.63385904898 40.7766348332 956.589506118
97 3.59164585421 38.8290995669 958.579254579
98 3.55190500526 36.9741358712 960.473959124
99 3.51447097046 35.2073902843 962.278138745
100 3.47919116574 33.5247091295 963.996099705
