Time S I R
1 1000 1 0
2 999.664973612 1.27835134258 0.0566750450664
3 999.236882855 1.63399609193 0.129121053368
4 998.689999003 2.08828535298 0.221715643564
5 997.991567129 2.66838980641 0.34004306457
6 997.099938114 3.40883981291 0.491222072872
7 995.962216453 4.35346010206 0.684323444507
8 994.511385482 5.55772652112 0.930887996826
9 992.662733227 7.09168357381 1.24558319905
10 990.309579241 9.04341281235 1.64700794713
11 987.318068398 11.5232219973 2.15870960514
12 983.521226108 14.6683721188 2.81040177354
13 978.712235356 18.6483240623 3.63944058149
14 972.637222344 23.6702012405 4.6925764156
15 964.988236002 29.9838003304 6.02796366756
16 955.397463301 37.8851449214 7.71739177806
17 943.434438718 47.7169352848 9.84862599722
18 928.608865718 59.8634909805 12.5276433014
19 910.382555428 74.7370305903 15.8804139818
20 888.194687233 92.7516081989 20.0537045684
21 861.504520945 114.281283665 25.2141953895
22 829.854044923 139.600882946 31.5450721308
23 792.948986655 168.811754801 39.2392585437
24 750.749965704 201.761304989 48.4887293065
25 703.556055788 237.973965623 59.4699785892
26 652.057980086 276.615212092 72.3268078221
27 597.335129244 316.512274927 87.1525958291
28 540.782215567 356.24244692 103.975337513
29 483.969931895 394.28143739 122.748630715
30 428.467360675 429.181607957 143.351031368
31 375.667949626 459.737879243 165.59417113
32 326.658358335 485.103592985 189.23804868
33 282.153683184 504.835926218 214.010390598
34 242.49957913 518.873883882 239.626536987
35 207.724260651 527.468812051 265.806927297
36 177.617243161 531.092263231 292.290493608
37 151.811721633 530.344974703 318.843303664
38 129.857575513 525.879376017 345.26304847
39 111.277305243 518.342592887 371.380101869
40 95.6044443603 508.339304305 397.056251335
41 82.4068401952 496.411143225 422.182016579
42 71.298084585 483.02871838 446.673197035
43 61.9415588699 468.591095955 470.467345175
44 54.0492405267 453.430477217 493.520282257
45 47.3778030863 437.819292706 515.802904208
46 41.7235453436 421.97806288 537.298391776
47 36.9169890341 406.083184703 557.999826263
48 32.8176686595 390.274180251 577.908151089
49 29.3094332235 374.660068858 597.030497918
50 26.2963095219 359.324887761 615.378802717
51 23.6989489589 344.332364798 632.968686243
52 21.4517925718 329.729680782 649.818526646
53 19.5005051739 315.550785035 665.948709791
54 17.7999987826 301.818950657 681.381050561
55 16.3127656264 288.548933889 696.138300484
56 15.0075098305 275.748718468 710.243771701
57 13.8580724352 263.420884589 723.721042976
58 12.842498857 251.563794936 736.593706207
59 11.9423129193 240.172501789 748.885185291
60 11.1419298459 229.239477012 760.618593142
61 10.4281470271 218.755240292 771.816612681
62 9.78975006029 208.708835998 782.501413942
63 9.21718883389 199.088219054 792.694592112
64 8.70229465202 189.8805872 802.417118148
65 8.23805393498 181.072639837 811.689306228
66 7.81847042895 172.650721229 820.530808342
67 7.43834199208 164.601078069 828.960579939
68 7.09317971193 156.909929759 836.996890529
69 6.77908209508 149.563597386 844.657320519
70 6.49265959534 142.548568336 851.958772069
71 6.23095362383 135.851569121 858.917477255
72 5.99137460912 129.459613423 865.549011968
73 5.77165366475 123.360035022 871.868311313
74 5.56979223345 117.540524107 877.889683659
75 5.38403181844 111.989135827 883.626832355
76 5.21281493136 106.694312319 889.092872749
77 5.05476534251 101.644881688 894.30035297
78 4.90865749794 96.8300714976 899.261271004
79 4.77340211145 92.2395012411 903.987096647
80 4.64802417377 87.8631862658 908.48878956
81 4.53166319626 83.6915136829 912.776823121
82 4.42354051578 79.7152621592 916.861197325
83 4.32295408969 75.9255866926 920.751459218
84 4.22928060499 72.313994645 924.45672475
85 4.14195130446 68.8723562034 927.985692492
86 4.06045553021 65.5928807525 931.346663717
87 3.98433431162 62.4681063952 934.547559293
88 3.91316642267 59.4908995499 937.595934027
89 3.84657320254 56.6544320624 940.498994735
90 3.78421020209 53.9521754656 943.263614332
91 3.72576175824 51.3778923655 945.896345876
92 3.67094237457 48.9256199628 948.403437663
93 3.61948996572 46.5896632729 950.790846761
94 3.57116468033 44.3645833008 953.064252019
95 3.52574789707 42.2451855166 955.229066586
96 3.48303800488 40.2265125273 957.290449468
97 3.44285006048 38.3038320769 959.253317863
98 3.40501408152 36.4726284025 961.122357516
99 3.36937214303 34.728593941 962.902033916
100 3.33578051243 33.0676178071 964.59660168
