Time S I R
1 1000 1 0
2 999.664972431 1.27835249767 0.0566750717155
3 999.236879777 1.63399904359 0.129121179529
4 998.689993011 2.08829100823 0.221715980453
5 997.991556788 2.66839943426 0.34004377733
6 997.099921425 3.40885517278 0.491223401777
7 995.962190654 4.35348361285 0.684325733456
8 994.511346785 5.55776148305 0.930891731656
9 992.662676486 7.09173445587 1.24558905851
10 990.309497511 9.04348561941 1.64701686995
11 987.317952386 11.5233247353 2.15872287837
12 983.521063488 14.6685153659 2.81042114616
13 978.712009936 18.6485216547 3.63946840961
14 972.636913091 23.6704710641 4.69261584504
15 964.987815967 29.9841651758 6.02801885739
16 955.396898514 37.8856333187 7.71746816707
17 943.433687233 47.7175821583 9.84873060856
18 928.607877065 59.8643378649 12.5277850701
19 910.381270894 74.7381250314 15.8806040747
20 888.193041503 92.7530018535 20.0539566438
21 861.502445708 114.283028574 25.2145257181
22 829.851474938 139.603025586 31.5454994761
23 792.945868388 168.814327924 39.239803688
24 750.746267907 201.764317966 48.4894141267
25 703.551780056 237.977395293 59.4708246503
26 652.053169185 276.618996243 72.3278345729
27 597.329869711 316.516311683 87.1538186052
28 540.776632824 356.246601489 103.976765686
29 483.964177709 394.285555919 122.750266372
30 428.461595657 429.185535543 143.3528688
31 375.662324913 459.741477852 165.596197235
32 326.653000643 485.106755181 189.240244176
33 282.14868608 504.838582161 214.012731759
34 242.495000842 518.876001607 239.628997551
35 207.720127117 527.470392626 265.809480257
36 177.613554269 531.093333055 292.293112677
37 151.808458481 530.345577185 318.845964334
38 129.854707248 525.879564079 345.265728673
39 111.274794698 518.342423012 371.38278229
40 95.6022522379 508.338832282 397.05891548
41 82.4049279225 496.410421403 422.184650675
42 71.2964159452 483.027794263 446.675789791
43 61.9401010065 468.590011442 470.469887552
44 54.0479642513 453.429268584 493.522767164
45 47.3766828695 437.817990895 515.805326236
46 41.7225590992 421.976693964 537.300746936
47 36.9161177973 406.081770441 558.002111762
48 32.8168962203 390.272738656 577.910365124
49 29.3087457845 374.658614713 597.032639503
50 26.2956953398 359.323433122 615.380871538
51 23.6983980673 344.330919407 632.970682525
52 21.4512964967 329.728252447 649.820451057
53 19.5000567074 315.549379948 665.950563345
54 17.7995917761 301.81757368 681.382834544
55 16.3123948398 288.547588758 696.140016402
56 15.0071707788 275.747408001 710.24542122
57 13.8577612668 263.419610852 723.722627881
58 12.8422122682 251.562559357 736.595228375
59 11.9420480594 240.171305286 748.886646655
60 11.141684248 229.238320084 760.619995668
61 10.4279185578 218.754123089 771.817958353
62 9.78953686298 208.707758391 782.502704746
63 9.21698928885 199.087180693 792.695830018
64 8.70210734455 189.879587549 802.418305106
65 8.23787762353 181.07167822 811.690444157
66 7.81830403089 172.649796844 820.531899126
67 7.4381845409 164.600190043 828.961625416
68 7.09303036348 156.909077142 836.997892495
69 6.77894009338 149.562779189 844.658280717
70 6.49252427631 142.547783526 851.959692197
71 6.23082438979 135.850816655 858.918358956
72 5.99125093189 129.458892236 865.549856832
73 5.77153506751 123.359344055 871.869120877
74 5.5696782921 117.539862299 877.890459409
75 5.38392214902 111.98850213 883.627575721
76 5.2127091905 106.693705698 889.093585112
77 5.05466321826 101.644301125 894.301035657
78 4.90855870978 96.8295159962 899.261925294
79 4.77330640303 92.2389698292 903.987723768
80 4.64793131425 87.8626779934 908.489390692
81 4.53157297781 83.6910276233 912.777399399
82 4.4234527441 79.7147974192 916.861749837
83 4.32286859042 75.9251424024 920.751989007
84 4.22919721884 72.3135699623 924.457232819
85 4.14186988376 68.8719503163 927.9861798
86 4.06037594137 65.5924928745 931.347131184
87 3.98425643106 62.4677357685 934.5480078
88 3.91309013641 59.4905454443 937.596364419
89 3.84649840664 56.6540937732 940.49940782
90 3.7841367994 53.9518523164 943.264010884
91 3.72568965972 51.3775837047 945.896726636
92 3.67087149812 48.925325164 948.403803338
93 3.61942023461 46.5893817347 950.791198031
94 3.57109602393 44.3643144454 953.064589531
95 3.52568024983 42.2449287894 955.229390961
96 3.48297130549 40.2262673965 957.290761298
97 3.44278425237 38.3035980321 959.253617716
98 3.40494911145 36.4724049549 961.122645934
99 3.36930796162 34.728380622 962.902311416
100 3.33571707412 33.0674141672 964.596868759
