Time S I R
1 1000 1 0
2 999.667581819 1.27580197069 0.0566162108016
3 999.243669263 1.62748802412 0.128842713024
4 998.703198538 2.07582853509 0.220972927014
5 998.014323649 2.64720349081 0.338472860106
6 997.136629974 3.37507327935 0.488296746669
7 996.018885968 4.30182533092 0.67928870121
8 994.596303837 5.4810167439 0.922679418683
9 992.787134805 6.98014986111 1.23271533399
10 990.488602565 8.88396885975 1.62742857566
11 987.571956698 11.2984356863 2.12960761565
12 983.876809855 14.3552293227 2.76796082214
13 979.204734158 18.2167419961 3.57852384567
14 973.312358226 23.0813112074 4.60633056638
15 965.904579075 29.1880871671 5.90733375758
16 956.6288388 36.820618735 7.55054246543
17 945.072049626 46.3076716619 9.62027871205
18 930.762551829 58.0190873999 12.2183607707
19 913.180326018 72.3537776052 15.4658963772
20 891.779375799 89.7164158096 19.504208391
21 866.026257321 110.47950125 24.4942414288
22 835.4574329 134.928905635 30.6136614647
23 799.754678913 163.194478551 38.0508425353
24 758.831827033 195.173024766 46.9951482003
25 712.917958057 230.458587676 57.6234542677
26 662.614818198 268.301349359 70.0838324428
27 608.905903319 307.615807767 84.4782889138
28 553.098908274 347.05352717 100.847564556
29 496.70333638 385.135616742 119.161046878
30 441.26456636 420.421029393 139.314404247
31 388.192480776 451.671812575 161.135706648
32 338.623995863 477.977090199 184.398913937
33 293.345279756 498.812712032 208.842008212
34 252.779430111 514.034161659 234.18640823
35 217.026670627 523.818672372 260.154657002
36 185.93557541 528.579953595 286.484470995
37 159.182664784 528.879069954 312.938265262
38 136.345941258 525.34553806 339.308520682
39 116.963328218 518.61706035 365.419611432
40 100.574199468 509.298689253 391.127111279
41 86.7456158881 497.93887301 416.315511102
42 75.0864766472 485.018467553 440.8950558
43 65.2530338734 470.948707471 464.798258656
44 56.9493063556 456.074149221 487.976544423
45 49.9239168731 440.679062642 510.397020485
46 43.9655469392 424.994806808 532.039646253
47 38.8977616847 409.207445799 552.894792516
48 34.5739025986 393.464949471 572.961147931
49 30.8724022039 377.88361658 592.243981216
50 27.6926473192 362.553656564 610.753696117
51 24.9512977321 347.544025256 628.504677012
52 22.579401855 332.906309761 645.514288384
53 20.5197662611 318.678112077 661.802121661
54 18.7248902856 304.885752007 677.389357707
55 17.1552106501 291.546541478 692.298247872
56 15.7777223726 278.670549085 706.551728543
57 14.564810677 266.262096196 720.173093127
58 13.4932870869 254.320985913 733.185727
59 12.5436466396 242.843436636 745.612916725
60 11.6994194972 231.822893428 757.477687075
61 10.9466535016 221.250668932 768.802677566
62 10.2735042529 211.116442591 779.610053157
63 9.66987472133 201.408695625 789.921429653
64 9.12713379039 192.115042417 799.757823792
65 8.63787758984 183.222506371 809.139616039
66 8.19574148355 174.717729672 818.086528845
67 7.79526193691 166.587118686 826.617619377
68 7.43167051647 158.817080366 834.751249117
69 7.100864073 151.394025452 842.505110475
70 6.79924608164 144.304542092 849.896211826
71 6.52370291789 137.535393911 856.940903171
72 6.27149120747 131.073635197 863.654873595
73 6.04022027977 124.906601861 870.053177859
74 5.82777632614 119.021982614 876.15024106
75 5.63230473804 113.407811506 881.959883756
76 5.45216023462 108.052503473 887.495336292
77 5.28589047599 102.944848486 892.769261038
78 5.1322024226 98.0740294761 897.793768101
79 4.98994765367 93.429615312 902.580437034
80 4.85809760894 89.0015679941 907.140334397
81 4.73573737511 84.780226898 911.484035727
82 4.62205497594 80.7562997154 915.621645309
83 4.51630729989 76.9208849419 919.562807758
84 4.41783350572 73.2654330152 923.316733479
85 4.32604003672 69.7817451973 926.892214766
86 4.24038462962 66.461974298 930.297641072
87 4.16038312063 63.2985976348 933.541019245
88 4.08559481839 60.2844173908 936.629987791
89 4.01561794254 57.4125492149 939.571832843
90 3.95009070941 54.6764045773 942.373504713
91 3.88868117342 52.0696879057 945.041630921
92 3.83108719168 49.5863817655 947.582531043
93 3.77703423469 47.2207351973 950.002230568
94 3.72626919861 44.9672565774 952.306474224
95 3.67856142674 42.8207002526 954.500738321
96 3.63369958898 40.7760575032 956.590242908
97 3.59148854589 38.8285482953 958.579963159
98 3.5517497212 36.9736095116 960.474640767
99 3.51431759043 35.2068877386 962.278794671
100 3.47903957898 33.5242293445 963.996731076
