Time S I R
1 1000 1 0
2 999.722036999 1.2225841857 0.0553788148419
3 999.382321247 1.49459715364 0.123081599235
4 998.967200823 1.82695596395 0.205843213304
5 998.460030503 2.23296619834 0.307003298511
6 997.840542788 2.72882127544 0.43063593615
7 997.084081932 3.33420932811 0.581708739875
8 996.160672668 4.07304907142 0.766278260281
9 995.033947208 4.97433462365 0.991718168012
10 993.659841965 6.07315736989 1.26700066513
11 991.98508518 7.41188483632 1.60302998384
12 989.945469734 9.04149782633 2.01303243934
13 987.463789895 11.0231707412 2.51303936411
14 984.447633002 13.4299401363 3.122426862
15 980.786911056 16.3485326943 3.86455624986
16 976.351257253 19.8812362449 4.76750650201
17 970.987426769 24.1476747752 5.86489845542
18 964.516937177 29.2862641949 7.19679862848
19 956.734293511 35.4550237394 8.81068274981
20 947.406290424 42.8312949914 10.7624145844
21 936.273069676 51.6097595168 13.1171708075
22 923.051793002 61.9979979299 15.9502090686
23 907.443926092 74.2087364277 19.3473374804
24 889.147252824 88.4478580064 23.4048891698
25 867.873454371 104.897568606 28.2289770228
26 843.371619216 123.69459192 33.9337888636
27 815.457241588 144.904080733 40.6386776786
28 784.044839167 168.491281801 48.4638790325
29 749.180785467 194.294401325 57.5248132083
30 711.069535778 222.005258318 67.9252059037
31 670.090117931 251.160375986 79.7495060829
32 626.793626589 281.151115686 93.0552577252
33 581.880352173 311.253114571 107.866533256
34 536.156120936 340.674625389 124.169253675
35 490.473113264 368.617554471 141.909332265
36 445.66425712 394.341778373 160.993964508
37 402.481776592 417.222213936 181.296009472
38 361.549301595 436.789852043 202.660846362
39 323.333280707 452.7519464 224.914772893
40 288.134875939 464.991244891 247.873879169
41 256.099501818 473.548065107 271.352433075
42 227.238657754 478.591283307 295.170058939
43 201.458645132 480.384003828 319.15735104
44 178.589886613 479.250424693 343.159688694
45 158.41448425 475.545952442 367.039563308
46 140.68908924 469.63340024 390.67751052
47 125.162653626 461.865336767 413.972009607
48 111.589137439 452.572205985 436.838656576
49 99.7358984422 442.055236018 459.20886554
50 89.3886210749 430.583068363 481.028310562
51 80.3534744159 418.391299577 502.255226008
52 72.4579001214 405.683246345 522.858853533
53 65.549943795 392.632214345 542.81784186
54 59.4967870217 379.38440909 562.118803888
55 54.183079971 366.061878494 580.755041535
56 49.5091554426 352.765418536 598.725426022
57 45.3890955181 339.577510915 616.033393567
58 41.7489968516 326.564903425 632.686099724
59 38.5253898296 313.780917066 648.693693105
60 35.6637802894 301.267527571 664.06869214
61 33.1173205191 289.057194425 678.825485056
62 30.8458220323 277.174320125 692.979857843
63 28.8147010038 265.636640959 706.548658037
64 26.9941839449 254.456345737 719.549470318
65 25.3585909668 243.6410392 732.000369833
66 23.8857547022 233.194528195 743.919717103
67 22.5564799727 223.11754299 755.325977037
68 21.3541458103 213.408258108 766.237596081
69 20.2642954124 204.062838868 776.67286572
70 19.2743630712 195.075785933 786.649850996
71 18.3733753476 186.440321641 796.186303012
72 17.5517495709 178.148639144 805.299611285
73 16.8010876313 170.192159622 814.006752746
74 16.114017513 162.561722243 822.324260244
75 15.4840564893 155.247744988 830.268198523
76 14.905484954 148.240371035 837.854144011
77 14.3732524087 141.529570799 845.097176792
78 13.8828783813 135.105251831 852.011869788
79 13.4304118813 128.957287222 858.612300897
80 13.0123201753 123.075645125 864.9120347
81 12.6254590536 117.450403671 870.924137276
82 12.2670301696 112.071784412 876.661185418
83 11.9345172243 106.930216207 882.135266568
84 11.6256810784 102.016318109 887.358000813
85 11.3384988365 97.3209609422 892.340540221
86 11.07115847 92.8352517186 897.093589811
87 10.822025573 88.5505589341 901.627415493
88 10.5896227661 84.4585204881 905.951856746
89 10.3726191545 80.5510374086 910.076343437
90 10.1698037632 76.8202904336 914.009905803
91 9.98008279046 73.258725581 917.761191629
92 9.80245955704 69.8590638747 921.338476568
93 9.63602802461 66.6142926977 924.749679278
94 9.47996198998 63.5176636483 928.002374362
95 9.33350544362 60.562689629 931.103804927
96 9.19597284204 57.7431292772 934.060897881
97 9.0667358599 55.0529900241 936.880274116
98 8.94521187769 52.4865294563 939.568258666
99 8.83087173088 50.0382314355 942.130896834
100 8.72322917053 47.702806935 944.573963894
