Time S I R
1 1000 1 0
2 999.671088864 1.27653840565 0.0523727301488
3 999.251404338 1.62937127327 0.119224388781
4 998.716010803 2.07944105935 0.204548137851
5 998.03320478 2.65336433218 0.313430888023
6 997.162725804 3.38492548908 0.452348706714
7 996.053503461 4.31695364504 0.629542893757
8 994.640907901 5.50360636537 0.855485733164
9 992.843329494 7.01319965476 1.14347085156
10 990.558088132 8.93157540228 1.51033646601
11 987.656446039 11.366175116 1.9773788447
12 983.977891572 14.4506603999 2.57144802822
13 979.323653312 18.3500702665 3.32627642134
14 973.449682513 23.266257976 4.28405951085
15 966.059713132 29.4430093405 5.49727752748
16 956.799338317 37.169930942 7.03073074121
17 945.252690136 46.7836099005 8.96369996307
18 930.944120571 58.6638242077 11.3920552209
19 913.348141334 73.2218394013 14.4300192649
20 891.911614012 90.8772463844 18.2111396038
21 866.092288917 112.019855133 22.8878559502
22 835.416537583 136.95454732 28.6289150966
23 799.555690834 165.830450502 35.6138586643
24 758.41440004 198.561601349 44.0239986107
25 712.215915173 234.754293388 54.0297914386
26 661.562134541 273.662426386 65.7754390731
27 607.44438797 314.193143323 79.3624687066
28 551.186629792 354.978247292 94.8351229155
29 494.321659201 394.507864253 112.170476546
30 438.421986629 431.30221132 131.275802051
31 384.924211481 464.081805174 151.993983346
32 334.987481357 491.896539521 174.115979122
33 289.41292712 514.189276038 197.397796841
34 248.630445945 530.790766279 221.578787777
35 212.739614895 541.861988762 246.398396342
36 181.582729368 547.807745161 271.609525471
37 154.826492048 549.185865895 296.987642057
38 132.037534457 546.626501348 322.335964195
39 112.74233458 540.770371737 347.487293684
40 96.4697182611 532.226824578 372.303457161
41 82.7776121227 521.549151142 396.673236735
42 71.2673782137 509.223161779 420.509460007
43 61.5892658946 495.664962311 443.745771794
44 53.442700803 481.223769953 466.333529244
45 46.5729008369 466.188296279 488.238802884
46 40.7661162513 450.794135573 509.439748176
47 35.844248735 435.231411029 529.924340236
48 31.65957312 419.651996076 549.688430804
49 28.0899051005 404.175961387 568.734133512
50 25.0343501246 388.897167716 587.068482159
51 22.4095308652 373.888110646 604.702358488
52 20.146619424 359.203820027 621.649560549
53 18.1886721114 344.885222833 637.926105056
54 16.4885070827 330.961866402 653.549626516
55 15.0069234825 317.454178532 668.538897985
56 13.7113078553 304.375224005 682.91346814
57 12.5744344693 291.732216628 696.693348903
58 11.5735071382 279.527721946 709.898770916
59 10.689402958 267.760598964 722.549998078
60 9.90601026959 256.426820186 734.667169544
61 9.20972331521 245.520092588 746.270184097
62 8.58902258364 235.03236812 757.378609297
63 8.03411051619 224.954283476 768.011606007
64 7.53663912387 215.275481795 778.187879081
65 7.08946773186 205.98489594 787.925636328
66 6.68646426551 197.070976149 797.242559586
67 6.32239617953 188.521802993 806.155800828
68 5.99269781902 180.325360841 814.68194134
69 5.69345458091 172.469531229 822.83701419
70 5.42124506506 164.942268896 830.636486039
71 5.17311210377 157.731613662 838.095274235
72 4.94646342786 150.825792852 845.22774372
73 4.73903905721 144.213238084 852.047722859
74 4.5488538974 137.88263679 858.568509312
75 4.37416332609 131.822953486 864.802883188
76 4.21343102207 126.023447203 870.763121775
77 4.06529795238 120.473689116 876.461012931
78 3.9285636648 115.163566021 881.907870314
79 3.8021593998 110.083294416 887.114546184
80 3.68513623987 105.223415184 892.091448576
81 3.57664425054 100.574801099 896.848554651
82 3.47593514668 96.1286347567 901.395430097
83 3.38233434891 91.8764265964 905.741239055
84 3.29522933316 87.810012563 909.894758104
85 3.21407942691 83.9215246715 913.864395902
86 3.13839269611 80.2034041473 917.658203157
87 3.06772465283 76.6483876729 921.283887674
88 3.00167877131 73.2494919361 924.748829293
89 2.939891275 70.0000182358 928.060090489
90 2.88203342901 66.8935359525 931.224430618
91 2.82780906216 63.9238725176 934.24831842
92 2.77694549988 61.0851123386 937.137942162
93 2.72919585029 58.3715818157 939.899222334
94 2.68433568692 55.7778417018 942.537822611
95 2.64215790243 53.298681428 945.05916067
96 2.60247433102 50.9291073518 947.468418317
97 2.56511259664 48.6643359907 949.770551413
98 2.5299134944 46.4997873882 951.970299117
99 2.49673159305 44.4310749604 954.072193447
100 2.46543187167 42.4540001295 956.080567999
