Time S I R
1 1000 1 0
2 999.669666038 1.27746890666 0.0528650550481
3 999.24785964 1.63174604502 0.120394315015
4 998.709369253 2.08398516309 0.206645584214
5 998.022117916 2.66109025243 0.316791831373
6 997.14534237 3.39723423214 0.457423397916
7 996.027299734 4.33576744847 0.636932817473
8 994.60246585 5.5315422044 0.865991945548
9 992.788049938 7.05379320435 1.15815685807
10 990.479825113 8.98956561322 1.53060927399
11 987.547043105 11.4478631919 2.00509370328
12 983.826612268 14.5643467437 2.60904098778
13 979.116493664 18.506574834 3.37693150188
14 973.16857107 23.4795126002 4.35191632957
15 965.681632152 29.7306841567 5.58768369124
16 956.295436219 37.5540223291 7.1505414522
17 944.587523042 47.2908557657 9.12162119256
18 930.075250691 59.3257321335 11.5990171759
19 912.22642835 74.0740193485 14.6995523014
20 890.482644203 91.9576518291 18.5597039678
21 864.299441056 113.365507198 23.335051746
22 833.206102953 138.596422953 29.1974740939
23 796.884144712 167.786550908 36.3293043796
24 755.257328224 200.828802275 44.9138695008
25 708.577005486 237.300624726 55.1223697883
26 657.480367391 276.421603568 67.0980290416
27 602.996377466 317.064241529 80.9393810048
28 546.482649312 357.831699268 96.6856514195
29 489.494927952 397.197845965 114.307226083
30 433.613386988 433.682940579 133.703672433
31 380.266120785 466.023899111 154.709980104
32 330.590346539 493.299825168 177.109828293
33 285.357237309 514.989584804 200.653177887
34 244.96467466 530.960428668 225.074896672
35 209.482971529 541.405467208 250.111561263
36 178.730862293 546.754470779 275.514666928
37 152.358219081 547.582324922 301.059455997
38 129.921234338 544.528969607 326.549796055
39 110.94117327 538.239108031 351.819718699
40 94.9455147693 529.321860598 376.732624632
41 81.4934338684 518.327530655 401.179035476
42 70.1890031363 505.737453344 425.07354352
43 60.6860329075 491.962432461 448.351534632
44 52.6877087485 477.346285217 470.966006035
45 45.9429228446 462.172524754 492.884552401
46 40.2413026036 446.671969589 514.086727807
47 35.4077975655 431.030416597 534.561785838
48 31.2973392263 415.395925961 554.306734812
49 27.7900284952 399.885235421 573.324736083
50 24.786906006 384.58932328 591.623770714
51 22.2062202194 369.578201626 609.215578155
52 19.9805239316 354.904742996 626.114733073
53 18.0540056776 340.608043642 642.33795068
54 16.3804367388 326.716057261 657.903506
55 14.9214065305 313.247843902 672.830749567
56 13.644950105 300.215295379 687.139754516
57 12.5243956007 287.624589262 700.851015137
58 11.5373958614 275.477407312 713.985196826
59 10.6652010482 263.771838286 726.562960665
60 9.8920204004 252.503168675 738.604810925
61 9.20450702962 241.664516229 750.130976741
62 8.59135910077 231.247313282 761.161327617
63 8.04296630205 221.241732411 771.715301287
64 7.55113255009 211.637013844 781.811853606
65 7.10884337639 202.421735878 791.469420745
66 6.71008552547 193.584018288 800.705896186
67 6.34971228738 185.111667787 809.538619926
68 6.02323607859 176.992418417 817.984345504
69 5.72681066338 169.213926284 826.059263053
70 5.45706790184 161.76395208 833.778980018
71 5.21110270613 154.630354409 841.158542885
72 4.98635922186 147.801210103 848.212430675
73 4.78061676206 141.264806597 854.954576641
74 4.59191622372 135.009714257 861.398369519
75 4.41854213447 129.024784894 867.556672972
76 4.25897736487 123.299185631 873.441837004
77 4.11188455655 117.822400479 879.065714965
78 3.97607736038 112.584246176 884.439676463
79 3.85050304101 107.574873192 889.574623767
80 3.73422233872 102.7847708 894.481006861
81 3.62639873713 98.2047611438 899.168840119
82 3.5262951365 93.8259844132 903.64772045
83 3.4332390161 89.6399254563 907.926835528
84 3.34662864275 85.6383879416 912.014983416
85 3.26592974533 81.8134814706 915.920588784
86 3.19065310818 78.157633366 919.651713526
87 3.12036120593 74.6635647334 923.216074061
88 3.05466110942 71.3242841659 926.621054725
89 2.9931914141 68.133089417 929.873719169
90 2.93562794603 65.0835463907 932.980825663
91 2.88167644573 62.1694849594 935.948838595
92 2.83106650254 59.384993878 938.78393962
93 2.78355410672 56.7244052858 941.492040607
94 2.73891578759 54.1822895386 944.078794674
95 2.69694641106 51.7534464704 946.549607119
96 2.65745947876 49.4328945663 948.909645955
97 2.62028352558 47.2158653528 951.163851122
98 2.5852604669 45.0977938887 953.316945644
99 2.55224593685 43.0743104964 955.373443567
100 2.52110503057 41.1412351079 957.337659862
