Time S I R
1 1000 1 0
2 999.723287249 1.22136254028 0.055350210818
3 999.385436743 1.49161281473 0.122950442345
4 998.973006717 1.82148907251 0.205504210113
5 998.469624081 2.22406627279 0.306309645976
6 997.855372096 2.71524168165 0.429386222114
7 997.106045388 3.31432452712 0.579630085025
8 996.192243396 4.04475161274 0.76300499171
9 995.078329103 4.93490633715 0.986764559821
10 993.721163448 6.01911006935 1.25972648237
11 992.068636235 7.33876617813 1.59259758696
12 990.057993998 8.94365357767 1.9983524239
13 987.613835289 10.8934609811 2.49270372997
14 984.645969388 13.2594040056 3.09462660665
15 981.047017568 16.1260013782 3.82698105396
16 976.689881799 19.5928950131 4.71722318761
17 971.425201373 23.7765914025 5.79820722403
18 965.079030222 28.8119046795 7.10906509811
19 957.451054885 34.8527990033 8.69614611218
20 948.313810835 42.0722136412 10.6139755239
21 937.413546893 50.6602862748 12.9261668317
22 924.473549351 60.8202596515 15.7061909978
23 909.200882591 72.7612486755 19.0378687336
24 891.297647017 86.6869581557 23.0153948272
25 870.477511327 102.779796553 27.74269212
26 846.4880367 121.180113408 33.3318498913
27 819.13843259 141.961155657 39.9004117526
28 788.331148898 165.101513807 47.5673372945
29 754.093973228 190.458448387 56.4475783854
30 716.606888367 217.747637802 66.6454738312
31 676.219595132 246.533031354 78.2473735145
32 633.451930094 276.233946066 91.3141238405
33 588.974347613 306.151213213 105.874439175
34 543.568105519 335.511893724 121.920000757
35 498.069329348 363.527472713 139.403197939
36 453.305349732 389.456732148 158.23791812
37 410.033475319 412.663131805 178.303392876
38 368.891646112 432.657774089 199.450579799
39 330.367190084 449.122598597 221.510211319
40 294.785559295 461.912959552 244.301481153
41 262.316887525 471.042709055 267.64040342
42 232.995495571 476.657407691 291.347096738
43 206.747075393 479.001334164 315.251590444
44 183.417389409 478.384726634 339.197883957
45 162.799772209 475.153722663 363.046505128
46 144.658410131 469.665921042 386.675668827
47 128.7466827 462.271958348 409.981358952
48 114.820552773 453.302804883 432.876642343
49 102.647583714 443.061942002 455.290474284
50 92.0124890889 431.821285835 477.166225076
51 82.7195751286 419.820441308 498.459983563
52 74.5941088614 407.26681712 519.139074018
53 67.4816541865 394.337924041 539.180421772
54 61.2468779699 381.18399693 558.5691251
55 55.7720567611 367.930772755 577.297170484
56 50.9552487873 354.682466706 595.362284506
57 46.7084395276 341.524634974 612.766925499
58 42.9558352174 328.526749815 629.517414967
59 39.6322719253 315.744532855 645.62319522
60 36.6817499503 303.222060534 661.096189516
61 34.056091924 290.9936172 675.950290876
62 31.7139244932 279.085202956 690.200872551
63 29.6196442863 267.515905102 703.864450611
64 27.7425722327 256.29909876 716.958329008
65 26.0562509797 245.443377359 729.500371661
66 24.5378168442 234.95342357 741.508759586
67 23.1674850705 224.830685199 753.00182973
68 21.9281036948 215.073971374 763.997924931
69 20.8047646016 205.679965886 774.515269513
70 19.784500445 196.643618577 784.571880978
71 18.8559871951 187.958528684 794.185484121
72 18.0093395921 179.617198848 803.373461559
73 17.2358856741 171.611320391 812.152793935
74 16.5280224612 163.931943404 820.540034135
75 15.8790546554 156.569672587 828.551272758
76 15.2830831608 149.514793149 836.20212369
77 14.734894788 142.757396019 843.507709193
78 14.2298670682 136.287482471 850.482650461
79 13.7639127115 130.095013675 857.141073614
80 13.3334013986 124.169993514 863.496605088
81 12.9350784076 118.502556881 869.562364711
82 12.5660606152 113.082948692 875.350990693
83 12.2237522929 107.901616389 880.874631318
84 11.9058395307 102.949193716 886.144966754
85 11.6102414071 98.2165455056 891.173213087
86 11.335083641 93.6947815551 895.970134804
87 11.0786846567 89.3752541749 900.546061168
88 10.8395186346 85.249589756 904.910891609
89 10.6162130905 81.3096709873 909.074115922
90 10.4075209359 77.5476554128 913.044823651
91 10.2123124472 73.9559678955 916.831719657
92 10.0295622999 70.5273005956 920.443137105
93 9.8583349201 67.2546158188 923.887049261
94 9.69778033422 64.1311345837 927.171085082
95 9.54711878485 61.150341389 930.302539826
96 9.40564139212 58.3059680804 933.288390528
97 9.27270321451 55.5919883975 936.135308388
98 9.1477046775 53.0026287363 938.849666586
99 9.03009855072 50.5323452216 941.437556228
100 8.91938495265 48.1758173431 943.904797704
