Time S I R
1 1000 1 0
2 999.666287601 1.2770669893 0.0566454092431
3 999.240303436 1.63071576291 0.128980801016
4 998.696655214 2.08200352328 0.221341263199
5 998.003048165 2.65770055422 0.339251280557
6 997.118458518 3.39179508029 0.489746401488
7 995.990834112 4.32738318723 0.681782701013
8 994.554288517 5.51896750823 0.926743974821
9 992.725613089 7.03530251052 1.23908440038
10 990.400109052 8.96277535877 1.63711558886
11 987.446513086 11.409486807 2.14400010731
12 983.701196303 14.5098620974 2.78894159998
13 978.961603434 18.4297704956 3.60862607021
14 972.979196084 23.3718713437 4.64893257266
15 965.452549073 29.5805532271 5.96689770034
16 956.021593845 37.345506977 7.63289917783
17 944.264677643 47.0023681042 9.73295425316
18 929.700936525 58.928133919 12.370929556
19 911.801342271 73.528327885 15.670329844
20 890.012481594 91.2123530983 19.775165308
21 863.797122909 112.353658182 24.8492189093
22 832.694161489 137.232938826 31.0728996849
23 796.396792341 165.966345505 38.6368621542
24 754.84146673 198.426719724 47.7318135459
25 708.291373838 234.174109975 58.5345161867
26 657.391928609 272.417048889 71.191022502
27 603.17402334 312.026806869 85.7991697909
28 546.988812166 351.617708452 102.393479382
29 490.376906147 389.687516376 120.935577477
30 434.896492182 424.79084121 141.312666608
31 381.95039827 455.704970088 163.344631642
32 332.651540612 481.550033892 186.798425495
33 287.751356286 501.841812551 211.406831162
34 247.634662033 516.477208261 236.888129706
35 212.365785772 525.670507944 262.963706284
36 181.763611135 529.864603641 289.371785224
37 155.482691439 529.640784422 315.876524139
38 133.086639258 525.640414829 342.272945913
39 114.105349703 518.506269912 368.388380384
40 98.0750098083 508.843509937 394.081480254
41 84.5628639328 497.197400545 419.239735522
42 73.1800112363 484.043825222 443.776163542
43 63.586165559 469.788036833 467.625797608
44 55.4892591771 454.768475035 490.742265788
45 48.6419040697 439.263518728 513.094577202
46 42.8365582157 423.499132883 534.664308901
47 37.9002638039 407.656539476 555.44319672
48 33.689459611 391.879475782 575.431064607
49 30.0852887142 376.280590494 594.634120792
50 26.9894677438 360.946991266 613.06354099
51 24.3206527752 345.945010558 630.734336666
52 22.0116023883 331.324014439 647.664383173
53 20.0065565314 317.119769789 663.873673679
54 18.2592318356 303.357055144 679.38371302
55 16.7310961916 290.051899248 694.21700456
56 15.3900038524 277.213320331 708.396675817
57 14.2090777763 264.844754474 721.94616775
58 13.1657469158 252.945282992 734.888970092
59 12.2410246686 241.510534866 747.248440465
60 11.4188898927 230.533459454 759.047650653
61 10.6857656401 220.004971521 770.309262838
62 10.0301252532 209.914428594 781.055446153
63 9.44214874999 200.25004336 791.30780789
64 8.91343724549 190.999219926 801.087342829
65 8.43678276558 182.148818177 810.414399057
66 8.00600731777 173.685327578 819.308665105
67 7.6157791648 165.595072774 827.789148061
68 7.26147011607 157.864365905 835.874163979
69 6.93907982734 150.479569962 843.581350211
70 6.6451144451 143.427223445 850.92766211
71 6.37654061224 136.694067537 857.92939185
72 6.13069021679 130.267138135 864.602171649
73 5.90523613756 124.133766218 870.960997645
74 5.69812070247 118.281643057 877.02023624
75 5.50753940197 112.698810438 882.79365016
76 5.33188980904 107.373698023 888.294412168
77 5.16975909535 102.295112744 893.535128161
78 5.01988731521 97.4522605965 898.527852088
79 4.88115674264 92.8347341521 903.284109105
80 4.75256483028 88.4325229477 907.814912222
81 4.63322419611 84.2359896976 912.130786106
82 4.52234111852 80.2358753839 916.241783498
83 4.4191913825 76.4233088018 920.157499816
84 4.32313396655 72.7897674112 923.887098622
85 4.23358758129 69.327087022 927.439325397
86 4.15002569521 66.0274487474 930.822525557
87 4.07197736421 62.8833594611 934.044663175
88 3.99901123515 59.8876538919 937.113334873
89 3.93073718972 57.0334756052 940.035787205
90 3.86680261545 54.3142654102 942.818931974
91 3.80688329141 51.7237572921 945.469359417
92 3.7506855918 49.2559608542 947.993353554
93 3.69794144879 46.9051528568 950.396905694
94 3.64840416702 44.6658681428 952.68572769
95 3.60184921315 42.5328863295 954.865264457
96 3.55807039932 40.5012244928 956.940705108
97 3.51687737639 38.5661262904 958.916996333
98 3.47809619123 36.7230521342 960.798851675
99 3.4415648928 34.9676716682 962.590763439
100 3.40713538832 33.2958525781 964.297012034
