Time S I R
1 1000 1 0
2 999.377547037 1.57119604495 0.0512569181822
3 998.400525048 2.46769911978 0.131775831743
4 996.868425588 3.87337549988 0.258198911915
5 994.469472822 6.07398484588 0.456542331798
6 990.721994762 9.51066487082 0.767340366951
7 984.889300046 14.8572768259 1.25342312782
8 975.862517857 23.1260841601 2.01139798315
9 962.014538451 35.7975170276 3.1879445214
10 941.053568514 54.9449924008 5.00143908491
11 909.961320357 83.2714160444 7.76726359831
12 865.195762366 123.884183954 11.9200536796
13 803.429517038 179.553235954 18.0172470082
14 723.015238498 251.286047106 26.6987143963
15 625.849715429 336.571012393 38.5792721783
16 518.419198993 428.498314356 54.0824866506
17 410.576774146 517.141668813 73.2815570415
18 312.154565583 593.002573377 95.8428610396
19 229.639969288 650.245835272 121.11419544
20 165.050573759 687.6479576 148.301468641
21 116.986153921 707.377861694 176.635984385
22 82.4135624253 713.112925969 205.473511606
23 58.0487532573 708.626876131 234.324370612
24 41.053549501 697.10521513 262.841235369
25 29.2348807447 680.974570216 290.790549039
26 21.0007403496 661.976426869 318.022832781
27 15.2344366815 641.317725211 344.447838107
28 11.167088389 619.81699137 370.015920241
29 8.2735973852 598.021599757 394.704802857
30 6.1959770297 576.293643127 418.510379843
31 4.68968260924 554.869793244 441.440524147
32 3.58683697938 533.902278907 463.510884114
33 2.77149315225 513.48644882 484.742058028
34 2.162777756 493.679554225 505.157668019
35 1.70403852053 474.512845615 524.783115864
36 1.35511824609 456.000194928 543.644686826
37 1.08733515739 438.143691559 561.768973283
38 0.880052190327 420.937463169 579.182484641
39 0.718263458274 404.370362111 595.911374431
40 0.590905039464 388.427833564 611.981261397
41 0.48987113609 373.092992875 627.417135989
42 0.409136709738 358.347587649 642.243275641
43 0.344154220208 344.172650774 656.483195006
44 0.291477886549 330.548891206 670.159630908
45 0.248493096874 317.456967115 683.294539788
46 0.213195255442 304.877708365 695.909096379
47 0.184031330575 292.792264912 708.023703758
48 0.159761099097 281.182232986 719.658005915
49 0.139473735687 270.029612984 730.83091328
50 0.122418808544 259.316961621 741.560619571
51 0.108014690767 249.02737194 751.864613369
52 0.0957547813778 239.144369731 761.759875487
53 0.0853328966125 229.652565824 771.26210128
54 0.0763787139282 220.536334163 780.387287123
55 0.0686680832155 211.781129078 789.150202839
56 0.0619980299174 203.372797401 797.565204569
57 0.0562032225505 195.297705368 805.646091409
58 0.0511486013274 187.542737589 813.40611381
59 0.0467214328871 180.095269544 820.858009023
60 0.0428266741385 172.943164955 828.014008371
61 0.0393931992099 166.074781191 834.88582561
62 0.036353359292 159.478872039 841.484774602
63 0.0336535187836 153.144691272 847.821655209
64 0.0312556789198 147.061983434 853.906760887
65 0.0291133060068 141.220706866 859.750179828
66 0.0271948546699 135.611318003 865.361487142
67 0.0254712895328 130.224616521 870.749912189
68 0.0239185532844 125.0517771 875.924304347
69 0.0225174566111 120.084340923 880.893141621
70 0.0212486002627 115.314135347 885.664616052
71 0.0200979674947 110.733365029 890.246537003
72 0.0190519115209 106.334497651 894.646450437
73 0.0180989896577 102.11031516 898.87158585
74 0.0172292357989 98.0539030545 902.92886771
75 0.0164334517785 94.1586188473 906.824947701
76 0.0157058819411 90.4180779566 910.566216161
77 0.0150392472524 86.8261280511 914.158832702
78 0.0144248922819 83.3768311233 917.608743984
79 0.0138553034772 80.0644893836 920.921655313
80 0.0133284164867 76.8837014055 924.102970178
81 0.0128415701458 73.8292641419 927.157894288
82 0.0123921537415 70.8961762372 930.091431609
83 0.0119759171534 68.0796069618 932.908417121
84 0.0115893118285 65.3749207242 935.613489964
85 0.0112293351174 62.7776689725 938.211101692
86 0.0108941378519 60.2835924044 940.705513458
87 0.0105816725971 57.88859242 943.100825907
88 0.0102900852442 55.5887341048 945.40097581
89 0.0100176545683 53.3802402567 947.609742089
90 0.00976284624505 51.2594813399 949.730755814
91 0.00952427820789 49.2229728816 951.76750284
92 0.00930069738513 47.2673694363 953.723329866
93 0.00909093058681 45.3894557906 955.601453279
94 0.00889392929923 43.5861455823 957.404960488
95 0.00870877981174 41.8544772873 959.136813933
96 0.0085346132912 40.1916037839 960.799861603
97 0.00837064718598 38.5947929858 962.396836367
98 0.00821616635267 37.0614215513 963.930362282
99 0.00807050653145 35.5889685017 965.402960992
100 0.00793305679065 34.1750122016 966.817054742
