Time S I R
1 1000 1 0
2 999.668777577 1.27902600388 0.0521964193205
3 999.245321717 1.63572544298 0.118952840486
4 998.704068418 2.09161073794 0.204320844365
5 998.012453012 2.67407523596 0.313471751567
6 997.129042574 3.41795557815 0.453001847618
7 996.001182859 4.3674959193 0.631321221907
8 994.562117956 5.5787451598 0.859136883946
9 992.727405828 7.12252859845 1.15006557311
10 990.390626598 9.08798768829 1.52138571331
11 987.418142896 11.5868678966 1.99498920731
12 983.643106219 14.7583713877 2.59852239377
13 978.858655774 18.774571879 3.36677234732
14 972.810589512 23.8460948681 4.34331561989
15 965.190183313 30.2274012633 5.58241542396
16 955.628185826 38.2206772623 7.15113691191
17 943.691743811 48.1766759798 9.13158020903
18 928.886882948 60.4900813528 11.6230356996
19 910.670081228 75.5861786487 14.7437401234
20 888.473216718 93.8950365353 18.631746747
21 861.746155174 115.80959643 23.4442483969
22 830.019661703 141.625779391 29.3545589058
23 792.987296203 171.466750263 36.5459535341
24 750.598271502 205.199919578 45.2018089201
25 703.14337441 242.364562907 55.4920626836
26 651.311124213 282.131834488 67.557041299
27 596.187100808 323.32226771 81.4906314824
28 539.181602399 364.492507818 97.3258897827
29 481.889095264 404.084785791 115.026118945
30 425.907280602 440.608958776 134.483760622
31 372.658411724 472.814009283 155.527578993
32 323.253609313 499.809673244 177.936717443
33 278.424979812 521.116279474 201.458740714
34 238.526590457 536.645092242 225.828317301
35 203.587131741 546.62911699 250.783751269
36 173.390516931 551.529756765 276.079726304
37 147.560450101 551.94395535 301.495594549
38 125.6355042 548.524737072 326.839758728
39 107.126634343 541.922556143 351.950809513
40 91.5566297982 532.746917766 376.696452435
41 78.4839582083 521.544954077 400.971087715
42 67.5144133855 508.792935631 424.692650984
43 58.3051243827 494.895513239 447.799362378
44 50.5632424787 480.190239661 470.246517861
45 44.0418238455 464.954642965 492.003533189
46 38.5345451104 449.414092451 513.051362438
47 33.8701090468 433.749596322 533.380294631
48 29.9068493083 418.105086367 552.988064325
49 26.5278816048 402.593815595 571.8783028
50 23.6368601565 387.303885923 590.05925392
51 21.1543093686 372.302947845 607.542742787
52 19.0147364006 357.641958953 624.343304647
53 17.1639943327 343.358508069 640.477497599
54 15.5572755959 329.479363083 655.963361321
55 14.1573916382 316.022657609 670.819950753
56 12.9334042612 302.999603266 685.066992472
57 11.8595282337 290.415866752 698.724605014
58 10.9141711718 278.272774154 711.813054674
59 10.0792216637 266.568189602 724.352588734
60 9.33944509865 255.29726077 736.363294132
61 8.68196719809 244.45305221 747.864980592
62 8.09588983728 234.027008927 758.877101236
63 7.57195690098 224.009356514 769.418686585
64 7.10227379366 214.389432307 779.508293899
65 6.68008357851 205.155944626 789.163971795
66 6.2996163161 196.297138316 798.403245368
67 5.95590607988 187.801003062 807.243090858
68 5.64465050281 179.655427457 815.69992204
69 5.3621474106 171.848253269 823.789599321
70 5.1051661309 164.367414115 831.527419754
71 4.87091681194 157.200949829 838.928133359
72 4.65694647391 150.337114432 846.005939094
73 4.46112677007 143.764367626 852.774505604
74 4.28157752092 137.471451464 859.246971015
75 4.11665669066 131.447378971 865.435964338
76 3.9649091798 125.681476492 871.353614328
77 3.82505622053 120.163376265 877.011567515
78 3.6959606568 114.883040531 882.420998813
79 3.57661635448 109.830754286 887.59262936
80 3.46612315631 104.997137551 892.536739293
81 3.36368406202 100.37313002 897.263185918
82 3.26859509287 95.9499856875 901.78141922
83 3.18021030122 91.7193002435 906.100489455
84 3.09795782688 87.6729732195 910.229068954
85 3.02132705859 83.8032078852 914.175465056
86 2.9498502302 80.1025185134 917.947631256
87 2.88311157714 76.5637038688 921.553184554
88 2.82073532895 73.1798475264 924.999417145
89 2.76237711012 69.9443144994 928.29330839
90 2.7077288175 66.8507317395 931.441539443
91 2.65650921407 63.8929870961 934.45050369
92 2.60846129478 61.0652203006 937.326318405
93 2.5633530743 58.3618100923 940.074836833
94 2.52097136359 55.777369632 942.701659004
95 2.48112138439 53.3067363936 945.212142222
96 2.44362593594 50.9449627923 947.611411272
97 2.40832162271 48.6873108382 949.904367539
98 2.37505855308 46.5292420622 952.095699385
99 2.34369932421 44.4664103221 954.189890354
100 2.31411552806 42.4946559974 956.191228475
