Time S I R
1 997 3 0
2 995.462092548 4.39125057711 0.146656875165
3 993.216150402 6.42260916319 0.361240434782
4 989.942261947 9.38283039596 0.674907657036
5 985.182795238 13.684443241 1.13276152068
6 978.29069844 19.9095941597 1.79970740046
7 968.366767276 28.8648902001 2.7683425242
8 954.193175859 41.6377003801 4.16912376092
9 934.183639731 59.6338505557 6.18250971373
10 906.392627556 84.555761551 9.05161089311
11 868.655413661 118.252920968 13.0916653716
12 818.949727269 162.360739248 18.6895334826
13 756.035165278 217.681353327 26.2834813951
14 680.279023493 283.406738489 36.3142380183
15 594.323526754 356.529440703 49.147032543
16 503.076135314 431.941657938 64.9822067481
17 412.72426667 503.48676194 83.78897139
18 329.112498175 565.592038706 105.295463119
19 256.323736984 614.634363619 129.041899397
20 196.127679071 649.400795167 154.471525762
21 148.309453842 670.669294389 181.021251769
22 111.426678559 680.387721066 208.185600375
23 83.5422273942 680.910131068 235.547641538
24 62.7184859686 674.497206953 262.784307079
25 47.2659429603 663.076968586 289.657088454
26 35.8209613867 648.182060856 315.996977757
27 27.3330373052 630.978000303 341.688962391
28 21.0155323962 612.325967101 366.658500503
29 16.2892600372 592.850075994 390.860663968
30 12.7314846335 572.996680319 414.271835047
31 10.0348509422 553.081586253 436.883562805
32 7.97603552268 533.325885277 458.6980792
33 6.39239199977 513.882559094 479.725048906
34 5.16501380654 494.855742366 499.979243828
35 4.2066154614 476.314499824 519.478884715
36 3.45263504588 458.302943576 538.244421378
37 2.85511454679 440.847185582 556.297699871
38 2.37820318775 423.960451517 573.661345296
39 1.99491668449 407.646764937 590.358318379
40 1.68481198114 391.903585872 606.411602147
41 1.43222360255 376.72380679 621.843969608
42 1.22518243816 362.096968896 636.677848666
43 1.05445354576 348.010345462 650.935200992
44 0.91283769902 334.449722114 664.637440187
45 0.794695641377 321.399917973 677.805386385
46 0.695595326144 308.84516484 690.459239834
47 0.612037177223 296.769401485 702.618561338
48 0.541251124616 285.156482179 714.302266696
49 0.480932461494 273.990456039 725.5286115
50 0.429325463677 263.255444468 736.315230068
51 0.384952670427 252.935929739 746.679117591
52 0.346653994117 243.016688165 756.636657841
53 0.31344699211 233.482926725 766.203626283
54 0.284546930455 224.320239483 775.395213587
55 0.259290088706 215.514671339 784.226038572
56 0.237136801494 207.052689598 792.7101736
57 0.217643529477 198.921209664 800.861146807
58 0.200424994033 191.10759246 808.691982545
59 0.185176596756 183.599618672 816.215204731
60 0.171627815628 176.385519458 823.442852726
61 0.159536096633 169.453982555 830.386481348
62 0.148706563122 162.794052282 837.057241155
63 0.138985048964 156.395175791 843.46583916
64 0.130251576985 150.247244283 849.62250414
65 0.122384214003 144.34048441 855.537131376
66 0.115267920778 138.665476825 861.219255254
67 0.108825101032 133.213220214 866.677954685
68 0.102980582662 127.97502238 871.921997038
69 0.0976577199826 122.942485265 876.959857015
70 0.0928038043608 118.107602598 881.799593597
71 0.088371558156 113.462661448 886.448966994
72 0.0843090043091 109.000168205 890.91552279
73 0.0805827050553 104.713018387 895.206398908
74 0.0771614566092 100.594365367 899.328473176
75 0.0740129044077 96.6375747331 903.288412362
76 0.0711106959068 92.8363062241 907.09258308
77 0.0684290463931 89.1844603743 910.747110579
78 0.0659492822851 85.6761875642 914.257863153
79 0.0636555339461 82.3058621556 917.63048231
80 0.0615280155946 79.0680486124 920.870423372
81 0.0595458344322 75.9575040347 923.982950131
82 0.0576987309986 72.9692489151 926.973052354
83 0.0559776518026 70.0984982131 929.845524135
84 0.0543745625953 67.3406535534 932.604971884
85 0.0528790797484 64.6912755288 935.255845391
86 0.0514816019139 62.1460968755 937.802421523
87 0.0501730927615 59.7010148241 940.248812083
88 0.0489471105644 57.3521004688 942.598952421
89 0.0477975477179 55.0955757421 944.85662671
90 0.046718689027 52.9278083252 947.025472986
91 0.0457052566184 50.8453108547 949.108983889
92 0.0447524318531 48.8447315519 951.110516016
93 0.0438557898231 46.9228489456 953.033295265
94 0.0430113803747 45.0765704499 954.88041817
95 0.04221552975 43.3029232034 956.654861267
96 0.0414648241189 41.5990497156 958.35948546
97 0.0407562304483 39.9622077653 959.997036004
98 0.0400869347236 38.3897616286 961.570151437
99 0.0394543150439 36.8791778071 963.081367878
100 0.038856009762 35.4280252425 964.533118748
