Time S I R
1 1000 1 0
2 999.501687123 1.44527808431 0.0530347929035
3 998.782018542 2.08830658626 0.129674871967
4 997.743257707 3.01634862871 0.240393664534
5 996.245166449 4.35455909724 0.400274454256
6 994.087211758 6.28178722818 0.63100101333
7 990.984096032 9.05224104938 0.963662919017
8 986.532876938 13.024454843 1.4426682189
9 980.170476203 18.6984175349 2.13110626206
10 971.122240477 26.759860981 3.11789854182
11 958.346546097 38.1264786892 4.52697521339
12 940.489597498 53.982119405 6.52828309686
13 915.880262136 75.7702008712 9.34953699292
14 882.615801513 105.098242786 13.2859557015
15 838.808066883 143.489257826 18.7026752912
16 783.047213694 191.930855176 26.02193113
17 715.057926398 250.25571352 35.6863600822
18 636.347821703 316.557397538 48.0947807593
19 550.472686827 387.007611195 63.5197019777
20 462.56786367 456.400087543 82.0320487873
21 378.174446513 519.360008398 103.465545089
22 301.883702878 571.676864204 127.439432917
23 236.458804339 611.111194634 153.430001027
24 182.723666867 637.416130933 180.8602022
25 140.02883412 651.794657192 209.176508688
26 106.903240884 656.199744018 237.897015098
27 81.6035246882 652.765326028 266.631149284
28 62.4590223609 643.461750345 295.079227294
29 48.0338586944 629.944773233 323.021368073
30 37.1702782649 613.526980682 350.302741053
31 28.971183336 595.209691123 376.819125541
32 22.7577198962 575.737911587 402.504368517
33 18.0234928859 555.656095634 427.320411481
34 14.3936060469 535.356817897 451.249576056
35 11.5913537539 515.119819533 474.288826713
36 9.41242896585 495.142108581 496.445462454
37 7.70569503498 475.560272338 517.734032627
38 6.35894613986 456.466979622 538.174074238
39 5.28845073474 437.923097582 557.788451683
40 4.43144320262 419.966382785 576.602174013
41 3.74040509511 402.61809778 594.641497125
42 3.17937756325 385.887269055 611.933353382
43 2.72085755441 369.774276884 628.504865561
44 2.34368407944 354.273290939 644.383024982
45 2.03148388427 339.374049638 659.594466477
46 1.77150903374 325.063187634 674.165303332
47 1.55380263553 311.325180125 688.12101724
48 1.3703989947 298.143244591 701.486356414
49 1.21509498244 285.499572043 714.285332974
50 1.08290779034 273.375930839 726.541161371
51 0.969829256723 261.753921828 738.276248915
52 0.872645799877 250.615157066 749.512197134
53 0.788737035298 239.941460401 760.269802564
54 0.715971334974 229.714955696 770.569072969
55 0.652608268919 219.918151619 780.429240113
56 0.597222855204 210.533998163 789.868778982
57 0.548617318348 201.545958398 798.905424284
58 0.505782271818 192.938023467 807.556194262
59 0.467920286366 184.694655942 815.837423771
60 0.434326039691 176.80089996 823.764774
61 0.404435719156 169.24230064 831.353263641
62 0.377747758437 162.004964367 838.617287875
63 0.353855946409 155.075500801 845.570643253
64 0.332400235965 148.441049576 852.226550188
65 0.313082997488 142.089241016 858.597675986
66 0.295644203486 136.008198045 864.696157751
67 0.279862627134 130.186516856 870.533620516
68 0.265546420811 124.613253837 876.121199742
69 0.252532182657 119.277908834 881.469558983
70 0.240678118094 114.170410925 886.588910957
71 0.229850544924 109.281108133 891.489041322
72 0.21993974246 104.600744114 896.179316144
73 0.210856211369 100.120442979 900.66870081
74 0.202512458144 95.8316997742 904.965787768
75 0.194834072889 91.7263657933 909.078800134
76 0.187759056244 87.7966344706 913.015606473
77 0.181227607874 84.0350240276 916.783748365
78 0.17518784041 80.4343689627 920.390443197
79 0.169596420839 76.9878084917 923.842595087
80 0.164411685477 73.6887669857 927.146821329
81 0.159596874647 70.5309479192 930.309455206
82 0.155121011084 67.5083250757 933.336553913
83 0.150954564481 64.6151222877 936.233923148
84 0.147071117327 61.8458091193 939.007119763
85 0.143448032657 59.1950950524 941.661456915
86 0.140063874357 56.6579089078 944.202027218
87 0.136899190609 54.2293947376 946.633706072
88 0.133937145803 51.9049081684 948.961154686
89 0.131162131097 49.6799995164 951.188838353
90 0.128560008984 47.5504096698 953.321030321
91 0.126117849782 45.5120604301 955.36182172
92 0.1238237507 43.5610458622 957.315130387
93 0.121667111181 41.6936298051 959.184703084
94 0.119638110602 39.9062333711 960.974128518
95 0.117727777056 38.1954309241 962.686841299
96 0.115927941975 36.5579441385 964.32612792
97 0.114231022392 34.9906327424 965.895136235
98 0.11263013085 33.4904926285 967.396877241
99 0.111118897638 32.0546470675 968.834234035
100 0.109691434327 30.6803417654 970.2099668
