Time S I R
1 1000 1 0
2 999.666278953 1.27707654975 0.0566444969632
3 999.240280565 1.63074017009 0.128979265208
4 998.696610136 2.08205024265 0.221339621748
5 998.002969597 2.65778001891 0.33925038445
6 997.118330681 3.39192174046 0.489747578321
7 995.990635159 4.32757689084 0.6817879499
8 994.553988456 5.51925531219 0.926756231345
9 992.72517108 7.0357210278 1.23910789199
10 990.399469939 8.96337375572 1.63715630569
11 987.445602962 11.4103306102 2.14406642814
12 983.699917031 14.51103787 2.78904509927
13 978.959825966 18.4313914766 3.60878255725
14 972.976752606 23.37408399 4.64916340362
15 965.449224259 29.5835443495 5.96723139144
16 956.017115825 37.3495108394 7.63337333604
17 944.258709947 47.0076722614 9.73361779115
18 929.693073134 58.9350817834 12.3718450823
19 911.79110892 73.5373150746 15.6715760055
20 889.999347602 91.2238136997 19.7768386978
21 863.780528383 112.368036656 24.8514349606
22 832.673564079 137.250644132 31.0757917893
23 796.371734854 165.987686996 38.64057815
24 754.811661414 198.451829748 47.736508838
25 708.256788591 234.202868187 58.5403432219
26 657.352858467 272.449024342 71.1981171909
27 603.131117956 312.061245614 85.80763643
28 546.94304556 351.653577867 102.403376573
29 490.329483603 389.723608355 120.946908042
30 434.84871334 424.825912924 141.325373736
31 381.903509616 455.737888231 163.358602153
32 332.606609524 481.579891002 186.813499474
33 287.709192722 501.8679915 211.422815779
34 247.595792923 516.499392587 236.90481449
35 212.330473079 525.688649507 262.980877414
36 181.731897853 529.878864917 289.38923723
37 155.454458852 529.651472864 315.894068284
38 133.061662263 525.647922452 342.290415285
39 114.083343552 518.511024262 368.405632186
40 98.0556655772 508.845938408 394.098396015
41 84.5458732578 497.197906835 419.256219907
42 73.1650810699 484.042776761 443.792142169
43 63.5730275416 469.785757679 467.64121478
44 55.4776730321 454.765245141 490.757081827
45 48.6316582321 439.259575799 513.108765969
46 42.8274685478 423.494675926 534.677855527
47 37.8921712513 407.651733175 555.456095573
48 33.6822276354 391.874454842 575.443317523
49 30.0788005254 376.275463923 594.645735551
50 26.9836235275 360.94184641 613.074530063
51 24.3153673842 345.939916528 630.744716087
52 22.0068031659 331.319025106 647.674171728
53 20.0021813883 317.114926517 663.882892094
54 18.2552276291 303.352388982 679.392383389
55 16.7274174257 290.047432697 694.225149877
56 15.386611406 277.209069048 708.404319546
57 14.2059379823 264.840728488 721.953333529
58 13.1628307366 252.941487784 734.895681479
59 12.2383069418 241.506972339 747.254720719
60 11.4163488042 230.530128595 759.0535226
61 10.6833822141 220.001869042 770.314748744
62 10.0278829106 209.91154947 781.06056762
63 9.44003300065 200.24738119 791.312585809
64 8.91143536817 190.996767309 801.091797323
65 8.43488353892 182.146567018 810.418549443
66 8.00420093735 173.683269145 819.312529917
67 7.61405684043 165.593198185 827.792744974
68 7.25982414222 157.862665981 835.877509877
69 6.93750327954 150.478035579 843.584461141
70 6.64360121407 143.425845438 850.930553348
71 6.37508518697 136.69283694 857.932077873
72 6.12928769938 130.266046111 864.60466619
73 5.90388210753 124.132804198 870.963313694
74 5.69681119578 118.280802723 877.022386081
75 5.5062708374 112.698083772 882.79564539
76 5.33065895382 107.373077315 888.296263731
77 5.16856302256 102.294590608 893.536846369
78 5.01872336769 97.4518299797 898.529446653
79 4.88002250295 92.834388337 903.28558916
80 4.7514580962 88.4322555499 907.816286354
81 4.63214298428 84.2357946275 912.132062388
82 4.52128358278 80.2357469222 916.242969495
83 4.4181558457 76.4232415272 920.158602627
84 4.32211890266 72.7897561953 923.888124902
85 4.23259156893 69.3271270601 927.440281371
86 4.14904744112 66.0275355039 930.823417055
87 4.07101567942 62.8834886743 934.045495646
88 3.99806501305 59.8878215782 937.114113409
89 3.92980541788 57.0336780226 940.03651656
90 3.86588435513 54.3144990626 942.819616582
91 3.80597767186 51.7240189174 945.470003411
92 3.74979181156 49.2562474042 947.993960784
93 3.69705875904 46.9054614967 950.397479744
94 3.64753187527 44.6661962328 952.686271892
95 3.60098667815 42.5332314155 954.865781906
96 3.55721701914 40.5015843005 956.94119868
97 3.51603259471 38.5664987117 958.917468694
98 3.47725948794 36.723435219 960.799305293
99 3.44073578059 34.9680636172 962.591200602
100 3.40631341652 33.2962517283 964.297434855
