Time S I R
1 1000 1 0
2 999.480895742 1.47005351854 0.0490507399529
3 998.718380352 2.16047176457 0.121147883547
4 997.599022545 3.17389258383 0.227084870811
5 995.957353573 4.65997737607 0.382669050605
6 993.552930042 6.83606533924 0.611004618375
7 990.038408174 10.0158354314 0.945756394204
8 984.916198507 14.6480294845 1.43577200882
9 977.482519895 21.3660141278 2.15146597698
10 966.760491486 31.04610921 3.19339930382
11 951.431894809 44.8648743123 4.70323087908
12 929.792733557 64.3306931991 6.87657324407
13 899.783019352 91.2411394465 9.97584120197
14 859.172976823 127.48839867 14.3386245066
15 806.000303766 174.62598815 20.3737080845
16 739.296638181 233.169189468 28.5341723503
17 659.951282664 301.789475264 39.2592420721
18 571.287081938 376.824587855 52.8883302073
19 478.806772479 452.622535818 69.570691703
20 388.934193382 522.856664269 89.2091423489
21 307.288434224 582.243862946 111.46770283
22 237.407602964 627.751579747 135.840817288
23 180.457708736 658.791160911 161.751130353
24 135.759538296 676.603220865 188.637240839
25 101.608583357 683.381818162 216.009598481
26 75.9748840559 681.551652019 243.473463925
27 56.9338581696 673.337593134 270.728548696
28 42.8582686961 660.58508324 297.556648064
29 32.4608812655 644.733585465 323.805533269
30 24.7637713515 626.86280683 349.373421819
31 19.0414484066 607.762693118 374.195858475
32 14.7632438993 588.001278823 398.235477277
33 11.5437331884 567.982002288 421.474264523
34 9.10362353638 547.988469097 443.907907367
35 7.24035869582 528.218002148 465.541639156
36 5.80668609963 508.805992762 486.387321139
37 4.69509250446 489.843583408 506.461324087
38 3.82667415886 471.39031141 525.783014431
39 3.14310695167 453.483228723 544.373664325
40 2.60107055384 436.143231133 562.255698313
41 2.16819132027 419.379667258 579.452141422
42 1.82006989294 403.193714879 595.986215228
43 1.53821286402 387.580722271 611.881064865
44 1.30851600202 372.531921088 627.15956291
45 1.1201875186 358.035639417 641.844173065
46 0.964753391286 344.078417891 655.956828717
47 0.835743233949 330.645343476 669.51891329
48 0.72805574367 317.720754993 682.551189263
49 0.637671133313 305.288550297 695.073778569
50 0.561417787248 293.33243127 707.106150943
51 0.496752545016 281.836129362 718.667118093
52 0.441647333758 270.783509481 729.774843185
53 0.39447255491 260.158682558 740.446844888
54 0.353915721764 249.946074283 750.700009995
55 0.318885884535 240.13051106 760.550603056
56 0.288491369914 230.697221971 770.014286659
57 0.26202477895 221.631832586 779.106142635
58 0.238884540614 212.920433985 787.840681474
59 0.218584294458 204.54955127 796.231864435
60 0.200706529889 196.506174724 804.293118746
61 0.184912785266 188.777729715 812.037357499
62 0.17090904867 181.352094343 819.476996608
63 0.158457300556 174.217568177 826.623974523
64 0.147349388498 167.362882248 833.489768363
65 0.137413943511 160.777177934 840.085408123
66 0.128501367526 154.449998677 846.421499956
67 0.120488258508 148.37127319 852.508238552
68 0.1132603088 142.531328064 858.355411627
69 0.106719871611 136.920848043 863.972432086
70 0.100788925421 131.530845066 869.368366008
71 0.0954029674035 126.352725473 874.55187156
72 0.09050289095 121.378204092 879.531293017
73 0.0860305667082 116.599277295 884.314692139
74 0.0819437560629 112.008312217 888.909744027
75 0.0782023182784 107.597940165 893.323857517
76 0.0747677353913 103.361052359 897.564179905
77 0.071612350807 99.2908888115 901.637498838
78 0.0687051722 95.3808533169 905.550441511
79 0.0660235163807 91.6246803056 909.309296178
80 0.0635468379882 88.0163460047 912.920107157
81 0.0612559455227 84.5500354148 916.38870864
82 0.0591334705637 81.2201570287 919.720709501
83 0.0571643404244 78.021357622 922.921478038
84 0.0553342485774 74.9484887976 925.996176954
85 0.0536329383768 71.9966142777 928.949752784
86 0.0520496728349 69.1609740729 931.786976254
87 0.0505726089694 66.4369701986 934.512457192
88 0.0491901829957 63.8201750777 937.130634739
89 0.0478965270513 61.3063969531 939.64570652
90 0.046685794754 58.8916002563 942.061713949
91 0.0455527925835 56.5719082743 944.382538933
92 0.0444908566612 54.3435694148 946.611939729
93 0.0434941362724 52.2029821145 948.753523749
94 0.0425572234703 50.1466851994 950.810757577
95 0.0416761592678 48.1713677459 952.786956095
96 0.0408469758887 46.273842474 954.68531055
97 0.0400660283017 44.4510470038 956.508886968
98 0.0393299267218 42.7000408534 958.26062922
99 0.0386355644091 41.0179977072 959.943366728
100 0.0379800900563 39.4022023073 961.559817603
