Time S I R
1 1000 1 0
2 999.671128306 1.27664894358 0.0522227504799
3 999.251457744 1.62965351555 0.118888740773
4 998.716035648 2.07998146253 0.2039828895
5 998.033134085 2.65428386352 0.312582051285
6 997.162457988 3.38639195003 0.451150062366
7 996.052888652 4.31919797892 0.627913369469
8 994.639729496 5.506944201 0.85332630343
9 992.841279652 7.018059489 1.14066085909
10 990.554735694 8.93853500822 1.50672929827
11 987.651194515 11.3760085516 1.97279693295
12 983.969926007 14.4643969777 2.56567701569
13 979.311873681 18.3690677758 3.3190585432
14 973.432622628 23.292291244 4.27508612781
15 966.035446092 29.4783731641 5.48618074433
16 956.765372004 37.2175538552 7.01707414116
17 945.205861949 46.8471696567 8.94696839382
18 930.880508549 58.7478479589 11.3716434924
19 913.263019358 73.3317611537 14.4052194881
20 891.799491203 91.0193821697 18.1811266269
21 865.947083514 112.201246414 22.8516700723
22 835.231936933 137.182622009 28.5854410579
23 799.325731732 166.11246814 35.5618001283
24 758.134261698 198.903889891 43.9618484113
25 711.882817941 235.161381946 53.9558001128
26 661.176216518 274.136195091 65.6875883905
27 607.00926488 314.732275393 79.2584597263
28 550.70947195 355.578137554 94.7123904957
29 493.812644207 395.16111327 112.026242522
30 437.893218561 431.999610805 131.107170634
31 384.388357667 464.813569212 151.79807312
32 334.456442927 492.6534819 173.890075173
33 288.896817388 514.963680699 197.139501913
34 248.137026252 531.576823601 221.286150148
35 212.274167121 542.655833364 246.069999515
36 181.148265982 548.607200148 271.24453387
37 154.424146925 549.990049004 296.58580407
38 131.667029655 547.435388953 321.897581392
39 112.402415514 541.584419294 347.013165193
40 96.1585218809 533.046667951 371.794810168
41 82.4929524091 522.375396172 396.131651418
42 71.0069455483 510.056260343 419.936794109
43 61.3507705588 496.505137084 443.144092358
44 53.2239567125 482.070993899 465.705049389
45 46.3718726579 467.04229992 487.585827422
46 40.5809414966 451.654430768 508.764627736
47 35.6732454613 436.097320937 529.229433602
48 31.5012344584 420.522691661 548.976073881
49 27.9428888401 405.050496163 568.006614997
50 24.89746497 389.774510516 586.328024514
51 22.2817211822 374.767175028 603.95110379
52 20.0269524416 360.083487749 620.889559809
53 18.0763224482 345.764366898 637.159310654
54 16.3827449925 331.839367055 652.777887953
55 14.9071028217 318.328938316 667.763958862
56 13.6168555747 305.246179184 682.136965241
57 12.4848425192 292.598344586 695.916812895
58 11.4883235575 280.388048983 709.12362746
59 10.6082251063 268.614204712 721.777570182
60 9.82847922984 257.272840184 733.898680587
61 9.1355180345 246.357720959 745.506761006
62 8.51785553723 235.860858161 756.621286302
63 7.96572375996 225.772947671 767.261328569
64 7.47080061981 216.08369149 777.44550789
65 7.02596833596 206.782080222 787.191951442
66 6.62511539644 197.856619932 796.518264672
67 6.26302737977 189.295445427 805.441527193
68 5.93515436366 181.086593682 813.978251954
69 5.63759627784 173.217995935 822.144407788
70 5.36694421497 165.677654895 829.95540089
71 5.12025258114 158.453655414 837.426092005
72 4.89493911744 151.534267878 844.570793005
73 4.68875311218 144.907964128 851.40328276
74 4.49971758222 138.563469712 857.936812706
75 4.32609535538 132.48978467 864.184119974
76 4.16635672396 126.676201373 870.157441903
77 4.0191487101 121.112321962 875.868529328
78 3.88327628794 115.78806209 881.328661622
79 3.75767564751 110.693664955 886.548659397
80 3.64140233781 105.819696158 891.538901504
81 3.53361050075 101.157051224 896.309338276
82 3.43355558567 96.696933638 900.869510776
83 3.34056642481 92.4308729566 905.228560619
84 3.25403355324 88.3507226427 909.395243804
85 3.17341913488 84.4486305991 913.377950266
86 3.09823386486 80.7170524028 917.184713732
87 3.02803559962 77.148737763 920.823226637
88 2.9624300068 73.7367150109 924.300854982
89 2.90105535534 70.4742958025 927.624648842
90 2.84358473178 67.3550587799 930.801356488
91 2.7897236878 64.3728394745 933.837436838
92 2.73920114537 61.5217293571 936.739069498
93 2.69177164754 58.7960609765 939.512167376
94 2.64721213725 56.1904002897 942.162387573
95 2.60531676302 53.6995411101 944.695142127
96 2.5658985026 51.3184934175 947.11560808
97 2.52878608217 49.0424765821 949.428737336
98 2.49382129347 46.8669128683 951.639265838
99 2.46085962673 44.7874172872 953.751723086
100 2.42976696465 42.7997922509 955.770440784
