Time S I R
1 1000 1 0
2 999.669814832 1.27790009871 0.0522850695085
3 999.248056022 1.6328479638 0.119096014409
4 998.709444595 2.08609676967 0.204458635538
5 998.021806824 2.66468631989 0.313506856468
6 997.144242446 3.40297402622 0.452783527548
7 996.02481729 4.34455919486 0.630623514713
8 994.597742697 5.54462832243 0.857628980125
9 992.779866063 7.07286188718 1.14727204958
10 990.466471127 9.01689510605 1.51663376689
11 987.526153412 11.4865079806 1.98733860694
12 983.794953777 14.6183713399 2.58667488342
13 979.069701132 18.581343927 3.34895494099
14 973.100825256 23.5820416238 4.31713312009
15 965.585285141 29.870046109 5.5446687503
16 956.160598787 37.7417958827 7.09760533036
17 944.401651876 47.5415771219 9.05677100191
18 929.822805602 59.6572810844 11.5199133133
19 911.888712133 74.5078281033 14.6034597638
20 890.037987155 92.5185769358 18.4434359097
21 863.723931426 114.081166824 23.1949017496
22 832.475066107 139.495800999 29.0291328944
23 795.974497667 168.897744572 36.1277577611
24 754.150761688 202.175959779 44.6732785331
25 707.263537835 238.900518078 54.8359440876
26 655.961730835 278.280347875 66.7579212891
27 601.288091093 319.175268269 80.5366406379
28 544.614091747 360.175621207 96.210287046
29 487.506947406 399.744628713 113.748423881
30 431.553873647 436.395944497 133.050181856
31 378.18460106 468.864758626 153.950640314
32 328.532790828 496.23303902 176.234170151
33 283.362243332 517.985744052 199.652012617
34 243.061447872 533.997745201 223.940806927
35 207.691002157 544.469760113 248.83923773
36 177.060870148 549.838058857 274.101070995
37 150.813785388 550.682396265 299.503818347
38 128.500621643 547.64589503 324.853483327
39 109.639023208 541.374968176 349.986008616
40 93.754257911 532.479311689 374.7664304
41 80.4043716684 521.509016745 399.086611587
42 69.1930482871 508.944759922 422.86219179
43 59.7742453257 495.196413573 446.029341101
44 51.8515961706 480.606806687 468.541597142
45 45.1746130054 465.458499869 490.366887126
46 39.5336141628 449.981463365 511.484922472
47 34.7542571514 434.360772447 531.884970401
48 30.6921587923 418.743905434 551.563935774
49 27.2280608215 403.247154725 570.524784453
50 24.2635869036 387.961182061 588.775231036
51 21.7175116323 372.955794154 606.326694214
52 19.5228590942 358.283750899 623.193390007
53 17.6242313806 343.98412231 639.39164631
54 15.9757657567 330.084899118 654.939335126
55 14.5393730774 316.605232408 669.855394515
56 13.2833681041 303.557149962 684.159481934
57 12.1813269 290.946993866 697.871679234
58 11.2111174795 278.776637556 711.012244964
59 10.3541780919 267.044379225 723.601442683
60 9.59488475735 255.745723932 735.65939131
61 8.92003552327 244.874016896 747.20594758
62 8.31845591363 234.420920936 758.26062315
63 7.78064876575 224.37683759 768.842513644
64 7.29851684783 214.73123469 778.970248462
65 6.86513240861 205.472914248 788.661953343
66 6.47456182305 196.590209809 797.935228368
67 6.12172553369 188.071139471 806.807134995
68 5.80219763283 179.903637447 815.294164921
69 5.51218613616 172.075552315 823.412261549
70 5.24837119055 164.574828037 831.176800773
71 5.00789133646 157.389496554 838.602612109
72 4.78822912346 150.507799285 845.703971591
73 4.58719901387 143.918177877 852.494623109
74 4.40287286087 137.609348344 858.987778796
75 4.23356353288 131.570298259 865.196138209
76 4.07777910445 125.790321937 871.131898958
77 3.93420528342 120.259021452 876.806773265
78 3.80167637135 114.966323446 882.232000182
79 3.67915849582 109.902479946 887.418361558
80 3.56572937821 105.05807416 892.376196462
81 3.46056807796 100.424014526 897.115417396
82 3.36295175488 95.9915203494 901.645527896
83 3.27222077339 91.7521489538 905.975630273
84 3.18778510392 87.6977701472 910.114444749
85 3.10912134495 83.8205533868 914.070325268
86 3.03575019449 80.1129801628 917.851269643
87 2.96724308622 76.567820505 921.464936409
88 2.90321554313 73.1781265469 924.91865791
89 2.84331383212 69.9372349252 928.219451243
90 2.78722074667 66.8387460494 931.374033204
91 2.73464869325 63.8765197641 934.388831543
92 2.6853332194 61.0446711227 937.269995658
93 2.63903582099 58.3375548638 940.023409315
94 2.59553831453 55.7497603307 942.654701355
95 2.55464026043 53.2761033607 945.169256379
96 2.51615955237 50.9116154092 947.572225038
97 2.47992897923 48.6515381077 949.868532913
98 2.4457941699 46.4913142334 952.062891597
99 2.41361436549 44.4265793712 954.159806263
100 2.38325797428 42.4531566008 956.163585425
