Time S I R
1 1000 1 0
2 999.669114107 1.27560423384 0.0552816587891
3 999.247220038 1.6269852146 0.125794747138
4 998.709404007 2.07487040656 0.215725585976
5 998.024014689 2.64558221444 0.330403096506
6 997.150889313 3.37250448247 0.476606204055
7 996.03912095 4.29792403083 0.662955019145
8 994.624338193 5.47526726864 0.900394538819
9 992.825323289 6.97186930663 1.20280740393
10 990.539971846 8.87226430263 1.58776385106
11 987.64037629 11.2821564609 2.07746724944
12 983.967192524 14.3329193869 2.69988808911
13 979.323263382 18.1866005553 3.49013606262
14 973.466731802 23.0411778749 4.49209032363
15 966.104244997 29.1354795036 5.76027549917
16 956.88518183 36.7528653954 7.36195277416
17 945.398459981 46.2222063317 9.37933368695
18 931.174274175 57.9139936385 11.9117321862
19 913.693952221 72.2286970979 15.0773506816
20 892.411820303 89.5739400589 19.0142396386
21 866.793063612 110.327136524 23.8797998631
22 836.370336115 134.781603562 29.848060323
23 800.818526256 163.077533772 37.103939972
24 760.041235704 195.12486524 45.8338990564
25 714.254468445 230.532635213 56.2128963423
26 664.045447757 268.566047727 68.3885045159
27 610.384108311 308.151898937 82.4639927521
28 554.568319779 347.948402562 98.4832776584
29 498.103906274 386.475357285 116.420736441
30 442.539818605 422.281700171 136.178481224
31 389.296109167 454.111958277 157.591932556
32 339.524298396 481.033012425 180.442689179
33 294.026743124 502.497172526 204.47608435
34 253.241592508 518.338244788 229.420162704
35 217.281158484 528.715742381 255.003099136
36 186.002329312 534.030533166 280.967137522
37 159.086282672 534.83558518 307.078132148
38 136.112595848 531.756401241 333.131002911
39 116.618547317 525.429754557 358.951698127
40 100.141457591 516.461899821 384.396642588
41 86.2455867043 505.403821165 409.350592131
42 74.5368031508 492.739597111 433.723599738
43 64.6683522106 478.884025619 457.44762217
44 56.3415056974 464.185231899 480.473262403
45 49.3024793605 448.930910746 502.766609894
46 43.3379050108 433.35562903 524.306465959
47 38.2696330549 417.648418977 545.081947968
48 33.9496062608 401.959957881 565.090435858
49 30.2551288846 386.409010597 584.335860518
50 27.0846911621 371.088026528 602.82728231
51 24.354251456 356.067996533 620.577752011
52 21.9942994251 341.402374498 637.603326077
53 19.9472214401 327.130453694 653.922324866
54 18.1651901166 313.280113958 669.554695925
55 16.6083964876 299.87009562 684.521507892
56 15.2436572048 286.911777304 698.844565492
57 14.0432192832 274.410700032 712.546080685
58 12.9838016249 262.367783105 725.64841527
59 12.0458364219 250.780277038 738.17388654
60 11.2128075454 239.642589506 750.144602948
61 10.4707399137 228.946916456 761.582343631
62 9.8077785755 218.683755802 772.508465622
63 9.21382246357 208.842350329 782.943827208
64 8.68024742551 199.411014183 792.908738392
65 8.19966259303 190.377416386 802.422921021
66 7.76571162541 181.728806208 811.505482167
67 7.37295391595 173.45213492 820.174911164
68 7.0166381068 165.534320199 828.449041694
69 6.69268123885 157.962240388 836.345078373
70 6.39750750829 150.722912722 843.87957977
71 6.12802227162 143.803496659 851.06848107
72 5.88150421369 137.191404357 857.927091429
73 5.65558027322 130.874303464 864.470116263
74 5.44815779801 124.840179156 870.711663046
75 5.25739854152 119.077340157 876.665261302
76 5.08167660788 113.574445549 882.343877843
77 4.91955476046 108.320509817 887.759935423
78 4.76975750514 103.304913588 892.925328907
79 4.6311504325 98.5174062359 897.851443332
80 4.50272100948 93.948107098 902.549171893
81 4.38356515187 89.5875004881 907.02893436
82 4.2728840368 85.4264181937 911.30069777
83 4.16994976488 81.456063406 915.373986829
84 4.07410966449 77.6679850169 919.257905319
85 3.98478246981 74.05406323 922.9611543
86 3.90143622027 70.6065190617 926.492044718
87 3.8235944032 67.3178891217 929.858516475
88 3.75082756096 64.1810191656 933.068153273
89 3.6827411706 61.1890629224 936.128195907
90 3.61898074168 58.3354602696 939.045558989
91 3.55922320309 55.6139331717 941.826843625
92 3.50317238702 53.0184771951 944.478350418
93 3.45056029746 50.5433463525 947.00609335
94 3.40114069929 48.1830470829 949.415812218
95 3.35468805615 45.9323273357 951.712984608
96 3.31099673865 43.7861657927 953.902837469
97 3.26987704068 41.7397653175 955.990357642
98 3.23115467525 39.7885418572 957.980303468
99 3.19466960098 37.9281162637 959.877214135
100 3.16027274411 36.154307048 961.685420208
