Time S I R
1 1000 1 0
2 999.667511012 1.27587117995 0.056617808475
3 999.243485202 1.62766453162 0.128850266468
4 998.702840877 2.07616605435 0.220993068241
5 998.013707605 2.64777698441 0.338515410518
6 997.135637609 3.37598643108 0.488375959955
7 996.017354704 4.30322036507 0.679424930509
8 994.594011364 5.48308728281 0.922901353506
9 992.78377947 6.98315755978 1.23306296977
10 990.483778288 8.88826460214 1.62795710973
11 987.565120933 11.3044864799 2.13039258683
12 983.86724408 14.3636512322 2.76910468745
13 979.191495828 18.2283397753 3.58016439633
14 973.294224352 23.0971241471 4.60865150098
15 965.879983469 29.2094388974 5.91057763368
16 956.595807363 36.849166471 7.55502616581
17 945.028142633 46.3454461773 9.62641119002
18 930.70482825 58.0685094782 12.2266622722
19 913.105352414 72.417630104 15.4770174822
20 891.683310049 89.7977439619 19.5189459889
21 865.905041873 110.581410848 24.5135472786
22 835.307127983 135.054234445 30.6386375714
23 799.571946171 163.345337052 38.082716777
24 758.614535495 195.350240167 47.0352243378
25 712.665811218 230.661155139 57.6730336437
26 662.329882948 268.526006066 70.1441109858
27 608.592829668 307.856930277 84.5502400555
28 552.764735878 347.303437139 100.931826984
29 496.356843374 385.385318109 119.257838517
30 440.915284594 420.661234065 139.423481341
31 387.849611429 451.894012167 161.256376405
32 338.295476541 478.174427136 184.530096323
33 293.037176657 498.980490118 208.982333225
34 252.495724003 514.169947988 234.334328009
35 216.769370435 523.922075127 260.308554438
36 185.70504902 528.652199061 286.64275192
37 158.978052481 528.922520471 313.099427048
38 136.165574343 525.363228169 339.471197488
39 116.805079317 518.612322748 365.582597935
40 100.435751745 509.274877943 391.289370312
41 86.6246516161 497.899178476 416.476169908
42 74.9807917083 484.965814162 441.05339413
43 65.1606093061 470.885695614 464.95369508
44 56.8683354813 456.003045339 488.12861918
45 49.8528104033 440.60181066 510.545378937
46 43.9029222658 424.91305445 532.184023284
47 38.8424278005 409.122573479 553.03499872
48 34.5248389893 393.378104148 573.097056863
49 30.8287378133 377.795743576 592.375518611
50 27.6536399721 362.465529478 610.88083055
51 24.9163152632 347.456272651 628.627412086
52 22.5479070372 332.819436929 645.632656033
53 20.4913010872 318.592522692 661.916176221
54 18.6990643588 304.801763939 677.499171702
55 17.1316905733 291.464401605 692.403907822
56 15.7562223788 278.590445936 706.653331685
57 14.5450860819 266.184168867 720.270745051
58 13.4751273046 254.24533357 733.279539125
59 12.5268698696 242.770125616 745.703004514
60 11.6838689231 231.751962361 757.564168716
61 10.9321930478 221.182134394 768.885672559
62 10.260015501 211.050303181 779.689681318
63 9.65725466944 201.344934915 789.997810415
64 9.11529230972 192.053632258 799.831075432
65 8.62673540043 183.163409505 809.209855094
66 8.18522961179 174.660900371 818.153870018
67 7.78531895789 166.532506315 826.682174727
68 7.42224249721 158.764629358 834.813128145
69 7.09190306632 151.343677168 842.564419765
70 6.79070958782 144.256235418 849.953054994
71 6.51555310942 137.489066152 856.995380739
72 6.26369426244 131.029222818 863.707082919
73 6.03274603435 124.864040832 870.103213134
74 5.82059763772 118.981209132 876.19819323
75 5.62539731667 113.368762067 882.005840616
76 5.44550211592 108.015115418 887.539382466
77 5.27946193029 102.909060006 892.811478063
78 5.12598552663 98.03978005 897.834234423
79 4.98392622024 93.3968456582 902.619228122
80 4.8522568585 88.9702203757 907.177522766
81 4.73006404385 84.7502448598 911.519691096
82 4.61653690891 80.7276284962 915.655834595
83 4.51093328859 76.8934715692 919.595595142
84 4.41259347068 73.2392259529 923.348180576
85 4.32092461401 69.7566947593 926.922380627
86 4.23538527988 66.4380324069 930.326582313
87 4.15549206975 63.2757177924 933.568790138
88 4.08080479631 60.2625549023 936.656640301
89 4.01092232423 57.3916609179 939.597416758
90 3.94548339564 54.6564488971 942.398067707
91 3.88415647685 52.050624911 945.065218612
92 3.82663989838 49.5681730065 947.605187095
93 3.77265950523 47.2033437322 950.023996763
94 3.72196253131 44.9506469343 952.327390534
95 3.67431867243 42.804838346 954.520842982
96 3.62951686824 40.7609106491 956.609572483
97 3.58736225703 38.8140851296 958.598552613
98 3.54767652245 36.9597999526 960.492523525
99 3.51029432824 35.1937029795 962.296002692
100 3.47506334871 33.5116417507 964.013294901
