Time S I R
1 1000 1 0
2 999.667809397 1.27688129233 0.0553093110977
3 999.243828516 1.63024319697 0.125928287496
4 998.702813438 2.08110235511 0.216084207342
5 998.012661915 2.65617461108 0.331163473815
6 997.132599226 3.38937583182 0.478024942012
7 996.010894173 4.32370705022 0.665398776567
8 994.582071961 5.51354757152 0.90438046788
9 992.763448774 7.02749436373 1.20905686204
10 990.450989685 8.95173739604 1.59727291905
11 987.514263552 11.394136686 2.09159976198
12 983.790670675 14.4888345314 2.72049479411
13 979.07890769 18.4013851416 3.51970716829
14 973.131925051 23.3341277059 4.53394724286
15 965.650012961 29.531181151 5.8188058883
16 956.274991581 37.282117027 7.44289139213
17 944.587147043 46.9227680702 9.49008488647
18 930.107378106 58.8309023285 12.0617195655
19 912.307879386 73.4137567274 15.2783638871
20 890.635397142 91.08387692 19.280725938
21 864.551126806 112.219851732 24.2290214626
22 833.589926832 137.110060736 30.3000124318
23 797.437883904 165.881206071 37.680910025
24 756.021068861 198.419371084 46.559560055
25 709.589607844 234.299507327 57.1108848284
26 658.77465868 272.744791856 69.4805494637
27 604.594129681 312.638080434 83.767789885
28 548.390206857 352.599345703 100.01044744
29 491.700833515 391.123900759 118.175265726
30 436.088713551 426.755303573 138.155982876
31 382.967492525 458.252628979 159.779878496
32 333.464952105 484.713510491 182.821537404
33 288.348521224 505.630432801 207.021045976
34 248.017544971 520.879218847 232.103236182
35 212.547740799 530.657221279 257.795037922
36 181.76560369 535.395279479 283.83911683
37 155.329683191 535.667327645 310.002989164
38 132.804677177 532.111272338 336.084050485
39 113.719496903 525.369352301 361.911150796
40 97.608072685 516.048175565 387.34375175
41 84.0347512665 504.695672438 412.269576295
42 72.6075856619 491.790987 436.601427338
43 62.983315083 477.742920583 460.273764334
44 54.8671895446 462.89342802 483.239382436
45 48.0094819767 447.524253487 505.466264537
46 42.2006764466 431.864499002 526.934824552
47 37.2661827607 416.098274138 547.635543101
48 33.0611086474 400.371957147 567.566934206
49 29.4655294595 384.800601704 586.733868837
50 26.3803217728 369.473498553 605.146179674
51 23.7234800774 354.458970871 622.817549052
52 21.4272484649 339.808206385 639.76454515
53 19.4354763943 325.558630409 656.005893197
54 17.7015842383 311.736545688 671.561870074
55 16.1868141754 298.359387283 686.453798542
56 14.8588603695 285.437461202 700.703678429
57 13.6907265383 272.975398976 714.333874486
58 12.6597588688 260.97338528 727.366855852
59 11.7469187979 249.428066096 739.825015106
60 10.9361494754 238.333338238 751.730512287
61 10.2138564515 227.680990919 763.105152629
62 9.56850905791 217.461189489 773.970301453
63 8.99028877781 207.662898753 784.346812469
64 8.47080712208 198.274215642 794.254977236
65 8.00287263382 189.282638498 803.714488868
66 7.58031654212 180.675260198 812.74442326
67 7.19783787107 172.438937237 821.363224892
68 6.85082039131 164.560496722 829.588682886
69 6.53529209156 157.02675608 837.437951829
70 6.24777515483 149.824686533 844.927538312
71 5.98526151175 142.941414452 852.073324036
72 5.74510172729 136.364335769 858.890562503
73 5.52499034323 130.081105489 865.393904167
74 5.32288893999 124.079711805 871.597399255
75 5.13701178753 118.348466058 877.514522155
76 4.96577480656 112.876041414 883.158183779
77 4.80778176643 107.651465509 888.540752724
78 4.66178966842 102.664141113 893.674069219
79 4.52669595837 97.9038381644 898.569465877
80 4.40151319256 93.3607031894 903.237783618
81 4.28536467976 89.0252425973 907.689392723
82 4.17747289079 84.8883161232 911.934210986
83 4.07712563855 80.9411601454 915.981714216
84 3.98369096541 77.1753482326 919.840960802
85 3.89660157129 73.5827919236 923.520606505
86 3.81533910497 70.1557421711 927.028918724
87 3.73944148569 66.8867626968 930.373795818
88 3.66848842758 63.7687311411 933.562780431
89 3.60209667226 60.7948288354 936.603074492
90 3.53992164268 57.9585233092 939.501555048
91 3.4816473703 55.2535661742 942.264786456
92 3.42698622897 52.6739793382 944.899034433
93 3.37567728157 50.2140434391 947.410279279
94 3.32748001795 47.8682915012 949.804228481
95 3.28217528672 45.6314962222 952.086328491
96 3.23956264059 43.4986610667 954.261776293
97 3.19945692987 41.4650129173 956.335530153
98 3.16168879629 39.5259905618 958.312320642
99 3.12610153066 37.6772377838 960.196660686
100 3.09255028894 35.9145943605 961.992855351
