Time S I R
1 1000 1 0
2 999.670082654 1.27774807203 0.0521692736911
3 999.248715915 1.63245975982 0.118824325662
4 998.710668783 2.08535355647 0.203977660308
5 998.02383228 2.66342207242 0.312745647781
6 997.147393078 3.40095891211 0.451648009464
7 996.02953301 4.34147777537 0.628989214429
8 994.604617353 5.54005107271 0.855331574036
9 992.789696402 7.06620847777 1.1440951198
10 990.480319105 9.00738781551 1.51229307973
11 987.545424967 11.4731131351 1.98146189792
12 983.821495388 14.599728276 2.57877633632
13 979.105915938 18.555680939 3.33840312332
14 973.149807453 23.5470812656 4.30311128186
15 965.650966531 29.8229067944 5.52612667432
16 956.247894814 37.6789028838 7.07320230248
17 944.516582769 47.4586066399 9.02481059061
18 929.972552798 59.5491747629 11.4782724388
19 912.081551662 74.3689310943 14.549517244
20 890.283023748 92.3429667501 18.3740095017
21 864.030549266 113.86324343 23.1062073041
22 832.852028738 139.23118748 28.9167837821
23 796.428688091 168.584486426 35.986825483
24 754.685658747 201.815907394 44.4984338593
25 707.877714137 238.500596629 54.6216892343
26 656.647703672 277.853390985 66.4989053427
27 602.03203175 318.739938227 80.2280300224
28 545.396641066 359.755219861 95.8481390734
29 488.305160273 399.364840545 113.329999182
30 432.343887814 436.081971362 132.574140825
31 378.944380426 468.638526565 153.417093009
32 329.244340366 496.111077552 175.644582082
33 284.012844924 517.97815554 199.008999536
34 243.643881222 534.108251064 223.247867714
35 208.202969825 544.696556345 248.100473829
36 177.503953098 550.175118391 273.32092851
37 151.192258648 551.120866681 298.686874671
38 128.820368092 548.175346712 324.004285197
39 109.906657532 541.984383328 349.10895914
40 93.9764935044 533.157790066 373.86571643
41 80.5876058425 522.246231891 398.166162266
42 69.3431405077 509.731197071 421.925662421
43 59.8963932908 496.023500468 445.080106241
44 51.9503202791 481.46692092 467.582758801
45 45.2537843039 466.344928915 489.401286781
46 39.596512886 450.888331166 510.515155948
47 34.8036401759 435.282956157 530.913403667
48 30.7303287458 419.676949777 550.592721477
49 27.2569328017 404.187189648 569.55587755
50 24.2847510491 388.904845477 587.810403474
51 21.7322854395 373.90016528 605.367549281
52 19.5323318351 359.226293783 622.241374382
53 17.6293053459 344.922631437 638.448063217
54 15.9771877581 331.017457922 654.00535432
55 14.5377609132 317.53017649 668.932062597
56 13.2792349516 304.473033019 683.247732029
57 12.1750975127 291.852563659 696.972338828
58 11.203144762 279.670810853 710.126044385
59 10.3447561994 267.926221356 722.729022445
60 9.58425765483 256.614433901 734.801308445
61 8.90840676881 245.728910905 746.362682327
62 8.30599575306 235.261419403 757.432584844
63 7.76749875314 225.202455386 768.030045861
64 7.28479553637 215.541570104 778.17363436
65 6.85093978795 206.26763966 787.881420552
66 6.4599793798 197.369068122 797.170952498
67 6.1068236027 188.833931272 806.059245126
68 5.78703399537 180.650219552 814.562746453
69 5.49680962359 172.805830131 822.697360245
70 5.23282259158 165.28875146 830.478425948
71 4.99220451897 158.087055774 837.920739707
72 4.77243280643 151.189019905 845.038547289
73 4.57131666888 144.583118547 851.845564784
74 4.38692453896 138.258095991 858.35497947
75 4.21756542175 132.202966534 864.579468044
76 4.06174502028 126.407047273 870.531207707
77 3.91814622856 120.859961649 876.221892122
78 3.78560172885 115.551654299 881.662743972
79 3.66307565088 110.472394063 886.864530287
80 3.54964472589 105.61277808 891.837577194
81 3.44448623978 100.963728239 896.591785521
82 3.34687613607 96.5164752007 901.136648663
83 3.25615489408 92.2625846297 905.481260476
84 3.17173105687 88.1939354674 909.634333476
85 3.09308066899 84.3027040836 913.604215247
86 3.01972429726 80.5813773242 917.398898379
87 2.95123252622 77.0227305153 921.026036958
88 2.88722070915 73.6198193641 924.492959927
89 2.82733494374 70.3659832682 927.806681788
90 2.77125752841 67.254825051 930.973917421
91 2.71870089664 64.2802056111 934.001093492
92 2.66940038717 61.4362407146 936.894358898
93 2.62311724131 58.7172852727 939.659597486
94 2.57963338654 56.117927911 942.302438702
95 2.53874819178 53.6329835461 944.828268262
96 2.50027942973 51.2574821737 947.242238397
97 2.46406004565 48.9866633771 949.549276577
98 2.42993550008 46.8159676984 951.754096802
99 2.3977650728 44.7410280502 953.861206877
100 2.36741727777 42.7576644712 955.874918251
