Time S I R
1 1000 1 0
2 999.669113763 1.27560678494 0.0552794518257
3 999.247218412 1.62699172206 0.125789866185
4 998.709399672 2.07488285354 0.215717474474
5 998.024005534 2.64560337113 0.33039109465
6 997.150872281 3.37253818491 0.476589534389
7 996.03909168 4.29797554863 0.662932771632
8 994.624290554 5.47534378903 0.900365656977
9 992.825248762 6.97198056463 1.20277067289
10 990.53985872 8.87242339066 1.58771788932
11 987.640208624 11.2823808677 2.07741050849
12 983.96694885 14.3332322886 2.69981886131
13 979.322915095 18.1870324011 3.49005250387
14 973.466241229 23.0417682762 4.49199049478
15 966.103563189 29.1362793827 5.76015742842
16 956.884246175 36.753939282 7.36181454346
17 945.397191899 46.2236345617 9.37917353889
18 931.17257734 57.9158740204 11.9115486391
19 913.691711996 72.2311453776 15.0771426267
20 892.408905377 89.5770882503 19.0140063731
21 866.789331021 110.331127991 23.8795409874
22 836.365640801 134.786583791 29.8477754077
23 800.812735819 163.08363629 37.1036278913
24 760.034249879 195.132193214 45.8335569069
25 714.246240496 230.541241563 56.212517941
26 664.036004379 268.575917009 68.3880786125
27 610.373561011 308.162937763 82.4635012258
28 554.556863846 347.960442004 98.4826941501
29 498.091804716 386.488169428 116.420025856
30 442.527373727 422.295025814 136.177600459
31 389.283628426 454.125539087 157.590832487
32 339.512062599 481.046619766 180.441317635
33 294.014983039 502.510627376 204.474389585
34 253.230477347 518.351425878 229.418096776
35 217.270795122 528.728584182 255.000620696
36 185.992769453 534.043016776 280.964213771
37 159.077533837 534.847726319 307.074739844
38 136.104633641 531.768237786 333.127128573
39 116.611326517 525.441335914 358.947337569
40 100.134921147 516.473278819 384.391800034
41 86.2396724915 505.415048438 409.345279071
42 74.5314484982 492.750717824 433.717833678
43 64.6634970062 478.895077546 457.441425448
44 56.3370940454 464.19624492 480.466661034
45 49.2984603391 448.941907113 502.759632548
46 43.3342329409 433.366623974 524.299143086
47 38.2662674069 417.65942154 545.074311053
48 33.9465113115 401.970971885 565.082516804
49 30.2522732952 386.42003556 584.327691144
50 27.0820475151 371.099058534 602.818893951
51 24.3517957771 356.07902901 620.569175213
52 21.9920108071 341.413398837 637.594590356
53 19.9450816041 327.141459872 653.913458524
54 18.163183089 313.291090972 669.545725939
55 16.6065082805 299.881031899 684.51245982
56 15.2418755392 286.922661038 698.835463423
57 14.0415333846 274.421519387 712.536947229
58 12.982201997 262.378526463 725.63927154
59 12.0443146781 250.790933144 738.164752178
60 11.2113562769 239.653147568 750.135496155
61 10.4693525448 228.957366257 761.573281198
62 9.80644926138 218.694087753 772.499462985
63 9.2125460005 208.852555505 782.934898495
64 8.67901916331 199.421084357 792.89989648
65 8.19847836566 190.38734404 802.414177594
66 7.76456770507 181.738584516 811.496847779
67 7.37184694818 173.461757757 820.166395295
68 7.01556506483 165.543782126 828.440652809
69 6.69163939468 157.971536621 836.336823985
70 6.39649438865 150.732039118 843.871466493
71 6.12703563973 143.812449679 851.060514681
72 5.88054203263 137.200181049 857.919276918
73 5.65464069415 130.882901418 864.462457888
74 5.44723913164 124.848596487 870.704164381
75 5.25649924847 119.085575465 876.657925287
76 5.08079527748 113.582497892 882.33670683
77 4.91869010274 108.328378677 887.75293122
78 4.76890833467 103.312598846 892.91849282
79 4.63031566149 98.5249081371 897.844776201
80 4.5018996349 93.9554262298 902.542674135
81 4.38275625184 89.5946377467 907.022606001
82 4.27208676212 85.4333747595 911.294538478
83 4.16916332768 81.462840725 915.367995947
84 4.07333333843 77.6745847698 919.252081892
85 3.9840155824 74.0604873123 922.955497105
86 3.90067814732 70.6127695641 926.486552289
87 3.82284456679 67.3239683074 929.853187126
88 3.75008542395 64.1869294531 933.062985123
89 3.68200623371 61.1948068676 936.123186899
90 3.618252541 58.3410405485 939.040706911
91 3.55850130628 55.6193525657 941.822146128
92 3.50245639155 53.023738576 944.473805032
93 3.44984982814 50.5484526687 947.001697503
94 3.40043540592 48.1880013477 949.411563246
95 3.35398761192 45.9371326147 951.708879773
96 3.31030083833 43.7908251933 953.898873968
97 3.26918539892 41.7442819791 955.986532622
98 3.23046702528 39.7929189414 957.976614033
99 3.19398569316 37.9323569466 959.87365736
100 3.15959234452 36.1584145117 961.681993144
