Time S I R
1 1000 1 0
2 999.669785068 1.27781384863 0.0524010829945
3 999.248016728 1.63262752052 0.119355751261
4 998.709429495 2.08567427726 0.204896227896
5 998.021869007 2.66396671784 0.314164275207
6 997.144462426 3.40182529199 0.45371228228
7 996.025313876 4.34279942019 0.631886703411
8 994.598687663 5.54200862393 0.859303713133
9 992.781503644 7.06904403063 1.14945232561
10 990.469143583 9.01142256744 1.51943384947
11 987.53033446 11.4787686011 1.9908969387
12 983.801290943 14.6075504203 2.59115863669
13 979.079068807 18.5663660083 3.35456518478
14 973.114389213 23.5615001402 4.32411064693
15 965.604577648 29.8421217436 5.55330060875
16 956.187601317 37.7041666376 7.10823204545
17 944.438877814 47.491327647 9.06979453847
18 929.873368854 59.5908252427 11.5358059031
19 911.956358994 74.4208671727 14.6227738338
20 890.127058891 92.4061255366 18.466815572
21 863.839217165 113.937686292 23.2230965432
22 832.621505358 139.315480038 29.0630146046
23 796.156707223 168.674951841 36.1683409367
24 754.372396783 201.905858797 44.7217444198
25 707.526579423 238.579754784 54.8936657922
26 656.265808392 277.90770715 66.8264844585
27 601.630069152 318.752078738 80.6178521104
28 544.988060084 359.705778401 96.3061615149
29 487.904704654 399.234156079 113.861139266
30 431.965817921 435.852180818 133.18200126
31 378.600815174 468.295378783 154.103806043
32 328.94408107 495.64513599 176.41078294
33 283.760900884 517.385185219 199.853913896
34 243.441649261 533.388869803 224.169480937
35 208.048870497 543.855384759 249.095744744
36 177.394282284 549.219702354 274.386015363
37 151.122044002 550.060606602 299.817349396
38 128.784090088 547.020587384 325.195322528
39 109.898785677 540.745719398 350.355494925
40 93.9918376771 531.845586692 375.162575631
41 80.6215151232 520.870325481 399.508159396
42 69.3915774978 508.300745963 423.307676539
43 59.9559512568 494.546908261 446.497140482
44 52.018179018 479.951840056 469.029980926
45 45.3276481647 464.798293141 490.874058694
46 39.6745380719 449.316408136 512.009053792
47 34.884364405 433.691404844 532.424230751
48 30.8126066406 418.070878257 552.116515103
49 27.3398781766 402.57121006 571.088911763
50 24.3676860092 387.283125449 589.349188542
51 21.8146994038 372.276472378 606.908828218
52 19.6138482221 357.604033346 623.782118432
53 17.7096518314 343.304883724 639.985464445
54 16.0561743435 329.407006867 655.536818789
55 14.6152623313 315.929535743 670.455201926
56 13.3551746467 302.884470975 684.760354378
57 12.2494378184 290.278121747 698.472440435
58 11.2758768438 278.112323187 711.611799969
59 10.4158923907 266.385331591 724.198776019
60 9.65382716129 255.092608267 736.253564572
61 8.97645023825 244.227452912 747.796096849
62 8.37256170408 233.78148219 758.845956106
63 7.83264179502 223.745051773 769.422306432
64 7.34857353229 214.107583892 779.543842576
65 6.91341184319 204.85783572 789.228752437
66 6.52120718987 195.984097949 798.494694861
67 6.16686662751 187.474346253 807.35878712
68 5.84595190788 179.31647471 815.837573382
69 5.55466022841 171.498293249 823.947046522
70 5.28966208641 164.007709042 831.702628871
71 5.04808731726 156.832719203 839.11919348
72 4.82741080054 149.961532077 846.211057122
73 4.62543998373 143.382558305 852.992001712
74 4.44024054013 137.084484603 859.475274857
75 4.27011968241 131.056271222 865.673609096
76 4.11358045468 125.287186866 871.59923268
77 3.96930396203 119.766809819 877.263886219
78 3.83612038521 114.485044571 882.678835044
79 3.71299208848 109.432122659 887.854885253
80 3.59899340514 104.598608331 892.802398264
81 3.4933002879 99.9753925914 897.531307121
82 3.39518705223 95.5536787496 902.051134198
83 3.30399149171 91.3250094659 906.370999042
84 3.21912124347 87.2812411515 910.499637605
85 3.14005073844 83.4145311274 914.445418134
86 3.06629869709 79.7173498897 918.216351413
87 2.99743476746 76.1824575243 921.820107708
88 2.93307278771 72.8028973015 925.264029911
89 2.87285749447 69.5719979321 928.555144573
90 2.8164702929 66.4833527773 931.70017693
91 2.76362226126 63.5308155443 934.705562194
92 2.71404775848 60.7084958904 937.577456351
93 2.66750718414 58.0107439001 940.321748916
94 2.62378130043 55.4321449907 942.944073709
95 2.58266873241 52.9675116746 945.449819593
96 2.5439864993 50.6118726931 947.844140808
97 2.50756654114 48.3604675426 950.131965916
98 2.47325374753 46.2087373461 952.318008906
99 2.44090664154 44.1523165297 954.406776829
100 2.41039296979 42.187027444 956.402579586
