Time S I R
1 1000 1 0
2 999.375949892 1.57279134182 0.05125876631
3 998.395429836 2.47270789941 0.131862264994
4 996.856297911 3.88515593385 0.258546155311
5 994.443933553 6.09856769462 0.457498752732
6 990.671821786 9.55861617948 0.769562034453
7 984.795237341 14.9466606883 1.25810197037
8 975.692442223 23.2869246996 2.02063307731
9 961.716739454 36.0779400918 3.20532045457
10 940.548856722 55.4182772088 5.03286606882
11 909.137169861 84.0407687742 7.8220613652
12 863.910347594 125.077601137 12.0120512686
13 801.538432073 181.296297706 18.1652702208
14 720.430741349 253.643886813 26.925371838
15 622.617894965 339.475090494 38.9070145403
16 514.761818476 431.710855029 54.5273264947
17 406.840755153 520.312053827 73.8471910204
18 308.684693262 595.796495889 96.5188108491
19 226.665322449 652.455588664 121.879088887
20 162.652220334 689.218705765 149.129073901
21 115.13383584 708.365481044 177.500683116
22 81.0216952695 713.624798876 206.353505854
23 57.0189295074 708.778336468 235.202734024
24 40.2967429959 696.99760651 263.705650494
25 28.6791443128 680.688346099 291.632509588
26 20.5913174544 661.571931551 318.836750994
27 14.9310285108 640.838703397 345.230268092
28 10.940536275 619.294518917 370.764944808
29 8.10298143597 597.477441605 395.419576959
30 6.06630690105 575.742893922 419.190799176
31 4.59019804124 554.322811438 442.086990521
32 3.50978284436 533.366077689 464.124139467
33 2.71124931037 512.965682939 485.323067751
34 2.1152405263 493.177220603 505.707538871
35 1.66618792874 474.030774121 525.30303795
36 1.32471304647 455.539394057 544.135892896
37 1.06270203881 437.704586648 562.232711314
38 0.859935540431 420.520066413 579.619998046
39 0.701692610378 403.974421839 596.32388555
40 0.577153188476 388.052879671 612.36996714
41 0.478377947752 372.738423272 627.783198781
42 0.399460531743 358.012721035 642.587818433
43 0.335950151341 343.85675023 656.807299619
44 0.284470185677 330.251192284 670.46433753
45 0.242481776079 317.176672013 683.58084621
46 0.208002631703 304.614039939 696.177957429
47 0.179516499253 292.544452089 708.276031412
48 0.155813514134 280.949513651 719.894672835
49 0.136006396214 269.811243109 731.052750495
50 0.119356455742 259.112223588 741.768419956
51 0.105296411391 248.835571359 752.05913223
52 0.0933365178894 238.964871964 761.941791518
53 0.083160603611 229.484662381 771.432177015
54 0.0744242697039 220.379443657 780.546132073
55 0.0669015859064 211.634659688 789.298438726
56 0.0603946574112 203.23618235 797.703422993
57 0.0547441597341 195.170443048 805.774812792
58 0.0498127932954 187.424249705 813.525937501
59 0.045494878757 179.985095947 820.969409174
60 0.0416966207951 172.840839148 828.117464232
61 0.0383495351682 165.979865795 834.98178467
62 0.0353851974628 159.390935574 841.573679229
63 0.0327541544716 153.063353699 847.903892147
64 0.0304172593085 146.986856922 853.982725818
65 0.028329207903 141.151426805 859.820243987
66 0.0264597838245 135.547544311 865.425995905
67 0.0247801020657 130.166020065 870.809199833
68 0.0232672827158 124.998053791 875.978678926
69 0.0219021409138 120.035194506 880.942903353
70 0.020666000269 115.269290526 885.710043473
71 0.0195452128597 110.692560626 890.287894161
72 0.0185263062141 106.297481962 894.683991731
73 0.0175982513653 102.076855108 898.90554664
74 0.0167511837724 98.0237779298 902.959470886
75 0.0159763571835 94.1316191853 906.852404458
76 0.0152681690824 90.3940037093 910.590728122
77 0.0146190984595 86.8047860452 914.180594856
78 0.0140202849157 83.3580332886 917.627946426
79 0.0134654193132 80.0480734137 920.938461167
80 0.0129523703852 76.8695114396 924.11753619
81 0.0124786595799 73.8171541558 927.170367185
82 0.0120412491221 70.8860014033 930.101957348
83 0.0116360932185 68.0712320658 932.917131841
84 0.0112596416667 65.3682169219 935.620523436
85 0.0109092329335 62.7725188263 938.216571941
86 0.010582962533 60.2798832728 940.709533765
87 0.010278840687 57.8862179121 943.103503247
88 0.00999504275137 55.5875946332 945.402410324
89 0.00972990013224 53.3802416274 947.610028473
90 0.00948191594557 51.2605346684 949.729983416
91 0.00924974826933 49.2249950781 951.765755174
92 0.0090321693541 47.2702818481 953.720685983
93 0.00882803139598 45.3931842062 955.597987762
94 0.00863632891856 43.5906212426 957.400742429
95 0.00845616306685 41.8596349084 959.131908928
96 0.00828668750307 40.197382019 960.794331293
97 0.00812714311519 38.6011348544 962.390738002
98 0.00797683090286 37.0682731862 963.923749983
99 0.00783510327369 35.596279241 965.395885656
100 0.00770136438837 34.1827345488 966.809564087
