Time S I R
1 1000 1 0
2 999.666884674 1.27648338576 0.0566319399167
3 999.241856628 1.62922628269 0.128917088983
4 998.699675473 2.07915324208 0.221171284698
5 998.008254026 2.65285398767 0.338891986203
6 997.126850373 3.38407247785 0.489077149565
7 996.003792167 4.31557676001 0.680631073316
8 994.573701614 5.50143165557 0.924866730295
9 992.75404612 7.00981170884 1.23614217085
10 990.441017421 8.9263429358 1.63263964313
11 987.504516389 11.3581350849 2.1373485264
12 983.78241618 14.4383407048 2.77924311549
13 979.074074258 18.3312175495 3.59470819268
14 973.133346776 23.237421923 4.62923130082
15 965.66173818 29.3989148997 5.93934692048
16 956.302659294 37.1025420282 7.59479867761
17 944.638422953 46.680758552 9.68081849525
18 930.192422301 58.507253403 12.3003242965
19 912.439787358 72.9845015216 15.5757111207
20 890.83051235 90.5197416893 19.6497459609
21 864.82907334 111.486026299 24.6849003608
22 833.973169039 136.166512213 30.8603187478
23 797.950614104 164.683776942 38.365608954
24 756.68727934 196.921850861 47.3908697993
25 710.430466375 232.456599358 58.1129342672
26 659.805321724 270.515867582 70.6788106935
27 605.820824498 309.990888861 85.1882866405
28 549.808139679 349.513081212 101.678779109
29 493.293704451 387.590782221 120.115513328
30 437.830052386 422.780343255 140.389604359
31 384.823530905 453.85176202 162.324707075
32 335.398365822 479.91064612 185.690988058
33 290.322152806 500.454244986 210.223602208
34 249.997410109 515.360341534 235.642248357
35 214.504986454 524.826195979 261.668817567
36 183.677381579 529.28134175 288.04127667
37 157.179158764 529.297879941 314.522961295
38 134.580465357 525.5118239 340.907710743
39 115.414807128 518.563707162 367.021485709
40 99.219769162 509.058713707 392.721517131
41 85.5624591127 497.54362784 417.893913048
42 74.0529290313 484.496655232 442.450415737
43 64.3492758055 470.325823662 466.324900533
44 56.1576170322 455.372398602 489.469984366
45 49.2287225307 439.917473095 511.853804374
46 43.3533059777 424.189498005 533.457196017
47 38.3568131214 408.371916489 554.27127039
48 34.0942588234 392.610409433 574.295331743
49 30.4455412661 377.019300129 593.535158605
50 27.3113090848 361.687117494 612.001573421
51 24.6093010467 346.681397094 629.709301859
52 22.2714935052 332.052521126 646.675985369
53 20.2414688774 317.837097349 662.921433774
54 18.4723871312 304.060608142 678.467004727
55 16.9252431798 290.739670534 693.335086286
56 15.567497816 277.883783166 707.548719018
57 14.3719371992 265.496785608 721.131277193
58 13.3157068889 253.578090169 734.106202942
59 12.379583167 242.123594987 746.496821846
60 11.5473400384 231.12647521 758.326184752
61 10.8052284273 220.577827855 769.616943717
62 10.14157639 210.46715724 780.39126637
63 9.54643740736 200.782798271 790.670764322
64 9.01130623466 191.512251067 800.476442698
65 8.52888513346 182.642450194 809.828664672
66 8.09291069059 174.159954714 818.747134595
67 7.69799138031 166.051125697 827.250882922
68 7.33943404708 158.30231944 835.358246513
69 7.01319240336 150.899919102 843.086888495
70 6.71572444791 143.830487182 850.45378837
71 6.44396117569 137.080773487 857.475265337
72 6.19519914896 130.637823288 864.166977563
73 5.96708284919 124.488968681 870.543948469
74 5.75752842487 118.621900238 876.620571337
75 5.56470882096 113.02465553 882.410635649
76 5.3870017234 107.685657656 887.927340621
77 5.22297644608 102.59370532 893.183318234
78 5.07135773842 97.7379940211 898.19064824
79 4.9310139996 93.1081051087 902.960880892
80 4.80093059252 88.6940156153 907.505053792
81 4.68020748186 84.486077509 911.833715009
82 4.56804307873 80.4750157684 915.956941153
83 4.4637039942 76.6519458877 919.884350118
84 4.36654033568 73.0083325852 923.625127079
85 4.27596524599 69.5359956918 927.188039062
86 4.19144487573 66.2271034101 930.581451714
87 4.112502354 63.0741488351 933.813348811
88 4.03870197662 60.0699518019 936.891346222
89 3.96964828135 57.2076430178 939.822708701
90 3.90498454577 54.480649667 942.614365787
91 3.84438292566 51.8826922334 945.272924841
92 3.787545904 49.407767855 947.804686241
93 3.73420253718 47.0501404592 950.215657004
94 3.68410310496 44.8043327896 952.511564105
95 3.63702019776 42.6651127419 954.69786706
96 3.59274561544 40.627485679 956.779768706
97 3.5510864568 38.6866842109 958.762229332
98 3.51186681018 36.8381579465 960.649975243
99 3.47492303785 35.0775659587 962.447511003
100 3.44010499842 33.4007661272 964.159128874
