Time S I R
1 1000 1 0
2 999.670970071 1.27619125663 0.052838672734
3 999.251248218 1.62848504358 0.120266738885
4 998.715952716 2.07774453117 0.206302752621
5 998.033457317 2.6504781212 0.316064562134
6 997.163610729 3.38032345714 0.456065813726
7 996.055494773 4.3099118503 0.634593376716
8 994.644689829 5.49313564206 0.862174528825
9 992.849873509 6.99795744465 1.152169046
10 990.56875373 8.90975189765 1.52149437234
11 987.673112652 11.3353462794 1.99154106816
12 984.003125319 14.4076036906 2.58927099036
13 979.360915916 18.2905359191 3.34854816492
14 973.503585561 23.1846925022 4.31172193629
15 966.136314368 29.3322343786 5.53145125354
16 956.906468933 37.0207885973 7.07274246947
17 945.400284255 46.5846031963 9.0151125483
18 931.144493133 58.4008059438 11.4547009236
19 913.616127686 72.8778351866 14.5060371276
20 892.264445698 90.4325354796 18.3030188228
21 866.549048271 111.452463634 22.9984880944
22 835.99702961 136.241311689 28.7616587012
23 800.278625131 164.948755715 35.7726191545
24 759.294906749 197.491769994 44.213323257
25 713.262727853 233.482300242 54.2549719045
26 662.774839797 272.182559389 66.0426008135
27 608.811663805 312.509718676 79.6786175194
28 552.685997451 353.105893212 95.2081093363
29 495.921187086 392.469972538 112.608840376
30 440.083673734 429.127843442 131.788482823
31 386.608265423 461.801821264 152.589913313
32 336.656490932 489.539899253 174.803609815
33 291.035082938 511.780292475 198.184624587
34 250.181322475 528.347728334 222.470949191
35 214.202580417 539.39703816 247.400381424
36 182.948290225 545.327682185 272.72402759
37 156.091070389 546.693387492 298.215542119
38 133.202000163 544.121578759 323.676421078
39 113.810634485 538.251451657 348.937913858
40 97.4477169995 529.691774124 373.860508877
41 83.6721924898 518.995924875 398.331882635
42 72.0858119411 506.650196411 422.263991648
43 62.3387618641 493.071415666 445.589822469
44 54.1301402507 478.609588448 468.260271301
45 47.2046908188 463.554191237 490.241117944
46 41.3481174689 448.141512023 511.510370509
47 36.3817527291 432.562272459 532.055974812
48 32.1573195669 416.968829828 551.873850605
49 28.5521147977 401.48162938 570.966255822
50 25.4647682531 386.194803409 589.340428338
51 22.8114755074 371.181026191 607.007498302
52 20.5230216473 356.495432476 623.981545877
53 18.5421249739 342.178981371 640.278893655
54 16.8213026322 328.261202012 655.917495356
55 15.3210908049 314.762456297 670.916452898
56 14.0086461296 301.695707144 685.295646726
57 12.8565384629 289.06804315 699.075418387
58 11.8417953904 276.881879818 712.276324792
59 10.9451388661 265.135912412 724.918948722
60 10.1503199742 253.82594116 737.023738865
61 9.44361401397 242.945492372 748.610893614
62 8.81339611458 232.486335467 759.700268418
63 8.24977589028 222.438924314 770.311299795
64 7.74432402293 212.792720205 780.462955772
65 7.28982794395 203.536477637 790.173694419
66 6.88009111281 194.658474282 799.461434605
67 6.50982402954 186.146623237 808.343552734
68 6.17441176136 177.988746205 816.836842034
69 5.86989406331 170.172571277 824.95753466
70 5.59281038435 162.68590498 832.721284636
71 5.34016722938 155.516648141 840.14318463
72 5.10934095872 148.652895156 847.237763886
73 4.89804251142 142.082953565 854.019003923
74 4.70426137325 135.795393234 860.500345393
75 4.52622954952 129.7790692 866.69470125
76 4.36238999375 124.023137777 872.614472229
77 4.21136468025 118.517074808 878.271560511
78 4.07193615246 113.250678287 883.67738556
79 3.94302012762 108.214082622 888.84289725
80 3.82365369287 103.397752752 893.778593555
81 3.7129741279 98.7924916015 898.494534271
82 3.61022142893 94.389417724 903.000360847
83 3.5147103478 90.1799829438 907.305306708
84 3.4258187541 86.1559696042 911.418211642
85 3.34299707813 82.309461156 915.347541766
86 3.26574515869 78.632854991 919.10139985
87 3.1936111471 75.1188480888 922.687540764
88 3.12619163764 71.7604217058 926.113386657
89 3.06311645231 68.5508456691 929.386037879
90 3.00405113787 65.4836612932 932.512287569
91 2.94869411925 62.5526715253 935.498634355
92 2.896767724 59.7519394775 938.351292799
93 2.84802055614 57.0757730881 941.076206356
94 2.80222389294 54.5187175602 943.679058547
95 2.75916669579 52.0755492958 946.165284008
96 2.71865720963 49.7412639722 948.540078818
97 2.68051959922 47.5110697953 950.808410605
98 2.64459154192 45.3803804282 952.97502803
99 2.61072470865 43.3448048426 955.044470449
100 2.57878125962 41.4001418534 957.021076887
