Time S I R
1 1000 1 0
2 999.666287428 1.27706826631 0.0566443058021
3 999.240302615 1.6307190241 0.128978360841
4 998.696653023 2.08200976814 0.221337208565
5 998.003043536 2.65771118092 0.339245282665
6 997.118449899 3.39181202764 0.48973807361
7 995.990819286 4.32740912204 0.681771591512
8 994.554264367 5.51900607226 0.926729560942
9 992.725575274 7.03535864222 1.23906608331
10 990.400051602 8.96285570706 1.63709269106
11 987.446427864 11.4096002618 2.14397187432
12 983.701072343 14.5100204497 2.7889072071
13 978.961426116 18.4299892468 3.60858463747
14 972.978946141 23.3721706685 4.64888319025
15 965.45220147 29.5809590642 5.9668394657
16 956.021116566 37.3460521876 7.63283124598
17 944.264030537 47.003093565 9.73287589805
18 929.700070444 58.92908932 12.370840236
19 911.800198866 73.5295718767 15.6702292573
20 890.010994285 91.2139523038 19.7750534115
21 863.795219637 112.3556845 24.8490958629
22 832.691769826 137.235464504 31.0727656695
23 796.393847246 165.969435744 38.6367170099
24 754.837920621 198.430423191 47.731656188
25 708.287207398 234.178448798 58.5343438039
26 657.387160501 272.422009884 71.1908296151
27 603.168715227 312.032337445 85.7989473278
28 546.983067192 351.623718815 102.393213993
29 490.370859771 389.693888888 120.935251341
30 434.890297166 424.797444952 141.312257882
31 381.944207431 455.711677026 163.344115542
32 332.645491116 481.556733008 186.797775876
33 287.745558848 501.848418855 211.406022297
34 247.629196052 516.483665967 236.887137982
35 212.360699705 525.676788723 262.962511572
36 181.758926553 529.870701645 289.370371802
37 155.478408879 529.646709983 315.874881138
38 133.082744299 525.646188346 342.271067355
39 114.101818384 518.511916706 368.38626491
40 98.0718129556 508.849056409 394.079130636
41 84.5599703605 497.202871564 419.237158076
42 73.1773898208 484.049242692 443.773367487
43 63.5837866784 469.793418848 467.622794473
44 55.4870954245 454.77383574 490.739068835
45 48.6399305952 439.268868482 513.091200923
46 42.8347527962 423.504478617 534.660768587
47 37.898606748 407.661885155 555.439508097
48 33.6879335942 391.884822867 575.427243539
49 30.0838785595 376.285938403 594.630183037
50 26.9881601771 360.952337807 613.059502016
51 24.3194362104 345.950352297 630.730211492
52 22.0104667144 331.329347014 647.660186272
53 20.0054929155 317.125088201 663.869418884
54 18.2582325531 303.362353975 679.379413472
55 16.7301544834 290.05717284 694.212672676
56 15.3891137847 277.218562952 708.392323264
57 14.2082341353 264.849960426 721.941805439
58 13.1649451103 252.950446704 734.884608185
59 12.2402606417 241.515650978 747.24408838
60 11.4181600563 230.538522856 759.043317088
61 10.6850668117 220.009977401 770.304955788
62 10.0294546009 209.919372464 781.051172935
63 9.44150375131 200.254921073 791.303575176
64 8.91281564611 191.004027683 801.083156671
65 8.436182544 182.153552537 810.410264919
66 8.00542666847 173.689985436 819.304587895
67 7.61521645359 165.599651387 827.78513216
68 7.26092387738 157.868862851 835.870213272
69 6.93854873141 150.483983152 843.577468116
70 6.64459729317 143.431551094 850.923851613
71 6.37603631323 136.69830816 857.925655527
72 6.13019778206 130.271290523 864.598511695
73 5.90475466558 124.13782943 870.957415904
74 5.69764937195 118.285616401 877.016734227
75 5.50707746231 112.702693453 882.790229085
76 5.33143657366 107.377490465 888.291072961
77 5.16931393519 102.298814573 893.531871492
78 5.0194496528 97.4558719569 898.52467839
79 4.88072604718 92.8382553617 903.281018591
80 4.75214061314 88.4359544825 907.811904904
81 4.63280600856 84.239332176 912.127861815
82 4.5219285449 80.2391295587 916.238941896
83 4.41878403934 76.4264755446 920.154740416
84 4.32273149988 72.7928477009 923.884420799
85 4.23318966252 69.330081936 927.436728401
86 4.1496320204 66.0303594491 930.820008531
87 4.07158765156 62.8861871908 934.042225158
88 3.99862522267 59.8903999583 937.110974819
89 3.93035463425 57.0361413762 940.03350399
90 3.86642329085 54.3168523052 942.816724404
91 3.80650698714 51.7262667746 945.467226238
92 3.75031211191 49.2583944247 947.991293463
93 3.69757061059 46.9075120465 950.394917343
94 3.64803580019 44.6681545076 952.683809692
95 3.6014831588 42.5351014444 954.863415397
96 3.55770650906 40.5033699469 956.938923544
97 3.51651551166 38.5682036826 958.915280806
98 3.47773622252 36.725063068 960.797200709
99 3.44120669893 34.9696177487 962.589175552
100 3.4067788559 33.297735408 964.295485736
