Time S I R
1 1000 1 0
2 999.664972388 1.27835253931 0.0566750726762
3 999.236879666 1.63399914999 0.129121184077
4 998.689992795 2.08829121209 0.221715992597
5 997.991556416 2.66839978131 0.340043803023
6 997.099920824 3.40885572645 0.49122344968
7 995.962189724 4.35348446034 0.684325815965
8 994.51134539 5.55776274332 0.930891866285
9 992.66267444 7.09173629001 1.24558926972
10 990.309494565 9.04348824387 1.64701719159
11 987.317948204 11.5233284387 2.15872335683
12 983.521057626 14.6685205295 2.81042184448
13 978.71200181 18.6485287773 3.63946941273
14 972.636901943 23.6704807904 4.69261726635
15 964.987800826 29.9841783274 6.02802084681
16 955.396878155 37.8856509239 7.71747092066
17 943.433660144 47.7176054761 9.84873437948
18 928.607841427 59.8643683925 12.5277901804
19 910.38122459 74.7381644827 15.880610927
20 888.192982179 92.7530520905 20.0539657303
21 861.502370902 114.283091473 25.2145376254
22 829.851382298 139.603102822 31.5455148806
23 792.945755984 168.814420677 39.2398233387
24 750.746134613 201.764426575 48.4894388123
25 703.55162593 237.977518922 59.4708551482
26 652.052995767 276.619132649 72.3278715841
27 597.329680122 316.516457195 87.1538626825
28 540.776431585 356.246751248 103.976817168
29 483.96397029 394.285704378 122.750325332
30 428.461387847 429.185677119 143.352935034
31 375.662122161 459.741607569 165.59627027
32 326.652807517 485.106869167 189.240323316
33 282.148505952 504.838677898 214.01281615
34 242.494835811 518.876077943 239.629086246
35 207.719978118 527.4704496 265.809572282
36 177.613421298 531.093371617 292.293207085
37 151.808340857 530.345598901 318.846060242
38 129.854603858 525.879570857 345.265825285
39 111.274704202 518.342416888 371.38287891
40 95.6021732201 508.338815266 397.059011513
41 82.4048589923 496.410395383 422.184745625
42 71.296355797 483.027760952 446.675883251
43 61.940048456 468.589972348 470.469979195
44 54.0479182464 453.429225017 493.522856737
45 47.3766424899 437.817943969 515.805413541
46 41.7225235488 421.976644619 537.300831832
47 36.9160863925 406.081719462 558.002194146
48 32.8168683768 390.272686691 577.910444932
49 29.3087210049 374.658562296 597.032716699
50 26.2956732009 359.323380687 615.380946112
51 23.6983782098 344.330867306 632.970754484
52 21.4512786151 329.72820096 649.820520425
53 19.5000405419 315.549329299 665.950630159
54 17.7995771051 301.817524044 681.382898851
55 16.3123814743 288.547540271 696.140078255
56 15.0071585572 275.747360764 710.245480679
57 13.8577500503 263.419564938 723.722685012
58 12.8422019377 251.562514818 736.595283244
59 11.9420385122 240.171262156 748.886699332
60 11.1416753951 229.23827838 760.620046225
61 10.4279103224 218.754082817 771.81800686
62 9.78952917802 208.707719547 782.502751275
63 9.21698209599 199.087143264 792.69587464
64 8.70210059281 189.879551515 802.418347892
65 8.23787126816 181.071643557 811.690485175
66 7.81829803287 172.649763523 820.531938444
67 7.43817886537 164.600158033 828.961663101
68 7.09302498003 156.909046408 836.997928612
69 6.77893497475 149.562749696 844.658315329
70 6.49251939856 142.547755237 851.959725365
71 6.23081973138 135.850789531 858.918390738
72 5.99124647378 129.45886624 865.549887286
73 5.77153079251 123.359319148 871.869150059
74 5.56967418494 117.539838443 877.890487372
75 5.38391819585 111.988479288 883.627602516
76 5.21270537893 106.693683831 889.09361079
77 5.05465953706 101.644280198 894.301060265
78 4.90855514883 96.8294959724 899.261948879
79 4.77330295309 92.2389506736 903.987746373
80 4.64792796701 87.862659672 908.489412361
81 4.53156972577 83.6910101026 912.777420172
82 4.42344958026 79.7147806669 916.861769753
83 4.32286550848 75.9251263873 920.752008104
84 4.22919421308 72.313554654 924.457251133
85 4.14186694884 68.8719356855 927.986197366
86 4.06037307248 65.5924788929 931.347148035
87 3.98425362375 62.4677224087 934.548023968
88 3.91308738657 59.49053268 937.596379933
89 3.84649571053 56.6540815791 940.49942271
90 3.7841341535 53.951840668 943.264025178
91 3.72568706084 51.3775725786 945.896740361
92 3.67086894329 48.9253145375 948.403816519
93 3.61941772106 46.5893715863 950.791210693
94 3.57109354911 44.3643047541 953.064601697
95 3.52567781139 42.2449195352 955.229402653
96 3.48296890123 40.2262585604 957.290772538
97 3.44278188023 38.3035895956 959.253628524
98 3.40494676952 36.4723969004 961.12265633
99 3.36930564812 34.7283729326 962.902321419
100 3.3357147874 33.0674068267 964.596878386
