Time S I R
1 1000 1 0
2 999.377545884 1.57119578972 0.0512583262757
3 998.400522247 2.46769831454 0.131779438656
4 996.868420457 3.87337359287 0.258205950352
5 994.469464452 6.07398082749 0.456554720652
6 990.72198199 9.51065692405 0.767361086412
7 984.889281488 14.8572617225 1.25345678991
8 975.862492085 23.1260562291 2.01145168632
9 962.014504476 35.7974664252 3.18802909923
10 941.053526838 54.9449023016 5.00157086019
11 909.961274951 83.271258357 7.76746669195
12 865.195723761 123.883913512 11.9203627269
13 803.429505919 179.552784358 18.0177097226
14 723.015287295 251.285319884 26.6993928212
15 625.849863638 336.569895335 38.5802410268
16 518.419479737 428.49669268 54.0838275828
17 410.577197561 517.13945293 73.2833495085
18 312.15511119 592.99971631 95.8451725004
19 229.640593716 650.242331928 121.117074355
20 165.051227162 687.643830833 148.304942005
21 116.986793835 707.373146932 176.640059234
22 82.4141598837 713.107661383 205.478178734
23 58.0492925507 708.621098601 234.329608848
24 41.0540250208 697.098959554 262.847015425
25 29.2352934294 680.967869998 290.796836573
26 21.0010947847 661.96931455 318.029590665
27 15.2347391234 641.310232841 344.455028036
28 11.1673455369 619.80915063 370.023503833
29 8.27381569674 598.01344191 394.712742394
30 6.19616238374 576.285198868 418.518638748
31 4.68984017396 554.861092534 441.449067292
32 3.58697119978 533.893350801 463.519678
33 2.77160780323 513.477321318 484.751070879
34 2.16287600319 493.670254173 505.166869823
35 1.70412301006 474.503398618 524.792478372
36 1.35519118088 455.990625293 543.654183527
37 1.08739836801 438.134022277 561.778579355
38 0.880107196248 420.927715904 579.1921769
39 0.718311524828 404.36055721 595.921131266
40 0.590947218428 388.417990082 611.991062699
41 0.489908304692 373.083128607 627.426963088
42 0.409169598749 358.337719171 642.25311123
43 0.344183441649 344.162793484 656.493023074
44 0.291503955126 330.53905937 670.169436674
45 0.248516445539 317.447173923 683.304309632
46 0.213216249517 304.867965974 695.918817777
47 0.184050278734 292.782584501 708.03336522
48 0.159778264964 281.172624804 719.667596931
49 0.139489344387 270.0200864 730.840424255
50 0.122433050575 259.307525174 741.570041776
51 0.10802773026 249.018033384 751.873938886
52 0.0957667633902 239.135136096 761.76909714
53 0.085343935589 229.643443394 771.271212671
54 0.0763889195913 220.527328619 780.396282461
55 0.0686775469746 211.772245472 789.159076981
56 0.0620068318691 203.364040209 797.573952959
57 0.0562114319131 195.289078521 805.654710047
58 0.0511562786741 187.534244507 813.414599214
59 0.0467286322007 180.086913181 820.866358187
60 0.042833442132 172.934947814 828.022218743
61 0.0393995763843 166.066705373 834.893895051
62 0.0363593837865 159.470939274 841.492701343
63 0.0336592224022 153.136902911 847.829437866
64 0.0312610902133 147.054340511 853.914398399
65 0.0291184509854 141.213210103 859.757671446
66 0.0271997564153 135.603967839 865.368832405
67 0.0254759686378 130.217413128 870.757110904
68 0.0239230285257 125.044720409 875.931356563
69 0.0225217444629 120.077430635 880.90004762
70 0.0212527158773 115.307370964 885.67137632
71 0.0201019245113 110.726745858 890.253152217
72 0.0190557219373 106.328022817 894.652921461
73 0.0181026646254 102.103983636 898.877913699
74 0.0172327854273 98.0477136727 902.935053542
75 0.01643688549 94.1525703105 906.830992804
76 0.0157092085425 90.4121688451 910.572121946
77 0.01504247448 86.8203568329 914.164600693
78 0.0144280267879 83.3711961613 917.614375812
79 0.0138583510912 80.058988949 920.9271527
80 0.0133313828273 76.8783336969 924.10833492
81 0.0128444608259 73.824027296 927.163128243
82 0.01239497407 70.8910683322 930.096536694
83 0.0119786717623 68.0746260182 932.91339531
84 0.0115920047708 65.370064713 935.618343282
85 0.0112319702224 62.772935827 938.215832203
86 0.0108967187068 60.2789800255 940.710123256
87 0.0105842025592 57.8840986813 943.105317116
88 0.0102925674216 55.5843568596 945.405350573
89 0.0100200918343 53.3759773408 947.614002567
90 0.00976524126372 51.2553305773 949.734904181
91 0.00952663346436 49.2189320896 951.771541277
92 0.00930301518463 47.263436428 953.727260557
93 0.00909321306722 45.3856283784 955.605278409
94 0.00889617848577 43.5824215843 957.408682237
95 0.00871099757944 41.8508545271 959.140434475
96 0.00853680139176 40.1880800946 960.803383104
97 0.00837280726489 38.5913662141 962.400260979
98 0.00821829994447 37.0580895574 963.933692143
99 0.00807261507362 35.5857291626 965.406198222
100 0.00793514163013 34.1718634139 966.820201445
