Time S I R
1 1000 1 0
2 999.670082483 1.27774934973 0.05216816761
3 999.248715102 1.63246302451 0.118821873039
4 998.710666616 2.0853598114 0.203973572573
5 998.023827698 2.66343272209 0.312739580163
6 997.147384542 3.4009759055 0.45163955216
7 996.029518322 4.34150379528 0.628977882999
8 994.604593415 5.5400897855 0.85531679967
9 992.789658901 7.06626485914 1.14407623971
10 990.480262101 9.00746857018 1.51226932844
11 987.545340364 11.4732272354 1.98143240094
12 983.82137226 14.5998876336 2.57874010658
13 979.105739706 18.5559012306 3.33835906303
14 973.149558891 23.547382918 4.30305819128
15 965.650620625 29.8233161062 5.52606326845
16 956.247419539 37.6794532241 7.07312723684
17 944.515937913 47.4593395936 9.02472249389
18 929.971689061 59.5501409923 11.4781699466
19 912.080410418 74.3701905606 14.5493990209
20 890.281537971 92.3445877997 18.3738742296
21 864.02864624 113.865300158 23.1060536023
22 832.849635163 139.23375482 28.9166100168
23 796.425737877 168.587632705 35.9866294178
24 754.682103215 201.819684671 44.4982121138
25 707.873533041 238.505030404 54.6214365552
26 656.64291517 277.858471063 66.4986137674
27 602.026697735 318.745614192 80.2276880735
28 545.390865804 359.761402998 95.8477311978
29 488.299081231 399.371413108 113.329505661
30 432.337660416 436.088801296 132.573538288
31 378.93816041 468.645484042 153.416355548
32 329.238267624 496.118049571 175.643682804
33 284.007032365 517.985055326 199.007912309
34 243.638409696 534.115021515 223.24656879
35 208.197888471 544.703168376 248.098943153
36 177.499283498 550.181565919 273.319150583
37 151.18800084 551.127160211 298.684838949
38 128.816506822 548.181507081 324.001986096
39 109.903167834 541.99043643 349.106395736
40 93.9733451423 533.163762893 373.862891965
41 80.5847665955 522.252149849 398.163083556
42 69.3405782927 509.737082497 421.92233921
43 59.8940776309 496.029371754 445.076550615
44 51.9482230237 481.472792363 467.578984614
45 45.2518799709 466.350810875 489.397309154
46 39.5947787105 450.894230449 510.510990841
47 34.8020560229 435.288876458 530.909067519
48 30.7288769237 419.682892171 550.588230905
49 27.2555978326 404.193153056 569.551249111
50 24.2835194169 388.910827114 587.805653469
51 21.7311453573 373.906161036 605.362693607
52 19.5312730359 359.232298544 622.23642842
53 17.6283188699 344.92863939 638.443041741
54 15.9762657837 331.023462778 654.000271438
55 14.5368966033 317.536171682 668.926931715
56 13.2784223114 304.479011867 683.242565822
57 12.1743312862 291.858519486 696.967149227
58 11.2024203241 279.676737094 710.120842581
59 10.3440694692 267.93211164 722.723818891
60 9.58360503035 256.620282099 734.796112871
61 8.90778505773 245.734711183 746.357503759
62 8.30540211907 235.267166257 757.427431624
63 7.76693067442 225.208143655 768.024925671
64 7.28425076184 215.547194989 778.168554249
65 6.85041630087 206.273196733 787.876386966
66 6.45947538118 197.374553312 797.165971307
67 6.10633746967 188.839340882 806.054321648
68 5.78656426953 180.65555024 814.55788549
69 5.49635498869 172.811078904 822.692566108
70 5.23238185693 165.293915661 830.473702482
71 4.99177660747 158.092133072 837.916090321
72 4.77201673854 151.194008277 845.033974984
73 4.57091155581 144.588016266 851.841072179
74 4.38652956925 138.262901612 858.350568819
75 4.21717985629 132.207678874 864.57514127
76 4.06136818218 126.411665401 870.526966417
77 3.91777749913 120.864484868 876.217737633
78 3.78524053977 115.556082131 881.65867733
79 3.66272148083 110.476726233 886.860552286
80 3.54929709426 105.617014509 891.833688397
81 3.44414470499 100.967869019 896.587986276
82 3.34654029153 96.5205205891 901.132939119
83 3.25582436242 92.2665350368 905.477640601
84 3.1714054902 88.1977914407 909.630803069
85 3.09275974535 84.306466298 913.600773957
86 3.01940771761 80.5850465716 917.395545711
87 2.95092001359 77.0263076927 921.022772294
88 2.88691200623 73.6233054646 924.489782529
89 2.82702981107 70.3693793716 927.803590817
90 2.77095574339 67.2581323145 930.970911942
91 2.71840225183 64.2834252617 933.998172486
92 2.66910468918 61.4393740406 936.89152127
93 2.62282430976 58.7203336169 939.656842073
94 2.57934305294 56.1208926633 942.299764284
95 2.53846029873 53.6358661377 944.825673564
96 2.49999383004 51.2602840706 947.239722099
97 2.4637766016 48.9893860747 949.546837324
98 2.42965408272 46.8186127164 951.751733201
99 2.39748556132 44.7435969275 953.858917511
100 2.36713955878 42.7601587619 955.872701679
