Time S I R
1 1000 1 0
2 999.66758434 1.27579950654 0.0566161539171
3 999.243675816 1.62748173987 0.128842444092
4 998.703211271 2.07581651863 0.220972209923
5 998.014345581 2.6471830737 0.338471345208
6 997.136665303 3.37504077086 0.488293926545
7 996.01894048 4.30177566864 0.679283851328
8 994.596385446 5.48094303611 0.922671517787
9 992.787254247 6.98004279485 1.23270295841
10 990.488774293 8.88381594653 1.62740976067
11 987.572200022 11.298220305 2.12957967253
12 983.877150348 14.3549295477 2.76792010415
13 979.205205365 18.2163291869 3.57846544856
14 973.313003671 23.0807483771 4.60624795209
15 965.905454497 29.1873272098 5.90721829337
16 956.630014454 36.8196026729 7.55038287343
17 945.07361234 46.306327222 9.62006043772
18 930.764606275 58.0173284262 12.2180652987
19 913.182994397 72.3515050498 15.4655005534
20 891.782794871 89.7135212755 19.5036838536
21 866.030571532 110.475874166 24.4935543027
22 835.462782534 134.92444494 30.6127725254
23 799.761182892 163.189109034 38.0497080743
24 758.839561354 195.166716843 46.9937218022
25 712.92693347 230.451376935 57.6216895954
26 662.624961362 268.293351737 70.0816869014
27 608.917048945 307.607223237 84.4757278186
28 553.110805966 347.044628905 100.844565129
29 496.715673771 385.126724916 119.157601313
30 441.277004135 420.412474693 139.310521172
31 388.204691273 451.663898044 161.131410683
32 338.635696304 477.970060201 184.394243495
33 293.356253929 498.806734027 208.837012044
34 252.789536034 514.029322535 234.181141431
35 217.03583654 523.814986314 260.149177146
36 185.943788018 528.577377131 286.478834851
37 159.189954548 528.877519106 312.932526345
38 136.352367496 525.34490486 339.302727645
39 116.968966617 518.617226171 365.413807212
40 100.579132493 509.299534677 391.12133283
41 86.7499260616 497.940284417 416.309789522
42 75.0902424601 485.020340784 440.889416756
43 65.256327234 470.950949897 464.792722869
44 56.9521916171 456.076680102 487.971128281
45 49.9264506537 440.681812715 510.391736631
46 43.9677784951 424.997717366 532.034504139
47 38.8997334484 409.210467653 552.889798898
48 34.5756509305 393.468041749 572.956307321
49 30.8739581403 377.886745594 592.239296265
50 27.6940373048 362.556794743 610.749167953
51 24.9525442929 347.547150197 628.50030551
52 22.580524134 332.909403455 645.510072411
53 20.5207805789 318.681160134 661.798059287
54 18.7258105535 304.888743095 677.385446352
55 17.1560487488 291.549466795 692.294484456
56 15.7784884853 278.673401908 706.548109607
57 14.5655135231 266.264871565 720.169614912
58 13.4939341706 254.32368029 733.18238554
59 12.5442444395 242.846047652 745.609707908
60 11.6999736015 231.825419704 757.474606695
61 10.9471687594 221.253109874 768.799721366
62 10.2739848842 211.118798245 779.607216871
63 9.67032439664 201.410966574 789.918709029
64 9.12755572149 192.117229661 799.755214618
65 8.63827460187 183.224611234 809.137114164
66 8.19611603473 174.719753781 818.084130184
67 7.79561621563 166.589063844 826.615319941
68 7.43200644504 158.81894855 834.749045005
69 7.10118335977 151.395818749 842.502997891
70 6.79955024132 144.306262678 849.89418708
71 6.5239932983 137.537044019 856.938962683
72 6.27176901399 131.075217088 863.653013898
73 6.04048658718 124.908117815 870.051395598
74 5.82803210175 119.023434903 876.148532996
75 5.63255084737 113.409202391 881.958246761
76 5.4523974604 108.053835186 887.493767354
77 5.28611952124 102.946123227 892.767757252
78 5.13242392605 98.0752494011 897.792326673
79 4.99016219209 93.430782532 902.579055276
80 4.85830570903 89.0026845653 907.139009726
81 4.73593950957 84.7812948308 911.48276566
82 4.62225157777 80.7573209603 915.620427462
83 4.51649876858 76.9218613853 919.561639846
84 4.41802020047 73.2663664925 923.315613307
85 4.32622229111 69.7826374782 926.891140231
86 4.240562748 66.4628270947 930.296610157
87 4.16055738001 63.2994126033 933.540030017
88 4.08576547781 60.2851961229 936.629038399
89 4.0157852381 57.4132932481 939.570921514
90 3.95025485843 54.677115392 942.37262975
91 3.88884237857 52.0703669243 945.040790697
92 3.83124563876 49.5870303575 947.581724004
93 3.77719009613 47.2213546784 950.001455225
94 3.72642263482 44.9678482109 952.305729154
95 3.67871258558 42.8212652526 954.500022162
96 3.63384860865 40.7765970339 956.589554357
97 3.59163555476 38.8290634737 958.579300972
98 3.55189483834 36.9741014091 960.474003753
99 3.5144609282 35.2073573814 962.27818169
100 3.4791812409 33.5246777167 963.996141042
