Time S I R
1 1000 1 0
2 999.666279073 1.27707532579 0.0566456016325
3 999.240281244 1.63073704433 0.128981711193
4 998.696612051 2.08204425695 0.221343691885
5 998.002973752 2.65776983292 0.339256415112
6 997.118338537 3.3919054954 0.489755967244
7 995.990648806 4.32755202978 0.681799164452
8 994.55401084 5.51921834309 0.926770816476
9 992.725206308 7.03566721473 1.23912647749
10 990.399523667 8.96329672153 1.63717961185
11 987.445682905 11.4102218269 2.14409526803
12 983.700033598 14.5108860245 2.78908037711
13 978.959993048 18.4311816919 3.60882526003
14 972.976988518 23.3737968983 4.64921458392
15 965.44955282 29.5831550397 5.96729214041
16 956.017567518 37.3489877369 7.63344474517
17 944.25932303 47.0069760651 9.73370090465
18 929.693894474 58.9341646797 12.3719408465
19 911.792194206 73.5361205659 15.6716852283
20 890.000760447 91.2222775114 19.7769620416
21 863.782337724 112.366089272 24.8515730046
22 832.675839333 137.248215461 31.0759452064
23 796.374538548 165.984713403 38.6407480494
24 754.815039578 198.448263114 47.7366973082
25 708.260760443 234.198685486 58.5405540709
26 657.357407088 272.444236105 71.1983568068
27 603.13618542 312.055899966 85.8079146144
28 546.948534275 351.647758585 102.403707141
29 490.335264941 389.71742611 120.94730895
30 434.854641875 424.819491518 141.325866607
31 381.909439538 455.731349255 163.359211207
32 332.61240964 481.573340359 186.814250001
33 287.714756814 501.861510751 211.423732435
34 247.601044484 516.493035828 236.905919689
35 212.335365042 525.682444917 262.98219004
36 181.736408805 529.872819408 289.390771788
37 155.458587507 529.645577994 315.895834499
38 133.065421706 525.642160198 342.292418096
39 114.08675608 518.505371875 368.407872045
40 98.0587585758 508.840372055 394.100869369
41 84.5486761396 497.192404075 419.258919785
42 73.1676232809 484.037317907 443.795058813
43 63.5753371733 469.780326599 467.644336228
44 55.4797761261 454.759829399 490.760394475
45 48.6335784405 439.254166495 513.112255065
46 42.8292270539 423.489267362 534.681505584
47 37.8937868517 407.646322421 555.459890727
48 33.6837168889 391.869041291 575.44724182
49 30.080177956 376.270048863 594.649773181
50 26.9849018534 360.936432607 613.07866554
51 24.3165577184 345.934507884 630.748934397
52 22.0079152174 331.313626355 647.678458427
53 20.0032236475 317.10954296 663.887233393
54 18.2562075286 303.347026268 679.396766203
55 16.7283414754 290.042096666 694.229561859
56 15.3874853262 277.203765569 708.408749105
57 14.2067668039 264.835463361 721.957769835
58 13.1636188934 252.93626665 734.900114457
59 12.2390583548 241.501800606 747.259141039
60 11.4170669443 230.525011399 759.057921657
61 10.684070162 219.996811204 770.319118634
62 10.0285434098 209.906555473 781.064901117
63 9.44066849665 200.242455169 791.316876334
64 8.91204804785 190.991913039 801.096038913
65 8.43547536453 182.14178791 810.422736725
66 8.0047736629 173.678568267 819.31665807
67 7.61461205403 165.588578242 827.796809704
68 7.26036326924 157.85812935 835.881507381
69 6.93802761371 150.473584304 843.588388083
70 6.6441119225 143.421481257 850.934406821
71 6.37558333229 136.68856129 857.935855378
72 6.12977424502 130.26186015 864.608365605
73 5.90435793237 124.12870882 870.966933248
74 5.69727710083 118.276798571 877.025924328
75 5.50672755503 112.694171258 882.799101187
76 5.33110715419 107.369256634 888.299636212
77 5.16900331994 102.290861754 893.540134926
78 5.01915632612 97.4481927613 898.532650913
79 4.88044864108 92.8308423913 903.288708968
80 4.75187789162 88.4288003569 907.819321751
81 4.6325568758 84.2324295257 912.135013598
82 4.52169197686 80.2324711172 916.245836906
83 4.41855911747 76.4200541069 920.161386776
84 4.32251739853 72.7866561414 923.89082646
85 4.23298561043 69.3241132576 927.442901132
86 4.14943732582 66.0246067527 930.825955921
87 4.07140168326 62.8806436989 934.047954618
88 3.99844739259 59.8850590358 937.116493572
89 3.9301844113 57.0309965123 940.038819076
90 3.86626018399 54.3118971337 942.821842682
91 3.80635054243 51.7214950759 945.472154382
92 3.75016191587 49.2538001206 947.996037964
93 3.69742627615 46.9030892116 950.399484512
94 3.64789697213 44.6638973633 952.688205665
95 3.60134951054 42.5310043608 954.867646129
96 3.55757773252 40.4994274467 956.942994821
97 3.51639132494 38.5644104363 958.919198239
98 3.47761636201 36.7214138955 960.800969743
99 3.44109091732 34.9661076186 962.592801464
100 3.40666692711 33.2943594312 964.298973642
