Time S I R
1 1000 1 0
2 999.664972365 1.2783525614 0.0566750731858
3 999.236879607 1.63399920644 0.12912118649
4 998.689992681 2.08829132025 0.22171599904
5 997.991556218 2.66839996545 0.340043816655
6 997.099920505 3.40885602022 0.491223475096
7 995.96218923 4.35348491 0.684325859742
8 994.51134465 5.55776341198 0.930891937715
9 992.662673355 7.09173726315 1.24558938179
10 990.309493001 9.04348963634 1.64701736224
11 987.317945986 11.5233304036 2.15872361069
12 983.521054516 14.6685232692 2.81042221499
13 978.711997499 18.6485325563 3.63946994495
14 972.636896029 23.6704859509 4.69261802045
15 964.987792792 29.9841853052 6.02802190234
16 955.396867354 37.8856602647 7.71747238163
17 943.433645772 47.7176178478 9.84873638021
18 928.607822519 59.8643845895 12.5277928918
19 910.381200023 74.7381854144 15.8806145626
20 888.192950704 92.7530787448 20.0539705514
21 861.502331212 114.283124845 25.2145439431
22 829.851333146 139.603143801 31.5455230537
23 792.945696346 168.814469889 39.2398337649
24 750.746063891 201.764484199 48.4894519098
25 703.551544154 237.977584516 59.4708713295
26 652.052903756 276.619205022 72.3278912211
27 597.329579532 316.5165344 87.1538860686
28 540.776324813 356.246830705 103.976844482
29 483.963860239 394.285783146 122.750356615
30 428.461277589 429.185752235 143.352970175
31 375.662014587 459.741676393 165.59630902
32 326.65270505 485.106929644 189.240365306
33 282.148410382 504.838728693 214.012860925
34 242.49474825 518.876118445 239.629133305
35 207.719899064 527.470479828 265.809621108
36 177.613350747 531.093392077 292.293257176
37 151.808278448 530.345610423 318.846111128
38 129.854549002 525.879574454 345.265876544
39 111.274656188 518.342413639 371.382930173
40 95.6021312955 508.338806239 397.059062466
41 82.4048224199 496.410381578 422.184796002
42 71.2963238841 483.027743277 446.675932839
43 61.9400205743 468.589951607 470.470027819
44 54.0478938375 453.429201901 493.522904261
45 47.3766210657 437.817919071 515.805459863
46 41.7225046868 421.976618438 537.300876875
47 36.9160697301 406.081692413 558.002237857
48 32.8168536038 390.27265912 577.910487276
49 29.3087078576 374.658534485 597.032757657
50 26.2956614546 359.323352867 615.380985678
51 23.6983676739 344.330839663 632.970792664
52 21.4512691276 329.728173643 649.82055723
53 19.500031965 315.549302427 665.950665608
54 17.7995693211 301.817497709 681.38293297
55 16.312374383 288.547514545 696.140111072
56 15.0071520728 275.7473357 710.245512227
57 13.8577440992 263.419540578 723.722715323
58 12.8421964567 251.562491187 736.595312356
59 11.9420334467 240.171239272 748.886727281
60 11.141670698 229.238256254 760.620073048
61 10.4279059529 218.754061451 771.818032597
62 9.7895251006 208.707698938 782.502775962
63 9.21697827968 199.087123405 792.695898315
64 8.70209701054 189.879532397 802.418370593
65 8.23786789619 181.071625166 811.690506938
66 7.81829485049 172.649745844 820.531959306
67 7.43817585411 164.60014105 828.961683096
68 7.09302212373 156.909030102 836.997947775
69 6.77893225895 149.562734048 844.658333693
70 6.49251681057 142.547740227 851.959742962
71 6.23081725977 135.85077514 858.9184076
72 5.99124410844 129.458852447 865.549903444
73 5.77152852433 123.359305933 871.869165542
74 5.5696720058 117.539825786 877.890502208
75 5.38391609841 111.988467168 883.627616733
76 5.21270335663 106.693672229 889.093624414
77 5.05465758392 101.644269095 894.301073322
78 4.9085532595 96.8294853483 899.261961392
79 4.77330112266 92.2389405103 903.987758367
80 4.64792619106 87.8626499512 908.489423858
81 4.53156800033 83.6910008066 912.777431193
82 4.42344790161 79.7147717787 916.86178032
83 4.3228638733 75.9251178901 920.752018237
84 4.22919261831 72.3135465318 924.45726085
85 4.14186539166 68.8719279229 927.986206685
86 4.06037155034 65.5924714746 931.347156975
87 3.98425213428 62.4677153204 934.548032545
88 3.91308592758 59.4905259077 937.596388165
89 3.84649428005 56.6540751092 940.499430611
90 3.78413274967 53.9518344877 943.264032763
91 3.72568568194 51.3775666754 945.896747643
92 3.67086758777 48.9253088995 948.403823513
93 3.61941638744 46.5893662018 950.791217411
94 3.57109223605 44.3642996122 953.064608152
95 3.52567651763 42.2449146253 955.229408857
96 3.48296762559 40.2262538722 957.290778502
97 3.44278062164 38.3035851194 959.253634259
98 3.40494552696 36.4723926269 961.122661846
99 3.36930442064 34.7283688528 962.902326727
100 3.33571357413 33.0674029321 964.596883494
