Time S I R
1 1000 1 0
2 999.666205512 1.27714722701 0.0566472609515
3 999.240089839 1.63092059959 0.128989561447
4 998.696239759 2.0823956017 0.221364639722
5 998.002331888 2.65836740895 0.339300702592
6 997.117303592 3.39285793055 0.48983847749
7 995.989050323 4.3290085019 0.681941174743
8 994.551615483 5.5213821644 0.927002352936
9 992.721697134 7.03881342189 1.23948944431
10 990.394473583 8.96779451377 1.63773190307
11 987.438520791 11.4165630208 2.14491618828
12 983.690002473 14.5197199353 2.79027759216
13 978.946099227 18.4433570818 3.61054369163
14 972.957941985 23.3904104309 4.65164758407
15 965.423701046 29.6056037749 5.97069517909
16 955.98282755 37.3790207092 7.63815174069
17 944.21312162 47.0467354549 9.74014292519
18 929.63313259 58.9862011143 12.3806662956
19 911.713260291 73.6033600088 15.6833796998
20 889.899624921 91.3079103714 19.7924647076
21 863.654765555 112.473349605 24.87188484
22 832.517752053 137.380025077 31.1022228705
23 796.182534369 166.143189149 38.6742764822
24 754.587037979 198.634127033 47.7788349881
25 707.996656787 234.41069469 58.5926485226
26 657.059608312 272.678756858 71.2616348308
27 602.809803968 312.306836644 85.8833593878
28 546.601137099 351.906920934 102.491941967
29 489.976143294 389.975345196 121.04851151
30 434.49375218 425.066516043 141.439731777
31 381.556272661 455.958757154 163.484970184
32 332.275034283 481.774225303 186.950740414
33 287.399235025 502.031262023 211.569502952
34 247.311252969 516.629399108 237.059347923
35 212.073149659 525.785255678 263.141594662
36 181.501949539 529.943544402 289.554506059
37 155.250844819 529.686800146 316.062355035
38 132.882563979 525.657107383 342.460328638
39 113.926518065 518.497536274 368.575945662
40 97.9187114167 508.813234151 394.268054433
41 84.4264140243 497.149251265 419.42433471
42 73.0608732447 483.981148133 443.957978622
43 63.482027769 469.713794198 467.804178033
44 55.3980605649 454.685240121 490.916699314
45 48.5618369609 439.173492292 513.264670747
46 42.766055218 423.404174047 534.829770735
47 37.8379758406 407.558203836 555.603820323
48 33.6342327107 391.77905291 575.586714379
49 30.0361393128 376.179140975 594.784719712
50 26.9455581867 360.845381577 613.209060236
51 24.2812710822 345.843942691 630.874786227
52 21.9761431792 331.224051849 647.799804972
53 19.9745043581 317.021361053 664.004134589
54 18.230147105 303.260553064 679.509299831
55 16.7046039915 289.957576207 694.337819802
56 15.3657829874 277.121383199 708.512833814
57 14.1868528543 264.755355347 722.057791799
58 13.1452813389 252.858528686 734.996189975
59 12.2221141741 241.426495557 747.351390269
60 11.4013580779 230.452174682 759.14646724
61 10.6694596538 219.926455923 770.404084423
62 10.0149120484 209.838676851 781.146411101
63 9.42791249652 200.177033584 791.39505392
64 8.90007664076 190.92891715 801.171006209
65 8.42420877272 182.081177263 810.494613965
66 7.99414251931 173.620293973 819.385563507
67 7.60455430257 165.532586993 827.862858704
68 7.25082479684 157.804362468 835.944812735
69 6.92895990319 150.4219807 843.649059397
70 6.63547239212 143.371976872 850.992550736
71 6.36733364744 136.641091183 857.991575169
72 6.12188050927 130.2163581 864.661761391
73 5.89678962394 124.085108624 871.018101752
74 5.69000696925 118.235034041 877.07495899
75 5.49973104985 112.654176813 882.846092137
76 5.32436219666 107.330967463 888.34467034
77 5.16248998074 102.254214119 893.583295901
78 5.01285657108 97.413124191 898.574019238
79 4.8743461069 92.7972918381 903.328362055
80 4.74595771935 88.3967082841 907.857333997
81 4.62680575887 84.2017377188 912.171456522
82 4.51609750357 80.2031234211 916.280779075
83 4.41311007205 76.3919959096 920.194894018
84 4.31720361563 72.7598344461 923.922961938
85 4.22779761307 69.2984770243 927.473725363
86 4.14436653475 66.0001065281 930.855526937
87 4.06644022995 62.8572317427 934.076328027
88 3.99358795272 59.8626894246 937.143722623
89 3.9254203137 57.0096249054 940.064954781
90 3.86158524758 54.2914808818 942.846933871
91 3.80175904207 51.701993174 945.496247784
92 3.74564860052 49.2351730991 948.0191783
93 3.69298623502 46.885299189 950.421714576
94 3.64352567732 44.6469079333 952.709566389
95 3.59704277833 42.5147805635 954.888176658
96 3.5533316298 40.4839357615 956.962732609
97 3.51220222861 38.5496186986 958.938179073
98 3.47348088394 36.7072912723 960.819227844
99 3.43700588271 34.9526245706 962.610369547
100 3.40262941087 33.2814876237 964.315882965
