Time S I R
1 1000 1 0
2 999.668189499 1.27520800253 0.0566024981702
3 999.245248514 1.62597359214 0.128777894277
4 998.706266507 2.07293337271 0.220800120684
5 998.019606679 2.64228546156 0.3381078598
6 997.145138116 3.36724449869 0.487617385193
7 996.03201117 4.28986824241 0.678120587555
8 994.615948938 5.4632742559 0.920776806141
9 992.815881029 6.95438324226 1.22973572907
10 990.529923847 8.8471767145 1.62289943856
11 987.630493336 11.2466242386 2.12288242536
12 983.958705926 14.2831311893 2.75816288479
13 979.318047902 18.1174777089 3.56447438899
14 973.467544097 22.9459974996 4.58645840386
15 966.115024185 29.0054111838 5.87956463079
16 956.911416799 36.5764163296 7.51216687107
17 945.447616173 45.984583648 9.56780017942
18 931.256253944 57.5964146914 12.1473313647
19 913.821534085 71.8077124617 15.3707534532
20 892.600980744 89.0208821752 19.3781370804
21 867.063036858 109.60786335 24.3290997924
22 836.743225397 133.85675717 30.4000174328
23 801.318270568 161.903550732 37.7781786998
24 760.691784399 193.655930707 46.6522848949
25 715.077253947 228.72353124 57.1992148123
26 665.056267876 266.375811175 69.5679209485
27 611.590203955 305.547503538 83.862292507
28 555.966197669 344.90788564 100.125916691
29 499.678663973 382.989562837 118.33177319
30 444.266264082 418.354251079 138.379484839
31 391.141453203 449.757566203 160.100980594
32 341.451755374 476.274683131 183.273561495
33 295.999256105 497.363019673 207.637724222
34 255.224902488 512.858654088 232.916443424
35 219.245874878 522.921240415 258.832884708
36 187.924913811 527.950495046 285.124591142
37 160.949181716 528.497607697 311.553210587
38 137.903741536 525.186197186 337.910061278
39 118.330542721 518.651311488 364.01814579
40 101.770658401 509.497745159 389.73159644
41 87.79121057 498.275297737 414.933491693
42 76.0001563707 485.467079866 439.532763763
43 66.0521802799 471.487089598 463.460730122
44 57.6494866002 456.682747559 486.667765841
45 50.5388433095 441.341085195 509.120071496
46 44.5071509301 425.696016404 530.796832666
47 39.3763268047 409.935907421 551.687765774
48 34.998244249 394.210740768 571.791014983
49 31.2500475701 378.638554986 591.111397444
50 28.0300108589 363.311042876 609.658946265
51 25.2538455747 348.298412566 627.447741859
52 22.8517791808 333.653317203 644.494903616
53 20.7659342819 319.414237073 660.819828645
54 18.9482253149 305.608235095 676.44353959
55 17.3585968492 292.253236596 691.388166554
56 15.9636320379 279.359815255 705.676552707
57 14.7353603288 266.932721178 719.331918493
58 13.6502988498 254.972102549 732.377598601
59 12.6886935155 243.474462357 744.836844127
60 11.833858136 232.433486085 756.732655779
61 11.0716614382 221.840677145 768.087661417
62 10.390106005 211.685871197 778.924022798
63 9.77896148931 201.957679776 789.263358734
64 9.22948558555 192.643818746 799.126695668
65 8.73417999209 183.731391392 808.534428616
66 8.28659207964 175.207111948 817.506295972
67 7.88119110142 167.057432029 826.061376869
68 7.51314569413 159.268799057 834.218055249
69 7.17829952173 151.827652408 841.99404807
70 6.87300996789 144.720600576 849.406389456
71 6.59412214964 137.934422173 856.471455678
72 6.33885866137 131.456178137 863.204963201
73 6.10479671484 125.27320954 869.621993745
74 5.88979669466 119.373202869 875.737000437
75 5.69197906325 113.744190112 881.563830825
76 5.50967859872 108.374578831 887.115742571
77 5.34142348988 103.253152009 892.405424501
78 5.18590516528 98.3690814783 897.445013356
79 5.04196007118 93.711925679 902.24611425
80 4.90854760003 89.271633231 906.819819169
81 4.78473979069 85.0385324773 911.176727732
82 4.66971469806 81.0033170847 915.326968217
83 4.56272140046 77.1570697069 919.280208893
84 4.46308924628 73.491228538 923.045682216
85 4.37021819706 69.9975793139 926.632202489
86 4.28355919009 66.6682606222 930.048180188
87 4.20262128223 63.4957364181 933.3016423
88 4.12695945929 60.4727933378 936.400247203
89 4.05616637997 57.5925338449 939.351299775
90 3.98987564897 54.8483558422 942.161768509
91 3.92775181414 52.2339495615 944.838298624
92 3.8694886408 49.7432848317 947.387226527
93 3.81480829801 47.3705977792 949.814593923
94 3.76345482562 45.1103840787 952.126161096
95 3.71519451182 42.9573861583 954.32741933
96 3.6698136325 40.9065832991 956.423603068
97 3.62711472055 38.9531840473 958.419701232
98 3.58691689653 37.09261429 960.320468813
99 3.54905304615 35.3205096192 962.130437335
100 3.51336844466 33.6327063096 963.853925246
