Time S I R
1 1000 1 0
2 999.377780473 1.57082794867 0.0513915786369
3 998.401353169 2.46654370515 0.132103125946
4 996.870542607 3.8706583446 0.258799048125
5 994.474161402 6.06831435117 0.457524246721
6 990.731551631 9.49959982512 0.768848544208
7 984.907722443 14.8366342833 1.25564327324
8 975.896555208 23.0888855821 2.01455921005
9 962.07517781 35.7325073216 3.19231486854
10 941.157829063 54.834857709 5.0073132277
11 910.133711418 83.0913374892 7.77495109238
12 865.467753984 123.602344125 11.9299018914
13 803.834234915 179.135986383 18.0297787022
14 723.575000021 250.709997867 26.7150021124
15 626.559011703 335.839370142 38.6016181555
16 519.234166178 427.650611437 54.115222385
17 411.424038201 516.24452091 73.3314408892
18 312.957664677 592.123772246 95.9185630773
19 230.344738542 649.430322918 121.224938539
20 165.634072517 686.910431187 148.455496296
21 117.450354571 706.710128444 176.839516985
22 82.7739117599 712.495689211 205.73039903
23 58.3249158828 708.038818672 234.636265446
24 41.2642296875 696.527756963 263.208013349
25 29.3957656913 680.393460901 291.210773408
26 21.1241606602 661.381675056 318.494164284
27 15.329755883 640.70288646 344.967357657
28 11.2412961613 619.178335856 370.580367983
29 8.33187077259 597.357380797 395.31074843
30 6.24214710597 575.603512079 419.154340815
31 4.72659170448 554.154361914 442.119046382
32 3.61660421229 533.162800333 464.220595455
33 2.79570698431 512.724590095 485.479702921
34 2.18263806187 492.897232754 505.920129184
35 1.72045881914 473.71211414 525.56742704
36 1.36879963616 455.183161316 544.448039048
37 1.09881906657 437.312464353 562.588716581
38 0.889759098061 420.094113905 580.016126997
39 0.726526933561 403.516893766 596.7565793
40 0.597984816887 387.566173055 612.835842128
41 0.495974584368 372.224974118 628.279051297
42 0.414430492634 357.474945752 643.110623755
43 0.348772563442 343.297019954 657.354207483
44 0.295529138526 329.671804697 671.032666164
45 0.252065613425 316.579857394 684.168076993
46 0.216361638914 304.00190914 696.781729221
47 0.186852035578 291.919013406 708.894134558
48 0.162285786469 280.312675019 720.525039195
49 0.141743064485 269.164806257 731.693450679
50 0.124467684138 258.457878413 742.417653903
51 0.109872142256 248.174904314 752.715223544
52 0.0974443400024 238.299326453 762.603229207
53 0.0868776967253 228.815702775 772.097419528
54 0.0777953715996 219.708319497 781.213885131
55 0.0699719456389 210.962573453 789.967454601
56 0.0632022541299 202.564250969 798.372546776
57 0.0573189516427 194.499658491 806.443022558
58 0.0521855535671 186.755627489 814.192186958
59 0.0476882601279 179.319485021 821.632826719
60 0.0437307004436 172.179045234 828.777224066
61 0.0402404992594 165.322620101 835.6371394
62 0.0371500410326 158.738927944 842.223922015
63 0.0344041561484 152.417174757 848.548421087
64 0.0319646559283 146.347074781 854.620960563
65 0.0297846334199 140.518553581 860.451661785
66 0.0278319112224 134.922033995 866.050134094
67 0.0260771976143 129.548288179 871.425634624
68 0.0244960014712 124.388462456 876.587041543
69 0.0230688907488 119.434073903 881.542857206
70 0.0217762020018 114.676926458 886.30129734
71 0.0206036809814 110.109203216 890.870193103
72 0.0195374897396 105.723352249 895.257110262
73 0.0185660089054 101.512137034 899.469296957
74 0.0176791480856 97.468626832 903.51369402
75 0.0168675571604 93.5861644397 907.396968003
76 0.0161253668233 89.8583515242 911.125523109
77 0.0154452571421 86.2790235336 914.705531209
78 0.0148185144915 82.8422313844 918.142950101
79 0.0142373130806 79.5422633776 921.443499309
80 0.0136995269663 76.3737089333 924.61259154
81 0.0132024728216 73.3313572653 927.655440262
82 0.0127436013759 70.4102011886 930.57705521
83 0.0123185692147 67.6054026295 933.382278801
84 0.0119237678928 64.9123198646 936.075756368
85 0.0115560948335 62.3264982288 938.661945676
86 0.0112136863214 59.8436742689 941.145112045
87 0.0108944620715 57.459745523 943.529360015
88 0.0105965386192 55.1707736442 945.818629817
89 0.0103181598616 52.9729786565 948.016703184
90 0.0100577632338 50.8627287777 950.127213459
91 0.00981394028474 48.8365376664 952.153648393
92 0.00958541513035 46.8910585374 954.099356047
93 0.00937099009275 45.0230750224 955.967553988
94 0.00916960473774 43.2295006907 957.761329705
95 0.00898031922804 41.507373288 959.483646393
96 0.00880225053913 39.8538459737 961.137351776
97 0.00863460643723 38.2661878779 962.725177516
98 0.0084766617897 36.7417768248 964.249746513
99 0.00832773368711 35.2780918413 965.713580425
100 0.00818718229289 33.8727102158 967.119102602
