Time S I R
1 997 3 0
2 995.462121683 4.39122764889 0.146650668546
3 993.216233684 6.42254228611 0.36122402965
4 989.942440825 9.38268445074 0.674874723772
5 985.183136746 13.6841611283 1.13270212605
6 978.291308358 19.9090855141 1.79960612785
7 968.367808008 28.8640162403 2.76817575117
8 954.19488842 41.6362557214 4.16885585902
9 934.186366016 59.6315459495 6.18208803477
10 906.396822693 84.5522175722 9.05095973474
11 868.66162861 118.247691555 13.0906798349
12 818.958533474 162.353391198 18.6880753283
13 756.046999239 217.671620387 26.281380374
14 680.293968949 283.394728489 36.3113025615
15 594.341124315 356.515804166 49.1430715187
16 503.095359611 431.92758196 64.9770584296
17 412.743747738 503.473722342 83.7825299199
18 329.130898933 565.581409139 105.287691927
19 256.340080879 614.627091642 129.032827479
20 196.1414822 649.397286482 154.461231318
21 148.320664807 670.66949339 181.009841803
22 111.435526848 680.391279974 208.173193178
23 83.5490727012 680.916572449 235.53435485
24 62.7237125085 674.506035893 262.770251599
25 47.2699016994 663.087733119 289.642365182
26 35.8239470724 648.194375411 315.981677516
27 27.335285446 630.991548086 341.673166468
28 21.0172254216 612.340492904 366.642281675
29 16.2905366585 592.865375737 390.844087605
30 12.7324491461 573.012590742 414.254960112
31 10.035581259 553.09797604 436.866442701
32 7.97658971172 533.3426478 458.680762488
33 6.39281336084 513.899606754 479.707579885
34 5.16533459708 494.873002406 499.961662997
35 4.20685985378 476.331910969 519.461229178
36 3.45282118458 458.320453655 538.22672516
37 2.85525607932 440.864749736 556.279994185
38 2.37831044429 423.978030772 573.643658783
39 1.99499747975 407.664325215 590.340677305
40 1.68487236631 391.921097037 606.394030597
41 1.43226811422 376.741242274 621.826489612
42 1.22521459606 362.11430504 636.660480364
43 1.05447608551 348.027561154 650.917962761
44 0.912852733791 334.466798508 664.620348758
45 0.794704799717 321.416838255 677.788456945
46 0.695599887173 308.861913978 690.442486134
47 0.612038134717 296.785966079 702.601995786
48 0.541249277997 285.172850277 714.285900445
49 0.480928448464 274.006617022 725.51245453
50 0.429319760259 263.271388984 736.299291255
51 0.38494565755 252.951649555 746.663404788
52 0.346645984812 243.032176071 756.621177944
53 0.313438218177 233.498176487 766.188385295
54 0.284537598849 224.335245723 775.380216678
55 0.25928034 215.529429525 784.211290135
56 0.237126756777 207.067195935 792.695677308
57 0.217633293753 198.935461061 800.846905645
58 0.200414637793 191.121586475 808.677998887
59 0.185166169374 183.613353474 816.201480357
60 0.171617377493 176.398993732 823.42938889
61 0.159525699582 169.467195482 830.373278819
62 0.148696230803 162.807003598 837.044300171
63 0.138974793977 156.407865601 843.453159605
64 0.130241394021 150.259673064 849.610085542
65 0.122374140096 144.3526531 855.52497276
66 0.115257959863 138.677386631 861.207355409
67 0.108815244204 133.22487261 866.666312145
68 0.102970849821 127.98641924 871.91060991
69 0.0976481113381 122.953628645 876.948723244
70 0.0927943132559 118.118494747 881.78871094
71 0.08836219134 113.473304936 886.438332872
72 0.0842997578457 109.010565721 890.905134521
73 0.080573573368 104.723172775 895.196253652
74 0.0771524377889 100.604279673 899.31856789
75 0.0740039958225 96.6472521339 903.27874387
76 0.0711018948329 92.8457500072 907.083148098
77 0.0684203520665 89.1936739415 910.737905706
78 0.0659406852529 85.6851743861 914.248884929
79 0.0636470314168 82.3146258132 917.621727155
80 0.061519608375 79.0765927817 920.86188761
81 0.0595375226276 75.9658324475 923.97463003
82 0.0576905074458 72.9773653021 926.96494419
83 0.0559695109795 70.1064063531 929.837624136
84 0.0543664988693 67.3483572526 932.597276249
85 0.0528710908701 64.6987786366 935.248350273
86 0.0514736855381 62.1534032554 937.795123059
87 0.0501652465726 59.7081283467 940.241706407
88 0.0489393305925 57.359024993 942.592035676
89 0.0477898308761 55.102315128 944.849895041
90 0.0467110322807 52.934366421 947.018922547
91 0.0456976571739 50.8516914904 949.102610852
92 0.0447448870511 48.8509385396 951.104316573
93 0.0438482970874 46.9288860712 953.027265632
94 0.0430039371611 45.0824414684 954.874554594
95 0.042208133752 43.308631841 956.649160025
96 0.0414574730931 41.6045996615 958.353942865
97 0.0407489221241 39.9676026663 959.991648412
98 0.0400796670503 38.3950050942 961.564915239
99 0.0394470860252 36.8842734013 963.076279513
100 0.038848817461 35.4329764814 964.528174701
