Time S I R
1 997 3 0
2 995.45764224 4.39561962353 0.146738136306
3 993.202979902 6.43536637105 0.361653726594
4 989.913179114 9.41070470651 0.676116179455
5 985.12601789 13.7384032834 1.13557882643
6 978.187434126 20.0070559098 1.8055099642
7 968.187896084 29.032716985 2.77938693086
8 953.895114864 41.9158857896 4.18899934622
9 933.704049579 60.0792070921 6.21674332887
10 905.647790137 85.2438171556 9.10839270752
11 867.54290138 119.274538762 13.1825598577
12 817.361617376 163.808515704 18.8298669201
13 753.886109067 219.621985797 26.4919051355
14 677.546344794 285.842717693 36.6109375135
15 591.083246207 359.366325211 49.5504285825
16 499.50918263 434.98594067 65.5048767003
17 409.078075067 506.48756145 84.4343634832
18 325.633088152 568.309974242 106.056937605
19 253.19535768 616.900185888 129.904456432
20 193.447004392 651.137792282 155.415203327
21 146.094581335 671.880737071 182.024681594
22 109.643326208 681.128010774 209.228663019
23 82.1304924407 681.256573512 236.612934047
24 61.6120492497 674.530311937 263.857638813
25 46.4028706938 662.869762237 290.727367069
26 35.1483045555 647.795882986 317.055812459
27 26.8077812805 630.462042781 342.730175938
28 20.6037962392 611.718538129 367.677665632
29 15.9648341678 592.180462822 391.854703011
30 12.4742974647 572.2870069 415.238695636
31 9.82961313117 552.348421274 437.821965595
32 7.81111168653 532.581567247 459.607321066
33 6.25891247233 513.136233016 480.604854511
34 5.05621170055 494.114131915 500.829656384
35 4.11729122671 475.582530301 520.300178473
36 3.3787802788 457.584179495 539.037040227
37 2.79362741892 440.144161919 557.062210662
38 2.32666529208 423.274934074 574.398400633
39 1.95143893451 406.97993012 591.068630946
40 1.64788762923 391.256191685 607.095920685
41 1.40067490456 376.096255729 622.503069367
42 1.19806772821 361.489416076 637.312516196
43 1.03101186022 347.422763349 651.546224791
44 0.892456863485 333.881938105 665.225605031
45 0.776881452689 320.851649541 678.371469007
46 0.679944535539 308.316051085 691.004004379
47 0.598219930205 296.259023275 703.142756795
48 0.528991061269 284.664384885 714.806624053
49 0.47000182429 273.516154623 726.013843553
50 0.419536885131 262.798432439 736.782030676
51 0.376150836959 252.495688573 747.12816059
52 0.338704866871 242.592699013 757.068596121
53 0.306241678042 233.074665729 766.619092593
54 0.2779884811 223.927192119 775.7948194
55 0.253300074051 215.13632411 784.610375816
56 0.231646573492 206.68854023 793.079813196
57 0.212593248483 198.570764605 801.216642147
58 0.195764970205 190.770369019 809.033866011
59 0.180864370583 183.275144388 816.543991241
60 0.167623353915 176.073340124 823.759036522
61 0.155804387393 169.153657211 830.690538402
62 0.145220011061 162.505141326 837.349638663
63 0.135720477923 156.117263786 843.747015737
64 0.127189993967 149.979931016 849.89287899
65 0.119501928731 144.083368239 855.797129832
66 0.112548948776 138.418182228 861.469268823
67 0.106256638182 132.975388859 866.918354503
68 0.10054608609 127.746288381 872.153165533
69 0.0953457333386 122.722510702 877.182143565
70 0.0906083811857 117.896091589 882.01330003
71 0.0862746508882 113.259233397 886.654491952
72 0.0823061510421 108.804546522 891.113147327
73 0.0786670385882 104.524915169 895.396417792
74 0.0753255651961 100.413488843 899.511185591
75 0.0722505708417 96.4636505344 903.464098895
76 0.0694160486319 92.6690707633 907.261513188
77 0.0667965395808 89.0236588824 910.909544578
78 0.0643755205036 85.5215791789 914.414045301
79 0.0621358628623 82.1572076978 917.780656439
80 0.0600573040088 78.9251122512 921.014830445
81 0.058120209382 75.8200647273 924.121815063
82 0.0563160606818 72.8371031743 927.106580765
83 0.0546355758412 69.9714470409 929.973917383
84 0.0530705488126 67.2185028485 932.728426603
85 0.0516103095368 64.5738353372 935.374554353
86 0.0502455386661 62.0331847178 937.916569744
87 0.0489675910487 59.5924566306 940.358575778
88 0.0477704152618 57.2477302728 942.704499312
89 0.0466478955318 54.9952324504 944.958119654
90 0.0455944369613 52.8313372321 947.123068331
91 0.0446048738528 50.7525633828 949.202831743
92 0.0436744947472 48.7555642787 951.200761227
93 0.0427989872295 46.8371241926 953.12007682
94 0.0419744994803 44.9941559467 954.963869554
95 0.04119742055 43.2236911398 956.73511144
96 0.0404644274686 41.522877564 958.436658009
97 0.0397725711153 39.888978019 960.07124941
98 0.0391190855288 38.3193606389 961.641520276
99 0.0385014183199 36.8114967552 963.150001826
100 0.0379172654073 35.3629596002 964.599123134
