Time S I R
1 1000 1 0
2 999.589817314 1.36305294113 0.0471297447858
3 999.031038226 1.85759752062 0.111364253274
4 998.270108789 2.53099642561 0.198894785684
5 997.234434262 3.44742894225 0.318136795294
6 995.825782112 4.69369750378 0.480520384264
7 993.911640727 6.38681598467 0.70154328871
8 991.313956576 8.68386777369 1.00217565078
9 987.794767226 11.7945191598 1.41071361433
10 983.038369708 15.9964336682 1.96519662333
11 976.630247942 21.6532630914 2.71648896639
12 968.033699178 29.2341668872 3.73213393505
13 956.567326031 39.3317080786 5.10096589024
14 941.389460059 52.6722187998 6.93832114118
15 921.500458362 70.1081969581 9.39134468009
16 895.779375473 92.5772423636 12.6433821635
17 863.076369525 121.007908503 16.9157219723
18 822.380706826 156.155114534 22.46417864
19 773.068602696 198.363830105 29.5675671986
20 715.198678783 247.295583171 38.5057380453
21 649.769552493 301.703235606 49.5272119016
22 578.815695349 359.373575654 62.8107289972
23 505.233694357 417.336674038 78.4296316047
24 432.333073624 472.336711435 96.3302149414
25 363.245848943 521.422118311 116.332032746
26 300.40964474 562.439620207 138.150735053
27 245.291562372 594.272482894 161.435954734
28 198.39176539 616.795356947 185.812877663
29 159.445632251 630.636557456 210.917810293
30 127.699985015 636.877623487 236.422391498
31 102.168829781 636.784920362 262.046249857
32 81.8203308775 631.619352875 287.560316247
33 65.6903833429 622.525464155 312.784152502
34 52.937175245 610.482738271 337.580086484
35 42.8570069928 596.296690308 361.846302699
36 34.8786994212 580.611206061 385.510094517
37 28.547219311 563.931035226 408.521745463
38 23.5046006412 546.645951934 430.849447425
39 19.4713391977 529.053526012 452.47513479
40 16.2301323216 511.3786855 473.391182178
41 13.6122840596 493.789876327 493.597839614
42 11.4868053402 476.411995607 513.101199053
43 9.75185140725 459.336476285 531.911672308
44 8.32804436774 442.629142483 550.042813149
45 7.15331775602 426.336268621 567.510413623
46 6.1789538385 410.489234103 584.331812058
47 5.36660592258 395.108016432 600.525377645
48 4.68579061294 380.20413171 616.110077677
49 4.11239270055 365.78237946 631.10522784
50 3.62712536306 351.842646202 645.530228435
51 3.21449610122 338.381111384 659.404392515
52 2.86201710986 325.391163648 672.746819242
53 2.55959252647 312.864104665 685.576302808
54 2.29900246681 300.78974334 697.911254194
55 2.07355304435 289.156791631 709.769655325
56 1.87769157946 277.953301277 721.169007144
57 1.70688335715 267.16678839 732.126328253
58 1.55736001033 256.784512124 742.658127865
59 1.42601841281 246.793576921 752.780404666
60 1.31023199683 237.181136225 762.508631778
61 1.2078311684 227.934397251 771.857771581
62 1.11696866648 219.040760223 780.842271111
63 1.03610035588 210.487820837 789.476078807
64 0.963912776645 202.263439216 797.772648007
65 0.899289815527 194.355760807 805.744949378
66 0.841293628924 186.753221426 813.405484945
67 0.789094175469 179.44461159 820.766294234
68 0.741979623932 172.419047884 827.838972492
69 0.699368694338 165.6659421 834.634689206
70 0.660727244739 159.175080871 841.164191884
71 0.625615466878 152.936559466 847.437825067
72 0.593639321661 146.940818979 853.4655417
73 0.564454738033 141.178628908 859.256916354
74 0.537770009356 135.641071358 864.821158632
75 0.513318185982 130.3195555 870.167126314
76 0.490874545422 125.205788033 875.303337422
77 0.470236459615 120.291779597 880.237983943
78 0.451225301868 115.569832735 884.978941963
79 0.43368582937 111.032531338 889.533782833
80 0.417477058721 106.672736279 893.909786662
81 0.40248008746 102.483571673 898.113948239
82 0.388583752537 98.4584217091 902.152994538
83 0.37568295243 94.5909216855 906.033395362
84 0.363687723712 90.8749462566 909.76136602
85 0.352527004793 87.3045993042 913.342873691
86 0.342128646876 83.8742104716 916.783660882
87 0.332425214266 80.5783249152 920.089249871
88 0.323362238224 77.4116996045 923.264938157
89 0.31488966336 74.3692918076 926.315818529
90 0.306959247439 71.44625035 929.246790403
91 0.299526964524 68.6379107511 932.062562284
92 0.292557073673 65.9397939383 934.767648988
93 0.286014585848 63.3475900437 937.36639537
94 0.279866503166 60.8571534971 939.86298
95 0.274084107466 58.4645028733 942.261413019
96 0.268642086303 56.165813079 944.565544835
97 0.263515981803 53.9574033304 946.779080688
98 0.25868301489 51.8357341651 948.90558282
99 0.254123679736 49.7974105278 950.948465792
100 0.249819591528 47.8391668147 952.911013594
