Time S I R
1 1000 1 0
2 999.383400067 1.56522058573 0.051379347393
3 998.419233688 2.44898241207 0.131783899896
4 996.912992923 3.82945798474 0.25754909201
5 994.563332431 5.9825511052 0.454116463777
6 990.906306967 9.33271201655 0.760981016191
7 985.234589217 14.5262628577 1.23914792516
8 976.486300733 22.5315826052 1.98211666152
9 963.10589573 34.7626498823 3.13145438747
10 942.902261636 53.2002334302 4.89750493332
11 912.980286472 80.4358780419 7.5838354861
12 869.909225407 119.481374365 11.609400228
13 810.380615709 173.105211174 17.5141731164
14 732.554788066 242.520506938 25.9247049967
15 637.851500748 325.692203824 37.4562954278
16 532.107812517 416.336754716 52.5554327665
17 424.68484423 504.975353577 71.3398021937
18 325.378642939 582.093591666 93.5277653947
19 241.076626009 641.415722637 118.507651354
20 174.345054949 681.151310791 145.50363426
21 124.214994041 703.040483532 173.744522427
22 87.8790249959 710.549839087 202.571135917
23 62.1149084891 707.41045229 231.474639221
24 44.0567629858 696.853735792 260.089501222
25 31.450658501 681.38224926 288.167092239
26 22.6405554774 662.813059818 315.546384704
27 16.4550479378 642.41626315 342.128688912
28 12.0825047903 621.059116899 367.85837831
29 8.96604132568 599.324931981 392.709026693
30 6.72455490663 577.601730759 416.673714334
31 5.09699064377 556.144564048 439.758445308
32 3.90370480883 535.118626276 461.977668915
33 3.02033341106 514.628418901 483.351247688
34 2.36001655565 494.737586587 503.902396857
35 1.86178764624 475.481875595 523.656336759
36 1.48240026599 456.878266825 542.639332909
37 1.19091160392 438.931026182 560.878062214
38 0.965020891125 421.635787098 578.399192011
39 0.788554091307 404.982355493 595.229090415
40 0.649478785682 388.956914858 611.393606357
41 0.539046892145 373.542960836 626.917992272
42 0.450716945346 358.722489622 641.826793433
43 0.379555085 344.476646745 656.14379817
44 0.321809632638 330.786177944 669.892012424
45 0.27464552233 317.631693222 683.093661256
46 0.235879620048 304.993939942 695.770180438
47 0.203826540573 292.853944544 707.942228915
48 0.177138441276 281.193168626 719.629692933
49 0.154795047068 269.993482269 730.851722684
50 0.136004917544 259.237261131 741.626733951
51 0.120115978995 248.907446373 751.972437648
52 0.106609150399 238.987527811 761.905863038
53 0.0950711958541 229.461535953 771.443392851
54 0.0851733289228 220.31413387 780.600692801
55 0.0766440419102 211.530451895 789.392904064
56 0.0692601096703 203.096185556 797.834554334
57 0.0628405446427 194.997557793 805.939601662
58 0.0572381142571 187.221333572 813.721428314
59 0.0523286908632 179.754735466 821.192935843
60 0.0480086145164 172.585502516 828.366488869
61 0.0441931070422 165.701838195 835.253968698
62 0.0408178040516 159.09245349 841.866728706
63 0.0378156007716 152.746396786 848.215787613
64 0.0351442833442 146.65331897 854.311536746
65 0.0327597569458 140.803155776 860.164084467
66 0.0306220860912 135.18620652 865.783171394
67 0.0287017771013 129.793211984 871.178086238
68 0.0269704792272 124.615236086 876.357793435
69 0.0254073528416 119.643748414 881.330844233
70 0.0239912298699 114.870498798 886.105509972
71 0.0227059880517 110.287608302 890.68968571
72 0.0215373700846 105.887501543 895.090961086
73 0.0204720111248 101.662871939 899.31665605
74 0.0194992271711 97.6067424314 903.373758341
75 0.0186089595093 93.7124166866 907.268974354
76 0.0177933457809 89.9734609397 911.008745714
77 0.0170462963871 86.3836850888 914.599268615
78 0.0163597267295 82.9371211227 918.046519151
79 0.0157242445958 79.628006429 921.356269326
80 0.0151344989976 76.4508560193 924.534009482
81 0.0145882137388 73.4004401637 927.584971623
82 0.0140832609053 70.4717327453 930.514183994
83 0.0136161268673 67.659883368 933.326500505
84 0.01318266254 64.9602202001 936.026597137
85 0.0127790834944 62.3682564418 938.618964475
86 0.0124028900959 59.8796985241 941.107898586
87 0.012052078686 57.4904264857 943.497521436
88 0.0117246315648 55.1964790701 945.791796298
89 0.0114186474568 52.9940550564 947.994526296
90 0.0111323988473 50.8795043974 950.109363204
91 0.0108643329762 48.8493209543 952.139814713
92 0.0106130596497 46.900140387 954.089246553
93 0.0103772962322 45.0287312775 955.960891426
94 0.0101558452852 43.2319889841 957.757855171
95 0.00994767225086 41.5069362995 959.483116028
96 0.00975182456409 39.850713594 961.139534581
97 0.00956741862819 38.260573853 962.729858728
98 0.00939366525461 36.7338831504 964.256723184
99 0.00922982835255 35.2681103006 965.722659871
100 0.00907521613192 33.8608223499 967.130102434
