Time S I R
1 1000 1 0
2 999.673132291 1.27463806 0.0522296486697
3 999.256674821 1.62452573978 0.118799438908
4 998.726185568 2.07017728439 0.203637147787
5 998.050633976 2.63762701992 0.311739003583
6 997.190671262 3.35987249677 0.449456241216
7 996.096453174 4.27868710834 0.624859717339
8 994.704989045 5.4468206038 0.848190351231
9 992.936844646 6.9307255468 1.13242980728
10 990.692201478 8.81379961438 1.49399890747
11 987.846059554 11.2003026185 1.95363782707
12 984.242726173 14.2198105302 2.53746329725
13 979.689564916 18.0321871251 3.27824795846
14 973.950210221 22.8328466097 4.21694316934
15 966.737806482 28.8577570437 5.40443647466
16 957.709148343 36.3873332182 6.9035184391
17 946.461185637 45.7478345695 8.79097979393
18 932.532125392 57.3081983194 11.1596762887
19 915.410183782 71.4695263829 14.1202898353
20 894.553762625 88.6438658337 17.8023715415
21 869.427014321 109.218893601 22.3540920788
22 839.553733048 133.506276826 27.9399901252
23 804.589496758 161.674534683 34.7359685596
24 764.40650754 193.672551923 42.9209405369
25 719.17799231 229.157045041 52.6649626485
26 669.440664733 267.444815891 64.1145193756
27 616.113704935 307.509755729 77.376539336
28 560.453342796 348.042926935 92.5037302688
29 503.941947296 387.57396154 109.484091164
30 448.128707013 424.634150963 128.237142024
31 394.457448644 457.924612377 148.617938979
32 344.121336268 486.450455719 170.428208013
33 297.973486228 509.594195198 193.432318574
34 256.502665441 527.122237401 217.375097158
35 219.864694506 539.136711263 241.99859423
36 187.949020376 545.995159131 267.055820493
37 160.457845836 548.221704282 292.320449882
38 136.981386519 546.426016591 317.59259689
39 117.059534427 541.239243221 342.701222351
40 100.226708595 533.269280274 367.50401113
41 86.0409425519 523.073441549 391.885615899
42 74.1003244107 511.144703655 415.754971934
43 64.0497487971 497.908111842 439.042139361
44 55.5824889157 483.722216692 461.695294392
45 48.4375015464 468.884769219 483.677729235
46 42.3949948927 453.639806756 504.965198352
47 37.2713229154 438.185055119 525.543621966
48 32.9138305794 422.679052023 545.407117398
49 29.1960188227 407.247645724 564.556335453
50 26.0132677349 391.989644191 582.997088074
51 23.2790474947 376.981725119 600.739227387
52 20.9217953391 362.282498678 617.795705983
53 18.882303293 347.935854624 634.181842083
54 17.1114523698 333.973864888 649.914682742
55 15.568429003 320.419039747 665.01253125
56 14.2192587279 307.286194189 679.494547083
57 13.0355546205 294.584023659 693.38042172
58 11.9935662669 282.316297424 706.690136309
59 11.0733494905 270.482900548 719.443749961
60 10.2581000127 259.080658884 731.661241103
61 9.53363582015 248.103976885 743.362387295
62 8.88793653704 237.545402011 754.566661452
63 8.31078476125 227.396057849 765.293157389
64 7.79347746329 217.645987586 775.560534951
65 7.32856742298 208.284458747 785.38697383
66 6.909657892 199.300200045 794.790142063
67 6.53128125746 190.681530272 803.78718847
68 6.18869788343 182.416591534 812.394710582
69 5.87780873641 174.493435693 820.628755571
70 5.5950626656 166.900117042 828.504820292
71 5.33736312395 159.624786697 836.037850179
72 5.10202111305 152.655728417 843.24225047
73 4.88667144148 145.981441519 850.131887039
74 4.6892540329 139.590641387 856.72010458
75 4.507945664 133.472326121 863.019728215
76 4.34115026425 127.615765127 869.043084608
77 4.1874498879 122.010539439 874.802010673
78 4.04559612498 116.646532221 880.307871654
79 3.91447593986 111.513952674 885.571571387
80 3.79310287361 106.603326891 890.603570236
81 3.68059234959 101.905510227 895.413897424
82 3.57615996531 97.4116709225 900.012169112
83 3.47911100849 93.1132856016 904.40760339
84 3.38880718067 89.0021649628 908.609027856
85 3.30468238859 85.0704165754 912.624901036
86 3.22623016072 81.3104448552 916.463324984
87 3.15298592046 77.7149578576 920.132056222
88 3.08453577509 74.2769415527 923.638522672
89 3.02050535295 70.9896594389 926.989835208
90 2.96055085032 67.846649934 930.192799216
91 2.90436407908 64.8417069704 933.253928951
92 2.85166367053 61.9688784575 936.179457872
93 2.80219181301 59.2224583478 938.975349839
94 2.75571548594 56.5969734897 941.647311024
95 2.71202052128 54.08717903 944.200800449
96 2.67091069056 51.6880490504 946.641040259
97 2.63220730353 49.3947669924 948.973025704
98 2.59574561984 47.2027204397 951.20153394
99 2.56137400033 45.1074915959 953.331134404
100 2.52895360901 43.1048498453 955.366196546
