Time S I R
1 1000 1 0
2 999.671126273 1.27664483466 0.0522288924228
3 999.251454468 1.62964302299 0.118902508644
4 998.716032512 2.07996137044 0.204006117224
5 998.033133327 2.65424967131 0.312617002033
6 997.162463062 3.38633741302 0.45119952454
7 996.052904727 4.31911450006 0.627980773359
8 994.639764113 5.50682002662 0.853415860662
9 992.841343614 7.01787865571 1.14077772989
10 990.554844229 8.93827598077 1.50687979038
11 987.651368803 11.3756424615 1.97298873532
12 983.970195117 14.4638854091 2.56591947432
13 979.312277011 18.3683600093 3.31936297981
14 973.433212884 23.2913209107 4.27546620542
15 966.036292778 29.4770543378 5.48665288404
16 956.766565311 37.2157766995 7.01765798966
17 945.207516707 46.8447959498 8.94768734321
18 930.88276764 58.7447071067 11.3725252537
19 913.26605559 73.3276476896 14.40629672
20 891.80350618 91.0140561927 18.1824376272
21 865.952301654 112.194438806 22.8532595395
22 835.23859272 137.174046348 28.5873609319
23 799.334048851 166.101840644 35.5641105054
24 758.144424237 198.890957277 43.9646184864
25 711.894937417 235.145953554 53.9591090296
26 661.190299253 274.118175004 65.6915257433
27 607.02519051 314.711684109 79.2631253806
28 550.726989209 355.555117444 94.7178933469
29 493.831389468 395.135912718 112.032697815
30 437.912754138 431.972550058 131.114695805
31 384.408221016 464.784996534 151.80678245
32 334.476195335 492.623730767 173.900073898
33 288.916082014 514.933037404 197.150880582
34 248.155509841 531.545510134 221.298980024
35 212.291665871 542.624004604 246.084329525
36 181.164658939 548.574951799 271.260389262
37 154.439382493 549.957430822 296.603186684
38 131.68110906 547.402419756 321.916471184
39 112.415377138 541.551100215 347.033522647
40 96.1704278451 533.012992964 371.81657919
41 82.5038780463 522.341359566 396.154762388
42 71.0169719484 510.021861153 419.961166898
43 61.3599791338 496.470381815 443.169639051
44 53.2324259385 482.03589729 465.731676772
45 46.3796761659 467.006884721 487.613439113
46 40.5881471152 451.618726908 508.793125977
47 35.6799148025 436.061364475 529.258720722
48 31.5074230108 420.486523495 549.006053494
49 27.9486462657 405.014160798 568.037192937
50 24.9028355416 389.738054898 586.359109561
51 22.2867442888 374.730647505 603.982608206
52 20.031663023 360.046937238 620.921399739
53 18.0807515296 345.727842071 637.191406399
54 16.3869200965 331.802915777 652.810164126
55 14.9110483936 318.292607121 667.796344486
56 13.6205933565 305.210012877 682.169393766
57 12.4883918421 292.562385996 695.949222162
58 11.4917016616 280.352338701 709.155959637
59 10.6114473874 268.57878095 721.809771663
60 9.83155944456 257.2377387 733.930701855
61 9.13846851375 246.322974984 745.538556503
62 8.52068734676 235.826498391 756.652814262
63 7.96844684642 225.739002292 767.292550862
64 7.47342394644 216.050186207 777.476389847
65 7.02849999491 206.749038318 787.222461687
66 6.62756269739 197.824062354 796.548374948
67 6.26539693971 189.263390867 805.471212193
68 5.93745219588 181.055058651 814.007489153
69 5.63982783978 173.186994883 822.173177277
70 5.36911448242 165.647200295 829.983685223
71 5.12236608612 158.42375788 837.453876034
72 4.89700000423 151.504936252 844.598063744
73 4.69076516871 144.8792056 851.430029231
74 4.50168428128 138.53528991 857.963025809
75 4.32801988239 132.462187765 864.209792353
76 4.16824200685 126.649190171 870.182567822
77 4.02099744254 121.085898003 875.893104554
78 3.88509095183 115.762225737 881.352683311
79 3.75945853268 110.668415482 886.572125985
80 3.64315555929 105.795031831 891.561812609
81 3.53533601517 101.132969383 896.331694602
82 3.43525520482 96.6734307724 900.891314023
83 3.3422418249 92.407944781 905.249813394
84 3.25568629206 88.3283641595 909.415949548
85 3.17505065949 84.4268361662 913.398113174
86 3.09984551817 80.6958157984 917.204338683
87 3.02962863338 77.1280522373 920.842319129
88 2.96400558676 73.7165733438 924.319421069
89 2.90261456624 70.4546903571 927.642695077
90 2.84512858729 67.3359815457 930.818889867
91 2.79125313375 64.3542821158 933.85446475
92 2.74071706449 61.5036832554 936.75559968
93 2.69327486634 58.7785172674 939.528207866
94 2.64870342815 56.1733499015 942.17794667
95 2.60679684883 53.6829747974 944.710228354
96 2.56736806124 51.3024017921 947.130230147
97 2.53024574785 49.0268501446 949.442904108
98 2.49527166108 46.8517420335 951.652986305
99 2.46230125488 44.7726924095 953.765006336
100 2.4312003758 42.7855036496 955.783295975
