Time S I R
1 997 3 0
2 995.45764224 4.39561962353 0.146738136305
3 993.202979902 6.43536637105 0.361653726594
4 989.913179114 9.41070470651 0.676116179454
5 985.12601789 13.7384032834 1.13557882643
6 978.187434126 20.0070559098 1.8055099642
7 968.187896084 29.032716985 2.77938693086
8 953.895114864 41.9158857896 4.18899934621
9 933.704049579 60.0792070921 6.21674332886
10 905.647790137 85.2438171556 9.10839270751
11 867.54290138 119.274538762 13.1825598577
12 817.361617376 163.808515704 18.8298669201
13 753.886109067 219.621985797 26.4919051355
14 677.546344794 285.842717693 36.6109375135
15 591.083246207 359.366325211 49.5504285824
16 499.50918263 434.98594067 65.5048767002
17 409.078075067 506.48756145 84.4343634831
18 325.633088152 568.309974242 106.056937605
19 253.19535768 616.900185888 129.904456432
20 193.447004392 651.137792282 155.415203326
21 146.094581335 671.880737071 182.024681594
22 109.643326208 681.128010774 209.228663018
23 82.1304924406 681.256573513 236.612934047
24 61.6120492497 674.530311937 263.857638813
25 46.4028706938 662.869762238 290.727367068
26 35.1483045555 647.795882986 317.055812458
27 26.8077812804 630.462042782 342.730175938
28 20.6037962392 611.718538129 367.677665631
29 15.9648341678 592.180462822 391.85470301
30 12.4742974646 572.2870069 415.238695635
31 9.82961313115 552.348421275 437.821965594
32 7.81111168652 532.581567248 459.607321066
33 6.25891247231 513.136233017 480.604854511
34 5.05621170055 494.114131916 500.829656384
35 4.1172912267 475.582530301 520.300178472
36 3.3787802788 457.584179495 539.037040226
37 2.79362741891 440.14416192 557.062210661
38 2.32666529207 423.274934075 574.398400633
39 1.9514389345 406.97993012 591.068630945
40 1.64788762922 391.256191686 607.095920685
41 1.40067490455 376.096255729 622.503069366
42 1.1980677282 361.489416076 637.312516196
43 1.03101186021 347.422763349 651.546224791
44 0.892456863481 333.881938106 665.225605031
45 0.776881452686 320.851649541 678.371469006
46 0.679944535537 308.316051085 691.004004379
47 0.598219930203 296.259023275 703.142756795
48 0.528991061267 284.664384886 714.806624053
49 0.470001824287 273.516154624 726.013843552
50 0.419536885129 262.79843244 736.782030675
51 0.376150836957 252.495688574 747.128160589
52 0.338704866869 242.592699013 757.06859612
53 0.306241678041 233.07466573 766.619092592
54 0.277988481099 223.92719212 775.794819399
55 0.25330007405 215.13632411 784.610375816
56 0.23164657349 206.68854023 793.079813196
57 0.212593248481 198.570764605 801.216642146
58 0.195764970204 190.770369019 809.033866011
59 0.180864370582 183.275144389 816.543991241
60 0.167623353914 176.073340124 823.759036522
61 0.155804387392 169.153657211 830.690538401
62 0.14522001106 162.505141327 837.349638662
63 0.135720477922 156.117263786 843.747015736
64 0.127189993966 149.979931016 849.89287899
65 0.11950192873 144.083368239 855.797129832
66 0.112548948775 138.418182228 861.469268823
67 0.106256638181 132.975388859 866.918354503
68 0.10054608609 127.746288381 872.153165533
69 0.0953457333378 122.722510702 877.182143565
70 0.0906083811849 117.896091589 882.013300029
71 0.0862746508875 113.259233397 886.654491952
72 0.0823061510413 108.804546522 891.113147327
73 0.0786670385875 104.52491517 895.396417792
74 0.0753255651954 100.413488844 899.511185591
75 0.0722505708411 96.4636505347 903.464098894
76 0.0694160486313 92.6690707636 907.261513188
77 0.0667965395801 89.0236588827 910.909544578
78 0.0643755205032 85.5215791792 914.4140453
79 0.062135862862 82.1572076981 917.780656439
80 0.0600573040083 78.9251122514 921.014830445
81 0.0581202093812 75.8200647276 924.121815063
82 0.0563160606808 72.8371031745 927.106580765
83 0.0546355758406 69.9714470411 929.973917383
84 0.053070548812 67.2185028487 932.728426602
85 0.0516103095364 64.5738353374 935.374554353
86 0.0502455386654 62.033184718 937.916569743
87 0.048967591048 59.5924566309 940.358575778
88 0.0477704152613 57.247730273 942.704499312
89 0.0466478955311 54.9952324507 944.958119654
90 0.0455944369608 52.8313372323 947.123068331
91 0.0446048738522 50.752563383 949.202831743
92 0.0436744947466 48.7555642789 951.200761226
93 0.042798987229 46.8371241928 953.12007682
94 0.0419744994798 44.9941559469 954.963869554
95 0.0411974205495 43.22369114 956.735111439
96 0.0404644274681 41.5228775642 958.436658008
97 0.0397725711148 39.8889780192 960.07124941
98 0.0391190855282 38.3193606391 961.641520275
99 0.0385014183195 36.8114967554 963.150001826
100 0.0379172654068 35.3629596004 964.599123134
