Time S I R
1 1000 1 0
2 999.723287106 1.22136376165 0.0553491324127
3 999.385436088 1.49161579781 0.122948114451
4 998.973005025 1.82149453629 0.205500438879
5 998.46962062 2.22407516684 0.306304213055
6 997.855365865 2.71525525189 0.429378883333
7 997.106035031 3.31434439911 0.579620569734
8 996.192227101 4.04477989571 0.762993002817
9 995.07830447 4.93494575448 0.986749775371
10 993.72112732 6.0191641208 1.25970855897
11 992.068584496 7.33883933891 1.59257616537
12 990.057921318 8.94375154323 1.9983271386
13 987.613734814 10.8935909636 2.4926742226
14 984.645832367 13.2595750878 3.09459254512
15 981.046832913 16.1262249292 3.82694215822
16 976.689635567 19.5931851691 4.7171792641
17 971.424876187 23.7769656036 5.79815820912
18 965.078604639 28.812384249 7.10901111212
19 957.450502739 34.8534097366 8.69608752402
20 948.313100629 42.0729863463 10.6139130251
21 937.412641302 50.6612571819 12.9261015159
22 924.472404992 60.8214705683 15.7061244399
23 909.199450205 72.762746737 19.037803058
24 891.295872282 86.6887949693 23.0153327485
25 870.47533654 102.782026526 27.7426369336
26 846.485403506 121.182791106 33.331805388
27 819.135285867 141.964332104 39.9003820289
28 788.32744172 165.105231844 47.5673264364
29 754.089672649 190.462737345 56.4475900066
30 716.601981088 217.752508432 66.64551048
31 676.214092548 246.53847146 78.247435992
32 633.44587123 276.239918276 91.3142104937
33 588.967799313 306.157655404 105.874545283
34 543.561159315 335.518722578 121.920118107
35 498.062095248 363.53459005 139.403314701
36 453.297947831 389.464033093 158.238019076
37 410.026026612 412.670513396 178.303459992
38 368.884263967 432.665142947 199.450593085
39 330.359973551 449.129876583 221.510149866
40 294.778588893 461.920086897 244.30132421
41 262.310223572 471.049645022 267.640131406
42 232.989178653 476.664129262 291.346692084
43 206.741128451 479.007833328 315.25103822
44 183.411820573 478.391007168 339.197172259
45 162.794578008 475.159796739 363.045625252
46 144.65357856 469.671806178 386.674615262
47 128.742195936 462.277674844 409.980129219
48 114.816389412 453.308373841 432.875236748
49 102.643720516 443.067383888 455.288895596
50 92.0089022603 431.826619557 477.164478183
51 82.7162412425 419.825683632 498.458075125
52 74.5910054312 407.271982442 519.137012127
53 67.4787600826 394.343024275 539.178215642
54 61.2441736174 381.189041603 558.56678478
55 55.7695241526 367.935769248 577.294706599
56 50.9528715364 354.687420413 595.359708051
57 46.706202797 341.529549562 612.764247641
58 42.9537256121 328.531627493 629.514646895
59 39.6302773971 315.749374593 645.62034801
60 36.6798596794 303.226866291 661.09327403
61 34.0542961936 290.998386131 675.947317675
62 31.7122146038 279.089933566 690.19785183
63 29.6180124308 267.520595423 703.861392146
64 27.7410114105 256.303746466 716.955242123
65 26.0547549007 245.447979902 729.497265197
66 24.5363798637 234.957978243 741.505641893
67 23.1661021033 224.835189247 752.998708649
68 21.9267701681 215.078422028 763.994807804
69 20.8034763851 205.68436044 774.512163175
70 19.7832538126 196.647954413 784.568791775
71 18.8547787738 187.962803314 794.182417913
72 18.0081663272 179.621409933 803.37042374
73 17.2347447951 171.61546576 812.149789445
74 16.5269114477 163.936021073 820.537067479
75 15.8779712171 156.573680756 828.548348027
76 15.2820252074 149.518730218 836.199244575
77 14.7338604129 142.761260579 843.504879008
78 14.2288545261 136.291273312 850.479872162
79 13.7629204119 130.098729767 857.138349821
80 13.3324278744 124.173634027 863.493938099
81 12.934122317 118.506121157 869.559756526
82 12.565120725 113.086436246 875.348443029
83 12.2228274654 107.905026904 880.872145631
84 11.9049287212 102.952527027 886.142544252
85 11.609343648 98.2198015998 891.170854752
86 11.3341980413 93.6979605549 895.967841404
87 11.0778103916 89.378356334 900.543833274
88 10.8386549405 85.2526154493 904.90872961
89 10.6153592609 81.3126207006 909.072020039
90 10.4066763145 77.5505297368 913.042793949
91 10.2114764258 73.9587675146 916.82975606
92 10.0287343127 70.5300262824 920.441239405
93 9.8575144415 67.2572684244 923.885217134
94 9.69696687497 64.133715031 927.169318094
95 9.54631188908 61.1528506658 930.300837445
96 9.40484063601 58.3084072307 933.286752133
97 9.27190820282 55.5943585169 936.13373328
98 9.14691504042 53.0049309668 938.848153993
99 9.02931394386 50.5345807431 941.436105313
100 8.91860505439 48.1779873694 943.903407576
