Time S I R
1 1000 1 0
2 999.713173069 1.23208164473 0.0547452858434
3 999.359906254 1.51790051987 0.122193225808
4 998.924884044 1.86983276799 0.205283187855
5 998.389292048 2.30307608766 0.307631864693
6 997.730048261 2.83626660741 0.43368513153
7 996.918858256 3.49223553923 0.588906204529
8 995.921076964 4.29891822252 0.78000481392
9 994.694361738 5.29042602449 1.01521223733
10 993.187050253 6.50833151468 1.30461823242
11 991.33627672 8.00315251565 1.66057076419
12 989.065760185 9.83608029443 2.09815952096
13 986.283258471 12.0809479342 2.63579359471
14 982.877769043 14.8263614963 3.29586946025
15 978.716470034 18.1779765991 4.10555336678
16 973.641522235 22.2607952185 5.09768254603
17 967.467018971 27.2212141489 6.31176687963
18 959.976402791 33.2285152923 7.79508191675
19 950.920904751 40.4752835629 9.60381168582
20 940.019774571 49.1760530749 11.8041723537
21 926.963330356 59.5632626405 14.4734070037
22 911.420113661 71.8793971071 17.7004892314
23 893.049462094 86.3642113503 21.586326556
24 871.520807149 103.236001219 26.2431916323
25 846.540458026 122.666467747 31.7930742277
26 817.885567098 144.749784405 38.3646484966
27 785.443261415 169.468125568 46.0886130177
28 749.250579813 196.658091911 55.0913282758
29 709.527770331 225.985252138 65.4869775303
30 666.698715083 256.93248502 77.3687998974
31 621.388721248 288.811042976 90.8002357763
32 574.396075347 320.79662492 105.807299733
33 526.637751828 351.988991096 122.373257076
34 479.076246347 381.487037124 140.436716529
35 432.639768304 408.466719159 159.893512537
36 388.149633857 432.248139729 180.602226414
37 346.266535111 452.340961886 202.392503003
38 307.462000041 468.463047518 225.074952441
39 272.015181035 480.533496905 248.45132206
40 240.030116555 488.646072608 272.323810837
41 211.466116325 493.031118149 296.502765526
42 186.173808916 494.013806955 320.812384129
43 163.93032022 491.975297916 345.094381864
44 144.470397633 487.319670202 369.209932165
45 127.511071522 480.448793888 393.04013459
46 112.769819698 471.744738516 416.485441786
47 99.9767935352 461.558810775 439.46439569
48 88.8823113689 450.205720639 461.911967992
49 79.2602557955 437.962120418 483.777623786
50 70.9097421273 425.066694334 505.023563539
51 63.6543426277 411.722808285 525.622849087
52 57.3405699164 398.10168855 545.557741534
53 51.8358961318 384.345894265 564.818209604
54 47.0264624253 370.572923295 583.40061428
55 42.814753268 356.878692971 601.306553761
56 39.1174581839 343.340662275 618.541879541
57 35.8635183186 330.020621522 635.115860159
58 32.9923424838 316.96718935 651.040468166
59 30.4522062182 304.217987149 666.329806633
60 28.1990387232 291.80138198 680.999579297
61 26.1951721886 279.738124474 695.066703338
62 24.4083972787 268.04264789 708.548954831
63 22.8111095887 256.724207823 721.464682589
64 21.3796385412 245.787771329 733.832590129
65 20.0936097903 235.234861843 745.671528367
66 18.9354905293 225.064147034 757.000362437
67 17.8901232749 215.272052701 767.837824024
68 16.9444007654 205.853172028 778.202427206
69 16.0869529203 196.800664223 788.112382857
70 15.3078911423 188.106574175 797.585534683
71 14.5986063178 179.762078283 806.639315399
72 13.9515707484 171.757725768 815.290703484
73 13.3602029253 164.083593943 823.556203132
74 12.8187219715 156.72945842 831.451819608
75 12.3220409987 149.684910423 838.993048579
76 11.8656833377 142.93944319 846.194873472
77 11.4457098168 136.482524306 853.071765878
78 11.058601671 130.303730606 859.637667723
79 10.7012634877 124.392716888 865.906019624
80 10.3709254806 118.739324016 871.889750504
81 10.0651309326 113.333571383 877.601297684
82 9.78168421443 108.165704049 883.052611737
83 9.51861747343 103.226214695 888.255167832
84 9.27417487976 98.505842619 893.219982501
85 9.04677099428 93.995610148 897.957618858
86 8.83498739056 89.6868052204 902.478207389
87 8.63754040691 85.571004332 906.791455261
88 8.45327402732 81.6400629184 910.906663054
89 8.28114229468 77.8861206229 914.832737082
90 8.12019637346 74.3016006393 918.578202987
91 7.96957685725 70.8792022535 922.151220889
92 7.82849888705 67.6119039766 925.559597136
93 7.69625381358 64.4929453165 928.81080087
94 7.57219728147 61.51582714 931.911975579
95 7.45573160939 58.6743203129 934.869948078
96 7.34631631912 55.9624373723 937.691246309
97 7.24345773552 53.3744324652 940.382109799
98 7.14669812335 50.9048019694 942.948499907
99 7.05562078089 48.5482657842 945.396113435
100 6.96984359235 46.2997633846 947.730393023
