Time S I R
1 1000 1 0
2 999.666276216 1.2770792255 0.0566445587128
3 999.240273442 1.63074700079 0.12897955734
4 998.696596282 2.082063317 0.221340401268
5 998.002945712 2.65780225552 0.339252032462
6 997.11829217 3.39195718095 0.489750648607
7 995.990575681 4.32763108536 0.681793234131
8 994.553899329 5.51933582474 0.926764846683
9 992.725040512 7.03583809053 1.23912139749
10 990.399282041 8.96354110354 1.63717685526
11 987.445336489 11.4105665392 2.14409697217
12 983.699543822 14.5113665349 2.78908964319
13 978.959309057 18.431844451 3.60884649237
14 972.976044008 23.3747020687 4.64925392279
15 965.4482625 29.5843795018 5.9673579982
16 956.01582342 37.3506281276 7.63354845206
17 944.256991175 47.0091513736 9.73385745192
18 929.690812707 58.9370176048 12.3721696881
19 911.78817248 73.5398164593 15.6720110603
20 889.995585229 91.2269993515 19.7774154191
21 863.77578249 112.372026923 24.8521905865
22 832.667682873 137.255547775 31.0767693519
23 796.364591672 165.99358287 38.6418254578
24 754.803178697 198.458744861 47.7380764415
25 708.246962243 234.210756485 58.5422812723
26 657.341777804 272.457750838 71.2004713581
27 603.118972957 312.070583713 85.8104433301
28 546.93011758 351.663222978 102.406659441
29 490.316118248 389.733208213 120.95067354
30 434.835281087 424.835108355 141.329610558
31 381.890363734 455.746354527 163.363281739
32 332.594050465 481.58737093 186.818578605
33 287.697446318 501.874313208 211.428240474
34 247.585003698 516.504471915 236.910524387
35 212.320709961 525.692480093 262.986809945
36 181.723167732 529.881501164 289.395331104
37 155.446723182 529.65301077 315.900266049
38 133.054852974 525.648482069 342.296664957
39 114.077376395 518.510735523 368.411888082
40 98.0504501832 508.844930842 394.104618975
41 84.5413200919 497.196302808 419.2623771
42 73.1611055274 484.040687881 443.798206592
43 63.5695525085 469.78328277 467.647164721
44 55.4746297514 454.76247006 490.762900189
45 48.6289863952 439.256573975 513.11443963
46 42.8251158576 423.491509397 534.683374745
47 37.8900926947 407.648453852 555.461453453
48 33.6803847075 391.871105759 575.448509533
49 30.0771604065 376.272080477 594.650759117
50 26.9821582663 360.938457517 613.079384217
51 24.3140532217 345.93654562 630.749401158
52 22.0056199007 331.31569099 647.67868911
53 20.0011118195 317.111644167 663.887244014
54 18.2542570874 303.349170174 679.396572739
55 16.7265333999 290.044286526 694.229180074
56 15.3858031772 277.206002421 708.408194401
57 14.2051963606 264.837746486 721.957057154
58 13.1621478262 252.938593974 734.8992582
59 12.237675926 241.504169066 747.258155008
60 11.4157637965 230.527417182 759.056819021
61 10.6828381134 219.999249981 770.317911905
62 10.0273752769 209.909022586 781.063602137
63 9.43955796866 200.244945756 791.315496275
64 8.91098955724 190.994422161 801.094588282
65 8.43446397767 182.144310652 810.42122537
66 8.00380504229 173.681099743 819.315095215
67 7.61368230031 165.591113764 827.795203936
68 7.25946894164 157.860664358 835.8798667
69 6.93716561152 150.476114481 843.586719907
70 6.64327949263 143.424002482 850.932718026
71 6.37477798451 136.691069709 857.934152306
72 6.12899375331 130.26435214 864.606654106
73 5.90360028128 124.131181025 870.965218694
74 5.6965404743 118.279247883 877.024211643
75 5.50601030645 112.696594825 882.797394868
76 5.33040779103 107.371651849 888.29794036
77 5.16832048576 102.29322625 893.538453264
78 5.01848878518 97.4505244049 898.53098681
79 4.87979526537 92.8331392731 903.287065462
80 4.7512376501 88.4310607807 907.817701569
81 4.63192883401 84.2346519864 912.13341918
82 4.52107526629 80.2346543186 916.244270415
83 4.41795294517 76.4221969285 920.159850126
84 4.32192103953 72.7887576285 923.889321332
85 4.23239839025 69.3261726255 927.441428984
86 4.14885862735 66.0266233606 930.824518012
87 4.07083093755 62.8826170452 934.046552017
88 3.9978840703 59.8869887537 937.115127176
89 3.92962802579 57.0328823521 940.037489622
90 3.86571028353 54.3137389585 942.820550758
91 3.80580670752 51.7232928533 945.470900439
92 3.7496237589 49.2555539108 947.99482233
93 3.69689343521 46.9047991637 950.398307401
94 3.64736911163 44.665563705 952.687067183
95 3.6008263189 42.5326273914 954.86654629
96 3.5570589178 40.5010075324 956.94193355
97 3.51587661633 38.565948002 958.918175382
98 3.47710550637 36.7229094201 960.799985074
99 3.44058367759 34.9675616292 962.591854693
100 3.40616308314 33.2957724966 964.29806442
