Time S I R
1 1000 1 0
2 999.671118825 1.27662329283 0.0522578820751
3 999.251444603 1.62958801763 0.118967379378
4 998.7160286 2.07985605012 0.204115349962
5 998.033148527 2.6540704574 0.312781015948
6 997.162517307 3.38605159733 0.451431095262
7 996.053027397 4.31867706583 0.628295536764
8 994.639997643 5.50616944894 0.853832908021
9 992.841748279 7.01693140792 1.14132031347
10 990.55550441 8.93691943782 1.50757615193
11 987.652401199 11.3737257381 1.9738730632
12 983.971759113 14.461207868 2.56703301849
13 979.31458769 18.3646569943 3.32075531562
14 973.436556847 23.2862464963 4.27719665693
15 966.041046594 29.4701612866 5.48879211973
16 956.773215892 37.2064943241 7.02028978427
17 945.216681815 46.8324076658 8.95091051876
18 930.895213166 58.7283310056 11.3764558285
19 913.282704186 73.3062254926 14.4110703219
20 891.825429407 90.9863583113 18.1882122814
21 865.980685837 112.159095163 22.8602189998
22 835.274668422 137.129612817 28.595718761
23 799.378977343 166.046907589 35.5741150681
24 758.199142525 198.824298658 43.9765588163
25 711.9599828 235.066696115 53.9733210849
26 661.265638475 274.025963782 65.7083977435
27 607.110111052 314.606788595 79.283100353
28 550.820085091 355.438448361 94.741466548
29 493.930669052 395.00892435 112.060406598
30 438.01585189 431.837046882 131.147101228
31 384.512663997 464.642892309 151.844443695
32 334.579662708 492.476818601 173.943518691
33 289.016603953 514.782820298 197.200575749
34 248.251576951 531.393116526 221.355306523
35 212.382253317 542.470181802 246.147564881
36 181.24918483 548.420116616 271.330698553
37 154.517631075 549.801747101 296.680621823
38 131.753139384 547.245883825 322.000976791
39 112.481438007 541.393615224 347.124946769
40 96.2308859584 532.854427308 371.914686734
41 82.5591623563 522.181588001 396.259249643
42 71.0675348671 509.860788976 420.071676156
43 61.4062686349 496.307959535 443.28577183
44 53.2748693392 481.872124584 465.853006077
45 46.4186710098 466.841809003 487.739519987
46 40.624056974 451.452438625 508.923504401
47 35.7130678268 435.893991247 529.392940926
48 31.5381130528 420.318222965 549.143663982
49 27.9771349537 404.845113833 568.177751213
50 24.9293549966 389.568459174 586.502185829
51 22.3115001218 374.560711756 604.127788122
52 20.0548368528 359.876876659 621.068286489
53 18.1025040146 345.557873809 637.339622176
54 16.407393238 331.6332558 652.959350962
55 14.9303678887 318.123467267 667.946164844
56 13.6388706546 305.041598616 682.319530729
57 12.505725726 292.394894974 696.0993793
58 11.5081799874 280.18595921 709.305860802
59 10.6271484083 268.413691055 721.959160537
60 9.84655289963 257.074105728 734.079341372
61 9.15281677296 246.160954991 745.686228236
62 8.53444625681 235.666236039 756.799317705
63 7.98166649874 225.580630834 767.437702667
64 7.48614939427 215.893827545 777.62002306
65 7.04077184046 206.594803211 787.364424948
66 6.6394175438 197.672050786 796.688531671
67 6.27686786863 189.113692343 805.609439789
68 5.94856923137 180.907752513 814.143678256
69 5.65061818205 173.042150867 822.307230951
70 5.37960290518 165.504878863 830.115518231
71 5.13257511452 158.284010785 837.5834141
72 4.90695022006 151.367806918 844.725242861
73 4.70047535348 144.744729668 851.554794978
74 4.51117164231 138.403495643 858.085332715
75 4.33730018035 132.333096549 864.32960327
76 4.17732971918 126.522816938 870.299853343
77 4.02990587127 120.962251687 876.007842442
78 3.89383234634 115.64130968 881.464857974
79 3.76804418183 110.550227853 886.681727965
80 3.65159588577 105.679566008 891.668838106
81 3.54364065071 101.020214333 896.436145016
82 3.44343305645 96.5633714109 900.993195533
83 3.35030113889 92.3005623145 905.349136547
84 3.263634721 88.2236363951 909.512728884
85 3.18289530588 84.3247378267 913.492366867
86 3.10759297518 80.5963188188 917.296088206
87 3.03728503941 77.031126022 920.931588939
88 2.97157665504 73.6221850337 924.406238311
89 2.91010561374 70.3628050784 927.727089308
90 2.85254457778 67.2465626223 930.9008928
91 2.79859869718 64.2672912939 933.934110009
92 2.74799652148 61.4190809042 936.832922574
93 2.70049225937 58.6962625564 939.603245184
94 2.65586253446 56.0934009832 942.250736482
95 2.61390120234 53.6052889668 944.780809831
96 2.57442097423 51.2269356338 947.198643392
97 2.53725031924 48.9535596818 949.509189999
98 2.50223079662 46.7805828506 951.717186353
99 2.46921768187 44.7036197736 953.827162545
100 2.43807664657 42.7184726276 955.843450726
