Time S I R
1 1000 1 0
2 999.666280335 1.27707409146 0.0566455731466
3 999.24028453 1.6307338933 0.128981576428
4 998.696618442 2.08203822573 0.221343332283
5 998.00298477 2.65775957515 0.339255654865
6 997.118356302 3.39188914672 0.48975455089
7 995.990676243 4.32752702993 0.681796726785
8 994.554051955 5.51918120286 0.926766842146
9 992.725266539 7.03561321412 1.2391202473
10 990.399610343 8.96321952478 1.6371701322
11 987.445805828 11.4101129943 2.14408117789
12 983.700205758 14.5107344137 2.78905982879
13 978.960231495 18.4309727384 3.60879576651
14 972.977315389 23.373511784 4.64917282715
15 965.449996472 29.582769792 5.96723373644
16 956.018163693 37.3484723436 7.63336396392
17 944.260115884 47.006293767 9.73359034901
18 929.694937186 58.9332717077 12.3717911059
19 911.793548755 73.5349667067 15.6714845379
20 890.002495991 91.220808008 19.7766960008
21 863.784526956 112.364248608 24.8512244355
22 832.678552278 137.245953464 31.0754942584
23 796.377833637 165.981993695 38.6401726682
24 754.818952596 198.445073229 47.7359741746
25 708.265293288 234.195046663 58.5396600494
26 657.362518567 272.440210604 71.1972708288
27 603.141787907 312.051592306 85.8066197875
28 546.95449799 351.643309265 102.402192745
29 490.341430462 389.712997628 120.94557191
30 434.860838303 424.81524956 141.323912137
31 381.915503906 455.727443615 163.35705248
32 332.618203341 481.569889708 186.811906952
33 287.72017566 501.858594374 211.421229966
34 247.606021797 516.490692559 236.903285644
35 212.339869016 525.6806777 262.979453284
36 181.740436252 529.871603153 289.387960595
37 155.462156203 529.644868424 315.892975373
38 133.068563048 525.641901933 342.289535019
39 114.08950893 518.505504979 368.404986092
40 98.0611646199 508.840836775 394.097998605
41 84.5507766806 497.193143962 419.256079357
42 73.1694573478 484.038281474 443.792261178
43 63.5769403399 469.781468257 467.641591403
44 55.4811801115 454.761109539 490.757710349
45 48.6348110663 439.255551243 513.109637691
46 42.8303124463 423.490728098 534.678959456
47 37.8947457765 407.647835196 555.457419028
48 33.6845671094 391.870586252 575.444846638
49 30.0809346131 376.271609681 594.647455706
50 26.9855778419 360.93799594 613.076426218
51 24.3171639993 345.936062924 630.746773077
52 22.0084611102 331.315164424 647.676374465
53 20.0037170875 317.11105715 663.885225763
54 18.2566552834 303.348511147 679.39483357
55 16.728749317 290.043548037 694.227702647
56 15.3878581995 277.205180245 708.406961555
57 14.2071089485 264.836839 721.956052051
58 13.1639339521 252.937601605 734.898464443
59 12.2393494723 241.503093795 747.257556733
60 11.4173368363 230.526262211 759.056400952
61 10.6843211819 219.998019413 770.317659405
62 10.0287776059 209.90772116 781.063501235
63 9.4408876522 200.243578669 791.315533679
64 8.91225372247 190.992994888 801.09475139
65 8.43566892904 182.142828803 810.421502268
66 8.00495630917 173.679569041 819.31547465
67 7.61478484834 165.589539813 827.795675338
68 7.26052714136 157.859052725 835.880420134
69 6.9381833973 150.474470531 843.587346072
70 6.64426034924 143.422331436 850.933408215
71 6.37572506078 136.689376536 857.934898403
72 6.12990985775 130.2626416 864.607448542
73 5.90448795369 124.129457609 870.966054437
74 5.69740199903 118.277515837 877.025082164
75 5.50684775189 112.694858127 882.798294121
76 5.3312230291 107.369914218 888.298862753
77 5.16911521529 102.291491147 893.539393637
78 5.01926455181 97.4487950371 898.531940411
79 4.88055347823 92.8314185977 903.288027924
80 4.75197959555 88.4293515162 907.818668888
81 4.63265567519 84.2329566375 912.134387687
82 4.52178808487 80.2329751458 916.245236769
83 4.41865272685 76.4205359902 920.160811283
84 4.32260868394 72.7871167893 923.890274527
85 4.2330747347 69.3245535467 927.442371719
86 4.14952443636 66.0250275323 930.825448031
87 4.07148691524 62.8810457887 934.047467296
88 3.99853087187 59.8854432244 937.116025904
89 3.93026625251 57.0313635612 940.038370186
90 3.8663404933 54.3122477753 942.821411731
91 3.80642941823 51.7218300145 945.471740567
92 3.75023944839 49.2541200338 947.995640518
93 3.69750254973 46.90339475 950.3991027
94 3.64797206459 44.6641891523 952.687838783
95 3.60142349375 42.5312830006 954.867293506
96 3.55765067406 40.499693513 956.942655813
97 3.51646328706 38.5646644815 958.918872231
98 3.47768740291 36.7216564491 960.800656148
99 3.44116109157 34.9663391879 962.592499721
100 3.40673628496 33.2945805028 964.298683212
