Time S I R
1 1000 1 0
2 999.667584499 1.27579935063 0.0566161503178
3 999.243676231 1.62748134225 0.128842427075
4 998.703212077 2.07581575831 0.22097216455
5 998.014346969 2.64718178184 0.338471249355
6 997.136667538 3.37503871394 0.488293748107
7 996.018943929 4.30177252635 0.67928354446
8 994.59639061 5.48093837238 0.922671017871
9 992.787261804 6.98003602044 1.23270217537
10 990.488785159 8.88380627124 1.62740857018
11 987.572215418 11.2982066772 2.12957790448
12 983.877171892 14.35491058 2.7679175278
13 979.205235179 18.2163030672 3.5784617536
14 973.31304451 23.0807127652 4.60624272484
15 965.905509887 29.1872791251 5.9072109876
16 956.630088841 36.8195383838 7.55037277558
17 945.073711218 46.3062421556 9.62004662688
18 930.764736265 58.0172171312 12.2180466033
19 913.183163232 72.3513612591 15.4654755085
20 891.783011205 89.7133381305 19.5036506646
21 866.030844503 110.47564467 24.4935108264
22 835.46312102 134.9241627 30.6127162798
23 799.761594417 163.188769289 38.0496362938
24 758.840050728 195.166317722 46.99363155
25 712.927501372 230.450920689 57.6215779395
26 662.625603152 268.292845701 70.0815511467
27 608.917754166 307.606680064 84.4755657704
28 553.111558775 347.044065879 100.844375346
29 496.716454404 385.126162295 119.157383301
30 441.277791122 420.411933401 139.310275477
31 388.205463882 451.663397256 161.131138863
32 338.636436642 477.969615378 184.39394798
33 293.356948315 498.806355767 208.836695918
34 252.790175483 514.029016335 234.180808181
35 217.036416512 523.814753073 260.148830415
36 185.944307671 528.5772141 286.47847823
37 159.190415809 528.87742097 312.932163221
38 136.352774117 525.344864787 339.302361096
39 116.969323388 518.617236657 365.413439955
40 100.579444632 509.299588164 391.120967204
41 86.7501987895 497.940373717 416.309427493
42 75.0904807435 485.020459307 440.889059949
43 65.2565356229 470.951091781 464.792372596
44 56.9523741834 456.076840238 487.970785579
45 49.92661098 440.681986721 510.391402299
46 43.9679196979 424.997901527 532.034178775
47 38.8998582128 409.210658857 552.88948293
48 34.5757615571 393.468237409 572.956001034
49 30.874056593 377.886943579 592.238999828
50 27.6941252568 362.556993308 610.748881436
51 24.9526231697 347.547347925 628.500028905
52 22.5805951467 332.909599206 645.509805648
53 20.5208447604 318.681352997 661.797802242
54 18.7258687839 304.888932353 677.385198863
55 17.1561017799 291.549651892 692.294246328
56 15.7785369615 278.673582418 706.547880621
57 14.565557996 266.265047174 720.16939483
58 13.4939751151 254.323850774 733.18217411
59 12.5442822656 242.846212862 745.609504872
60 11.7000086627 231.825579552 757.474411785
61 10.9472013626 221.253264323 768.799534314
62 10.2740152964 211.118947297 779.607037407
63 9.67035285001 201.411110267 789.918536883
64 9.12758241933 192.117368057 799.755049524
65 8.63829972294 183.224744418 809.136955859
66 8.19613973459 174.719881855 818.08397841
67 7.79563863273 166.589186922 826.615174445
68 7.43202770103 158.819066759 834.74890554
69 7.10120356274 151.395932219 842.502864218
70 6.79956948711 144.306371548 849.894058965
71 6.5240116722 137.537148428 856.938839899
72 6.27178659227 131.075317181 863.652896227
73 6.04050343785 124.908213736 870.051282826
74 5.82804828602 119.023526795 876.148424919
75 5.63256641999 113.409290399 881.958143181
76 5.45241247091 108.053919449 887.49366808
77 5.28613401413 102.946203886 892.7676621
78 5.13243794173 98.0753265913 897.792235467
79 4.99017576705 93.4308563874 902.578967846
80 4.8583188766 89.0027552159 907.138925908
81 4.73595229967 84.7813624038 911.482685297
82 4.62226401779 80.7573855791 915.620350403
83 4.51651088379 76.9219231693 919.561565947
84 4.41803201361 73.2664255579 923.315542429
85 4.32623382329 69.7826939368 926.89107224
86 4.24057401846 66.462881055 930.296544926
87 4.16056840629 63.2994641701 933.539967424
88 4.08577627631 60.2852453969 936.628978327
89 4.01579582375 57.4133403264 939.57086385
90 3.95026524498 54.6771603686 942.372574386
91 3.88885257885 52.070409889 945.040737532
92 3.83125566452 49.5870713969 947.581672939
93 3.77719995828 47.2213938759 950.001406166
94 3.72643234351 44.9678856463 952.30568201
95 3.67872215017 42.8213010028 954.499976847
96 3.63385803789 40.7766311725 956.58951079
97 3.59164485676 38.8290960714 958.579259072
98 3.55190402064 36.9741325337 960.473963446
99 3.51446999791 35.2073870978 962.278142904
100 3.47919020457 33.5247060873 963.996103708
