Time S I R
1 1000 1 0
2 999.672421523 1.27534776375 0.0522307136747
3 999.254826508 1.62633456992 0.118838922343
4 998.722593253 2.07363395878 0.203772787882
5 998.044445993 2.64349676141 0.312057245817
6 997.180703443 3.36921300243 0.4500835545
7 996.081073833 4.29294837352 0.625977793334
8 994.681967836 5.46797563746 0.850056526738
9 992.903156247 6.96143954676 1.13540420667
10 990.643774269 8.85764564999 1.4985800815
11 987.777454298 11.2620358271 1.96050987493
12 984.146739336 14.3057044668 2.54755619765
13 979.556745056 18.1504400114 3.29281493226
14 973.768287848 22.9940540502 4.23765810225
15 966.491056001 29.0754304153 5.43351358403
16 957.377722769 36.6784214763 6.94385575475
17 946.02050943 46.1331658351 8.84632473454
18 931.952490864 57.8127025392 11.2348065967
19 914.656771231 72.1220332761 14.2211954932
20 893.587384623 89.4762032653 17.9364121115
21 868.205936684 110.263972972 22.5300903441
22 838.036897022 134.794893775 28.1682092027
23 802.741288829 163.230800272 35.0279108987
24 762.202855365 195.508233247 43.2889113879
25 716.612862072 231.265771857 53.1213660709
26 666.531770516 269.797316858 64.6709126254
27 612.905328722 310.052140891 78.0425303867
28 557.015026891 350.699075118 93.2858979911
29 500.362467614 390.252416106 110.385116281
30 444.506314398 427.238339265 129.255346337
31 390.888656852 460.364016128 149.74732702
32 340.690912788 488.650098258 171.658988954
33 294.74756941 511.500643165 194.751787425
34 253.525892765 528.705414464 218.76869277
35 217.160896169 540.388156863 243.450946968
36 185.524382687 546.923954992 268.551662321
37 158.305103276 548.849596251 293.845300473
38 135.08419045 546.782577466 319.133232084
39 115.396229131 541.35784085 344.24593002
40 98.7732810229 533.184035142 369.042683835
41 84.7731040169 522.817167347 393.409728636
42 72.9948240437 510.747696995 417.257478961
43 63.0851901659 497.397465696 440.517344138
44 54.7396510785 483.121662953 463.138685969
45 47.6994281811 468.214748074 485.085823745
46 41.7469330443 452.917678008 506.335388948
47 36.7005524254 437.425404889 526.874042686
48 32.4094475519 421.894033995 546.696518453
49 28.7487155969 406.447306465 565.803977938
50 25.615121378 391.182227703 584.202650919
51 22.9233085999 376.173956892 601.902734508
52 20.6027366349 361.479808287 618.917455078
53 18.5950469242 347.142601628 635.262351448
54 16.8518476457 333.193504502 650.954647852
55 15.3329313328 319.654286782 666.012781885
56 14.0048403236 306.539140304 680.456019373
57 12.8396243791 293.856243993 694.304131628
58 11.8138951025 281.608949508 707.57715539
59 10.9080223138 269.796787166 720.295190521
60 10.1054637806 258.416295993 732.478240227
61 9.39225782769 247.461647929 744.146094243
62 8.75657651877 236.925193973 755.318229508
63 8.18836260968 226.797902708 766.013734682
64 7.67904976789 217.069692104 776.251258129
65 7.22130950561 207.729727017 786.048963477
66 6.80884558933 198.766656151 795.42449826
67 6.43628332828 190.168727246 804.394989426
68 6.09894918303 181.924045051 812.977005766
69 5.79281657846 174.020614711 821.186568711
70 5.51438451034 166.446471236 829.039144253
71 5.2606109878 159.18973965 836.549649363
72 5.02884494086 152.238697716 843.732457343
73 4.81676220437 145.581833362 850.601404434
74 4.62233266822 139.207863918 857.169803414
75 4.44376343177 133.105787528 863.45044904
76 4.27948285519 127.264879804 869.45563734
77 4.12809545942 121.674729213 875.197175327
78 3.98837263063 116.325228623 880.686398747
79 3.85921834643 111.206599267 885.934182387
80 3.73966171019 106.309379828 890.950958462
81 3.62883141452 101.62443999 895.746728596
82 3.52595725607 97.1429599508 900.331082793
83 3.43035407432 92.8564331431 904.713212783
84 3.34139257504 88.7566866488 908.901920776
85 3.25851717238 84.8358413931 912.905641435
86 3.18122787351 81.0863191677 916.732452959
87 3.10906759601 77.500843128 920.390089276
88 3.04162974989 74.0724136014 923.885956649
89 2.97854436928 70.7943110797 927.227144551
90 2.91947362649 67.6600881107 930.420438263
91 2.8641143898 64.663553017 933.472332593
92 2.81218883074 61.7987691901 936.389041979
93 2.76344354442 59.0600441526 939.176512303
94 2.71764918184 56.4419184309 941.840432387
95 2.67459441915 53.9391609404 944.38624464
96 2.63408632041 51.5467584456 946.819155234
97 2.5959489474 49.2599070012 949.144144051
98 2.5600197527 47.0740065929 951.365973654
99 2.52614968079 44.9846510529 953.489199266
100 2.49420170586 42.9876213841 955.51817691
