Time S I R
1 1000 1 0
2 999.66627909 1.27707530906 0.0566456012463
3 999.240281289 1.6307370016 0.128981709365
4 998.696612138 2.08204417518 0.221343687009
5 998.002973901 2.65776969384 0.339256404804
6 997.118338778 3.39190527374 0.489755948041
7 995.990649178 4.32755169082 0.681799131401
8 994.554011398 5.51921783953 0.926770762591
9 992.725207124 7.03566648257 1.23912639302
10 990.399524842 8.96329567487 1.63717948333
11 987.445684572 11.4102203514 2.14409507699
12 983.700035933 14.5108839689 2.78908009851
13 978.959996281 18.4311788589 3.60882486015
14 972.97699295 23.3737930326 4.64921401776
15 965.449558835 29.5831498164 5.96729134855
16 956.017575601 37.348980749 7.63344364991
17 944.25933378 47.0069668142 9.7336994057
18 929.693908611 58.9341525725 12.3719388163
19 911.792212571 73.5361049214 15.6716825073
20 890.000783978 91.2222575873 19.7769584346
21 863.782367406 112.366064315 24.8515682785
22 832.675876116 137.248184792 31.0759390923
23 796.374583224 165.984676528 38.6407402481
24 754.815092632 198.448219864 47.7366875037
25 708.260821901 234.198636149 58.5405419495
26 657.357476391 272.444181526 71.1983420827
27 603.13626138 312.055841561 85.8078970587
28 546.948615132 351.64769826 102.403686608
29 490.335348534 389.717366067 120.947285398
30 434.854725888 424.819434004 141.325840108
31 381.90952176 455.731296301 163.359181939
32 332.612488192 481.573293574 186.814218233
33 287.714830283 501.861471211 211.423698506
34 247.601111967 516.493004058 236.905883976
35 212.335426108 525.682420958 262.982152935
36 181.73646341 529.872802918 289.390733673
37 155.458635892 529.645568374 315.895795734
38 133.065464296 525.642156697 342.292379007
39 114.086793403 518.50537368 368.407832917
40 98.0587911972 508.840378356 394.100830447
41 84.548704619 497.192414107 419.258881274
42 73.1676481474 484.037330971 443.795020882
43 63.5753589092 469.780342078 467.644299013
44 55.4797951615 454.759846755 490.760358083
45 48.6335951525 439.25418527 513.112219578
46 42.8292417698 423.489287167 534.681471063
47 37.8937998529 407.646342932 555.459857216
48 33.6837284162 391.869062238 575.447209346
49 30.0801882148 376.270070025 594.64974176
50 26.9849110185 360.936453803 613.078635178
51 24.3165659385 345.934528968 630.748905094
52 22.0079226187 331.313647209 647.678430172
53 20.0032303376 317.109563489 663.887206173
54 18.2562135993 303.347046401 679.39674
55 16.728347005 290.042116344 694.229536652
56 15.3874903816 277.203784749 708.408724869
57 14.2067714427 264.835482013 721.957746545
58 13.163623165 252.93628475 734.900092085
59 12.2390623018 241.501818139 747.259119559
60 11.4170706035 230.525028357 759.057901039
61 10.6840735654 219.996827585 770.31909885
62 10.0285465851 209.906571278 781.064882137
63 9.44067146798 200.242470402 791.31685813
64 8.91205083641 190.991927707 801.096021457
65 8.4354779889 182.141802023 810.422719988
66 8.00477613924 173.678581835 819.316642025
67 7.61461439679 165.588591279 827.796794324
68 7.26036549103 157.858141869 835.88149264
69 6.93802972584 150.473596319 843.588373955
70 6.64411393489 143.421492784 850.934393281
71 6.37558525386 136.688572343 857.935842403
72 6.12977608367 130.261870745 864.608353171
73 5.90435969521 124.128718972 870.966921333
74 5.69727879421 118.276808296 877.02591291
75 5.50672918467 112.694180571 882.799090244
76 5.33110872524 107.369265549 888.299625725
77 5.16900483703 102.290870287 893.540124876
78 5.01915779346 97.4482009271 898.532641279
79 4.88045006248 92.8308502036 903.288699734
80 4.75187927053 88.4288078296 907.8193129
81 4.63255821534 84.2324366724 912.135005112
82 4.52169327991 80.2324779509 916.245828769
83 4.41856038663 76.4200606404 920.161378973
84 4.32251863619 72.7866623869 923.890818977
85 4.23298681879 69.3241192271 927.442893954
86 4.14943850688 66.0246124578 930.825949035
87 4.07140283885 62.8806491505 934.047948011
88 3.99844852441 59.8850642447 937.116487231
89 3.93018552091 57.0310014889 940.03881299
90 3.86626127283 54.3119018878 942.821836839
91 3.80635161184 51.7214996171 945.472148771
92 3.75016296707 49.253804458 947.996032575
93 3.69742731028 46.9030933541 950.399479336
94 3.64789799024 44.6639013195 952.68820069
95 3.60135051361 42.5310081387 954.867641348
96 3.55757872147 40.4994310541 956.942990224
97 3.51639230061 38.5644138807 958.919193819
98 3.47761732519 36.7214171841 960.800965491
99 3.44109186876 34.9661107583 962.592797373
100 3.40666786748 33.2943624285 964.298969704
