Time S I R
1 1000 1 0
2 999.386057126 1.5587261429 0.0552167313014
3 998.43002238 2.42870955572 0.141268064705
4 996.942651108 3.78204069662 0.275308195224
5 994.631943444 5.88411292676 0.483943629133
6 991.050110859 9.14157918601 0.808309954725
7 985.516994313 14.1713120056 1.31169368161
8 977.014845675 21.8944298132 2.09072451203
9 964.05649805 33.6522979915 3.29120395824
10 944.549382275 51.3214695939 5.12914813098
11 915.72404114 77.3602235576 7.91573530284
12 874.2753131 114.644330989 12.0803559107
13 816.949387237 165.872719685 18.1778930773
14 741.775896982 232.367198853 26.8569041658
15 649.764414707 312.471232745 38.7643525479
16 546.126082944 400.486744349 54.3871727075
17 439.662444743 487.453922227 73.8836330307
18 339.995769793 564.006916335 96.9973138712
19 254.287781442 623.599008242 123.113210316
20 185.602094848 663.975590374 151.422314778
21 133.421298587 686.477742636 181.100958777
22 95.2171077982 694.350511745 211.432380457
23 67.8830380504 691.26125519 241.85570676
24 48.5658883766 680.470209889 271.963901734
25 34.9760140942 664.545921085 301.478064821
26 25.4070498407 645.37620176 330.216748399
27 18.6389548846 624.292480184 358.068564932
28 13.8189448177 602.210133803 384.970921379
29 10.3575674471 579.747951922 410.894480631
30 7.84883440292 557.318895991 435.832269606
31 6.01277881849 535.195107809 459.792113373
32 4.6556813537 513.552764451 482.791554196
33 3.64265140014 492.503001383 504.854347217
34 2.87902650156 472.11288655 526.008086949
35 2.29782525694 452.419567 546.282607743
36 1.85134005932 433.439752803 565.708907137
37 1.50521937541 415.176393945 584.31838668
38 1.23454595993 397.62309253 602.142361511
39 1.02111901917 380.767156953 619.211724028
40 0.851409442319 364.591891452 635.556699106
41 0.715403238371 349.077870503 651.206726258
42 0.605595166104 334.204047085 666.190357749
43 0.516295138052 319.948506434 680.535198428
44 0.443168065073 306.288953336 694.267878599
45 0.382888002304 293.203060684 707.414051313
46 0.332882470138 280.668722796 719.998394734
47 0.291153838336 268.664220883 732.044625278
48 0.256122030527 257.168362719 743.575515251
49 0.226538020355 246.160541983 754.612919996
50 0.201423570663 235.620768399 765.177808031
51 0.180000357931 225.529714604 775.290285038
52 0.161629922934 215.868747566 784.969622512
53 0.145807335841 206.619903247 794.234289418
54 0.132113581007 197.765905398 803.101981021
55 0.120212271219 189.290135415 811.589652314
56 0.109828594972 181.176633868 819.713537537
57 0.100731207853 173.410074228 827.489194565
58 0.0927365504303 165.975739651 834.931523799
59 0.0856795704008 158.859538344 842.054782085
60 0.0794199747311 152.047962338 848.872617688
61 0.0738503362745 145.528004011 855.398145653
62 0.0688862197479 139.287273635 861.643840145
63 0.0644527926449 133.313879683 867.621667524
64 0.0604734588713 127.596364663 873.343161878
65 0.0568973392232 122.123850362 878.819252299
66 0.0536748067024 116.885860727 884.060464467
67 0.0507596161176 111.872340399 889.076899984
68 0.0481203402492 107.073757595 893.878122065
69 0.0457207721771 102.480841515 898.473437713
70 0.0435360076501 98.0848232628 902.87164073
71 0.0415443918605 93.8773119336 907.081143675
72 0.0397249152727 89.8502227031 911.110052382
73 0.0380588197296 85.9958184767 914.966122704
74 0.0365287845021 82.3066892131 918.656782002
75 0.0351229007047 78.7757760612 922.189101038
76 0.0338284336511 75.3962920695 925.569879497
77 0.0326327853479 72.1617236901 928.805643525
78 0.0315280411361 69.0658821139 931.902589845
79 0.0305057950097 66.1028228846 934.86667132
80 0.0295582822595 63.2668519172 937.703589801
81 0.0286791122247 60.5525262258 940.418794662
82 0.0278621762841 57.954629099 943.017508725
83 0.0271019953495 55.4681671984 945.504730806
84 0.0263939123522 53.0883660788 947.885240009
85 0.0257335400451 50.8106506757 950.163615784
86 0.025116927136 48.6306420532 952.34424102
87 0.0245406480883 46.5441536754 954.431305677
88 0.0240014699768 44.5471730132 956.428825517
89 0.0234965186775 42.635862149 958.340641332
90 0.0230232098639 40.8065486202 960.17042817
91 0.0225791404592 39.0557142197 961.92170664
92 0.0221621104566 37.3799902617 963.597847628
93 0.0217701084571 35.7761548005 965.202075091
94 0.0214013378928 34.2411249276 966.737473735
95 0.0210542472978 32.7719524085 968.206993344
96 0.0207274408837 31.3658160594 969.6134565
97 0.0204193835134 30.0200072269 970.95957339
98 0.0201288067899 28.7319380748 972.247933118
99 0.0198545964143 27.4991333165 973.481012087
100 0.0195956835673 26.3192223513 974.661181965
