Time S I R
1 1000 1 0
2 999.66627891 1.27707659169 0.056644497931
3 999.240280453 1.63074027716 0.128979269787
4 998.696609918 2.08205044757 0.221339633966
5 998.002969222 2.65778036744 0.33925041028
6 997.118330078 3.39192229595 0.489747626445
7 995.990634227 4.32757774028 0.681788032725
8 994.553987059 5.51925657413 0.92675636638
9 992.725169034 7.03572286262 1.23910810367
10 990.399466994 8.9633763787 1.63715662778
11 987.445598785 11.4103343081 2.14406690688
12 983.699911181 14.5110430215 2.78904579744
13 978.959817864 18.4313985764 3.60878355936
14 972.9767415 23.3740936776 4.64916482239
15 965.449209185 29.5835574394 5.96723337584
16 956.017095568 37.3495283515 7.63337608077
17 944.258683008 47.0076954446 9.73362154753
18 929.693037705 58.9351121249 12.3718501701
19 911.791062895 73.5373542806 15.6715828244
20 889.999288632 91.2238636307 19.7768477371
21 863.780453997 112.368099199 24.8514468041
22 832.673471898 137.25072099 31.0758071114
23 796.371622893 165.987779407 38.6405977
24 754.811528458 198.451938134 47.7365334082
25 708.256634575 234.202991827 58.5403735984
26 657.352684791 272.44916112 71.1981540896
27 603.130927597 312.061391978 85.8076804247
28 546.942842928 351.653729044 102.403428028
29 490.329274115 389.723758823 120.946967062
30 434.848502803 424.826057054 141.325440143
31 381.903303567 455.738020933 163.3586755
32 332.606412672 481.580008245 186.813579083
33 287.709008607 501.868090588 211.422900805
34 247.59562381 516.499472203 236.904903987
35 212.330320049 525.68870955 262.980970401
36 181.731761015 529.87890624 289.389332745
37 155.454337601 529.651496971 315.894165428
38 133.061555532 525.647931225 342.290513243
39 114.083250021 518.511019738 368.405730241
40 98.0555838293 508.845922617 394.098493554
41 84.5458018898 497.197881695 419.256316416
42 73.1650187558 484.042744021 443.792237223
43 63.5729730726 469.785718888 467.64130804
44 55.4776253305 454.765201645 490.757173024
45 48.6316163527 439.259528748 513.108854899
46 42.8274316708 423.494626294 534.677942035
47 37.8921386712 407.651681775 555.456179553
48 33.6821987486 391.874402348 575.443398903
49 30.0787748175 376.275410891 594.645814291
50 26.9836005604 360.941793292 613.074606147
51 24.3153467855 345.939863693 630.744789522
52 22.0067846189 331.318972847 647.674242534
53 20.0021646234 317.11487507 663.882960307
54 18.2552124164 303.35233853 679.392449053
55 16.7274035691 290.047383384 694.225213047
56 15.3865987375 277.209020981 708.404380281
57 14.2059263579 264.840681748 721.953391894
58 13.1628200324 252.941442427 734.895737541
59 12.238297051 241.5069284 747.254774549
60 11.4163396346 230.530086096 759.053574269
61 10.6833736856 220.001827991 770.314798324
62 10.0278749537 209.911509863 781.060615183
63 9.44002555482 200.247343017 791.312631428
64 8.91142838037 190.996730551 801.091841069
65 8.43487696257 182.146531652 810.418591386
66 8.00419473195 173.683235142 819.312570126
67 7.61405096976 165.593165514 827.792783516
68 7.25981857468 157.862634607 835.877546818
69 6.93749798681 150.478005467 843.584496546
70 6.6435961713 143.425816551 850.930587278
71 6.37508037177 136.69280924 857.932110388
72 6.12928309197 130.266019559 864.604697349
73 5.90387769009 124.132778756 870.963343554
74 5.6968069524 118.280778352 877.022414696
75 5.50626675375 112.698060434 882.795672812
76 5.33065501701 107.373054972 888.296290011
77 5.16855922096 102.294569223 893.536871556
78 5.01871969077 97.4518095159 898.529470793
79 4.88001894115 92.834368759 903.2856123
80 4.75145464086 88.4322368229 907.816308536
81 4.63213962762 84.2357767176 912.132083655
82 4.52128031756 80.2357297965 916.242989886
83 4.41815266537 76.423225154 920.158622181
84 4.32211580129 72.7897405436 923.888143655
85 4.23258854099 69.3271121001 927.440299359
86 4.14904448159 66.0275212068 930.823434312
87 4.07101278372 62.8834750123 934.045512204
88 3.9980621769 59.8878085244 937.114129299
89 3.92980263738 57.0336655511 940.036531812
90 3.86588162668 54.3144871486 942.819631225
91 3.80597499211 51.7240075369 945.470017471
92 3.74978917745 49.2562365343 947.993974288
93 3.6970561677 46.9054511152 950.397492717
94 3.64752932406 44.6661863184 952.686284358
95 3.60098416463 42.5332219479 954.865793887
96 3.55721454102 40.5015752602 956.941210199
97 3.51603014986 38.5664900798 958.91747977
98 3.47725707438 36.7234269776 960.799315948
99 3.44073339649 34.9680557489 962.591210855
100 3.40631106015 33.2962442168 964.297444723
