Time S I R
1 1000 1 0
2 999.671089206 1.27653585269 0.0523749409884
3 999.251405956 1.62936475627 0.119229287937
4 998.716015117 2.079428585 0.204556297542
5 998.033213896 2.65334311334 0.31344299093
6 997.162742774 3.38489166261 0.452365563062
7 996.053532641 4.31690189915 0.629565459813
8 994.640955421 5.5035294487 0.85551512982
9 992.843403881 7.01308773635 1.14350838248
10 990.558201118 8.93141524823 1.5103836339
11 987.656613605 11.3659490323 1.97743736229
12 983.97813526 14.4503449161 2.57151982377
13 979.324001851 18.3496345164 3.32636363298
14 973.450173768 23.2656617657 4.28416446665
15 966.060396345 29.4422009458 5.49740270931
16 956.800276523 37.1688447465 7.0308787301
17 945.253962506 46.7821641249 8.96387336947
18 930.945824219 58.6619191699 11.3922566115
19 913.350391897 73.2193569926 14.4302511105
20 891.914543993 90.8740517169 18.21140429
21 866.096042577 112.015801504 22.888155919
22 835.421261208 136.949485589 28.629253203
23 799.561517707 165.824243449 35.6142388436
24 758.42143059 198.554142484 44.0244269259
25 712.224195212 234.745527279 54.0302775088
26 661.571635082 273.652367178 65.7759977401
27 607.454993834 314.181884496 79.3631216699
28 551.198140892 354.965959177 94.8358999309
29 494.333807291 394.494776982 112.171415728
30 438.434464522 431.288586483 131.276948996
31 384.936707867 464.067903091 151.995389042
32 334.99971317 491.882589881 174.117696949
33 289.424662951 514.175457925 197.399879124
34 248.641517355 530.777200145 221.5812825
35 212.749916809 541.848738726 246.401344465
36 181.592212492 547.79482841 271.612959098
37 154.835151483 549.173264988 296.991583528
38 132.045397109 546.614176911 322.34042598
39 112.749447961 540.758273137 347.492278902
40 96.4761413965 532.214898088 372.308960516
41 82.7834087709 521.53734556 396.679245669
42 71.2726123725 509.21143166 420.515955968
43 61.593998717 495.653269867 443.752731416
44 53.4469889967 481.212085509 466.340925494
45 46.5767959238 466.176597999 488.246606078
46 40.7696643735 450.782408781 509.447926846
47 35.8474907606 435.219647379 529.93286186
48 31.6625450154 419.640192558 549.697262427
49 28.0926383735 404.164119393 568.743242234
50 25.036872307 388.885292157 587.077835536
51 22.4118660007 373.876209165 604.711924835
52 20.1487884572 359.191902363 621.65930918
53 18.1906933348 344.873300191 637.936006475
54 16.4903964642 330.949951014 653.559652522
55 15.0086949915 317.442283233 668.549021776
56 13.7129737426 304.363361897 682.923664361
57 12.5760054732 291.72040086 696.703593667
58 11.574992715 279.515965465 709.90904182
59 10.69081145 267.748914363 722.560274187
60 9.90734904006 256.415219597 734.677431363
61 9.21099889354 245.508587566 746.28041354
62 8.59024076718 235.020969586 757.388789647
63 8.03527646238 224.943001675 768.021721863
64 7.53775743748 215.264326255 778.197916307
65 7.09054253379 205.973875461 787.935582005
66 6.68749924185 197.060098815 797.252401943
67 6.32339464042 188.511076164 806.165529196
68 5.99366275316 180.314791154 814.691546092
69 5.6943886763 172.459124641 822.846486682
70 5.42215075965 164.932030684 830.645818557
71 5.17399159846 157.721548464 838.104459937
72 4.94731872718 150.815904684 845.236776589
73 4.73987197808 144.203530378 852.056597644
74 4.54966609976 137.873112413 858.577221487
75 4.37495632112 131.813614783 864.811428896
76 4.21420619422 126.014296016 870.77149779
77 4.06605656677 120.464726824 876.469216609
78 3.92930688363 115.154793561 881.915899555
79 3.8028882891 110.074712319 887.122399392
80 3.68585178207 105.2150236 892.099124618
81 3.57734734927 100.566599824 896.856052827
82 3.47662663287 96.1206232654 901.402750102
83 3.38301499418 91.8686040559 905.74838095
84 3.29589984906 87.8023778664 909.901722285
85 3.21474047135 83.9140764593 913.871183069
86 3.13904488057 80.196140826 917.664814293
87 3.06836854367 76.6413074395 921.290324017
88 3.00231489429 73.242592797 924.755092309
89 2.94052011968 69.9932980242 928.066181856
90 2.88265545046 66.8869923477 931.230352202
91 2.82842468421 63.9175030608 934.254072255
92 2.77755511785 61.0789144486 937.143530434
93 2.72979983279 58.3655528036 939.904647364
94 2.68493437817 55.7719787848 942.543086837
95 2.64275162409 53.2929817421 945.064266634
96 2.60306338377 50.9235679639 947.473368652
97 2.56569726182 48.6589539097 949.775348829
98 2.53049403539 46.4945595753 951.974946389
99 2.49730825658 44.4259983392 954.076693404
100 2.46600488918 42.449071594 956.084923517
