Time S I R
1 1000 1 0
2 999.377547367 1.57119447782 0.0512581549402
3 998.400526871 2.46769419813 0.131778931009
4 996.868431273 3.87336391781 0.258204809551
5 994.469486925 6.07396065297 0.456552422528
6 990.722025675 9.51061760417 0.767356720519
7 984.889362703 14.8571884978 1.25344879944
8 975.862637932 23.1259246144 2.01143745383
9 962.014758416 35.797237273 3.18800431141
10 941.053955185 54.9445162224 5.00152859216
11 909.961971589 83.2706321915 7.76739621932
12 865.196806516 123.882945212 11.9202482722
13 803.431093976 179.551376297 18.0175297264
14 723.017451607 251.283427606 26.6991207874
15 625.85256269 336.567588307 38.5798490028
16 518.422525198 428.49418269 54.0832921116
17 410.580297377 517.137044921 73.2826577022
18 312.157976819 592.997698326 95.8443248548
19 229.643035405 650.240881694 121.116082902
20 165.05318044 687.642994008 148.303825552
21 116.988287797 707.372873648 176.638838556
22 82.4152694197 713.107857195 205.476873385
23 58.0501023346 708.621661932 234.328235733
24 41.054610899 697.099800566 262.845588535
25 29.2357161839 680.968916531 290.795367285
26 21.0014002702 661.970511513 318.028088217
27 15.2349607769 641.311539233 344.45349999
28 11.1675073085 619.810536229 370.021956462
29 8.27393458114 598.01488444 394.711180979
30 6.19625041116 576.286681787 418.517067802
31 4.68990586889 554.862603408 441.447490723
32 3.58702062337 533.894880149 463.518099228
33 2.77164527925 513.478861794 484.749492927
34 2.16290464142 493.671799978 505.16529538
35 1.70414506094 474.504945096 524.790909843
36 1.35520828605 455.992168645 543.652623069
37 1.08741173093 438.135559358 561.777028911
38 0.880117702837 420.929244081 579.190638216
39 0.718319848305 404.362074235 595.919605916
40 0.59095384995 388.41949405 611.9895521
41 0.489913617266 373.084617874 627.425468509
42 0.409173879743 358.339192311 642.251633809
43 0.344186910768 344.164249259 656.49156383
44 0.291506779422 330.54049671 670.167996511
45 0.248518754535 317.448591897 683.302889348
46 0.213218144956 304.869363777 695.917418078
47 0.184051843138 292.783961437 708.03198672
48 0.159779561015 281.173980278 719.666240161
49 0.139490418846 270.021419911 730.83908967
50 0.122433944891 259.308836297 741.568729758
51 0.10802847614 249.019321771 751.872649753
52 0.0957673805808 239.136401432 761.767831187
53 0.0853444572859 229.644685525 771.269970018
54 0.0763893561278 220.528547349 780.395063295
55 0.0686779127657 211.773440691 789.157881396
56 0.0620071383981 203.365211856 797.572781006
57 0.0562116882834 195.290226572 805.65356174
58 0.0511564926023 187.535368982 813.413474526
59 0.0467288106018 180.088014142 820.865257047
60 0.0428335903123 172.936025353 828.021141056
61 0.0393996979476 166.067759605 834.892840697
62 0.0363594835319 159.471970356 841.49167016
63 0.0336593023192 153.137911003 847.828429694
64 0.0312611532675 147.055325812 853.913413035
65 0.0291184998392 141.214172836 859.756708664
66 0.0271997927659 135.604908238 865.367891969
67 0.0254759944102 130.218331451 870.756192555
68 0.0239230448598 125.045616921 875.930460034
69 0.0225217527 120.078305622 880.899172625
70 0.0212527169813 115.308224719 885.670522564
71 0.020101919275 110.727578685 890.252319395
72 0.0190557112238 106.328835034 894.652109254
73 0.0181026490316 102.104775565 898.877121786
74 0.01723276558 98.0484856398 902.934281595
75 0.0164368617677 94.1533226494 906.830240489
76 0.0157091811914 90.412901896 910.571388923
77 0.0150424440975 86.8210709435 914.163886612
78 0.0144279942701 83.3718916876 917.613680318
79 0.0138583165592 80.0596662386 920.926475445
80 0.0133313463047 76.8789930979 924.107675556
81 0.0128444222368 73.8246691564 927.162486421
82 0.0123949336937 70.8916930055 930.095912061
83 0.0119786298477 68.0752338577 932.912787512
84 0.0115919616242 65.3706560724 935.617751966
85 0.0112319258924 62.773511055 938.215257019
86 0.0108966733012 60.2795394702 940.709563857
87 0.0105841561699 57.8846426892 943.104773155
88 0.010292520147 55.5848857736 945.404821706
89 0.0100200437556 53.3764915016 947.613488455
90 0.0097651924558 51.2558303224 949.734404485
91 0.00952658398876 49.2194177524 951.771055664
92 0.00930296510307 47.2639083388 953.726788696
93 0.00909316244099 45.3860868638 955.604819974
94 0.0088961273517 43.5828669655 957.408236907
95 0.00871094598051 41.8512871216 959.140001932
96 0.00853674936684 40.1885002159 960.802963035
97 0.00837275484503 38.5917741698 962.399853075
98 0.00821824716058 37.0584856511 963.933296102
99 0.00807256195412 35.5861136932 965.405813745
100 0.00793508820129 34.1722366752 966.819828237
