Time S I R
1 1000 1 0
2 999.36184402 1.60617403072 0.0319819495295
3 998.337916108 2.57874387022 0.0833400213013
4 996.696715788 4.13751505489 0.165769157237
5 994.070458723 6.63158573109 0.297955545905
6 989.879051711 10.6113031176 0.509645171549
7 983.21788918 16.934188097 0.847922722936
8 972.702421733 26.9109496287 1.38662863849
9 956.276793642 42.4833297031 2.23987665492
10 931.037504085 66.3825438133 3.57995210126
11 893.217718977 102.124710465 5.6575705581
12 838.626120127 153.556725981 8.81715389201
13 763.925626354 223.583170696 13.4912029501
14 668.834744348 312.014074531 20.1511811211
15 558.288788273 413.508895607 29.2023161204
16 442.483092953 517.667554012 40.8493530345
17 333.561400397 612.432129027 55.0064705759
18 240.877434112 688.806552406 71.3160134824
19 168.350696901 743.385539823 89.2637632755
20 115.098578332 777.586614267 108.314807401
21 77.6926169933 795.301745278 128.005637729
22 52.1484787053 800.872624498 147.978896797
23 34.983946881 798.036571421 167.979481698
24 23.537241285 789.628234402 187.834524313
25 15.9177161239 777.650963848 207.431320028
26 10.8357811269 763.465429735 226.698789138
27 7.43138488146 747.974820485 245.593794634
28 5.137205372 731.771150615 264.091644013
29 3.58044704198 715.239886349 282.179666609
30 2.51617371323 698.630807385 299.853018902
31 1.78292548153 682.105155449 317.11191907
32 1.2737767265 665.766378686 333.959844587
33 0.917410635567 649.680238859 350.402350505
34 0.666026965694 633.887665766 366.446307268
35 0.487299408171 618.413312645 382.099387947
36 0.359283420285 603.270975362 397.369741218
37 0.266887379016 588.467350926 412.265761695
38 0.199647620065 574.004407002 426.795945378
39 0.150434659214 559.880760541 440.968804799
40 0.114162470317 546.093054357 454.792783172
41 0.0872219633868 532.636558815 468.276219222
42 0.0670646227261 519.505611851 481.427323527
43 0.0519029167815 506.693937398 494.254159685
44 0.0404406363554 494.194930721 506.764628643
45 0.0317157160839 482.001823387 518.966460897
46 0.0250153699312 470.107767973 530.867216657
47 0.0198388933883 458.50587469 542.474286417
48 0.015828112426 447.189280775 553.794891113
49 0.0127006338645 436.151228975 564.836070391
50 0.0102539722491 425.385079681 575.604666347
51 0.00832375728555 414.884225339 586.107450903
52 0.00679707314703 404.642272153 596.350930774
53 0.0055723855512 394.652881865 606.34154575
54 0.00458470975695 384.909902424 616.085512867
55 0.00379774103442 375.407384563 625.588817696
56 0.00314686719253 366.139139889 634.857713244
57 0.00262611389485 357.099701821 643.897672065
58 0.00219763471091 348.283304348 652.714498017
59 0.0018395370887 339.684486712 661.313673751
60 0.00154000014595 331.297885201 669.700574799
61 0.00129879479596 323.118319934 677.880381271
62 0.00109963595719 315.140641323 685.858259041
63 0.00093225399587 307.359852717 693.639215029
64 0.000799198520212 299.771148215 701.228052586
65 0.000704483945356 292.369848937 708.629446579
66 0.000630516421325 285.151271642 715.848097842
67 0.000568502454144 278.110901882 722.888529615
68 0.000512316285267 271.244359085 729.755128599
69 0.000458247322058 264.547360509 736.452181244
70 0.000407114160225 258.01569805 742.983894836
71 0.000359073695563 251.645295202 749.354345725
72 0.000316590366083 245.432196965 755.567486445
73 0.000276673542658 239.37247808 761.627245247
74 0.00024159467705 233.46236795 767.537390455
75 0.000212286587839 227.698173698 773.301614015
76 0.00019024258313 222.076303195 778.923506563
77 0.000173914533093 216.593231415 784.406594671
78 0.000162048336165 211.245530595 789.754307357
79 0.000153018044557 206.029863591 794.969983391
80 0.000143959778825 200.942975397 800.056880643
81 0.000132675138047 195.981690587 805.018176738
82 0.0001223542464 191.142912222 809.856965424
83 0.00011294227852 186.42361381 814.576273247
84 0.000103939682049 181.820837214 819.179058846
85 9.46045474848e-05 177.33168921 823.668216185
86 8.50209801229e-05 172.95336464 828.046550339
87 7.60054257398e-05 168.683142245 832.316781749
88 6.78147306417e-05 164.518352324 836.481579861
89 6.07897658256e-05 160.456389902 840.543549308
90 5.53161610242e-05 156.494713115 844.505231569
91 5.11498442393e-05 152.630848723 848.369100127
92 4.79840758771e-05 148.862383697 852.137568319
93 4.54981295661e-05 145.186962623 855.812991879
94 4.31810447026e-05 141.602287624 859.397669195
95 4.05304253945e-05 138.106117443 862.893842026
96 3.7944163978e-05 134.696268924 866.303693132
97 3.54473565949e-05 131.370610999 869.629353554
98 3.30381192271e-05 128.127064281 872.872902681
99 3.07781394895e-05 124.963599769 876.036369453
100 2.86901105255e-05 121.878239864 879.121731446
