Time S I R
1 1000 1 0
2 999.671386435 1.27647141803 0.0521421470478
3 999.252103425 1.62920058658 0.118695988698
4 998.717249748 2.07911505216 0.203635199662
5 998.035167162 2.65281122278 0.312021615602
6 997.165654486 3.38404644499 0.4502990691
7 996.057718671 4.31561386694 0.626667461989
8 994.646830345 5.50162364728 0.851546008118
9 992.851509607 7.01032997631 1.13816041658
10 990.569242559 8.92749519496 1.5032622465
11 987.671502681 11.3604598801 1.96803743925
12 983.998043442 14.4427603274 2.55919623032
13 979.35042131 18.3392839564 3.31029473311
14 973.484985199 23.2517072702 4.26330753037
15 966.105938476 29.4236211654 5.47044035896
16 956.859408162 37.144435847 6.99615599064
17 945.330101234 46.7505728835 8.91932588261
18 931.042937238 58.6217305472 11.3353322152
19 913.472905023 73.1692655195 14.3578294577
20 892.067126821 90.8131505396 18.1197226395
21 866.283227232 111.944019315 22.772753453
22 835.646867087 136.868182357 28.4849505563
23 799.827894311 165.736933117 35.4351725719
24 758.728596585 198.467245083 43.8041583325
25 712.569052877 234.668957971 53.7619891516
26 661.94747323 273.599749766 65.4527770037
27 607.851554651 314.170132293 78.9783130557
28 551.60236285 355.014150503 94.3834866471
29 494.73120583 394.622416322 111.646377848
30 438.810859687 431.513594907 130.675545407
31 385.279880567 464.404794006 151.315325427
32 335.300611468 492.341221422 173.358167111
33 289.677949281 514.760559793 196.561490926
34 248.845455148 531.488645618 220.665899234
35 212.905785001 542.682337266 245.411877733
36 181.703480381 548.743373811 270.553145808
37 154.90663979 550.227588025 295.865772185
38 132.082541078 547.764073551 321.153385371
39 112.757749217 541.993213673 346.24903711
40 96.4608004289 533.524525748 371.014673823
41 82.7491120621 522.911792839 395.339095099
42 71.2234451134 510.641485724 419.135069163
43 61.5334204995 497.130458453 442.336121047
44 53.3778713276 482.728682334 464.893446338
45 46.5014838405 467.725592136 486.772924023
46 40.6900458631 452.357456853 507.952497284
47 35.7650646666 436.815019918 528.419915415
48 31.5784877746 421.250714789 548.170797437
49 28.0078620329 405.785116802 567.207021165
50 24.9520751 390.512539725 585.535385175
51 22.3275759204 375.505885496 603.166538583
52 20.0653948838 360.820553004 620.114052113
53 18.1084790242 346.497798956 636.39372202
54 16.4095587128 332.567472533 652.022968754
55 14.9293650312 319.050274611 667.020360358
56 13.6352325222 305.959518395 681.405249083
57 12.4998931524 293.302648183 695.197458665
58 11.5005202531 281.082438232 708.417041515
59 10.6179675738 269.297940267 721.084092159
60 9.83610486984 257.945305984 733.218589146
61 9.14131399147 247.018405987 744.840280022
62 8.52206600941 236.509344358 755.968589633
63 7.96855662876 226.408898775 766.622544596
64 7.47243394964 216.70684215 776.8207239
65 7.02655498717 207.392227603 786.58121741
66 6.62478559633 198.453618061 795.921596343
67 6.26189318488 189.879197193 804.858909622
68 5.93331344413 181.657043779 813.409642777
69 5.635131927 173.77512886 821.589739213
70 5.36392963924 166.221487538 829.414582822
71 5.11675016531 158.984236181 836.899013653
72 4.89100418253 152.051670175 844.057325643
73 4.68443289292 145.412286093 850.903281014
74 4.49505413619 139.054828853 857.450117011
75 4.32112477728 132.968317538 863.710557685
76 4.16111120052 127.142059661 869.696829138
77 4.01365599591 121.565671917 875.420672088
78 3.87756120713 116.229081402 880.893357391
79 3.75175975441 111.122542172 886.125698074
80 3.63530503772 106.236628251 891.128066711
81 3.52734865368 101.562243183 895.910408164
82 3.42714351366 97.0905976128 900.482258874
83 3.33401801046 92.8132247579 904.852757232
84 3.24736050366 88.7219832571 909.030656239
85 3.16663164731 84.8090246627 913.02434369
86 3.09134161639 81.0668063513 916.841852032
87 3.02104683225 77.4880804025 920.490872765
88 2.95535201492 74.065876394 923.978771591
89 2.89389501966 70.7935060926 927.312598888
90 2.83634795852 67.6645485109 930.499103531
91 2.7824158063 64.6728386515 933.544745542
92 2.73182709794 61.8124668458 936.455706056
93 2.68433573063 59.0777644954 939.237899774
94 2.63971829898 56.463295791 941.89698591
95 2.59776861326 53.9638524976 944.438378889
96 2.55829921507 51.5744423945 946.86725839
97 2.52113862465 49.290282182 949.188579193
98 2.48612835801 47.1067913636 951.407080278
99 2.45312360402 45.0195820017 953.527294394
100 2.42199024508 43.0244531681 955.553556587
