Time S I R
1 1000 1 0
2 999.670527029 1.27718897337 0.0522839979297
3 999.249911698 1.63103190028 0.119056401975
4 998.71305826 2.08261936569 0.204322374588
5 998.028043633 2.65876966706 0.31318669994
6 997.154308227 3.39354027593 0.452151497515
7 996.040377388 4.33012730991 0.629495302147
8 994.621078452 5.52317860917 0.855742938888
9 992.814078421 7.04166036085 1.14426121815
10 990.5157419 8.97226908318 1.51198901721
11 987.596078927 11.4235610884 1.9803599847
12 983.892957789 14.5306331612 2.57640904978
13 979.205537713 18.4603473422 3.33411494511
14 973.287170234 23.4168323923 4.29599737406
15 965.838395381 29.646647688 5.5149569307
16 956.500993166 37.4426769924 7.05632984183
17 944.854719509 47.1452143077 9.00006618289
18 930.419181848 59.1379680855 11.4428500669
19 912.664182903 73.8359554366 14.4998616604
20 891.032599202 91.6616759552 18.3057248432
21 864.97993887 113.006045547 23.014015583
22 834.033390181 138.172038325 28.7945714943
23 797.869592864 167.302585578 35.827821558
24 756.40419484 200.300248467 44.2955566927
25 709.877387572 236.754534464 54.3680779638
26 658.913103619 275.898292006 66.1886043747
27 604.526953997 316.616296568 79.8567494354
28 548.065560961 357.520478623 95.4139604157
29 491.078421905 397.08770679 112.833871305
30 435.145583632 433.834367184 132.020049184
31 381.701014345 466.487130399 152.811855256
32 331.892366898 494.110321279 174.997311823
33 286.503489995 516.166156203 198.330353803
34 245.944873154 532.505901207 222.54922564
35 210.2976549 543.309168331 247.393176769
36 179.38871045 548.995622414 272.615667135
37 152.873182791 550.133557072 297.993260137
38 130.310019833 547.359378693 323.330601474
39 111.22129472 541.316637384 348.462067896
40 95.1339517465 532.614974906 373.251073348
41 81.6058100886 521.80628246 397.587907451
42 70.239204762 509.374033658 421.38676158
43 60.6860434837 495.731463369 444.582493147
44 52.6476750601 481.224828604 467.127496335
45 45.871300805 466.139984573 488.988714622
46 40.1450628452 450.709911874 510.14502528
47 35.2926239818 435.122382099 530.584993919
48 31.1678295932 419.527226498 550.304943909
49 27.6498754696 404.042762978 569.307361553
50 24.6390598362 388.761371248 587.599568916
51 22.0530249882 373.754308035 605.192666977
52 19.8238256341 359.075560094 622.100614272
53 17.8952548584 344.765207596 638.339537546
54 16.2207623943 330.852090796 653.92714681
55 14.7616793247 317.356064835 668.88225584
56 13.4858381678 304.289733264 683.224428568
57 12.3663997093 291.659925399 696.973674892
58 11.3808875455 279.468908247 710.150204208
59 10.5104503095 267.71530237 722.774247321
60 9.73921273055 256.394885038 734.865902232
61 9.05376473412 245.501217802 746.445017464
62 8.44275515931 235.02613939 757.53110545
63 7.89653257087 224.96019867 768.143268759
64 7.40687141011 215.292977985 778.300150605
65 6.96673590101 206.01336843 788.019895669
66 6.57008980635 197.10978651 797.320123684
67 6.21177800366 188.57029928 806.217922716
68 5.88730171411 180.382887514 814.729810772
69 5.59280818307 172.535431988 822.871759829
70 5.32492536851 165.015899086 830.659175546
71 5.08074412874 157.812338566 838.106917305
72 4.85770901903 150.912998595 845.229292386
73 4.65359729824 144.306327769 852.040074932
74 4.46645221558 137.981039015 858.552508769
75 4.29455788413 131.92611853 864.779323586
76 4.13640025103 126.130852185 870.732747564
77 3.99064267637 120.584835037 876.424522287
78 3.85610226321 115.277981279 881.865916458
79 3.73172777845 110.200532059 887.067740162
80 3.61658386603 105.343055438 892.040360696
81 3.50983499069 100.696447836 896.793717173
82 3.41074590868 96.2519148973 901.337339194
83 3.31864978124 92.000994709 905.68035551
84 3.2329452968 87.9355442264 909.831510477
85 3.15310073615 84.0477173436 913.79918192
86 3.07863061158 80.3299783645 917.591391024
87 3.00909844317 76.7750832797 921.215818277
88 2.9441140594 73.3760683999 924.679817541
89 2.88331876169 70.1262545745 927.990426664
90 2.82638967281 67.0192282026 931.154382125
91 2.77303520405 64.0488338592 934.178130937
92 2.72298681288 61.2091722743 937.067840913
93 2.67600191571 58.494584629 939.829413455
94 2.63185945628 55.8996462259 942.468494318
95 2.5903556715 53.4191599587 944.99048437
96 2.55130543441 51.0481446334 947.400549932
97 2.51453948232 48.7818291736 949.703631344
98 2.47990071102 46.6156445251 951.904454764
99 2.44724629921 44.5452146516 954.007539049
100 2.41644302382 42.5663511402 956.017205836
