Time S I R
1 1000 1 0
2 999.691323633 1.25792495875 0.0507514085469
3 999.303186858 1.58222349885 0.114589643442
4 998.815229926 1.98988922796 0.194880845808
5 998.201931932 2.50221602789 0.295852039825
6 997.431343301 3.14584973671 0.422806962525
7 996.463495418 3.95410506924 0.58239951324
8 995.248494439 4.96853978865 0.782965772297
9 993.724165779 6.24089325699 1.03494096366
10 991.813237752 7.83539354471 1.35136870355
11 989.420003735 9.83147478519 1.7485214798
12 986.426353513 12.326979447 2.24666703967
13 982.687339224 15.4416912 2.87096957586
14 978.026243791 19.3211893645 3.65256684409
15 972.22938503 24.1407863447 4.62982862538
16 965.041156337 30.1090648084 5.84977885431
17 956.159974627 37.4703656631 7.36965971022
18 945.236277295 46.5051571424 9.25856556292
19 931.874207631 57.5267752129 11.5990171562
20 915.639148868 70.8725799866 14.4882711457
21 896.073711585 86.8872268888 18.0390615258
22 872.724849082 105.895786601 22.3793643176
23 845.184083377 128.16522765 27.6506889731
24 813.140917377 153.854711157 34.0043714652
25 776.44607191 182.958494174 41.5954339165
26 735.176809955 215.249354153 50.5738358926
27 689.689190836 250.237358345 61.0734508195
28 640.645294794 287.154950302 73.1997549036
29 588.996523808 324.985729241 87.0177469511
30 535.919581106 362.538192608 102.542226285
31 482.710062557 398.557643755 119.732293688
32 430.65343479 431.8551628 138.49140241
33 380.900179731 461.42671591 158.673104359
34 334.369959782 486.53855469 180.091485529
35 291.700060603 506.765520045 202.534419352
36 253.239773903 521.982756493 225.777469604
37 219.081301772 532.3221364 249.596561827
38 189.112803465 538.108981766 273.778214769
39 163.078180177 539.795102704 298.126717119
40 140.633499762 537.898050935 322.468449303
41 121.393430431 532.952854481 346.653715088
42 104.965699685 525.477606122 370.556694193
43 90.9741808893 515.951669154 394.074149957
44 79.0726852983 504.803917586 417.123397116
45 68.9512517901 492.408912036 439.639836174
46 60.3384947428 479.086915097 461.57459016
47 53.0002032576 465.107711613 482.892085129
48 46.7364622772 450.695662713 503.56787501
49 41.3779945472 436.035288769 523.586716683
50 36.7822962706 421.276790169 542.94091356
51 32.829806595 406.541323883 561.628869522
52 29.4204393123 391.925669 579.653891687
53 26.4705291856 377.50629253 597.023178284
54 23.9100756771 363.342916685 613.747007638
55 21.6805782875 349.481408896 629.838012816
56 19.733058026 335.956291912 645.310650062
57 18.026436088 322.792856559 660.180707353
58 16.5261944425 310.008866114 674.464939443
59 15.2032929588 297.615943014 688.180764027
60 14.0332046622 285.620793731 701.346001607
61 12.9952035085 274.026106423 713.978690068
62 12.0717022374 262.831389311 726.096908452
63 11.2477439066 252.033602237 737.718653857
64 10.5105887403 241.627668648 748.861742612
65 9.84933193307 231.606947555 759.543720512
66 9.25463335387 221.963559671 769.781806975
67 8.71846307927 212.688693766 779.592843155
68 8.23389611169 203.772848974 788.993254915
69 7.79494656644 195.206026342 797.999027091
70 7.39642245109 186.977893828 806.62568372
71 7.0338475659 179.077864645 814.88828779
72 6.70327568108 171.495317075 822.801407244
73 6.40129227192 164.219569279 830.379138449
74 6.12488797137 157.240021051 837.635090978
75 5.87143297927 150.546165616 844.582401405
76 5.6386107654 144.127654583 851.233734652
77 5.42437481142 137.974333045 857.601292143
78 5.22692387696 132.076252073 863.69682405
79 5.04465270078 126.423714557 869.531632742
80 4.87614528316 121.007263725 875.116590992
81 4.72013397114 115.817717007 880.462149022
82 4.57549473462 110.846154839 885.578350427
83 4.44121906417 106.083940162 890.474840774
84 4.31640636917 101.522711089 895.160882542
85 4.20024554557 97.1543883202 899.645366134
86 4.09200899728 92.971167196 903.936823807
87 3.99105027488 88.9655055437 908.043444181
88 3.89677692906 85.1301442975 911.973078773
89 3.80865256445 81.4580906394 915.733256796
90 3.72619858631 77.9426020642 919.331199349
91 3.64897572892 74.5771966384 922.773827633
92 3.57658526387 71.3556389717 926.067775764
93 3.50866871498 68.2719284921 929.219402793
94 3.44489560683 65.3203030094 932.234801384
95 3.38496471242 62.4952259851 935.119809302
96 3.32860329364 59.7913767364 937.88001997
97 3.27555938374 57.2036498674 940.520790749
98 3.22560246894 54.7271445151 943.047253016
99 3.17852249738 52.3571560904 945.464321412
100 3.13412489283 50.0891724067 947.7767027
