Time S I R
1 1000 1 0
2 999.664972348 1.27835257815 0.0566750735723
3 999.236879562 1.63399924925 0.129121188319
4 998.689992594 2.08829140226 0.221716003926
5 997.991556068 2.66840010508 0.340043826992
6 997.099920263 3.40885624298 0.491223494369
7 995.962188856 4.35348525097 0.684325892939
8 994.511344089 5.55776391903 0.930891991881
9 992.662672532 7.09173800109 1.24558946677
10 990.309491816 9.04349069226 1.64701749165
11 987.317944303 11.5233318936 2.15872380319
12 983.521052157 14.6685253467 2.81042249595
13 978.711994229 18.648535422 3.63947034854
14 972.636891544 23.6704898641 4.6926185923
15 964.987786701 29.9841905966 6.02802270276
16 955.396859163 37.885667348 7.71747348951
17 943.433634873 47.7176272295 9.8487378974
18 928.60780818 59.8643968719 12.5277949479
19 910.381181393 74.7382012871 15.8806173195
20 888.192926836 92.7530989571 20.0539742073
21 861.502301115 114.283150152 25.2145487339
22 829.851295873 139.603174875 31.5455292516
23 792.945651121 168.814507207 39.2398416711
24 750.746010262 201.764527896 48.4894618418
25 703.551482143 237.977634257 59.4708836
26 652.052833984 276.619259904 72.3279061121
27 597.329503253 316.516592945 87.1539038025
28 540.776243847 356.246890959 103.976865195
29 483.963776786 394.285842877 122.750380337
30 428.46119398 429.185809197 143.352996823
31 375.661933012 459.741728583 165.596338404
32 326.652627348 485.106975505 189.240397147
33 282.148337909 504.838767212 214.012894879
34 242.494681852 518.876149157 239.629168991
35 207.719839116 527.47050275 265.809658134
36 177.613297248 531.093407592 292.29329516
37 151.808231124 530.345619161 318.846149716
38 129.854507404 525.879577181 345.265915415
39 111.274619778 518.342411175 371.382969047
40 95.6020995037 508.338799393 397.059101104
41 82.4047946867 496.410371109 422.184834204
42 71.2962996843 483.027729875 446.675970441
43 61.9399994313 468.589935878 470.470064691
44 54.047875328 453.429184373 493.522940299
45 47.3766048195 437.817900191 515.805494989
46 41.7224903836 421.976598585 537.300911031
47 36.9160570947 406.081671902 558.002271003
48 32.8168424013 390.272638213 577.910519386
49 29.3086978878 374.658513396 597.032788717
50 26.2956525473 359.323331771 615.381015682
51 23.6983596845 344.3308187 632.970821615
52 21.4512619332 329.728152928 649.820585139
53 19.500025461 315.549282049 665.95069249
54 17.7995634184 301.817477739 681.382958842
55 16.3123690056 288.547495037 696.140135958
56 15.0071471556 275.747316695 710.245536149
57 13.8577395864 263.419522105 723.722738309
58 12.8421923004 251.562473268 736.595334432
59 11.9420296055 240.17122192 748.886748475
60 11.1416671361 229.238239475 760.620093389
61 10.4279026394 218.754045248 771.818052113
62 9.78952200865 208.707683309 782.502794682
63 9.21697538572 199.087108346 792.695916269
64 8.70209429407 189.879517899 802.418387807
65 8.23786533919 181.07161122 811.690523441
66 7.81829243726 172.649732437 820.531975125
67 7.43817357063 164.600128171 828.961698259
68 7.09301995776 156.909017736 836.997962306
69 6.77893019953 149.562722182 844.658347619
70 6.49251484807 142.547728845 851.959756307
71 6.23081538552 135.850764227 858.918420388
72 5.99124231478 129.458841988 865.549915697
73 5.77152680434 123.359295912 871.869177283
74 5.56967035333 117.539816188 877.890513459
75 5.3839145079 111.988457978 883.627627514
76 5.21270182309 106.693663431 889.093634745
77 5.05465610284 101.644260675 894.301083222
78 4.9085518268 96.8294772919 899.261970881
79 4.77329973462 92.2389328033 903.987767462
80 4.64792484434 87.8626425798 908.489432576
81 4.53156669191 83.6909937573 912.777439551
82 4.42344662868 79.7147650386 916.861788333
83 4.32286263332 75.9251114467 920.75202592
84 4.22919140898 72.3135403727 924.457268218
85 4.14186421083 68.8719220364 927.986213753
86 4.06037039608 65.5924658493 931.347163755
87 3.9842510048 62.4677099452 934.54803905
88 3.91308482122 59.4905207721 937.596394407
89 3.8464931953 56.6540702031 940.499436602
90 3.78413168512 53.9518298011 943.264038514
91 3.72568463632 51.3775621989 945.896753165
92 3.67086655986 48.925304624 948.403828816
93 3.61941537615 46.5893621187 950.791222505
94 3.57109124034 44.3642957131 953.064613047
95 3.52567553656 42.244910902 955.229413561
96 3.48296665827 40.2262503171 957.290783025
97 3.44277966724 38.3035817251 959.253638608
98 3.40494458471 36.4723893863 961.122666029
99 3.36930348983 34.7283657591 962.902330751
100 3.3357126541 33.0673999787 964.596887367
