Time S I R
1 1000 1 0
2 999.666280162 1.27707536848 0.0566444697024
3 999.240283709 1.63073715453 0.128979136239
4 998.696616252 2.08204447069 0.221339277611
5 998.002980141 2.65777020209 0.339249656898
6 997.118347683 3.39190609453 0.489746222878
7 995.990661417 4.3275529656 0.681785617066
8 994.554027804 5.51921976838 0.926752427928
9 992.725228722 7.03566934828 1.23910192972
10 990.399552889 8.96329987703 1.63714723369
11 987.445720601 11.4102264553 2.1440529439
12 983.70008179 14.5108927754 2.78902543455
13 978.960054164 18.4311915038 3.60875433197
14 972.977065428 23.3738111294 4.64912344238
15 965.449648842 29.5831756588 5.96717549878
16 956.017686376 37.3490175961 7.63329602825
17 944.259468725 47.007019286 9.73351198913
18 929.694071032 58.9342271876 12.3717017801
19 911.792405253 73.536210803 15.671383944
20 890.001008556 91.2224073485 19.7765840956
21 863.782623526 112.366275096 24.8511013784
22 832.676160425 137.248479345 31.0753602299
23 796.374888323 165.98508417 38.6400275075
24 754.815406249 198.448776955 47.7358167957
25 708.261126607 234.199385754 58.5394876393
26 657.357750239 272.445171855 71.1970779056
27 603.13647962 312.057123104 85.8063972762
28 546.948752911 351.649319797 102.401927292
29 490.335384071 389.719370237 120.945245692
30 434.85464337 424.821853324 141.323503306
31 381.909313247 455.734150502 163.356536251
32 332.61215411 481.576588712 186.811257178
33 287.714378557 501.865200522 211.420420921
34 247.600556198 516.497150084 236.902293717
35 212.334783359 525.686958292 262.978258349
36 181.735752092 529.877700978 289.38654693
37 155.457874061 529.650793823 315.891332115
38 133.064668493 525.647675312 342.287656196
39 114.085977994 518.511151662 368.402870345
40 98.0579681266 508.846383163 394.095648711
41 84.5478834418 497.198614923 419.253501635
42 73.1668362399 484.04369891 443.78946485
43 63.5745617417 469.786850258 467.638588
44 55.4790166177 454.766470248 490.754513134
45 48.6328378285 439.260901013 513.106261158
46 42.8285072436 423.496073859 534.675418897
47 37.8930889193 407.65318091 555.453730171
48 33.683041275 391.875933378 575.441025347
49 30.0795246262 376.276957634 594.64351774
50 26.9842704299 360.943342528 613.072387043
51 24.3159475776 345.941404709 630.742647714
52 22.0073255689 331.320497046 647.672177385
53 20.002653595 317.116375605 663.880970799
54 18.255656116 303.353810019 679.390533865
55 16.7278077164 290.048821667 694.223370616
56 15.3869682328 277.210422902 708.402608865
57 14.2062654026 264.842044984 721.951689614
58 13.1631322362 252.942765345 734.894102419
59 12.2385855301 241.50820993 747.25320454
60 11.4166070804 230.531325632 759.052067287
61 10.68362243 220.003025308 770.313352262
62 10.0281070265 209.912665041 781.059227932
63 9.4402427232 200.248456389 791.311300888
64 8.91163218982 190.997802649 801.090565161
65 8.43506877151 182.147563163 810.417368066
66 8.00437572147 173.684226897 819.311397382
67 7.6142221965 165.59411842 827.791659384
68 7.25998096001 157.863549662 835.876469378
69 6.93765235682 150.478883709 843.583463934
70 6.64374325105 143.42665907 850.929597679
71 6.37522081393 136.693617142 857.931162044
72 6.12941747373 130.266793969 864.603788557
73 5.90400653108 124.133520801 870.962472668
74 5.69693071664 118.281489157 877.021580126
75 5.50638585922 112.698741117 882.794873024
76 5.33076983966 107.373706634 888.295523527
77 5.1686701001 102.295192948 893.536136951
78 5.01882693347 97.4524063685 898.528766698
79 4.88012282599 92.8349397773 903.284937397
80 4.75155542085 88.43278302 907.815661559
81 4.63223752937 84.2362990841 912.131463387
82 4.5213755523 80.2362292881 916.24239516
83 4.41824542412 76.4237026999 920.158051876
84 4.32220625711 72.7901970456 923.887596697
85 4.23267685523 69.3275484269 927.439774718
86 4.14913080034 66.0279381998 930.822931
87 4.07109724093 62.883873484 934.045029275
88 3.99814489728 59.8881892563 937.113665846
89 3.92988373453 57.0340292978 940.036086968
90 3.86596120581 54.3148346359 942.819204158
91 3.80605315071 51.7243394627 945.469607387
92 3.74986600492 49.2565535701 947.993580425
93 3.69713174764 46.9057539058 950.397114347
94 3.64760373357 44.6664754833 952.685920783
95 3.60105747493 42.5334980821 954.865444443
96 3.55728681908 40.5018389342 956.940874247
97 3.51610145737 38.5667418409 958.917156702
98 3.47732746902 36.7236673507 960.79900518
99 3.44080293231 34.9682852366 962.590911831
100 3.40637978696 33.2964633014 964.297156912
