Time S I R
1 1000 1 0
2 999.666276389 1.27707794848 0.0566456621587
3 999.240274263 1.63074373954 0.128981997537
4 998.696598472 2.08205707198 0.221344455959
5 998.002950341 2.65779162846 0.33925803047
6 997.11830079 3.39194023288 0.489758976691
7 995.990590507 4.32760514922 0.681804343969
8 994.553923481 5.51929725841 0.926779261084
9 992.72507833 7.03578195502 1.23913971534
10 990.399339497 8.96346074914 1.63719975416
11 987.445421718 11.4104530749 2.1441252067
12 983.699667794 14.511208168 2.78912403816
13 978.959486394 18.431625678 3.60888792789
14 972.976293979 23.3744027121 4.64930330884
15 965.448610144 29.5839736189 5.9674162375
16 956.016300758 37.3500828523 7.63361638981
17 944.257638363 47.008425823 9.73393581438
18 929.691678901 58.9360620821 12.3722590171
19 911.789316036 73.5385723062 15.672111658
20 889.997072733 91.2253999377 19.777527329
21 863.777686007 112.370000344 24.8523136494
22 832.67007483 137.253021782 31.0769033875
23 796.367537106 165.990492267 38.6419706275
24 754.806725174 198.455040995 47.7382338318
25 708.251129054 234.206417249 58.5424536974
26 657.346546252 272.452789447 71.2006643011
27 603.124281339 312.065052793 85.8106658677
28 546.935862715 351.657212356 102.406924929
29 490.322164648 389.72683555 120.950999803
30 434.841475975 424.828504579 141.330019446
31 381.896554295 455.739647667 163.363798037
32 332.600099551 481.580671986 186.819228463
33 287.70324324 501.867707144 211.429049616
34 247.590469088 516.498014487 236.911516424
35 212.325795395 525.686199603 262.988005002
36 181.727851664 529.875403437 289.396744899
37 155.451005097 529.647085458 315.901909445
38 133.05874731 525.642708765 342.298543925
39 114.080907123 518.5050889 368.414003977
40 98.0536464813 508.8393845 394.106969019
41 84.5442131495 497.190831879 419.264954971
42 73.1637264683 484.035270463 443.801003068
43 63.5719309534 469.777900776 467.65016827
44 55.4767931047 454.75710935 490.766097545
45 48.6309595044 439.251224195 513.1178163
46 42.8269209426 423.486163621 534.686915436
47 37.891749444 407.643108119 555.465142437
48 33.6819104429 391.865758611 575.452330946
49 30.0785703022 376.266732499 594.654697198
50 26.9834655943 360.933110905 613.083423501
51 24.3152695657 345.93120381 630.753526624
52 22.0067553699 331.310358343 647.682886287
53 20.002175245 317.106325687 663.891499068
54 18.2552561924 303.34387128 679.400872528
55 16.727474942 290.039012874 694.233512184
56 15.386693089 277.200759746 708.412547165
57 14.206039855 264.832540486 721.961419659
58 13.1629494935 252.933430219 734.903620288
59 12.2384398221 241.499052918 747.26250726
60 11.4164935088 230.522353751 759.06115274
61 10.6835368238 219.994244078 770.322219098
62 10.0280458167 209.904078698 781.067875485
63 9.44020285983 200.240068032 791.319729108
64 8.91161105366 190.989614398 801.098774548
65 8.43506410043 182.139576292 810.425359608
66 8.00438559653 173.676441889 819.319172515
67 7.61424491991 165.586535161 827.799219919
68 7.26001509187 157.856167426 835.883817482
69 6.93769662188 150.471701309 843.590602069
70 6.64379656163 143.419674855 850.936528583
71 6.37528220303 136.686829113 857.937888684
72 6.12948610979 130.260199782 864.610314108
73 5.90408167708 124.127117845 870.968800478
74 5.69701173055 118.275274575 877.027713695
75 5.5064721736 112.692711849 882.800815977
76 5.33086095552 107.367859447 888.301279598
77 5.16876557654 102.289524464 893.541709959
78 5.0189263796 97.4469130892 898.534160531
79 4.88022589414 92.8296181097 903.290155996
80 4.75166180175 88.4276292937 907.820708905
81 4.63234695717 84.231309557 912.136343486
82 4.52148777656 80.231400194 916.247112029
83 4.41836022594 76.4190302367 920.162609537
84 4.32232344472 72.7856773905 923.891999165
85 4.23279624837 69.3231777637 927.444025988
86 4.14925224229 66.0237127116 930.827035046
87 4.07122059106 62.8797893685 934.04899004
88 3.99827002432 59.8842427404 937.117487235
89 3.93001052342 57.0302166343 940.039772842
90 3.86608955088 54.3111521166 942.822758332
91 3.80618295509 51.7207834237 945.473033621
92 3.7499971826 49.253120393 947.996882424
93 3.6972642177 46.9024400264 950.400295756
94 3.6477374232 44.6632773922 952.688985185
95 3.60119231841 42.5304123281 954.868395354
96 3.55742275361 40.4988621292 956.943715117
97 3.51623842699 38.5638706603 958.919890913
98 3.47746542135 36.720898536 960.801636043
99 3.44094181805 34.9656155977 962.593442584
100 3.40651956244 33.293889715 964.299590723
