Time S I R
1 1000 1 0
2 999.597367563 1.36128312539 0.0413493118604
3 999.049579363 1.85278814033 0.0976324969931
4 998.304567756 2.52120303951 0.174229204065
5 997.291834123 3.42972301569 0.278442860838
6 995.916085733 4.66373265566 0.420181611674
7 994.048903565 6.33823170458 0.612864730558
8 991.517877684 8.60749068044 0.874631635099
9 988.092741231 11.6773224602 1.22993630853
10 983.468108293 15.8202623404 1.7116293665
11 977.242995521 21.3933898964 2.36361458264
12 968.897898845 28.8579190649 3.24418208968
13 957.772287234 38.7976952972 4.43001746846
14 943.048036882 51.9311889898 6.02077412807
15 923.748922821 69.1072610065 8.14381617245
16 898.771697398 91.2699847647 10.9583178375
17 866.96926589 119.373435008 14.6572991015
18 827.306245939 154.228262023 19.4654920384
19 779.094222116 196.275299895 25.6304779883
20 722.28117035 245.313942993 33.4048866568
21 657.718483142 300.262254194 43.0192626641
22 587.28740836 359.063886536 54.6487051043
23 513.770599928 418.848939146 68.3804609262
24 440.443852044 476.364026232 84.1921217242
25 370.499469109 528.5523628 101.94816809
26 306.507777439 573.075616217 121.416606344
27 250.09739509 608.602337797 142.300267113
28 201.915342324 634.811492569 164.273165107
29 161.802612545 652.184428471 187.012958984
30 129.06495084 661.710907885 210.224141275
31 102.735180876 664.613846279 233.650972845
32 81.7735991462 662.144534348 257.081866505
33 65.19347958 655.458541595 280.347978825
34 52.1250148254 645.556352534 303.318632641
35 41.8363199579 633.26825945 325.895420592
36 33.7311304871 619.262486685 348.006382828
37 27.3334161596 604.066012066 369.600571774
38 22.2683627949 588.088146684 390.643490521
39 18.2434303164 571.643213727 411.113355957
40 15.0314104928 554.970494446 430.998095061
41 12.4562831944 538.250707154 450.293009652
42 10.3817269328 521.619320085 468.998952983
43 8.70204612309 505.177048123 487.120905754
44 7.33514955751 488.99793646 504.666913983
45 6.21711345514 473.135619399 521.647267146
46 5.29798121369 457.628159 538.073859786
47 4.53859492069 442.501690345 553.959714734
48 3.90807062541 427.773327116 569.318602259
49 3.38197733798 413.453253349 584.164769313
50 2.94093246561 399.54633764 598.512729894
51 2.56947493171 386.053429964 612.377095105
52 2.25521622076 372.972335069 625.77244871
53 1.98817464898 360.298572274 638.713253077
54 1.76028144486 348.025936997 651.213781558
55 1.56500055742 336.146933197 663.288066245
56 1.39702221823 324.653117582 674.9498602
57 1.25189507272 313.535515549 686.212589379
58 1.1260786418 302.784546933 697.089374425
59 1.01658063239 292.390437164 707.592982204
60 0.920969288919 282.343192374 717.735838337
61 0.837183895135 272.632807776 727.530008329
62 0.763524793861 263.249268588 736.987206618
63 0.698555608305 254.182650574 746.118793818
64 0.641075434214 245.423140173 754.935784393
65 0.590070195142 236.961081356 763.448848449
66 0.544678468903 228.787003749 771.668317782
67 0.504184261716 220.891620207 779.604195531
68 0.467951363735 213.265891527 787.266157109
69 0.435425045741 205.90101389 794.663561065
70 0.406175745709 198.788358152 801.805466102
71 0.37979844866 191.919574711 808.70062684
72 0.355957432057 185.286534501 815.357508067
73 0.334365716908 178.881341982 821.784292301
74 0.314759666313 172.696353685 827.988886649
75 0.29692540326 166.724142231 833.978932365
76 0.280667757963 160.95751982 839.761812422
77 0.265814668786 155.38952539 845.344659942
78 0.252223259245 150.013410088 850.734366652
79 0.239760858732 144.822648355 855.937590786
80 0.228314281586 139.81092302 860.960762698
81 0.217783331752 134.972123078 865.81009359
82 0.208077432423 130.300339505 870.491583062
83 0.19912138821 125.789855217 875.011023394
84 0.190843822752 121.435145491 879.374010686
85 0.183176967245 117.23087164 883.585951393
86 0.176065186316 113.171871188 887.652063626
87 0.169463157106 109.253152614 891.577384229
88 0.163325197326 105.469893946 895.366780856
89 0.157608985042 101.817435653 899.024955362
90 0.152280913384 98.2912771456 902.556441941
91 0.147309211252 94.8870697175 905.965621071
92 0.142663532378 91.6006113698 909.256725098
93 0.138316822439 88.427843565 912.433839613
94 0.134246935548 85.3648482406 915.500904824
95 0.130431996 82.4078389058 918.461729098
96 0.126851505201 79.5531572666 921.319991228
97 0.123488167765 76.7972729148 924.079238917
98 0.12032625883 74.1367760242 926.742897717
99 0.117350737593 71.5683715653 929.314277697
100 0.114547765518 69.0888771546 931.79657508
