Time S I R
1 1000 1 0
2 999.671127964 1.27665149677 0.0522205393785
3 999.251456126 1.62966003369 0.118883840394
4 998.716031333 2.0799939402 0.203974726589
5 998.033124968 2.65430508988 0.312569941666
6 997.162441015 3.38642579149 0.451133193697
7 996.052859465 4.31924975233 0.627890782529
8 994.639681961 5.50702116538 0.853296873255
9 992.841205237 7.01817148672 1.14062327646
10 990.554622657 8.93869528986 1.506682053
11 987.651026863 11.3762348351 1.97273830226
12 983.969682174 14.4647127676 2.56560505798
13 979.311524911 18.3695039858 3.31897110277
14 973.432131013 23.2928881332 4.27498085355
15 966.034762331 29.4791825446 5.48605512446
16 956.764432985 37.2186414589 7.01692555613
17 945.204588405 46.8486174111 8.94679418393
18 930.878803242 58.7497557296 11.3714410286
19 913.260766512 73.3342472665 14.4049862215
20 891.79655817 91.0225817547 18.180860075
21 865.943325903 112.205306422 22.8513676749
22 835.227208381 137.187691802 28.5850998172
23 799.319898969 166.118685091 35.5614159406
24 758.127224456 198.911360526 43.9614150185
25 711.874530748 235.170161575 53.9553076767
26 661.166708881 274.146269288 65.687021831
27 606.998652638 314.743550265 79.2577970968
28 550.697955902 355.590442301 94.7116017963
29 493.800493235 395.174217351 112.025289414
30 437.880740304 432.013252365 131.106007332
31 384.37586364 464.827487867 151.796648493
32 334.444216129 492.667448114 173.888335757
33 288.88508895 514.977515695 197.137395354
34 248.125964196 531.590407321 221.283628483
35 212.263876052 542.669102099 246.067021849
36 181.138794727 548.620137084 271.241068189
37 154.415499981 550.002671875 296.581828145
38 131.659179786 547.447737342 321.893082872
39 112.395314956 541.596543966 347.008141079
40 96.1521114287 533.058622698 371.789265874
41 82.4871681837 522.387232207 396.125599609
42 71.0017234758 510.068023086 419.930253438
43 61.3460494454 496.51686427 443.137086285
44 53.219679832 482.082715138 465.69760503
45 46.3679884929 467.054036965 487.577974542
46 40.5774039146 451.666198211 508.756397874
47 35.6700136116 436.10912704 529.220859349
48 31.4982723956 420.534539347 548.967188258
49 27.9401650792 405.062383955 567.997450966
50 24.894952002 389.786433417 586.318614581
51 22.2793949865 374.779125313 603.941479701
52 20.0247920951 360.095455596 620.879752309
53 18.0743096787 345.776341021 637.1493493
54 16.3808638509 331.851335143 652.767801006
55 14.9053393564 318.340887458 667.753773186
56 13.615197551 305.258096199 682.12670625
57 12.4832792136 292.610216249 695.906504537
58 11.4868455276 280.399862271 709.113292202
59 10.6068240217 268.625946958 721.76722902
60 9.82714773902 257.284499182 733.888353079
61 9.1342496186 246.369285083 745.496465299
62 8.51664440829 235.872316417 756.611039175
63 7.9645647694 225.784289745 767.251145485
64 7.46968917099 216.094907785 777.435403044
65 7.02490031525 206.79316187 787.181937815
66 6.62408712482 197.867558782 796.508354093
67 6.26203555313 189.306234055 805.431730392
68 5.93419599926 181.097225387 813.968578613
69 5.63666869294 173.228464699 822.134866608
70 5.36604497661 165.687955383 829.94599964
71 5.11937949295 158.463782929 837.416837578
72 4.89409017913 151.544218348 844.561691473
73 4.68792651075 144.917734067 851.394339422
74 4.49891166135 138.573056201 857.928032138
75 4.32530860724 132.499185314 864.175506079
76 4.16558776723 126.685414282 870.148997951
77 4.01839628255 121.12134571 875.860258007
78 3.88253923004 115.796895696 881.320565073
79 3.75695289574 110.702307847 886.540739257
80 3.64069291204 105.828148147 891.531158941
81 3.5329134995 101.165312475 896.301774026
82 3.43287018 96.7050046413 900.862125179
83 3.33989184496 92.438754511 905.221353644
84 3.25336908939 88.3584158235 909.388215087
85 3.1727641307 84.456136736 913.371099133
86 3.09758771035 80.7243730616 917.178039228
87 3.02739772978 77.1558747207 920.81672755
88 2.96179989716 73.7436702369 924.294529866
89 2.90043251749 70.4810714414 927.618496041
90 2.84296871175 67.3616571319 930.795374156
91 2.78911406277 64.3792629794 933.831622958
92 2.73859752095 61.5279805793 936.7334219
93 2.69117365596 58.8021425892 939.506683755
94 2.64661943508 56.1963150617 942.157065503
95 2.60472902932 53.7052918929 944.689979078
96 2.56531543737 51.3240831333 947.110601429
97 2.52820740467 49.0479082122 949.423884383
98 2.49324674086 46.8721894432 951.634563816
99 2.4602889528 44.7925418764 953.747169171
100 2.42919993842 42.8047679545 955.766032107
