Time S I R
1 1000 1 0
2 999.667584539 1.27579931186 0.0566161494229
3 999.243676334 1.62748124338 0.128842422845
4 998.703212277 2.07581556927 0.220972153268
5 998.014347314 2.64718146064 0.338471225523
6 997.136668094 3.37503820252 0.48829370374
7 996.018944787 4.30177174506 0.679283468162
8 994.596391894 5.48093721282 0.922670893574
9 992.787263683 6.98003433608 1.23270198067
10 990.48878786 8.88380386562 1.62740827418
11 987.572219246 11.2982032888 2.12957746488
12 983.877177249 14.354905864 2.76791688722
13 979.205242592 18.216296573 3.5784608349
14 973.313054664 23.0807039108 4.60624142516
15 965.905523659 29.1872671696 5.90720917114
16 956.630107336 36.8195223993 7.5503702649
17 945.073735802 46.3062210051 9.62004319302
18 930.764768586 58.0171894593 12.218041955
19 913.183205211 72.3513255077 15.4654692815
20 891.783064993 89.7132925942 19.5036424127
21 866.030912374 110.47558761 24.4935000166
22 835.46320518 134.924092525 30.6127022952
23 799.761696737 163.188684816 38.0496184466
24 758.840172403 195.166218487 46.9936091101
25 712.927642572 230.45080725 57.6215501779
26 662.625762724 268.292719883 70.0815173934
27 608.917929509 307.606545012 84.4755254796
28 553.11174595 347.043925891 100.844328159
29 496.716648497 385.126022407 119.157329096
30 441.277986795 420.411798817 139.310214389
31 388.20565598 451.663272742 161.131071278
32 338.636620716 477.96950478 184.393874505
33 293.357120964 498.806261718 208.836617318
34 252.790334473 514.028940203 234.180725324
35 217.036560714 523.814695081 260.148744205
36 185.944436875 528.577173564 286.478389561
37 159.190530495 528.877396569 312.932072936
38 136.352875218 525.344854823 339.302269959
39 116.969412094 518.617239264 365.413348642
40 100.579522241 509.299601463 391.120876296
41 86.7502665994 497.94039592 416.30933748
42 75.0905399893 485.020488776 440.888971235
43 65.2565874359 470.951127059 464.792285505
44 56.9524195759 456.076880054 487.970700371
45 49.9266508428 440.682029985 510.391319172
46 43.967954806 424.997947316 532.034097878
47 38.8998892337 409.210706397 552.889404369
48 34.5757890629 393.468286057 572.95592488
49 30.8740810719 377.886992805 592.238926123
50 27.6941471248 362.557042678 610.748810197
51 24.9526427813 347.547397087 628.499960132
52 22.5806128031 332.909647876 645.509739321
53 20.5208607182 318.68140095 661.797738332
54 18.7258832621 304.88897941 677.385137328
55 17.1561149653 291.549697914 692.294187121
56 15.7785490144 278.673627299 706.547823686
57 14.5655690535 266.265090837 720.169340109
58 13.4939852954 254.323893163 733.182121542
59 12.5442916705 242.84625394 745.60945439
60 11.7000173802 231.825619296 757.474363324
61 10.9472094689 221.253302725 768.799487806
62 10.2740228579 211.118984357 779.606992785
63 9.67035992454 201.411145994 789.918494081
64 9.12758905737 192.117402467 799.755008475
65 8.63830596894 183.224777532 809.136916499
66 8.19614562722 174.719913699 818.083940673
67 7.79564420642 166.589217524 826.615138269
68 7.43203298603 158.819096149 834.748870865
69 7.10120858592 151.395960432 842.502830982
70 6.79957427231 144.306398616 849.894027111
71 6.52401624061 137.537174388 856.938809371
72 6.27179096286 131.075342068 863.652866969
73 6.04050762753 124.908237585 870.051254787
74 5.82805231001 119.023549643 876.148398047
75 5.63257029191 113.409312281 881.958117427
76 5.45241620307 108.0539404 887.493643397
77 5.28613761758 102.94622394 892.767638442
78 5.13244142653 98.0753457836 897.79221279
79 4.99017914227 93.4308747504 902.578946107
80 4.85832215053 89.0027727821 907.138905067
81 4.73595547974 84.7813792049 911.482665315
82 4.62226711082 80.7574016456 915.620331244
83 4.51651389607 76.921938531 919.561547573
84 4.41803495078 73.2664402436 923.315524806
85 4.3262366906 69.7827079745 926.891055335
86 4.24057682071 66.4628944715 930.296528708
87 4.16057114782 63.2994769915 933.539951861
88 4.08577896121 60.2852576482 936.628963391
89 4.01579845573 57.4133520318 939.570849512
90 3.95026782745 54.6771715513 942.372560621
91 3.888855115 52.0704205715 945.040724313
92 3.83125815728 49.5870816008 947.581660242
93 3.77720241036 47.2214036217 950.001393968
94 3.72643475744 44.9678949541 952.305670288
95 3.67872452827 42.8213098916 954.49996558
96 3.63386038233 40.7766396606 956.589499957
97 3.59164716957 38.8291041764 958.579248654
98 3.55190630369 36.9741402724 960.473953424
99 3.51447225297 35.2073944864 962.278133261
100 3.47919243326 33.5247131412 963.996094426
