Time S I R
1 1000 1 0
2 999.591203678 1.36169248768 0.0471038339502
3 999.034867644 1.85389336923 0.111238986697
4 998.278017252 2.52343567157 0.198547076719
5 997.248912796 3.43371934875 0.31736785531
6 995.850571254 4.67041119528 0.479017550752
7 993.952287792 6.34888749036 0.698824717437
8 991.378590269 8.62389845401 0.997511276939
9 987.895161564 11.7018258049 1.40301263075
10 983.191356914 15.8557917109 1.95285137523
11 976.859541748 21.4432975096 2.69716074259
12 968.372120605 28.9254121334 3.70246726155
13 957.059297833 38.8844820247 5.05622014248
14 942.093381216 52.0347000303 6.87191875393
15 922.4901512 69.2154901038 9.29435869627
16 897.143250768 91.3527234891 12.5040257428
17 864.912330848 119.368700582 16.7189685696
18 824.784690649 154.023591357 22.1917179946
19 776.115716794 195.685918972 29.1983642344
20 718.918834972 244.063732155 38.017432873
21 654.123983926 297.977579009 48.8984370647
22 583.684859283 355.2910661 62.0240746166
23 510.425626859 413.099785414 77.4745877267
24 437.613800674 468.180986843 95.2052124832
25 368.382110703 517.57296925 115.044920047
26 305.208061716 559.074372964 136.717565319
27 249.621714255 591.499714231 159.878571514
28 202.189814462 614.654107779 184.156077758
29 162.703477146 629.109745535 209.186777319
30 130.448381497 635.910799293 234.64081921
31 104.460406477 636.304385504 260.235208019
32 83.7165077495 631.545726886 285.737765365
33 67.2526070974 622.782490352 310.96490255
34 54.2220991493 611.00186195 335.7760389
35 43.9141783235 597.019031985 360.066789692
36 35.7500867667 581.487632195 383.762281039
37 29.267615413 564.921376513 406.811008074
38 24.1024363208 547.717856043 429.179707636
39 19.9696539152 530.181194795 450.84915129
40 16.6474896154 512.541721365 471.81078902
41 13.9636132224 494.972248952 492.064137825
42 11.7841110862 477.601165735 511.614723179
43 10.0047865032 460.522703318 530.472510179
44 8.54438195065 443.804912683 548.650705366
45 7.33933765816 427.49582715 566.164835192
46 6.33974483641 411.628219982 583.032035182
47 5.50629665516 396.223183173 599.270520172
48 4.80777831969 381.293072635 614.899149046
49 4.21944656102 366.843401657 629.937151782
50 3.72152479377 352.874603446 644.403871761
51 3.29811966827 339.383296656 658.318583675
52 2.93643452194 326.363198711 671.700366767
53 2.62610854263 313.805887048 684.568004409
54 2.3587078156 301.701384772 696.939907412
55 2.1273562671 290.038579919 708.834063814
56 1.92638299192 278.805624271 720.267992738
57 1.75110734924 267.990167308 731.258725343
58 1.59767967413 257.579524789 741.822795536
59 1.46290597982 247.560869303 751.976224717
60 1.34409637875 237.921390346 761.734513276
61 1.23902373478 228.648324772 771.112651493
62 1.14578937948 219.729096283 780.125114337
63 1.06281299894 211.151306718 788.785880283
64 0.988742574337 202.902825634 797.108431792
65 0.922435329413 194.971794935 805.105769736
66 0.862925225525 187.346649403 812.790425372
67 0.809370302985 180.016160614 820.174469083
68 0.76102948305 172.969447023 827.269523494
69 0.717309853747 166.195903057 834.086787089
70 0.677665732055 159.685298596 840.637035672
71 0.641640617811 153.427718461 846.930640921
72 0.608835328537 147.413581855 852.977582816
73 0.578892822832 141.633645018 858.787462159
74 0.551515624079 136.078970371 864.369514005
75 0.52643053962 130.740948569 869.732620891
76 0.503404840135 125.611270275 874.885324885
77 0.482232613906 120.68192646 879.835840926
78 0.462728985505 115.945202726 884.592068288
79 0.444735484814 111.393664661 889.161599854
80 0.428107218888 107.020155654 893.551737127
81 0.412721219416 102.817782952 897.769495829
82 0.398465094674 98.7799131288 901.821621776
83 0.385232487207 94.900164476 905.714603037
84 0.372927543402 91.1723964735 909.454675983
85 0.361478117302 87.5906971306 913.047824752
86 0.350811373098 84.1493807124 916.499807915
87 0.340858460532 80.8429774712 919.816164068
88 0.331561328692 77.6662288872 923.002209784
89 0.32286999786 74.6140789058 926.063051096
90 0.314735404694 71.6816630908 929.003601504
91 0.307111862697 68.8643029236 931.828585214
92 0.299962172515 66.1575059459 934.542531882
93 0.293251093843 63.556950846 937.14979806
94 0.286945063628 61.0584806251 939.654574311
95 0.281013730579 58.6581000256 942.060886244
96 0.275431534507 56.3519739371 944.372594528
97 0.270173557255 54.1364113648 946.593415078
98 0.26521642735 52.0078622322 948.72692134
99 0.260539739628 49.9629195725 950.776540688
100 0.256124920454 47.9983095013 952.745565578
