Time S I R
1 997 3 0
2 995.466540105 4.3868770804 0.146582814496
3 993.229303664 6.40985145063 0.360844884941
4 989.971285336 9.35498177025 0.673732893966
5 985.239413645 13.6305832758 1.13000307906
6 978.393596355 19.8123997642 1.79400388066
7 968.544876713 28.6976612076 2.7574620794
8 954.489779544 41.3607037387 4.14951671773
9 934.660648063 59.1906414213 6.14871051516
10 907.133244398 83.8712365876 8.99551901414
11 869.761645894 117.236516965 13.0018371417
12 820.529559646 160.919654118 18.5507862368
13 758.175056753 215.747641425 26.0773018218
14 683.004231662 280.975245885 36.0205224534
15 597.561790625 353.690880285 48.7473290892
16 506.650124661 428.886108283 64.4637670558
17 416.388212356 500.463714324 83.1480733196
18 332.619214256 562.842326454 104.53845929
19 259.485610694 612.33080344 128.183585867
20 198.844024367 647.62418402 153.531791614
21 150.558827869 669.419655697 180.021516434
22 113.241262031 679.612623246 207.146114723
23 84.9809782916 680.533048263 234.485973446
24 63.8476038927 674.437586645 261.714809463
25 48.147697616 663.261309683 288.590992701
26 36.5088346559 648.548383434 314.94278191
27 27.8706185048 631.476462239 340.652919256
28 21.4372348133 612.917681006 365.645084181
29 16.6217528078 593.505271883 389.872975309
30 12.9952210613 573.692847807 413.311931131
31 10.2454289504 553.80185747 435.95271358
32 8.14533847487 534.057693323 457.796968202
33 6.52947812117 514.616598463 478.853923416
34 5.27680756168 495.585163397 499.138029041
35 4.29843619486 477.034292991 518.667270814
36 3.52858588721 459.009486944 537.461927168
37 2.91837264679 441.537906903 555.54372045
38 2.43124656588 424.633563504 572.93518993
39 2.0396830094 408.301080061 589.65923693
40 1.7228447874 392.538346158 605.738809055
41 1.46472915517 377.338616944 621.196653901
42 1.2531314731 362.691678167 636.05519036
43 1.0786256781 348.584995463 650.336378859
44 0.933860972463 335.004500555 664.061638472
45 0.813076928154 321.935124059 677.251799013
46 0.711750462095 309.361174276 689.927075262
47 0.626305314669 297.26665004 702.107044645
48 0.553913721939 285.635444112 713.810642166
49 0.492226949867 274.451628944 725.056144106
50 0.439442027515 263.69935362 735.861204352
51 0.394053295862 253.363106466 746.242840238
52 0.354874690018 243.427667943 756.217457367
53 0.320901448447 233.878245444 765.800853107
54 0.291334003432 224.700425579 775.008240417
55 0.265490836977 215.880250099 783.854259064
56 0.242821515061 207.404174708 792.353003777
57 0.222874433285 199.259105008 800.518020559
58 0.205253350668 191.432389911 808.362356738
59 0.189645681927 183.91180016 815.898554158
60 0.175778668095 176.685547802 823.13867353
61 0.163405117622 169.742304179 830.094290703
62 0.152322363909 163.071114643 836.776562993
63 0.142371924888 156.661400846 843.196227229
64 0.133428368243 150.503035694 849.363535938
65 0.12537559429 144.586249551 855.288374855
66 0.118090753217 138.901596306 860.980312941
67 0.111492502016 133.44005519 866.448452308
68 0.105508992511 128.192940008 871.701551
69 0.100059561273 123.151828579 876.74811186
70 0.0950887909601 118.308694324 881.596216885
71 0.0905508637292 113.655831647 886.253617489
72 0.0863910123702 109.185721385 890.727887603
73 0.0825747427946 104.891245154 895.026180103
74 0.0790707042223 100.765553183 899.155376113
75 0.0758460288232 96.8020012056 903.122152766
76 0.0728736436772 92.9942344843 906.932891872
77 0.0701278432983 89.3361457185 910.593726438
78 0.067587283845 85.8218692404 914.110543476
79 0.0652373619147 82.4457774566 917.488985181
80 0.0630587292158 79.2024310341 920.734510237
81 0.0610301178376 76.0865779384 923.852391944
82 0.0591386113291 73.0932148057 926.847646583
83 0.0573756450159 70.2175537456 929.725070609
84 0.0557330200511 67.4549892678 932.489277712
85 0.0542009896819 64.8010799958 935.144719015
86 0.0527695349087 62.251550201 937.695680264
87 0.0514294193043 59.802290027 940.146280554
88 0.0501735875278 57.4493606919 942.500465721
89 0.0489960022952 55.1889796382 944.76202436
90 0.0478908144372 53.0175083561 946.934600829
91 0.0468526415286 50.931452973 949.021694385
92 0.0458765470468 48.9274565182 951.026666935
93 0.0449580017305 47.0022920234 952.952749975
94 0.0440929397008 45.1528610914 954.803045969
95 0.0432776238266 43.3761864112 956.580535965
96 0.0425085602191 41.669405587 958.288085853
97 0.0417826135075 40.0297708406 959.928446546
98 0.0410969241655 38.4546427102 961.504260366
99 0.040448804727 36.9414831909 963.018068004
100 0.0398358260361 35.4878564969 964.472307677
