Time S I R
1 1000 1 0
2 999.666884501 1.27648466219 0.0566308367356
3 999.241855809 1.6292295409 0.128914649994
4 998.699673289 2.07915947839 0.221167233104
5 998.008249411 2.65286459501 0.338885994467
6 997.126841781 3.38408938666 0.489068832638
7 996.003777394 4.3156026242 0.68061998175
8 994.573677558 5.50147009741 0.924852344142
9 992.754008467 7.00986763796 1.23612389483
10 990.440960237 8.92642295922 1.63261680408
11 987.504431592 11.3582480328 2.13732037517
12 983.782292882 14.4384982843 2.77920883372
13 979.073897946 18.3314351464 3.59466690782
14 973.133098332 23.2377195562 4.62918211155
15 965.661392763 29.3993183029 5.93928893381
16 956.30218514 37.1030838007 7.59473105914
17 944.63778022 46.6814792491 9.68074053064
18 930.191562203 58.5082023399 12.3002354574
19 912.438651935 72.9857369439 15.575611121
20 890.82903539 90.521329832 19.6496347781
21 864.827183047 111.488038769 24.6847781842
22 833.970793029 136.169021168 30.860185803
23 797.947687021 164.686847829 38.36546515
24 756.683752802 196.925533043 47.3907141556
25 710.42631972 232.460916157 58.1127641228
26 659.800571799 270.520807431 70.6786207707
27 605.815530868 309.996401015 85.1880681178
28 549.802403468 349.519077612 101.67851892
29 493.287659564 387.597146495 120.115193942
30 437.823850795 422.78694502 140.389204186
31 384.817325484 453.858472995 162.32420152
32 335.392294625 479.917354309 185.690351067
33 290.316327972 500.46086399 210.222808037
34 249.991912707 515.366814019 235.641273274
35 214.499866606 524.832492158 261.667641236
36 183.672662325 529.287454574 288.039883101
37 157.174841791 529.303818893 314.521339316
38 134.576537089 525.517608848 340.905854063
39 115.411244161 518.569363176 367.019392663
40 99.2165426435 509.06426715 392.719190206
41 85.5595379966 497.549103697 417.891358307
42 74.0502822112 484.502075611 442.447642178
43 64.3468735919 470.331206909 466.321919499
44 56.1554319004 455.377759132 489.466808967
45 49.2267294906 439.922821528 511.850448982
46 43.3514826407 424.194841533 533.453675827
47 38.3551396428 408.377259298 554.267601059
48 34.0927177302 392.615753182 574.291529088
49 30.4441172417 377.024644405 593.531238353
50 27.3099887301 361.692460248 611.997551022
51 24.6080726566 346.686735011 629.705192333
52 22.2703468669 332.057849941 646.671803192
53 20.240395065 317.842412141 662.917192794
54 18.4713783399 304.065903551 678.462718109
55 16.9242925776 290.744940951 693.330766471
56 15.5665994039 277.889022894 707.544377702
57 14.3710857086 265.50198897 721.126925322
58 13.3148976779 253.583251612 734.10185071
59 12.3788121341 242.128709157 746.492478709
60 11.5466035572 231.131537001 758.321859442
61 10.8045232801 220.582832453 769.612644266
62 10.140899714 210.472100153 780.387000133
63 9.54578665307 200.787675341 790.666538006
64 9.01067912337 191.517058485 800.472262392
65 8.5282796215 182.647184506 809.824535872
66 8.09232495297 174.164612802 818.743062245
67 7.69742376543 166.055704802 827.246871433
68 7.33888307331 158.306817126 835.354299801
69 7.01265672748 150.904333263 843.08301001
70 6.71520285749 143.834816018 850.449981124
71 6.4434525693 137.085015496 857.471531934
72 6.19470252667 130.641977248 864.163320226
73 5.96659730063 124.493033635 870.540369065
74 5.7570531197 118.625875477 876.617071404
75 5.56424300111 113.02854058 882.407216419
76 5.3865446949 107.689452261 887.924003044
77 5.22252757357 102.597409424 893.180063002
78 5.07091643835 97.7416077583 898.187475803
79 4.93057973589 93.1116287841 902.95779148
80 4.80050287139 88.6974496937 907.502047435
81 4.67978584978 84.4894225985 911.830791552
82 4.56762711633 80.478272611 915.954100273
83 4.46329331384 76.655115346 919.88159134
84 4.36613457985 73.0114156292 923.622449791
85 4.2755640828 69.5389933905 927.185442527
86 4.19104799814 66.2300169192 930.578935083
87 4.11210947745 63.0769793877 933.810911135
88 4.03831283647 60.0727007001 936.888986463
89 3.96926263201 57.2103116234 939.820425745
90 3.90460215887 54.4832393936 942.612158448
91 3.84400358856 51.8852045392 945.270791872
92 3.78716941879 49.4102042359 947.802626345
93 3.7338287194 47.0525024418 950.213668839
94 3.68373178258 44.8066219258 952.509646292
95 3.63665121033 42.6673306031 954.696018187
96 3.59237881311 40.6296338511 956.777987336
97 3.55072169965 38.6887642896 958.760514011
98 3.51150396744 36.8401715328 960.6483245
99 3.47456198716 35.0795146552 962.445923358
100 3.43974562529 33.4026515345 964.15760284
