Time S I R
1 1000 1 0
2 999.667510839 1.27587245576 0.0566167055667
3 999.243484385 1.62766778671 0.128847828723
4 998.702838698 2.0761722817 0.220989019834
5 998.013703003 2.64778757147 0.338509425236
6 997.135629046 3.37600329954 0.488367654502
7 996.017339987 4.30324615534 0.679413857728
8 994.593987407 5.48312559682 0.922886996382
9 992.783741986 6.98321327708 1.23304473672
10 990.483721382 8.888344286 1.62793433214
11 987.565036581 11.3045988982 2.13036452111
12 983.867121474 14.3638080045 2.76907052184
13 979.191320567 18.228556167 3.58012326602
14 973.293977472 23.0974200147 4.60860251349
15 965.879640333 29.2098397608 5.91051990596
16 956.595336469 36.8497046565 7.55495887445
17 945.027504462 46.3461619047 9.62633363285
18 930.703974394 58.069451671 12.2265739345
19 913.104225322 72.4188565835 15.4769180942
20 891.681843896 89.7993205543 19.5188355492
21 865.903165146 110.583408848 24.5134260066
22 835.304768353 135.056725908 30.6385057387
23 799.56903797 163.348387666 38.0825743632
24 758.611029524 195.353900006 47.03507047
25 712.661685431 230.665448753 57.672865816
26 662.325152295 268.530923575 70.1439241305
27 608.58755153 307.86242286 84.5500256102
28 552.759009243 347.309418576 100.93157218
29 496.350800484 385.391673389 119.257526127
30 440.909076543 420.667833409 139.423090047
31 387.843391109 451.900727076 161.255881815
32 338.289382893 478.181144622 184.529472484
33 293.031323289 498.987122328 208.981554383
34 252.490193729 514.17643596 234.333370311
35 216.764215118 523.928387544 260.307397338
36 185.700293277 528.658327574 286.641379149
37 158.97369922 528.928473661 313.097827119
38 136.161610896 525.369025323 339.469363781
39 116.801482883 518.617988656 365.580528461
40 100.432493825 509.280438914 391.287067261
41 86.6217013212 497.904659607 416.473639072
42 74.9781179597 484.971237768 441.050644273
43 65.1581823487 470.891080304 464.950737347
44 56.8661276719 456.008405809 488.125466519
45 49.8507966001 440.607157811 510.542045588
46 43.9010799121 424.918395744 532.180524344
47 38.8407368901 409.127913338 553.031349772
48 34.5232818925 393.383444439 573.093273669
49 30.827299066 377.801084068 592.371616866
50 27.6523060424 362.470868272 610.876825685
51 24.9150743209 347.461606562 628.623319117
52 22.5467487611 332.824761795 645.628489444
53 20.490216453 318.597833674 661.911949873
54 18.6980454763 304.807055742 677.494898781
55 17.1307305329 291.46966867 692.399600797
56 15.7553151132 278.595682604 706.649002283
57 14.5442262634 266.189369485 720.266404251
58 13.4743102377 254.250492603 733.275197159
59 12.5260914053 242.775237722 745.698670873
60 11.6831253943 231.757022434 757.559852172
61 10.9314811996 221.187137619 768.881381181
62 10.2593324376 211.055245061 779.685422501
63 9.65659781258 201.349811283 789.993590904
64 9.1146593548 192.058439294 799.826901351
65 8.62612428035 183.168143742 809.205731978
66 8.18463847978 174.665558678 818.149802842
67 7.78474614576 166.537085914 826.67816794
68 7.42168650487 158.7691278 834.809185695
69 7.09136253713 151.34809233 842.560545133
70 6.79018329452 144.260565483 849.949251222
71 6.51503993931 137.493309601 856.99165046
72 6.26319320378 131.033378413 863.703428383
73 6.03225616723 124.868107599 870.099636233
74 5.82011812232 118.98518635 876.194695528
75 5.62492738687 113.372649244 882.002423369
76 5.44504107001 108.018912284 887.536046645
77 5.27900912611 102.912766493 892.808224381
78 5.12554037423 98.0433962766 897.831063349
79 4.9834881779 93.4003719176 902.616139905
80 4.85182542702 88.9736571209 907.174517452
81 4.7296387646 84.753592688 911.516768547
82 4.61611735848 80.7308881381 915.652994503
83 4.51051907501 76.8966438777 919.592837047
84 4.41218423255 73.2423118888 923.345503879
85 4.32052001612 69.7596953827 926.919784601
86 4.23498501183 66.4409488653 930.324066123
87 4.155095844 63.2785513114 933.566352845
88 4.08041234545 60.2653067769 936.654280878
89 4.01053340005 57.3943325033 939.595134097
90 3.94509776744 54.6590416009 942.395860632
91 3.88377392974 52.0531401859 945.063085884
92 3.82626023238 49.5706123432 947.603127424
93 3.77228253398 47.2057086528 950.022008813
94 3.72158808098 44.9529389863 952.325472933
95 3.6739465809 42.807059097 954.518994322
96 3.62914698414 40.7630616814 956.607791334
97 3.58699443896 38.8161680358 958.596837525
98 3.54731063831 36.9618163309 960.490873031
99 3.50993025442 35.1956544301 962.294415316
100 3.47470096957 33.5135298717 964.011769159
