Time S I R
1 1000 1 0
2 999.670969728 1.27619380891 0.0528364626923
3 999.251246599 1.62849155705 0.120261843456
4 998.715948402 2.07775699542 0.206294602737
5 998.033448203 2.65049931713 0.316052479664
6 997.163593767 3.38035723795 0.456048994886
7 996.055465613 4.30996351239 0.634570874224
8 994.644642352 5.49321241348 0.862145234165
9 992.849799206 6.9980691217 1.15213167238
10 990.568640897 8.90991166351 1.52144743979
11 987.67294535 11.3355717551 1.99148289444
12 984.002882069 14.4079182433 2.5891996877
13 979.360568081 18.2909702705 3.34846164855
14 973.503095404 23.1852866482 4.31161794795
15 966.135632821 29.3330397766 5.531327402
16 956.905533197 37.0218705123 7.0725962905
17 945.399015462 46.5860429575 9.01494158059
18 931.142794534 58.4027026764 11.4545027891
19 913.613884068 72.8803063395 14.5058095925
20 892.261525001 90.4357152049 18.3027597943
21 866.54530663 111.456497881 22.9981954888
22 835.992320983 136.246348922 28.7613300952
23 800.272816189 164.954932688 35.7722511232
24 759.287896581 197.499193092 44.2129103276
25 713.254469622 233.491025256 54.2545051224
26 662.765360908 272.192573033 66.0420660596
27 608.801077437 312.52092872 79.6779938436
28 552.674501527 353.118130748 95.2073677251
29 495.909047904 392.483008698 112.607943398
30 440.071197099 429.141417443 131.787385458
31 386.595762006 461.815672993 152.588565001
32 336.64424399 489.553798569 174.801957441
33 291.023324721 511.794059364 198.182615915
34 250.170222679 528.36124115 222.46853617
35 214.19224555 539.410231548 247.397522902
36 182.938770992 545.340537823 272.720691184
37 156.082372937 546.705921916 298.211705148
38 133.194098584 544.133830708 323.672070708
39 113.803482035 538.263471363 348.933046602
40 97.4412552078 529.703615118 373.855129674
41 83.6663579677 519.007638324 398.326003708
42 72.0805409246 506.661827838 422.257631238
43 62.3339933261 493.083003016 445.583003657
44 54.125817541 478.621161601 468.253020858
45 47.2007624043 463.565772283 490.233465313
46 41.3445371774 448.153115889 511.502346934
47 36.3784796409 432.573907755 532.047612604
48 32.1543176517 416.980499829 551.86518252
49 28.5493524781 401.493332956 570.957314566
50 25.462217928 386.206535907 589.331246165
51 22.8091130632 371.192780222 606.998106714
52 20.5208260736 356.507198553 623.971975373
53 18.5400779159 342.190748533 640.269173551
54 16.8193880648 328.272958269 655.907653667
55 15.3192947049 314.774189054 670.906516241
56 14.0069561968 301.707403532 685.285640271
57 12.854943914 289.079690254 699.065365832
58 11.8402867268 276.89346492 712.266248354
59 10.9437077088 265.147423143 724.908869148
60 10.1489589248 253.837365613 737.013675462
61 9.44231651065 242.956819211 748.600864279
62 8.81215633146 232.497553986 759.690289682
63 8.24858864291 222.450024484 770.301386873
64 7.7431846818 212.803692705 780.453122614
65 7.28873236608 203.54731387 790.163953764
66 6.87903559057 194.669166367 799.451798043
67 6.50880523443 186.157164007 808.334030759
68 6.17342668661 177.999129214 816.827444099
69 5.86894000494 170.182790754 824.948269242
70 5.59188488922 162.695955829 832.712159282
71 5.33926808284 155.526525895 840.134206022
72 5.10846614336 148.662595971 847.228937885
73 4.89719019848 142.092474171 854.01033563
74 4.70342989178 135.804730919 860.491839189
75 4.52541737818 129.788221771 866.686360851
76 4.36159573864 124.032103535 872.606300726
77 4.21058706752 118.525852513 878.26356042
78 4.07117401175 113.259267132 883.669558856
79 3.94227238539 108.222482202 888.835245413
80 3.82291935972 103.405963037 893.771117604
81 3.71225229368 98.8005129066 898.4872348
82 3.6095112567 94.3972506821 902.993238061
83 3.51401106036 90.1876284881 907.298360452
84 3.42512963473 86.1634289361 911.411441429
85 3.34231746411 82.3167357235 915.340946812
86 3.26507443409 78.6399464702 919.094979096
87 3.19294874147 75.1257583596 922.681292899
88 3.1255370214 71.767152833 926.107310146
89 3.06246913236 68.5573998855 929.380130982
90 3.00341065592 65.49004098 932.506548364
91 2.94806004844 62.5588791966 935.493060755
92 2.89613966625 59.7579777649 938.345882569
93 2.8473981403 57.0816447259 941.070957134
94 2.80160677244 54.5244253721 943.673967855
95 2.75855454682 52.0810961822 946.160349271
96 2.71804972955 49.7466528979 948.535297373
97 2.6799165049 47.5163037792 950.803779716
98 2.64399256832 45.3854625325 952.970544899
99 2.61012960755 43.3497381638 955.040132229
100 2.57818979823 41.4049295135 957.016880688
