Time S I R
1 1000 1 0
2 999.666287531 1.27706816555 0.0566443034767
3 999.240302883 1.63071876687 0.12897834984
4 998.696653545 2.08200927579 0.22133717921
5 998.003044436 2.65771034355 0.339245220605
6 997.118451349 3.39181069306 0.489737957992
7 995.990821526 4.32740708127 0.681771392524
8 994.554267723 5.51900304047 0.926729236517
9 992.725580191 7.03535423412 1.23906557474
10 990.400058677 8.96284940548 1.63709191725
11 987.446437898 11.4095913778 2.14397072416
12 983.701086396 14.5100080738 2.78890552976
13 978.96144558 18.4299721902 3.60858222996
14 972.978972823 23.372147395 4.64887978172
15 965.452237685 29.580927617 5.96683469832
16 956.021165231 37.3460101169 7.63282465201
17 944.264095256 47.0030378704 9.7328668737
18 929.700155558 58.9290164285 12.3708280131
19 911.800309435 73.5294776896 15.6702128756
20 890.011135953 91.2138323513 19.7750316955
21 863.795398339 112.35553425 24.8490674104
22 832.691991279 137.235279861 31.0727288602
23 796.394116219 165.969213737 38.6366700434
24 754.838240038 198.430162801 47.7315971608
25 708.287577414 234.178151759 58.5342708274
26 657.387577756 272.421681275 71.1907409692
27 603.16917257 312.031985796 85.7988416334
28 546.98355403 351.623355596 102.393090375
29 490.371363091 389.693527361 120.935109548
30 434.890803018 424.797098644 141.312098338
31 381.94470251 455.711358167 163.343939323
32 332.645964105 481.556451286 186.797584609
33 287.746001241 501.848180745 211.405818014
34 247.629602403 516.483474641 236.886922956
35 212.361067416 525.676644423 262.962288161
36 181.759255364 529.870602324 289.370142312
37 155.478700239 529.646652028 315.874647733
38 133.08300077 525.646167236 342.270831995
39 114.102043138 518.511927549 368.386029313
40 98.0720093958 508.849094326 394.078896278
41 84.5601418586 497.202931948 419.236926193
42 73.1775395631 484.04932134 443.773139097
43 63.583917569 469.793512037 467.622570394
44 55.4872100531 454.773940237 490.73884971
45 48.6400312331 439.26898152 513.090987247
46 42.8348414132 423.50459786 534.660560727
47 37.8986850395 407.662008648 555.439306312
48 33.6880030104 391.884948989 575.427048001
49 30.0839403367 376.286065821 594.629993843
50 26.988215368 360.952465431 613.059319201
51 24.31948571 345.950479245 630.730035045
52 22.0105112835 331.329472577 647.66001614
53 20.0055332021 317.125211815 663.869254983
54 18.2582691097 303.362475196 679.379255694
55 16.7301877812 290.057291327 694.212520892
56 15.3891442275 277.218678443 708.392177329
57 14.2082620692 264.85007273 721.9416652
58 13.1649708328 252.950555688 734.884473479
59 12.2402844094 241.515756552 747.243959038
60 11.4181820911 230.538624971 759.043192938
61 10.6850873057 220.010076038 770.304836656
62 10.0294737213 209.91946763 781.051058648
63 9.4415216437 200.255012795 791.303465562
64 8.91283243784 191.004116004 801.083051558
65 8.436198347 182.153637515 810.410164138
66 8.00544158005 173.690067139 819.304491281
67 7.61523056081 165.599729889 827.78503955
68 7.26093725615 157.868938235 835.870124509
69 6.93856144979 150.484055504 843.577383046
70 6.64460941091 143.431620503 850.923770087
71 6.37604788409 136.698374717 857.925577399
72 6.1302088536 130.271354321 864.598436826
73 5.9047652806 124.137890562 870.957344157
74 5.6976595687 118.285674959 877.016665472
75 5.50708727522 112.70274953 882.790163195
76 5.33144603371 107.377544151 888.291009815
77 5.16932307033 102.298865957 893.531810973
78 5.01945848834 97.4559211275 898.524620384
79 4.88073460606 92.838302404 903.28096299
80 4.75214891621 88.4359994799 907.811851604
81 4.6328140745 84.2393752102 912.127810715
82 4.5219363911 80.2391707084 916.238892901
83 4.41879168154 76.4265148863 920.154693432
84 4.32273895234 72.7928853091 923.884375739
85 4.23319693854 69.330117882 927.436685179
86 4.14963913201 66.0303938024 930.819967066
87 4.0715946098 62.8862200182 934.042185372
88 3.99863203781 59.8904313243 937.110936638
89 3.93036131565 57.0361713429 940.033467341
90 3.86642984718 54.3168809324 942.81668922
91 3.80651342643 51.7262941198 945.467192454
92 3.75031844154 49.2584205432 947.991261015
93 3.69757683743 46.9075369914 950.394886171
94 3.64804193059 44.66817833 952.683779739
95 3.60148919864 42.5351241933 954.863386608
96 3.55771246386 40.5033916694 956.938895867
97 3.51652138649 38.5682244236 958.91525419
98 3.47774202214 36.7250828708 960.797175107
99 3.44121242779 34.9696366547 962.589150918
100 3.40678451811 33.297753457 964.295462025
