Time S I R
1 1000 1 0
2 999.666278916 1.27707658608 0.0566444978016
3 999.240280468 1.63074026283 0.128979269174
4 998.696609948 2.08205042016 0.221339632331
5 998.002969272 2.65778032082 0.339250406825
6 997.118330158 3.39192222164 0.489747620007
7 995.990634352 4.32757762664 0.681788021645
8 994.553987246 5.51925640531 0.926756348315
9 992.725169307 7.03572261716 1.23910807536
10 990.399467388 8.9633760278 1.63715658469
11 987.445599344 11.4103338134 2.14406684284
12 983.699911964 14.5110423323 2.78904570404
13 978.959818948 18.4313976266 3.6087834253
14 972.976742986 23.3740923816 4.64916463259
15 965.449211201 29.5835556883 5.96723311037
16 956.017098278 37.3495260087 7.63337571358
17 944.258686612 47.0076923431 9.733621045
18 929.693042445 58.9351080658 12.3718494894
19 911.791069052 73.5373490356 15.6715819122
20 889.999296521 91.223856951 19.7768465279
21 863.780463948 112.368090832 24.8514452197
22 832.67348423 137.250710708 31.0758050616
23 796.371637871 165.987767044 38.6405950846
24 754.811546245 198.451923634 47.7365301212
25 708.256655179 234.202975286 58.5403695346
26 657.352708025 272.449142821 71.1981491533
27 603.130953063 312.061372398 85.8076745391
28 546.942870036 351.65370882 102.403421144
29 490.32930214 389.723738694 120.946959166
30 434.848530969 424.826037772 141.325431259
31 381.903331132 455.73800318 163.358665688
32 332.606439007 481.57999256 186.813568433
33 287.709033238 501.868077332 211.42288943
34 247.595646434 516.499461552 236.904892014
35 212.330340522 525.688701517 262.980957961
36 181.731779321 529.878900712 289.389319967
37 155.454353821 529.651493746 315.894152432
38 133.061569811 525.647930051 342.290500138
39 114.083262533 518.511020344 368.405717123
40 98.0555947655 508.845924729 394.098480505
41 84.5458114374 497.197885058 419.256303505
42 73.1650270921 484.042748401 443.792224507
43 63.5729803594 469.785724077 467.641295563
44 55.477631712 454.765207464 490.757160824
45 48.6316219553 439.259535043 513.108843002
46 42.8274366042 423.494632933 534.677930462
47 37.8921430298 407.651688652 555.456168319
48 33.6822026131 391.874409371 575.443388016
49 30.0787782567 376.275417986 594.645803757
50 26.983603633 360.941800398 613.074595969
51 24.3153495412 345.939870761 630.744779698
52 22.0067871001 331.318979838 647.674233062
53 20.0021668662 317.114881952 663.882951181
54 18.2552144516 303.35234528 679.392440269
55 16.7274054229 290.047389981 694.225204596
56 15.3866004323 277.209027412 708.404372156
57 14.205927913 264.840688001 721.953384086
58 13.1628214645 252.941448495 734.895730041
59 12.2382983742 241.506934278 747.254767347
60 11.4163408613 230.530091782 759.053567357
61 10.6833748266 220.001833482 770.314791691
62 10.0278760182 209.911515161 781.06060882
63 9.44002655092 200.247348124 791.312625325
64 8.91142931519 190.996735469 801.091835216
65 8.43487784235 182.146536383 810.418585775
66 8.0041955621 173.683239691 819.312564747
67 7.61405175514 165.593169885 827.79277836
68 7.2598193195 157.862638805 835.877541876
69 6.93749869487 150.478009496 843.584491809
70 6.64359684592 143.425820416 850.930582738
71 6.37508101595 136.692812946 857.932106038
72 6.12928370835 130.266023111 864.60469318
73 5.90387828106 124.13278216 870.963339559
74 5.69680752008 118.280781612 877.022410868
75 5.50626730006 112.698063557 882.795669143
76 5.33065554368 107.373057961 888.296286495
77 5.16855972954 102.294572084 893.536868187
78 5.01872018267 97.4518122535 898.529467564
79 4.88001941765 92.8343713781 903.285609204
80 4.75145510311 88.4322393281 907.816305569
81 4.63214007667 84.2357791136 912.13208081
82 4.52128075438 80.2357320876 916.242987158
83 4.41815309083 76.4232273444 920.158619565
84 4.32211621619 72.7897426374 923.888141146
85 4.23258894607 69.3271141014 927.440296952
86 4.14904487752 66.0275231194 930.823432003
87 4.0710131711 62.88347684 934.045509989
88 3.99806255632 59.8878102707 937.114127173
89 3.92980300936 57.0336672195 940.036529771
90 3.86588199169 54.3144887425 942.819629266
91 3.80597535061 51.7240090594 945.47001559
92 3.74978952984 49.2562379885 947.993972482
93 3.69705651437 46.905452504 950.397490982
94 3.64752966536 44.6661876448 952.68628269
95 3.60098450089 42.5332232145 954.865792285
96 3.55721487254 40.5015764696 956.941208658
97 3.51603047693 38.5664912345 958.917478289
98 3.47725739727 36.7234280801 960.799314523
99 3.44073371543 34.9680568015 962.591209483
100 3.40631137539 33.2962452217 964.297443403
