Time S I R
1 1000 1 0
2 999.377547037 1.57119604511 0.0512569180998
3 998.400525048 2.46769912029 0.131775831539
4 996.868425587 3.87337550107 0.258198911535
5 994.46947282 6.07398484837 0.456542331159
6 990.721994758 9.51066487568 0.76734036594
7 984.889300039 14.857276835 1.25342312628
8 975.862517843 23.1260841764 2.01139798085
9 962.014538426 35.7975170563 3.18794451804
10 941.05356847 54.9449924495 5.00143908006
11 909.961320285 83.2714161241 7.76726359143
12 865.195762251 123.884184079 11.9200536699
13 803.429516866 179.55323614 18.0172469946
14 723.015238258 251.286047365 26.6987143773
15 625.849715123 336.571012725 38.5792721515
16 518.419198641 428.498314746 54.0824866128
17 410.576773777 517.141669235 73.2815569884
18 312.154565231 593.002573803 95.8428609662
19 229.639968977 650.245835682 121.114195341
20 165.050573499 687.647957987 148.301468513
21 116.986153712 707.377862062 176.635984226
22 82.4135622612 713.112926326 205.473511413
23 58.0487531302 708.626876484 234.324370386
24 41.0535494029 697.105215487 262.84123511
25 29.2348806689 680.974570583 290.790548748
26 21.0007402908 661.976427249 318.02283246
27 15.2344366356 641.317725606 344.447837758
28 11.1670883529 619.816991781 370.015919866
29 8.27359735655 598.021600185 394.704802458
30 6.19597700679 576.293643572 418.510379422
31 4.68968259076 554.869793703 441.440523706
32 3.58683696435 533.902279381 463.510883655
33 2.77149313993 513.486449307 484.742057553
34 2.16277774582 493.679554723 505.157667531
35 1.70403851206 474.512846125 524.783115363
36 1.35511823899 456.000195446 543.644686315
37 1.08733515139 438.143692086 561.768972763
38 0.880052185232 420.937463702 579.182484113
39 0.718263453915 404.370362649 595.911373897
40 0.590905035713 388.427834106 611.981260858
41 0.489871132842 373.09299342 627.417135447
42 0.40913670691 358.347588197 642.243275096
43 0.344154217731 344.172651323 656.483194459
44 0.291477884369 330.548891755 670.159630361
45 0.248493094946 317.456967663 683.294539242
46 0.213195253728 304.877708912 695.909095834
47 0.184031329044 292.792265456 708.023703214
48 0.159761097724 281.182233527 719.658005375
49 0.139473734449 270.029613523 730.830912743
50 0.122418807424 259.316962155 741.560619038
51 0.10801468975 249.02737247 751.86461284
52 0.09575478045 239.144370256 761.759874963
53 0.0853328957633 229.652566343 771.262100761
54 0.076378713148 220.536334676 780.387286611
55 0.0686680824962 211.781129585 789.150202332
56 0.0619980292522 203.372797901 797.565204069
57 0.0562032219334 195.297705862 805.646090916
58 0.0511486007531 187.542738076 813.406113323
59 0.046721432351 180.095270024 820.858008544
60 0.0428266736367 172.943165427 828.014007899
61 0.039393198739 166.074781656 834.885825145
62 0.0363533588488 159.478872496 841.484774145
63 0.0336535183657 153.144691721 847.821654761
64 0.0312556785246 147.061983876 853.906760446
65 0.0291133056323 141.220707299 859.750179396
66 0.0271948543141 135.611318428 865.361486718
67 0.0254712891943 130.224616938 870.749911772
68 0.0239185529615 125.051777509 875.924303938
69 0.0225174563026 120.084341323 880.893141221
70 0.0212485999672 115.31413574 885.66461566
71 0.0200979672112 110.733365413 890.246536619
72 0.0190519112487 106.334498027 894.646450061
73 0.0180989893956 102.110315528 898.871585483
74 0.0172292355462 98.0539034145 902.92886735
75 0.0164334515346 94.1586191994 906.824947349
76 0.0157058817053 90.4180783007 910.566215818
77 0.0150392470241 86.8261283875 914.158832366
78 0.0144248920604 83.3768314519 917.608743656
79 0.0138553032622 80.0644897045 920.921654992
80 0.0133284162778 76.8837017188 924.102969865
81 0.0128415699427 73.8292644477 927.157893982
82 0.0123921535435 70.8961765356 930.091431311
83 0.0119759169603 68.079607253 932.90841683
84 0.0115893116399 65.3749210082 935.61348968
85 0.011229334933 62.7776692495 938.211101416
86 0.0108941376715 60.2835926744 940.705513188
87 0.0105816724206 57.8885926832 943.100825644
88 0.0102900850711 55.5887343613 945.400975554
89 0.0100176543986 53.3802405066 947.609741839
90 0.00976284607839 51.2594815833 949.730755571
91 0.00952427804418 49.2229731186 951.767502603
92 0.00930069722415 47.2673696672 953.723329636
93 0.00909093042844 45.3894560153 955.601453054
94 0.00889392914314 43.586145801 957.40496027
95 0.00870877965815 41.8544775001 959.13681372
96 0.00853461313966 40.191603991 960.799861396
97 0.0083706470366 38.5947931873 962.396836166
98 0.0082161662051 37.0614217472 963.930362087
99 0.00807050638571 35.5889686922 965.402960801
100 0.00793305664661 34.1750123869 966.817054556
