Time S I R
1 1000 1 0
2 999.666278739 1.27707675889 0.0566445017895
3 999.240280008 1.63074070398 0.128979288041
4 998.696609053 2.08205126453 0.221339682675
5 998.00296773 2.65778175691 0.339250513258
6 997.118327671 3.39192451047 0.489747818293
7 995.99063051 4.32758112665 0.681788362913
8 994.55398149 5.51926160499 0.926756904715
9 992.725160875 7.03573017733 1.23910894757
10 990.399455253 8.96338683548 1.63715791183
11 987.445582134 11.4103490502 2.14406881544
12 983.699887861 14.5110635582 2.78904858079
13 978.959785565 18.4314268806 3.60878755436
14 972.976697223 23.3741322983 4.64917047851
15 965.449149089 29.583609624 5.96724128689
16 956.017014812 37.3495981653 7.63338702292
17 944.25857561 47.0077878669 9.73363652277
18 929.692896462 58.9352330847 12.3718704531
19 911.790879412 73.5375105796 15.6716100089
20 889.99905354 91.2240626862 19.7768837736
21 863.78015745 112.368348531 24.8514940194
22 832.673104411 137.251027395 31.0758681944
23 796.371176551 165.988147811 38.6406756381
24 754.810998413 198.452370226 47.73663136
25 708.256020573 234.20348473 58.5404946977
26 657.351992411 272.449706399 71.1983011901
27 603.13016871 312.061975476 85.8078558146
28 546.942035113 351.654331728 102.403633159
29 490.328438968 389.724358681 120.947202351
30 434.847663473 424.826631643 141.325704883
31 381.902482129 455.738549964 163.358967907
32 332.6056279 481.580475643 186.813896456
33 287.708274613 501.868485615 211.423239771
34 247.594949626 516.499789599 236.905260775
35 212.329709982 525.688948917 262.981341101
36 181.731215495 529.879070977 289.389713527
37 155.45385422 529.651593077 315.894552703
38 133.061130038 525.647966201 342.290903761
39 114.082877149 518.511001703 368.406121149
40 98.055257933 508.845859664 394.098882403
41 84.5455173741 497.19778147 419.256701156
42 73.1647703342 484.042613499 443.792616167
43 63.5727559265 469.785564243 467.64167983
44 55.4774351635 454.765028244 490.757536593
45 48.6314493962 439.259341178 513.109209426
46 42.827284657 423.494428431 534.678286912
47 37.8920087873 407.651476864 555.456514349
48 33.6820835885 391.874193078 575.443723334
49 30.0786723305 376.275199473 594.646128196
50 26.9835089999 360.941581533 613.074909467
51 24.3152646667 345.939653058 630.745082276
52 22.0067106796 331.31876451 647.67452481
53 20.0020977887 317.114669968 663.883232244
54 18.2551517697 303.352137399 679.392710832
55 16.7273483286 290.047186791 694.22546488
56 15.3865482333 277.208829359 708.404622408
57 14.2058800158 264.840495414 721.953624571
58 13.1627773591 252.941261603 734.895961038
59 12.2382576204 241.506753234 747.254989146
60 11.416303079 230.52991667 759.053780251
61 10.6833396862 220.001664335 770.314995979
62 10.027843233 209.911351967 781.0608048
63 9.4399958713 200.247190835 791.312813294
64 8.9114005228 190.996584011 801.092015466
65 8.43485074527 182.146390659 810.418758596
66 8.0041699935 173.683099583 819.312730423
67 7.61402756573 165.593035266 827.792937169
68 7.25979637913 157.862509533 835.877694088
69 6.93747688683 150.477885425 843.584637689
70 6.64357606778 143.425701391 850.930722541
71 6.37506117551 136.692698812 857.932240012
72 6.12926472407 130.265913709 864.604821567
73 5.90386007953 124.13267733 870.963462591
74 5.69679003574 118.280681195 877.022528769
75 5.50625047388 112.697967395 882.795782131
76 5.33063932253 107.372965899 888.296394778
77 5.1685440655 102.294483969 893.536971966
78 5.01870503235 97.4517279349 898.529567033
79 4.8800047417 92.8342907091 903.285704549
80 4.75144086578 88.4321621657 907.816396969
81 4.63212624595 84.2357053177 912.132168436
82 4.52126730044 80.2356615234 916.243071176
83 4.41813998668 76.4231598805 920.158700133
84 4.32210343738 72.7896781464 923.888218416
85 4.23257646979 69.3270524606 927.44037107
86 4.14903268315 66.02746421 930.823503107
87 4.07100123971 62.883420547 934.045578213
88 3.99805087029 59.887756484 937.114192646
89 3.92979155265 57.0336158323 940.036592615
90 3.86587074944 54.3144396522 942.819689598
91 3.80596430903 51.7239621676 945.470073523
92 3.74977867631 49.2561932002 947.994028124
93 3.69704583708 46.9054097282 950.397544435
94 3.64751915342 44.6661467938 952.686334053
95 3.60097414423 42.5331842044 954.865841651
96 3.55720466171 40.5015392198 956.941256118
97 3.51602040321 38.5664556677 958.917523929
98 3.47724745251 36.7233941221 960.799358425
99 3.440723892 34.9680243813 962.591251727
100 3.40630166625 33.2962142712 964.297484063
