Time S I R
0  1000 1 0
1 999.921397758 0.93790370823 0.14069853369 
2 999.84768236 0.879658003693 0.272659636494 
3 999.77854975 0.825024517705 0.396425732783 
4 999.713715238 0.773779918349 0.512504843853 
5 999.652911594 0.725714441293 0.621373964837 
6 999.595888452 0.680631446015 0.723480101763 
7 999.542410865 0.638346303287 0.819242831508 
8 999.492258348 0.598685662971 0.909055989456 
9 999.445224168 0.561486911356 0.993288921046 
10 999.40111405 0.526597170818 1.07228877927 
11 999.359746384 0.493873461009 1.14638015532 
12 999.320951438 0.4631820955 1.21586646698 
13 999.284569728 0.434397411903 1.28103286054 
14 999.250451021 0.407401006779 1.34214797238 
15 999.218453499 0.382081098558 1.39946540285 
16 999.188444378 0.358332992177 1.45322262987 
17 999.160301012 0.336059914284 1.50363907333 
18 999.133908109 0.315170877646 1.55092101363 
19 999.109156711 0.295579891807 1.59526339769 
20 999.085944408 0.277206119866 1.63684947183 
21 999.064175439 0.259973948198 1.67585061257 
22 999.043760163 0.243812578051 1.71242725931 
23 999.024614338 0.228655466856 1.74673019508 
24 999.006659113 0.214440315903 1.7789005707 
25 998.989820446 0.201108618327 1.80907093576 
26 998.97402894 0.188605528897 1.83736553112 
27 998.959219446 0.17687955092 1.86390100342 
28 998.945330863 0.165882382482 1.88878675453 
29 998.932305979 0.15556878772 1.91212523323 
30 998.920091058 0.145896275773 1.93401266627 
31 998.908635826 0.136825086871 1.95453908754 
32 998.897893007 0.128317830744 1.97378916232 
33 998.887818145 0.120339344019 1.99184251076 
34 998.878369819 0.112856858285 2.00877332224 
35 998.869509108 0.10583958063 2.02465131104 
36 998.861199362 0.099258514276 2.03954212395 
37 998.85340636 0.0930865818902 2.05350705786 
38 998.846098041 0.087298410747 2.0666035481 
39 998.839244191 0.0818700912564 2.07888571744 
40 998.832816529 0.0767792403126 2.09040423091 
41 998.826788641 0.0720049517531 2.10120640772 
42 998.821135617 0.0675275095069 2.11133687323 
43 998.81583409 0.063328415637 2.12083749453 
44 998.81086229 0.0593904378589 2.1297472719 
45 998.806199693 0.0556973276577 2.13810297902 
46 998.801827012 0.0522338158707 2.14593917247 
47 998.797726281 0.0489856796112 2.15328803946 
48 998.793880589 0.0459395290363 2.16017988167 
49 998.790274027 0.04308276716 2.16664320624 
50 998.786891792 0.040403674428 2.17270453356 
51 998.78371996 0.0378912239458 2.17838881636 
52 998.780745386 0.0355350082268 2.1837196057 
53 998.777955691 0.0333252243359 2.18871908454 
54 998.775339482 0.0312528496244 2.19340766887 
55 998.772886007 0.0293093708732 2.197804622 
56 998.770585113 0.0274867458833 2.20192814151 
57 998.768427245 0.0257774094118 2.2057953456 
58 998.76640359 0.0241743804698 2.20942202984 
59 998.76450582 0.0226710641357 2.21282311626 
60 998.762726074 0.0212612348014 2.21601269129 
61 998.761056961 0.0199390388164 2.2190039997 
62 998.75949167 0.0186990806768 2.22180924916 
63 998.758023751 0.01753625279 2.22443999601 
64 998.756647117 0.0164457339247 2.22690714867 
65 998.755356051 0.0154229954708 2.22922095343 
66 998.754145289 0.0144638686337 2.23139084223 
67 998.753009842 0.0135644014385 2.23342575646 
68 998.751945004 0.0127208664256 2.2353341296 
69 998.75094636 0.0119297666405 2.2371238735 
70 998.750009836 0.0111878752306 2.23880228881 
