Time S I R
0  1000 1 0
1 999.80506218 1.09999230018 0.0949455202618 
2 999.590678428 1.20993790095 0.199383671246 
3 999.354924971 1.3308169834 0.314258045896 
4 999.095690045 1.46370456024 0.440605394919 
5 998.810654211 1.60978020937 0.579565579956 
6 998.497273989 1.77033605689 0.732389953821 
7 998.152762011 1.94678645293 0.900451536026 
8 997.774061876 2.14068021003 1.08525791361 
9 997.357825302 2.35371160443 1.28846309357 
10 996.900388493 2.58773165935 1.51187984728 
11 996.397733926 2.84476639164 1.75749968243 
12 995.845470403 3.12702596729 2.02750362992 
13 995.238796473 3.43692182128 2.32428170609 
14 994.572465681 3.77708254574 2.65045177312 
15 993.840748364 4.1503711022 3.0088805336 
16 993.037393679 4.55990173532 3.40270458583 
17 992.155586938 5.00905834059 3.8353547214 
18 991.187905823 5.50151282965 4.31058134709 
19 990.126277652 6.0412433691 4.83247897862 
20 988.961929541 6.63255302194 5.40551743702 
21 987.685337288 7.28008953831 6.03457317418 
22 986.286181683 7.98886014302 6.72495817352 
23 984.753297081 8.76424869831 7.48245422088 
24 983.07462275 9.61202905244 8.31334819768 
25 981.237157619 10.5383753215 9.22446705898 
26 979.226914494 11.5498702493 10.2232152568 
27 977.028884344 12.6535045105 11.3176111455 
28 974.626998298 13.8566767344 12.5163249675 
29 972.004112881 15.167174276 13.8287128431 
30 969.141984281 16.5931609428 15.2648547758 
31 966.021286107 18.1431317354 16.8355821577 
32 962.621607017 19.8258804871 18.552512496 
33 958.921513936 21.6504207468 20.4280653173 
34 954.898588424 23.6259229836 22.475488592 
35 950.529548476 25.7615944497 24.7088570744 
36 945.790344552 28.0665729058 27.1430825423 
37 940.656351453 30.5497602935 29.7938882533 
38 935.102548651 33.2196592964 32.6777920525 
39 929.103791366 36.0841583438 35.8120502904 
40 922.635098549 39.1503011508 39.2146003004 
41 915.672008878 42.4240238937 42.9039672284 
42 908.190989429 45.9098590597 46.8991515109 
43 900.16987938 49.610628551 51.2194920689 
44 891.58840854 53.5271041735 55.884487286 
45 882.428729564 57.6576629683 60.913607468 
46 872.675997927 61.9979555124 66.3260465604 
47 862.318987006 66.5405375728 72.1404754214 
48 851.350643308 71.2746200309 78.3747366611 
49 839.768753644 76.1857143533 85.045532003 
50 827.576373332 81.2555398334 92.1680868347 
51 814.782465902 86.4617570323 99.755777066 
52 801.402116162 91.778085819 107.819798019 
53 787.457008788 97.1742330897 116.368758122 
54 772.975376956 102.616236128 125.408386916 
55 757.992158986 108.06669174 134.941149274 
56 742.548677152 113.48530224 144.966020608 
57 726.692347973 118.82945707 155.478194957 
58 710.476109151 124.054943386 166.468947463 
59 693.957673805 129.116817729 177.925508465 
60 677.198716776 133.970252046 189.831031178 
61 660.263821768 138.571505019 202.164673213 
62 643.219424726 142.878881852 214.901693422 
63 626.13272346 146.853548625 228.013727916 
64 609.070406603 150.460546389 241.469047008 
65 592.097782984 153.669259106 255.23295791 
66 575.277434734 156.454324987 269.268240279 
67 558.668667997 158.795740865 283.535591138 
68 542.326342044 160.679447934 297.994210022 
69 526.300590967 162.097179941 312.602229093 
70 510.636063217 163.046572551 327.317364232 
