Time S I R
0  1000 1 0
1 999.906883561 0.764607533737 0.328508905594 
2 999.835691785 0.584618597057 0.579689617972 
3 999.781261781 0.446995155896 0.77174306315 
4 999.739648425 0.341770873252 0.918580701499 
5 999.707831375 0.261313595027 1.03085503004 
6 999.683505339 0.199796786374 1.11669787474 
7 999.664906404 0.152761527302 1.18233206888 
8 999.650686241 0.116799017285 1.23251474212 
9 999.639813888 0.0893025732972 1.27088353823 
10 999.631501132 0.0682791271826 1.30021974109 
11 999.625145411 0.052204974966 1.3226496139 
12 999.620285973 0.0399149497582 1.33979907767 
13 999.616570621 0.0305183826005 1.35291099658 
14 999.613729885 0.0233337917264 1.3629363228 
15 999.61155791 0.0178405635298 1.37060152616 
16 999.609897272 0.0136405671243 1.37646216057 
17 999.608627574 0.0104293076978 1.38094311836 
18 999.607656793 0.00797405183264 1.38436915518 
19 999.606914619 0.00609697623205 1.38698840476 
20 999.606347096 0.00466161815563 1.38899128631 
21 999.605913159 0.00356412123804 1.39052272012 
22 999.605581396 0.0027250383229 1.39169356601 
23 999.605327744 0.00208351132532 1.39258874472 
24 999.605133799 0.00159299269156 1.39327320819 
25 999.604985518 0.00121796458837 1.39379651761 
26 999.604872152 0.000931242538814 1.39419660587 
27 999.604785466 0.000712000130508 1.3945025339 
28 999.604719184 0.000544362990639 1.39473645259 
29 999.604668512 0.00041620424768 1.39491528364 
30 999.604629771 0.0003182205047 1.39505200888 
31 999.604600147 0.000243297233755 1.39515655583 
32 999.604577497 0.000186010813524 1.39523649256 
33 999.604560183 0.000142221354156 1.3952975958 
34 999.604546949 0.000108749633276 1.3953443018 
35 999.604536822 8.31376958082e-05 1.39538004036 
36 999.604529064 6.35175987316e-05 1.39540741799 
37 999.604523147 4.85513860105e-05 1.39542830164 
38 999.604518628 3.71226304744e-05 1.39544424918 
39 999.604515183 2.84080570535e-05 1.39545640938 
40 999.604512536 2.17153319471e-05 1.39546574832 
41 999.604510522 1.66216631613e-05 1.39547285596 
42 999.604508978 1.27160545986e-05 1.3954783058 
43 999.604507801 9.74005395749e-06 1.39548245847 
44 999.604506903 7.46758695178e-06 1.39548562944 
45 999.604506217 5.73348559814e-06 1.39548804918 
46 999.604505681 4.37643894295e-06 1.39548994279 
47 999.604505269 3.33455194539e-06 1.39549139662 
48 999.604504939 2.49919145591e-06 1.39549256227 
49 999.604504709 1.91978350572e-06 1.39549337077 
50 999.604504527 1.4572200142e-06 1.39549401623 
51 999.604504385 1.09821604703e-06 1.39549451718 
52 999.604504282 8.37606765957e-07 1.39549488083 
53 999.604504204 6.40556949409e-07 1.39549515579 
54 999.604504147 4.96084551993e-07 1.39549535738 
55 999.604504103 3.85554892691e-07 1.39549551161 
56 999.604504069 2.99896074556e-07 1.39549563114 
57 999.604504043 2.33072356058e-07 1.39549572439 
58 999.604504022 1.80242898052e-07 1.3954957981 
59 999.604504005 1.39230192027e-07 1.39549585533 
60 999.604503993 1.07031222608e-07 1.39549590026 
61 999.604503983 8.25626522071e-08 1.39549593441 
62 999.604503975 6.34185777762e-08 1.39549596112 
63 999.60450397 4.90487729998e-08 1.39549598117 
64 999.604503965 3.77655766139e-08 1.39549599692 
65 999.604503961 2.59685484026e-08 1.39549601338 
66 999.604503955 1.26443989555e-08 1.39549603197 
67 999.604503951 1.09757549506e-09 1.39549604808 
68 999.604503947 -8.67192197875e-09 1.39549606171 
69 999.604503944 -1.66640934659e-08 1.39549607287 
70 999.604503941 -2.28789389665e-08 1.39549608154 
