Time S I R
0  1000 1 0
1 999.901658234 0.798061996623 0.300279769178 
2 999.823182272 0.636895861365 0.539921866658 
3 999.76055892 0.50827274802 0.731168332137 
4 999.710585419 0.405622774543 0.883791806473 
5 999.670707216 0.32370394445 1.00558883963 
6 999.63888341 0.258327188076 1.10278940177 
7 999.613487694 0.2061536602 1.18035864622 
8 999.593221561 0.164517050865 1.24226138786 
9 999.577048864 0.131289470504 1.29166166589 
10 999.564142848 0.104772870832 1.33108428097 
11 999.553843568 0.0836116839113 1.36254474825 
12 999.545624535 0.0667243993546 1.38765106534 
13 999.539065577 0.0532478485916 1.40768657423 
14 999.533831385 0.0424931716948 1.42367544334 
15 999.529654433 0.0339107415596 1.43643482593 
16 999.526321117 0.0270617035965 1.44661717923 
17 999.523661021 0.0215959198156 1.45474305921 
18 999.52153821 0.017234097014 1.46122769321 
19 999.519844164 0.0137532657204 1.46640257009 
20 999.518492267 0.0109754551407 1.47053227818 
21 999.517413421 0.00875869273747 1.47382788669 
22 999.516552519 0.00698974968023 1.47645773147 
23 999.515865475 0.00557804137001 1.47855648321 
24 999.515317173 0.00445141189919 1.48023141481 
25 999.514879595 0.00355229266632 1.48156811236 
26 999.514530408 0.00283479561133 1.48263479667 
27 999.514251765 0.00226224986848 1.48348598548 
28 999.514029387 0.00180531550374 1.48416529779 
29 999.51385192 0.00144066327629 1.48470741662 
30 999.513710307 0.00114968158931 1.48514001137 
31 999.513597309 0.000917497955193 1.48548519259 
32 999.513507116 0.000732170867415 1.48576071343 
33 999.513435139 0.000584275775784 1.4859805851 
34 999.513377703 0.000466258102456 1.48615603881 
35 999.513331869 0.000372079218556 1.48629605203 
36 999.513295296 0.000296930167387 1.4864077741 
37 999.513266105 0.000236949994867 1.48649694501 
38 999.51324281 0.000189083388175 1.48656810701 
39 999.513224224 0.000150894806846 1.48662488094 
40 999.513209395 0.000120423539908 1.48667018175 
41 999.51319756 9.61060943107e-05 1.48670633384 
42 999.513188098 7.66642752734e-05 1.48673523747 
43 999.513180544 6.11425885939e-05 1.48675831315 
44 999.51317453 4.8784959102e-05 1.4867766849 
45 999.513169735 3.89316771052e-05 1.48679133351 
46 999.513165919 3.10920434129e-05 1.48680298848 
47 999.513162871 2.48282275698e-05 1.48681230073 
48 999.513160433 1.9818627732e-05 1.48681974836 
49 999.513158487 1.58193220972e-05 1.48682569402 
50 999.513156936 1.2632801616e-05 1.48683043134 
51 999.513155702 1.00974225358e-05 1.48683420062 
52 999.513154718 8.07508220435e-06 1.48683720718 
53 999.513153935 6.46761242372e-06 1.48683959696 
54 999.513153302 5.16676938446e-06 1.48684153089 
55 999.513152789 4.11286166677e-06 1.4868430977 
56 999.51315238 3.27094675858e-06 1.48684434935 
57 999.513152035 2.56193781794e-06 1.48684540342 
58 999.513151787 2.05397163058e-06 1.4868461586 
59 999.513151582 1.63227389095e-06 1.48684678553 
60 999.513151415 1.28817370712e-06 1.48684729709 
61 999.513151283 1.01775537337e-06 1.48684769911 
62 999.513151184 8.13110559542e-07 1.48684800335 
63 999.513151104 6.4903518476e-07 1.48684824728 
64 999.513151043 5.23493207991e-07 1.48684843392 
65 999.513150994 4.23969257227e-07 1.48684858188 
66 999.513150955 3.42566996637e-07 1.4868487029 
67 999.513150923 2.77974136888e-07 1.48684879893 
68 999.513150897 2.24286274665e-07 1.48684887874 
69 999.513150876 1.80786389491e-07 1.48684894341 
70 999.513150859 1.45483473115e-07 1.4868489959 
