Time S I R
0  1000 1 0
1 999.976509265 0.724579550946 0.298911183774 
2 999.959488611 0.525014090728 0.515497298271 
3 999.947155986 0.380413000265 0.672431013649 
4 999.93822027 0.275639751609 0.786139978057 
5 999.931745648 0.199722736108 0.868531615783 
6 999.927054283 0.144714645288 0.92823107188 
7 999.923655053 0.104857170664 0.971487776479 
8 999.921192047 0.0759772455573 1.00283070748 
9 999.919407412 0.0550514957247 1.02554109235 
10 999.918114304 0.0398891267949 1.04199656905 
11 999.917177364 0.028902991505 1.05391964499 
12 999.916498462 0.0209424923081 1.06255904614 
13 999.916006545 0.0151744940778 1.0688189611 
14 999.915650114 0.0109951410749 1.07335474499 
15 999.915391851 0.00796685759393 1.07664129175 
16 999.915204732 0.00577278596673 1.07902248193 
17 999.915069135 0.00418282816521 1.08074803719 
18 999.91497088 0.00303073685829 1.08199838307 
19 999.914899692 0.00219601238748 1.08290429591 
20 999.914848108 0.00159115865055 1.08356073378 
21 999.914810731 0.00115290270494 1.0840363658 
22 999.914783652 0.000835380235793 1.08438096774 
23 999.914764029 0.000605285276962 1.08463068604 
24 999.91474981 0.000438559564315 1.08481163073 
25 999.914739508 0.000317766924356 1.08494272501 
26 999.914732044 0.000230242462113 1.08503771388 
27 999.914726635 0.00016682035452 1.08510654485 
28 999.914722716 0.00012087564981 1.08515640789 
29 999.914719878 8.75938893591e-05 1.08519252804 
30 999.914717817 6.34281736128e-05 1.08521875469 
31 999.914716325 4.5935992459e-05 1.08523773867 
32 999.914715247 3.32868053607e-05 1.08525146663 
33 999.914714467 2.41430614452e-05 1.08526139018 
34 999.9147139 1.75031800722e-05 1.08526859634 
35 999.91471349 1.2688154113e-05 1.08527382201 
36 999.914713193 9.21019497361e-06 1.08527759658 
37 999.914712979 6.6960788962e-06 1.08528032511 
38 999.914712823 4.87198734757e-06 1.08528230477 
39 999.914712708 3.51801161317e-06 1.08528377421 
40 999.914712619 2.48145035357e-06 1.08528489918 
41 999.914712563 1.81575655027e-06 1.08528562164 
42 999.914712519 1.30445729274e-06 1.08528617655 
43 999.914712487 9.30020994985e-07 1.08528658292 
44 999.914712465 6.7417276295e-07 1.08528686059 
45 999.91471245 4.91570287719e-07 1.08528705876 
46 999.914712439 3.63908359198e-07 1.08528719731 
47 999.914712431 2.69180759664e-07 1.08528730012 
48 999.914712425 1.98517596159e-07 1.08528737681 
49 999.91471242 1.45949130425e-07 1.08528743386 
50 999.914712417 1.06516397715e-07 1.08528747665 
51 999.914712414 7.79872439379e-08 1.08528750762 
52 999.914712413 5.68454612755e-08 1.08528753056 
53 999.914712411 4.17248013628e-08 1.08528754697 
54 999.91471241 3.05570631711e-08 1.08528755909 
55 999.914712409 1.49869248654e-08 1.08528757599 
56 999.914712408 1.59798306622e-09 1.08528759052 
57 999.914712407 -9.45196810824e-09 1.08528760251 
58 999.914712406 -1.8162928658e-08 1.08528761197 
59 999.914712406 -2.4534898583e-08 1.08528761888 
60 999.914712405 -2.85678778833e-08 1.08528762326 
61 999.914712405 -3.02618665589e-08 1.0852876251 
62 999.914712405 -2.96168646098e-08 1.0852876244 
63 999.914712405 -2.66328720359e-08 1.08528762116 
64 999.914712406 -2.13098888373e-08 1.08528761538 
65 999.914712406 -2.24379774086e-08 1.08528761661 
66 999.914712406 -2.3702752719e-08 1.08528761798 
67 999.914712406 -2.43757203292e-08 1.08528761871 
68 999.914712406 -2.44568802393e-08 1.0852876188 
69 999.914712406 -2.39462324493e-08 1.08528761824 
70 999.914712406 -2.28437769591e-08 1.08528761705 
