Time S I R
0  1000 1 0
1 999.93264616 0.424671404452 0.642682435379 
2 999.904044547 0.180346686082 0.915608766506 
3 999.891898435 0.076588097368 1.03151346749 
4 999.886740385 0.0325248502339 1.08073476449 
5 999.884549922 0.0138124836927 1.10163759427 
6 999.883619705 0.00586594580055 1.11051434956 
7 999.88322464 0.00249103570195 1.1142843245 
8 999.883056871 0.00105784538687 1.11588528312 
9 999.882985626 0.000449217871658 1.11656515615 
10 999.882955371 0.000190760128162 1.11685386878 
11 999.882942524 8.10123666653e-05 1.11697646354 
12 999.882937064 3.43669089573e-05 1.11702856928 
13 999.882934752 1.46207829911e-05 1.11705062688 
14 999.882933773 6.25139187316e-06 1.11705997598 
15 999.882933342 2.57688517442e-06 1.11706408062 
16 999.882933168 1.08728671811e-06 1.11706574459 
17 999.882933095 4.6461855167e-07 1.11706644015 
18 999.882933065 2.07954238394e-07 1.11706672686 
19 999.882933051 9.09222710281e-08 1.11706685759 
20 999.882933045 3.95898333735e-08 1.11706691493 
21 999.882933041 3.49245036898e-09 1.11706695526 
22 999.882933038 -2.17825870385e-08 1.11706698349 
23 999.882933037 -3.0375171746e-08 1.11706699309 
24 999.882933038 -2.22853037537e-08 1.11706698405 
25 999.882933038 -2.42375851551e-08 1.11706698623 
26 999.882933038 -2.39039454606e-08 1.11706698586 
27 999.882933039 -1.93395875583e-08 1.11706698076 
28 999.882933039 -1.18739567006e-08 1.11706697242 
29 999.88293304 -9.40058068092e-09 1.11706696966 
30 999.88293304 -6.92720466122e-09 1.1170669669 
31 999.88293304 -4.45382864151e-09 1.11706696413 
32 999.882933041 -2.86072335641e-09 1.11706696235 
33 999.882933041 -2.78650145248e-09 1.11706696227 
34 999.882933041 -2.71227954854e-09 1.11706696219 
35 999.882933041 -2.63805764461e-09 1.1170669621 
36 999.882933041 -2.56383574068e-09 1.11706696202 
37 999.882933041 -2.48961383675e-09 1.11706696194 
38 999.882933041 -2.41539193282e-09 1.11706696186 
39 999.882933041 -2.34117002889e-09 1.11706696177 
40 999.882933041 -2.26694812496e-09 1.11706696169 
41 999.882933041 -2.19272622103e-09 1.11706696161 
42 999.882933041 -2.11850431709e-09 1.11706696152 
43 999.882933041 -2.04428241316e-09 1.11706696144 
44 999.882933041 -1.97006050923e-09 1.11706696136 
45 999.882933041 -1.8958386053e-09 1.11706696127 
46 999.882933041 -1.82161670137e-09 1.11706696119 
47 999.882933041 -1.74739479744e-09 1.11706696111 
48 999.882933041 -1.67317289351e-09 1.11706696103 
49 999.882933041 -1.59895098958e-09 1.11706696094 
50 999.882933041 -1.52472908565e-09 1.11706696086 
51 999.882933041 -1.45050718171e-09 1.11706696078 
52 999.882933041 -1.37628527778e-09 1.11706696069 
53 999.882933041 -1.30206337385e-09 1.11706696061 
54 999.882933041 -1.22784146992e-09 1.11706696053 
55 999.882933041 -1.15361956599e-09 1.11706696045 
56 999.882933041 -1.07939766206e-09 1.11706696036 
57 999.882933041 -1.00517575813e-09 1.11706696028 
58 999.882933041 -9.30953854195e-10 1.1170669602 
59 999.882933041 -8.56731950264e-10 1.11706696011 
60 999.882933041 -7.82510046333e-10 1.11706696003 
61 999.882933041 -7.08288142402e-10 1.11706695995 
62 999.882933041 -6.3406623847e-10 1.11706695987 
63 999.882933041 -5.59844334539e-10 1.11706695978 
64 999.882933041 -4.85622430608e-10 1.1170669597 
65 999.882933041 -4.11400526677e-10 1.11706695962 
66 999.882933041 -3.37178622745e-10 1.11706695953 
67 999.882933041 -2.62956718814e-10 1.11706695945 
68 999.882933041 -1.88734814883e-10 1.11706695937 
69 999.882933041 -1.14512910952e-10 1.11706695928 
70 999.882933041 -8.5271452025e-11 1.11706695925 
