Time S I R
0  1000 1 0
1 999.867431148 0.866933753392 0.265635098222 
2 999.752517536 0.751560493885 0.495921970208 
3 999.65290804 0.651531152617 0.695560807456 
4 999.566564839 0.564807924858 0.868627236422 
5 999.491720078 0.489621663754 1.01865825855 
6 999.426844488 0.424440950628 1.14871456104 
7 999.370610571 0.367935688257 1.26145374113 
8 999.321863575 0.318948388843 1.35918803664 
9 999.279609706 0.27648234952 1.44390794475 
10 999.242983088 0.239668924463 1.51734798771 
11 999.21123435 0.207756080264 1.58100956929 
12 999.183714015 0.180091857494 1.63619412773 
13 999.159858858 0.156110747033 1.68403039484 
14 999.139180803 0.135322588407 1.72549660851 
15 999.121256758 0.117302408479 1.76144083341 
16 999.105719823 0.101681620139 1.79259855699 
17 999.092252035 0.0881407552922 1.81960720932 
18 999.080577926 0.0764030062086 1.84301906804 
19 999.070458616 0.0662283111251 1.86331307311 
20 999.061686953 0.0574084734946 1.88090457322 
21 999.054083514 0.0497631499835 1.89615333614 
22 999.047492729 0.043135965635 1.90937130507 
23 999.041779769 0.0373913831416 1.92082884762 
24 999.036827682 0.0324118316501 1.93076048658 
25 999.032535053 0.0280953566754 1.93936959018 
26 999.028814076 0.0243536785059 1.94683224594 
27 999.025588707 0.0211103440616 1.95330094887 
28 999.022792851 0.0182988978571 1.95890825101 
29 999.020369403 0.0158619235946 1.96376867312 
30 999.018268655 0.0137494403867 1.9679819048 
31 999.016447708 0.0119183150139 1.97163397658 
32 999.01486927 0.0103310474494 1.97479968298 
33 999.013501053 0.00895517383006 1.97754377329 
34 999.012315146 0.00776262758269 1.97992222599 
35 999.011287159 0.0067288818307 1.98198395958 
36 999.010395988 0.0058327180186 1.98377129397 
37 999.009623527 0.00505592729888 1.98532054598 
38 999.008953881 0.00438252717627 1.98666359212 
39 999.008373477 0.0037988689138 1.98782765408 
40 999.007870342 0.00329291196871 1.98883674616 
41 999.00743426 0.00285438436869 1.9897113552 
42 999.007056224 0.00247422705587 1.99046954896 
43 999.006728536 0.00214470028361 1.99112676387 
44 999.006444488 0.00185905814831 1.9916964542 
45 999.006198269 0.00161145804115 1.99219027262 
46 999.005984857 0.00139684773293 1.99261829545 
47 999.005799862 0.00121081410216 1.99298932435 
48 999.005639531 0.00104958330892 1.99331088595 
49 999.005500519 0.000909791565619 1.99358968909 
50 999.00538002 0.000788616255544 1.99383136325 
51 999.005275569 0.000683578299825 1.99404085276 
52 999.005185023 0.000592524476512 1.99422245206 
53 999.005106551 0.000513611930011 1.99437983658 
54 999.005038523 0.000445201891293 1.99451627471 
55 999.004979565 0.000385912248813 1.99463452296 
56 999.004928455 0.000334515555153 1.99473702938 
57 999.004884146 0.000289957801257 1.9948258961 
58 999.004845742 0.000251338271758 1.99490291952 
59 999.004812447 0.000217856000495 1.99496969711 
60 999.004783597 0.000188843975304 1.99502755916 
61 999.004758586 0.000163692853728 1.99507772096 
62 999.004736912 0.000141897258628 1.99512119045 
63 999.004718129 0.000123008498062 1.9951588625 
64 999.004701836 0.000106624119915 1.99519153976 
65 999.004687694 9.2402842199e-05 1.99521990291 
66 999.004675423 8.00628675372e-05 1.99524451395 
67 999.004664796 6.93761859861e-05 1.99526582764 
68 999.004655603 6.013156204e-05 1.99528426527 
69 999.004647632 5.21153013615e-05 1.99530025302 
70 999.004640731 4.51754287556e-05 1.99531409402 
