Time S I R
0  1000 1 0
1 999.949166288 0.563115423639 0.487718288116 
2 999.920542349 0.317099305833 0.762358345341 
3 999.904424017 0.178562526042 0.91701345684 
4 999.895347744 0.100551015887 1.00410124053 
5 999.890236813 0.0566216949626 1.05314149154 
6 999.887358797 0.0318845385187 1.08075666456 
7 999.885738151 0.0179547116954 1.0963071373 
8 999.884825537 0.010110568768 1.10506389461 
9 999.884311649 0.00569357820164 1.10999477254 
10 999.884022244 0.00320606897639 1.11277168672 
11 999.883859281 0.00180536091918 1.1143353577 
12 999.883767514 0.00101660074743 1.11521588477 
13 999.883715842 0.000572459342183 1.11571169901 
14 999.883686742 0.000322344138115 1.11599091342 
15 999.883670356 0.000181501045514 1.11614814265 
16 999.883661132 0.000102216454288 1.11623665147 
17 999.88365593 5.7506609631e-05 1.116286563 
18 999.883653008 3.23836679646e-05 1.11631460883 
19 999.883651364 1.82590861829e-05 1.11633037671 
20 999.883650438 1.02982259491e-05 1.11633926376 
21 999.883649919 5.83811655849e-06 1.11634424277 
22 999.883649621 3.27817110667e-06 1.11634710055 
23 999.883649451 1.81655341714e-06 1.11634873222 
24 999.883649356 1.00016093366e-06 1.11634964359 
25 999.883649305 5.62726702035e-07 1.11635013192 
26 999.883649278 3.27605912729e-07 1.11635039439 
27 999.883649262 1.90836404135e-07 1.11635054707 
28 999.883649253 1.09565808323e-07 1.1163506378 
29 999.883649247 6.25963608278e-08 1.11635069023 
30 999.883649244 3.5932169064e-08 1.11635072 
31 999.883649241 1.10294388507e-08 1.1163507478 
32 999.883649239 -1.0149338061e-08 1.11635077144 
33 999.883649237 -2.38230454613e-08 1.11635078671 
34 999.883649236 -2.99916833503e-08 1.11635079359 
35 999.883649237 -2.8655251728e-08 1.1163507921 
36 999.883649237 -2.11492367349e-08 1.11635078372 
37 999.883649237 -2.38325756347e-08 1.11635078672 
38 999.883649237 -2.46123319595e-08 1.11635078759 
39 999.883649237 -2.34885057093e-08 1.11635078633 
40 999.883649238 -2.04610968842e-08 1.11635078295 
41 999.883649238 -1.55301054841e-08 1.11635077745 
42 999.883649239 -1.14735923723e-08 1.11635077292 
43 999.883649239 -9.81388996371e-09 1.11635077107 
44 999.883649239 -8.15418755509e-09 1.11635076922 
45 999.883649239 -6.49448514647e-09 1.11635076736 
46 999.883649239 -4.83478273786e-09 1.11635076551 
47 999.88364924 -3.17508032924e-09 1.11635076366 
48 999.88364924 -2.84881174099e-09 1.11635076329 
49 999.88364924 -2.79899787007e-09 1.11635076324 
50 999.88364924 -2.74918399915e-09 1.11635076318 
51 999.88364924 -2.69937012823e-09 1.11635076313 
52 999.88364924 -2.64955625731e-09 1.11635076307 
53 999.88364924 -2.59974238639e-09 1.11635076302 
54 999.88364924 -2.54992851548e-09 1.11635076296 
55 999.88364924 -2.50011464456e-09 1.1163507629 
56 999.88364924 -2.45030077364e-09 1.11635076285 
57 999.88364924 -2.40048690272e-09 1.11635076279 
58 999.88364924 -2.3506730318e-09 1.11635076274 
59 999.88364924 -2.30085916088e-09 1.11635076268 
60 999.88364924 -2.25104528996e-09 1.11635076263 
61 999.88364924 -2.20123141904e-09 1.11635076257 
62 999.88364924 -2.15141754812e-09 1.11635076252 
63 999.88364924 -2.10160367721e-09 1.11635076246 
64 999.88364924 -2.05178980629e-09 1.1163507624 
65 999.88364924 -2.00197593537e-09 1.11635076235 
66 999.88364924 -1.95216206445e-09 1.11635076229 
67 999.88364924 -1.90234819353e-09 1.11635076224 
68 999.88364924 -1.85253432261e-09 1.11635076218 
69 999.88364924 -1.80272045169e-09 1.11635076213 
70 999.88364924 -1.75290658077e-09 1.11635076207 
