Time S I R
0  10000 1 0
1 9999.08061292 1.66329490295 0.256092181491 
2 9997.55165289 2.76631610873 0.682031006058 
3 9995.00945903 4.60015948325 1.3903814827 
4 9990.78391172 7.64791219464 2.56817608304 
5 9983.7641422 12.7099467907 4.52591100981 
6 9972.1127419 21.1088615887 7.7783965083 
7 9952.80229386 35.0204249866 13.1772811498 
8 9920.87619679 57.9974905886 22.1263126201 
9 9868.3050453 95.7697644408 36.9251902616 
10 9782.31046593 157.3859088 61.3036252743 
11 9643.15436142 256.635253859 101.21038472 
12 9421.85451656 413.269735025 165.875748414 
13 9079.44063448 652.572208619 268.987156901 
14 8571.36207726 1000.25452718 429.383395567 
15 7862.07253958 1468.95666002 669.970800394 
16 6950.71026299 2037.14734993 1013.14238708 
17 5894.3212932 2634.36036697 1472.31833983 
18 4802.07524591 3155.77541025 2043.14934383 
19 3791.92905782 3508.10083577 2700.97010641 
20 2942.27351928 3651.14002501 3407.5864557 
21 2275.96291408 3602.23275918 4122.80432675 
22 1776.08848423 3411.36988497 4813.54163081 
23 1409.5072848 3134.05435363 5457.43836157 
24 1142.57509822 2816.18916868 6042.2357331 
25 947.612351117 2490.03124845 6563.35640043 
26 803.939490733 2175.73626629 7021.32424297 
27 696.80174402 1884.50755444 7419.69070154 
28 615.871379172 1621.55279791 7763.57582292 
29 553.949383769 1388.3270347 8058.72358154 
30 505.994924094 1184.07837177 8310.92670414 
31 468.444832313 1006.85574015 8525.69942753 
32 438.749668904 854.141369422 8708.10896167 
33 415.060907481 723.233798616 8862.7052939 
34 396.019587705 611.471534023 8993.50887827 
35 380.613080816 516.355047401 9104.03187178 
36 368.076859753 435.606590313 9197.31654993 
37 357.826809744 367.191603546 9275.98158671 
38 349.411384529 309.318714737 9342.26990073 
39 342.477949739 260.426612631 9398.09543763 
40 336.748504487 219.16501085 9445.08648466 
41 332.002037537 184.372923823 9484.62503864 
42 328.061443312 155.056739572 9517.88181712 
43 324.784164453 130.368883337 9545.84695221 
44 322.054351882 109.588623165 9569.35702495 
45 319.777604925 92.1044116141 9589.11798346 
46 317.876672701 77.3983259178 9605.72500138 
47 316.288104229 65.0323625124 9619.67953326 
48 314.959544568 54.6365019485 9631.40395348 
49 313.847726489 45.8985534864 9641.25372002 
50 312.916787052 38.5552850603 9649.52792789 
51 312.136944781 32.3849093811 9656.47814584 
52 311.483423057 27.2006528121 9662.31592413 
53 310.935579459 22.8453085838 9667.21911196 
54 310.476220391 19.1867050953 9671.33707451 
55 310.090950661 16.1135124962 9674.79553684 
56 309.767766582 13.5322360683 9677.69999735 
57 309.496616837 11.364222038 9680.13916113 
58 309.269093711 9.54338075725 9682.18752553 
59 309.07815631 8.01416747242 9683.90767622 
60 308.917906003 6.72990655789 9685.35218744 
61 308.783400586 5.65138912056 9686.56521029 
62 308.67049654 4.74567196917 9687.58383149 
63 308.575719119 3.98507905459 9688.43920183 
64 308.496154489 3.34636645585 9689.15747905 
65 308.429358278 2.81001041716 9689.76063131 
66 308.373279449 2.35961126919 9690.26710928 
67 308.326197063 1.98139624448 9690.69240669 
68 308.286666992 1.66379916528 9691.04953384 
69 308.253477156 1.39710613978 9691.3494167 
70 308.225610163 1.17315925014 9691.60123059 
