Time S I R
0  1000 1 0
1 999.968633964 0.391984722807 0.639381312924 
2 999.956339306 0.153653305276 0.890007388789 
3 999.951519983 0.060230102897 0.988249913918 
4 999.949630887 0.0236095949382 1.02675951816 
5 999.948890379 0.00925467754303 1.04185494368 
6 999.948600111 0.00362776998944 1.04777211891 
7 999.948486325 0.00142200175882 1.0500916731 
8 999.948441724 0.000557397029544 1.05100087901 
9 999.948424241 0.000218476881338 1.05135728257 
10 999.948417388 8.5646512427e-05 1.05149696508 
11 999.9484147 3.35345031199e-05 1.05155176532 
12 999.94841365 1.31707693269e-05 1.05157317953 
13 999.948413239 5.20993948294e-06 1.05158155102 
14 999.948413073 1.99997972573e-06 1.05158492657 
15 999.94841301 7.65651713267e-07 1.05158622457 
16 999.948412986 3.11128413897e-07 1.05158670254 
17 999.948412977 1.27990218061e-07 1.05158689513 
18 999.948412973 5.14023028592e-08 1.05158697567 
19 999.948412971 1.20564436047e-08 1.05158701704 
20 999.948412969 -1.87930678107e-08 1.05158704948 
21 999.948412969 -3.01626009191e-08 1.05158706144 
22 999.948412969 -2.20521557205e-08 1.05158705291 
23 999.948412969 -2.40924145865e-08 1.05158705506 
24 999.948412969 -2.31042388417e-08 1.05158705402 
25 999.948412969 -1.72052553349e-08 1.05158704781 
26 999.94841297 -1.07578574029e-08 1.05158704103 
27 999.94841297 -8.13369677394e-09 1.05158703827 
28 999.94841297 -5.50953614494e-09 1.05158703551 
29 999.94841297 -2.88537551593e-09 1.05158703275 
30 999.94841297 -2.72631582453e-09 1.05158703259 
31 999.94841297 -2.64814997304e-09 1.0515870325 
32 999.94841297 -2.56998412155e-09 1.05158703242 
33 999.94841297 -2.49181827006e-09 1.05158703234 
34 999.94841297 -2.41365241857e-09 1.05158703226 
35 999.94841297 -2.33548656708e-09 1.05158703218 
36 999.94841297 -2.25732071559e-09 1.05158703209 
37 999.94841297 -2.1791548641e-09 1.05158703201 
38 999.94841297 -2.10098901261e-09 1.05158703193 
39 999.94841297 -2.02282316112e-09 1.05158703185 
40 999.94841297 -1.94465730963e-09 1.05158703176 
41 999.94841297 -1.86649145814e-09 1.05158703168 
42 999.94841297 -1.78832560665e-09 1.0515870316 
43 999.94841297 -1.71015975516e-09 1.05158703152 
44 999.94841297 -1.63199390367e-09 1.05158703144 
45 999.94841297 -1.55382805218e-09 1.05158703135 
46 999.94841297 -1.47566220069e-09 1.05158703127 
47 999.94841297 -1.3974963492e-09 1.05158703119 
48 999.94841297 -1.31933049771e-09 1.05158703111 
49 999.94841297 -1.24116464622e-09 1.05158703103 
50 999.94841297 -1.16299879473e-09 1.05158703094 
51 999.94841297 -1.08483294324e-09 1.05158703086 
52 999.94841297 -1.00666709175e-09 1.05158703078 
53 999.94841297 -9.28501240264e-10 1.0515870307 
54 999.94841297 -8.50335388775e-10 1.05158703061 
55 999.94841297 -7.72169537285e-10 1.05158703053 
56 999.94841297 -6.94003685795e-10 1.05158703045 
57 999.94841297 -6.15837834306e-10 1.05158703037 
58 999.94841297 -5.37671982816e-10 1.05158703029 
59 999.94841297 -4.59506131326e-10 1.0515870302 
60 999.94841297 -3.81340279836e-10 1.05158703012 
61 999.94841297 -3.03174428347e-10 1.05158703004 
62 999.94841297 -2.25008576857e-10 1.05158702996 
63 999.94841297 -1.46842725367e-10 1.05158702987 
64 999.94841297 -8.30216743823e-11 1.05158702981 
65 999.94841297 -8.06933772358e-11 1.0515870298 
66 999.94841297 -7.83650800893e-11 1.0515870298 
67 999.94841297 -7.60367829428e-11 1.0515870298 
68 999.94841297 -7.37084857963e-11 1.0515870298 
69 999.94841297 -7.13801886498e-11 1.05158702979 
70 999.94841297 -6.90518915033e-11 1.05158702979 
