Time S I R
0  10000 1 0
1 9995.19606208 4.84615885457 0.957779062671 
2 9971.97491478 23.4311187836 5.59396643624 
3 9861.07296778 112.041117453 27.8859147664 
4 9360.35074812 508.890029758 131.75922212 
5 7564.82734508 1879.90358349 556.269071428 
6 4183.73610983 4080.37637229 1736.88751788 
7 1689.25930832 4767.14275208 3544.59793961 
8 703.096911278 4006.10487458 5291.79821414 
9 353.348106875 2984.4042124 6663.24768072 
10 214.27943339 2126.5028476 7660.21771901 
11 150.575666236 1486.95776727 8363.46656649 
12 117.793540201 1030.33719195 8852.86926785 
13 99.4077541506 710.462778475 9191.12946737 
14 88.4449300991 488.516642035 9424.03842787 
15 81.6224256502 335.329739325 9584.04783503 
16 77.2487727474 229.929203181 9693.82202407 
17 74.3869825953 157.547469234 9769.06554817 
18 72.4879942347 107.901582601 9820.61042316 
19 71.2156598313 73.877176574 9855.90716359 
20 70.3575232161 50.5711426078 9880.07133418 
21 69.7761142935 34.6126133586 9896.61127235 
22 69.3809693662 23.6877994822 9907.93123115 
23 69.1118438327 16.2101466349 9915.67800953 
24 68.9282805899 11.0925147685 9920.97920464 
25 68.8029522479 7.59031904432 9924.60672871 
26 68.7173255715 5.19375112064 9927.08892331 
27 68.6587965018 3.55382585783 9928.78737764 
28 68.6187768902 2.43168311584 9929.94953999 
29 68.591407254 1.66385301822 9930.74473973 
30 68.5726862076 1.13846840268 9931.28884539 
31 68.5598795547 0.77897884609 9931.6611416 
32 68.551118187 0.533002531433 9931.91587928 
33 68.5451240304 0.36469719929 9932.09017877 
34 68.541022941 0.249537064638 9932.20943999 
35 68.5382169913 0.170740830821 9932.29104218 
36 68.5362971416 0.116825989155 9932.34687687 
37 68.5349835532 0.0799357900996 9932.38508066 
38 68.5340847727 0.0546944390944 9932.41122079 
39 68.5334698074 0.0374235559378 9932.42910664 
40 68.5330490329 0.0256062963208 9932.44134467 
41 68.5327611283 0.0175205845067 9932.44971829 
42 68.532564136 0.0119880971768 9932.45544777 
43 68.5324293473 0.00820257406402 9932.45936808 
44 68.5323371249 0.0056125155455 9932.46205036 
45 68.5322740228 0.00384029667837 9932.46388568 
46 68.5322308453 0.00262765709298 9932.4651415 
47 68.5322013018 0.00179792979165 9932.46600077 
48 68.5321810882 0.00123023135016 9932.46658868 
49 68.5321672553 0.000841733602242 9932.46699101 
50 68.532157791 0.000575929641654 9932.46726628 
51 68.5321513154 0.000394061049265 9932.46745462 
52 68.5321468845 0.000269618254623 9932.4675835 
53 68.5321438535 0.000184494665566 9932.46767165 
54 68.5321417777 0.000126195259182 9932.46773203 
55 68.5321403567 8.6285929123e-05 9932.46777336 
56 68.5321393869 5.90488655988e-05 9932.46780156 
57 68.5321387246 4.04492587735e-05 9932.46782083 
58 68.5321382703 2.76888512886e-05 9932.46783404 
59 68.5321379598 1.89684045392e-05 9932.46784307 
60 68.5321377481 1.30225704987e-05 9932.46784923 
61 68.5321376033 8.95553867601e-06 9932.46785344 
62 68.5321375017 6.10245803195e-06 9932.4678564 
63 68.5321374301 4.09188750592e-06 9932.46785848 
64 68.5321373842 2.80330861395e-06 9932.46785981 
65 68.5321373514 1.88355379699e-06 9932.46786077 
66 68.5321373301 1.28436625313e-06 9932.46786139 
67 68.5321373159 8.85257497473e-07 9932.4678618 
68 68.5321373065 6.20524711831e-07 9932.46786207 
69 68.5321372999 4.35585390593e-07 9932.46786226 
70 68.5321372952 3.03121421214e-07 9932.4678624 
