Time S I R
0  10000 1 0
1 9768.14188813 217.445491141 15.4126207285 
2 1738.8857988 7112.78719299 1149.32700821 
3 29.185144157 6137.04009547 3834.77476037 
4 1.50583348834 4217.05236488 5782.44180163 
5 0.197561933455 2884.35724557 7116.4451925 
6 0.0492464796207 1972.25253096 8028.69822256 
7 0.0190402926746 1348.51971357 8652.46124614 
8 0.00999378919732 922.038176915 9078.9518293 
9 0.00641003793135 630.432481157 9370.5611088 
10 0.00473262309788 431.050110457 9569.94515692 
11 0.00384596339609 294.724812129 9706.27134191 
12 0.00333730845523 201.514131997 9799.48253069 
13 0.00302876575552 137.782389618 9863.21458162 
14 0.00283439117447 94.2067550552 9906.79041055 
15 0.00270872501824 64.4125273944 9936.58476388 
16 0.00262602372641 44.0411222031 9956.95625177 
17 0.00257093628534 30.1124779717 9970.88495109 
18 0.00253393803723 20.5889687535 9980.40849731 
19 0.00250894809506 14.0774085335 9986.92008252 
20 0.00249200361941 9.62522369067 9991.37228431 
21 0.00248048401409 6.58110590768 9994.41641361 
22 0.0024726383308 4.49973535307 9996.49779201 
23 0.0024672882555 3.0766287918 9997.92090392 
24 0.00246363688348 2.10360009014 9998.89393627 
25 0.0024611434219 1.43830577609 9999.55923308 
26 0.00245944000562 0.983420678293 10000.0141199 
27 0.00245827599792 0.672399605202 10000.3251421 
28 0.00245748044472 0.459743419073 10000.5377991 
29 0.00245693664147 0.314342838968 10000.6832002 
30 0.00245656489642 0.214927283159 10000.7826162 
31 0.00245631075268 0.14695333974 10000.8505903 
32 0.00245613699917 0.100477175568 10000.8970667 
33 0.00245601820643 0.0686998148848 10000.9288442 
34 0.00245593698492 0.0469724743358 10000.9505716 
35 0.00245588145481 0.0321167444473 10000.9654274 
36 0.00245584348522 0.021959346734 10000.9755848 
37 0.00245581752461 0.0150143848535 10000.9825298 
38 0.00245579977491 0.010265862614 10000.9872783 
39 0.00245578763861 0.00701912863325 10000.9905251 
40 0.00245577934402 0.00479922893164 10000.992745 
41 0.00245577367059 0.00328149128581 10000.9942627 
42 0.00245576979069 0.00224367335653 10000.9953006 
43 0.0024557671386 0.0015340824557 10000.9960102 
44 0.00245576532507 0.00104892103037 10000.9964953 
45 0.00245576408452 0.000717190062015 10000.996827 
46 0.00245576323869 0.000490352675906 10000.9970539 
47 0.00245576265843 0.000335269275353 10000.997209 
48 0.00245576226007 0.000229228196118 10000.997315 
49 0.00245576198904 0.000156726837329 10000.9973875 
50 0.00245576180168 0.000107170926589 10000.9974371 
51 0.00245576167436 7.32303918363e-05 10000.997471 
52 0.00245576158886 5.00440004676e-05 10000.9974942 
53 0.00245576152884 3.42359488727e-05 10000.99751 
54 0.00245576148882 2.34071423541e-05 10000.9975208 
55 0.00245576145971 1.60273174547e-05 10000.9975282 
56 0.00245576144152 1.09781064057e-05 10000.9975333 
57 0.00245576143061 7.53681690229e-06 10000.9975367 
58 0.00245576142152 5.16779524541e-06 10000.9975391 
59 0.00245576141606 3.51658391924e-06 10000.9975407 
60 0.00245576141242 2.36665705785e-06 10000.9975419 
61 0.00245576140878 1.6103657452e-06 10000.9975426 
62 0.00245576140696 1.08046602275e-06 10000.9975432 
63 0.00245576140333 7.38943602462e-07 10000.9975435 
64 0.00245576140333 5.12991231474e-07 10000.9975437 
65 0.00245576140151 3.58544384233e-07 10000.9975439 
66 0.00245576140151 2.51370763314e-07 10000.997544 
67 0.00245576140333 1.74821743881e-07 10000.9975441 
68 0.00245576140151 1.20627236766e-07 10000.9975441 
69 0.00245576139969 8.34180022765e-08 10000.9975442 
70 0.00245576140151 5.7678648368e-08 10000.9975442 
