Time S I R
0  10000 1 0
1 9333.35596351 642.25806513 25.3859713574 
2 247.702731418 8392.52729526 1360.76997332 
3 1.41650329763 6738.78620077 3260.79729593 
4 0.0247155724883 5250.96362741 4750.01165701 
5 0.00127345585861 4090.75571048 5910.24301607 
6 0.000166050544067 3186.88340682 6814.11642713 
7 2.99478633679e-05 2482.72626864 7518.27370142 
8 5.54963116883e-06 1934.15507073 8066.84492372 
9 0 1506.79517797 8494.20482203 
10 0 1173.86117046 8827.13882954 
11 0 914.490895705 9086.5091043 
12 0 712.42969592 9288.57030408 
13 0 555.014843346 9445.98515665 
14 0 432.38138994 9568.61861006 
15 0 336.844567897 9664.1554321 
16 0 262.417076036 9738.58292396 
17 0 204.434656615 9796.56534338 
18 0 159.263728325 9841.73627168 
19 0 124.073582176 9876.92641782 
20 0 96.6588790768 9904.34112092 
21 0 75.3016071718 9925.69839283 
22 0 58.6633260068 9942.33667399 
23 0 45.7013595196 9955.29864048 
24 0 35.6034058523 9965.39659415 
25 0 27.7366473012 9973.2633527 
26 0 21.6080911178 9979.39190888 
27 0 16.8336720699 9984.16632793 
28 0 13.1141856712 9987.88581433 
29 0 10.2165384328 9990.78346157 
30 0 7.9591411627 9993.04085884 
31 0 6.20052738876 9994.79947261 
32 0 4.8304884927 9996.16951151 
33 0 3.76316699851 9997.236833 
34 0 2.9316759078 9998.06832409 
35 0 2.28390701131 9998.71609299 
36 0 1.77926592868 9999.22073407 
37 0 1.3861278652 9999.61387213 
38 0 1.07985567759 9999.92014432 
39 0 0.841255930926 10000.1587441 
40 0 0.65537607554 10000.3446239 
41 0 0.510567364529 10000.4894326 
42 0 0.397754872295 10000.6022451 
43 0 0.309868871952 10000.6901311 
44 0 0.24140167351 10000.7585983 
45 0 0.188062640638 10000.8119374 
46 0 0.146509229704 10000.8534908 
47 0 0.114137227759 10000.8858628 
48 0 0.0889180107952 10000.911082 
49 0 0.0692711093242 10000.9307289 
50 0 0.0539652872804 10000.9460347 
51 0 0.0420413674063 10000.9579586 
52 0 0.032752102087 10000.9672479 
53 0 0.0255153540236 10000.9744846 
54 0 0.0198776014724 10000.9801224 
55 0 0.0154855408542 10000.9845145 
56 0 0.012063929411 10000.9879361 
57 0 0.0093983402611 10000.9906017 
58 0 0.0073217069855 10000.9926783 
59 0 0.00570394022336 10000.9942961 
60 0 0.00444367781688 10000.9955563 
61 0 0.0034618748751 10000.9965381 
62 0 0.00269696323181 10000.997303 
63 0 0.00210106065502 10000.9978989 
64 0 0.00163682311165 10000.9983632 
65 0 0.00127516715919 10000.9987248 
66 0 0.000993436332942 10000.9990066 
67 0 0.00077392628728 10000.9992261 
68 0 0.000602903086037 10000.9993971 
69 0 0.000469680914511 10000.9995303 
70 0 0.000365906590216 10000.9996341 
