Time S I R
0  1000 1 0
1 999.962160124 0.491292269254 0.546547607076 
2 999.943570278 0.241368492668 0.815061229057 
3 999.934437326 0.118582322571 0.946980351468 
4 999.92995043 0.0582586942756 1.01179087587 
5 999.927746067 0.0286222506309 1.04363168237 
6 999.926663071 0.0140619453817 1.05927498327 
7 999.926131004 0.00690857327113 1.0669604228 
8 999.925869602 0.003394151906 1.07073624652 
9 999.925741174 0.00166750330163 1.07259132308 
10 999.925678079 0.000819233024261 1.0735026876 
11 999.92564708 0.000402458731305 1.07395046152 
12 999.925631851 0.000197715901738 1.0741704331 
13 999.92562437 9.71431703102e-05 1.07427848642 
14 999.925620691 4.76743063446e-05 1.07433163477 
15 999.925618889 2.34479358067e-05 1.0743576631 
16 999.925618003 1.15339826492e-05 1.07437046321 
17 999.92561757 5.70941459881e-06 1.07437672101 
18 999.925617352 2.78877418617e-06 1.07437985888 
19 999.925617245 1.34272091916e-06 1.07438141249 
20 999.925617193 6.48315143081e-07 1.07438215855 
21 999.925617169 3.29230608375e-07 1.07438250137 
22 999.925617157 1.68343847312e-07 1.07438267422 
23 999.925617151 8.46183688905e-08 1.07438276417 
24 999.925617148 4.24397671217e-08 1.07438280949 
25 999.925617146 1.29561068065e-08 1.07438284117 
26 999.925617144 -1.26736171713e-08 1.0743828687 
27 999.925617143 -2.69828039518e-08 1.07438288408 
28 999.925617143 -2.9971453535e-08 1.07438288729 
29 999.925617143 -2.1639565921e-08 1.07438287833 
30 999.925617143 -2.37733708855e-08 1.07438288063 
31 999.925617143 -2.42753069614e-08 1.07438288117 
32 999.925617143 -2.19169015132e-08 1.07438287863 
33 999.925617144 -1.66981545408e-08 1.07438287303 
34 999.925617144 -1.13028539207e-08 1.07438286723 
35 999.925617144 -9.28835052304e-09 1.07438286507 
36 999.925617144 -7.27384712534e-09 1.0743828629 
37 999.925617145 -5.25934372764e-09 1.07438286074 
38 999.925617145 -3.24484032994e-09 1.07438285857 
39 999.925617145 -2.78653945242e-09 1.07438285808 
40 999.925617145 -2.72636413946e-09 1.07438285801 
41 999.925617145 -2.6661888265e-09 1.07438285795 
42 999.925617145 -2.60601351354e-09 1.07438285789 
43 999.925617145 -2.54583820058e-09 1.07438285782 
44 999.925617145 -2.48566288762e-09 1.07438285776 
45 999.925617145 -2.42548757465e-09 1.07438285769 
46 999.925617145 -2.36531226169e-09 1.07438285763 
47 999.925617145 -2.30513694873e-09 1.07438285756 
48 999.925617145 -2.24496163577e-09 1.0743828575 
49 999.925617145 -2.18478632281e-09 1.07438285743 
50 999.925617145 -2.12461100984e-09 1.07438285737 
51 999.925617145 -2.06443569688e-09 1.0743828573 
52 999.925617145 -2.00426038392e-09 1.07438285724 
53 999.925617145 -1.94408507096e-09 1.07438285717 
54 999.925617145 -1.883909758e-09 1.07438285711 
55 999.925617145 -1.82373444503e-09 1.07438285705 
56 999.925617145 -1.76355913207e-09 1.07438285698 
57 999.925617145 -1.70338381911e-09 1.07438285692 
58 999.925617145 -1.64320850615e-09 1.07438285685 
59 999.925617145 -1.58303319319e-09 1.07438285679 
60 999.925617145 -1.52285788023e-09 1.07438285672 
61 999.925617145 -1.46268256726e-09 1.07438285666 
62 999.925617145 -1.4025072543e-09 1.07438285659 
63 999.925617145 -1.34233194134e-09 1.07438285653 
64 999.925617145 -1.28215662838e-09 1.07438285646 
65 999.925617145 -1.22198131542e-09 1.0743828564 
66 999.925617145 -1.16180600245e-09 1.07438285633 
67 999.925617145 -1.10163068949e-09 1.07438285627 
68 999.925617145 -1.04145537653e-09 1.0743828562 
69 999.925617145 -9.81280063568e-10 1.07438285614 
70 999.925617145 -9.21104750606e-10 1.07438285608 
