Time S I R
0  1000 1 0
1 999.839085598 0.653280255221 0.507634147149 
2 999.733978009 0.426762474887 0.83925951567 
3 999.665322892 0.278784712933 1.05589239544 
4 999.620476076 0.182114827677 1.19740909589 
5 999.591181333 0.11896489839 1.28985376853 
6 999.572045341 0.0777124652674 1.35024219417 
7 999.559545183 0.0507646160332 1.38969020064 
8 999.551379771 0.0331613468922 1.41545888217 
9 999.546045843 0.0216621731378 1.43229198376 
10 999.54256156 0.0141505173084 1.44328792224 
11 999.540285493 0.00924359374607 1.45047091344 
12 999.538798769 0.00603839076912 1.45516283991 
13 999.537827488 0.00394441696992 1.45822809524 
14 999.537193041 0.00257661927579 1.46023033978 
15 999.536778593 0.00168311382305 1.46153829343 
16 999.536507863 0.00109944889701 1.46239268839 
17 999.536331022 0.000718200079083 1.46295077749 
18 999.536215494 0.000469132397274 1.46331537389 
19 999.536140035 0.000306451911009 1.46355351285 
20 999.536090735 0.000200165336475 1.46370909987 
21 999.536058541 0.000130758642723 1.46381070049 
22 999.536037508 8.54132601987e-05 1.46387707908 
23 999.536023745 5.57431867353e-05 1.46392051145 
24 999.536014781 3.64159464854e-05 1.46394880353 
25 999.536008916 2.3773144949e-05 1.46396731062 
26 999.536005109 1.55656779658e-05 1.46397932508 
27 999.536002616 1.01894430457e-05 1.46398719505 
28 999.536000993 6.69071254625e-06 1.46399231665 
29 999.535999917 4.37079438115e-06 1.46399571265 
30 999.535999176 2.7752945957e-06 1.46399804821 
31 999.535998738 1.82915324177e-06 1.46399943321 
32 999.535998433 1.17282633961e-06 1.46400039397 
33 999.535998243 7.62713293426e-07 1.46400099432 
34 999.535998123 5.04892094524e-07 1.46400137173 
35 999.535998046 3.38204579395e-07 1.46400161573 
36 999.535997994 2.26873804959e-07 1.4640017787 
37 999.535997959 1.50905812864e-07 1.46400188991 
38 999.535997935 9.9652601481e-08 1.46400196493 
39 999.53599792 6.56913667536e-08 1.46400201465 
40 999.535997909 4.35882405287e-08 1.464002047 
41 999.535997901 2.48380877714e-08 1.46400207445 
42 999.535997891 4.5280964946e-09 1.46400210418 
43 999.535997884 -1.12085874625e-08 1.46400212722 
44 999.535997879 -2.23719641e-08 1.46400214356 
45 999.535997876 -2.89620334179e-08 1.46400215321 
46 999.535997875 -3.09787954161e-08 1.46400215616 
47 999.535997876 -2.84222500947e-08 1.46400215242 
48 999.535997879 -2.18036447529e-08 1.46400214273 
49 999.535997878 -2.43517707067e-08 1.46400214646 
50 999.535997877 -2.57097665723e-08 1.46400214844 
51 999.535997877 -2.58776323497e-08 1.46400214869 
52 999.535997878 -2.48553680388e-08 1.46400214719 
53 999.535997879 -2.26429736397e-08 1.46400214396 
54 999.53599788 -1.92404491524e-08 1.46400213897 
55 999.535997882 -1.46477945768e-08 1.46400213225 
56 999.535997883 -1.25947335326e-08 1.46400212925 
57 999.535997884 -1.11942790883e-08 1.4640021272 
58 999.535997885 -9.79382464394e-09 1.46400212515 
59 999.535997885 -8.39337019961e-09 1.4640021231 
60 999.535997886 -6.99291575528e-09 1.46400212105 
61 999.535997887 -5.59246131095e-09 1.464002119 
62 999.535997887 -4.19200686662e-09 1.46400211695 
63 999.535997888 -3.2733971207e-09 1.4640021156 
64 999.535997888 -3.22999639425e-09 1.46400211554 
65 999.535997888 -3.1865956678e-09 1.46400211547 
66 999.535997888 -3.14319494136e-09 1.46400211541 
67 999.535997888 -3.09979421491e-09 1.46400211535 
68 999.535997888 -3.05639348846e-09 1.46400211528 
69 999.535997888 -3.01299276202e-09 1.46400211522 
70 999.535997888 -2.96959203557e-09 1.46400211516 
