Time S I R
0  10000 1 0
1 9470.50021523 516.32099001 14.1787947588 
2 357.862862761 8775.21163922 867.925498024 
3 1.6122816903 7723.43816512 2275.94955319 
4 0.0160946885517 6526.2678399 3474.71606541 
5 0.00018619327966 5513.50031024 4487.49950356 
6 0 4657.88477295 5343.11522705 
7 0 3935.04926682 6065.95073318 
8 0 3324.38635073 6676.61364927 
9 0 2808.48820822 7192.51179178 
10 0 2372.6508996 7628.3491004 
11 0 2004.44876874 7996.55123126 
12 0 1693.39048808 8307.60951192 
13 0 1430.60042764 8570.39957236 
14 0 1208.59222156 8792.40777844 
15 0 1021.03635481 8979.96364519 
16 0 862.586450261 9138.41354974 
17 0 728.725801479 9272.27419852 
18 0 615.638307338 9385.36169266 
19 0 520.100329331 9480.89967067 
20 0 439.388442753 9561.61155725 
21 0 371.201849291 9629.79815071 
22 0 313.59677968 9687.40322032 
23 0 264.931046479 9736.06895352 
24 0 223.817510737 9777.18248926 
25 0 189.084284253 9811.91571575 
26 0 159.741149106 9841.25885089 
27 0 134.951640037 9866.04835996 
28 0 114.009106873 9886.99089313 
29 0 96.3165371879 9904.68346281 
30 0 81.3695754454 9919.63042455 
31 0 68.7421871738 9932.25781283 
32 0 58.0743937052 9942.92560629 
33 0 49.0620851981 9951.9379148 
34 0 41.4483546499 9959.55164535 
35 0 35.0161670768 9965.98383292 
36 0 29.5821610106 9971.41783899 
37 0 24.9914369523 9976.00856305 
38 0 21.1131267145 9979.88687329 
39 0 17.8366729903 9983.16332701 
40 0 15.0686767825 9985.93132322 
41 0 12.7302360931 9988.26976391 
42 0 10.7546874943 9990.24531251 
43 0 9.08571463371 9991.91428537 
44 0 7.67574181914 9993.32425818 
45 0 6.48457750448 9994.5154225 
46 0 5.47826485259 9995.52173515 
47 0 4.62811705116 9996.37188295 
48 0 3.90989968066 9997.09010032 
49 0 3.30313946564 9997.69686053 
50 0 2.79053998481 9998.20946002 
51 0 2.35748845215 9998.64251155 
52 0 1.99164012672 9999.00835987 
53 0 1.6825661291 9999.31743387 
54 0 1.42145617128 9999.57854383 
55 0 1.20086671912 9999.79913328 
56 0 1.01450949259 9999.98549051 
57 0 0.857072157899 10000.1429278 
58 0 0.724066904915 10000.2759331 
59 0 0.611702194214 10000.3882978 
60 0 0.516774834968 10000.4832252 
61 0 0.436578798483 10000.5634212 
62 0 0.368828035667 10000.631172 
63 0 0.311591257268 10000.6884087 
64 0 0.263236794539 10000.7367632 
65 0 0.222386224077 10000.7776138 
66 0 0.187874926418 10000.8121251 
67 0 0.158719450311 10000.8412805 
68 0 0.134088488236 10000.8659115 
69 0 0.113279851797 10000.8867201 
70 0 0.0957004515048 10000.9042995 
