Time S I R
0  1000 1 0
1 999.914165864 0.939480244525 0.146353891499 
2 999.833533528 0.88261671709 0.283849755 
3 999.757787525 0.829189029409 0.413023446042 
4 999.686632044 0.778990367756 0.534377588737 
5 999.619788934 0.731826125204 0.648384941179 
6 999.556997112 0.687513511947 0.755489375634 
7 999.498011225 0.645880641224 0.856108134103 
8 999.442600578 0.606765804781 0.950633616936 
9 999.390548528 0.570017055593 1.03943441667 
10 999.341651139 0.535491293546 1.12285756746 
11 999.295717322 0.503054356876 1.20122832095 
12 999.252568242 0.472580620917 1.27485113669 
13 999.212035768 0.443951926858 1.34401230547 
14 999.173961223 0.417056723314 1.40898205369 
15 999.138194786 0.391789668252 1.47001554596 
16 999.104595097 0.368051351131 1.52735355215 
17 999.073031696 0.34574993763 1.5812183662 
18 999.043381989 0.324799104961 1.63181890644 
19 999.015530186 0.305117313916 1.67935249994 
20 998.989366984 0.286627582027 1.7240054335 
21 998.964789703 0.269257572995 1.76595272409 
22 998.941702429 0.252939687825 1.80535788287 
23 998.920014771 0.237610209593 1.84237501902 
24 998.899641928 0.223209348324 1.87714872413 
25 998.880504233 0.209680925508 1.90981484108 
26 998.86252681 0.196972127591 1.94050106273 
27 998.845639353 0.185033357827 1.96932728871 
28 998.829775705 0.173817936395 1.99640635884 
29 998.814873842 0.163282094646 2.0218440637 
30 998.800875457 0.153384680354 2.04573986218 
31 998.787725799 0.144087043517 2.06818715754 
32 998.77537349 0.135352912037 2.08927359846 
33 998.7637701 0.127148092521 2.10908180785 
34 998.752870093 0.119440431438 2.12768947517 
35 998.742631007 0.112199937476 2.14516905528 
36 998.733012753 0.105398296216 2.16158895119 
37 998.723977568 0.09900883519 2.17701359712 
38 998.715490207 0.0930066544207 2.19150313908 
39 998.707517492 0.0873683142446 2.20511419372 
40 998.700028131 0.0820717053656 2.21790016345 
41 998.692992836 0.0770961327971 2.22991103111 
42 998.686384153 0.0724221956579 2.2411936513 
43 998.68017616 0.0680315749499 2.2517922655 
44 998.674344509 0.063907064147 2.26174842698 
45 998.668866481 0.060032604397 2.27110091471 
46 998.663720612 0.0563930251036 2.27988636257 
47 998.6588867 0.0529740456832 2.28813925455 
48 998.654345897 0.0497623435649 2.29589175935 
49 998.650080438 0.0467453595532 2.30317420205 
50 998.646073576 0.0439112537367 2.31001517068 
51 998.642309689 0.0412489827905 2.31644132853 
52 998.63877409 0.0387481620058 2.32247774824 
53 998.635452887 0.0363989698652 2.32814814273 
54 998.632332959 0.0341921286801 2.33347491191 
55 998.629402163 0.0321190522066 2.33847878491 
56 998.62664911 0.0301716879982 2.34317920171 
57 998.624063 0.0283423980042 2.34759460212 
58 998.621633637 0.0266239732437 2.35174239001 
59 998.619351557 0.0250097210292 2.35563872215 
60 998.617207888 0.0234933673006 2.35929874438 
61 998.615194219 0.0220689633531 2.36273681728 
62 998.613302607 0.0207308920257 2.36596650102 
63 998.611525676 0.019473937543 2.36900038638 
64 998.609856522 0.0182932163409 2.37185026199 
65 998.608288591 0.017184093745 2.37452731574 
66 998.606815693 0.0161421922684 2.37704211471 
67 998.605432083 0.0151634474936 2.37940446996 
68 998.604132389 0.0142440610381 2.38162355025 
69 998.602911513 0.013380426605 2.38370806072 
70 998.601764641 0.0125691398395 2.38566621907 
