Time S I R
0  10000 1 0
1 9564.29527519 411.970945378 24.733779428 
2 590.804886758 7839.5796609 1570.61545234 
3 6.58267279295 5926.92624565 4067.49108156 
4 0.266834397491 4153.68084123 5847.05232437 
5 0.0281888921108 2907.76205029 7093.20976081 
6 0.0058891816625 2035.44499085 7965.54911997 
7 0.00199289847296 1424.81284236 8576.18516474 
8 0.000907353924049 997.368152582 9003.63094006 
9 0.000524967586898 698.156677938 9302.84279709 
10 0.000359899782779 488.709057171 9512.29058293 
11 0.000276387336271 342.095849468 9658.90387414 
12 0.00022975752654 239.467053361 9761.53271688 
13 0.000201824988835 167.626074005 9833.37372417 
14 0.000184348262337 117.338040439 9883.66177521 
15 0.000173023128809 82.1365009904 9918.86332599 
16 0.0001655117685 57.4954029607 9943.50443153 
17 0.000160448827955 40.2467044863 9960.75313506 
18 0.000156997235536 28.1726376131 9972.82720539 
19 0.00015462540614 19.7208058713 9981.2790395 
20 0.000152986482135 13.8045361652 9987.19531085 
21 0.000151849586473 9.66315595121 9991.3366922 
22 0.000151058795382 6.76419557514 9994.23565337 
23 0.000150507692524 4.73492736443 9996.26492213 
24 0.000150123118146 3.31444247058 9997.68540741 
25 0.000149854500705 2.32010451572 9998.67974563 
26 0.000149666753714 1.62406963879 9999.37578069 
27 0.000149535473611 1.13684636144 9999.8630041 
28 0.00014944364375 0.795790762227 10000.2040598 
29 0.000149379397044 0.557052314389 10000.4427983 
30 0.00014933444254 0.389935782351 10000.6099149 
31 0.00014930297948 0.272954320526 10000.7268964 
32 0.000149280962432 0.191067573147 10000.8087831 
33 0.000149265548316 0.133746999053 10000.8661037 
34 0.000149254763528 0.0936226717103 10000.9062281 
35 0.000149247214722 0.0655357251525 10000.934315 
36 0.000149241928739 0.0458748724897 10000.9539759 
37 0.000149238230733 0.0321123423768 10000.9677384 
38 0.000149235640492 0.0224785850195 10000.9773722 
39 0.00014923382696 0.0157349636344 10000.9841158 
40 0.000149232557305 0.0110144454663 10000.9888363 
41 0.000149231669639 0.00771011171532 10000.9921407 
42 0.000149231049363 0.00539715292649 10000.9944536 
43 0.000149230614625 0.00377800340962 10000.9960728 
44 0.000149230310853 0.00264461095753 10000.9972062 
45 0.000149230098032 0.00185127306985 10000.9979995 
46 0.000149229947056 0.00129590243386 10000.9985549 
47 0.000149229841554 0.000907098590949 10000.9989437 
48 0.000149229770614 0.00063496257658 10000.9992158 
49 0.000149229719682 0.000444461948284 10000.9994063 
50 0.000149229681483 0.000311111399643 10000.9995397 
51 0.000149229656017 0.000217791320027 10000.999633 
52 0.000149229637827 0.000152419456212 10000.9996984 
53 0.000149229626913 0.000106618541328 10000.9997442 
54 0.000149229617818 7.46235586638e-05 10000.9997761 
55 0.000149229612362 5.22891112597e-05 10000.9997985 
56 0.000149229608724 3.6623631504e-05 10000.9998141 
57 0.000149229608724 2.56513543225e-05 10000.9998251 
58 0.000149229606905 1.80006160742e-05 10000.9998328 
59 0.000149229603267 1.26593682677e-05 10000.9998381 
60 0.000149229603267 8.85978066699e-06 10000.9998419 
61 0.000149229601448 6.16945120323e-06 10000.9998446 
62 0.000149229603267 4.25982964324e-06 10000.9998465 
63 0.000149229603267 2.96335941585e-06 10000.9998478 
64 0.000149229603267 2.03741501394e-06 10000.9998487 
65 0.000149229603267 1.42631546019e-06 10000.9998493 
66 0.000149229605086 1.00964004254e-06 10000.9998498 
67 0.000149229603267 7.22176652841e-07 10000.99985 
68 0.000149229603267 5.18002563073e-07 10000.9998503 
69 0.000149229601448 3.68370069238e-07 10000.9998504 
70 0.000149229603267 2.61175708481e-07 10000.9998505 
