Time S I R
0  1000 1 0
1 999.868651876 0.565436492251 0.565911632185 
2 999.794391383 0.319713747094 0.885894869514 
3 999.752404869 0.180772809721 1.06682232115 
4 999.72866575 0.102212424598 1.16912182581 
5 999.715243481 0.0577927434333 1.22696377568 
6 999.707654402 0.0326770885112 1.25966850932 
7 999.703363433 0.0184762436753 1.27816032309 
8 999.700937239 0.010446785841 1.28861597486 
9 999.69956548 0.00590695610798 1.29452756347 
10 999.698789796 0.00333982806031 1.29787037607 
11 999.698351224 0.00188837173974 1.29976040473 
12 999.698103247 0.00106769375494 1.30082905883 
13 999.697963044 0.000603689360357 1.30143326679 
14 999.697883766 0.000341318794537 1.30177491524 
15 999.697838941 0.000192970269998 1.30196808874 
16 999.697813605 0.000109119438486 1.30207727593 
17 999.697799259 6.16438235186e-05 1.30213909677 
18 999.697791164 3.48517160094e-05 1.30217398438 
19 999.697786595 1.97295880479e-05 1.30219367581 
20 999.697784009 1.11726198668e-05 1.30220481835 
21 999.697782554 6.3574762342e-06 1.30221108844 
22 999.697781717 3.58805801152e-06 1.30221469466 
23 999.697781236 1.99556525608e-06 1.30221676834 
24 999.697780967 1.10542279918e-06 1.30221792745 
25 999.697780821 6.22778233556e-07 1.30221855593 
26 999.697780743 3.63271321312e-07 1.30221889385 
27 999.697780697 2.12606294502e-07 1.30221909004 
28 999.69778067 1.22707242332e-07 1.3022192071 
29 999.697780654 7.03907945456e-08 1.30221927523 
30 999.697780645 4.05430936547e-08 1.30221931409 
31 999.697780638 1.52065495425e-08 1.30221934709 
32 999.697780631 -7.69105863481e-09 1.3022193769 
33 999.697780626 -2.27625331977e-08 1.30221939653 
34 999.697780624 -3.00078741463e-08 1.30221940596 
35 999.697780624 -2.94270814804e-08 1.30221940521 
36 999.697780627 -2.13871337722e-08 1.30221939474 
37 999.697780626 -2.43712258436e-08 1.30221939862 
38 999.697780625 -2.5342226833e-08 1.30221939989 
39 999.697780626 -2.43001367403e-08 1.30221939853 
40 999.697780627 -2.12449555655e-08 1.30221939455 
41 999.697780628 -1.61766833087e-08 1.30221938795 
42 999.697780629 -1.21426044316e-08 1.3022193827 
43 999.69778063 -1.03736539817e-08 1.3022193804 
44 999.697780631 -8.6047035317e-09 1.30221937809 
45 999.697780631 -6.83575308176e-09 1.30221937579 
46 999.697780632 -5.06680263181e-09 1.30221937349 
47 999.697780632 -3.29785218187e-09 1.30221937118 
48 999.697780632 -3.05428774829e-09 1.30221937087 
49 999.697780632 -3.00025813027e-09 1.3022193708 
50 999.697780632 -2.94622851224e-09 1.30221937072 
51 999.697780632 -2.89219889421e-09 1.30221937065 
52 999.697780632 -2.83816927619e-09 1.30221937058 
53 999.697780632 -2.78413965816e-09 1.30221937051 
54 999.697780632 -2.73011004013e-09 1.30221937044 
55 999.697780632 -2.67608042211e-09 1.30221937037 
56 999.697780632 -2.62205080408e-09 1.3022193703 
57 999.697780632 -2.56802118605e-09 1.30221937023 
58 999.697780632 -2.51399156803e-09 1.30221937016 
59 999.697780632 -2.45996195e-09 1.30221937009 
60 999.697780632 -2.40593233197e-09 1.30221937002 
61 999.697780632 -2.35190271395e-09 1.30221936995 
62 999.697780632 -2.29787309592e-09 1.30221936988 
63 999.697780632 -2.24384347789e-09 1.30221936981 
64 999.697780632 -2.18981385987e-09 1.30221936974 
65 999.697780632 -2.13578424184e-09 1.30221936967 
66 999.697780632 -2.08175462382e-09 1.3022193696 
67 999.697780632 -2.02772500579e-09 1.30221936953 
68 999.697780633 -1.97369538776e-09 1.30221936946 
69 999.697780633 -1.91966576974e-09 1.30221936939 
70 999.697780633 -1.86563615171e-09 1.30221936932 
