Time S I R
0  1000 1 0
1 999.890753033 0.610542357532 0.498704609168 
2 999.824059447 0.372757692051 0.803182861016 
3 999.783343046 0.227580285092 0.989076669387 
4 999.758485221 0.138944111498 1.10257066773 
5 999.74330921 0.0848292377488 1.17186155254 
6 999.734043948 0.0517904975382 1.21416555397 
7 999.728387348 0.0316195875517 1.23999306475 
8 999.724933835 0.0193046131645 1.25576155153 
9 999.722825379 0.0117859831506 1.26538863818 
10 999.72153812 0.00719568695276 1.27126619275 
11 999.720752232 0.00439324762878 1.27485452007 
12 999.720272382 0.0026821243474 1.27704549323 
13 999.719979438 0.00163749763708 1.2783830642 
14 999.719800586 0.000999717805799 1.27919969633 
15 999.719691396 0.000610350302874 1.27969825396 
16 999.719624728 0.000372615734353 1.2800026563 
17 999.719584029 0.000227485364678 1.2801884855 
18 999.719559182 0.000138880297249 1.28030193803 
19 999.719544014 8.47936895808e-05 1.28037119211 
20 999.719534738 5.17166134432e-05 1.28041354497 
21 999.719529094 3.15872209018e-05 1.28043931924 
22 999.719525649 1.93038966298e-05 1.28045504717 
23 999.719523544 1.17985235283e-05 1.28046465727 
24 999.719522264 7.2350879171e-06 1.28047050043 
25 999.719521478 4.43016725722e-06 1.28047409193 
26 999.719520973 2.62805751206e-06 1.2804763994 
27 999.719520689 1.61580472402e-06 1.28047769552 
28 999.719520506 9.64576099619e-07 1.28047852938 
29 999.719520401 5.89983482768e-07 1.28047900901 
30 999.71952034 3.7080344462e-07 1.28047928966 
31 999.719520301 2.33626078457e-07 1.28047946531 
32 999.719520276 1.45697627101e-07 1.28047957789 
33 999.719520261 9.01343952518e-08 1.28047964904 
34 999.719520251 5.56979206961e-08 1.28047969313 
35 999.719520245 3.45629211136e-08 1.28047972019 
36 999.719520239 1.13346295702e-08 1.28047974993 
37 999.719520233 -7.88252702687e-09 1.28047977454 
38 999.71952023 -2.12714502691e-08 1.28047979168 
39 999.719520227 -2.88321401565e-08 1.28047980136 
40 999.719520227 -3.05645966891e-08 1.28047980358 
41 999.719520228 -2.64688198668e-08 1.28047979834 
42 999.719520229 -2.25290847501e-08 1.28047979329 
43 999.719520229 -2.46452879477e-08 1.280479796 
44 999.719520228 -2.52644023616e-08 1.2804797968 
45 999.719520229 -2.43864279916e-08 1.28047979567 
46 999.719520229 -2.20113648378e-08 1.28047979263 
47 999.71952023 -1.81392129002e-08 1.28047978767 
48 999.719520232 -1.27699721789e-08 1.2804797808 
49 999.719520232 -1.14177189035e-08 1.28047977907 
50 999.719520233 -9.89760840584e-09 1.28047977712 
51 999.719520233 -8.37749790821e-09 1.28047977517 
52 999.719520234 -6.85738741058e-09 1.28047977323 
53 999.719520234 -5.33727691296e-09 1.28047977128 
54 999.719520234 -3.81716641533e-09 1.28047976933 
55 999.719520235 -3.05675295711e-09 1.28047976836 
56 999.719520235 -3.01040444966e-09 1.2804797683 
57 999.719520235 -2.96405594222e-09 1.28047976824 
58 999.719520235 -2.91770743478e-09 1.28047976818 
59 999.719520235 -2.87135892734e-09 1.28047976812 
60 999.719520235 -2.8250104199e-09 1.28047976806 
61 999.719520235 -2.77866191246e-09 1.280479768 
62 999.719520235 -2.73231340502e-09 1.28047976795 
63 999.719520235 -2.68596489758e-09 1.28047976789 
64 999.719520235 -2.63961639014e-09 1.28047976783 
65 999.719520235 -2.5932678827e-09 1.28047976777 
66 999.719520235 -2.54691937526e-09 1.28047976771 
67 999.719520235 -2.50057086782e-09 1.28047976765 
68 999.719520235 -2.45422236038e-09 1.28047976759 
69 999.719520235 -2.40787385294e-09 1.28047976753 
70 999.719520235 -2.3615253455e-09 1.28047976747 
