Time S I R
0  1000 1 0
1 999.97076655 0.655807774885 0.373425675603 
2 999.951595345 0.430081677624 0.618322977121 
3 999.939023188 0.282051699298 0.778925112875 
4 999.930778281 0.184971537215 0.884250181308 
5 999.925371241 0.121305533179 0.953323225707 
6 999.9218253 0.0795531126336 0.998621587756 
7 999.919499848 0.0521715129547 1.02832863924 
8 999.917974804 0.0342144764101 1.04781071947 
9 999.916974684 0.0224382735468 1.06058704277 
10 999.916318784 0.0147151855087 1.06896603079 
11 999.915888641 0.00965034074912 1.07446101821 
12 999.915606559 0.00632888230876 1.07806455843 
13 999.915421562 0.00415057188472 1.08042786636 
14 999.91530023 0.00272190759751 1.08197786288 
15 999.915220664 0.00178504031825 1.08299429553 
16 999.915168484 0.00117062367127 1.08366089276 
17 999.915134266 0.000767718023967 1.08409801598 
18 999.915111822 0.000503447988138 1.08438472969 
19 999.915097105 0.000330156284586 1.08457273854 
20 999.915087454 0.000216513762562 1.08469603238 
21 999.915081124 0.000141986670605 1.08477688884 
22 999.915076975 9.31264014751e-05 1.08482989867 
23 999.915074249 6.10264866624e-05 1.08486472473 
24 999.915072463 4.00009150378e-05 1.08488753594 
25 999.915071296 2.62590215943e-05 1.08490244489 
26 999.91507053 1.72350284711e-05 1.08491223527 
27 999.915070027 1.13119576661e-05 1.08491866137 
28 999.915069698 7.44301552892e-06 1.08492285889 
29 999.915069483 4.90879698293e-06 1.08492560833 
30 999.915069338 3.20421149515e-06 1.08492745768 
31 999.915069241 2.06592243992e-06 1.08492869264 
32 999.91506918 1.34687817261e-06 1.08492947275 
33 999.91506914 8.67012270107e-07 1.08492999337 
34 999.915069114 5.69665183044e-07 1.08493031597 
35 999.915069098 3.82793125914e-07 1.08493051871 
36 999.915069088 2.57897229122e-07 1.08493065422 
37 999.915069081 1.72583224368e-07 1.08493074677 
38 999.915069076 1.14827450436e-07 1.08493080944 
39 999.915069072 7.62313095115e-08 1.08493085131 
40 999.91506907 5.0564858142e-08 1.08493087916 
41 999.915069069 3.35924435818e-08 1.08493089757 
42 999.915069067 1.49926520465e-08 1.08493091775 
43 999.915069066 -2.06246406769e-09 1.08493093625 
44 999.915069065 -1.51089035526e-08 1.08493095041 
45 999.915069064 -2.41466664083e-08 1.08493096021 
46 999.915069064 -2.91757526348e-08 1.08493096567 
47 999.915069063 -3.01961622321e-08 1.08493096678 
48 999.915069064 -2.72078952002e-08 1.08493096353 
49 999.915069064 -2.09206799277e-08 1.08493095671 
50 999.915069064 -2.31035142225e-08 1.08493095908 
51 999.915069064 -2.42722350464e-08 1.08493096035 
52 999.915069064 -2.44268423994e-08 1.08493096052 
53 999.915069064 -2.35673362816e-08 1.08493095958 
54 999.915069064 -2.16937166928e-08 1.08493095755 
55 999.915069064 -1.88059836331e-08 1.08493095442 
56 999.915069065 -1.49041371026e-08 1.08493095018 
57 999.915069065 -1.16491544146e-08 1.08493094665 
58 999.915069065 -1.04458392614e-08 1.08493094535 
59 999.915069065 -9.24252410827e-09 1.08493094404 
60 999.915069065 -8.03920895512e-09 1.08493094274 
61 999.915069065 -6.83589380198e-09 1.08493094143 
62 999.915069066 -5.63257864883e-09 1.08493094013 
63 999.915069066 -4.42926349568e-09 1.08493093882 
64 999.915069066 -3.22594834253e-09 1.08493093751 
65 999.915069066 -2.82737700971e-09 1.08493093708 
66 999.915069066 -2.79137774642e-09 1.08493093704 
67 999.915069066 -2.75537848313e-09 1.084930937 
68 999.915069066 -2.71937921984e-09 1.08493093697 
69 999.915069066 -2.68337995655e-09 1.08493093693 
70 999.915069066 -2.64738069326e-09 1.08493093689 
