Time S I R
0  1000 1 0
1 999.915198151 0.693797064903 0.391004784049 
2 999.856366983 0.481349713279 0.662283303572 
3 999.815553249 0.333956379339 0.850490371647 
4 999.787237644 0.231693856541 0.98106849947 
5 999.767593273 0.160745539008 1.07166118845 
6 999.753964602 0.111522696004 1.13451270222 
7 999.744509361 0.0773725792725 1.17811805981 
8 999.737949528 0.0536797573235 1.20837071432 
9 999.733398459 0.0372420761072 1.22935946471 
10 999.730241063 0.0258380451198 1.24392089225 
11 999.72805049 0.0179260061372 1.25402350397 
12 999.726530706 0.0124367469539 1.26103254751 
13 999.725476311 0.00862840829247 1.26589528055 
14 999.724744836 0.00598640822906 1.26926875621 
15 999.724237294 0.00415322797486 1.2716094783 
16 999.723885166 0.00288138438318 1.27323344956 
17 999.72364088 0.00199905029398 1.27436007008 
18 999.723471391 0.00138687745967 1.2751417314 
19 999.723353812 0.000962194264472 1.27568399398 
20 999.723272235 0.000667549603357 1.27606021505 
21 999.723215635 0.00046311464795 1.27632125062 
22 999.723176371 0.000321297894471 1.27650233128 
23 999.723149129 0.000222903511316 1.27662796749 
24 999.72313023 0.000154641266901 1.27671512907 
25 999.723117121 0.000107295856842 1.2767755827 
26 999.723108019 7.44179435455e-05 1.27681756332 
27 999.723101699 5.15910201547e-05 1.27684671018 
28 999.723097325 3.57919519189e-05 1.27686688344 
29 999.723094298 2.48599128693e-05 1.27688084216 
30 999.723092193 1.72577127209e-05 1.27689054913 
31 999.723090732 1.19817581432e-05 1.27689728581 
32 999.723089723 8.33555582701e-06 1.27690194151 
33 999.723089025 5.81415964116e-06 1.27690516099 
34 999.72308853 4.02674214362e-06 1.27690744328 
35 999.723088166 2.71059404893e-06 1.27690912382 
36 999.723087942 1.90364240753e-06 1.27691015419 
37 999.723087777 1.30582508518e-06 1.27691091752 
38 999.723087662 8.93332497394e-07 1.27691144422 
39 999.723087587 6.20599172581e-07 1.27691179246 
40 999.723087537 4.39134688846e-07 1.27691202417 
41 999.723087501 3.11107163342e-07 1.27691218764 
42 999.723087476 2.20894303095e-07 1.27691230283 
43 999.723087458 1.55774593043e-07 1.27691238598 
44 999.723087445 1.08972947914e-07 1.27691244574 
45 999.723087436 7.64411341482e-08 1.27691248728 
46 999.72308743 5.35901031523e-08 1.27691251645 
47 999.723087426 3.75958850097e-08 1.27691253688 
48 999.723087421 2.15417785907e-08 1.27691255737 
49 999.723087416 4.86437829491e-09 1.27691257867 
50 999.723087413 -8.61496029681e-09 1.27691259588 
51 999.72308741 -1.88962371845e-08 1.27691260901 
52 999.723087408 -2.59794523681e-08 1.27691261805 
53 999.723087407 -2.98646058476e-08 1.27691262301 
54 999.723087407 -3.05516976231e-08 1.27691262389 
55 999.723087407 -2.80407276946e-08 1.27691262068 
56 999.723087409 -2.23316960619e-08 1.2769126134 
57 999.723087409 -2.31456642144e-08 1.27691261443 
58 999.723087408 -2.46004936797e-08 1.27691261629 
59 999.723087408 -2.52339349012e-08 1.2769126171 
60 999.723087408 -2.50459878789e-08 1.27691261686 
61 999.723087408 -2.40366526127e-08 1.27691261557 
62 999.723087409 -2.22059291027e-08 1.27691261323 
63 999.72308741 -1.95538173489e-08 1.27691260985 
64 999.723087411 -1.60803173512e-08 1.27691260541 
65 999.723087412 -1.26930114791e-08 1.27691260109 
66 999.723087412 -1.15673661503e-08 1.27691259965 
67 999.723087412 -1.04417208216e-08 1.27691259821 
68 999.723087413 -9.31607549293e-09 1.27691259678 
69 999.723087413 -8.19043016422e-09 1.27691259534 
70 999.723087413 -7.06478483551e-09 1.2769125939 
