Time S I R
0  1000 1 0
1 999.96178884 0.559627364413 0.478583795754 
2 999.940405579 0.313183443301 0.746410978162 
3 999.928439025 0.175265385158 0.896295590141 
4 999.921742331 0.0980832315993 0.980174437651 
5 999.917994705 0.0548900518902 1.02711524359 
6 999.915897448 0.0307180911058 1.0533844611 
7 999.914723763 0.017190743885 1.0680854934 
8 999.914066933 0.00962041834598 1.07631264907 
9 999.913699366 0.00538400674977 1.08091662758 
10 999.913493647 0.00301298578031 1.08349336713 
11 999.913378524 0.00168612715473 1.08493534892 
12 999.913314098 0.0009435838113 1.08574231807 
13 999.913278044 0.000528044369142 1.08619391124 
14 999.913257868 0.000295499871893 1.08644663216 
15 999.913246576 0.000165357013572 1.08658806669 
16 999.913240259 9.25498773175e-05 1.08666719084 
17 999.913236718 5.17392569868e-05 1.08671154234 
18 999.913234743 2.89681880724e-05 1.08673628911 
19 999.913233638 1.62309161416e-05 1.08675013152 
20 999.913233019 9.1035073787e-06 1.08675787732 
21 999.913232675 5.13191188223e-06 1.08676219351 
22 999.913232477 2.85269666047e-06 1.08676467048 
23 999.913232366 1.57160936138e-06 1.08676606272 
24 999.913232304 8.58999273397e-07 1.08676683716 
25 999.913232271 4.84896769434e-07 1.08676724372 
26 999.913232254 2.81582851518e-07 1.08676746467 
27 999.913232243 1.62527544535e-07 1.08676759406 
28 999.913232237 9.25276749443e-08 1.08676767013 
29 999.913232234 5.25914630547e-08 1.08676771353 
30 999.913232232 2.98069813297e-08 1.08676773829 
31 999.91323223 3.39273597712e-09 1.086767767 
32 999.913232228 -1.5432426934e-08 1.08676778746 
33 999.913232227 -2.66685074036e-08 1.08676779967 
34 999.913232227 -3.03155054317e-08 1.08676780363 
35 999.913232227 -2.63734210184e-08 1.08676779935 
36 999.913232227 -2.22106966739e-08 1.08676779482 
37 999.913232227 -2.42079246635e-08 1.08676779699 
38 999.913232227 -2.42852675569e-08 1.08676779708 
39 999.913232227 -2.24427253541e-08 1.08676779508 
40 999.913232228 -1.86802980551e-08 1.08676779099 
41 999.913232228 -1.299798566e-08 1.08676778481 
42 999.913232228 -1.07001705737e-08 1.08676778231 
43 999.913232229 -9.04449640284e-09 1.08676778051 
44 999.913232229 -7.38882223198e-09 1.08676777872 
45 999.913232229 -5.73314806112e-09 1.08676777692 
46 999.913232229 -4.07747389026e-09 1.08676777512 
47 999.913232229 -2.83933318407e-09 1.08676777377 
48 999.913232229 -2.78980073179e-09 1.08676777372 
49 999.913232229 -2.74026827952e-09 1.08676777366 
50 999.913232229 -2.69073582725e-09 1.08676777361 
51 999.913232229 -2.64120337498e-09 1.08676777356 
52 999.913232229 -2.5916709227e-09 1.0867677735 
53 999.913232229 -2.54213847043e-09 1.08676777345 
54 999.913232229 -2.49260601816e-09 1.08676777339 
55 999.913232229 -2.44307356588e-09 1.08676777334 
56 999.913232229 -2.39354111361e-09 1.08676777329 
57 999.913232229 -2.34400866134e-09 1.08676777323 
58 999.913232229 -2.29447620907e-09 1.08676777318 
59 999.913232229 -2.24494375679e-09 1.08676777313 
60 999.913232229 -2.19541130452e-09 1.08676777307 
61 999.913232229 -2.14587885225e-09 1.08676777302 
62 999.913232229 -2.09634639997e-09 1.08676777296 
63 999.913232229 -2.0468139477e-09 1.08676777291 
64 999.913232229 -1.99728149543e-09 1.08676777286 
65 999.913232229 -1.94774904316e-09 1.0867677728 
66 999.913232229 -1.89821659088e-09 1.08676777275 
67 999.913232229 -1.84868413861e-09 1.08676777269 
68 999.913232229 -1.79915168634e-09 1.08676777264 
69 999.913232229 -1.74961923406e-09 1.08676777259 
70 999.913232229 -1.70008678179e-09 1.08676777253 
