Time S I R
0  1000 1 0
1 999.902147305 0.813172992606 0.284679702607 
2 999.822583092 0.661243064761 0.516173843388 
3 999.75788931 0.537695030196 0.704415660051 
4 999.705285687 0.437227034935 0.857487277706 
5 999.662514993 0.355533046173 0.981951961005 
6 999.627735849 0.289099383377 1.08316476724 
7 999.5994568 0.235079325716 1.16546387432 
8 999.576462363 0.191152485448 1.23238515127 
9 999.557765104 0.155433514149 1.28680138206 
10 999.542561925 0.12638883266 1.33104924251 
11 999.53019988 0.102771455581 1.36702866462 
12 999.520147936 0.0835671416102 1.39628492215 
13 999.511974421 0.0679513624516 1.42007421646 
14 999.505328305 0.0552535870656 1.43941810837 
15 999.49992415 0.0449285552173 1.45514729432 
16 999.495529891 0.0365329388834 1.46793716979 
17 999.491956844 0.0297062775214 1.47833687867 
18 999.489051442 0.0241551916934 1.48679336653 
19 999.486688949 0.0196413743314 1.49366967693 
20 999.484767936 0.0159710446157 1.49926101928 
21 999.483205902 0.0129865786792 1.50380751968 
22 999.481935762 0.0105598093447 1.50750442889 
23 999.480902977 0.0085865352022 1.51051048754 
24 999.480063238 0.00698209712095 1.51295466519 
25 999.479380383 0.00567740794194 1.51494220894 
26 999.478825116 0.00461649116658 1.51655839298 
27 999.478373576 0.00375375946233 1.51787266463 
28 999.478006435 0.00305228418616 1.51894128059 
29 999.477707923 0.00248193410152 1.51981014244 
30 999.477465168 0.00201811459407 1.52051671727 
31 999.477267782 0.00164097865926 1.52109123974 
32 999.477107285 0.00133432701517 1.52155838759 
33 999.476976782 0.00108498024205 1.52193823816 
34 999.476870679 0.000882255674621 1.52224706525 
35 999.476784382 0.000717372639519 1.52249824519 
36 999.476714213 0.000583303482217 1.5227024838 
37 999.47665716 0.000474295638762 1.52286854444 
38 999.476610769 0.000385658611349 1.52300357253 
39 999.476573052 0.000313595394747 1.52311335236 
40 999.476542377 0.000254985762786 1.52320263724 
41 999.476517431 0.000207323092561 1.52327524571 
42 999.476497157 0.000168585643838 1.52333425765 
43 999.476480668 0.000137082463322 1.52338224904 
44 999.476467267 0.000111476891144 1.52342125612 
45 999.476456361 9.06398152471e-05 1.52345299895 
46 999.476447477 7.36657386405e-05 1.52347885695 
47 999.476440258 5.98721783207e-05 1.52349986982 
48 999.476434398 4.8675537226e-05 1.52351692658 
49 999.476429637 3.95798724511e-05 1.52353078276 
50 999.476425778 3.22062443421e-05 1.52354201561 
51 999.476422636 2.62031321675e-05 1.52355116065 
52 999.476420074 2.13078643144e-05 1.52355861801 
53 999.476417995 1.73346836794e-05 1.52356467068 
54 999.476416302 1.41007469183e-05 1.52356959721 
55 999.476414929 1.14773303256e-05 1.52357359367 
56 999.476413815 9.34872379918e-06 1.52357683635 
57 999.47641291 7.61987600808e-06 1.52357947005 
58 999.476412176 6.21697054433e-06 1.52358160721 
59 999.476411568 5.0547234364e-06 1.52358337776 
60 999.476411068 4.10066561489e-06 1.52358483115 
61 999.476410662 3.32384042591e-06 1.52358601455 
62 999.476410309 2.64950283316e-06 1.52358704183 
63 999.476410056 2.16668405624e-06 1.52358777735 
64 999.476409842 1.7575467463e-06 1.52358840062 
65 999.476409664 1.41712807155e-06 1.52358891921 
66 999.476409518 1.13942537967e-06 1.52358934225 
67 999.476409406 9.23988913827e-07 1.52358967044 
68 999.476409315 7.51704684509e-07 1.5235899329 
69 999.476409242 6.12346194093e-07 1.5235901452 
70 999.476409186 5.04571203485e-07 1.52359030938 
