Time S I R
0  1000 1 0
1 999.882033812 0.656041014932 0.461925172578 
2 999.804650658 0.430382095787 0.764967245817 
3 999.753889329 0.282342982032 0.963767688719 
4 999.720589723 0.185223336921 1.09418694011 
5 999.698745072 0.121510171683 1.17974475648 
6 999.684414869 0.079712993425 1.23587213762 
7 999.675014094 0.052293136942 1.27269276858 
8 999.668847089 0.03430524031 1.2968476702 
9 999.664801473 0.0225049204617 1.31269360655 
10 999.662147464 0.0147636302313 1.32308890543 
11 999.660406383 0.00968517725066 1.32990844006 
12 999.659264266 0.00635380040192 1.33438193398 
13 999.658514954 0.00416817380078 1.33731687187 
14 999.658023386 0.00273434341406 1.3392422704 
15 999.657700924 0.00179376828158 1.34050530802 
16 999.657489379 0.0011767241698 1.34133389664 
17 999.657350611 0.000771957597938 1.34187743146 
18 999.657259565 0.000506390367175 1.34223404448 
19 999.657199845 0.000332195991449 1.34246795881 
20 999.657160667 0.000217918737644 1.34262141432 
21 999.657134966 0.0001429535691 1.34272208018 
22 999.657118111 9.37903823625e-05 1.34278809824 
23 999.657107031 6.14698283944e-05 1.34283149941 
24 999.657099777 4.03108566889e-05 1.34285991242 
25 999.657095034 2.64763287067e-05 1.34287848991 
26 999.657091916 1.73816062982e-05 1.34289070262 
27 999.65708987 1.14147333878e-05 1.34289871515 
28 999.657088534 7.51677940704e-06 1.34290394946 
29 999.657087655 4.95242376708e-06 1.34290739297 
30 999.657087065 3.23167557554e-06 1.34290970365 
31 999.657086673 2.08871548442e-06 1.34291123845 
32 999.657086422 1.35642911232e-06 1.34291222179 
33 999.657086257 8.76948822754e-07 1.34291286566 
34 999.657086154 5.76736402357e-07 1.34291326879 
35 999.65708609 3.88440072314e-07 1.34291352164 
36 999.657086047 2.61969684882e-07 1.34291369147 
37 999.657086017 1.75198373075e-07 1.34291380799 
38 999.657085997 1.16362073552e-07 1.342913887 
39 999.657085983 7.72701054441e-08 1.34291393949 
40 999.657085974 5.13575328058e-08 1.34291397429 
41 999.657085968 3.41267723186e-08 1.34291399743 
42 999.657085961 1.35023303483e-08 1.34291402512 
43 999.657085955 -3.90777721385e-09 1.3429140485 
44 999.657085951 -1.69924621677e-08 1.34291406607 
45 999.657085948 -2.57517245132e-08 1.34291407783 
46 999.657085946 -3.01855642503e-08 1.34291408379 
47 999.657085946 -3.02939813792e-08 1.34291408393 
48 999.657085948 -2.60769758998e-08 1.34291407827 
49 999.657085949 -2.24821653759e-08 1.34291407344 
50 999.657085948 -2.45132959798e-08 1.34291407617 
51 999.657085948 -2.54287499197e-08 1.3429140774 
52 999.657085948 -2.52285271955e-08 1.34291407713 
53 999.657085949 -2.39126278073e-08 1.34291407537 
54 999.657085949 -2.1481051755e-08 1.3429140721 
55 999.657085951 -1.79337990386e-08 1.34291406734 
56 999.657085952 -1.32708696582e-08 1.34291406108 
57 999.657085953 -1.19165319733e-08 1.34291405926 
58 999.657085953 -1.05904590342e-08 1.34291405748 
59 999.657085954 -9.26438609507e-09 1.34291405569 
60 999.657085954 -7.93831315597e-09 1.34291405391 
61 999.657085954 -6.61224021687e-09 1.34291405213 
62 999.657085955 -5.28616727777e-09 1.34291405035 
63 999.657085955 -3.96009433867e-09 1.34291404857 
64 999.657085956 -3.12985739947e-09 1.34291404746 
65 999.657085956 -3.08921547301e-09 1.3429140474 
66 999.657085956 -3.04857354656e-09 1.34291404735 
67 999.657085956 -3.00793162011e-09 1.34291404729 
68 999.657085956 -2.96728969366e-09 1.34291404724 
69 999.657085956 -2.9266477672e-09 1.34291404718 
70 999.657085956 -2.88600584075e-09 1.34291404713 
