Time S I R
0  1000 1 0
1 999.857266678 0.629812337576 0.512920984118 
2 999.767382539 0.396654713005 0.835962747939 
3 999.710778694 0.249810578909 1.03941072684 
4 999.675131549 0.157327311591 1.16754113947 
5 999.652682236 0.0990822712472 1.2482354928 
6 999.6385443 0.0624002790927 1.29905542082 
7 999.629640585 0.0392985174314 1.33106089771 
8 999.624033303 0.0247496032642 1.35121709354 
9 999.620501904 0.0155868118052 1.36391128445 
10 999.618277907 0.00981626684396 1.37190582614 
11 999.61687735 0.00618226897337 1.37694038133 
12 999.615995213 0.00389340347213 1.38011138336 
13 999.615439686 0.00245198516024 1.38210832863 
14 999.615089814 0.00154417495627 1.3833660114 
15 999.614869485 0.000972491497251 1.38415802316 
16 999.614730723 0.000612447106084 1.38465682957 
17 999.61464333 0.000385688248585 1.38497098185 
18 999.614588296 0.00024289268931 1.38516881117 
19 999.614553637 0.000152963310899 1.38529339954 
20 999.614531816 9.63441075885e-05 1.38537183992 
21 999.614518046 6.06151077696e-05 1.38542133896 
22 999.614509394 3.81652482578e-05 1.38545244105 
23 999.614503961 2.40701650629e-05 1.38547196841 
24 999.61450053 1.51666540228e-05 1.38548430336 
25 999.614498375 9.57495689932e-06 1.38549205011 
26 999.614497023 6.06679318051e-06 1.38549691033 
27 999.614496154 3.81144623096e-06 1.38550003489 
28 999.614495592 2.35402783904e-06 1.385502054 
29 999.614495254 1.4762016704e-06 1.38550327014 
30 999.614495036 9.12564022654e-07 1.38550405101 
31 999.614494907 5.76621359335e-07 1.38550451642 
32 999.614494829 3.73702941137e-07 1.38550479755 
33 999.614494778 2.42498157014e-07 1.38550497932 
34 999.614494745 1.55874663915e-07 1.38550509933 
35 999.614494723 9.93228419399e-08 1.38550517767 
36 999.614494709 6.32088126622e-08 1.38550522771 
37 999.6144947 4.04679178966e-08 1.38550525921 
38 999.614494692 1.97370973713e-08 1.38550528793 
39 999.614494684 -6.94711085188e-10 1.38550531624 
40 999.614494679 -1.58695427681e-08 1.38550533726 
41 999.614494675 -2.57873976775e-08 1.385505351 
42 999.614494673 -3.04482758133e-08 1.38550535746 
43 999.614494673 -2.98521771755e-08 1.38550535663 
44 999.614494675 -2.39991017641e-08 1.38550534853 
45 999.614494676 -2.35471185513e-08 1.3855053479 
46 999.614494675 -2.52411984363e-08 1.38550535025 
47 999.614494675 -2.55758645572e-08 1.38550535071 
48 999.614494675 -2.45511169139e-08 1.38550534929 
49 999.614494676 -2.21669555066e-08 1.38550534599 
50 999.614494678 -1.84233803351e-08 1.3855053408 
51 999.61449468 -1.33203913995e-08 1.38550533373 
52 999.61449468 -1.1893230881e-08 1.38550533175 
53 999.614494681 -1.04200411348e-08 1.38550532971 
54 999.614494681 -8.9468513886e-09 1.38550532767 
55 999.614494682 -7.47366164238e-09 1.38550532563 
56 999.614494682 -6.00047189617e-09 1.38550532359 
57 999.614494683 -4.52728214996e-09 1.38550532155 
58 999.614494683 -3.18198124261e-09 1.38550531969 
59 999.614494684 -3.13668653243e-09 1.38550531962 
60 999.614494684 -3.09139182224e-09 1.38550531956 
61 999.614494684 -3.04609711206e-09 1.3855053195 
62 999.614494684 -3.00080240188e-09 1.38550531943 
63 999.614494684 -2.95550769169e-09 1.38550531937 
64 999.614494684 -2.91021298151e-09 1.38550531931 
65 999.614494684 -2.86491827133e-09 1.38550531925 
66 999.614494684 -2.81962356115e-09 1.38550531918 
67 999.614494684 -2.77432885096e-09 1.38550531912 
68 999.614494684 -2.72903414078e-09 1.38550531906 
69 999.614494684 -2.6837394306e-09 1.385505319 
70 999.614494684 -2.63844472041e-09 1.38550531893 
