Time S I R
0  1000 1 0
1 999.977609587 0.613747811576 0.408642601852 
2 999.963867718 0.376685277883 0.659447003813 
3 999.955433884 0.231190540462 0.813375575175 
4 999.950257621 0.141892540037 0.907849839039 
5 999.94708073 0.0870863538999 0.965832916061 
6 999.94513092 0.0534490826077 1.00141999737 
7 999.943934233 0.0328043284334 1.02326143843 
8 999.943199773 0.0201337020604 1.03666652533 
9 999.942748995 0.0123570636047 1.04489394106 
10 999.94247233 0.00758414215986 1.0499435275 
11 999.942302534 0.00465487797527 1.05304258804 
12 999.942198312 0.00285687055512 1.05494481791 
13 999.942134347 0.00175338358974 1.05611226907 
14 999.942095089 0.00107611782303 1.05682879289 
15 999.942070996 0.000660464833386 1.05726853942 
16 999.942056207 0.000405341819949 1.05753845077 
17 999.942047132 0.000248772644347 1.05770409556 
18 999.942041561 0.000152674997182 1.05780576356 
19 999.942038144 9.37147484978e-05 1.05786814147 
20 999.942036043 5.74653106443e-05 1.05790649212 
21 999.942034755 3.52568678765e-05 1.05792998789 
22 999.942033965 2.1619861266e-05 1.05794441537 
23 999.942033483 1.3308231298e-05 1.05795320879 
24 999.942033186 8.19150440843e-06 1.05795862211 
25 999.942033005 5.060270142e-06 1.05796193485 
26 999.942032891 3.09030962748e-06 1.057964019 
27 999.94203282 1.8676491003e-06 1.05796531253 
28 999.942032777 1.12856791381e-06 1.05796609445 
29 999.942032751 6.86679327356e-07 1.05796656195 
30 999.942032736 4.28572475433e-07 1.05796683502 
31 999.942032727 2.71060990521e-07 1.05796700166 
32 999.942032721 1.70609176741e-07 1.05796710794 
33 999.942032718 1.06351782181e-07 1.05796717592 
34 999.942032715 6.61315322955e-08 1.05796721847 
35 999.942032714 4.12603708539e-08 1.05796724479 
36 999.942032713 2.20319431538e-08 1.05796726513 
37 999.942032712 1.11734044504e-09 1.05796728726 
38 999.942032711 -1.44842247081e-08 1.05796730376 
39 999.94203271 -2.47727523055e-08 1.05796731465 
40 999.94203271 -2.97482423472e-08 1.05796731991 
41 999.94203271 -2.94106948333e-08 1.05796731955 
42 999.94203271 -2.37601097636e-08 1.05796731357 
43 999.94203271 -2.24643093065e-08 1.0579673122 
44 999.94203271 -2.40483024728e-08 1.05796731388 
45 999.94203271 -2.42916245378e-08 1.05796731414 
46 999.94203271 -2.31942755013e-08 1.05796731298 
47 999.94203271 -2.07562553634e-08 1.0579673104 
48 999.942032711 -1.69775641241e-08 1.0579673064 
49 999.942032711 -1.19750533677e-08 1.05796730111 
50 999.942032711 -1.06005484497e-08 1.05796729965 
51 999.942032711 -9.22604353172e-09 1.0579672982 
52 999.942032711 -7.85153861373e-09 1.05796729674 
53 999.942032711 -6.47703369574e-09 1.05796729529 
54 999.942032711 -5.10252877775e-09 1.05796729384 
55 999.942032711 -3.72802385976e-09 1.05796729238 
56 999.942032711 -2.80182735416e-09 1.0579672914 
57 999.942032711 -2.76083645587e-09 1.05796729136 
58 999.942032711 -2.71984555759e-09 1.05796729131 
59 999.942032711 -2.6788546593e-09 1.05796729127 
60 999.942032711 -2.63786376102e-09 1.05796729123 
61 999.942032711 -2.59687286273e-09 1.05796729118 
62 999.942032711 -2.55588196444e-09 1.05796729114 
63 999.942032711 -2.51489106616e-09 1.0579672911 
64 999.942032711 -2.47390016787e-09 1.05796729105 
65 999.942032711 -2.43290926959e-09 1.05796729101 
66 999.942032711 -2.3919183713e-09 1.05796729097 
67 999.942032711 -2.35092747302e-09 1.05796729092 
68 999.942032711 -2.30993657473e-09 1.05796729088 
69 999.942032711 -2.26894567645e-09 1.05796729084 
70 999.942032711 -2.22795477816e-09 1.05796729079 
