Time S I R
0  1000 1 0
1 999.807344594 0.93355060737 0.259104798907 
2 999.627526931 0.871484080699 0.500988988229 
3 999.459696512 0.813515854489 0.726787633192 
4 999.303057274 0.759378833127 0.93756389265 
5 999.156866227 0.708823065692 1.13431070717 
6 999.020429216 0.661614462692 1.3179563211 
7 998.893097583 0.617533786251 1.48936863067 
8 998.77426492 0.576375663566 1.64935941616 
9 998.663364972 0.537947937894 1.79868709007 
10 998.55987134 0.502071587984 1.93805707241 
11 998.463292842 0.468579274231 2.06812788366 
12 998.373168804 0.437313811098 2.18951738507 
13 998.289067156 0.408127679833 2.30280516414 
14 998.21058205 0.380882243012 2.40853570702 
15 998.137340591 0.35544968454 2.50720972491 
16 998.068995811 0.331710887159 2.59929330188 
17 998.005221283 0.309553771021 2.6852249461 
18 997.94571072 0.288873131503 2.76541614899 
19 997.890179077 0.269570925173 2.84024999744 
20 997.838361045 0.251555773138 2.91008318225 
21 997.790008497 0.234742166659 2.97524933589 
22 997.74489013 0.219050328841 3.0360595413 
23 997.702789843 0.20440567984 3.09280447762 
24 997.663506052 0.190738591856 3.14575535614 
25 997.626850325 0.177983945605 3.19516572963 
26 997.592647106 0.166081030475 3.24127186382 
27 997.56073242 0.154973112894 3.28429446664 
28 997.530953414 0.144607274422 3.32443931178 
29 997.503167323 0.134934068952 3.36189860851 
30 997.477240497 0.12590719548 3.39685230773 
31 997.453048807 0.117483620409 3.42946757306 
32 997.430476308 0.109623134199 3.45990055745 
33 997.40941441 0.10228807053 3.48829751904 
34 997.389762284 0.095443435437 3.514794281 
35 997.371425662 0.0890565050516 3.53951783316 
36 997.354316299 0.0830966405359 3.56258706011 
37 997.338352292 0.0775353906883 3.58411231741 
38 997.323456998 0.0723461282146 3.60419687388 
39 997.309558705 0.0675039346031 3.62293736072 
40 997.296590889 0.0629856850866 3.64042342602 
41 997.284491259 0.0587697236146 3.65673901744 
42 997.273201568 0.0548357977222 3.6719626339 
43 997.262667775 0.0511651106539 3.6861671139 
44 997.252839247 0.0477400499784 3.6994207031 
45 997.243668704 0.0445441679139 3.71178712764 
46 997.235112337 0.0415622184168 3.72332544454 
47 997.227128965 0.0387798712219 3.73409116393 
48 997.21967993 0.0361836734233 3.74413639679 
49 997.212729512 0.0337611910805 3.75350929654 
50 997.206244575 0.0315008863009 3.76225453911 
51 997.200193872 0.0293918813741 3.77041424653 
52 997.194548149 0.0274239902464 3.77802786116 
53 997.189280496 0.0255878418207 3.78513166174 
54 997.184365655 0.0238746386965 3.79175970595 
55 997.179779889 0.022276114457 3.79794399606 
56 997.175501087 0.0207845675135 3.80371434565 
57 997.171508884 0.019392903643 3.80909821264 
58 997.167784054 0.0180944253541 3.81412152055 
59 997.164308556 0.0168828476612 3.81880859603 
60 997.161065757 0.0157523754571 3.82318186709 
61 997.158040163 0.0146976099013 3.82726222708 
62 997.155217181 0.0137134667501 3.83106935223 
63 997.15258316 0.0127951894421 3.83462165026 
64 997.150125556 0.0119384061618 3.83793603808 
65 997.147832563 0.011139003445 3.84102843307 
66 997.145693097 0.0103931178376 3.84391378517 
67 997.143696888 0.00969717091855 3.84660594065 
68 997.141834471 0.00904786295399 3.8491176665 
69 997.140096854 0.00844206091714 3.85146108523 
70 997.138475574 0.00787681473597 3.85364761155 
