Time S I R
0  1000 1 0
1 999.952139439 0.698199566303 0.349660994549 
2 999.918724434 0.48748039326 0.593795172712 
3 999.895395226 0.340358668167 0.764246105923 
4 999.879106855 0.237636444912 0.883256699889 
5 999.867734622 0.165916575716 0.966348802369 
6 999.859794683 0.115842173357 1.02436314409 
7 999.854251105 0.0808805070124 1.06486838816 
8 999.850380622 0.0564704094027 1.09314896878 
9 999.847678274 0.0394273642643 1.11289436139 
10 999.845791538 0.0275281471115 1.12668031496 
11 999.844474209 0.0192200363333 1.13630575492 
12 999.843554462 0.0134193822521 1.14302615613 
13 999.84291229 0.00936933604727 1.14771837388 
14 999.842463948 0.00654173065153 1.15099432146 
15 999.84215091 0.00456746283911 1.153281627 
16 999.841932331 0.00318892919199 1.15487873935 
17 999.84177973 0.00222650121345 1.15599376877 
18 999.841673179 0.00155450353721 1.15677231758 
19 999.841598787 0.00108533028248 1.15731588237 
20 999.841546852 0.000757784955783 1.15769536288 
21 999.841510586 0.000529059485647 1.15796035477 
22 999.841485267 0.000369376794161 1.15814535655 
23 999.84146759 0.000257894804839 1.15827451499 
24 999.841455247 0.000180047754422 1.15836470537 
25 999.841446631 0.000125710371843 1.15842765842 
26 999.841440617 8.7779797704e-05 1.15847160321 
27 999.841436408 6.12374693716e-05 1.15850235406 
28 999.841433475 4.27380691882e-05 1.1585237867 
29 999.841431433 2.98586108021e-05 1.15853870831 
30 999.841430004 2.08430370497e-05 1.15854915338 
31 999.84142901 1.45739179382e-05 1.15855641653 
32 999.841428314 1.0190141626e-05 1.15856149539 
33 999.841427831 7.13888719606e-06 1.15856503045 
34 999.841427493 5.00816726211e-06 1.15856749901 
35 999.841427251 3.48319816327e-06 1.15856926578 
36 999.841427076 2.37846550114e-06 1.15857054567 
37 999.841426963 1.66776331088e-06 1.15857136906 
38 999.841426881 1.14683209314e-06 1.15857197259 
39 999.841426825 7.94437526517e-07 1.15857238086 
40 999.841426787 5.55585288454e-07 1.15857265759 
41 999.841426762 3.96785336854e-07 1.15857284157 
42 999.841426744 2.83156417863e-07 1.15857297321 
43 999.841426731 2.01762165053e-07 1.15857306751 
44 999.841426721 1.43110341453e-07 1.15857313546 
45 999.841426715 1.00693920828e-07 1.15857318461 
46 999.84142671 7.10318508409e-08 1.15857321897 
47 999.841426707 5.01643253323e-08 1.15857324315 
48 999.841426704 3.53902836236e-08 1.15857326026 
49 999.841426702 1.97399107387e-08 1.1585732784 
50 999.841426699 3.92749416721e-09 1.15857329672 
51 999.841426697 -8.90355215612e-09 1.15857331158 
52 999.841426696 -1.87532282313e-08 1.15857332299 
53 999.841426695 -2.56215340584e-08 1.15857333095 
54 999.841426694 -2.95084696373e-08 1.15857333545 
55 999.841426694 -3.04140349681e-08 1.1585733365 
56 999.841426694 -2.83382300508e-08 1.1585733341 
57 999.841426695 -2.32810548853e-08 1.15857332824 
58 999.841426695 -2.24112420113e-08 1.15857332723 
59 999.841426695 -2.39403494297e-08 1.158573329 
60 999.841426695 -2.47104270151e-08 1.15857332989 
61 999.841426695 -2.47214747675e-08 1.15857332991 
62 999.841426695 -2.3973492687e-08 1.15857332904 
63 999.841426695 -2.24664807734e-08 1.15857332729 
64 999.841426696 -2.02004390269e-08 1.15857332467 
65 999.841426696 -1.71753674474e-08 1.15857332116 
66 999.841426697 -1.33912660349e-08 1.15857331678 
67 999.841426697 -1.16589469246e-08 1.15857331477 
68 999.841426697 -1.06008172323e-08 1.15857331355 
69 999.841426697 -9.54268754005e-09 1.15857331232 
70 999.841426697 -8.48455784779e-09 1.1585733111 
