Time S I R
0  10000 1 0
1 8242.51010183 1717.46061466 41.0292835079 
2 30.534208037 8741.04715735 1229.41863461 
3 0.0553993070935 7431.895252 2569.04934869 
4 0.00022275748961 6296.35724516 3704.64253209 
5 0 5334.27988054 4666.72011946 
6 0 4519.20722262 5481.79277738 
7 0 3828.67526829 6172.32473171 
8 0 3243.65636626 6757.34363374 
9 0 2748.02793459 7252.97206541 
10 0 2328.13182462 7672.86817538 
11 0 1972.39711448 8028.60288552 
12 0 1671.01685967 8329.98314033 
13 0 1415.68719757 8585.31280243 
14 0 1199.37168277 8801.62831723 
15 0 1016.10892894 8984.89107106 
16 0 860.848557239 9140.15144276 
17 0 729.311505822 9271.68849418 
18 0 617.87337901 9383.12662099 
19 0 523.462925897 9477.5370741 
20 0 443.478286891 9557.52171311 
21 0 375.715231697 9625.2847683 
22 0 318.306252016 9682.69374798 
23 0 269.669275517 9731.33072448 
24 0 228.464014229 9772.53598577 
25 0 193.554905441 9807.44509456 
26 0 163.979883513 9837.02011649 
27 0 138.923891939 9862.07610806 
28 0 117.696435624 9883.30356438 
29 0 99.7125129173 9901.28748708 
30 0 84.4765284774 9916.52347152 
31 0 71.568587442 9929.43141256 
32 0 60.6329646749 9940.36703533 
33 0 51.3682939241 9949.63170608 
34 0 43.519264454 9957.48073555 
35 0 36.8695588828 9964.13044112 
36 0 31.2359195383 9969.76408046 
37 0 26.463094694 9974.53690531 
38 0 22.419557406 9978.58044259 
39 0 18.9938687228 9982.00613128 
40 0 16.0916207546 9984.90837925 
41 0 13.632833267 9987.36716673 
42 0 11.5497483297 9989.45025167 
43 0 9.78495697288 9991.21504303 
44 0 8.28982348704 9992.71017651 
45 0 7.02314471384 9993.97685529 
46 0 5.9500142536 9995.04998575 
47 0 5.04085735547 9995.95914264 
48 0 4.27061851023 9996.72938149 
49 0 3.61807123478 9997.38192877 
50 0 3.06523299108 9997.93476701 
51 0 2.59686812478 9998.40313188 
52 0 2.20006884967 9998.79993115 
53 0 1.86390001242 9999.13609999 
54 0 1.57909761274 9999.42090239 
55 0 1.33781291051 9999.66218709 
56 0 1.13339623271 9999.86660377 
57 0 0.960214165923 10000.0397858 
58 0 0.81349420521 10000.1865058 
59 0 0.689193018269 10000.310807 
60 0 0.583884916799 10000.4161151 
61 0 0.494667759625 10000.5053322 
62 0 0.419082910593 10000.5809171 
63 0 0.355047415135 10000.6449526 
64 0 0.300796478319 10000.6992035 
65 0 0.254835015721 10000.745165 
66 0 0.215896419944 10000.7841036 
67 0 0.18290756078 10000.8170924 
68 0 0.154959367099 10000.8450406 
69 0 0.131281675144 10000.8687183 
70 0 0.111221972784 10000.888778 
