Time S I R
0  1000 1 0
1 999.986469562 0.644120501716 0.36940993598 
2 999.977754354 0.414889219222 0.607356426283 
3 999.972140874 0.267239865585 0.760619259919 
4 999.968525091 0.172134752137 0.859340156871 
5 999.966196097 0.110875585908 0.922928316689 
6 999.96469595 0.071417354444 0.963886695658 
7 999.963729673 0.046001442107 0.99026888467 
8 999.96310728 0.029630664199 1.00726205565 
9 999.962706379 0.0190857626229 1.01820785878 
10 999.96244815 0.0122935816167 1.02525826836 
11 999.962281819 0.0079185779247 1.02979960313 
12 999.962174686 0.00510065851675 1.03272465558 
13 999.962105672 0.00328538756063 1.0346089404 
14 999.962061221 0.00211619733056 1.03582258147 
15 999.962032587 0.00136304499016 1.03660436752 
16 999.962014146 0.000877968102083 1.0371078863 
17 999.962002266 0.000565510458414 1.03743222311 
18 999.961994615 0.000364242007484 1.03764114348 
19 999.961989686 0.000234610856544 1.03777570301 
20 999.961986512 0.000151110544399 1.03786237788 
21 999.961984467 9.73428225357e-05 1.03791818977 
22 999.961983149 6.26630344745e-05 1.03795418803 
23 999.9619823 4.03370341018e-05 1.03797736283 
24 999.961981755 2.6006695495e-05 1.03799223799 
25 999.961981404 1.67660104795e-05 1.03800182999 
26 999.961981178 1.0809267565e-05 1.0380080132 
27 999.961981032 6.98862425795e-06 1.0380119791 
28 999.961980939 4.52220059924e-06 1.03801453929 
29 999.961980877 2.89637261645e-06 1.03801622693 
30 999.961980836 1.83905611382e-06 1.03801732444 
31 999.961980811 1.1689212668e-06 1.03801802006 
32 999.961980795 7.44690829867e-07 1.03801846042 
33 999.961980785 4.82718327983e-07 1.03801873235 
34 999.961980779 3.19661548057e-07 1.0380189016 
35 999.961980775 2.11840420239e-07 1.03801901352 
36 999.961980772 1.39102646663e-07 1.03801908903 
37 999.96198077 9.05744263241e-08 1.0380191394 
38 999.961980769 5.89306398709e-08 1.03801917225 
39 999.961980768 3.85705777353e-08 1.03801919338 
40 999.961980767 2.12186295161e-08 1.03801921139 
41 999.961980767 2.37302836371e-09 1.03801923096 
42 999.961980766 -1.21904211291e-08 1.03801924607 
43 999.961980766 -2.24717189624e-08 1.03801925674 
44 999.961980765 -2.84708651362e-08 1.03801926297 
45 999.961980765 -3.01878596505e-08 1.03801926475 
46 999.961980766 -2.76227025052e-08 1.03801926209 
47 999.961980766 -2.07753937004e-08 1.03801925498 
48 999.961980766 -2.28485281125e-08 1.03801925714 
49 999.961980766 -2.40585529941e-08 1.03801925839 
50 999.961980766 -2.4190024531e-08 1.03801925853 
51 999.961980766 -2.32429427233e-08 1.03801925755 
52 999.961980766 -2.12173075709e-08 1.03801925544 
53 999.961980766 -1.81131190739e-08 1.03801925222 
54 999.961980766 -1.39303772321e-08 1.03801924788 
55 999.961980766 -1.1187721133e-08 1.03801924503 
56 999.961980766 -9.96073411561e-09 1.03801924376 
57 999.961980766 -8.73374709824e-09 1.03801924248 
58 999.961980766 -7.50676008087e-09 1.03801924121 
59 999.961980766 -6.2797730635e-09 1.03801923994 
60 999.961980766 -5.05278604613e-09 1.03801923866 
61 999.961980766 -3.82579902876e-09 1.03801923739 
62 999.961980766 -2.78375370885e-09 1.03801923631 
63 999.961980766 -2.7472456403e-09 1.03801923627 
64 999.961980766 -2.71073757176e-09 1.03801923623 
65 999.961980766 -2.67422950322e-09 1.03801923619 
66 999.961980766 -2.63772143467e-09 1.03801923616 
67 999.961980766 -2.60121336613e-09 1.03801923612 
68 999.961980766 -2.56470529759e-09 1.03801923608 
69 999.961980766 -2.52819722904e-09 1.03801923604 
70 999.961980766 -2.4916891605e-09 1.03801923601 
