Time S I R
0  1000 1 0
1 999.902316872 0.886775341965 0.210907785543 
2 999.815701978 0.786362655859 0.397935366035 
3 999.738901076 0.697313786362 0.56378513785 
4 999.670802536 0.618344446021 0.710853017983 
5 999.610420084 0.548314558168 0.841265358164 
6 999.556878653 0.486212117696 0.956909229515 
7 999.509404518 0.431141912234 1.05945356959 
8 999.46731117 0.382309334748 1.15037949489 
9 999.42998542 0.33900448579 1.23101009417 
10 999.396888707 0.300603593568 1.30250769966 
11 999.367542447 0.266552225441 1.36590532748 
12 999.341521074 0.23635727147 1.42212165498 
13 999.318447912 0.209582169922 1.47196991821 
14 999.297989029 0.185839828402 1.5161711428 
15 999.279848208 0.164786819719 1.55536497197 
16 999.263762763 0.146118544909 1.59011869235 
17 999.249499896 0.129565030269 1.6209350739 
18 999.236853035 0.114886688128 1.6482602765 
19 999.225639071 0.101871120797 1.67248980829 
20 999.2156956 0.0903299340663 1.69397446563 
21 999.206878783 0.0800962524283 1.71302496424 
22 999.199060868 0.071021856161 1.72991727568 
23 999.192128759 0.0629755200893 1.7448957211 
24 999.185982043 0.0558407304172 1.75817722649 
25 999.180531743 0.0495142359455 1.76995402083 
26 999.175698985 0.043904505304 1.78039651013 
27 999.171413774 0.0389303114501 1.78965591409 
28 999.167614192 0.0345197922374 1.7978660153 
29 999.164244983 0.0306088196095 1.80514619741 
30 999.161257535 0.0271409741883 1.81160149105 
31 999.158608509 0.0240659550456 1.81732553614 
32 999.156259652 0.0213393632661 1.82240098439 
33 999.154176901 0.0189216612052 1.82690143747 
34 999.152330146 0.0167779000593 1.83089195403 
35 999.150692616 0.0148770072153 1.83443037667 
36 999.14924061 0.0131914707859 1.83756791931 
37 999.14795312 0.011696906183 1.84034997405 
38 999.146811494 0.0103716633987 1.84281684242 
39 999.145799228 0.00919658324286 1.84500418906 
40 999.144901667 0.00815465670679 1.84694367601 
41 999.144105872 0.00723086241197 1.8486632652 
42 999.143400156 0.0064116346461 1.85018820896 
43 999.142774376 0.00568519845404 1.85154042595 
44 999.142219512 0.00504108520938 1.85273940313 
45 999.14172746 0.00446988666978 1.85380265362 
46 999.141291192 0.00396344459077 1.8547453636 
47 999.140904359 0.00351438843165 1.85558125302 
48 999.140561342 0.00311619650565 1.85632246169 
49 999.140257222 0.00276315798049 1.85697962001 
50 999.139987531 0.00245008580598 1.85756238342 
51 999.139748393 0.00217248106753 1.85807912641 
52 999.139536359 0.00192634087739 1.85853730011 
53 999.139348333 0.00170806950013 1.85894359779 
54 999.139181625 0.00151454620596 1.8593038285 
55 999.139033807 0.00134295013976 1.8596232431 
56 999.138902734 0.00119079394572 1.85990647164 
57 999.138786531 0.00105589863066 1.86015757018 
58 999.13868348 0.000936270896915 1.86038024913 
59 999.138592089 0.000830179394937 1.86057773129 
60 999.13851106 0.000736116395624 1.86075282318 
61 999.138439206 0.000652703379059 1.86090809085 
62 999.138375493 0.000578741378887 1.86104576608 
63 999.138319008 0.000513170287181 1.8611678222 
64 999.138268918 0.000455023817341 1.86127605789 
65 999.138224506 0.000403467859766 1.86137202578 
66 999.138185132 0.000357759559924 1.86145710866 
67 999.138150211 0.000317221462437 1.86153256755 
68 999.138119246 0.000281275358393 1.86159947876 
69 999.138091792 0.00024940486672 1.8616588035 
70 999.13806744 0.000221136257045 1.86171142358 
