Time S I R
0  10000 1 0
1 9998.41004664 1.9353724728 0.654580890198 
2 9995.33400514 3.7447177561 1.92127710729 
3 9989.38636249 7.24204928735 4.37158822737 
4 9977.89948005 13.9924307807 9.10808917421 
5 9955.76312244 26.9856831504 18.2511944108 
6 9913.28412764 51.8622564253 35.8536159332 
7 9832.42489014 99.0056501754 69.5694596819 
8 9680.84710866 186.626293019 133.526598323 
9 9404.66014491 343.660368955 252.679486135 
10 8926.36694831 607.081356173 467.55169552 
11 8165.87190158 1001.00583486 834.122263556 
12 7103.72729789 1489.52014253 1407.75255958 
13 5852.271707 1943.20934022 2205.51895278 
14 4626.66534563 2201.42731009 3172.90734427 
15 3606.23344542 2196.10347905 4198.66307552 
16 2848.16497657 1982.68778532 5170.14723811 
17 2319.59857677 1666.18262533 6015.2187979 
18 1960.51955194 1332.90370085 6707.57674721 
19 1717.6321077 1031.3111402 7252.0567521 
20 1552.37091567 780.118401417 7668.51068291 
21 1438.8694532 581.060156417 7981.07039038 
22 1360.16965226 428.205395842 8212.62495189 
23 1305.14317448 313.227649084 8382.62917644 
24 1266.40689802 227.932896141 8506.66020584 
25 1238.99361392 165.256331464 8596.75005462 
26 1219.51546991 119.502673387 8661.98185671 
27 1205.6340197 86.2565213522 8709.10945895 
28 1195.71928072 62.1772838786 8743.10343541 
29 1188.62626469 44.7776116611 8767.59612365 
30 1183.54594089 32.2252325234 8785.22882659 
31 1179.9041012 23.1803789254 8797.91551987 
32 1177.29182355 16.6683992646 8807.03977718 
33 1175.41721522 11.9828171719 8813.59996761 
34 1174.0715345 8.61283501449 8818.31563048 
35 1173.10532027 6.18981299622 8821.70486673 
36 1172.41145106 4.44804101783 8824.14050792 
37 1171.91310217 3.19618031496 8825.89071752 
38 1171.55514833 2.29653491479 8827.14831676 
39 1171.29802155 1.650060945 8828.0519175 
40 1171.11331301 1.18554009222 8828.7011469 
41 1170.98062228 0.851774872388 8829.16760284 
42 1170.88529789 0.6119668835 8829.50273522 
43 1170.81681614 0.439670190585 8829.74351367 
44 1170.76761778 0.315880873418 8829.91650134 
45 1170.73227255 0.226943282514 8830.04078417 
46 1170.70687964 0.163045941648 8830.13007442 
47 1170.68863663 0.117139051597 8830.19422432 
48 1170.67553027 0.0841574452123 8830.24031228 
49 1170.66611423 0.0604620554097 8830.27342371 
50 1170.65934942 0.0434383070364 8830.29721227 
51 1170.65448934 0.0312077452287 8830.31430292 
52 1170.65099769 0.022420844184 8830.32658147 
53 1170.64848916 0.0161079889959 8830.33540285 
54 1170.64668694 0.0115725874321 8830.34174048 
55 1170.64539215 0.00831418384064 8830.34629366 
56 1170.64446192 0.00597319328156 8830.34956488 
57 1170.64379365 0.00429143275729 8830.35191492 
58 1170.64331353 0.00308316989565 8830.3536033 
59 1170.64296857 0.00221506791906 8830.35481636 
60 1170.64272075 0.00159139777567 8830.35568785 
61 1170.64254271 0.00114334288225 8830.35631395 
62 1170.64241479 0.000821422761961 8830.35676379 
63 1170.64232288 0.000590121785483 8830.357087 
64 1170.64225685 0.000423958639579 8830.35731919 
65 1170.64220941 0.000304583816459 8830.357486 
66 1170.64217533 0.000218814388312 8830.35760585 
67 1170.64215085 0.000157205549212 8830.35769194 
68 1170.64213327 0.000112953426539 8830.35775378 
69 1170.64212061 8.10937257254e-05 8830.3577983 
70 1170.64211152 5.82361312494e-05 8830.35783024 
