Time S I R
0  10000 1 0
1 9999.25512721 1.46860573497 0.276267058851 
2 9998.16133674 2.15668120873 0.681982049949 
3 9996.5553628 3.16687770659 1.27775948879 
4 9994.19775258 4.64969820909 2.15254920603 
5 9990.73754721 6.82562281992 3.43682997351 
6 9985.66091393 10.0172209964 5.32186507094 
7 9978.2165511 14.6956390275 8.08780987493 
8 9967.30845914 21.5471118638 12.1444289913 
9 9951.34277207 31.5672946788 18.0899332546 
10 9928.01247268 46.1923859668 26.7951413486 
11 9894.00124249 67.4763219529 39.5224355611 
12 9844.59029159 98.319112043 58.0905963676 
13 9773.16563998 142.737668923 85.0966910923 
14 9670.66290291 206.136626418 124.200470673 
15 9525.07128701 295.468077086 180.460635902 
16 9321.27337716 419.051952678 260.674670158 
17 9041.72451348 585.671049208 373.604437316 
18 8668.67911086 802.452745179 529.868143963 
19 8188.57254885 1071.24496688 741.182484275 
20 7598.305056 1384.04253567 1018.65240833 
21 6911.34689955 1719.55417357 1370.09892688 
22 6159.81895355 2044.13760759 1797.04343886 
23 5389.35966368 2319.02656638 2292.61376995 
24 4647.80365981 2511.56604723 2841.63029296 
25 3973.31643829 2604.54156888 3423.14199282 
26 3387.82753739 2598.80635144 4014.36611118 
27 2897.3251322 2509.2522149 4594.4226529 
28 2496.44254089 2357.81849129 5146.73896782 
29 2173.85623889 2167.24268675 5659.90107437 
30 1916.43008819 1957.21957445 6127.35033736 
31 1711.64142123 1742.87439391 6546.48418486 
32 1548.6582753 1534.74322563 6917.59849907 
33 1418.6026227 1339.47782588 7242.91955143 
34 1314.41512477 1160.75808752 7525.82678771 
35 1230.57309831 1000.14805107 7770.27885062 
36 1162.78763908 857.795560572 7980.41680035 
37 1107.73405026 732.959879485 8160.30607026 
38 1062.82992054 624.389527172 8313.78055229 
39 1026.06116753 530.580770941 8444.35806153 
40 995.848560075 449.947603086 8555.20383684 
41 970.946265187 380.928729065 8649.12500575 
42 950.365417372 322.050409272 8728.58417336 
43 933.31606918 271.960863263 8795.72306756 
44 919.163569403 229.443839769 8852.39259083 
45 907.395249377 193.420965042 8900.18378558 
46 897.594902228 162.946645111 8940.45845266 
47 889.423063047 137.198555342 8974.37838161 
48 882.601777019 115.466319311 9002.93190367 
49 876.902625651 97.1394114236 9026.95796293 
50 872.137317643 81.6953208501 9047.16736151 
51 868.15022506 68.688353566 9064.16142137 
52 864.812410126 57.7393805328 9078.44820934 
53 862.016835925 48.5266142488 9090.45654983 
54 859.674490468 40.7774328936 9100.54807664 
55 857.711243233 34.2612187762 9109.02753799 
56 856.065279042 28.7831274888 9116.15159347 
57 854.68499921 24.1787082738 9122.13629252 
58 853.527285094 20.3092832749 9127.16343163 
59 852.556086424 17.057992329 9131.38592125 
60 851.741241215 14.3264170798 9134.93234171 
61 851.057497749 12.031711784 9137.91079047 
62 850.483706576 10.1041688164 9140.41212461 
63 850.002146866 8.48515621531 9142.51269692 
64 849.597964752 7.12536949513 9144.27666575 
65 849.258706967 5.98335928042 9145.75793375 
66 848.973930558 5.02428746172 9147.00178198 
67 848.73487661 4.21887774662 9148.04624564 
68 848.534197314 3.54253084928 9148.92327184 
69 848.365727394 2.9745786263 9149.65969398 
70 848.224293668 2.49765892691 9150.2780474 
