Time S I R
0  10000 1 0
1 6520.38678725 3392.7974904 87.8157223487 
2 5.97445709246 8470.78303638 1524.24250653 
3 0.00655810953685 7083.41389727 2917.57954462 
4 0 5919.00584109 4081.99415891 
5 0 4946.00139902 5054.99860098 
6 0 4132.94480499 5868.05519501 
7 0 3453.54040998 6547.45959002 
8 0 2885.82852138 7115.17147862 
9 0 2411.44290006 7589.55709994 
10 0 2015.0343163 7985.9656837 
11 0 1683.78994185 8317.21005815 
12 0 1406.99791144 8594.00208856 
13 0 1175.70626528 8825.29373472 
14 0 982.435743645 9018.56425635 
15 0 820.936598578 9180.06340142 
16 0 685.985667887 9315.01433211 
17 0 573.218861777 9427.78113822 
18 0 478.989410968 9522.01058903 
19 0 400.249919011 9600.75008099 
20 0 334.454202904 9666.5457971 
21 0 279.474430496 9721.5255695 
22 0 233.532581299 9767.4674187 
23 0 195.142955571 9805.85704443 
24 0 163.064074398 9837.9359256 
25 0 136.258521671 9864.74147833 
26 0 113.859444492 9887.14055551 
27 0 95.1424783555 9905.85752164 
28 0 79.5023310438 9921.49766896 
29 0 66.4332155559 9934.56678444 
30 0 55.5124871575 9945.48751284 
31 0 46.3869790785 9954.61302092 
32 0 38.7615816578 9962.23841834 
33 0 32.3896970853 9968.61030291 
34 0 27.0652644506 9973.93473555 
35 0 22.6160972957 9978.3839027 
36 0 18.8983142661 9982.10168573 
37 0 15.7916851341 9985.20831487 
38 0 13.1957441648 9987.80425584 
39 0 11.0265409613 9989.97345904 
40 0 9.21392553101 9991.78607447 
41 0 7.69927966605 9993.30072033 
42 0 6.43362120471 9994.5663788 
43 0 5.37601998318 9995.62398002 
44 0 4.49227433991 9996.50772566 
45 0 3.75380473636 9997.24619526 
46 0 3.13672964846 9997.86327035 
47 0 2.62109340974 9998.37890659 
48 0 2.19022082422 9998.80977918 
49 0 1.83017788678 9999.16982211 
50 0 1.52932116124 9999.47067884 
51 0 1.27792123618 9999.72207876 
52 0 1.06784809393 9999.93215191 
53 0 0.892308192272 10000.1076918 
54 0 0.745624707133 10000.2543753 
55 0 0.623054018054 10000.376946 
56 0 0.520632300461 10000.4793677 
57 0 0.435047307529 10000.5649527 
58 0 0.363531177426 10000.6364688 
59 0 0.303771491064 10000.6962285 
60 0 0.253835545228 10000.7461645 
61 0 0.212108370291 10000.7878916 
62 0 0.177240564648 10000.8227594 
63 0 0.148104578302 10000.8518954 
64 0 0.123758160484 10000.8762418 
65 0 0.10341397555 10000.896586 
66 0 0.086414094823 10000.9135859 
67 0 0.0722087153207 10000.9277913 
68 0 0.0603385677015 10000.9396614 
69 0 0.0504197247356 10000.9495803 
70 0 0.0421313882935 10000.9578686 
