Time S I R
0  1000 1 0
1 999.845475308 0.69051570408 0.464008987428 
2 999.738788139 0.476799250108 0.784412610591 
3 999.665129302 0.329225400166 1.00564529753 
4 999.614271488 0.227323392217 1.1584051195 
5 999.579156882 0.156960958193 1.26388215974 
6 999.554912028 0.108377104419 1.33671086746 
7 999.538172027 0.0748310671136 1.38699690612 
8 999.526613739 0.051668406681 1.42171785406 
9 999.518633224 0.0356753212322 1.44569145506 
10 999.513123046 0.024632722803 1.46224423071 
11 999.509318399 0.0170080163986 1.47367358428 
12 999.506691457 0.011743465663 1.48156507702 
13 999.504877638 0.00810844949736 1.48701391271 
14 999.503625324 0.00559872358338 1.49077595198 
15 999.502760558 0.00386566719524 1.49337377461 
16 999.50216349 0.00266909641584 1.49516741361 
17 999.501751234 0.00184290374207 1.49640586189 
18 999.501466585 0.00127244347546 1.49726097165 
19 999.501270062 0.000878596209091 1.4978513416 
20 999.501134349 0.000606615285643 1.49825903606 
21 999.501040648 0.000418831840994 1.49854052002 
22 999.500975957 0.000289185663084 1.49873485727 
23 999.500931284 0.000199656525028 1.4988690598 
24 999.500900447 0.000137857900702 1.49896169481 
25 999.500879159 9.51951014073e-05 1.49902564556 
26 999.500864427 6.56709461417e-05 1.49906990172 
27 999.500854276 4.53264430688e-05 1.49910039776 
28 999.500847288 3.13222987255e-05 1.49912138971 
29 999.500842454 2.16350459648e-05 1.49913591073 
30 999.500839119 1.49517595821e-05 1.49914592885 
31 999.50083682 1.03438571199e-05 1.49915283601 
32 999.500835238 7.17217194672e-06 1.49915759031 
33 999.500834135 4.96360148534e-06 1.49916090091 
34 999.500833361 3.41118928542e-06 1.49916322795 
35 999.500832815 2.31816674617e-06 1.49916486637 
36 999.500832454 1.59405383677e-06 1.4991659518 
37 999.500832198 1.0802257862e-06 1.49916672202 
38 999.500832031 7.45501106805e-07 1.49916722377 
39 999.500831919 5.20836333993e-07 1.49916756054 
40 999.500831842 3.67690553656e-07 1.4991677901 
41 999.500831789 2.60332081078e-07 1.49916795103 
42 999.50083175 1.82721163061e-07 1.49916806737 
43 999.500831722 1.27592561577e-07 1.49916815 
44 999.500831703 8.90934241268e-08 1.49916820771 
45 999.50083169 6.19856019651e-08 1.49916824835 
46 999.50083168 4.33825913059e-08 1.49916827623 
47 999.500831672 2.72243413449e-08 1.49916830045 
48 999.500831663 8.76607218365e-09 1.49916832812 
49 999.500831656 -6.1880598803e-09 1.49916835054 
50 999.50083165 -1.76380548469e-08 1.4991683677 
51 999.500831646 -2.55839127162e-08 1.49916837961 
52 999.500831644 -3.00256334883e-08 1.49916838627 
53 999.500831643 -3.09632171629e-08 1.49916838768 
54 999.500831645 -2.83966637403e-08 1.49916838383 
55 999.500831648 -2.23259732204e-08 1.49916837473 
56 999.500831647 -2.40037367325e-08 1.49916837724 
57 999.500831646 -2.55147206442e-08 1.49916837951 
58 999.500831646 -2.61109453645e-08 1.4991683804 
59 999.500831646 -2.57924108934e-08 1.49916837992 
60 999.500831646 -2.45591172308e-08 1.49916837808 
61 999.500831648 -2.24110643769e-08 1.49916837486 
62 999.500831649 -1.93482523315e-08 1.49916837026 
63 999.500831651 -1.53706810947e-08 1.4991683643 
64 999.500831652 -1.30974727356e-08 1.49916836089 
65 999.500831653 -1.18600416635e-08 1.49916835904 
66 999.500831653 -1.06226105913e-08 1.49916835719 
67 999.500831654 -9.38517951919e-09 1.49916835533 
68 999.500831655 -8.14774844704e-09 1.49916835348 
69 999.500831655 -6.9103173749e-09 1.49916835162 
70 999.500831656 -5.67288630276e-09 1.49916834977 
