Time S I R
0  1000 1 0
1 999.857591907 0.819050693821 0.32335739955 
2 999.740968115 0.670829634961 0.588202249943 
3 999.645460367 0.549422646706 0.805116985839 
4 999.56724407 0.449980680847 0.98277524919 
5 999.503191985 0.368536287116 1.12827172774 
6 999.450734286 0.30182764176 1.24743807208 
7 999.407774811 0.247192889553 1.34503229937 
8 999.372592867 0.202446279481 1.42496085312 
9 999.343780558 0.165798875077 1.49042056722 
10 999.320184604 0.135784933491 1.54403046299 
11 999.300860695 0.111204069601 1.58793523536 
12 999.285035215 0.0910727289635 1.62389205611 
13 999.272074827 0.0745856024845 1.65333957041 
14 999.261460834 0.0610830802104 1.67745608538 
15 999.252768419 0.0500248889795 1.69720669231 
16 999.2456497 0.0409685732888 1.71338172635 
17 999.239819906 0.033551919529 1.72662817414 
18 999.235045428 0.0274777788817 1.73747679341 
19 999.231135301 0.0225032375748 1.74636146098 
20 999.227933092 0.0184292957697 1.75363761271 
21 999.225310634 0.015092913511 1.75959645286 
22 999.223162921 0.012360507095 1.7644765719 
23 999.221404026 0.0101227616976 1.76847321278 
24 999.219963585 0.00829016335806 1.77174625188 
25 999.218784032 0.00678947529621 1.77442649306 
26 999.217817885 0.0055602916097 1.77662182339 
27 999.217026642 0.00455362784549 1.7784197304 
28 999.216378656 0.00372922288042 1.77989212136 
29 999.215847977 0.00305406210144 1.78109796099 
30 999.215413405 0.00250117424493 1.78208542035 
31 999.215057478 0.00204834116414 1.78289418133 
32 999.214765987 0.00167748906333 1.78355652392 
33 999.214527286 0.00137379858751 1.7840989156 
34 999.214331798 0.00112508684076 1.7845431151 
35 999.214171715 0.000921418675748 1.78490686666 
36 999.214040587 0.000754589197196 1.78520482425 
37 999.213933197 0.000617960864086 1.78544884254 
38 999.213845257 0.000506078963164 1.78564866368 
39 999.213773238 0.000414451316512 1.7858123107 
40 999.213714266 0.000339423526363 1.78594631035 
41 999.21366596 0.000277965058645 1.78605607519 
42 999.213626392 0.000227624364544 1.78614598368 
43 999.213594007 0.000186421559068 1.7862195719 
44 999.213567479 0.000152671338906 1.7862798498 
45 999.213545762 0.000125041683527 1.78632919637 
46 999.21352797 0.000102405351243 1.78636962486 
47 999.213513373 8.38346446634e-05 1.78640279214 
48 999.213501412 6.86170691804e-05 1.78642997073 
49 999.213491642 5.61862691315e-05 1.78645217214 
50 999.21348364 4.6006377692e-05 1.78647035342 
51 999.213477109 3.76970365836e-05 1.78648519391 
52 999.21347176 3.0891144327e-05 1.78649734923 
53 999.213467347 2.52770952878e-05 1.78650737592 
54 999.213463776 2.07341172642e-05 1.78651548968 
55 999.213460828 1.69829840408e-05 1.7865221892 
56 999.213458418 1.39166387396e-05 1.7865276657 
57 999.213456449 1.14122621462e-05 1.78653213851 
58 999.213454838 9.36217327999e-06 1.78653579997 
59 999.213453523 7.68913164319e-06 1.78653878802 
60 999.213452443 6.31542698616e-06 1.78654124146 
61 999.213451539 5.16556160078e-06 1.78654329512 
62 999.213450797 4.22078627362e-06 1.78654498249 
63 999.213450187 3.44450081941e-06 1.78654636893 
64 999.213449658 2.77167351178e-06 1.7865475706 
65 999.213449271 2.2797794778e-06 1.78654844913 
66 999.213448943 1.86174638503e-06 1.78654919573 
67 999.213448667 1.51182286708e-06 1.7865498207 
68 999.213448442 1.22475822889e-06 1.78655033339 
69 999.213448265 1.00024232956e-06 1.78655073438 
70 999.213448123 8.19666953929e-07 1.78655105689 
