Time S I R
0  1000 1 0
1 999.987070275 0.601742805124 0.411186919981 
2 999.979289982 0.362094188881 0.658615829063 
3 999.9746083 0.217888060188 0.807503640075 
4 999.971791124 0.13111251514 0.897096360558 
5 999.97009592 0.0788961727363 0.951007906999 
6 999.969075843 0.047475298565 0.98344885871 
7 999.968462023 0.0285681502359 1.00296982641 
8 999.968092657 0.0171907435799 1.01471659966 
9 999.967870393 0.0103444514155 1.02178515608 
10 999.967736649 0.00622482305817 1.02603852778 
11 999.967656166 0.0037457476267 1.02859808615 
12 999.967607736 0.0022539652123 1.03013829912 
13 999.967578592 0.00135627200518 1.03106513585 
14 999.967561057 0.000816140025349 1.03162280316 
15 999.967550504 0.000491082077986 1.03195841408 
16 999.967544154 0.00029550039532 1.0321603453 
17 999.967540333 0.000177799023891 1.03228186783 
18 999.967538035 0.000106996628633 1.03235496882 
19 999.96753665 6.43553891046e-05 1.0323989944 
20 999.967535817 3.86960247549e-05 1.0324254868 
21 999.967535318 2.33148200936e-05 1.03244136735 
22 999.967535017 1.40390961553e-05 1.03245094421 
23 999.967534836 8.47041662714e-06 1.03245669367 
24 999.967534728 5.13119675807e-06 1.0324601413 
25 999.967534661 3.07306505645e-06 1.03246226625 
26 999.96753462 1.82083989237e-06 1.03246355913 
27 999.967534596 1.07654714985e-06 1.03246432759 
28 999.967534582 6.43442862544e-07 1.03246477475 
29 999.967534574 3.95683582266e-07 1.03246503055 
30 999.967534569 2.45894414187e-07 1.03246518521 
31 999.967534566 1.5158297639e-07 1.03246528258 
32 999.967534564 9.24497263106e-08 1.03246534363 
33 999.967534563 5.63220730772e-08 1.03246538093 
34 999.967534562 3.44939249805e-08 1.03246540347 
35 999.967534561 1.29404099918e-08 1.03246542572 
36 999.967534561 -6.37845878056e-09 1.03246544567 
37 999.96753456 -2.00015387156e-08 1.03246545973 
38 999.96753456 -2.79288298134e-08 1.03246546792 
39 999.96753456 -3.0160332074e-08 1.03246547022 
40 999.96753456 -2.66960454972e-08 1.03246546665 
41 999.96753456 -2.14175140933e-08 1.0324654612 
42 999.96753456 -2.35437125815e-08 1.03246546339 
43 999.96753456 -2.42361817227e-08 1.03246546411 
44 999.96753456 -2.34949215168e-08 1.03246546334 
45 999.96753456 -2.13199319639e-08 1.03246546109 
46 999.96753456 -1.77112130639e-08 1.03246545737 
47 999.967534561 -1.2668764817e-08 1.03246545216 
48 999.967534561 -1.0659229814e-08 1.03246545009 
49 999.967534561 -9.24680947749e-09 1.03246544863 
50 999.967534561 -7.83438914096e-09 1.03246544717 
51 999.967534561 -6.42196880444e-09 1.03246544571 
52 999.967534561 -5.00954846791e-09 1.03246544425 
53 999.967534561 -3.59712813139e-09 1.0324654428 
54 999.967534561 -2.76303606569e-09 1.03246544194 
55 999.967534561 -2.72104251656e-09 1.03246544189 
56 999.967534561 -2.67904896743e-09 1.03246544185 
57 999.967534561 -2.6370554183e-09 1.03246544181 
58 999.967534561 -2.59506186917e-09 1.03246544176 
59 999.967534561 -2.55306832004e-09 1.03246544172 
60 999.967534561 -2.51107477091e-09 1.03246544168 
61 999.967534561 -2.46908122178e-09 1.03246544163 
62 999.967534561 -2.42708767265e-09 1.03246544159 
63 999.967534561 -2.38509412352e-09 1.03246544155 
64 999.967534561 -2.34310057439e-09 1.0324654415 
65 999.967534561 -2.30110702526e-09 1.03246544146 
66 999.967534561 -2.25911347613e-09 1.03246544142 
67 999.967534561 -2.21711992701e-09 1.03246544137 
68 999.967534561 -2.17512637788e-09 1.03246544133 
69 999.967534561 -2.13313282875e-09 1.03246544129 
70 999.967534561 -2.09113927962e-09 1.03246544124 
