Time S I R
0  1000 1 0
1 999.920200389 0.917604037678 0.162195573348 
2 999.846981336 0.84199135259 0.311027311505 
3 999.779800626 0.772604824959 0.447594548808 
4 999.718160017 0.708932232345 0.572907750533 
5 999.661602958 0.65050397107 0.687893070677 
6 999.609710148 0.596888552273 0.793401299916 
7 999.562096836 0.547689874269 0.890213289985 
8 999.51840958 0.502543929449 0.979046490236 
9 999.478325195 0.461117736256 1.06055706853 
10 999.441547695 0.423106229163 1.13534607537 
11 999.407804028 0.388227907869 1.20396806409 
12 999.37684189 0.356222633677 1.26693547606 
13 999.348432447 0.326854353543 1.32471319936 
14 999.322366385 0.299907090351 1.37772652448 
15 999.298450161 0.275181122885 1.42636871634 
16 999.2765061 0.252493071971 1.47100082773 
17 999.256371702 0.231675176022 1.51195312156 
18 999.237897705 0.212573319525 1.5495289756 
19 999.220947234 0.195046157099 1.58400660918 
20 999.205394677 0.178963954771 1.61564136795 
21 999.191124674 0.164207550131 1.64466777608 
22 999.178031495 0.150667717761 1.67130078752 
23 999.166018089 0.138244186226 1.69573772496 
24 999.154995504 0.126845041457 1.71815945479 
25 999.144881843 0.116385655571 1.73873250124 
26 999.13560224 0.10678865529 1.75760910466 
27 999.127087911 0.0979829498146 1.7749291393 
28 999.119275679 0.0899032393194 1.79082108171 
29 999.112107762 0.082489793966 1.8054024444 
30 999.105530907 0.0756875660176 1.81878152681 
31 999.099496471 0.069446266302 1.83105726249 
32 999.093959662 0.0637195873858 1.84232075035 
33 999.088879446 0.0584651042445 1.85265544947 
34 999.084218209 0.0536439256303 1.86213786543 
35 999.079941331 0.0492202565325 1.8708384122 
36 999.076017191 0.045161398172 1.87882141127 
37 999.072416643 0.0414372147324 1.88614614211 
38 999.069113082 0.0380201924911 1.89286672508 
39 999.066082012 0.0348849997917 1.89903298796 
40 999.063300802 0.0320082336389 1.9046909647 
41 999.060748951 0.0293686938227 1.90988235514 
42 999.058407573 0.0269468476239 1.91464557906 
43 999.05625922 0.0247246501219 1.91901612979 
44 999.054288059 0.0226857271509 1.92302621368 
45 999.052479485 0.0208149727282 1.92670554264 
46 999.050820013 0.019098441192 1.93008154631 
47 999.049297419 0.0175234894826 1.93317909179 
48 999.047900408 0.0160784354145 1.93602115629 
49 999.04661856 0.0147525003024 1.93862893989 
50 999.045442439 0.0135359259784 1.94102163524 
51 999.044363321 0.0124196887752 1.94321699033 
52 999.043373166 0.0113954727516 1.94523136114 
53 999.042464685 0.0104557383911 1.94707957643 
54 999.041631132 0.00959350846723 1.94877535904 
55 999.040866306 0.00880236808114 1.95033132577 
56 999.040164604 0.00807652278404 1.95175887304 
57 999.039520805 0.00741057121774 1.95306862418 
58 999.038930051 0.00679948969858 1.9542704597 
59 999.038387954 0.00623873914412 1.95537330698 
60 999.037890586 0.00572425607927 1.95638515788 
61 999.037434244 0.00525220977451 1.95731354656 
62 999.037015495 0.00481905065007 1.95816545423 
63 999.036631277 0.00442160998665 1.95894711297 
64 999.036278771 0.0040569726595 1.95966425612 
65 999.035955344 0.00372241436205 1.96032224173 
66 999.035658563 0.00341541940621 1.96092601754 
67 999.035386274 0.00313375931543 1.96147996638 
68 999.03513646 0.00287534654526 1.96198819393 
69 999.034907237 0.00263823478037 1.9624545281 
70 999.034696892 0.00242064986925 1.96288245818 
