Time S I R
0  1000 1 0
1 999.809972735 1.04880599851 0.141221266435 
2 999.610715345 1.09995381532 0.289330839402 
3 999.401785917 1.15355264622 0.444661436975 
4 999.182727071 1.20971520639 0.607557722813 
5 998.953059569 1.26855927574 0.778381155141 
6 998.712282661 1.33020756473 0.957509774299 
7 998.459872383 1.39478806973 1.14533954688 
8 998.19528263 1.46243377546 1.34228359442 
9 997.917942835 1.53328314465 1.54877402064 
10 997.627257335 1.60748020412 1.7652624609 
11 997.322604466 1.68517468784 1.99222084568 
12 997.003335292 1.76652223272 2.23014247521 
13 996.668774281 1.85168428211 2.47954143703 
14 996.318217116 1.9408283944 2.74095448948 
15 995.950928489 2.03412852193 3.01494298879 
16 995.566142031 2.13176511316 3.30209285629 
17 995.163059731 2.23392505252 3.60301521675 
18 994.740851964 2.34080151438 3.91834652158 
19 994.298654593 2.45259457318 4.24875083391 
20 993.835568787 2.5695109575 4.59492025595 
21 993.350660141 2.69176402567 4.95757583285 
22 992.842957469 2.81957409487 5.33746843641 
23 992.311452031 2.95316814818 5.73537982116 
24 991.755096609 3.09277980959 6.1521235815 
25 991.172804434 3.23864961623 6.5885459497 
26 990.563448796 3.39102447059 7.04552673327 
27 989.92586215 3.55015761142 7.52398023899 
28 989.258834938 3.71630884567 8.02485621585 
29 988.561116153 3.88974345096 8.54914039612 
30 987.83141198 4.0707324647 9.0978555556 
31 987.068384485 4.25955295027 9.67206256466 
32 986.270651652 4.45648733775 10.2728610105 
33 985.436790693 4.66182074135 10.9013885652 
34 984.565333841 4.8758429923 11.5588231666 
35 983.654768114 5.09884817605 12.2463837099 
36 982.703537307 5.3311329818 12.9653297108 
37 981.710046894 5.57299357569 13.7169595301 
38 980.672656902 5.82472877406 14.5026143241 
39 979.58968402 6.08663837966 15.3236775999 
40 978.459407679 6.35901974546 16.1815725756 
41 977.280072699 6.64216596344 17.0777613373 
42 976.049882071 6.93636871251 18.0137492169 
43 974.767001385 7.241915626 18.9910829887 
44 973.429571885 7.55908419054 20.0113439248 
45 972.035705207 7.88814336838 21.0761514241 
46 970.583481158 8.22935394518 22.1871648969 
47 969.07095469 8.5829650908 23.3460802188 
48 967.496175001 8.94920645314 24.5546185454 
49 965.857171323 9.32829287839 25.8145357988 
50 964.151957993 9.72042182119 27.1276201855 
51 962.378546774 10.1257683593 28.495684867 
52 960.534966235 10.544477939 29.920555826 
53 958.619242756 10.9766718915 31.4040853521 
54 956.629412621 11.4224426049 32.9481447746 
55 954.563544223 11.8818462935 34.5546094839 
56 952.419746004 12.3548997445 36.2253542519 
57 950.19615449 12.8415825614 37.9622629489 
58 947.890950004 13.3418318476 39.7672181486 
59 945.502388512 13.8555343377 41.6420771506 
60 943.028793328 14.382526478 43.5886801937 
61 940.468557929 14.9225923077 45.6088497638 
62 937.82016363 15.4754589388 47.7043774307 
63 935.08221234 16.0407916766 49.8769959836 
64 932.253411002 16.6181924359 52.1283965617 
65 929.332586187 17.2071961007 54.4602177123 
66 926.318703803 17.8072687004 56.874027497 
67 923.21089183 18.4178068858 59.3713012841 
68 920.008432165 19.0381304818 61.9534373536 
69 916.710778927 19.6674809959 64.6217400775 
70 913.317575029 20.3050278083 67.3773971622 
