Time S I R
0  1000 1 0
1 999.884774652 0.451739995718 0.663485352462 
2 999.83272777 0.204067818223 0.963204411664 
3 999.809217163 0.0921842781054 1.09859855874 
4 999.798596836 0.0416426502839 1.15976051376 
5 999.793799358 0.0188114708199 1.18738917093 
6 999.791632168 0.00849777790556 1.19987005384 
7 999.790653186 0.00383877394686 1.20550804055 
8 999.790210931 0.00173407226087 1.20805499661 
9 999.790011156 0.000783338019144 1.20920550558 
10 999.789920906 0.00035383180017 1.20972526255 
11 999.78988014 0.000159827179567 1.20996003273 
12 999.789861723 7.21817225083e-05 1.21006609484 
13 999.789853404 3.25908551851e-05 1.2101140048 
14 999.789849654 1.47448420336e-05 1.21013560074 
15 999.789847964 6.70124893454e-06 1.21014533451 
16 999.78984719 3.01838434488e-06 1.21014979124 
17 999.789846836 1.33190534542e-06 1.21015183209 
18 999.789846681 5.93046488284e-07 1.21015272621 
19 999.789846615 2.80930154832e-07 1.21015310391 
20 999.789846584 1.31648319315e-07 1.21015328456 
21 999.789846569 6.05902873307e-08 1.21015337054 
22 999.789846561 2.5390547673e-08 1.21015341314 
23 999.789846554 -7.90606674733e-09 1.21015345343 
24 999.789846551 -2.64012500342e-08 1.21015347582 
25 999.78984655 -3.00950021877e-08 1.21015348029 
26 999.789846552 -2.16994000278e-08 1.21015347013 
27 999.789846551 -2.48034705108e-08 1.21015347388 
28 999.789846551 -2.41254645399e-08 1.21015347306 
29 999.789846552 -1.96653821152e-08 1.21015346766 
30 999.789846554 -1.23890462642e-08 1.21015345886 
31 999.789846554 -1.00049944481e-08 1.21015345597 
32 999.789846555 -7.62094263199e-09 1.21015345309 
33 999.789846555 -5.2368908159e-09 1.2101534502 
34 999.789846556 -2.99558874748e-09 1.21015344749 
35 999.789846556 -2.92337345425e-09 1.2101534474 
36 999.789846556 -2.85115816102e-09 1.21015344732 
37 999.789846556 -2.77894286779e-09 1.21015344723 
38 999.789846556 -2.70672757456e-09 1.21015344714 
39 999.789846556 -2.63451228133e-09 1.21015344705 
40 999.789846556 -2.5622969881e-09 1.21015344697 
41 999.789846556 -2.49008169486e-09 1.21015344688 
42 999.789846556 -2.41786640163e-09 1.21015344679 
43 999.789846556 -2.3456511084e-09 1.21015344671 
44 999.789846556 -2.27343581517e-09 1.21015344662 
45 999.789846556 -2.20122052194e-09 1.21015344653 
46 999.789846556 -2.12900522871e-09 1.21015344644 
47 999.789846556 -2.05678993548e-09 1.21015344636 
48 999.789846556 -1.98457464225e-09 1.21015344627 
49 999.789846556 -1.91235934902e-09 1.21015344618 
50 999.789846556 -1.84014405578e-09 1.21015344609 
51 999.789846556 -1.76792876255e-09 1.21015344601 
52 999.789846556 -1.69571346932e-09 1.21015344592 
53 999.789846556 -1.62349817609e-09 1.21015344583 
54 999.789846556 -1.55128288286e-09 1.21015344574 
55 999.789846556 -1.47906758963e-09 1.21015344566 
56 999.789846556 -1.4068522964e-09 1.21015344557 
57 999.789846556 -1.33463700317e-09 1.21015344548 
58 999.789846556 -1.26242170994e-09 1.21015344539 
59 999.789846556 -1.1902064167e-09 1.21015344531 
60 999.789846556 -1.11799112347e-09 1.21015344522 
61 999.789846556 -1.04577583024e-09 1.21015344513 
62 999.789846556 -9.73560537012e-10 1.21015344504 
63 999.789846556 -9.0134524378e-10 1.21015344496 
64 999.789846556 -8.29129950549e-10 1.21015344487 
65 999.789846556 -7.56914657318e-10 1.21015344478 
66 999.789846556 -6.84699364087e-10 1.2101534447 
67 999.789846556 -6.12484070856e-10 1.21015344461 
68 999.789846556 -5.40268777625e-10 1.21015344452 
69 999.789846556 -4.68053484394e-10 1.21015344443 
70 999.789846556 -3.95838191163e-10 1.21015344435 
