Time S I R
0  1000 1 0
1 999.816482299 1.10698932563 0.0765283748956 
2 999.61337139 1.22538494817 0.161243661976 
3 999.388589603 1.35639270002 0.255017697375 
4 999.139841741 1.50134382392 0.358814435479 
5 998.864589724 1.66170940649 0.47370086924 
6 998.560031944 1.83911202115 0.600856034573 
7 998.223077569 2.03534021036 0.741582220655 
8 997.850314663 2.25236642651 0.897318910417 
9 997.437980903 2.49236339491 1.06965570221 
10 996.981930429 2.75772253009 1.26034704046 
11 996.477587055 3.05107991555 1.47133302941 
12 995.919915965 3.37533164254 1.7047523926 
13 995.30337347 3.73366129856 1.96296523113 
14 994.621861639 4.12956445487 2.24857390646 
15 993.868675418 4.5668768753 2.56444770636 
16 993.036449721 5.04980239215 2.91374788655 
17 992.117101331 5.58294308619 3.2999555832 
18 991.101766566 6.17133104796 3.72690238576 
19 989.980741538 6.82045878417 4.19879967737 
20 988.743405685 7.53631531684 4.72027899828 
21 987.378153759 8.3254194024 5.29642683862 
22 985.872330999 9.1948474063 5.93282159509 
23 984.212150218 10.1522708244 6.63557895768 
24 982.382627508 11.2059788183 7.41139367357 
25 980.367502807 12.364910158 8.26758703522 
26 978.14917963 13.6386664435 9.21215392607 
27 975.708653003 15.037533939 10.2538130575 
28 973.025468907 16.5724767473 11.4020543462 
29 970.077667351 18.2551413172 12.6671913315 
30 966.841774144 20.0978199075 14.0604059487 
31 963.2927759 22.1134249517 15.593799148 
32 959.404162369 24.315409716 17.2804279152 
33 955.147955716 26.7176959935 19.1343482902 
34 950.494824812 29.3345373217 21.1706378663 
35 945.414198786 32.1803790726 23.4054221411 
36 939.874476358 35.2696495272 25.8558741146 
37 933.843258954 38.6165295941 28.5402114516 
38 927.287678668 42.2346585716 31.47766276 
39 920.174786207 46.1367941231 34.6884196701 
40 912.472017198 50.3344247111 38.1935580911 
41 904.14775945 54.8373133562 42.0149271936 
42 895.171969245 59.6530175165 46.1750132386 
43 885.516914309 64.7863370603 50.6967486308 
44 875.157938304 70.2387554029 55.6033062932 
45 864.074326935 76.0078542906 60.9178187747 
46 852.250198265 82.0867087748 66.6630929603 
47 839.675375218 88.463380829 72.8612439531 
48 826.346345363 95.120330232 79.5333244047 
49 812.266967584 102.034133515 86.6988989003 
50 797.449391369 109.175015453 94.3755931778 
51 781.914407823 116.506936001 102.578656176 
52 765.692155604 123.987390138 111.320454259 
53 748.82196933 131.567947687 120.610082983 
54 731.352654591 139.194487486 130.452857923 
55 713.341790904 146.808169502 140.850039593 
56 694.855372837 154.346228648 151.798398515 
57 675.966655772 161.743242761 163.290101467 
58 656.755068969 168.932489423 175.312441609 
59 637.30479253 175.847300612 187.847906858 
60 617.70304483 182.422802237 200.874152933 
61 598.03860425 188.597149636 214.364246113 
62 578.399787472 194.313299643 228.286912885 
63 558.873085769 199.519984177 242.606930054 
64 539.541271721 204.173108208 257.285620071 
65 520.482258457 208.236387725 272.281353818 
66 501.767721678 211.682077643 287.550200679 
67 483.462258828 214.491234463 303.04650671 
68 465.622710243 216.653710546 318.723579211 
69 448.297692749 218.168009861 334.53429739 
70 431.527559802 219.040716919 350.431723279 
