Time S I R
0  10000 1 0
1 8991.34535305 959.128021989 50.5266249657 
2 125.723675361 7795.59298718 2079.68333746 
3 0.947825893016 5597.77198512 4402.28018899 
4 0.029851432846 3952.87530817 6048.09484039 
5 0.00305094365831 2790.84721944 7210.14972962 
6 0.00072147573519 1970.41018774 8030.58909079 
7 0.000200137006686 1391.15940748 8609.84039238 
8 8.03286638984e-05 982.193474911 9018.80644476 
9 4.36979426013e-05 693.452741933 9307.54721437 
10 2.83410354314e-05 489.595613096 9511.40435856 
11 2.09398695006e-05 345.666905157 9655.3330739 
12 1.69091908901e-05 244.049513056 9756.95047004 
13 1.45337999129e-05 172.304760961 9828.69522451 
14 1.30643566081e-05 121.65148694 9879.3485 
15 1.21172834042e-05 85.8890054589 9915.11098242 
16 1.1490245015e-05 60.6397635312 9940.36022498 
17 1.10671935545e-05 42.8131887005 9958.18680023 
18 1.07779287646e-05 30.2271817127 9970.77280751 
19 1.05782655737e-05 21.3411445686 9979.65884485 
20 1.04395294329e-05 15.0673804389 9985.93260912 
21 1.03426755231e-05 10.63794668 9990.36204298 
22 1.02748363133e-05 7.51065605151 9993.48933367 
23 1.02272097138e-05 5.30271076855 9995.697279 
24 1.01937166619e-05 3.74384623943 9997.25614357 
25 1.01701352833e-05 2.64324836159 9998.35674147 
26 1.01535169961e-05 1.86619907704 9999.13379077 
27 1.01418027043e-05 1.31758305827 9999.6824068 
28 1.01335390355e-05 0.930246432104 10000.0697434 
29 1.01277091744e-05 0.656777095072 10000.3432128 
30 1.01235946204e-05 0.46370099768 10000.5362889 
31 1.01206896943e-05 0.327384275204 10000.6726056 
32 1.01186415122e-05 0.231141433541 10000.7688484 
33 1.01171935967e-05 0.163191558597 10000.8367983 
34 1.01161713246e-05 0.11521729625 10000.8847726 
35 1.01154528238e-05 0.0813462604555 10000.9186436 
36 1.01149416878e-05 0.0574324456246 10000.9425574 
37 1.01145833469e-05 0.0405487209377 10000.9594412 
38 1.01143323263e-05 0.0286284044802 10000.9713615 
39 1.01141522464e-05 0.0202123611981 10000.9797775 
40 1.01140249171e-05 0.0142704255007 10000.9857195 
41 1.01139394246e-05 0.0100752759213 10000.9899146 
42 1.0113873941e-05 0.00711339162033 10000.9928765 
43 1.01138266473e-05 0.00502219555811 10000.9949677 
44 1.01137957245e-05 0.00354585647735 10000.996444 
45 1.01137738966e-05 0.00250351177204 10000.9974864 
46 1.01137611637e-05 0.00176753695696 10000.9982223 
47 1.01137484307e-05 0.00124793160532 10000.998742 
48 1.01137411548e-05 0.000881082045478 10000.9991088 
49 1.01137356978e-05 0.000622066127113 10000.9993678 
50 1.01137320598e-05 0.000439180533111 10000.9995507 
51 1.01137266029e-05 0.000310067823695 10000.9996798 
52 1.01137266029e-05 0.000218911057843 10000.999771 
53 1.01137247839e-05 0.000154551189377 10000.9998353 
54 1.01137229649e-05 0.000109120571348 10000.9998808 
55 1.01137229649e-05 7.70386275245e-05 10000.9999128 
56 1.01137211459e-05 5.43437505074e-05 10000.9999355 
57 1.01137229649e-05 3.83579671281e-05 10000.9999515 
58 1.01137229649e-05 2.71061441657e-05 10000.9999628 
59 1.01137229649e-05 1.91428443352e-05 10000.9999707 
60 1.01137229649e-05 1.35275344024e-05 10000.9999764 
61 1.01137229649e-05 9.56629460778e-06 10000.9999803 
62 1.01137229649e-05 6.77738122467e-06 10000.9999831 
63 1.01137229649e-05 4.80599516958e-06 10000.9999851 
64 1.01137211459e-05 3.38011879639e-06 10000.9999865 
65 1.01137229649e-05 2.33255065012e-06 10000.9999876 
66 1.01137229649e-05 1.65563671439e-06 10000.9999882 
67 1.01137229649e-05 1.15302175801e-06 10000.9999887 
68 1.01137211459e-05 8.05789281401e-07 10000.9999891 
69 1.01137211459e-05 5.69446042038e-07 10000.9999893 
70 1.01137211459e-05 4.10066020091e-07 10000.9999895 
