Time S I R
0  10000 1 0
1 9998.4735691 1.98686852079 0.539562382788 
2 9995.44180111 3.94672364504 1.61147524237 
3 9989.42359989 7.83616402654 3.74023608286 
4 9977.4907782 15.5443073914 7.96491440569 
5 9953.88368577 30.7786734512 16.3376407752 
6 9907.38823442 60.7253535853 32.8864119962 
7 9816.60908951 118.969129637 65.4217808549 
8 9642.3474841 229.92320182 128.729314081 
9 9318.42227244 433.069116802 249.50861076 
10 8750.57605329 778.686232834 471.737713871 
11 7849.28835261 1295.7827285 855.928918895 
12 6617.9956797 1923.97746107 1459.02685923 
13 5229.38362813 2480.21050806 2291.40586382 
14 3945.94443485 2768.31025269 3286.74531246 
15 2938.53362234 2733.82188455 4328.64449311 
16 2226.3379486 2464.99912831 5309.66292309 
17 1747.41537228 2087.78665873 6165.797969 
18 1429.57199954 1696.02939075 6875.3986097 
19 1217.25530749 1340.07758305 7443.66710947 
20 1073.33678431 1039.26046035 7888.40275534 
21 974.162092429 795.763999176 8231.07390839 
22 904.765129325 603.951532224 8492.28333845 
23 855.565732833 455.527147748 8689.90711942 
24 820.312744106 342.0565781 8838.63067779 
25 794.839729039 256.032086569 8950.12818439 
26 776.313239731 191.198817245 9033.48794302 
27 762.771663189 142.541960401 9095.68637641 
28 752.836235819 106.136135684 9142.0276285 
29 745.525816316 78.9567589755 9176.51742471 
30 740.135336452 58.6981955563 9202.16646799 
31 736.154189295 43.6159900766 9221.22982063 
32 733.210388841 32.3972572508 9235.39235391 
33 731.031700933 24.0576638958 9245.91063517 
34 729.41818836 17.8612470152 9253.72056463 
35 728.222651635 13.2588495126 9259.51849885 
36 727.336490616 9.84129409604 9263.82221529 
37 726.679467683 7.30404176208 9267.01649056 
38 726.192235318 5.42061008559 9269.3871546 
39 725.830860571 4.0226624584 9271.14647697 
40 725.56280321 2.9851391558 9272.45205763 
41 725.363949695 2.215159381 9273.42089092 
42 725.216424501 1.64375612213 9274.13981938 
43 725.106973731 1.21973043901 9274.67329583 
44 725.025768186 0.905078145606 9275.06915367 
45 724.965517214 0.671591213244 9275.36289157 
46 724.92081279 0.498335096735 9275.58085211 
47 724.88764302 0.36977390374 9275.74258308 
48 724.863031448 0.274378253572 9275.8625903 
49 724.844769814 0.203592638053 9275.95163755 
50 724.831219733 0.151068462209 9276.0177118 
51 724.821165557 0.112094659745 9276.06673978 
52 724.813705315 0.0831754949089 9276.10311919 
53 724.808169793 0.0617171443267 9276.13011306 
54 724.804062399 0.0457947735641 9276.15014283 
55 724.801014692 0.0339802201814 9276.16500509 
56 724.798753265 0.0252136696779 9276.17603307 
57 724.797075268 0.0187087988518 9276.18421593 
58 724.79583018 0.013882112827 9276.19028771 
59 724.794906313 0.0103006654171 9276.19479302 
60 724.794220787 0.0076431609442 9276.19813605 
61 724.793712145 0.00567136117824 9276.20061649 
62 724.793334729 0.00420827016735 9276.202457 
63 724.793054668 0.00312258261605 9276.20382275 
64 724.79284686 0.00231699593954 9276.20483614 
65 724.792692664 0.00171924008779 9276.2055881 
66 724.792578261 0.00127574352284 9276.206146 
67 724.792493357 0.00094660407478 9276.20656004 
68 724.792430354 0.00070236542828 9276.20686728 
69 724.792383609 0.000521154545865 9276.20709524 
70 724.792348925 0.000386696799193 9276.20726438 
