Time S I R
0  1000 1 0
1 999.88728337 0.459765452469 0.652951177048 
2 999.835465042 0.211382974701 0.953151983162 
3 999.811641828 0.0971851670446 1.09117300537 
4 999.800689117 0.0446816812312 1.15462920158 
5 999.795653589 0.0205428759876 1.18380353511 
6 999.793338455 0.00944477101583 1.19721677427 
7 999.792274077 0.00434243282484 1.20338348998 
8 999.791784685 0.00199641899006 1.20621889554 
9 999.791559691 0.000917856159475 1.20752245256 
10 999.791456247 0.000421970745885 1.2081217824 
11 999.791408687 0.00019398162101 1.20839733131 
12 999.791386829 8.91975908551e-05 1.20852397386 
13 999.791376765 4.09567806423e-05 1.20858227797 
14 999.791372156 1.88607712777e-05 1.20860898333 
15 999.791370036 8.69963975208e-06 1.20862126413 
16 999.791369059 4.01705605289e-06 1.20862692353 
17 999.7913686 1.81317720788e-06 1.20862958715 
18 999.791368391 8.13691851369e-07 1.20863079513 
19 999.791368302 3.84331080504e-07 1.20863131406 
20 999.79136826 1.84620604552e-07 1.20863155543 
21 999.79136824 8.70873653822e-08 1.20863167331 
22 999.79136823 4.09372693389e-08 1.20863172908 
23 999.791368223 7.22713888259e-09 1.20863176983 
24 999.791368218 -1.83956353669e-08 1.20863180079 
25 999.791368215 -2.98716289672e-08 1.20863181466 
26 999.791368216 -2.72008419186e-08 1.20863181144 
27 999.791368217 -2.33924807713e-08 1.20863180683 
28 999.791368216 -2.49863178853e-08 1.20863180876 
29 999.791368217 -2.29657335586e-08 1.20863180632 
30 999.791368218 -1.7330727791e-08 1.20863179951 
31 999.791368219 -1.16416794732e-08 1.20863179263 
32 999.791368219 -9.31168849984e-09 1.20863178982 
33 999.79136822 -6.98169752652e-09 1.208631787 
34 999.79136822 -4.65170655319e-09 1.20863178418 
35 999.791368221 -2.97796808474e-09 1.20863178216 
36 999.791368221 -2.90739952451e-09 1.20863178208 
37 999.791368221 -2.83683096427e-09 1.20863178199 
38 999.791368221 -2.76626240403e-09 1.2086317819 
39 999.791368221 -2.69569384379e-09 1.20863178182 
40 999.791368221 -2.62512528356e-09 1.20863178173 
41 999.791368221 -2.55455672332e-09 1.20863178165 
42 999.791368221 -2.48398816308e-09 1.20863178156 
43 999.791368221 -2.41341960284e-09 1.20863178148 
44 999.791368221 -2.34285104261e-09 1.20863178139 
45 999.791368221 -2.27228248237e-09 1.20863178131 
46 999.791368221 -2.20171392213e-09 1.20863178122 
47 999.791368221 -2.1311453619e-09 1.20863178114 
48 999.791368221 -2.06057680166e-09 1.20863178105 
49 999.791368221 -1.99000824142e-09 1.20863178097 
50 999.791368221 -1.91943968118e-09 1.20863178088 
51 999.791368221 -1.84887112095e-09 1.2086317808 
52 999.791368221 -1.77830256071e-09 1.20863178071 
53 999.791368221 -1.70773400047e-09 1.20863178063 
54 999.791368221 -1.63716544023e-09 1.20863178054 
55 999.791368221 -1.56659688e-09 1.20863178045 
56 999.791368221 -1.49602831976e-09 1.20863178037 
57 999.791368221 -1.42545975952e-09 1.20863178028 
58 999.791368221 -1.35489119928e-09 1.2086317802 
59 999.791368221 -1.28432263905e-09 1.20863178011 
60 999.791368221 -1.21375407881e-09 1.20863178003 
61 999.791368221 -1.14318551857e-09 1.20863177994 
62 999.791368221 -1.07261695833e-09 1.20863177986 
63 999.791368221 -1.0020483981e-09 1.20863177977 
64 999.791368221 -9.3147983786e-10 1.20863177969 
65 999.791368221 -8.60911277623e-10 1.2086317796 
66 999.791368221 -7.90342717386e-10 1.20863177952 
67 999.791368221 -7.19774157148e-10 1.20863177943 
68 999.791368221 -6.49205596911e-10 1.20863177935 
69 999.791368221 -5.78637036674e-10 1.20863177926 
70 999.791368221 -5.08068476436e-10 1.20863177918 
