Time S I R
0  1000 1 0
1 999.865012586 0.606386483772 0.528600930054 
2 999.783167883 0.367698502362 0.849133614892 
3 999.733542593 0.222960902539 1.04349650421 
4 999.703452658 0.135195608536 1.16135173325 
5 999.685207737 0.0819777167501 1.23281454661 
6 999.674144853 0.0497081927731 1.27614695431 
7 999.66743686 0.0301412943765 1.30242184561 
8 999.663369369 0.0182765283826 1.31835410296 
9 999.660903008 0.0110821886089 1.32801480293 
10 999.659407537 0.00671990807032 1.33387255446 
11 999.658500709 0.00407468945132 1.33742460181 
12 999.657950837 0.00247071329863 1.33957844943 
13 999.657617411 0.00149810737901 1.34088448171 
14 999.657415251 0.000908405450455 1.34167634372 
15 999.657292656 0.000550796805039 1.34215654681 
16 999.657218325 0.000333972575189 1.34244770213 
17 999.657173254 0.000202498971188 1.34262424716 
18 999.657145927 0.000122786993209 1.34273128578 
19 999.65712935 7.44325559258e-05 1.34279621695 
20 999.657119293 4.50941086094e-05 1.34283561312 
21 999.657113217 2.73717354842e-05 1.34285941103 
22 999.657109528 1.66108470058e-05 1.34287386094 
23 999.657107293 1.00920026054e-05 1.34288261455 
24 999.657105945 6.15762891594e-06 1.3428878977 
25 999.657105111 3.72553846042e-06 1.34289116355 
26 999.657104594 2.21882574524e-06 1.34289318679 
27 999.65710429 1.33187419145e-06 1.3428943778 
28 999.657104107 7.97161150582e-07 1.34289509583 
29 999.657104002 4.89648621169e-07 1.34289550876 
30 999.657103939 3.06095318906e-07 1.34289575524 
31 999.657103899 1.9074663899e-07 1.34289591013 
32 999.657103874 1.17586275448e-07 1.34289600837 
33 999.657103859 7.22550792133e-08 1.34289606924 
34 999.657103849 4.45495528904e-08 1.34289610645 
35 999.657103842 2.30827782251e-08 1.34289613527 
36 999.657103834 5.1498671879e-10 1.34289616558 
37 999.657103828 -1.59632234392e-08 1.3428961877 
38 999.657103825 -2.63518522489e-08 1.34289620165 
39 999.657103823 -3.06508997103e-08 1.34289620743 
40 999.657103824 -2.88603658235e-08 1.34289620502 
41 999.657103826 -2.15161576561e-08 1.34289619516 
42 999.657103825 -2.42604493278e-08 1.34289619884 
43 999.657103825 -2.54341434825e-08 1.34289620042 
44 999.657103825 -2.50372401201e-08 1.34289619989 
45 999.657103826 -2.30697392407e-08 1.34289619725 
46 999.657103827 -1.95316408442e-08 1.34289619249 
47 999.657103829 -1.44229449306e-08 1.34289618563 
48 999.65710383 -1.19661580203e-08 1.34289618234 
49 999.65710383 -1.03930841104e-08 1.34289618022 
50 999.657103831 -8.82001020053e-09 1.34289617811 
51 999.657103831 -7.24693629065e-09 1.342896176 
52 999.657103832 -5.67386238078e-09 1.34289617389 
53 999.657103832 -4.1007884709e-09 1.34289617177 
54 999.657103833 -3.12545942075e-09 1.34289617046 
55 999.657103833 -3.07725183102e-09 1.3428961704 
56 999.657103833 -3.02904424129e-09 1.34289617033 
57 999.657103833 -2.98083665157e-09 1.34289617027 
58 999.657103833 -2.93262906184e-09 1.34289617021 
59 999.657103833 -2.88442147211e-09 1.34289617014 
60 999.657103833 -2.83621388238e-09 1.34289617008 
61 999.657103833 -2.78800629265e-09 1.34289617001 
62 999.657103833 -2.73979870293e-09 1.34289616995 
63 999.657103833 -2.6915911132e-09 1.34289616988 
64 999.657103833 -2.64338352347e-09 1.34289616982 
65 999.657103833 -2.59517593374e-09 1.34289616975 
66 999.657103833 -2.54696834401e-09 1.34289616969 
67 999.657103833 -2.49876075429e-09 1.34289616962 
68 999.657103833 -2.45055316456e-09 1.34289616956 
69 999.657103833 -2.40234557483e-09 1.34289616949 
70 999.657103833 -2.3541379851e-09 1.34289616943 
