Time S I R
0  10000 1 0
1 9967.46329185 29.7968747927 3.73983336192 
2 9088.72639808 802.624936832 109.648665086 
3 2748.19145488 5770.58677589 1482.22176923 
4 263.861096438 5565.89289771 4171.24600585 
5 44.6836311345 3747.24719353 6209.06917533 
6 13.87327068 2435.8257277 7551.30100162 
7 6.50397498057 1573.77895145 8420.71707357 
8 3.9886905292 1015.09307668 8981.91823279 
9 2.91015383114 654.319084884 9343.77076128 
10 2.37499089994 421.643358597 9576.9816505 
11 2.08349653127 271.665549035 9727.25095443 
12 1.91493207125 175.01955588 9824.06551205 
13 1.81362653015 112.74980875 9886.43656472 
14 1.7512259374 72.6327665031 9926.61600756 
15 1.71216884507 46.788686534 9952.49914462 
16 1.68747159428 30.1400298424 9969.17249856 
17 1.67175132926 19.4152648538 9979.91298382 
18 1.66170249908 12.5066447552 9986.83165275 
19 1.65526141216 8.05632379331 9991.28841479 
20 1.65112553289 5.18957922282 9994.15929524 
21 1.64846683247 3.34292646555 9996.0086067 
22 1.64675646894 2.15338230371 9997.19986123 
23 1.64565566007 1.38712382338 9997.96722052 
24 1.64494695242 0.893530105655 9998.46152294 
25 1.64449059279 0.57557650329 9998.7799329 
26 1.64419669114 0.370763378632 9998.98503993 
27 1.64400739907 0.238830796278 9999.1171618 
28 1.64388547633 0.153845167995 9999.20226936 
29 1.64380694346 0.0991008742567 9999.25709218 
30 1.64375635769 0.0638367758121 9999.29240687 
31 1.64372377323 0.0411210853053 9999.31515514 
32 1.64370278397 0.0264885430918 9999.32980867 
33 1.64368926367 0.0170628496879 9999.33924789 
34 1.64368055447 0.0109911756132 9999.34532827 
35 1.6436749445 0.00708013397362 9999.34924492 
36 1.64367133079 0.00456079776492 9999.35176787 
37 1.64366900292 0.00293789288149 9999.3533931 
38 1.6436675035 0.00189255472358 9999.35443994 
39 1.64366653749 0.00121908793023 9999.35511437 
40 1.64366591521 0.000785256528744 9999.35554883 
41 1.6436655144 0.000505824173179 9999.35582866 
42 1.6436652562 0.000325819602142 9999.35600892 
43 1.64366508993 0.000209898698507 9999.35612501 
44 1.64366498264 0.000135101464736 9999.35619992 
45 1.64366491365 8.70036780542e-05 9999.35624808 
46 1.64366486933 5.61009437812e-05 9999.35627903 
47 1.64366484071 3.61528955681e-05 9999.35629901 
48 1.64366482232 2.33321764037e-05 9999.35631185 
49 1.64366481051 1.51015851462e-05 9999.35632009 
50 1.6436648028 9.72604410765e-06 9999.35632547 
51 1.6436647976 6.09534412364e-06 9999.35632911 
52 1.64366479453 3.95660200332e-06 9999.35633125 
53 1.64366479243 2.49774812513e-06 9999.35633271 
54 1.64366479115 1.60469829929e-06 9999.3563336 
55 1.64366479036 1.05278686387e-06 9999.35633416 
56 1.64366478985 6.96275634271e-07 9999.35633451 
57 1.64366478951 4.59538910994e-07 9999.35633475 
58 1.64366478928 3.00985932168e-07 9999.35633491 
59 1.64366478913 1.96302860283e-07 9999.35633501 
60 1.64366478903 1.27872275899e-07 9999.35633508 
61 1.64366478897 8.35157575418e-08 9999.35633513 
62 1.64366478893 5.48196098188e-08 9999.35633516 
63 1.64366478889 3.02946031583e-08 9999.35633518 
64 1.64366478886 5.56390353037e-09 9999.35633521 
65 1.64366478883 -1.29657576471e-08 9999.35633522 
66 1.64366478881 -2.52943803741e-08 9999.35633524 
67 1.64366478881 -3.14219646506e-08 9999.35633524 
68 1.64366478881 -3.13485104767e-08 9999.35633524 
69 1.64366478882 -2.50740178523e-08 9999.35633524 
70 1.64366478881 -2.66860729515e-08 9999.35633524 
