Time S I R
0  1000 1 0
1 999.925709152 0.921357063174 0.152933784459 
2 999.857265374 0.848893672778 0.293840953716 
3 999.794208952 0.78212549468 0.423665553619 
4 999.736115578 0.720605265142 0.54327915735 
5 999.68259478 0.66392119132 0.653484028907 
6 999.633286732 0.611693634076 0.755019633438 
7 999.587859752 0.563572507404 0.848567740513 
8 999.546008041 0.519234931386 0.934757027594 
9 999.507450103 0.47838358077 1.01416631574 
10 999.471927768 0.44074566774 1.0873265641 
11 999.439202491 0.406069071105 1.15472843792 
12 999.409053019 0.374119912098 1.21682706901 
13 999.381275235 0.344682381753 1.27404238325 
14 999.355683729 0.317560354932 1.32675591636 
15 999.332107006 0.292572403159 1.37532059095 
16 999.310386037 0.269550270343 1.42006369301 
17 999.290374608 0.248339227608 1.46128616446 
18 999.271938222 0.22879691491 1.49926486345 
19 999.254952921 0.210792112114 1.53425496707 
20 999.239304527 0.194203934623 1.56649153852 
21 999.224887843 0.178920992355 1.59619116443 
22 999.21160585 0.164840542215 1.62355360751 
23 999.199369273 0.151868032145 1.64876269436 
24 999.18809582 0.139916296561 1.6719878833 
25 999.177709778 0.128905131386 1.69338509067 
26 999.168141176 0.11876041034 1.71309841388 
27 999.159325656 0.109413947271 1.73126039712 
28 999.151204041 0.100803040479 1.74799291817 
29 999.14372159 0.0928696833853 1.76340872687 
30 999.136828112 0.085560690431 1.7776111974 
31 999.130477202 0.0788268825692 1.7906959152 
32 999.124626139 0.0726229834179 1.80275087805 
33 999.119235645 0.0669073658617 1.81385698867 
34 999.114269378 0.0616415081419 1.82408911378 
35 999.109694022 0.0567900982719 1.83351587981 
36 999.105478782 0.0523204937908 1.84220072442 
37 999.101595295 0.0482026294699 1.8502020757 
38 999.098017499 0.0444088781822 1.85757362247 
39 999.094721283 0.0409136784001 1.86436503904 
40 999.091684569 0.0376936275723 1.87062180311 
41 999.088886913 0.0347270497093 1.87638603703 
42 999.086309357 0.0319938475682 1.88169679508 
43 999.083934675 0.0294757573499 1.88658956772 
44 999.081746929 0.0271558827784 1.89109718785 
45 999.079731325 0.0250185377433 1.89525013679 
46 999.07787437 0.0230494164967 1.89907621303 
47 999.076163609 0.021235313415 1.90260107717 
48 999.074587469 0.0195639578939 1.90584857296 
49 999.073135383 0.0180241456708 1.90884047176 
50 999.071797618 0.0166055586576 1.91159682288 
51 999.070565123 0.0152985971492 1.91413627971 
52 999.069429619 0.0140944846179 1.91647589598 
53 999.068383512 0.0129851671689 1.91863132114 
54 999.067419731 0.011963148975 1.92061712029 
55 999.066531794 0.0110215566845 1.92244664893 
56 999.065713766 0.0101540955771 1.92413213814 
57 999.06496012 0.00935490515513 1.92568497529 
58 999.06426579 0.00861861570053 1.92711559409 
59 999.063626159 0.00794032949425 1.92843351105 
60 999.063036897 0.00731545484746 1.92964764808 
61 999.062493962 0.0067397065511 1.9307663316 
62 999.061993713 0.00620922370489 1.93179706352 
63 999.061532858 0.00572051599292 1.9327466256 
64 999.061108286 0.00527028278516 1.93362143112 
65 999.060717099 0.00485545176595 1.93442744969 
66 999.060356689 0.00447325904906 1.93517005164 
67 999.060024672 0.00412117358348 1.93585415485 
68 999.0597188 0.00379681444275 1.93648438553 
69 999.059436983 0.00349796350721 1.93706505354 
70 999.05917735 0.00322263720817 1.937600013 
