Time S I R
0  1000 1 0
1 999.897247888 0.79075778114 0.311994331178 
2 999.816003289 0.625290313234 0.558706397347 
3 999.751764079 0.494442813815 0.753793107514 
4 999.700970989 0.390974554399 0.908054456785 
5 999.660808987 0.309156841922 1.03003417126 
6 999.629052676 0.244459670177 1.12648765361 
7 999.603942673 0.193300861619 1.2027564651 
8 999.584088007 0.152847854608 1.26306413833 
9 999.568388764 0.120860490811 1.31075074506 
10 999.555975207 0.0955672146648 1.34845757803 
11 999.546159612 0.0755670908428 1.37827329707 
12 999.538398278 0.059752494241 1.40184922788 
13 999.532261267 0.0472475097066 1.42049122376 
14 999.527408645 0.037359561278 1.43523179349 
15 999.52357167 0.0295410931601 1.44688723733 
16 999.520537647 0.0233587426562 1.45610361027 
17 999.518138589 0.0184702226778 1.46339118853 
18 999.516241618 0.0146047854302 1.46915359657 
19 999.514741637 0.0115482813863 1.47371008208 
20 999.513555575 0.00913144505953 1.47731298013 
21 999.512617769 0.00722047585605 1.48016175542 
22 999.511876233 0.00570944570311 1.48241432105 
23 999.51128985 0.0045145679162 1.48419558251 
24 999.51082616 0.00356970414266 1.48560413577 
25 999.510459527 0.00282261153012 1.48671786195 
26 999.510169637 0.0022319010794 1.48759846172 
27 999.509940405 0.00176479275081 1.48829480192 
28 999.509759144 0.00139543399134 1.48884542222 
29 999.509615825 0.00110339228923 1.48928078235 
30 999.509502515 0.000872497460328 1.48962498798 
31 999.509412897 0.000689882106126 1.48989722114 
32 999.509342034 0.00054548372555 1.49011248248 
33 999.509286009 0.000431321211665 1.49028266981 
34 999.509241709 0.000341051049568 1.4904172397 
35 999.509206679 0.000269670174171 1.49052365046 
36 999.509178981 0.00021322793708 1.49060779151 
37 999.509157079 0.000168599222718 1.49067432159 
38 999.509139764 0.000133315315814 1.49072692093 
39 999.509126077 0.000105426358968 1.49076849628 
40 999.509115241 8.33456486236e-05 1.49080141302 
41 999.509106659 6.5857925429e-05 1.49082748277 
42 999.509099889 5.20626772654e-05 1.49084804798 
43 999.509094539 4.11600909304e-05 1.49086430097 
44 999.509090323 3.25694527818e-05 1.49087710743 
45 999.509086987 2.57704844543e-05 1.49088724296 
46 999.509084342 2.03824245862e-05 1.49089527519 
47 999.509082252 1.61218236322e-05 1.49090162667 
48 999.5090806 1.27564041135e-05 1.49090664365 
49 999.509079298 1.01033298164e-05 1.49091059871 
50 999.509078269 8.00684135923e-06 1.49091372404 
51 999.509077459 6.35532348886e-06 1.49091618604 
52 999.509076807 5.02748928606e-06 1.4909181655 
53 999.509076286 3.96485446117e-06 1.49091974962 
54 999.509075872 3.12204382264e-06 1.49092100603 
55 999.509075533 2.43116235624e-06 1.49092203596 
56 999.509075285 1.92599605658e-06 1.49092278904 
57 999.509075082 1.51278381233e-06 1.49092340503 
58 999.509074919 1.18104240185e-06 1.49092389957 
59 999.509074796 9.2909652238e-07 1.49092427516 
60 999.509074701 7.35176940028e-07 1.49092456425 
61 999.509074626 5.83222425372e-07 1.49092479077 
62 999.50907457 4.68787783914e-07 1.49092496137 
63 999.509074524 3.75525018824e-07 1.4909251004 
64 999.509074488 3.01774120421e-07 1.49092521034 
65 999.509074459 2.41949507107e-07 1.49092529952 
66 999.509074435 1.93176459536e-07 1.49092537223 
67 999.509074416 1.54349552038e-07 1.49092543011 
68 999.5090744 1.226137702e-07 1.49092547742 
69 999.509074388 9.77093332216e-08 1.49092551455 
70 999.509074378 7.76563384756e-08 1.49092554444 
