Time S I R
0  1000 1 0
1 999.967371591 0.748417462152 0.2842109464 
2 999.942952474 0.560126900666 0.496920624926 
3 999.924677092 0.419205961274 0.656116946385 
4 999.911000234 0.313742197339 0.775257568467 
5 999.900764076 0.234808988712 0.864426935152 
6 999.893103284 0.175734382622 0.931162333196 
7 999.887369886 0.131522142026 0.981107971552 
8 999.883078967 0.0984331700712 1.01848786295 
9 999.879867589 0.0736688633506 1.04646354762 
10 999.87746415 0.0551348623634 1.06740098731 
11 999.875665384 0.0412637331297 1.08307088249 
12 999.874319184 0.0308825284525 1.09479828789 
13 999.87331166 0.0231130131019 1.10357532728 
14 999.872557606 0.0172981246013 1.11014426979 
15 999.871993263 0.0129461892859 1.11506054813 
16 999.871570897 0.00968911519481 1.11873998743 
17 999.871254796 0.00725149858538 1.12149370492 
18 999.871018237 0.00542726895034 1.12355449367 
19 999.870841173 0.00406183297868 1.12509699411 
20 999.870708652 0.0030398973068 1.12625145043 
21 999.870609477 0.00227510667636 1.12711541612 
22 999.87053525 0.00170270016264 1.12776205007 
23 999.870479697 0.00127430323529 1.12824599984 
24 999.870438123 0.000953706297557 1.12860817052 
25 999.87040701 0.000713773888467 1.12887921642 
26 999.870383721 0.000534182867032 1.1290820961 
27 999.870366293 0.00039978264846 1.12923392481 
28 999.87035325 0.000299201090947 1.12934754939 
29 999.870343487 0.000223919341197 1.12943259338 
30 999.870336181 0.000167576925564 1.12949624206 
31 999.870330714 0.000125417687786 1.12954386834 
32 999.870326624 9.38757125959e-05 1.12957950055 
33 999.870323558 7.02317690963e-05 1.12960621055 
34 999.870321262 5.25270830838e-05 1.12962621111 
35 999.870319547 3.93020141111e-05 1.12964115115 
36 999.870318267 2.94353833507e-05 1.12965229725 
37 999.870317303 2.19995677041e-05 1.12966069731 
38 999.870316591 1.65073559146e-05 1.12966690173 
39 999.870316053 1.23598045942e-05 1.12967158712 
40 999.870315652 9.26661162141e-06 1.12967508143 
41 999.870315352 6.95566380853e-06 1.12967769205 
42 999.870315128 5.2284918161e-06 1.12967964319 
43 999.870314957 3.90413433379e-06 1.12968113929 
44 999.870314828 2.90930843287e-06 1.12968226312 
45 999.870314728 2.14396309339e-06 1.12968312771 
46 999.870314658 1.60424192374e-06 1.12968373742 
47 999.870314604 1.18593371017e-06 1.12968420998 
48 999.870314564 8.77497003934e-07 1.12968455841 
49 999.870314536 6.57583621384e-07 1.12968480684 
50 999.870314515 4.95547250521e-07 1.12968498989 
51 999.870314499 3.78220727267e-07 1.12968512243 
52 999.870314488 2.8798820711e-07 1.12968522436 
53 999.870314479 2.19591622525e-07 1.12968530163 
54 999.870314472 1.6639745612e-07 1.12968536172 
55 999.870314467 1.25835212837e-07 1.12968540754 
56 999.870314463 9.48182737293e-08 1.12968544258 
57 999.87031446 7.15372134399e-08 1.12968546888 
58 999.870314457 5.39334163986e-08 1.12968548877 
59 999.870314456 4.08007950532e-08 1.1296855036 
60 999.870314454 3.08460434012e-08 1.12968551485 
61 999.870314452 1.64742590264e-08 1.12968553109 
62 999.870314451 4.00882286362e-09 1.12968554517 
63 999.870314449 -6.53432016401e-09 1.12968555708 
64 999.870314448 -1.51551700565e-08 1.12968556682 
65 999.870314447 -2.18537268139e-08 1.12968557438 
66 999.870314447 -2.66299904361e-08 1.12968557978 
67 999.870314446 -2.94839609233e-08 1.129685583 
68 999.870314446 -3.04156382753e-08 1.12968558406 
69 999.870314446 -2.94250224921e-08 1.12968558294 
70 999.870314447 -2.65121135739e-08 1.12968557965 
