Time S I R
0  1000 1 0
1 999.950738876 0.700124305602 0.349136818741 
2 999.91625127 0.490171750769 0.593576979405 
3 999.892106846 0.343181068825 0.764712085384 
4 999.875202854 0.240267507969 0.884529638496 
5 999.863368276 0.168215954659 0.968415769302 
6 999.85508276 0.11777129222 1.0271459474 
7 999.849281968 0.082454066102 1.0682639662 
8 999.845220735 0.0577277384423 1.09705152666 
9 999.84237739 0.0404163055826 1.11720630438 
10 999.840386744 0.0282964121508 1.1313168441 
11 999.838993029 0.0198108755381 1.141196095 
12 999.838017272 0.013870031606 1.14811269664 
13 999.837334116 0.00971067076913 1.15295521369 
14 999.836855838 0.00679870013175 1.15634546201 
15 999.836520988 0.00475998428616 1.15871902733 
16 999.836286532 0.0033325054582 1.16038096276 
17 999.836122393 0.00233315407285 1.16154445281 
18 999.836007473 0.00163346641512 1.16235906079 
19 999.835927016 0.00114360572087 1.16292937872 
20 999.835870691 0.000800676841416 1.16332863201 
21 999.835831251 0.000560549011684 1.16360819966 
22 999.83580364 0.000392439157826 1.16380392074 
23 999.835784311 0.000274752926943 1.16394093636 
24 999.835770775 0.000192338539267 1.16403688691 
25 999.835761302 0.00013466535705 1.16410403263 
26 999.835754671 9.42931449299e-05 1.16415103578 
27 999.83575002 6.59770842022e-05 1.16418400262 
28 999.835746766 4.6165972183e-05 1.16420706761 
29 999.835744494 3.23311173378e-05 1.16422317477 
30 999.835742906 2.26600099621e-05 1.16423443431 
31 999.835741791 1.58713774329e-05 1.16424233794 
32 999.835741011 1.112216536e-05 1.16424786719 
33 999.835740466 7.80905346392e-06 1.16425172446 
34 999.835740087 5.49661386634e-06 1.16425441671 
35 999.835739815 3.83975948177e-06 1.16425634569 
36 999.835739613 2.61002144477e-06 1.16425777741 
37 999.835739488 1.84890746488e-06 1.16425866353 
38 999.835739394 1.28068385167e-06 1.16425932508 
39 999.835739329 8.83363748094e-07 1.16425978766 
40 999.835739286 6.19293407802e-07 1.1642600951 
41 999.835739256 4.41167486888e-07 1.16426030249 
42 999.835739236 3.15192602891e-07 1.16426044915 
43 999.835739221 2.25996711127e-07 1.164260553 
44 999.83573921 1.60756612542e-07 1.16426062895 
45 999.835739203 1.13650844866e-07 1.1642606838 
46 999.835739197 8.04520364953e-08 1.16426072245 
47 999.835739193 5.67309142135e-08 1.16426075006 
48 999.83573919 4.02524039416e-08 1.16426076925 
49 999.835739188 2.64032195551e-08 1.16426078537 
50 999.835739185 9.5808793527e-09 1.16426080496 
51 999.835739183 -4.3001913549e-09 1.16426082112 
52 999.835739181 -1.52399925678e-08 1.16426083386 
53 999.83573918 -2.32385242859e-08 1.16426084317 
54 999.835739179 -2.82957865093e-08 1.16426084906 
55 999.835739179 -3.0411779238e-08 1.16426085152 
56 999.835739179 -2.95865024719e-08 1.16426085056 
57 999.83573918 -2.58199562111e-08 1.16426084617 
58 999.83573918 -2.15273590492e-08 1.16426084118 
59 999.83573918 -2.33787952401e-08 1.16426084333 
60 999.83573918 -2.44810658212e-08 1.16426084461 
61 999.83573918 -2.48341707925e-08 1.16426084503 
62 999.83573918 -2.4438110154e-08 1.16426084456 
63 999.83573918 -2.32928839055e-08 1.16426084323 
64 999.83573918 -2.13984920473e-08 1.16426084103 
65 999.835739181 -1.87549345792e-08 1.16426083795 
66 999.835739181 -1.53622115012e-08 1.164260834 
67 999.835739182 -1.22084726016e-08 1.16426083033 
68 999.835739182 -1.11560024943e-08 1.1642608291 
69 999.835739182 -1.0103532387e-08 1.16426082788 
70 999.835739182 -9.05106227963e-09 1.16426082665 
