Time S I R
0  1000 1 0
1 999.812779961 1.08397813201 0.103241907284 
2 999.609880297 1.17496757229 0.215152130223 
3 999.389999023 1.27354668601 0.336454291377 
4 999.151730369 1.38033926458 0.467930366315 
5 998.893552509 1.49601980661 0.610427684243 
6 998.613818811 1.62131718324 0.764864005509 
7 998.310752744 1.75701668397 0.932230572387 
8 997.982434122 1.90396580881 1.11360006945 
9 997.626788808 2.06307848245 1.31013270946 
10 997.241577919 2.23533945764 1.52308262291 
11 996.82438836 2.42180812749 1.75380351282 
12 996.372612017 2.62362690993 2.00376107292 
13 995.883437993 2.84202421207 2.27453779519 
14 995.353839035 3.07831971213 2.56784125332 
15 994.780553296 3.33393131259 2.88551539098 
16 994.160070222 3.61038051453 3.22954926332 
17 993.488612089 3.90929903757 3.60208887367 
18 992.762118273 4.23243459315 4.00544713381 
19 991.976226017 4.58165731867 4.44211666481 
20 991.126252556 4.95896577156 4.91478167241 
21 990.207175658 5.36649315152 5.42633119014 
22 989.213615423 5.80651319155 5.97987138543 
23 988.139812823 6.28144491741 6.57874226001 
24 986.979609 6.79385909722 7.22653190242 
25 985.726429739 7.34648054686 7.92708971372 
26 984.373264395 7.94219259184 8.68454301356 
27 982.912646742 8.58403967049 9.50331358742 
28 981.336642325 9.27522573993 10.3881319348 
29 979.63682755 10.0191171317 11.3440553181 
30 977.80428374 10.819234881 12.3764813793 
31 975.829581455 11.6792531738 13.4911653711 
32 973.702777553 12.6029887806 14.6942336665 
33 971.413415413 13.594387793 15.9921967938 
34 968.950520817 14.6575147621 17.3919644205 
35 966.302624842 15.7965242103 18.9008509477 
36 963.457766401 17.0156441015 20.5265894974 
37 960.403530219 18.3191375734 22.2773322074 
38 957.127077317 19.7112681719 24.1616545113 
39 953.615186009 21.1962586828 26.1885553079 
40 949.854327152 22.7782302959 28.3674425516 
41 945.830713232 24.4611546736 30.7081320942 
42 941.530407904 26.2487750627 33.2208170335 
43 936.939412986 28.1445361622 35.916050852 
44 932.043791101 30.1514981034 38.8047107952 
45 926.829811731 32.2722387214 41.8979495475 
46 921.284087536 34.5087570606 45.2071554035 
47 915.39376422 36.8623628173 48.7438729627 
48 909.146697367 39.3335584556 52.5197441777 
49 902.531658222 41.9219279605 56.5464138178 
50 895.538555911 44.6260112408 60.8354328479 
51 888.158664309 47.4431807021 65.3981549892 
52 880.384842586 50.3695509997 70.2456064142 
53 872.211819399 53.3998172339 75.388363367 
54 863.636381726 56.5272119473 80.8364063263 
55 854.657602871 59.7434317914 86.5989653373 
56 845.277144916 63.038497465 92.6843576187 
57 835.499305131 66.4008450218 99.0998498467 
58 825.331287881 69.8172424035 105.851469715 
59 814.783371156 73.2727937772 112.943835067 
60 803.868793268 76.7511519946 120.380054737 
61 792.604019392 80.2344788161 128.161501792 
62 781.008626816 83.7036549675 136.287718217 
63 769.105114396 87.1385408026 144.756344801 
64 756.918984602 90.5181047846 153.562910614 
65 744.47837175 93.8207513162 162.700876934 
66 731.813818887 97.0246271212 172.161553991 
67 718.958027181 100.107944913 181.934027906 
68 705.945442521 103.049248714 192.005308765 
69 692.811844974 105.827870317 202.36028471 
70 679.59392322 108.424257964 212.981818815 
