Time S I R
0  1000 1 0
1 999.804359063 1.06306714584 0.132573790951 
2 999.596426241 1.13006828555 0.273505473323 
3 999.37543942 1.20124360612 0.423316973853 
4 999.140593069 1.27684648557 0.582560445061 
5 998.891032892 1.35714509357 0.751822014622 
6 998.625852656 1.44242326436 0.931724079853 
7 998.344093854 1.53298051052 1.12292563525 
8 998.044741259 1.62913326907 1.32612547195 
9 997.726720068 1.73121564081 1.54206429073 
10 997.388892274 1.83958031623 1.77152740962 
11 997.030055838 1.9545987933 2.01534536825 
12 996.6489396 2.07666261644 2.27439778366 
13 996.244197792 2.20618474875 2.5496174595 
14 995.814408268 2.34359997913 2.8419917533 
15 995.358070916 2.48936507393 3.15256401014 
16 994.873601288 2.64396046259 3.48243824987 
17 994.35932743 2.80789059395 3.83278197632 
18 993.813486322 2.9816848737 4.20482880464 
19 993.234219373 3.16589825561 4.59988237092 
20 992.619568729 3.36111203455 5.01931923674 
21 991.967473321 3.56793429119 5.46459238815 
22 991.275764759 3.78700039393 5.93723484748 
23 990.542163591 4.01897341457 6.43886299449 
24 989.764275449 4.26454393349 6.97118061715 
25 988.939586879 4.52443160489 7.53598151661 
26 988.065461839 4.79938471062 8.13515344991 
27 987.13914009 5.09017682626 8.77068308385 
28 986.157731332 5.39761049852 9.44465816953 
29 985.118212029 5.72251667642 10.1592712949 
30 984.017428578 6.06574856044 10.9168228614 
31 982.852091119 6.42818395527 11.7197249259 
32 981.618768513 6.810726571 12.5705049164 
33 980.313894748 7.21429859821 13.4718066538 
34 978.933771826 7.63983602841 14.4263921457 
35 977.474556696 8.08829529338 15.4371480103 
36 975.932268903 8.56064567799 16.5070854191 
37 974.30280936 9.05785535991 17.6393352803 
38 972.581945161 9.58089822352 18.8371566156 
39 970.765322899 10.1307441023 20.1039329989 
40 968.848478951 10.7083508361 21.4431702132 
41 966.826834446 11.3146641441 22.8585014098 
42 964.695727142 11.9505987779 24.3536740798 
43 962.450411158 12.6170360068 25.9325528351 
44 960.086064782 13.3148173344 27.5991178836 
45 957.597834352 14.0447214024 29.3574442456 
46 954.980823275 14.8074657925 31.2117109326 
47 952.230126871 15.603688923 33.1661842056 
48 949.340872493 16.433929864 35.2251976432 
49 946.308211028 17.2986281978 37.3931607744 
50 943.127382935 18.19809543 39.674521635 
51 939.793736215 19.132503858 42.0737599269 
52 936.302744941 20.1018757325 44.5953793263 
53 932.650088057 21.1060542212 47.2438577217 
54 928.831651202 22.1446960871 50.0236527109 
55 924.843579617 23.217252407 52.9391679759 
56 920.682347726 24.3229466962 55.9947055779 
57 916.344765243 25.4607631029 59.1944716542 
58 911.828054273 26.6294305226 62.5425152048 
59 907.129893364 27.8274058361 66.0427008001 
60 902.24845084 29.0528577776 69.6986913829 
61 897.18245217 30.3036686943 73.5138791358 
62 891.931218297 31.5774098931 77.4913718102 
63 886.494709992 32.8713392678 81.6339507407 
64 880.873568025 34.1824192379 85.9440127367 
65 875.069168288 35.507279766 90.4235519463 
66 869.083633821 36.8422564785 95.0741097002 
67 862.919869934 38.1833964193 99.8967336467 
68 856.581620141 39.5264362261 104.891943633 
69 850.07341517 40.8668822884 110.059702542 
70 843.400642737 42.1999852645 115.399371998 
