Time S I R
0  1000 1 0
1 999.916858789 0.550904166535 0.532237044659 
2 999.871059172 0.303493900112 0.825446928343 
3 999.845828986 0.167194298226 0.986976715552 
4 999.831930046 0.0921070979824 1.0759628562 
5 999.824273225 0.050741601783 1.124985173 
6 999.820055157 0.0279535905376 1.15199125249 
7 999.817731416 0.0153995892708 1.16686899444 
8 999.816451277 0.00848362435033 1.17506509901 
9 999.815746069 0.00467373144335 1.17958019925 
10 999.815357539 0.00257468697634 1.18206777448 
11 999.815143504 0.00141836159961 1.18343813431 
12 999.815025601 0.000781385724962 1.18419301363 
13 999.81496064 0.000430436814564 1.18460892275 
14 999.814924857 0.000237118423016 1.18483802413 
15 999.814905145 0.000130621955053 1.18496423296 
16 999.814894284 7.1942831015e-05 1.18503377352 
17 999.814888296 3.95953239454e-05 1.18507210851 
18 999.814885004 2.18098135415e-05 1.18509318609 
19 999.814883197 1.20469696447e-05 1.18510475603 
20 999.814882202 6.67317127587e-06 1.18511112451 
21 999.814881648 3.67729398587e-06 1.18511467492 
22 999.814881336 1.99100172097e-06 1.18511667334 
23 999.814881166 1.0749705627e-06 1.18511775893 
24 999.814881076 5.90084300054e-07 1.18511833357 
25 999.814881029 3.36143110668e-07 1.18511863451 
26 999.814881003 1.9174141015e-07 1.18511880564 
27 999.814880987 1.07708339912e-07 1.18511890523 
28 999.814880978 6.02374741862e-08 1.18511896149 
29 999.814880973 3.38752725374e-08 1.18511899273 
30 999.814880968 6.83711537319e-09 1.18511902477 
31 999.814880965 -1.38865296805e-08 1.18511904933 
32 999.814880962 -2.63376792882e-08 1.18511906409 
33 999.814880961 -3.051633345e-08 1.18511906904 
34 999.814880962 -2.64224921659e-08 1.18511906419 
35 999.814880963 -2.27216348322e-08 1.1851190598 
36 999.814880963 -2.47030948754e-08 1.18511906215 
37 999.814880963 -2.45745195368e-08 1.185119062 
38 999.814880963 -2.23359088164e-08 1.18511905934 
39 999.814880964 -1.79872627142e-08 1.18511905419 
40 999.814880965 -1.23392799014e-08 1.1851190475 
41 999.814880965 -1.05666263942e-08 1.1851190454 
42 999.814880965 -8.79397288693e-09 1.1851190433 
43 999.814880966 -7.0213193797e-09 1.18511904119 
44 999.814880966 -5.24866587246e-09 1.18511903909 
45 999.814880966 -3.47601236523e-09 1.18511903699 
46 999.814880967 -2.93482064366e-09 1.18511903635 
47 999.814880967 -2.88124415771e-09 1.18511903629 
48 999.814880967 -2.82766767175e-09 1.18511903622 
49 999.814880967 -2.7740911858e-09 1.18511903616 
50 999.814880967 -2.72051469985e-09 1.1851190361 
51 999.814880967 -2.6669382139e-09 1.18511903603 
52 999.814880967 -2.61336172794e-09 1.18511903597 
53 999.814880967 -2.55978524199e-09 1.18511903591 
54 999.814880967 -2.50620875604e-09 1.18511903584 
55 999.814880967 -2.45263227009e-09 1.18511903578 
56 999.814880967 -2.39905578413e-09 1.18511903572 
57 999.814880967 -2.34547929818e-09 1.18511903565 
58 999.814880967 -2.29190281223e-09 1.18511903559 
59 999.814880967 -2.23832632628e-09 1.18511903553 
60 999.814880967 -2.18474984032e-09 1.18511903546 
61 999.814880967 -2.13117335437e-09 1.1851190354 
62 999.814880967 -2.07759686842e-09 1.18511903534 
63 999.814880967 -2.02402038246e-09 1.18511903527 
64 999.814880967 -1.97044389651e-09 1.18511903521 
65 999.814880967 -1.91686741056e-09 1.18511903515 
66 999.814880967 -1.86329092461e-09 1.18511903508 
67 999.814880967 -1.80971443865e-09 1.18511903502 
68 999.814880967 -1.7561379527e-09 1.18511903495 
69 999.814880967 -1.70256146675e-09 1.18511903489 
70 999.814880967 -1.6489849808e-09 1.18511903483 
