Time S I R
0  1000 1 0
1 999.917109145 0.971886644057 0.111004211355 
2 999.83655762 0.944557854301 0.218884526049 
3 999.758276634 0.917991077169 0.323732288894 
4 999.682203188 0.892165626687 0.425631185742 
5 999.608275703 0.867061258541 0.52466303797 
6 999.536433908 0.842658133104 0.62090795918 
7 999.466619199 0.818936938801 0.714443862514 
8 999.398774603 0.795878879454 0.805346517304 
9 999.332844813 0.773465685194 0.893689501388 
10 999.26877594 0.751679538607 0.979544521561 
11 999.206515852 0.730503180741 1.06298096705 
12 999.146013705 0.709919763752 1.14406653156 
13 999.087219988 0.689912867132 1.22286714512 
14 999.030086642 0.670466534982 1.29944682291 
15 998.974566964 0.651565246505 1.37386778974 
16 998.920615518 0.633193890103 1.44619059153 
17 998.868188185 0.615337776484 1.51647403874 
18 998.817241927 0.59798256972 1.58477550296 
19 998.767734852 0.581114304143 1.65115084406 
20 998.719626465 0.564719463123 1.71565407219 
21 998.672877459 0.548784914366 1.77833762645 
22 998.627449673 0.533297897465 1.83925242906 
23 998.583306049 0.518246011497 1.89844793916 
24 998.540410591 0.503617202631 1.95597220677 
25 998.498728298 0.489399743113 2.01187195892 
26 998.458224932 0.475582147725 2.06619292074 
27 998.418867248 0.462153262531 2.11897948954 
28 998.380622908 0.449102234125 2.17027485759 
29 998.343460397 0.436418482627 2.22012112085 
30 998.307348976 0.424091688445 2.26855933601 
31 998.272258643 0.412111779035 2.31562957753 
32 998.23816009 0.400468915659 2.36137099469 
33 998.20502518 0.389153632791 2.4058211877 
34 998.172827258 0.378156925306 2.4490158168 
35 998.141539978 0.367469909474 2.49099011241 
36 998.111137796 0.357083965291 2.53177823821 
37 998.081595967 0.346990734426 2.57141329834 
38 998.05289044 0.337182089546 2.60992747055 
39 998.024997375 0.32764999134 2.64735263373 
40 997.997893766 0.318386670879 2.68371956361 
41 997.971557262 0.309384577569 2.71905816008 
42 997.94596609 0.300636353895 2.7533975566 
43 997.921099023 0.292134828603 2.7867661484 
44 997.89693569 0.283873103683 2.81919120591 
45 997.873456309 0.275844477211 2.85069921404 
46 997.850641541 0.268042400895 2.88131605794 
47 997.828472588 0.260460506109 2.91106690599 
48 997.806931168 0.253092598025 2.93997623377 
49 997.785999538 0.245932661155 2.96806780124 
50 997.765660501 0.238974863619 2.9953646351 
51 997.74589731 0.23221352366 3.02188916626 
52 997.726693682 0.225643116436 3.04766320184 
53 997.708033786 0.219258269167 3.072707945 
54 997.689902235 0.21305375808 3.09704400662 
55 997.672284116 0.207024516242 3.12069136786 
56 997.655164911 0.201165611588 3.14366947697 
57 997.638530501 0.195472245536 3.1659972534 
58 997.622367151 0.189939749914 3.1876930995 
59 997.606661499 0.184563582567 3.20877491832 
60 997.59140062 0.179339346779 3.22926003276 
61 997.57657196 0.174262771163 3.24916526849 
62 997.562163288 0.169329694075 3.268507018 
63 997.548162712 0.164536068535 3.28730121992 
64 997.534558667 0.159877958246 3.305563375 
65 997.521339937 0.155351543814 3.32330851964 
66 997.508495667 0.150953127557 3.3405512052 
67 997.496015264 0.146679100524 3.35730563525 
68 997.483888422 0.142525951927 3.37358562567 
69 997.472105117 0.138490265934 3.38940461743 
70 997.460655591 0.134568718013 3.40477569133 
