Time S I R
0  1000 1 0
1 999.974783836 0.680516409232 0.344699754504 
2 999.957624084 0.463100917488 0.5792749987 
3 999.945946994 0.315148914284 0.738904091672 
4 999.938000483 0.214463322649 0.847536194583 
5 999.932592818 0.14594547744 0.921461704349 
6 999.928912853 0.0993182231246 0.971768924274 
7 999.926408586 0.0675876413422 1.00600377232 
8 999.924704397 0.0459944748706 1.02930112802 
9 999.923544678 0.0313000703101 1.04515525167 
10 999.92275547 0.0213002700796 1.05594426026 
11 999.922218397 0.0144951945417 1.0632864084 
12 999.92185291 0.00986422595251 1.06828286376 
13 999.921604194 0.00671282169708 1.07168298407 
14 999.921434941 0.00456827081803 1.07399678778 
15 999.921319751 0.00310873176597 1.07557151695 
16 999.921241367 0.00211554668226 1.07664308644 
17 999.921188022 0.00143962563736 1.0773723527 
18 999.921151722 0.000979677154705 1.07786860135 
19 999.92112702 0.000666689215169 1.07820629099 
20 999.921110208 0.000453672237525 1.07843611975 
21 999.921098769 0.000308727967377 1.07859250335 
22 999.921090984 0.000210088048058 1.07869892815 
23 999.921085686 0.000142963779384 1.07877135001 
24 999.921082082 9.72986127544e-05 1.07882061918 
25 999.921079626 6.61814981024e-05 1.07885419213 
26 999.921077955 4.50080148591e-05 1.07887703667 
27 999.921076821 3.06402514016e-05 1.07889253837 
28 999.921076048 2.08417291277e-05 1.07890311021 
29 999.921075525 1.4210114698e-05 1.07891026521 
30 999.921075168 9.68603373112e-06 1.07891514634 
31 999.921074925 6.61773139736e-06 1.0789184568 
32 999.92107476 4.5186325295e-06 1.07892072156 
33 999.921074645 3.06047581854e-06 1.0789222948 
34 999.921074565 2.04932518653e-06 1.07892338575 
35 999.921074513 1.3880681322e-06 1.0789240992 
36 999.921074476 9.26794888572e-07 1.07892459688 
37 999.921074453 6.30930755479e-07 1.07892491609 
38 999.921074438 4.36356024874e-07 1.07892512602 
39 999.921074427 3.03603386141e-07 1.07892526925 
40 999.92107442 2.11822507082e-07 1.07892536827 
41 999.921074415 1.46641225802e-07 1.0789254386 
42 999.921074411 1.00671426179e-07 1.0789254882 
43 999.921074409 6.92712456921e-08 1.07892552208 
44 999.921074407 4.77315754637e-08 1.07892554532 
45 999.921074406 3.28468009365e-08 1.07892556138 
46 999.921074404 1.5666215631e-08 1.07892557991 
47 999.921074403 -1.66453422585e-10 1.07892559699 
48 999.921074402 -1.26690925608e-08 1.07892561048 
49 999.921074401 -2.18417017836e-08 1.07892562038 
50 999.921074401 -2.76842810911e-08 1.07892562668 
51 999.921074401 -3.01968304832e-08 1.0789256294 
52 999.921074401 -2.937934996e-08 1.07892562851 
53 999.921074401 -2.52318395215e-08 1.07892562404 
54 999.921074401 -2.15595707559e-08 1.07892562008 
55 999.921074401 -2.33497288094e-08 1.07892562201 
56 999.921074401 -2.42978772232e-08 1.07892562303 
57 999.921074401 -2.44040159975e-08 1.07892562315 
58 999.921074401 -2.36681451322e-08 1.07892562235 
59 999.921074401 -2.20902646274e-08 1.07892562065 
60 999.921074402 -1.9670374483e-08 1.07892561804 
61 999.921074402 -1.64084746991e-08 1.07892561452 
62 999.921074402 -1.23045652756e-08 1.07892561009 
63 999.921074402 -1.10700992369e-08 1.07892560876 
64 999.921074402 -9.97504153586e-09 1.07892560758 
65 999.921074402 -8.8799838348e-09 1.0789256064 
66 999.921074403 -7.78492613374e-09 1.07892560521 
67 999.921074403 -6.68986843268e-09 1.07892560403 
68 999.921074403 -5.59481073162e-09 1.07892560285 
69 999.921074403 -4.49975303056e-09 1.07892560167 
70 999.921074403 -3.4046953295e-09 1.07892560049 
