Time S I R
0  10000 1 0
1 9906.90998408 90.0115899538 4.07842596973 
2 5408.77278122 4324.23268678 267.994532001 
3 174.246348048 8060.70823229 1766.04541966 
4 5.31088581991 6707.4057182 3288.28339598 
5 0.304653676722 5465.20491123 4535.49043509 
6 0.0296621491689 4449.77977535 5551.1905625 
7 0.0043786005408 3622.8500609 6378.1455605 
8 0.00079179306158 2949.57024832 7051.42895988 
9 0.000576488770093 2401.41506131 7599.5843622 
10 0.000297466312986 1955.13017424 8045.8695283 
11 0.000205151183764 1591.78662738 8409.21316747 
12 0.000102025431261 1295.96593691 8705.03396107 
13 7.24456767784e-05 1055.12115221 8945.87877535 
14 5.29432072653e-05 859.035450674 9141.96449638 
15 4.86218123115e-05 699.390160934 9301.60979044 
16 3.83756996598e-05 569.413893667 9431.58606796 
17 3.08062190015e-05 463.592865132 9537.40710406 
18 2.44731891144e-05 377.43777147 9623.56220406 
19 2.10181315197e-05 307.293942264 9693.70603672 
20 1.83403772098e-05 250.185697415 9750.81428424 
21 1.64895373018e-05 203.690599739 9797.30938377 
22 1.51478725456e-05 165.836292491 9835.16369236 
23 1.40958272823e-05 135.0168969 9865.983089 
24 1.33118119265e-05 109.925049485 9891.0749372 
25 1.27025632537e-05 89.4963363207 9911.50365098 
26 1.2226151739e-05 72.8641300039 9928.13585777 
27 1.18528296298e-05 59.3228945909 9941.67709356 
28 1.15567436296e-05 48.2981941605 9952.70179428 
29 1.13213191071e-05 39.3223456957 9961.67764298 
30 1.11331664812e-05 32.0145917327 9968.98539713 
31 1.09822940431e-05 26.064927284 9974.93506173 
32 1.08609765448e-05 21.2209620239 9979.77902712 
33 1.07631931314e-05 17.2772109871 9983.72277825 
34 1.06842344394e-05 14.0663753092 9986.93361401 
35 1.06203769974e-05 11.4522485269 9989.54774085 
36 1.05686704046e-05 9.32393701825 9991.67605241 
37 1.05267590698e-05 7.59115560192 9993.40883387 
38 1.04927603388e-05 6.18039811966 9994.81959139 
39 1.04651589936e-05 5.03181899537 9995.96817054 
40 1.04427435872e-05 4.09669434849 9996.90329521 
41 1.04245264083e-05 3.33535535962 9997.66463422 
42 1.04097198346e-05 2.71550533176 9998.28448426 
43 1.03976781247e-05 2.21084961606 9998.78913999 
44 1.03878883237e-05 1.79998026587 9999.20000935 
45 1.03799229692e-05 1.46546781917 9999.5345218 
46 1.03734419099e-05 1.19312195482 9999.80686767 
47 1.03681686596e-05 0.971389482437 10000.0286001 
48 1.03638776636e-05 0.790864279645 10000.2091254 
49 1.0360385204e-05 0.64388828831 10000.3561014 
50 1.03575439425e-05 0.524226645249 10000.475763 
51 1.0355230188e-05 0.426803188788 10000.5731865 
52 1.0353347534e-05 0.347485124169 10000.6525045 
53 1.03518141259e-05 0.282907705316 10000.7170819 
54 1.03505644802e-05 0.230331497787 10000.7696582 
55 1.03495476651e-05 0.187526170012 10000.8124635 
56 1.03487200249e-05 0.152675874442 10000.8473138 
57 1.03480469988e-05 0.124302119813 10000.8756875 
58 1.0347497664e-05 0.101201526209 10000.8987881 
59 1.03470538306e-05 0.0823940204168 10000.9175956 
60 1.03466900327e-05 0.067081723323 10000.9329079 
61 1.03463917185e-05 0.0546150955794 10000.9453746 
62 1.03461516119e-05 0.0444653067126 10000.9555243 
63 1.0345955161e-05 0.0362017575948 10000.9637879 
64 1.0345796909e-05 0.0294739387827 10000.9705157 
65 1.03456659417e-05 0.0239964402964 10000.9759932 
66 1.03455622593e-05 0.0195368882838 10000.9804528 
67 1.03454749478e-05 0.0159061045748 10000.9840835 
68 1.03454040072e-05 0.0129500765079 10000.9870396 
69 1.03453494376e-05 0.0105434031926 10000.9894463 
70 1.03453021438e-05 0.00858399290991 10000.9914057 
