Time S I R
0  1000 1 0
1 999.988266818 0.443513020047 0.568220162304 
2 999.983063074 0.196705238422 0.820231687708 
3 999.980755133 0.0872417469263 0.932003120126 
4 999.979731529 0.0386930649402 0.981575406401 
5 999.979277548 0.0171611233428 1.00356132883 
6 999.979076198 0.00761125187363 1.01331255033 
7 999.978986896 0.00337574225557 1.01763736167 
8 999.978947288 0.00149717238203 1.0195555394 
9 999.978929722 0.00066401008372 1.02040626814 
10 999.978921931 0.000294482826415 1.02078358653 
11 999.978918475 0.00013059932898 1.02095092535 
12 999.978916942 5.78803573721e-05 1.02102517754 
13 999.978916263 2.56851737291e-05 1.02105805152 
14 999.978915962 1.14088293569e-05 1.02107262887 
15 999.978915829 5.10471349037e-06 1.0210790659 
16 999.978915768 2.20908847083e-06 1.02108202258 
17 999.978915742 9.61900201479e-07 1.02108329607 
18 999.978915731 4.32409324554e-07 1.02108383672 
19 999.978915726 2.01481374187e-07 1.02108407252 
20 999.978915724 9.18204270175e-08 1.02108418449 
21 999.978915723 4.17493505374e-08 1.02108423562 
22 999.978915722 8.45863375858e-09 1.02108426961 
23 999.978915721 -1.77654443383e-08 1.02108429639 
24 999.978915721 -2.94760031906e-08 1.02108430834 
25 999.978915721 -2.66730427982e-08 1.02108430548 
26 999.978915721 -2.27967451556e-08 1.02108430152 
27 999.978915721 -2.41347909755e-08 1.02108430289 
28 999.978915721 -2.1824581895e-08 1.02108430053 
29 999.978915721 -1.58661179139e-08 1.02108429445 
30 999.978915722 -1.06185142515e-08 1.02108428909 
31 999.978915722 -8.37351022843e-09 1.0210842868 
32 999.978915722 -6.12850620537e-09 1.0210842845 
33 999.978915722 -3.88350218232e-09 1.02108428221 
34 999.978915722 -2.72796485859e-09 1.02108428103 
35 999.978915722 -2.66133159769e-09 1.02108428096 
36 999.978915722 -2.5946983368e-09 1.0210842809 
37 999.978915722 -2.52806507591e-09 1.02108428083 
38 999.978915722 -2.46143181502e-09 1.02108428076 
39 999.978915722 -2.39479855412e-09 1.02108428069 
40 999.978915722 -2.32816529323e-09 1.02108428062 
41 999.978915722 -2.26153203234e-09 1.02108428056 
42 999.978915722 -2.19489877144e-09 1.02108428049 
43 999.978915722 -2.12826551055e-09 1.02108428042 
44 999.978915722 -2.06163224966e-09 1.02108428035 
45 999.978915722 -1.99499898877e-09 1.02108428028 
46 999.978915722 -1.92836572787e-09 1.02108428022 
47 999.978915722 -1.86173246698e-09 1.02108428015 
48 999.978915722 -1.79509920609e-09 1.02108428008 
49 999.978915722 -1.7284659452e-09 1.02108428001 
50 999.978915722 -1.6618326843e-09 1.02108427994 
51 999.978915722 -1.59519942341e-09 1.02108427987 
52 999.978915722 -1.52856616252e-09 1.02108427981 
53 999.978915722 -1.46193290162e-09 1.02108427974 
54 999.978915722 -1.39529964073e-09 1.02108427967 
55 999.978915722 -1.32866637984e-09 1.0210842796 
56 999.978915722 -1.26203311895e-09 1.02108427953 
57 999.978915722 -1.19539985805e-09 1.02108427947 
58 999.978915722 -1.12876659716e-09 1.0210842794 
59 999.978915722 -1.06213333627e-09 1.02108427933 
60 999.978915722 -9.95500075376e-10 1.02108427926 
61 999.978915722 -9.28866814483e-10 1.02108427919 
62 999.978915722 -8.6223355359e-10 1.02108427913 
63 999.978915722 -7.95600292698e-10 1.02108427906 
64 999.978915722 -7.28967031805e-10 1.02108427899 
65 999.978915722 -6.62333770912e-10 1.02108427892 
66 999.978915722 -5.9570051002e-10 1.02108427885 
67 999.978915722 -5.29067249127e-10 1.02108427879 
68 999.978915722 -4.62433988234e-10 1.02108427872 
69 999.978915722 -3.95800727341e-10 1.02108427865 
70 999.978915722 -3.29167466449e-10 1.02108427858 
