Time S I R
0  10000 1 0
1 9936.90898651 61.3421232206 2.74889027068 
2 7167.970461 2688.41529151 144.614247495 
3 468.042136607 8203.14479573 1329.81306766 
4 16.2707484033 7195.90852975 2788.82072184 
5 0.95717979031 5980.87689987 4019.16592034 
6 0.091334896133 4960.63783679 5040.27082831 
7 0.0130019767894 4113.87450966 5887.11248837 
8 0.00243731595219 3411.60238504 6589.39517765 
9 0.000813968026705 2829.20132604 7171.79785999 
10 0.000448353970569 2346.22488226 7654.77466939 
11 0.000309314867991 1945.69779396 8055.30189673 
12 0.000213114104554 1613.54779538 8387.45199151 
13 9.20510246942e-05 1338.09776218 8662.90214577 
14 8.31597753859e-05 1109.67004886 8891.32986798 
15 4.74146272609e-05 920.237372485 9080.7625801 
16 5.24026036146e-05 763.142800837 9237.85714676 
17 4.14954720327e-05 632.86561117 9368.13434733 
18 3.43498559232e-05 524.828494806 9476.17147084 
19 2.76687951555e-05 435.234507241 9565.76546509 
20 2.31321118918e-05 360.935201531 9640.06477534 
21 2.0161665816e-05 299.319595403 9701.68038444 
22 1.78045211214e-05 248.222349267 9752.77763293 
23 1.61732241395e-05 205.848027328 9795.1519565 
24 1.49488114403e-05 170.70749794 9830.29248711 
25 1.39554831549e-05 141.565827384 9859.43415866 
26 1.3204966308e-05 117.39895585 9883.60103094 
27 1.26100458147e-05 97.3576520062 9903.64233538 
28 1.21353077702e-05 80.7376138234 9920.26237404 
29 1.17565414257e-05 66.9548074229 9934.04518082 
30 1.1451278624e-05 55.5248817409 9945.47510681 
31 1.12039670057e-05 46.0461686938 9954.9538201 
32 1.10030359792e-05 38.185574221 9962.81441478 
33 1.08391177491e-05 31.6668714772 9969.33311768 
34 1.07050382212e-05 26.2609828167 9974.73900648 
35 1.05951094156e-05 21.7779411259 9979.22204828 
36 1.05048038677e-05 18.0602055963 9982.9397839 
37 1.04304999695e-05 14.9771284595 9986.02286111 
38 1.03692800622e-05 12.4203661831 9988.57962345 
39 1.03187812783e-05 10.3000713736 9990.69991831 
40 1.02770918602e-05 8.54173423398 9992.45825549 
41 1.02426456579e-05 7.08356489228 9993.91642487 
42 1.02141657408e-05 5.87432184722 9995.12566794 
43 1.0190609828e-05 4.871510075 9996.12847973 
44 1.01711157185e-05 4.03988928046 9996.96010055 
45 1.01549776446e-05 3.3502352644 9997.64975458 
46 1.01416153484e-05 2.77831276425 9998.22167709 
47 1.01305449789e-05 2.30402372778 9998.69596614 
48 1.01213754533e-05 1.91070124966 9999.08928863 
49 1.01137757156e-05 1.58452338376 9999.4154665 
50 1.01074801933e-05 1.31402769188 9999.6859622 
51 1.01022615127e-05 1.08970858108 9999.91028132 
52 1.00979341369e-05 0.903683200094 10000.0963067 
53 1.00943489088e-05 0.749414394104 10000.2505755 
54 1.00913748611e-05 0.621480988198 10000.3785089 
55 1.00889119494e-05 0.51538728576 10000.4846026 
56 1.00868692243e-05 0.427404969451 10000.5725849 
57 1.00851739262e-05 0.354442204577 10000.6455477 
58 1.00837678474e-05 0.293934982898 10000.7060549 
59 1.00826036942e-05 0.243757006946 10000.7562329 
60 1.00816396298e-05 0.202144963629 10000.797845 
61 1.00808374555e-05 0.167636565305 10000.8323534 
62 1.00801717053e-05 0.139019072728 10000.8609708 
63 1.00796223705e-05 0.115286937786 10000.884703 
64 1.00791639852e-05 0.0956061759718 10000.9043837 
65 1.00787856354e-05 0.0792851185341 10000.9207048 
66 1.00784709502e-05 0.0657502630896 10000.9342397 
67 1.00782108348e-05 0.0545259654158 10000.945464 
68 1.0077994375e-05 0.0452177801779 10000.9547721 
69 1.00778161141e-05 0.0374985860743 10000.9624913 
70 1.00776669569e-05 0.0310971619378 10000.9688928 
