Time S I R
0  1000 1 0
1 999.939158581 0.422436045058 0.638405374158 
2 999.913458312 0.178453258843 0.908088428943 
3 999.902601714 0.075385209522 1.02201307636 
4 999.898015537 0.0318455729132 1.07013888982 
5 999.896078176 0.0134528397459 1.09046898465 
6 999.895259772 0.00568315164251 1.09905707602 
7 999.894914024 0.00240071364619 1.10268526229 
8 999.89476797 0.00101411949432 1.1042179102 
9 999.894706273 0.00042838443592 1.10486534233 
10 999.89468021 0.000180947467221 1.10513884251 
11 999.894669202 7.64379710138e-05 1.10525436028 
12 999.894664549 3.22651217272e-05 1.10530318597 
13 999.894662588 1.36532746164e-05 1.10532375825 
14 999.894661763 5.8131935606e-06 1.10533242415 
15 999.894661402 2.39291281978e-06 1.1053362047 
16 999.894661255 9.95269635297e-07 1.10533774956 
17 999.894661195 4.27398077597e-07 1.10533837725 
18 999.89466117 1.89798156028e-07 1.10533863988 
19 999.894661159 8.25245440944e-08 1.10533875845 
20 999.894661154 3.57150806496e-08 1.10533881019 
21 999.89466115 -5.96834559746e-10 1.10533885033 
22 999.894661148 -2.3824916327e-08 1.105338876 
23 999.894661147 -3.02330072189e-08 1.10533888308 
24 999.894661148 -2.1096972451e-08 1.10533887298 
25 999.894661148 -2.43997386773e-08 1.10533887664 
26 999.894661148 -2.34412608423e-08 1.10533887558 
27 999.894661148 -1.82215389462e-08 1.10533886981 
28 999.894661149 -1.14360306913e-08 1.10533886231 
29 999.894661149 -8.96025015296e-09 1.10533885957 
30 999.89466115 -6.48446961463e-09 1.10533885683 
31 999.89466115 -4.0086890763e-09 1.1053388541 
32 999.89466115 -2.83290058751e-09 1.1053388528 
33 999.89466115 -2.75870072004e-09 1.10533885271 
34 999.89466115 -2.68450085257e-09 1.10533885263 
35 999.89466115 -2.6103009851e-09 1.10533885255 
36 999.89466115 -2.53610111764e-09 1.10533885247 
37 999.89466115 -2.46190125017e-09 1.10533885239 
38 999.89466115 -2.3877013827e-09 1.1053388523 
39 999.89466115 -2.31350151523e-09 1.10533885222 
40 999.89466115 -2.23930164776e-09 1.10533885214 
41 999.89466115 -2.1651017803e-09 1.10533885206 
42 999.89466115 -2.09090191283e-09 1.10533885198 
43 999.89466115 -2.01670204536e-09 1.10533885189 
44 999.89466115 -1.94250217789e-09 1.10533885181 
45 999.89466115 -1.86830231042e-09 1.10533885173 
46 999.89466115 -1.79410244296e-09 1.10533885165 
47 999.89466115 -1.71990257549e-09 1.10533885157 
48 999.89466115 -1.64570270802e-09 1.10533885148 
49 999.89466115 -1.57150284055e-09 1.1053388514 
50 999.89466115 -1.49730297308e-09 1.10533885132 
51 999.89466115 -1.42310310562e-09 1.10533885124 
52 999.89466115 -1.34890323815e-09 1.10533885116 
53 999.89466115 -1.27470337068e-09 1.10533885107 
54 999.89466115 -1.20050350321e-09 1.10533885099 
55 999.89466115 -1.12630363574e-09 1.10533885091 
56 999.89466115 -1.05210376828e-09 1.10533885083 
57 999.89466115 -9.77903900807e-10 1.10533885075 
58 999.89466115 -9.03704033339e-10 1.10533885066 
59 999.89466115 -8.29504165871e-10 1.10533885058 
60 999.89466115 -7.55304298403e-10 1.1053388505 
61 999.89466115 -6.81104430935e-10 1.10533885042 
62 999.89466115 -6.06904563467e-10 1.10533885034 
63 999.89466115 -5.32704695999e-10 1.10533885025 
64 999.89466115 -4.58504828531e-10 1.10533885017 
65 999.89466115 -3.84304961063e-10 1.10533885009 
66 999.89466115 -3.10105093595e-10 1.10533885001 
67 999.89466115 -2.35905226127e-10 1.10533884993 
68 999.89466115 -1.61705358659e-10 1.10533884984 
69 999.89466115 -8.75054911908e-11 1.10533884976 
70 999.89466115 -8.39249989181e-11 1.10533884976 
