Time S I R
0  1000 1 0
1 999.946464038 0.8664776155 0.187058346977 
2 999.900078535 0.75078087358 0.349140591769 
3 999.859888273 0.650530495324 0.489581231252 
4 999.825065966 0.563665347982 0.61126868593 
5 999.794894305 0.488397934108 0.716707760432 
6 999.768752138 0.423180082543 0.808067778959 
7 999.746102569 0.366673399168 0.887224031462 
8 999.726476988 0.317709594794 0.955813416765 
9 999.709472409 0.275283830961 1.01524375995 
10 999.694738947 0.238523598278 1.0667374544 
11 999.681973048 0.206671853512 1.11135509863 
12 999.670911991 0.179073339666 1.15001466967 
13 999.661328132 0.155160248488 1.18351161906 
14 999.653024149 0.134440366652 1.21253548468 
15 999.645829177 0.116487466766 1.23768335645 
16 999.639595028 0.100931866328 1.25947310605 
17 999.634193418 0.0874535298271 1.27835305179 
18 999.629513157 0.0757750513638 1.29471179118 
19 999.625457902 0.0656560624045 1.30888603609 
20 999.621944207 0.0568883734591 1.32116741936 
21 999.618899744 0.0492915189563 1.33180873655 
22 999.616261835 0.0427091109491 1.34102905423 
23 999.613976207 0.0370057352681 1.3490180582 
24 999.611995863 0.0320641274224 1.35594000983 
25 999.610279926 0.0277822911615 1.36193778275 
26 999.608793151 0.024072281627 1.36713456727 
27 999.60750489 0.0208576253287 1.37163748477 
28 999.606388691 0.0180723186501 1.37553899054 
29 999.605421538 0.0156589298928 1.37891953256 
30 999.604583547 0.0135678456217 1.38184860715 
31 999.603857457 0.0117559902322 1.38438655265 
32 999.603228327 0.0101860821288 1.38658559135 
33 999.602683219 0.00882584081568 1.3884909402 
34 999.602210904 0.00764724321093 1.3901418525 
35 999.601801707 0.00662614635699 1.39157214648 
36 999.601447119 0.00574131876141 1.3928115621 
37 999.601139869 0.0049746156842 1.39388551555 
38 999.600873646 0.00431029036249 1.39481606403 
39 999.600642961 0.00373464591134 1.3956223934 
40 999.600443101 0.00323592275771 1.39632097582 
41 999.60026992 0.00280377132574 1.39692630839 
42 999.600119885 0.00242937808934 1.39745073661 
43 999.59998987 0.0021049402116 1.39790519025 
44 999.59987722 0.00182383690611 1.39829894334 
45 999.599779611 0.00158026601528 1.39864012319 
46 999.599695039 0.00136922670743 1.3989357347 
47 999.599621765 0.00118638106152 1.39919185416 
48 999.599558275 0.00102794907673 1.3994137764 
49 999.599503272 0.000890696383038 1.39960603192 
50 999.599455602 0.000771742605345 1.39977265539 
51 999.599414299 0.000668675621556 1.39991702557 
52 999.599378511 0.000579370536053 1.40004211889 
53 999.599347501 0.000501989530676 1.40015050965 
54 999.599320637 0.000434953986425 1.4002444091 
55 999.599297358 0.000376863751874 1.40032577849 
56 999.599277191 0.000326539540892 1.40039626968 
57 999.599259715 0.000282931389242 1.40045735342 
58 999.599244572 0.00024514296733 1.40051028522 
59 999.599231452 0.000212403909777 1.40055614416 
60 999.599220082 0.000184032374701 1.40059588534 
61 999.599210234 0.000159458321406 1.40063030723 
62 999.599201701 0.000138163319234 1.40066013601 
63 999.599194309 0.000119717951278 1.4006859732 
64 999.599187905 0.000103738254091 1.40070835662 
65 999.599182352 8.98815999137e-05 1.4007277662 
66 999.599177534 7.78592082299e-05 1.40074460646 
67 999.599173356 6.74325127541e-05 1.40075921156 
68 999.59916974 5.84097909753e-05 1.40077185006 
69 999.599166612 5.06049825365e-05 1.40078278258 
70 999.599163902 4.38404967419e-05 1.40079225787 
