Time S I R
0  1000 1 0
1 999.983722989 0.934534111514 0.0817428990732 
2 999.968512056 0.873354764827 0.158133179302 
3 999.954296953 0.816179662841 0.229523384208 
4 999.941012631 0.762747374497 0.296239994095 
5 999.928598103 0.712812773954 0.358589122864 
6 999.916996403 0.666146888627 0.416856708463 
7 999.906154411 0.622536192623 0.4713093959 
8 999.896022321 0.581780461477 0.522197217145 
9 999.886553644 0.543692803233 0.569753552588 
10 999.877704928 0.508098523255 0.614196549162 
11 999.869435478 0.474834010724 0.65573051137 
12 999.861707428 0.443747010305 0.694545561933 
13 999.854485512 0.414695723468 0.730818764486 
14 999.847736674 0.387547225967 0.764716100079 
15 999.841429856 0.362176630172 0.796393513884 
16 999.835535774 0.338466179478 0.825998046593 
17 999.830027361 0.31630702647 0.853665612474 
18 999.824879581 0.295598483528 0.879521935503 
19 999.820068958 0.276246138568 0.903684903306 
20 999.815573349 0.258160934732 0.926265716683 
21 999.811372045 0.241259591029 0.947368363975 
22 999.807445806 0.225464719889 0.96708947398 
23 999.803776617 0.210703862651 0.985519520794 
24 999.800347646 0.196909328212 1.0027430253 
25 999.797143181 0.184017909395 1.01883890934 
26 999.794148521 0.171970481362 1.03388099728 
27 999.791349936 0.160711816024 1.04793824762 
28 999.78873457 0.150190200386 1.06107522978 
29 999.786290435 0.140357420083 1.07335214452 
30 999.78400632 0.131168372546 1.08482530708 
31 999.781871756 0.122580945033 1.09554729946 
32 999.779876959 0.114555789042 1.10556725209 
33 999.778012754 0.107055990895 1.11493125528 
34 999.776270587 0.10004714412 1.1236822687 
35 999.774642493 0.0934972047527 1.13186030212 
36 999.773120986 0.0873760614014 1.13950295231 
37 999.771699083 0.0816556187333 1.14664529873 
38 999.770370282 0.0763097311621 1.15331998635 
39 999.769128478 0.0713138281003 1.1595576936 
40 999.767967966 0.0666449641366 1.16538706971 
41 999.766883443 0.0622818047725 1.17083475249 
42 999.765869923 0.0582042965265 1.1759257803 
43 999.764922749 0.0543936989646 1.18068355203 
44 999.764037594 0.0508326060264 1.18512980046 
45 999.76321039 0.0475046582735 1.18928495159 
46 999.762437336 0.0443945566821 1.19316810737 
47 999.761714899 0.0414880935132 1.19679700721 
48 999.761039762 0.0387719202305 1.20018831771 
49 999.760408822 0.0362335545917 1.20335762385 
50 999.759819202 0.03386142797 1.20631936987 
51 999.759268195 0.0316446430662 1.20908716179 
52 999.758753253 0.0295729521307 1.21167379465 
53 999.758272006 0.0276368208086 1.21409117276 
54 999.757822274 0.0258274768229 1.21635024887 
55 999.757401991 0.0241366075211 1.2184614019 
56 999.757009214 0.0225564030696 1.22043438294 
57 999.756642147 0.0210796323852 1.22227822048 
58 999.75629912 0.0196995766109 1.22400130345 
59 999.755978555 0.0184098879343 1.22561155751 
60 999.755678968 0.0172046020654 1.22711642946 
61 999.755398996 0.0160782257047 1.22852277804 
62 999.75513736 0.0150256181709 1.22983702172 
63 999.754892854 0.0140419290212 1.23106521658 
64 999.754664348 0.0131226059561 1.23221304646 
65 999.754450802 0.0122634748498 1.23328572302 
66 999.754251241 0.0114606062961 1.23428815236 
67 999.754064746 0.0107103002634 1.23522495421 
68 999.753890454 0.0100090940362 1.23610045199 
69 999.753727576 0.00935380673726 1.23691861721 
70 999.753575365 0.00874143290677 1.23768320239 
