Time S I R
0  1000 1 0
1 999.881837457 0.548511767286 0.569650775911 
2 999.817030406 0.300861384443 0.882108209425 
3 999.781485319 0.165022586541 1.05349209479 
4 999.761989449 0.0905147542105 1.14749579637 
5 999.751296151 0.0496471403721 1.19905670856 
6 999.745430993 0.0272314639396 1.22733754297 
7 999.74221396 0.0149364167531 1.2428496236 
8 999.740449427 0.00819259940131 1.25135797406 
9 999.739481613 0.00449373575549 1.256024651 
10 999.738950727 0.00246475254136 1.25858452026 
11 999.738659541 0.00135187393575 1.25998858482 
12 999.738499838 0.000741505190573 1.2607586572 
13 999.738412234 0.000406692474945 1.261181074 
14 999.738364186 0.000223060478891 1.26141275349 
15 999.738337834 0.00012234515755 1.26153982108 
16 999.738323371 6.70706670315e-05 1.26160955819 
17 999.738315442 3.67665801977e-05 1.26164779138 
18 999.738311105 2.01896844686e-05 1.26166870563 
19 999.738308725 1.10938178959e-05 1.26168018144 
20 999.738307425 6.12663990739e-06 1.26168644829 
21 999.738306699 3.35007873619e-06 1.26168995134 
22 999.738306295 1.80800129945e-06 1.2616918969 
23 999.738306075 9.67625702857e-07 1.26169295716 
24 999.738305962 5.33483605086e-07 1.2616935049 
25 999.738305902 3.03917390412e-07 1.26169379453 
26 999.738305867 1.72223788366e-07 1.26169396068 
27 999.738305847 9.61914385826e-08 1.26169405661 
28 999.738305836 5.36492066921e-08 1.26169411028 
29 999.738305829 2.84691553393e-08 1.26169414205 
30 999.738305822 8.99489274853e-10 1.26169417683 
31 999.738305817 -1.80840709134e-08 1.26169420078 
32 999.738305815 -2.84815252253e-08 1.2616942139 
33 999.738305814 -3.0292873661e-08 1.26169421619 
34 999.738305816 -2.35181162205e-08 1.26169420764 
35 999.738305816 -2.38697780774e-08 1.26169420808 
36 999.738305815 -2.51873738838e-08 1.26169420974 
37 999.738305816 -2.43025281017e-08 1.26169420863 
38 999.738305816 -2.12152407311e-08 1.26169420473 
39 999.738305818 -1.5925511772e-08 1.26169419806 
40 999.738305819 -1.18820396164e-08 1.26169419296 
41 999.738305819 -1.00447543057e-08 1.26169419064 
42 999.73830582 -8.207468995e-09 1.26169418832 
43 999.73830582 -6.37018368427e-09 1.261694186 
44 999.738305821 -4.53289837355e-09 1.26169418369 
45 999.738305821 -3.04812736865e-09 1.26169418181 
46 999.738305821 -2.99220495586e-09 1.26169418174 
47 999.738305821 -2.93628254308e-09 1.26169418167 
48 999.738305821 -2.88036013029e-09 1.2616941816 
49 999.738305821 -2.82443771751e-09 1.26169418153 
50 999.738305821 -2.76851530472e-09 1.26169418146 
51 999.738305821 -2.71259289194e-09 1.26169418139 
52 999.738305821 -2.65667047916e-09 1.26169418132 
53 999.738305821 -2.60074806637e-09 1.26169418125 
54 999.738305821 -2.54482565359e-09 1.26169418118 
55 999.738305821 -2.4889032408e-09 1.26169418111 
56 999.738305821 -2.43298082802e-09 1.26169418104 
57 999.738305821 -2.37705841523e-09 1.26169418097 
58 999.738305821 -2.32113600245e-09 1.2616941809 
59 999.738305821 -2.26521358966e-09 1.26169418082 
60 999.738305821 -2.20929117688e-09 1.26169418075 
61 999.738305821 -2.1533687641e-09 1.26169418068 
62 999.738305821 -2.09744635131e-09 1.26169418061 
63 999.738305821 -2.04152393853e-09 1.26169418054 
64 999.738305822 -1.98560152574e-09 1.26169418047 
65 999.738305822 -1.92967911296e-09 1.2616941804 
66 999.738305822 -1.87375670017e-09 1.26169418033 
67 999.738305822 -1.81783428739e-09 1.26169418026 
68 999.738305822 -1.76191187461e-09 1.26169418019 
69 999.738305822 -1.70598946182e-09 1.26169418012 
70 999.738305822 -1.65006704904e-09 1.26169418005 
