Time S I R
0  1000 1 0
1 999.898835862 0.730489045224 0.3706750931 
2 999.824943069 0.533607869838 0.641449060909 
3 999.770969531 0.389787235598 0.839243233276 
4 999.731545431 0.28472902062 0.983725547911 
5 999.702748182 0.207985871854 1.08926594663 
6 999.681713162 0.151926736619 1.16636010127 
7 999.666348147 0.110977355779 1.22267449695 
8 999.655124662 0.0810650397127 1.26381029839 
9 999.646926403 0.059215125592 1.29385847154 
10 999.640937897 0.0432544664665 1.31580763667 
11 999.636563607 0.0315959573448 1.33184043591 
12 999.633368317 0.0230797152325 1.34355196821 
13 999.631034264 0.0168588625337 1.35210687317 
14 999.629329341 0.0123147883098 1.35835587078 
15 999.628083957 0.00899550210676 1.36292054095 
16 999.627174299 0.00657101284837 1.3662546883 
17 999.626509787 0.00479990374674 1.36869030931 
18 999.626024356 0.00350609370042 1.3704695505 
19 999.625669785 0.00256106208468 1.3717691531 
20 999.625410782 0.00187074557852 1.37271847269 
21 999.625221587 0.00136648692999 1.37341192645 
22 999.625083396 0.000998169707501 1.37391843426 
23 999.624982453 0.000729126617949 1.37428842082 
24 999.624908709 0.000532578925607 1.3745587121 
25 999.624854847 0.000389021537698 1.37475613141 
26 999.624815506 0.000284165629611 1.37490032866 
27 999.624786765 0.0002075640662 1.37500567069 
28 999.624765773 0.000151614405536 1.37508261235 
29 999.624750444 0.000110756743446 1.37513879957 
30 999.624739238 8.08912773555e-05 1.37517987039 
31 999.624731039 5.90388208898e-05 1.37520992176 
32 999.624725065 4.31143809347e-05 1.37523182096 
33 999.624720713 3.15155048482e-05 1.37524777167 
34 999.624717518 2.30001633546e-05 1.37525948192 
35 999.624715205 1.68363579305e-05 1.37526795835 
36 999.624713506 1.23069845436e-05 1.37527418712 
37 999.624712269 9.01075008097e-06 1.37527872008 
38 999.624711368 6.60903506864e-06 1.3752820229 
39 999.624710703 4.83581307702e-06 1.37528446143 
40 999.624710209 3.51939798641e-06 1.37528627176 
41 999.624709832 2.5161628999e-06 1.3752876514 
42 999.624709581 1.84696693083e-06 1.37528857167 
43 999.624709389 1.33444914247e-06 1.37528927648 
44 999.624709249 9.61161199607e-07 1.37528978983 
45 999.624709152 7.02955625668e-07 1.37529014491 
46 999.624709083 5.18047287425e-07 1.3752903992 
47 999.624709033 3.86152746841e-07 1.37529058058 
48 999.624708996 2.87946254911e-07 1.37529071563 
49 999.624708969 2.13883180603e-07 1.37529081748 
50 999.624708948 1.58472060376e-07 1.37529089368 
51 999.624708932 1.16576511418e-07 1.3752909513 
52 999.624708921 8.60291414326e-08 1.3752909933 
53 999.624708912 6.31905362848e-08 1.37529102471 
54 999.624708906 4.67545424661e-08 1.37529104731 
55 999.624708901 3.44703418078e-08 1.37529106421 
56 999.624708895 1.89066025606e-08 1.37529108561 
57 999.62470889 4.5981990499e-09 1.37529110529 
58 999.624708886 -7.28910153255e-09 1.37529112164 
59 999.624708882 -1.67552991868e-08 1.37529113465 
60 999.624708879 -2.38003939128e-08 1.37529114434 
61 999.624708878 -2.84243857107e-08 1.3752911507 
62 999.624708877 -3.06272745803e-08 1.37529115373 
63 999.624708877 -3.04090605217e-08 1.37529115343 
64 999.624708878 -2.77697435349e-08 1.3752911498 
65 999.62470888 -2.27093236199e-08 1.37529114284 
66 999.62470888 -2.30875598894e-08 1.37529114336 
67 999.624708879 -2.45464972606e-08 1.37529114537 
68 999.624708879 -2.53796390566e-08 1.37529114651 
69 999.624708879 -2.55869852772e-08 1.3752911468 
70 999.624708879 -2.51685359226e-08 1.37529114622 
