Time S I R
0  1000 1 0
1 999.866854728 0.496700737551 0.636444534551 
2 999.800728756 0.246708026058 0.952563218131 
3 999.767886119 0.122536945064 1.10957693547 
4 999.751574065 0.0608625894467 1.1875633457 
5 999.743472216 0.0302297821124 1.22629800198 
6 999.739448129 0.0150147354467 1.24553713509 
7 999.737449429 0.00745763167233 1.25509293948 
8 999.736456706 0.00370413261281 1.259839161 
9 999.735963621 0.00183976894885 1.26219660962 
10 999.735718717 0.000913781999839 1.26336750053 
11 999.735597072 0.000453837750457 1.26394909027 
12 999.735536657 0.000225405716432 1.26423793772 
13 999.735506652 0.000111957923853 1.26438139004 
14 999.735491734 5.5553603305e-05 1.2644527121 
15 999.735484345 2.76137466454e-05 1.26448804146 
16 999.735480673 1.37311935076e-05 1.26450559565 
17 999.735478856 6.8592785512e-06 1.26451428504 
18 999.735477942 3.40382885521e-06 1.26451865438 
19 999.735477481 1.66057514342e-06 1.26452085869 
20 999.735477255 8.06583674314e-07 1.26452193855 
21 999.73547715 4.10327758799e-07 1.2645224396 
22 999.735477098 2.12447456041e-07 1.26452268982 
23 999.73547707 1.08001683722e-07 1.26452282189 
24 999.735477056 5.47251947506e-08 1.26452288925 
25 999.735477048 2.43749837821e-08 1.26452292763 
26 999.73547704 -5.62174960658e-09 1.26452296556 
27 999.735477035 -2.3954904181e-08 1.26452298874 
28 999.735477033 -3.06244799413e-08 1.26452299718 
29 999.735477035 -2.56304768875e-08 1.26452299086 
30 999.735477035 -2.37724470133e-08 1.26452298851 
31 999.735477035 -2.520395267e-08 1.26452299032 
32 999.735477035 -2.36432235229e-08 1.26452298835 
33 999.735477036 -1.90902595722e-08 1.26452298259 
34 999.735477038 -1.25869075144e-08 1.26452297437 
35 999.735477039 -1.04446901796e-08 1.26452297166 
36 999.735477039 -8.30247284477e-09 1.26452296895 
37 999.73547704 -6.16025550995e-09 1.26452296624 
38 999.73547704 -4.01803817513e-09 1.26452296353 
39 999.735477041 -3.02508705994e-09 1.26452296228 
40 999.735477041 -2.95987285018e-09 1.2645229622 
41 999.735477041 -2.89465864041e-09 1.26452296211 
42 999.735477041 -2.82944443065e-09 1.26452296203 
43 999.735477041 -2.76423022089e-09 1.26452296195 
44 999.735477041 -2.69901601113e-09 1.26452296187 
45 999.735477041 -2.63380180137e-09 1.26452296178 
46 999.735477041 -2.56858759161e-09 1.2645229617 
47 999.735477041 -2.50337338185e-09 1.26452296162 
48 999.735477041 -2.43815917209e-09 1.26452296154 
49 999.735477041 -2.37294496232e-09 1.26452296145 
50 999.735477041 -2.30773075256e-09 1.26452296137 
51 999.735477041 -2.2425165428e-09 1.26452296129 
52 999.735477041 -2.17730233304e-09 1.26452296121 
53 999.735477041 -2.11208812328e-09 1.26452296112 
54 999.735477041 -2.04687391352e-09 1.26452296104 
55 999.735477041 -1.98165970376e-09 1.26452296096 
56 999.735477041 -1.916445494e-09 1.26452296088 
57 999.735477041 -1.85123128423e-09 1.26452296079 
58 999.735477041 -1.78601707447e-09 1.26452296071 
59 999.735477041 -1.72080286471e-09 1.26452296063 
60 999.735477041 -1.65558865495e-09 1.26452296055 
61 999.735477041 -1.59037444519e-09 1.26452296046 
62 999.735477041 -1.52516023543e-09 1.26452296038 
63 999.735477041 -1.45994602567e-09 1.2645229603 
64 999.735477041 -1.39473181591e-09 1.26452296022 
65 999.735477041 -1.32951760614e-09 1.26452296013 
66 999.735477041 -1.26430339638e-09 1.26452296005 
67 999.735477041 -1.19908918662e-09 1.26452295997 
68 999.735477041 -1.13387497686e-09 1.26452295989 
69 999.735477041 -1.0686607671e-09 1.2645229598 
70 999.735477041 -1.00344655734e-09 1.26452295972 
