Time S I R
0  10000 1 0
1 8684.22235883 1272.47961425 44.2980269261 
2 63.8587324361 8350.28845081 1586.85281675 
3 0.228326351546 6644.16869296 3356.60298068 
4 0.00261367297389 5245.27814179 4755.71924453 
5 0.000317077670843 4140.76894867 5860.23073426 
6 8.85169720277e-06 3268.83938087 6732.16061028 
7 2.75045385933e-06 2580.51056115 7420.4894361 
8 7.97601387603e-07 2037.12516417 7963.87483503 
9 3.35650474881e-06 1608.16538467 8392.83461197 
10 1.36000926432e-06 1269.53165985 8731.46833879 
11 5.81436324865e-07 1002.20343822 8998.7965612 
12 2.30735167861e-07 791.167265291 9209.83273448 
13 0 624.569158449 9376.43084155 
14 0 493.052089762 9507.94791024 
15 0 389.228935968 9611.77106403 
16 0 307.268071906 9693.73192809 
17 0 242.565859569 9758.43414043 
18 0 191.48815726 9809.51184274 
19 0 151.166027583 9849.83397242 
20 0 119.334624698 9881.6653753 
21 0 94.206043112 9906.79395689 
22 0 74.3688419579 9926.63115804 
23 0 58.7088104081 9942.29118959 
24 0 46.3463495851 9954.65365041 
25 0 36.5870846838 9964.41291532 
26 0 28.8828531106 9972.11714689 
27 0 22.8009198638 9978.19908014 
28 0 17.999673896 9983.0003261 
29 0 14.2094377725 9986.79056223 
30 0 11.2173210612 9989.78267894 
31 0 8.85526200261 9992.144738 
32 0 6.99058791053 9994.00941209 
33 0 5.51856269936 9995.4814373 
34 0 4.35650533971 9996.64349466 
35 0 3.43914518911 9997.56085481 
36 0 2.71495581339 9998.28504419 
37 0 2.14326083389 9998.85673917 
38 0 1.69194916842 9999.30805083 
39 0 1.33567129615 9999.6643287 
40 0 1.05441570188 9999.9455843 
41 0 0.832384771622 10000.1676152 
42 0 0.657107435774 10000.3428926 
43 0 0.518738689886 10000.4812613 
44 0 0.409506401251 10000.5904936 
45 0 0.323275606283 10000.6767244 
46 0 0.255202641635 10000.7447974 
47 0 0.201463953347 10000.798536 
48 0 0.159041196677 10000.8409588 
49 0 0.125551478552 10000.8744485 
50 0 0.0991137836772 10000.9008862 
51 0 0.0782430844675 10000.9217569 
52 0 0.061767234377 10000.9382328 
53 0 0.0487607482452 10000.9512393 
54 0 0.0384930634363 10000.9615069 
55 0 0.0303874856293 10000.9696125 
56 0 0.0239887138071 10000.9760113 
57 0 0.0189373473 10000.9810627 
58 0 0.0149496632218 10000.9850503 
59 0 0.0118016740267 10000.9881983 
60 0 0.00931656478767 10000.9906834 
61 0 0.00735474137394 10000.9926453 
62 0 0.00580601536356 10000.994194 
63 0 0.00458348248495 10000.9954165 
64 0 0.00361838818875 10000.9963816 
65 0 0.00285646029138 10000.9971435 
66 0 0.0022549649205 10000.997745 
67 0 0.00178013940834 10000.9982199 
68 0 0.00140529932038 10000.9985947 
69 0 0.00110940140488 10000.9988906 
70 0 0.000875794171666 10000.9991242 
