Time S I R
0  10000 1 0
1 9965.87346214 30.9545346726 4.17200318687 
2 9016.77432709 857.913799579 126.311873327 
3 2553.10078348 5781.68537283 1666.21384369 
4 252.166222034 5257.37048423 4491.46329374 
5 46.9602405729 3411.31766973 6542.7220897 
6 16.142866965 2138.95964934 7845.8974837 
7 8.28441930234 1332.67540331 8660.04017739 
8 5.46971690315 828.760661299 9166.7696218 
9 4.22565390956 515.00517473 9481.76917136 
10 3.5996064881 319.920779103 9677.47961441 
11 3.2583464643 198.698199605 9799.04345393 
12 3.06287222047 123.395774097 9874.54135368 
13 2.94743777123 76.6269074804 9921.42565475 
14 2.87795593112 47.5824329055 9950.53961116 
15 2.8356376943 29.5462801793 9968.61808213 
16 2.80967424391 18.3465025275 9979.84382323 
17 2.79367234948 11.392007013 9986.81432064 
18 2.78378213136 7.07367405032 9991.14254382 
19 2.77765861146 4.39226502603 9993.83007636 
20 2.77386311282 2.72728935649 9995.49884753 
21 2.771508986 1.69345388701 9996.53503713 
22 2.77004824589 1.05151433223 9997.17843742 
23 2.76914161798 0.652915241765 9997.57794314 
24 2.76857881629 0.405413575617 9997.82600761 
25 2.76822941439 0.251732733809 9997.98003785 
26 2.7680124831 0.156307949477 9998.07567957 
27 2.76787779272 0.0970559191404 9998.13506629 
28 2.76779416316 0.0602647486446 9998.17194109 
29 2.76774223649 0.0374200727357 9998.19483769 
30 2.76770999424 0.0232351696025 9998.20905484 
31 2.76768997433 0.0144273699295 9998.21788266 
32 2.76767754345 0.00895834808189 9998.22336411 
33 2.76766982491 0.00556252999572 9998.22676765 
34 2.76766503231 0.00345398985123 9998.22888098 
35 2.76766205633 0.00214468570691 9998.23019326 
36 2.76766020858 0.00133174944498 9998.23100804 
37 2.76765906108 0.00082689656032 9998.23151404 
38 2.76765834858 0.000513429913649 9998.23182822 
39 2.76765790619 0.000318795006309 9998.2320233 
40 2.7676576315 0.000197942552391 9998.23214443 
41 2.76765746093 0.000122900022366 9998.23221964 
42 2.76765735489 7.6243079922e-05 9998.2322664 
43 2.76765728925 4.73681624038e-05 9998.23229534 
44 2.7676572485 2.94405757472e-05 9998.23231331 
45 2.76765722318 1.82995005934e-05 9998.23232448 
46 2.76765720752 1.14098718243e-05 9998.23233138 
47 2.76765719775 7.10972634852e-06 9998.23233569 
48 2.76765719129 4.27128538089e-06 9998.23233854 
49 2.76765718769 2.68533299915e-06 9998.23234013 
50 2.7676571853 1.6324365108e-06 9998.23234118 
51 2.76765718388 1.01166792863e-06 9998.2323418 
52 2.76765718305 6.43183433918e-07 9998.23234217 
53 2.76765718252 4.11694047282e-07 9998.23234241 
54 2.76765718218 2.61462130941e-07 9998.23234256 
55 2.76765718196 1.64450970804e-07 9998.23234265 
56 2.76765718182 1.03375956061e-07 9998.23234271 
57 2.76765718173 6.52696379981e-08 9998.23234275 
58 2.76765718168 4.132212906e-08 9998.23234278 
59 2.76765718164 2.39038841341e-08 9998.23234279 
60 2.76765718159 3.70298730067e-09 9998.23234281 
61 2.76765718156 -1.17607091483e-08 9998.23234283 
62 2.76765718153 -2.24872052127e-08 9998.23234284 
63 2.76765718152 -2.84765008926e-08 9998.23234285 
64 2.76765718152 -2.9728596188e-08 9998.23234285 
65 2.76765718153 -2.62434910989e-08 9998.23234284 
66 2.76765718154 -2.07130511029e-08 9998.23234284 
67 2.76765718154 -2.27367924363e-08 9998.23234284 
68 2.76765718153 -2.35826119068e-08 9998.23234284 
69 2.76765718153 -2.32505095145e-08 9998.23234284 
70 2.76765718154 -2.17404852595e-08 9998.23234284 
