Time S I R
0  1000 1 0
1 999.832489325 0.871163604684 0.296347070153 
2 999.686584521 0.758904337406 0.554511141897 
3 999.559499809 0.661094564453 0.779405626748 
4 999.448808616 0.575878635838 0.975312747955 
5 999.352395415 0.501637000262 1.14596758445 
6 999.268421144 0.436960347215 1.29461850839 
7 999.19528237 0.380618910978 1.42409871871 
8 999.131575814 0.331535808089 1.53688837783 
9 999.076089237 0.288779950713 1.63513081261 
10 999.027761018 0.251535613958 1.72070336834 
11 998.985667699 0.219092855945 1.79523944491 
12 998.949005139 0.190833209445 1.86016165187 
13 998.917072711 0.166217626414 1.91670966282 
14 998.889260155 0.144776434277 1.965963411 
15 998.865036177 0.126100620009 2.00886320323 
16 998.843937421 0.109833393592 2.04622918565 
17 998.825560837 0.0956643297744 2.07877483313 
18 998.809555275 0.0833229282449 2.10712179642 
19 998.795614726 0.0725734252222 2.13181184922 
20 998.783472831 0.0632105771074 2.15331659215 
21 998.77289755 0.0550555616806 2.17204688877 
22 998.763686683 0.0479525387558 2.1883607783 
23 998.75566426 0.0417658699999 2.20256986951 
24 998.74867711 0.036377480527 2.21494540923 
25 998.74259129 0.0316841140449 2.22572459562 
26 998.737290739 0.0275962903145 2.23511297114 
27 998.732673981 0.0240357731207 2.24329024615 
28 998.728652986 0.0209346870209 2.25041232686 
29 998.725150746 0.0182336534096 2.25661560067 
30 998.722100421 0.0158811329293 2.26201844582 
31 998.71944363 0.0138321062389 2.26672426377 
32 998.717129633 0.0120474463816 2.27082292062 
33 998.715114214 0.0104930555237 2.27439273075 
34 998.713358829 0.00913921055501 2.27750196009 
35 998.711830063 0.00796014072218 2.28020979634 
36 998.710498491 0.00693315491289 2.28256835406 
37 998.709338628 0.00603859866881 2.28462277312 
38 998.708328444 0.00525948191262 2.28641207371 
39 998.70744852 0.00458082762629 2.28797065279 
40 998.706682202 0.00398979365631 2.28932800393 
41 998.706014723 0.00347498871042 2.29051028868 
42 998.705433417 0.00302664667345 2.29153993596 
43 998.704927089 0.002636131732 2.29243677886 
44 998.704486076 0.00229599147206 2.29321793255 
45 998.704101977 0.00199974733172 2.29389827566 
46 998.703767419 0.00174171282636 2.29449086769 
47 998.703476058 0.00151699397494 2.29500694806 
48 998.703222274 0.0013212575423 2.29545646841 
49 998.703001271 0.00115080412645 2.29584792469 
50 998.702808765 0.00100232927089 2.29618890582 
51 998.702641068 0.000872989348956 2.2964859424 
52 998.702495021 0.00076034665328 2.29674463278 
53 998.7023678 0.000662224533042 2.29696997579 
54 998.70225701 0.000576775149023 2.29716621512 
55 998.702160519 0.000502354073941 2.29733712729 
56 998.702076475 0.000437533119031 2.29748599223 
57 998.702003287 0.000381085240242 2.29761562791 
58 998.701939528 0.000331909289063 2.29772856321 
59 998.701883996 0.000289079610281 2.29782692393 
60 998.701835632 0.000251777151291 2.29791259108 
61 998.701793504 0.000219285009874 2.29798721106 
62 998.701756822 0.000190993398359 2.2980521843 
63 998.70172487 0.000166349308554 2.2981087808 
64 998.70169705 0.000144892884704 2.29815805664 
65 998.701672823 0.00012620669175 2.2982009705 
66 998.701651704 0.000109918499192 2.29823837722 
67 998.701633287 9.57134557076e-05 2.29827099988 
68 998.70161723 8.33295190483e-05 2.29829944026 
69 998.701603259 7.25540761912e-05 2.29832418665 
70 998.701591115 6.31876852942e-05 2.29834569708 
