Time S I R
0  1000 1 0
1 999.924437034 0.563345133647 0.512217832649 
2 999.881871819 0.317356959495 0.800771221197 
3 999.857893671 0.178779694805 0.963326633814 
4 999.844386155 0.100713787482 1.05490005774 
5 999.836776922 0.056736122296 1.10648695599 
6 999.832490377 0.0319618055451 1.13554781761 
7 999.830075603 0.0180054340155 1.1519189632 
8 999.828715257 0.0101431919341 1.16114155143 
9 999.827948948 0.00571423535014 1.16633681697 
10 999.827517215 0.00321899527806 1.16926378931 
11 999.82727401 0.00181336611172 1.17091262362 
12 999.827137003 0.00102151877369 1.17184147815 
13 999.827059825 0.000575458908362 1.17236471628 
14 999.827016345 0.000324163732922 1.1726594911 
15 999.826991851 0.000182599234872 1.1728255494 
16 999.826978058 0.000102876398501 1.17291906605 
17 999.826970276 5.78994206458e-05 1.17297182504 
18 999.826965902 3.26199204056e-05 1.17300147846 
19 999.826963441 1.83998979189e-05 1.17301815886 
20 999.826962054 1.03820072166e-05 1.17302756402 
21 999.826961276 5.88847066964e-06 1.17303283504 
22 999.82696083 3.30681201533e-06 1.17303586339 
23 999.826960575 1.83330867839e-06 1.17303759184 
24 999.826960432 1.00948723426e-06 1.1730385582 
25 999.826960356 5.68495443699e-07 1.17303907549 
26 999.826960315 3.31183395133e-07 1.17303935386 
27 999.826960291 1.92970308426e-07 1.17303951599 
28 999.826960277 1.10818146521e-07 1.17303961236 
29 999.826960269 6.3336889541e-08 1.17303966805 
30 999.826960264 3.63735258923e-08 1.17303969968 
31 999.82696026 1.10566534199e-08 1.17303972938 
32 999.826960256 -1.03157508829e-08 1.17303975445 
33 999.826960253 -2.40522535537e-08 1.17303977056 
34 999.826960252 -3.01528545924e-08 1.17303977772 
35 999.826960253 -2.8617553999e-08 1.17303977592 
36 999.826960254 -2.14556261883e-08 1.17303976752 
37 999.826960253 -2.41219480683e-08 1.17303977064 
38 999.826960253 -2.48424189447e-08 1.17303977149 
39 999.826960254 -2.36170388177e-08 1.17303977005 
40 999.826960254 -2.04458076873e-08 1.17303976633 
41 999.826960255 -1.53287255533e-08 1.17303976033 
42 999.826960256 -1.15732392091e-08 1.17303975592 
43 999.826960256 -9.87498526696e-09 1.17303975393 
44 999.826960256 -8.17673132477e-09 1.17303975194 
45 999.826960257 -6.47847738258e-09 1.17303974995 
46 999.826960257 -4.78022344039e-09 1.17303974796 
47 999.826960257 -3.0819694982e-09 1.17303974596 
48 999.826960257 -2.91170296149e-09 1.17303974576 
49 999.826960257 -2.86043447973e-09 1.1730397457 
50 999.826960257 -2.80916599797e-09 1.17303974564 
51 999.826960257 -2.75789751621e-09 1.17303974558 
52 999.826960257 -2.70662903445e-09 1.17303974552 
53 999.826960257 -2.65536055269e-09 1.17303974546 
54 999.826960257 -2.60409207093e-09 1.1730397454 
55 999.826960257 -2.55282358917e-09 1.17303974534 
56 999.826960257 -2.50155510741e-09 1.17303974528 
57 999.826960257 -2.45028662565e-09 1.17303974522 
58 999.826960257 -2.39901814389e-09 1.17303974516 
59 999.826960257 -2.34774966213e-09 1.1730397451 
60 999.826960257 -2.29648118037e-09 1.17303974504 
61 999.826960257 -2.24521269861e-09 1.17303974498 
62 999.826960257 -2.19394421685e-09 1.17303974492 
63 999.826960257 -2.14267573509e-09 1.17303974486 
64 999.826960257 -2.09140725333e-09 1.1730397448 
65 999.826960257 -2.04013877157e-09 1.17303974474 
66 999.826960257 -1.98887028981e-09 1.17303974468 
67 999.826960257 -1.93760180804e-09 1.17303974462 
68 999.826960257 -1.88633332628e-09 1.17303974456 
69 999.826960257 -1.83506484452e-09 1.1730397445 
70 999.826960257 -1.78379636276e-09 1.17303974444 
