Time S I R
0  1000 1 0
1 999.952803603 0.399280609226 0.647915788049 
2 999.93395976 0.1594261783 0.906614061695 
3 999.926435814 0.0636560417723 1.00990814403 
4 999.923431666 0.0254168883372 1.05115144567 
5 999.922232157 0.0101485628617 1.06761928015 
6 999.921753219 0.00405224938227 1.0741945313 
7 999.921561976 0.0016179468904 1.07682007704 
8 999.921485619 0.000646004893729 1.07786837656 
9 999.92145513 0.000257924056015 1.07828694573 
10 999.921442958 0.000102985406446 1.07845405664 
11 999.921438094 4.10707601816e-05 1.07852083541 
12 999.921436158 1.64294280679e-05 1.07854741261 
13 999.921435386 6.59739299966e-06 1.07855801706 
14 999.921435068 2.55855177994e-06 1.0785623732 
15 999.921434947 1.0126471692e-06 1.07856404056 
16 999.9214349 4.11366040358e-07 1.07856468908 
17 999.921434881 1.72948479715e-07 1.07856494623 
18 999.921434873 7.1020485054e-08 1.07856505616 
19 999.921434869 2.83874437356e-08 1.07856510214 
20 999.921434867 -9.26618034553e-09 1.07856514276 
21 999.921434865 -2.8010706402e-08 1.07856516297 
22 999.921434865 -2.78461344338e-08 1.07856516279 
23 999.921434865 -2.31138820916e-08 1.07856515769 
24 999.921434865 -2.42824361938e-08 1.07856515895 
25 999.921434866 -2.06720784894e-08 1.07856515506 
26 999.921434866 -1.22828089781e-08 1.07856514601 
27 999.921434866 -9.53459043907e-09 1.07856514304 
28 999.921434867 -6.92903565118e-09 1.07856514023 
29 999.921434867 -4.32348086329e-09 1.07856513742 
30 999.921434867 -2.80454151611e-09 1.07856513579 
31 999.921434867 -2.7266869523e-09 1.0785651357 
32 999.921434867 -2.64883238849e-09 1.07856513562 
33 999.921434867 -2.57097782468e-09 1.07856513553 
34 999.921434867 -2.49312326086e-09 1.07856513545 
35 999.921434867 -2.41526869705e-09 1.07856513537 
36 999.921434867 -2.33741413324e-09 1.07856513528 
37 999.921434867 -2.25955956943e-09 1.0785651352 
38 999.921434867 -2.18170500562e-09 1.07856513511 
39 999.921434867 -2.10385044181e-09 1.07856513503 
40 999.921434867 -2.025995878e-09 1.07856513495 
41 999.921434867 -1.94814131419e-09 1.07856513486 
42 999.921434867 -1.87028675038e-09 1.07856513478 
43 999.921434867 -1.79243218657e-09 1.07856513469 
44 999.921434867 -1.71457762275e-09 1.07856513461 
45 999.921434867 -1.63672305894e-09 1.07856513453 
46 999.921434867 -1.55886849513e-09 1.07856513444 
47 999.921434867 -1.48101393132e-09 1.07856513436 
48 999.921434867 -1.40315936751e-09 1.07856513427 
49 999.921434867 -1.3253048037e-09 1.07856513419 
50 999.921434867 -1.24745023989e-09 1.07856513411 
51 999.921434867 -1.16959567608e-09 1.07856513402 
52 999.921434867 -1.09174111227e-09 1.07856513394 
53 999.921434867 -1.01388654846e-09 1.07856513385 
54 999.921434867 -9.36031984644e-10 1.07856513377 
55 999.921434867 -8.58177420833e-10 1.07856513369 
56 999.921434867 -7.80322857022e-10 1.0785651336 
57 999.921434867 -7.02468293211e-10 1.07856513352 
58 999.921434867 -6.246137294e-10 1.07856513343 
59 999.921434867 -5.46759165589e-10 1.07856513335 
60 999.921434867 -4.68904601778e-10 1.07856513327 
61 999.921434867 -3.91050037967e-10 1.07856513318 
62 999.921434867 -3.13195474156e-10 1.0785651331 
63 999.921434867 -2.35340910345e-10 1.07856513301 
64 999.921434867 -1.57486346534e-10 1.07856513293 
65 999.921434867 -8.46456816409e-11 1.07856513285 
66 999.921434867 -8.23193769314e-11 1.07856513285 
67 999.921434867 -7.99930722219e-11 1.07856513285 
68 999.921434867 -7.76667675124e-11 1.07856513284 
69 999.921434867 -7.53404628029e-11 1.07856513284 
70 999.921434867 -7.30141580934e-11 1.07856513284 
