Time S I R
0  1000 1 0
1 999.961882677 0.455253851442 0.58286347123 
2 999.944530207 0.207257098863 0.848212694628 
3 999.936630472 0.094354736397 0.96901479155 
4 999.933034108 0.0429554805398 1.02401041126 
5 999.931396859 0.0195558331136 1.04904730827 
6 999.930651486 0.00890292394376 1.06044558974 
7 999.930312158 0.00405321649694 1.06563462566 
8 999.930157666 0.00184520044072 1.06799713403 
9 999.930087335 0.000840032337052 1.06907263257 
10 999.930055316 0.000382406759083 1.06956227767 
11 999.930040739 0.000174076799789 1.06978518424 
12 999.930034104 7.92538154744e-05 1.06988664187 
13 999.93003108 3.60371380879e-05 1.06993288237 
14 999.930029709 1.64372250234e-05 1.06995385367 
15 999.930029085 7.5120914968e-06 1.06996340328 
16 999.930028799 3.42721568883e-06 1.06996777397 
17 999.930028666 1.53040702417e-06 1.0699698035 
18 999.930028607 6.81734095248e-07 1.06997071155 
19 999.930028581 3.21200862391e-07 1.06997109731 
20 999.93002857 1.52788922357e-07 1.0699712775 
21 999.930028564 7.10679135088e-08 1.06997136494 
22 999.930028561 3.31244639595e-08 1.06997140554 
23 999.930028559 -3.26272311369e-10 1.06997144133 
24 999.930028557 -2.22050212735e-08 1.06997146474 
25 999.930028557 -3.02316644733e-08 1.06997147333 
26 999.930028557 -2.44062019107e-08 1.0699714671 
27 999.930028557 -2.35199014727e-08 1.06997146615 
28 999.930028557 -2.42560410319e-08 1.06997146694 
29 999.930028558 -2.14938022115e-08 1.06997146398 
30 999.930028558 -1.52331850117e-08 1.06997145728 
31 999.930028558 -1.0648751594e-08 1.06997145238 
32 999.930028558 -8.42350954828e-09 1.06997145 
33 999.930028559 -6.19826750258e-09 1.06997144762 
34 999.930028559 -3.97302545689e-09 1.06997144524 
35 999.930028559 -2.79560757942e-09 1.06997144398 
36 999.930028559 -2.72917523665e-09 1.0699714439 
37 999.930028559 -2.66274289387e-09 1.06997144383 
38 999.930028559 -2.5963105511e-09 1.06997144376 
39 999.930028559 -2.52987820832e-09 1.06997144369 
40 999.930028559 -2.46344586555e-09 1.06997144362 
41 999.930028559 -2.39701352278e-09 1.06997144355 
42 999.930028559 -2.33058118e-09 1.06997144348 
43 999.930028559 -2.26414883723e-09 1.06997144341 
44 999.930028559 -2.19771649446e-09 1.06997144334 
45 999.930028559 -2.13128415168e-09 1.06997144326 
46 999.930028559 -2.06485180891e-09 1.06997144319 
47 999.930028559 -1.99841946614e-09 1.06997144312 
48 999.930028559 -1.93198712336e-09 1.06997144305 
49 999.930028559 -1.86555478059e-09 1.06997144298 
50 999.930028559 -1.79912243781e-09 1.06997144291 
51 999.930028559 -1.73269009504e-09 1.06997144284 
52 999.930028559 -1.66625775227e-09 1.06997144277 
53 999.930028559 -1.59982540949e-09 1.0699714427 
54 999.930028559 -1.53339306672e-09 1.06997144263 
55 999.930028559 -1.46696072395e-09 1.06997144255 
56 999.930028559 -1.40052838117e-09 1.06997144248 
57 999.930028559 -1.3340960384e-09 1.06997144241 
58 999.930028559 -1.26766369563e-09 1.06997144234 
59 999.930028559 -1.20123135285e-09 1.06997144227 
60 999.930028559 -1.13479901008e-09 1.0699714422 
61 999.930028559 -1.0683666673e-09 1.06997144213 
62 999.930028559 -1.00193432453e-09 1.06997144206 
63 999.930028559 -9.35501981757e-10 1.06997144199 
64 999.930028559 -8.69069638983e-10 1.06997144191 
65 999.930028559 -8.0263729621e-10 1.06997144184 
66 999.930028559 -7.36204953436e-10 1.06997144177 
67 999.930028559 -6.69772610662e-10 1.0699714417 
68 999.930028559 -6.03340267889e-10 1.06997144163 
69 999.930028559 -5.36907925115e-10 1.06997144156 
70 999.930028559 -4.70475582341e-10 1.06997144149 
