Time S I R
0  1000 1 0
1 999.965574973 1.01552705989 0.0188979675453 
2 999.930617975 1.03129339853 0.0380886260205 
3 999.895116863 1.04730444786 0.0575786892564 
4 999.859068695 1.06356152201 0.0773697833858 
5 999.822462894 1.08006934954 0.097467756325 
6 999.78528975 1.09683227268 0.117877977338 
7 999.747540242 1.1138543229 0.138605435235 
8 999.709206217 1.13113914188 0.159654641591 
9 999.670278887 1.14869065599 0.181030456516 
10 999.63074923 1.16651289665 0.202737873269 
11 999.590607731 1.18461011061 0.224782158312 
12 999.549845171 1.20298641513 0.247168413798 
13 999.508451958 1.22164609179 0.269901950692 
14 999.466418719 1.24059332461 0.29298795601 
15 999.423735221 1.25983267838 0.316432100538 
16 999.380391848 1.27936844434 0.340239707797 
17 999.336378309 1.2992052107 0.364416479969 
18 999.29168437 1.31934754192 0.388968088572 
19 999.246299647 1.33980006666 0.413900286706 
20 999.200213559 1.36056750164 0.439218939496 
21 999.153415324 1.3816546516 0.464930024083 
22 999.105894075 1.40306635815 0.491039567161 
23 999.057638812 1.42480751943 0.517553668992 
24 999.00863828 1.44688314695 0.544478572744 
25 998.958881044 1.46929833211 0.571820623684 
26 998.908355485 1.49205824624 0.599586269173 
27 998.857049816 1.51516813348 0.627782050332 
28 998.804952185 1.53863326582 0.656414549165 
29 998.752050522 1.56245901058 0.685490467883 
30 998.698332571 1.5866508165 0.715016612595 
31 998.643785908 1.61121420665 0.744999884902 
32 998.58839794 1.63615477836 0.775447281897 
33 998.532155828 1.66147823386 0.806365938514 
34 998.475046491 1.68719038075 0.837763128234 
35 998.417056729 1.7132970798 0.869646190775 
36 998.358173159 1.73980427176 0.902022569208 
37 998.298382212 1.76671797747 0.934899810122 
38 998.237670206 1.79404426971 0.968285524142 
39 998.176022842 1.82178948076 1.00218767717 
40 998.113426048 1.8499598526 1.03661409951 
41 998.049865393 1.87856177996 1.07157282695 
42 997.985326257 1.90760174029 1.10707200252 
43 997.919793827 1.93708629497 1.14311987809 
44 997.853253007 1.96702212613 1.17972486724 
45 997.785688388 1.99741604912 1.21689556304 
46 997.717084456 2.02827492756 1.25464061618 
47 997.64742548 2.05960571934 1.29296880105 
48 997.576695502 2.09141547912 1.33188901911 
49 997.504878339 2.12371135982 1.37141030111 
50 997.431957577 2.15650061421 1.41154180928 
51 997.357916564 2.18979059645 1.45229283949 
52 997.282738413 2.22358876361 1.49367282347 
53 997.206405972 2.2579026849 1.53569134331 
54 997.128901741 2.29274007465 1.57835818429 
55 997.050208022 2.32810873521 1.62168324259 
56 996.970306866 2.36401657708 1.6656765574 
57 996.889180054 2.40047162535 1.71034832101 
58 996.806809097 2.43748202149 1.75570888137 
59 996.72317523 2.47505602515 1.80176874467 
60 996.638259406 2.51320201594 1.84853857792 
61 996.552042293 2.5519284952 1.89602921147 
62 996.464504275 2.59124408561 1.944251639 
63 996.375625576 2.6311574747 1.99321694921 
64 996.285386105 2.67167748447 2.0429364109 
65 996.193765435 2.71281308058 2.09342148439 
66 996.100742848 2.7545733531 2.14468379867 
67 996.006297329 2.79696751794 2.19673515346 
68 995.91040756 2.84000491826 2.24958752135 
69 995.813051924 2.88369502585 2.30325304986 
70 995.714208494 2.92804744255 2.35774406358 
