Time S I R
0  10000 1 0
1 9983.19273987 15.817558027 1.98970210657 
2 9724.66014271 243.314779881 33.0250774091 
3 6950.159997 2620.4988514 430.3411516 
4 1527.63564055 6250.96929832 2222.39506113 
5 235.568431144 5331.74760916 4433.68395969 
6 56.521012471 3822.43169075 6122.04729678 
7 20.6514991069 2667.40389038 7312.94461051 
8 10.2544921834 1849.73842987 8141.00707794 
9 6.31422791386 1280.0965293 8714.58924279 
10 4.51513624585 885.132178045 9111.35268571 
11 3.58085710943 611.780624907 9385.63851798 
12 3.05067284207 422.753169128 9575.19615803 
13 2.73089576149 292.093235103 9706.17586914 
14 2.52976005512 201.800127917 9796.67011203 
15 2.39951951859 139.41160358 9859.1888769 
16 2.31348182423 96.3079285781 9902.3785896 
17 2.25585604137 66.5296930133 9932.21445095 
18 2.21688864667 45.9581245065 9952.82498685 
19 2.19036433876 31.747160702 9967.06247496 
20 2.17222738391 21.9302872733 9976.89748534 
21 2.1597865961 15.1489232853 9983.69129012 
22 2.1512344616 10.4644848776 9988.38428066 
23 2.14534665801 7.22857809487 9991.62607525 
24 2.14128894571 4.99329551202 9993.86541554 
25 2.13849048018 3.44922274864 9995.41228677 
26 2.1365595182 2.38262023224 9996.48082025 
27 2.13522668641 1.64584228459 9997.21893103 
28 2.13430649244 1.13689798887 9997.72879552 
29 2.13367108178 0.785334364794 9998.08099455 
30 2.13323227016 0.542484919216 9998.32428281 
31 2.13292920533 0.374731950533 9998.49233884 
32 2.1327198825 0.258853274415 9998.60842684 
33 2.13257530065 0.178807793556 9998.68861691 
34 2.13247543374 0.123514867532 9998.7440097 
35 2.13240645154 0.0853202444118 9998.7822733 
36 2.1323588021 0.0589365906049 9998.80870461 
37 2.13232588795 0.0407115686506 9998.82696254 
38 2.13230315217 0.0281222903076 9998.83957456 
39 2.13228744714 0.0194260082085 9998.84828654 
40 2.13227659866 0.0134188826693 9998.85430452 
41 2.1322691049 0.00926935047952 9998.85846154 
42 2.13226392846 0.00640297837489 9998.86133309 
43 2.13226035268 0.00442294732528 9998.8633167 
44 2.13225788283 0.00305530405108 9998.86468681 
45 2.13225617668 0.00211054589389 9998.86563328 
46 2.13225499806 0.00145790133356 9998.8662871 
47 2.13225418391 0.00100707938251 9998.86673874 
48 2.13225362152 0.000695664120914 9998.86705071 
49 2.13225323284 0.000480437587243 9998.86726633 
50 2.1322529645 0.000331844799299 9998.86741519 
51 2.13225277922 0.000229248873406 9998.86751797 
52 2.13225265119 0.000158358603257 9998.86758899 
53 2.13225256267 0.000109341282547 9998.8676381 
54 2.13225250169 7.55748653234e-05 9998.86767192 
55 2.13225245959 5.22635631478e-05 9998.86769528 
56 2.13225243046 3.61277046891e-05 9998.86771144 
57 2.13225241025 2.49408335213e-05 9998.86772265 
58 2.13225239638 1.7258973011e-05 9998.86773034 
59 2.1322523868 1.19549991145e-05 9998.86773566 
60 2.13225238017 8.2843958934e-06 9998.86773934 
61 2.13225237557 5.73264836594e-06 9998.86774189 
62 2.13225237232 3.93789557278e-06 9998.86774369 
63 2.13225237004 2.6726247529e-06 9998.86774496 
64 2.13225236855 1.84669053146e-06 9998.86774578 
65 2.13225236748 1.25276091954e-06 9998.86774638 
66 2.13225236677 8.62757304528e-07 9998.86774677 
67 2.1322523663 6.00109866541e-07 9998.86774703 
68 2.13225236598 4.24196769329e-07 9998.86774721 
69 2.13225236576 3.00470960476e-07 9998.86774733 
70 2.1322523656 2.11079493407e-07 9998.86774742 
