Time S I R
0  1000 1 0
1 999.941785521 0.560866210633 0.497348268495 
2 999.909136664 0.31457088529 0.776292450571 
3 999.890825403 0.176431037144 0.932743559765 
4 999.880555496 0.0989537761618 1.02049072766 
5 999.874795532 0.0554996018313 1.0697048665 
6 999.871565006 0.0311278327826 1.09730716086 
7 999.86975312 0.0174585381911 1.11278834182 
8 999.868736893 0.00979187039587 1.12147123679 
9 999.868166948 0.00549206582626 1.12634098575 
10 999.867847259 0.00308024850892 1.12907249226 
11 999.867667961 0.00172757753936 1.13060446129 
12 999.8675674 0.000968915827423 1.13146368446 
13 999.867511 0.000543421092438 1.13194557898 
14 999.867479367 0.000304775149203 1.13221585771 
15 999.867461625 0.000170924064968 1.1323674509 
16 999.867451677 9.5876806832e-05 1.13245244575 
17 999.867446089 5.37183411308e-05 1.13250019237 
18 999.867442964 3.01400007677e-05 1.13252689604 
19 999.867441212 1.69257621678e-05 1.13254186184 
20 999.86744023 9.5120475957e-06 1.13255025825 
21 999.867439681 5.37398519279e-06 1.13255494482 
22 999.867439366 2.99691772115e-06 1.13255763697 
23 999.867439188 1.65469094987e-06 1.13255915711 
24 999.867439089 9.05843394266e-07 1.13256000522 
25 999.867439037 5.11065590759e-07 1.13256045232 
26 999.867439008 2.97248696184e-07 1.13256069448 
27 999.867438992 1.721121789e-07 1.13256083621 
28 999.867438982 9.82386091977e-08 1.13256091987 
29 999.867438976 5.59305148281e-08 1.13256096779 
30 999.867438973 3.20171133904e-08 1.13256099487 
31 999.86743897 5.65932500906e-09 1.13256102472 
32 999.867438967 -1.4010669252e-08 1.132561047 
33 999.867438965 -2.6028759603e-08 1.13256106061 
34 999.867438965 -3.03949460442e-08 1.13256106556 
35 999.867438965 -2.71092285754e-08 1.13256106183 
36 999.867438966 -2.21146175121e-08 1.13256105618 
37 999.867438966 -2.43067808216e-08 1.13256105866 
38 999.867438966 -2.45554508109e-08 1.13256105894 
39 999.867438966 -2.28606274803e-08 1.13256105702 
40 999.867438966 -1.92223108296e-08 1.1325610529 
41 999.867438967 -1.36405008589e-08 1.13256104658 
42 999.867438967 -1.09992182947e-08 1.13256104359 
43 999.867438968 -9.31628846179e-09 1.13256104168 
44 999.867438968 -7.63335862888e-09 1.13256103978 
45 999.867438968 -5.95042879596e-09 1.13256103787 
46 999.867438968 -4.26749896305e-09 1.13256103596 
47 999.867438968 -2.90043657581e-09 1.13256103442 
48 999.867438968 -2.8498392294e-09 1.13256103436 
49 999.867438968 -2.79924188298e-09 1.1325610343 
50 999.867438969 -2.74864453657e-09 1.13256103424 
51 999.867438969 -2.69804719016e-09 1.13256103419 
52 999.867438969 -2.64744984374e-09 1.13256103413 
53 999.867438969 -2.59685249733e-09 1.13256103407 
54 999.867438969 -2.54625515092e-09 1.13256103402 
55 999.867438969 -2.4956578045e-09 1.13256103396 
56 999.867438969 -2.44506045809e-09 1.1325610339 
57 999.867438969 -2.39446311168e-09 1.13256103384 
58 999.867438969 -2.34386576526e-09 1.13256103379 
59 999.867438969 -2.29326841885e-09 1.13256103373 
60 999.867438969 -2.24267107244e-09 1.13256103367 
61 999.867438969 -2.19207372602e-09 1.13256103361 
62 999.867438969 -2.14147637961e-09 1.13256103356 
63 999.867438969 -2.0908790332e-09 1.1325610335 
64 999.867438969 -2.04028168678e-09 1.13256103344 
65 999.867438969 -1.98968434037e-09 1.13256103338 
66 999.867438969 -1.93908699396e-09 1.13256103333 
67 999.867438969 -1.88848964754e-09 1.13256103327 
68 999.867438969 -1.83789230113e-09 1.13256103321 
69 999.867438969 -1.78729495472e-09 1.13256103316 
70 999.867438969 -1.7366976083e-09 1.1325610331 
