Time S I R
0  10000 1 0
1 9886.32928165 106.736020672 7.93469767852 
2 4532.27824028 4919.46414373 549.257615994 
3 139.252144787 6895.25797652 2966.48987869 
4 7.13685124257 4965.20554772 5028.65760103 
5 0.864977408482 3506.64727368 6493.48774891 
6 0.194916256058 2473.59102949 7527.21405426 
7 0.0681662946554 1744.5983353 8256.3334984 
8 0.0324723057784 1230.40117037 8770.56635732 
9 0.0192964984453 867.749454332 9133.23124917 
10 0.0133413382919 611.982930423 9389.00372824 
11 0.0102879625592 431.602085381 9569.38762666 
12 0.00856521498099 304.387932125 9696.60350266 
13 0.00752668236964 214.669841738 9786.32263158 
14 0.00687088336599 151.39599739 9849.59713173 
15 0.00644299214946 106.771933487 9894.22162352 
16 0.00615736535838 75.3008835247 9925.69295911 
17 0.00596357650102 53.1059248076 9947.88811162 
18 0.00583058382654 37.4529129665 9963.54125645 
19 0.00573857878226 26.4136446779 9974.58061674 
20 0.00567456698445 18.6282051299 9982.3661203 
21 0.00562985271608 13.1375300048 9987.85684014 
22 0.00559853005143 9.26523342021 9991.72916805 
23 0.00557654467229 6.53429997773 9994.46012348 
24 0.00556109143508 4.60831048935 9996.38612842 
25 0.00555021881337 3.25000764937 9997.74444213 
26 0.00554256369469 2.29206578956 9998.70239165 
27 0.00553717127877 1.61647761197 9999.37798522 
28 0.0055333714372 1.14001981092 9999.85444682 
29 0.00553069316993 0.803998144948 10000.1904712 
30 0.0055288051044 0.56701910987 10000.4274521 
31 0.00552747393522 0.399889856333 10000.5945827 
32 0.00552653532031 0.282022006284 10000.7124515 
33 0.00552587345919 0.198895795841 10000.7955783 
34 0.00552540672834 0.140271002397 10000.8542036 
35 0.0055250775913 0.0989260404073 10000.8955489 
36 0.00552484548098 0.0697675007886 10000.9247077 
37 0.0055246817883 0.0492034703316 10000.9452718 
38 0.00552456634796 0.0347007132399 10000.9597747 
39 0.00552448493727 0.0244726401476 10000.9700029 
40 0.00552442752269 0.0172593165697 10000.9772163 
41 0.00552438703016 0.0121721164817 10000.9823035 
42 0.00552435847385 0.00858437287392 10000.9858913 
43 0.005524338334 0.00605411534877 10000.9884215 
44 0.00552432413133 0.00426965977 10000.990206 
45 0.00552431411597 0.00301125248791 10000.9914644 
46 0.0055243070492 0.00212370094093 10000.992352 
47 0.00552430206881 0.00149774281096 10000.992978 
48 0.00552429855816 0.00105628303994 10000.9934194 
49 0.00552429608069 0.000744959801932 10000.9937307 
50 0.00552429433446 0.000525371215034 10000.9939503 
51 0.00552429309937 0.000370507559089 10000.9941052 
52 0.00552429223353 0.000261298392526 10000.9942144 
53 0.00552429161871 0.000184263031848 10000.9942914 
54 0.00552429118761 0.000129956016574 10000.9943458 
55 0.00552429088384 9.16610318032e-05 10000.994384 
56 0.00552429066738 6.4610519315e-05 10000.9944111 
57 0.00552429051641 4.55407377056e-05 10000.9944302 
58 0.00552429040908 3.21225502154e-05 10000.9944436 
59 0.00552429033451 2.26781127813e-05 10000.994453 
60 0.00552429028176 1.60025798568e-05 10000.9944597 
61 0.00552429024356 1.12935465611e-05 10000.9944644 
62 0.00552429021627 7.98531570869e-06 10000.9944677 
63 0.00552429019808 5.65922122202e-06 10000.9944701 
64 0.00552429018535 3.98957336575e-06 10000.9944717 
65 0.00552429017444 2.79928938828e-06 10000.9944729 
66 0.00552429016898 1.94703370458e-06 10000.9944738 
67 0.00552429016534 1.3655776702e-06 10000.9944743 
68 0.0055242901617 9.46020705077e-07 10000.9944748 
69 0.00552429015988 6.66835712262e-07 10000.994475 
70 0.00552429015806 4.74079378493e-07 10000.9944752 
