Time S I R
0  1000 1 0
1 999.824230021 0.814772128118 0.360997850636 
2 999.68104189 0.663832376159 0.655125733935 
3 999.564396569 0.540841213811 0.894762216976 
4 999.469372885 0.440627309706 1.08999980485 
5 999.391966398 0.358979080718 1.24905452161 
6 999.328906189 0.292454220422 1.37863959019 
7 999.277535889 0.238255480497 1.48420863071 
8 999.235687684 0.194099112352 1.57021320331 
9 999.201596787 0.158125247565 1.64027796587 
10 999.173825249 0.128818016389 1.69735673484 
11 999.151201594 0.104942159685 1.74385624634 
12 999.132771515 0.0854912121634 1.7817372728 
13 999.11775772 0.0696452649202 1.81259701526 
14 999.10552694 0.0567362408641 1.83773681963 
15 999.095563301 0.046219853411 1.85821684515 
16 999.087446626 0.0376527410099 1.87490063276 
17 999.080834518 0.0306735914327 1.88849189067 
18 999.075447987 0.024987985391 1.89956402755 
19 999.071059925 0.0203562418549 1.90858383309 
20 999.06748524 0.0165830156714 1.9159317439 
21 999.064573154 0.0135091695019 1.92191767662 
22 999.062200863 0.0110050902316 1.92679404703 
23 999.060268322 0.00896518222783 1.93076649584 
24 999.058694133 0.00730352902959 1.93400233838 
25 999.057411602 0.0059497362212 1.93663866136 
26 999.056366794 0.00484687170725 1.93878633406 
27 999.055515632 0.00394841178821 1.94053595615 
28 999.054822255 0.00321650367832 1.94196124139 
29 999.054257448 0.00262030977147 1.94312224215 
30 999.05379729 0.00213457929454 1.94406813102 
31 999.053422431 0.00173888872811 1.94483868007 
32 999.053117078 0.00141656625791 1.94546635536 
33 999.052868327 0.00115399108573 1.9459776815 
34 999.052665697 0.000940099295928 1.94639420389 
35 999.052500598 0.000765825577487 1.94673357594 
36 999.052366098 0.000623850223367 1.9470100517 
37 999.052256544 0.000508207905973 1.94723524779 
38 999.052167295 0.000413998085334 1.94741870729 
39 999.052094598 0.000337261021434 1.9475681412 
40 999.052035365 0.000274736641873 1.94768989803 
41 999.051987109 0.00022379825274 1.94778909288 
42 999.051947812 0.000182317857052 1.94786986971 
43 999.051915798 0.000148523796841 1.94793567856 
44 999.051889728 0.000121005055741 1.94798926717 
45 999.051868469 9.85648262534e-05 1.94803296613 
46 999.05185112 8.02520896456e-05 1.94806862743 
47 999.051837003 6.53500375956e-05 1.94809764693 
48 999.051825518 5.32267349467e-05 1.94812125523 
49 999.051816174 4.33637949064e-05 1.94814046182 
50 999.051808583 3.53502823781e-05 1.94815606693 
51 999.051802391 2.88141903582e-05 1.94816879499 
52 999.051797333 2.34753850846e-05 1.9481791915 
53 999.051793218 1.91319763181e-05 1.94818764964 
54 999.051789865 1.55918524211e-05 1.9481945435 
55 999.051787139 1.27147063588e-05 1.9482001463 
56 999.051784923 1.03756604346e-05 1.94820470124 
57 999.05178312 8.47250870965e-06 1.94820840734 
58 999.051781654 6.92522185023e-06 1.94821142045 
59 999.051780438 5.64119456972e-06 1.9482139209 
60 999.051779437 4.58501729851e-06 1.94821597765 
61 999.051778621 3.72363180215e-06 1.94821765507 
62 999.051777909 2.97200996153e-06 1.94821911874 
63 999.051777401 2.43581641829e-06 1.94822016289 
64 999.05177697 1.98018260883e-06 1.94822105017 
65 999.05177661 1.60032271178e-06 1.94822178989 
66 999.051776315 1.28908910541e-06 1.94822239597 
67 999.051776085 1.04628606925e-06 1.94822286879 
68 999.051775902 8.5301292403e-07 1.94822324516 
69 999.051775753 6.9574028972e-07 1.94822355143 
70 999.051775637 5.73698168248e-07 1.94822378909 
