Time S I R
0  1000 1 0
1 999.824740215 0.825279052088 0.349980732508 
2 999.680126594 0.681063856455 0.638809549116 
3 999.56080115 0.562035701827 0.87716314816 
4 999.462340563 0.463799013231 1.07386042364 
5 999.381100907 0.382729436522 1.2361696565 
6 999.314064524 0.31582351468 1.37011196161 
7 999.258751424 0.260611279753 1.48063729578 
8 999.213110482 0.215048962357 1.5718405556 
9 999.175450632 0.177450851585 1.64709851604 
10 999.144376203 0.146425229578 1.70919856734 
11 999.118735834 0.12082367612 1.76044048978 
12 999.097579016 0.0996978965882 1.80272308756 
13 999.08012177 0.0822655877448 1.83761264241 
14 999.065717207 0.0678811422457 1.86640165104 
15 999.053831499 0.0560117222721 1.8901567783 
16 999.044024194 0.0462176433706 1.90975816259 
17 999.035931913 0.038136130523 1.92593195676 
18 999.029254743 0.0314677467836 1.93927751065 
19 999.02374512 0.0259653069356 1.95028957338 
20 999.019198901 0.0214249691644 1.95937613032 
21 999.015447658 0.0176785481526 1.96687379422 
22 999.01235239 0.0145872380873 1.97306037181 
23 999.009798379 0.0120364777336 1.97816514353 
24 999.007690971 0.00993174223843 1.98237728726 
25 999.005952114 0.00819508407 1.98585280219 
26 999.004517402 0.00676218205511 1.9887204156 
27 999.00333344 0.00557970940972 1.99108685102 
28 999.002356476 0.00460397383199 1.99303954967 
29 999.001550389 0.00379889725666 1.99465071417 
30 999.000885241 0.00313458354474 1.99598017516 
31 999.000336443 0.00258647193031 1.99707708547 
32 998.999883575 0.00213417107101 1.99798225372 
33 998.999509897 0.00176096028558 1.99872914245 
34 998.999201584 0.00145303250304 1.99934538324 
35 998.998947181 0.00119894692237 1.99985387213 
36 998.998737291 0.000989319178713 2.00027338966 
37 998.998564059 0.000816303382691 2.00061963746 
38 998.998421124 0.000673546888018 2.00090532879 
39 998.998303185 0.000555754415469 2.00114106087 
40 998.998205876 0.00045856689529 2.00133555728 
41 998.998125591 0.000378381807791 2.00149602758 
42 998.998059336 0.000312210145795 2.00162845352 
43 998.998004669 0.00025761052912 2.00173772091 
44 998.997959556 0.000212554703828 2.00182788881 
45 998.997922344 0.000175388140616 2.00190226833 
46 998.997891639 0.000144721635825 2.00196363961 
47 998.997866311 0.000119425928072 2.0020142626 
48 998.997845389 9.85297613866e-05 2.00205608101 
49 998.997828097 8.12593305102e-05 2.00209064343 
50 998.997813843 6.70228843931e-05 2.00211913409 
51 998.9978021 5.52940653129e-05 2.00214260636 
52 998.997792416 4.56222719418e-05 2.00216196202 
53 998.997784452 3.76682588429e-05 2.00217787997 
54 998.997777874 3.10986782257e-05 2.00219102733 
55 998.997772416 2.56477823213e-05 2.00220193592 
56 998.997767951 2.11879277105e-05 2.0022108612 
57 998.997764244 1.7485633704e-05 2.00221827041 
58 998.997761191 1.44365617235e-05 2.00222437236 
59 998.997758679 1.19275071893e-05 2.0022293936 
60 998.997756607 9.85791084142e-06 2.00223353537 
61 998.997754903 8.15585909323e-06 2.0022369416 
62 998.997753495 6.74969007994e-06 2.00223975569 
63 998.997752309 5.56526335695e-06 2.00224212602 
64 998.997751324 4.58221627874e-06 2.00224409334 
65 998.997750511 3.76995483226e-06 2.00224571888 
66 998.997749785 3.04506777659e-06 2.00224716956 
67 998.997749269 2.52928315521e-06 2.00224820177 
68 998.997748824 2.08503030169e-06 2.00224909083 
69 998.997748449 1.70988390591e-06 2.00224984159 
70 998.997748134 1.39617633684e-06 2.0022504694 
