Time S I R
0  10000 1 0
1 9997.44469409 2.73872509894 0.816580815322 
2 9990.45205704 7.49570759868 3.05223535923 
3 9971.3557425 20.4786527181 9.16560478509 
4 9919.49542368 55.6774872454 25.8270890734 
5 9780.76356025 149.406250825 70.8301889287 
6 9424.09027657 387.382335758 189.527387667 
7 8593.07113895 923.441171767 484.48768928 
8 7027.71492466 1846.25592839 1127.02914695 
9 4962.68644416 2799.62039886 2238.69315698 
10 3162.23680891 3160.09145614 3678.67173495 
11 2011.99624842 2865.60401555 5123.39973603 
12 1372.42476154 2282.83987312 6345.73536534 
13 1023.30970131 1694.03523037 7283.65506832 
14 826.646318148 1208.77236179 7965.58132006 
15 711.124107608 843.319233666 8446.55665873 
16 640.690455726 580.490693225 8779.81885105 
17 596.485322285 396.264298735 9008.25037898 
18 568.147770394 269.081061302 9163.7711683 
19 549.707866715 182.096416197 9269.19571709 
20 537.583151171 122.956539366 9340.46030946 
21 529.553683269 82.9016492003 9388.54466753 
22 524.210333083 55.840666845 9420.94900007 
23 520.642760094 37.5885306725 9442.76870923 
24 518.255490851 25.2913006406 9457.45320851 
25 516.655620431 17.0121953806 9467.33218419 
26 515.582352599 11.4410195622 9473.97662784 
27 514.861862001 7.69329228674 9478.44484571 
28 514.377969649 5.17275014914 9481.4492802 
29 514.052879583 3.47780372543 9483.46931669 
30 513.834431097 2.33814458267 9484.82742432 
31 513.687621263 1.5719041394 9485.7404746 
32 513.588947419 1.056751827 9486.35430075 
33 513.522622521 0.710419257172 9486.76695822 
34 513.47803948 0.477587442534 9487.04437308 
35 513.448070276 0.32106183078 9487.23086789 
36 513.427924268 0.215835492578 9487.35624024 
37 513.414381451 0.145096076689 9487.44052247 
38 513.40527747 0.097541189384 9487.49718134 
39 513.399157391 0.065572222612 9487.53527039 
40 513.395043201 0.0440810047589 9487.56087579 
41 513.39227745 0.0296334862954 9487.57808906 
42 513.390418181 0.0199211312954 9487.58966069 
43 513.38916829 0.0133919876791 9487.59743972 
44 513.388328053 0.0090027685886 9487.60266918 
45 513.387763203 0.00605211190199 9487.60618469 
46 513.387383481 0.0040685226782 9487.608548 
47 513.387128232 0.00273515370552 9487.61013661 
48 513.386956626 0.00183871461135 9487.61120466 
49 513.38684126 0.00123606527163 9487.61192267 
50 513.38676371 0.000830958870773 9487.61240533 
51 513.386711561 0.00055854542055 9487.61272989 
52 513.386676505 0.000375417040559 9487.61294808 
53 513.386652953 0.000252388542676 9487.61309466 
54 513.386637119 0.000169670991841 9487.61319321 
55 513.386626464 0.000114013427965 9487.61325952 
56 513.386619319 7.66915552549e-05 9487.61330399 
57 513.386614519 5.16166732158e-05 9487.61333386 
58 513.386611285 3.47221914667e-05 9487.61335399 
59 513.386609108 2.33462959321e-05 9487.61336755 
60 513.386607647 1.57190881887e-05 9487.61337663 
61 513.386606668 1.06041432076e-05 9487.61338273 
62 513.386606008 7.15628267046e-06 9487.61338684 
63 513.386605556 4.79561851436e-06 9487.61338965 
64 513.386605238 3.13318353225e-06 9487.61339163 
65 513.386605046 2.12940187697e-06 9487.61339282 
66 513.386604908 1.40922077035e-06 9487.61339368 
67 513.386604818 9.40133020992e-07 9487.61339424 
68 513.38660476 6.34625444376e-07 9487.61339461 
69 513.386604722 4.37452463066e-07 9487.61339484 
70 513.386604696 3.02010387658e-07 9487.613395 
