Time S I R
0  10000 1 0
1 9954.13238769 45.6270884211 1.24052389002 
2 8228.84629968 1719.55191684 52.601783478 
3 976.702235981 8396.61565412 627.682109902 
4 32.7697549959 8424.52913992 1543.70110508 
5 1.40340060106 7605.7246489 2393.8719505 
6 0.0828345025257 6841.52356769 3159.3935978 
7 0.00633873900733 6153.07725197 3847.91640929 
8 0.000509944033183 5533.84928978 4467.15020027 
9 0 4976.93324657 5024.06675343 
10 0 4476.06410147 5524.93589853 
11 0 4025.6017384 5975.3982616 
12 0 3620.47368652 6380.52631348 
13 0 3256.11626368 6744.88373632 
14 0 2928.42500152 7072.57499848 
15 0 2633.71356758 7367.28643242 
16 0 2368.66126557 7632.33873443 
17 0 2130.28305098 7870.71694902 
18 0 1915.89470293 8085.10529707 
19 0 1723.08570184 8277.91429816 
20 0 1549.67756536 8451.32243464 
21 0 1393.72077974 8607.27922026 
22 0 1253.45974474 8747.54025526 
23 0 1127.3140287 8873.6859713 
24 0 1013.86336667 8987.13663333 
25 0 911.830210687 9089.16978931 
26 0 820.065440054 9180.93455995 
27 0 737.535793711 9263.46420629 
28 0 663.311729345 9337.68827066 
29 0 596.557443238 9404.44255676 
30 0 536.521162778 9464.47883722 
31 0 482.526776168 9518.47322383 
32 0 433.966297383 9567.03370262 
33 0 390.292857479 9610.70714252 
34 0 351.014587168 9649.98541283 
35 0 315.689205448 9685.31079455 
36 0 283.918880938 9717.08111906 
37 0 255.345781026 9745.65421897 
38 0 229.648179639 9771.35182036 
39 0 206.536812405 9794.4631876 
40 0 185.75135226 9815.24864774 
41 0 167.05769724 9833.94230276 
42 0 150.245332523 9850.75466748 
43 0 135.124928987 9865.87507101 
44 0 121.526219645 9879.47378035 
45 0 109.296057187 9891.70394281 
46 0 98.2967093302 9902.70329067 
47 0 88.4043013332 9912.59569867 
48 0 79.5074370746 9921.49256293 
49 0 71.5059606555 9929.49403934 
50 0 64.3097307831 9936.69026922 
51 0 57.8377252337 9943.16227477 
52 0 52.0170376041 9948.9829624 
53 0 46.7821430241 9954.21785698 
54 0 42.0740681587 9958.92593184 
55 0 37.8398172304 9963.16018277 
56 0 34.0316862283 9966.96831377 
57 0 30.6068039989 9970.393196 
58 0 27.5265876912 9973.47341231 
59 0 24.7563654421 9976.24363456 
60 0 22.2649282223 9978.73507178 
61 0 20.024229546 9980.97577045 
62 0 18.0090266726 9982.99097333 
63 0 16.1966331978 9984.8033668 
64 0 14.5666323141 9986.43336769 
65 0 13.1006745067 9987.89932549 
66 0 11.7822461131 9989.21775389 
67 0 10.5965035829 9990.40349642 
68 0 9.53009046016 9991.46990954 
69 0 8.5710002776 9992.42899972 
70 0 7.70843024381 9993.29156976 
