Time S I R
0  1000 1 0
1 999.858883094 0.522921187432 0.618195718269 
2 999.785098862 0.273441535091 0.941459602925 
3 999.746518592 0.142984215302 1.11049719303 
4 999.726345437 0.0747670691431 1.19888749416 
5 999.715796978 0.0390958984871 1.24510712326 
6 999.710281245 0.020443438891 1.26927531565 
7 999.70739705 0.0106899523014 1.28191299738 
8 999.705888934 0.00558993926419 1.28852112659 
9 999.705100277 0.00292292508285 1.29197679783 
10 999.704687899 0.0015283790838 1.29378372172 
11 999.704472276 0.000799202155379 1.29472852174 
12 999.704359516 0.000417878905007 1.29522260512 
13 999.704300558 0.000218499951387 1.2954809419 
14 999.704269732 0.000114255665496 1.295616012 
15 999.704253597 5.96897639385e-05 1.29568671344 
16 999.704245179 3.12231729711e-05 1.29572359781 
17 999.70424078 1.63471174307e-05 1.29574287283 
18 999.704238482 8.57582139859e-06 1.29575294215 
19 999.704237279 4.50685674787e-06 1.29575821434 
20 999.704236628 2.30610534564e-06 1.29576106587 
21 999.704236298 1.18900650312e-06 1.2957625133 
22 999.704236129 6.17160773345e-07 1.29576325425 
23 999.704236045 3.34480180124e-07 1.29576362052 
24 999.704236 1.81404352754e-07 1.29576381886 
25 999.704235975 9.68250411588e-08 1.29576392845 
26 999.704235961 5.15958577006e-08 1.29576398705 
27 999.704235953 2.36075913932e-08 1.29576402332 
28 999.704235945 -4.46459004693e-09 1.29576405969 
29 999.704235939 -2.24374631565e-08 1.29576408298 
30 999.704235937 -3.03110279357e-08 1.29576409318 
31 999.704235938 -2.80852843843e-08 1.2957640903 
32 999.704235939 -2.27394105663e-08 1.29576408337 
33 999.704235939 -2.50999348284e-08 1.29576408643 
34 999.704235939 -2.48639096389e-08 1.29576408612 
35 999.70423594 -2.20313349976e-08 1.29576408245 
36 999.704235941 -1.66022109046e-08 1.29576407542 
37 999.704235943 -1.20094443922e-08 1.29576406947 
38 999.704235943 -1.00029037528e-08 1.29576406687 
39 999.704235944 -7.99636311338e-09 1.29576406427 
40 999.704235944 -5.98982247396e-09 1.29576406167 
41 999.704235945 -3.98328183454e-09 1.29576405907 
42 999.704235945 -3.06063334629e-09 1.29576405787 
43 999.704235945 -2.99938411201e-09 1.29576405779 
44 999.704235945 -2.93813487772e-09 1.29576405771 
45 999.704235945 -2.87688564344e-09 1.29576405763 
46 999.704235945 -2.81563640916e-09 1.29576405755 
47 999.704235945 -2.75438717488e-09 1.29576405748 
48 999.704235945 -2.6931379406e-09 1.2957640574 
49 999.704235945 -2.63188870632e-09 1.29576405732 
50 999.704235945 -2.57063947203e-09 1.29576405724 
51 999.704235945 -2.50939023775e-09 1.29576405716 
52 999.704235945 -2.44814100347e-09 1.29576405708 
53 999.704235945 -2.38689176919e-09 1.295764057 
54 999.704235945 -2.32564253491e-09 1.29576405692 
55 999.704235945 -2.26439330063e-09 1.29576405684 
56 999.704235945 -2.20314406634e-09 1.29576405676 
57 999.704235945 -2.14189483206e-09 1.29576405668 
58 999.704235945 -2.08064559778e-09 1.2957640566 
59 999.704235945 -2.0193963635e-09 1.29576405652 
60 999.704235946 -1.95814712922e-09 1.29576405644 
61 999.704235946 -1.89689789494e-09 1.29576405636 
62 999.704235946 -1.83564866065e-09 1.29576405628 
63 999.704235946 -1.77439942637e-09 1.29576405621 
64 999.704235946 -1.71315019209e-09 1.29576405613 
65 999.704235946 -1.65190095781e-09 1.29576405605 
66 999.704235946 -1.59065172353e-09 1.29576405597 
67 999.704235946 -1.52940248925e-09 1.29576405589 
68 999.704235946 -1.46815325496e-09 1.29576405581 
69 999.704235946 -1.40690402068e-09 1.29576405573 
70 999.704235946 -1.3456547864e-09 1.29576405565 
