Time S I R
0  10000 1 0
1 9939.65535075 60.5631042295 0.781545015551 
2 7271.89325814 2687.97253088 41.1342109732 
3 440.31144627 9157.45753464 403.231019093 
4 9.41173033915 9091.81746322 899.770806441 
5 0.235593978436 8624.79638275 1375.96802327 
6 0.00715017892253 8173.62584121 1827.36700861 
7 0 7745.85722968 2255.14277032 
8 0 7340.46844105 2660.53155895 
9 0 6956.29620039 3044.70379961 
10 0 6592.23034317 3408.76965683 
11 0 6247.2177407 3753.7822593 
12 0 5920.26058995 4080.73941005 
13 0 5610.41628628 4390.58371372 
14 0 5316.78810748 4684.21189252 
15 0 5038.52732766 4962.47267234 
16 0 4774.8294777 5226.1705223 
17 0 4524.93262164 5476.06737836 
18 0 4288.11348558 5712.88651442 
19 0 4063.68878358 5937.31121642 
20 0 3851.01144963 6149.98855037 
21 0 3649.46660545 6351.53339455 
22 0 3458.46901463 6542.53098537 
23 0 3277.46530092 6723.53469908 
24 0 3105.93440728 6895.06559272 
25 0 2943.38161113 7057.61838887 
26 0 2789.33654293 7211.66345707 
27 0 2643.35332751 7357.64667249 
28 0 2505.01031409 7495.98968591 
29 0 2373.90757671 7627.09242329 
30 0 2249.66626148 7751.33373852 
31 0 2131.92727268 7869.07272732 
32 0 2020.35032051 7980.64967949 
33 0 1914.61291445 8086.38708555 
34 0 1814.40934005 8186.59065995 
35 0 1719.4500827 8281.5499173 
36 0 1629.4605969 8371.5394031 
37 0 1544.18090132 8456.81909868 
38 0 1463.36443001 8537.63556999 
39 0 1386.77742964 8614.22257036 
40 0 1314.19853788 8686.80146212 
41 0 1245.41811223 8755.58188777 
42 0 1180.23760129 8820.76239871 
43 0 1118.46836228 8882.53163772 
44 0 1059.93189159 8941.06810841 
45 0 1004.459086 8996.540914 
46 0 951.889506278 9049.11049372 
47 0 902.071207558 9098.92879244 
48 0 854.860214101 9146.1397859 
49 0 810.120040163 9190.87995984 
50 0 767.721394706 9233.27860529 
51 0 727.541762044 9273.45823796 
52 0 689.464976064 9311.53502394 
53 0 653.38098429 9347.61901571 
54 0 619.185494818 9381.81450518 
55 0 586.779656793 9414.22034321 
56 0 556.069816896 9444.9301831 
57 0 526.967209358 9474.03279064 
58 0 499.387673727 9501.61232627 
59 0 473.251510736 9527.74848926 
60 0 448.483242328 9552.51675767 
61 0 425.011325084 9575.98867492 
62 0 402.767816245 9598.23218375 
63 0 381.688426056 9619.31157394 
64 0 361.712264033 9639.28773597 
65 0 342.781626855 9658.21837315 
66 0 324.841724465 9676.15827553 
67 0 307.840702163 9693.15929784 
68 0 291.729450864 9709.27054914 
69 0 276.461441623 9724.53855838 
70 0 261.992483299 9739.0075167 
