Time S I R
0  1000 1 0
1 999.937765436 0.513017206051 0.549217357914 
2 999.905839659 0.263186104894 0.830974235811 
3 999.889461624 0.13501838072 0.975519995707 
4 999.881059578 0.0692665318646 1.04967389029 
5 999.876749223 0.0355347692459 1.08771600745 
6 999.874537973 0.0182300085495 1.10723201872 
7 999.873403554 0.00935228121952 1.11724416466 
8 999.872821596 0.00479799278319 1.12238041112 
9 999.87252302 0.0024613910958 1.12501558928 
10 999.872369848 0.00126270066364 1.12636745117 
11 999.872291273 0.000647783030176 1.1270609444 
12 999.87225096 0.00033230376469 1.12741673633 
13 999.87223028 0.000170464894031 1.12759925534 
14 999.872219673 8.74614736109e-05 1.12769286513 
15 999.872214224 4.48167447024e-05 1.1277409591 
16 999.872211439 2.30213567131e-05 1.12776553955 
17 999.872210008 1.18232600251e-05 1.12777816857 
18 999.872209278 6.10641671484e-06 1.12778461592 
19 999.872208896 3.12347522768e-06 1.12778798003 
20 999.872208699 1.57457845366e-06 1.12778972685 
21 999.872208598 7.90089486728e-07 1.12779061158 
22 999.87220855 4.13930469388e-07 1.12779103581 
23 999.872208526 2.21241696157e-07 1.12779125312 
24 999.872208512 1.16325776387e-07 1.12779137144 
25 999.872208505 6.06514949022e-08 1.12779143423 
26 999.872208501 3.18512391079e-08 1.12779146671 
27 999.872208498 1.97556793766e-09 1.12779150041 
28 999.872208495 -1.86053829663e-08 1.12779152362 
29 999.872208494 -2.90119236239e-08 1.12779153535 
30 999.872208494 -2.92440540353e-08 1.12779153561 
31 999.872208495 -2.13324242628e-08 1.12779152669 
32 999.872208494 -2.4190584269e-08 1.12779152991 
33 999.872208494 -2.44657945908e-08 1.12779153023 
34 999.872208495 -2.2158055228e-08 1.12779152762 
35 999.872208495 -1.72673661807e-08 1.12779152211 
36 999.872208496 -1.17484712769e-08 1.12779151588 
37 999.872208496 -9.81070163642e-09 1.1277915137 
38 999.872208496 -7.87293199595e-09 1.12779151151 
39 999.872208497 -5.93516235548e-09 1.12779150933 
40 999.872208497 -3.99739271501e-09 1.12779150714 
41 999.872208497 -2.87787595041e-09 1.12779150588 
42 999.872208497 -2.81965132124e-09 1.12779150581 
43 999.872208497 -2.76142669206e-09 1.12779150575 
44 999.872208497 -2.70320206289e-09 1.12779150568 
45 999.872208497 -2.64497743372e-09 1.12779150562 
46 999.872208497 -2.58675280455e-09 1.12779150555 
47 999.872208497 -2.52852817538e-09 1.12779150548 
48 999.872208497 -2.47030354621e-09 1.12779150542 
49 999.872208497 -2.41207891704e-09 1.12779150535 
50 999.872208497 -2.35385428787e-09 1.12779150529 
51 999.872208497 -2.2956296587e-09 1.12779150522 
52 999.872208497 -2.23740502953e-09 1.12779150516 
53 999.872208497 -2.17918040036e-09 1.12779150509 
54 999.872208497 -2.12095577119e-09 1.12779150503 
55 999.872208497 -2.06273114202e-09 1.12779150496 
56 999.872208497 -2.00450651285e-09 1.12779150489 
57 999.872208497 -1.94628188367e-09 1.12779150483 
58 999.872208497 -1.8880572545e-09 1.12779150476 
59 999.872208497 -1.82983262533e-09 1.1277915047 
60 999.872208497 -1.77160799616e-09 1.12779150463 
61 999.872208497 -1.71338336699e-09 1.12779150457 
62 999.872208497 -1.65515873782e-09 1.1277915045 
63 999.872208497 -1.59693410865e-09 1.12779150443 
64 999.872208497 -1.53870947948e-09 1.12779150437 
65 999.872208497 -1.48048485031e-09 1.1277915043 
66 999.872208497 -1.42226022114e-09 1.12779150424 
67 999.872208497 -1.36403559197e-09 1.12779150417 
68 999.872208497 -1.3058109628e-09 1.12779150411 
69 999.872208497 -1.24758633363e-09 1.12779150404 
70 999.872208497 -1.18936170445e-09 1.12779150397 
