Time S I R
0  1000 1 0
1 999.946415847 0.94633944252 0.107244710222 
2 999.895710653 0.895556650347 0.208732696421 
3 999.847728241 0.847496071176 0.304775688195 
4 999.802323037 0.80201265455 0.395664308632 
5 999.759356488 0.758968293798 0.481675218449 
6 999.71869763 0.718232400875 0.563069968741 
7 999.680222617 0.679681440738 0.640095942662 
8 999.643814208 0.643198433918 0.712987358475 
9 999.609361328 0.608672518456 0.781966153516 
10 999.576758956 0.575998843475 0.847242200926 
11 999.545907636 0.54507809143 0.909014272368 
12 999.516713059 0.515816059654 0.967470881156 
13 999.489086401 0.488123998863 1.02278960054 
14 999.462943836 0.461918133888 1.07513803024 
15 999.438205973 0.437119102175 1.12467492472 
16 999.414797335 0.413651440428 1.17155122451 
17 999.39264623 0.391443465503 1.21591030407 
18 999.371684286 0.370426810209 1.25788890417 
19 999.351847602 0.350537554868 1.29761484333 
20 999.333076216 0.331715697167 1.33520808703 
21 999.3153133 0.313904366489 1.3707823331 
22 999.298504664 0.297049329695 1.40444600583 
23 999.282598912 0.281099146376 1.43630194138 
24 999.267547355 0.266005080041 1.46644756513 
25 999.25330423 0.251721311594 1.49497445844 
26 999.239826108 0.238204354715 1.52196953707 
27 999.227071864 0.225413025868 1.54751511027 
28 999.215002671 0.213308439752 1.57168888923 
29 999.203581732 0.201853739975 1.59456452771 
30 999.192774233 0.191014052017 1.61621171538 
31 999.182547241 0.180756385068 1.63669637408 
32 999.172869532 0.171049456043 1.65608101156 
33 999.163711612 0.16186371146 1.67442467675 
34 999.155045583 0.153171198565 1.69178321806 
35 999.146845004 0.144945418855 1.70820957697 
36 999.139084924 0.137161366794 1.72375370965 
37 999.131741692 0.129795340126 1.73846296744 
38 999.124792867 0.122824843585 1.75238228981 
39 999.118217192 0.116228573423 1.7655542348 
40 999.111994729 0.10998654124 1.77801873003 
41 999.106106508 0.104079730915 1.78981376093 
42 999.100534525 0.0984900923912 1.80097538278 
43 999.095261776 0.093200579367 1.8115376448 
44 999.090272265 0.0881951534843 1.82153258147 
45 999.085550765 0.0834585472842 1.83099068753 
46 999.081082828 0.0789762741297 1.83994089786 
47 999.07685486 0.0747347028602 1.84841043762 
48 999.072854008 0.0707209465588 1.85642504499 
49 999.069068054 0.0669227506184 1.8640091952 
50 999.065485408 0.0633284940151 1.87118609788 
51 999.062095196 0.0599272711258 1.87797753303 
52 999.058887095 0.0567087299289 1.88440417493 
53 999.055851302 0.0536630376882 1.89048566068 
54 999.052978535 0.0507808867774 1.89624057847 
55 999.050260082 0.0480535392385 1.90168637829 
56 999.047687655 0.0454726803826 1.90683966487 
57 999.045253383 0.043030418247 1.91171619863 
58 999.042949855 0.0407193175923 1.91633082768 
59 999.040770093 0.0385323809461 1.9206975256 
60 999.038707441 0.0364629294359 1.92482962986 
61 999.036755568 0.0345046156335 1.928739816 
62 999.034908463 0.0326514082031 1.93244012832 
63 999.033160562 0.0308977254373 1.93594171277 
64 999.031506564 0.0292382514009 1.93925518464 
65 999.029941416 0.0276679161772 1.94239066796 
66 999.028460314 0.026181901703 1.94535778384 
67 999.027058729 0.0247756628997 1.94816560818 
68 999.025732444 0.0234449708431 1.95082258536 
69 999.024477415 0.0221857690627 1.95333681547 
70 999.023289802 0.020994203051 1.95571599529 
