Time S I R
0  1000 1 0
1 999.961130451 0.468586863236 0.570282686034 
2 999.942917303 0.219574394246 0.837508302647 
3 999.934382934 0.10288973507 0.962727331361 
4 999.93038387 0.0482128768466 1.0214032532 
5 999.928509976 0.0225921425949 1.0488978812 
6 999.927631883 0.010586430518 1.0617816866 
7 999.927220427 0.00496080281925 1.06781877034 
8 999.927027611 0.00232453174993 1.0706478571 
9 999.926937261 0.00108921893559 1.07197352013 
10 999.926894925 0.000510378816234 1.07259469635 
11 999.926875087 0.000239147214327 1.0728857657 
12 999.926865792 0.000112058905594 1.07302214919 
13 999.926861433 5.24598199338e-05 1.07308610733 
14 999.926859396 2.46045487507e-05 1.07311599992 
15 999.92685844 1.15450355372e-05 1.0731300146 
16 999.926857995 5.45453918919e-06 1.07313655055 
17 999.926857777 2.48057093651e-06 1.07313974203 
18 999.926857681 1.15751514404e-06 1.07314116186 
19 999.926857635 5.37938093614e-07 1.07314182675 
20 999.926857615 2.64412477697e-07 1.07314212028 
21 999.926857605 1.28299057106e-07 1.07314226635 
22 999.9268576 6.11959643396e-08 1.07314233836 
23 999.926857598 2.88796359133e-08 1.07314237304 
24 999.926857596 -3.70950457432e-09 1.07314240801 
25 999.926857594 -2.34281912268e-08 1.07314242917 
26 999.926857594 -3.02764240441e-08 1.07314243652 
27 999.926857594 -2.42542030263e-08 1.07314243006 
28 999.926857594 -2.3473742091e-08 1.07314242922 
29 999.926857594 -2.43265651743e-08 1.07314243014 
30 999.926857594 -2.19279148845e-08 1.07314242756 
31 999.926857595 -1.62777912216e-08 1.0731424215 
32 999.926857595 -1.10386356301e-08 1.07314241588 
33 999.926857595 -8.89163136469e-09 1.07314241357 
34 999.926857595 -6.74462709925e-09 1.07314241127 
35 999.926857596 -4.59762283382e-09 1.07314240897 
36 999.926857596 -2.82092331398e-09 1.07314240706 
37 999.926857596 -2.75680184275e-09 1.07314240699 
38 999.926857596 -2.69268037153e-09 1.07314240692 
39 999.926857596 -2.6285589003e-09 1.07314240685 
40 999.926857596 -2.56443742907e-09 1.07314240678 
41 999.926857596 -2.50031595784e-09 1.07314240672 
42 999.926857596 -2.43619448662e-09 1.07314240665 
43 999.926857596 -2.37207301539e-09 1.07314240658 
44 999.926857596 -2.30795154416e-09 1.07314240651 
45 999.926857596 -2.24383007293e-09 1.07314240644 
46 999.926857596 -2.17970860171e-09 1.07314240637 
47 999.926857596 -2.11558713048e-09 1.0731424063 
48 999.926857596 -2.05146565925e-09 1.07314240623 
49 999.926857596 -1.98734418802e-09 1.07314240617 
50 999.926857596 -1.92322271679e-09 1.0731424061 
51 999.926857596 -1.85910124557e-09 1.07314240603 
52 999.926857596 -1.79497977434e-09 1.07314240596 
53 999.926857596 -1.73085830311e-09 1.07314240589 
54 999.926857596 -1.66673683188e-09 1.07314240582 
55 999.926857596 -1.60261536066e-09 1.07314240575 
56 999.926857596 -1.53849388943e-09 1.07314240568 
57 999.926857596 -1.4743724182e-09 1.07314240561 
58 999.926857596 -1.41025094697e-09 1.07314240555 
59 999.926857596 -1.34612947575e-09 1.07314240548 
60 999.926857596 -1.28200800452e-09 1.07314240541 
61 999.926857596 -1.21788653329e-09 1.07314240534 
62 999.926857596 -1.15376506206e-09 1.07314240527 
63 999.926857596 -1.08964359084e-09 1.0731424052 
64 999.926857596 -1.02552211961e-09 1.07314240513 
65 999.926857596 -9.6140064838e-10 1.07314240506 
66 999.926857596 -8.97279177152e-10 1.073142405 
67 999.926857596 -8.33157705925e-10 1.07314240493 
68 999.926857596 -7.69036234697e-10 1.07314240486 
69 999.926857596 -7.04914763469e-10 1.07314240479 
70 999.926857596 -6.40793292242e-10 1.07314240472 
