Time S I R
0  1000 1 0
1 999.97509059 0.391880058083 0.633029352151 
2 999.965329321 0.153571339232 0.88109934025 
3 999.961504061 0.06018193299 0.978314006013 
4 999.96000502 0.0235844284918 1.01641055168 
5 999.959417566 0.00924235041162 1.03134008353 
6 999.959187355 0.00362197331691 1.03719067206 
7 999.959097135 0.00141935127016 1.0394835138 
8 999.959061781 0.000556209727166 1.04038200973 
9 999.959047926 0.000217953428786 1.04073412105 
10 999.959042497 8.54185843693e-05 1.04087208454 
11 999.959040368 3.34362207808e-05 1.04092619611 
12 999.959039536 1.31286930654e-05 1.04094733543 
13 999.959039211 5.19189838418e-06 1.04095559732 
14 999.95903908 1.9925259063e-06 1.04095892774 
15 999.959039029 7.62597836443e-07 1.04096020805 
16 999.959039011 3.09811377921e-07 1.04096067938 
17 999.959039003 1.27413527787e-07 1.04096086925 
18 999.959039 5.11588478538e-08 1.04096094863 
19 999.959038999 1.19454547856e-08 1.04096098945 
20 999.959038997 -1.88021203752e-08 1.04096102145 
21 999.959038997 -3.01372958863e-08 1.04096103325 
22 999.959038997 -2.20600717478e-08 1.04096102484 
23 999.959038997 -2.40392293977e-08 1.0409610269 
24 999.959038997 -2.30660492069e-08 1.04096102589 
25 999.959038997 -1.72040682765e-08 1.04096101979 
26 999.959038998 -1.07294902556e-08 1.04096101305 
27 999.959038998 -8.11808456934e-09 1.04096101033 
28 999.959038998 -5.50667888308e-09 1.04096100761 
29 999.959038998 -2.89527319683e-09 1.04096100489 
30 999.959038998 -2.71310175931e-09 1.0409610047 
31 999.959038998 -2.63541384744e-09 1.04096100462 
32 999.959038998 -2.55772593558e-09 1.04096100454 
33 999.959038998 -2.48003802372e-09 1.04096100446 
34 999.959038998 -2.40235011186e-09 1.04096100438 
35 999.959038998 -2.3246622e-09 1.0409610043 
36 999.959038998 -2.24697428814e-09 1.04096100422 
37 999.959038998 -2.16928637627e-09 1.04096100414 
38 999.959038998 -2.09159846441e-09 1.04096100406 
39 999.959038998 -2.01391055255e-09 1.04096100398 
40 999.959038998 -1.93622264069e-09 1.0409610039 
41 999.959038998 -1.85853472883e-09 1.04096100381 
42 999.959038998 -1.78084681696e-09 1.04096100373 
43 999.959038998 -1.7031589051e-09 1.04096100365 
44 999.959038998 -1.62547099324e-09 1.04096100357 
45 999.959038998 -1.54778308138e-09 1.04096100349 
46 999.959038998 -1.47009516952e-09 1.04096100341 
47 999.959038998 -1.39240725766e-09 1.04096100333 
48 999.959038998 -1.31471934579e-09 1.04096100325 
49 999.959038998 -1.23703143393e-09 1.04096100317 
50 999.959038998 -1.15934352207e-09 1.04096100309 
51 999.959038998 -1.08165561021e-09 1.04096100301 
52 999.959038998 -1.00396769835e-09 1.04096100293 
53 999.959038998 -9.26279786484e-10 1.04096100284 
54 999.959038998 -8.48591874622e-10 1.04096100276 
55 999.959038998 -7.7090396276e-10 1.04096100268 
56 999.959038998 -6.93216050898e-10 1.0409610026 
57 999.959038998 -6.15528139036e-10 1.04096100252 
58 999.959038998 -5.37840227175e-10 1.04096100244 
59 999.959038998 -4.60152315313e-10 1.04096100236 
60 999.959038998 -3.82464403451e-10 1.04096100228 
61 999.959038998 -3.04776491589e-10 1.0409610022 
62 999.959038998 -2.27088579727e-10 1.04096100212 
63 999.959038998 -1.49400667865e-10 1.04096100204 
64 999.959038998 -8.25952872257e-11 1.04096100197 
65 999.959038998 -8.02841198425e-11 1.04096100196 
66 999.959038998 -7.79729524593e-11 1.04096100196 
67 999.959038998 -7.56617850761e-11 1.04096100196 
68 999.959038998 -7.33506176929e-11 1.04096100196 
69 999.959038998 -7.10394503097e-11 1.04096100195 
70 999.959038998 -6.87282829265e-11 1.04096100195 
