Time S I R
0  1000 1 0
1 999.838730523 0.742467120716 0.418802355962 
2 999.719011109 0.551242278377 0.729746612331 
3 999.630135787 0.409259855065 0.960604357714 
4 999.564158241 0.303844392352 1.131997367 
5 999.515177822 0.22557873848 1.25924343947 
6 999.478815582 0.167471600069 1.35371281836 
7 999.451820943 0.124331737897 1.42384731912 
8 999.431780561 0.0923041776732 1.47591526147 
9 999.416902785 0.068526567803 1.51457064723 
10 999.405857711 0.0508739961303 1.54326829324 
11 999.397657948 0.0377686833388 1.56457336821 
12 999.391570607 0.0280394451298 1.58038994758 
13 999.387051343 0.0208163608553 1.59213229623 
14 999.383696292 0.0154539899705 1.6008497182 
15 999.381205509 0.0114729579191 1.60732153329 
16 999.379356368 0.00851745511508 1.61212617729 
17 999.377983682 0.0063234707038 1.61569284731 
18 999.376964501 0.0046944949699 1.61834100405 
19 999.376207847 0.00348512002971 1.62030703249 
20 999.375646142 0.0025873342277 1.62176652338 
21 999.37522912 0.00192079812382 1.62285008147 
22 999.374919528 0.00142596853461 1.62365450374 
23 999.374689704 0.00105863554288 1.6242516604 
24 999.374519081 0.000785924076932 1.62469499507 
25 999.374392398 0.000583443792859 1.62502415806 
26 999.374298358 0.000433137149772 1.62526850471 
27 999.374228549 0.000321559703272 1.62544989107 
28 999.374176717 0.000238714091538 1.62558456939 
29 999.374138238 0.000177213604814 1.62568454792 
30 999.374109679 0.00013156577178 1.62575875551 
31 999.374088477 9.7679189409e-05 1.62581384337 
32 999.374072703 7.24661050958e-05 1.62585483113 
33 999.374061009 5.37763157247e-05 1.62588521426 
34 999.374052342 3.99232666821e-05 1.62590773453 
35 999.374045925 2.96670464978e-05 1.62592440759 
36 999.374041148 2.20310981447e-05 1.625936821 
37 999.374037603 1.6365580668e-05 1.62594603118 
38 999.374034974 1.21632407655e-05 1.62595286273 
39 999.374033027 9.05197930148e-06 1.62595792056 
40 999.374031587 6.75018854046e-06 1.62596166248 
41 999.3740305 5.01256220442e-06 1.62596448726 
42 999.374029684 3.70790073077e-06 1.62596660819 
43 999.374029051 2.69647590524e-06 1.62596825241 
44 999.374028622 2.01094452265e-06 1.62596936685 
45 999.374028289 1.47838539147e-06 1.62597023261 
46 999.374028041 1.08155010431e-06 1.62597087772 
47 999.374027867 8.03498775534e-07 1.62597132974 
48 999.374027739 5.98848091229e-07 1.62597166243 
49 999.374027648 4.53716702094e-07 1.62597189836 
50 999.374027578 3.42612564637e-07 1.62597207898 
51 999.374027526 2.59483380433e-07 1.62597221412 
52 999.374027486 1.95096088449e-07 1.62597231879 
53 999.374027456 1.4644707264e-07 1.62597239788 
54 999.374027433 1.09482195223e-07 1.62597245797 
55 999.374027415 8.19418034338e-08 1.62597250274 
56 999.374027402 6.13327488109e-08 1.62597253624 
57 999.374027393 4.60075589098e-08 1.62597256116 
58 999.374027385 3.36855607498e-08 1.62597258119 
59 999.374027375 1.73511070616e-08 1.62597260774 
60 999.374027366 3.37759678165e-09 1.62597263046 
61 999.374027359 -8.23497009002e-09 1.62597264934 
62 999.374027353 -1.74865935534e-08 1.62597266438 
63 999.374027349 -2.43772736085e-08 1.62597267558 
64 999.374027346 -2.89070102553e-08 1.62597268294 
65 999.374027345 -3.10758034938e-08 1.62597268647 
66 999.374027345 -3.0883653324e-08 1.62597268616 
67 999.374027346 -2.8330559746e-08 1.625972682 
68 999.374027349 -2.34165227596e-08 1.62597267402 
69 999.374027349 -2.37969858159e-08 1.62597267463 
70 999.374027348 -2.53763952509e-08 1.6259726772 
