Time S I R
0  1000 1 0
1 999.949022623 0.607569859285 0.443407518196 
2 999.918051593 0.36914001271 0.712808394499 
3 999.89923515 0.224277930427 0.87648691974 
4 999.887803003 0.136263802359 0.975933194215 
5 999.880857305 0.0827895088047 1.03635318633 
6 999.876637343 0.0503002070682 1.07306244982 
7 999.874073461 0.0305609158892 1.09536562295 
8 999.87251572 0.0185678569058 1.10891642357 
9 999.871569286 0.0112812483008 1.11714946608 
10 999.870994268 0.00685417237578 1.12215156001 
11 999.87064491 0.00416445596137 1.12519063446 
12 999.870432632 0.0025301272876 1.12703724041 
13 999.870303666 0.00153721046271 1.12815912373 
14 999.87022531 0.000933946908857 1.12884074307 
15 999.870177704 0.00056742942834 1.12925486622 
16 999.870148779 0.000344734894491 1.12950648576 
17 999.870131207 0.000209444033727 1.12965934907 
18 999.870120531 0.000127246640804 1.12975222279 
19 999.870114044 7.73087633638e-05 1.12980864693 
20 999.870110098 4.6924331911e-05 1.12984297788 
21 999.870107708 2.85280072434e-05 1.12986376364 
22 999.870106257 1.73507579686e-05 1.12987639267 
23 999.870105374 1.05549067878e-05 1.12988407121 
24 999.87010484 6.44625514933e-06 1.12988871352 
25 999.870104512 3.92003224401e-06 1.12989156786 
26 999.870104305 2.32732633584e-06 1.12989336744 
27 999.870104186 1.41300586307e-06 1.12989440052 
28 999.870104112 8.41932985691e-07 1.12989504576 
29 999.87010407 5.1418173612e-07 1.12989541608 
30 999.870104045 3.22283083188e-07 1.12989563291 
31 999.870104029 2.01873054052e-07 1.12989576896 
32 999.870104019 1.25037919783e-07 1.12989585577 
33 999.870104013 7.7004488492e-08 1.12989591005 
34 999.870104009 4.74803523102e-08 1.1298959434 
35 999.870104007 2.81408412821e-08 1.12989596526 
36 999.870104004 5.19373185414e-09 1.12989599118 
37 999.870104001 -1.20752090973e-08 1.1298960107 
38 999.870104 -2.36659815721e-08 1.12989602379 
39 999.870103999 -2.95785855704e-08 1.12989603047 
40 999.870103999 -2.98130210922e-08 1.12989603074 
41 999.870104 -2.43692881374e-08 1.12989602459 
42 999.870104 -2.26708182071e-08 1.12989602267 
43 999.870104 -2.43584274816e-08 1.12989602457 
44 999.870104 -2.46040627174e-08 1.12989602485 
45 999.870104 -2.34077239148e-08 1.1298960235 
46 999.870104 -2.07694110735e-08 1.12989602052 
47 999.870104001 -1.66891241937e-08 1.12989601591 
48 999.870104001 -1.20728795494e-08 1.12989601069 
49 999.870104002 -1.06238136444e-08 1.12989600906 
50 999.870104002 -9.17474773938e-09 1.12989600742 
51 999.870104002 -7.72568183438e-09 1.12989600578 
52 999.870104002 -6.27661592939e-09 1.12989600414 
53 999.870104002 -4.8275500244e-09 1.12989600251 
54 999.870104003 -3.37848411941e-09 1.12989600087 
55 999.870104003 -2.87862821523e-09 1.1298960003 
56 999.870104003 -2.83507001841e-09 1.12989600026 
57 999.870104003 -2.79151182159e-09 1.12989600021 
58 999.870104003 -2.74795362477e-09 1.12989600016 
59 999.870104003 -2.70439542795e-09 1.12989600011 
60 999.870104003 -2.66083723113e-09 1.12989600006 
61 999.870104003 -2.61727903431e-09 1.12989600001 
62 999.870104003 -2.57372083749e-09 1.12989599996 
63 999.870104003 -2.53016264066e-09 1.12989599991 
64 999.870104003 -2.48660444384e-09 1.12989599986 
65 999.870104003 -2.44304624702e-09 1.12989599981 
66 999.870104003 -2.3994880502e-09 1.12989599976 
67 999.870104003 -2.35592985338e-09 1.12989599971 
68 999.870104003 -2.31237165656e-09 1.12989599966 
69 999.870104003 -2.26881345974e-09 1.12989599962 
70 999.870104003 -2.22525526292e-09 1.12989599957 
