Time S I R
0  1000 1 0
1 999.892001377 0.5493575211 0.558641101953 
2 999.832676945 0.301790637456 0.865532417816 
3 999.800088519 0.165788075333 1.03412340617 
4 999.782186662 0.0910752163719 1.12673812113 
5 999.772352471 0.0500318057326 1.1776157237 
6 999.766950178 0.0274849003367 1.20556492138 
7 999.76398244 0.0150987387463 1.22091882141 
8 999.762352128 0.00829444698871 1.22935342459 
9 999.761456549 0.00455663713039 1.233986814 
10 999.760964525 0.00250311447626 1.23653236043 
11 999.760694239 0.00137504121585 1.23793071978 
12 999.760545769 0.000755381524601 1.23869884975 
13 999.7604642 0.000414943309411 1.23912085685 
14 999.760419393 0.000227937946075 1.23935266863 
15 999.76039478 0.000125212425485 1.23948000715 
16 999.760381254 6.87561363786e-05 1.23954999034 
17 999.760373823 3.77426868374e-05 1.2395884346 
18 999.760369752 2.07515142564e-05 1.23960949686 
19 999.760367516 1.14219967846e-05 1.23962106172 
20 999.760366293 6.31497004759e-06 1.23962739239 
21 999.760365609 3.46251440994e-06 1.23963092829 
22 999.760365228 1.87125335115e-06 1.23963290082 
23 999.76036502 1.00384962059e-06 1.23963397605 
24 999.760364912 5.52567131817e-07 1.23963453546 
25 999.760364855 3.14886602407e-07 1.23963483009 
26 999.760364822 1.78863037942e-07 1.23963499871 
27 999.760364804 1.00079175937e-07 1.23963509637 
28 999.760364793 5.58727638008e-08 1.23963515116 
29 999.760364787 3.10093159517e-08 1.23963518199 
30 999.76036478 2.90870854748e-09 1.23963521682 
31 999.760364776 -1.67033323618e-08 1.23963524113 
32 999.760364773 -2.7826806776e-08 1.23963525492 
33 999.760364772 -3.04617146952e-08 1.23963525818 
34 999.760364774 -2.46080561194e-08 1.23963525093 
35 999.760364774 -2.35189936544e-08 1.23963524958 
36 999.760364774 -2.50678550206e-08 1.2396352515 
37 999.760364774 -2.44427033286e-08 1.23963525072 
38 999.760364774 -2.16435385783e-08 1.23963524725 
39 999.760364776 -1.66703607699e-08 1.23963524109 
40 999.760364777 -1.20530516187e-08 1.23963523537 
41 999.760364777 -1.0234907079e-08 1.23963523311 
42 999.760364778 -8.41676253927e-09 1.23963523086 
43 999.760364778 -6.59861799956e-09 1.2396352286 
44 999.760364778 -4.78047345985e-09 1.23963522635 
45 999.760364779 -3.03292400655e-09 1.23963522418 
46 999.760364779 -2.9776921848e-09 1.23963522412 
47 999.760364779 -2.92246036304e-09 1.23963522405 
48 999.760364779 -2.86722854129e-09 1.23963522398 
49 999.760364779 -2.81199671954e-09 1.23963522391 
50 999.760364779 -2.75676489779e-09 1.23963522384 
51 999.760364779 -2.70153307604e-09 1.23963522377 
52 999.760364779 -2.64630125428e-09 1.2396352237 
53 999.760364779 -2.59106943253e-09 1.23963522364 
54 999.760364779 -2.53583761078e-09 1.23963522357 
55 999.760364779 -2.48060578903e-09 1.2396352235 
56 999.760364779 -2.42537396728e-09 1.23963522343 
57 999.760364779 -2.37014214552e-09 1.23963522336 
58 999.760364779 -2.31491032377e-09 1.23963522329 
59 999.760364779 -2.25967850202e-09 1.23963522323 
60 999.760364779 -2.20444668027e-09 1.23963522316 
61 999.760364779 -2.14921485852e-09 1.23963522309 
62 999.760364779 -2.09398303676e-09 1.23963522302 
63 999.760364779 -2.03875121501e-09 1.23963522295 
64 999.760364779 -1.98351939326e-09 1.23963522288 
65 999.760364779 -1.92828757151e-09 1.23963522281 
66 999.760364779 -1.87305574976e-09 1.23963522275 
67 999.760364779 -1.817823928e-09 1.23963522268 
68 999.760364779 -1.76259210625e-09 1.23963522261 
69 999.760364779 -1.7073602845e-09 1.23963522254 
70 999.760364779 -1.65212846275e-09 1.23963522247 
