Time S I R
0  1000 1 0
1 999.964267722 0.499410542193 0.536321735918 
2 999.946423181 0.249411211687 0.804165607569 
3 999.937511523 0.124558444153 0.937930032652 
4 999.933060997 0.0622059021543 1.00473310093 
5 999.930838369 0.0310664334861 1.03809519796 
6 999.929728361 0.0155149750456 1.05475666413 
7 999.92917401 0.00774838444605 1.06307760582 
8 999.928897164 0.00386970401 1.06723313228 
9 999.928758896 0.0019325427022 1.06930856105 
10 999.928689844 0.000965106739934 1.07034504903 
11 999.92865536 0.000481968077348 1.07086267235 
12 999.928638138 0.000240692712646 1.07112116906 
13 999.928629538 0.00012019888711 1.07125026329 
14 999.92862524 5.99877398959e-05 1.07131477209 
15 999.928623097 2.99611503683e-05 1.07134694187 
16 999.928622028 1.49830463659e-05 1.07136298905 
17 999.928621495 7.51155160339e-06 1.07137099384 
18 999.928621227 3.76335098462e-06 1.07137500957 
19 999.92862109 1.84618175151e-06 1.07137706358 
20 999.928621023 8.98919030639e-07 1.07137807845 
21 999.928620991 4.55012647688e-07 1.07137855404 
22 999.928620975 2.37592033575e-07 1.07137878698 
23 999.928620967 1.22062986114e-07 1.07137891076 
24 999.928620963 6.19737310048e-08 1.07137897514 
25 999.928620961 3.16863487874e-08 1.07137900759 
26 999.928620959 1.36460764235e-09 1.07137904007 
27 999.928620957 -1.93749033959e-08 1.07137906229 
28 999.928620956 -2.93212709875e-08 1.07137907295 
29 999.928620956 -2.84744951324e-08 1.07137907204 
30 999.928620957 -2.17307862125e-08 1.07137906482 
31 999.928620957 -2.41916860385e-08 1.07137906745 
32 999.928620957 -2.39262165571e-08 1.07137906717 
33 999.928620957 -2.09343777682e-08 1.07137906396 
34 999.928620957 -1.52161696718e-08 1.07137905784 
35 999.928620958 -1.09118842684e-08 1.07137905322 
36 999.928620958 -8.9464554894e-09 1.07137905112 
37 999.928620958 -6.9810267104e-09 1.07137904901 
38 999.928620958 -5.0155979314e-09 1.07137904691 
39 999.928620958 -3.0501691524e-09 1.0713790448 
40 999.928620958 -2.7785481079e-09 1.07137904451 
41 999.928620958 -2.71985783673e-09 1.07137904445 
42 999.928620958 -2.66116756555e-09 1.07137904438 
43 999.928620958 -2.60247729437e-09 1.07137904432 
44 999.928620958 -2.5437870232e-09 1.07137904426 
45 999.928620958 -2.48509675202e-09 1.0713790442 
46 999.928620958 -2.42640648085e-09 1.07137904413 
47 999.928620958 -2.36771620967e-09 1.07137904407 
48 999.928620958 -2.3090259385e-09 1.07137904401 
49 999.928620958 -2.25033566732e-09 1.07137904394 
50 999.928620958 -2.19164539615e-09 1.07137904388 
51 999.928620958 -2.13295512497e-09 1.07137904382 
52 999.928620958 -2.0742648538e-09 1.07137904376 
53 999.928620958 -2.01557458262e-09 1.07137904369 
54 999.928620958 -1.95688431145e-09 1.07137904363 
55 999.928620958 -1.89819404027e-09 1.07137904357 
56 999.928620958 -1.83950376909e-09 1.0713790435 
57 999.928620958 -1.78081349792e-09 1.07137904344 
58 999.928620958 -1.72212322674e-09 1.07137904338 
59 999.928620958 -1.66343295557e-09 1.07137904332 
60 999.928620958 -1.60474268439e-09 1.07137904325 
61 999.928620958 -1.54605241322e-09 1.07137904319 
62 999.928620958 -1.48736214204e-09 1.07137904313 
63 999.928620958 -1.42867187087e-09 1.07137904306 
64 999.928620958 -1.36998159969e-09 1.071379043 
65 999.928620958 -1.31129132852e-09 1.07137904294 
66 999.928620958 -1.25260105734e-09 1.07137904288 
67 999.928620958 -1.19391078617e-09 1.07137904281 
68 999.928620958 -1.13522051499e-09 1.07137904275 
69 999.928620958 -1.07653024381e-09 1.07137904269 
70 999.928620958 -1.01783997264e-09 1.07137904262 
