Time S I R
0  1000 1 0
1 999.887592639 0.695215560882 0.417191800529 
2 999.809452792 0.483317382095 0.707229826015 
3 999.755134238 0.336003972816 0.908861788889 
4 999.717373125 0.233588348972 1.04903852628 
5 999.691122758 0.16238903052 1.14648821157 
6 999.672874177 0.112891584205 1.21423423894 
7 999.660188113 0.0784811799042 1.26133070689 
8 999.651368981 0.0545593102306 1.29407170847 
9 999.645238064 0.0379290445209 1.31683289155 
10 999.640975996 0.0263679969597 1.33265600704 
11 999.638013023 0.018330762331 1.34365621458 
12 999.635953194 0.0127433373394 1.35130346897 
13 999.634521231 0.00885903329743 1.35661973577 
14 999.633525807 0.00615886919748 1.36031532348 
15 999.632833728 0.00428154702743 1.36288472532 
16 999.632352593 0.00297642797915 1.36467097949 
17 999.632018132 0.00206917542019 1.36591269259 
18 999.631785609 0.00143843761906 1.36677595311 
19 999.631623973 0.000999986351714 1.36737604025 
20 999.631511605 0.000695177556325 1.36779321734 
21 999.631433481 0.000483258508748 1.36808326071 
22 999.631379176 0.000335951918659 1.36828487213 
23 999.631341423 0.000233543145639 1.36842503407 
24 999.631315177 0.000162350378899 1.36852247216 
25 999.631296937 0.000112871484863 1.36859019153 
26 999.631284248 7.84508480005e-05 1.36863730139 
27 999.631275416 5.44941803122e-05 1.36867008973 
28 999.63126929 3.78777150822e-05 1.36869283188 
29 999.631265045 2.63622283402e-05 1.36870859257 
30 999.631262087 1.83387188802e-05 1.36871957396 
31 999.631260029 1.27565373138e-05 1.36872721402 
32 999.631258604 8.89107205435e-06 1.36873250449 
33 999.631257617 6.212173082e-06 1.36873617097 
34 999.631256918 4.31616132746e-06 1.36873876595 
35 999.631256427 2.9833156791e-06 1.36874059015 
36 999.631256082 2.04781047286e-06 1.36874187053 
37 999.631255847 1.41136421407e-06 1.36874274161 
38 999.631255682 9.64717120608e-07 1.36874335291 
39 999.631255574 6.71445429247e-07 1.3687437543 
40 999.631255502 4.74364195456e-07 1.36874402403 
41 999.631255451 3.36716396543e-07 1.36874421243 
42 999.631255415 2.39850593229e-07 1.368744345 
43 999.631255389 1.69467015376e-07 1.36874444133 
44 999.631255371 1.18970882475e-07 1.36874451044 
45 999.631255358 8.36395173637e-08 1.3687445588 
46 999.631255348 5.8605349743e-08 1.36874459306 
47 999.631255342 4.12751961893e-08 1.36874461678 
48 999.631255336 2.59424694468e-08 1.36874463777 
49 999.63125533 8.38754107232e-09 1.36874466179 
50 999.631255325 -5.92891606671e-09 1.36874468139 
51 999.63125532 -1.70069019703e-08 1.36874469655 
52 999.631255318 -2.48464166384e-08 1.36874470728 
53 999.631255316 -2.9447460071e-08 1.36874471358 
54 999.631255315 -3.08100322682e-08 1.36874471544 
55 999.631255316 -2.89341332299e-08 1.36874471287 
56 999.631255318 -2.38197629562e-08 1.36874470587 
57 999.631255318 -2.30183152875e-08 1.36874470478 
58 999.631255318 -2.46672950094e-08 1.36874470703 
59 999.631255317 -2.54795849527e-08 1.36874470815 
60 999.631255317 -2.54551851173e-08 1.36874470811 
61 999.631255318 -2.45940955033e-08 1.36874470693 
62 999.631255318 -2.28963161107e-08 1.36874470461 
63 999.631255319 -2.03618469394e-08 1.36874470114 
64 999.63125532 -1.69906879895e-08 1.36874469653 
65 999.631255322 -1.2782839261e-08 1.36874469077 
66 999.631255322 -1.20384063524e-08 1.36874468975 
67 999.631255323 -1.08852693193e-08 1.36874468817 
68 999.631255323 -9.73213228617e-09 1.36874468659 
69 999.631255324 -8.57899525304e-09 1.36874468502 
70 999.631255324 -7.42585821992e-09 1.36874468344 
