Time S I R
0  1000 1 0
1 999.941641311 0.957308395244 0.101050293287 
2 999.885779008 0.916437453356 0.197783538795 
3 999.832303575 0.877307780396 0.290388644552 
4 999.781114235 0.839846273772 0.379039491184 
5 999.732113217 0.803981978427 0.463904804497 
6 999.685206946 0.769646952602 0.545146101039 
7 999.640305929 0.736776186127 0.622917885151 
8 999.59732445 0.705307388631 0.69736816142 
9 999.556180684 0.675181067612 0.768638248623 
10 999.516795959 0.646340005096 0.83686403569 
11 999.479095078 0.618729487183 0.902175434539 
12 999.443006093 0.592297145136 0.964696761418 
13 999.408460079 0.566992792686 1.02454712879 
14 999.375390852 0.542768228873 1.0818409191 
15 999.34373529 0.5195774612 1.13668724842 
16 999.313433165 0.497376589759 1.18919024559 
17 999.284426906 0.476123640933 1.23944945277 
18 999.256661372 0.455778397667 1.28756023082 
19 999.23008351 0.436302159015 1.33361433059 
20 999.204642477 0.417657827374 1.37769969592 
21 999.180289363 0.399809716838 1.41990092048 
22 999.156977019 0.382723425145 1.46029955543 
23 999.134660813 0.366366365448 1.49897282185 
24 999.113298615 0.350707759863 1.53599362485 
25 999.092849861 0.335717971622 1.57143216721 
26 999.073275799 0.321368682454 1.60535551838 
27 999.054538917 0.307632483134 1.63782860021 
28 999.036603339 0.294483156002 1.66891350483 
29 999.019434654 0.281895548922 1.69866979733 
30 999.003000033 0.269845661427 1.72715430598 
31 998.987268204 0.258310623104 1.75442117303 
32 998.972209095 0.247268440051 1.78052246538 
33 998.957793902 0.236698044647 1.80550805323 
34 998.943995136 0.226579325375 1.82942553849 
35 998.930786455 0.216893008797 1.8523205366 
36 998.918142617 0.20762062593 1.87423675662 
37 998.906039477 0.198744504493 1.89521601852 
38 998.894453934 0.190247736567 1.91529832979 
39 998.883363835 0.18211410669 1.93452205806 
40 998.872747957 0.17432807676 1.95292396632 
41 998.862586057 0.166874825908 1.97053911727 
42 998.852858731 0.159740145571 1.98740112362 
43 998.843547378 0.152910414228 2.00354220811 
44 998.834634223 0.146372614472 2.01899316216 
45 998.826102284 0.140114306352 2.0337834092 
46 998.817935249 0.134123541613 2.04794120935 
47 998.810117473 0.12838886056 2.06149366648 
48 998.802633947 0.122899267898 2.07446678554 
49 998.795470439 0.117644336625 2.08688522407 
50 998.788613314 0.112614073851 2.09877261234 
51 998.782049456 0.107798870366 2.11015167338 
52 998.775766288 0.10318950886 2.12104420308 
53 998.769751761 0.0987771602032 2.13147107875 
54 998.763994463 0.0945534598463 2.1414520769 
55 998.758483409 0.0905103558327 2.15100623519 
56 998.753208053 0.0866401190267 2.16015182778 
57 998.748158278 0.0829353332665 2.16890638863 
58 998.743324424 0.0793889173957 2.17728665888 
59 998.738697319 0.0759941476188 2.18530853355 
60 998.73426812 0.0727445405638 2.19298733958 
61 998.730028345 0.0696338776579 2.20033777771 
62 998.725969853 0.0666561907418 2.20737395655 
63 998.722084913 0.0638058108184 2.21410927667 
64 998.718366137 0.0610773211237 2.22055654201 
65 998.714806415 0.0584655072787 2.22672807819 
66 998.711398925 0.0559653680568 2.23263570687 
67 998.70813713 0.0535721085266 2.23829076193 
68 998.705014833 0.0512811857407 2.24370398094 
69 998.702026083 0.049088233997 2.24888568257 
70 998.699165162 0.0469890596524 2.25384577874 
