Time S I R
0  1000 1 0
1 999.864348597 1.03262419519 0.103027207506 
2 999.724295517 1.06629235776 0.209412124926 
3 999.579696074 1.10103778868 0.319266136999 
4 999.430408216 1.13689311264 0.432698671047 
5 999.276283757 1.17389229331 0.549823949307 
6 999.11717015 1.21207021885 0.670759630922 
7 998.952910235 1.25146275289 0.795627012379 
8 998.783342232 1.29210672803 0.924551040011 
9 998.60829935 1.33404002212 1.05766062826 
10 998.427609816 1.37730154679 1.19508863737 
11 998.241097291 1.42193114993 1.33697155905 
12 998.048580072 1.4679697787 1.48345014947 
13 997.849871187 1.51545945105 1.63466936244 
14 997.644778178 1.56444328452 1.79077853761 
15 997.433103181 1.61496548575 1.95193133282 
16 997.214642389 1.66707141721 2.11828619395 
17 996.989186303 1.72080756569 2.29000613169 
18 996.756519832 1.77622153253 2.4672586358 
19 996.516421965 1.83336207637 2.65021595902 
20 996.268665426 1.89227914086 2.83905543264 
21 996.013016167 1.95302388789 3.03395994526 
22 995.74923379 2.01564869983 3.23511751015 
23 995.477071162 2.08020720889 3.44272162889 
24 995.196274279 2.14675430467 3.65697141681 
25 994.906582975 2.21534593859 3.87807108686 
26 994.607729975 2.28603933437 4.10623069065 
27 994.29944071 2.35889301094 4.34166627874 
28 993.981433343 2.43396675425 4.58459990279 
29 993.653418746 2.51132153601 4.83525971803 
30 993.315100416 2.59101948495 5.0938800988 
31 992.966174159 2.67312404065 5.36070180001 
32 992.606328044 2.75769989166 5.63597206441 
33 992.235242306 2.84481294615 5.91994474832 
34 991.852589395 2.93453014808 6.21288045649 
35 991.458033648 3.02691969835 6.51504665323 
36 991.051231205 3.12205100534 6.82671778936 
37 990.631829915 3.21999465794 7.14817542678 
38 990.19946955 3.32082218522 7.47970826441 
39 989.753781559 3.42460614059 7.82161230005 
40 989.294388765 3.53142022575 8.17419100901 
41 988.820905388 3.64133918566 8.5377554267 
42 988.332937204 3.7544386354 8.91262416018 
43 987.830081992 3.87079472282 9.29912328565 
44 987.311928421 3.99048470081 9.69758687789 
45 986.778056348 4.11358668089 10.1083569708 
46 986.228036764 4.24017958185 10.5317836537 
47 985.661431845 4.37034303221 10.9682251232 
48 985.077796752 4.50415633462 11.4180469137 
49 984.476677671 4.64169944049 11.8816228885 
50 983.857611716 4.78305292677 12.3593353577 
51 983.220127313 4.92829771622 12.8515749706 
52 982.563744184 5.07751501639 13.3587407998 
53 981.887975011 5.23078547958 13.8812395096 
54 981.192325808 5.38818896229 14.4194852299 
55 980.476293186 5.54980571015 14.9739011039 
56 979.73936575 5.71571564421 15.5449186054 
57 978.981024163 5.88599826059 16.1329775766 
58 978.200741948 6.0607322198 16.7385258326 
59 977.397989134 6.23999375233 17.3620171133 
60 976.572227292 6.42385865728 18.0039140502 
61 975.722910953 6.6124016345 18.6646874121 
62 974.849488177 6.80569597422 19.3448158488 
63 973.9514008 7.0038133827 20.0447858169 
64 973.028089319 7.20682207765 20.765088603 
65 972.078989944 7.41478780636 21.5062222497 
66 971.103532781 7.62777444333 22.2686927761 
67 970.101143846 7.84584315634 23.0530129973 
68 969.071245388 8.06905220595 23.8597024056 
69 968.013258827 8.29745587414 24.6892852984 
70 966.926608922 8.53110298827 25.5422880902 
