Time S I R
0  1000 1 0
1 999.850572348 0.973218408112 0.176209243919 
2 999.705172169 0.94713331702 0.347694513621 
3 999.563689524 0.921727124322 0.514583351934 
4 999.426022733 0.896983472274 0.676993794941 
5 999.292071173 0.87288610519 0.835042721352 
6 999.161736664 0.849419099317 0.988844237089 
7 999.034923583 0.826566881269 1.13850953566 
8 998.911538754 0.804314214237 1.2841470314 
9 998.791491306 0.782646188187 1.4258625055 
10 998.674693003 0.761548259296 1.56375873781 
11 998.561057342 0.74100613838 1.69793652 
12 998.450500272 0.721005882929 1.82849384554 
13 998.34293983 0.701533857537 1.95552631217 
14 998.238296229 0.682576740264 2.07912703116 
15 998.13649165 0.664121503882 2.19938684653 
16 998.037450289 0.646155418473 2.31639429296 
17 997.941098117 0.628666027244 2.43023585572 
18 997.847363271 0.611641187461 2.54099554204 
19 997.756175821 0.595069047028 2.64875513238 
20 997.667467707 0.578938037877 2.75359425465 
21 997.581172682 0.563236870346 2.85559044789 
22 997.497226139 0.547954508649 2.95481935274 
23 997.415564937 0.533080143779 3.05135491903 
24 997.336127659 0.518603243383 3.14526909777 
25 997.25885441 0.504513521776 3.23663206812 
26 997.183686753 0.490800932359 3.32551231426 
27 997.110567643 0.477455661051 3.41197669549 
28 997.039441789 0.464468150281 3.49609006066 
29 996.970255976 0.451829120228 3.57791490366 
30 996.902957879 0.43952948136 3.65751263936 
31 996.83749651 0.427560364681 3.73494312482 
32 996.773822191 0.415913117724 3.81026469115 
33 996.711886508 0.404579299412 3.88353419223 
34 996.651642432 0.393550683243 3.95480688474 
35 996.593044384 0.382819257996 4.02413635845 
36 996.536047811 0.372377202804 4.0915749859 
37 996.480609327 0.362216891348 4.15717378199 
38 996.426686672 0.352330887291 4.22098244112 
39 996.374238682 0.342711939496 4.28304937863 
40 996.323225359 0.333352983914 4.34342165709 
41 996.273607889 0.324247142211 4.40214496883 
42 996.225348375 0.315387702838 4.45926392185 
43 996.178409915 0.306768123182 4.51482196147 
44 996.13275657 0.298382025163 4.56886140532 
45 996.088353329 0.29022319073 4.62142347999 
46 996.04516622 0.282285570316 4.6725482093 
47 996.003162226 0.274563274089 4.72227449971 
48 995.962309188 0.267050560928 4.77064025149 
49 995.92257575 0.259741831914 4.81768241841 
50 995.883931385 0.252631631085 4.86343698423 
51 995.846346362 0.245714641179 4.90793899652 
52 995.809791834 0.238985691416 4.95122247426 
53 995.774239814 0.232439754128 4.99332043226 
54 995.739662959 0.226071920952 5.03426511971 
55 995.706034657 0.219877410105 5.07408793291 
56 995.673328998 0.213851563082 5.11281943871 
57 995.641520761 0.207989841406 5.15048939745 
58 995.610585392 0.202287823475 5.1871267847 
59 995.580498987 0.196741201529 5.2227598118 
60 995.551238345 0.191345790295 5.25741586428 
61 995.522780927 0.186097519424 5.2911215532 
62 995.49510477 0.18099241954 5.32390281073 
63 995.46818852 0.17602662732 5.35578485222 
64 995.442011428 0.171196383393 5.38679218813 
65 995.416553335 0.166498030358 5.41694863453 
66 995.391794667 0.161928010932 5.44627732249 
67 995.367716424 0.157482865932 5.47480070959 
68 995.34429987 0.153159205424 5.50254092492 
69 995.321526744 0.148953726988 5.52951952929 
70 995.299379426 0.144863228352 5.55575734584 
