Time S I R
0  1000 1 0
1 999.989041765 0.988246660223 0.0227115746934 
2 999.978212453 0.976631352579 0.04515619487 
3 999.967510553 0.965152466241 0.0673369811931 
4 999.956934736 0.953808583372 0.0892566802857 
5 999.946483646 0.942598254686 0.11091809946 
6 999.936155551 0.931519633872 0.132324815298 
7 999.92594874 0.920570895298 0.153480364337 
8 999.915861806 0.909750535639 0.174387658345 
9 999.905893535 0.899057259583 0.195049205872 
10 999.896042533 0.888489579965 0.215467887362 
11 999.886307428 0.878046031169 0.235646541243 
12 999.87668686 0.867725161809 0.255587978194 
13 999.867179458 0.857525507513 0.275295034216 
14 999.857783896 0.847445651398 0.294770453062 
15 999.848498875 0.837484208681 0.314016916127 
16 999.839323125 0.827639820526 0.333037054432 
17 999.830255219 0.817910964933 0.351833815869 
18 999.821294032 0.80829643868 0.370409529246 
19 999.812438263 0.798794852648 0.388766884394 
20 999.803686661 0.789404870343 0.406908468966 
21 999.795038011 0.780125194121 0.424836795187 
22 999.786491095 0.770954522236 0.442554383232 
23 999.778044714 0.761891574405 0.460063711598 
24 999.769697691 0.752935091805 0.477367217103 
25 999.761448868 0.744083837081 0.494467294886 
26 999.753297082 0.735336568035 0.51136634956 
27 999.745241176 0.726692046793 0.5280667774 
28 999.737280025 0.718149072243 0.54457090324 
29 999.729412521 0.709706460988 0.56088101753 
30 999.721637576 0.701363047344 0.576999376334 
31 999.713954115 0.693117683339 0.59292820133 
32 999.706361057 0.684969212522 0.608669730739 
33 999.698857319 0.676916478236 0.624226203235 
34 999.69144185 0.668958357232 0.639599792593 
35 999.684113614 0.661093740185 0.654792645567 
36 999.676871586 0.653321531693 0.669806881896 
37 999.669714755 0.645640650276 0.684644594303 
38 999.662642117 0.638050022237 0.699307860474 
39 999.655652677 0.630548583393 0.713798739673 
40 999.648745456 0.623135287276 0.728119256756 
41 999.641919488 0.615809100438 0.742271411321 
42 999.63517382 0.608569002452 0.756257177707 
43 999.628507509 0.601413985913 0.770078505 
44 999.621919625 0.594343054432 0.783737320932 
45 999.615409229 0.587355205479 0.797235565305 
46 999.608975419 0.580449472359 0.810575108221 
47 999.602617294 0.573624891219 0.823757814358 
48 999.596333965 0.56688051078 0.836785524003 
49 999.590124554 0.560215392195 0.849660053339 
50 999.583988184 0.553628596204 0.862383219433 
51 999.577923983 0.547119190371 0.874956826164 
52 999.571931103 0.540686266073 0.887382631145 
53 999.566008704 0.534328925984 0.899662370097 
54 999.560155959 0.528046283886 0.911797757204 
55 999.55437205 0.521837464509 0.923790485431 
56 999.54865617 0.515701603357 0.935642226865 
57 999.54300752 0.509637846542 0.947354633033 
58 999.537425314 0.503645350612 0.958929335238 
59 999.531908773 0.497723282387 0.970367944886 
60 999.526457127 0.491870818787 0.981672053811 
61 999.521069619 0.486087146661 0.992843234609 
62 999.515745496 0.480371462626 1.00388304096 
63 999.510484019 0.47472297289 1.01479300797 
64 999.505284454 0.469140893088 1.02557465248 
65 999.500146078 0.463624448111 1.03622947342 
66 999.495068176 0.45817287194 1.0467589521 
67 999.490050036 0.452785403321 1.05716456056 
68 999.485090951 0.447461283577 1.06744776578 
69 999.480190226 0.44219976966 1.07761000458 
70 999.475347176 0.437000126929 1.08765269748 
