Time S I R
0  1000 1 0
1 999.894749896 0.531209241488 0.574040862487 
2 999.83884496 0.282180474215 0.878974565293 
3 999.809149403 0.149894554917 1.0409560425 
4 999.793375501 0.0796240042951 1.12700049496 
5 999.784996511 0.0422962119786 1.17270727705 
6 999.780545667 0.0224678674324 1.19698646586 
7 999.778181359 0.0119349206939 1.20988372042 
8 999.776925474 0.00633996462868 1.21673456142 
9 999.776258308 0.00336774214061 1.22037395001 
10 999.775903915 0.00178892064894 1.22230716473 
11 999.775715663 0.000950259105384 1.223334078 
12 999.775615662 0.000504755829617 1.22387958198 
13 999.775562545 0.000268120253893 1.22416933439 
14 999.775534329 0.000142417004038 1.22432325384 
15 999.77551934 7.56412557152e-05 1.22440501853 
16 999.775511371 4.0138294868e-05 1.22444849073 
17 999.775507149 2.13307450371e-05 1.22447151995 
18 999.775504911 1.13581062602e-05 1.22448373111 
19 999.775503725 6.07576475983e-06 1.22449019916 
20 999.775503083 3.21601089324e-06 1.22449370084 
21 999.775502738 1.67998014915e-06 1.22449558165 
22 999.775502557 8.71476589807e-07 1.22449657164 
23 999.775502467 4.6981656075e-07 1.22449706346 
24 999.77550242 2.59889047105e-07 1.22449732051 
25 999.775502393 1.42058592164e-07 1.22449746479 
26 999.775502378 7.6707448435e-08 1.22449754481 
27 999.775502371 4.1526594808e-08 1.22449758789 
28 999.775502364 1.4071900334e-08 1.2244976215 
29 999.775502359 -1.02293801949e-08 1.22449765126 
30 999.775502356 -2.51061050112e-08 1.22449766948 
31 999.775502354 -3.0558274115e-08 1.22449767615 
32 999.775502355 -2.65858875063e-08 1.22449767129 
33 999.775502356 -2.30086590476e-08 1.22449766691 
34 999.775502356 -2.4947141534e-08 1.22449766928 
35 999.775502356 -2.44746202114e-08 1.2244976687 
36 999.775502356 -2.15910950797e-08 1.22449766517 
37 999.775502358 -1.62965661391e-08 1.22449765869 
38 999.775502359 -1.18030876734e-08 1.22449765319 
39 999.775502359 -9.89390028491e-09 1.22449765085 
40 999.775502359 -7.98471289643e-09 1.22449764851 
41 999.77550236 -6.07552550795e-09 1.22449764617 
42 999.77550236 -4.16633811947e-09 1.22449764384 
43 999.775502361 -2.99481022123e-09 1.2244976424 
44 999.775502361 -2.9368943185e-09 1.22449764233 
45 999.775502361 -2.87897841578e-09 1.22449764226 
46 999.775502361 -2.82106251305e-09 1.22449764219 
47 999.775502361 -2.76314661032e-09 1.22449764212 
48 999.775502361 -2.70523070759e-09 1.22449764205 
49 999.775502361 -2.64731480487e-09 1.22449764198 
50 999.775502361 -2.58939890214e-09 1.22449764191 
51 999.775502361 -2.53148299941e-09 1.22449764183 
52 999.775502361 -2.47356709668e-09 1.22449764176 
53 999.775502361 -2.41565119396e-09 1.22449764169 
54 999.775502361 -2.35773529123e-09 1.22449764162 
55 999.775502361 -2.2998193885e-09 1.22449764155 
56 999.775502361 -2.24190348577e-09 1.22449764148 
57 999.775502361 -2.18398758305e-09 1.22449764141 
58 999.775502361 -2.12607168032e-09 1.22449764134 
59 999.775502361 -2.06815577759e-09 1.22449764127 
60 999.775502361 -2.01023987487e-09 1.2244976412 
61 999.775502361 -1.95232397214e-09 1.22449764113 
62 999.775502361 -1.89440806941e-09 1.22449764105 
63 999.775502361 -1.83649216668e-09 1.22449764098 
64 999.775502361 -1.77857626396e-09 1.22449764091 
65 999.775502361 -1.72066036123e-09 1.22449764084 
66 999.775502361 -1.6627444585e-09 1.22449764077 
67 999.775502361 -1.60482855577e-09 1.2244976407 
68 999.775502361 -1.54691265305e-09 1.22449764063 
69 999.775502361 -1.48899675032e-09 1.22449764056 
70 999.775502361 -1.43108084759e-09 1.22449764049 
