Time S I R
0  10000 1 0
1 9998.10358779 2.22769461797 0.668717589325 
2 9993.88102255 4.96083263874 2.15814481037 
3 9984.48799587 11.0383947066 5.47360942361 
4 9963.63768049 24.5179959002 12.8443236131 
5 9917.57217793 54.2442257401 29.1835963336 
6 9816.84644067 118.976893668 65.1766656634 
7 9601.49475928 256.120246305 143.384994412 
8 9162.31412067 530.218645759 308.467233573 
9 8346.39614007 1017.28069544 637.323164481 
10 7059.60926804 1713.6919081 1227.69882386 
11 5461.18803274 2406.93361076 2132.8783565 
12 3945.06572206 2776.43522509 3279.49905285 
13 2797.91653959 2712.12202688 4490.96143353 
14 2040.80819114 2356.70806385 5603.48374501 
15 1567.87624216 1900.13061167 6532.99314616 
16 1274.11142354 1462.36918671 7264.51938975 
17 1088.6624212 1093.19920936 7819.13836944 
18 968.962261479 802.206646092 8229.83109243 
19 890.047890453 581.595674191 8529.35643536 
20 837.09436608 418.276799053 8745.62883487 
21 801.066375988 299.189764711 8900.7438593 
22 776.296637331 213.214341612 9011.48902106 
23 759.135396316 151.555798917 9090.30880477 
24 747.17871936 107.536288632 9146.28499201 
25 738.814445951 76.2074536368 9185.97810041 
26 732.94625943 53.9587018509 9214.09503872 
27 728.820754563 38.1820995306 9233.99714591 
28 725.916142612 27.0066760313 9248.07718136 
29 723.868972655 19.0963618017 9258.03466554 
30 722.425059523 13.5001096729 9265.0748308 
31 721.406104475 9.54241679208 9270.05147873 
32 720.686772685 6.74424488438 9273.56898243 
33 720.17882566 4.76623563755 9276.0549387 
34 719.82007948 3.36817585697 9277.81174466 
35 719.566675142 2.38011309757 9279.05321176 
36 719.387663919 1.68185692653 9279.93047915 
37 719.261197361 1.18842634002 9280.5503763 
38 719.171848165 0.839749655021 9280.98840218 
39 719.108720417 0.593366850691 9281.29791273 
40 719.064117869 0.419270104205 9281.51661203 
41 719.032603667 0.296252807636 9281.67114353 
42 719.010336859 0.209329101737 9281.78033404 
43 718.994603806 0.147909397853 9281.8574868 
44 718.983487221 0.104510745041 9281.91200203 
45 718.97563251 0.0738457925086 9281.9505217 
46 718.970082541 0.0521783478872 9281.97773911 
47 718.96616104 0.0368684195598 9281.99697054 
48 718.963390182 0.0260506556242 9282.01055916 
49 718.961432343 0.0184069840699 9282.02016067 
50 718.960048968 0.013006079071 9282.02694495 
51 718.959071498 0.00918988438256 9282.03173862 
52 718.958380836 0.00649342674291 9282.03512574 
53 718.957892847 0.00458823718767 9282.03751892 
54 718.957548025 0.00324199388239 9282.03920998 
55 718.957304376 0.00229074574667 9282.04040488 
56 718.957132219 0.00161861375647 9282.04124917 
57 718.957010581 0.00114371816337 9282.0418457 
58 718.95692462 0.000808111142052 9282.04226727 
59 718.956863883 0.000570984108784 9282.04256513 
60 718.95682097 0.000403446172993 9282.04277558 
61 718.956790645 0.000285051870556 9282.0429243 
62 718.956769223 0.000201414460173 9282.04302936 
63 718.956754089 0.000142331257175 9282.04310358 
64 718.956743374 0.000100495534034 9282.04315613 
65 718.956735813 7.09788256974e-05 9282.04319321 
66 718.956730485 5.01753442479e-05 9282.04321934 
67 718.956726704 3.54157411253e-05 9282.04323788 
68 718.956724058 2.50852788531e-05 9282.04325086 
69 718.956722178 1.77421830809e-05 9282.04326008 
70 718.956720853 1.25712678109e-05 9282.04326658 
