Time S I R
0  10000 1 0
1 9990.66129024 8.85125800487 1.48745175745 
2 9908.73700739 77.6668776702 14.5961149422 
3 9242.2587971 633.290593386 125.450609514 
4 5917.96682722 3247.86291575 835.170257021 
5 1760.01979471 5475.19838699 2765.7818183 
6 458.645017753 4635.59436009 4906.76062216 
7 164.476547318 3297.11933016 6539.40412253 
8 80.7145774699 2247.59280544 7672.69261709 
9 49.8615308945 1511.61684968 8439.52161942 
10 36.0983671427 1011.14025065 8953.76138221 
11 29.0917505055 674.625944377 9297.28230512 
12 25.1934777819 449.491018171 9526.31550405 
13 22.8917529379 299.253810625 9678.85443644 
14 21.4774529557 199.137710105 9780.38483694 
15 20.5851524039 132.476649632 9847.93819796 
16 20.01225003 88.1138803721 9892.8738696 
17 19.6400760063 58.599886786 9922.76003721 
18 19.3964116435 38.9686215912 9942.63496677 
19 19.2360566257 25.9125913525 9955.85135202 
20 19.1301635122 17.230262313 9964.63957417 
21 19.0600749589 11.4567953366 9970.4831297 
22 19.0136140782 7.61777193742 9974.36861398 
23 18.9827845102 5.06510562297 9976.95210987 
24 18.9623134778 3.36779914717 9978.66988738 
25 18.9487144972 2.23924662617 9979.81203888 
26 18.9396779595 1.48886868559 9980.57145335 
27 18.9336719846 0.989942725044 9981.07638529 
28 18.9296796939 0.658208089008 9981.41211222 
29 18.9270257063 0.437638967028 9981.63533533 
30 18.9252612908 0.290983581049 9981.78375513 
31 18.9240882324 0.193473190493 9981.88243858 
32 18.9233083134 0.128639099797 9981.94805259 
33 18.9227897674 0.0855312539127 9981.99167898 
34 18.9224449981 0.0568691773234 9982.02068582 
35 18.9222157666 0.0378119348878 9982.0399723 
36 18.9220633537 0.0251409077475 9982.05279574 
37 18.9219620161 0.0167160224021 9982.06132196 
38 18.9218946376 0.0111143702789 9982.06699099 
39 18.9218498379 0.00738984210433 9982.07076032 
40 18.9218200524 0.00491354567419 9982.0732664 
41 18.9218002475 0.00326701544081 9982.07493274 
42 18.9217870791 0.00217222250089 9982.0760407 
43 18.921778324 0.00144433899243 9982.07677734 
44 18.9217725023 0.000960335093838 9982.07726716 
45 18.9217686311 0.000638495618572 9982.07759287 
46 18.9217660574 0.00042452639746 9982.07780942 
47 18.9217643461 0.000282248189951 9982.07795341 
48 18.9217632085 0.00018767102496 9982.07804912 
49 18.9217624519 0.000124767153369 9982.07811278 
50 18.9217619481 8.28873512193e-05 9982.07815516 
51 18.9217616141 5.51161955158e-05 9982.07818327 
52 18.9217613915 3.66091260959e-05 9982.078202 
53 18.9217612447 2.44062272088e-05 9982.07821435 
54 18.9217611467 1.62556381718e-05 9982.0782226 
55 18.9217610817 1.08558760707e-05 9982.07822806 
56 18.9217610382 7.23415364931e-06 9982.07823173 
57 18.9217610087 4.78222343562e-06 9982.07823421 
58 18.9217609889 3.13721370972e-06 9982.07823587 
59 18.9217609759 2.06140711796e-06 9982.07823696 
60 18.9217609674 1.35304409967e-06 9982.07823768 
61 18.921760962 9.01746110304e-07 9982.07823814 
62 18.9217609585 6.15131157669e-07 9982.07823843 
63 18.9217609562 4.2006999661e-07 9982.07823862 
64 18.9217609546 2.84608814625e-07 9982.07823876 
65 18.9217609535 1.91805643247e-07 9982.07823885 
66 18.9217609527 1.29069414041e-07 9982.07823892 
67 18.9217609522 8.67279564222e-08 9982.07823896 
68 18.9217609518 5.8405700151e-08 9982.07823899 
69 18.9217609516 3.9542861663e-08 9982.07823901 
70 18.9217609514 2.43835003129e-08 9982.07823902 
