Time S I R
0  1000 1 0
1 999.797700045 1.02469669738 0.177603257854 
2 999.590453557 1.04996006063 0.359586382143 
3 999.378144806 1.07580134388 0.546053849884 
4 999.160662104 1.10223129722 0.737106598935 
5 998.937890342 1.12926089248 0.9328487657 
6 998.709712325 1.15690118857 1.13338648611 
7 998.47600883 1.1851633125 1.33882785714 
8 998.23665857 1.2140584668 1.54928296282 
9 997.991538338 1.2435978921 1.76486377016 
10 997.740522604 1.27379289758 1.98568449813 
11 997.483483979 1.30465481614 2.21186120517 
12 997.220293213 1.33619500437 2.44351178283 
13 996.950818933 1.36842484319 2.68075622406 
14 996.674927764 1.40135571046 2.92371652564 
15 996.392484332 1.43499899347 3.17251667466 
16 996.103351302 1.46936604063 3.42728265708 
17 995.80738937 1.50446818397 3.68814244564 
18 995.504457372 1.54031665404 3.95522597355 
19 995.194412134 1.57692269008 4.22866517586 
20 994.877108511 1.61429751054 4.5085939785 
21 994.552399583 1.65245219205 4.79514822463 
22 994.220136827 1.69139756364 5.08846560906 
23 993.880169665 1.7311444848 5.38868585064 
24 993.532345639 1.77170373656 5.69595062431 
25 993.176510918 1.81308578706 6.01040329517 
26 992.812510133 1.85530086512 6.33218900233 
27 992.440185959 1.89835915745 6.66145488391 
28 992.059379382 1.94227068712 6.99834993124 
29 991.669930569 1.98704497292 7.34302445784 
30 991.271678108 2.03269132747 7.69563056412 
31 990.864458856 2.0792189154 8.05632222811 
32 990.44810833 2.12663661175 8.42525505874 
33 990.022461858 2.17495261143 8.80258553042 
34 989.587353128 2.22417492243 9.18847194962 
35 989.142614427 2.27431128207 9.5830742908 
36 988.688077431 2.325368918 9.98655365099 
37 988.223574371 2.3773542001 10.3990714291 
38 987.748935558 2.43027337789 10.8207910642 
39 987.263990271 2.48413231626 11.2518774129 
40 986.768566887 2.53893645776 11.692496655 
41 986.262495867 2.59469001054 12.1428141222 
42 985.745607456 2.65139657366 12.6029959705 
43 985.217730435 2.70905947709 13.0732100883 
44 984.67869316 2.76768149875 13.5536253408 
45 984.128324583 2.82726462087 14.0444107959 
46 983.566457533 2.88780924235 14.5457332243 
47 982.992923147 2.94931551421 15.0577613387 
48 982.407552501 3.01178294811 15.5806645507 
49 981.810176923 3.07521034215 16.1146127346 
50 981.200631919 3.13959493919 16.6597731421 
51 980.578755362 3.20493281456 17.2163118238 
52 979.944384226 3.27121957699 17.7843961973 
53 979.29735653 3.33844995145 18.3641935188 
54 978.637510442 3.40661794891 18.9558716088 
55 977.964698703 3.47571413284 19.5595871637 
56 977.278764161 3.54573025607 20.1755055832 
57 976.579556034 3.61665617794 20.8037877876 
58 975.866925121 3.68848077339 21.4445941057 
59 975.140727679 3.76119129286 22.0980810277 
60 974.400826118 3.83477324464 22.7644006371 
61 973.647083995 3.90921120572 23.4437047994 
62 972.879369045 3.98448832164 24.136142633 
63 972.09755358 4.06058623634 24.8418601838 
64 971.301514831 4.13748514213 25.5610000273 
65 970.491135269 4.21516391572 26.2937008151 
66 969.666303143 4.29359964778 27.0400972093 
67 968.826912807 4.37276773555 27.8003194576 
68 967.972865108 4.45264183382 28.574493058 
69 967.104067288 4.53319395218 29.3627387602 
70 966.220430897 4.61439519146 30.1651739115 
