Time S I R
0  1000 1 0
1 999.942217685 0.542664301834 0.515118013608 
2 999.910862794 0.294484027219 0.794653179129 
3 999.893848056 0.159805285863 0.946346657934 
4 999.884614953 0.0867203443115 1.02866470262 
5 999.87960453 0.0470598485584 1.07333562189 
6 999.876885592 0.025537741577 1.09757666618 
7 999.87541012 0.0138584185128 1.11073146152 
8 999.874609432 0.0075204465014 1.11787012121 
9 999.874174941 0.00408116227324 1.12174389624 
10 999.873939144 0.00221466799693 1.12384618793 
11 999.873811184 0.00120177927643 1.12498703658 
12 999.87374175 0.000652157752896 1.12560609271 
13 999.873704068 0.000353881738832 1.12594205042 
14 999.873683621 0.000192030847638 1.12612434821 
15 999.873672527 0.000104213024699 1.1262232602 
16 999.873666499 5.64987417888e-05 1.12627700231 
17 999.873663236 3.06679566603e-05 1.12630609634 
18 999.873661467 1.66646712134e-05 1.12632186868 
19 999.873660507 9.06492800104e-06 1.12633042851 
20 999.873659987 4.95512125705e-06 1.12633505752 
21 999.87365969 2.6014030852e-06 1.12633770858 
22 999.873659541 1.42192328012e-06 1.12633903707 
23 999.873659457 7.57204496499e-07 1.12633978576 
24 999.873659414 4.19182332423e-07 1.12634016649 
25 999.873659391 2.3637758737e-07 1.12634037239 
26 999.873659378 1.31617387935e-07 1.12634049038 
27 999.873659371 7.25459766056e-08 1.12634055692 
28 999.873659366 4.01099035459e-08 1.12634059345 
29 999.873659363 1.42938910528e-08 1.12634062253 
30 999.87365936 -9.05544012129e-09 1.12634064883 
31 999.873659358 -2.38737360293e-08 1.12634066552 
32 999.873659358 -3.01609966712e-08 1.1263406726 
33 999.873659358 -2.79172220471e-08 1.12634067007 
34 999.873659359 -2.18744412284e-08 1.12634066327 
35 999.873659358 -2.42661970416e-08 1.12634066596 
36 999.873659358 -2.44923694777e-08 1.12634066621 
37 999.873659359 -2.25529585368e-08 1.12634066403 
38 999.873659359 -1.84479642188e-08 1.12634065941 
39 999.87365936 -1.21773865237e-08 1.12634065234 
40 999.87365936 -1.05212916937e-08 1.12634065048 
41 999.87365936 -8.74732437335e-09 1.12634064848 
42 999.87365936 -6.97335705302e-09 1.12634064648 
43 999.873659361 -5.19938973268e-09 1.12634064448 
44 999.873659361 -3.42542241235e-09 1.12634064249 
45 999.873659361 -2.86451501755e-09 1.12634064185 
46 999.873659361 -2.81121731541e-09 1.12634064179 
47 999.873659361 -2.75791961328e-09 1.12634064173 
48 999.873659361 -2.70462191114e-09 1.12634064167 
49 999.873659361 -2.65132420901e-09 1.12634064161 
50 999.873659361 -2.59802650688e-09 1.12634064155 
51 999.873659361 -2.54472880474e-09 1.12634064149 
52 999.873659361 -2.49143110261e-09 1.12634064143 
53 999.873659361 -2.43813340048e-09 1.12634064137 
54 999.873659361 -2.38483569834e-09 1.12634064131 
55 999.873659361 -2.33153799621e-09 1.12634064125 
56 999.873659361 -2.27824029408e-09 1.12634064119 
57 999.873659361 -2.22494259194e-09 1.12634064113 
58 999.873659361 -2.17164488981e-09 1.12634064107 
59 999.873659361 -2.11834718768e-09 1.12634064101 
60 999.873659361 -2.06504948554e-09 1.12634064095 
61 999.873659361 -2.01175178341e-09 1.12634064089 
62 999.873659361 -1.95845408128e-09 1.12634064083 
63 999.873659361 -1.90515637914e-09 1.12634064077 
64 999.873659361 -1.85185867701e-09 1.12634064071 
65 999.873659361 -1.79856097487e-09 1.12634064065 
66 999.873659361 -1.74526327274e-09 1.12634064059 
67 999.873659361 -1.69196557061e-09 1.12634064053 
68 999.873659361 -1.63866786847e-09 1.12634064047 
69 999.873659361 -1.58537016634e-09 1.12634064041 
70 999.873659361 -1.53207246421e-09 1.12634064035 
