Time S I R
0  10000 1 0
1 9246.389791 709.858235245 44.7519737543 
2 229.179948963 7615.19125823 2156.6287928 
3 2.47250000525 5254.83449116 4743.69300883 
4 0.117026699372 3514.73398468 6486.14898862 
5 0.0151686675708 2349.76336489 7651.22146645 
6 0.00395846019455 1570.88134027 8430.11470127 
7 0.00158937180095 1050.17513794 8950.82327269 
8 0.000860071970237 702.068197932 9298.930942 
9 0.000531296014742 469.349578118 9531.64989059 
10 0.000404402106142 313.771527312 9687.22806829 
11 0.000340169712217 209.763933897 9791.23572593 
12 0.000301150590531 140.232273153 9860.7674257 
13 0.00027746050182 93.7486417614 9907.25108078 
14 0.000262729243332 62.6732129162 9938.32652435 
15 0.000253341684584 41.898555271 9959.10119139 
16 0.000247255720751 28.0101994118 9972.98955333 
17 0.000243268825216 18.725485603 9982.27427113 
18 0.000240639434196 12.5184357537 9988.48132361 
19 0.000238897497184 8.36887600898 9992.63088509 
20 0.000237740008743 5.59479460259 9995.40496766 
21 0.000236969332036 3.74025427832 9997.25950875 
22 0.000236455509366 2.50044966409 9998.49931388 
23 0.000236112629864 1.67161057918 9999.32815331 
24 0.000235883682763 1.11751184167 9999.88225227 
25 0.000235730749409 0.747083535394 10000.2526807 
26 0.00023562856768 0.499443286081 10000.5003211 
27 0.000235560279179 0.333889812091 10000.6658746 
28 0.000235514638916 0.223213336713 10000.7765511 
29 0.000235484132645 0.149223357621 10000.8505412 
30 0.000235463739955 0.0997593986828 10000.9000051 
31 0.000235450108448 0.0666915303639 10000.933073 
32 0.000235440995311 0.0445848868291 10000.9551797 
33 0.000235434903516 0.0298060611187 10000.9699585 
34 0.000235430830799 0.0199260616074 10000.9798385 
35 0.000235428107771 0.0133210513027 10000.9864435 
36 0.000235426290601 0.00890543874483 10000.9908591 
37 0.000235425073697 0.00595348725962 10000.9938111 
38 0.00023542425879 0.00398007314435 10000.9957845 
39 0.000235423716731 0.00266084793187 10000.9971037 
40 0.000235423352933 0.00177883264564 10000.9979857 
41 0.000235423109189 0.00118920193134 10000.9985754 
42 0.00023542294548 0.000795030607435 10000.9989695 
43 0.000235422838159 0.0005314857414 10000.9992331 
44 0.0002354227654 0.000355297983034 10000.9994093 
45 0.000235422716287 0.000237521323769 10000.9995271 
46 0.000235422685364 0.000158781733162 10000.9996058 
47 0.000235422663536 0.000106154272079 10000.9996584 
48 0.000235422648984 7.09521118217e-05 10000.9996936 
49 0.00023542263807 4.73959664857e-05 10000.9997172 
50 0.000235422630794 3.16911514338e-05 10000.9997329 
51 0.000235422627156 2.11698159283e-05 10000.9997434 
52 0.000235422623518 1.41860309848e-05 10000.9997504 
53 0.000235422621699 9.5003782575e-06 10000.9997551 
54 0.00023542261988 6.37886207995e-06 10000.9997582 
55 0.00023542261988 4.27437112393e-06 10000.9997603 
56 0.000235422618061 2.84168038627e-06 10000.9997617 
57 0.000235422618061 1.87372388283e-06 10000.9997627 
58 0.000235422618061 1.23953438128e-06 10000.9997633 
59 0.000235422618061 8.16702891222e-07 10000.9997638 
60 0.000235422616242 5.46978793398e-07 10000.999764 
61 0.000235422618061 3.74706052613e-07 10000.9997642 
62 0.00023542261988 2.57042056368e-07 10000.9997643 
63 0.00023542261988 1.75234495768e-07 10000.9997644 
64 0.000235422618061 1.1890322874e-07 10000.9997645 
65 0.000235422618061 8.04133150929e-08 10000.9997645 
66 0.000235422618061 5.42138890892e-08 10000.9997645 
67 0.000235422618061 3.67642409747e-08 10000.9997645 
68 0.000235422618061 2.04785248632e-08 10000.9997646 
69 0.000235422618061 3.13839898385e-09 10000.9997646 
70 0.000235422618061 -1.05885974234e-08 10000.9997646 
