Time S I R
0  1000 1 0
1 999.871954905 0.625803954816 0.502241140422 
2 999.791832546 0.39162350113 0.816543952453 
3 999.741696499 0.245073777442 1.01322972332 
4 999.710323117 0.153363080656 1.13631380219 
5 999.690690785 0.0959718660433 1.21333734877 
6 999.678405438 0.0600573283105 1.26153723412 
7 999.670717581 0.0375826286711 1.29169978985 
8 999.665906777 0.0235185922802 1.31057463044 
9 999.662896238 0.0147174540815 1.32238630769 
10 999.661012306 0.00920986719076 1.32977782716 
11 999.659833438 0.00576349564032 1.33440306677 
12 999.659095653 0.00360660996316 1.33729773719 
13 999.658633987 0.0022569464494 1.3391090665 
14 999.65834507 0.00141230598858 1.34024262447 
15 999.658164292 0.000883809415851 1.3409518984 
16 999.65805115 0.000553042533405 1.34139580726 
17 999.657980354 0.000346071662008 1.34167357449 
18 999.657936052 0.00021655766142 1.34184738999 
19 999.65790833 0.000135512174417 1.34195615786 
20 999.657890984 8.48027314409e-05 1.34202421294 
21 999.657880111 5.30157775726e-05 1.34206687293 
22 999.657873328 3.31856539036e-05 1.34209348613 
23 999.657869085 2.07804339172e-05 1.34211013468 
24 999.65786643 1.30198159445e-05 1.34212054989 
25 999.657864773 8.1748171973e-06 1.34212705216 
26 999.657863737 5.14513259191e-06 1.34213111818 
27 999.657863072 3.20087267616e-06 1.34213372749 
28 999.657862652 1.97416219909e-06 1.34213537381 
29 999.657862393 1.21564629582e-06 1.34213639178 
30 999.657862235 7.5457240046e-07 1.34213701057 
31 999.657862141 4.79165136508e-07 1.34213738019 
32 999.657862082 3.08396346035e-07 1.34213760937 
33 999.657862045 1.98136628078e-07 1.34213775734 
34 999.65786202 1.26109024528e-07 1.34213785401 
35 999.657862004 7.99516654195e-08 1.34213791595 
36 999.657861994 5.07418737293e-08 1.34213795516 
37 999.657861988 3.1904306542e-08 1.34213798044 
38 999.65786198 8.68885236869e-09 1.34213801159 
39 999.657861974 -9.18064653165e-09 1.34213803557 
40 999.657861969 -2.1704190159e-08 1.34213805238 
41 999.657861967 -2.88817785134e-08 1.34213806201 
42 999.657861966 -3.07134115949e-08 1.34213806447 
43 999.657861967 -2.71990894033e-08 1.34213805976 
44 999.657861969 -2.2277244583e-08 1.34213805315 
45 999.657861968 -2.45602234063e-08 1.34213805621 
46 999.657861968 -2.546442401e-08 1.34213805743 
47 999.657861968 -2.49898463941e-08 1.34213805679 
48 999.657861969 -2.31364905587e-08 1.3421380543 
49 999.65786197 -1.99043565038e-08 1.34213804997 
50 999.657861972 -1.52934442293e-08 1.34213804378 
51 999.657861973 -1.23016699747e-08 1.34213803976 
52 999.657861973 -1.08278556507e-08 1.34213803779 
53 999.657861974 -9.3540413267e-09 1.34213803581 
54 999.657861974 -7.8802270027e-09 1.34213803383 
55 999.657861975 -6.4064126787e-09 1.34213803185 
56 999.657861975 -4.9325983547e-09 1.34213802987 
57 999.657861976 -3.4587840307e-09 1.3421380279 
58 999.657861976 -3.10853233784e-09 1.34213802743 
59 999.657861976 -3.0633676727e-09 1.34213802736 
60 999.657861976 -3.01820300757e-09 1.3421380273 
61 999.657861976 -2.97303834243e-09 1.34213802724 
62 999.657861976 -2.9278736773e-09 1.34213802718 
63 999.657861976 -2.88270901216e-09 1.34213802712 
64 999.657861976 -2.83754434703e-09 1.34213802706 
65 999.657861976 -2.79237968189e-09 1.342138027 
66 999.657861976 -2.74721501676e-09 1.34213802694 
67 999.657861976 -2.70205035162e-09 1.34213802688 
68 999.657861976 -2.65688568649e-09 1.34213802682 
69 999.657861976 -2.61172102135e-09 1.34213802676 
70 999.657861976 -2.56655635621e-09 1.3421380267 
