Time S I R
0  1000 1 0
1 999.881485262 0.999186622065 0.119328116338 
2 999.763081707 0.998359880824 0.238558411881 
3 999.644790548 0.997519813157 0.357689638372 
4 999.526614666 0.99666650964 0.476718824848 
5 999.408553773 0.99579996256 0.595646264867 
6 999.290609886 0.994920238731 0.714469875581 
7 999.172784753 0.994027394675 0.83318785227 
8 999.055080114 0.993121486576 0.951798399323 
9 998.937497708 0.992202570619 1.07029972113 
10 998.820039061 0.991270699816 1.18869023898 
11 998.702705326 0.990325921642 1.30696875238 
12 998.585497983 0.989368288426 1.42513372907 
13 998.468418524 0.988397852696 1.54318362344 
14 998.351468443 0.987414666977 1.66111688989 
15 998.234649205 0.986418786306 1.77893200903 
16 998.117962218 0.985410270552 1.89662751193 
17 998.001408937 0.984389175503 2.01420188708 
18 997.884990822 0.983355556748 2.13165362085 
19 997.76870933 0.982309469877 2.24898119965 
20 997.652565788 0.981250980768 2.36618323106 
21 997.536561837 0.98018013066 2.4832580324 
22 997.420698684 0.979096994733 2.60020432089 
23 997.304977772 0.978001629879 2.71702059825 
24 997.189400533 0.976894093568 2.83370537303 
25 997.07396837 0.975774445494 2.95025718418 
26 996.958682621 0.974642749541 3.06667462932 
27 996.843544665 0.973499067067 3.18295626831 
28 996.728555873 0.972343459972 3.29910066732 
29 996.613717607 0.971175990907 3.4151064018 
30 996.49903122 0.969996723275 3.53097205649 
31 996.384498053 0.968805721227 3.64669622543 
32 996.270119438 0.967603049669 3.76227751193 
33 996.155896697 0.966388774255 3.87771452863 
34 996.041831141 0.965162961392 3.99300589742 
35 995.927924078 0.963925676882 4.10815024488 
36 995.814176822 0.962676983677 4.22314619459 
37 995.700590662 0.961416948371 4.33799238927 
38 995.58716688 0.960145638403 4.45268748129 
39 995.473906746 0.958863121807 4.56723013173 
40 995.360811522 0.957569467203 4.68161901043 
41 995.24788246 0.956264743806 4.79585279599 
42 995.135120803 0.954949021416 4.90993017571 
43 995.022527784 0.953622370426 5.02384984567 
44 994.910104627 0.952284861819 5.13761051068 
45 994.797852554 0.950936565924 5.25121088007 
46 994.685772792 0.9495775497 5.36464965847 
47 994.573866547 0.948207883667 5.47792556933 
48 994.462135015 0.946827639114 5.59103734548 
49 994.350579384 0.945436887753 5.70398372789 
50 994.239200833 0.94403570172 5.81676346571 
51 994.12800053 0.942624153569 5.92937531627 
52 994.016979639 0.941202316278 6.04181804507 
53 993.906139311 0.939770263246 6.15409042576 
54 993.795480692 0.938328068293 6.2661912402 
55 993.685004914 0.936875805189 6.37811928121 
56 993.574713093 0.93541354632 6.48987336064 
57 993.464606343 0.933941365759 6.60145229093 
58 993.35468577 0.932459338119 6.71285489196 
59 993.244952469 0.930967538359 6.82407999223 
60 993.135407529 0.929466041787 6.93512642886 
61 993.026052028 0.92795492406 7.04599304758 
62 992.916887036 0.926434261181 7.15667870272 
63 992.807913613 0.924904129502 7.26718225726 
64 992.699132812 0.923364605723 7.37750258275 
65 992.590545672 0.92181576648 7.48763856145 
66 992.482153219 0.920257686867 7.59758909376 
67 992.373956474 0.918690443563 7.70735308248 
68 992.265956448 0.917114113754 7.81692943817 
69 992.158154145 0.9155287749 7.92631708041 
70 992.050550557 0.913934504735 8.03551493777 
