Time S I R
0  1000 1 0
1 999.92508301 0.535539078664 0.539377911823 
2 999.88496451 0.286800839195 0.828234651202 
3 999.863480281 0.153591961583 0.982927757333 
4 999.851974934 0.0822538775138 1.06577118826 
5 999.845813476 0.0440498013157 1.11013672287 
6 999.842513848 0.0235903695466 1.13389578279 
7 999.840746762 0.0126334742642 1.146619764 
8 999.839800437 0.00676573521685 1.15343382793 
9 999.839293637 0.00362329094592 1.1570830723 
10 999.839022224 0.00194038053255 1.15903739525 
11 999.838876872 0.00103911509086 1.16008401287 
12 999.838799034 0.000556476132473 1.16064448973 
13 999.838757349 0.000298002283963 1.16094464911 
14 999.838735024 0.000159578650709 1.1611053971 
15 999.838723072 8.54675787721e-05 1.16119146048 
16 999.838716661 4.57189649744e-05 1.16123761957 
17 999.838713241 2.45117766681e-05 1.16126224696 
18 999.838711407 1.31393701149e-05 1.16127545346 
19 999.838710428 7.06998691104e-06 1.16128250169 
20 999.8387099 3.79294524213e-06 1.16128630724 
21 999.83870961 1.99530831621e-06 1.16128839479 
22 999.838709457 1.04636176621e-06 1.16128949678 
23 999.838709378 5.59382096333e-07 1.16129006229 
24 999.838709338 3.10879585376e-07 1.16129035087 
25 999.838709316 1.72392209314e-07 1.1612905117 
26 999.838709303 9.41318869208e-08 1.16129060258 
27 999.838709296 5.13183300162e-08 1.1612906523 
28 999.838709292 2.55810885767e-08 1.16129068218 
29 999.838709288 -1.69129259782e-09 1.16129071385 
30 999.838709285 -1.99567225964e-08 1.16129073507 
31 999.838709283 -2.92152014192e-08 1.16129074582 
32 999.838709283 -2.9466729066e-08 1.16129074611 
33 999.838709285 -2.10383700318e-08 1.16129073632 
34 999.838709284 -2.40500039491e-08 1.16129073982 
35 999.838709284 -2.47686547276e-08 1.16129074065 
36 999.838709284 -2.31943223674e-08 1.16129073883 
37 999.838709285 -1.93270068684e-08 1.16129073433 
38 999.838709286 -1.31667082306e-08 1.16129072718 
39 999.838709286 -1.08194722913e-08 1.16129072445 
40 999.838709287 -8.98056813218e-09 1.16129072232 
41 999.838709287 -7.14166397308e-09 1.16129072018 
42 999.838709287 -5.30275981399e-09 1.16129071805 
43 999.838709288 -3.46385565489e-09 1.16129071591 
44 999.838709288 -2.90483858012e-09 1.16129071526 
45 999.838709288 -2.84939178471e-09 1.1612907152 
46 999.838709288 -2.79394498929e-09 1.16129071513 
47 999.838709288 -2.73849819388e-09 1.16129071507 
48 999.838709288 -2.68305139847e-09 1.16129071501 
49 999.838709288 -2.62760460305e-09 1.16129071494 
50 999.838709288 -2.57215780764e-09 1.16129071488 
51 999.838709288 -2.51671101222e-09 1.16129071481 
52 999.838709288 -2.46126421681e-09 1.16129071475 
53 999.838709288 -2.4058174214e-09 1.16129071468 
54 999.838709288 -2.35037062598e-09 1.16129071462 
55 999.838709288 -2.29492383057e-09 1.16129071456 
56 999.838709288 -2.23947703516e-09 1.16129071449 
57 999.838709288 -2.18403023974e-09 1.16129071443 
58 999.838709288 -2.12858344433e-09 1.16129071436 
59 999.838709288 -2.07313664891e-09 1.1612907143 
60 999.838709288 -2.0176898535e-09 1.16129071423 
61 999.838709288 -1.96224305809e-09 1.16129071417 
62 999.838709288 -1.90679626267e-09 1.1612907141 
63 999.838709288 -1.85134946726e-09 1.16129071404 
64 999.838709288 -1.79590267185e-09 1.16129071398 
65 999.838709288 -1.74045587643e-09 1.16129071391 
66 999.838709288 -1.68500908102e-09 1.16129071385 
67 999.838709288 -1.6295622856e-09 1.16129071378 
68 999.838709288 -1.57411549019e-09 1.16129071372 
69 999.838709288 -1.51866869478e-09 1.16129071365 
70 999.838709288 -1.46322189936e-09 1.16129071359 
