Time S I R
0  1000 1 0
1 999.927034948 0.779726437966 0.293238614166 
2 999.870145666 0.60796903504 0.521885299347 
3 999.825790078 0.474043738692 0.700166183678 
4 999.791207344 0.369620668723 0.839171987511 
5 999.764243013 0.288198147967 0.947558838693 
6 999.743219248 0.224711953223 1.03206879924 
7 999.726826962 0.175210367766 1.09796267033 
8 999.714045941 0.136613365267 1.14934069378 
9 999.704080606 0.106518908037 1.18940048598 
10 999.696310583 0.0830538280317 1.22063558891 
11 999.690252267 0.0647578492277 1.24498988356 
12 999.685528572 0.0504922918668 1.26397913638 
13 999.681845477 0.0393692865817 1.27878523616 
14 999.678973802 0.0306967430627 1.29032945478 
15 999.676734694 0.0239345487453 1.29933075682 
16 999.674988835 0.0186619705601 1.30634919422 
17 999.673627584 0.0145509173571 1.31182149898 
18 999.672566199 0.0113454746734 1.31608832584 
19 999.67173863 0.00884616317873 1.31941520676 
20 999.671093394 0.00689750654397 1.32200909991 
21 999.670590294 0.00537811084872 1.32403159545 
22 999.670197995 0.0041933415016 1.32560866346 
23 999.669892112 0.00326955307795 1.32683833489 
24 999.669653619 0.00254928554428 1.3277970959 
25 999.669467664 0.00198768837709 1.3285446479 
26 999.669322671 0.00154979902667 1.32912753018 
27 999.669209623 0.0012083869259 1.32958198987 
28 999.669121482 0.000942195323459 1.32993632221 
29 999.669052755 0.000734634311409 1.33021261032 
30 999.668999165 0.000572787114168 1.33042804797 
31 999.668957381 0.000446596276041 1.33059602281 
32 999.668924803 0.000348209333902 1.3307269874 
33 999.668899404 0.000271500542373 1.33082909582 
34 999.668879598 0.000211685373174 1.33090871684 
35 999.668864155 0.000165047508364 1.33097079731 
36 999.668852116 0.000128689522337 1.33101919407 
37 999.668842733 0.000100351550519 1.33105691524 
38 999.668835407 7.82260502578e-05 1.33108636688 
39 999.668829687 6.09495220343e-05 1.33110936397 
40 999.668825237 4.75128195686e-05 1.3311272498 
41 999.668821772 3.70459619861e-05 1.33114118241 
42 999.668819077 2.89089516446e-05 1.33115201373 
43 999.668816962 2.25196240615e-05 1.33116051868 
44 999.66881533 1.75921045694e-05 1.33116707778 
45 999.668814048 1.37209626105e-05 1.33117223073 
46 999.668813052 1.07109439386e-05 1.33117623742 
47 999.668812276 8.36876448611e-06 1.33117935513 
48 999.668811673 6.54848455023e-06 1.33118177814 
49 999.6688112 5.11824490811e-06 1.33118368196 
50 999.668810823 3.97982374104e-06 1.33118519733 
51 999.668810529 3.09127625846e-06 1.33118638009 
52 999.66881029 2.36966298277e-06 1.33118734064 
53 999.668810119 1.85273332743e-06 1.33118802874 
54 999.66880998 1.43440832951e-06 1.33118858558 
55 999.66880987 1.10344641846e-06 1.33118902612 
56 999.668809789 8.57222145018e-07 1.33118935388 
57 999.668809726 6.68554051976e-07 1.33118960502 
58 999.668809679 5.24870798601e-07 1.33118979628 
59 999.668809643 4.1641949384e-07 1.33118994064 
60 999.668809614 3.29150019151e-07 1.3311900568 
61 999.668809592 2.61331988453e-07 1.33119014708 
62 999.668809573 2.06127055786e-07 1.33119022056 
63 999.668809559 1.62594449984e-07 1.33119027851 
64 999.668809547 1.27643007795e-07 1.33119032503 
65 999.668809538 1.00137036454e-07 1.33119036165 
66 999.668809531 7.8655262204e-08 1.33119039024 
67 999.668809525 6.1604629551e-08 1.33119041294 
68 999.668809521 4.855906683e-08 1.3311904303 
69 999.668809518 3.81063881632e-08 1.33119044422 
70 999.668809514 2.79045239434e-08 1.3311904578 
