Time S I R
0  1000 1 0
1 999.964548777 0.909273970038 0.126177252503 
2 999.932314798 0.826777560758 0.240907640751 
3 999.903006256 0.751765008917 0.345228735434 
4 999.876357462 0.683557189468 0.440085348962 
5 999.852127207 0.621537447351 0.52633534589 
6 999.830095919 0.56514436415 0.604759717256 
7 999.810063962 0.513867432919 0.676068605332 
8 999.791849628 0.467241936656 0.740908435446 
9 999.775288386 0.424847037503 0.799864576977 
10 999.760230683 0.386300173562 0.85346914348 
11 999.746539507 0.351250836501 0.902209656801 
12 999.734090034 0.319379683013 0.946530283425 
13 999.722770338 0.290400326661 0.986829335073 
14 999.712478078 0.264050889553 1.02347103265 
15 999.703119732 0.240092061831 1.0567882059 
16 999.69461059 0.218307057832 1.0870823517 
17 999.686873567 0.198498597606 1.11462783564 
18 999.679838636 0.180487462059 1.13967390219 
19 999.673442099 0.164110618201 1.16244728278 
20 999.667625985 0.149219685828 1.18315432895 
21 999.662337643 0.135679896631 1.20198246034 
22 999.65752919 0.123368684395 1.21910212599 
23 999.653157098 0.112174628231 1.23466827415 
24 999.649181689 0.101996159734 1.24882215093 
25 999.645567041 0.0927413167906 1.26169164224 
26 999.642280358 0.0843261472485 1.2733934946 
27 999.639291933 0.0766745976738 1.28403346959 
28 999.636574664 0.0697172878986 1.29370804844 
29 999.634103973 0.0633912952038 1.30250473207 
30 999.631857467 0.0576392918403 1.31050324072 
31 999.629814808 0.0524092056772 1.31777598583 
32 999.627957505 0.0476536964686 1.3243887985 
33 999.626268725 0.0433296704533 1.33040160448 
34 999.624733195 0.0393980245161 1.33586878003 
35 999.623336998 0.0358231242025 1.3408398778 
36 999.62206753 0.032572703756 1.34535976589 
37 999.62091323 0.0296171601127 1.34946960965 
38 999.619863649 0.0269297406004 1.35320661068 
39 999.618909323 0.0244862172256 1.35660445969 
40 999.618041567 0.0222643505582 1.3596940822 
41 999.61725256 0.020244116597 1.36250332291 
42 999.616535159 0.0184072236887 1.36505761756 
43 999.615882835 0.0167369595157 1.36738020572 
44 999.615289719 0.0152182963869 1.36949198432 
45 999.614750419 0.0138374248673 1.37141215623 
46 999.614260043 0.0125818225673 1.37315813459 
47 999.613814174 0.0114401807256 1.37474564488 
48 999.613408755 0.0104021071479 1.37618913807 
49 999.613040125 0.00945823309335 1.37750164191 
50 999.612704951 0.0086000217363 1.37869502735 
51 999.612400184 0.00781966713113 1.37978014898 
52 999.612123094 0.00711017942132 1.38076672657 
53 999.611871161 0.00646510679647 1.38166373172 
54 999.61164206 0.00587849199963 1.38247944832 
55 999.611433732 0.00534506872472 1.38322119944 
56 999.611244317 0.00486007330371 1.38389560921 
57 999.611072086 0.00441907569907 1.38450883782 
58 999.610915466 0.00401804954774 1.38506648416 
59 999.610773069 0.00365344138113 1.38557348949 
60 999.610643601 0.00332193863064 1.3860344601 
61 999.610525872 0.0030204920104 1.3864536362 
62 999.61041883 0.00274641016156 1.38683476024 
63 999.61032151 0.00249722229677 1.38718126798 
64 999.610233016 0.00227063363987 1.38749635042 
65 999.610152542 0.0020645797226 1.38778287831 
66 999.610079375 0.00187723652958 1.38804338802 
67 999.61001285 0.00170689759524 1.38828025249 
68 999.609952355 0.00155199991398 1.38849564516 
69 999.609897352 0.00141116589956 1.38869148161 
70 999.609847345 0.00128312194356 1.38886953287 
