Time S I R
0  1000 1 0
1 999.929391049 0.661720921426 0.408888029394 
2 999.882670126 0.43787067174 0.679459201774 
3 999.851755924 0.289746947001 0.858497129377 
4 999.831299858 0.191729775853 0.9769703666 
5 999.817763997 0.126870092164 1.05536591049 
6 999.808807288 0.0839517082182 1.10724100389 
7 999.802880546 0.0555519409235 1.14156751291 
8 999.798958764 0.0367594280604 1.16428180817 
9 999.796363716 0.0243243503904 1.17931193402 
10 999.794646507 0.0160957259943 1.18925776692 
11 999.793510219 0.0106507813665 1.19583899979 
12 999.792758324 0.00704779521863 1.20019388084 
13 999.792260798 0.00466371359763 1.20307548796 
14 999.791931549 0.00308598972285 1.20498246124 
15 999.791713688 0.0020420271573 1.20624428445 
16 999.791569523 0.00135120295616 1.20707927414 
17 999.791474136 0.000894119513308 1.20763174458 
18 999.791411012 0.00059163839912 1.20799734932 
19 999.791369242 0.000391479158576 1.20823927902 
20 999.791341604 0.000259042131144 1.20839935382 
21 999.791323315 0.000171400831461 1.20850528465 
22 999.791311215 0.000113423495601 1.20857536105 
23 999.791303205 7.50398561368e-05 1.20862175482 
24 999.791297899 4.96132777378e-05 1.20865248758 
25 999.791294398 3.28371424165e-05 1.20867276466 
26 999.791292078 2.17209552732e-05 1.20868620064 
27 999.791290551 1.44012761616e-05 1.20869504783 
28 999.791289538 9.54898960708e-06 1.20870091273 
29 999.791288871 6.34988107423e-06 1.20870477944 
30 999.791288423 4.20472743125e-06 1.20870737226 
31 999.791288108 2.6946561834e-06 1.20870919746 
32 999.791287923 1.80653441797e-06 1.20871027092 
33 999.791287791 1.17689134218e-06 1.20871103196 
34 999.791287707 7.72343892585e-07 1.20871152094 
35 999.791287653 5.14033518811e-07 1.20871183315 
36 999.791287618 3.49215141433e-07 1.20871203237 
37 999.791287595 2.37496887345e-07 1.2087121674 
38 999.791287579 1.60110235054e-07 1.20871226093 
39 999.791287568 1.07050044276e-07 1.20871232507 
40 999.79128756 7.16699331253e-08 1.20871236783 
41 999.791287556 4.80785818835e-08 1.20871239634 
42 999.791287552 3.22270502197e-08 1.2087124155 
43 999.791287548 1.22565614023e-08 1.20871243964 
44 999.791287545 -4.2513286975e-09 1.2087124596 
45 999.791287542 -1.67595544797e-08 1.20871247471 
46 999.79128754 -2.52681159444e-08 1.208712485 
47 999.791287539 -2.97770130914e-08 1.20871249045 
48 999.791287539 -3.02862459209e-08 1.20871249106 
49 999.79128754 -2.67958144328e-08 1.20871248684 
50 999.791287541 -2.16210111846e-08 1.20871248059 
51 999.791287541 -2.37414589917e-08 1.20871248315 
52 999.79128754 -2.48397035253e-08 1.20871248448 
53 999.79128754 -2.49157447854e-08 1.20871248457 
54 999.791287541 -2.39695827719e-08 1.20871248343 
55 999.791287541 -2.20012174849e-08 1.20871248105 
56 999.791287542 -1.90106489244e-08 1.20871247743 
57 999.791287542 -1.49978770904e-08 1.20871247258 
58 999.791287543 -1.20626252198e-08 1.20871246904 
59 999.791287543 -1.08225700179e-08 1.20871246754 
60 999.791287544 -9.58251481602e-09 1.20871246604 
61 999.791287544 -8.34245961412e-09 1.20871246454 
62 999.791287544 -7.10240441222e-09 1.20871246304 
63 999.791287544 -5.86234921032e-09 1.20871246154 
64 999.791287545 -4.62229400842e-09 1.20871246004 
65 999.791287545 -3.38223880652e-09 1.20871245854 
66 999.791287545 -2.97700168692e-09 1.20871245805 
67 999.791287545 -2.93942978403e-09 1.20871245801 
68 999.791287545 -2.90185788114e-09 1.20871245796 
69 999.791287545 -2.86428597825e-09 1.20871245792 
70 999.791287545 -2.82671407536e-09 1.20871245787 
