Time S I R
0  1000 1 0
1 999.797917584 1.08923582791 0.11284658768 
2 999.57785186 1.18638679446 0.235761345531 
3 999.338218383 1.29214542686 0.369636190312 
4 999.077295855 1.40726315679 0.515440988442 
5 998.793213094 1.5325557656 0.674231140395 
6 998.4839374 1.66890816357 0.847154436005 
7 998.147264756 1.81727833422 1.03545690958 
8 997.780802536 1.9787044299 1.240493034 
9 997.381954689 2.15431069509 1.46373461543 
10 996.947910458 2.34531196857 1.70677757337 
11 996.475620617 2.55302302013 1.97135636257 
12 995.961780012 2.77886540444 2.25935458354 
13 995.402814684 3.02437214697 2.57281316926 
14 994.794856537 3.29119741054 2.91394605268 
15 994.133724051 3.58112355058 3.28515239874 
16 993.414898513 3.89606952819 3.68903195848 
17 992.633502208 4.23809863333 4.1283991585 
18 991.784273326 4.60942669215 4.60629998209 
19 990.86154154 5.01242985675 5.12602860302 
20 989.859202751 5.44965261891 5.69114462993 
21 988.770693772 5.92381494388 6.30549128434 
22 987.588964213 6.43781869093 6.97321709611 
23 986.306450193 6.99475474759 7.69879505905 
24 984.915054237 7.59790519349 8.48704056967 
25 983.406114406 8.25074971564 9.34313587833 
26 981.770387434 8.95696359393 10.2726489723 
27 979.998023837 9.72041973434 11.2815564289 
28 978.078553849 10.5451826582 12.3762634925 
29 976.000873231 11.4355018922 13.5636248765 
30 973.753232775 12.3958023111 14.8509649135 
31 971.32324324 13.4306635681 16.2460931915 
32 968.697869883 14.5448055613 17.7573245559 
33 965.86346173 15.7430514912 19.3934867791 
34 962.805760741 17.0303022726 21.1639369862 
35 959.509955104 18.4114842995 23.0785605962 
36 955.960718866 19.8915037394 25.1477773944 
37 952.142286148 21.4751812632 27.3825325885 
38 948.038539025 23.1671777628 29.794283212 
39 943.633101638 24.9719162532 32.3949821086 
40 938.909487518 26.8934764711 35.1970360112 
41 933.85122481 28.9354976111 38.2132775784 
42 928.442056919 31.1010498249 41.4568932559 
43 922.666113248 33.3925101982 44.9413765534 
44 916.508148764 35.8114212092 48.6804300265 
45 909.953797787 38.3583381304 52.6878640829 
46 902.989826578 41.0326717723 56.97750165 
47 895.604427087 43.8325520815 61.5630208318 
48 887.787534527 46.7546378717 66.4578276011 
49 879.531117115 49.7940004928 71.6748823926 
50 870.829502401 52.9439817835 77.2265158153 
51 861.679728648 56.1960313057 83.1242400459 
52 852.081743423 59.5397096318 89.3785469449 
53 842.038812097 62.9625118538 95.9986760491 
54 831.55765372 66.4499276806 102.992418599 
55 820.648649109 69.9854597088 110.365891182 
56 809.326093718 73.5506137061 118.123292576 
57 797.608050625 77.1251746573 126.266774718 
58 785.516584089 80.6872525166 134.796163394 
59 773.077531234 84.2136002633 143.708868503 
60 760.320338039 87.6799221894 152.999739771 
61 747.277923089 91.0611743797 162.660902532 
62 733.98618403 94.3319862982 172.681829672 
63 720.48369454 97.4671128237 183.049192636 
64 706.811213485 100.441807645 193.74697887 
65 693.011119274 103.232311619 204.756569107 
66 679.12681941 105.816369128 216.056811462 
67 665.202305202 108.173420936 227.624273861 
68 651.281315163 110.285269096 239.433415741 
69 637.406924518 112.136221884 251.456853598 
70 623.621030604 113.713303445 263.665665952 
