Time S I R
0  1000 1 0
1 999.88285577 0.454177189895 0.6629670402 
2 999.829656747 0.206275563458 0.964067689304 
3 999.805496083 0.0936842241869 1.10081969247 
4 999.794523246 0.0425485088536 1.16292824527 
5 999.789539792 0.019324348548 1.1911358592 
6 999.787276449 0.00877654780434 1.20394700312 
7 999.786248521 0.00398610942948 1.20976536993 
8 999.785781645 0.00181033325655 1.21240802199 
9 999.785569613 0.000822202548223 1.21360818471 
10 999.785473307 0.000373389863464 1.21415330312 
11 999.785429572 0.000169570011386 1.2144008584 
12 999.78540971 7.70071568939e-05 1.21451328329 
13 999.785400684 3.49432980803e-05 1.21456437316 
14 999.785396597 1.58975061775e-05 1.21458750578 
15 999.785394742 7.25537930026e-06 1.21459800232 
16 999.785393892 3.29494725125e-06 1.21460281258 
17 999.7853935 1.46553024829e-06 1.21460503455 
18 999.785393326 6.52969816426e-07 1.21460602147 
19 999.785393252 3.08697574763e-07 1.21460643962 
20 999.785393217 1.46204851452e-07 1.21460663698 
21 999.7853932 6.76835417082e-08 1.21460673235 
22 999.785393192 3.15841993914e-08 1.21460677619 
23 999.785393185 -3.73541699336e-09 1.21460681909 
24 999.78539318 -2.44361392031e-08 1.21460684423 
25 999.785393179 -3.05154277178e-08 1.21460685162 
26 999.785393181 -2.19732825375e-08 1.21460684124 
27 999.78539318 -2.45416566243e-08 1.21460684436 
28 999.78539318 -2.45547213511e-08 1.21460684438 
29 999.785393181 -2.08304414193e-08 1.21460683985 
30 999.785393183 -1.33688168288e-08 1.21460683079 
31 999.785393183 -1.05067958791e-08 1.21460682731 
32 999.785393184 -8.13484670136e-09 1.21460682443 
33 999.785393184 -5.76289752365e-09 1.21460682155 
34 999.785393185 -3.39094834594e-09 1.21460681867 
35 999.785393185 -2.94497338694e-09 1.21460681813 
36 999.785393185 -2.87309451117e-09 1.21460681804 
37 999.785393185 -2.8012156354e-09 1.21460681796 
38 999.785393185 -2.72933675963e-09 1.21460681787 
39 999.785393185 -2.65745788386e-09 1.21460681778 
40 999.785393185 -2.58557900809e-09 1.21460681769 
41 999.785393185 -2.51370013232e-09 1.21460681761 
42 999.785393185 -2.44182125655e-09 1.21460681752 
43 999.785393185 -2.36994238078e-09 1.21460681743 
44 999.785393185 -2.29806350502e-09 1.21460681734 
45 999.785393185 -2.22618462925e-09 1.21460681726 
46 999.785393185 -2.15430575348e-09 1.21460681717 
47 999.785393185 -2.08242687771e-09 1.21460681708 
48 999.785393185 -2.01054800194e-09 1.214606817 
49 999.785393185 -1.93866912617e-09 1.21460681691 
50 999.785393185 -1.8667902504e-09 1.21460681682 
51 999.785393185 -1.79491137463e-09 1.21460681673 
52 999.785393185 -1.72303249886e-09 1.21460681665 
53 999.785393185 -1.65115362309e-09 1.21460681656 
54 999.785393185 -1.57927474732e-09 1.21460681647 
55 999.785393185 -1.50739587155e-09 1.21460681638 
56 999.785393185 -1.43551699578e-09 1.2146068163 
57 999.785393185 -1.36363812001e-09 1.21460681621 
58 999.785393185 -1.29175924424e-09 1.21460681612 
59 999.785393185 -1.21988036847e-09 1.21460681604 
60 999.785393185 -1.1480014927e-09 1.21460681595 
61 999.785393185 -1.07612261694e-09 1.21460681586 
62 999.785393185 -1.00424374117e-09 1.21460681577 
63 999.785393185 -9.32364865396e-10 1.21460681569 
64 999.785393185 -8.60485989627e-10 1.2146068156 
65 999.785393185 -7.88607113858e-10 1.21460681551 
66 999.785393185 -7.16728238088e-10 1.21460681542 
67 999.785393185 -6.44849362319e-10 1.21460681534 
68 999.785393185 -5.72970486549e-10 1.21460681525 
69 999.785393185 -5.0109161078e-10 1.21460681516 
70 999.785393185 -4.29212735011e-10 1.21460681507 
