Time S I R
0  1000 1 0
1 999.927329376 0.597528227789 0.475142395714 
2 999.8839094 0.35703885238 0.759051748061 
3 999.857965676 0.213338973556 0.928695350865 
4 999.842464035 0.127474724907 1.03006124005 
5 999.833201626 0.0761690927875 1.09062928169 
6 999.82766716 0.0455127342813 1.12682010602 
7 999.824360235 0.0271950160454 1.14844474853 
8 999.822384258 0.0162496431137 1.16136609938 
9 999.821203569 0.00970953987679 1.16908689107 
10 999.820498112 0.00580184785543 1.17370004011 
11 999.82007654 0.00346666178857 1.17645679786 
12 999.819824654 0.00207140288397 1.17810394308 
13 999.819674142 0.00123767830867 1.17908818005 
14 999.819584214 0.000739547005999 1.17967623904 
15 999.819530475 0.000441871814737 1.18002765356 
16 999.819498368 0.00026402402523 1.18023760822 
17 999.819479182 0.000157750451405 1.18036306737 
18 999.819467722 9.4270757249e-05 1.18043800706 
19 999.819460862 5.627120878e-05 1.18048286666 
20 999.819456774 3.36244535706e-05 1.18050960184 
21 999.819454333 2.01061975734e-05 1.18052556055 
22 999.819452876 1.20314489824e-05 1.18053509303 
23 999.819452007 7.21949420705e-06 1.18054077369 
24 999.819451485 4.32838579716e-06 1.18054418673 
25 999.819451158 2.51563734014e-06 1.18054632673 
26 999.819450976 1.5104003562e-06 1.18054751344 
27 999.819450863 8.83070773106e-07 1.18054825403 
28 999.819450799 5.30218632403e-07 1.18054867058 
29 999.819450763 3.27113315927e-07 1.18054891035 
30 999.81945074 2.01639878512e-07 1.18054905848 
31 999.819450726 1.22817016284e-07 1.18054915153 
32 999.819450717 7.44040428463e-08 1.18054920868 
33 999.819450712 4.51804375873e-08 1.18054924318 
34 999.819450708 2.42587799288e-08 1.18054926788 
35 999.819450704 1.35555563188e-09 1.18054929492 
36 999.819450701 -1.53831001648e-08 1.18054931468 
37 999.819450699 -2.59571874613e-08 1.18054932716 
38 999.819450698 -3.03667062575e-08 1.18054933237 
39 999.819450698 -2.86116565536e-08 1.18054933029 
40 999.8194507 -2.11145006587e-08 1.18054932144 
41 999.819450699 -2.37746172006e-08 1.18054932458 
42 999.819450699 -2.48628076013e-08 1.18054932587 
43 999.819450699 -2.4379071861e-08 1.1805493253 
44 999.819450699 -2.23234099797e-08 1.18054932287 
45 999.8194507 -1.86958219572e-08 1.18054931859 
46 999.819450701 -1.34963077937e-08 1.18054931245 
47 999.819450701 -1.12811014028e-08 1.18054930984 
48 999.819450702 -9.75220099541e-09 1.18054930803 
49 999.819450702 -8.22330058802e-09 1.18054930623 
50 999.819450702 -6.69440018064e-09 1.18054930442 
51 999.819450703 -5.16549977325e-09 1.18054930262 
52 999.819450703 -3.63659936586e-09 1.18054930081 
53 999.819450703 -2.94290368473e-09 1.18054929999 
54 999.819450703 -2.89671077243e-09 1.18054929994 
55 999.819450703 -2.85051786014e-09 1.18054929988 
56 999.819450703 -2.80432494785e-09 1.18054929983 
57 999.819450703 -2.75813203555e-09 1.18054929977 
58 999.819450703 -2.71193912326e-09 1.18054929972 
59 999.819450703 -2.66574621096e-09 1.18054929966 
60 999.819450703 -2.61955329867e-09 1.18054929961 
61 999.819450703 -2.57336038638e-09 1.18054929956 
62 999.819450703 -2.52716747408e-09 1.1805492995 
63 999.819450703 -2.48097456179e-09 1.18054929945 
64 999.819450703 -2.43478164949e-09 1.18054929939 
65 999.819450703 -2.3885887372e-09 1.18054929934 
66 999.819450703 -2.34239582491e-09 1.18054929928 
67 999.819450703 -2.29620291261e-09 1.18054929923 
68 999.819450703 -2.25001000032e-09 1.18054929917 
69 999.819450703 -2.20381708803e-09 1.18054929912 
70 999.819450703 -2.15762417573e-09 1.18054929906 
