Time S I R
0  1000 1 0
1 999.858878106 1.13214983127 0.00897206322893 
2 999.699130571 1.28173961719 0.0191298121117 
3 999.518310235 1.4510603049 0.0306294596275 
4 999.313646351 1.64270565173 0.0436479973195 
5 999.082004551 1.85960964852 0.0583858005114 
6 998.819845644 2.10508503184 0.075069323852 
7 998.523168894 2.38287629529 0.0939548110618 
8 998.187455724 2.69721227625 0.11533199955 
9 997.807604808 3.05286678006 0.139528412382 
10 997.377850648 3.45523458965 0.166914762432 
11 996.891692685 3.91039760627 0.197909708385 
12 996.341797349 4.42521620405 0.232986446587 
13 995.719896205 5.00742416544 0.272679629826 
14 995.016672844 5.66573402791 0.317593127606 
15 994.221634161 6.40995685742 0.368408981875 
16 993.322978701 7.25112470771 0.425896591181 
17 992.307445876 8.2016306445 0.49092347944 
18 991.160127322 9.27540364614 0.564469031479 
19 989.86430087 10.4880624149 0.647636714933 
20 988.401232722 11.8570981133 0.741669164711 
21 986.749957254 13.4020775773 0.84796516897 
22 984.887058582 15.144843803 0.968097614548 
23 982.786424088 17.1097422067 1.10383370559 
24 980.418993454 19.3238489593 1.25715758655 
25 977.752502742 21.817203667 1.43029359118 
26 974.751235277 24.6230320513 1.62573267212 
27 971.37575983 27.7779803592 1.84625981057 
28 967.582719015 31.3222970115 2.09498397306 
29 963.324598928 35.3000319198 2.37536915217 
30 958.549616374 39.7591169018 2.69126672384 
31 953.201574268 44.7514765312 3.04694920094 
32 947.219946235 50.3329115095 3.44714225543 
33 940.539899895 56.5630408506 3.8970592542 
34 933.092708857 63.5048624733 4.40242866937 
35 924.806064676 71.2244097457 4.96952557803 
36 915.60497744 79.7898349095 5.60518765089 
37 905.412528949 89.2706333267 6.31683772421 
38 894.151423006 99.7360980943 7.1124788996 
39 881.745350886 111.253949514 8.00069959988 
40 868.121286137 123.888077531 8.99063633187 
41 853.211610052 137.69644001 10.0919499381 
42 836.957076948 152.72817859 11.3147444621 
43 819.30974464 169.020753676 12.6695016833 
44 800.236244406 186.596807229 14.1669483652 
45 779.721345781 205.460717106 15.8179371133 
46 757.77080191 225.59593442 17.63326367 
47 734.415121626 246.961390942 19.6234874316 
48 709.710995466 269.490291328 21.7987132061 
49 683.743432386 293.088202492 24.1683651215 
50 656.626563629 317.632481072 26.7409552995 
51 628.502573207 342.973578015 29.5238487782 
52 599.53986511 368.93709828 32.5230366104 
53 569.929507313 395.327535955 35.7429567322 
54 539.880677331 421.932998954 39.1863237146 
55 509.614689269 448.531295589 42.8540151421 
56 479.358656698 474.896322545 46.7450207565 
57 449.338386769 500.805184278 50.8564289528 
58 419.771768607 526.044741799 55.1834895933 
59 390.862545315 550.417737336 59.7197173491 
60 362.79468881 573.748257579 64.4570536109 
61 335.728665905 595.885276344 69.386057751 
62 309.79819276 616.705673547 74.4961336932 
63 285.109010683 636.115217892 79.7757714243 
64 261.738643201 654.048572911 85.2127838887 
65 239.737400862 670.468041844 90.7945572931 
66 219.130295679 685.361439673 96.508264648 
67 199.919574379 698.739350164 102.341075457 
68 182.087874319 710.631791875 108.280333806 
69 165.601217775 721.085077366 114.313704859 
70 150.412731044 730.157962938 120.429306018 
