Time S I R
0  1000 1 0
1 999.962294368 0.94511680821 0.0925888237922 
2 999.926660269 0.893245664065 0.180094067176 
3 999.89298255 0.844219482486 0.262797967214 
4 999.861154337 0.797883148559 0.340962514662 
5 999.831073942 0.754089047596 0.414837010776 
6 999.802645375 0.712697803834 0.484656821664 
7 999.775777955 0.673577725973 0.550644318645 
8 999.750386039 0.63660441085 0.613009550086 
9 999.726388514 0.60166002087 0.67195146511 
10 999.703708799 0.568633281762 0.727657918765 
11 999.6822745 0.537418983868 0.780306516436 
12 999.662017032 0.507917445697 0.830065522304 
13 999.642871815 0.4800347862 0.877093398364 
14 999.624778037 0.453682587766 0.921539375443 
15 999.607678225 0.42877728168 0.963544493103 
16 999.591517803 0.405239496599 1.00324270064 
17 999.576244995 0.382993935207 1.04076106961 
18 999.56181047 0.361968850623 1.07622067944 
19 999.548168068 0.342097097906 1.1097348336 
20 999.535274665 0.32331592974 1.14140940521 
21 999.523089409 0.305565906564 1.17134468397 
22 999.51157342 0.288790452036 1.19963612806 
23 999.500689841 0.272935936275 1.22637422244 
24 999.490403803 0.257951614325 1.25164458242 
25 999.480682573 0.243789844156 1.27552758326 
26 999.47149513 0.230405476194 1.29809939393 
27 999.462812135 0.217755802622 1.31943206252 
28 999.454605928 0.205800558747 1.33959351356 
29 999.446850325 0.194501628083 1.35864804658 
30 999.439520588 0.183822992978 1.37665641908 
31 999.432593342 0.173730622288 1.3936760361 
32 999.426046451 0.16419228671 1.40976126257 
33 999.419859038 0.155177588035 1.42496337353 
34 999.414011379 0.146657803084 1.43933081776 
35 999.408484801 0.138605741912 1.45290945725 
36 999.40326171 0.130995784459 1.46574250504 
37 999.398325446 0.123803665114 1.47787088923 
38 999.393660212 0.117006381641 1.48933340675 
39 999.389251091 0.110582208821 1.50016670014 
40 999.385084093 0.104510769304 1.51040513749 
41 999.381145914 0.0987726866738 1.52008139884 
42 999.377423946 0.0933495962816 1.52922645756 
43 999.373906333 0.0882242299527 1.53786943721 
44 999.370581889 0.0833802951387 1.54603781551 
45 999.367439992 0.0788023170389 1.55375769103 
46 999.364470581 0.0744756420028 1.56105377731 
47 999.361664224 0.0703865308492 1.56794924514 
48 999.359011977 0.066521953116 1.57446607001 
49 999.356505354 0.0628695472656 1.58062509923 
50 999.35413634 0.0594176387694 1.58644602134 
51 999.351897419 0.0561552764006 1.59194730478 
52 999.349781442 0.0530720464897 1.59714651145 
53 999.347781635 0.0501580788713 1.60206028663 
54 999.345891627 0.0474040938349 1.60670427965 
55 999.344105408 0.0448013351296 1.61109325699 
56 999.34241727 0.0423414858245 1.61524124426 
57 999.340821809 0.0400166736404 1.61916151714 
58 999.339313973 0.0378195365044 1.62286649079 
59 999.337888956 0.0357430744734 1.62636796965 
60 999.336542194 0.0337806362627 1.6296771702 
61 999.335269347 0.0319259003762 1.63280475281 
62 999.334066355 0.0301729510519 1.63576069349 
63 999.332929433 0.0285162718828 1.6385542947 
64 999.33185495 0.0269505724252 1.64119447793 
65 999.33083946 0.0254708340147 1.64368970631 
66 999.329879699 0.0240722998695 1.64604800137 
67 999.328972641 0.0227505610463 1.64827679797 
68 999.328115403 0.0215014168426 1.65038317979 
69 999.327305243 0.0203208707329 1.65237388625 
70 999.326539555 0.0192051264469 1.65425531904 
