Time S I R
0  1000 1 0
1 999.807266208 1.05246410927 0.140269682625 
2 999.604466293 1.10763913169 0.287894574905 
3 999.391082097 1.16566143166 0.443256471637 
4 999.166573973 1.22667267687 0.606753349923 
5 998.930374869 1.29082135127 0.778803779453 
6 998.681889901 1.35826279697 0.959847301687 
7 998.420494926 1.4291595211 1.15034555307 
8 998.145536836 1.50368106515 1.35078209863 
9 997.85633086 1.58200460774 1.56166453184 
10 997.552159649 1.66431511604 1.78352523532 
11 997.232271511 1.75080566401 2.01692282469 
12 996.895880388 1.84167744306 2.26244216908 
13 996.542164537 1.93713999587 2.52069546754 
14 996.170262834 2.03741179243 2.79232537405 
15 995.779274205 2.14272041439 3.07800538093 
16 995.368256667 2.25330261602 3.37844071731 
17 994.936227327 2.3694041333 3.69436853974 
18 994.482158737 2.49128050061 4.02656076192 
19 994.004978249 2.61919682991 4.37582492119 
20 993.503566572 2.75342799446 4.74300543335 
21 992.976756237 2.89425891967 5.12898484371 
22 992.423330161 3.04198430879 5.5346855304 
23 991.842020211 3.1969089835 5.96107080597 
24 991.231505879 3.3593478504 6.40914627044 
25 990.59041328 3.52962540775 6.87996131189 
26 989.917313367 3.70807628094 7.37461035251 
27 989.210721456 3.89504441134 7.89423413273 
28 988.469096133 4.09088282743 8.44002104 
29 987.690837038 4.29595439037 9.01320857146 
30 986.874284366 4.51063110203 9.61508453172 
31 986.017721569 4.73529110036 10.2469873309 
32 985.119371074 4.97032080513 10.9103081204 
33 984.177393336 5.21611461024 11.6064920537 
34 983.189889331 5.47307246314 12.3370382055 
35 982.154904136 5.74159688725 13.1034989764 
36 981.070419453 6.02209652116 13.9074840262 
37 979.934356005 6.3149838566 14.7506601387 
38 978.744583161 6.62066935594 15.6347474833 
39 977.498914034 6.93956317176 16.5615227938 
40 976.195102924 7.27207564256 17.5328214335 
41 974.830851904 7.61861322416 18.5505348722 
42 973.4038255 7.97957077718 19.6166037231 
43 971.911635765 8.35533765468 20.7330265806 
44 970.351848286 8.7462940321 21.9018576815 
45 968.722000483 9.15280222947 23.1251972877 
46 967.01960399 9.57520475637 24.4051912533 
47 965.242134907 10.0138274631 25.7440376302 
48 963.387046905 10.4689732366 27.1439798583 
49 961.451802 10.9409093848 28.6072886155 
50 959.433851027 11.4298738214 30.1362751515 
51 957.330641674 11.9360709521 31.7332873741 
52 955.139643292 12.4596621527 33.4006945555 
53 952.858369413 13.0007571387 35.1408734479 
54 950.484355117 13.5594198002 36.9562250832 
55 948.015178764 14.1356599427 38.8491612932 
56 945.448505287 14.7294204646 40.8220742485 
57 942.782074519 15.3405782615 42.8773472196 
58 940.013706178 15.9689409763 45.0173528458 
59 937.141328309 16.6142390899 47.2444326015 
60 934.163018088 17.2761169956 49.5608649164 
61 931.076978012 17.9541330596 51.9688889288 
62 927.881561311 18.6477528892 54.4706857998 
63 924.575310908 19.3563459418 57.0683431499 
64 921.156969417 20.0791799596 59.7638506236 
65 917.625481313 20.8154147453 62.5591039418 
66 913.980019252 21.5640999765 65.4558807716 
67 910.220014562 22.3241833091 68.4558021287 
68 906.345160711 23.094493181 71.5603461077 
69 902.355433236 23.8737370271 74.770829737 
70 898.25110321 24.6605141614 78.0883826282 
