Time S I R
0  1000 1 0
1 999.982682975 0.497420370554 0.519896654067 
2 999.97406927 0.247427601583 0.778503128428 
3 999.969784647 0.12307556675 0.907139785783 
4 999.967653402 0.0612205019563 0.971126096152 
5 999.966593279 0.0304525445418 1.00295417637 
6 999.966065948 0.0151478078396 1.01878624373 
7 999.965803642 0.0075348805436 1.02666147729 
8 999.965673167 0.00374807862668 1.03057875486 
9 999.965608262 0.00186434743801 1.03252739069 
10 999.965575977 0.000927344416404 1.03349667849 
11 999.965559918 0.000461262705884 1.03397881922 
12 999.96555193 0.000229434615983 1.03421863503 
13 999.965547957 0.000114122182487 1.03433792059 
14 999.965545979 5.67207294242e-05 1.03439729983 
15 999.965544998 2.82243092894e-05 1.03442677811 
16 999.965544509 1.40565469167e-05 1.03444143402 
17 999.965544267 7.02334365641e-06 1.03444870956 
18 999.965544146 3.50011856573e-06 1.03445235418 
19 999.965544084 1.71080419268e-06 1.03445420514 
20 999.965544054 8.29819841033e-07 1.03445511648 
21 999.96554404 4.20568437086e-07 1.03445553984 
22 999.965544033 2.18469393532e-07 1.0344557489 
23 999.965544029 1.11504385621e-07 1.03445585955 
24 999.965544027 5.64240378856e-08 1.03445591653 
25 999.965544026 2.80042331104e-08 1.03445594593 
26 999.965544025 -2.01328209083e-09 1.03445597698 
27 999.965544024 -2.12639255494e-08 1.03445599689 
28 999.965544024 -2.97476972653e-08 1.03445600567 
29 999.965544024 -2.74645972385e-08 1.03445600331 
30 999.965544024 -2.20732850201e-08 1.03445599773 
31 999.965544024 -2.41429718193e-08 1.03445599987 
32 999.965544024 -2.35024070711e-08 1.03445599921 
33 999.965544024 -2.01515907756e-08 1.03445599574 
34 999.965544025 -1.40905229327e-08 1.03445598947 
35 999.965544025 -1.04903627128e-08 1.03445598575 
36 999.965544025 -8.54834740191e-09 1.03445598374 
37 999.965544025 -6.606332091e-09 1.03445598173 
38 999.965544025 -4.66431678009e-09 1.03445597972 
39 999.965544025 -2.77923240066e-09 1.03445597777 
40 999.965544025 -2.72149200554e-09 1.03445597771 
41 999.965544025 -2.66375161041e-09 1.03445597765 
42 999.965544025 -2.60601121529e-09 1.03445597759 
43 999.965544025 -2.54827082016e-09 1.03445597753 
44 999.965544025 -2.49053042503e-09 1.03445597747 
45 999.965544025 -2.43279002991e-09 1.03445597741 
46 999.965544025 -2.37504963478e-09 1.03445597735 
47 999.965544025 -2.31730923966e-09 1.03445597729 
48 999.965544025 -2.25956884453e-09 1.03445597723 
49 999.965544025 -2.20182844941e-09 1.03445597717 
50 999.965544025 -2.14408805428e-09 1.03445597711 
51 999.965544025 -2.08634765916e-09 1.03445597705 
52 999.965544025 -2.02860726403e-09 1.03445597699 
53 999.965544025 -1.9708668689e-09 1.03445597693 
54 999.965544025 -1.91312647378e-09 1.03445597687 
55 999.965544025 -1.85538607865e-09 1.03445597681 
56 999.965544025 -1.79764568353e-09 1.03445597675 
57 999.965544025 -1.7399052884e-09 1.03445597669 
58 999.965544025 -1.68216489328e-09 1.03445597663 
59 999.965544025 -1.62442449815e-09 1.03445597657 
60 999.965544025 -1.56668410303e-09 1.03445597651 
61 999.965544025 -1.5089437079e-09 1.03445597646 
62 999.965544025 -1.45120331277e-09 1.0344559764 
63 999.965544025 -1.39346291765e-09 1.03445597634 
64 999.965544025 -1.33572252252e-09 1.03445597628 
65 999.965544025 -1.2779821274e-09 1.03445597622 
66 999.965544025 -1.22024173227e-09 1.03445597616 
67 999.965544025 -1.16250133715e-09 1.0344559761 
68 999.965544025 -1.10476094202e-09 1.03445597604 
69 999.965544025 -1.0470205469e-09 1.03445597598 
70 999.965544025 -9.8928015177e-10 1.03445597592 
