Time S I R
0  10000 1 0
1 8888.86279674 1038.44173563 73.695467629 
2 122.584839776 7124.49289092 2753.92226931 
3 1.59103697158 4527.17982386 5472.22913917 
4 0.104614196052 2825.15330484 7175.74208096 
5 0.0190905685558 1762.41622589 8238.56468354 
6 0.00666331081084 1099.42042463 8901.57291206 
7 0.00345424181069 685.830694359 9315.1658514 
8 0.00228267464627 427.827919775 9573.16979755 
9 0.00176291495336 266.883094899 9734.11514219 
10 0.00150153265895 166.484107893 9834.51439057 
11 0.00135846705962 103.85426436 9897.14437717 
12 0.00127622890432 64.7852167776 9936.21350699 
13 0.00122747043315 40.4135941528 9960.58517838 
14 0.00119800296488 25.2103587791 9975.78844322 
15 0.00117998040332 15.7264449017 9985.27237512 
16 0.0011688753948 9.81029498341 9991.18853614 
17 0.00116200100456 6.11974838505 9994.87908961 
18 0.00115773319703 3.81755304403 9997.18128922 
19 0.00115507884766 2.38142345567 9998.61742147 
20 0.0011534261248 1.48555305038 9999.51329352 
21 0.00115239634033 0.926701118939 10000.0721465 
22 0.00115175441533 0.578084324256 10000.4207639 
23 0.00115135415945 0.360614087488 10000.6382346 
24 0.00115110454681 0.224954243517 10000.7738947 
25 0.00115094886314 0.140328310492 10000.8585207 
26 0.00115085175821 0.0875380214084 10000.9113111 
27 0.00115079118768 0.0546069951495 10000.9442422 
28 0.00115075340364 0.0340643186026 10000.9647849 
29 0.00115072983317 0.0212496171732 10000.9775997 
30 0.00115071513028 0.0132556969628 10000.9855936 
31 0.00115070595893 0.00826901737987 10000.9905803 
32 0.00115070023821 0.00515824827402 10000.9936911 
33 0.00115069667117 0.00321783344659 10000.9956315 
34 0.00115069444291 0.00200734865558 10000.996842 
35 0.00115069305321 0.00125219999883 10000.9975971 
36 0.00115069218737 0.000781155502568 10000.9980682 
37 0.00115069164531 0.000487274983152 10000.998362 
38 0.00115069130698 0.00030395841752 10000.9985454 
39 0.00115069109779 0.000189607365921 10000.9986597 
40 0.00115069096682 0.000118274875937 10000.998731 
41 0.00115069088497 7.37783965341e-05 10000.9987755 
42 0.00115069083222 4.59814426731e-05 10000.9988033 
43 0.00115069079948 2.86965934891e-05 10000.9988206 
44 0.00115069077947 1.79166029341e-05 10000.9988314 
45 0.00115069076855 1.1188404073e-05 10000.9988381 
46 0.00115069075946 7.00558167945e-06 10000.9988423 
47 0.001150690754 4.39043812137e-06 10000.9988449 
48 0.00115069075218 2.72072613236e-06 10000.9988466 
49 0.00115069075036 1.6742470338e-06 10000.9988476 
50 0.00115069074855 1.02470334119e-06 10000.9988483 
51 0.00115069074673 6.36085157687e-07 10000.9988487 
52 0.00115069074855 4.04538297834e-07 10000.9988489 
53 0.00115069074855 2.59848525154e-07 10000.998849 
54 0.00115069074855 1.65992012682e-07 10000.9988491 
55 0.00115069074855 1.05125257934e-07 10000.9988492 
56 0.00115069074673 6.64299150089e-08 10000.9988492 
57 0.00115069074855 4.20922245833e-08 10000.9988493 
58 0.00115069074673 2.4400206174e-08 10000.9988493 
59 0.00115069074855 3.83522554562e-09 10000.9988493 
60 0.00115069074673 -1.18818778404e-08 10000.9988493 
61 0.00115069074855 -2.2751103984e-08 10000.9988493 
62 0.00115069074673 -2.87724528851e-08 10000.9988493 
63 0.00115069074673 -2.99459245439e-08 10000.9988493 
64 0.00115069074673 -2.62715189603e-08 10000.9988493 
65 0.00115069074491 -2.12153330803e-08 10000.9988493 
66 0.00115069074491 -2.32375996246e-08 10000.9988493 
67 0.00115069074491 -2.40439128099e-08 10000.9988493 
68 0.00115069074491 -2.36342726364e-08 10000.9988493 
69 0.00115069074491 -2.20086791039e-08 10000.9988493 
70 0.00115069074491 -1.91671322126e-08 10000.9988493 
