Time S I R
0  1000 1 0
1 999.880766978 0.739959788878 0.379273233034 
2 999.792548702 0.547531807468 0.659919490429 
3 999.72727693 0.405140436089 0.867582633511 
4 999.678983363 0.299778537068 1.02123810039 
5 999.643250584 0.221815693572 1.13493372199 
6 999.616811546 0.164127593737 1.21906086061 
7 999.597249094 0.121442284261 1.28130862201 
8 999.582774636 0.0898582039091 1.32736716001 
9 999.572064737 0.0664881720627 1.36144709135 
10 999.564140329 0.0491961159496 1.3866635554 
11 999.558276919 0.0364012882057 1.40532179319 
12 999.553938539 0.0269342313503 1.41912722982 
13 999.550728437 0.0199292240103 1.42934233885 
14 999.548353232 0.0147460868338 1.4369006812 
15 999.546595756 0.0109109364996 1.44249330798 
16 999.545295366 0.00807323035065 1.446631404 
17 999.544333252 0.00597370604241 1.44969304186 
18 999.543621287 0.00442005324321 1.45195866004 
19 999.543094478 0.00327044813744 1.45363507416 
20 999.542704702 0.00241987821434 1.45487541932 
21 999.542416286 0.0017904933358 1.45579322084 
22 999.542202883 0.00132480422263 1.45647231266 
23 999.542044994 0.000980257376026 1.45697474856 
24 999.541928163 0.000725307142401 1.45734653005 
25 999.54184171 0.00053664885209 1.45762164123 
26 999.541777748 0.000397070645293 1.4578251813 
27 999.541730425 0.000293801454085 1.45797577371 
28 999.541695405 0.00021738139566 1.45808721334 
29 999.541669495 0.000160840569746 1.45816966406 
30 999.541650329 0.000119014989507 1.45823065626 
31 999.541636143 8.8059540435e-05 1.45827579707 
32 999.541625624 6.51049597678e-05 1.45830927061 
33 999.541617858 4.81575700073e-05 1.45833398416 
34 999.541612123 3.56426733316e-05 1.45835223402 
35 999.541607886 2.63968074489e-05 1.45836571681 
36 999.541604745 1.95411400593e-05 1.4583757141 
37 999.541602418 1.4464675981e-05 1.45838311686 
38 999.541600702 1.07186653335e-05 1.45838857948 
39 999.541599435 7.95310640497e-06 1.45839261236 
40 999.541598499 5.91233126764e-06 1.45839558832 
41 999.541597791 4.3668068958e-06 1.45839784208 
42 999.541597264 3.21707679262e-06 1.45839951868 
43 999.541596864 2.34360416968e-06 1.45840079242 
44 999.541596584 1.73299551802e-06 1.45840168284 
45 999.54159637 1.26511283616e-06 1.45840236513 
46 999.541596215 9.27248691263e-07 1.45840285782 
47 999.541596105 6.8667201758e-07 1.45840320864 
48 999.541596026 5.14094348646e-07 1.45840346031 
49 999.541595968 3.87496448853e-07 1.45840364492 
50 999.541595924 2.92556572233e-07 1.45840378336 
51 999.541595891 2.19934331539e-07 1.45840388927 
52 999.541595866 1.64982436109e-07 1.4584039694 
53 999.541595846 1.22949033599e-07 1.45840403069 
54 999.541595832 9.18580706371e-08 1.45840407603 
55 999.541595821 6.83280847758e-08 1.45840411035 
56 999.541595813 5.11716111272e-08 1.45840413536 
57 999.541595808 3.81703249956e-08 1.45840415432 
58 999.541595801 2.425736627e-08 1.45840417461 
59 999.541595794 9.51180164879e-09 1.45840419611 
60 999.541595789 -2.94873551285e-09 1.45840421428 
61 999.541595784 -1.31242452149e-08 1.45840422912 
62 999.54159578 -2.10147274574e-08 1.45840424063 
63 999.541595778 -2.66201822404e-08 1.4584042488 
64 999.541595776 -2.99406095638e-08 1.45840425365 
65 999.541595776 -3.09760094276e-08 1.45840425516 
66 999.541595776 -2.97263818318e-08 1.45840425333 
67 999.541595778 -2.61917267765e-08 1.45840424818 
68 999.54159578 -2.20826223619e-08 1.45840424219 
69 999.541595779 -2.39255099211e-08 1.45840424487 
70 999.541595778 -2.51739704328e-08 1.45840424669 
