Time S I R
0  10000 1 0
1 9995.39918964 5.10982995319 0.490980404226 
2 9971.94770928 26.0551431478 2.99714757375 
3 9853.8523063 131.439902291 15.7077914109 
4 9293.59128639 629.246420837 78.1622927705 
5 7233.82273692 2421.69156323 345.485699852 
6 3539.99022666 5353.05950628 1107.95026706 
7 1151.9798064 6543.30528061 2305.71491299 
8 358.614532846 6091.59175076 3550.7937164 
9 127.470644394 5219.16362201 4654.36573359 
10 53.2173693311 4361.47171357 5586.3109171 
11 25.7378048826 3613.89805693 6361.36413819 
12 14.1144675185 2984.50266799 7002.38286449 
13 8.59731858856 2461.06925173 7531.33342968 
14 5.71372162948 2027.94428291 7967.34199546 
15 4.0805673089 1670.37847215 8326.54096054 
16 3.09255853076 1375.53743845 8622.37000301 
17 2.46115258239 1132.57422735 8865.96462007 
18 2.03921287975 932.437634379 9066.52315274 
19 1.74677145168 767.617809114 9231.63541943 
20 1.53780214778 631.903431933 9367.55876592 
21 1.38468632912 520.166300062 9479.44901361 
22 1.27016384357 428.177013989 9571.55282217 
23 1.18305319415 352.449722397 9647.36722441 
24 1.11584187192 290.111176191 9709.77298194 
25 1.06339236779 238.796005811 9761.14060182 
26 1.02207569773 196.555868723 9803.42205558 
27 0.989272810402 161.786315698 9838.22441149 
28 0.963063905856 133.166571508 9866.87036459 
29 0.942013504058 109.609164709 9890.44882179 
30 0.925033188056 90.2188035206 9909.85616329 
31 0.911286502276 74.2584814391 9925.83023206 
32 0.900125141581 61.1215036998 9938.97837116 
33 0.891040980981 50.3084828297 9949.80047619 
34 0.883632572564 41.4082995349 9958.70806789 
35 0.87758117189 34.0826590252 9966.0397598 
36 0.872631441118 28.0529822427 9972.07438632 
37 0.868578321801 23.0900085617 9977.04141312 
38 0.865256408493 19.0050522377 9981.12969135 
39 0.862531718005 15.6427708733 9984.49469741 
40 0.860295506911 12.875321753 9987.26438274 
41 0.858459269442 10.5974755227 9989.54406521 
42 0.856950831412 8.72261172866 9991.42043744 
43 0.855711250015 7.17944020113 9992.96484855 
44 0.854692316545 5.90927976522 9994.23602792 
45 0.853854559287 4.86383024144 9995.2823152 
46 0.853165631657 4.00333778832 9996.14349658 
47 0.852599003874 3.295080309 9996.85232069 
48 0.852132904403 2.71212512618 9997.43574197 
49 0.851749457061 2.23230443445 9997.91594611 
50 0.851433977468 1.83737195197 9998.31119407 
51 0.851174399262 1.51230964967 9998.63651595 
52 0.850960804242 1.24475634454 9998.90428285 
53 0.850785038028 1.02453772075 9999.12467724 
54 0.850640395098 0.843279499635 9999.30608011 
55 0.850521360238 0.694088720067 9999.45538992 
56 0.850423397329 0.571292508853 9999.57828409 
57 0.850342774214 0.470221054603 9999.67943617 
58 0.850276420444 0.387030861296 9999.76269272 
59 0.850221809704 0.318558467168 9999.83121972 
60 0.850176863167 0.262200006723 9999.88762313 
61 0.850139870217 0.215812308312 9999.93404782 
62 0.850109423156 0.17763138433 9999.97225919 
63 0.850084363421 0.14620519319 10000.0037104 
64 0.850063737842 0.120338963931 10000.0295973 
65 0.850046761687 0.0990489513119 10000.0509043 
66 0.850032789136 0.0815254795141 10000.0684417 
67 0.850021288727 0.0671021928221 10000.0828765 
68 0.850011823075 0.0552306580981 10000.0947575 
69 0.850004032141 0.0454594030514 10000.1045366 
70 0.849997619609 0.0374168499009 10000.1125855 
