"Time" "S" "I" "R"
0 997 3 0
1 995.565156577 4.2916513082 0.14319211432
2 993.516839091 6.13519621992 0.34796468905
3 990.597382703 8.76206041728 0.640556879526
4 986.445688797 12.4961769152 1.05813428762
5 980.560588227 17.7863326061 1.65307916655
6 972.256210592 25.2450901084 2.4986992995
7 960.612875876 35.69056111 3.69656301374
8 944.433842957 50.1807690454 5.385387998
9 922.229937325 70.0192399425 7.75082273289
10 892.271219406 96.6944920324 11.0342885616
11 852.761729687 131.701014135 15.5372561774
12 802.193126204 176.191676248 21.6151975477
13 739.884843278 230.460948187 29.654208535
14 666.594420213 293.380041478 40.0255383093
15 584.920461006 362.058500172 53.0210388223
16 499.158195851 432.056563093 68.7852410556
17 414.476141822 498.254664889 87.2691932898
18 335.701141955 556.071429638 108.227428407
19 266.282251507 602.457091569 131.260656925
20 207.86308886 636.250903198 155.886007942
21 160.480123925 657.911567717 181.608308358
22 123.100200657 668.926671016 207.973128327
23 94.1827817024 671.221706684 234.595511614
24 72.0942238861 666.737489457 261.168286656
25 55.3436478029 657.198811444 287.457540753
26 42.6797416838 644.028339589 313.291918727
27 33.1048221822 628.344751794 338.550426024
28 25.8484515461 611.00052169 363.151026764
29 20.3273495907 592.63159142 387.041058989
30 16.1052113364 573.705177408 410.189611256
31 12.8575148815 554.560830715 432.581654403
32 10.3434943009 535.442849218 454.213656481
33 8.38449273982 516.525190974 475.090316286
34 6.84762041835 497.930221068 495.222158514
35 5.63366702448 479.742558391 514.623774585
36 4.66831055101 462.019141299 533.31254815
37 3.89546342467 444.79684837 551.307688206
38 3.27264046923 428.097796566 568.629562965
39 2.76749231653 411.933308827 585.299198856
40 2.35521387528 396.306881021 601.337905104
41 2.0167310954 381.216251076 616.767017829
42 1.73711147825 366.655212199 631.607676323
43 1.5048245087 352.61444482 645.880730671
44 1.31079761278 339.082587472 659.606614915
45 1.14785335915 326.046868071 672.80527857
46 1.01030945017 313.493547023 685.496143527
47 0.893631753108 301.408293331 697.698074916
48 0.794179372802 289.776458909 709.429361718
49 0.709025009669 278.583265962 720.707709028
50 0.635807939223 267.813955137 731.550236923
51 0.572532712503 257.453996592 741.973470696
52 0.517658676027 247.488963099 751.993378225
53 0.469861856838 237.904785613 761.625352531
54 0.428089911567 228.687670417 770.884239671
55 0.391435761971 219.824223584 779.784340654
56 0.359169363688 211.301396525 788.339434111
57 0.33065871178 203.106555682 796.562785606
58 0.305391751037 195.227437829 804.46717042
59 0.282924612451 187.65219134 812.064884048
60 0.262890904341 180.369350649 819.367758446
61 0.244977064757 173.367839246 826.387183689
62 0.22892177986 166.636957009 833.134121211
63 0.214482534023 160.166416957 839.619100509
64 0.201448299531 153.946315115 845.852236586
65 0.189651490465 147.96702267 851.84332584
66 0.178954404215 142.219309043 857.601736553
67 0.169250855543 136.694325637 863.136423507
68 0.160427789467 131.383498795 868.456073416
69 0.152373825283 126.278550136 873.569076039
70 0.145014244922 121.371579873 878.483405882
71 0.138286918615 116.654997011 883.20671607
72 0.132116190188 112.121409727 887.746474082
73 0.12644396886 107.763755883 892.109800148
74 0.121221004639 103.575247469 896.303531527
75 0.116402217878 99.5493210369 900.334276745
76 0.111951829616 95.6797080539 904.208340116
77 0.107836311207 91.9603630032 907.931800686
78 0.104022590865 88.3854466708 911.510530738
79 0.100484855351 84.9493878476 914.950127297
80 0.0971982958414 81.6467984337 918.256003271
81 0.0941403824254 78.4724950115 921.433364606
82 0.091292805373 75.4215322582 924.487174936
83 0.0886365686534 72.4890940344 927.422269397
84 0.0861564328541 69.6705977004 930.243245867
85 0.08383862278 66.9616381427 932.954523235
86 0.0816698637043 64.3579513716 935.560378765
87 0.079638500191 61.8554531132 938.064908387
88 0.077733791275 59.4502191538 940.472047055
89 0.0759462719047 57.1384791457 942.785574582
90 0.0742677616138 54.9166095909 945.009122647
91 0.0726897328391 52.781108901 947.146201366
92 0.0712037759164 50.7285982427 949.200197981
93 0.0698040388702 48.7558703898 951.174325571
94 0.0684847790384 46.8598336517 953.071681569
95 0.0672402881991 45.0375067502 954.895252962
96 0.0660653826658 43.2860251143 956.647909503
97 0.0649555903531 41.602640558 958.332403852
98 0.0639065685202 39.9847065677 959.951386864
99 0.0629142440779 38.4296772587 961.507408497
100 0.0619750319507 36.9351103069 963.002914661
