"Time" "S" "I" "R"
0 997 3 0
1 996.172921097 3.66109982823 0.165979074288
2 995.164626213 4.46686251862 0.368511268368
3 993.935973475 5.44844309664 0.61558342872
4 992.439632035 6.64346947903 0.916898486091
5 990.618520362 8.09725432295 1.28422531473
6 988.403971628 9.86420716329 1.73182120915
7 985.713679433 12.009396896 2.27692367142
8 982.449417327 14.6102584105 2.94032426295
9 978.494567147 17.758399212 3.74703364123
10 973.711579983 21.5613871709 4.72703284638
11 967.939514566 26.1443680105 5.91611742329
12 960.991943964 31.6512519378 7.35680409839
13 952.655600851 38.2451147891 9.09928436013
14 942.690320937 46.1073113089 11.2023677546
15 930.831011511 55.434653951 13.7343345383
16 916.792534385 66.4338822209 16.7735833944
17 900.278509947 79.3125729146 20.4089171386
18 880.995023921 94.2657079752 24.7392681042
19 858.669959621 111.457411964 29.8726284146
20 833.07800133 130.998032188 35.9239664813
21 804.070500895 152.917629769 43.0118693354
22 771.607578942 177.138573108 51.2538479495
23 735.788449725 203.451230202 60.7603200727
24 696.874405558 231.498029857 71.6275645851
25 655.298389484 260.771405688 83.9302048275
26 611.656109746 290.629861833 97.7140284213
27 566.676451618 320.333449658 112.990098724
28 521.173140758 349.095783273 129.731075969
29 475.984038821 376.145546492 147.870414687
30 431.90758401 400.787741906 167.304674084
31 389.646529725 422.454795982 187.898674294
32 349.767047907 440.740161186 209.492790907
33 312.677329934 455.411255919 231.911414147
34 278.625426301 466.40302248 254.971551219
35 247.71269532 473.796585456 278.490719225
36 219.917540505 477.788937932 302.293521563
37 195.123826846 478.659563052 326.216610101
38 173.149379819 476.738618425 350.112001756
39 153.771481647 472.379610849 373.848907504
40 136.74776591 465.93789659 397.3143375
41 121.832078621 457.755140323 420.412781056
42 108.785636133 448.149117234 443.065246633
43 97.3843012875 437.407769664 465.207929049
44 87.4223181695 425.787127715 486.790554116
45 78.7145510139 413.510559392 507.774889594
46 71.0963673582 400.770554945 528.133077696
47 64.4229158249 387.730926782 547.846157393
48 58.5678248716 374.529474807 566.902700322
49 53.4213183213 361.281107725 585.297573954
50 48.8884786778 348.08063659 603.030884732
51 44.8875088875 335.005462165 620.107028947
52 41.347989196 322.118120301 636.533890503
53 38.209386892 309.468459285 652.322153823
54 35.4196698044 297.095608483 667.484721713
55 32.9340869883 285.029689128 682.036223884
56 30.7141908914 273.29320915 695.992599959
57 28.7268566536 261.902394839 709.370748507
58 26.9435388047 250.868208891 722.188252304
59 25.339579842 240.197302269 734.463117889
60 23.8936760793 229.892720531 746.21360339
61 22.5873540413 219.954611425 757.458034534
62 21.404595404 210.380713078 768.214691518
63 20.3314595279 201.166855804 778.501684668
64 19.3558019687 192.307319723 788.336878308
65 18.467019717 183.795160117 797.737820166
66 17.6558286979 175.622487857 806.721683446
67 16.9140947213 167.780674427 815.305230852
68 16.2346612103 160.260562634 823.504776155
69 15.6112329951 153.052598938 831.336168067
70 15.0382482112 146.146983382 838.814768407
71 14.5107862267 139.533769497 845.955444276
72 14.0244887002 133.202946456 852.772564844
73 13.5755031806 127.144490518 859.280006302
74 13.1603710299 121.348496526 865.491132444
75 12.7760304218 115.805146704 871.418822874
76 12.4197343777 110.504799753 877.075465869
77 12.0890270805 105.437999432 882.472973488
78 11.7817115988 100.595495889 887.622792512
79 11.4958035125 95.9682873216 892.535909166
80 11.2295273791 91.5476022919 897.222870329
81 10.9812740011 87.3249391658 901.693786833
82 10.7495947219 83.2920527742 905.958352504
83 10.5331775506 79.4409670416 910.025855408
84 10.3308318568 75.7639768445 913.905191299
85 10.1414801927 72.2536411677 917.60487864
86 9.96413896758 68.9027921896 921.133068843
87 9.79791559638 65.704521717 924.497562687
88 9.64199248114 62.6521865347 927.705820984
89 9.49562500552 59.739395515 930.764979479
90 9.3581372502 56.9600003323 933.681862417
91 9.22890318605 54.3081063196 936.462990494
92 9.10734888022 51.7780556277 939.114595492
93 8.9929514152 49.3644153814 941.642633203
94 8.88522655676 47.0619807505 944.052792693
95 8.78372826575 44.8657635891 946.350508145
96 8.68804823108 42.7709815138 948.540970255
97 8.59780747176 40.7730571534 950.629135375
98 8.51265517278 38.8676090238 952.619735803
99 8.43226878009 37.0504413204 954.517289899
100 8.35634849537 35.3175408722 956.326110632
