"Time" "S" "I" "R"
0 997 3 0
1 995.569503326 4.28737656265 0.143120111022
2 993.529408033 6.12300569363 0.347586273836
3 990.624511361 8.73603676898 0.639451869645
4 986.497486394 12.4469292832 1.05558432256
5 980.65280519 17.6992964597 1.64789835054
6 972.41278783 25.0982263605 2.48898580977
7 960.869179652 35.4514728981 3.67934744987
8 944.840280331 49.8035589565 5.35616071258
9 922.855008131 69.4420463765 7.70294549283
10 893.201990225 95.8396575263 10.9583522487
11 854.098392458 130.481059236 15.4205483068
12 804.033688663 174.524727114 21.4415842229
13 742.298040305 228.297112253 29.4048474423
14 669.585572271 290.733640715 39.6807870146
15 588.404674035 359.031794821 52.5635311442
16 502.959857636 428.836714555 68.2034278091
17 418.363330437 495.076598061 86.5600715022
18 339.44207435 553.160607052 107.397318599
19 269.696192194 599.980033453 130.323774352
20 210.845114445 634.293303889 154.861581667
21 162.99759864 656.484972255 180.517429104
22 125.172986421 667.990795284 206.836218295
23 95.860321094 670.708910328 233.430768578
24 73.4372056271 666.571796061 259.990998312
25 56.4124620288 657.307526932 286.28001104
26 43.5285159266 644.347754346 312.123729727
27 33.7792623872 628.821897518 337.398840095
28 26.3857576732 611.592831879 362.021410448
29 20.7571295889 593.305596486 385.937273925
30 16.4507028837 574.434952593 409.114344523
31 13.1368290532 555.326482234 431.536688713
32 10.5706838003 536.229234341 453.200081859
33 8.57046007979 517.32084121 474.108698711
34 7.00082973194 498.726502969 494.272667299
35 5.76070812354 480.53301038 513.706281497
36 4.77433624766 462.798959637 532.426704116
37 3.98451714813 445.562502495 550.452980357
38 3.34790720384 428.846734442 567.805358354
39 2.83149617316 412.663724367 584.504779459
40 2.40996426699 397.017542177 600.572493556
41 2.06383157679 381.9063715 616.029796923
42 1.77786837233 367.324324273 630.897807355
43 1.54028443075 353.262354873 645.197360696
44 1.34180798627 339.709304619 658.948887394
45 1.17510954997 326.652548985 672.172341465
46 1.03438658038 314.078458703 684.887154717
47 0.915000913614 301.972794723 697.112204363
48 0.813230003251 290.320974644 708.865795353
49 0.726081530078 279.108267409 720.165651061
50 0.651146515402 268.319941273 731.028912212
51 0.58638490944 257.94149042 741.472124671
52 0.530215985106 247.958507024 751.511276991
53 0.481288594444 238.356926822 761.161784584
54 0.438525371626 229.122959052 770.438515577
55 0.400999367435 220.243207325 779.355793307
56 0.367963766901 211.704617654 787.927418579
57 0.33877201396 203.494549403 796.166678583
58 0.312900045061 195.600730166 804.086369789
59 0.289893431603 188.011297604 811.698808964
60 0.269378336287 180.714773583 819.01584808
61 0.251031123744 173.700072509 826.048896367
62 0.234587132049 166.956477272 832.808935596
63 0.219800119448 160.473682606 839.306517275
64 0.206453595444 154.241774626 845.551771778
65 0.194373276638 148.251120814 851.554505909
66 0.183416962077 142.492463844 857.324119194
67 0.173472997304 136.956935825 862.869591178
68 0.164436366754 131.635974326 868.199589307
69 0.156187052522 126.521270497 873.32254245
70 0.148646398501 121.604904196 878.246449406
71 0.141752535926 116.87927973 882.978967735
72 0.135431111213 112.337002961 887.527565928
73 0.129620174862 107.970986391 891.899393434
74 0.124269482568 103.774436335 896.101294183
75 0.119332744094 99.7407772257 900.13989003
76 0.114772451205 95.8637209345 904.021506614
77 0.110555751444 92.1372241926 907.752220056
78 0.106648243983 88.5554304819 911.337921274
79 0.103023040722 85.1127527806 914.784224179
80 0.0996555638708 81.8038067912 918.096537645
81 0.0965222134847 78.6233895694 921.280088217
82 0.093604254839 75.5665478793 924.339847866
83 0.0908823509333 72.6284584714 927.280659178
84 0.0883408417468 69.8045286491 930.107130509
85 0.0859655433163 67.0903437987 932.823690658
86 0.083743033415 64.4816372267 935.43461974
87 0.0816612673775 61.9743126168 937.944026116
88 0.0797093414283 59.564439296 940.355851363
89 0.0778773249683 57.2482376503 942.673885025
90 0.0761569772794 55.0220799233 944.901763099
91 0.0745397531269 52.8824613091 947.042998938
92 0.0730170672109 50.8259965599 949.100986373
93 0.0715824948866 48.8494634173 951.078954088
94 0.0702303954794 46.9497695569 952.980000048
95 0.0689549561155 45.1239285652 954.807116479
96 0.0677508004545 43.3690691255 956.563180074
97 0.0666133477609 41.6824379278 958.250948724
98 0.0655381816279 40.0613840877 959.873077731
99 0.0645211376999 38.5033570135 961.432121849
100 0.0635584945264 37.0059083959 962.93053311
