"Time" "S" "I" "R"
0 997 3 0
1 995.569243175 4.28711305317 0.143643771876
2 993.528903054 6.12225153057 0.348845415318
3 990.623838087 8.73441915757 0.641742755893
4 986.496830942 12.443848785 1.05932027345
5 980.652539141 17.693806839 1.65365402007
6 972.413582469 25.0888610812 2.49755644982
7 960.872169149 35.4360042075 3.69182664328
8 944.847277446 49.778683137 5.37403941734
9 922.868755708 69.4030113385 7.72823295374
10 893.226387558 95.7798981106 10.9937143316
11 854.138563211 130.391986862 15.4694499271
12 804.095678413 174.395912079 21.5084095085
13 742.387918414 228.117125281 29.4949563043
14 669.707894058 290.491648892 39.8004570503
15 588.560680744 358.719579659 52.7197395966
16 503.146248479 428.450291329 68.4034601922
17 418.572426012 494.616575652 86.8109983366
18 339.663485836 552.631076295 107.705437868
19 269.919201124 599.386658797 130.694140079
20 211.060679064 633.641609664 155.297711271
21 163.199362271 655.779418262 181.021219467
22 125.357328136 667.234632499 207.408039365
23 96.0258457961 669.904483073 234.069671131
24 73.5840636878 665.720965557 260.694970755
25 56.541740594 656.412021533 287.046237873
26 43.6417806634 643.409396311 312.948823026
27 33.8782539719 627.84271282 338.279033208
28 26.47220763 610.57508018 362.95271219
29 20.8326610422 592.251751376 386.915587581
30 16.5167832496 573.347659701 410.135557049
31 13.1947563751 554.20850737 432.596736255
32 10.6215891556 535.083414168 454.294996676
33 8.61532006499 516.150037787 475.234642148
34 7.04048265366 497.53356536 495.425951986
35 5.79587084241 479.32074363 514.883385527
36 4.80562065316 461.570099942 533.624279405
37 4.01244529424 444.319698248 551.667856458
38 3.37292441522 427.592532504 569.034543081
39 2.85398256618 411.400560236 585.745457198
40 2.43024477854 395.747733381 601.822021841
41 2.08218411301 380.632114104 617.285701783
42 1.79453205033 366.047690048 632.157777902
43 1.55546435501 351.985292662 646.459242983
44 1.3556807667 338.433641153 660.21067808
45 1.18782773468 325.379991012 673.432181253
46 1.04608222353 312.810596066 686.143321711
47 0.925788591062 300.711103987 698.363107422
48 0.823209366368 289.066823092 710.109967542
49 0.735339465508 277.862917296 721.401743238
50 0.659758871668 267.084554365 732.255686763
51 0.594418349438 256.7171322 742.688449451
52 0.537729054551 246.746151457 752.716119488
53 0.488332800578 237.157460953 762.354206246
54 0.445146163766 227.937187427 771.617666409
55 0.40723691202 219.071856428 780.52090666
56 0.373853707009 210.548340092 789.077806201
57 0.344346053079 202.353928059 797.301725888
58 0.318186448985 194.476282212 805.205531339
59 0.294917427136 186.903478448 812.801604125
60 0.274162432326 179.623980583 820.101856985
61 0.255595753304 172.626648123 827.117756124
62 0.238950571239 165.900712808 833.860336621
63 0.223978628654 159.435821974 840.340199397
64 0.210461769902 153.222017681 846.567520549
65 0.198224198503 147.249624758 852.552151043
66 0.187122449459 141.509346517 858.303531033
67 0.177043855812 135.992279382 863.830676762
68 0.167883228489 130.689829253 869.142287518
69 0.159518887268 125.593653501 874.246827612
70 0.151871182768 120.69580259 879.152326228
71 0.14487786919 115.988655824 883.866466306
72 0.138464469825 111.464796115 888.396739415
73 0.132567890311 107.117110485 892.750321625
74 0.127137182839 102.93878402 896.934078797
75 0.122125728144 98.9232226297 900.954651642
76 0.117495588289 95.0641201331 904.818384279
77 0.113213586089 91.3554176273 908.531368787
78 0.109244968102 87.7912439733 912.099511059
79 0.105562511492 84.3659988249 915.528438664
80 0.102141327204 81.0742855933 918.82357308
81 0.0989575801666 77.9108909463 921.990151474
82 0.0959922824763 74.8708517356 925.033155982
83 0.0932258897706 71.9493363882 927.957437722
84 0.0906425342513 69.1417445087 930.767612957
85 0.0882278592048 66.4436550362 933.468117105
86 0.085968247207 63.850794664 936.063237089
87 0.0838515165361 61.3590628217 938.557085662
88 0.0818666054188 58.9645244312 940.953608963
89 0.0800034949134 56.6633967259 943.256599779
90 0.0782537952447 54.452048596 945.469697609
91 0.0766088032332 52.3269721134 947.596419083
92 0.0750598242948 50.2847802073 949.640159968
93 0.073600468862 48.3222523126 951.604147219
94 0.0722249230472 46.4362936789 953.491481398
95 0.0709272810693 44.6239175108 955.305155208
96 0.0697021122302 42.8822531303 957.048044757
97 0.0685447665363 41.2085478426 958.722907391
98 0.0674507473673 39.6001514248 960.332397828
99 0.0664158253803 38.0545144892 961.879069685
100 0.0654362449036 36.5691909582 963.365372797
