"Time" "S" "I" "R"
0 997 3 0
1 995.560546886 4.29565766918 0.143795444758
2 993.503748572 6.14662909813 0.349622329835
3 990.569525958 8.78648088152 0.643993160392
4 986.393094575 12.5424115773 1.06449384778
5 980.467790043 17.8680663636 1.66414359296
6 972.099790021 25.3830107225 2.51719925622
7 960.358365817 35.9150202169 3.72661396627
8 944.032309474 50.5346202854 5.43307024018
9 921.615192852 70.5599070163 7.82490013181
10 891.359665246 97.4933374485 11.146997306
11 851.458091487 132.8369276 15.704980913
12 800.405854069 177.735450764 21.8586951675
13 737.552749881 232.449336205 29.9979139141
14 663.719489784 295.784974163 40.4955360523
15 581.592361744 364.765935599 53.6417026563
16 495.552309447 434.872424555 69.5752659978
17 410.817889325 500.943742593 88.2383680816
18 332.210612588 558.41400842 109.375378992
19 263.12627248 604.295827401 132.577900119
20 205.133754409 637.50964279 157.356602801
21 158.200487593 658.586569809 183.212942598
22 121.244640898 669.063635711 209.69172339
23 92.6994193223 670.891626833 236.408953845
24 70.9222861586 666.018375397 263.059338445
25 54.4240930607 656.164756784 289.411150155
26 41.9605091003 642.744314692 315.295176208
27 32.5425196195 626.865130111 340.59235027
28 25.4081607299 609.369546148 365.222293122
29 19.9815777616 590.88469326 389.133728978
30 15.8326025373 571.870504424 412.296893038
31 12.641595166 552.660704267 434.697700567
32 10.1716156543 533.494983049 456.333401296
33 8.24694881342 514.54370906 477.209342127
34 6.73695302888 495.926455855 497.336591116
35 5.54414315225 477.725655289 516.730201559
36 4.5954957724 459.996554705 535.407949522
37 3.83592042316 442.774694855 553.389384721
38 3.2236965403 426.081129868 570.695173592
39 2.72705627431 409.926339401 587.346604325
40 2.32164435848 394.313136336 603.365219305
41 1.98873160756 379.238705522 618.77256287
42 1.71364757334 364.696391094 633.589961333
43 1.48507412177 350.676490206 647.838435672
44 1.29410489739 337.167320025 661.538575078
45 1.13369290155 324.155836621 674.710470477
46 0.998248772879 311.628079495 687.373671732
47 0.8833232635 299.569513007 699.547163729
48 0.785340444041 287.965314864 711.249344692
49 0.701425872829 276.800553596 722.498020531
50 0.629250240975 266.060347327 733.310402432
51 0.56686023704 255.73003699 743.703102773
52 0.512738791776 245.795093144 753.692168064
53 0.465587221571 236.2413482 763.293064578
54 0.424367038767 227.054927919 772.520705043
55 0.388189298963 218.222357953 781.389452748
56 0.356332521018 209.730524612 789.913142867
57 0.328177974957 201.566727894 798.105094131
58 0.303215246174 193.71865125 805.978133503
59 0.281022374974 186.174387002 813.544590623
60 0.261223619565 178.922427646 820.816348734
61 0.243518538882 171.951648027 827.804833434
62 0.227645462424 165.251315825 834.521038713
63 0.213364229567 158.811114126 840.975521645
64 0.200468201663 152.62109992 847.178431878
65 0.188794431153 146.671611044 853.139594525
66 0.178208748907 140.953402641 858.86838861
67 0.168608104484 135.457606512 864.373785383
68 0.159871967934 130.175607665 869.664520367
69 0.151896460185 125.099125803 874.748977737
70 0.144609597634 120.22025172 879.635138682
71 0.137947113743 115.531367777 884.33068511
72 0.131833580343 111.025068469 888.843097951
73 0.126213116711 106.694289632 893.179497252
74 0.121036500969 102.532223546 897.346739953
75 0.116259951519 98.5323059633 901.351434085
76 0.111848711733 94.6882669134 905.199884375
77 0.107768017832 90.9940410068 908.898190975
78 0.103986212055 87.4437958849 912.452217903
79 0.100477882666 84.0319583658 915.867563752
80 0.0972178548367 80.7531273255 919.14965482
81 0.0941844112587 77.6021282897 922.303687299
82 0.0913592893337 74.5740111327 925.334629578
83 0.0887236872726 71.6639600742 928.247316239
84 0.086262638267 68.8673964094 931.046340952
85 0.0839624614922 66.1799138165 933.736123722
86 0.0818099540558 63.5972485283 936.320941518
87 0.079793645039 61.1153222573 938.804884098
88 0.077902812749 58.7302128616 941.191884326
89 0.0761284243482 56.4381565522 943.485715023
90 0.0744620685186 54.2355289976 945.690008934
91 0.0728950995456 52.1188287395 947.808276161
92 0.071419401888 50.0846864683 949.84389413
93 0.0700294748964 48.1299062141 951.800064311
94 0.068719372849 46.2513960789 953.679884548
95 0.0674833987381 44.446179546 955.486337055
96 0.0663165580636 42.7114003929 957.222283049
97 0.0652143447277 41.0443148065 958.890470849
98 0.064172430283 39.4422816935 960.493545876
99 0.0631867919714 37.9027617886 962.034051419
100 0.0622539180562 36.4233201977 963.514425884
