"Time" "S" "I" "R"
0 997 3 0
1 995.566329528 4.28940868389 0.144261788123
2 993.520750828 6.12879280875 0.350456363746
3 990.606703169 8.74836974171 0.64492708972
4 986.464813305 12.4702186888 1.06496800613
5 980.596538947 17.7403449622 1.66311609064
6 972.319888747 25.1672508056 2.51286044748
7 960.720689016 35.5633356004 3.71597538336
8 944.609592855 49.9790009043 5.41140624026
9 922.506555908 69.7083929485 7.78505114347
10 892.691420543 96.2299609988 11.0786184582
11 853.375964956 131.03007957 15.5939554739
12 803.052827082 175.260055307 21.6871176114
13 741.029733555 229.225080586 29.7451858588
14 668.035722532 291.823250669 40.1410267992
15 586.626567219 360.204568146 53.1688646345
16 501.052085374 429.971742848 68.9761717779
17 416.449598624 496.033496725 87.5169046511
18 337.640744234 553.811627942 108.547627824
19 268.094456504 600.236021181 131.669522315
20 209.488048182 634.113513157 156.398438661
21 161.892189943 655.871295052 182.236515005
22 124.300086965 666.974069062 208.725843973
23 95.1873958342 669.33477862 235.477825546
24 72.9280160117 664.89006322 262.181920768
25 56.0328121893 655.36582085 288.601366961
26 43.2489382846 642.188512528 314.562549188
27 33.5757170791 626.481505475 339.942777446
28 26.2393171534 609.101873151 364.658809696
29 20.653227809 590.689592452 388.657179739
30 16.3783039871 571.715208472 411.906487541
31 13.0876491106 552.520893198 434.391457692
32 10.5385500615 533.352957432 456.108492507
33 8.55078674221 514.38685388 477.062359378
34 6.99022554482 495.746026286 497.263748169
35 5.75666195479 477.515855739 516.727482307
36 4.77499216951 459.753782327 535.471225503
37 3.98850554633 442.496997925 553.514496529
38 3.35421974851 425.767788761 570.87799149
39 2.83939016173 409.577535164 587.583074674
40 2.41889454754 393.929709648 603.651395804
41 2.07340236942 378.821968272 619.104629359
42 1.78778250594 364.247969144 633.96424835
43 1.55033268457 350.198240525 648.25142679
44 1.35184289901 336.661243819 661.986913282
45 1.18502522998 323.624013673 675.190961097
46 1.04410825955 311.072607534 687.883284206
47 0.924480528502 298.992492912 700.08302656
48 0.822438077338 287.368818211 711.808743712
49 0.735001362913 276.186603931 723.078394706
50 0.659768270116 265.430890305 733.909341425
51 0.594706089116 255.086955897 744.318338014
52 0.538242135432 245.140188677 754.321569187
53 0.489026762698 235.576339845 763.934633392
54 0.445985494905 226.381443765 773.17257074
55 0.40819227878 217.541942334 782.049865387
56 0.374901247824 209.044630044 790.580468709
57 0.345466386664 200.87672479 798.777808823
58 0.31936385055 193.025822207 806.654813943
59 0.296139274148 185.479937328 814.223923398
60 0.275417720529 178.227478244 821.497104035
61 0.256877378775 171.25725007 828.485872552
62 0.240251119161 164.558439146 835.201309735
63 0.22529076522 158.120652338 841.654056897
64 0.211779610486 151.933890203 847.854330186
65 0.199544336102 145.988432397 853.812023267
66 0.188442836825 140.274956175 859.536600988
67 0.178364758478 134.784531162 865.03710408
68 0.169200215687 129.508522583 870.322277201
69 0.160830178416 124.43856786 875.400601961
70 0.153176643136 119.566698772 880.280124585
71 0.146177291469 114.885272361 884.968550347
72 0.139756092606 110.386845223 889.473398685
73 0.133851188208 106.064292822 893.80185599
74 0.128411599377 101.910781955 897.960806445
75 0.123391029991 97.9197046706 901.956904299
76 0.118752127216 94.0847474513 905.796500421
77 0.114461064161 90.3998342055 909.48570473
78 0.110483367399 86.8590872114 913.030429421
79 0.106792163572 83.4569020483 916.436305788
80 0.103362087066 80.1878664867 919.708771426
81 0.100169694193 77.0467678918 922.853062414
82 0.0971959857807 74.028637403 925.874166611
83 0.0944213980674 71.1286388094 928.776939793
84 0.0918300975259 68.3421696913 931.566000211
85 0.0894077831427 65.6648077354 934.245784481
86 0.0871407237003 63.0922745282 936.820584748
87 0.0850168210369 60.6204722037 939.294510975
88 0.0830249393107 58.2454649365 941.671510124
89 0.0811552664835 55.9634725351 943.955372198
90 0.079399255065 53.7708625928 946.149738152
91 0.0777480499601 51.6641259498 948.258126
92 0.0761929901905 49.6398785786 950.283928431
93 0.0747280169325 47.6949098626 952.23036212
94 0.0733470843927 45.8261233291 954.100529587
95 0.0720442484193 44.0305350104 955.897420741
96 0.0708141553771 42.305279505 957.62390634
97 0.0696521217858 40.6476075799 959.282740298
98 0.0685536165673 39.054872662 960.876573721
99 0.0675144038984 37.5245299021 962.407955694
100 0.0665307642879 36.0541391325 963.879330103
