"Time" "S" "I" "R"
0 997 3 0
1 995.557628024 4.29795785017 0.144414126076
2 993.495566804 6.153196213 0.351236982888
3 990.552297212 8.80051366794 0.647189119846
4 986.360842665 12.5689869267 1.07017040804
5 980.411279534 17.915052068 1.67366839839
6 972.005082759 25.4622885925 2.53262864847
7 960.205011992 36.0439897847 3.75099822317
8 943.791372861 50.7377694677 5.47085767126
9 921.247690934 70.8698726035 7.88243646266
10 890.81662666 97.9502983268 11.233075013
11 850.684168605 133.484513104 15.831318291
12 799.348685866 178.61119269 22.0401214438
13 736.178862709 233.56918367 30.2519536211
14 662.03350866 297.125376102 40.8411152384
15 579.650749796 366.252283751 54.0969664527
16 493.461014776 436.384025446 70.1549597774
17 408.71019267 502.338170758 88.9516365718
18 330.214176265 559.561048761 110.224774974
19 261.335557027 605.104592994 133.559849979
20 203.598568298 637.938517848 158.462913854
21 156.930402356 658.636943858 184.432653786
22 120.221556919 668.76571369 211.012729391
23 91.890878998 670.289976412 237.81914459
24 70.2915192965 665.161218675 264.547262029
25 53.936023522 655.097662695 290.966313783
26 41.5846030782 641.507273299 316.908123622
27 32.2535941629 625.491786208 342.254619629
28 25.1861395133 607.887537177 366.92632331
29 19.8107982693 589.316450433 390.872751297
30 15.7010060031 570.234166389 414.064827608
31 12.5399637764 550.97097143 436.489064794
32 10.0929391945 531.763827461 458.143233344
33 8.18590000471 512.780964389 479.033135606
34 6.68948150458 494.140276118 499.170242377
35 5.50717006066 475.922863105 518.569966835
36 4.56666608274 458.182927262 537.250406655
37 3.81343109454 440.955165163 555.231403742
38 3.20616421845 424.25994458 572.533891201
39 2.71341325033 408.107185898 589.179400852
40 2.31106547549 392.499234751 605.189699773
41 1.98057205698 377.432888895 620.586539048
42 1.70740634681 362.901156055 635.391437598
43 1.48035606013 348.894049352 649.625594588
44 1.29060120918 335.399633207 663.309765584
45 1.13116166605 322.404642027 676.464196307
46 0.996494404688 309.894925472 689.108580124
47 0.882191742005 297.855771331 701.262036927
48 0.784709395517 286.272200067 712.943090538
49 0.701199675433 275.129135882 724.169664442
50 0.629344043162 264.411578091 734.959077866
51 0.56721460851 254.104738352 745.32804704
52 0.513299868229 244.193987257 755.292712875
53 0.466316420353 234.66505228 764.8686313
54 0.425228538892 225.503974229 774.070797232
55 0.389157703866 216.697190692 782.913651604
56 0.35738389835 208.231515186 791.411100916
57 0.32929559422 200.094173148 799.576531258
58 0.304384581487 192.272784672 807.422830747
59 0.282230191439 184.755380786 814.962389022
60 0.262460650064 177.530398705 822.207140645
61 0.24477851083 170.586658912 829.168562577
62 0.228920765364 163.91338584 835.857693395
63 0.214647884416 157.500222223 842.285129893
64 0.201755437115 151.337178019 848.461066543
65 0.190082289611 145.414553965 854.395363746
66 0.17949602534 139.723077512 860.097426463
67 0.169894279873 134.253850188 865.576255532
68 0.161152630421 128.998218608 870.840628762
69 0.153170767918 123.947885379 875.898943853
70 0.145877993585 119.09492231 880.759199696
71 0.139208033489 114.431681633 885.429110334
72 0.133086082045 109.950741207 889.916172711
73 0.12745682532 105.645022741 894.227520434
74 0.1222708004 101.507696595 898.370032605
75 0.117484940441 97.5321907335 902.350324326
76 0.113064707752 93.7122241705 906.174711122
77 0.10897459921 90.0417139047 909.849311496
78 0.105183609412 86.5148247939 913.379991597
79 0.101666304357 83.1259745508 916.772359145
80 0.098397278875 79.8697508578 920.031851863
81 0.0953551690451 76.7409796152 923.163665216
82 0.0925215355883 73.7347013168 926.172777148
83 0.0898776726416 70.846098506 929.064023821
84 0.0874087012264 68.0705919842 931.841999315
85 0.0851008155628 65.403768768 934.511130416
86 0.0829408640135 62.8413656435 937.075693492
87 0.0809173718703 60.3793046884 939.53977794
88 0.0790196065461 58.0136635874 941.907316806
89 0.0772386939487 55.7406804482 944.182080858
90 0.0755660015772 53.5567287579 946.367705241
91 0.0739927278961 51.4583055656 948.467701706
92 0.0725110943656 49.4420511734 950.485437732
93 0.0711155766377 47.5047719752 952.424112448
94 0.0698001050247 45.643376701 954.286823194
95 0.0685589669854 43.8548920935 956.07654894
96 0.0673872480562 42.1364672551 957.796145497
97 0.066280374968 40.4853611876 959.448358437
98 0.0652339942296 38.898936591 961.035829415
99 0.0642441104731 37.3746596848 962.561096205
100 0.0633072071478 35.9101003165 964.026592476
