"Time" "S" "I" "R"
0 997 3 0
1 995.560627835 4.29505731756 0.1443148473
2 993.504232051 6.14491161282 0.350856335735
3 990.570991033 8.78280100733 0.646207959838
4 986.396531545 12.5354174833 1.0680509722
5 980.474827175 17.8556411316 1.66953169295
6 972.113013976 25.3619110673 2.52507495712
7 960.381746772 35.8803997811 3.73785344722
8 944.071709131 50.4794578448 5.44883302462
9 921.678859753 70.4744341886 7.84670605881
10 891.45848873 97.3646943078 11.1768169623
11 851.605203809 132.649457442 15.7453387484
12 800.615044429 177.472173293 21.9127822782
13 737.835326071 232.094973287 30.0697006419
14 664.079966768 295.330173036 40.5898601958
15 582.024586708 364.211129897 53.7642833951
16 496.038399463 434.229026626 69.7325739118
17 411.331404057 500.231300714 88.4372952289
18 332.722867335 557.654407889 109.622724777
19 263.612705314 603.507513993 132.879780693
20 205.577686142 636.704374035 157.717939823
21 158.59362642 657.769224441 183.637149139
22 121.585433547 668.233947356 210.180619098
23 92.9906908031 670.04644188 236.962867316
24 71.1691376631 665.153541025 263.677321312
25 54.6324263558 655.276338387 290.091235257
26 42.1361415168 641.829227486 316.034630998
27 32.6907430123 625.921355932 341.387901055
28 25.5335727144 608.396116864 366.070310422
29 20.0880651566 589.881560345 390.030374499
30 15.9233984527 570.838369172 413.238232375
31 12.7193661267 551.600846247 435.679787626
32 10.2385486744 532.409111398 457.352339928
33 8.30483549995 513.433833777 478.261330723
34 6.78726173572 494.794784714 498.41795355
35 5.5880779615 476.574514154 517.837407884
36 4.63404832655 458.82832193 536.537629743
37 3.86990929513 441.59175443 554.538336275
38 3.2537993144 424.885835849 571.860364836
39 2.75383628893 408.720988527 588.525175184
40 2.34557147809 393.099949076 604.554479446
41 2.01019966784 378.019811876 619.969988456
42 1.7329882306 363.47382138 634.793190389
43 1.5025672671 349.452169937 649.045262796
44 1.30998732849 335.943067117 662.746945554
45 1.14816578046 322.933360086 675.918474134
46 1.01148456264 310.408978697 688.57953674
47 0.895469407959 298.355280606 700.749249986
48 0.796523636047 286.757338865 712.446137499
49 0.711755190554 275.600120556 723.688124253
50 0.63882085434 264.868644676 734.492534469
51 0.575754294202 254.548158433 744.876087273
52 0.52102804168 244.624041704 754.854930255
53 0.47333414414 235.08204081 764.444625046
54 0.431626532884 225.908199103 773.660174364
55 0.395009477975 217.088964289 782.516026233
56 0.362755908458 208.611148488 791.026095603
57 0.334242115118 200.461981702 799.203776183
58 0.308953406921 192.629081205 807.061965388
59 0.286464110835 185.100477065 814.613058824
60 0.266395234192 177.864602991 821.869001775
61 0.248443632781 170.910278413 828.841277955
62 0.23234517398 164.226719056 835.54093577
63 0.217857479608 157.803559575 841.978582945
64 0.204771798817 151.630812768 848.164415433
65 0.192923261851 145.698772828 854.10830391
66 0.182176130497 139.998154508 859.819669361
67 0.172426343922 134.520053772 865.307519885
68 0.16355331229 129.255823399 870.580623288
69 0.155450821551 124.197147508 875.64740167
70 0.148045757712 119.336086696 880.515867547
71 0.141274157917 114.665000782 885.19372506
72 0.135059645609 110.176457313 889.688483041
73 0.129345153092 105.863366154 894.007288693
74 0.124080909158 101.718899952 898.157019139
75 0.119222604816 97.7364735505 902.144303845
76 0.114734985301 93.9097985258 905.975466489
77 0.110583031698 90.2327944295 909.656622539
78 0.106734579922 86.6996126745 913.193652746
79 0.103163845272 83.304666262 916.592169893
80 0.0998453653369 80.0425421529 919.857612482
81 0.0967571107641 76.9080542962 922.995188593
82 0.0938805397191 73.8962422879 926.009877172
83 0.0911966216008 71.0022816898 928.906521689
84 0.0886901631724 68.2215857591 931.689724078
85 0.0863472684935 65.5497407429 934.363911989
86 0.084154549502 62.9824768546 936.933368596
87 0.082100362735 60.51571056 939.402189077
88 0.080173826786 58.145515062 941.774311111
89 0.0783657916091 55.8681229286 944.05351128
90 0.0766676690811 53.6799059798 946.243426351
91 0.0750706602344 51.5773595311 948.347569809
92 0.0735666057657 49.5571137824 950.369319612
93 0.0721499059978 47.6159714975 952.311878596
94 0.0708144816809 45.7508390947 954.178346424
95 0.0695545409319 43.958739508 955.971705951
96 0.0683650336721 42.2368169831 957.694817983
97 0.0672413568872 40.5823276692 959.350430974
98 0.0661791043752 38.9926310407 960.941189855
99 0.0651741960901 37.4651891663 962.469636638
100 0.0642230615209 35.9975685955 963.938208343
