"Time" "S" "I" "R"
0 997 3 0
1 995.502846754 4.35656980685 0.14058343932
2 993.333514671 6.32182494442 0.344660384311
3 990.195697939 9.1636659005 0.640636160955
4 985.668472626 13.2622018555 1.06932551816
5 979.160365423 19.150584586 1.68904999085
6 969.853453891 27.5640656115 2.58248049705
7 956.643116184 39.4914245634 3.86545925294
8 938.089486154 56.2129012406 5.69761260586
9 912.414376937 79.2919363717 8.2936866916
10 877.602130643 110.465061586 11.9328077711
11 831.682378402 151.357268159 16.9603534388
12 773.255857296 202.969666853 23.7744758504
13 702.221066481 264.98996998 32.7889635392
14 620.456104987 335.174235519 44.3696594941
15 532.019342881 409.225543797 58.7551133216
16 442.511224203 481.500686484 75.9880893127
17 357.71330715 546.397683333 95.8890095172
18 282.154228726 599.759831469 118.085939805
19 218.303381379 639.60918412 142.087434501
20 166.610391481 666.022772139 167.36683638
21 126.097245774 680.472820871 193.429933355
22 95.067708933 685.07814175 219.854149317
23 71.6557187429 682.042433156 246.301848101
24 54.1438451319 673.339337715 272.516817154
25 41.0954317637 660.59205248 298.312515756
26 31.3755709644 645.066271389 323.558157646
27 24.1186057092 627.715725617 348.165668674
28 18.6782201499 609.242986382 372.078793469
29 14.5779566254 590.157506967 395.264536408
30 11.4685930984 570.824742262 417.706664639
31 9.09484723038 551.504225869 439.4009269
32 7.26997507328 532.378489978 460.351534948
33 5.85699634073 513.574382953 480.568620706
34 4.75507751268 495.178516013 500.066406474
35 3.88959006357 477.248540654 518.861869282
36 3.20496213373 459.821255752 536.973782114
37 2.65963693099 442.918322993 554.422040076
38 2.22232411847 426.550522337 571.227153545
39 1.86933582784 410.720772117 587.409892055
40 1.58257245225 395.42641054 602.991017008
41 1.3481358973 380.660759765 617.991104338
42 1.15532099856 366.414260445 632.430418556
43 0.995824609318 352.675360009 646.328815382
44 0.863149530118 339.431177507 659.705672963
45 0.752180391358 326.66796756 672.579852049
46 0.658877874208 314.371449356 684.969672769
47 0.580040699694 302.527061642 696.892897659
48 0.513126756463 291.120146935 708.366726308
49 0.456009021437 280.136211104 719.407779875
50 0.407064560941 269.56079883 730.032136609
51 0.364922504348 259.379763562 740.255313934
52 0.328505300711 249.579201978 750.092292721
53 0.296894448991 240.14558742 759.557518131
54 0.269359206915 231.065719945 768.664920848
55 0.245273317947 222.326801147 777.427925536
56 0.224136027792 213.916390869 785.859473103
57 0.205518366025 205.822451739 793.972029895
58 0.189068103573 198.033328041 801.777603855
59 0.174490226491 190.537744963 809.287764811
60 0.161535189422 183.324810547 816.513654263
61 0.149974500803 176.384041691 823.465983808
62 0.139617735976 169.705301743 830.155080521
63 0.130317419086 163.278770206 836.590912375
64 0.12195474926 157.09503132 842.783013931
65 0.114426573607 151.14500309 848.740570336
66 0.107616716958 145.419880393 854.47250289
67 0.101447210464 139.91123613 859.987316659
68 0.0958534786811 134.610959001 865.29318752
69 0.0907601914549 129.511166505 870.398073304
70 0.0861138802397 124.604324255 875.309561865
71 0.0818729803231 119.883204988 880.034922032
72 0.0779858049531 115.340738042 884.581276153
73 0.0744197924939 110.970214849 888.955365359
74 0.071145613147 106.765174564 893.163679823
75 0.0681331245212 102.719349147 897.212517728
76 0.0653566478821 98.8267218956 901.107921457
77 0.0627926485757 95.081508329 904.855699022
78 0.0604198648715 91.4781392213 908.461440914
79 0.0582250670868 88.0112686839 911.930506249
80 0.0561910289737 84.6757263929 915.268082578
81 0.0542985147083 81.4665138659 918.479187619
82 0.0525345186409 78.378849425 921.568616056
83 0.0508918977654 75.4081600255 924.540948077
84 0.0493602359597 72.5500180137 927.40062175
85 0.0479296761763 69.8001594735 930.15191085
86 0.0465925338301 67.1544906469 932.798916819
87 0.0453416278153 64.6090701219 935.34558825
88 0.0441699019265 62.1601005465 937.795729552
89 0.0430708492481 59.8039270501 940.153002101
90 0.0420393775124 57.5370409222 942.4209197
91 0.0410704319401 55.3560608215 944.602868747
92 0.0401592231741 53.257730068 946.702110709
93 0.0393015120624 51.23891786 948.721780628
94 0.038493651808 49.2966161725 950.664890176
95 0.0377321292319 47.4279264811 952.53434139
96 0.0370136460593 45.6300575956 954.332928758
97 0.0363353442651 43.9003297236 956.063334932
98 0.0356945716358 42.2361634447 957.728141984
99 0.035088800893 40.6350737148 959.329837484
100 0.0345156755163 39.0946679956 960.870816329
