"Time" "S" "I" "R"
0 997 3 0
1 995.557628347 4.29795787734 0.144413775868
2 993.495567575 6.15319629273 0.351236132471
3 990.5522986 8.80051384421 0.647187555683
4 986.360844898 12.5689872751 1.0701678269
5 980.411282911 17.9150527175 1.67366437115
6 972.005087666 25.4622897631 2.53262257083
7 960.205018899 36.0439918505 3.75098925003
8 943.791382306 50.7377730619 5.4708446322
9 921.247703454 70.869878787 7.88241775851
10 890.816642655 97.9503088457 11.2330484991
11 850.684188094 133.484530744 15.8312811626
12 799.348708156 178.61122169 22.0400701541
13 736.178886066 233.569230059 30.2518838747
14 662.033530177 297.125447714 40.8410221091
15 579.650765707 366.25238964 54.0968446525
16 493.461021292 436.384174652 70.1548040562
17 408.710187052 502.338370779 88.9514421691
18 330.214157613 559.561304372 110.224538015
19 261.335526384 605.104905893 133.559567723
20 203.598528126 637.938887099 158.462584775
21 156.930355743 658.63736676 184.432277497
22 120.221506886 668.766186628 211.012306486
23 91.8908280835 670.290495474 237.818676442
24 70.2914693981 665.161780006 264.546750596
25 53.9359759185 655.098262648 290.965761433
26 41.584558533 641.507908477 316.90753299
27 32.2535530513 625.492453444 342.253993505
28 25.1861019388 607.888233506 366.925664555
29 19.8107641577 589.317173062 390.87206278
30 15.7009751728 570.234912668 414.064112159
31 12.5399359874 550.97173884 436.488325173
32 10.092914182 531.7646136 458.142472218
33 8.18587750002 512.781766966 479.032355533
34 6.68946124848 494.141092952 499.1694458
35 5.50715181049 475.923692118 518.569156071
36 4.56664961617 458.183766484 537.2495839
37 3.81341621055 440.956012725 555.230571065
38 3.20615073709 424.260798716 572.533050547
39 2.71340101176 408.108044943 589.178554046
40 2.31105433827 392.50009714 605.188848521
41 1.98056189665 377.433753158 620.585684945
42 1.70739705351 362.902020818 635.390582129
43 1.48034753756 348.894913331 649.624739132
44 1.29059337274 335.400495206 663.308911421
45 1.13115444132 322.405500936 676.463344622
46 0.996487726402 309.895780263 689.107732011
47 0.88218555272 297.856621053 701.261193395
48 0.784703644627 286.273043843 712.942252512
49 0.701194318164 275.129972908 724.168832773
50 0.629339040619 264.41240763 734.95825333
51 0.567209925373 254.10555973 745.327230345
52 0.513295473928 244.194799862 755.291904664
53 0.466312287217 234.665855559 764.867832154
54 0.425224642845 225.504767681 774.070007676
55 0.389154023063 216.697973869 782.912872108
56 0.357380413657 208.232287686 791.4103319
57 0.329292288203 200.094934617 799.575773095
58 0.304381438669 192.273534799 807.422083763
59 0.28222719808 184.756119299 814.961653503
60 0.262457793634 177.531125369 822.206416837
61 0.244775779844 170.58737353 829.16785069
62 0.228918149785 163.914088245 835.856993605
63 0.214645375276 157.500912281 842.284442344
64 0.201753026275 151.337855623 848.46039135
65 0.190079969701 145.415219035 854.394700995
66 0.179493789578 139.723729995 860.096776215
67 0.169892121849 134.254490052 865.575617826
68 0.161150544377 128.998845841 870.840003614
69 0.15316874881 123.948499994 875.898331258
70 0.145876036797 119.095524334 880.758599629
71 0.139206134388 114.432271108 885.428522757
72 0.133084236576 109.951318195 889.915597568
73 0.12745502993 105.645587318 894.226957652
74 0.122269051822 101.508248848 898.3694821
75 0.117483235607 97.5327307631 902.349786001
76 0.113063043819 93.7127520875 906.174184869
77 0.108972973566 90.0422298303 909.848797196
78 0.105182019625 86.5153288579 913.379489122
79 0.101664748196 83.1264668914 916.77186836
80 0.0983957542808 79.8702316205 920.031372625
81 0.0953536740793 76.7414489517 923.163197374
82 0.092520068484 73.7351593853 926.172320546
83 0.0898762317341 70.8465454692 929.063578299
84 0.0874072849567 68.071028009 931.841564706
85 0.0850994225079 65.4041940262 934.510706551
86 0.0829394928317 62.8417803096 937.075280198
87 0.0809160213144 60.3797089397 939.539375039
88 0.079018275447 58.0140576034 941.906924121
89 0.0772373811891 55.7410644104 944.181698208
90 0.0755647061574 53.5571028497 946.367332444
91 0.0739914489177 51.4586699726 948.467338578
92 0.0725098308828 49.4424060793 950.48508409
93 0.0711143277955 47.5051175649 952.423768107
94 0.0697988700407 45.64371316 954.28648797
95 0.0685577451245 43.8552196068 956.076222648
96 0.067386038607 42.136786007 957.795827954
97 0.0662791772768 40.4856713619 959.448049461
98 0.0652328076868 38.8992383709 961.035528821
99 0.0642429344907 37.3749532516 962.560803814
100 0.0633060411752 35.9103858505 964.026308108
