"Time" "S" "I" "R"
0 997 3 0
1 996.169187142 3.66474507311 0.16606778449
2 995.15533762 4.47575262609 0.368909753461
3 993.918698807 5.46469583025 0.616605362576
4 992.411156579 6.66986395098 0.9189794697
5 990.574631799 8.13740800521 1.28796019554
6 988.339194818 9.9227935953 1.73801158656
7 985.620957311 12.0924059344 2.28663675491
8 982.319726571 14.7253069483 2.95496648118
9 978.316468118 17.9150910481 3.76844083397
10 973.470701095 21.771719279 4.75757962571
11 967.617981134 26.4231707749 5.95884809074
12 960.56777641 32.0166381591 7.4155854312
13 952.102124926 38.7188944313 9.17898064223
14 941.975662699 46.7153031136 11.3090341874
15 929.9177833 56.2067949832 13.8754217168
16 915.637859975 67.4040005538 16.958139471
17 898.834575558 80.5176576394 20.6477668026
18 879.2103682 95.744493297 25.0451385031
19 856.491707071 113.248108438 30.2601844914
20 830.45518835 133.135104333 36.4097073166
21 800.958480041 155.427678293 43.6138416652
22 767.97328465 180.035578883 51.9911364671
23 731.615996904 206.731709519 61.6522935769
24 692.170167589 235.136937896 72.6928945143
25 650.094537697 264.719744529 85.1857177736
26 606.011629725 294.814869894 99.1735003809
27 560.675001045 324.661864006 114.663134949
28 514.9177285 353.460041948 131.622229551
29 469.589213935 380.432113076 149.978672989
30 425.490391501 404.886221272 169.623387227
31 383.317721171 426.266351104 190.415927724
32 343.623866638 444.183979651 212.192153711
33 306.798695126 458.428359551 234.772945323
34 273.069778143 468.957290281 257.972931576
35 242.518226983 475.873405153 281.608367864
36 215.104134844 479.392264015 305.503601142
37 190.696029151 479.808108226 329.495862623
38 169.099779139 477.46183431 353.438386552
39 150.084020045 472.713936658 377.202043296
40 133.400672874 465.923557486 400.675769641
41 118.800286192 457.433608924 423.766104884
42 106.042651882 447.561226173 446.396121945
43 94.9035770514 436.592408904 468.504014044
44 85.1781313638 424.780495927 490.041372709
45 76.6826448027 412.3456507 510.971704497
46 69.2543311518 399.476947611 531.268721238
47 62.7502602782 386.334887479 550.914852242
48 57.0460183707 373.054082279 569.899899351
49 52.0337678483 359.746420678 588.219811473
50 47.6203883594 346.503984828 605.875626812
51 43.7257249992 333.401729135 622.872545866
52 40.280877559 320.499981481 639.21914096
53 37.2266728013 307.846649166 654.926678033
54 34.5122631617 295.479176448 670.008560391
55 32.0939902036 283.426185 684.479824797
56 29.9343435302 271.708894136 698.356762333
57 28.0010279061 260.342420241 711.656551853
58 26.2662264957 249.336762186 724.397011319
59 24.7059233956 238.697740905 736.5963357
60 23.2993683871 228.427700808 748.272930805
61 22.0285863827 218.526169268 759.445244349
62 20.8779792781 208.990379854 770.131640868
63 19.8339905807 199.815709712 780.350299707
64 18.8847994995 190.996072975 790.119127526
65 18.0200969132 182.524201537 799.45570155
66 17.2308510218 174.391941987 808.377206991
67 16.5091514996 166.590441213 816.900407287
68 15.8480409656 159.110351646 825.041607388
69 15.2413955399 151.941967781 832.816636679
70 14.6838097349 145.075357534 840.240832731
71 14.1704951518 138.500474891 847.329029957
72 13.6972246685 132.207209355 854.095565976
73 13.2602423234 126.185485081 860.554272595
74 12.8561893287 120.42533813 866.718472542
75 12.4820911218 114.916907721 872.601001158
76 12.1352714559 109.650530604 878.21419794
77 11.8133491956 104.616721199 883.569929606
78 11.5141816544 99.8062268649 888.679591481
79 11.2358438266 95.2100335306 893.554122643
80 10.9766078378 90.8193723534 898.204019809
81 10.7349082181 86.6257476625 902.639344119
82 10.5093381524 82.6209206565 906.869741191
83 10.2986192173 78.7969308083 910.904449974
84 10.1015957791 75.1460848196 914.752319401
85 9.91721813219 71.6609616483 918.421820219
86 9.74453052223 68.334411264 921.921058214
87 9.58266433022 65.1595466436 925.257789026
88 9.43082352941 62.1297471519 928.439429319
89 9.28828606762 59.2386411556 931.473072777
90 9.15439388411 56.4801044166 934.365501699
91 9.02853527419 53.8482694282 937.123195298
92 8.91015417737 51.3374990979 939.752346725
93 8.79874171569 48.9423847217 942.258873563
94 8.69382506738 46.6577474216 944.648427511
95 8.59497168432 44.4786209786 946.926407337
96 8.50178430509 42.4002465297 949.097969165
97 8.41389272707 40.4180716343 951.168035639
98 8.33095656126 38.5277364228 953.141307016
99 8.25266199512 36.7250674746 955.02227053
100 8.17871628447 35.0060748142 956.815208901
