"Time" "S" "I" "R"
0 997 3 0
1 995.232214651 4.60350983655 0.164275512946
2 992.527045101 7.05672947351 0.416225425248
3 988.397858466 10.8000111798 0.802130354108
4 982.119173696 16.4888029163 1.3920233875
5 972.627562772 25.081462623 2.29097460529
6 958.404576448 37.9408317197 3.65459183217
7 937.37004934 56.921137463 5.70881319714
8 906.858339752 84.369651337 8.77200891147
9 863.818092046 122.90895014 13.2729578144
10 805.431406016 174.817464932 19.7511290524
11 730.274808114 240.906537311 28.8186545741
12 639.773084904 319.161047199 41.0658678975
13 539.086861853 403.996467523 56.9166706239
14 436.367994319 487.147620448 76.4843852335
15 340.285213988 560.209011995 99.5057740169
16 257.256833283 617.345825769 125.397340947
17 190.098379864 656.499920165 153.401699971
18 138.454060336 678.800358083 182.745581581
19 100.124016265 687.12685573 212.749128004
20 72.3115534308 684.815813986 242.872632584
21 52.3820353259 674.900069211 272.717895463
22 38.1738015378 659.819043398 302.007155065
23 28.0428518816 641.401118001 330.556030118
24 20.7919676701 620.959427137 358.248605193
25 15.5705269556 599.411994339 385.017478705
26 11.7815915205 577.389552331 410.828856148
27 9.00839587731 555.319707923 435.6718962
28 6.96004773702 533.488727309 459.551224954
29 5.43284098123 512.08540767 482.481751349
30 4.28347082956 491.231413754 504.485115417
31 3.41031667496 471.002477357 525.587205968
32 2.74086200285 451.442638829 545.816499168
33 2.22297408763 432.574124369 565.202901543
34 1.81885925502 414.40419465 583.776946095
35 1.50084003501 396.929921521 601.569238444
36 1.24850154352 380.141405165 618.610093292
37 1.04671726699 364.023993063 634.92928967
38 0.88413895236 348.559972873 650.555888175
39 0.75218499171 333.729693833 665.518121175
40 0.644343296783 319.512320619 679.843336085
41 0.555623464799 305.886425609 693.557950926
42 0.482189035784 292.830371176 706.687439789
43 0.420971816806 280.322711959 719.256316225
44 0.369666307377 268.342159689 731.288174003
45 0.326421734483 256.867900518 742.805677747
46 0.289772149274 245.87963777 753.830590081
47 0.258556653741 235.357648155 764.383795192
48 0.231826576925 225.28285075 774.485322673
49 0.208832256118 215.636783188 784.154384556
50 0.188966485935 206.401643006 793.409390508
51 0.171724218768 197.560282667 802.267993114
52 0.156708462648 189.096182655 810.747108882
53 0.143565662524 180.993505979 818.862928359
54 0.132001164735 173.23703187 826.630966966
55 0.121792606556 165.812088052 834.066119341
56 0.112769051646 158.704666332 841.182564616
57 0.104761986259 151.901280199 847.993957815
58 0.0976266443391 145.389003295 854.513370061
59 0.0912613956722 139.155496065 860.753242539
60 0.0855562105494 133.188848849 866.725594941
61 0.0804287157227 127.477706526 872.441864758
62 0.0758127549625 122.011202668 877.912984577
63 0.0716390734597 116.778841301 883.149519625
64 0.0678614230313 111.770671172 888.161467405
65 0.0644352406556 106.97711431 892.958450449
66 0.0613198021321 102.38898266 897.549697538
67 0.0584793514965 97.9974978627 901.944022786
68 0.0558842838072 93.7942573043 906.149858412
69 0.0535127829174 89.7712192736 910.175267943
70 0.0513372856781 85.9206440672 914.028018647
71 0.0493325185776 82.2351174953 917.715549986
72 0.0474872905843 78.7076092477 921.244903462
73 0.0457861089698 75.3313524091 924.622861482
74 0.0442144395572 72.0998637313 927.855921829
75 0.0427610579943 69.0069490499 930.950289892
76 0.0414150827462 66.0466716507 933.911913267
77 0.0401662263271 63.2133436231 936.746490151
78 0.0390062552106 60.5015291337 939.459464611
79 0.0379275674443 57.906021361 942.056051072
80 0.0369229814709 55.4218310779 944.541245941
81 0.035986307525 53.0441876285 946.919826064
82 0.0351121605278 50.768527484 949.196360355
83 0.0342953865321 48.5904755194 951.375229094
84 0.0335314652035 46.5058485546 953.46061998
85 0.0328163852816 44.5106452141 955.456538401
86 0.0321463356179 42.6010294051 957.366824259
87 0.0315177955603 40.7733264682 959.195155736
88 0.0309275288291 39.0240178329 960.945054638
89 0.0303725895353 37.3497430021 962.619884408
90 0.0298504080243 35.7472848503 964.222864742
91 0.0293588733487 34.2135677559 965.757073371
92 0.0288964401625 32.7456546651 967.225448895
93 0.0284611798244 31.3407246013 968.630814219
94 0.0280509198617 29.9960700564 969.975879024
95 0.0276638268324 28.7091026037 971.263233569
96 0.0272980927343 27.4773425504 972.495359357
97 0.0269524069554 26.2984232974 973.674624296
98 0.0266255498226 25.1700794652 974.803294985
99 0.0263164680933 24.090144248 975.883539284
100 0.0260241758068 23.0565435145 976.91743231
