"Time" "S" "I" "R"
0 997 3 0
1 995.561981682 4.29367685518 0.144341463142
2 993.508175028 6.14097019152 0.35085478041
3 990.579551043 8.77437704474 0.646071912404
4 986.412953682 12.5194568003 1.06758951743
5 980.504180929 17.8274000821 1.66841898906
6 972.163022433 25.3142017565 2.52277581051
7 960.463839756 35.8026429277 3.73351731629
8 944.2021998 50.356649131 5.44115106916
9 921.879933111 70.2863336 7.83373328926
10 891.758338432 97.0858819787 11.1557795895
11 852.036220382 132.251300202 15.7124794161
12 801.208766016 176.927893537 21.8633404468
13 738.613568054 231.388273017 29.9981589294
14 665.043746754 294.465686177 40.4905670683
15 583.145636478 363.221932433 53.6324310883
16 497.259391894 433.175314582 69.5652935242
17 412.577477517 499.18806518 88.2344573027
18 333.919954553 556.69294802 109.387097427
19 264.703686813 602.679821808 132.616491379
20 206.529921931 636.036568605 157.433509464
21 159.397461752 657.26405851 183.338479737
22 122.247703307 667.878085749 209.874210944
23 93.5273883563 669.818250353 236.65436129
24 71.5996456986 665.029033544 263.371320758
25 54.9759193521 655.232762781 289.791317867
26 42.4097527131 641.846787239 315.743460048
27 32.90891829 625.983707377 341.107374333
28 25.708065223 608.490224384 365.801710393
29 20.228230359 589.997266459 389.774503182
30 16.0365857966 570.967890197 412.995524006
31 12.8113116469 551.738288771 435.450399582
32 10.3137104688 532.55006606 457.136223471
33 8.36667891892 513.57503433 478.058286751
34 6.83848516276 494.933840121 498.227674716
35 5.63078503763 476.709704845 517.659510117
36 4.66988983936 458.958432546 536.371677614
37 3.90018437453 441.715954837 554.383860789
38 3.27953418419 425.003588777 571.716877039
39 2.7758469034 408.83197615 588.392176947
40 2.36450907319 393.204019923 604.431471004
41 2.02658787276 378.116937705 619.856474423
42 1.7472510698 363.564065002 634.688683928
43 1.5150485611 349.535663012 648.949288427
44 1.32096668265 336.019991975 662.659041342
45 1.15787149227 323.003935249 675.838193258
46 1.02010732938 310.473443652 688.506449019
47 0.903166009796 298.413892292 700.682941699
48 0.803424237598 286.810363792 712.38621197
49 0.717967850178 275.647830339 723.634201811
50 0.644439618829 264.911307378 734.444253004
51 0.580855466058 254.586043731 744.833100803
52 0.525677813756 244.65741279 754.816909396
53 0.477587343253 235.111156492 764.411256165
54 0.435531519202 225.933308939 773.631159542
55 0.398606389005 217.110311223 782.491082388
56 0.36608060095 208.628965072 791.004954327
57 0.337324401882 200.476492831 799.186182767
58 0.311819448171 192.640501563 807.047678989
59 0.289137500997 185.109012376 814.601850123
60 0.268895720707 177.870449328 821.860654951
61 0.250787930039 170.913623994 828.835588076
62 0.234549190489 164.227741091 835.537709719
63 0.219935544932 157.802425079 841.977639376
64 0.206736114284 151.627683248 848.165580638
65 0.194783982527 145.693802025 854.111413993
66 0.183941750574 139.99148459 859.82457366
67 0.174104106468 134.511818714 865.314077179
68 0.165152624185 129.246156733 870.588690643
69 0.156977973285 124.18616926 875.656852767
70 0.149505805267 119.323907792 880.526586402
71 0.142672884579 114.651731085 885.205596031
72 0.136402457098 110.162200362 889.701397181
73 0.130636348775 105.848215872 894.021147779
74 0.12532452887 101.702948234 898.171727238
75 0.120422110401 97.7198042602 902.159773629
76 0.115893371233 93.8924889277 905.991617701
77 0.111703535414 90.2149214775 909.673374987
78 0.107819836037 86.6812450056 913.210935158
79 0.104216243756 83.2858679502 916.609915806
80 0.100867267955 80.0233760146 919.875756717
81 0.0977505281802 76.8885760828 923.013673389
82 0.0948473742054 73.8765054315 926.028647194
83 0.0921386187224 70.9823358384 928.925525543
84 0.0896088964382 68.2014761302 931.708914973
85 0.0872442196458 65.5295105659 934.383245215
86 0.0850310884695 62.9621662831 936.952802628
87 0.0829577489379 60.4953562291 939.421686022
88 0.0810132400314 58.1251510596 941.7938357
89 0.0791882578075 55.8477802017 944.07303154
90 0.0774742106986 53.6596142097 946.26291158
91 0.0758622774576 51.5571471492 948.366990573
92 0.074344151148 49.5370052665 950.388650582
93 0.0729141475276 47.5959887432 952.331097109
94 0.0715661761658 45.7310029923 954.197430832
95 0.070294399676 43.9390692351 955.990636365
96 0.0690936951369 42.2173295329 957.713576772
97 0.067959433383 40.5630387689 959.369001798
98 0.0668871733143 38.9735550459 960.959557781
99 0.0658727916435 37.4463388396 962.487788369
100 0.0649126815057 35.9789553146 963.956132004
