"Time" "S" "I" "R"
0 997 3 0
1 995.557545717 4.29804899368 0.144405289616
2 993.495323431 6.15345670057 0.351219868848
3 990.551762626 8.80107098066 0.647166393322
4 986.359807516 12.5700439906 1.07014849294
5 980.409415366 17.9169245639 1.6736600701
6 972.001887353 25.4654556907 2.53265695653
7 960.199739721 36.0491581064 3.7511021727
8 943.782956574 50.7459434605 5.47109996512
9 921.234675849 70.8824109948 7.88291315639
10 890.797160166 97.9689139972 11.2339258366
11 850.656118647 133.511146933 15.8327344206
12 799.309973482 178.647681696 22.0423448216
13 736.128046795 233.616693161 30.2552600439
14 661.970515201 297.183709819 40.8457749799
15 579.577426808 366.319388446 54.1031847464
16 493.381110667 436.456076395 70.1628129377
17 408.628593504 502.410376931 88.9610295651
18 330.135706228 559.628853028 110.235440744
19 261.263930341 605.164678088 133.571391571
20 203.53590835 637.989221466 158.474870184
21 156.877345102 658.678090334 184.444564565
22 120.177673804 668.798143731 211.024182465
23 91.8551504259 670.315048487 237.829801087
24 70.2627050328 665.18043165 264.556863317
25 53.9128938906 655.112429424 290.974676685
26 41.5660566708 641.518813345 316.915129984
27 32.2386997909 625.501096036 342.260204173
28 25.1741370692 607.895400877 366.930462054
29 19.8010806624 589.323467848 390.87545149
30 15.6930943709 570.240786167 414.066119462
31 12.533482748 550.977522314 436.488994938
32 10.0875956655 531.770544551 458.141859783
33 8.18146500081 512.788011183 479.030523816
34 6.68577582236 494.147761778 499.1664624
35 5.50405324395 475.930855622 518.565091134
36 4.56402726663 458.191464304 537.24450843
37 3.81118252939 440.964261687 555.224555783
38 3.20423618626 424.269598765 572.526165049
39 2.71174998447 408.117383864 589.170866151
40 2.30962221685 392.509953918 605.180423865
41 1.97931247952 377.44410088 620.57658664
42 1.70630109119 362.912828262 635.380870647
43 1.47938100268 348.90614686 649.614472137
44 1.28973663472 335.412119607 663.298143759
45 1.13039136867 322.417480329 676.452128302
46 0.995804823441 309.908078965 689.096116211
47 0.881571618565 297.869203836 701.249224546
48 0.784149319067 286.285876326 712.929974355
49 0.70069182361 275.143021721 724.156286456
50 0.628881508385 264.425641063 734.945477429
51 0.566791865537 254.118947053 745.314261081
52 0.512911977192 244.208312124 755.278775899
53 0.46595933223 234.679465114 764.854575553
54 0.424898631155 225.518448604 774.056652765
55 0.388851966681 216.71170163 782.899446404
56 0.357099630749 208.246039387 791.396860982
57 0.329030529076 200.108688739 799.562280732
58 0.304136715264 192.287271319 807.408591966
59 0.281997742566 184.769819555 814.948182703
60 0.262242095408 177.54477205 822.192985855
61 0.244572534322 170.600950549 829.154476917
62 0.228726137078 163.927580862 835.843693001
63 0.214463499579 157.51430701 842.27122949
64 0.201580358362 151.351139814 848.447279827
65 0.189915716409 145.428381204 854.38170308
66 0.179337282796 139.736759843 860.083902874
67 0.169742741276 134.267378152 865.562879107
68 0.161007593903 129.011583358 870.827409048
69 0.153031732539 123.961079328 875.88588894
70 0.145744548251 119.107938835 880.746316617
71 0.139079677695 114.444514323 885.416406
72 0.132962405926 109.963384638 889.903652956
73 0.127337482052 105.657472321 894.215190197
74 0.122155462712 101.519948113 898.357896424
75 0.11737332682 97.5442407956 902.338385878
76 0.112956563398 93.7240699558 906.162973481
77 0.108869665291 90.0533528868 909.837777448
78 0.105081668568 86.5262551578 913.368663174
79 0.101567155022 83.1371948819 916.761237963
80 0.0983007291377 79.8807600551 920.020939216
81 0.0952610512354 76.7517771445 923.152961804
82 0.0924296897879 73.7452868678 926.162283442
83 0.089787953683 70.8564721702 929.053739876
84 0.0873209772386 68.0807542296 931.831924793
85 0.0850149609687 65.4137202198 934.501264819
86 0.0828567644068 62.8511072605 937.066035975
87 0.0808349207432 60.3888376826 939.530327397
88 0.0789387051574 58.0229893941 941.898071901
89 0.0771592531453 55.749800725 944.173040022
90 0.0754879349078 53.5656452897 946.358866775
91 0.0739159521463 51.4670202524 948.459063795
92 0.0724355381002 49.4505662081 950.476998254
93 0.0710411718709 47.5130896583 952.41586917
94 0.0697267871674 45.6514994352 954.278773778
95 0.0684866756765 43.8628223941 956.06869093
96 0.0673159277438 42.1442077551 957.788476317
97 0.0662099730189 40.4929145955 959.440875432
98 0.0651644611206 38.9063056875 961.028529851
99 0.0641754001902 37.3818473305 962.553977269
100 0.0632392764146 35.9171094272 964.019651296
