"Time" "S" "I" "R"
0 997 3 0
1 995.566329514 4.28940869668 0.14426178971
2 993.520750787 6.12879284521 0.350456368216
3 990.606703081 8.74836981951 0.644927099177
4 986.46481314 12.4702188359 1.06496802393
5 980.596538656 17.7403452222 1.66311612204
6 972.319888255 25.167251244 2.51286050059
7 960.720688216 35.5633363134 3.71597547046
8 944.609591593 49.9790020279 5.41140637955
9 922.506553974 69.7083946651 7.78505136124
10 892.691417673 96.2299635358 11.0786187913
11 853.375960848 131.030083181 15.5939559716
12 803.052821443 175.260060221 21.6871183364
13 741.029726185 229.22508693 29.7451868847
14 668.035713427 291.823258369 40.1410282046
15 586.626556648 360.204576859 53.1688664926
16 501.052073883 429.971751973 68.9761741441
17 416.449586922 496.033505525 87.516907553
18 337.640733025 553.811635718 108.547631258
19 268.094446327 600.236027424 131.669526248
20 209.488039345 634.113517614 156.398443042
21 161.892182532 655.871297697 182.236519771
22 124.300080909 666.974070031 208.72584906
23 95.187390973 669.334778133 235.477830894
24 72.9280121555 664.890061521 262.181926323
25 56.0328091509 655.365818172 288.601372677
26 43.248935898 642.188509077 314.562555025
27 33.5757152048 626.481501423 339.942783372
28 26.2393156789 609.101868638 364.658815683
29 20.6532266453 590.68958759 388.657185765
30 16.3783030649 571.715203349 411.906493586
31 13.0876483761 552.520887884 434.39146374
32 10.5385494734 533.352951983 456.108498544
33 8.5507862687 514.386848338 477.062365393
34 6.99022516135 495.746020687 497.263754151
35 5.75666164245 477.51585011 516.727488248
36 4.77499191362 459.753776691 535.471231396
37 3.98850533548 442.496992298 553.514502366
38 3.3542195738 425.767783159 570.877997267
39 2.83939001616 409.577529599 587.583080385
40 2.4188944256 393.92970413 603.651401444
41 2.07340226676 378.821962809 619.104634925
42 1.78778241905 364.247963742 633.964253839
43 1.55033261066 350.19823519 648.251432199
44 1.35184283586 336.661238556 661.986918608
45 1.18502517578 323.624008486 675.190966338
46 1.04410821282 311.072602426 687.883289361
47 0.92448048804 298.992487885 700.083031627
48 0.822438042168 287.368813267 711.808748691
49 0.735001332231 276.186599073 723.078399595
50 0.659768243239 265.430885534 733.909346223
51 0.594706065483 255.086951213 744.318342721
52 0.538242114585 245.140184082 754.321573803
53 0.489026744248 235.576335339 763.934637917
54 0.445985478525 226.381439348 773.172575173
55 0.408192264195 217.541938007 782.049869729
56 0.374901234799 209.044625806 790.58047296
57 0.345466375001 200.876720641 798.777812984
58 0.319363840078 193.025818146 806.654818014
59 0.296139264724 185.479933356 814.223927379
60 0.275417712027 178.22747436 821.497107928
61 0.256877371094 171.257246272 828.485876357
62 0.240251112205 164.558435434 835.201313453
63 0.2252907589 158.120648712 841.654060529
64 0.211779604726 151.933886662 847.854333733
65 0.199544330846 145.988428939 853.81202673
66 0.188442832024 140.274952799 859.536604369
67 0.178364754101 134.784527867 865.037107379
68 0.169200211675 129.508519368 870.32228042
69 0.160830174734 124.438564724 875.400605101
70 0.153176639758 119.566695713 880.280127647
71 0.146177288371 114.885269379 884.968553332
72 0.139756089754 110.386842316 889.473401595
73 0.133851185581 106.064289989 893.801858825
74 0.128411596954 101.910779195 897.960809208
75 0.123391027754 97.9197019811 901.956906991
76 0.118752125152 94.0847448316 905.796503043
77 0.114461062253 90.3998316543 909.485707283
78 0.110483365636 86.8590847273 913.030431907
79 0.106792161942 83.45689963 916.436308208
80 0.103362085558 80.1878641329 919.708773782
81 0.100169692798 77.0467656011 922.853064706
82 0.0971959844895 74.0286351742 925.874168841
83 0.0944213968729 71.128636641 928.776941962
84 0.0918300964211 68.3421675821 931.566002321
85 0.0894077821214 65.664805684 934.245786534
86 0.0871407227562 63.0922725335 936.820586744
87 0.085016820165 60.6204702642 939.294512916
88 0.0830249385057 58.245463051 941.67151201
89 0.0811552657417 55.9634707024 943.955374032
90 0.0793992543823 53.7708608116 946.149739934
91 0.0777480493319 51.6641242189 948.258127732
92 0.0761929896131 49.6398768968 950.283930114
93 0.0747280164034 47.6949082288 952.230363755
94 0.073347083909 45.826121742 954.100531174
95 0.0720442479781 44.0305334689 955.897422283
96 0.070814154976 42.3052780079 957.623907837
97 0.0696521214227 40.6476061262 959.282741752
98 0.0685536162398 39.0548712505 960.876575133
99 0.0675144036045 37.5245285318 962.407957065
100 0.066530764026 36.0541378023 963.879331434
