"Time" "S" "I" "R"
0 997 3 0
1 996.172921525 3.66109616721 0.165982308182
2 995.164628168 4.46685358615 0.368518245842
3 993.935978516 5.44842675742 0.615594726117
4 992.439642324 6.64344292496 0.916914750894
5 990.618538842 8.09721388942 1.28424726887
6 988.404002248 9.86414810194 1.7318496504
7 985.71372743 12.0093130976 2.27695947214
8 982.449489564 14.610142071 2.94036836503
9 978.494672517 17.7582404367 3.7470870461
10 973.711729887 21.5611735147 4.72709659871
11 967.939723453 26.1440839602 5.91619258687
12 960.992229926 31.6508783506 7.35689172343
13 952.655986241 38.2446283181 9.09938544078
14 942.690832954 46.1066838689 11.2024831775
15 930.83168267 55.4338523061 13.734465024
16 916.793402753 66.4328678104 16.7737294366
17 900.279618981 79.3113020698 20.4090789494
18 880.996421713 94.2641327083 24.7394455784
19 858.671697355 111.455481516 29.8728211294
20 833.080130761 130.995695483 35.9241737558
21 804.073070803 152.914838829 43.0120903679
22 771.610630642 177.135287304 51.2540820538
23 735.792012003 203.447420975 60.7605670215
24 696.878489681 231.493685272 71.6278250469
25 655.302985131 260.766534009 83.9304808602
26 611.661182785 290.624493257 97.7143239579
27 566.681944433 320.3276356 112.990419968
28 521.178975381 349.089593006 129.731431613
29 475.990122549 376.139061561 147.87081589
30 431.913816617 400.781049206 167.305134177
31 389.652811085 422.447980682 187.899208233
32 349.773284833 440.733300624 209.493414543
33 312.683441399 455.404415209 231.912143392
34 278.631346524 466.396252254 254.972401223
35 247.718374856 473.789921498 278.491703646
36 219.92294569 477.782402316 302.294651994
37 195.128938098 478.653166233 326.217895669
38 173.154189312 476.732361775 350.113448913
39 153.775990794 472.373489221 373.850519985
40 136.751982963 465.931900632 397.316116404
41 121.836016564 457.749258393 420.414725043
42 108.789310941 448.143336886 443.067352173
43 97.3877305453 437.402078742 465.210190713
44 87.4255201423 425.78151496 486.792964898
45 78.7175438321 413.505014985 507.777441183
46 71.0991685122 400.765070717 528.135760771
47 64.4255419428 387.725496167 547.84896189
48 58.5702914792 374.524092859 566.905615662
49 53.4236397538 361.275771003 585.300589243
50 48.8906680985 348.075342959 603.033988942
51 44.8895783025 335.000210637 620.11021106
52 41.349949502 322.112910864 636.537139634
53 38.2112479522 309.463292726 652.325459322
54 35.4214405477 297.090486212 667.48807324
55 32.935775458 285.02461306 682.039611482
56 30.7158043457 273.288181567 695.996014087
57 28.7284016391 261.897418271 709.37418009
58 26.9450212243 250.863286031 722.191692744
59 25.3410050233 240.192435888 734.466559089
60 23.8950488341 229.887913411 746.217037755
61 22.5886787162 219.94986631 757.461454974
62 21.4058759373 210.376032617 768.218091445
63 20.3326994816 201.162242532 778.505057986
64 19.3570045788 192.302776021 788.3402194
65 18.4681879184 183.7906882 797.741123881
66 17.656965163 175.618089754 806.724945083
67 16.9152018818 167.776351975 815.308446143
68 16.2357412847 160.256317472 823.507941244
69 15.6122880099 153.048432499 831.339279491
70 15.0392800184 146.142896904 838.817823078
71 14.5117965255 139.529764013 845.958439462
72 14.0254790431 133.199022814 852.775498143
73 13.5764749952 127.140649375 859.282875629
74 13.1613256306 121.344738357 865.493936013
75 12.7769690146 115.801471814 871.421559171
76 12.4206580781 110.50120828 877.078133642
77 12.0899369135 105.434491362 882.475571725
78 11.7826085144 100.592071059 887.625320426
79 11.4966883874 95.9649454348 892.538366178
80 11.2304010241 91.5443429234 897.225256053
81 10.9821371688 87.321761771 901.69610106
82 10.7504481086 83.2889567012 905.96059519
83 10.534021804 79.4379515362 910.02802666
84 10.3316675776 75.761041062 913.90729136
85 10.1423079395 72.2507841792 917.606907881
86 9.96495926035 68.9000129903 921.135027749
87 9.7987289189 65.7018192342 924.499451847
88 9.64279928488 62.6495596337 927.707641081
89 9.49642571044 59.7368430085 930.766731281
90 9.35893224762 56.9575209858 933.683546767
91 9.2296928428 54.305698855 936.464608302
92 9.10813353799 51.7757187323 939.11614773
93 8.99373139301 49.3621477127 941.644120894
94 8.8860021536 47.0597809399 944.054216907
95 8.78449976082 44.863630248 946.351869991
96 8.68881588539 42.7689132379 948.542270877
97 8.59857153014 40.7710525259 950.630375944
98 8.5134158642 38.8656666203 952.620917516
99 8.43302631889 37.048559712 954.518413969
100 8.35710308264 35.3157186286 956.327178289
