"Time" "S" "I" "R"
0 997 3 0
1 995.56198092 4.29368114845 0.144337931159
2 993.508171131 6.14098246784 0.35084640154
3 990.579539766 8.77440333481 0.646056899418
4 986.412927807 12.5195067418 1.06756545152
5 980.504128632 17.8274887552 1.66838261328
6 972.16292499 25.3143522443 2.52272276591
7 960.463668502 35.8028896875 3.73344181088
8 944.201912506 50.3570420234 5.44104547064
9 921.879470473 70.2869418926 7.83358763458
10 891.757622305 97.0867966883 11.1555810063
11 852.035156704 132.252631844 15.7122114523
12 801.207256234 176.929761453 21.8629823133
13 738.611531644 231.390783657 29.9976846989
14 665.0411521 294.468902925 40.4899449746
15 583.142528578 363.225848158 53.631623264
16 497.255899893 433.179843424 69.5642566827
17 412.573791867 499.193063316 88.2331448171
18 333.916281592 556.698255644 109.385462764
19 264.700202956 602.685304864 132.614492181
20 206.526746614 636.042142203 157.431111183
21 159.394653867 657.269688179 183.335657954
22 122.245273178 667.883774722 209.870952101
23 93.5253148468 669.824023063 236.650662091
24 71.5978914254 665.034921813 263.367186762
25 54.9744413406 655.238796917 289.786761743
26 42.408508766 641.8529914 315.738499834
27 32.9078701368 625.990097974 341.10203189
28 25.7071797036 608.49681018 365.796010116
29 20.2274795067 590.004049514 389.768470979
30 16.0359464033 570.974867087 412.98918651
31 12.8107646145 551.745451829 435.443783557
32 10.3132401663 532.557404451 457.129355383
33 8.3662725676 513.582534981 478.051192451
34 6.83813230847 494.941488469 498.220379223
35 5.63047712282 476.717485407 517.65203747
36 4.66961982855 458.966329395 536.364050776
37 3.89994646904 441.723951943 554.376101588
38 3.27932359074 425.011670261 571.709006148
39 2.77565964221 408.840126488 588.38421387
40 2.36434182854 393.212224078 604.423434093
41 2.02643787028 378.125181233 619.848380897
42 1.74711597233 363.572334125 634.680549903
43 1.51492640047 349.543944648 648.941128952
44 1.32085579476 336.028273765 662.65087044
45 1.15777046465 323.012205571 675.830023964
46 1.02001495144 310.481691622 688.498293427
47 0.903081247634 298.42210775 700.674811002
48 0.80334620345 286.818537289 712.378116508
49 0.717895779746 275.655953111 723.626151109
50 0.644372846249 264.919371337 734.436255817
51 0.580793415867 254.594041426 744.825165158
52 0.525619984509 244.665337387 754.809042628
53 0.477533297877 235.119001741 764.403464961
54 0.435480874106 225.941069153 773.623449973
55 0.398558807933 217.117981245 782.483459947
56 0.36603578689 208.63654025 790.997423963
57 0.337282092674 200.483968991 799.178748916
58 0.311779411606 192.647874981 807.040345608
59 0.289099530664 185.116279751 814.594620718
60 0.268859633093 177.877607761 821.853532606
61 0.250753560621 170.920670963 828.828575476
62 0.234516391697 164.234674429 835.530809179
63 0.219904184655 157.809242949 841.970852866
64 0.206706075101 151.634384113 848.158909812
65 0.194755160695 145.700384644 854.104860195
66 0.183914053381 139.997948 859.818137946
67 0.174077449229 134.518162199 865.307760352
68 0.16512692028 129.252379788 870.582493291
69 0.156953153597 124.192271628 875.650775219
70 0.14948180869 119.329889422 880.52062877
71 0.142649648903 114.657592081 885.19975827
72 0.136379924684 110.167941006 889.69567907
73 0.130614470942 105.853836624 894.015548905
74 0.125303261255 101.708449691 898.166247048
75 0.120401412029 97.7251871601 902.154411428
76 0.115873204814 93.8977541349 905.98637266
77 0.111683865164 90.2200699568 909.668246178
78 0.107800629817 86.6862778335 913.205921537
79 0.104197472062 83.2907862977 916.60501623
80 0.100848903212 80.0281811325 919.870969964
81 0.0977325450403 76.8932693016 923.008998153
82 0.0948297492488 73.8810881512 926.0240821
83 0.0921213301239 70.9868095179 928.921069152
84 0.0895919239666 68.2058422834 931.704565793
85 0.0872275445438 65.5337707564 934.379001699
86 0.085014693282 62.9663221159 936.948663191
87 0.082941617407 60.4994093448 939.417649038
88 0.0809973570183 58.1291031304 941.789899513
89 0.0791726090033 55.8516329245 944.069194467
90 0.0774587829931 53.6633693069 946.25917191
91 0.0758470587791 51.5608063648 948.363346576
92 0.0743291298185 49.5405703492 950.385100521
93 0.0728993125159 47.5994614494 952.327639238
94 0.0715515173653 45.7343850898 954.194063393
95 0.070279907643 43.9423624951 955.987357597
96 0.0690793608252 42.2205357238 957.710384915
97 0.0679452484128 40.5661596589 959.365895093
98 0.0668731298446 38.9765923991 960.956534471
99 0.0658588822397 37.4492944112 962.484846707
100 0.0648988991409 35.98183085 963.953270251
