"Time" "S" "I" "R"
0 997 3 0
1 995.557628024 4.29795785016 0.144414126075
2 993.495566804 6.15319621299 0.351236982886
3 990.552297212 8.8005136679 0.647189119841
4 986.360842665 12.5689869267 1.07017040804
5 980.411279534 17.9150520678 1.67366839837
6 972.005082759 25.4622885923 2.53262864844
7 960.205011993 36.0439897843 3.75099822313
8 943.791372862 50.7377694672 5.47085767119
9 921.247690935 70.8698726027 7.88243646256
10 890.816626662 97.9502983256 11.2330750129
11 850.684168607 133.484513102 15.8313182908
12 799.348685868 178.611192688 22.0401214434
13 736.178862712 233.569183667 30.2519536206
14 662.033508664 297.125376098 40.8411152377
15 579.650749801 366.252283747 54.0969664518
16 493.461014782 436.384025442 70.1549597762
17 408.710192675 502.338170754 88.9516365704
18 330.21417627 559.561048757 110.224774973
19 261.335557032 605.104592991 133.559849977
20 203.598568302 637.938517846 158.462913852
21 156.930402359 658.636943857 184.432653784
22 120.221556922 668.765713689 211.012729389
23 91.8908790002 670.289976412 237.819144587
24 70.2915192982 665.161218676 264.547262026
25 53.9360235234 655.097662696 290.966313781
26 41.5846030793 641.507273301 316.90812362
27 32.2535941637 625.49178621 342.254619626
28 25.186139514 607.887537179 366.926323307
29 19.8107982698 589.316450436 390.872751295
30 15.7010060035 570.234166391 414.064827605
31 12.5399637767 550.970971432 436.489064791
32 10.0929391948 531.763827464 458.143233341
33 8.18590000492 512.780964392 479.033135603
34 6.68948150475 494.140276121 499.170242374
35 5.5071700608 475.922863108 518.569966832
36 4.56666608286 458.182927265 537.250406652
37 3.81343109463 440.955165166 555.231403739
38 3.20616421853 424.259944583 572.533891199
39 2.7134132504 408.1071859 589.179400849
40 2.31106547554 392.499234754 605.18969977
41 1.98057205702 377.432888898 620.586539045
42 1.70740634685 362.901156057 635.391437596
43 1.48035606017 348.894049354 649.625594586
44 1.29060120921 335.399633209 663.309765582
45 1.13116166607 322.404642029 676.464196305
46 0.996494404709 309.894925474 689.108580121
47 0.882191742023 297.855771333 701.262036925
48 0.784709395532 286.272200069 712.943090535
49 0.701199675447 275.129135884 724.16966444
50 0.629344043175 264.411578094 734.959077863
51 0.567214608521 254.104738354 745.328047037
52 0.513299868239 244.193987259 755.292712873
53 0.466316420361 234.665052282 764.868631298
54 0.4252285389 225.503974231 774.07079723
55 0.389157703873 216.697190694 782.913651602
56 0.357383898356 208.231515188 791.411100914
57 0.329295594225 200.09417315 799.576531256
58 0.304384581492 192.272784673 807.422830745
59 0.282230191443 184.755380788 814.96238902
60 0.262460650068 177.530398707 822.207140643
61 0.244778510833 170.586658914 829.168562575
62 0.228920765367 163.913385841 835.857693393
63 0.214647884419 157.500222225 842.285129891
64 0.201755437117 151.337178021 848.461066542
65 0.190082289613 145.414553966 854.395363744
66 0.179496025342 139.723077513 860.097426461
67 0.169894279875 134.25385019 865.57625553
68 0.161152630423 128.998218609 870.84062876
69 0.153170767919 123.947885381 875.898943851
70 0.145877993586 119.094922312 880.759199694
71 0.13920803349 114.431681634 885.429110332
72 0.133086082046 109.950741208 889.91617271
73 0.127456825321 105.645022742 894.227520432
74 0.122270800401 101.507696596 898.370032604
75 0.117484940442 97.5321907348 902.350324325
76 0.113064707752 93.7122241717 906.174711121
77 0.108974599211 90.0417139059 909.849311495
78 0.105183609413 86.5148247951 913.379991595
79 0.101666304358 83.125974552 916.772359144
80 0.0983972788756 79.8697508589 920.031851862
81 0.0953551690455 76.7409796162 923.163665215
82 0.0925215355887 73.7347013178 926.172777147
83 0.0898776726422 70.846098507 929.06402382
84 0.0874087012268 68.0705919852 931.841999314
85 0.0851008155634 65.403768769 934.511130415
86 0.0829408640141 62.8413656445 937.075693492
87 0.0809173718708 60.3793046893 939.539777939
88 0.0790196065464 58.0136635883 941.907316805
89 0.0772386939491 55.7406804491 944.182080857
90 0.0755660015775 53.5567287587 946.36770524
91 0.0739927278963 51.4583055665 948.467701706
92 0.072511094366 49.4420511742 950.485437731
93 0.0711155766379 47.504771976 952.424112447
94 0.0698001050248 45.6433767018 954.286823193
95 0.0685589669855 43.8548920942 956.076548939
96 0.0673872480563 42.1364672558 957.796145496
97 0.0662803749681 40.4853611883 959.448358437
98 0.0652339942297 38.8989365917 961.035829414
99 0.0642441104733 37.3746596855 962.561096204
100 0.063307207148 35.9101003171 964.026592476
