"Time" "S" "I" "R"
0 997 3 0
1 995.511660634 4.34790453191 0.140434833871
2 993.359351653 6.29675688419 0.343891462617
3 990.252224747 9.10938980205 0.638385451081
4 985.777844912 13.1580596393 1.06409544839
5 979.357601391 18.9640681983 1.67833041054
6 970.192422881 27.2453867873 2.56219033158
7 957.204075031 38.9667735406 3.82915142874
8 938.987188294 55.3774045228 5.6354071828
9 913.803930479 78.0051027916 8.19096672976
10 879.67682044 108.554307416 11.768872144
11 834.654532989 148.637971676 16.7074953357
12 777.311917371 199.289788447 23.3982941814
13 707.451174238 260.297945267 32.250880495
14 626.779811955 329.587992287 43.632195758
15 539.150535052 403.060279322 57.7891856267
16 450.000647774 475.219404604 74.7799476227
17 365.0616018 540.494558461 94.4438397394
18 288.938924012 594.63452615 116.426549837
19 224.257252504 635.493783274 140.248964221
20 171.630797986 662.979183248 165.390018766
21 130.207582961 678.437132672 191.355284367
22 98.3650024969 683.91680438 217.718193124
23 74.2666326339 681.598002928 244.135364438
24 56.1963107819 673.459164577 270.344524642
25 42.7041578176 661.142273101 296.153569081
26 32.6367713679 645.936246123 321.426982509
27 25.1098107204 628.817334687 346.072854593
28 19.4604044653 610.507682521 370.031913013
29 15.1983794896 591.532787106 393.268833404
30 11.9636193433 572.270771775 415.765608882
31 9.49233260442 552.991021688 437.516645708
32 7.59125761452 533.883592887 458.525149498
33 6.1184474227 515.081052564 478.800500014
34 4.96927045888 496.67437267 498.356356871
35 4.06625978193 478.724451718 517.2092885
36 3.35166103099 461.270574195 535.377764774
37 2.78224512661 444.336294679 552.881460194
38 2.32545462607 427.933814357 569.740731017
39 1.95661147404 412.067150474 585.976238052
40 1.65690257869 396.734419156 601.608678266
41 1.41180169863 381.929619713 616.658578589
42 1.21015940208 367.643656748 631.14618385
43 1.04332503084 353.865328672 645.091346298
44 0.904514877444 340.58203385 658.513451272
45 0.788383998296 327.780241527 671.431374475
46 0.690722106983 315.445817472 683.863460421
47 0.608182255364 303.564317944 695.827499801
48 0.538109337392 292.121165836 707.340724826
49 0.478298983048 281.101907312 718.419793705
50 0.427028360716 270.492154353 729.080817286
51 0.382880653335 260.277766177 739.33935317
52 0.344720081987 250.444860145 749.210419773
53 0.311593126872 240.979904702 758.708502171
54 0.282732380405 231.869697728 767.847569892
55 0.257484625811 223.101429251 776.641086123
56 0.23532418741 214.662646631 785.102029182
57 0.215801962901 206.541294548 793.242903489
58 0.19855192958 198.725695292 801.075752779
59 0.183258782498 191.204560078 808.61218114
60 0.169668464372 183.966964219 815.863367317
61 0.157545801624 177.002390343 822.840063856
62 0.146686449785 170.30069989 829.552613661
63 0.136931987339 163.85204301 836.011025003
64 0.128153437205 157.646962361 842.224884202
65 0.12025017775 151.676367229 848.203382593
66 0.113105661439 145.931432995 853.955461343
67 0.106628573671 140.40368491 859.489686517
68 0.100753608245 135.08499832 864.814248072
69 0.0954087705967 129.967487604 869.937103625
70 0.0905309597329 125.043564669 874.865904372
71 0.0860783568703 120.305996643 879.607925001
72 0.0819968834135 115.747686418 884.170316698
73 0.0782523377056 111.361903707 888.559843956
74 0.0748120342244 107.142153026 892.78303494
75 0.0716478645091 103.082181757 896.846170378
76 0.0687311262261 99.175930582 900.755338292
77 0.0660383261587 95.417598769 904.516362905
78 0.0635462935671 91.8015965423 908.134857164
79 0.0612386657106 88.3225561858 911.616205148
80 0.0591010552206 84.9753064797 914.965592465
81 0.057115697341 81.7548454403 918.188038862
82 0.0552637523513 78.6563416759 921.288394572
83 0.0535359028642 75.6751970135 924.271267084
84 0.0519238859687 72.806986118 927.141089996
85 0.0504202126434 70.0474490079 929.902130779
86 0.0490159129104 67.3924720273 932.55851206
87 0.0477022870429 64.8380928177 935.114204895
88 0.0464711882973 62.3804964062 937.573032405
89 0.0453163129099 60.0160199659 939.938663721
90 0.0442322732709 57.7411407391 942.214626988
91 0.0432138116344 55.5524650279 944.40432116
92 0.042256126265 53.446728946 946.511014928
93 0.0413548097589 51.4207925936 948.537852597
94 0.0405058069687 49.4716328388 950.487861354
95 0.0397054404998 47.5963418088 952.363952751
96 0.0389503794083 45.7921226124 954.168927008
97 0.0382374865055 44.0562818409 955.905480673
98 0.0375639000224 42.3862286248 957.576207475
99 0.036927061667 40.779472225 959.183600713
100 0.0363245581575 39.2336139814 960.73006146
