"Time" "S" "I" "R"
0 997 3 0
1 995.564897174 4.29138324372 0.143719582493
2 993.516338114 6.13442828382 0.349233602102
3 990.596721532 8.76041170867 0.642866759069
4 986.445062365 12.4930343085 1.06190332615
5 980.560383414 17.7807273534 1.65888923309
6 972.257124174 25.2355196168 2.50735620948
7 960.616082816 35.674741572 3.70917561207
8 944.441218321 50.1553127427 5.40346893612
9 922.244313612 69.9792749235 7.77641146476
10 892.296614858 96.6332932193 11.070091923
11 852.803407586 131.60979963 15.5867927841
12 802.257264888 176.059816228 21.6829188833
13 739.97758816 230.276857515 29.7455543252
14 666.720284806 293.132841115 40.1468740784
15 585.0804886 361.740081494 53.179429906
16 499.348754191 431.663195157 68.9880506515
17 414.68917644 497.787275009 87.5235485511
18 335.925957011 555.53438744 108.539655549
19 266.50796058 601.856231403 131.635808017
20 208.080625854 635.591802038 156.327572108
21 160.683207952 657.198656929 182.118135119
22 123.285333758 668.163136987 208.551529255
23 94.3486983936 670.409826731 235.241474875
24 72.2411888801 665.879072504 261.879738616
25 55.472839588 656.295553133 288.231607279
26 42.7927944316 643.082047519 314.125158049
27 33.2035258344 627.357451321 339.439022845
28 25.9345720827 609.974481544 364.090946373
29 20.402533333 591.569300806 388.028165861
30 16.1709410596 572.609301149 411.219757792
31 12.9150985447 553.434155497 433.650745958
32 10.394068986 534.28823318 455.317697834
33 8.4290384366 515.345517356 476.225444208
34 6.88697724369 496.728359117 496.384663639
35 5.66855222186 478.521332551 515.810115227
36 4.69933585292 460.781305677 534.51935847
37 3.92315025552 443.545067964 552.531781781
38 3.29743320293 426.83463358 569.867933217
39 2.78977 410.661212783 586.549017217
40 2.37530028719 395.028182275 602.596517438
41 2.03490309542 379.933157218 618.031939686
42 1.75360702523 365.369805609 632.876587366
43 1.51984770447 351.328683798 647.151468498
44 1.32452409782 337.798307288 660.877168614
45 1.16043474268 324.765783178 674.07378208
46 1.02187699284 312.217254068 686.760868939
47 0.904299267211 300.138274971 698.957425762
48 0.804045813409 288.514087818 710.681866368
49 0.718176633953 277.32980914 721.952014226
50 0.644320005167 266.570578523 732.785101471
51 0.580471447991 256.221769173 743.197759379
52 0.525082076243 246.268862026 753.206055897
53 0.476821072754 236.697700482 762.825478445
54 0.434629930865 227.49440806 772.070962009
55 0.397596471696 218.645512209 780.956891319
56 0.364986027326 210.13789025 789.497123722
57 0.336162814954 201.958838414 797.704998771
58 0.310611242131 194.096027597 805.593361161
59 0.287884516927 186.537544024 813.174571459
60 0.267613491886 179.271863893 820.460522615
61 0.249482640346 172.287855395 827.462661964
62 0.233228369939 165.574767264 834.192004366
63 0.218606220966 159.122264913 840.659128866
64 0.205403520412 152.920400036 846.874196444
65 0.193451187808 146.959500785 852.847048027
66 0.182610292585 141.230297365 858.587092342
67 0.172773719347 135.723905581 864.103320699
68 0.163828156511 130.431719505 869.404452339
69 0.155660446205 125.345426739 874.498912815
70 0.148195006983 120.457098369 879.394706624
71 0.1413695612 115.75911916 884.099511279
72 0.135107959586 111.244072564 888.620819477
73 0.129351067479 106.904871413 892.96577752
74 0.124049020303 102.734706969 897.14124401
75 0.119156398366 98.7269967511 901.153846851
76 0.114636995903 94.8754542837 905.00990872
77 0.110456968878 91.1740184613 908.71552457
78 0.106582874391 87.61683523 912.276581896
79 0.102988574888 84.198320088 915.698691337
80 0.0996489579892 80.9130726257 918.987278416
81 0.0965412629832 77.7558990996 922.147559637
82 0.0936469234482 74.721844116 925.184508961
83 0.0909467389763 71.8060832236 928.102970037
84 0.0884252728581 69.0040262831 930.907548444
85 0.0860685662074 66.3112613294 933.602670104
86 0.0838631624237 63.7235181633 936.192618674
87 0.0817972643057 61.2367080901 938.681494646
88 0.079859971062 58.846902438 941.073237591
89 0.0780417554309 56.5503279679 943.371630277
90 0.0763342522849 54.343357391 945.580308357
91 0.0747287842914 52.2224860342 947.702785181
92 0.0732168731682 50.1843341107 949.742449016
93 0.0717926610083 48.2256952079 951.702512131
94 0.0704502445038 46.3434754741 953.586074281
95 0.0691838220507 44.5346932428 955.396122935
96 0.067988171321 42.7964848746 957.135526954
97 0.0668587334029 41.1261024725 958.807038794
98 0.0657910914508 39.5209003006 960.413308608
99 0.0647811136469 37.9783338569 961.956885029
100 0.0638251754954 36.4959629028 963.440211922
