"Time" "S" "I" "R"
0 997 3 0
1 995.561899461 4.29376790826 0.144332631141
2 993.507932152 6.14123016454 0.350837683291
3 990.579018067 8.77493271641 0.64604921706
4 986.411922617 12.5205097507 1.06756763193
5 980.502325781 17.8292635841 1.66841063442
6 972.159845165 25.3173509264 2.52280390824
7 960.458601399 35.8077779849 3.73362061645
8 944.193843 50.3647651788 5.44139182105
9 921.867016021 70.2987771588 7.83420682015
10 891.739022689 97.1043527214 11.1566245895
11 852.008384362 132.277729843 15.713885795
12 801.170327858 176.964123147 21.8655489955
13 738.563058851 231.435496053 30.0014450957
14 664.981032889 294.523764553 40.4952025578
15 583.072483449 363.288891369 53.6386251821
16 497.179469959 433.247400793 69.5731292488
17 412.495632721 499.260519436 88.2438478427
18 333.84102566 556.761190858 109.397783482
19 264.631447458 602.740471212 132.628081331
20 206.46657263 636.087883118 157.445544251
21 159.343708171 657.305793886 183.350497943
22 122.203166089 667.911036856 209.885797056
23 93.4910748107 669.843753306 236.665171884
24 71.5703255042 665.048582154 263.381092342
25 54.9523615968 655.247775734 289.799862669
26 42.3908489105 641.858495227 315.750655862
27 32.8937278252 625.993119687 341.113152487
28 25.6958183978 608.49813744 365.806044162
29 20.218311091 590.004291267 389.777397642
30 16.0285074712 570.974484832 412.997007697
31 12.8046923959 551.744789739 435.450517865
32 10.3082518454 532.556714738 457.135033417
33 8.36214762646 513.581999208 478.055853165
34 6.8346984848 494.941234345 498.224067171
35 5.62759968214 476.717599549 517.654800769
36 4.66719270333 458.966867812 536.365939485
37 3.89788590663 441.724947503 554.37716659
38 3.27756320374 425.013138491 571.709298305
39 2.77414646716 408.842070158 588.383783375
40 2.3630334422 393.21463653 604.422330028
41 2.02530006506 378.128049038 619.846650897
42 1.74612091849 363.575639147 634.678239934
43 1.51405147919 349.547665334 648.938283187
44 1.32008254035 336.032386294 662.647531166
45 1.15708374294 323.016684723 675.826231534
46 1.01940208366 310.48651171 688.494086206
47 0.902531773569 298.427242792 700.670225435
48 0.802851408209 286.82396147 712.373187122
49 0.717448393246 275.661641042 723.620910564
50 0.64396655512 264.925298528 734.430734917
51 0.580423038435 254.600183986 744.819392976
52 0.525281045535 244.671672428 754.803046526
53 0.477222051437 235.125507274 764.397270675
54 0.435194031477 225.947724311 773.617081658
55 0.398293609803 217.124766126 782.476940264
56 0.365789781234 208.643436092 790.990774127
57 0.337053217204 200.490957996 799.171988787
58 0.311565860742 192.654940428 807.033493711
59 0.288899673887 185.123405903 814.587694423
60 0.268672096536 177.884779877 821.846548027
61 0.250577173011 170.927875162 828.821547665
62 0.234350047071 164.241897862 835.523752091
63 0.219746887425 157.81647372 841.963779393
64 0.206556970311 151.641610983 848.151832047
65 0.194613531606 145.70759713 854.097789339
66 0.183779293166 140.005136605 859.811084102
67 0.173949040407 134.525318189 865.30073277
68 0.165004206194 129.259494658 870.575501136
69 0.156835684457 124.199337942 875.643826373
70 0.149369216671 119.336900506 880.513730278
71 0.142541528032 114.664541512 885.19291696
72 0.136275888098 110.174822887 889.688901225
73 0.13051420966 105.860645832 894.008839959
74 0.125206487856 101.715181383 898.159612129
75 0.120307875594 97.7318370972 902.147855027
76 0.115782687687 93.904318622 905.97989869
77 0.111596135803 90.2265454127 909.661858452
78 0.107715496652 86.6926612915 913.199623212
79 0.104114761492 83.2970751723 916.598810066
80 0.100768444766 80.0343729856 919.86485857
81 0.0976541916675 76.8993622022 923.002983606
82 0.0947533627852 73.8870803882 926.018166249
83 0.0920467831326 70.9926996599 928.915253557
84 0.0895191009215 68.2116292199 931.698851679
85 0.0871563372959 65.5394535576 934.373390105
86 0.0849450014166 62.9719000685 936.94315493
87 0.0828733485361 60.5048819872 939.412244664
88 0.0809304245479 58.1344701847 941.784599391
89 0.0791069365923 55.8568943286 944.063998735
90 0.0773942957643 53.6685251013 946.254080603
91 0.0757836843168 51.5658566875 948.358359628
92 0.0742668045032 49.5455155699 950.380217626
93 0.0728379789767 47.6043021109 952.32285991
94 0.0714911197178 45.7391218032 954.189387077
95 0.0702203933748 43.946995977 955.98278363
96 0.0690206822439 42.2250668183 957.705912499
97 0.0678873600838 40.5705892857 959.361523354
98 0.0668159889905 38.9809215557 960.952262455
99 0.0658024490596 37.4535241795 962.480673371
100 0.0648431364816 35.9859623853 963.949194478
