"Time" "S" "I" "R"
0 997 3 0
1 995.558321216 4.29942093528 0.142257848462
2 993.496547666 6.15739032039 0.346062013843
3 990.552684487 8.8095213858 0.637794127093
4 986.358957339 12.586156039 1.05488662206
5 980.404155096 17.9456587123 1.65018619122
6 971.987750514 25.5144826242 2.49776686137
7 960.169516372 36.1300802278 3.7004033998
8 943.725532054 50.875845274 5.3986226721
9 921.133768193 71.085595814 7.78063599278
10 890.630371342 98.27839594 11.0912327181
11 850.39512196 133.969027764 15.6358502759
12 798.923030798 179.303123628 21.7738455739
13 735.585898842 234.520291768 29.8938093902
14 661.255366279 298.378350346 40.366283375
15 578.69217442 367.830243064 53.4775825168
16 492.353877039 438.284595245 69.3615277165
17 407.508756291 504.536190641 87.9550530681
18 328.982419895 562.018958582 108.998621523
19 260.132753853 607.784792192 132.082453955
20 202.469369021 640.811897841 156.718733138
21 155.901736494 661.685471516 182.41279199
22 119.30471651 671.980616045 208.714667445
23 91.0858844437 673.668171855 235.245943702
24 69.5915412506 668.70193832 261.70652043
25 53.3308096478 658.800099621 287.869090731
26 41.0627654573 645.369270749 313.567963794
27 31.8039434641 629.509325972 338.686730564
28 24.7983697972 612.054712694 363.146917509
29 19.4757721115 593.625690236 386.898537653
30 15.4108037744 574.676567556 409.91262867
31 12.2878135577 555.5366509 432.175535543
32 9.87310498046 536.442235782 453.684659238
33 7.99354498117 517.561164814 474.445290205
34 6.52053694724 499.011171881 494.468291171
35 5.35821932027 480.873375125 513.768405555
36 4.43483468956 463.202141775 532.363023535
37 3.69629954357 446.032438213 550.271262244
38 3.10169380656 429.384980154 567.513326039
39 2.61988167498 413.270094714 584.110023611
40 2.22701494206 397.69057272 600.082412338
41 1.90476371349 382.643684676 615.45155161
42 1.63878594383 368.122922596 630.23829146
43 1.41802278115 354.11879127 644.463185948
44 1.23378503716 340.619843088 658.146371875
45 1.07920183399 327.613295263 671.307502903
46 0.948820861651 315.085471833 683.965707305
47 0.838312638469 303.022120128 696.139567233
48 0.744198875427 291.40870561 707.847095515
49 0.663688319441 280.230580694 719.105730986
50 0.594509349647 269.473156956 729.932333694
51 0.534774616837 259.122039628 740.343185755
52 0.483008309138 249.162973742 750.354017949
53 0.437956577193 239.582044267 759.979999156
54 0.398610440407 230.365629926 769.235759634
55 0.364113058729 221.500490133 778.135396808
56 0.33376441069 212.973741391 786.692494198
57 0.306968965271 204.77289686 794.920134175
58 0.283233528159 196.885846432 802.83092004
59 0.262150615451 189.300875649 810.436973735
60 0.243359112898 182.006661235 817.749979652
61 0.226570567053 174.992250207 824.781179226
62 0.211531493291 168.247076836 831.541391671
63 0.198010285174 161.760979598 838.041010117
64 0.185809593699 155.524151079 844.290039327
65 0.174774583324 149.527069287 850.29815613
66 0.164777968292 143.76062214 856.074599892
67 0.155720240192 138.21605527 861.62822449
68 0.147480209984 132.884854614 866.967665176
69 0.139963981728 127.758859554 872.101176465
70 0.133104462799 122.830261743 877.036633794
71 0.126832047212 118.091496503 881.78167145
72 0.121076229919 113.535249566 886.343674204
73 0.115788285221 109.154551794 890.729659921
74 0.110926976232 104.942706023 894.946367001
75 0.106445514366 100.893186283 899.000368202
76 0.102307408191 96.9997602839 902.897932308
77 0.0984808326683 93.2564345741 906.645084593
78 0.0949358928168 89.657421628 910.247642479
79 0.0916485790337 86.1971929403 913.711158481
80 0.0885959447853 82.8704062452 917.04099781
81 0.0857566031824 79.6719133896 920.242330007
82 0.0831131083435 76.5967966152 923.320090276
83 0.0806484473261 73.6402922241 926.279059329
84 0.0783476478721 70.7978301778 929.123822174
85 0.076198014114 68.0650384159 931.85876357
86 0.0741866350577 65.4376645182 934.488148847
87 0.0723029985048 62.9116612131 937.016035788
88 0.0705374699922 60.483132387 939.446330143
89 0.0688808036572 58.1483080633 941.782811133
90 0.0673248927282 55.9035802554 944.029094852
91 0.0658621677818 53.7454778027 946.18866003
92 0.064486164546 51.6706683155 948.26484552
93 0.063190805752 49.6759408519 950.260868342
94 0.0619699399875 47.7581925745 952.179837486
95 0.0608178753301 45.9144390963 954.024743028
96 0.0597305219101 44.1418457934 955.798423685
97 0.0587035276828 42.437668811 957.503627661
98 0.0577327595163 40.799266466 959.143000774
99 0.0568145861616 39.2241033357 960.719082078
100 0.055945673892 37.7097417062 962.23431262
