"Time" "S" "I" "R"
0 997 3 0
1 995.549601885 4.30798999065 0.14240812453
2 993.47125965 6.1819069964 0.346833354076
3 990.497939875 8.86202696999 0.640033155099
4 986.254122785 12.6858319132 1.06004530194
5 980.216978186 18.1223531098 1.66066870397
6 971.669072087 25.8134883071 2.51743960597
7 959.646571222 36.6181107373 3.73531804056
8 942.89451872 51.6474935094 5.45798777033
9 919.853760135 72.2682177256 7.87802213932
10 888.722953334 100.031173017 11.245873649
11 847.656890088 136.469424824 15.873685088
12 795.159181997 182.713169155 22.1276488484
13 730.667990355 238.930464437 30.4015452078
14 655.191646349 303.74138302 41.0669706301
15 571.678257418 373.916881006 54.4048615758
16 484.765102836 444.69835564 70.5365415236
17 399.820829301 510.797839708 89.3813309916
18 321.653528242 567.685336616 110.661135142
19 253.505080619 612.543838671 133.95108071
20 196.728172986 644.517514002 158.754313012
21 151.090327774 664.336279242 184.573392984
22 115.368048073 673.671577055 210.960374872
23 87.9168356191 674.541506167 237.541658214
24 67.0658697827 668.911068423 264.023061795
25 51.3283517412 658.488476606 290.183171653
26 39.4776778447 644.660741901 315.861580254
27 30.5479199609 628.505756555 340.946323484
28 23.800143317 610.837330238 365.362526445
29 18.6790303938 592.257927188 389.063042419
30 14.7715649097 573.207324146 412.021110944
31 11.7719389114 554.003294523 434.224766566
32 9.45419564756 534.873106693 455.672697659
33 7.65118082854 515.977651373 476.371167799
34 6.2388936411 497.429334342 496.331772017
35 5.12502156131 479.305172686 515.569805752
36 4.24048501634 461.656452458 534.103062526
37 3.53327988005 444.515759577 551.950960543
38 2.96409449153 427.901981042 569.133924467
39 2.50302396087 411.82405851 585.672917529
40 2.12718694339 396.28370714 601.589105917
41 1.8189684271 381.277416816 616.903614757
42 1.56465179774 366.798005009 631.637343193
43 1.35360664982 352.835531616 645.810861734
44 1.17751611633 339.378171294 659.44431259
45 1.02980256518 326.412856349 672.557341086
46 0.905239154415 313.925704001 685.169056844
47 0.799678593889 301.9023049 697.298016506
48 0.709794539761 290.328003159 708.962202301
49 0.632925659344 279.188054754 720.179019587
50 0.566865719793 268.467848742 730.965285539
51 0.509846292953 258.152904568 741.337249139
52 0.460430722428 248.228972925 751.310596352
53 0.417438610632 238.682104335 760.900457055
54 0.379889978192 229.498692646 770.121417375
55 0.34697740088 220.665488526 778.987534073
56 0.318021697261 212.169630761 787.512347542
57 0.292462052575 203.998637413 795.708900534
58 0.269823515179 196.140422728 803.589753757
59 0.249715094421 188.583290636 811.16699427
60 0.23179515201 181.315941155 818.452263693
61 0.215790216281 174.32744082 825.456768964
62 0.201451075396 167.607260867 832.191288058
63 0.188554700073 161.145274204 838.666171096
64 0.176918356801 154.931665777 844.891415866
65 0.166396043392 148.956961183 850.876642774
66 0.156870999219 143.212086789 856.631042212
67 0.148240981727 137.688295867 862.163463151
68 0.140385217117 132.377093251 867.482521532
69 0.133222898893 127.270368692 872.59640841
70 0.126690798347 122.360339764 877.512969437
71 0.120712088433 117.639425423 882.239862489
72 0.115226945628 113.100372315 886.784400739
73 0.110190984256 108.736248085 891.153560931
74 0.10555972118 104.540336799 895.35410348
75 0.101289890099 100.506149011 899.392561099
76 0.0973480271164 96.6274862875 903.275165685
77 0.0937023566922 92.898356598 907.007941045
78 0.0903255562855 89.3130102377 910.596664206
79 0.0871948771531 85.8659394485 914.046865674
80 0.0842870989115 82.5518010454 917.363911856
81 0.0815828859196 79.3654849238 920.55293219
82 0.0790653926774 76.3020846348 923.618849972
83 0.0767180070609 73.3568453145 926.566436678
84 0.0745270250893 70.5252292135 929.400243761
85 0.0724798898927 67.8028643791 932.124655731
86 0.0705645100559 65.1855228774 934.743912613
87 0.0687709978855 62.6691773707 937.262051631
88 0.067089880692 60.249931911 939.682978208
89 0.065512497704 57.9240384965 942.010449006
90 0.0640310676021 55.6879026654 944.248066267
91 0.0626384215939 53.5380664646 946.399295114
92 0.0613285514278 51.4712105935 948.467460855
93 0.0600953653471 49.4841289158 950.455775719
94 0.0589327646279 47.5737236993 952.367343536
95 0.0578359508617 45.7370412042 954.205122845
96 0.0568008080299 43.9712500779 955.971949114
97 0.055823107556 42.2736144384 957.670562454
98 0.0548989269053 40.6415029967 959.303598076
99 0.0540248866275 39.0723917375 960.873583376
100 0.0531977462329 37.5638501835 962.38295207
