"Time" "S" "I" "R"
0 997 3 0
1 995.561980482 4.29368546887 0.14433404915
2 993.508168003 6.14099482376 0.350837173179
3 990.579529874 8.77442980068 0.646040324949
4 986.412904159 12.5195570304 1.06753881062
5 980.504079703 17.8275780747 1.66834222269
6 972.162832437 25.3145038959 2.5226636669
7 960.463504128 35.8031384986 3.73335737333
8 944.201634617 50.3574384802 5.4409269023
9 921.879020302 70.2875563097 7.83342338847
10 891.75692211 97.0877218037 11.1553560865
11 852.034112453 132.253980917 15.71190663
12 801.20576871 176.931658004 21.8625732863
13 738.609518633 231.393340085 29.9971412818
14 665.038579126 294.472190364 40.4892305106
15 583.139436907 363.229868469 53.6306946238
16 497.252414878 433.184519782 69.56306534
17 412.570101165 499.198259461 88.2316393746
18 333.912590553 556.703816662 109.383592785
19 264.696688945 602.691098529 132.612212526
20 206.523531468 636.048082804 157.428385728
21 159.391799538 657.275738616 183.332461846
22 122.242793021 667.88993465 209.867272329
23 93.523190286 669.830313016 236.646496698
24 71.5960870095 665.041369756 263.362543234
25 54.9729154074 655.245429501 289.781655092
26 42.4072199104 641.859829373 315.732950716
27 32.9067804861 625.99715457 341.096064943
28 25.706256218 608.504091192 365.78965259
29 20.226694157 590.011554198 389.761751645
30 16.0352758075 570.982589364 412.982134828
31 12.8101894391 551.753381509 435.436429052
32 10.3127445181 532.565528294 457.121727187
33 8.36584340018 513.590837622 478.043318978
34 6.83775890849 494.949953156 498.212287936
35 5.63015068942 476.726094578 517.643754732
36 4.6693331029 458.975065151 536.355601746
37 3.89969345017 441.732796379 554.36751017
38 3.27909930405 425.020605733 571.700294963
39 2.77545994669 408.849135801 588.375404252
40 2.36416326572 393.221290626 604.414546108
41 2.02627753993 378.1342891 619.83943336
42 1.74697142637 363.581468153 634.67156042
43 1.51479557328 349.55309047 648.932113957
44 1.32073693659 336.037417823 662.64184524
45 1.15766208766 323.021335127 675.821002785
46 1.01991577896 310.490794762 688.489289459
47 0.902990187535 298.43117336 700.665836453
48 0.803262316638 286.827555037 712.369182646
49 0.717818256584 275.664913429 723.617268314
50 0.644300981262 264.928265395 734.427433624
51 0.580726598013 254.602861098 744.816412304
52 0.52555768113 244.674075222 754.800367097
53 0.477475043935 235.127650934 764.394874022
54 0.435426261468 225.949623513 773.614950226
55 0.39850747822 217.126435164 782.475057357
56 0.365987423621 208.644888674 790.989123902
57 0.337236416002 200.492207388 799.170556196
58 0.311736173545 192.655999312 807.032264515
59 0.289058510913 185.124286443 814.586655046
60 0.26882063541 177.885493678 821.845685687
61 0.250716408772 170.928433383 828.820850209
62 0.234480927886 164.242311017 835.523208055
63 0.219870267642 157.816751731 841.963378002
64 0.206673579202 151.641763443 848.151562977
65 0.194723974673 145.707633203 854.097642822
66 0.183884077662 140.005064768 859.811051154
67 0.174048592673 134.525146426 865.300804981
68 0.165099090307 129.259230958 870.575669952
69 0.156926275963 124.198989491 875.644084233
70 0.149455817607 119.336473956 880.514070227
71 0.142624477542 114.664043434 885.193332089
72 0.136355511197 110.174259516 889.689384972
73 0.130590762998 105.860022828 894.009386409
74 0.125280211191 101.714504274 898.160215515
75 0.120378975754 97.7311109575 902.148510067
76 0.115851342145 93.9035481218 905.980600536
77 0.111662537656 90.2257352182 909.662602244
78 0.107779802862 86.6918155754 913.200404622
79 0.104177113874 83.2961978285 916.599625058
80 0.100828984126 80.0334678481 919.865703168
81 0.0977130377394 76.8984326837 923.003854279
82 0.0948106285049 73.8861297574 926.019059614
83 0.0921025724206 70.9917309693 928.916166458
84 0.0895735074924 68.2106452608 931.699781232
85 0.0872094490808 65.5384569945 934.374333556
86 0.0849969000149 62.970893394 936.944109706
87 0.0829241088054 60.5038674806 939.413208411
88 0.0809801167613 58.1334499754 941.785569908
89 0.0791556216376 55.8558703567 944.064974022
90 0.0774420343839 53.6674992322 946.255058733
91 0.0758305359294 51.564830712 948.359338752
92 0.0743128201229 49.5444910515 950.381196128
93 0.0728832040531 47.6032804475 952.323836348
94 0.0715355992302 45.7381043367 954.190360064
95 0.0702641696469 43.9459839474 955.983751883
96 0.0690637931957 42.2240613338 957.706874873
97 0.0679298421032 40.5695913786 959.362478779
98 0.0668578763913 38.9799321757 960.953209948
99 0.0658437736146 37.4525441816 962.481612045
100 0.064883927753 35.9849925396 963.950123533
