"Time" "S" "I" "R"
0 997 3 0
1 995.561980159 4.29368544172 0.144334399172
2 993.508167233 6.14099474418 0.350838022651
3 990.579528489 8.77442962495 0.646041886378
4 986.412901931 12.5195566835 1.06754138549
5 980.504076334 17.8275774287 1.66834623725
6 972.162827546 25.314502733 2.52266972086
7 960.463497246 35.8031364489 3.73336630468
8 944.20162521 50.3574349189 5.44093987078
9 921.879007832 70.2875501904 7.83344197774
10 891.756906174 97.0877114063 11.1553824197
11 852.034093019 132.253963498 15.7119434834
12 801.205746441 176.931629387 21.862624172
13 738.609495222 231.393294321 29.997210457
14 665.038557432 294.472119703 40.489322865
15 583.139420665 363.229763917 53.6308154178
16 497.252407886 433.184372301 69.5632198124
17 412.570106218 499.198061488 88.2318322944
18 333.912608641 556.703563303 109.383828055
19 264.696719116 602.690787956 132.612492928
20 206.52357132 636.047715843 157.428712837
21 159.391846008 657.275317895 183.332836097
22 122.242843078 667.889463749 209.867693173
23 93.5232413664 669.829795836 236.646962798
24 71.5961371802 665.040810155 263.363052665
25 54.9729633557 655.244831136 289.782205508
26 42.4072648437 641.859195655 315.733539501
27 32.9068220066 625.996488675 341.096689319
28 25.7062942055 608.503396092 365.790309703
29 20.226728674 590.010832694 389.762438632
30 16.0353070282 570.981844111 412.98284886
31 12.8102175988 551.752615031 435.43716737
32 10.3127698793 532.564742997 457.122487124
33 8.36586623067 513.590035797 478.044097972
34 6.83777946754 494.94913699 498.213083542
35 5.63016922046 476.725266151 517.644564628
36 4.66934982937 458.974226436 536.356423734
37 3.89970857443 441.731949249 554.368342177
38 3.27911300749 425.019751956 571.701135037
39 2.77547239059 408.848277044 588.376250566
40 2.36417459291 393.220428459 604.415396948
41 2.02628787632 378.133424995 619.840287129
42 1.7469808829 363.580603488 634.672415629
43 1.51480424745 349.552226532 648.932969221
44 1.3207449141 336.036555811 662.642699275
45 1.15766944392 323.020476154 675.821854402
46 1.01992258005 310.48993986 688.49013756
47 0.90299649172 298.430323483 700.666680025
48 0.803268175273 286.826711065 712.37002076
49 0.717823715032 275.664076168 723.618100117
50 0.64430607915 264.927435586 734.428258335
51 0.580731370942 254.602039416 744.817229213
52 0.525562160328 244.673262282 754.801175557
53 0.477479257383 235.126847293 764.39567345
54 0.435430233721 225.948829673 773.615740093
55 0.398511231413 217.125651577 782.475837192
56 0.365990977235 208.644115741 790.989893281
57 0.337239787736 200.491445466 799.171314746
58 0.311739379182 192.655248715 807.033011905
59 0.289061564354 185.123547445 814.58739099
60 0.268823549392 177.884766515 821.846409935
61 0.250719195012 170.927718255 828.82156255
62 0.23448359662 164.241608091 835.523908313
63 0.219872828005 157.816061143 841.964066029
64 0.206676039463 151.641085302 848.152238658
65 0.194726342329 145.706967589 854.098306069
66 0.18388635958 140.004411737 859.811701904
67 0.174050795309 134.52450601 865.301443195
68 0.16510121963 129.258603169 870.576295612
69 0.156928337105 124.19837432 875.644697343
70 0.149457815254 119.335871375 880.51467081
71 0.14262641631 114.663453399 885.193920184
72 0.136357395304 110.17368197 889.689960635
73 0.130592596099 105.859457695 894.009949708
74 0.125281996586 101.713951467 898.160766537
75 0.120380716563 97.7305703766 902.149048907
76 0.115853041261 93.9030196568 905.981127302
77 0.111664197744 90.2252187486 909.663117054
78 0.107781426394 86.6913109717 913.200907602
79 0.104178703133 83.2957049532 916.600116344
80 0.100830541204 80.0329865558 919.866182903
81 0.0977145646063 76.8979628231 923.004322612
82 0.0948121269711 73.8856711709 926.019516702
83 0.0921040441788 70.9912834944 928.916612461
84 0.0895749541251 68.2102087308 931.700216315
85 0.0872108720494 65.538031238 934.37475789
86 0.0849983006808 62.9704782367 936.944523463
87 0.0829254884425 60.5034627452 939.413611766
88 0.0809814765529 58.1330554826 941.785963041
89 0.0791569627291 55.8554859253 944.065357112
90 0.0774433578007 53.6671246788 946.255431963
91 0.0758318425982 51.5644658516 948.359702306
92 0.074314110972 49.5441356996 950.381550189
93 0.0728844799734 47.6029344198 952.3241811
94 0.0715368610207 45.7377674477 954.190695691
95 0.0702654180535 43.945656012 955.98407857
96 0.0690650289455 42.2237421678 957.707192803
97 0.0679310658636 40.5692807982 959.362788136
98 0.0668590887851 38.9796299979 960.953510913
99 0.0658449752365 37.4522502247 962.4819048
100 0.0648851191673 35.9847066234 963.950408257
