"Time" "S" "I" "R"
0 997 3 0
1 995.566329851 4.28940871102 0.144261438285
2 993.520751597 6.12879288816 0.350455515219
3 990.606704552 8.74836991688 0.64492553102
4 986.464815528 12.4702190341 1.06496543752
5 980.596542307 17.7403456046 1.66311208873
6 972.319893622 25.1672519607 2.51285441712
7 960.720695873 35.5633376335 3.71596649364
8 944.609602225 49.9790044325 5.41139334204
9 922.506568328 69.7083990034 7.78503266852
10 892.69143642 96.2299712748 11.0785923049
11 853.375984337 131.030096769 15.5939188941
12 803.05284933 175.260083542 21.6870671275
13 741.029757021 229.225125728 29.745117252
14 668.035744402 291.823320381 40.1409352165
15 586.626583792 360.204671365 53.1687448435
16 501.052092845 429.971888603 68.9760185521
17 416.449594142 496.033692645 87.5167132138
18 337.64072672 553.811879034 108.547394245
19 268.094426821 600.236329406 131.669243773
20 209.488008666 634.113877802 156.398113532
21 161.892143632 655.871713562 182.236142806
22 124.300036895 666.974537897 208.725425208
23 95.1873445968 669.33529389 235.477361513
24 72.9279655744 664.890621062 262.181413363
25 56.0327638989 655.366417597 288.600818504
26 43.2488929633 642.189144758 314.561962279
27 33.575675148 626.482170002 339.94215485
28 26.2392787499 609.102566992 364.658154258
29 20.6531928824 590.6903128 388.656494317
30 16.3782723713 571.715952667 411.905774961
31 13.087620575 552.521658712 434.390720713
32 10.5385243462 533.353741855 456.107733798
33 8.55076358055 514.387654916 477.061581503
34 6.99020467747 495.746841748 497.262953575
35 5.75664313766 477.516683543 516.72667332
36 4.77497517808 459.754620496 535.470404326
37 3.98849017693 442.497844584 553.513665239
38 3.35420581834 425.768642139 570.877152042
39 2.83937750804 409.57839359 587.582228902
40 2.41888302614 393.93057155 603.650545424
41 2.07339185296 378.822832174 619.103775973
42 1.78777288235 364.248833664 633.963393453
43 1.55032385515 350.199104375 648.25057177
44 1.35183477692 336.662105795 661.986059428
45 1.18501773892 323.62487266 675.190109601
46 1.04410133252 311.073462496 687.882436171
47 0.924474106428 298.993342892 700.082183002
48 0.822432108114 287.369662328 711.807905564
49 0.73499580057 276.187441374 723.077562825
50 0.659763074305 265.431720331 733.908516595
51 0.594701223907 255.087777828 744.317520948
52 0.538237568947 245.141001896 754.320760535
53 0.489022466654 235.577143792 763.933833741
54 0.445981444225 226.382237936 773.17178062
55 0.408188451088 217.542726275 782.049085274
56 0.374897623218 209.045403351 790.579699026
57 0.345462947252 200.877487105 798.777049948
58 0.319360580362 193.026573213 806.654066207
59 0.296136158791 185.480676751 814.223187091
60 0.275414747181 178.228205846 821.496379407
61 0.256874535565 171.257965648 828.485159816
62 0.24024839561 164.559142532 835.200609072
63 0.225288152017 158.121343395 841.653368453
64 0.211777099228 151.934568821 847.853654079
65 0.199541919163 145.989098495 853.811359586
66 0.188440507244 140.275609695 859.535949797
67 0.178362509767 134.785172071 865.03646542
68 0.169198041665 129.509150868 870.321651091
69 0.160828073848 124.439183529 875.399988397
70 0.153174603262 119.567301852 880.279523545
71 0.146175311701 114.885862895 884.967961793
72 0.139754168557 110.387423268 889.472822564
73 0.133849316121 106.064858453 893.801292231
74 0.128409775907 101.911335258 897.960254966
75 0.123389251968 97.9202457447 901.956365003
76 0.118750391699 94.0852764066 905.795973202
77 0.114459368432 90.4003511619 909.48518947
78 0.110481708941 86.8595922978 913.029925993
79 0.106790540053 83.4573954019 916.435814058
80 0.103360496358 80.1883482525 919.708291251
81 0.100168134292 77.0472382208 922.852593645
82 0.0971944548355 74.0290964524 925.873709093
83 0.0944198943538 71.1290867413 928.776493364
84 0.091828619437 68.3426066726 931.565564708
85 0.0894063291805 65.6652339366 934.245359734
86 0.0871392924817 63.092690124 936.820170584
87 0.0850154112615 60.6208773708 939.294107218
88 0.0830235497782 58.2458598544 941.671116596
89 0.0811538960224 55.9638573847 943.954988719
90 0.0793979026241 53.7712375572 946.14936454
91 0.0777467145848 51.6644912138 948.257762072
92 0.0761916709622 49.6402343272 950.283574002
93 0.0747267129293 47.6952562799 952.230017007
94 0.0733457947978 45.8264606002 954.100193605
95 0.0720429724744 44.0308633206 955.897093707
96 0.0708128923418 42.3055990385 957.623588069
97 0.0696508709777 40.6479185205 959.282430609
98 0.0685523773495 39.0551751926 960.87627243
99 0.0675131756686 37.5248242045 962.40766262
100 0.0665295464686 36.0544253869 963.879045067
