"Time" "S" "I" "R"
0 997 3 0
1 995.561898699 4.29377220161 0.144329099113
2 993.507928254 6.14124244138 0.350829304196
3 990.579006788 8.77495900813 0.646034203441
4 986.411896739 12.5205596964 1.06754356461
5 980.502273478 17.8293522664 1.66837425586
6 972.159747709 25.3175014327 2.5227508586
7 960.458430118 35.8080247794 3.7335451024
8 944.193555659 50.3651581326 5.44128620833
9 921.866553303 70.2993855542 7.83406114292
10 891.738306435 97.1052675933 11.1564259715
11 852.007320497 132.279061724 15.7136177789
12 801.168817824 176.965991391 21.8651907852
13 738.561022144 231.438007101 30.0009707551
14 664.978437936 294.526981754 40.4945803104
15 583.069375318 363.292807533 53.637817149
16 497.175977871 433.251929996 69.5720921326
17 412.491947178 499.265517814 88.242535008
18 333.837353007 556.766498602 109.396148391
19 264.627964072 602.7459543 132.626081628
20 206.463397892 636.093456715 157.443145394
21 159.340900911 657.311423569 183.34767552
22 122.200736584 667.916725895 209.88253752
23 93.489001893 669.849526156 236.661471951
24 71.5685717731 665.054470646 263.376957581
25 54.9508840715 655.253810172 289.795305756
26 42.3896053938 641.864699764 315.745694842
27 32.8926800504 625.999510725 341.107809225
28 25.6949332099 608.504723732 365.800343058
29 20.2175605291 590.011074865 389.771364606
30 16.0278683327 570.981462304 412.990669363
31 12.8041455877 551.751953413 435.443901
32 10.3077817408 532.564053774 457.128164486
33 8.36174145047 513.589500529 478.04875802
34 6.8343457865 494.948883383 498.216770831
35 5.62729190673 476.72538082 517.647327273
36 4.66692281762 458.974765387 536.358311796
37 3.89764811387 441.73294535 554.369406537
38 3.27735271228 425.02122073 571.701426558
39 2.77395929862 408.850221262 588.375819439
40 2.36286628207 393.222841463 604.414292255
41 2.0251501399 378.136293354 619.838556506
42 1.74598589209 363.583909068 634.67010504
43 1.5139293841 349.555947777 648.930122839
44 1.31997171309 336.0406689 662.639359387
45 1.1569827716 323.024955869 675.818061359
46 1.01930975811 310.494760512 688.48592973
47 0.902447060332 298.435459089 700.662093851
48 0.802773419874 286.832135811 712.365090769
49 0.717376365851 275.669764666 723.612858968
50 0.643899823039 264.933363344 734.422736833
51 0.580361026493 254.608182544 744.81145643
52 0.525223252473 244.679597892 754.795178856
53 0.477168040393 235.133353395 764.389478565
54 0.435143419015 225.9554854 773.609371181
55 0.398246059828 217.132437027 782.469316913
56 0.365744996861 208.651012151 790.983242852
57 0.337010936398 200.498435039 799.164554024
58 0.311525851398 192.662314731 807.026159417
59 0.288861729693 185.130674165 814.580464105
60 0.268636034065 177.891939197 821.839424769
61 0.250542827817 170.934923019 828.814534153
62 0.234317271658 164.248832087 835.516850641
63 0.219715549749 157.823292476 841.956991974
64 0.206526953017 151.648312733 848.145160314
65 0.194584731002 145.714180633 854.091234636
66 0.183751616587 140.011600898 859.804647486
67 0.173922403158 134.531662554 865.294415043
68 0.164978521754 129.265718589 870.569302889
69 0.156810883748 124.205441183 875.637747933
70 0.149345238623 119.342883004 880.507771757
71 0.142518310406 114.670403373 885.187078317
72 0.136253373331 110.18056439 889.683182236
73 0.130492349109 105.866267439 894.003240212
74 0.125185237171 101.720683691 898.154131072
75 0.120287193825 97.7372208416 902.142491965
76 0.11576253756 93.9095846676 905.974652795
77 0.111576481555 90.2316947241 909.656728794
78 0.107696306165 86.6976949449 913.194608749
79 0.104096005276 83.3019943384 916.593909656
80 0.100750095261 80.0391789149 919.86007099
81 0.0976362235413 76.904056225 922.998307551
82 0.094735752631 73.8916639042 926.013600343
83 0.0920295091374 70.9971741278 928.910796363
84 0.0895021428661 68.2159961533 931.694501704
85 0.0871396764342 65.5437145201 934.369145803
86 0.0849286203033 62.9760566648 936.939014715
87 0.082857230923 60.5089358576 939.408206911
88 0.0809145553044 58.1384230013 941.780662443
89 0.0790913014185 55.8607477882 944.06016091
90 0.077378881558 53.6722809263 946.250340192
91 0.0757684790152 51.5695166217 948.354714899
92 0.0742517964325 49.5490813619 950.376666842
93 0.0728231571135 47.6077755169 952.319401326
94 0.0714764739616 45.7425045909 954.186018935
95 0.0702059142874 43.9502899176 955.979504168
96 0.0690063607847 42.22827368 957.702719959
97 0.067873187878 40.5737108368 959.358415975
98 0.0668019582019 38.9839595602 960.949238482
99 0.0657885522579 37.4564803927 962.477731055
100 0.0648293666444 35.9888385523 963.946332081
