"Time" "S" "I" "R"
0 997 3 0
1 995.561981243 4.2936811756 0.144337581137
2 993.508171901 6.14098254741 0.350845552069
3 990.579541151 8.77440351054 0.646055337992
4 986.412930035 12.5195070887 1.06756287666
5 980.504132 17.8274894012 1.66837859873
6 972.162929881 25.3143534072 2.52271671198
7 960.463675383 35.8028917371 3.73343287957
8 944.201921913 50.3570455847 5.44103250223
9 921.879482943 70.2869480119 7.83356904544
10 891.757638241 97.0868070857 11.1555546733
11 852.035176139 132.252649262 15.7121745993
12 801.207278503 176.929790069 21.8629314281
13 738.611555055 231.39082942 29.9976155244
14 665.041173794 294.468973585 40.4898526213
15 583.142544819 363.225952709 53.6315024714
16 497.255906885 433.179990903 69.5641022122
17 412.573786814 499.193261287 88.2329518997
18 333.916263504 556.698508999 109.385227497
19 264.700172785 602.685615432 132.614211783
20 206.526706762 636.04250916 157.430784078
21 159.394607397 657.270108895 183.335283708
22 122.24522312 667.884245617 209.870531263
23 93.5252637662 669.824540237 236.650195997
24 71.5978412543 665.035481407 263.366677339
25 54.9743933918 655.239395273 289.786211335
26 42.408463832 641.853625109 315.737911058
27 32.9078286156 625.99076386 341.101407525
28 25.7071417155 608.49750527 365.795353015
29 20.227444989 590.004771006 389.767784005
30 16.0359151819 570.975612327 412.988472491
31 12.810736454 551.746218293 435.443045253
32 10.3132148043 532.558189735 457.128595461
33 8.36624973638 513.583336791 478.050413473
34 6.83811174869 494.942304618 498.219583633
35 5.63045859108 476.718313817 517.651227592
36 4.6696031014 458.967168092 536.363228807
37 3.89993134412 441.724799054 554.375269602
38 3.27930988667 425.01252402 571.708166094
39 2.7756471977 408.840985225 588.383367578
40 2.36433050077 393.213086224 604.422583275
41 2.02642753333 378.126045316 619.847527151
42 1.74710651525 363.573198767 634.679694718
43 1.51491772577 349.544808562 648.940273712
44 1.32084781675 336.029135753 662.65001643
45 1.15776310791 323.013064519 675.829172373
46 1.02000814988 310.482546498 688.497445352
47 0.903074942996 298.422957601 700.673967456
48 0.803340344377 286.819381235 712.377278421
49 0.717890320874 275.656790345 723.625319334
50 0.64436774795 264.920201118 734.435431134
51 0.58078864254 254.59486308 744.824348278
52 0.525615504926 244.666150298 754.808234197
53 0.477529084056 235.119805353 764.402665563
54 0.43547690149 225.941862963 773.622660136
55 0.398555054387 217.118764803 782.482680143
56 0.366032232932 208.637313153 790.996654614
57 0.337278720606 200.484730882 799.177990398
58 0.311776205642 192.648625546 807.039598249
59 0.289096476904 185.117018717 814.593884806
60 0.2688567188 177.878334892 821.852808389
61 0.250750774076 170.921386059 828.827863167
62 0.234513722665 164.235377323 835.530108954
63 0.219901624 157.809933505 841.970164871
64 0.206703614554 151.635062222 848.158234164
65 0.194752792758 145.701050226 854.104196981
66 0.183911771188 139.998601 859.817487229
67 0.174075246322 134.518802583 865.30712217
68 0.16512479069 129.253007546 870.581867664
69 0.156951092192 124.192886767 875.650162141
70 0.149479810786 119.330491971 880.520028218
71 0.142647709881 114.658182083 885.199170207
72 0.136378040326 110.16851852 889.695103439
73 0.130612637594 105.854401725 894.014985637
74 0.125301475616 101.709002467 898.165696057
75 0.120399670979 97.7257277098 902.153872619
76 0.115871505459 93.898282569 905.985845926
77 0.11168220484 90.2205863957 909.667731399
78 0.107799006052 86.6867824067 913.205418587
79 0.104195882573 83.2912791428 916.604524975
80 0.100847345906 80.0286623948 919.870490259
81 0.0977310179467 76.8937391324 923.00852985
82 0.094828250558 73.8815467082 926.023625041
83 0.0921198581426 70.9872569635 928.920623178
84 0.0895904771129 68.2062787845 931.704130738
85 0.0872261213556 65.5341964842 934.378577394
86 0.0850132923979 62.9667372449 936.948249463
87 0.0829402375532 60.4998140521 939.41724571
88 0.0809959970114 58.1294975955 941.789506407
89 0.0791712676978 55.8520173286 944.068811404
90 0.0774574593635 53.6637438333 946.258798707
91 0.0758457518987 51.5611711985 948.36298305
92 0.0743278387587 49.5409256748 950.384746486
93 0.0728980363861 47.5998074513 952.327294512
94 0.0715502553659 45.7347219532 954.193727791
95 0.0702786590282 43.9426904053 955.987030936
96 0.0690781248682 42.2208548649 957.71006701
97 0.0679440244461 40.5664702147 959.365585761
98 0.0668719172448 38.9768945527 960.95623353
99 0.0658576804126 37.4495883443 962.484553975
100 0.0648977075221 35.9821167427 963.95298555
