"Time" "S" "I" "R"
0 997 3 0
1 995.564977038 4.29078777972 0.144235181924
2 993.516815658 6.13272646341 0.350457878922
3 990.598168286 8.75676896303 0.645062751393
4 986.448454627 12.4861174329 1.06542793967
5 980.567324823 17.7684507666 1.66422441058
6 972.270160114 25.2146909165 2.51514896945
7 960.639117646 35.6405937959 3.72028855806
8 944.480014745 50.1009425673 5.41904268765
9 922.306982314 69.8950777272 7.7979399592
10 892.39387356 96.5066155597 11.0995108799
11 852.948211267 131.425208083 15.6265806495
12 802.463283189 175.800509372 21.7362074391
13 740.256160207 229.927600026 29.8162397667
14 667.076194148 292.68410035 40.239705502
15 585.508091884 361.191880748 53.3000273676
16 499.830792044 431.02642322 69.1427847367
17 415.199728726 497.081046552 87.7192247221
18 336.436583028 554.780402501 108.783014471
19 266.994034557 601.073021132 131.932944311
20 208.525196959 634.791379738 156.683423304
21 161.077644001 656.386195574 182.536160424
22 123.62777452 667.338611544 209.033613936
23 94.6417411503 669.57023649 235.788022359
24 72.4897874006 665.020335903 262.489876697
25 55.6828129959 655.413745649 288.903441355
26 42.9699217084 642.174056229 314.856022063
27 33.3530877933 626.421209627 340.225702579
28 26.0611700164 609.008965176 364.929864808
29 20.5100660735 590.574403174 388.915530753
30 16.26265642 571.585668572 412.151675008
31 12.9936780908 552.383017243 434.623304666
32 10.4617140939 533.21125311 456.327032797
33 8.48755350529 514.244665535 477.267780959
34 6.93784216593 495.605807792 497.456350043
35 5.71298113755 477.379376322 516.90764254
36 4.73832878797 459.622295761 535.639375451
37 3.95753297389 442.371364503 553.671102523
38 3.3278895213 425.648569577 571.023540902
39 2.81686853091 409.465066522 587.718064947
40 2.39951553068 393.824157839 603.77632663
41 2.05663222489 378.72337091 619.219996865
42 1.77318566409 364.156274391 634.070539945
43 1.53755832781 350.113322402 648.34911927
44 1.34060578795 336.582924084 662.076470128
45 1.17509093703 323.552078451 675.272830612
46 1.03528194216 311.006819743 687.957898314
47 0.916601954361 298.932597233 700.150800812
48 0.815374256666 287.314549066 711.870076677
49 0.728641232693 276.137690895 723.133667872
50 0.654016721723 265.387064305 733.958918974
51 0.589483623115 255.047948793 744.362567584
52 0.533482082133 245.105735716 754.360782202
53 0.484672220298 235.54618255 763.96914523
54 0.441987662233 226.355331106 773.202681231
55 0.404509513937 217.519631153 782.075859333
56 0.371497350996 209.025886326 790.602616323
57 0.342310426522 200.861323132 798.796366441
58 0.316428800167 193.013546677 806.670024522
59 0.293401913834 185.470581125 814.236016961
60 0.272857349631 178.220844246 821.506298404
61 0.254476822534 171.253149077 828.4923741
62 0.237994280526 164.556692553 835.205313166
63 0.223163017314 158.121091823 841.655745159
64 0.209768277863 151.936354383 847.853877339
65 0.197638985946 145.992765531 853.809595484
66 0.18663462617 140.281014798 859.532350576
67 0.176646728224 134.79218148 865.031171791
68 0.167562528667 129.517629311 870.314808161
69 0.159266254627 124.449009571 875.391724175
70 0.151681176065 119.578363174 880.26995565
71 0.144744914325 114.898050927 884.957204159
72 0.138380984729 110.400632083 889.460986933
73 0.132528882712 106.078992737 893.78847838
74 0.127138038739 101.926303468 897.946558493
75 0.122162593751 97.9359621311 901.941875275
76 0.117565781672 94.1016631404 905.780771078
77 0.113313538877 90.4173307047 909.469355756
78 0.109371911083 86.8770945684 913.013533521
79 0.1057143676 83.4753561996 916.418929433
80 0.102315513811 80.2067035218 919.690980964
81 0.099152270835 77.0659311375 922.834916592
82 0.0962057887726 74.0480733741 925.855720837
83 0.09345663646 71.1482971503 928.758246213
84 0.0908891447374 68.3620042089 931.547106646
85 0.0884891439428 65.6847753645 934.226735492
86 0.0862429831351 63.1123341556 936.801422861
87 0.084138694295 60.6405867346 939.275274571
88 0.0821652077618 58.2655996995 941.652235093
89 0.0803128871337 55.9835962731 943.93609084
90 0.0785731893488 53.7909453491 946.130481462
91 0.0769372864485 51.6841391006 948.238923613
92 0.0753966179866 49.6597964273 950.264806955
93 0.0739452680281 47.7147105357 952.211344196
94 0.0725771856573 45.8457855925 954.081637222
95 0.071286468449 44.0500392681 955.878674263
96 0.0700678408836 42.3246084377 957.605323721
97 0.0689166468994 40.6667451578 959.264338195
98 0.0678283911827 39.0738042439 960.858367365
99 0.0667988776386 37.5432423309 962.389958791
100 0.0658244292688 36.0726207997 963.861554771
