"Time" "S" "I" "R"
0 997 3 0
1 995.507255866 4.35223502277 0.140509111321
2 993.3464458 6.30927854534 0.344275655067
3 990.224002454 9.13648794151 0.639509604188
4 985.723263699 13.2100296014 1.0667066999
5 979.259216557 19.0571030425 1.6836804002
6 970.0234096 27.404277362 2.57231303775
7 956.924479356 39.2282619008 3.84725874315
8 938.539886959 55.7936932714 5.66641976954
9 913.111692111 78.6461444354 8.24216345353
10 878.643326 109.506111519 11.8505624804
11 833.173772886 149.992743718 16.8334833952
12 775.290383722 201.123881625 23.5857346527
13 704.842786924 262.63817085 32.5190422258
14 623.623043131 332.37710461 43.9998522595
15 535.586411242 406.142603815 58.270984943
16 446.252347427 478.364716518 75.3829360557
17 361.378627499 543.455751668 95.165620833
18 285.533634343 597.210475678 117.255889979
19 221.265082459 637.566518916 141.168398625
20 169.104874645 664.515913873 166.379211481
21 128.137544115 679.468509696 192.393946189
22 96.7031002342 684.50890709 218.787992676
23 72.9498130185 681.82936149 245.220825491
24 55.1605943022 673.406205116 271.433200582
25 41.8920099978 660.872187285 297.235802718
26 31.9998429351 645.50466477 322.495492295
27 24.6090905757 628.268620209 347.122289215
28 19.0651788724 609.87638048 371.058440648
29 14.884826262 590.845377414 394.269796324
30 11.7133971923 571.547358495 416.739244312
31 9.29138570043 552.24674548 438.46186882
32 7.42881443214 533.129802081 459.441383487
33 5.98624109196 514.326210631 479.687548277
34 4.86094996804 495.92474272 499.214307312
35 3.97690755875 477.984656527 518.038435914
36 3.27746106526 460.543981536 536.178557398
37 2.7202258273 443.625316079 553.654458094
38 2.27328447478 427.240143027 570.486572498
39 1.91245860607 411.391924762 586.695616632
40 1.61929695211 396.078382531 602.302320516
41 1.37959116676 381.293172602 617.327236231
42 1.18241268281 367.026968957 631.79061836
43 1.01928986048 353.268388465 645.712321675
44 0.883583255814 340.00468866 659.111728084
45 0.770063943306 327.222230078 672.007705978
46 0.674607182929 314.906805118 684.418587699
47 0.593940244491 303.043909729 696.362150027
48 0.525466294647 291.618924606 707.855609099
49 0.46701777463 280.617377966 718.915604259
50 0.416924547367 270.024845023 729.558230429
51 0.37379126848 259.827183861 739.79902487
52 0.3365132069 250.010499355 749.652987438
53 0.304153119023 240.561263826 759.134583055
54 0.275963461244 231.466274576 768.257761963
55 0.251303392498 222.712728745 777.035967863
56 0.229660914241 214.288178607 785.482160479
57 0.210596355777 206.180578591 793.608825053
58 0.19375115927 198.378261298 801.427987542
59 0.178819741719 190.869945686 808.951234573
60 0.165551167155 183.644722165 816.189726668
61 0.15371323975 176.692090779 823.154195981
62 0.143108092524 170.00191644 829.854975468
63 0.133583301747 163.564360281 836.302056418
64 0.125014732113 157.369986907 842.50499836
65 0.117301967446 151.409712664 848.472985368
66 0.110326730485 145.674718637 854.214954633
67 0.104004992814 140.156555119 859.739439888
68 0.0982727908106 134.847107546 865.054619663
69 0.0930552399393 129.738487023 870.168457737
70 0.0882944284388 124.823133696 875.088571876
71 0.0839490349259 120.093819898 879.822231067
72 0.0799659993924 115.543460356 884.376573645
73 0.0763117372786 111.165334023 888.75835424
74 0.072955571972 106.952965947 892.974078481
75 0.0698681675566 102.900093083 897.03003875
76 0.0670224438273 99.000678333 900.932299223
77 0.064394973787 95.248929578 904.686675448
78 0.0619630607332 91.6392659358 908.298771003
79 0.0597125812441 88.166332956 911.773954463
80 0.0576275721832 84.8249593998 915.117413028
81 0.0556895842611 81.6101452704 918.334165145
82 0.0538818338051 78.5170787865 921.42903938
83 0.0521980558099 75.5411869356 924.406615009
84 0.0506280996422 72.6780379741 927.271333926
85 0.0491619661331 69.9233613237 930.02747671
86 0.0477912156018 67.2730522305 932.679156554
87 0.0465088631034 64.723165544 935.230325593
88 0.0453077889177 62.2698984117 937.684793799
89 0.0441812468305 59.9095888005 940.046229953
90 0.0431238140534 57.638720259 942.318155927
91 0.0421304926122 55.4539078166 944.503961691
92 0.0411964321341 53.3518902231 946.606913345
93 0.04031716313 51.3295287023 948.630154135
94 0.0394889368969 49.3838100778 950.576700985
95 0.0387082254897 47.5118325372 952.449459237
96 0.037971664994 45.7108005592 954.251227776
97 0.0372762232643 43.9780262872 955.98469749
98 0.0366192495674 42.3109281849 957.652452566
99 0.0359981698355 40.7070175077 959.256984322
100 0.0354105818093 39.1638982195 960.800691199
