"Time" "S" "I" "R"
0 10000 1 0
1 9997.08737624 3.62131895332 0.29130480278
2 9986.55142488 13.1028124195 1.34576269979
3 9948.58059085 47.2642022448 5.15520690965
4 9813.54691493 168.631752714 18.8213323588
5 9355.17290069 579.171408297 66.6556910169
6 8015.33170342 1764.43939256 221.22890402
7 5346.45609991 4028.39247061 626.151429482
8 2558.68637459 6079.22286529 1363.09076012
9 1009.7559843 6698.36594801 2292.87806769
10 393.96860929 6372.96077533 3234.07061538
11 165.518642937 5734.22756905 4101.25378802
12 76.5601558711 5052.18050177 4872.25934236
13 38.9388331969 4413.71788757 5548.34327923
14 21.597522042 3841.62732932 6137.77514864
15 12.9370942438 3337.75338583 6650.30951993
16 8.28990603563 2897.31144835 7095.39864562
17 5.63423729689 2513.71544488 7481.65031783
18 4.03035280466 2180.25916083 7816.71048637
19 3.01412462351 1890.69057044 8107.29530493
20 2.34282264491 1639.38635098 8359.27082637
21 1.88333153261 1421.37063673 8577.74603174
22 1.55794844722 1232.2791966 8767.16285496
23 1.32199360134 1068.30177784 8931.37622855
24 1.14652171185 926.117221091 9073.7362572
25 1.01337802858 802.838983118 9197.14763885
26 0.910545848255 695.959074841 9304.13037931
27 0.829905092369 603.30020593 9396.86988898
28 0.765837491404 522.973241255 9477.26092125
29 0.714274940861 453.336870989 9546.94885407
30 0.67240859812 392.970592057 9607.35699935
31 0.638104712481 340.640760308 9659.72113498
32 0.609788490754 295.278112598 9705.11209891
33 0.586261707989 255.955393123 9744.45834517
34 0.566603959478 221.868689238 9778.5647068
35 0.55009688003 192.320875192 9808.12902793
36 0.536178217395 166.707822283 9833.7559995
37 0.524398741758 144.505638909 9855.96996235
38 0.514397713929 125.260147725 9875.22545456
39 0.505883112592 108.577658404 9891.91645848
40 0.498616637176 94.1168840751 9906.38449929
41 0.492402424619 81.5819655402 9918.92563204
42 0.487078370737 70.7164197063 9929.79650192
43 0.482510117681 61.2979849271 9939.21950496
44 0.478584958901 53.1339223282 9947.38749271
45 0.475208411206 46.057172642 9954.46761895
46 0.472300897263 39.922942438 9960.60475666
47 0.469795015493 34.6056970032 9965.92450798
48 0.46763364732 29.9966333932 9970.53573296
49 0.465768208067 26.0014379623 9974.53279383
50 0.464157239876 22.5383459976 9977.99749676
51 0.46276534422 19.5364931375 9981.00074152
52 0.461562216335 16.9344532982 9983.60398449
53 0.460521860121 14.6789713292 9985.86050681
54 0.459621966182 12.723892421 9987.81648561
55 0.458843353144 11.0292090044 9989.51194764
56 0.458169508867 9.5602365409 9990.98159395
57 0.45758621498 8.28691516732 9992.25549862
58 0.457081211056 7.18318661091 9993.35973218
59 0.456643918467 6.22646139524 9994.31689469
60 0.456265207846 5.39716235906 9995.14657243
61 0.455937191757 4.67831714226 9995.86574567
62 0.455653054329 4.05521362928 9996.48913332
63 0.455406904788 3.51510153394 9997.02949156
64 0.455193647367 3.04692659313 9997.49787976
65 0.455008874198 2.64110719551 9997.90388393
66 0.454848771884 2.28933916239 9998.25581207
67 0.45471003905 1.98442281619 9998.56086714
68 0.454589818128 1.7201179273 9998.82529225
69 0.454485635295 1.49101603688 9999.05449833
70 0.45439534779 1.29242800326 9999.25317665
