Time S I R
1 997 3 0
2 995.466539664 4.3868775752 0.146582760754
3 993.22930233 6.40985289368 0.360844776761
4 989.971282339 9.35498491991 0.673732741316
5 985.23940772 13.6305893674 1.13000291216
6 978.393585475 19.8124107592 1.79400376548
7 968.544857725 28.6976801338 2.75746214168
8 954.489747709 41.3607351131 4.14951717811
9 934.660596576 59.1906916873 6.14871173685
10 907.133164063 83.871314377 8.99552156026
11 869.761525358 117.236632812 13.0018418296
12 820.529386755 160.919819084 18.550794161
13 758.174821527 215.747864173 26.0773142999
14 683.003930663 280.975528491 36.0205408461
15 597.561431072 353.691214443 48.7473544847
16 506.649725491 428.886474616 64.4637998932
17 416.387800442 500.464086451 83.1481131071
18 332.618817131 562.8426783 104.538504569
19 259.485249729 612.331115826 128.183634444
20 198.84371152 647.624447523 153.531840957
21 150.558566306 669.419869639 180.021564054
22 113.241048822 679.612792731 207.146158447
23 84.9808073385 680.533181112 234.486011549
24 63.8474681146 674.437691195 261.71484069
25 48.1475902278 663.26139355 288.591016222
26 36.5087497513 648.548452998 314.942797251
27 27.8705512156 631.476522562 340.652926222
28 21.4371812557 612.917735956 365.645082788
29 16.6217099428 593.505324329 389.872965728
30 12.9951865341 573.692899823 413.311913643
31 10.2454009476 553.801910514 435.952688538
32 8.14531560087 534.05774839 457.79693601
33 6.52945930061 514.616656196 478.853884503
34 5.2767919641 495.585224182 499.137983854
35 4.29842317546 477.034357023 518.667219802
36 3.5285749431 459.009554282 537.461870775
37 2.91836338417 441.537977503 555.543659113
38 2.43123867419 424.633637254 572.935124072
39 2.03967624287 408.301156797 589.65916696
40 1.72283894845 392.538425688 605.738735364
41 1.46472408726 377.338699051 621.196576862
42 1.25312704874 362.691762624 636.055110327
43 1.07862179399 348.585082037 650.336296169
44 0.933857544383 335.004589013 664.061553442
45 0.8130738873 321.935214171 677.251711942
46 0.711747751366 309.361265817 689.926986432
47 0.626302886968 297.266742793 702.10695432
48 0.553911537952 285.635537868 713.810550594
49 0.49222497595 274.451723506 725.056051519
50 0.439440236405 263.699448798 735.861110966
51 0.394051664016 253.363202081 746.242746255
52 0.354873197642 243.427763828 756.217362974
53 0.320900078625 233.878341442 765.800758479
54 0.291332741569 224.700521542 775.008145717
55 0.265489670718 215.880345888 783.854164441
56 0.242820433746 207.404270198 792.352909369
57 0.222873427417 199.259200078 800.517926495
58 0.205252412259 191.432484452 808.362263135
59 0.189644804132 183.911894072 815.898461124
60 0.175777844563 176.68564099 823.138581165
61 0.163404342695 169.74239656 830.094199098
62 0.152321632952 163.071206138 836.776472229
63 0.142371233883 156.661491384 843.196137382
64 0.133427713899 150.503125211 849.363447075
65 0.125374972854 144.586337988 855.288287039
66 0.118090161808 138.901683613 860.980226226
67 0.11149193829 133.44014132 866.448366742
68 0.105508453912 128.193024919 871.701466627
69 0.100059045655 123.151912234 876.74802872
70 0.0950882965847 118.308776693 881.59613501
71 0.0905503887793 113.655912702 886.253536909
72 0.0863905553621 109.185801102 890.727808343
73 0.082574302408 104.891323514 895.026102183
74 0.0790702792235 100.76563017 899.155299551
75 0.0758456180365 96.8020768072 903.122077575
76 0.0728732460607 92.9943086903 906.932818064
77 0.0701274578182 89.336218522 910.59365402
78 0.0675869098023 85.8219406379 914.110472452
79 0.0652369985111 82.4458474461 917.488915555
80 0.0630583756033 79.2024996154 920.734442009
81 0.0610297731909 76.0866451131 923.852325114
82 0.0591382752289 73.0932805797 926.847581145
83 0.0573753169716 70.2176181257 929.725006557
84 0.0557326996112 67.4550522625 932.489215038
85 0.0542006763073 64.8011416142 935.144657709
86 0.0527692281355 62.2516104538 937.695620318
87 0.0514291186968 59.8023489263 940.146221955
88 0.0501732927447 57.4494182512 942.500408456
89 0.0489957129907 55.1890358718 944.761968415
90 0.0478905302891 53.0175632794 946.93454619
91 0.0468523622349 50.9315066021 949.021641036
92 0.045876272327 48.92750887 951.026614858
93 0.0449577313227 47.0023431154 952.952699153
94 0.0440926733637 45.1529109417 954.802996385
95 0.0432773613321 43.3762350387 956.5804876
96 0.0425083013532 41.6694530105 958.288038688
97 0.041782358074 40.0298170797 959.928400562
98 0.0410966719778 38.4546877848 961.504215543
99 0.0404485556106 36.941527121 963.018024323
100 0.0398355798285 35.4878993029 964.472265117
