Time S I R
1 997 3 0
2 995.466540105 4.38687708037 0.146582814499
3 993.229303665 6.40985145055 0.360844884947
4 989.971285336 9.35498177008 0.673732893974
5 985.239413645 13.6305832755 1.13000307907
6 978.393596356 19.8123997636 1.79400388067
7 968.544876714 28.6976612066 2.75746207939
8 954.489779545 41.3607037371 4.1495167177
9 934.660648066 59.1906414187 6.14871051509
10 907.133244403 83.8712365835 8.995519014
11 869.7616459 117.236516959 13.0018371414
12 820.529559655 160.919654109 18.5507862364
13 758.175056765 215.747641414 26.0773018211
14 683.004231678 280.97524587 36.0205224524
15 597.561790644 353.690880268 48.7473290878
16 506.650124682 428.886108264 64.463767054
17 416.388212378 500.463714305 83.1480733174
18 332.619214277 562.842326435 104.538459288
19 259.485610713 612.330803424 128.183585864
20 198.844024383 647.624184006 153.531791611
21 150.558827883 669.419655686 180.021516431
22 113.241262043 679.612623237 207.14611472
23 84.9809783006 680.533048256 234.485973444
24 63.8476038998 674.437586639 261.714809461
25 48.1476976217 663.261309679 288.590992699
26 36.5088346604 648.54838343 314.942781909
27 27.8706185084 631.476462236 340.652919256
28 21.4372348161 612.917681003 365.645084181
29 16.62175281 593.505271881 389.872975309
30 12.9952210631 573.692847805 413.311931132
31 10.2454289519 553.801857467 435.952713581
32 8.14533847607 534.05769332 457.796968204
33 6.52947812216 514.61659846 478.853923418
34 5.27680756249 495.585163394 499.138029043
35 4.29843619554 477.034292988 518.667270817
36 3.52858588778 459.009486941 537.461927171
37 2.91837264727 441.5379069 555.543720453
38 2.43124656629 424.633563501 572.935189933
39 2.03968300975 408.301080057 589.659236933
40 1.7228447877 392.538346154 605.738809059
41 1.46472915544 377.33861694 621.196653905
42 1.25313147333 362.691678163 636.055190364
43 1.0786256783 348.584995458 650.336378863
44 0.93386097264 335.004500551 664.061638477
45 0.813076928311 321.935124055 677.251799017
46 0.711750462236 309.361174272 689.927075266
47 0.626305314795 297.266650036 702.107044649
48 0.553913722053 285.635444108 713.81064217
49 0.49222694997 274.45162894 725.05614411
50 0.439442027608 263.699353616 735.861204357
51 0.394053295947 253.363106461 746.242840243
52 0.354874690095 243.427667938 756.217457372
53 0.320901448517 233.87824544 765.800853112
54 0.291334003497 224.700425575 775.008240422
55 0.265490837037 215.880250094 783.854259069
56 0.242821515117 207.404174703 792.353003781
57 0.222874433337 199.259105003 800.518020564
58 0.205253350716 191.432389906 808.362356743
59 0.189645681973 183.911800156 815.898554162
60 0.175778668137 176.685547797 823.138673535
61 0.163405117662 169.742304174 830.094290708
62 0.152322363946 163.071114639 836.776562997
63 0.142371924923 156.661400842 843.196227233
64 0.133428368276 150.50303569 849.363535942
65 0.125375594322 144.586249546 855.28837486
66 0.118090753248 138.901596302 860.980312945
67 0.111492502045 133.440055186 866.448452312
68 0.105508992538 128.192940004 871.701551004
69 0.1000595613 123.151828575 876.748111864
70 0.0950887909855 118.30869432 881.596216889
71 0.0905508637536 113.655831643 886.253617493
72 0.0863910123937 109.185721381 890.727887607
73 0.0825747428173 104.89124515 895.026180107
74 0.0790707042441 100.765553179 899.155376117
75 0.0758460288446 96.8020012018 903.122152769
76 0.0728736436977 92.9942344806 906.932891876
77 0.0701278433182 89.3361457148 910.593726442
78 0.0675872838642 85.8218692368 914.110543479
79 0.0652373619333 82.4457774531 917.488985185
80 0.0630587292338 79.2024310307 920.73451024
81 0.0610301178555 76.086577935 923.852391947
82 0.0591386113464 73.0932148025 926.847646586
83 0.0573756450328 70.2175537424 929.725070613
84 0.0557330200675 67.4549892646 932.489277715
85 0.0542009896981 64.8010799927 935.144719018
86 0.0527695349244 62.251550198 937.695680267
87 0.0514294193197 59.8022900241 940.146280557
88 0.0501735875429 57.4493606891 942.500465723
89 0.04899600231 55.1889796354 944.762024362
90 0.0478908144516 53.0175083534 946.934600832
91 0.046852641543 50.9314529703 949.021694388
92 0.0458765470607 48.9274565156 951.026666937
93 0.0449580017442 47.0022920209 952.952749977
94 0.0440929397145 45.1528610889 954.803045971
95 0.04327762384 43.3761864088 956.580535967
96 0.0425085602324 41.6694055846 958.288085855
97 0.0417826135207 40.0297708383 959.928446548
98 0.0410969241784 38.4546427079 961.504260368
99 0.0404488047398 36.9414831887 963.018068007
100 0.0398358260486 35.4878564948 964.472307679
