Time S I R
1 997 3 0
2 995.457617149 4.39564907733 0.146733774013
3 993.202903139 6.43545244846 0.36164441252
4 989.913005319 9.41089296921 0.676101711714
5 985.125672003 13.7387681406 1.13555985677
6 978.18679544 20.007715783 1.80548877702
7 968.186776246 29.0338550777 2.77936867603
8 953.893230193 41.9177759358 4.18899387093
9 933.700991866 60.0822404548 6.21676767949
10 905.643007775 85.2485181073 9.10847411728
11 867.535714617 119.281546908 13.1827384756
12 817.351302647 163.818500737 18.8301966166
13 753.872081915 219.635468348 26.4924497367
14 677.528424468 285.859815693 36.611759839
15 591.061897372 359.386530594 49.551572034
16 499.485564459 435.008091258 65.5063442834
17 409.053797466 506.510098922 84.4361036118
18 325.609770655 568.331384487 106.058844858
19 253.174231982 616.919380248 129.90638777
20 193.42873882 651.15425899 155.41700219
21 146.079331752 671.894467962 182.026200286
22 109.630901305 681.139321249 209.229777447
23 82.1205255162 681.265924467 236.613550017
24 61.6041233398 674.538184635 263.857692025
25 46.3965901985 662.876590236 290.726819566
26 35.1433270218 647.802025197 317.054647781
27 26.8038253283 630.467780455 342.728394217
28 20.6006377269 611.724082987 367.675279286
29 15.9622977288 592.185969056 391.851733215
30 12.472247206 572.292583239 415.235169555
31 9.82794427062 552.354141441 437.817914289
32 7.80974346672 532.58747863 459.602777903
33 6.25778253197 513.142363458 480.59985401
34 5.05527181785 494.120494795 500.824233387
35 4.11650383629 475.589128651 520.294367512
36 3.37811601361 457.591008872 539.030875114
37 2.79306322711 440.151212583 557.05572419
38 2.32618294227 423.282192688 574.39162437
39 1.95102397502 406.987380916 591.061595109
40 1.64752837967 391.263817574 607.088654046
41 1.40036207216 376.104038681 622.495599247
42 1.19779380171 361.497337757 637.304868441
43 1.03077067289 347.430805555 651.538423772
44 0.892243382207 333.890082938 665.21767368
45 0.77669154983 320.859879594 678.363428856
46 0.67977480321 308.324349591 690.995875606
47 0.598067536757 296.267374199 703.134558264
48 0.528853603912 284.672773028 714.798373368
49 0.469877310138 273.524565572 726.005557118
50 0.419423629808 262.806852622 736.773723748
51 0.376047436302 252.504105227 747.119847337
52 0.338610094938 242.601100241 757.060289664
53 0.306154517618 233.083040411 766.610805071
54 0.277908030154 223.935529958 775.786562012
55 0.253225579586 215.144615539 784.602158881
56 0.231577374986 206.696776435 793.07164619
57 0.212528769474 198.578937464 801.208533766
58 0.195704718247 190.778471081 809.025824201
59 0.180807915759 183.283168836 816.536023248
60 0.167570302531 176.08128078 823.751148917
61 0.155754394581 169.161508465 830.68273714
62 0.145172790572 162.512898057 837.341929152
63 0.135675783287 156.124921452 843.739402765
64 0.127147608809 149.987485558 849.885366833
65 0.119461622348 144.09081598 855.789722398
66 0.11251054734 138.425520005 861.461969448
67 0.106219991131 132.982613924 866.911166084
68 0.10051102747 127.753398249 872.146090723
69 0.0953121364178 122.72950335 877.175184514
70 0.0905761290242 117.902965293 882.006458578
71 0.0862436391207 113.265986757 886.647769604
72 0.0822762820802 108.811178404 891.106545314
73 0.0786382318898 104.531424778 895.38993699
74 0.0752977361612 100.419875501 899.504826763
75 0.0722236487934 96.4699138817 903.45786247
76 0.0693899659559 92.6752106484 907.255399386
77 0.0667712350636 89.0296753521 910.903553413
78 0.0643509478043 85.5274724868 914.408176565
79 0.0621119677301 82.1629782122 917.77490982
80 0.0600340298273 78.9307604579 921.009205512
81 0.0580975155249 75.8255913405 924.116311144
82 0.0562939166705 72.8425090819 927.101197001
83 0.0546139508178 69.9767332272 929.968652822
84 0.0530494092571 67.2236703717 932.723280219
85 0.0515896226959 64.5788853457 935.369525032
86 0.0502252744666 62.038118453 937.911656273
87 0.0489477241321 59.597275436 940.35377684
88 0.0477509226757 57.2524355676 942.69981351
89 0.0466287551458 54.9998257115 944.953545533
90 0.0455756280248 52.8358199972 947.118604375
91 0.044586377091 50.7569372423 949.198476381
92 0.0436562921667 48.7598308652 951.196512843
93 0.0427810621667 46.8412851811 953.115933757
94 0.0419568363699 44.9982130456 954.959830118
95 0.0411800047257 43.2276460831 956.731173912
96 0.0404472453347 41.5267321134 958.432820641
97 0.0397556099708 39.8927339557 960.067510434
98 0.0391023333922 38.3230197558 961.637877911
99 0.0384848640296 36.8150608605 963.146454275
100 0.0379008984862 35.3664305093 964.595668592
