Time S I R
1 997 3 0
2 995.45764224 4.39561962353 0.146738136306
3 993.202979902 6.43536637106 0.361653726594
4 989.913179114 9.41070470652 0.676116179455
5 985.12601789 13.7384032835 1.13557882643
6 978.187434126 20.0070559098 1.8055099642
7 968.187896084 29.0327169851 2.77938693086
8 953.895114864 41.9158857897 4.18899934623
9 933.704049579 60.0792070922 6.21674332888
10 905.647790137 85.2438171559 9.10839270754
11 867.54290138 119.274538763 13.1825598577
12 817.361617375 163.808515705 18.8298669202
13 753.886109067 219.621985798 26.4919051356
14 677.546344793 285.842717694 36.6109375136
15 591.083246205 359.366325212 49.5504285826
16 499.509182628 434.985940671 65.5048767005
17 409.078075066 506.487561451 84.4343634835
18 325.633088151 568.309974243 106.056937606
19 253.195357679 616.900185889 129.904456432
20 193.447004391 651.137792282 155.415203327
21 146.094581334 671.880737071 182.024681595
22 109.643326207 681.128010774 209.228663019
23 82.1304924402 681.256573513 236.612934047
24 61.6120492493 674.530311937 263.857638814
25 46.4028706935 662.869762237 290.727367069
26 35.1483045553 647.795882986 317.055812459
27 26.8077812803 630.462042781 342.730175939
28 20.6037962391 611.718538129 367.677665632
29 15.9648341677 592.180462821 391.854703011
30 12.4742974646 572.287006899 415.238695636
31 9.82961313109 552.348421274 437.821965595
32 7.81111168647 532.581567247 459.607321067
33 6.25891247228 513.136233016 480.604854512
34 5.05621170052 494.114131915 500.829656385
35 4.11729122668 475.5825303 520.300178473
36 3.37878027878 457.584179494 539.037040227
37 2.7936274189 440.144161919 557.062210662
38 2.32666529206 423.274934074 574.398400634
39 1.95143893449 406.979930119 591.068630946
40 1.64788762922 391.256191685 607.095920686
41 1.40067490455 376.096255728 622.503069367
42 1.1980677282 361.489416076 637.312516196
43 1.03101186021 347.422763348 651.546224791
44 0.892456863477 333.881938105 665.225605032
45 0.776881452683 320.85164954 678.371469007
46 0.679944535534 308.316051085 691.00400438
47 0.5982199302 296.259023274 703.142756795
48 0.528991061265 284.664384885 714.806624054
49 0.470001824286 273.516154623 726.013843553
50 0.419536885128 262.798432439 736.782030676
51 0.376150836956 252.495688573 747.12816059
52 0.338704866868 242.592699012 757.068596121
53 0.30624167804 233.074665729 766.619092593
54 0.277988481098 223.927192119 775.7948194
55 0.253300074049 215.136324109 784.610375816
56 0.23164657349 206.68854023 793.079813197
57 0.212593248481 198.570764605 801.216642147
58 0.195764970203 190.770369019 809.033866011
59 0.180864370581 183.275144388 816.543991241
60 0.167623353914 176.073340124 823.759036523
61 0.155804387391 169.153657211 830.690538402
62 0.14522001106 162.505141326 837.349638663
63 0.135720477921 156.117263785 843.747015737
64 0.127189993966 149.979931016 849.89287899
65 0.11950192873 144.083368239 855.797129832
66 0.112548948775 138.418182228 861.469268823
67 0.106256638181 132.975388859 866.918354503
68 0.100546086089 127.746288381 872.153165533
69 0.0953457333376 122.722510702 877.182143565
70 0.0906083811847 117.896091589 882.01330003
71 0.0862746508873 113.259233397 886.654491952
72 0.0823061510411 108.804546522 891.113147327
73 0.0786670385872 104.524915169 895.396417792
74 0.0753255651952 100.413488843 899.511185591
75 0.0722505708408 96.4636505343 903.464098895
76 0.0694160486311 92.6690707632 907.261513188
77 0.06679653958 89.0236588823 910.909544578
78 0.0643755205028 85.5215791788 914.414045301
79 0.0621358628616 82.1572076978 917.780656439
80 0.0600573040081 78.9251122511 921.014830445
81 0.0581202093813 75.8200647273 924.121815063
82 0.056316060681 72.8371031742 927.106580765
83 0.0546355758405 69.9714470408 929.973917383
84 0.0530705488118 67.2185028484 932.728426603
85 0.0516103095362 64.5738353372 935.374554353
86 0.0502455386654 62.0331847177 937.916569744
87 0.048967591048 59.5924566306 940.358575778
88 0.0477704152612 57.2477302727 942.704499312
89 0.0466478955311 54.9952324504 944.958119654
90 0.0455944369608 52.8313372321 947.123068331
91 0.0446048738522 50.7525633828 949.202831743
92 0.0436744947467 48.7555642786 951.200761227
93 0.042798987229 46.8371241925 953.12007682
94 0.0419744994798 44.9941559466 954.963869554
95 0.0411974205496 43.2236911398 956.73511144
96 0.0404644274681 41.5228775639 958.436658009
97 0.0397725711149 39.888978019 960.07124941
98 0.0391190855283 38.3193606389 961.641520276
99 0.0385014183194 36.8114967552 963.150001826
100 0.0379172654068 35.3629596002 964.599123134
