Time S I R
1 997 3 0
2 995.507253666 4.35224064956 0.140505684379
3 993.346439677 6.30929299467 0.344267328137
4 990.223987562 9.13651796539 0.639494472822
5 985.723231757 13.2100860962 1.06668214676
6 979.259153913 19.0572032388 1.68364284833
7 970.023294481 27.4044478893 2.57225762972
8 956.924278333 39.2285427412 3.84717892597
9 938.539550771 55.7941424422 5.66630678713
10 913.111152045 78.6468422361 8.24200571848
11 878.642493162 109.507162007 11.8503448309
12 833.172544395 149.99426937 16.833186235
13 775.288660323 201.126006651 23.5853330261
14 704.840503136 262.640991957 32.5185049066
15 623.620203351 332.380655488 43.9991411611
16 535.583111417 406.146833189 58.270055394
17 446.248767381 478.369494137 75.3817384818
18 361.374985975 543.460909862 95.1641041627
19 285.530135456 597.21585845 117.254006095
20 221.261873913 637.572019256 141.166106831
21 169.102036611 664.521481808 166.376481581
22 128.135097859 679.474142302 192.390759839
23 96.7010267377 684.514630306 218.784342956
24 72.9480748455 681.835209474 245.21671568
25 55.1591451637 673.412212973 271.428641863
26 41.8908043148 660.878383243 297.230812442
27 31.9988388615 645.511069005 322.490092133
28 24.6082522759 628.275243883 347.116503841
29 19.0644764932 609.883227014 371.052296492
30 14.8842355036 590.852443776 394.263320721
31 11.7128976233 571.554637568 416.732464808
32 9.29096117993 552.254226048 438.454812772
33 7.42845179342 533.137470568 459.434077638
34 5.98592955146 514.334051904 479.680018544
35 4.86068154458 495.932739697 499.206578758
36 3.97667487261 477.99279276 518.030532367
37 3.27725813127 460.552240298 536.170501571
38 2.7200480786 443.633680321 553.6462716
39 2.27312802934 427.248596229 570.478275741
40 1.91232075287 411.400450332 586.687228915
41 1.61917403564 396.086966181 602.293859783
42 1.37948155642 381.301798893 617.318719551
43 1.18231467691 367.035623655 631.782061668
44 1.01920167139 353.277058526 645.703739803
45 0.883503524207 340.013361611 659.103134865
46 0.769991774626 327.230893881 671.999114345
47 0.674541581492 314.915448791 684.410009628
48 0.59388051278 303.052522848 696.353596639
49 0.525411846119 291.627497475 707.847090679
50 0.466967399837 280.625902404 718.907130196
51 0.416878197118 270.033312257 729.549809546
52 0.373748309127 259.835586504 739.790665187
53 0.33647343705 250.018830205 749.644696358
54 0.304116112095 240.569516586 759.126367302
55 0.275928961915 231.474443371 768.249627667
56 0.251271102866 222.720808314 777.027920583
57 0.229630640539 214.296164086 785.474205273
58 0.210567934151 206.188465614 793.600966452
59 0.193724355509 198.386046005 801.42022964
60 0.178794571298 190.877624354 808.943581074
61 0.165527369951 183.652291877 816.182180753
62 0.153690430325 176.699549414 823.146760156
63 0.143086152801 170.009261118 829.84765273
64 0.133562299 163.571588827 836.294848874
65 0.124994949098 157.377098236 842.497906815
66 0.117283228825 151.416704953 848.466011818
67 0.110308674329 145.681590267 854.208101059
68 0.103987801221 140.163306042 859.732706157
69 0.0982564667008 134.853737133 865.0480064
70 0.0930394128115 129.744993793 870.161966795
71 0.0882791808275 124.829518336 875.082202483
72 0.0839343098544 120.100081948 879.815983742
73 0.0799517720227 115.54960011 884.370448118
74 0.0762979812035 111.17135193 888.752350088
75 0.0729423903334 106.958863531 892.968194079
76 0.0698554058977 102.905869342 897.024275253
77 0.0670100899097 99.0063342068 900.926655703
78 0.0643829347071 95.2544659461 904.681151119
79 0.0619513231794 91.6446840468 908.29336463
80 0.0597012988302 88.1716343742 911.768664327
81 0.0576166319981 84.8301445756 915.112238792
82 0.0556787017028 81.6152137781 918.32910752
83 0.0538710974806 78.5220327614 921.424096141
84 0.0521875690409 75.5460284845 924.401783946
85 0.0506178335507 72.6827683999 927.266613767
86 0.0491518663182 69.9279818171 930.022866317
87 0.0477813245699 67.2775647428 932.674653933
88 0.0464991672544 64.72757161 935.225929223
89 0.0452982608364 62.274199476 937.680502263
90 0.0441718605637 59.9137863751 940.042041764
91 0.043114587084 57.6428162828 942.31406913
92 0.0421214130366 55.4579038969 944.49997469
93 0.0411874808525 53.3557878488 946.60302467
94 0.0403083320255 51.333329613 948.626362055
95 0.0394802302642 49.3875162339 950.573003536
96 0.0386996341183 47.5154455847 952.445854781
97 0.0379631767024 45.7143220407 954.247714783
98 0.0372678410894 43.9814582553 955.981273904
99 0.0366109699513 42.3142724421 957.649116588
100 0.0359899862347 40.7102757361 959.253734278
