Time S I R
1 997 3 0
2 995.466540105 4.38687708042 0.1465828145
3 993.229303664 6.4098514507 0.360844884951
4 989.971285336 9.3549817704 0.673732893987
5 985.239413645 13.6305832761 1.1300030791
6 978.393596355 19.8123997647 1.79400388073
7 968.544876712 28.6976612085 2.75746207951
8 954.489779542 41.3607037402 4.14951671792
9 934.660648061 59.1906414237 6.14871051546
10 907.133244394 83.8712365912 8.99551901462
11 869.761645888 117.23651697 13.0018371424
12 820.529559637 160.919654125 18.5507862379
13 758.175056741 215.747641435 26.0773018234
14 683.004231647 280.975245897 36.0205224557
15 597.561790608 353.6908803 48.7473290923
16 506.650124641 428.886108299 64.4637670598
17 416.388212336 500.463714339 83.1480733246
18 332.619214237 562.842326466 104.538459296
19 259.485610677 612.33080345 128.183585874
20 198.844024352 647.624184026 153.531791621
21 150.558827857 669.4196557 180.021516443
22 113.241262022 679.612623246 207.146114732
23 84.9809782842 680.53304826 234.485973456
24 63.8476038869 674.43758664 261.714809473
25 48.1476976116 663.261309677 288.590992711
26 36.5088346525 648.548383427 314.942781921
27 27.8706185022 631.476462231 340.652919267
28 21.4372348113 612.917680997 365.645084192
29 16.6217528062 593.505271873 389.87297532
30 12.9952210601 573.692847797 413.311931143
31 10.2454289495 553.801857459 435.952713591
32 8.14533847413 534.057693312 457.796968214
33 6.52947812059 514.616598452 478.853923427
34 5.27680756121 495.585163386 499.138029053
35 4.29843619449 477.03429298 518.667270826
36 3.52858588691 459.009486933 537.46192718
37 2.91837264654 441.537906892 555.543720461
38 2.43124656568 424.633563493 572.935189941
39 2.03968300923 408.30108005 589.659236941
40 1.72284478726 392.538346147 605.738809066
41 1.46472915506 377.338616933 621.196653912
42 1.25313147301 362.691678156 636.055190371
43 1.07862567802 348.584995452 650.33637887
44 0.933860972399 335.004500545 664.061638483
45 0.8130769281 321.935124049 677.251799023
46 0.71175046205 309.361174266 689.927075272
47 0.626305314631 297.26665003 702.107044655
48 0.553913721907 285.635444103 713.810642176
49 0.49222694984 274.451628935 725.056144116
50 0.439442027491 263.699353611 735.861204362
51 0.394053295842 253.363106457 746.242840248
52 0.354874690001 243.427667934 756.217457376
53 0.320901448431 233.878245435 765.800853116
54 0.291334003419 224.700425571 775.008240426
55 0.265490836966 215.88025009 783.854259073
56 0.242821515051 207.4041747 792.353003785
57 0.222874433277 199.259104999 800.518020567
58 0.20525335066 191.432389903 808.362356747
59 0.189645681921 183.911800152 815.898554166
60 0.175778668089 176.685547794 823.138673538
61 0.163405117618 169.742304171 830.094290711
62 0.152322363905 163.071114636 836.776563
63 0.142371924884 156.661400839 843.196227236
64 0.13342836824 150.503035687 849.363535945
65 0.125375594288 144.586249544 855.288374862
66 0.118090753215 138.901596299 860.980312948
67 0.111492502014 133.440055184 866.448452314
68 0.105508992509 128.192940001 871.701551006
69 0.100059561272 123.151828572 876.748111866
70 0.095088790959 118.308694317 881.596216892
71 0.0905508637284 113.655831641 886.253617495
72 0.0863910123697 109.185721379 890.727887609
73 0.0825747427942 104.891245148 895.026180109
74 0.079070704222 100.765553177 899.155376119
75 0.075846028823 96.8020012001 903.122152771
76 0.072873643677 92.9942344789 906.932891877
77 0.0701278432983 89.3361457132 910.593726443
78 0.067587283845 85.8218692353 914.110543481
79 0.0652373619147 82.4457774516 917.488985186
80 0.0630587292159 79.2024310293 920.734510241
81 0.0610301178383 76.0865779337 923.852391948
82 0.0591386113297 73.0932148012 926.847646587
83 0.0573756450167 70.2175537412 929.725070614
84 0.0557330200517 67.4549892634 932.489277717
85 0.0542009896826 64.8010799916 935.144719019
86 0.0527695349094 62.2515501969 937.695680268
87 0.051429419305 59.802290023 940.146280558
88 0.0501735875284 57.449360688 942.500465724
89 0.048996002296 55.1889796344 944.762024363
90 0.0478908144379 53.0175083525 946.934600833
91 0.0468526415294 50.9314529694 949.021694389
92 0.0458765470476 48.9274565147 951.026666938
93 0.0449580017314 47.0022920201 952.952749978
94 0.0440929397017 45.1528610881 954.803045972
95 0.0432776238275 43.3761864081 956.580535968
96 0.04250856022 41.6694055839 958.288085856
97 0.0417826135085 40.0297708376 959.928446549
98 0.0410969241665 38.4546427073 961.504260369
99 0.040448804728 36.941483188 963.018068007
100 0.0398358260371 35.4878564942 964.47230768
