Time S I R
1 997 3 0
2 995.466429608 4.38698325418 0.14658713743
3 993.2289783 6.41016099978 0.360860700645
4 989.970569886 9.35565711418 0.673773000007
5 985.238021875 13.6318886868 1.13008943799
6 978.391072813 19.8147541512 1.79417303616
7 968.540517047 28.7017097568 2.75777319645
8 954.482531154 41.3674058289 4.1500630176
9 934.649006604 59.2013588595 6.14963453633
10 907.115189265 83.8877797533 8.99703098202
11 869.734700271 117.26106653 13.0042331998
12 820.49110027 160.954440642 18.5544590878
13 758.122978922 215.794289515 26.0827315634
14 682.937910745 281.033854917 36.0282343386
15 597.482966926 353.75921956 48.7578135132
16 506.56309649 428.959525322 64.4773781877
17 416.298957335 500.536098682 83.1649439831
18 332.533763419 562.907765793 104.558470788
19 259.408557064 612.385038857 128.206404079
20 198.77784408 647.665208867 153.556947053
21 150.50405804 669.447450477 180.048491483
22 113.197122429 679.628466404 207.174411166
23 84.9460282007 680.538820227 234.515151572
24 63.8202219799 674.435274908 261.744503112
25 48.126357502 663.252733801 288.620908697
26 36.4922251172 648.535082984 314.972691899
27 27.8576711183 631.459680148 340.682648734
28 21.4271065515 612.898391666 365.674501783
29 16.6137910543 593.484225564 389.901983382
30 12.9889257541 573.670616255 413.34045799
31 10.2404192728 553.778873265 435.980707462
32 8.14132478214 534.034282712 457.824392506
33 6.52623988601 514.593007023 478.880753091
34 5.27417658222 495.561575542 499.164247876
35 4.29628349986 477.010847186 518.692869314
36 3.52681219263 458.986286807 537.486901
37 2.91690123145 441.515029501 555.568069268
38 2.43001772371 424.611065851 572.958916425
39 2.03865014721 408.279003695 589.682346158
40 1.72197089687 392.51672128 605.761307823
41 1.46398539587 377.317464123 621.218550482
42 1.25249463094 362.67101132 636.076494049
43 1.07807720352 348.564823033 650.357099763
44 0.933385953435 334.984826747 664.0817873
45 0.812663364594 321.915949702 677.271386934
46 0.711388511949 309.342497736 689.946113752
47 0.625986982907 297.248467615 702.125545402
48 0.553632416937 285.617750565 713.828617018
49 0.49197706575 274.434418008 725.073604926
50 0.439219145576 263.682617781 735.878163073
51 0.393853614725 253.346837642 746.259308744
52 0.354695064721 243.411857454 756.233447481
53 0.320739223125 233.862884219 765.816376557
54 0.291186902311 224.685504294 775.023308804
55 0.265356977275 215.865759162 783.868883861
56 0.242699289322 207.390104435 792.367196275
57 0.222762399232 199.245445633 800.531791968
58 0.205150335108 191.419131653 808.375718012
59 0.189550705168 183.898933176 815.911516119
60 0.175690792133 176.673062444 823.151246764
61 0.163323505002 169.730190975 830.10648552
62 0.152246364655 163.059363821 836.788389815
63 0.142300987224 156.650003039 843.207695974
64 0.133362074872 150.491981788 849.374656137
65 0.125313393853 144.575530171 855.299156435
66 0.118032255314 138.891202497 860.990765248
67 0.111437413582 133.429978322 866.458584264
68 0.105456957451 128.183171228 871.711371814
69 0.100010290158 123.142359368 876.757630342
70 0.0950420674305 118.299516561 881.605441372
71 0.0905064446166 113.646936989 886.262556567
72 0.0863487083087 109.177101905 890.736549387
73 0.0825343900531 104.882893175 895.034572435
74 0.0790321488923 100.757461089 899.163506762
75 0.0758091208112 96.7941614514 903.130029428
76 0.0728382530499 92.9866398333 906.940521914
77 0.0700938359719 89.3287890541 910.60111711
78 0.067554584896 85.8147437609 914.117701654
79 0.0652058746585 82.4388763869 917.495917738
80 0.0630283434502 79.1957476361 920.74122402
81 0.0610007223842 76.0801055876 923.85889369
82 0.0591101654162 73.0869474629 926.853942372
83 0.0573480940236 70.2114853974 929.731166509
84 0.0557063169114 67.4491140703 932.495179613
85 0.0541750682455 64.7953921065 935.150432825
86 0.0527443396168 62.2460439668 937.701211694
87 0.0514048967825 59.7969599315 940.151635172
88 0.0501497009263 57.4442014594 942.50564884
89 0.0489727122277 55.183986087 944.767041201
90 0.0478680846091 53.0126754437 946.939456472
91 0.046830437736 50.9267758114 949.026393751
92 0.0458548377317 48.9229303421 951.03121482
93 0.0449367574928 46.997912197 952.957151046
94 0.0440721338505 45.148623124 954.807304742
95 0.0432572309711 43.3720859232 956.584656846
96 0.0424885565649 41.6654383179 958.292073126
97 0.0417629777254 40.0259326773 959.932304345
98 0.0410776357946 38.4509296366 961.507992728
99 0.0404298446746 36.9378913065 963.021678849
100 0.0398171767742 35.4843820312 964.475800792
