Time S I R
1 997 3 0
2 995.462093365 4.39124618636 0.146660448964
3 993.216154652 6.42259632479 0.361249023165
4 989.942274449 9.38280228868 0.674923262485
5 985.182824408 13.6843886788 1.13278691363
6 978.290758378 19.9094952298 1.79974639259
7 968.366880739 28.8647189364 2.76840032448
8 954.193378159 41.6374144103 4.16920743034
9 934.183983165 59.633388103 6.18262873216
10 906.393185023 84.5550371297 9.05177784745
11 868.656278509 118.251824724 13.0918967671
12 818.951004673 162.359144662 18.6898506653
13 756.036950427 217.679138041 26.2839115321
14 680.281366947 283.403818082 36.3148149713
15 594.326398483 356.525804263 49.1477972537
16 503.079409412 431.93738408 64.9832065079
17 412.727743539 503.481999052 83.7902574094
18 329.11595747 565.586956126 105.297086404
19 256.326992694 614.62910145 129.043905856
20 196.13061083 649.395437189 154.473951981
21 148.312008873 670.66386861 181.024122517
22 111.428855527 680.382216367 208.188928106
23 83.5440558218 680.904516752 235.551427426
24 62.7200093477 674.491447765 262.788542887
25 47.2672078001 663.071033541 289.661758658
26 35.8220113127 648.175927149 316.002061539
27 27.3339105406 630.971654128 341.694435331
28 21.0162611477 612.31940291 366.664335942
29 16.2898708471 592.843295103 390.866834049
30 12.7319991013 572.989689408 414.278311491
31 10.0352865261 553.074396002 436.890317472
32 7.97640630012 533.318509201 458.705084499
33 6.39270932909 513.875012603 479.732278068
34 5.16528685342 494.848042051 499.986671096
35 4.2068516577 476.306662875 519.486485467
36 3.4528404348 458.294987368 538.252172197
37 2.85529405657 440.839127364 556.305578579
38 2.37836085818 423.952308177 573.669330965
39 1.99505583563 407.638552845 590.36639132
40 1.68493537163 391.895320738 606.41974389
41 1.43233350896 376.715503625 621.852162866
42 1.22528076339 362.08864194 636.686077297
43 1.05454188462 348.002008158 650.943449957
44 0.912917391558 334.441387102 664.645695506
45 0.794767817636 321.391597096 677.813635086
46 0.695660944853 308.836869148 690.467469908
47 0.612097053226 296.761141256 702.626761691
48 0.541305955406 285.148266941 714.310427104
49 0.480982847878 273.982294592 725.53672256
50 0.429371918453 263.247344924 736.323283157
51 0.384995637365 252.927899542 746.68710482
52 0.346693857541 243.008734126 756.644572017
53 0.313484085196 233.47505505 766.211460865
54 0.284581544922 224.312455804 775.402962651
55 0.259322478898 215.506980748 784.233696773
56 0.237167190716 207.045096671 792.717736138
57 0.217672114315 198.913718494 800.868609391
58 0.200451947562 191.100206686 808.699341367
59 0.18520207248 183.592341499 816.222456429
60 0.17165195011 176.378353689 823.44999436
61 0.159559011069 169.446930617 830.393510372
62 0.148728363642 162.787116251 837.064155385
63 0.13900582987 156.388357404 843.472636767
64 0.130271422757 150.24054497 849.629183608
65 0.122403205996 144.333905322 855.543691472
66 0.115286127041 138.659018831 861.225695042
67 0.108842581983 133.20688393 866.684273488
68 0.1029973987 127.968808212 871.92819439
69 0.0976739214836 122.936393382 876.965932696
70 0.0928194362084 118.101632965 881.805547599
71 0.0883866650021 113.456813875 886.45479946
72 0.0843236233563 108.994442303 890.921234074
73 0.0805968703744 104.707413609 895.211989521
74 0.0771752007623 100.588881042 899.333943757
75 0.0740262568222 96.6322100492 903.293763694
76 0.071123683735 92.8310602454 907.097816071
77 0.0684416951539 89.1793320573 910.752226248
78 0.0659616122848 85.6711757569 914.262862631
79 0.0636675669767 82.3009656289 917.635366804
80 0.0615397730842 79.0632660621 920.875194165
81 0.0595573348655 75.9528340708 923.987608594
82 0.0577099877576 72.9646900578 926.977599954
83 0.0559886788617 70.0940489368 929.849962384
84 0.0543853739844 67.3363122895 932.609302337
85 0.0528896894114 64.6870406685 935.260069642
86 0.0514920223244 62.1419667667 937.806541211
87 0.0501833351254 59.6969877769 940.252828888
88 0.0489571849275 57.3481747622 942.602868053
89 0.0478074637546 55.0917496336 944.860442903
90 0.0467284558329 52.9240800532 947.029191491
91 0.0457148826695 50.8416786416 949.112606476
92 0.0447619250562 48.8411936092 951.114044466
93 0.0438651575679 46.9194034773 953.036731365
94 0.0430206295666 45.0732156549 954.883763716
95 0.0422246668741 43.2996572797 956.658118053
96 0.0414738552547 41.5958708627 958.362655282
97 0.0407651612885 39.9591141866 960.000120652
98 0.0400957706217 38.3867515344 961.573152695
99 0.0394630610297 36.8762494167 963.084287522
100 0.0388646705562 35.4251767854 964.535958544
