Time S I R
1 997 3 0
2 996.164831016 3.70200510631 0.133163877361
3 995.135316987 4.56721411386 0.297468899285
4 993.866839708 5.63301518203 0.500145110267
5 992.304851463 6.94507453978 0.750073997387
6 990.382845888 8.55900563556 1.05814847621
7 988.019943511 10.5423426107 1.43771387849
8 985.11819808 12.9767215627 1.90508035686
9 981.559534045 15.9603301901 2.48013576491
10 977.202441184 19.6105011351 3.18705768134
11 971.878564721 24.0663083813 4.0551268978
12 965.389429703 29.4909227389 5.11964755782
13 957.503748583 36.0733113114 6.42294010572
14 947.955896989 44.0287159672 8.01538704329
15 936.44645477 53.5970870344 9.95645819531
16 922.645965931 65.038418908 12.3156151614
17 906.203319408 78.6237328554 15.1729477363
18 886.760278235 94.6203801609 18.6193416037
19 863.973522765 113.270552851 22.755924384
20 837.544866529 134.762610149 27.6925233226
21 807.259156332 159.196017051 33.544826617
22 773.027034333 186.542886355 40.4300793116
23 734.927363657 216.611379486 48.4612568568
24 693.241535077 249.018527881 57.739937042
25 648.470528753 283.181051488 68.3484197589
26 601.326609174 318.33142606 80.3419647662
27 552.695506437 353.56225881 93.7422347528
28 503.57140956 387.895560992 108.533029449
29 454.974164943 420.366714387 124.659120671
30 407.863072375 450.10843852 142.028489105
31 363.062516747 476.419827006 160.517656247
32 321.211032975 498.809686954 179.979280071
33 282.738887716 517.0102256 200.250886684
34 247.872471063 530.963934912 221.163594024
35 216.658925835 540.79117453 242.549899635
36 189.00243798 546.747616726 264.249945294
37 164.704140832 549.179834637 286.116024531
38 143.499627558 548.484987141 308.015385301
39 125.090542693 545.077892786 329.831564521
40 109.168884612 539.366539095 351.464576292
41 95.4341660302 531.735548912 372.830285058
42 83.6045108086 522.536215558 393.859273633
43 73.4225465536 512.082104371 414.495349076
44 64.6583692204 500.647566888 434.694063892
45 57.1095596752 488.469285315 454.42115501
46 50.6000981933 475.748804337 473.65109747
47 44.9782306047 462.656012278 492.365757117
48 40.1138370028 449.332963408 510.553199589
49 35.8959299505 435.897401045 528.206669004
50 32.2301601192 422.446167337 545.323672544
51 29.036426757 409.058357783 561.90521546
52 26.2468376663 395.798015105 577.955147228
53 23.803835689 382.716546701 593.47961761
54 21.6586209783 369.854772845 608.486606176
55 19.7698454014 357.244611153 622.985543446
56 18.1023670296 344.910660388 636.986972583
57 16.626322139 332.871374271 650.50230359
58 15.3162526484 321.140182801 663.543564551
59 14.1504585204 309.726298549 676.123242931
60 13.1103743405 298.635507174 688.254118485
61 12.1801016 287.870752671 699.949145729
62 11.3459919036 277.432660412 711.221347684
63 10.5962931634 267.319975264 722.083731573
64 9.92088448801 257.529888508 732.549227004
65 9.31100351709 248.058374689 742.630621793
66 8.75907078181 238.900403189 752.340526029
67 8.25849691666 230.05017239 761.691330694
68 7.80355061806 221.501265686 770.695183696
69 7.3892309994 213.246801965 779.363967036
70 7.01115444864 205.279567653 787.709277899
71 6.66550382188 197.592068716 795.742427462
72 6.34892499722 190.176651012 803.47442399
73 6.05843949215 183.025600178 810.91596033
74 5.79145152001 176.13111948 818.077429
75 5.54564016282 169.485455334 824.968904503
76 5.31896649792 163.080876145 831.600157357
77 5.10961749731 156.909732101 837.980650402
78 4.91597425844 150.964483806 844.119541935
79 4.73660616381 145.237698138 850.025695698
80 4.57022381662 139.722098867 855.707677317
81 4.41568227007 134.410550418 861.173767312
82 4.27195230259 129.296083455 866.431964243
83 4.1381093486 124.371898478 871.489992174
84 4.01332577114 119.631365727 876.355308502
85 3.89685099219 115.068040966 881.035108042
86 3.78801164824 110.675655005 885.536333346
87 3.68619459023 106.448126057 889.865679353
88 3.59084698678 102.379550356 894.029602657
89 3.50147453789 98.4641954449 898.034330017
90 3.41762280701 94.6965156029 901.88586159
91 3.33887320391 91.0711485799 905.589978216
92 3.26485135737 87.5828965482 909.152252094
93 3.19521600784 84.2267323772 912.578051615
94 3.12964952406 80.9978038751 915.872546601
95 3.0678658574 77.8914165034 919.040717639
96 3.00960463557 74.9030336136 922.087361751
97 2.95462243752 72.0282804172 925.017097145
98 2.90269777501 69.2629311153 927.83437111
99 2.85362862475 66.6029055479 930.543465827
100 2.80722682445 64.0442701751 933.148503
