Time S I R
1 997 3 0
2 995.462094182 4.39124179562 0.146664022758
3 993.216158902 6.42258348639 0.361257611527
4 989.942286951 9.38277418143 0.674938867876
5 985.182853577 13.6843341167 1.13281230646
6 978.290818315 19.9093963003 1.79978538445
7 968.366994202 28.8645476735 2.76845812423
8 954.193580459 41.6371284421 4.16929109884
9 934.184326598 59.6329256532 6.18274774901
10 906.393742487 84.5543127133 9.05194479919
11 868.657143354 118.250728488 13.0921281585
12 818.95228207 162.357550088 18.6901678415
13 756.038735569 217.676922771 26.2843416595
14 680.283710393 283.400897697 36.3153919105
15 594.329270206 356.522167849 49.1485619449
16 503.08268351 431.933110249 64.9842062413
17 412.731220414 503.477236192 83.7915433945
18 329.119416779 565.581873575 105.298709646
19 256.330248425 614.623839311 129.045912264
20 196.133542616 649.390079246 154.476378138
21 148.314563932 670.658442875 181.026993193
22 111.431032523 680.37671172 208.192255757
23 83.5458842771 680.898902498 235.555213225
24 62.7215327529 674.485688649 262.792778598
25 47.268472664 663.065098579 289.666428757
26 35.8230612609 648.169793534 316.007145205
27 27.334783796 630.965308056 341.699908148
28 21.0169899177 612.312838833 366.67017125
29 16.2904816738 592.836514336 390.87300399
30 12.7325135845 572.98269863 414.284787785
31 10.035722124 553.067205894 436.897071982
32 7.97677709041 533.311133278 458.712089632
33 6.39302667022 513.867466275 479.739507055
34 5.1655599112 494.840341908 499.994098181
35 4.20708786407 476.298826108 519.494086028
36 3.45304583304 458.28703135 538.259922817
37 2.85547357502 440.831069346 556.313457079
38 2.37851853667 423.944165045 573.677316418
39 1.99519499429 407.630340969 590.374464037
40 1.68505876916 391.887055828 606.427885402
41 1.43244342197 376.707200693 621.860355885
42 1.22537909481 362.080315224 636.694305682
43 1.05463022931 347.993671101 650.95169867
44 0.912997089601 334.433052345 664.653950566
45 0.794839999101 321.38327648 677.821883521
46 0.695726568493 308.828573722 690.475699709
47 0.612156933909 296.7528813 702.634961766
48 0.541360790648 285.140051981 714.318587228
49 0.481033238502 273.97413343 725.544833332
50 0.429418377277 263.239245669 736.331335953
51 0.385038608175 252.919869639 746.695091752
52 0.346733724673 243.000780384 756.652485891
53 0.31352118184 233.467183676 766.219295142
54 0.284616162809 224.304672431 775.410711406
55 0.25935487238 215.499290465 784.241354662
56 0.237197583109 207.037504056 792.725298361
57 0.217700702216 198.906227639 800.876071658
58 0.200478904053 191.092821228 808.706699868
59 0.185227551071 183.585064644 816.229707805
60 0.171676087373 176.371188241 823.457135672
61 0.159581928204 169.439879001 830.400539071
62 0.148750166785 162.780180543 837.071069291
63 0.13902661333 156.38153934 843.479434047
64 0.130291271015 150.23384598 849.635862749
65 0.122422200415 144.327326559 855.550251241
66 0.115304335671 138.652561161 861.232134503
67 0.108860065248 133.20054797 866.690591965
68 0.103014217002 127.962594368 871.934391415
69 0.0976901252023 122.930301823 876.972008052
70 0.09283507023 118.095663655 881.811501275
71 0.0884017739813 113.450966624 886.460631602
72 0.084338244498 108.98871672 890.926945036
73 0.0806110377523 104.70180915 895.217579813
74 0.0771889469397 100.583397034 899.339414019
75 0.0740396112294 96.6268456804 903.299114708
76 0.0711366735259 92.8258145799 907.103048747
77 0.0684543458501 89.1742040514 910.757341603
78 0.0659739441933 85.6661642583 914.267861797
79 0.0636796018906 82.2960694086 917.64025099
80 0.0615515324328 79.0584838157 920.879964652
81 0.0595688371385 75.9481644081 923.992266755
82 0.0577212463362 72.9601314988 926.982147255
83 0.0559997077215 70.0895999559 929.854400336
84 0.0543961871551 67.331971318 932.613632495
85 0.0529003008385 64.6828060976 935.264293602
86 0.0515024444827 62.137836944 937.810660611
87 0.0501935792222 59.6929610127 940.256845408
88 0.0489672610089 57.3442493351 942.606783404
89 0.047817381496 55.0879238013 944.864258817
90 0.0467382243305 52.9203520539 947.032909722
91 0.0457245104003 50.8380466977 949.116228792
92 0.0447714199275 48.8376559323 951.117572648
93 0.0438745269703 46.915958271 953.040167202
94 0.0430298804059 45.0698611182 954.887109001
95 0.0422338056361 43.2963916108 956.661374584
96 0.0414828880193 41.5926922609 958.365824851
97 0.040774093749 39.9560208552 960.003205051
98 0.040104608132 38.3837416838 961.576153708
99 0.0394718086197 36.873321266 963.087206925
100 0.0388733329478 35.4223285644 964.538798103
