Time S I R
1 997 3 0
2 995.462094182 4.3912417956 0.146664022758
3 993.216158902 6.42258348634 0.361257611525
4 989.942286951 9.38277418131 0.674938867871
5 985.182853577 13.6843341165 1.13281230644
6 978.290818316 19.9093962999 1.79978538442
7 968.366994203 28.8645476728 2.76845812418
8 954.19358046 41.6371284409 4.16929109875
9 934.1843266 59.6329256513 6.18274774886
10 906.393742491 84.5543127103 9.05194479895
11 868.657143358 118.250728484 13.0921281581
12 818.952282077 162.357550082 18.6901678409
13 756.038735578 217.676922763 26.2843416586
14 680.283710405 283.400897686 36.3153919092
15 594.32927022 356.522167837 49.1485619431
16 503.082683525 431.933110236 64.984206239
17 412.73122043 503.477236179 83.7915433916
18 329.119416794 565.581873563 105.298709642
19 256.330248438 614.623839302 129.04591226
20 196.133542628 649.390079239 154.476378134
21 148.314563942 670.658442869 181.026993189
22 111.431032531 680.376711717 208.192255752
23 83.5458842833 680.898902496 235.55521322
24 62.7215327578 674.485688649 262.792778593
25 47.2684726679 663.06509858 289.666428752
26 35.8230612639 648.169793536 316.0071452
27 27.3347837984 630.965308059 341.699908143
28 21.0169899195 612.312838835 366.670171245
29 16.2904816753 592.836514339 390.873003986
30 12.7325135856 572.982698633 414.284787781
31 10.0357221249 553.067205897 436.897071978
32 7.97677709114 533.311133281 458.712089628
33 6.39302667081 513.867466278 479.739507051
34 5.16555991168 494.840341911 499.994098177
35 4.20708786447 476.298826112 519.494086024
36 3.45304583337 458.287031353 538.259922813
37 2.85547357529 440.831069349 556.313457076
38 2.3785185369 423.944165049 573.677316415
39 1.99519499448 407.630340972 590.374464034
40 1.68505876932 391.887055831 606.427885399
41 1.43244342211 376.707200696 621.860355882
42 1.22537909493 362.080315226 636.694305679
43 1.05463022941 347.993671104 650.951698667
44 0.912997089691 334.433052347 664.653950563
45 0.79483999918 321.383276483 677.821883518
46 0.695726568563 308.828573725 690.475699707
47 0.61215693397 296.752881302 702.634961764
48 0.541360790702 285.140051984 714.318587226
49 0.48103323855 273.974133432 725.54483333
50 0.42941837732 263.239245671 736.331335951
51 0.385038608215 252.919869641 746.69509175
52 0.346733724708 243.000780386 756.652485889
53 0.313521181872 233.467183678 766.21929514
54 0.284616162838 224.304672433 775.410711404
55 0.259354872407 215.499290467 784.241354661
56 0.237197583134 207.037504057 792.72529836
57 0.217700702239 198.906227641 800.876071657
58 0.200478904074 191.092821229 808.706699867
59 0.18522755109 183.585064646 816.229707803
60 0.171676087391 176.371188242 823.45713567
61 0.159581928221 169.439879003 830.400539069
62 0.148750166801 162.780180544 837.071069289
63 0.139026613345 156.381539341 843.479434046
64 0.130291271029 150.233845981 849.635862748
65 0.122422200428 144.32732656 855.55025124
66 0.115304335684 138.652561162 861.232134502
67 0.108860065259 133.200547971 866.690591964
68 0.103014217012 127.962594369 871.934391414
69 0.0976901252126 122.930301824 876.972008051
70 0.0928350702395 118.095663655 881.811501274
71 0.0884017739907 113.450966625 886.460631601
72 0.0843382445069 108.988716721 890.926945035
73 0.0806110377606 104.70180915 895.217579812
74 0.0771889469477 100.583397035 899.339414018
75 0.0740396112368 96.6268456811 903.299114708
76 0.0711366735331 92.8258145806 907.103048746
77 0.0684543458573 89.1742040521 910.757341602
78 0.0659739441999 85.666164259 914.267861797
79 0.0636796018969 82.2960694093 917.640250989
80 0.0615515324389 79.0584838163 920.879964651
81 0.0595688371446 75.9481644087 923.992266754
82 0.0577212463425 72.9601314994 926.982147254
83 0.0559997077274 70.0895999565 929.854400336
84 0.0543961871608 67.3319713185 932.613632494
85 0.052900300844 64.6828060981 935.264293601
86 0.0515024444881 62.1378369446 937.810660611
87 0.0501935792275 59.6929610132 940.256845408
88 0.0489672610141 57.3442493356 942.606783403
89 0.0478173815011 55.0879238017 944.864258817
90 0.0467382243354 52.9203520544 947.032909721
91 0.0457245104051 50.8380466981 949.116228791
92 0.0447714199322 48.8376559327 951.117572647
93 0.0438745269749 46.9159582714 953.040167202
94 0.0430298804105 45.0698611186 954.887109001
95 0.0422338056405 43.2963916112 956.661374583
96 0.0414828880237 41.5926922612 958.365824851
97 0.0407740937533 39.9560208556 960.003205051
98 0.0401046081362 38.3837416841 961.576153708
99 0.0394718086241 36.8733212663 963.087206925
100 0.0388733329521 35.4223285647 964.538798102
