Time S I R
1 997 3 0
2 995.462092548 4.39125057714 0.146656875165
3 993.216150402 6.42260916326 0.361240434784
4 989.942261947 9.38283039612 0.674907657043
5 985.182795238 13.6844432413 1.13276152069
6 978.290698439 19.9095941602 1.79970740049
7 968.366767275 28.8648902011 2.76834252427
8 954.193175857 41.6377003817 4.16912376104
9 934.183639728 59.6338505583 6.18250971393
10 906.392627552 84.555761555 9.05161089344
11 868.655413654 118.252920974 13.0916653721
12 818.94972726 162.360739257 18.6895334835
13 756.035165265 217.681353339 26.2834813963
14 680.279023477 283.406738503 36.31423802
15 594.323526736 356.529440719 49.1470325453
16 503.076135293 431.941657956 64.9822067512
17 412.724266649 503.486761957 83.7889713938
18 329.112498154 565.592038722 105.295463124
19 256.323736966 614.634363632 129.041899402
20 196.127679055 649.400795177 154.471525767
21 148.309453829 670.669294396 181.021251775
22 111.426678549 680.38772107 208.185600381
23 83.5422273859 680.91013107 235.547641544
24 62.7184859621 674.497206953 262.784307085
25 47.2659429552 663.076968585 289.65708846
26 35.8209613827 648.182060854 315.996977764
27 27.3330373022 630.9780003 341.688962398
28 21.0155323937 612.325967097 366.658500509
29 16.2892600353 592.85007599 390.860663974
30 12.731484632 572.996680315 414.271835053
31 10.034850941 553.081586249 436.88356281
32 7.97603552171 533.325885273 458.698079206
33 6.39239199899 513.88255909 479.725048911
34 5.1650138059 494.855742361 499.979243833
35 4.20661546087 476.31449982 519.478884719
36 3.45263504544 458.302943572 538.244421383
37 2.85511454642 440.847185578 556.297699875
38 2.37820318744 423.960451513 573.6613453
39 1.99491668423 407.646764933 590.358318383
40 1.68481198092 391.903585868 606.411602151
41 1.43222360236 376.723806786 621.843969612
42 1.225182438 362.096968892 636.67784867
43 1.05445354563 348.010345459 650.935200995
44 0.9128376989 334.44972211 664.637440191
45 0.794695641272 321.39991797 677.805386389
46 0.695595326051 308.845164837 690.459239837
47 0.612037177142 296.769401482 702.618561341
48 0.541251124543 285.156482176 714.302266699
49 0.48093246143 273.990456036 725.528611503
50 0.42932546362 263.255444465 736.315230071
51 0.384952670375 252.935929736 746.679117593
52 0.34665399407 243.016688162 756.636657844
53 0.313446992068 233.482926722 766.203626286
54 0.284546930416 224.32023948 775.395213589
55 0.259290088671 215.514671337 784.226038575
56 0.237136801462 207.052689596 792.710173603
57 0.217643529447 198.921209662 800.861146809
58 0.200424994006 191.107592458 808.691982548
59 0.185176596731 183.59961867 816.215204733
60 0.171627815605 176.385519456 823.442852728
61 0.159536096611 169.453982553 830.38648135
62 0.148706563102 162.79405228 837.057241157
63 0.138985048944 156.395175789 843.465839162
64 0.130251576967 150.247244281 849.622504142
65 0.122384213986 144.340484409 855.537131377
66 0.115267920762 138.665476824 861.219255255
67 0.108825101017 133.213220213 866.677954686
68 0.102980582648 127.975022378 871.921997039
69 0.0976577199691 122.942485264 876.959857016
70 0.0928038043479 118.107602597 881.799593599
71 0.0883715581438 113.462661447 886.448966995
72 0.0843090042974 109.000168204 890.915522791
73 0.0805827050441 104.713018386 895.206398909
74 0.0771614565987 100.594365366 899.328473177
75 0.0740129043975 96.6375747321 903.288412363
76 0.071110695897 92.8363062231 907.092583081
77 0.0684290463837 89.1844603733 910.74711058
78 0.0659492822761 85.6761875633 914.257863154
79 0.0636555339372 82.3058621547 917.630482311
80 0.0615280155861 79.0680486115 920.870423373
81 0.0595458344241 75.9575040339 923.982950132
82 0.0576987309906 72.9692489143 926.973052355
83 0.0559776517948 70.0984982124 929.845524136
84 0.0543745625877 67.3406535527 932.604971885
85 0.052879079741 64.6912755281 935.255845392
86 0.0514816019067 62.1460968748 937.802421523
87 0.0501730927546 59.7010148234 940.248812084
88 0.0489471105576 57.3521004682 942.598952421
89 0.0477975477112 55.0955757415 944.856626711
90 0.0467186890205 52.9278083246 947.025472986
91 0.0457052566122 50.8453108541 949.108983889
92 0.044752431847 48.8447315513 951.110516017
93 0.0438557898173 46.9228489451 953.033295265
94 0.0430113803689 45.0765704494 954.88041817
95 0.0422155297443 43.3029232029 956.654861267
96 0.0414648241133 41.5990497151 958.359485461
97 0.0407562304428 39.9622077649 959.997036005
98 0.0400869347181 38.3897616281 961.570151437
99 0.0394543150386 36.8791778067 963.081367878
100 0.0388560097567 35.4280252421 964.533118748
