Time S I R
1 997 3 0
2 995.456574538 4.39677047206 0.146654989723
3 993.199765559 6.4387295187 0.361504922344
4 989.905987428 9.41805960843 0.675952963408
5 985.111832564 13.7526547146 1.13551272105
6 978.161421534 20.0328235136 1.80575495253
7 968.142536163 29.0771399121 2.78032392514
8 953.819112616 41.9896176419 4.19126974204
9 933.58119664 60.1974282182 6.22137514168
10 905.456252347 85.4267961442 9.11695150925
11 867.255879929 119.546828022 13.1972920495
12 816.950765481 164.195472223 18.8537622963
13 753.328845796 220.14259256 26.5285616435
14 676.836337633 286.499553637 36.6641087302
15 590.239850713 360.136917475 49.6232318124
16 498.579108722 435.822035186 65.5988560918
17 408.125426986 507.325774306 84.5487987085
18 324.721746983 569.089498681 106.188754336
19 252.373339178 617.577872693 130.04878813
20 192.739769811 651.693914513 155.566315676
21 145.507318977 672.315806751 182.176874272
22 109.167664134 681.455438793 209.376897073
23 81.7513556065 681.495507346 236.753137047
24 61.3125969422 674.700642628 263.98676043
25 46.1672832109 662.989429198 290.843287591
26 34.9629884702 647.879820499 317.15719103
27 26.6616384538 630.522074052 342.816287494
28 20.4880383971 611.763707785 367.748253818
29 15.8726253072 592.217517276 391.909857417
30 12.4003708025 572.320874797 415.278754401
31 9.76993135092 552.38262769 437.847440959
32 7.76258149274 532.618576207 459.6188423
33 6.21915956401 513.177714651 480.603125785
34 5.02341136752 494.161162418 500.815426214
35 4.09003056272 475.635753481 520.274215956
36 3.35596158652 457.643919424 539.00011899
37 2.77439446749 440.21050841 557.015097122
38 2.31034507142 423.347809804 574.341845125
39 1.93750142019 407.059136428 591.003362152
40 1.63590663931 391.341452745 607.022640616
41 1.39031372267 376.187234021 622.422452256
42 1.18905613542 361.585737626 637.225206238
43 1.02312888323 347.524036243 651.452834874
44 0.885523283857 333.987759769 665.126716947
45 0.770751224283 320.961614977 678.267633798
46 0.674497778808 308.429759548 690.895742673
47 0.59335763612 296.376082851 703.030559513
48 0.524629319302 284.784417664 714.690953017
49 0.466071797846 273.638795186 725.895133016
50 0.415980423639 262.923331477 736.660688099
51 0.372920036319 252.622512071 747.004567893
52 0.335757750377 242.721131803 756.943110446
53 0.303543835564 233.2044084 766.492047764
54 0.275509311537 224.057963995 775.666526693
55 0.251014338198 215.267860224 784.481125438
56 0.229532136726 206.820592913 792.94987495
57 0.21063085255 198.703102047 801.086267101
58 0.193938312968 190.902774923 808.903286764
59 0.179159273498 183.407417307 816.413423419
60 0.166026721462 176.205294392 823.628678887
61 0.154304804693 169.285120577 830.560574618
62 0.143808160856 162.635952447 837.220239392
63 0.134388431142 156.247276464 843.618335105
64 0.125930825663 150.109010875 849.765058299
65 0.118308003963 144.211389238 855.670302758
66 0.111414718184 138.545032316 861.343552966
67 0.105177335424 133.100966536 866.793856128
68 0.0995162718033 127.870497269 872.02998646
69 0.0943613826121 122.845267499 877.060371118
70 0.0896657822858 118.017320385 881.893013833
71 0.0853704797979 113.378866508 886.535763012
72 0.0814373117669 108.922523158 890.99603953
73 0.0778310206177 104.641184073 895.280984907
74 0.0745196730107 100.528000535 899.397479792
75 0.0714725854278 96.5763648374 903.352162577
76 0.0686638302842 92.7799529514 907.151383218
77 0.066068174623 89.1326796756 910.80125215
78 0.0636695965597 85.6287151069 914.307615297
79 0.0614506640815 82.2624379768 917.676111359
80 0.059391000551 79.0284189655 920.912190034
81 0.0574715676652 75.9214372746 924.021091158
82 0.0556841529592 72.9365359656 927.007779881
83 0.0540194744028 70.0689373109 929.877043215
84 0.0524692135918 67.3140497814 932.633481005
85 0.0510227241747 64.667440799 935.281536477
86 0.0496707617166 62.1248533447 937.825475894
87 0.0484048489486 59.6821963879 940.269398763
88 0.0472190063359 57.3355515182 942.617229475
89 0.0461071425385 55.0811473986 944.872745459
90 0.0450637054691 52.9153601994 947.039576095
91 0.0440835750006 50.8347104961 949.121205929
92 0.0431620787911 48.8358531826 951.120984739
93 0.0422949472123 46.9155741521 953.042130901
94 0.0414783616981 45.0707875476 954.887734091
95 0.0407087380753 43.2985260473 956.660765215
96 0.0399827882542 41.5959387089 958.364078503
97 0.0392975902646 39.9602892922 960.000413118
98 0.0386503995637 38.3889466557 961.572402945
99 0.0380386900245 36.8793830674 963.082578243
100 0.0374601780088 35.4291723811 964.533367441
