Time S I R
1 997 3 0
2 995.462093365 4.39124618639 0.146660448964
3 993.216154652 6.42259632485 0.361249023167
4 989.942274449 9.38280228882 0.674923262492
5 985.182824407 13.6843886791 1.13278691365
6 978.290758377 19.9094952303 1.79974639262
7 968.366880738 28.8647189373 2.76840032453
8 954.193378158 41.6374144118 4.16920743044
9 934.183983162 59.6333881053 6.18262873233
10 906.393185019 84.5550371332 9.05177784774
11 868.656278504 118.251824729 13.0918967676
12 818.951004665 162.359144669 18.689850666
13 756.036950416 217.679138051 26.2839115332
14 680.281366933 283.403818094 36.3148149728
15 594.326398467 356.525804278 49.1477972557
16 503.079409394 431.937384095 64.9832065106
17 412.72774352 503.481999067 83.7902574127
18 329.115957452 565.58695614 105.297086408
19 256.326992678 614.629101462 129.043905861
20 196.130610817 649.395437198 154.473951985
21 148.312008862 670.663868617 181.024122522
22 111.428855518 680.382216371 208.188928111
23 83.5440558145 680.904516754 235.551427431
24 62.720009342 674.491447765 262.788542893
25 47.2672077957 663.07103354 289.661758664
26 35.8220113093 648.175927147 316.002061544
27 27.3339105378 630.971654126 341.694435337
28 21.0162611456 612.319402907 366.664335947
29 16.2898708455 592.8432951 390.866834055
30 12.7319991 572.989689404 414.278311496
31 10.0352865251 553.074395998 436.890317477
32 7.97640629927 533.318509197 458.705084504
33 6.3927093284 513.875012599 479.732278073
34 5.16528685286 494.848042047 499.9866711
35 4.20685165724 476.306662872 519.486485471
36 3.45284043441 458.294987364 538.252172202
37 2.85529405626 440.83912736 556.305578583
38 2.37836085791 423.952308173 573.669330969
39 1.9950558354 407.638552841 590.366391324
40 1.68493537144 391.895320735 606.419743894
41 1.4323335088 376.715503622 621.852162869
42 1.22528076325 362.088641937 636.6860773
43 1.0545418845 348.002008155 650.94344996
44 0.912917391453 334.441387099 664.645695509
45 0.794767817545 321.391597093 677.813635089
46 0.695660944772 308.836869145 690.46746991
47 0.612097053154 296.761141253 702.626761694
48 0.541305955343 285.148266938 714.310427106
49 0.480982847821 273.98229459 725.536722563
50 0.429371918402 263.247344922 736.32328316
51 0.38499563732 252.92789954 746.687104823
52 0.3466938575 243.008734123 756.644572019
53 0.313484085159 233.475055047 766.211460867
54 0.284581544888 224.312455802 775.402962653
55 0.259322478866 215.506980746 784.233696775
56 0.237167190687 207.045096669 792.71773614
57 0.217672114289 198.913718493 800.868609393
58 0.200451947538 191.100206684 808.699341368
59 0.185202072457 183.592341497 816.22245643
60 0.17165195009 176.378353688 823.449994362
61 0.15955901105 169.446930616 830.393510373
62 0.148728363624 162.78711625 837.064155387
63 0.139005829853 156.388357402 843.472636768
64 0.130271422741 150.240544968 849.629183609
65 0.122403205982 144.333905321 855.543691473
66 0.115286127027 138.65901883 861.225695043
67 0.108842581969 133.206883928 866.68427349
68 0.102997398687 127.96880821 871.928194391
69 0.0976739214718 122.936393381 876.965932697
70 0.092819436197 118.101632964 881.8055476
71 0.0883866649914 113.456813874 886.454799461
72 0.084323623346 108.994442302 890.921234075
73 0.0805968703645 104.707413608 895.211989522
74 0.0771752007529 100.588881041 899.333943758
75 0.0740262568132 96.6322100483 903.293763695
76 0.0711236837263 92.8310602445 907.097816072
77 0.0684416951455 89.1793320565 910.752226248
78 0.0659616122769 85.6711757561 914.262862632
79 0.063667566969 82.3009656282 917.635366805
80 0.0615397730768 79.0632660614 920.875194166
81 0.0595573348583 75.9528340701 923.987608595
82 0.0577099877505 72.9646900571 926.977599955
83 0.0559886788549 70.0940489361 929.849962385
84 0.0543853739778 67.3363122888 932.609302337
85 0.052889689405 64.6870406679 935.260069643
86 0.0514920223181 62.1419667661 937.806541212
87 0.0501833351194 59.6969877764 940.252828889
88 0.0489571849215 57.3481747616 942.602868053
89 0.0478074637487 55.0917496331 944.860442903
90 0.0467284558272 52.9240800527 947.029191491
91 0.045714882664 50.8416786411 949.112606476
92 0.0447619250508 48.8411936088 951.114044466
93 0.0438651575627 46.9194034768 953.036731366
94 0.0430206295614 45.0732156544 954.883763716
95 0.0422246668691 43.2996572793 956.658118054
96 0.0414738552498 41.5958708623 958.362655282
97 0.0407651612836 39.9591141862 960.000120652
98 0.0400957706169 38.386751534 961.573152695
99 0.0394630610249 36.8762494163 963.084287523
100 0.0388646705516 35.4251767851 964.535958544
