Time S I R
1 997 3 0
2 995.462001385 4.39137933661 0.146619278696
3 993.215860677 6.4229852139 0.361154108919
4 989.941588327 9.38365243264 0.674759239943
5 985.18142852 13.6860357761 1.13253570406
6 978.288138183 19.9124739652 1.79938785143
7 968.362228299 28.8698578765 2.76791382433
8 954.185469502 41.6459557417 4.16857475629
9 934.171046225 59.6471153358 6.1818384389
10 906.372807657 84.5763619368 9.05083040643
11 868.625458044 118.28373395 13.0908080059
12 818.906491531 162.40486046 18.6886480089
13 755.97602199 217.741363518 26.2826144923
14 680.202978205 283.483629699 36.3133920956
15 594.232279377 356.621619549 49.1461010742
16 502.974373951 432.044718937 64.9809071112
17 412.618731097 503.594458539 83.7868103638
18 329.010153733 565.698082854 105.291763413
19 256.230051415 614.73406444 129.035884145
20 196.045789634 649.491783256 154.46242711
21 148.240300951 670.751295232 181.008403817
22 111.369661361 680.461844532 208.168494107
23 83.4959241735 680.978134758 235.525941069
24 62.6811965899 674.56096472 262.75783869
25 47.2360114441 663.138173073 289.625815483
26 35.796927655 648.242100748 315.960971597
27 27.3136835986 631.037941489 341.648374912
28 20.9998759203 612.38658343 366.613540649
29 16.2765223101 592.911898767 390.811578923
30 12.7210553477 573.060048939 414.218895713
31 10.0262540684 553.146692979 436.827052952
32 7.96890006969 533.39281254 458.63828739
33 6.38642823658 513.951309111 479.662262652
34 5.15999518563 494.926259278 499.913745537
35 4.20236364859 476.386687653 519.410948699
36 3.44900911323 458.376678943 538.174311944
37 2.85200267344 440.922327259 556.225670068
38 2.37551602783 424.036847862 573.58763611
39 1.99258263453 407.724258999 590.283158367
40 1.68277273921 391.982020049 606.335207212
41 1.4304322904 376.803024482 621.766543227
42 1.22360061036 362.176817406 636.599581983
43 1.05304955798 348.090677308 650.856273134
44 0.911585463433 334.530395884 664.558018653
45 0.793573573376 321.480798945 677.725627482
46 0.694585391246 308.926125503 690.379289106
47 0.611124299487 296.85032166 702.538554041
48 0.540422536724 285.237249212 714.222328252
49 0.480177305518 274.070964711 725.448857983
50 0.428634654896 263.335596641 736.235768704
51 0.384318432318 253.015634387 746.60004718
52 0.346069636296 243.095861153 756.558069211
53 0.312906822619 233.561490448 766.125602729
54 0.284045954004 224.398122775 775.317831271
55 0.258824058077 215.591808982 784.14936696
56 0.236701993972 207.129022199 792.634275807
57 0.217236672316 198.99668328 800.786080048
58 0.200043265149 191.182158349 808.617798386
59 0.184817528583 183.67323297 816.141949501
60 0.171289168478 176.458143066 823.370567766
61 0.159215887804 169.525580753 830.31520336
62 0.148403115076 162.864594186 836.987002699
63 0.138696893892 156.464634677 843.396668429
64 0.12997744433 150.315597089 849.554425466
65 0.122122767078 144.407711064 855.470166169
66 0.115018114423 138.731560845 861.15342104
67 0.108586040411 133.27814822 866.613265739
68 0.102751295754 128.038783118 871.858465586
69 0.0974374404552 123.005070604 876.897491955
70 0.0925918678552 118.169006971 881.738401161
71 0.088167267214 113.522880785 886.388951948
72 0.0841118041567 109.059201168 890.856687028
73 0.0803920928577 104.770865574 895.148742333
74 0.0769769421952 100.65102875 899.271994308
75 0.073834047641 96.6930580697 903.233107883
76 0.0709370912622 92.8906148579 907.038448051
77 0.0682603082325 89.2376009784 910.694138713
78 0.0657851271776 85.7281682777 914.206046595
79 0.0634956380197 82.3566919882 917.579812374
80 0.0613720507722 79.1177374625 920.820890487
81 0.0593935200379 76.0060629619 923.934543518
82 0.05754988273 73.0166903421 926.925759775
83 0.0558320721041 70.1448351281 929.7993328
84 0.0542320531446 67.385899527 932.55986842
85 0.0527394347463 64.7354446275 935.211815938
86 0.0513446380555 62.1892037874 937.759451575
87 0.0500386460528 59.7430747922 940.206886562
88 0.0488150389579 57.3931292456 942.558055715
89 0.0476677124724 55.1355893979 944.81674289
90 0.0465909600645 52.966823257 946.986585783
91 0.0455795126345 50.8833437517 949.071076736
92 0.0446285598294 48.8817993174 951.073572123
93 0.0437336843839 46.9589686715 952.997297644
94 0.0428909434157 45.1117593847 954.845349672
95 0.0420966689129 43.3371986887 956.620704642
96 0.0413474530479 41.6324291721 958.326223375
97 0.0406402687363 39.9947086694 959.964651062
98 0.0399723065273 38.4214014502 961.538626243
99 0.0393409492973 36.9099740064 963.050685044
100 0.0387438399281 35.4579952491 964.503260911
