Time S I R
1 997 3 0
2 995.4621225 4.39122325814 0.146654242338
3 993.216237934 6.42252944776 0.361232617997
4 989.942453327 9.38265634373 0.674890329119
5 985.183165914 13.6841065669 1.13272751878
6 978.291368294 19.9089865862 1.79964511954
7 968.367921469 28.8638449808 2.76823355065
8 954.195090713 41.6359697596 4.1689395271
9 934.186709438 59.6310835113 6.18220705104
10 906.397380139 84.5514931751 9.05112668572
11 868.662493426 118.246595348 13.0909112254
12 818.959810832 162.351796664 18.6883925035
13 756.048784334 217.669405165 26.2818105005
14 680.29631235 283.39180815 36.3118794999
15 594.34399601 356.51216778 49.1438362096
16 503.098633713 431.923308124 64.9780581634
17 412.747224659 503.468959434 83.7838159069
18 329.134358329 565.576326497 105.289315174
19 256.343336724 614.621829379 129.034833897
20 196.144414113 649.391928393 154.463657494
21 148.323219993 670.664067498 181.012712509
22 111.437703962 680.385775164 208.176520874
23 83.5509012594 680.910958029 235.538140712
24 62.7252360007 674.500276605 262.774487394
25 47.271166635 663.081797976 289.647035389
26 35.8249970784 648.188241605 315.986761317
27 27.3361587475 630.985201807 341.678639446
28 21.0179542276 612.3339286 366.648117172
29 16.2911475132 592.858594722 390.850257765
30 12.7329636506 573.005599694 414.261436656
31 10.0360168729 553.090785637 436.87319749
32 7.97696051375 533.335271556 458.687767931
33 6.39313071031 513.892060077 479.714809213
34 5.16560766048 494.865301888 499.969090452
35 4.20709606361 476.324073798 519.468830138
36 3.45302658458 458.312497207 538.234476208
37 2.85543559816 440.856691259 556.287873142
38 2.3784681221 423.969887156 573.651644721
39 1.99513663689 407.656112829 590.348750534
40 1.68499576166 391.912831591 606.402172647
41 1.43237802452 376.732938782 621.834683194
42 1.22531292438 362.10597774 636.668709336
43 1.05456442679 348.019223489 650.926212084
44 0.912932428204 334.458463121 664.62860445
45 0.79477697738 321.408516989 677.796706034
46 0.695665506894 308.853617883 690.45071661
47 0.612098011401 296.777705435 702.610196554
48 0.541304109181 285.16463461 714.29406128
49 0.480978835008 273.998455135 725.52056603
50 0.42936621499 263.26328899 736.307344795
51 0.384988624276 252.943618897 746.671392479
52 0.346685847876 243.024221561 756.629092591
53 0.313475310781 233.490304333 766.196220356
54 0.284572212728 224.327461557 775.38796623
55 0.259312729512 215.521738439 784.218948831
56 0.237157145242 207.059602507 792.703240348
57 0.217661877769 198.927969385 800.854368738
58 0.200441590444 191.114200188 808.685358222
59 0.18519164417 183.606075783 816.208732573
60 0.171641511006 176.391827442 823.436531047
61 0.159548613014 169.460143019 830.380308368
62 0.14871803029 162.800067039 837.051214931
63 0.138995573827 156.401046683 843.459957743
64 0.130261238711 150.252973218 849.616765544
65 0.12239313099 144.346073478 855.531533391
66 0.115276165011 138.670928102 861.213795733
67 0.10883272403 133.218535791 866.672631485
68 0.102987664717 127.980204537 871.916807799
69 0.0976643116878 122.947536227 876.954799462
70 0.0928099439453 118.11252458 881.794665476
71 0.0883772970182 113.467456831 886.444165872
72 0.0843143757183 109.004839288 890.910846337
73 0.0805877375089 104.717567468 895.201844795
74 0.0771661807576 100.598794821 899.324038998
75 0.0740173470487 96.6418869259 903.284095727
76 0.0711148814685 92.8405035075 907.088381611
77 0.0684329996332 89.1885451069 910.743021893
78 0.0659530140559 85.6801620646 914.253884921
79 0.0636590632475 82.3097287763 917.62661216
80 0.0615313646598 79.0718097252 920.86665891
81 0.0595490218567 75.9611619817 923.979288996
82 0.057701763 72.9728059474 926.96949229
83 0.0559805368337 70.1019565842 929.842062879
84 0.0543773090517 67.3440155009 932.60160719
85 0.052881699325 64.6945432936 935.252575007
86 0.0514841047391 62.1492726691 937.799243226
87 0.0501754877267 59.7041008276 940.245723685
88 0.0489494037449 57.3550988198 942.595951776
89 0.0477997457016 55.0984885586 944.853711696
90 0.0467207978745 52.9306376938 947.022641508
91 0.0457072820122 50.848058828 949.10623389
92 0.0447543790408 48.8474001536 951.107845467
93 0.043857663618 46.9254401655 953.030702171
94 0.0430131851383 45.0790862421 954.877900573
95 0.0422172696608 43.3053654922 956.652417238
96 0.041466503013 41.6014203897 958.357113107
97 0.0407578517477 39.9645086749 959.994733473
98 0.0400885017311 38.3919945937 961.567916905
99 0.0394558307928 36.8813446108 963.079199558
100 0.0388574770365 35.4301276306 964.531014892
