Time S I R
1 997 3 0
2 995.511659233 4.34790580058 0.140434966514
3 993.359349634 6.29675871161 0.343891653986
4 990.252221836 9.1093924364 0.638385727629
5 985.77784073 13.1580634225 1.06409584734
6 979.357595404 18.9640736104 1.67833098527
7 970.192414339 27.2453945021 2.56219115925
8 957.204062969 38.966784419 3.82915261214
9 938.987171472 55.3774196625 5.63540886525
10 913.80390742 78.00512348 8.19096910027
11 879.676789552 108.554335005 11.7688754431
12 834.654492918 148.638007233 16.7074998483
13 777.311867359 199.289832407 23.3983002343
14 707.451114683 260.297996911 32.2508884061
15 626.77974522 329.588049011 43.6322057693
16 539.150464643 403.060337483 57.7891978737
17 450.000578835 475.219459114 74.7799620514
18 365.061538091 540.494605746 94.4438561629
19 288.938868547 594.634563559 116.426567893
20 224.257206282 635.493810189 140.248983529
21 171.630761159 662.979199941 165.3900389
22 130.207554419 678.437140601 191.35530498
23 98.364979632 683.916806489 217.718213879
24 74.2666152699 681.597999487 244.135385244
25 56.1962976948 673.459157021 270.344545285
26 42.7041482604 661.142262318 296.153589422
27 32.6367641848 645.936233439 321.427002376
28 25.1098053934 628.81732066 346.072873946
29 19.4604004428 610.507667755 370.031931802
30 15.1983767076 591.532771682 393.268851611
31 11.9636171691 572.270756362 415.765626468
32 9.4923309841 552.991006302 437.516662713
33 7.59125636903 533.88357772 458.525165911
34 6.11844628684 515.081037894 478.800515819
35 4.96926992974 496.674357905 498.356372166
36 4.06625950407 478.724437249 517.209303247
37 3.35166072849 461.27056032 535.377778951
38 2.7822448952 444.336281257 552.881473848
39 2.32545443027 427.93380141 569.74074416
40 1.95661169224 412.067137555 585.976250753
41 1.65690231165 396.734407285 601.608690404
42 1.41180165298 381.929608061 616.658590286
43 1.2101593942 367.643645492 631.146195114
44 1.0433249398 353.865317923 645.091357138
45 0.904514690511 340.582023623 658.513461687
46 0.788383954728 327.780231529 671.431384516
47 0.69072206597 315.445807847 683.863470087
48 0.608182302984 303.564308581 695.827509116
49 0.538109730245 292.121156438 707.340733832
50 0.478298939367 281.101898776 718.419802285
51 0.427028458004 270.492145995 729.080825547
52 0.382880587863 260.27775832 739.339361093
53 0.344720134032 250.444852449 749.210427417
54 0.311593114281 240.979897356 758.70850953
55 0.282732425283 231.869690593 767.847576982
56 0.257484603792 223.101422467 776.641092929
57 0.235324187567 214.662640079 785.102035733
58 0.215801981349 206.541288244 793.242909775
59 0.198551929395 198.725689221 801.075758849
60 0.183258881214 191.204554068 808.612187051
61 0.169668614822 183.966958302 815.863373083
62 0.157545758038 177.002385009 822.840069233
63 0.146686118444 170.300694971 829.55261891
64 0.136931525476 163.852038049 836.011030426
65 0.128153149173 157.646957882 842.224888969
66 0.120250203473 151.676363297 848.2033865
67 0.113105549761 145.931428729 853.955465722
68 0.10662851781 140.403680998 859.489690484
69 0.100753838356 135.084995434 864.814250728
70 0.0954088639813 129.967484194 869.937106942
71 0.090531009793 125.043561451 874.865907539
72 0.0860783935217 120.305993522 879.607928084
73 0.0819969497348 115.747683741 884.170319309
74 0.0782523935485 111.361901207 888.5598464
75 0.0748122285318 107.142152022 892.783035749
76 0.0716480924294 103.082180776 896.846171131
77 0.0687313910046 99.1759296086 900.755339
78 0.0660385900615 95.4175979155 904.516363494
79 0.0635464676611 91.8015958071 908.134857725
80 0.0612389941457 88.3225564335 911.616204572
81 0.059101484722 84.9753072539 914.965591261
82 0.0571160230844 81.7548454153 918.188038562
83 0.0552638249417 78.6563400712 921.288396104
84 0.053535919624 75.6751951877 924.271268893
85 0.0519239237125 72.8069845667 927.14109151
86 0.0504203401543 70.0474481057 929.902131554
87 0.0490160688967 67.392471363 932.558512568
88 0.0477024415692 64.8380921766 935.114205382
89 0.0464712978154 62.3804955134 937.573033189
90 0.0453164184079 60.0160191394 939.938664442
91 0.0442323765758 57.741139956 942.214627667
92 0.0432139144938 55.5524642246 944.404321861
93 0.042256228134 53.4467282104 946.511015561
94 0.0413549105216 51.4207919133 948.537853176
95 0.0405059042444 49.471632145 950.487861951
96 0.0397055377622 47.5963411893 952.363953273
97 0.0389504759792 45.7921220431 954.168927481
98 0.0382375790366 44.0562812275 955.905481193
99 0.0375639912706 42.3862280588 957.57620795
100 0.0369271520225 40.7794717089 959.183601139
