Time S I R
1 997 3 0
2 995.462092548 4.39125057716 0.146656875166
3 993.216150402 6.42260916333 0.361240434786
4 989.942261947 9.38283039628 0.674907657049
5 985.182795238 13.6844432416 1.13276152071
6 978.290698439 19.9095941608 1.79970740052
7 968.366767274 28.864890202 2.76834252432
8 954.193175856 41.6377003832 4.16912376114
9 934.183639725 59.6338505607 6.18250971411
10 906.392627547 84.5557615588 9.05161089374
11 868.655413648 118.252920979 13.0916653726
12 818.949727251 162.360739265 18.6895334842
13 756.035165253 217.681353349 26.2834813974
14 680.279023462 283.406738516 36.3142380216
15 594.323526718 356.529440735 49.1470325474
16 503.076135274 431.941657972 64.982206754
17 412.724266629 503.486761974 83.7889713972
18 329.112498135 565.592038737 105.295463128
19 256.323736949 614.634363645 129.041899406
20 196.127679041 649.400795187 154.471525772
21 148.309453817 670.669294403 181.02125178
22 111.426678539 680.387721075 208.185600386
23 83.5422273781 680.910131072 235.54764155
24 62.7184859559 674.497206953 262.784307091
25 47.2659429504 663.076968584 289.657088466
26 35.820961379 648.182060852 315.996977769
27 27.3330372992 630.978000298 341.688962403
28 21.0155323914 612.325967094 366.658500514
29 16.2892600335 592.850075987 390.860663979
30 12.7314846305 572.996680312 414.271835058
31 10.0348509399 553.081586245 436.883562815
32 7.97603552079 533.325885269 458.69807921
33 6.39239199824 513.882559086 479.725048916
34 5.16501380529 494.855742358 499.979243837
35 4.20661546037 476.314499816 519.478884723
36 3.45263504503 458.302943568 538.244421387
37 2.85511454608 440.847185575 556.297699879
38 2.37820318715 423.960451509 573.661345304
39 1.99491668399 407.64676493 590.358318386
40 1.68481198072 391.903585865 606.411602154
41 1.43222360218 376.723806783 621.843969615
42 1.22518243785 362.096968889 636.677848673
43 1.05445354549 348.010345456 650.935200998
44 0.912837698784 334.449722107 664.637440194
45 0.794695641171 321.399917967 677.805386391
46 0.695595325962 308.845164834 690.45923984
47 0.612037177063 296.769401479 702.618561344
48 0.541251124474 285.156482174 714.302266702
49 0.480932461368 273.990456034 725.528611505
50 0.429325463564 263.255444463 736.315230073
51 0.384952670325 252.935929734 746.679117595
52 0.346653994024 243.01668816 756.636657846
53 0.313446992027 233.48292672 766.203626288
54 0.284546930378 224.320239479 775.395213591
55 0.259290088636 215.514671335 784.226038576
56 0.237136801431 207.052689594 792.710173604
57 0.217643529418 198.92120966 800.86114681
58 0.200424993979 191.107592457 808.691982549
59 0.185176596706 183.599618668 816.215204735
60 0.171627815581 176.385519455 823.442852729
61 0.15953609659 169.453982552 830.386481351
62 0.148706563081 162.794052279 837.057241158
63 0.138985048925 156.395175788 843.465839163
64 0.130251576949 150.24724428 849.622504143
65 0.122384213969 144.340484408 855.537131378
66 0.115267920746 138.665476823 861.219255256
67 0.108825101002 133.213220212 866.677954687
68 0.102980582634 127.975022377 871.92199704
69 0.0976577199557 122.942485263 876.959857017
70 0.0928038043352 118.107602596 881.7995936
71 0.0883715581316 113.462661446 886.448966996
72 0.0843090042858 109.000168204 890.915522792
73 0.0805827050328 104.713018385 895.20639891
74 0.077161456588 100.594365365 899.328473178
75 0.0740129043874 96.6375747314 903.288412364
76 0.0711106958872 92.8363062225 907.092583082
77 0.068429046374 89.1844603727 910.747110581
78 0.0659492822668 85.6761875627 914.257863155
79 0.0636555339285 82.3058621542 917.630482312
80 0.0615280155776 79.068048611 920.870423373
81 0.0595458344155 75.9575040334 923.982950132
82 0.0576987309825 72.9692489139 926.973052355
83 0.0559776517867 70.0984982119 929.845524136
84 0.0543745625799 67.3406535523 932.604971885
85 0.0528790797337 64.6912755277 935.255845393
86 0.0514816018995 62.1460968744 937.802421524
87 0.0501730927473 59.701014823 940.248812084
88 0.0489471105506 57.3521004678 942.598952422
89 0.0477975477044 55.0955757412 944.856626711
90 0.0467186890138 52.9278083243 947.025472987
91 0.0457052566056 50.8453108538 949.10898389
92 0.0447524318406 48.844731551 951.110516017
93 0.0438557898108 46.9228489448 953.033295265
94 0.0430113803626 45.0765704491 954.88041817
95 0.0422155297381 43.3029232027 956.654861268
96 0.0414648241073 41.5990497149 958.359485461
97 0.0407562304368 39.9622077647 959.997036005
98 0.0400869347123 38.3897616279 961.570151437
99 0.0394543150329 36.8791778065 963.081367878
100 0.0388560097512 35.4280252419 964.533118748
