Time S I R
1 997 3 0
2 995.462092548 4.39125057715 0.146656875165
3 993.216150402 6.42260916332 0.361240434784
4 989.942261947 9.38283039625 0.674907657045
5 985.182795238 13.6844432416 1.1327615207
6 978.290698439 19.9095941607 1.79970740051
7 968.366767274 28.8648902019 2.7683425243
8 954.193175856 41.637700383 4.16912376111
9 934.183639726 59.6338505602 6.18250971405
10 906.392627548 84.555761558 9.05161089364
11 868.65541365 118.252920978 13.0916653724
12 818.949727253 162.360739263 18.689533484
13 756.035165256 217.681353347 26.2834813971
14 680.279023465 283.406738513 36.3142380211
15 594.323526721 356.529440732 49.1470325468
16 503.076135278 431.941657969 64.9822067531
17 412.724266633 503.486761971 83.7889713962
18 329.112498139 565.592038734 105.295463127
19 256.323736952 614.634363643 129.041899405
20 196.127679043 649.400795186 154.471525771
21 148.309453819 670.669294402 181.021251779
22 111.426678541 680.387721075 208.185600385
23 83.5422273795 680.910131072 235.547641548
24 62.7184859571 674.497206954 262.784307089
25 47.2659429513 663.076968585 289.657088463
26 35.8209613797 648.182060853 315.996977767
27 27.3330372997 630.9780003 341.688962401
28 21.0155323918 612.325967096 366.658500512
29 16.2892600338 592.850075989 390.860663977
30 12.7314846308 572.996680314 414.271835056
31 10.03485094 553.081586247 436.883562813
32 7.97603552093 533.325885271 458.698079208
33 6.39239199835 513.882559088 479.725048914
34 5.16501380538 494.85574236 499.979243835
35 4.20661546044 476.314499818 519.478884721
36 3.45263504508 458.30294357 538.244421384
37 2.85511454613 440.847185577 556.297699877
38 2.37820318719 423.960451512 573.661345301
39 1.99491668402 407.646764932 590.358318384
40 1.68481198074 391.903585867 606.411602152
41 1.4322236022 376.723806785 621.843969613
42 1.22518243787 362.096968892 636.677848671
43 1.05445354551 348.010345458 650.935200996
44 0.912837698796 334.44972211 664.637440192
45 0.794695641181 321.39991797 677.805386389
46 0.695595325971 308.845164836 690.459239838
47 0.612037177071 296.769401481 702.618561342
48 0.54125112448 285.156482176 714.3022667
49 0.480932461373 273.990456036 725.528611503
50 0.429325463568 263.255444465 736.315230071
51 0.384952670328 252.935929736 746.679117594
52 0.346653994028 243.016688162 756.636657844
53 0.31344699203 233.482926722 766.203626286
54 0.284546930381 224.32023948 775.395213589
55 0.259290088639 215.514671337 784.226038574
56 0.237136801433 207.052689596 792.710173602
57 0.21764352942 198.921209662 800.861146809
58 0.200424993981 191.107592459 808.691982547
59 0.185176596707 183.59961867 816.215204733
60 0.171627815583 176.385519457 823.442852728
61 0.159536096591 169.453982554 830.38648135
62 0.148706563082 162.794052281 837.057241156
63 0.138985048926 156.39517579 843.465839161
64 0.13025157695 150.247244282 849.622504141
65 0.12238421397 144.340484409 855.537131377
66 0.115267920747 138.665476824 861.219255255
67 0.108825101002 133.213220213 866.677954686
68 0.102980582634 127.975022379 871.921997039
69 0.0976577199561 122.942485264 876.959857016
70 0.0928038043355 118.107602597 881.799593598
71 0.0883715581318 113.462661447 886.448966995
72 0.0843090042861 109.000168205 890.915522791
73 0.0805827050332 104.713018387 895.206398908
74 0.0771614565881 100.594365366 899.328473177
75 0.0740129043875 96.6375747325 903.288412363
76 0.0711106958873 92.8363062236 907.092583081
77 0.0684290463741 89.1844603737 910.74711058
78 0.065949282267 85.6761875637 914.257863154
79 0.0636555339286 82.3058621552 917.630482311
80 0.0615280155777 79.0680486119 920.870423372
81 0.0595458344154 75.9575040343 923.982950131
82 0.0576987309823 72.9692489148 926.973052354
83 0.0559776517867 70.0984982128 929.845524135
84 0.0543745625798 67.3406535531 932.604971884
85 0.0528790797334 64.6912755286 935.255845392
86 0.0514816018992 62.1460968753 937.802421523
87 0.0501730927472 59.7010148238 940.248812083
88 0.0489471105504 57.3521004686 942.598952421
89 0.0477975477041 55.0955757419 944.85662671
90 0.0467186890136 52.927808325 947.025472986
91 0.0457052566053 50.8453108545 949.108983889
92 0.0447524318403 48.8447315517 951.110516016
93 0.0438557898106 46.9228489455 953.033295265
94 0.0430113803625 45.0765704498 954.88041817
95 0.0422155297379 43.3029232033 956.654861267
96 0.041464824107 41.5990497155 958.35948546
97 0.0407562304365 39.9622077653 959.997036004
98 0.040086934712 38.3897616285 961.570151437
99 0.0394543150326 36.8791778071 963.081367878
100 0.0388560097507 35.4280252424 964.533118748
