Time S I R
1 997 3 0
2 995.46102758 4.39239150279 0.14658091765
3 993.212951059 6.42593999432 0.361108946941
4 989.935116712 9.39010745771 0.674775830465
5 985.168723698 13.6985302424 1.13274605982
6 978.264930331 19.9350407508 1.80002891854
7 968.321888563 28.9087212773 2.76939016013
8 954.118058636 41.7103925632 4.17154880054
9 934.062319623 59.7503285959 6.18735178099
10 906.203589334 84.7359613566 9.0604493096
11 868.372205831 118.521030039 13.1067641298
12 818.544255593 162.74183596 18.7139084467
13 755.484803662 218.194421845 26.3207744925
14 679.576898092 284.05482312 36.3682787877
15 593.487940788 357.290999573 49.2210596391
16 502.152544771 432.769521701 65.0779335287
17 411.775837332 504.318285865 83.9058768037
18 328.202851699 566.366480048 105.430668254
19 255.501284289 615.308022275 129.190693437
20 195.418609303 649.953120541 154.628270156
21 147.719684022 671.100036025 181.180279953
22 110.948376645 680.709766342 208.341857013
23 83.1606406781 681.142356192 235.69700313
24 62.4169193828 674.659428866 262.923651751
25 47.0286129842 663.187172139 289.784214877
26 35.634252102 648.255287597 316.1104603
27 27.1858023852 631.026205762 341.787991853
28 20.8989305713 612.358330024 366.742739405
29 16.1964048354 592.873470431 390.930124733
30 12.6570665852 573.016150331 414.326783084
31 9.97479763367 553.100760237 436.92444213
32 7.92722616915 533.347318463 458.725455368
33 6.35243039049 513.908003095 479.739566515
34 5.1320582351 494.886345906 499.981595859
35 4.17924045398 476.350970927 519.469788619
36 3.42973323004 458.345664075 538.224602695
37 2.83582221991 440.896297479 556.267880301
38 2.36184168103 424.015924678 573.622233641
39 1.98095138288 407.708443871 590.310604746
40 1.67281371589 391.971233434 606.35595285
41 1.42185382419 376.797120289 621.781025887
42 1.21616768431 362.175608378 636.608223937
43 1.04657178417 348.093948262 650.859479953
44 0.905908734774 334.537912659 664.556178607
45 0.788572761523 321.492315884 677.719111354
46 0.690157638366 308.941392454 690.368449908
47 0.607185089356 296.869087672 702.523727238
48 0.536901052086 285.259267064 714.203831884
49 0.477014323618 274.09599245 725.426993227
50 0.425781613295 263.363397819 736.210820568
51 0.381734418965 253.045980786 746.572284795
52 0.343719631447 243.128533989 756.527746379
53 0.310761821884 233.59627953 766.092958648
54 0.282080360006 224.434828715 775.283090925
55 0.257016834913 215.630241117 784.112742048
56 0.23503473717 207.169000308 792.595964955
57 0.215693253504 199.038036576 800.746270171
58 0.198610163634 191.224725553 808.576664283
59 0.183483151091 183.71686164 816.099655209
60 0.170042689555 176.502691025 823.327266285
61 0.15804777109 169.570914761 830.271037468
62 0.147305690367 162.910586534 836.942107775
63 0.137663617533 156.511168218 843.351168164
64 0.129002936799 150.362562977 849.508434086
65 0.121200568132 144.455004225 855.423795207
66 0.114143665009 138.779086336 861.106769999
67 0.1077556562 133.325818991 866.566425353
68 0.101960415613 128.086513484 871.811526101
69 0.0966827745563 123.052784682 876.850532544
70 0.0918707020619 118.21663603 881.691493268
71 0.087476447506 113.570355995 886.342167557
72 0.0834490404945 109.106463368 890.810087592
73 0.0797553440067 104.817860802 895.102383854
74 0.0763641251149 100.6977047 899.225931175
75 0.0732433328371 96.7393677924 903.187388875
76 0.0703667872896 92.9365159271 906.993117286
77 0.0677087862658 89.2830544594 910.649236754
78 0.0652513490555 85.7731401028 914.161608548
79 0.0629782629919 82.4011496439 917.535872093
80 0.0608696460073 79.1616503685 920.777479985
81 0.058904904256 76.0494046433 923.891690452
82 0.0570743992275 73.0594399781 926.883485623
83 0.0553689839669 70.1869734411 929.757657575
84 0.0537806105625 67.4274091324 932.518810257
85 0.0522988019998 64.7763095055 935.171391692
86 0.050914073188 62.2294102792 937.719675648
87 0.0496174962474 59.782611536 940.167770968
88 0.0484027708748 57.4319872526 942.519609977
89 0.047263791715 55.1737610303 944.778975178
90 0.046194888136 53.0043025392 946.949502573
91 0.045190824372 50.9201263128 949.034682863
92 0.0442468227119 48.9178820699 951.037871107
93 0.0433584974298 46.9943498678 952.962291635
94 0.0425219357855 45.1464385552 954.811039509
95 0.0417334897846 43.371176341 956.587090169
96 0.0409897765238 41.6657069021 958.293303321
97 0.0402877945485 40.0272891425 959.932423063
98 0.0396247497565 38.4532880475 961.507087203
99 0.038998044645 36.9411709877 963.019830968
100 0.0384053401337 35.488507679 964.473086981
