Time S I R
1 997 3 0
2 995.45764224 4.39561962348 0.146738136298
3 993.202979903 6.43536637091 0.361653726574
4 989.913179114 9.4107047062 0.676116179412
5 985.126017891 13.7384032828 1.13557882635
6 978.187434127 20.0070559087 1.80550996406
7 968.187896086 29.0327169832 2.77938693062
8 953.895114868 41.9158857865 4.18899934582
9 933.704049585 60.0792070872 6.21674332822
10 905.647790145 85.243817148 9.1083927065
11 867.542901393 119.274538751 13.1825598561
12 817.361617394 163.808515688 18.8298669178
13 753.886109092 219.621985776 26.491905132
14 677.546344825 285.842717667 36.6109375087
15 591.083246243 359.366325181 49.550428576
16 499.50918267 434.985940638 65.5048766918
17 409.078075108 506.48756142 84.4343634727
18 325.633088191 568.309974216 106.056937593
19 253.195357714 616.900185869 129.904456417
20 193.447004421 651.137792269 155.41520331
21 146.094581359 671.880737065 182.024681576
22 109.643326227 681.128010774 209.228662999
23 82.1304924555 681.256573518 236.612934027
24 61.6120492612 674.530311947 263.857638792
25 46.4028707026 662.869762251 290.727367047
26 35.1483045622 647.795883001 317.055812436
27 26.8077812856 630.462042799 342.730175915
28 20.6037962432 611.718538148 367.677665608
29 15.9648341709 592.180462842 391.854702987
30 12.474297467 572.287006921 415.238695612
31 9.82961313302 552.348421296 437.821965571
32 7.81111168799 532.58156727 459.607321042
33 6.25891247347 513.136233039 480.604854488
34 5.05621170147 494.114131938 500.82965636
35 4.11729122744 475.582530324 520.300178449
36 3.37878027939 457.584179518 539.037040203
37 2.79362741939 440.144161943 557.062210638
38 2.32666529246 423.274934098 574.39840061
39 1.95143893482 406.979930142 591.068630923
40 1.64788762949 391.256191708 607.095920662
41 1.40067490477 376.096255751 622.503069344
42 1.19806772838 361.489416098 637.312516173
43 1.03101186036 347.422763371 651.546224769
44 0.892456863606 333.881938127 665.225605009
45 0.776881452791 320.851649562 678.371468985
46 0.679944535625 308.316051106 691.004004358
47 0.598219930277 296.259023296 703.142756774
48 0.528991061331 284.664384906 714.806624033
49 0.470001824342 273.516154643 726.013843532
50 0.419536885176 262.798432459 736.782030656
51 0.376150836997 252.495688593 747.12816057
52 0.338704866903 242.592699032 757.068596101
53 0.30624167807 233.074665748 766.619092574
54 0.277988481124 223.927192138 775.794819381
55 0.253300074072 215.136324128 784.610375798
56 0.231646573509 206.688540248 793.079813178
57 0.212593248498 198.570764622 801.216642129
58 0.195764970218 190.770369036 809.033865994
59 0.180864370594 183.275144405 816.543991224
60 0.167623353924 176.07334014 823.759036506
61 0.155804387401 169.153657227 830.690538385
62 0.145220011068 162.505141342 837.349638647
63 0.135720477929 156.117263801 843.747015721
64 0.127189993972 149.979931031 849.892878975
65 0.119501928735 144.083368254 855.797129817
66 0.112548948779 138.418182242 861.469268809
67 0.106256638185 132.975388873 866.918354489
68 0.100546086092 127.746288395 872.153165519
69 0.0953457333402 122.722510715 877.182143551
70 0.0906083811869 117.896091602 882.013300017
71 0.086274650889 113.25923341 886.65449194
72 0.0823061510424 108.804546534 891.113147315
73 0.0786670385882 104.524915181 895.39641778
74 0.0753255651957 100.413488855 899.511185579
75 0.0722505708411 96.463650546 903.464098883
76 0.0694160486311 92.6690707746 907.261513177
77 0.0667965395797 89.0236588934 910.909544567
78 0.0643755205024 85.5215791896 914.41404529
79 0.0621358628608 82.1572077083 917.780656429
80 0.0600573040074 78.9251122614 921.014830435
81 0.0581202093805 75.8200647372 924.121815053
82 0.05631606068 72.8371031839 927.106580755
83 0.0546355758395 69.9714470503 929.973917374
84 0.0530705488105 67.2185028576 932.728426594
85 0.0516103095348 64.5738353461 935.374554344
86 0.0502455386638 62.0331847264 937.916569735
87 0.0489675910466 59.5924566391 940.35857577
88 0.0477704152596 57.247730281 942.704499304
89 0.0466478955294 54.9952324584 944.958119646
90 0.0455944369589 52.8313372398 947.123068323
91 0.0446048738503 50.7525633903 949.202831736
92 0.0436744947447 48.755564286 951.200761219
93 0.0427989872269 46.8371241997 953.120076813
94 0.0419744994776 44.9941559536 954.963869547
95 0.0411974205473 43.2236911465 956.735111433
96 0.0404644274657 41.5228775705 958.436658002
97 0.0397725711124 39.8889780254 960.071249404
98 0.0391190855257 38.3193606451 961.641520269
99 0.038501418317 36.8114967612 963.15000182
100 0.0379172654042 35.362959606 964.599123129
