Time S I R
1 997 3 0
2 995.466540105 4.38687708037 0.146582814493
3 993.229303665 6.40985145056 0.360844884931
4 989.971285336 9.35498177009 0.673732893945
5 985.239413645 13.6305832755 1.13000307902
6 978.393596356 19.8123997637 1.79400388059
7 968.544876714 28.6976612067 2.75746207928
8 954.489779545 41.3607037371 4.14951671753
9 934.660648066 59.1906414188 6.14871051483
10 907.133244403 83.8712365837 8.99551901362
11 869.7616459 117.236516959 13.0018371409
12 820.529559655 160.91965411 18.5507862356
13 758.175056765 215.747641415 26.0773018201
14 683.004231678 280.975245871 36.0205224509
15 597.561790644 353.69088027 48.7473290859
16 506.650124682 428.886108267 64.4637670515
17 416.388212377 500.463714308 83.1480733142
18 332.619214276 562.84232644 104.538459284
19 259.485610712 612.330803429 128.183585859
20 198.844024382 647.624184013 153.531791605
21 150.558827882 669.419655693 180.021516425
22 113.241262042 679.612623245 207.146114713
23 84.9809782995 680.533048265 234.485973435
24 63.8476038988 674.437586649 261.714809452
25 48.1476976208 663.26130969 288.590992689
26 36.5088346596 648.548383442 314.942781899
27 27.8706185076 631.476462248 340.652919245
28 21.4372348154 612.917681016 365.645084169
29 16.6217528095 593.505271894 389.872975297
30 12.9952210626 573.692847818 413.311931119
31 10.2454289514 553.801857481 435.952713568
32 8.14533847567 534.057693334 457.79696819
33 6.5294781218 514.616598474 478.853923404
34 5.27680756218 495.585163409 499.138029029
35 4.29843619526 477.034293002 518.667270802
36 3.52858588753 459.009486956 537.461927156
37 2.91837264705 441.537906915 555.543720438
38 2.43124656609 424.633563516 572.935189918
39 2.03968300957 408.301080072 589.659236918
40 1.72284478754 392.538346169 605.738809043
41 1.46472915529 377.338616955 621.196653889
42 1.2531314732 362.691678178 636.055190348
43 1.07862567818 348.584995474 650.336378848
44 0.933860972531 335.004500566 664.061638461
45 0.813076928211 321.93512407 677.251799002
46 0.711750462144 309.361174287 689.927075251
47 0.626305314711 297.266650051 702.107044634
48 0.553913721974 285.635444123 713.810642155
49 0.492226949897 274.451628955 725.056144096
50 0.439442027541 263.69935363 735.861204342
51 0.394053295884 253.363106476 746.242840228
52 0.354874690037 243.427667953 756.217457357
53 0.320901448463 233.878245454 765.800853097
54 0.291334003446 224.700425589 775.008240408
55 0.265490836989 215.880250108 783.854259055
56 0.242821515071 207.404174717 792.353003768
57 0.222874433294 199.259105017 800.51802055
58 0.205253350676 191.43238992 808.36235673
59 0.189645681934 183.911800169 815.898554149
60 0.175778668101 176.68554781 823.138673522
61 0.163405117627 169.742304187 830.094290695
62 0.152322363913 163.071114651 836.776562985
63 0.142371924891 156.661400854 843.196227221
64 0.133428368246 150.503035702 849.36353593
65 0.125375594293 144.586249558 855.288374848
66 0.11809075322 138.901596313 860.980312934
67 0.111492502018 133.440055197 866.448452301
68 0.105508992512 128.192940015 871.701550993
69 0.100059561275 123.151828586 876.748111853
70 0.0950887909612 118.30869433 881.596216879
71 0.0905508637301 113.655831654 886.253617482
72 0.0863910123708 109.185721391 890.727887597
73 0.082574742795 104.89124516 895.026180097
74 0.0790707042225 100.765553189 899.155376107
75 0.0758460288234 96.8020012115 903.12215276
76 0.0728736436772 92.99423449 906.932891866
77 0.0701278432982 89.336145724 910.593726433
78 0.0675872838449 85.8218692458 914.11054347
79 0.0652373619145 82.4457774619 917.488985176
80 0.0630587292153 79.2024310393 920.734510232
81 0.0610301178373 76.0865779434 923.852391939
82 0.0591386113285 73.0932148106 926.847646578
83 0.0573756450153 70.2175537504 929.725070605
84 0.0557330200503 67.4549892724 932.489277708
85 0.0542009896812 64.8010800003 935.14471901
86 0.0527695349078 62.2515502054 937.69568026
87 0.0514294193034 59.8022900313 940.146280549
88 0.0501735875267 57.4493606961 942.500465716
89 0.0489960022941 55.1889796422 944.762024356
90 0.047890814436 53.01750836 946.934600826
91 0.0468526415274 50.9314529768 949.021694382
92 0.0458765470456 48.9274565219 951.026666931
93 0.0449580017291 47.002292027 952.952749971
94 0.0440929396995 45.1528610948 954.803045965
95 0.0432776238252 43.3761864146 956.580535962
96 0.0425085602177 41.6694055903 958.28808585
97 0.0417826135063 40.0297708438 959.928446543
98 0.041096924164 38.4546427133 961.504260363
99 0.0404488047255 36.9414831939 963.018068001
100 0.0398358260345 35.4878564998 964.472307674
