Time S I R
1 997 3 0
2 995.502845339 4.35657108817 0.14058357257
3 993.333512632 6.32182679106 0.344660576641
4 990.195694991 9.1636685698 0.640636439673
5 985.668468382 13.262205697 1.06932592123
6 979.160359336 19.1505900909 1.6890505729
7 969.853445195 27.5640734689 2.58248133597
8 956.643103883 39.4914356624 3.86546045469
9 938.089468972 56.2129167108 5.69761431737
10 912.414353362 79.2919575313 8.29368910682
11 877.602099066 110.465089798 11.9328111359
12 831.682337399 151.357304555 16.9603580457
13 773.255806289 202.969711684 23.7744820273
14 702.221005899 264.990022494 32.7889716071
15 620.456037434 335.174292864 44.3696697017
16 532.019271811 409.225602408 58.7551257807
17 442.511154986 481.500741047 75.9881039671
18 357.71324348 546.397730375 95.8890261441
19 282.154173834 599.75986811 118.085958056
20 218.303335818 639.609210212 142.08745397
21 166.610355356 666.022787993 167.366856651
22 126.097217798 680.472828132 193.42995407
23 95.0676866584 685.078143184 219.854170157
24 71.6557018786 682.042429145 246.301868977
25 54.1438324372 673.33932972 272.516837843
26 41.0954224997 660.592041382 298.312536118
27 31.3755641127 645.066258354 323.558177533
28 24.1186003973 627.71571158 348.165688022
29 18.6782161888 609.242971562 372.078812249
30 14.5779539447 590.157491453 395.264554602
31 11.4685910487 570.824726721 417.70668223
32 9.09484565482 551.504210457 439.400943888
33 7.26997383077 532.378474831 460.351551338
34 5.85699519912 513.574368314 480.568636487
35 4.75507706941 495.178501174 500.066421757
36 3.8895898656 477.248526119 518.861884015
37 3.2049618945 459.821241828 536.973796277
38 2.65963674757 442.918309537 554.422053716
39 2.22232395177 426.550509376 571.227166673
40 1.86933621201 410.720759031 587.409904757
41 1.58257230301 395.426398557 602.99102914
42 1.34813554268 380.660748483 617.991115974
43 1.15532100544 366.414249187 632.430429808
44 0.995824596439 352.675349185 646.328826218
45 0.863149391885 339.43116724 659.705683368
46 0.752180276239 326.667957658 672.579862066
47 0.658877848068 314.371439728 684.969682424
48 0.580040876747 302.527052146 696.892906977
49 0.51312704442 291.120137677 708.366735279
50 0.456009037551 280.136202517 719.407788446
51 0.40706458383 269.560790569 730.032144847
52 0.364922492489 259.379755654 740.255321853
53 0.328505294101 249.579194355 750.092300351
54 0.296894475684 240.145580038 759.557525487
55 0.269359185668 231.065712898 768.664927916
56 0.245273314311 222.326794353 777.427932333
57 0.224135988797 213.916384366 785.859479645
58 0.205518379097 205.822445434 793.972036187
59 0.189068086006 198.033321993 801.777609921
60 0.17449036383 190.537738889 809.287770747
61 0.161535303558 183.324804692 816.513660005
62 0.149974323428 176.384036693 823.465988984
63 0.139617351979 169.705296691 830.155085957
64 0.130316987818 163.278765268 836.590917744
65 0.121954692163 157.095027179 842.783018129
66 0.114426527544 151.144998861 848.740574612
67 0.107616591722 145.419876059 854.472507349
68 0.101447294805 139.911232646 859.987320059
69 0.0958536300875 134.610955684 865.293190686
70 0.0907602355782 129.511162923 870.398076841
71 0.0861139786005 124.604321485 875.309564536
72 0.081873039732 119.883202079 880.034924881
73 0.0779858499543 115.340735244 884.581278906
74 0.0744198793484 110.97021269 888.955367431
75 0.0711458150582 106.76517342 893.163680765
76 0.0681333546576 102.719347919 897.212518727
77 0.0653569058452 98.826720773 901.107922321
78 0.0627928346872 95.0815072625 904.855699903
79 0.0604201120324 91.4781388368 908.461441051
80 0.0582254489304 88.0112690743 911.930505477
81 0.0561914128313 84.6757266649 915.268081922
82 0.054298616022 81.466512345 918.479189039
83 0.0525346332487 78.3788480771 921.56861729
84 0.0508920257147 75.4081588303 924.540949144
85 0.0493603550506 72.550016806 927.400622839
86 0.0479297682183 69.8001581495 930.151912082
87 0.046592640434 67.1544895197 932.79891784
88 0.045341742911 64.6090691306 935.345589127
89 0.0441700029949 62.1600994903 937.795730507
90 0.0430709412161 59.8039260186 940.15300304
91 0.0420394749045 57.5370400507 942.420920474
92 0.0410705292928 55.3560600005 944.60286947
93 0.0401593445835 53.2577298114 946.702110844
94 0.0393015950183 51.2389169332 948.721781472
95 0.0384937363272 49.2966153714 950.664890892
96 0.0377322119019 47.427925692 952.534342096
97 0.0370137241449 45.6300567395 954.332929536
98 0.036335426675 43.9003291052 956.063335468
99 0.0356946582688 42.2361630592 957.728142283
100 0.0350888895204 40.6350734757 959.329837635
