Time S I R
1 997 3 0
2 995.462094182 4.39124179557 0.146664022757
3 993.216158902 6.42258348626 0.361257611523
4 989.942286951 9.38277418115 0.674938867863
5 985.182853577 13.6843341162 1.13281230643
6 978.290818316 19.9093962993 1.79978538439
7 968.366994204 28.8645476718 2.76845812412
8 954.193580462 41.6371284393 4.16929109863
9 934.184326603 59.6329256487 6.18274774866
10 906.393742495 84.5543127063 9.05194479861
11 868.657143365 118.250728478 13.0921281576
12 818.952282087 162.357550073 18.6901678401
13 756.038735591 217.676922752 26.2843416574
14 680.283710421 283.400897672 36.3153919075
15 594.329270239 356.52216782 49.1485619408
16 503.082683546 431.933110218 64.984206236
17 412.731220451 503.477236161 83.7915433879
18 329.119416815 565.581873547 105.298709638
19 256.330248457 614.623839288 129.045912255
20 196.133542644 649.390079228 154.476378128
21 148.314563955 670.658442862 181.026993183
22 111.431032542 680.376711713 208.192255746
23 83.5458842916 680.898902494 235.555213214
24 62.7215327643 674.485688649 262.792778587
25 47.2684726729 663.065098581 289.666428746
26 35.8230612678 648.169793538 316.007145194
27 27.3347838015 630.965308062 341.699908137
28 21.0169899219 612.312838839 366.670171239
29 16.2904816772 592.836514343 390.87300398
30 12.7325135871 572.982698638 414.284787775
31 10.0357221261 553.067205901 436.897071973
32 7.97677709211 533.311133286 458.712089622
33 6.3930266716 513.867466282 479.739507046
34 5.16555991232 494.840341916 499.994098172
35 4.207087865 476.298826116 519.494086019
36 3.4530458338 458.287031358 538.259922809
37 2.85547357566 440.831069353 556.313457072
38 2.3785185372 423.944165053 573.67731641
39 1.99519499473 407.630340975 590.37446403
40 1.68505876954 391.887055835 606.427885395
41 1.43244342229 376.7072007 621.860355878
42 1.22537909509 362.08031523 636.694305675
43 1.05463022955 347.993671107 650.951698663
44 0.912997089811 334.433052351 664.65395056
45 0.794839999284 321.383276486 677.821883515
46 0.695726568655 308.828573728 690.475699703
47 0.612156934052 296.752881305 702.634961761
48 0.541360790774 285.140051986 714.318587223
49 0.481033238615 273.974133435 725.544833327
50 0.429418377378 263.239245674 736.331335948
51 0.385038608266 252.919869644 746.695091748
52 0.346733724755 243.000780388 756.652485887
53 0.313521181915 233.467183681 766.219295138
54 0.284616162877 224.304672435 775.410711402
55 0.259354872442 215.499290469 784.241354658
56 0.237197583166 207.037504059 792.725298357
57 0.217700702269 198.906227643 800.876071655
58 0.200478904101 191.092821231 808.706699865
59 0.185227551115 183.585064648 816.229707801
60 0.171676087415 176.371188244 823.457135668
61 0.159581928243 169.439879004 830.400539067
62 0.148750166821 162.780180546 837.071069287
63 0.139026613364 156.381539343 843.479434044
64 0.130291271047 150.233845983 849.635862746
65 0.122422200445 144.327326562 855.550251238
66 0.1153043357 138.652561164 861.232134501
67 0.108860065275 133.200547972 866.690591962
68 0.103014217027 127.96259437 871.934391413
69 0.0976901252263 122.930301825 876.97200805
70 0.0928350702526 118.095663657 881.811501273
71 0.0884017740032 113.450966626 886.4606316
72 0.0843382445188 108.988716722 890.926945034
73 0.0806110377721 104.701809151 895.217579811
74 0.0771889469588 100.583397036 899.339414017
75 0.0740396112475 96.6268456822 903.299114707
76 0.0711366735434 92.8258145816 907.103048745
77 0.0684543458672 89.1742040531 910.757341601
78 0.0659739442094 85.6661642599 914.267861796
79 0.0636796019061 82.2960694102 917.640250988
80 0.0615515324479 79.0584838172 920.87996465
81 0.0595688371532 75.9481644096 923.992266753
82 0.0577212463505 72.9601315001 926.982147254
83 0.0559997077354 70.0895999572 929.854400335
84 0.0543961871685 67.3319713192 932.613632494
85 0.0529003008515 64.6828060988 935.2642936
86 0.0515024444954 62.1378369452 937.81066061
87 0.0501935792347 59.6929610139 940.256845407
88 0.0489672610211 57.3442493362 942.606783403
89 0.0478173815079 55.0879238023 944.864258816
90 0.0467382243421 52.9203520549 947.032909721
91 0.0457245104116 50.8380466987 949.116228791
92 0.0447714199387 48.8376559332 951.117572647
93 0.0438745269814 46.9159582719 953.040167201
94 0.0430298804167 45.0698611191 954.887109
95 0.0422338056468 43.2963916116 956.661374583
96 0.0414828880298 41.5926922617 958.36582485
97 0.0407740937593 39.956020856 960.00320505
98 0.0401046081421 38.3837416845 961.576153707
99 0.0394718086299 36.8733212667 963.087206925
100 0.0388733329577 35.4223285651 964.538798102
