Time S I R
1 997 3 0
2 995.466540105 4.38687708042 0.1465828145
3 993.229303664 6.40985145068 0.360844884951
4 989.971285336 9.35498177037 0.673732893986
5 985.239413645 13.630583276 1.1300030791
6 978.393596355 19.8123997646 1.79400388073
7 968.544876712 28.6976612083 2.75746207951
8 954.489779542 41.3607037399 4.1495167179
9 934.660648061 59.1906414232 6.14871051543
10 907.133244395 83.8712365904 8.99551901457
11 869.761645889 117.236516969 13.0018371423
12 820.529559639 160.919654124 18.5507862378
13 758.175056743 215.747641433 26.0773018233
14 683.00423165 280.975245895 36.0205224554
15 597.561790611 353.690880297 48.7473290919
16 506.650124645 428.886108295 64.4637670593
17 416.38821234 500.463714336 83.148073324
18 332.619214241 562.842326463 104.538459296
19 259.48561068 612.330803447 128.183585873
20 198.844024355 647.624184024 153.531791621
21 150.55882786 669.419655698 180.021516442
22 113.241262024 679.612623245 207.146114731
23 84.9809782858 680.53304826 234.485973455
24 63.8476038882 674.43758664 261.714809472
25 48.1476976126 663.261309677 288.59099271
26 36.5088346533 648.548383427 314.94278192
27 27.8706185028 631.476462231 340.652919266
28 21.4372348118 612.917680997 365.645084191
29 16.6217528066 593.505271874 389.87297532
30 12.9952210604 573.692847798 413.311931142
31 10.2454289497 553.80185746 435.952713591
32 8.14533847433 534.057693313 457.796968213
33 6.52947812075 514.616598452 478.853923427
34 5.27680756134 495.585163386 499.138029052
35 4.2984361946 477.03429298 518.667270825
36 3.528585887 459.009486934 537.461927179
37 2.91837264662 441.537906892 555.543720461
38 2.43124656574 424.633563494 572.935189941
39 2.03968300929 408.30108005 589.659236941
40 1.72284478731 392.538346147 605.738809066
41 1.4647291551 377.338616933 621.196653912
42 1.25313147305 362.691678157 636.05519037
43 1.07862567805 348.584995452 650.33637887
44 0.933860972425 335.004500545 664.061638483
45 0.813076928123 321.935124049 677.251799023
46 0.71175046207 309.361174266 689.927075272
47 0.626305314649 297.266650031 702.107044655
48 0.553913721923 285.635444103 713.810642175
49 0.492226949854 274.451628935 725.056144115
50 0.439442027504 263.699353611 735.861204362
51 0.394053295854 253.363106457 746.242840248
52 0.354874690011 243.427667934 756.217457376
53 0.320901448441 233.878245435 765.800853116
54 0.291334003428 224.700425571 775.008240426
55 0.265490836974 215.88025009 783.854259073
56 0.242821515059 207.4041747 792.353003785
57 0.222874433284 199.259104999 800.518020567
58 0.205253350667 191.432389903 808.362356747
59 0.189645681927 183.911800152 815.898554166
60 0.175778668095 176.685547794 823.138673538
61 0.163405117623 169.742304171 830.094290711
62 0.15232236391 163.071114636 836.776563
63 0.142371924889 156.661400839 843.196227236
64 0.133428368244 150.503035687 849.363535945
65 0.125375594291 144.586249543 855.288374862
66 0.118090753219 138.901596299 860.980312948
67 0.111492502018 133.440055184 866.448452314
68 0.105508992513 128.192940001 871.701551006
69 0.100059561276 123.151828572 876.748111866
70 0.0950887909622 118.308694317 881.596216892
71 0.0905508637316 113.655831641 886.253617495
72 0.0863910123726 109.185721379 890.727887609
73 0.082574742797 104.891245148 895.026180109
74 0.0790707042248 100.765553177 899.155376119
75 0.0758460288258 96.8020012 903.122152771
76 0.0728736436797 92.9942344788 906.932891878
77 0.070127843301 89.3361457131 910.593726444
78 0.0675872838475 85.8218692352 914.110543481
79 0.0652373619172 82.4457774515 917.488985187
80 0.0630587292181 79.2024310292 920.734510242
81 0.0610301178403 76.0865779336 923.852391949
82 0.0591386113317 73.0932148011 926.847646588
83 0.0573756450185 70.2175537411 929.725070614
84 0.0557330200537 67.4549892633 932.489277717
85 0.0542009896845 64.8010799915 935.144719019
86 0.0527695349112 62.2515501968 937.695680268
87 0.0514294193068 59.8022900229 940.146280558
88 0.0501735875303 57.4493606879 942.500465725
89 0.0489960022977 55.1889796343 944.762024363
90 0.0478908144397 53.0175083524 946.934600833
91 0.0468526415311 50.9314529693 949.021694389
92 0.0458765470495 48.9274565146 951.026666938
93 0.0449580017331 47.00229202 952.952749978
94 0.0440929397034 45.152861088 954.803045972
95 0.0432776238291 43.376186408 956.580535968
96 0.0425085602217 41.6694055838 958.288085856
97 0.0417826135102 40.0297708375 959.928446549
98 0.0410969241682 38.4546427072 961.504260369
99 0.0404488047296 36.9414831879 963.018068007
100 0.0398358260387 35.4878564941 964.47230768
