Time S I R
1 997 3 0
2 995.462092548 4.39125057715 0.146656875166
3 993.216150402 6.42260916332 0.361240434786
4 989.942261947 9.38283039625 0.674907657049
5 985.182795238 13.6844432416 1.13276152071
6 978.290698439 19.9095941607 1.79970740052
7 968.366767274 28.8648902019 2.76834252432
8 954.193175856 41.6377003829 4.16912376113
9 934.183639726 59.6338505602 6.18250971408
10 906.392627548 84.555761558 9.05161089369
11 868.655413649 118.252920978 13.0916653725
12 818.949727253 162.360739263 18.6895334841
13 756.035165256 217.681353347 26.2834813972
14 680.279023465 283.406738513 36.3142380213
15 594.323526721 356.529440732 49.1470325471
16 503.076135278 431.941657969 64.9822067535
17 412.724266633 503.48676197 83.7889713966
18 329.112498139 565.592038734 105.295463127
19 256.323736952 614.634363642 129.041899405
20 196.127679044 649.400795185 154.471525772
21 148.309453819 670.669294401 181.02125178
22 111.426678541 680.387721074 208.185600385
23 83.5422273797 680.910131071 235.547641549
24 62.7184859572 674.497206953 262.78430709
25 47.2659429514 663.076968584 289.657088465
26 35.8209613798 648.182060852 315.996977768
27 27.3330372998 630.978000298 341.688962402
28 21.0155323919 612.325967095 366.658500513
29 16.2892600339 592.850075988 390.860663979
30 12.7314846308 572.996680312 414.271835057
31 10.0348509401 553.081586246 436.883562814
32 7.97603552098 533.325885269 458.69807921
33 6.3923919984 513.882559086 479.725048915
34 5.16501380542 494.855742358 499.979243836
35 4.20661546048 476.314499817 519.478884723
36 3.45263504511 458.302943569 538.244421386
37 2.85511454615 440.847185575 556.297699879
38 2.37820318722 423.96045151 573.661345303
39 1.99491668404 407.64676493 590.358318386
40 1.68481198076 391.903585865 606.411602154
41 1.43222360222 376.723806783 621.843969615
42 1.22518243788 362.09696889 636.677848673
43 1.05445354552 348.010345456 650.935200998
44 0.91283769881 334.449722108 664.637440194
45 0.794695641193 321.399917968 677.805386391
46 0.695595325982 308.845164834 690.45923984
47 0.612037177081 296.769401479 702.618561344
48 0.541251124489 285.156482174 714.302266702
49 0.480932461382 273.990456034 725.528611505
50 0.429325463577 263.255444463 736.315230073
51 0.384952670336 252.935929734 746.679117595
52 0.346653994035 243.01668816 756.636657846
53 0.313446992036 233.48292672 766.203626288
54 0.284546930387 224.320239479 775.395213591
55 0.259290088644 215.514671335 784.226038576
56 0.237136801438 207.052689594 792.710173604
57 0.217643529425 198.92120966 800.861146811
58 0.200424993985 191.107592457 808.691982549
59 0.185176596712 183.599618668 816.215204735
60 0.171627815587 176.385519455 823.442852729
61 0.159536096595 169.453982552 830.386481351
62 0.148706563087 162.794052279 837.057241158
63 0.13898504893 156.395175788 843.465839163
64 0.130251576953 150.24724428 849.622504143
65 0.122384213973 144.340484408 855.537131378
66 0.11526792075 138.665476823 861.219255257
67 0.108825101005 133.213220211 866.677954688
68 0.102980582637 127.975022377 871.92199704
69 0.0976577199589 122.942485263 876.959857017
70 0.0928038043381 118.107602596 881.7995936
71 0.0883715581344 113.462661446 886.448966996
72 0.0843090042887 109.000168203 890.915522792
73 0.0805827050356 104.713018385 895.20639891
74 0.0771614565904 100.594365365 899.328473178
75 0.0740129043895 96.6375747313 903.288412364
76 0.0711106958894 92.8363062224 907.092583082
77 0.0684290463762 89.1844603726 910.747110581
78 0.0659492822688 85.6761875626 914.257863155
79 0.0636555339303 82.3058621541 917.630482312
80 0.0615280155795 79.0680486109 920.870423374
81 0.0595458344175 75.9575040333 923.982950132
82 0.0576987309844 72.9692489137 926.973052355
83 0.0559776517887 70.0984982118 929.845524136
84 0.0543745625818 67.3406535521 932.604971885
85 0.0528790797352 64.6912755276 935.255845393
86 0.0514816019012 62.1460968743 937.802421524
87 0.050173092749 59.7010148229 940.248812084
88 0.0489471105523 57.3521004677 942.598952422
89 0.0477975477058 55.0955757411 944.856626711
90 0.0467186890154 52.9278083242 947.025472987
91 0.0457052566071 50.8453108537 949.10898389
92 0.044752431842 48.8447315509 951.110516017
93 0.0438557898121 46.9228489447 953.033295265
94 0.043011380364 45.076570449 954.880418171
95 0.0422155297395 43.3029232026 956.654861268
96 0.0414648241085 41.5990497148 958.359485461
97 0.0407562304381 39.9622077646 959.997036005
98 0.0400869347137 38.3897616278 961.570151437
99 0.0394543150342 36.8791778064 963.081367879
100 0.0388560097523 35.4280252418 964.533118748
