Time S I R
1 997 3 0
2 995.46198276 4.39135246538 0.146664774469
3 993.215828655 6.42290648524 0.361264859307
4 989.941556929 9.38347962039 0.674963450171
5 985.181427321 13.6856991644 1.13287351485
6 978.288222951 19.9118608946 1.79991615431
7 968.362496937 28.8687902669 2.76871279571
8 954.186084359 41.644159131 4.16975650963
9 934.172262049 59.6441798787 6.18355807272
10 906.374999934 84.5717006984 9.05329936742
11 868.62913784 118.27655324 13.0943089198
12 818.912281472 162.39416969 18.6935488385
13 755.984562193 217.726059667 26.2893781399
14 680.214749188 283.4626749 36.3225759122
15 594.24738445 356.594275108 49.158340442
16 502.992391581 432.010728612 64.9968798077
17 412.638750583 503.554064954 83.8071844631
18 329.031003497 565.651857675 105.317138828
19 256.250598097 614.682659932 129.066741972
20 196.065159488 649.435742194 154.499098318
21 148.257958334 670.690980578 181.051061088
22 111.385373796 680.397463262 208.217162942
23 83.5096773405 680.909800154 235.580522505
24 62.6931075674 674.488756225 262.818136207
25 47.2462622637 663.062176684 289.691561053
26 35.8057217552 648.162430053 316.031848192
27 27.3212207985 630.954744484 341.724034718
28 21.0063397828 612.300041104 366.693619113
29 16.2820751481 592.822219591 390.895705261
30 12.7258373979 572.967462044 414.306700558
31 10.0303847394 553.051441471 436.91817379
32 7.97248016243 533.295147489 458.732372349
33 6.38954245307 513.851484492 479.758973055
34 5.16271442356 494.824528058 500.012757518
35 4.20474727666 476.283298529 519.511954194
36 3.45110684112 458.271873998 538.27701916
37 2.85385613028 440.816340253 556.329803617
38 2.37716015096 423.929902957 573.692936892
39 1.99404677745 407.616569951 590.389383272
40 1.68408171161 391.873789582 606.442128706
41 1.431607 376.694444177 621.873948823
42 1.22465879093 362.068067518 636.707273691
43 1.05400627589 347.981926865 650.964066859
44 0.912453554155 334.421802868 664.665743578
45 0.794364006292 321.372510552 677.833125442
46 0.695307569985 308.818278465 690.486413965
47 0.611786304981 296.743042614 702.645171081
48 0.541031334781 285.130655091 714.328313574
49 0.480738944563 273.965163135 725.55409792
50 0.42915436202 263.230686382 736.340159256
51 0.384800760497 252.91170577 746.703493469
52 0.346518544395 242.992996498 756.660484958
53 0.313325780361 233.459764469 766.22690975
54 0.284437995444 224.297603005 775.417959
55 0.259191866354 215.492556147 784.248251987
56 0.237047926962 207.031090635 792.731861438
57 0.217562807376 198.900121295 800.882315898
58 0.200351451944 191.087008577 808.712639971
59 0.185109420004 183.579532699 816.235357881
60 0.171566219412 176.365924615 823.462509166
61 0.159479391073 169.434871804 830.405648805
62 0.148654223436 162.775418002 837.075927774
63 0.138936639662 156.37701042 843.484052941
64 0.130206768145 150.229540167 849.640253065
65 0.122342534406 144.323233358 855.554424108
66 0.11522907501 138.648670842 861.236100083
67 0.108788871903 133.196851362 866.694359766
68 0.102946647849 127.959082138 871.937971215
69 0.0976258707335 122.92696543 876.9754087
70 0.0927738796173 118.092495089 881.814731031
71 0.0883433485477 113.447957663 886.463698988
72 0.0842823706391 108.985859938 890.929857691
73 0.0805575269853 104.699097503 895.22034497
74 0.077137606439 100.580823513 899.34203888
75 0.0739902702353 96.6244036596 903.30160607
76 0.0710891754619 92.8234977917 907.105413033
77 0.0684085371204 89.1720064701 910.759584993
78 0.065929734747 85.6640802735 914.269989992
79 0.063636868255 82.2940934763 917.642269655
80 0.0615101402067 79.0566105074 920.881879352
81 0.0595286727655 75.9463886196 923.994082708
82 0.0576822538761 72.9584486789 926.983869067
83 0.0559618216774 70.088005658 929.85603252
84 0.0543593419981 67.33046126 932.615179398
85 0.0528644192991 64.681376086 935.265759495
86 0.0514674586211 62.1364829993 937.812049542
87 0.0501594288247 59.691679361 940.25816121
88 0.048933898959 57.3430364387 942.608029662
89 0.0477847597442 55.0867762459 944.865438994
90 0.0467062981872 52.9192665886 947.034027113
91 0.0456932380931 50.837020235 949.117286527
92 0.0447407626832 48.8366855175 951.11857372
93 0.0438444488872 46.9150410922 953.041114459
94 0.0430003484306 45.0689945055 954.888005146
95 0.0422047884243 43.2955730057 956.662222206
96 0.0414543564884 41.5919192316 958.366626412
97 0.0407460212826 39.9552911011 960.003962878
98 0.0400769693919 38.3830529965 961.576870034
99 0.0394445800569 36.8726715509 963.087883869
100 0.0388464926846 35.4217158361 964.539437671
