Time S I R
1 997 3 0
2 995.45764224 4.39561962352 0.146738136304
3 993.202979902 6.43536637102 0.361653726589
4 989.913179114 9.41070470644 0.676116179444
5 985.12601789 13.7384032833 1.13557882641
6 978.187434126 20.0070559095 1.80550996417
7 968.187896085 29.0327169846 2.7793869308
8 953.895114865 41.9158857889 4.18899934613
9 933.70404958 60.079207091 6.21674332872
10 905.647790139 85.2438171539 9.10839270728
11 867.542901383 119.27453876 13.1825598573
12 817.36161738 163.808515701 18.8298669196
13 753.886109073 219.621985792 26.4919051347
14 677.546344801 285.842717687 36.6109375124
15 591.083246215 359.366325204 49.550428581
16 499.509182639 434.985940663 65.5048766983
17 409.078075076 506.487561443 84.4343634808
18 325.633088161 568.309974237 106.056937602
19 253.195357688 616.900185884 129.904456428
20 193.447004398 651.137792279 155.415203323
21 146.09458134 671.88073707 182.02468159
22 109.643326212 681.128010774 209.228663014
23 82.130492444 681.256573514 236.612934042
24 61.6120492523 674.530311939 263.857638808
25 46.4028706958 662.869762241 290.727367064
26 35.148304557 647.79588299 317.055812453
27 26.8077812816 630.462042786 342.730175933
28 20.6037962401 611.718538134 367.677665626
29 15.9648341685 592.180462826 391.854703005
30 12.4742974652 572.287006905 415.23869563
31 9.82961313157 552.34842128 437.821965589
32 7.81111168685 532.581567253 459.607321061
33 6.25891247258 513.136233022 480.604854506
34 5.05621170075 494.114131921 500.829656379
35 4.11729122687 475.582530306 520.300178467
36 3.37878027893 457.5841795 539.037040221
37 2.79362741902 440.144161925 557.062210656
38 2.32666529216 423.27493408 574.398400628
39 1.95143893457 406.979930125 591.06863094
40 1.64788762928 391.256191691 607.09592068
41 1.4006749046 376.096255734 622.503069361
42 1.19806772824 361.489416081 637.312516191
43 1.03101186025 347.422763354 651.546224786
44 0.89245686351 333.88193811 665.225605026
45 0.77688145271 320.851649546 678.371469001
46 0.679944535557 308.31605109 691.004004374
47 0.59821993022 296.25902328 703.14275679
48 0.528991061282 284.66438489 714.806624048
49 0.4700018243 273.516154628 726.013843548
50 0.41953688514 262.798432444 736.782030671
51 0.376150836966 252.495688578 747.128160585
52 0.338704866877 242.592699017 757.068596116
53 0.306241678047 233.074665734 766.619092588
54 0.277988481104 223.927192124 775.794819395
55 0.253300074055 215.136324114 784.610375812
56 0.231646573495 206.688540234 793.079813192
57 0.212593248485 198.570764609 801.216642142
58 0.195764970207 190.770369023 809.033866007
59 0.180864370584 183.275144392 816.543991237
60 0.167623353916 176.073340128 823.759036518
61 0.155804387394 169.153657215 830.690538398
62 0.145220011062 162.50514133 837.349638659
63 0.135720477923 156.117263789 843.747015733
64 0.127189993968 149.97993102 849.892878986
65 0.119501928731 144.083368243 855.797129829
66 0.112548948776 138.418182232 861.46926882
67 0.106256638182 132.975388862 866.918354499
68 0.10054608609 127.746288384 872.15316553
69 0.0953457333385 122.722510705 877.182143562
70 0.0906083811855 117.896091592 882.013300027
71 0.0862746508878 113.2592334 886.654491949
72 0.0823061510416 108.804546525 891.113147324
73 0.0786670385878 104.524915172 895.396417789
74 0.0753255651956 100.413488846 899.511185588
75 0.0722505708411 96.4636505372 903.464098892
76 0.0694160486313 92.6690707661 907.261513185
77 0.0667965395802 89.0236588851 910.909544575
78 0.0643755205032 85.5215791815 914.414045298
79 0.0621358628619 82.1572077004 917.780656437
80 0.0600573040083 78.9251122537 921.014830442
81 0.0581202093812 75.8200647298 924.121815061
82 0.0563160606807 72.8371031767 927.106580763
83 0.0546355758404 69.9714470432 929.973917381
84 0.0530705488118 67.2185028507 932.7284266
85 0.0516103095362 64.5738353394 935.374554351
86 0.0502455386652 62.0331847199 937.916569741
87 0.0489675910479 59.5924566327 940.358575776
88 0.047770415261 57.2477302748 942.70449931
89 0.046647895531 54.9952324524 944.958119652
90 0.0455944369605 52.831337234 947.123068329
91 0.044604873852 50.7525633846 949.202831742
92 0.0436744947464 48.7555642805 951.200761225
93 0.0427989872287 46.8371241943 953.120076818
94 0.0419744994795 44.9941559484 954.963869552
95 0.0411974205492 43.2236911415 956.735111438
96 0.0404644274677 41.5228775656 958.436658007
97 0.0397725711144 39.8889780206 960.071249408
98 0.0391190855279 38.3193606404 961.641520274
99 0.0385014183191 36.8114967567 963.150001825
100 0.0379172654065 35.3629596016 964.599123133
