Time S I R
1 997 3 0
2 995.465474601 4.38802564965 0.146499749741
3 993.226102301 6.41320134519 0.360696354283
4 989.964136454 9.36229352696 0.673570018993
5 985.225338928 13.6447244166 1.12993665578
6 978.36783223 19.8379218753 1.79424589435
7 968.500023647 28.741587307 2.75838904628
8 954.414734706 41.4335037397 4.15176155449
9 934.539480788 59.3072326905 6.15328652128
10 906.944466084 84.0515650351 9.00396888045
11 869.478779859 117.504843804 13.0163763376
12 820.124348196 161.301280748 18.5743710563
13 757.624458196 216.262032878 26.1135089254
14 682.300642687 281.626236459 36.0731208533
15 596.722591627 354.457894729 48.819513644
16 505.720015548 429.722754546 64.5572299057
17 415.430195106 501.307517437 83.2622874566
18 331.697503547 563.631958466 104.670537987
19 258.649736838 613.021470902 128.328792261
20 198.121383733 648.194177533 153.684438734
21 149.956286823 669.8678389 180.175874277
22 112.751548524 679.951388568 207.297062908
23 84.5895562243 680.781110559 234.629333217
24 63.5377589802 674.614820672 261.847420347
25 47.9035012867 663.385865129 288.710633585
26 36.3164758845 648.635498902 315.048025213
27 27.7187504156 631.538280719 340.742968866
28 21.3168328935 612.963539463 365.719627644
29 16.5257745239 593.542166488 389.932058988
30 12.9182261257 573.725913419 413.355860455
31 10.1832390299 553.834784368 435.981976602
32 8.09474758581 534.093075598 457.812176816
33 6.488022989 514.656207327 478.855769684
34 5.24259169941 495.630155095 499.127253206
35 4.26999132408 477.085371637 518.644637039
36 3.5047704154 459.0670231 537.428206485
37 2.89829535202 441.602026178 555.49967847
38 2.41420671035 424.704215711 572.881577579
39 2.02512787805 408.378087679 589.596784443
40 1.71033110388 392.621447989 605.668220907
41 1.45390702988 377.427485542 621.118607428
42 1.24371679481 362.785950416 635.970332789
43 1.07038881962 348.684284348 650.245326832
44 0.92661530244 335.108407049 663.964977649
45 0.806670444924 322.043245143 677.150084412
46 0.706057380454 309.473111211 689.820831408
47 0.621222190023 297.382011368 701.996766442
48 0.549354352973 285.753850041 713.696795606
49 0.488117786642 274.572715128 724.939167086
50 0.43572368646 263.822767951 735.741508362
51 0.390674628808 253.488514565 746.120810807
52 0.35179274469 243.554751851 756.093455404
53 0.318079683758 234.006704391 765.675215926
54 0.28874085232 224.829976371 774.881282777
55 0.263099770324 216.010625772 783.726274457
56 0.240609623682 207.535125282 792.224265095
57 0.220821328045 199.390396469 800.388782203
58 0.203341972621 191.563803939 808.232854089
59 0.187861461811 184.043132772 815.769005766
60 0.174108024141 176.816610891 823.009281085
61 0.161835955422 169.872924302 829.965239742
62 0.150844872094 163.201127693 836.648027435
63 0.140977632315 156.790658319 843.068364048
64 0.132110434427 150.631402171 849.236487395
65 0.124125939613 144.713596594 855.162277467
66 0.116903358449 139.027809451 860.855287191
67 0.11036250696 133.565031748 866.324605745
68 0.104430942597 128.316582449 871.578986609
69 0.0990289718147 123.274050736 876.626920292
70 0.0941020618303 118.429420879 881.476477059
71 0.0896041544793 113.774990565 886.13540528
72 0.0854812395219 109.303251482 890.611267278
73 0.0816991752897 105.007092971 894.911207853
74 0.0782267646478 100.879670298 899.042102938
75 0.0750312741443 96.9143446084 903.010624117
76 0.0720859060337 93.1047684465 906.823145648
77 0.0693649545148 89.4448393118 910.485795734
78 0.0668478531582 85.9286984135 914.004453733
79 0.0645197151371 82.5507209774 917.384759307
80 0.0623610852925 79.3054706493 920.632168265
81 0.0603507625684 76.187699275 923.751949962
82 0.0584767012856 73.1924123437 926.749110955
83 0.0567301803063 70.3148237464 929.628446073
84 0.0551030773782 67.5503311337 932.394565789
85 0.0535854549257 64.8944944301 935.051920115
86 0.0521674491318 62.3430412299 937.604791321
87 0.050839885347 59.8918642523 940.057295862
88 0.0495959097425 57.5370281171 942.413375973
89 0.0484294723772 55.2747518726 944.676818655
90 0.0473347734293 53.1013989873 946.851266239
91 0.0463064710866 51.0134775996 948.940215929
92 0.0453396739292 49.0076322731 950.947028053
93 0.0444298910463 47.0806375273 952.874932582
94 0.0435730989864 45.2293965022 954.727030399
95 0.0427655874794 43.4509329635 956.506301449
96 0.042003891947 41.7423855982 958.21561051
97 0.041284913568 40.1010078748 959.857707212
98 0.0406058129003 38.5241610062 961.435233181
99 0.0399639267125 37.0093077746 962.950728299
100 0.0393568512187 35.5540132485 964.4066299
