Time S I R
1 997 3 0
2 996.16858565 3.69831912212 0.133095228286
3 995.144714392 4.55813338035 0.297152227934
4 993.884432667 5.61624564976 0.499321682969
5 992.334055373 6.91756547718 0.748379149822
6 990.428187501 8.51673512736 1.05507737136
7 988.08737172 10.4800508474 1.43257743279
8 985.215462612 12.8875875599 1.89694982824
9 981.696644309 15.835582811 2.46777288035
10 977.392208009 19.4389640185 3.16882797273
11 972.137223214 23.8338831239 4.02889366224
12 965.737328369 29.1800273832 5.08264424795
13 957.966069952 35.6623100847 6.37161996364
14 948.563345679 43.4914035392 7.94525078215
15 937.235807578 52.9023285689 9.86186385289
16 923.660327898 64.1500930607 12.1895790412
17 907.491872215 77.5011754614 15.0069523235
18 888.377256652 93.2195682507 18.4031750971
19 865.976131843 111.546281229 22.4775869285
20 839.989901661 132.671856987 27.3382413512
21 810.198197374 156.702572848 33.0992297787
22 776.500399117 183.623019317 39.8765815666
23 738.957354822 213.25996867 47.7826765083
24 697.825972111 245.254673057 56.9193548321
25 653.577891068 279.051879889 67.3702290426
26 606.894160935 313.912822942 79.193016123
27 558.631388691 348.955678311 92.4129329973
28 509.760873498 383.220903286 107.018223216
29 461.289112133 415.752243897 122.958643971
30 414.17322572 445.679504062 140.147270218
31 369.246196024 472.28841688 158.465387097
32 327.163763504 495.066521092 177.769715404
33 288.378781144 513.720323114 197.900895743
34 253.142175665 528.165717337 218.692106998
35 221.524652191 538.498468992 239.976878817
36 193.450961047 544.953561568 261.595477385
37 168.738738149 547.86167279 283.399589061
38 147.135778666 547.608903411 305.255317923
39 128.351951761 544.603343545 327.044704694
40 112.084127641 539.249799734 348.666072626
41 98.0340657322 531.932409364 370.033524904
42 85.9201799339 523.003922148 391.075897918
43 75.4842042442 512.780434214 411.735361542
44 66.4943487239 501.539737569 431.965913707
45 58.7458962492 489.522207895 451.731895855
46 52.060446394 476.933010071 471.006543535
47 46.2837222196 463.945659602 489.770618178
48 41.2831987828 450.705580572 508.011220646
49 36.9457052541 437.333533167 525.720761579
50 33.1748564153 423.929115162 542.896028423
51 29.8887268386 410.573863176 559.537409985
52 27.0178098287 397.333957562 575.64823261
53 24.5031471408 384.262657903 591.234194956
54 22.2946754883 371.402417072 606.302907439
55 20.3499667963 358.786555572 620.863477632
56 18.6329434039 346.440866224 634.926190372
57 17.1129222603 334.384845212 648.502232527
58 15.7637402206 322.632806783 661.603452996
59 14.5630899815 311.194718717 674.242191302
60 13.491869071 300.077027241 686.431103688
61 12.5337326461 289.283215238 698.183052116
62 11.674625518 278.81439416 709.510980322
63 10.9024600397 268.669700887 720.427839073
64 10.2068113467 258.846676194 730.946512459
65 9.57866100313 249.341581024 741.079757972
66 9.01020391882 240.149630977 750.840165104
67 8.49465189923 231.265235386 760.240112715
68 8.02610533584 222.682148897 769.291745767
69 7.5994106437 214.393641282 778.006948074
70 7.21005708104 206.392616944 786.397325975
71 6.85409855449 198.671702245 794.474199201
72 6.52809374635 191.223309674 802.248596579
73 6.22896968009 184.039801376 809.731228944
74 5.95404714364 177.113443339 816.932509517
75 5.70094420569 170.436516655 823.862539139
76 5.46755039674 164.00133844 830.531111163
77 5.25200571767 157.800276782 836.9477175
78 5.05263799651 151.825819214 843.12154279
79 4.86797237323 146.070548521 849.061479105
80 4.69668392831 140.527193675 854.776122397
81 4.53758907817 135.188629482 860.27378144
82 4.38963102303 130.047883937 865.56248504
83 4.25185485511 125.098159096 870.649986049
84 4.12340812752 120.33282054 875.543771332
85 4.00351868036 115.745416105 880.251065215
86 3.8914913995 111.329669944 884.778838656
87 3.78669728284 107.079486959 889.133815758
88 3.68856428707 102.9889553 893.322480412
89 3.5965804604 99.0523333542 897.351086185
90 3.51028330733 95.2640547111 901.225661982
91 3.42923988918 91.618745506 904.952014605
92 3.3530627509 88.1111955206 908.535741729
93 3.28140168763 84.7363608864 911.982237426
94 3.21393057774 81.4893729458 915.296696476
95 3.15035310942 78.3655237314 918.484123159
96 3.09040100979 75.3602610319 921.549337958
97 3.03382541417 72.4691922323 924.496982354
98 2.98039690584 69.6880775795 927.331525515
99 2.92990695461 67.0128219332 930.057271112
100 2.88216325861 64.4394744477 932.678362294
