Time S I R
1 997 3 0
2 995.462092548 4.39125057715 0.146656875164
3 993.216150402 6.4226091633 0.361240434782
4 989.942261947 9.38283039621 0.674907657039
5 985.182795238 13.6844432415 1.13276152069
6 978.290698439 19.9095941605 1.79970740049
7 968.366767274 28.8648902016 2.76834252427
8 954.193175856 41.6377003826 4.16912376105
9 934.183639726 59.6338505596 6.18250971396
10 906.392627549 84.5557615571 9.05161089351
11 868.655413651 118.252920977 13.0916653722
12 818.949727255 162.360739261 18.6895334837
13 756.035165259 217.681353344 26.2834813966
14 680.279023469 283.40673851 36.3142380205
15 594.323526726 356.529440728 49.147032546
16 503.076135283 431.941657965 64.9822067521
17 412.724266638 503.486761967 83.7889713949
18 329.112498144 565.592038731 105.295463125
19 256.323736957 614.63436364 129.041899403
20 196.127679047 649.400795184 154.471525769
21 148.309453822 670.669294401 181.021251776
22 111.426678543 680.387721075 208.185600382
23 83.5422273815 680.910131073 235.547641545
24 62.7184859586 674.497206955 262.784307086
25 47.2659429525 663.076968587 289.657088461
26 35.8209613806 648.182060855 315.996977764
27 27.3330373004 630.978000302 341.688962398
28 21.0155323924 612.325967099 366.658500509
29 16.2892600342 592.850075992 390.860663974
30 12.7314846311 572.996680316 414.271835053
31 10.0348509403 553.08158625 436.88356281
32 7.97603552113 533.325885274 458.698079205
33 6.39239199851 513.882559091 479.72504891
34 5.1650138055 494.855742363 499.979243832
35 4.20661546054 476.314499821 519.478884718
36 3.45263504516 458.302943573 538.244421381
37 2.85511454619 440.84718558 556.297699874
38 2.37820318724 423.960451514 573.661345298
39 1.99491668406 407.646764935 590.358318381
40 1.68481198078 391.90358587 606.411602149
41 1.43222360223 376.723806788 621.84396961
42 1.22518243789 362.096968894 636.677848668
43 1.05445354553 348.010345461 650.935200993
44 0.912837698813 334.449722112 664.637440189
45 0.794695641195 321.399917972 677.805386387
46 0.695595325983 308.845164839 690.459239835
47 0.61203717708 296.769401484 702.618561339
48 0.541251124488 285.156482178 714.302266697
49 0.48093246138 273.990456038 725.5286115
50 0.429325463574 263.255444468 736.315230069
51 0.384952670334 252.935929739 746.679117591
52 0.346653994032 243.016688165 756.636657841
53 0.313446992033 233.482926725 766.203626283
54 0.284546930384 224.320239483 775.395213587
55 0.259290088641 215.514671339 784.226038572
56 0.237136801435 207.052689598 792.7101736
57 0.217643529422 198.921209664 800.861146807
58 0.200424993982 191.107592461 808.691982545
59 0.185176596709 183.599618672 816.215204731
60 0.171627815584 176.385519459 823.442852726
61 0.159536096592 169.453982556 830.386481348
62 0.148706563083 162.794052283 837.057241154
63 0.138985048927 156.395175792 843.46583916
64 0.13025157695 150.247244284 849.622504139
65 0.12238421397 144.340484411 855.537131375
66 0.115267920747 138.665476826 861.219255253
67 0.108825101002 133.213220215 866.677954684
68 0.102980582634 127.97502238 871.921997037
69 0.097657719956 122.942485266 876.959857014
70 0.0928038043353 118.107602599 881.799593597
71 0.0883715581317 113.462661449 886.448966993
72 0.0843090042858 109.000168206 890.915522789
73 0.080582705033 104.713018388 895.206398907
74 0.0771614565879 100.594365368 899.328473175
75 0.074012904387 96.637574734 903.288412362
76 0.0711106958869 92.836306225 907.092583079
77 0.0684290463737 89.1844603751 910.747110579
78 0.0659492822664 85.6761875651 914.257863153
79 0.0636555339279 82.3058621565 917.63048231
80 0.061528015577 79.0680486132 920.870423371
81 0.0595458344151 75.9575040355 923.98295013
82 0.0576987309819 72.969248916 926.973052353
83 0.0559776517863 70.098498214 929.845524134
84 0.0543745625794 67.3406535543 932.604971883
85 0.052879079733 64.6912755297 935.255845391
86 0.0514816018987 62.1460968763 937.802421522
87 0.0501730927468 59.7010148249 940.248812082
88 0.04894711055 57.3521004697 942.59895242
89 0.0477975477037 55.0955757429 944.856626709
90 0.0467186890132 52.927808326 947.025472985
91 0.0457052566049 50.8453108555 949.108983888
92 0.0447524318398 48.8447315527 951.110516016
93 0.0438557898102 46.9228489464 953.033295264
94 0.043011380362 45.0765704507 954.880418169
95 0.0422155297374 43.3029232042 956.654861266
96 0.0414648241065 41.5990497163 958.35948546
97 0.0407562304362 39.9622077661 959.997036004
98 0.0400869347116 38.3897616293 961.570151436
99 0.0394543150321 36.8791778078 963.081367877
100 0.0388560097502 35.4280252432 964.533118747
