Time S I R
1 997 3 0
2 995.466540105 4.38687708032 0.146582814498
3 993.229303665 6.4098514504 0.360844884942
4 989.971285336 9.35498176976 0.67373289396
5 985.239413646 13.6305832748 1.13000307904
6 978.393596357 19.8123997625 1.7940038806
7 968.544876716 28.6976612047 2.75746207927
8 954.489779549 41.3607037338 4.14951671747
9 934.660648072 59.1906414136 6.14871051469
10 907.133244411 83.8712365755 8.99551901334
11 869.761645913 117.236516947 13.0018371404
12 820.529559673 160.919654092 18.5507862347
13 758.17505679 215.747641391 26.0773018187
14 683.004231709 280.975245842 36.0205224489
15 597.561790682 353.690880235 48.7473290831
16 506.650124723 428.886108229 64.463767048
17 416.388212421 500.46371427 83.1480733099
18 332.619214318 562.842326403 104.538459279
19 259.485610749 612.330803397 128.183585854
20 198.844024415 647.624183985 153.5317916
21 150.558827909 669.419655671 180.02151642
22 113.241262064 679.612623228 207.146114708
23 84.9809783174 680.533048251 234.485973431
24 63.847603913 674.437586639 261.714809448
25 48.147697632 663.261309681 288.590992687
26 36.5088346684 648.548383435 314.942781897
27 27.8706185147 631.476462242 340.652919243
28 21.437234821 612.91768101 365.645084169
29 16.6217528139 593.505271889 389.872975298
30 12.9952210662 573.692847813 413.311931121
31 10.2454289544 553.801857476 435.95271357
32 8.14533847805 534.057693329 457.796968193
33 6.52947812376 514.616598469 478.853923407
34 5.2768075638 495.585163403 499.138029033
35 4.29843619661 477.034292996 518.667270807
36 3.52858588867 459.00948695 537.461927162
37 2.91837264801 441.537906908 555.543720444
38 2.43124656691 424.633563509 572.935189924
39 2.03968301027 408.301080065 589.659236925
40 1.72284478814 392.538346161 605.73880905
41 1.46472915582 377.338616947 621.196653897
42 1.25313147366 362.69167817 636.055190356
43 1.07862567858 348.584995465 650.336378856
44 0.933860972886 335.004500557 664.06163847
45 0.813076928526 321.935124061 677.25179901
46 0.711750462424 309.361174278 689.92707526
47 0.626305314961 297.266650042 702.107044643
48 0.5539137222 285.635444114 713.810642164
49 0.492226950101 274.451628945 725.056144105
50 0.439442027725 263.699353621 735.861204351
51 0.394053296053 253.363106466 746.242840238
52 0.354874690191 243.427667943 756.217457366
53 0.320901448604 233.878245445 765.800853107
54 0.291334003576 224.700425579 775.008240417
55 0.265490837109 215.880250098 783.854259064
56 0.242821515183 207.404174708 792.353003777
57 0.222874433398 199.259105007 800.518020559
58 0.205253350772 191.43238991 808.362356739
59 0.189645682025 183.91180016 815.898554158
60 0.175778668186 176.685547801 823.138673531
61 0.163405117707 169.742304178 830.094290704
62 0.152322363988 163.071114642 836.776562994
63 0.142371924962 156.661400845 843.19622723
64 0.133428368313 150.503035693 849.363535939
65 0.125375594357 144.586249549 855.288374856
66 0.118090753281 138.901596304 860.980312942
67 0.111492502076 133.440055189 866.448452309
68 0.105508992568 128.192940006 871.701551001
69 0.100059561328 123.151828577 876.748111861
70 0.0950887910119 118.308694322 881.596216887
71 0.0905508637788 113.655831646 886.25361749
72 0.0863910124178 109.185721383 890.727887605
73 0.0825747428402 104.891245152 895.026180105
74 0.0790707042661 100.765553181 899.155376115
75 0.0758460288655 96.8020012039 903.122152767
76 0.0728736437179 92.9942344826 906.932891874
77 0.0701278433378 89.3361457168 910.59372644
78 0.0675872838831 85.8218692387 914.110543477
79 0.0652373619514 82.4457774549 917.488985183
80 0.0630587292515 79.2024310324 920.734510238
81 0.0610301178725 76.0865779367 923.852391945
82 0.059138611363 73.093214804 926.847646585
83 0.0573756450491 70.2175537439 929.725070611
84 0.0557330200833 67.4549892661 932.489277714
85 0.0542009897133 64.8010799942 935.144719016
86 0.0527695349393 62.2515501994 937.695680266
87 0.0514294193341 59.8022900254 940.146280555
88 0.050173587557 57.4493606903 942.500465722
89 0.0489960023237 55.1889796366 944.762024361
90 0.0478908144651 53.0175083545 946.934600831
91 0.046852641556 50.9314529714 949.021694387
92 0.0458765470737 48.9274565166 951.026666936
93 0.044958001757 47.0022920219 952.952749976
94 0.0440929397269 45.1528610899 954.80304597
95 0.0432776238523 43.3761864098 956.580535966
96 0.0425085602443 41.6694055855 958.288085854
97 0.0417826135325 40.0297708391 959.928446547
98 0.04109692419 38.4546427088 961.504260367
99 0.0404488047512 36.9414831895 963.018068006
100 0.03983582606 35.4878564955 964.472307678
