Time S I R
1 997 3 0
2 995.462093365 4.39124618636 0.14666044896
3 993.216154652 6.42259632479 0.361249023157
4 989.942274449 9.38280228868 0.674923262471
5 985.182824408 13.6843886788 1.13278691361
6 978.290758378 19.9094952298 1.79974639255
7 968.366880739 28.8647189365 2.76840032442
8 954.193378159 41.6374144104 4.16920743025
9 934.183983165 59.6333881031 6.18262873203
10 906.393185023 84.5550371298 9.05177784726
11 868.656278509 118.251824724 13.0918967668
12 818.951004673 162.359144662 18.6898506649
13 756.036950427 217.679138041 26.2839115316
14 680.281366947 283.403818082 36.3148149706
15 594.326398483 356.525804264 49.1477972527
16 503.079409412 431.937384081 64.9832065066
17 412.727743538 503.481999054 83.7902574078
18 329.115957469 565.586956129 105.297086402
19 256.326992693 614.629101453 129.043905854
20 196.13061083 649.395437192 154.473951978
21 148.312008873 670.663868614 181.024122513
22 111.428855526 680.382216372 208.188928102
23 83.5440558213 680.904516757 235.551427422
24 62.7200093473 674.49144777 262.788542883
25 47.2672077997 663.071033547 289.661758654
26 35.8220113123 648.175927154 316.002061533
27 27.3339105402 630.971654134 341.694435326
28 21.0162611474 612.319402916 366.664335936
29 16.2898708469 592.84329511 390.866834043
30 12.7319991011 572.989689415 414.278311484
31 10.0352865259 553.074396008 436.890317466
32 7.97640629992 533.318509208 458.705084492
33 6.39270932892 513.87501261 479.732278061
34 5.16528685327 494.848042058 499.986671089
35 4.20685165757 476.306662883 519.48648546
36 3.45284043467 458.294987375 538.25217219
37 2.85529405646 440.839127372 556.305578572
38 2.37836085808 423.952308185 573.669330957
39 1.99505583554 407.638552852 590.366391312
40 1.68493537155 391.895320746 606.419743883
41 1.43233350889 376.715503633 621.852162858
42 1.22528076332 362.088641947 636.686077289
43 1.05454188456 348.002008166 650.94344995
44 0.912917391504 334.44138711 664.645695499
45 0.794767817587 321.391597104 677.813635078
46 0.695660944808 308.836869155 690.4674699
47 0.612097053184 296.761141263 702.626761684
48 0.541305955368 285.148266948 714.310427096
49 0.480982847842 273.9822946 725.536722553
50 0.42937191842 263.247344932 736.32328315
51 0.384995637335 252.92789955 746.687104813
52 0.346693857512 243.008734133 756.64457201
53 0.31348408517 233.475055057 766.211460858
54 0.284581544897 224.312455811 775.402962644
55 0.259322478874 215.506980755 784.233696766
56 0.237167190693 207.045096678 792.717736131
57 0.217672114294 198.913718501 800.868609385
58 0.200451947543 191.100206693 808.69934136
59 0.185202072461 183.592341505 816.222456422
60 0.171651950093 176.378353696 823.449994354
61 0.159559011052 169.446930624 830.393510365
62 0.148728363625 162.787116257 837.064155379
63 0.139005829854 156.38835741 843.47263676
64 0.130271422742 150.240544976 849.629183602
65 0.122403205982 144.333905328 855.543691466
66 0.115286127027 138.659018837 861.225695036
67 0.10884258197 133.206883935 866.684273483
68 0.102997398687 127.968808217 871.928194384
69 0.0976739214715 122.936393388 876.965932691
70 0.0928194361967 118.101632971 881.805547593
71 0.0883866649908 113.456813881 886.454799454
72 0.0843236233453 108.994442308 890.921234069
73 0.0805968703637 104.707413614 895.211989516
74 0.0771752007521 100.588881047 899.333943752
75 0.0740262568123 96.632210054 903.293763689
76 0.0711236837253 92.8310602501 907.097816066
77 0.0684416951444 89.1793320619 910.752226243
78 0.0659616122756 85.6711757614 914.262862626
79 0.0636675669678 82.3009656333 917.6353668
80 0.0615397730754 79.0632660664 920.875194161
81 0.0595573348569 75.952834075 923.98760859
82 0.0577099877491 72.9646900618 926.97759995
83 0.0559886788534 70.0940489408 929.84996238
84 0.0543853739762 67.3363122934 932.609302333
85 0.0528896894034 64.6870406723 935.260069638
86 0.0514920223167 62.1419667704 937.806541207
87 0.0501833351177 59.6969877805 940.252828884
88 0.0489571849199 57.3481747657 942.602868049
89 0.0478074637471 55.091749637 944.860442899
90 0.0467284558252 52.9240800565 947.029191488
91 0.0457148826622 50.8416786448 949.112606473
92 0.0447619250489 48.8411936124 951.114044463
93 0.0438651575608 46.9194034803 953.036731362
94 0.0430206295596 45.0732156579 954.883763713
95 0.0422246668672 43.2996572826 956.65811805
96 0.0414738552479 41.5958708655 958.362655279
97 0.0407651612817 39.9591141894 960.000120649
98 0.0400957706149 38.3867515371 961.573152692
99 0.0394630610228 36.8762494193 963.08428752
100 0.0388646705495 35.425176788 964.535958541
