Time S I R
1 997 3 0
2 995.466515067 4.38690647587 0.146578456666
3 993.229227221 6.40993718874 0.360835590188
4 989.971112601 9.355168928 0.673718471225
5 985.239070507 13.6309453072 1.12998418605
6 978.392963864 19.8130533436 1.79398279208
7 968.543769548 28.6987865515 2.7574439003
8 954.487918873 41.3625699419 4.14951118524
9 934.657632712 59.1936328262 6.14873446205
10 907.128531565 83.8758691089 8.995599326
11 869.754564142 117.243422354 13.0020135043
12 820.519387988 160.929499929 18.5511120835
13 758.161199556 215.760959524 26.0778409195
14 682.986476536 280.992184964 36.0213384994
15 597.540552505 353.710979646 48.7484678492
16 506.626511517 428.90825299 64.4652354929
17 416.363805216 500.486370087 83.1498246965
18 332.595639817 562.86396755 104.540392632
19 259.464137919 612.350301158 128.185560922
20 198.825370058 647.640977519 153.533652422
21 150.543190411 669.433695652 180.023113937
22 113.228478372 679.624199424 207.147322204
23 84.9706959148 680.542610542 234.486693543
24 63.8394095681 674.445615727 261.714974705
25 48.1411934237 663.268244306 288.590562271
26 36.5036729577 648.554590104 314.941736938
27 27.8665118471 631.482230226 340.651257927
28 21.4339532095 612.923229394 365.642817396
29 16.6191157534 593.510761152 389.870123094
30 12.9930883055 573.698391896 413.308519798
31 10.2436921515 553.807534273 435.948773575
32 8.14391401447 534.063553514 457.792532471
33 6.52830136985 514.622672428 478.849026202
34 5.27582845543 495.59146653 499.132705015
35 4.29761574036 477.040829829 518.661554431
36 3.52789357961 459.016254198 537.455852223
37 2.91778452202 441.544895709 555.537319769
38 2.43074366597 424.640761185 572.928495149
39 2.03925028511 408.308471352 589.652278363
40 1.72247010553 392.545914305 605.73161559
41 1.46440286832 377.346344139 621.189252993
42 1.25284570375 362.699546312 636.047607984
43 1.07837402462 348.592986441 650.328639534
44 0.933638200342 335.012596522 664.053765278
45 0.812878746957 321.943307621 677.243813632
46 0.711573302924 309.369428682 689.918998015
47 0.626146224832 297.274959231 702.098894544
48 0.553770230654 285.643792808 713.802436962
49 0.492096940121 274.460002723 725.047900337
50 0.43932377473 263.707738808 735.852937417
51 0.39394530962 253.371490259 746.234564431
52 0.354775713571 243.436038346 756.209185941
53 0.320810405546 233.886591272 765.792598322
54 0.29124996403 224.708736444 775.000013592
55 0.265413010899 215.888516358 783.846070631
56 0.242749219047 207.412387464 792.344863317
57 0.22280705944 199.267256059 800.509936882
58 0.205190384912 191.440471732 808.354337883
59 0.189586681522 183.91980585 815.890607469
60 0.175723224674 176.693471101 823.130805674
61 0.163352867408 169.750139427 830.086507705
62 0.152273006333 163.078856632 836.768870362
63 0.142325198441 156.669044959 843.188629842
64 0.133384056233 150.510577828 849.356038116
65 0.125333455053 144.593685956 855.280980589
66 0.118050598958 138.908923744 860.973025657
67 0.11145417812 133.447270869 866.441274953
68 0.105472332893 128.200041404 871.694486263
69 0.100024425877 123.158813583 876.741161991
70 0.0950550651543 118.31556122 881.589383715
71 0.09051842872 113.66257891 886.246902662
72 0.0863597705434 109.192347864 890.721292366
73 0.0825446069842 104.897749987 895.019705407
74 0.0790415929573 100.771935718 899.149022689
75 0.0758178647791 96.8082610011 903.115921134
76 0.0728463580799 93.0003713561 906.926782286
77 0.07010136828 89.3421596667 910.587738965
78 0.0675615724207 85.8277604966 914.104677931
79 0.065212361147 82.4515463751 917.483241264
80 0.0630343834476 79.2080780877 920.728887529
81 0.0610063731954 76.0921037363 923.846889891
82 0.0591154393297 73.0986202359 926.842264325
83 0.0573530127946 70.2228397653 929.719807222
84 0.0557108971192 67.4601569404 932.484132163
85 0.0541793403776 64.8061304362 935.139690223
86 0.0527483284385 62.2564846323 937.690767039
87 0.0514086268586 59.8071097553 940.141481618
88 0.0501531861519 57.4540671264 942.495779687
89 0.048975968888 55.1935742386 944.757449793
90 0.0478711274576 53.0219926407 946.930136232
91 0.0468332807667 50.9358285176 949.017338202
92 0.0458574937502 48.9317249416 951.022417565
93 0.0449392383807 47.0064549836 952.948605778
94 0.0440744501107 45.1569202854 954.799005264
95 0.0432593927209 43.3801435618 956.576597046
96 0.0424905732705 41.6732624402 958.284246987
97 0.0417648575146 40.0335291692 959.924705973
98 0.0410793866239 38.4583042976 961.500616316
99 0.0404314739137 36.9450498324 963.014518694
100 0.0398186910328 35.4913300006 964.468851308
