Time S I R
1 997 3 0
2 995.462093365 4.39124618638 0.146660448962
3 993.216154652 6.42259632482 0.361249023162
4 989.942274449 9.38280228876 0.674923262482
5 985.182824407 13.684388679 1.13278691363
6 978.290758377 19.9094952301 1.79974639259
7 968.366880739 28.8647189369 2.76840032448
8 954.193378158 41.6374144112 4.16920743036
9 934.183983163 59.6333881044 6.18262873219
10 906.393185021 84.5550371317 9.05177784752
11 868.656278506 118.251824727 13.0918967672
12 818.951004668 162.359144666 18.6898506655
13 756.036950421 217.679138047 26.2839115324
14 680.281366939 283.403818089 36.3148149718
15 594.326398474 356.525804272 49.1477972544
16 503.079409402 431.937384089 64.9832065088
17 412.727743528 503.481999062 83.7902574105
18 329.115957459 565.586956136 105.297086405
19 256.326992684 614.629101458 129.043905858
20 196.130610822 649.395437196 154.473951982
21 148.312008866 670.663868616 181.024122518
22 111.428855521 680.382216372 208.188928107
23 83.5440558174 680.904516756 235.551427427
24 62.7200093442 674.491447768 262.788542888
25 47.2672077974 663.071033543 289.661758659
26 35.8220113106 648.17592715 316.002061539
27 27.3339105388 630.97165413 341.694435331
28 21.0162611464 612.319402911 366.664335942
29 16.289870846 592.843295105 390.866834049
30 12.7319991004 572.989689409 414.27831149
31 10.0352865254 553.074396003 436.890317472
32 7.97640629954 533.318509202 458.705084498
33 6.39270932861 513.875012604 479.732278067
34 5.16528685302 494.848042052 499.986671095
35 4.20685165737 476.306662877 519.486485466
36 3.45284043452 458.294987369 538.252172196
37 2.85529405634 440.839127366 556.305578578
38 2.37836085798 423.952308179 573.669330963
39 1.99505583545 407.638552846 590.366391318
40 1.68493537148 391.89532074 606.419743889
41 1.43233350883 376.715503627 621.852162864
42 1.22528076328 362.088641942 636.686077295
43 1.05454188452 348.00200816 650.943449955
44 0.912917391471 334.441387104 664.645695504
45 0.794767817559 321.391597099 677.813635084
46 0.695660944784 308.83686915 690.467469905
47 0.612097053164 296.761141258 702.626761689
48 0.541305955351 285.148266943 714.310427102
49 0.480982847828 273.982294594 725.536722558
50 0.429371918408 263.247344927 736.323283155
51 0.384995637324 252.927899545 746.687104818
52 0.346693857503 243.008734128 756.644572015
53 0.313484085162 233.475055052 766.211460863
54 0.28458154489 224.312455807 775.402962648
55 0.259322478868 215.50698075 784.233696771
56 0.237167190688 207.045096673 792.717736136
57 0.21767211429 198.913718497 800.868609389
58 0.200451947539 191.100206688 808.699341364
59 0.185202072457 183.592341501 816.222456426
60 0.17165195009 176.378353692 823.449994358
61 0.15955901105 169.44693062 830.393510369
62 0.148728363624 162.787116253 837.064155383
63 0.139005829853 156.388357406 843.472636764
64 0.13027142274 150.240544972 849.629183606
65 0.122403205981 144.333905325 855.543691469
66 0.115286127026 138.659018833 861.22569504
67 0.108842581968 133.206883932 866.684273486
68 0.102997398686 127.968808214 871.928194388
69 0.0976739214706 122.936393384 876.965932694
70 0.0928194361957 118.101632967 881.805547597
71 0.0883866649901 113.456813877 886.454799458
72 0.0843236233447 108.994442305 890.921234072
73 0.0805968703633 104.707413611 895.211989519
74 0.0771752007515 100.588881044 899.333943755
75 0.0740262568117 96.6322100511 903.293763692
76 0.0711236837249 92.8310602473 907.097816069
77 0.0684416951442 89.1793320591 910.752226246
78 0.0659616122753 85.6711757587 914.262862629
79 0.0636675669674 82.3009656307 917.635366802
80 0.0615397730752 79.0632660639 920.875194163
81 0.0595573348571 75.9528340725 923.987608593
82 0.0577099877494 72.9646900594 926.977599953
83 0.0559886788537 70.0940489384 929.849962383
84 0.0543853739765 67.336312291 932.609302335
85 0.0528896894037 64.6870406701 935.260069641
86 0.051492022317 62.1419667682 937.806541209
87 0.0501833351183 59.6969877784 940.252828886
88 0.0489571849204 57.3481747636 942.602868051
89 0.0478074637475 55.091749635 944.860442901
90 0.0467284558259 52.9240800546 947.02919149
91 0.0457148826625 50.8416786429 949.112606474
92 0.0447619250494 48.8411936105 951.114044464
93 0.0438651575613 46.9194034785 953.036731364
94 0.04302062956 45.0732156561 954.883763714
95 0.0422246668677 43.2996572809 956.658118052
96 0.0414738552483 41.5958708639 958.362655281
97 0.0407651612821 39.9591141878 960.000120651
98 0.0400957706154 38.3867515355 961.573152694
99 0.0394630610235 36.8762494178 963.084287521
100 0.0388646705501 35.4251767865 964.535958543
