Time S I R
1 997 3 0
2 995.45764224 4.39561962353 0.146738136306
3 993.202979902 6.43536637104 0.361653726594
4 989.913179114 9.41070470648 0.676116179453
5 985.12601789 13.7384032834 1.13557882643
6 978.187434126 20.0070559096 1.8055099642
7 968.187896084 29.0327169849 2.77938693085
8 953.895114865 41.9158857893 4.1889993462
9 933.70404958 60.0792070916 6.21674332883
10 905.647790138 85.2438171549 9.10839270746
11 867.542901381 119.274538761 13.1825598576
12 817.361617377 163.808515703 18.82986692
13 753.88610907 219.621985795 26.4919051353
14 677.546344797 285.84271769 36.6109375132
15 591.08324621 359.366325208 49.5504285821
16 499.509182634 434.985940667 65.5048766997
17 409.078075071 506.487561446 84.4343634825
18 325.633088156 568.309974239 106.056937605
19 253.195357683 616.900185886 129.904456431
20 193.447004395 651.13779228 155.415203326
21 146.094581337 671.88073707 182.024681593
22 109.643326209 681.128010773 209.228663018
23 82.1304924422 681.256573512 236.612934046
24 61.6120492509 674.530311937 263.857638812
25 46.4028706948 662.869762238 290.727367068
26 35.1483045562 647.795882986 317.055812458
27 26.807781281 630.462042782 342.730175937
28 20.6037962397 611.71853813 367.677665631
29 15.9648341682 592.180462822 391.85470301
30 12.4742974649 572.2870069 415.238695635
31 9.82961313139 552.348421275 437.821965594
32 7.81111168671 532.581567248 459.607321065
33 6.25891247247 513.136233017 480.60485451
34 5.05621170067 494.114131916 500.829656383
35 4.11729122681 475.582530302 520.300178472
36 3.37878027888 457.584179495 539.037040226
37 2.79362741899 440.14416192 557.062210661
38 2.32666529214 423.274934075 574.398400633
39 1.95143893455 406.97993012 591.068630945
40 1.64788762927 391.256191686 607.095920685
41 1.40067490459 376.096255729 622.503069366
42 1.19806772823 361.489416076 637.312516195
43 1.03101186024 347.422763349 651.546224791
44 0.892456863507 333.881938106 665.225605031
45 0.776881452708 320.851649541 678.371469006
46 0.679944535556 308.316051086 691.004004379
47 0.59821993022 296.259023275 703.142756795
48 0.528991061283 284.664384886 714.806624053
49 0.470001824301 273.516154624 726.013843552
50 0.419536885142 262.79843244 736.782030675
51 0.376150836968 252.495688574 747.128160589
52 0.338704866879 242.592699013 757.06859612
53 0.30624167805 233.07466573 766.619092592
54 0.277988481107 223.92719212 775.794819399
55 0.253300074058 215.13632411 784.610375816
56 0.231646573498 206.68854023 793.079813196
57 0.212593248488 198.570764605 801.216642146
58 0.19576497021 190.770369019 809.033866011
59 0.180864370587 183.275144389 816.543991241
60 0.167623353919 176.073340124 823.759036522
61 0.155804387397 169.153657211 830.690538401
62 0.145220011065 162.505141327 837.349638662
63 0.135720477926 156.117263786 843.747015736
64 0.12718999397 149.979931016 849.89287899
65 0.119501928734 144.083368239 855.797129832
66 0.112548948779 138.418182228 861.469268823
67 0.106256638185 132.975388859 866.918354503
68 0.100546086093 127.746288381 872.153165533
69 0.0953457333409 122.722510702 877.182143565
70 0.090608381188 117.896091589 882.01330003
71 0.0862746508903 113.259233397 886.654491952
72 0.082306151044 108.804546522 891.113147327
73 0.07866703859 104.524915169 895.396417792
74 0.0753255651979 100.413488844 899.511185591
75 0.0722505708434 96.4636505346 903.464098895
76 0.0694160486335 92.6690707635 907.261513188
77 0.0667965395824 89.0236588826 910.909544578
78 0.0643755205052 85.521579179 914.4140453
79 0.0621358628639 82.157207698 917.780656439
80 0.0600573040103 78.9251122513 921.014830445
81 0.0581202093833 75.8200647275 924.121815063
82 0.0563160606829 72.8371031744 927.106580765
83 0.0546355758424 69.971447041 929.973917383
84 0.0530705488138 67.2185028486 932.728426603
85 0.0516103095382 64.5738353373 935.374554353
86 0.0502455386672 62.0331847179 937.916569743
87 0.0489675910499 59.5924566307 940.358575778
88 0.047770415263 57.2477302729 942.704499312
89 0.0466478955329 54.9952324506 944.958119654
90 0.0455944369625 52.8313372322 947.123068331
91 0.0446048738539 50.7525633829 949.202831743
92 0.0436744947483 48.7555642788 951.200761226
93 0.0427989872305 46.8371241927 953.12007682
94 0.0419744994814 44.9941559468 954.963869554
95 0.041197420551 43.2236911399 956.73511144
96 0.0404644274696 41.5228775641 958.436658008
97 0.0397725711163 39.8889780191 960.07124941
98 0.0391190855298 38.319360639 961.641520275
99 0.0385014183208 36.8114967553 963.150001826
100 0.0379172654081 35.3629596003 964.599123134
