Time S I R
1 997 3 0
2 995.461983577 4.39134807451 0.146668348308
3 993.215832906 6.42289364617 0.361273447891
4 989.941569433 9.383451511 0.674979056195
5 985.181456494 13.6856445968 1.1328989091
6 978.288282898 19.911761953 1.79995514901
7 968.36261042 28.8686189794 2.76877060065
8 954.186286696 41.6438731165 4.16984018709
9 934.172605549 59.6437173466 6.1836771044
10 906.375557512 84.5709761451 9.05346634283
11 868.63000286 118.275456792 13.0945403478
12 818.913559117 162.392574813 18.6938660698
13 755.986347642 217.723844009 26.2898083482
14 680.217092957 283.459754076 36.3231529666
15 594.250256434 356.590638274 49.1591052927
16 502.995665786 432.00645446 64.9978797542
17 412.642227352 503.549301926 83.8084707215
18 329.03446248 565.646775115 105.318762405
19 256.253853327 614.6773979 129.068748773
20 196.068090669 649.430384412 154.501524918
21 148.260512755 670.685555001 181.053932243
22 111.387550172 680.391958733 208.220491095
23 83.5115052239 680.90418596 235.584308816
24 62.6946304629 674.482997108 262.822372429
25 47.2475266832 663.056241666 289.696231651
26 35.8067713205 648.15629634 316.03693234
27 27.3220937264 630.948398282 341.729507991
28 21.0070682733 612.293476877 366.69945485
29 16.2826857364 592.815438664 390.9018756
30 12.7263516773 572.960471104 414.313177218
31 10.0308201626 553.044251206 436.924928631
32 7.97285080249 533.287771419 458.739377779
33 6.38985966446 513.84393803 479.766202306
34 5.16298736878 494.816827798 500.020184833
35 4.20498338495 476.275461664 519.519554951
36 3.45131215354 458.263917902 538.284769944
37 2.85403557329 440.808282176 556.337682251
38 2.37731776286 423.921759788 573.700922449
39 1.99418587704 407.608358059 590.397456064
40 1.68420505655 391.865524678 606.450270266
41 1.43171686603 376.686141271 621.882141863
42 1.22475708015 362.059740848 636.715502072
43 1.05409458254 347.973589873 650.972315544
44 0.912533217781 334.413468195 664.673998587
45 0.794436156521 321.364190038 677.841373805
46 0.695373165153 308.809983159 690.494643676
47 0.611846159618 296.734782793 702.653371047
48 0.541086146153 285.122440283 714.336473571
49 0.480789313203 273.957002138 725.562208548
50 0.429200800561 263.222587307 736.348211893
51 0.384843712513 252.90367606 746.711480228
52 0.346558394081 242.985042961 756.668398645
53 0.313362860749 233.451893311 766.234743828
54 0.284472598152 224.289819857 775.425707544
55 0.259224245625 215.484866099 784.255909655
56 0.237078306017 207.023498263 792.739423431
57 0.217591382725 198.892630692 800.889777926
58 0.200378396597 191.079623378 808.719998225
59 0.185134887406 183.572256111 816.242609002
60 0.171590346077 176.358759439 823.469650215
61 0.159502298145 169.427820465 830.412677237
62 0.148676017001 162.768482577 837.082841406
63 0.138957413985 156.370192643 843.490849943
64 0.130226607695 150.222841468 849.646931925
65 0.12236152049 144.316654888 855.560983592
66 0.115247275646 138.642213468 861.242539256
67 0.108806347504 133.190515701 866.700677952
68 0.102963458783 127.952868594 871.944167947
69 0.097642067352 122.920874171 876.981483761
70 0.0927895067837 118.086526081 881.820684412
71 0.0883584509153 113.442110715 886.469530834
72 0.0842969853857 108.980134659 890.935568356
73 0.0805716881633 104.693493347 895.225934965
74 0.0771513466128 100.575339808 899.347508846
75 0.0740036188138 96.6190395926 903.306956789
76 0.0711021595915 92.818252427 907.110645413
77 0.0684211822971 89.1668787636 910.764700054
78 0.0659420612812 85.6590690729 914.274988866
79 0.0636488979367 82.2891975522 917.64715355
80 0.0615218944632 79.0518285553 920.88664955
81 0.059540170044 75.9417192489 923.998740581
82 0.0576935075632 72.9538904095 926.988416083
83 0.055972845743 70.0835569642 929.86047019
84 0.0543701504791 67.3261205729 932.619509277
85 0.0528750261296 64.6771417966 935.269983177
86 0.0514778762706 62.1323534553 937.816168668
87 0.0501696684897 59.6876528723 940.262177459
88 0.0489439706843 57.3391112839 942.611944745
89 0.047794673201 55.0829506826 944.869254644
90 0.0467160624678 52.9155388549 947.037745083
91 0.0457028616705 50.8333885533 949.120908585
92 0.0447502534614 48.8331480991 951.122101647
93 0.0438538142532 46.9115961409 953.044550045
94 0.0430095952872 45.0656402202 954.891350184
95 0.0422139232546 43.2923075844 956.665478492
96 0.0414633853695 41.5887408736 958.369795741
97 0.0407549499052 39.9521980098 960.00704704
98 0.0400858031073 38.3800433822 961.579870815
99 0.0394533238933 36.8697436327 963.090803043
100 0.0388551513611 35.4188678436 964.542277005
