Time S I R
1 997 3 0
2 995.114903772 4.69584416811 0.189252059978
3 992.173095539 7.34159541227 0.485309048526
4 987.595466783 11.4567916832 0.947741533603
5 980.504249572 17.8274041046 1.66834632391
6 969.595175801 27.6176659079 2.7871582911
7 952.990428533 42.4950688207 4.51450264671
8 928.121049116 64.7202302649 7.15872061955
9 891.758748015 97.0859573813 11.1552946041
10 840.416130911 142.498849778 17.0850193107
11 771.373996906 202.968781643 25.6572214505
12 684.353833598 278.019362555 37.6268038473
13 583.146435177 363.223381516 53.6301833074
14 475.772433394 450.247872278 73.9796943285
15 372.241228657 529.239818024 98.5189533186
16 281.004310443 592.360175529 126.635514028
17 206.529650556 636.042904639 157.427444805
18 149.22970149 660.847738412 189.922560098
19 106.937091245 669.816311366 223.246597388
20 76.5292691663 666.767966159 256.702764674
21 54.9752160992 655.243593998 289.781189903
22 39.7799764065 638.08766068 322.132362913
23 29.0604294305 617.409256799 353.53031377
24 21.4620813131 594.699464259 383.838454428
25 16.0360758108 570.98147304 412.982451149
26 12.1260665365 546.943675886 440.930257577
27 9.28011054518 523.041814126 467.678075329
28 7.18676847159 499.57257194 493.240659588
29 5.63047055632 476.724802897 517.644726547
30 4.46110865364 454.614387529 540.924503817
31 3.57319038289 433.308124453 563.118685164
32 2.89204152034 412.839530629 584.268427851
33 2.3643133795 393.2197172 604.415969421
34 1.9515788923 374.444712908 623.603708199
35 1.6257220616 356.50072202 641.873555919
36 1.36619194193 339.367230725 659.266577333
37 1.15774311666 323.019559558 675.822697326
38 0.988959267179 307.430509163 691.58053157
39 0.851235079122 292.571465209 706.577299712
40 0.738030262919 278.413196546 720.848773191
41 0.644350090518 264.926389607 734.429260302
42 0.566246666129 252.082156917 747.351596417
43 0.500738517094 239.852059142 759.647202341
44 0.44546183757 228.208446461 771.346091701
45 0.398540163144 217.124544647 782.47691519
46 0.358497031097 206.57449565 793.067007319
47 0.324139069315 196.533428411 803.142432519
48 0.294511296495 186.977449186 812.728039517
49 0.26884407449 177.883651402 821.847504524
50 0.246514455882 169.23009126 830.523394284
51 0.227006920449 160.995792403 838.777200677
52 0.209868216252 153.16078162 846.629350163
53 0.194740869979 145.705882134 854.099376996
54 0.181350949562 138.612829246 861.205819805
55 0.169487501965 131.864276226 867.966236272
56 0.158916131608 125.443544416 874.397539452
57 0.149470794197 119.334843661 880.515685545
58 0.141021539895 113.523159148 886.335819312
59 0.133426987655 107.994063623 891.87250939
60 0.126580876001 102.733900008 897.139519116
61 0.120391342273 97.7296112696 902.149997388
62 0.114785902242 92.9688252797 906.916388818
63 0.109696181513 88.439712413 911.450591406
64 0.105064107641 84.131038948 915.763896944
65 0.100839785554 80.0321053277 919.867054887
66 0.0969785826566 76.132712663 923.770308754
67 0.0934434426089 72.4231891335 927.483367424
68 0.0901996548821 68.8942779234 931.015522422
69 0.0872190929556 65.5372314676 934.375549439
70 0.0844754521695 62.3436754769 937.571849071
71 0.0819458684888 59.3056636687 940.612390463
72 0.0796100238056 56.4156370749 943.504752901
73 0.0774509053851 53.6664069376 946.256142157
74 0.0754512074577 51.0510932296 948.873455563
75 0.0735958627829 48.5631601737 951.363243963
76 0.0718734676607 46.1964352673 953.731691265
77 0.0702723481061 43.9450142432 955.984713409
78 0.0687823050571 41.803285161 958.127932534
79 0.0673943035657 39.7659107026 960.166694994
80 0.0660998800223 37.8278055118 962.106094608
81 0.0648916259717 35.9841379723 963.950970402
82 0.0637628022233 34.2303094546 965.705927743
83 0.0627071702128 32.5619403722 967.375352458
84 0.0617192229601 30.9748713793 968.963409398
85 0.0607938944235 29.4651428103 970.474063295
86 0.05992651715 28.0289854226 971.91108806
87 0.059112945942 26.6628192925 973.278067762
88 0.058349306274 25.3632337122 974.578416982
89 0.0576320175971 24.1269810756 975.815386907
90 0.0569577860909 22.9509721763 976.992070038
91 0.0563236107977 21.8322725675 978.111403822
92 0.0557268116147 20.7680918641 979.176181324
93 0.0551650740575 19.7557815421 980.189053384
94 0.054636141837 18.792816775 981.152547083
95 0.0541377493478 17.8767881169 982.069074134
96 0.0536678531665 17.0054054322 982.940926715
97 0.0532245702427 16.1764904476 983.770284982
98 0.052806254971 15.3879751719 984.559218573
99 0.0524113789605 14.6378922428 985.309696378
100 0.0520385415404 13.9243709375 986.023590521
