Time S I R
1 997 3 0
2 995.461999751 4.39138811842 0.146612130935
3 993.215852176 6.42301089243 0.361136931319
4 989.941563321 9.3837086527 0.674728026637
5 985.181370173 13.6861449144 1.13248491264
6 978.288018288 19.912671856 1.79930985608
7 968.36200133 28.8702004671 2.76779820316
8 954.185064817 41.6465278014 4.16840738117
9 934.170359203 59.648040456 6.1816003409
10 906.371692461 84.577811141 9.05049639828
11 868.623727935 118.285927007 13.0903450578
12 818.903936134 162.408050463 18.6880134031
13 755.972450945 217.745795195 26.28175386
14 680.198290494 283.489471834 36.3122376719
15 594.226535243 356.628893828 49.1445709295
16 502.967825422 432.053267961 64.9789066166
17 412.611777532 503.603985408 83.7842370604
18 329.003235855 565.708248879 105.288515266
19 256.223541158 614.744589513 129.031869329
20 196.039927568 649.502499966 154.457572466
21 148.235192469 670.762147704 181.002659826
22 111.365309006 680.472855111 208.161835883
23 83.492268819 680.989364892 235.518366289
24 62.678151211 674.572484942 262.749363847
25 47.2334830077 663.150045352 289.61647164
26 35.7948289114 648.254370682 315.950800407
27 27.3119381112 631.05063667 341.637425219
28 20.998419288 612.399714936 366.601865776
29 16.2753014623 592.925463949 390.799234589
30 12.7200270981 573.074034423 414.205938479
31 10.0253835121 553.161077392 436.813539096
32 7.96815906188 533.407568839 458.624272099
33 6.3857940693 513.966406468 479.647799462
34 5.159449535 494.941664502 499.898885963
35 4.20189165718 476.402366357 519.395741986
36 3.44859869999 458.392596372 538.158804928
37 2.85164398646 440.938448906 556.209907108
38 2.37520099147 424.053139945 573.571659064
39 1.99230461208 407.740688772 590.267006616
40 1.68252621615 391.998556085 606.318917699
41 1.430212716 376.819636752 621.750150532
42 1.22340418119 362.193477425 636.583118393
43 1.0528730862 348.107358182 650.839768731
44 0.911426270534 334.547072325 664.541501405
45 0.793429400672 321.497447262 677.709123338
46 0.694454322579 308.942723589 690.362822088
47 0.611004706272 296.866848949 702.522146344
48 0.540313024845 285.253686643 714.206000332
49 0.4800766743 274.087294676 725.43262865
50 0.428541879437 263.351802908 736.219655213
51 0.3842326258 253.031702061 746.584065314
52 0.345990030634 243.111776605 756.542233364
53 0.312832752032 233.577241258 766.10992599
54 0.283976835507 224.41369767 775.302325495
55 0.258759383422 215.607197773 784.134042843
56 0.236641316932 207.144215726 792.619142957
57 0.217179600068 199.011673348 800.771147052
58 0.199989451859 191.196937677 808.603072871
59 0.184766667532 183.687795138 816.127438195
60 0.171240986793 176.472482461 823.356276553
61 0.159170143339 169.539692514 830.301137342
62 0.148359595783 162.878474157 836.973166247
63 0.138655411354 156.478279376 843.383065212
64 0.129937829707 150.329003651 849.541058519
65 0.122084857893 144.420877178 855.457037964
66 0.114981774732 138.74448477 861.140533455
67 0.108551149452 133.290828717 866.600620133
68 0.102717732908 128.05121937 871.846062897
69 0.0974051050941 123.017262268 876.885332627
70 0.0925606703156 118.180954112 881.726485218
71 0.0881371182569 113.534583777 886.377279105
72 0.0840826294915 109.070660787 890.845256583
73 0.0803638244374 104.782082908 895.137553268
74 0.0769495149326 100.662005135 899.26104535
75 0.0738074027799 96.7037951275 903.22239747
76 0.0709111745532 92.9011144559 907.02797437
77 0.0682350687554 89.2478652001 910.683899731
78 0.0657605243159 85.7381994237 914.196040052
79 0.0634716282275 82.366492513 917.570035859
80 0.0613485912309 79.1273099716 920.811341437
81 0.0593705739599 76.0154102332 923.925219193
82 0.0575274233383 73.0258153323 926.916657244
83 0.0558100714751 70.1537408855 929.790449043
84 0.0542104832057 67.3945891862 932.551200331
85 0.0527182676733 64.7439214039 935.203360328
86 0.0513238489374 62.1974709833 937.751205168
87 0.0500182125286 59.7511357855 940.198846002
88 0.0487949409535 57.4009874769 942.550217582
89 0.0476479306651 55.1432483502 944.809103719
90 0.0465714762879 52.9742864522 946.979142071
91 0.0455603099623 50.8906147437 949.063824946
92 0.0446096224707 48.8888816819 951.066508696
93 0.043714997581 46.9658659998 952.990419003
94 0.0428724933779 45.1184752779 954.838652229
95 0.042078442689 43.3437367498 956.614184808
96 0.0413294384973 41.6387930016 958.31987756
97 0.0406224544903 40.00090186 959.958475686
98 0.039954681895 38.4274275808 961.532617737
99 0.0393235042345 36.9158366381 963.044839858
100 0.0387265650071 35.4636979224 964.497575513
