Time S I R
1 997 3 0
2 995.462232006 4.39119370477 0.146574289258
3 993.216522029 6.42244372191 0.361034249584
4 989.943012552 9.38247062752 0.674516820775
5 985.184153464 13.6837510627 1.13209547371
6 978.29301352 19.9083540006 1.79863247936
7 968.370559743 28.8627774253 2.76666283129
8 954.199196497 41.6342484465 4.16655505688
9 934.192922478 59.6284320817 6.17864544028
10 906.406502488 84.5476163185 9.04588119341
11 868.675418991 118.241287198 13.083293811
12 818.977340572 162.345156871 18.6775025571
13 756.071305761 217.662168662 26.2665255763
14 680.323412022 283.38570117 36.2908868075
15 594.374206546 356.510075701 49.1157177533
16 503.129569099 431.929008004 64.9414228975
17 412.776170883 503.486381983 83.7374471339
18 329.159052162 565.608658852 105.232288986
19 256.362503998 614.670918454 128.966577548
20 196.157849313 649.458205772 154.383944915
21 148.331505457 670.746877921 180.921616622
22 111.441819656 680.483832435 208.074347909
23 83.5519055485 681.022729361 235.425365091
24 62.7240787881 674.624224896 262.651696316
25 47.2686131703 663.2165012 289.514885629
26 35.8216210342 648.332431815 315.84594715
27 27.3323676434 631.137762702 341.529869655
28 21.0140244666 612.493876689 366.492098844
29 16.2872582291 593.025056633 390.687685138
30 12.729224704 573.177791725 414.092983571
31 10.0324903482 553.267997229 436.699512422
32 7.97367657274 533.516852551 458.509470877
33 6.39009882907 514.077411273 479.532489898
34 5.16282425997 495.053868294 499.783307446
35 4.20454994641 476.515339378 519.280110676
36 3.45070232404 458.505981221 538.043316455
37 2.85331580591 441.051945405 556.094738789
38 2.37653496027 424.166493213 573.456971827
39 1.99337262201 407.853680876 590.152946502
40 1.68338451745 392.110998137 606.205617346
41 1.4309041246 376.931365825 621.63773005
42 1.22396233633 362.304351109 636.471686554
43 1.05332449365 348.217251673 650.729423834
44 0.911791739443 334.65587622 664.432332041
45 0.793725268987 321.60506566 677.601209071
46 0.694693642363 309.049072208 690.25623415
47 0.611197834901 296.971853965 702.416948201
48 0.540468424848 285.357283304 714.102248271
49 0.480201232579 274.18942651 725.330372258
50 0.428640936788 263.452421277 736.118937786
51 0.384310558942 253.130765082 746.484924359
52 0.34605049742 243.209248497 756.444701005
53 0.3128786113 233.673092068 766.014029321
54 0.284010622132 224.507902395 775.208086983
55 0.258782993056 215.699736416 784.041480591
56 0.236656395556 207.235072501 792.528271104
57 0.217187584233 199.100836527 800.681975889
58 0.199991433235 191.284399216 808.51560935
59 0.184763510649 183.773550503 816.041685986
60 0.171233590563 176.556529919 823.272236491
61 0.159159291648 169.622033073 830.218807635
62 0.148345803604 162.959112126 836.89254207
63 0.138639070017 156.557220917 843.304140013
64 0.129919159472 150.406256906 849.463823934
65 0.122064402284 144.496453071 855.381482527
66 0.114959775417 138.818395455 861.066644769
67 0.10852772368 133.363087691 866.528384585
68 0.102693224558 128.121842614 871.775464161
69 0.0973796716818 123.086266464 876.816353865
70 0.0925343982906 118.248356857 881.659108745
71 0.0881101995894 113.600404702 886.311485099
72 0.084055148119 109.134919837 890.781025015
73 0.080335841792 104.844800776 895.074863382
74 0.0769211171863 100.723203723 899.199875159
75 0.0737786601744 96.7634969324 903.162724407
76 0.0708821498374 92.9593424589 906.969775391
77 0.0682058346681 89.3046429535 910.627151212
78 0.0657310694819 85.7935506869 914.140718244
79 0.0634419983039 82.4204416822 917.516116319
80 0.0613188591764 79.1798819578 920.758799183
81 0.0593407971858 76.0666301172 923.874029086
82 0.0574975870356 73.0757079156 926.866794497
83 0.0557801754009 70.2023312077 929.741888617
84 0.0541805267123 67.4419023708 932.503917102
85 0.052688276133 64.7899827899 935.157328934
86 0.051293842538 62.2423058894 937.706400268
87 0.0499882076148 59.7947694691 940.155242323
88 0.0487649374214 57.443445006 942.507790057
89 0.0476179341715 55.1845547417 944.767827324
90 0.0465414911044 53.014466567 946.938991942
91 0.0455303403286 50.9296932526 949.024776407
92 0.0445796719308 48.9268830806 951.028537247
93 0.0436850687257 47.0028145551 952.953500376
94 0.0428425875555 45.1543949994 954.802762413
95 0.042048561818 43.3786514175 956.579300021
96 0.0412995837361 41.6727261093 958.285974307
97 0.0405926255818 40.0338765791 959.925530795
98 0.0399248792679 38.4594668134 961.500608307
99 0.0392937277398 36.9469629528 963.013743319
100 0.0386968140093 35.4939335457 964.46736964
