Time S I R
1 997 3 0
2 995.466540105 4.38687708042 0.1465828145
3 993.229303664 6.4098514507 0.360844884951
4 989.971285336 9.35498177041 0.673732893988
5 985.239413645 13.6305832761 1.1300030791
6 978.393596355 19.8123997648 1.79400388074
7 968.544876712 28.6976612085 2.75746207952
8 954.489779542 41.3607037403 4.14951671793
9 934.660648061 59.1906414239 6.14871051548
10 907.133244394 83.8712365914 8.99551901466
11 869.761645887 117.23651697 13.0018371425
12 820.529559636 160.919654126 18.550786238
13 758.17505674 215.747641436 26.0773018236
14 683.004231646 280.975245898 36.0205224558
15 597.561790607 353.690880301 48.7473290925
16 506.65012464 428.8861083 64.4637670601
17 416.388212335 500.46371434 83.1480733249
18 332.619214236 562.842326467 104.538459297
19 259.485610676 612.33080345 128.183585874
20 198.844024351 647.624184027 153.531791622
21 150.558827857 669.4196557 180.021516443
22 113.241262021 679.612623246 207.146114733
23 84.9809782837 680.53304826 234.485973456
24 63.8476038865 674.43758664 261.714809474
25 48.1476976113 663.261309677 288.590992712
26 36.5088346523 648.548383426 314.942781922
27 27.870618502 631.47646223 340.652919268
28 21.4372348111 612.917680996 365.645084193
29 16.6217528061 593.505271873 389.872975321
30 12.99522106 573.692847797 413.311931143
31 10.2454289494 553.801857458 435.952713592
32 8.14533847408 534.057693312 457.796968214
33 6.52947812055 514.616598451 478.853923428
34 5.27680756118 495.585163385 499.138029053
35 4.29843619446 477.034292979 518.667270827
36 3.52858588689 459.009486933 537.46192718
37 2.91837264653 441.537906891 555.543720462
38 2.43124656567 424.633563493 572.935189942
39 2.03968300922 408.301080049 589.659236942
40 1.72284478725 392.538346146 605.738809067
41 1.46472915506 377.338616932 621.196653913
42 1.25313147301 362.691678156 636.055190371
43 1.07862567802 348.584995451 650.336378871
44 0.933860972395 335.004500544 664.061638484
45 0.813076928096 321.935124048 677.251799024
46 0.711750462047 309.361174265 689.927075273
47 0.626305314628 297.26665003 702.107044656
48 0.553913721905 285.635444102 713.810642176
49 0.492226949838 274.451628934 725.056144116
50 0.43944202749 263.69935361 735.861204362
51 0.394053295841 253.363106456 746.242840248
52 0.354874689999 243.427667933 756.217457377
53 0.320901448431 233.878245435 765.800853117
54 0.291334003418 224.70042557 775.008240427
55 0.265490836965 215.880250089 783.854259074
56 0.242821515051 207.404174699 792.353003786
57 0.222874433276 199.259104999 800.518020568
58 0.20525335066 191.432389902 808.362356747
59 0.189645681921 183.911800152 815.898554166
60 0.175778668089 176.685547794 823.138673538
61 0.163405117617 169.742304171 830.094290712
62 0.152322363904 163.071114635 836.776563001
63 0.142371924884 156.661400839 843.196227237
64 0.133428368239 150.503035686 849.363535945
65 0.125375594287 144.586249543 855.288374863
66 0.118090753215 138.901596299 860.980312948
67 0.111492502014 133.440055183 866.448452315
68 0.105508992509 128.192940001 871.701551006
69 0.100059561272 123.151828572 876.748111867
70 0.0950887909589 118.308694317 881.596216892
71 0.0905508637284 113.655831641 886.253617495
72 0.0863910123695 109.185721378 890.727887609
73 0.0825747427941 104.891245148 895.02618011
74 0.079070704222 100.765553177 899.155376119
75 0.0758460288232 96.8020011998 903.122152771
76 0.0728736436772 92.9942344785 906.932891878
77 0.0701278432985 89.3361457129 910.593726444
78 0.0675872838452 85.821869235 914.110543481
79 0.065237361915 82.4457774513 917.488985187
80 0.0630587292161 79.202431029 920.734510242
81 0.0610301178382 76.0865779334 923.852391949
82 0.0591386113296 73.0932148009 926.847646588
83 0.0573756450165 70.2175537409 929.725070614
84 0.0557330200518 67.4549892631 932.489277717
85 0.0542009896828 64.8010799913 935.144719019
86 0.0527695349097 62.2515501966 937.695680268
87 0.0514294193052 59.8022900228 940.146280558
88 0.0501735875287 57.4493606878 942.500465725
89 0.0489960022961 55.1889796342 944.762024364
90 0.047890814438 53.0175083522 946.934600833
91 0.0468526415295 50.9314529692 949.021694389
92 0.0458765470478 48.9274565145 951.026666938
93 0.0449580017314 47.0022920198 952.952749978
94 0.0440929397018 45.1528610879 954.803045972
95 0.0432776238275 43.3761864079 956.580535968
96 0.0425085602201 41.6694055837 958.288085856
97 0.0417826135086 40.0297708374 959.928446549
98 0.0410969241665 38.4546427071 961.504260369
99 0.0404488047282 36.9414831878 963.018068007
100 0.0398358260372 35.487856494 964.47230768
