Time S I R
1 997 3 0
2 995.462092548 4.39125057716 0.146656875166
3 993.216150402 6.42260916333 0.361240434787
4 989.942261947 9.38283039627 0.674907657049
5 985.182795238 13.6844432416 1.13276152071
6 978.290698439 19.9095941607 1.79970740052
7 968.366767274 28.864890202 2.76834252432
8 954.193175856 41.6377003831 4.16912376114
9 934.183639725 59.6338505606 6.1825097141
10 906.392627548 84.5557615585 9.05161089373
11 868.655413649 118.252920979 13.0916653725
12 818.949727252 162.360739264 18.6895334842
13 756.035165254 217.681353348 26.2834813974
14 680.279023463 283.406738515 36.3142380215
15 594.323526719 356.529440734 49.1470325474
16 503.076135275 431.941657971 64.9822067538
17 412.72426663 503.486761973 83.7889713971
18 329.112498137 565.592038736 105.295463128
19 256.32373695 614.634363644 129.041899406
20 196.127679042 649.400795186 154.471525772
21 148.309453818 670.669294402 181.02125178
22 111.42667854 680.387721074 208.185600386
23 83.5422273786 680.910131072 235.54764155
24 62.7184859564 674.497206953 262.784307091
25 47.2659429508 663.076968584 289.657088465
26 35.8209613793 648.182060852 315.996977769
27 27.3330372994 630.978000298 341.688962403
28 21.0155323916 612.325967094 366.658500514
29 16.2892600336 592.850075987 390.860663979
30 12.7314846307 572.996680311 414.271835058
31 10.03485094 553.081586245 436.883562815
32 7.97603552086 533.325885269 458.69807921
33 6.3923919983 513.882559086 479.725048916
34 5.16501380534 494.855742358 499.979243837
35 4.20661546041 476.314499816 519.478884724
36 3.45263504506 458.302943568 538.244421387
37 2.85511454611 440.847185574 556.297699879
38 2.37820318718 423.960451509 573.661345304
39 1.99491668401 407.64676493 590.358318386
40 1.68481198073 391.903585865 606.411602154
41 1.4322236022 376.723806783 621.843969615
42 1.22518243786 362.096968889 636.677848673
43 1.0544535455 348.010345456 650.935200999
44 0.912837698795 334.449722107 664.637440194
45 0.79469564118 321.399917967 677.805386392
46 0.695595325971 308.845164834 690.45923984
47 0.612037177071 296.769401479 702.618561344
48 0.54125112448 285.156482173 714.302266702
49 0.480932461374 273.990456033 725.528611505
50 0.429325463569 263.255444463 736.315230073
51 0.38495267033 252.935929734 746.679117596
52 0.346653994029 243.01668816 756.636657846
53 0.313446992031 233.48292672 766.203626288
54 0.284546930382 224.320239478 775.395213591
55 0.25929008864 215.514671335 784.226038577
56 0.237136801434 207.052689594 792.710173604
57 0.217643529421 198.92120966 800.861146811
58 0.200424993982 191.107592457 808.691982549
59 0.185176596709 183.599618668 816.215204735
60 0.171627815584 176.385519455 823.44285273
61 0.159536096592 169.453982552 830.386481352
62 0.148706563084 162.794052279 837.057241158
63 0.138985048927 156.395175788 843.465839163
64 0.130251576951 150.24724428 849.622504143
65 0.122384213971 144.340484407 855.537131379
66 0.115267920748 138.665476823 861.219255257
67 0.108825101004 133.213220211 866.677954688
68 0.102980582635 127.975022377 871.92199704
69 0.0976577199573 122.942485263 876.959857017
70 0.0928038043367 118.107602596 881.7995936
71 0.0883715581328 113.462661446 886.448966996
72 0.0843090042872 109.000168203 890.915522792
73 0.0805827050342 104.713018385 895.20639891
74 0.0771614565891 100.594365365 899.328473178
75 0.0740129043884 96.6375747312 903.288412364
76 0.0711106958883 92.8363062223 907.092583082
77 0.0684290463752 89.1844603725 910.747110581
78 0.0659492822679 85.6761875625 914.257863155
79 0.0636555339295 82.305862154 917.630482312
80 0.0615280155786 79.0680486108 920.870423374
81 0.0595458344164 75.9575040332 923.982950132
82 0.0576987309832 72.9692489136 926.973052355
83 0.0559776517878 70.0984982117 929.845524137
84 0.0543745625808 67.3406535521 932.604971885
85 0.0528790797343 64.6912755275 935.255845393
86 0.0514816019003 62.1460968742 937.802421524
87 0.0501730927481 59.7010148228 940.248812084
88 0.0489471105514 57.3521004677 942.598952422
89 0.0477975477052 55.095575741 944.856626711
90 0.0467186890146 52.9278083241 947.025472987
91 0.0457052566063 50.8453108536 949.10898389
92 0.0447524318412 48.8447315509 951.110516017
93 0.0438557898116 46.9228489447 953.033295266
94 0.0430113803635 45.076570449 954.880418171
95 0.0422155297389 43.3029232025 956.654861268
96 0.0414648241079 41.5990497147 958.359485461
97 0.0407562304375 39.9622077645 959.997036005
98 0.040086934713 38.3897616278 961.570151438
99 0.0394543150336 36.8791778063 963.081367879
100 0.0388560097516 35.4280252418 964.533118748
