Time S I R
1 997 3 0
2 995.457670582 4.3956010677 0.146728350658
3 993.203059069 6.43531222592 0.361628704608
4 989.913345924 9.41058652304 0.6760675531
5 985.126331322 13.7381748532 1.13549382488
6 978.187986514 20.0066442465 1.80536923954
7 968.188828175 29.0320103777 2.77916144715
8 953.896634076 41.9147198455 4.18864607836
9 933.706447925 60.077352452 6.21619962255
10 905.651452725 85.2409777811 9.10756949394
11 867.548288248 119.27037709 13.1813346619
12 817.369194812 163.802726353 18.8280788346
13 753.896213219 219.614431424 26.4893553573
14 677.558996513 285.83360396 36.6073995271
15 591.097998244 359.356331763 49.5456699929
16 499.525118658 434.976192078 65.498689264
17 409.094017284 506.479390763 84.4265919526
18 325.647925665 568.30457751 106.047496825
19 253.208315691 616.898352421 129.893331888
20 193.457737555 651.139823881 155.402438564
21 146.103105705 671.886534175 182.01036012
22 109.649881348 681.137227296 209.212891357
23 82.1354120077 681.268758978 236.595829014
24 61.6156738404 674.545006835 263.839319325
25 46.4055027797 662.886547744 290.707949476
26 35.1501925726 647.814399261 317.035408166
27 26.8091197905 630.481989823 342.708890387
28 20.6047330503 611.739668952 367.655597998
29 15.9654794212 592.202574306 391.831946273
30 12.4747322378 572.309930957 415.215336805
31 9.82989660927 552.372017393 437.798085998
32 7.81128688785 532.605716454 459.582996658
33 6.25901058781 513.160833237 480.580156175
34 5.05625525164 494.139094545 500.804650203
35 4.11729652896 475.607777457 520.274926014
36 3.37875911126 457.609642105 539.011598783
37 2.79358825637 440.169778259 557.036633485
38 2.32661424056 423.300648598 574.372737162
39 1.95138034486 407.005692646 591.042927009
40 1.64782469282 391.281956586 607.070218722
41 1.40060981448 376.121981599 622.477408587
42 1.1980020174 361.515065208 637.286932775
43 1.03094663109 347.44830132 651.520752049
44 0.892392857118 333.907333555 665.200273588
45 0.776819146122 320.876873917 678.346306936
46 0.679884221398 308.341078418 690.97903736
47 0.598161771958 296.283829976 703.118008252
48 0.528935164099 284.688949541 714.782115295
49 0.469948196941 273.540457912 725.989593891
50 0.41948550072 262.822456949 736.75805755
51 0.376101615001 252.519418704 747.104479681
52 0.338657742732 242.616120792 757.045221465
53 0.306196542546 233.097766777 766.596036681
54 0.277945250502 223.949961469 775.77209328
55 0.253258634144 215.158752186 784.58798918
56 0.231606823062 206.710618702 793.057774475
57 0.212555092656 198.592486328 801.194958579
58 0.19572830585 190.791727952 809.012543742
59 0.180829097318 183.296135524 816.523035379
60 0.167589397061 176.09395937 823.738451233
61 0.155771675892 169.173901359 830.670326965
62 0.145188462454 162.525008059 837.329803479
63 0.135690008934 156.136751489 843.727558502
64 0.127160519853 149.999038766 849.873800714
65 0.11947340389 144.10209584 855.778430756
66 0.112521308392 138.43653003 861.450948662
67 0.106229815817 132.993357745 866.900412439
68 0.100520041127 127.76387983 872.135600129
69 0.0953204154448 122.739726609 877.164952976
70 0.0905837422588 117.912934271 881.996481987
71 0.086250649141 113.275705596 886.638043755
72 0.0822827478407 108.820651337 891.097065915
73 0.078644193963 104.540655991 895.380699815
74 0.0753032468907 100.428869415 899.495827338
75 0.0722287464188 96.4786748417 903.449096412
76 0.0693946890131 92.6837430356 907.246862275
77 0.0667756180749 89.0379835669 910.895240815
78 0.0643550080588 85.5355609033 914.400084089
79 0.0621157356902 82.1708512786 917.767032986
80 0.0600375425801 78.9384226766 921.001539781
81 0.0581007944937 75.8330471135 924.108852092
82 0.0562969722466 72.8497627331 927.093940295
83 0.054616794068 69.983789073 929.961594133
84 0.0530520548804 67.2305327323 932.716415213
85 0.0515920875473 64.5855585311 935.362849381
86 0.0502275743581 62.0446067391 937.905165686
87 0.0489498706374 59.6035830352 940.347467094
88 0.0477529251067 57.25856664 942.693680435
89 0.0466306230384 55.0057843814 944.947584996
90 0.045577370219 52.8416103332 947.112812297
91 0.0445880017862 50.7625632599 949.192848738
92 0.0436578069837 48.7652965299 951.191045663
93 0.0427824739234 46.8465943958 953.11062313
94 0.0419581513725 45.0033696557 954.954672193
95 0.0411812290178 43.23265388 956.726164891
96 0.0404483842674 41.5315948197 958.427956796
97 0.0397566684538 39.8974552311 960.0627881
98 0.039103316137 38.3276032032 961.633293481
99 0.0384857752593 36.8195100108 963.142004214
100 0.0379017421591 35.3707488308 964.591349427
