Time S I R
1 997 3 0
2 995.462092548 4.39125057715 0.146656875166
3 993.216150402 6.4226091633 0.361240434786
4 989.942261947 9.38283039621 0.674907657047
5 985.182795238 13.6844432415 1.1327615207
6 978.290698439 19.9095941605 1.79970740051
7 968.366767274 28.8648902016 2.7683425243
8 954.193175856 41.6377003825 4.1691237611
9 934.183639726 59.6338505596 6.18250971403
10 906.392627549 84.555761557 9.05161089361
11 868.655413651 118.252920977 13.0916653723
12 818.949727255 162.360739261 18.6895334839
13 756.035165259 217.681353344 26.2834813969
14 680.279023469 283.40673851 36.3142380209
15 594.323526726 356.529440727 49.1470325465
16 503.076135283 431.941657964 64.9822067527
17 412.724266638 503.486761966 83.7889713957
18 329.112498144 565.59203873 105.295463126
19 256.323736957 614.634363639 129.041899404
20 196.127679047 649.400795182 154.47152577
21 148.309453823 670.669294399 181.021251778
22 111.426678544 680.387721072 208.185600384
23 83.5422273817 680.910131071 235.547641547
24 62.7184859588 674.497206953 262.784307088
25 47.2659429527 663.076968584 289.657088463
26 35.8209613808 648.182060852 315.996977767
27 27.3330373006 630.978000299 341.688962401
28 21.0155323925 612.325967095 366.658500512
29 16.2892600343 592.850075989 390.860663977
30 12.7314846312 572.996680313 414.271835056
31 10.0348509404 553.081586247 436.883562813
32 7.97603552123 533.32588527 458.698079208
33 6.39239199859 513.882559087 479.725048914
34 5.16501380558 494.855742359 499.979243835
35 4.20661546061 476.314499818 519.478884722
36 3.45263504522 458.30294357 538.244421385
37 2.85511454624 440.847185576 556.297699878
38 2.37820318729 423.960451511 573.661345302
39 1.99491668411 407.646764931 590.358318385
40 1.68481198082 391.903585866 606.411602153
41 1.43222360227 376.723806784 621.843969614
42 1.22518243792 362.09696889 636.677848672
43 1.05445354556 348.010345457 650.935200997
44 0.91283769884 334.449722108 664.637440193
45 0.794695641219 321.399917968 677.80538639
46 0.695595326005 308.845164835 690.459239839
47 0.612037177101 296.76940148 702.618561343
48 0.541251124508 285.156482175 714.302266701
49 0.480932461398 273.990456034 725.528611504
50 0.429325463591 263.255444464 736.315230072
51 0.384952670349 252.935929735 746.679117595
52 0.346653994046 243.016688161 756.636657845
53 0.313446992047 233.482926721 766.203626287
54 0.284546930397 224.320239479 775.39521359
55 0.259290088653 215.514671336 784.226038576
56 0.237136801446 207.052689595 792.710173604
57 0.217643529433 198.921209661 800.86114681
58 0.200424993992 191.107592457 808.691982549
59 0.185176596719 183.599618669 816.215204734
60 0.171627815593 176.385519455 823.442852729
61 0.1595360966 169.453982552 830.386481351
62 0.148706563091 162.79405228 837.057241157
63 0.138985048935 156.395175788 843.465839163
64 0.130251576958 150.247244281 849.622504142
65 0.122384213977 144.340484408 855.537131378
66 0.115267920754 138.665476823 861.219255256
67 0.10882510101 133.213220212 866.677954687
68 0.102980582641 127.975022378 871.92199704
69 0.0976577199625 122.942485263 876.959857017
70 0.0928038043417 118.107602596 881.799593599
71 0.0883715581377 113.462661446 886.448966996
72 0.0843090042916 109.000168204 890.915522792
73 0.0805827050388 104.713018386 895.206398909
74 0.0771614565936 100.594365366 899.328473178
75 0.0740129043927 96.6375747316 903.288412364
76 0.0711106958923 92.8363062226 907.092583081
77 0.0684290463792 89.1844603728 910.747110581
78 0.065949282272 85.6761875628 914.257863155
79 0.0636555339335 82.3058621543 917.630482312
80 0.0615280155822 79.0680486111 920.870423373
81 0.0595458344199 75.9575040335 923.982950132
82 0.0576987309867 72.9692489139 926.973052355
83 0.055977651791 70.098498212 929.845524136
84 0.054374562584 67.3406535523 932.604971885
85 0.0528790797375 64.6912755278 935.255845392
86 0.0514816019032 62.1460968745 937.802421524
87 0.0501730927513 59.7010148231 940.248812084
88 0.0489471105543 57.3521004679 942.598952422
89 0.0477975477079 55.0955757412 944.856626711
90 0.0467186890174 52.9278083243 947.025472987
91 0.0457052566093 50.8453108539 949.10898389
92 0.044752431844 48.8447315511 951.110516017
93 0.0438557898142 46.9228489449 953.033295265
94 0.0430113803661 45.0765704492 954.88041817
95 0.0422155297415 43.3029232027 956.654861268
96 0.0414648241106 41.5990497149 958.359485461
97 0.04075623044 39.9622077647 959.997036005
98 0.0400869347155 38.3897616279 961.570151437
99 0.039454315036 36.8791778065 963.081367878
100 0.0388560097541 35.4280252419 964.533118748
