Time S I R
1 997 3 0
2 995.462092548 4.39125057706 0.146656875164
3 993.216150402 6.42260916304 0.361240434777
4 989.942261947 9.38283039564 0.674907657022
5 985.182795239 13.6844432404 1.13276152064
6 978.290698441 19.9095941585 1.79970740039
7 968.366767278 28.8648901982 2.76834252407
8 954.193175862 41.6377003769 4.16912376069
9 934.183639736 59.6338505505 6.18250971333
10 906.392627565 84.555761543 9.05161089245
11 868.655413674 118.252920956 13.0916653705
12 818.949727288 162.360739231 18.689533481
13 756.035165303 217.681353305 26.2834813927
14 680.279023525 283.40673846 36.3142380148
15 594.323526792 356.52944067 49.1470325383
16 503.076135356 431.941657902 64.982206742
17 412.724266713 503.486761905 83.7889713825
18 329.112498215 565.592038674 105.29546311
19 256.323737021 614.634363593 129.041899386
20 196.127679102 649.400795147 154.471525751
21 148.309453868 670.669294374 181.021251758
22 111.42667858 680.387721057 208.185600363
23 83.5422274108 680.910131064 235.547641526
24 62.7184859816 674.497206952 262.784307066
25 47.2659429704 663.076968588 289.657088441
26 35.8209613946 648.18206086 315.996977745
27 27.3330373114 630.978000309 341.688962379
28 21.015532401 612.325967108 366.658500491
29 16.289260041 592.850076002 390.860663957
30 12.7314846365 572.996680328 414.271835036
31 10.0348509446 553.081586262 436.883562794
32 7.97603552463 533.325885286 458.69807919
33 6.39239200135 513.882559103 479.725048896
34 5.16501380782 494.855742375 499.979243818
35 4.20661546245 476.314499833 519.478884705
36 3.45263504675 458.302943584 538.244421369
37 2.85511454751 440.847185591 556.297699862
38 2.37820318835 423.960451525 573.661345287
39 1.994916685 407.646764945 590.35831837
40 1.68481198158 391.90358588 606.411602139
41 1.43222360292 376.723806797 621.8439696
42 1.22518243848 362.096968903 636.677848658
43 1.05445354604 348.010345469 650.935200985
44 0.91283769926 334.44972212 664.637440181
45 0.794695641586 321.39991798 677.805386379
46 0.695595326328 308.845164846 690.459239828
47 0.612037177386 296.769401491 702.618561332
48 0.54125112476 285.156482185 714.302266691
49 0.480932461623 273.990456044 725.528611494
50 0.429325463793 263.255444473 736.315230063
51 0.38495267053 252.935929744 746.679117585
52 0.34665399421 243.01668817 756.636657836
53 0.313446992195 233.482926729 766.203626278
54 0.284546930532 224.320239487 775.395213582
55 0.259290088776 215.514671344 784.226038568
56 0.237136801559 207.052689602 792.710173596
57 0.217643529536 198.921209668 800.861146803
58 0.200424994088 191.107592464 808.691982541
59 0.185176596807 183.599618676 816.215204728
60 0.171627815675 176.385519462 823.442852722
61 0.159536096677 169.453982559 830.386481345
62 0.148706563163 162.794052286 837.057241151
63 0.138985049002 156.395175794 843.465839157
64 0.130251577021 150.247244286 849.622504137
65 0.122384214037 144.340484413 855.537131373
66 0.11526792081 138.665476828 861.219255251
67 0.108825101062 133.213220217 866.677954682
68 0.102980582691 127.975022382 871.921997035
69 0.09765772001 122.942485268 876.959857012
70 0.0928038043868 118.107602601 881.799593595
71 0.0883715581808 113.46266145 886.448966991
72 0.084309004333 109.000168208 890.915522788
73 0.080582705078 104.713018389 895.206398905
74 0.0771614566311 100.594365369 899.328473174
75 0.0740129044287 96.6375747352 903.28841236
76 0.0711106959269 92.8363062261 907.092583078
77 0.0684290464126 89.1844603762 910.747110577
78 0.0659492823038 85.6761875661 914.257863152
79 0.0636555339642 82.3058621574 917.630482309
80 0.0615280156121 79.0680486141 920.87042337
81 0.0595458344492 75.9575040363 923.982950129
82 0.0576987310151 72.9692489167 926.973052352
83 0.0559776518185 70.0984982146 929.845524134
84 0.0543745626105 67.3406535549 932.604971883
85 0.0528790797633 64.6912755302 935.25584539
86 0.0514816019286 62.1460968769 937.802421521
87 0.0501730927756 59.7010148254 940.248812082
88 0.0489471105782 57.3521004701 942.598952419
89 0.0477975477313 55.0955757433 944.856626709
90 0.0467186890403 52.9278083264 947.025472985
91 0.0457052566314 50.8453108558 949.108983888
92 0.044752431866 48.844731553 951.110516015
93 0.0438557898358 46.9228489467 953.033295264
94 0.0430113803872 45.0765704509 954.880418169
95 0.0422155297622 43.3029232044 956.654861266
96 0.0414648241307 41.5990497165 958.359485459
97 0.0407562304599 39.9622077662 959.997036003
98 0.0400869347351 38.3897616294 961.570151436
99 0.0394543150553 36.8791778079 963.081367877
100 0.0388560097731 35.4280252433 964.533118747
